<?xml version='1.0' encoding='UTF-8'?>
<DJ_PLAYLISTS Version="1.0.0">
    <PRODUCT Name="rekordbox" Version="6.8.5" Company="AlphaTheta" />
    <COLLECTION Entries="3419"><TRACK TrackID="104611874" Name="Perpetual Changes (Park &amp; Sons Remix)" Artist="Belocca, S-Man" Composer="" Album="After Ten Years... Album remixes, Vol. 2" Grouping="" Genre="House/Tech/Groove" Kind="AIFF File" Size="60203158" TotalTime="340" DiscNumber="0" TrackNumber="1" Year="2018" AverageBpm="126.00" DateAdded="2020-02-03" BitRate="1411" SampleRate="44100" Comments="6A - 7" PlayCount="3" Rating="0" Location="file://localhost/Users/zachvp/Music/DJ/Belocca,%20S-Man%20-%20Perpetual%20Changes%20(Park%20%26%20.aiff" Remixer="Park &amp; Sons" Tonality="6A" Label="Mainground Music" Mix="">
      <TEMPO Inizio="0.001" Bpm="126.00" Metro="4/4" Battito="1" />
      <TEMPO Inizio="0.954" Bpm="126.00" Metro="4/4" Battito="3" />
    </TRACK>
    <TRACK TrackID="20804519" Name="Let's Go Dancing (Solomun Remix)" Artist="Tiga, Audion" Composer="" Album="" Grouping="" Genre="zzz" Kind="AIFF File" Size="80141904" TotalTime="454" DiscNumber="0" TrackNumber="0" Year="0" AverageBpm="125.00" DateAdded="2020-02-03" BitRate="1411" SampleRate="44100" Comments="6A - 6" PlayCount="0" Rating="0" Location="file://localhost/Users/zachvp/Music/DJ/Audion,%20Tiga%20-%20Let%27s%20Go%20Dancing%20(Solomun%20Re.aiff" Remixer="" Tonality="6A" Label="Win Records" Mix="">
      <TEMPO Inizio="0.189" Bpm="125.00" Metro="4/4" Battito="1" />
      <TEMPO Inizio="75.548" Bpm="125.00" Metro="4/4" Battito="2" />
      <TEMPO Inizio="281.467" Bpm="125.00" Metro="4/4" Battito="3" />
    </TRACK>
    <TRACK TrackID="233284448" Name="Another Club (Original Mix)" Artist="Radio Slave" Composer="" Album="Another Club / Feel The Same" Grouping="" Genre="House/Tech/Hard" Kind="AIFF File" Size="93547678" TotalTime="529" DiscNumber="0" TrackNumber="1" Year="2017" AverageBpm="127.00" DateAdded="2020-02-03" BitRate="1411" SampleRate="44100" Comments="8A - 5" PlayCount="1" Rating="0" Location="file://localhost/Users/zachvp/Music/DJ/Radio%20Slave%20-%20Another%20Club%20(Original%20Mix).aiff" Remixer="" Tonality="8A" Label="Rekids" Mix="">
      <TEMPO Inizio="0.019" Bpm="127.00" Metro="4/4" Battito="1" />
      <TEMPO Inizio="504.114" Bpm="127.00" Metro="4/4" Battito="4" />
    </TRACK>
    <TRACK TrackID="262199216" Name="Stay With Me (Original Mix)" Artist="Pryda" Composer="" Album="Stay With Me" Grouping="" Genre="House/Techno/" Kind="AIFF File" Size="78012642" TotalTime="441" DiscNumber="0" TrackNumber="1" Year="2017" AverageBpm="126.00" DateAdded="2020-02-03" BitRate="1411" SampleRate="44100" Comments="5A - 6" PlayCount="0" Rating="0" Location="file://localhost/Users/zachvp/Music/DJ/Pryda%20-%20Stay%20With%20Me%20(Original%20Mix).aiff" Remixer="" Tonality="5A" Label="Pryda Recordings" Mix="">
      <TEMPO Inizio="0.161" Bpm="126.00" Metro="4/4" Battito="1" />
    </TRACK>
    <TRACK TrackID="33279251" Name="RYMD 2010 (Original Mix)" Artist="Pryda" Composer="" Album="Inspiration" Grouping="" Genre="House/Deep/Tech/Spacey" Kind="AIFF File" Size="115285796" TotalTime="652" DiscNumber="0" TrackNumber="2" Year="2010" AverageBpm="125.00" DateAdded="2020-02-03" BitRate="1411" SampleRate="44100" Comments="12A - 6" PlayCount="1" Rating="0" Location="file://localhost/Users/zachvp/Music/DJ/Pryda%20-%20RYMD%202010%20(Original%20Mix).aiff" Remixer="" Tonality="12A" Label="Pryda Recordings" Mix="">
      <TEMPO Inizio="0.035" Bpm="125.00" Metro="4/4" Battito="1" />
      <TEMPO Inizio="38.914" Bpm="125.00" Metro="4/4" Battito="2" />
    </TRACK>
    <TRACK TrackID="188870613" Name="Choo (Original Mix)" Artist="Pryda" Composer="" Album="Choo / The Future / The End Is Just The Beginning" Grouping="" Genre="House/Deep/Tech/Spacey" Kind="AIFF File" Size="94902334" TotalTime="537" DiscNumber="0" TrackNumber="1" Year="2016" AverageBpm="126.00" DateAdded="2020-02-03" BitRate="1411" SampleRate="44100" Comments="5A - 6" PlayCount="0" Rating="0" Location="file://localhost/Users/zachvp/Music/DJ/Pryda%20-%20Choo%20(Original%20Mix).aiff" Remixer="" Tonality="5A" Label="Pryda Recordings" Mix="">
      <TEMPO Inizio="0.029" Bpm="126.00" Metro="4/4" Battito="4" />
      <TEMPO Inizio="0.506" Bpm="126.00" Metro="4/4" Battito="1" />
    </TRACK>
    <TRACK TrackID="14107957" Name="Sixtynine (Original Mix)" Artist="Pele &amp; Shawnecy" Composer="" Album="Rhythmicity Issue 4" Grouping="" Genre="House/Tech/Groove" Kind="AIFF File" Size="79580178" TotalTime="450" DiscNumber="0" TrackNumber="4" Year="2017" AverageBpm="124.00" DateAdded="2020-02-03" BitRate="1411" SampleRate="44100" Comments="8A - 6" PlayCount="1" Rating="0" Location="file://localhost/Users/zachvp/Music/DJ/Pele%20%26%20Shawnecy%20-%20Sixtynine%20(Original%20Mix).aiff" Remixer="" Tonality="8A" Label="Variety Music" Mix="">
      <TEMPO Inizio="0.074" Bpm="124.00" Metro="4/4" Battito="1" />
    </TRACK>
    <TRACK TrackID="221668292" Name="In Your Body (Original Mix)" Artist="Cosmin TRG" Composer="" Album="Sportiv 001" Grouping="" Genre="House/Techno/Acid" Kind="AIFF File" Size="79868586" TotalTime="452" DiscNumber="0" TrackNumber="1" Year="2016" AverageBpm="127.98" DateAdded="2020-02-03" BitRate="1411" SampleRate="44100" Comments="1A - 5" PlayCount="3" Rating="0" Location="file://localhost/Users/zachvp/Music/DJ/Cosmin%20TRG%20-%20In%20Your%20Body%20(Original%20Mix).aiff" Remixer="" Tonality="1A" Label="SPORTIV" Mix="">
      <TEMPO Inizio="0.278" Bpm="127.98" Metro="4/4" Battito="1" />
    </TRACK>
    <TRACK TrackID="51330516" Name="Pangea (Original Mix)" Artist="Park &amp; Sons" Composer="" Album="Pangea EP" Grouping="" Genre="House/Techno/Downtempo" Kind="AIFF File" Size="65627378" TotalTime="371" DiscNumber="0" TrackNumber="1" Year="2016" AverageBpm="128.00" DateAdded="2020-02-03" BitRate="1411" SampleRate="44100" Comments="12A - 6" PlayCount="1" Rating="0" Location="file://localhost/Users/zachvp/Music/DJ/Park%20%26%20Sons%20-%20Pangea%20(Original%20Mix).aiff" Remixer="" Tonality="12A" Label="Park &amp; Sons Music" Mix="">
      <TEMPO Inizio="0.031" Bpm="128.00" Metro="4/4" Battito="1" />
    </TRACK>
    <TRACK TrackID="151724393" Name="Ninex 7-c (Original Mix)" Artist="Maetrik" Composer="" Album="Return EP" Grouping="" Genre="House/Techno/" Kind="AIFF File" Size="69288838" TotalTime="392" DiscNumber="0" TrackNumber="1" Year="2017" AverageBpm="125.00" DateAdded="2020-02-03" BitRate="1411" SampleRate="44100" Comments="9A - 5" PlayCount="0" Rating="0" Location="file://localhost/Users/zachvp/Music/DJ/Maetrik%20-%20Ninex%207-c%20(Original%20Mix).aiff" Remixer="" Tonality="9A" Label="Clash Lion" Mix="">
      <TEMPO Inizio="0.201" Bpm="125.00" Metro="4/4" Battito="1" />
      <TEMPO Inizio="188.842" Bpm="125.00" Metro="4/4" Battito="2" />
    </TRACK>
    <TRACK TrackID="223954233" Name="Futura (Original Mix)" Artist="Maarten Mittendorff" Composer="" Album="The Spirit" Grouping="" Genre="House/Techno/Downtempo" Kind="AIFF File" Size="69760628" TotalTime="394" DiscNumber="0" TrackNumber="3" Year="2016" AverageBpm="126.00" DateAdded="2020-02-03" BitRate="1411" SampleRate="44100" Comments="9A - 5" PlayCount="1" Rating="0" Location="file://localhost/Users/zachvp/Music/DJ/Maarten%20Mittendorff%20-%20Futura%20(Original%20Mix).aiff" Remixer="" Tonality="9A" Label="Indigo Aera" Mix="">
      <TEMPO Inizio="0.011" Bpm="126.00" Metro="4/4" Battito="1" />
      <TEMPO Inizio="156.202" Bpm="126.00" Metro="4/4" Battito="1" />
    </TRACK>
    <TRACK TrackID="1188681" Name="Let A B!tch Know (Gene Farris Re Rub Dub)" Artist="Kiddy Smile" Composer="" Album="Let A B!tch Know" Grouping="" Genre="House/Tech/Hard" Kind="AIFF File" Size="64155704" TotalTime="363" DiscNumber="0" TrackNumber="2" Year="2016" AverageBpm="124.00" DateAdded="2020-02-03" BitRate="1411" SampleRate="44100" Comments="1A - 6" PlayCount="0" Rating="0" Location="file://localhost/Users/zachvp/Music/DJ/Kiddy%20Smile%20-%20Let%20A%20B!tch%20Know%20(Gene%20Farris.aiff" Remixer="Gene Farris" Tonality="1A" Label="Defected" Mix="">
      <TEMPO Inizio="0.025" Bpm="124.00" Metro="4/4" Battito="1" />
    </TRACK>
    <TRACK TrackID="45000821" Name="This Sound (Original Mix)" Artist="DJ Spektur" Composer="" Album="The Room Part 2" Grouping="" Genre="zzz" Kind="AIFF File" Size="70014808" TotalTime="396" DiscNumber="0" TrackNumber="5" Year="2011" AverageBpm="126.00" DateAdded="2020-02-03" BitRate="1411" SampleRate="44100" Comments="11A - 6" PlayCount="0" Rating="0" Location="file://localhost/Users/zachvp/Music/DJ/DJ%20Spektur%20-%20This%20Sound%20(Original%20Mix).aiff" Remixer="" Tonality="11A" Label="AMAdea Records" Mix="">
      <TEMPO Inizio="0.024" Bpm="126.00" Metro="4/4" Battito="1" />
      <TEMPO Inizio="0.501" Bpm="126.00" Metro="4/4" Battito="2" />
      <TEMPO Inizio="136.692" Bpm="126.00" Metro="4/4" Battito="4" />
      <TEMPO Inizio="315.264" Bpm="126.00" Metro="4/4" Battito="3" />
    </TRACK>
    <TRACK TrackID="183250177" Name="Black Is My Beat (Original Mix)" Artist="Electric Tango" Composer="" Album="Black Is My Beat" Grouping="" Genre="House/Tech/Groove" Kind="AIFF File" Size="74181826" TotalTime="419" DiscNumber="0" TrackNumber="1" Year="2018" AverageBpm="123.00" DateAdded="2020-02-03" BitRate="1411" SampleRate="44100" Comments="3A - 6" PlayCount="2" Rating="0" Location="file://localhost/Users/zachvp/Music/DJ/Electric%20Tango%20-%20Black%20Is%20My%20Beat%20(Original.aiff" Remixer="" Tonality="3A" Label="Little Festival Records" Mix="">
      <TEMPO Inizio="0.285" Bpm="123.00" Metro="4/4" Battito="1" />
    </TRACK>
    <TRACK TrackID="102395926" Name="Not Going Home (Eric Prydz Remix)" Artist="Faithless" Composer="" Album="Not Going Home" Grouping="" Genre="House/Techno/" Kind="AIFF File" Size="95792812" TotalTime="540" DiscNumber="0" TrackNumber="3" Year="2010" AverageBpm="128.00" DateAdded="2020-02-03" BitRate="1411" SampleRate="44100" Comments="10A - 6" PlayCount="0" Rating="0" Location="file://localhost/Users/zachvp/Music/DJ/Faithless%20-%20Not%20Going%20Home%20(Eric%20Prydz%20Remi.aiff" Remixer="Eric Prydz" Tonality="10A" Label="Ultra" Mix="">
      <TEMPO Inizio="0.280" Bpm="128.00" Metro="4/4" Battito="1" />
    </TRACK>
    <TRACK TrackID="63210008" Name="Trivial (Original Mix)" Artist="Ki Creighton, Makanan" Composer="" Album="Trivial - EP" Grouping="" Genre="House/Tech/Groove" Kind="AIFF File" Size="72490430" TotalTime="410" DiscNumber="0" TrackNumber="1" Year="2017" AverageBpm="124.00" DateAdded="2020-02-03" BitRate="1411" SampleRate="44100" Comments="6A - 6" PlayCount="2" Rating="0" Location="file://localhost/Users/zachvp/Music/DJ/Ki%20Creighton,%20Makanan%20-%20Trivial%20(Original%20M.aiff" Remixer="" Tonality="6A" Label="elrow Music" Mix="">
      <TEMPO Inizio="0.058" Bpm="124.00" Metro="4/4" Battito="1" />
    </TRACK>
    <TRACK TrackID="133701508" Name="Hate Me (feat. Patrick Cash) (Maya Jane Coles Remix)" Artist="KDA, Patrick Cash" Composer="" Album="Hate Me (feat. Patrick Cash)" Grouping="" Genre="House/Deep/Tech/Spacey" Kind="AIFF File" Size="63264350" TotalTime="358" DiscNumber="0" TrackNumber="1" Year="2018" AverageBpm="124.00" DateAdded="2020-02-03" BitRate="1411" SampleRate="44100" Comments="6A - 5" PlayCount="1" Rating="0" Location="file://localhost/Users/zachvp/Music/DJ/KDA,%20Patrick%20Cash%20-%20Hate%20Me%20(feat.%20Patrick%20.aiff" Remixer="Maya Jane Coles" Tonality="6A" Label="BMG Rights Management (UK) Limited" Mix="">
      <TEMPO Inizio="0.039" Bpm="124.00" Metro="4/4" Battito="1" />
    </TRACK>
    <TRACK TrackID="233349527" Name="Parental Advisory (DJ T. Remix)" Artist="Hector Couto" Composer="" Album="Parental Advisory (The Remixes)" Grouping="" Genre="House/Tech/Groove" Kind="AIFF File" Size="71722490" TotalTime="406" DiscNumber="0" TrackNumber="1" Year="2016" AverageBpm="123.00" DateAdded="2020-02-03" BitRate="1411" SampleRate="44100" Comments="7A - 6" PlayCount="3" Rating="0" Location="file://localhost/Users/zachvp/Music/DJ/Hector%20Couto%20-%20Parental%20Advisory%20(DJ%20T.%20Rem.aiff" Remixer="DJ T." Tonality="7A" Label="Roush Label" Mix="">
      <TEMPO Inizio="0.202" Bpm="123.00" Metro="4/4" Battito="1" />
    </TRACK>
    <TRACK TrackID="198183853" Name="It's Only (DJ Koze Remix)" Artist="Herbert" Composer="" Album="Pampa Records #BeatportDecade Deep House" Grouping="" Genre="House/Deep/Tech/" Kind="AIFF File" Size="80766744" TotalTime="457" DiscNumber="0" TrackNumber="4" Year="2014" AverageBpm="118.00" DateAdded="2020-02-03" BitRate="1411" SampleRate="44100" Comments="11A - 5" PlayCount="1" Rating="0" Location="file://localhost/Users/zachvp/Music/DJ/Herbert%20-%20It%27s%20Only%20(DJ%20Koze%20Remix).aiff" Remixer="DJ Koze" Tonality="11A" Label="Pampa Records" Mix="">
      <TEMPO Inizio="0.069" Bpm="118.00" Metro="4/4" Battito="1" />
      <TEMPO Inizio="0.578" Bpm="118.00" Metro="4/4" Battito="2" />
      <TEMPO Inizio="340.748" Bpm="118.00" Metro="4/4" Battito="3" />
    </TRACK>
    <TRACK TrackID="119695509" Name="Infinite Libido (Original Mix)" Artist="Dusky" Composer="" Album="Lydia EP" Grouping="" Genre="House/Tech/Groove" Kind="AIFF File" Size="62946144" TotalTime="356" DiscNumber="0" TrackNumber="3" Year="2015" AverageBpm="125.00" DateAdded="2020-02-03" BitRate="1411" SampleRate="44100" Comments="5A - 6" PlayCount="2" Rating="0" Location="file://localhost/Users/zachvp/Music/DJ/7323676_Infinite_Libido_(Original_Mix).aiff" Remixer="" Tonality="5A" Label="17 Steps" Mix="">
      <TEMPO Inizio="0.034" Bpm="125.00" Metro="4/4" Battito="1" />
    </TRACK>
    <TRACK TrackID="26919846" Name="Evangelion (Original Mix)" Artist="Tucci" Composer="" Album="Safe Miami 2017 (Mixed By The Deepshakerz)" Grouping="" Genre="House/Tech/Groove" Kind="AIFF File" Size="62162890" TotalTime="351" DiscNumber="0" TrackNumber="15" Year="2017" AverageBpm="123.00" DateAdded="2020-02-03" BitRate="1411" SampleRate="44100" Comments="4A - 6" PlayCount="6" Rating="0" Location="file://localhost/Users/zachvp/Music/DJ/Tucci%20-%20Evangelion%20(Original%20Mix).aiff" Remixer="" Tonality="4A" Label="Safe Music" Mix="">
      <TEMPO Inizio="0.254" Bpm="123.00" Metro="4/4" Battito="1" />
    </TRACK>
    <TRACK TrackID="86960093" Name="Hear You Now (Grand Chillas Mix)" Artist="Hooligan" Composer="" Album="Hear You Now" Grouping="" Genre="House/Tech/Indie/Progressive" Kind="AIFF File" Size="69970338" TotalTime="396" DiscNumber="0" TrackNumber="2" Year="2019" AverageBpm="133.00" DateAdded="2020-02-05" BitRate="1411" SampleRate="44100" Comments="2A - 4" PlayCount="2" Rating="0" Location="file://localhost/Users/zachvp/Music/DJ/Hooligan%20-%20Hear%20You%20Now%20(Grand%20Chillas%20Mix).aiff" Remixer="" Tonality="2A" Label="Serendipity Muzik" Mix="">
      <TEMPO Inizio="0.200" Bpm="133.00" Metro="4/4" Battito="3" />
      <TEMPO Inizio="8.772" Bpm="133.00" Metro="4/4" Battito="2" />
      <TEMPO Inizio="38.547" Bpm="133.00" Metro="4/4" Battito="4" />
      <TEMPO Inizio="57.946" Bpm="133.00" Metro="4/4" Battito="3" />
      <TEMPO Inizio="84.112" Bpm="133.00" Metro="4/4" Battito="1" />
      <TEMPO Inizio="110.278" Bpm="133.00" Metro="4/4" Battito="3" />
      <TEMPO Inizio="136.444" Bpm="133.00" Metro="4/4" Battito="1" />
      <TEMPO Inizio="162.610" Bpm="133.00" Metro="4/4" Battito="3" />
      <TEMPO Inizio="191.934" Bpm="133.00" Metro="4/4" Battito="4" />
      <TEMPO Inizio="221.709" Bpm="133.00" Metro="4/4" Battito="2" />
      <TEMPO Inizio="247.875" Bpm="133.00" Metro="4/4" Battito="4" />
      <TEMPO Inizio="267.274" Bpm="133.00" Metro="4/4" Battito="3" />
      <TEMPO Inizio="293.440" Bpm="133.00" Metro="4/4" Battito="1" />
      <TEMPO Inizio="319.606" Bpm="133.00" Metro="4/4" Battito="3" />
      <TEMPO Inizio="345.772" Bpm="133.00" Metro="4/4" Battito="1" />
      <TEMPO Inizio="375.547" Bpm="133.00" Metro="4/4" Battito="3" />
      <TEMPO Inizio="394.946" Bpm="133.00" Metro="4/4" Battito="2" />
      <POSITION_MARK Name="" Type="0" Start="0.207" Num="-1" />
    </TRACK>
    <TRACK TrackID="248372963" Name="Aragatz (Original Mix)" Artist="Viken Arman" Composer="" Album="Aragatz" Grouping="" Genre="House/Deep/Melodic" Kind="AIFF File" Size="75555530" TotalTime="427" DiscNumber="0" TrackNumber="3" Year="2017" AverageBpm="120.02" DateAdded="2020-02-05" BitRate="1411" SampleRate="44100" Comments="8A - 7" PlayCount="0" Rating="0" Location="file://localhost/Users/zachvp/Music/DJ/Viken%20Arman%20-%20Aragatz%20(Original%20Mix).aiff" Remixer="" Tonality="8A" Label="Denature Records" Mix="">
      <TEMPO Inizio="0.280" Bpm="120.02" Metro="4/4" Battito="1" />
    </TRACK>
    <TRACK TrackID="261302107" Name="Unworthy (Fur Coat Remix)" Artist="GoldFFinch" Composer="" Album="Twin Turbo 033 - Unworthy" Grouping="" Genre="House/Techno/Downtempo" Kind="AIFF File" Size="75053022" TotalTime="424" DiscNumber="0" TrackNumber="5" Year="2015" AverageBpm="123.00" DateAdded="2020-02-05" BitRate="1411" SampleRate="44100" Comments="9A - 6" PlayCount="1" Rating="0" Location="file://localhost/Users/zachvp/Music/DJ/GoldFFinch%20-%20Unworthy%20(Fur%20Coat%20Remix).aiff" Remixer="Fur Coat" Tonality="9A" Label="Turbo Recordings" Mix="">
      <TEMPO Inizio="0.007" Bpm="123.00" Metro="4/4" Battito="1" />
    </TRACK>
    <TRACK TrackID="150684918" Name="Lost (Original Mix)" Artist="Alex Mine" Composer="" Album="Strukturgeber #4" Grouping="" Genre="House/Techno/Hype" Kind="AIFF File" Size="68249976" TotalTime="384" DiscNumber="0" TrackNumber="4" Year="2018" AverageBpm="125.00" DateAdded="2020-02-05" BitRate="1411" SampleRate="44100" Comments="2A - 6" PlayCount="0" Rating="0" Location="file://localhost/Users/zachvp/Music/DJ/10045750_Lost_(Original_Mix).aiff" Remixer="" Tonality="2A" Label="Wasabi Recordings" Mix="">
      <TEMPO Inizio="0.406" Bpm="125.00" Metro="4/4" Battito="1" />
    </TRACK>
    <TRACK TrackID="109098046" Name="Satellite (Original Mix)" Artist="Thomas Schumacher, Victor Ruiz" Composer="" Album="Trent Cantrelle Presents Selezione Naturale Volume 28" Grouping="" Genre="House/Techno/Downtempo" Kind="AIFF File" Size="77548738" TotalTime="438" DiscNumber="0" TrackNumber="9" Year="2017" AverageBpm="124.00" DateAdded="2020-02-05" BitRate="1411" SampleRate="44100" Comments="7A - 6" PlayCount="0" Rating="0" Location="file://localhost/Users/zachvp/Music/DJ/Thomas%20Schumacher,%20Victor%20Ruiz%20-%20Satellite%20.aiff" Remixer="" Tonality="7A" Label="Natura Viva" Mix="">
      <TEMPO Inizio="0.020" Bpm="124.00" Metro="4/4" Battito="1" />
    </TRACK>
    <TRACK TrackID="171957555" Name="Noise feat. Lelah (Original Mix)" Artist="Denis Horvat, Lelah" Composer="" Album="Miracle Of The Rose EP" Grouping="" Genre="House/Deep/Melodic" Kind="AIFF File" Size="78066714" TotalTime="441" DiscNumber="0" TrackNumber="1" Year="2019" AverageBpm="123.00" DateAdded="2020-02-05" BitRate="1411" SampleRate="44100" Comments="5A - 5" PlayCount="1" Rating="0" Location="file://localhost/Users/zachvp/Music/DJ/Denis%20Horvat,%20Lelah%20-%20Noise%20feat.%20Lelah%20(Or.aiff" Remixer="" Tonality="5A" Label="Afterlife Records" Mix="">
      <TEMPO Inizio="0.199" Bpm="123.00" Metro="4/4" Battito="1" />
    </TRACK>
    <TRACK TrackID="34862646" Name="If Only Jack Was Here (Original Mix)" Artist="Lee Van Dowski" Composer="" Album="Quasar 27.3 EP" Grouping="" Genre="House/Tech/Progressive" Kind="AIFF File" Size="112933244" TotalTime="639" DiscNumber="0" TrackNumber="1" Year="2015" AverageBpm="122.00" DateAdded="2020-02-05" BitRate="1411" SampleRate="44100" Comments="5A - 6" PlayCount="0" Rating="0" Location="file://localhost/Users/zachvp/Music/DJ/Lee%20Van%20Dowski%20-%20If%20Only%20Jack%20Was%20Here%20(Ori.aiff" Remixer="" Tonality="5A" Label="Rebellion" Mix="">
      <TEMPO Inizio="0.001" Bpm="122.00" Metro="4/4" Battito="1" />
    </TRACK>
    <TRACK TrackID="111914095" Name="Tremors :Nemesis feat. Robot Koch (Adriatique Remix)" Artist="Delhia De France" Composer="" Album="Tremors :Nemesis (feat. Robot Koch)" Grouping="" Genre="House/Deep/Melodic" Kind="AIFF File" Size="81449424" TotalTime="460" DiscNumber="0" TrackNumber="3" Year="2019" AverageBpm="126.00" DateAdded="2020-02-05" BitRate="1411" SampleRate="44100" Comments="5A - 6" PlayCount="0" Rating="0" Location="file://localhost/Users/zachvp/Music/DJ/Delhia%20De%20France%20-%20Tremors%20Nemesis%20feat.%20Ro.aiff" Remixer="Adriatique" Tonality="5A" Label="Eat the Fruit" Mix="">
      <TEMPO Inizio="0.088" Bpm="126.00" Metro="4/4" Battito="1" />
      <TEMPO Inizio="0.565" Bpm="126.00" Metro="4/4" Battito="2" />
    </TRACK>
    <TRACK TrackID="83721492" Name="Space Out (Original Mix)" Artist="Frank Storm, Davide Zeta" Composer="" Album="BEST OF 2017" Grouping="" Genre="House/Deep/Tech/Spacey" Kind="AIFF File" Size="77662516" TotalTime="439" DiscNumber="0" TrackNumber="10" Year="2018" AverageBpm="127.00" DateAdded="2020-02-05" BitRate="1411" SampleRate="44100" Comments="6A - 4" PlayCount="2" Rating="0" Location="file://localhost/Users/zachvp/Music/DJ/Davide%20Zeta,%20Frank%20Storm%20-%20Space%20Out%20(Origi.aiff" Remixer="" Tonality="6A" Label="Decay Records" Mix="">
      <TEMPO Inizio="0.023" Bpm="127.00" Metro="4/4" Battito="1" />
      <TEMPO Inizio="0.496" Bpm="127.00" Metro="4/4" Battito="2" />
      <TEMPO Inizio="236.243" Bpm="127.00" Metro="4/4" Battito="1" />
    </TRACK>
    <TRACK TrackID="146592420" Name="Broad Horizons (Original Mix)" Artist="Marcus Worgull" Composer="" Album="Broad Horizons EP" Grouping="" Genre="House/Deep/Melodic" Kind="AIFF File" Size="71827106" TotalTime="406" DiscNumber="0" TrackNumber="3" Year="2018" AverageBpm="121.00" DateAdded="2020-02-05" BitRate="1411" SampleRate="44100" Comments="7A - 5" PlayCount="10" Rating="0" Location="file://localhost/Users/zachvp/Music/DJ/Marcus%20Worgull%20-%20Broad%20Horizons%20(Original%20M.aiff" Remixer="" Tonality="7A" Label="Innervisions" Mix="">
      <TEMPO Inizio="0.098" Bpm="121.00" Metro="4/4" Battito="1" />
    </TRACK>
    <TRACK TrackID="195719743" Name="Echo Rooms (Original Mix)" Artist="Micha Klang" Composer="" Album="Dawn Walk" Grouping="" Genre="House/Deep/Tech/Dubby" Kind="AIFF File" Size="72769464" TotalTime="411" DiscNumber="0" TrackNumber="4" Year="2015" AverageBpm="122.00" DateAdded="2020-02-05" BitRate="1411" SampleRate="44100" Comments="5A - 5" PlayCount="0" Rating="0" Location="file://localhost/Users/zachvp/Music/DJ/Micha%20Klang%20-%20Echo%20Rooms%20(Original%20Mix).aiff" Remixer="" Tonality="5A" Label="Cyclic Records" Mix="">
      <TEMPO Inizio="0.297" Bpm="122.00" Metro="4/4" Battito="1" />
    </TRACK>
    <TRACK TrackID="113884603" Name="Lumière Brillante (Original Mix)" Artist="Noir" Composer="" Album="Lumières" Grouping="" Genre="zzz" Kind="AIFF File" Size="75843838" TotalTime="429" DiscNumber="0" TrackNumber="2" Year="2015" AverageBpm="121.00" DateAdded="2020-02-05" BitRate="1411" SampleRate="44100" Comments="5A - 6" PlayCount="0" Rating="0" Location="file://localhost/Users/zachvp/Music/DJ/Noir%20-%20Lumi%c3%a8re%20Brillante%20(Original%20Mix).aiff" Remixer="" Tonality="5A" Label="NM2" Mix="">
      <TEMPO Inizio="0.025" Bpm="121.00" Metro="4/4" Battito="1" />
    </TRACK>
    <TRACK TrackID="163185257" Name="Marimbo (Original Mix)" Artist="Daniel Rateuke" Composer="" Album="Marimbo" Grouping="" Genre="House/Tech/Organic" Kind="AIFF File" Size="68095502" TotalTime="384" DiscNumber="0" TrackNumber="1" Year="2018" AverageBpm="122.00" DateAdded="2020-02-05" BitRate="1411" SampleRate="44100" Comments="5A - 6" PlayCount="0" Rating="0" Location="file://localhost/Users/zachvp/Music/DJ/Daniel%20Rateuke%20-%20Marimbo%20(Original%20Mix).aiff" Remixer="" Tonality="5A" Label="MoBlack Records" Mix="">
      <TEMPO Inizio="0.028" Bpm="122.00" Metro="4/4" Battito="1" />
      <POSITION_MARK Name="" Type="0" Start="62.972" Num="-1" />
      <POSITION_MARK Name="" Type="0" Start="212.504" Num="-1" />
      <POSITION_MARK Name="" Type="0" Start="243.940" Num="-1" />
      <POSITION_MARK Name="" Type="0" Start="306.893" Num="-1" />
      <POSITION_MARK Name="" Type="0" Start="31.505" Num="-1" />
    </TRACK>
    <TRACK TrackID="100606440" Name="GJ 1214B (Original Mix)" Artist="Plant43" Composer="" Album="World Electronix Volume 4" Grouping="" Genre="House/Deep/Tech/Spacey" Kind="AIFF File" Size="74614564" TotalTime="422" DiscNumber="0" TrackNumber="3" Year="2014" AverageBpm="131.99" DateAdded="2020-02-05" BitRate="1411" SampleRate="44100" Comments="7A - 6" PlayCount="0" Rating="0" Location="file://localhost/Users/zachvp/Music/DJ/Plant43%20-%20GJ%201214B%20(Original%20Mix).aiff" Remixer="" Tonality="7A" Label="Cultivated Electronics" Mix="">
      <TEMPO Inizio="0.144" Bpm="131.99" Metro="4/4" Battito="1" />
    </TRACK>
    <TRACK TrackID="161743608" Name="You're Not Alone (Solomun Remix)" Artist="Agoria, Solomun, Blase" Composer="" Album="You're Not Alone" Grouping="" Genre="House/Tech/Indie/" Kind="AIFF File" Size="88763692" TotalTime="503" DiscNumber="0" TrackNumber="1" Year="2019" AverageBpm="120.00" DateAdded="2020-02-05" BitRate="1411" SampleRate="44100" Comments="1A - 6" PlayCount="0" Rating="0" Location="file://localhost/Users/zachvp/Music/DJ/Agoria,%20Blase,%20Solomun%20-%20You%27re%20Not%20Alone%20(.aiff" Remixer="" Tonality="1A" Label="Virgin/Mercury" Mix="">
      <TEMPO Inizio="0.109" Bpm="120.00" Metro="4/4" Battito="1" />
      <TEMPO Inizio="221.608" Bpm="120.00" Metro="4/4" Battito="4" />
    </TRACK>
    <TRACK TrackID="232306073" Name="Remedy (Manoo Remix)" Artist="Agoria, Manoo, Noemie" Composer="" Album="Remedy" Grouping="" Genre="House/Tech/Organic" Kind="AIFF File" Size="98982370" TotalTime="560" DiscNumber="0" TrackNumber="2" Year="2019" AverageBpm="121.00" DateAdded="2020-02-05" BitRate="1411" SampleRate="44100" Comments="10A - 6" PlayCount="3" Rating="0" Location="file://localhost/Users/zachvp/Music/DJ/Agoria,%20Manoo,%20Noemie%20-%20Remedy%20(Manoo%20Remix.aiff" Remixer="" Tonality="10A" Label="Virgin/Mercury" Mix="">
      <TEMPO Inizio="0.151" Bpm="121.00" Metro="4/4" Battito="1" />
    </TRACK>
    <TRACK TrackID="94618988" Name="Cyganka (Original Mix)" Artist="Anii" Composer="" Album="Korzenie EP" Grouping="" Genre="House/Deep/Melodic" Kind="AIFF File" Size="75222638" TotalTime="426" DiscNumber="0" TrackNumber="3" Year="2018" AverageBpm="125.00" DateAdded="2020-02-05" BitRate="1411" SampleRate="44100" Comments="8A - 4" PlayCount="0" Rating="0" Location="file://localhost/Users/zachvp/Music/DJ/Anii%20-%20Cyganka%20(Original%20Mix).aiff" Remixer="" Tonality="8A" Label="Kompakt" Mix="">
      <TEMPO Inizio="0.024" Bpm="125.00" Metro="4/4" Battito="1" />
      <TEMPO Inizio="266.423" Bpm="125.00" Metro="4/4" Battito="4" />
    </TRACK>
    <TRACK TrackID="49628133" Name="The Clone Wars (Markus Suckut Remix)" Artist="Radio Slave" Composer="" Album="The Clone Wars (Remixes)" Grouping="" Genre="House/Techno/Downtempo" Kind="AIFF File" Size="77177574" TotalTime="436" DiscNumber="0" TrackNumber="1" Year="2015" AverageBpm="128.00" DateAdded="2020-02-05" BitRate="1411" SampleRate="44100" Comments="8A - 5" PlayCount="2" Rating="0" Location="file://localhost/Users/zachvp/Music/DJ/Radio%20Slave%20-%20The%20Clone%20Wars%20(Markus%20Suckut.aiff" Remixer="Markus Suckut" Tonality="8A" Label="Rekids" Mix="">
      <TEMPO Inizio="0.007" Bpm="128.00" Metro="4/4" Battito="1" />
    </TRACK>
    <TRACK TrackID="200868041" Name="Citizen Kane (Ron Trent Night Dubbin Remix)" Artist="Nightmares On Wax, Mozez" Composer="" Album="Citizen Kane" Grouping="" Genre="House/Deep/Tech/" Kind="AIFF File" Size="103773958" TotalTime="587" DiscNumber="0" TrackNumber="2" Year="2017" AverageBpm="123.00" DateAdded="2020-02-06" BitRate="1411" SampleRate="44100" Comments="1A - 6" PlayCount="5" Rating="0" Location="file://localhost/Users/zachvp/Music/DJ/Mozez,%20Nightmares%20On%20Wax%20-%20Citizen%20Kane%20(Ro.aiff" Remixer="" Tonality="1A" Label="Warp Records" Mix="">
      <TEMPO Inizio="0.002" Bpm="123.00" Metro="4/4" Battito="1" />
      <POSITION_MARK Name="" Type="0" Start="35.109" Num="-1" />
    </TRACK>
    <TRACK TrackID="116491296" Name="16 Cygni (Original Mix)" Artist="Acronym" Composer="" Album="Field Records - Collection" Grouping="" Genre="House/Techno/Downtempo" Kind="AIFF File" Size="112512036" TotalTime="637" DiscNumber="0" TrackNumber="5" Year="2014" AverageBpm="127.00" DateAdded="2020-02-06" BitRate="1411" SampleRate="44100" Comments="1A - 5" PlayCount="0" Rating="0" Location="file://localhost/Users/zachvp/Music/DJ/Acronym%20-%2016%20Cygni%20(Original%20Mix).aiff" Remixer="" Tonality="1A" Label="Field Records" Mix="">
      <TEMPO Inizio="0.336" Bpm="127.00" Metro="4/4" Battito="1" />
      <TEMPO Inizio="0.809" Bpm="127.00" Metro="4/4" Battito="2" />
      <TEMPO Inizio="177.030" Bpm="127.00" Metro="4/4" Battito="3" />
    </TRACK>
    <TRACK TrackID="252841222" Name="Phiom Enhah (Original Mix)" Artist="Rikhter" Composer="" Album="Rik1" Grouping="" Genre="House/Techno/Hype" Kind="AIFF File" Size="58498178" TotalTime="331" DiscNumber="0" TrackNumber="2" Year="2019" AverageBpm="140.00" DateAdded="2020-02-08" BitRate="1411" SampleRate="44100" Comments="10A - 6" PlayCount="2" Rating="0" Location="file://localhost/Users/zachvp/Music/DJ/Rikhter%20-%20Phiom%20Enhah%20(Original%20Mix).aiff" Remixer="" Tonality="10A" Label="R - Label Group" Mix="">
      <TEMPO Inizio="0.201" Bpm="140.00" Metro="4/4" Battito="1" />
      <POSITION_MARK Name="" Type="0" Start="109.908" Num="-1" />
      <POSITION_MARK Name="" Type="0" Start="205.912" Num="-1" />
      <POSITION_MARK Name="" Type="0" Start="233.342" Num="-1" />
      <POSITION_MARK Name="" Type="0" Start="301.905" Num="-1" />
    </TRACK>
    <TRACK TrackID="231560436" Name="Tama Spice (Original Mix)" Artist="Herzakkord" Composer="" Album="Shades of Bahngra" Grouping="" Genre="House/Deep/Melodic" Kind="AIFF File" Size="70663740" TotalTime="399" DiscNumber="0" TrackNumber="3" Year="2019" AverageBpm="118.00" DateAdded="2020-02-08" BitRate="1411" SampleRate="44100" Comments="7A - 6" PlayCount="0" Rating="0" Location="file://localhost/Users/zachvp/Music/DJ/Herzakkord%20-%20Tama%20Spice%20(Original%20Mix).aiff" Remixer="" Tonality="7A" Label="Bosom" Mix="">
      <TEMPO Inizio="0.004" Bpm="118.00" Metro="4/4" Battito="1" />
    </TRACK>
    <TRACK TrackID="214035504" Name="Cortex 11-b (Original Mix)" Artist="Maetrik" Composer="" Album="Return EP" Grouping="" Genre="House/Techno/" Kind="AIFF File" Size="60796738" TotalTime="343" DiscNumber="0" TrackNumber="2" Year="2017" AverageBpm="125.00" DateAdded="2020-02-08" BitRate="1411" SampleRate="44100" Comments="12A - 6" PlayCount="0" Rating="0" Location="file://localhost/Users/zachvp/Music/DJ/Maetrik%20-%20Cortex%2011-b%20(Original%20Mix).aiff" Remixer="" Tonality="12A" Label="Clash Lion" Mix="">
      <TEMPO Inizio="0.202" Bpm="125.00" Metro="4/4" Battito="1" />
      <TEMPO Inizio="282.923" Bpm="125.00" Metro="4/4" Battito="2" />
    </TRACK>
    <TRACK TrackID="216935045" Name="Three Words Max (Original Mix)" Artist="The Drifter" Composer="" Album="Heavy Rotations Vol. 1" Grouping="" Genre="House/Techno/Downtempo" Kind="AIFF File" Size="59467146" TotalTime="336" DiscNumber="0" TrackNumber="6" Year="2018" AverageBpm="120.00" DateAdded="2020-02-08" BitRate="1411" SampleRate="44100" Comments="7A - 6" PlayCount="1" Rating="0" Location="file://localhost/Users/zachvp/Music/DJ/The%20Drifter%20-%20Three%20Words%20Max%20(Original%20Mix.aiff" Remixer="" Tonality="7A" Label="Maeve" Mix="">
      <TEMPO Inizio="0.102" Bpm="120.00" Metro="4/4" Battito="1" />
      <TEMPO Inizio="119.103" Bpm="120.00" Metro="4/4" Battito="3" />
      <TEMPO Inizio="119.602" Bpm="120.00" Metro="4/4" Battito="4" />
      <TEMPO Inizio="120.103" Bpm="120.00" Metro="4/4" Battito="1" />
      <TEMPO Inizio="120.602" Bpm="120.00" Metro="4/4" Battito="2" />
      <TEMPO Inizio="121.103" Bpm="120.00" Metro="4/4" Battito="3" />
      <TEMPO Inizio="121.602" Bpm="120.00" Metro="4/4" Battito="4" />
      <TEMPO Inizio="122.103" Bpm="120.00" Metro="4/4" Battito="1" />
      <TEMPO Inizio="122.602" Bpm="120.00" Metro="4/4" Battito="2" />
      <TEMPO Inizio="123.103" Bpm="120.00" Metro="4/4" Battito="3" />
      <TEMPO Inizio="123.602" Bpm="120.00" Metro="4/4" Battito="4" />
      <TEMPO Inizio="124.103" Bpm="120.00" Metro="4/4" Battito="1" />
      <TEMPO Inizio="124.602" Bpm="120.00" Metro="4/4" Battito="2" />
      <TEMPO Inizio="125.103" Bpm="120.00" Metro="4/4" Battito="3" />
      <TEMPO Inizio="125.602" Bpm="120.00" Metro="4/4" Battito="4" />
      <TEMPO Inizio="126.103" Bpm="120.00" Metro="4/4" Battito="1" />
      <TEMPO Inizio="126.602" Bpm="120.00" Metro="4/4" Battito="2" />
      <TEMPO Inizio="127.103" Bpm="120.00" Metro="4/4" Battito="3" />
      <TEMPO Inizio="127.602" Bpm="120.00" Metro="4/4" Battito="4" />
      <TEMPO Inizio="128.103" Bpm="120.00" Metro="4/4" Battito="1" />
      <TEMPO Inizio="128.602" Bpm="120.00" Metro="4/4" Battito="2" />
      <TEMPO Inizio="129.103" Bpm="120.00" Metro="4/4" Battito="3" />
      <TEMPO Inizio="129.602" Bpm="120.00" Metro="4/4" Battito="4" />
      <TEMPO Inizio="130.103" Bpm="120.00" Metro="4/4" Battito="1" />
    </TRACK>
    <TRACK TrackID="207123447" Name="Ocean Depths (Amarcord's Ocean Whispers Mix)" Artist="Demaor, Adam Ten" Composer="" Album="Ocean Depths" Grouping="" Genre="zzz" Kind="AIFF File" Size="63055758" TotalTime="357" DiscNumber="0" TrackNumber="2" Year="2019" AverageBpm="122.00" DateAdded="2020-02-08" BitRate="1411" SampleRate="44100" Comments="6A - 7" PlayCount="0" Rating="0" Location="file://localhost/Users/zachvp/Music/DJ/Adam%20Ten,%20Demaor%20-%20Ocean%20Depths%20(Amarcord%27s.aiff" Remixer="Amarcord" Tonality="6A" Label="Beat Boutique" Mix="">
      <TEMPO Inizio="0.480" Bpm="122.00" Metro="4/4" Battito="4" />
    </TRACK>
    <TRACK TrackID="26772745" Name="Hidden T (Original Mix)" Artist="Enrico Sangiuliano" Composer="" Album="Biomorph" Grouping="" Genre="House/Techno/" Kind="AIFF File" Size="82788470" TotalTime="468" DiscNumber="0" TrackNumber="5" Year="2018" AverageBpm="126.00" DateAdded="2020-02-08" BitRate="1411" SampleRate="44100" Comments="6A - 6" PlayCount="0" Rating="0" Location="file://localhost/Users/zachvp/Music/DJ/Enrico%20Sangiuliano%20-%20Hidden%20T%20(Original%20Mix.aiff" Remixer="" Tonality="6A" Label="Drumcode" Mix="">
      <TEMPO Inizio="0.298" Bpm="126.00" Metro="4/4" Battito="2" />
      <TEMPO Inizio="405.535" Bpm="126.00" Metro="4/4" Battito="1" />
    </TRACK>
    <TRACK TrackID="46940283" Name="Brooklyn Club Jam (Original Mix)" Artist="Runaway" Composer="" Album="Brooklyn Club Jam" Grouping="" Genre="House/Tech/Organic" Kind="AIFF File" Size="79286636" TotalTime="449" DiscNumber="0" TrackNumber="1" Year="2008" AverageBpm="120.01" DateAdded="2020-02-08" BitRate="1411" SampleRate="44100" Comments="2A - 4" PlayCount="4" Rating="0" Location="file://localhost/Users/zachvp/Music/DJ/Runaway%20-%20Brooklyn%20Club%20Jam%20(Original%20Mix).aiff" Remixer="" Tonality="2A" Label="DFA Records (SC Distribution)" Mix="">
      <TEMPO Inizio="0.033" Bpm="120.01" Metro="4/4" Battito="1" />
      <TEMPO Inizio="38.032" Bpm="120.01" Metro="4/4" Battito="1" />
      <TEMPO Inizio="100.029" Bpm="120.01" Metro="4/4" Battito="1" />
      <TEMPO Inizio="141.027" Bpm="120.01" Metro="4/4" Battito="3" />
      <TEMPO Inizio="182.025" Bpm="120.01" Metro="4/4" Battito="1" />
      <TEMPO Inizio="244.022" Bpm="120.01" Metro="4/4" Battito="1" />
      <TEMPO Inizio="306.519" Bpm="120.01" Metro="4/4" Battito="2" />
      <TEMPO Inizio="347.517" Bpm="120.01" Metro="4/4" Battito="4" />
      <TEMPO Inizio="409.514" Bpm="120.01" Metro="4/4" Battito="4" />
      <POSITION_MARK Name="" Type="0" Start="64.021" Num="-1" />
      <POSITION_MARK Name="" Type="0" Start="96.018" Num="-1" />
      <POSITION_MARK Name="" Type="0" Start="256.008" Num="-1" />
      <POSITION_MARK Name="" Type="0" Start="320.026" Num="-1" />
      <POSITION_MARK Name="" Type="0" Start="224.032" Num="-1" />
    </TRACK>
    <TRACK TrackID="165742268" Name="Subshell (Original Mix)" Artist="Exium" Composer="" Album="Subshell EP" Grouping="" Genre="House/Techno/Acid" Kind="AIFF File" Size="55810190" TotalTime="316" DiscNumber="0" TrackNumber="2" Year="2014" AverageBpm="128.00" DateAdded="2020-02-08" BitRate="1411" SampleRate="44100" Comments="6A - 6" PlayCount="0" Rating="0" Location="file://localhost/Users/zachvp/Music/DJ/Exium%20-%20Subshell%20(Original%20Mix).aiff" Remixer="" Tonality="6A" Label="Nheoma" Mix="">
      <TEMPO Inizio="0.040" Bpm="128.00" Metro="4/4" Battito="1" />
    </TRACK>
    <TRACK TrackID="260058737" Name="The Crossing (Original Mix)" Artist="Adam Beyer" Composer="" Album="Stone Flower" Grouping="" Genre="House/Techno/Downtempo" Kind="AIFF File" Size="71219624" TotalTime="403" DiscNumber="0" TrackNumber="3" Year="2015" AverageBpm="125.00" DateAdded="2020-02-08" BitRate="1411" SampleRate="44100" Comments="6A - 6" PlayCount="1" Rating="0" Location="file://localhost/Users/zachvp/Music/DJ/Adam%20Beyer%20-%20The%20Crossing%20(Original%20Mix).aiff" Remixer="" Tonality="6A" Label="Drumcode" Mix="">
      <TEMPO Inizio="0.057" Bpm="125.00" Metro="4/4" Battito="1" />
    </TRACK>
    <TRACK TrackID="95271104" Name="I've Been Thinking feat. Jen Dixon (Original Mix)" Artist="Lee Walker" Composer="" Album="I've Been Thinking EP" Grouping="" Genre="House/Deep/Tech/" Kind="AIFF File" Size="59323684" TotalTime="335" DiscNumber="0" TrackNumber="1" Year="2016" AverageBpm="123.00" DateAdded="2020-02-08" BitRate="1411" SampleRate="44100" Comments="2A - 6" PlayCount="4" Rating="0" Location="file://localhost/Users/zachvp/Music/DJ/Lee%20Walker%20-%20I%27ve%20Been%20Thinking%20feat.%20Jen%20D.aiff" Remixer="" Tonality="2A" Label="Wiggle" Mix="">
      <TEMPO Inizio="0.029" Bpm="123.00" Metro="4/4" Battito="1" />
    </TRACK>
    <TRACK TrackID="267896468" Name="Thoughts &amp; Motions (Original Mix)" Artist="Dusky" Composer="" Album="Stick By This" Grouping="" Genre="House/Deep/Melodic" Kind="AIFF File" Size="49675254" TotalTime="279" DiscNumber="0" TrackNumber="10" Year="2011" AverageBpm="120.00" DateAdded="2020-02-08" BitRate="1411" SampleRate="44100" Comments="5A - 6" PlayCount="1" Rating="0" Location="file://localhost/Users/zachvp/Music/DJ/Dusky%20-%20Thoughts%20%26%20Motions%20(Original%20Mix).aiff" Remixer="" Tonality="5A" Label="Anjunadeep" Mix="">
      <TEMPO Inizio="0.142" Bpm="120.00" Metro="4/4" Battito="1" />
    </TRACK>
    <TRACK TrackID="118815760" Name="Stick By This (Original Mix)" Artist="Dusky" Composer="" Album="Stick By This" Grouping="" Genre="House/Deep/Melodic" Kind="AIFF File" Size="62197640" TotalTime="350" DiscNumber="0" TrackNumber="3" Year="2011" AverageBpm="118.00" DateAdded="2020-02-08" BitRate="1411" SampleRate="44100" Comments="5A - 6" PlayCount="2" Rating="0" Location="file://localhost/Users/zachvp/Music/DJ/Dusky%20-%20Stick%20By%20This%20(Original%20Mix).aiff" Remixer="" Tonality="5A" Label="Anjunadeep" Mix="">
      <TEMPO Inizio="0.408" Bpm="118.00" Metro="4/4" Battito="1" />
      <TEMPO Inizio="0.917" Bpm="118.00" Metro="4/4" Battito="2" />
      <TEMPO Inizio="241.426" Bpm="118.00" Metro="4/4" Battito="3" />
    </TRACK>
    <TRACK TrackID="143610014" Name="Soulmate (Original Mix)" Artist="Thomas Elmore" Composer="" Album="Canada Loves Techno 6" Grouping="" Genre="House/Tech/Indie/Progressive" Kind="AIFF File" Size="83161028" TotalTime="470" DiscNumber="0" TrackNumber="2" Year="2014" AverageBpm="131.00" DateAdded="2020-02-08" BitRate="1411" SampleRate="44100" Comments="6A - 6" PlayCount="0" Rating="0" Location="file://localhost/Users/zachvp/Music/DJ/Thomas%20Elmore%20-%20Soulmate%20(Original%20Mix).aiff" Remixer="" Tonality="6A" Label="Restructured Recordings" Mix="">
      <TEMPO Inizio="0.084" Bpm="131.00" Metro="4/4" Battito="1" />
    </TRACK>
    <TRACK TrackID="140419978" Name="Subati (Original Mix)" Artist="Oliver Koletzki, Niko Schwind, Koletzki &amp; Schwind" Composer="" Album="Subati" Grouping="" Genre="zzz" Kind="AIFF File" Size="80988788" TotalTime="458" DiscNumber="0" TrackNumber="1" Year="2018" AverageBpm="122.03" DateAdded="2020-02-08" BitRate="1411" SampleRate="44100" Comments="7A - 6" PlayCount="0" Rating="0" Location="file://localhost/Users/zachvp/Music/DJ/Koletzki%20%26%20Schwind,%20Niko%20Schwind,%20Oliver%20Ko.aiff" Remixer="" Tonality="7A" Label="Stil Vor Talent" Mix="">
      <TEMPO Inizio="0.184" Bpm="122.03" Metro="4/4" Battito="1" />
    </TRACK>
    <TRACK TrackID="92489570" Name="Silence Never Heard (Original Mix)" Artist="Dusky" Composer="" Album="Stick By This" Grouping="" Genre="Lounge/Ambient" Kind="AIFF File" Size="30592730" TotalTime="171" DiscNumber="0" TrackNumber="1" Year="2011" AverageBpm="124.00" DateAdded="2020-02-08" BitRate="1411" SampleRate="44100" Comments="5B - 4" PlayCount="3" Rating="0" Location="file://localhost/Users/zachvp/Music/DJ/Dusky%20-%20Silence%20Never%20Heard%20(Original%20Mix).aiff" Remixer="" Tonality="5B" Label="Anjunadeep" Mix="">
      <TEMPO Inizio="0.077" Bpm="124.00" Metro="4/4" Battito="3" />
    </TRACK>
    <TRACK TrackID="157878035" Name="Resin (Original Mix)" Artist="Dusky" Composer="" Album="Stick By This" Grouping="" Genre="House/Tech/Indie/" Kind="AIFF File" Size="75547578" TotalTime="426" DiscNumber="0" TrackNumber="12" Year="2011" AverageBpm="126.00" DateAdded="2020-02-08" BitRate="1411" SampleRate="44100" Comments="9A - 5" PlayCount="3" Rating="0" Location="file://localhost/Users/zachvp/Music/DJ/Dusky%20-%20Resin%20(Original%20Mix).aiff" Remixer="" Tonality="9A" Label="Anjunadeep" Mix="">
      <TEMPO Inizio="0.150" Bpm="126.00" Metro="4/4" Battito="1" />
      <TEMPO Inizio="56.341" Bpm="126.00" Metro="4/4" Battito="3" />
    </TRACK>
    <TRACK TrackID="32730073" Name="Seriousness (Industrialyzer Remix)" Artist="Frankyeffe" Composer="" Album="Determination" Grouping="" Genre="House/Techno/Hype" Kind="AIFF File" Size="70107570" TotalTime="397" DiscNumber="0" TrackNumber="5" Year="2019" AverageBpm="133.00" DateAdded="2020-02-08" BitRate="1411" SampleRate="44100" Comments="11A - 6" PlayCount="0" Rating="0" Location="file://localhost/Users/zachvp/Music/DJ/Frankyeffe%20-%20Seriousness%20(Industrialyzer%20Re.aiff" Remixer="Industrialyzer" Tonality="11A" Label="Noir Music" Mix="">
      <TEMPO Inizio="0.030" Bpm="133.00" Metro="4/4" Battito="1" />
    </TRACK>
    <TRACK TrackID="130248397" Name="Plastique (Original Mix)" Artist="Dusky" Composer="" Album="Stick By This" Grouping="" Genre="House/Deep/Melodic" Kind="AIFF File" Size="44674208" TotalTime="251" DiscNumber="0" TrackNumber="4" Year="2011" AverageBpm="127.00" DateAdded="2020-02-08" BitRate="1411" SampleRate="44100" Comments="3A - 6" PlayCount="0" Rating="0" Location="file://localhost/Users/zachvp/Music/DJ/Dusky%20-%20Plastique%20(Original%20Mix).aiff" Remixer="" Tonality="3A" Label="Anjunadeep" Mix="">
      <TEMPO Inizio="0.386" Bpm="127.00" Metro="4/4" Battito="1" />
      <TEMPO Inizio="0.859" Bpm="127.00" Metro="4/4" Battito="2" />
    </TRACK>
    <TRACK TrackID="135115958" Name="Another Club (SRVD Remix)" Artist="Radio Slave" Composer="" Album="Another Club (Remixes)" Grouping="" Genre="House/Techno/Hype" Kind="AIFF File" Size="104149944" TotalTime="589" DiscNumber="0" TrackNumber="2" Year="2019" AverageBpm="130.00" DateAdded="2020-02-08" BitRate="1411" SampleRate="44100" Comments="2A - 6" PlayCount="1" Rating="0" Location="file://localhost/Users/zachvp/Music/DJ/Radio%20Slave%20-%20Another%20Club%20(SRVD%20Remix).aiff" Remixer="SRVD" Tonality="2A" Label="Rekids" Mix="">
      <TEMPO Inizio="0.033" Bpm="130.00" Metro="4/4" Battito="1" />
    </TRACK>
    <TRACK TrackID="248641051" Name="Need You Back (Original Mix)" Artist="Dusky" Composer="" Album="Stick By This" Grouping="" Genre="zzz" Kind="AIFF File" Size="71354748" TotalTime="402" DiscNumber="0" TrackNumber="13" Year="2011" AverageBpm="127.00" DateAdded="2020-02-08" BitRate="1411" SampleRate="44100" Comments="12A - 6" PlayCount="0" Rating="0" Location="file://localhost/Users/zachvp/Music/DJ/Dusky%20-%20Need%20You%20Back%20(Original%20Mix).aiff" Remixer="" Tonality="12A" Label="Anjunadeep" Mix="">
      <TEMPO Inizio="0.150" Bpm="127.00" Metro="4/4" Battito="1" />
      <TEMPO Inizio="219.834" Bpm="127.00" Metro="4/4" Battito="2" />
    </TRACK>
    <TRACK TrackID="164266036" Name="Shush feat. MILA (Alex O'Rion Deep Dub Mix)" Artist="Golan Zocher" Composer="" Album="Visceral 075" Grouping="" Genre="House/Deep/Tech/Spacey" Kind="AIFF File" Size="69023222" TotalTime="390" DiscNumber="0" TrackNumber="3" Year="2019" AverageBpm="120.00" DateAdded="2020-02-08" BitRate="1411" SampleRate="44100" Comments="12A - 6" PlayCount="1" Rating="0" Location="file://localhost/Users/zachvp/Music/DJ/Golan%20Zocher%20-%20Shush%20feat.%20MILA%20(Alex%20O%27Rio.aiff" Remixer="Alex O'Rion" Tonality="12A" Label="Visceral" Mix="">
      <TEMPO Inizio="0.127" Bpm="120.00" Metro="4/4" Battito="1" />
    </TRACK>
    <TRACK TrackID="213263792" Name="Lost Highway (Original Mix)" Artist="Dusky" Composer="" Album="Stick By This" Grouping="" Genre="House/Deep/Tech/Jazzy" Kind="AIFF File" Size="72035874" TotalTime="406" DiscNumber="0" TrackNumber="8" Year="2011" AverageBpm="123.00" DateAdded="2020-02-08" BitRate="1411" SampleRate="44100" Comments="10A - 5" PlayCount="1" Rating="0" Location="file://localhost/Users/zachvp/Music/DJ/Dusky%20-%20Lost%20Highway%20(Original%20Mix).aiff" Remixer="" Tonality="10A" Label="Anjunadeep" Mix="">
      <TEMPO Inizio="0.143" Bpm="123.00" Metro="4/4" Battito="1" />
    </TRACK>
    <TRACK TrackID="46317223" Name="Room 2 (Pan-Pot Rave Tool Mix)" Artist="Slam" Composer="" Album="Room 2 (Pan-Pot Remixes)" Grouping="" Genre="House/Techno/Downtempo" Kind="AIFF File" Size="83511002" TotalTime="473" DiscNumber="0" TrackNumber="1" Year="2010" AverageBpm="125.00" DateAdded="2020-02-08" BitRate="1411" SampleRate="44100" Comments="5A - 6" PlayCount="1" Rating="0" Location="file://localhost/Users/zachvp/Music/DJ/Slam%20-%20Room%202%20(Pan-Pot%20Rave%20Tool%20Mix).aiff" Remixer="Pan-Pot" Tonality="5A" Label="Paragraph" Mix="">
      <TEMPO Inizio="0.045" Bpm="125.00" Metro="4/4" Battito="1" />
      <TEMPO Inizio="209.324" Bpm="125.00" Metro="4/4" Battito="1" />
    </TRACK>
    <TRACK TrackID="220359864" Name="Rumors On The Dancefloor (Part 2) (Original Mix)" Artist="Guy Gerber, Miss Kittin" Composer="" Album="Rumors On The Dancefloor" Grouping="" Genre="House/Tech/Organic" Kind="AIFF File" Size="102573660" TotalTime="580" DiscNumber="0" TrackNumber="2" Year="2015" AverageBpm="124.00" DateAdded="2020-02-08" BitRate="1411" SampleRate="44100" Comments="5A - 6" PlayCount="4" Rating="0" Location="file://localhost/Users/zachvp/Music/DJ/Guy%20Gerber,%20Miss%20Kittin%20-%20Rumors%20On%20The%20Dan.aiff" Remixer="" Tonality="5A" Label="Rumors" Mix="">
      <TEMPO Inizio="0.007" Bpm="124.00" Metro="4/4" Battito="1" />
    </TRACK>
    <TRACK TrackID="92222450" Name="Lost In You feat. Janai (Original Mix)" Artist="Dusky, Janai" Composer="" Album="Stick By This" Grouping="" Genre="House/Deep/Melodic" Kind="AIFF File" Size="55932522" TotalTime="315" DiscNumber="0" TrackNumber="2" Year="2011" AverageBpm="126.00" DateAdded="2020-02-08" BitRate="1411" SampleRate="44100" Comments="2A - 5" PlayCount="0" Rating="0" Location="file://localhost/Users/zachvp/Music/DJ/Dusky,%20Janai%20-%20Lost%20In%20You%20feat.%20Janai%20(Ori.aiff" Remixer="" Tonality="2A" Label="Anjunadeep" Mix="">
      <TEMPO Inizio="0.215" Bpm="126.00" Metro="4/4" Battito="3" />
      <TEMPO Inizio="26.406" Bpm="126.00" Metro="4/4" Battito="2" />
      <TEMPO Inizio="282.597" Bpm="126.00" Metro="4/4" Battito="4" />
    </TRACK>
    <TRACK TrackID="141434858" Name="Grain (Original Mix)" Artist="Dusky" Composer="" Album="Stick By This" Grouping="" Genre="House/Deep/Tech/Jazzy" Kind="AIFF File" Size="43664188" TotalTime="245" DiscNumber="0" TrackNumber="7" Year="2011" AverageBpm="125.00" DateAdded="2020-02-08" BitRate="1411" SampleRate="44100" Comments="4A - 5" PlayCount="0" Rating="0" Location="file://localhost/Users/zachvp/Music/DJ/Dusky%20-%20Grain%20(Original%20Mix).aiff" Remixer="" Tonality="4A" Label="Anjunadeep" Mix="">
      <TEMPO Inizio="0.148" Bpm="125.00" Metro="4/4" Battito="2" />
    </TRACK>
    <TRACK TrackID="222445319" Name="Falling (Original Mix)" Artist="Dusky" Composer="" Album="Stick By This" Grouping="" Genre="House/Deep/Tech/Dubby" Kind="AIFF File" Size="74290872" TotalTime="419" DiscNumber="0" TrackNumber="6" Year="2011" AverageBpm="120.00" DateAdded="2020-02-08" BitRate="1411" SampleRate="44100" Comments="5A - 6" PlayCount="2" Rating="0" Location="file://localhost/Users/zachvp/Music/DJ/Dusky%20-%20Falling%20(Original%20Mix).aiff" Remixer="" Tonality="5A" Label="Anjunadeep" Mix="">
      <TEMPO Inizio="0.152" Bpm="120.00" Metro="4/4" Battito="1" />
      <TEMPO Inizio="348.653" Bpm="120.00" Metro="4/4" Battito="2" />
    </TRACK>
    <TRACK TrackID="136039330" Name="Mayann (Original Mix)" Artist="David K" Composer="" Album="Mayann" Grouping="" Genre="House/Deep/Tech/Spacey" Kind="AIFF File" Size="78717290" TotalTime="445" DiscNumber="0" TrackNumber="1" Year="2007" AverageBpm="126.00" DateAdded="2020-02-08" BitRate="1411" SampleRate="44100" Comments="5A - 6" PlayCount="0" Rating="0" Location="file://localhost/Users/zachvp/Music/DJ/David%20K%20-%20Mayann%20(Original%20Mix).aiff" Remixer="" Tonality="5A" Label="Cocoon Recordings" Mix="">
      <TEMPO Inizio="0.004" Bpm="126.00" Metro="4/4" Battito="1" />
      <TEMPO Inizio="56.195" Bpm="126.00" Metro="4/4" Battito="3" />
      <TEMPO Inizio="192.386" Bpm="126.00" Metro="4/4" Battito="1" />
      <TEMPO Inizio="318.577" Bpm="126.00" Metro="4/4" Battito="2" />
      <TEMPO Inizio="444.768" Bpm="126.00" Metro="4/4" Battito="3" />
    </TRACK>
    <TRACK TrackID="235492833" Name="No Distance (Original Mix)" Artist="Guy Gerber, Dixon" Composer="" Album="No Distance" Grouping="" Genre="House/Deep/Melodic" Kind="AIFF File" Size="84250438" TotalTime="476" DiscNumber="0" TrackNumber="1" Year="2014" AverageBpm="122.00" DateAdded="2020-02-08" BitRate="1411" SampleRate="44100" Comments="6A - 6" PlayCount="1" Rating="0" Location="file://localhost/Users/zachvp/Music/DJ/Dixon,%20Guy%20Gerber%20-%20No%20Distance%20(Original%20M.aiff" Remixer="" Tonality="6A" Label="Rumors" Mix="">
      <TEMPO Inizio="0.004" Bpm="122.00" Metro="4/4" Battito="1" />
    </TRACK>
    <TRACK TrackID="2201195" Name="If Only (Original Mix)" Artist="Dusky" Composer="" Album="Stick By This" Grouping="" Genre="House/Deep/Melodic" Kind="AIFF File" Size="47193706" TotalTime="265" DiscNumber="0" TrackNumber="14" Year="2011" AverageBpm="115.02" DateAdded="2020-02-08" BitRate="1411" SampleRate="44100" Comments="7A - 4" PlayCount="0" Rating="0" Location="file://localhost/Users/zachvp/Music/DJ/Dusky%20-%20If%20Only%20(Original%20Mix).aiff" Remixer="" Tonality="7A" Label="Anjunadeep" Mix="">
      <TEMPO Inizio="0.448" Bpm="115.02" Metro="4/4" Battito="1" />
    </TRACK>
    <TRACK TrackID="98322252" Name="It's Not Enough feat. Janai (Original Mix)" Artist="Dusky, Janai" Composer="" Album="Stick By This" Grouping="" Genre="House/Deep/Melodic" Kind="AIFF File" Size="72591498" TotalTime="409" DiscNumber="0" TrackNumber="11" Year="2011" AverageBpm="123.00" DateAdded="2020-02-08" BitRate="1411" SampleRate="44100" Comments="5A - 6" PlayCount="0" Rating="0" Location="file://localhost/Users/zachvp/Music/DJ/Dusky,%20Janai%20-%20It%27s%20Not%20Enough%20feat.%20Janai%20.aiff" Remixer="" Tonality="5A" Label="Anjunadeep" Mix="">
      <TEMPO Inizio="0.143" Bpm="123.00" Metro="4/4" Battito="1" />
    </TRACK>
    <TRACK TrackID="215914681" Name="Quantic (Original Mix)" Artist="Øostil" Composer="" Album="Realm Of Consciousness Pt. III" Grouping="" Genre="House/Techno/Downtempo" Kind="AIFF File" Size="71043906" TotalTime="402" DiscNumber="0" TrackNumber="8" Year="2018" AverageBpm="126.00" DateAdded="2020-02-08" BitRate="1411" SampleRate="44100" Comments="11A - 6" PlayCount="1" Rating="0" Location="file://localhost/Users/zachvp/Music/DJ/%c3%98ostil%20-%20Quantic%20(Original%20Mix).aiff" Remixer="" Tonality="11A" Label="Afterlife Records" Mix="">
      <TEMPO Inizio="0.100" Bpm="126.00" Metro="4/4" Battito="1" />
    </TRACK>
    <TRACK TrackID="249549990" Name="It's All True (Martin Buttrich Remix)" Artist="Tracey Thorn" Composer="" Album="It's All True" Grouping="" Genre="House/Deep/Melodic" Kind="AIFF File" Size="97390170" TotalTime="551" DiscNumber="0" TrackNumber="2" Year="2007" AverageBpm="123.00" DateAdded="2020-02-08" BitRate="1411" SampleRate="44100" Comments="7A - 5" PlayCount="0" Rating="0" Location="file://localhost/Users/zachvp/Music/DJ/Tracey%20Thorn%20-%20It%27s%20All%20True%20(Martin%20Buttri.aiff" Remixer="Martin Buttrich" Tonality="7A" Label="Virgin UK" Mix="">
      <TEMPO Inizio="0.225" Bpm="123.00" Metro="4/4" Battito="1" />
    </TRACK>
    <TRACK TrackID="173653004" Name="stilLOVE (Original Mix)" Artist="Huxley" Composer="" Album="2.0" Grouping="" Genre="House/Deep/Tech/Spacey" Kind="AIFF File" Size="76833542" TotalTime="435" DiscNumber="0" TrackNumber="1" Year="2015" AverageBpm="128.00" DateAdded="2020-02-13" BitRate="1411" SampleRate="44100" Comments="7A - 5" PlayCount="2" Rating="0" Location="file://localhost/Users/zachvp/Music/DJ/Huxley%20-%20stilLOVE%20(Original%20Mix).aiff" Remixer="" Tonality="7A" Label="Aus Music" Mix="">
      <TEMPO Inizio="0.022" Bpm="128.00" Metro="4/4" Battito="1" />
      <POSITION_MARK Name="" Type="0" Start="60.018" Num="-1" />
      <POSITION_MARK Name="" Type="0" Start="105.018" Num="-1" />
      <POSITION_MARK Name="" Type="4" Start="277.515" End="285.015" Num="-1" />
      <POSITION_MARK Name="" Type="0" Start="45.019" Num="-1" />
      <POSITION_MARK Name="" Type="0" Start="30.022" Num="-1" />
      <POSITION_MARK Name="" Type="0" Start="300.027" Num="-1" />
      <POSITION_MARK Name="" Type="0" Start="360.018" Num="-1" />
    </TRACK>
    <TRACK TrackID="11751947" Name="The Rush feat. Mr. V (Richy Ahmed Remix)" Artist="Mr. V, Infinity Ink" Composer="" Album="The Rush" Grouping="" Genre="House/Tech/Progressive" Kind="AIFF File" Size="73310912" TotalTime="415" DiscNumber="0" TrackNumber="2" Year="2016" AverageBpm="126.00" DateAdded="2020-02-13" BitRate="1411" SampleRate="44100" Comments="11A - 7" PlayCount="0" Rating="0" Location="file://localhost/Users/zachvp/Music/DJ/Infinity%20Ink,%20Mr.%20V%20-%20The%20Rush%20feat.%20Mr.%20V%20.aiff" Remixer="Richy Ahmed" Tonality="11A" Label="Cooltempo" Mix="">
      <TEMPO Inizio="0.002" Bpm="126.00" Metro="4/4" Battito="1" />
      <TEMPO Inizio="0.479" Bpm="126.00" Metro="4/4" Battito="2" />
    </TRACK>
    <TRACK TrackID="104368052" Name="Don't Fail Me Now Feat. Calder (Dubspeeka Remix)" Artist="Him_Self_Her" Composer="" Album="Don't Fail Me Now EP" Grouping="" Genre="House/Techno/Downtempo" Kind="AIFF File" Size="87946998" TotalTime="497" DiscNumber="0" TrackNumber="3" Year="2014" AverageBpm="124.00" DateAdded="2020-02-13" BitRate="1411" SampleRate="44100" Comments="5A - 5" PlayCount="0" Rating="0" Location="file://localhost/Users/zachvp/Music/DJ/Him_Self_Her%20-%20Don%27t%20Fail%20Me%20Now%20Feat.%20Cald.aiff" Remixer="dubspeeka" Tonality="5A" Label="Suara" Mix="">
      <TEMPO Inizio="0.046" Bpm="124.00" Metro="4/4" Battito="1" />
    </TRACK>
    <TRACK TrackID="169117109" Name="Brainwasher (Extended Mix)" Artist="Nox Vahn" Composer="" Album="Anjunadeep The Yearbook 2019" Grouping="" Genre="House/Deep/Melodic" Kind="AIFF File" Size="61974226" TotalTime="349" DiscNumber="0" TrackNumber="15" Year="2019" AverageBpm="120.00" DateAdded="2020-02-13" BitRate="1411" SampleRate="44100" Comments="8A - 6" PlayCount="0" Rating="0" Location="file://localhost/Users/zachvp/Music/DJ/Nox%20Vahn%20-%20Brainwasher%20(Extended%20Mix).aiff" Remixer="" Tonality="8A" Label="Anjunadeep" Mix="">
      <TEMPO Inizio="0.070" Bpm="120.00" Metro="4/4" Battito="1" />
    </TRACK>
    <TRACK TrackID="108232683" Name="SOTOM (Sandy's Version)" Artist="Sandy Rivera, Noir" Composer="" Album="SOTOM" Grouping="" Genre="House/Deep/Tech/" Kind="AIFF File" Size="62864036" TotalTime="356" DiscNumber="0" TrackNumber="2" Year="2013" AverageBpm="124.00" DateAdded="2020-02-13" BitRate="1411" SampleRate="44100" Comments="5A - 6" PlayCount="3" Rating="0" Location="file://localhost/Users/zachvp/Music/DJ/Noir,%20Sandy%20Rivera%20-%20SOTOM%20(Sandy%27s%20Version.aiff" Remixer="Sandy Rivera" Tonality="5A" Label="Noir Music" Mix="">
      <TEMPO Inizio="0.091" Bpm="124.00" Metro="4/4" Battito="3" />
    </TRACK>
    <TRACK TrackID="73565807" Name="Live At Palladium (Original Mix)" Artist="Phil Weeks" Composer="" Album="Live At Palladium" Grouping="" Genre="House/Deep/Tech/Jazzy" Kind="AIFF File" Size="79615518" TotalTime="449" DiscNumber="0" TrackNumber="1" Year="2014" AverageBpm="120.01" DateAdded="2020-02-13" BitRate="1411" SampleRate="44100" Comments="9A - 5" PlayCount="5" Rating="0" Location="file://localhost/Users/zachvp/Music/DJ/Phil%20Weeks%20-%20Live%20At%20Palladium%20(Original%20Mi.aiff" Remixer="" Tonality="9A" Label="Robsoul Recordings" Mix="">
      <TEMPO Inizio="0.180" Bpm="120.01" Metro="4/4" Battito="1" />
      <TEMPO Inizio="78.676" Bpm="120.01" Metro="4/4" Battito="2" />
      <TEMPO Inizio="97.675" Bpm="120.01" Metro="4/4" Battito="4" />
      <TEMPO Inizio="172.671" Bpm="120.01" Metro="4/4" Battito="2" />
      <TEMPO Inizio="191.670" Bpm="120.01" Metro="4/4" Battito="4" />
      <TEMPO Inizio="266.666" Bpm="120.01" Metro="4/4" Battito="2" />
      <TEMPO Inizio="285.665" Bpm="120.01" Metro="4/4" Battito="4" />
      <TEMPO Inizio="418.158" Bpm="120.01" Metro="4/4" Battito="1" />
      <TEMPO Inizio="437.157" Bpm="120.01" Metro="4/4" Battito="3" />
      <POSITION_MARK Name="" Type="0" Start="16.175" Num="-1" />
      <POSITION_MARK Name="" Type="0" Start="32.173" Num="-1" />
      <POSITION_MARK Name="" Type="0" Start="48.172" Num="-1" />
      <POSITION_MARK Name="" Type="0" Start="64.171" Num="-1" />
      <POSITION_MARK Name="" Type="0" Start="96.168" Num="-1" />
      <POSITION_MARK Name="" Type="0" Start="144.163" Num="-1" />
      <POSITION_MARK Name="" Type="0" Start="160.162" Num="-1" />
      <POSITION_MARK Name="" Type="0" Start="288.159" Num="-1" />
      <POSITION_MARK Name="" Type="0" Start="320.156" Num="-1" />
    </TRACK>
    <TRACK TrackID="173658561" Name="Closer (Original Mix)" Artist="J.Wiltshire" Composer="" Album="Hypercolour Patterns Volume 4" Grouping="" Genre="House/Deep/Tech/" Kind="AIFF File" Size="71413314" TotalTime="404" DiscNumber="0" TrackNumber="2" Year="2013" AverageBpm="120.00" DateAdded="2020-02-13" BitRate="1411" SampleRate="44100" Comments="4A - 5" PlayCount="1" Rating="0" Location="file://localhost/Users/zachvp/Music/DJ/J.Wiltshire%20-%20Closer%20(Original%20Mix).aiff" Remixer="" Tonality="4A" Label="Hypercolour" Mix="">
      <TEMPO Inizio="0.000" Bpm="120.00" Metro="4/4" Battito="1" />
    </TRACK>
    <TRACK TrackID="55924191" Name="Space Dub (Original Mix)" Artist="Brame &amp; Hamo" Composer="" Album="Club Orange EP" Grouping="" Genre="House/Deep/Tech/Spacey" Kind="AIFF File" Size="85776456" TotalTime="485" DiscNumber="0" TrackNumber="2" Year="2018" AverageBpm="128.00" DateAdded="2020-02-13" BitRate="1411" SampleRate="44100" Comments="2A - 6" PlayCount="3" Rating="0" Location="file://localhost/Users/zachvp/Music/DJ/Brame%20%26%20Hamo%20-%20Space%20Dub%20(Original%20Mix).aiff" Remixer="" Tonality="2A" Label="Brame &amp; Hamo" Mix="">
      <TEMPO Inizio="0.000" Bpm="128.00" Metro="4/4" Battito="1" />
      <POSITION_MARK Name="" Type="0" Start="54.379" Num="-1" />
      <POSITION_MARK Name="" Type="0" Start="39.379" Num="-1" />
      <POSITION_MARK Name="" Type="0" Start="90.006" Num="-1" />
      <POSITION_MARK Name="" Type="0" Start="180.010" Num="-1" />
      <POSITION_MARK Name="" Type="0" Start="240.005" Num="-1" />
      <POSITION_MARK Name="" Type="0" Start="292.503" Num="-1" />
      <POSITION_MARK Name="" Type="0" Start="300.000" Num="-1" />
      <POSITION_MARK Name="" Type="0" Start="329.991" Num="-1" />
      <POSITION_MARK Name="" Type="0" Start="390.013" Num="-1" />
    </TRACK>
    <TRACK TrackID="194496495" Name="Unhinged (Original Mix)" Artist="Inxec, Droog (LA)" Composer="" Album="Westbound EP" Grouping="" Genre="House/Deep/Tech/" Kind="AIFF File" Size="78744010" TotalTime="445" DiscNumber="0" TrackNumber="3" Year="2011" AverageBpm="121.00" DateAdded="2020-02-13" BitRate="1411" SampleRate="44100" Comments="9A - 5" PlayCount="2" Rating="0" Location="file://localhost/Users/zachvp/Music/DJ/Droog%20(LA),%20Inxec%20-%20Unhinged%20(Original%20Mix).aiff" Remixer="" Tonality="9A" Label="Crosstown Rebels" Mix="">
      <TEMPO Inizio="0.108" Bpm="121.00" Metro="4/4" Battito="1" />
    </TRACK>
    <TRACK TrackID="185301265" Name="Akira (Original Mix)" Artist="Nhan Solo" Composer="" Album="Akira" Grouping="" Genre="House/Tech/Organic" Kind="AIFF File" Size="69286024" TotalTime="392" DiscNumber="0" TrackNumber="1" Year="2018" AverageBpm="120.00" DateAdded="2020-02-13" BitRate="1411" SampleRate="44100" Comments="12A - 6" PlayCount="0" Rating="0" Location="file://localhost/Users/zachvp/Music/DJ/Nhan%20Solo%20-%20Akira%20(Original%20Mix).aiff" Remixer="" Tonality="12A" Label="Mother Recordings" Mix="">
      <TEMPO Inizio="0.094" Bpm="120.00" Metro="4/4" Battito="1" />
      <TEMPO Inizio="200.093" Bpm="120.00" Metro="4/4" Battito="1" />
      <TEMPO Inizio="200.594" Bpm="120.00" Metro="4/4" Battito="2" />
      <TEMPO Inizio="201.093" Bpm="120.00" Metro="4/4" Battito="3" />
      <TEMPO Inizio="201.594" Bpm="120.00" Metro="4/4" Battito="4" />
      <TEMPO Inizio="202.093" Bpm="120.00" Metro="4/4" Battito="1" />
      <TEMPO Inizio="202.594" Bpm="120.00" Metro="4/4" Battito="2" />
      <TEMPO Inizio="203.093" Bpm="120.00" Metro="4/4" Battito="3" />
      <TEMPO Inizio="203.594" Bpm="120.00" Metro="4/4" Battito="4" />
      <TEMPO Inizio="204.093" Bpm="120.00" Metro="4/4" Battito="1" />
      <TEMPO Inizio="204.594" Bpm="120.00" Metro="4/4" Battito="2" />
      <TEMPO Inizio="205.093" Bpm="120.00" Metro="4/4" Battito="3" />
      <TEMPO Inizio="205.594" Bpm="120.00" Metro="4/4" Battito="4" />
      <TEMPO Inizio="206.093" Bpm="120.00" Metro="4/4" Battito="1" />
      <TEMPO Inizio="206.594" Bpm="120.00" Metro="4/4" Battito="2" />
      <TEMPO Inizio="207.093" Bpm="120.00" Metro="4/4" Battito="3" />
      <TEMPO Inizio="207.594" Bpm="120.00" Metro="4/4" Battito="4" />
      <TEMPO Inizio="208.093" Bpm="120.00" Metro="4/4" Battito="1" />
      <TEMPO Inizio="208.594" Bpm="120.00" Metro="4/4" Battito="2" />
      <TEMPO Inizio="209.093" Bpm="120.00" Metro="4/4" Battito="3" />
      <TEMPO Inizio="209.594" Bpm="120.00" Metro="4/4" Battito="4" />
      <TEMPO Inizio="210.093" Bpm="120.00" Metro="4/4" Battito="1" />
      <TEMPO Inizio="210.594" Bpm="120.00" Metro="4/4" Battito="2" />
      <TEMPO Inizio="211.093" Bpm="120.00" Metro="4/4" Battito="3" />
      <TEMPO Inizio="211.594" Bpm="120.00" Metro="4/4" Battito="4" />
      <TEMPO Inizio="212.093" Bpm="120.00" Metro="4/4" Battito="1" />
      <TEMPO Inizio="212.594" Bpm="120.00" Metro="4/4" Battito="2" />
      <TEMPO Inizio="213.093" Bpm="120.00" Metro="4/4" Battito="3" />
      <TEMPO Inizio="213.594" Bpm="120.00" Metro="4/4" Battito="4" />
      <TEMPO Inizio="214.093" Bpm="120.00" Metro="4/4" Battito="1" />
      <TEMPO Inizio="214.594" Bpm="120.00" Metro="4/4" Battito="2" />
      <TEMPO Inizio="215.093" Bpm="120.00" Metro="4/4" Battito="3" />
      <TEMPO Inizio="215.594" Bpm="120.00" Metro="4/4" Battito="4" />
      <TEMPO Inizio="216.093" Bpm="120.00" Metro="4/4" Battito="1" />
      <TEMPO Inizio="216.594" Bpm="120.00" Metro="4/4" Battito="2" />
      <TEMPO Inizio="217.093" Bpm="120.00" Metro="4/4" Battito="3" />
      <TEMPO Inizio="217.594" Bpm="120.00" Metro="4/4" Battito="4" />
      <TEMPO Inizio="218.093" Bpm="120.00" Metro="4/4" Battito="1" />
      <TEMPO Inizio="218.594" Bpm="120.00" Metro="4/4" Battito="2" />
      <TEMPO Inizio="219.093" Bpm="120.00" Metro="4/4" Battito="3" />
      <TEMPO Inizio="219.594" Bpm="120.00" Metro="4/4" Battito="4" />
      <TEMPO Inizio="220.093" Bpm="120.00" Metro="4/4" Battito="1" />
      <TEMPO Inizio="220.594" Bpm="120.00" Metro="4/4" Battito="2" />
      <TEMPO Inizio="221.093" Bpm="120.00" Metro="4/4" Battito="3" />
      <TEMPO Inizio="221.594" Bpm="120.00" Metro="4/4" Battito="4" />
      <TEMPO Inizio="222.093" Bpm="120.00" Metro="4/4" Battito="1" />
      <TEMPO Inizio="222.594" Bpm="120.00" Metro="4/4" Battito="2" />
      <TEMPO Inizio="223.093" Bpm="120.00" Metro="4/4" Battito="3" />
      <TEMPO Inizio="223.594" Bpm="120.00" Metro="4/4" Battito="4" />
      <TEMPO Inizio="224.093" Bpm="120.00" Metro="4/4" Battito="1" />
      <TEMPO Inizio="224.594" Bpm="120.00" Metro="4/4" Battito="2" />
      <TEMPO Inizio="225.093" Bpm="120.00" Metro="4/4" Battito="3" />
      <TEMPO Inizio="225.594" Bpm="120.00" Metro="4/4" Battito="4" />
      <TEMPO Inizio="226.093" Bpm="120.00" Metro="4/4" Battito="1" />
      <TEMPO Inizio="226.594" Bpm="120.00" Metro="4/4" Battito="2" />
      <TEMPO Inizio="227.093" Bpm="120.00" Metro="4/4" Battito="3" />
      <TEMPO Inizio="227.594" Bpm="120.00" Metro="4/4" Battito="4" />
      <TEMPO Inizio="228.093" Bpm="120.00" Metro="4/4" Battito="1" />
      <POSITION_MARK Name="" Type="0" Start="16.098" Num="-1" />
      <POSITION_MARK Name="" Type="0" Start="64.103" Num="-1" />
      <POSITION_MARK Name="" Type="0" Start="144.100" Num="-1" />
      <POSITION_MARK Name="" Type="0" Start="160.090" Num="-1" />
      <POSITION_MARK Name="" Type="0" Start="240.087" Num="-1" />
      <POSITION_MARK Name="" Type="0" Start="272.076" Num="-1" />
      <POSITION_MARK Name="" Type="0" Start="320.079" Num="-1" />
      <POSITION_MARK Name="" Type="0" Start="176.080" Num="-1" />
    </TRACK>
    <TRACK TrackID="180627025" Name="Trusting Source (Original Mix)" Artist="John Monkman" Composer="" Album="Trusting Source" Grouping="" Genre="House/Deep/Tech/Spacey" Kind="AIFF File" Size="69834128" TotalTime="395" DiscNumber="0" TrackNumber="1" Year="2017" AverageBpm="124.00" DateAdded="2020-02-13" BitRate="1411" SampleRate="44100" Comments="5A - 7" PlayCount="0" Rating="0" Location="file://localhost/Users/zachvp/Music/DJ/John%20Monkman%20-%20Trusting%20Source%20(Original%20Mi.aiff" Remixer="" Tonality="5A" Label="Noir Music" Mix="">
      <TEMPO Inizio="0.029" Bpm="124.00" Metro="4/4" Battito="1" />
    </TRACK>
    <TRACK TrackID="7050015" Name="Got A Feeling (Bontan Remix)" Artist="Josh Butler" Composer="" Album="Got A Feeling - EP" Grouping="" Genre="House/Tech/" Kind="AIFF File" Size="76916144" TotalTime="435" DiscNumber="0" TrackNumber="3" Year="2013" AverageBpm="124.00" DateAdded="2020-02-13" BitRate="1411" SampleRate="44100" Comments="9A - 5" PlayCount="0" Rating="0" Location="file://localhost/Users/zachvp/Music/DJ/Josh%20Butler%20-%20Got%20A%20Feeling%20(Bontan%20Remix).aiff" Remixer="Bontan" Tonality="9A" Label="MTA Records" Mix="">
      <TEMPO Inizio="0.011" Bpm="124.00" Metro="4/4" Battito="1" />
    </TRACK>
    <TRACK TrackID="127875927" Name="House Of God (Original Mix)" Artist="Alex Costa, Kaiserdisco" Composer="" Album="RAW 018" Grouping="" Genre="House/Techno/" Kind="AIFF File" Size="72629724" TotalTime="411" DiscNumber="0" TrackNumber="1" Year="2016" AverageBpm="129.00" DateAdded="2020-02-13" BitRate="1411" SampleRate="44100" Comments="11A - 6" PlayCount="1" Rating="0" Location="file://localhost/Users/zachvp/Music/DJ/Alex%20Costa,%20Kaiserdisco%20-%20House%20Of%20God%20(Ori.aiff" Remixer="" Tonality="11A" Label="KD RAW" Mix="">
      <TEMPO Inizio="0.123" Bpm="129.00" Metro="4/4" Battito="1" />
      <TEMPO Inizio="1.519" Bpm="129.00" Metro="4/4" Battito="4" />
    </TRACK>
    <TRACK TrackID="52430703" Name="Naked (Original Mix)" Artist="Kai Anschau" Composer="" Album="Naked And Rain" Grouping="" Genre="House/Techno/Downtempo" Kind="AIFF File" Size="79955262" TotalTime="452" DiscNumber="0" TrackNumber="1" Year="2014" AverageBpm="124.00" DateAdded="2020-02-13" BitRate="1411" SampleRate="44100" Comments="8A - 6" PlayCount="0" Rating="0" Location="file://localhost/Users/zachvp/Music/DJ/Kai%20Anschau%20-%20Naked%20(Original%20Mix).aiff" Remixer="" Tonality="8A" Label="Groove On" Mix="">
      <TEMPO Inizio="0.002" Bpm="124.00" Metro="4/4" Battito="1" />
    </TRACK>
    <TRACK TrackID="59464072" Name="Take Back My Love (Original Mix)" Artist="Taim" Composer="" Album="Taim" Grouping="" Genre="House/Tech/" Kind="AIFF File" Size="54253798" TotalTime="306" DiscNumber="0" TrackNumber="1" Year="2016" AverageBpm="128.00" DateAdded="2020-02-13" BitRate="1411" SampleRate="44100" Comments="5A - 7" PlayCount="0" Rating="0" Location="file://localhost/Users/zachvp/Music/DJ/Taim%20-%20Take%20Back%20My%20Love%20(Original%20Mix).aiff" Remixer="" Tonality="5A" Label="Get Twisted Records" Mix="">
      <TEMPO Inizio="0.001" Bpm="128.00" Metro="4/4" Battito="1" />
    </TRACK>
    <TRACK TrackID="155726293" Name="Wurzelbehandlung (Original Mix)" Artist="Karius &amp; Baktus" Composer="" Album="Under the Radar Sampler 1" Grouping="" Genre="House/Deep/Tech/Dubby" Kind="AIFF File" Size="64806552" TotalTime="366" DiscNumber="0" TrackNumber="3" Year="2017" AverageBpm="125.97" DateAdded="2020-02-13" BitRate="1411" SampleRate="44100" Comments="8A - 6" PlayCount="0" Rating="0" Location="file://localhost/Users/zachvp/Music/DJ/Karius%20%26%20Baktus%20-%20Wurzelbehandlung%20(Origina.aiff" Remixer="" Tonality="8A" Label="Ellum" Mix="">
      <TEMPO Inizio="0.234" Bpm="125.97" Metro="4/4" Battito="1" />
      <TEMPO Inizio="42.624" Bpm="125.97" Metro="4/4" Battito="2" />
      <TEMPO Inizio="94.540" Bpm="125.97" Metro="4/4" Battito="3" />
      <TEMPO Inizio="147.885" Bpm="125.97" Metro="4/4" Battito="3" />
      <TEMPO Inizio="195.038" Bpm="125.97" Metro="4/4" Battito="2" />
      <TEMPO Inizio="248.383" Bpm="125.97" Metro="4/4" Battito="2" />
      <TEMPO Inizio="295.536" Bpm="125.97" Metro="4/4" Battito="1" />
      <TEMPO Inizio="348.881" Bpm="125.97" Metro="4/4" Battito="1" />
    </TRACK>
    <TRACK TrackID="51571" Name="Nothing Can Come Between Us (Pomo Edit)" Artist="Sade" Composer="" Album="Your Sounds: A Compilation - Moonlighting" Grouping="" Genre="Lounge/Indie" Kind="AIFF File" Size="41903710" TotalTime="236" DiscNumber="0" TrackNumber="18" Year="2014" AverageBpm="108.00" DateAdded="2020-02-13" BitRate="1411" SampleRate="44100" Comments="4A - 6" PlayCount="2" Rating="0" Location="file://localhost/Users/zachvp/Music/DJ/Various%20Artists%20-%20Sade%20-%20Nothing%20Can%20Come%20Between%20Us%20(Pomo%20Edit).aiff" Remixer="" Tonality="4A" Label="" Mix="">
      <TEMPO Inizio="0.295" Bpm="108.00" Metro="4/4" Battito="1" />
    </TRACK>
    <TRACK TrackID="13869062" Name="Other Guys (Original Mix)" Artist="Daniel Bortz" Composer="" Album="The One EP" Grouping="" Genre="House/Deep/Tech/Spacey" Kind="AIFF File" Size="61708014" TotalTime="349" DiscNumber="0" TrackNumber="3" Year="2011" AverageBpm="112.00" DateAdded="2020-02-13" BitRate="1411" SampleRate="44100" Comments="12A - 5" PlayCount="1" Rating="0" Location="file://localhost/Users/zachvp/Music/DJ/Daniel%20Bortz%20-%20Other%20Guys%20(Original%20Mix).aiff" Remixer="" Tonality="12A" Label="Suol" Mix="">
      <TEMPO Inizio="0.485" Bpm="112.00" Metro="4/4" Battito="1" />
    </TRACK>
    <TRACK TrackID="43903011" Name="This Song Is Not About A Girl (Original Mix)" Artist="Flume, Chet Faker" Composer="" Album="Lockjaw" Grouping="" Genre="Lounge/Indie" Kind="AIFF File" Size="44858818" TotalTime="254" DiscNumber="0" TrackNumber="3" Year="2013" AverageBpm="139.99" DateAdded="2020-02-13" BitRate="1411" SampleRate="44100" Comments="7A - 6" PlayCount="1" Rating="0" Location="file://localhost/Users/zachvp/Music/DJ/Chet%20Faker,%20Flume%20-%20This%20Song%20Is%20Not%20About%20.aiff" Remixer="" Tonality="7A" Label="Future Classic" Mix="">
      <TEMPO Inizio="0.216" Bpm="139.99" Metro="4/4" Battito="1" />
    </TRACK>
    <TRACK TrackID="167696280" Name="Hey Hey (Affkt Remix)" Artist="Martin Eyerer, Ruede Hagelstein" Composer="" Album="Black Diamonds Volume 15" Grouping="" Genre="House/Deep/Tech/" Kind="AIFF File" Size="84231454" TotalTime="475" DiscNumber="0" TrackNumber="9" Year="2018" AverageBpm="122.00" DateAdded="2020-02-13" BitRate="1411" SampleRate="44100" Comments="10A - 6" PlayCount="1" Rating="0" Location="file://localhost/Users/zachvp/Music/DJ/Martin%20Eyerer,%20Ruede%20Hagelstein%20-%20Hey%20Hey%20(.aiff" Remixer="Affkt" Tonality="10A" Label="Natura Viva Black" Mix="">
      <TEMPO Inizio="0.106" Bpm="122.00" Metro="4/4" Battito="1" />
    </TRACK>
    <TRACK TrackID="31580920" Name="Bare Essentials featuring Robert Owens (Warehouse Mix)" Artist="Robert Owens, Jamie Anderson, Roberto, Fossil Archive" Composer="" Album="Warehouse EP" Grouping="" Genre="House/Tech/Groove" Kind="AIFF File" Size="69896796" TotalTime="395" DiscNumber="0" TrackNumber="2" Year="2019" AverageBpm="128.00" DateAdded="2020-02-13" BitRate="1411" SampleRate="44100" Comments="4A - 5" PlayCount="3" Rating="0" Location="file://localhost/Users/zachvp/Music/DJ/Fossil%20Archive,%20Jamie%20Anderson,%20Robert%20Owen.aiff" Remixer="" Tonality="4A" Label="Fossil Archive" Mix="">
      <TEMPO Inizio="0.086" Bpm="128.00" Metro="4/4" Battito="1" />
    </TRACK>
    <TRACK TrackID="176480492" Name="Nameless Midnight (Original Mix)" Artist="Dustin Zahn" Composer="" Album="Take The Throne EP" Grouping="" Genre="House/Techno/" Kind="AIFF File" Size="50916228" TotalTime="287" DiscNumber="0" TrackNumber="3" Year="2018" AverageBpm="135.00" DateAdded="2020-02-13" BitRate="1411" SampleRate="44100" Comments="4A - 6" PlayCount="0" Rating="0" Location="file://localhost/Users/zachvp/Music/DJ/Dustin%20Zahn%20-%20Nameless%20Midnight%20(Original%20M.aiff" Remixer="" Tonality="4A" Label="Rekids" Mix="">
      <TEMPO Inizio="0.007" Bpm="135.00" Metro="4/4" Battito="1" />
      <TEMPO Inizio="0.452" Bpm="135.00" Metro="4/4" Battito="2" />
      <TEMPO Inizio="92.897" Bpm="135.00" Metro="4/4" Battito="2" />
      <TEMPO Inizio="209.342" Bpm="135.00" Metro="4/4" Battito="4" />
    </TRACK>
    <TRACK TrackID="66615036" Name="Here To Stay (Dub Mix)" Artist="Filsonik, Soni" Composer="" Album="Here To Stay" Grouping="" Genre="House/Deep/Tech/Jazzy" Kind="AIFF File" Size="80330086" TotalTime="454" DiscNumber="0" TrackNumber="2" Year="2007" AverageBpm="125.00" DateAdded="2020-02-13" BitRate="1411" SampleRate="44100" Comments="5A - 5" PlayCount="1" Rating="0" Location="file://localhost/Users/zachvp/Music/DJ/Filsonik,%20Soni%20-%20Here%20To%20Stay%20(Dub%20Mix).aiff" Remixer="" Tonality="5A" Label="Vega Records" Mix="">
      <TEMPO Inizio="0.047" Bpm="125.00" Metro="4/4" Battito="1" />
      <TEMPO Inizio="77.326" Bpm="125.00" Metro="4/4" Battito="2" />
      <TEMPO Inizio="175.245" Bpm="125.00" Metro="4/4" Battito="2" />
      <TEMPO Inizio="273.644" Bpm="125.00" Metro="4/4" Battito="3" />
      <TEMPO Inizio="371.563" Bpm="125.00" Metro="4/4" Battito="3" />
      <POSITION_MARK Name="" Type="0" Start="30.762" Num="-1" />
      <POSITION_MARK Name="" Type="0" Start="61.489" Num="-1" />
      <POSITION_MARK Name="" Type="0" Start="334.125" Num="-1" />
      <POSITION_MARK Name="" Type="0" Start="337.968" Num="-1" />
      <POSITION_MARK Name="" Type="0" Start="180.508" Num="-1" />
    </TRACK>
    <TRACK TrackID="99664658" Name="Humanity (Original mix)" Artist="Mike Ferreira" Composer="" Album="Humanity EP" Grouping="" Genre="House/Techno/Hype" Kind="AIFF File" Size="86285776" TotalTime="488" DiscNumber="0" TrackNumber="1" Year="2018" AverageBpm="125.00" DateAdded="2020-02-13" BitRate="1411" SampleRate="44100" Comments="7A - 6" PlayCount="0" Rating="0" Location="file://localhost/Users/zachvp/Music/DJ/Mike%20Ferreira%20-%20Humanity%20(Original%20mix).aiff" Remixer="" Tonality="7A" Label="Second Air Records" Mix="">
      <TEMPO Inizio="0.004" Bpm="125.00" Metro="4/4" Battito="3" />
    </TRACK>
    <TRACK TrackID="14613034" Name="Corre Riba, Corre Baxo" Artist="Abel Lima" Composer="" Album="Space Echo - The Mystery Behind the Cosmic Sound of Cabo Verde Finally Revealed!" Grouping="" Genre="Lounge/Acoustic" Kind="AIFF File" Size="33347872" TotalTime="188" DiscNumber="0" TrackNumber="10" Year="2016" AverageBpm="108.52" DateAdded="2020-02-13" BitRate="1411" SampleRate="44100" Comments="8A - 4" PlayCount="3" Rating="0" Location="file://localhost/Users/zachvp/Music/DJ/Abel%20Lima%20-%20Corre%20Riba,%20Corre%20Baxo.aiff" Remixer="" Tonality="8A" Label="" Mix="">
      <TEMPO Inizio="0.259" Bpm="108.52" Metro="4/4" Battito="1" />
      <POSITION_MARK Name="" Type="0" Start="0.282" Num="-1" />
    </TRACK>
    <TRACK TrackID="162586240" Name="waves (Tame Impala Remix)" Artist="Miguel" Composer="" Album="Rogue Waves" Grouping="" Genre="Lounge/Indie" Kind="AIFF File" Size="44739080" TotalTime="253" DiscNumber="0" TrackNumber="1" Year="2016" AverageBpm="107.99" DateAdded="2020-02-13" BitRate="1411" SampleRate="44100" Comments="10B - 6" PlayCount="1" Rating="0" Location="file://localhost/Users/zachvp/Music/DJ/Miguel%20-%20waves%20(Tame%20Impala%20Remix).aiff" Remixer="" Tonality="10B" Label="ByStorm Entertainment/RCA Records" Mix="">
      <TEMPO Inizio="0.308" Bpm="107.99" Metro="4/4" Battito="1" />
    </TRACK>
    <TRACK TrackID="59672988" Name="Beam Me Up (Jacques Renault Remix)" Artist="Midnight Magic" Composer="" Album="Midnight Creepers Remixes" Grouping="" Genre="zzz" Kind="AIFF File" Size="64299446" TotalTime="364" DiscNumber="0" TrackNumber="11" Year="2014" AverageBpm="117.00" DateAdded="2020-02-13" BitRate="1411" SampleRate="44100" Comments="4A - 7" PlayCount="0" Rating="0" Location="file://localhost/Users/zachvp/Music/DJ/Midnight%20Magic%20-%20Beam%20Me%20Up%20(Jacques%20Renaul.aiff" Remixer="Jacques Renault" Tonality="4A" Label="Permanent Vacation" Mix="">
      <TEMPO Inizio="0.231" Bpm="117.00" Metro="4/4" Battito="1" />
    </TRACK>
    <TRACK TrackID="24010114" Name="Breathe (Again) (Original Mix)" Artist="Luxxury" Composer="" Album="How To Be Good EP" Grouping="" Genre="Lounge/Indie" Kind="AIFF File" Size="44743902" TotalTime="253" DiscNumber="0" TrackNumber="1" Year="2016" AverageBpm="116.00" DateAdded="2020-02-13" BitRate="1411" SampleRate="44100" Comments="8A - 7" PlayCount="5" Rating="0" Location="file://localhost/Users/zachvp/Music/DJ/Luxxury%20-%20Breathe%20(Again)%20(Original%20Mix).aiff" Remixer="" Tonality="8A" Label="Nolita Records" Mix="">
      <TEMPO Inizio="0.042" Bpm="116.00" Metro="4/4" Battito="1" />
      <TEMPO Inizio="76.077" Bpm="116.00" Metro="4/4" Battito="4" />
      <TEMPO Inizio="197.112" Bpm="116.00" Metro="4/4" Battito="2" />
      <POSITION_MARK Name="" Type="0" Start="8.316" Num="-1" />
      <POSITION_MARK Name="" Type="0" Start="237.968" Num="-1" />
    </TRACK>
    <TRACK TrackID="114272789" Name="This Is Cocaine (Original Mix)" Artist="Emmanuel Top" Composer="" Album="This Is Cocaine" Grouping="" Genre="House/Techno/Acid" Kind="AIFF File" Size="98436004" TotalTime="557" DiscNumber="0" TrackNumber="1" Year="2017" AverageBpm="124.00" DateAdded="2020-02-13" BitRate="1411" SampleRate="44100" Comments="8A - 5" PlayCount="0" Rating="0" Location="file://localhost/Users/zachvp/Music/DJ/Emmanuel%20Top%20-%20This%20Is%20Cocaine%20(Original%20Mi.aiff" Remixer="" Tonality="8A" Label="Filth on Acid" Mix="">
      <TEMPO Inizio="0.003" Bpm="124.00" Metro="4/4" Battito="1" />
    </TRACK>
    <TRACK TrackID="60061526" Name="Midnight Moving (2000 And One's 1984 Electro Synth Pop Mix)" Artist="Bart Skils" Composer="" Album="Midnight Moving" Grouping="" Genre="House/Tech/Indie/Retro" Kind="AIFF File" Size="71007940" TotalTime="402" DiscNumber="0" TrackNumber="2" Year="2012" AverageBpm="120.00" DateAdded="2020-02-13" BitRate="1411" SampleRate="44100" Comments="5A - 6" PlayCount="2" Rating="0" Location="file://localhost/Users/zachvp/Music/DJ/Bart%20Skils%20-%20Midnight%20Moving%20(2000%20And%20One%27.aiff" Remixer="2000 And One" Tonality="5A" Label="100% Pure" Mix="">
      <TEMPO Inizio="0.026" Bpm="120.00" Metro="4/4" Battito="1" />
    </TRACK>
    <TRACK TrackID="187545783" Name="Howl (Black Dub Remix) (Original Mix)" Artist="Black Asteroid, Zola Jesus" Composer="" Album="Howl (Black Dub Remix)" Grouping="" Genre="House/Techno/" Kind="AIFF File" Size="59097262" TotalTime="334" DiscNumber="0" TrackNumber="1" Year="2017" AverageBpm="128.00" DateAdded="2020-02-13" BitRate="1411" SampleRate="44100" Comments="2A - 6" PlayCount="2" Rating="0" Location="file://localhost/Users/zachvp/Music/DJ/Black%20Asteroid,%20Zola%20Jesus%20-%20Howl%20(Black%20Du.aiff" Remixer="Black Dub" Tonality="2A" Label="Last Gang Records" Mix="">
      <TEMPO Inizio="0.253" Bpm="128.00" Metro="4/4" Battito="1" />
    </TRACK>
    <TRACK TrackID="169972165" Name="Turning (Flume Remix)" Artist="Collarbones" Composer="" Album="Turning - Flume Remix" Grouping="" Genre="House/Tech/Indie/" Kind="AIFF File" Size="58991394" TotalTime="334" DiscNumber="0" TrackNumber="1" Year="2015" AverageBpm="116.00" DateAdded="2020-02-13" BitRate="1411" SampleRate="44100" Comments="3A - 8" PlayCount="0" Rating="0" Location="file://localhost/Users/zachvp/Music/DJ/Collarbones%20-%20Turning%20(Flume%20Remix).aiff" Remixer="Flume" Tonality="3A" Label="Future Classic" Mix="">
      <TEMPO Inizio="0.268" Bpm="116.00" Metro="4/4" Battito="1" />
      <TEMPO Inizio="0.786" Bpm="116.00" Metro="4/4" Battito="2" />
    </TRACK>
    <TRACK TrackID="154420753" Name="Baan Nohk (Wild Dark Remix)" Artist="Dan Buri" Composer="" Album="Baan Nohk" Grouping="" Genre="House/Deep/Melodic" Kind="AIFF File" Size="74915574" TotalTime="423" DiscNumber="0" TrackNumber="2" Year="2020" AverageBpm="118.00" DateAdded="2020-02-17" BitRate="1411" SampleRate="44100" Comments="5A - 5" PlayCount="0" Rating="0" Location="file://localhost/Users/zachvp/Music/DJ/Dan%20Buri%20-%20Baan%20Nohk%20(Wild%20Dark%20Remix).aiff" Remixer="Wild Dark" Tonality="5A" Label="Akbal Music" Mix="">
      <TEMPO Inizio="0.042" Bpm="118.00" Metro="4/4" Battito="1" />
    </TRACK>
    <TRACK TrackID="67486438" Name="Unsettled" Artist="Matt Lange" Composer="" Album="Unsettled" Grouping="" Genre="House/Techno/" Kind="AIFF File" Size="115091656" TotalTime="652" DiscNumber="0" TrackNumber="1" Year="2016" AverageBpm="127.00" DateAdded="2020-02-21" BitRate="1411" SampleRate="44100" Comments="9A - 6" PlayCount="2" Rating="0" Location="file://localhost/Users/zachvp/Music/DJ/Matt%20Lange%20-%20Unsettled.aiff" Remixer="" Tonality="9A" Label="isorhythm music" Mix="">
      <TEMPO Inizio="0.117" Bpm="127.00" Metro="4/4" Battito="1" />
      <TEMPO Inizio="0.590" Bpm="127.00" Metro="4/4" Battito="2" />
    </TRACK>
    <TRACK TrackID="148739697" Name="Fill Your Brains (Original Mix)" Artist="Harrison Brome" Composer="" Album="Fill Your Brains" Grouping="" Genre="Lounge/Acoustic" Kind="AIFF File" Size="38434380" TotalTime="217" DiscNumber="0" TrackNumber="1" Year="2017" AverageBpm="75.00" DateAdded="2020-02-21" BitRate="1411" SampleRate="44100" Comments="2A - 4" PlayCount="3" Rating="0" Location="file://localhost/Users/zachvp/Music/DJ/Harrison%20Brome%20-%20Fill%20Your%20Brains%20(Original.aiff" Remixer="" Tonality="2A" Label="Nettwerk Records" Mix="">
      <TEMPO Inizio="0.097" Bpm="75.00" Metro="4/4" Battito="1" />
    </TRACK>
    <TRACK TrackID="136390426" Name="I Don't Care (Original Mix)" Artist="Eliphino" Composer="" Album="I Don't Care" Grouping="" Genre="House/Deep/Tech/" Kind="AIFF File" Size="65228630" TotalTime="369" DiscNumber="0" TrackNumber="1" Year="2013" AverageBpm="126.00" DateAdded="2020-02-21" BitRate="1411" SampleRate="44100" Comments="6A - 5" PlayCount="2" Rating="0" Location="file://localhost/Users/zachvp/Music/DJ/Eliphino%20-%20I%20Don%27t%20Care%20(Original%20Mix).aiff" Remixer="" Tonality="6A" Label="Hypercolour" Mix="">
      <TEMPO Inizio="0.040" Bpm="126.00" Metro="4/4" Battito="1" />
      <TEMPO Inizio="196.231" Bpm="126.00" Metro="4/4" Battito="1" />
    </TRACK>
    <TRACK TrackID="63072762" Name="Toukan feat. Ahmed Sosso (Dixon Rework Dub)" Artist="Manoo, Raoul K, Ahmed Sosso" Composer="" Album="Toukan EP" Grouping="" Genre="House/Tech/Organic" Kind="AIFF File" Size="75133812" TotalTime="425" DiscNumber="0" TrackNumber="2" Year="2017" AverageBpm="123.00" DateAdded="2020-02-21" BitRate="1411" SampleRate="44100" Comments="2A - 7" PlayCount="1" Rating="0" Location="file://localhost/Users/zachvp/Music/DJ/Ahmed%20Sosso,%20Manoo,%20Raoul%20K%20-%20Toukan%20feat.%20.aiff" Remixer="Dixon" Tonality="2A" Label="Innervisions" Mix="">
      <TEMPO Inizio="0.129" Bpm="123.00" Metro="4/4" Battito="1" />
    </TRACK>
    <TRACK TrackID="21302339" Name="Supernova (Original Mix)" Artist="Mashtronic" Composer="" Album="Supernova" Grouping="" Genre="House/Tech/Indie/Retro" Kind="AIFF File" Size="79790106" TotalTime="451" DiscNumber="0" TrackNumber="1" Year="2006" AverageBpm="124.98" DateAdded="2020-02-21" BitRate="1411" SampleRate="44100" Comments="9A - 7" PlayCount="5" Rating="0" Location="file://localhost/Users/zachvp/Music/DJ/Mashtronic%20-%20Supernova%20(Original%20Mix).aiff" Remixer="" Tonality="9A" Label="SexOnWax Recordings" Mix="">
      <TEMPO Inizio="0.120" Bpm="124.98" Metro="4/4" Battito="3" />
      <TEMPO Inizio="87.973" Bpm="124.98" Metro="4/4" Battito="2" />
      <TEMPO Inizio="182.067" Bpm="124.98" Metro="4/4" Battito="2" />
      <TEMPO Inizio="277.121" Bpm="124.98" Metro="4/4" Battito="4" />
      <TEMPO Inizio="371.215" Bpm="124.98" Metro="4/4" Battito="4" />
      <POSITION_MARK Name="" Type="0" Start="4.911" Num="-1" />
    </TRACK>
    <TRACK TrackID="105834477" Name="In My Head (Original Mix)" Artist="Superpitcher, Fantastic Twins" Composer="" Album="Together Electronic Experience, Vol. 12" Grouping="" Genre="House/Deep/Tech/" Kind="AIFF File" Size="74074780" TotalTime="419" DiscNumber="0" TrackNumber="1" Year="2019" AverageBpm="120.00" DateAdded="2020-02-21" BitRate="1411" SampleRate="44100" Comments="7A - 4" PlayCount="0" Rating="0" Location="file://localhost/Users/zachvp/Music/DJ/11589259_In_My_Head_(Original_Mix).aiff" Remixer="" Tonality="7A" Label="Animé Music" Mix="">
      <TEMPO Inizio="0.122" Bpm="120.00" Metro="4/4" Battito="1" />
      <TEMPO Inizio="360.121" Bpm="120.00" Metro="4/4" Battito="1" />
      <TEMPO Inizio="360.622" Bpm="120.00" Metro="4/4" Battito="2" />
      <TEMPO Inizio="361.121" Bpm="120.00" Metro="4/4" Battito="3" />
      <TEMPO Inizio="361.622" Bpm="120.00" Metro="4/4" Battito="4" />
      <TEMPO Inizio="362.121" Bpm="120.00" Metro="4/4" Battito="1" />
      <TEMPO Inizio="362.622" Bpm="120.00" Metro="4/4" Battito="2" />
      <TEMPO Inizio="363.121" Bpm="120.00" Metro="4/4" Battito="3" />
      <TEMPO Inizio="363.622" Bpm="120.00" Metro="4/4" Battito="4" />
      <TEMPO Inizio="364.121" Bpm="120.00" Metro="4/4" Battito="1" />
      <TEMPO Inizio="364.622" Bpm="120.00" Metro="4/4" Battito="2" />
      <TEMPO Inizio="365.121" Bpm="120.00" Metro="4/4" Battito="3" />
      <TEMPO Inizio="365.622" Bpm="120.00" Metro="4/4" Battito="4" />
      <TEMPO Inizio="366.121" Bpm="120.00" Metro="4/4" Battito="1" />
      <TEMPO Inizio="366.622" Bpm="120.00" Metro="4/4" Battito="2" />
      <TEMPO Inizio="367.121" Bpm="120.00" Metro="4/4" Battito="3" />
      <TEMPO Inizio="367.622" Bpm="120.00" Metro="4/4" Battito="4" />
      <TEMPO Inizio="368.121" Bpm="120.00" Metro="4/4" Battito="1" />
      <TEMPO Inizio="368.622" Bpm="120.00" Metro="4/4" Battito="2" />
      <TEMPO Inizio="369.121" Bpm="120.00" Metro="4/4" Battito="3" />
      <TEMPO Inizio="369.622" Bpm="120.00" Metro="4/4" Battito="4" />
      <TEMPO Inizio="370.121" Bpm="120.00" Metro="4/4" Battito="1" />
      <TEMPO Inizio="370.622" Bpm="120.00" Metro="4/4" Battito="2" />
      <TEMPO Inizio="371.121" Bpm="120.00" Metro="4/4" Battito="3" />
      <TEMPO Inizio="371.622" Bpm="120.00" Metro="4/4" Battito="4" />
      <TEMPO Inizio="372.121" Bpm="120.00" Metro="4/4" Battito="1" />
      <TEMPO Inizio="372.622" Bpm="120.00" Metro="4/4" Battito="2" />
      <TEMPO Inizio="373.121" Bpm="120.00" Metro="4/4" Battito="3" />
      <TEMPO Inizio="373.622" Bpm="120.00" Metro="4/4" Battito="4" />
      <TEMPO Inizio="374.121" Bpm="120.00" Metro="4/4" Battito="1" />
      <TEMPO Inizio="374.622" Bpm="120.00" Metro="4/4" Battito="2" />
      <TEMPO Inizio="375.121" Bpm="120.00" Metro="4/4" Battito="3" />
      <TEMPO Inizio="375.622" Bpm="120.00" Metro="4/4" Battito="4" />
      <TEMPO Inizio="376.121" Bpm="120.00" Metro="4/4" Battito="1" />
      <TEMPO Inizio="376.622" Bpm="120.00" Metro="4/4" Battito="2" />
      <TEMPO Inizio="377.121" Bpm="120.00" Metro="4/4" Battito="3" />
      <TEMPO Inizio="377.622" Bpm="120.00" Metro="4/4" Battito="4" />
      <TEMPO Inizio="378.121" Bpm="120.00" Metro="4/4" Battito="1" />
      <TEMPO Inizio="378.622" Bpm="120.00" Metro="4/4" Battito="2" />
      <TEMPO Inizio="379.121" Bpm="120.00" Metro="4/4" Battito="3" />
      <TEMPO Inizio="379.622" Bpm="120.00" Metro="4/4" Battito="4" />
      <TEMPO Inizio="380.121" Bpm="120.00" Metro="4/4" Battito="1" />
      <TEMPO Inizio="380.622" Bpm="120.00" Metro="4/4" Battito="2" />
      <TEMPO Inizio="381.121" Bpm="120.00" Metro="4/4" Battito="3" />
      <TEMPO Inizio="381.622" Bpm="120.00" Metro="4/4" Battito="4" />
      <TEMPO Inizio="382.121" Bpm="120.00" Metro="4/4" Battito="1" />
      <TEMPO Inizio="382.622" Bpm="120.00" Metro="4/4" Battito="2" />
      <TEMPO Inizio="383.121" Bpm="120.00" Metro="4/4" Battito="3" />
    </TRACK>
    <TRACK TrackID="12106877" Name="Sixty Nine Ways (Original Mix)" Artist="Cloud 69" Composer="" Album="Sixty Nine Ways" Grouping="" Genre="House/Tech/Indie/Progressive" Kind="AIFF File" Size="86935348" TotalTime="491" DiscNumber="0" TrackNumber="1" Year="2015" AverageBpm="137.01" DateAdded="2020-02-21" BitRate="1411" SampleRate="44100" Comments="5A - 7" PlayCount="0" Rating="0" Location="file://localhost/Users/zachvp/Music/DJ/Cloud%2069%20-%20Sixty%20Nine%20Ways%20(Original%20Mix).aiff" Remixer="" Tonality="5A" Label="Bonzai Classics" Mix="">
      <TEMPO Inizio="0.328" Bpm="137.01" Metro="4/4" Battito="1" />
    </TRACK>
    <TRACK TrackID="234161410" Name="Ready For The Floor (Extended Version)" Artist="Hot Chip" Composer="" Album="Ready For The Floor - Extended Version" Grouping="" Genre="House/Tech/Indie/" Kind="AIFF File" Size="76473384" TotalTime="433" DiscNumber="0" TrackNumber="1" Year="2017" AverageBpm="128.96" DateAdded="2020-02-21" BitRate="1411" SampleRate="44100" Comments="1A - 6" PlayCount="1" Rating="0" Location="file://localhost/Users/zachvp/Music/DJ/Hot%20Chip%20-%20Ready%20For%20The%20Floor%20(Extended%20Ve.aiff" Remixer="" Tonality="1A" Label="Domino" Mix="">
      <TEMPO Inizio="0.046" Bpm="128.96" Metro="4/4" Battito="1" />
      <TEMPO Inizio="33.080" Bpm="128.96" Metro="4/4" Battito="4" />
      <TEMPO Inizio="66.114" Bpm="128.96" Metro="4/4" Battito="3" />
      <TEMPO Inizio="106.127" Bpm="128.96" Metro="4/4" Battito="1" />
      <TEMPO Inizio="139.161" Bpm="128.96" Metro="4/4" Battito="4" />
      <TEMPO Inizio="181.035" Bpm="128.96" Metro="4/4" Battito="2" />
      <TEMPO Inizio="221.048" Bpm="128.96" Metro="4/4" Battito="4" />
      <TEMPO Inizio="262.922" Bpm="128.96" Metro="4/4" Battito="2" />
      <TEMPO Inizio="295.956" Bpm="128.96" Metro="4/4" Battito="1" />
      <TEMPO Inizio="335.969" Bpm="128.96" Metro="4/4" Battito="3" />
      <TEMPO Inizio="377.843" Bpm="128.96" Metro="4/4" Battito="1" />
      <TEMPO Inizio="410.877" Bpm="128.96" Metro="4/4" Battito="4" />
      <POSITION_MARK Name="" Type="0" Start="141.487" Num="-1" />
      <POSITION_MARK Name="" Type="0" Start="402.011" Num="-1" />
      <POSITION_MARK Name="" Type="0" Start="141.487" Num="0" Red="40" Green="226" Blue="20" />
      <POSITION_MARK Name="" Type="0" Start="297.818" Num="-1" />
    </TRACK>
    <TRACK TrackID="166933518" Name="Keep It Down (feat. Colette) (Radio Slave Dub)" Artist="Colette, Greens Keepers" Composer="" Album="Global Underground: TWENTY" Grouping="" Genre="House/Tech/Progressive" Kind="AIFF File" Size="104032738" TotalTime="589" DiscNumber="0" TrackNumber="36" Year="2017" AverageBpm="123.98" DateAdded="2020-02-21" BitRate="1411" SampleRate="44100" Comments="4A - 6" PlayCount="0" Rating="0" Location="file://localhost/Users/zachvp/Music/DJ/Colette,%20Greens%20Keepers%20-%20Keep%20It%20Down%20(fea.aiff" Remixer="" Tonality="4A" Label="Global Underground" Mix="">
      <TEMPO Inizio="0.000" Bpm="123.98" Metro="4/4" Battito="1" />
    </TRACK>
    <TRACK TrackID="157607293" Name="Enma" Artist="4D414E" Composer="" Album="COD3 QR 004" Grouping="" Genre="House/Techno/" Kind="AIFF File" Size="98700292" TotalTime="558" DiscNumber="0" TrackNumber="1" Year="2019" AverageBpm="127.00" DateAdded="2020-02-21" BitRate="1411" SampleRate="44100" Comments="3A - 6" PlayCount="1" Rating="0" Location="file://localhost/Users/zachvp/Music/DJ/Manuel-M%20-%20Enma.aiff" Remixer="" Tonality="3A" Label="COD3 QR" Mix="">
      <TEMPO Inizio="0.003" Bpm="127.00" Metro="4/4" Battito="3" />
    </TRACK>
    <TRACK TrackID="20797337" Name="Tomorrow Comes Today (Original Mix)" Artist="Gorillaz" Composer="" Album="Gorillaz" Grouping="" Genre="Lounge/Indie" Kind="AIFF File" Size="34207868" TotalTime="193" DiscNumber="0" TrackNumber="3" Year="2011" AverageBpm="93.23" DateAdded="2020-02-21" BitRate="1411" SampleRate="44100" Comments="12A - 6" PlayCount="0" Rating="0" Location="file://localhost/Users/zachvp/Music/DJ/Gorillaz%20-%20Tomorrow%20Comes%20Today%20(Original%20M.aiff" Remixer="" Tonality="12A" Label="Parlophone UK" Mix="">
      <TEMPO Inizio="0.385" Bpm="93.23" Metro="4/4" Battito="4" />
    </TRACK>
    <TRACK TrackID="150943378" Name="How Do You Do It" Artist="Empress Of" Composer="" Album="Me" Grouping="" Genre="Lounge/Indie" Kind="AIFF File" Size="60594616" TotalTime="228" DiscNumber="0" TrackNumber="4" Year="2015" AverageBpm="121.00" DateAdded="2020-02-21" BitRate="1411" SampleRate="44100" Comments="9A - 8" PlayCount="0" Rating="0" Location="file://localhost/Users/zachvp/Music/DJ/Empress%20Of%20-%20How%20Do%20You%20Do%20It.aiff" Remixer="" Tonality="9A" Label="" Mix="">
      <TEMPO Inizio="0.136" Bpm="121.00" Metro="4/4" Battito="2" />
    </TRACK>
    <TRACK TrackID="42494608" Name="Weak (Tiger Stripes Remix)" Artist="Maya Jane Coles" Composer="" Album="Weak, Vol. 1" Grouping="" Genre="House/Tech/" Kind="AIFF File" Size="68482966" TotalTime="387" DiscNumber="0" TrackNumber="1" Year="2017" AverageBpm="125.00" DateAdded="2020-02-21" BitRate="1411" SampleRate="44100" Comments="7A - 6" PlayCount="0" Rating="0" Location="file://localhost/Users/zachvp/Music/DJ/Maya%20Jane%20Coles%20-%20Weak%20(Tiger%20Stripes%20Remix.aiff" Remixer="Tiger Stripes" Tonality="7A" Label="I/AM/ME (BMG)" Mix="">
      <TEMPO Inizio="0.072" Bpm="125.00" Metro="4/4" Battito="1" />
      <TEMPO Inizio="13.993" Bpm="125.00" Metro="4/4" Battito="2" />
      <TEMPO Inizio="319.754" Bpm="125.00" Metro="4/4" Battito="3" />
    </TRACK>
    <TRACK TrackID="32687586" Name="Faith (Jazzanova Remix)" Artist="Amp Fiddler Feat. Miss Yolanda" Composer="" Album="Ridin'/faith" Grouping="" Genre="Lounge/" Kind="AIFF File" Size="78048328" TotalTime="442" DiscNumber="0" TrackNumber="2" Year="2007" AverageBpm="105.00" DateAdded="2020-02-21" BitRate="1411" SampleRate="44100" Comments="12A - 7" PlayCount="2" Rating="0" Location="file://localhost/Users/zachvp/Music/DJ/Amp%20Fiddler,%20Miss%20Yolanda%20-%20Faith%20(Jazzanov.aiff" Remixer="" Tonality="12A" Label="Genuine" Mix="">
      <TEMPO Inizio="0.280" Bpm="105.00" Metro="4/4" Battito="1" />
      <TEMPO Inizio="23.136" Bpm="105.00" Metro="4/4" Battito="1" />
      <TEMPO Inizio="47.135" Bpm="105.00" Metro="4/4" Battito="3" />
      <TEMPO Inizio="67.134" Bpm="105.00" Metro="4/4" Battito="2" />
      <TEMPO Inizio="93.990" Bpm="105.00" Metro="4/4" Battito="1" />
      <TEMPO Inizio="116.846" Bpm="105.00" Metro="4/4" Battito="1" />
      <TEMPO Inizio="139.702" Bpm="105.00" Metro="4/4" Battito="1" />
      <TEMPO Inizio="163.701" Bpm="105.00" Metro="4/4" Battito="3" />
      <TEMPO Inizio="183.700" Bpm="105.00" Metro="4/4" Battito="2" />
      <TEMPO Inizio="203.699" Bpm="105.00" Metro="4/4" Battito="1" />
      <TEMPO Inizio="223.698" Bpm="105.00" Metro="4/4" Battito="4" />
      <TEMPO Inizio="247.697" Bpm="105.00" Metro="4/4" Battito="2" />
      <TEMPO Inizio="267.696" Bpm="105.00" Metro="4/4" Battito="1" />
      <TEMPO Inizio="287.695" Bpm="105.00" Metro="4/4" Battito="4" />
      <TEMPO Inizio="311.694" Bpm="105.00" Metro="4/4" Battito="2" />
      <TEMPO Inizio="331.693" Bpm="105.00" Metro="4/4" Battito="1" />
      <TEMPO Inizio="351.692" Bpm="105.00" Metro="4/4" Battito="4" />
      <TEMPO Inizio="375.691" Bpm="105.00" Metro="4/4" Battito="2" />
      <TEMPO Inizio="395.690" Bpm="105.00" Metro="4/4" Battito="1" />
      <TEMPO Inizio="418.546" Bpm="105.00" Metro="4/4" Battito="1" />
      <POSITION_MARK Name="" Type="0" Start="18.563" Num="-1" />
      <POSITION_MARK Name="" Type="0" Start="55.127" Num="-1" />
      <POSITION_MARK Name="" Type="0" Start="320.252" Num="-1" />
      <POSITION_MARK Name="" Type="0" Start="210.560" Num="-1" />
      <POSITION_MARK Name="" Type="0" Start="283.696" Num="-1" />
    </TRACK>
    <TRACK TrackID="39269515" Name="On Hold (Jamie xx Remix)" Artist="The XX" Composer="" Album="On Hold (Jamie xx Remix)" Grouping="" Genre="House/Tech/Indie/" Kind="AIFF File" Size="65615880" TotalTime="371" DiscNumber="0" TrackNumber="1" Year="2017" AverageBpm="128.19" DateAdded="2020-02-21" BitRate="1411" SampleRate="44100" Comments="5A - 6" PlayCount="0" Rating="0" Location="file://localhost/Users/zachvp/Music/DJ/The%20XX%20-%20On%20Hold%20(Jamie%20xx%20Remix).aiff" Remixer="Jamie XX" Tonality="5A" Label="Young Turks" Mix="">
      <TEMPO Inizio="0.071" Bpm="128.20" Metro="4/4" Battito="1" />
      <TEMPO Inizio="153.580" Bpm="128.20" Metro="4/4" Battito="1" />
      <TEMPO Inizio="154.517" Bpm="128.20" Metro="4/4" Battito="3" />
      <TEMPO Inizio="291.645" Bpm="128.20" Metro="4/4" Battito="4" />
      <TEMPO Inizio="292.114" Bpm="128.20" Metro="4/4" Battito="1" />
      <TEMPO Inizio="346.403" Bpm="128.20" Metro="4/4" Battito="1" />
      <TEMPO Inizio="346.872" Bpm="128.20" Metro="4/4" Battito="2" />
    </TRACK>
    <TRACK TrackID="41519187" Name="Trust (Original Mix)" Artist="Jay Lumen" Composer="" Album="Trust EP" Grouping="" Genre="House/Techno/Acid" Kind="AIFF File" Size="78381436" TotalTime="444" DiscNumber="0" TrackNumber="1" Year="2018" AverageBpm="128.00" DateAdded="2020-02-21" BitRate="1411" SampleRate="44100" Comments="1A - 6" PlayCount="1" Rating="0" Location="file://localhost/Users/zachvp/Music/DJ/Jay%20Lumen%20-%20Trust%20(Original%20Mix).aiff" Remixer="" Tonality="1A" Label="Footwork" Mix="">
      <TEMPO Inizio="0.102" Bpm="128.00" Metro="4/4" Battito="1" />
    </TRACK>
    <TRACK TrackID="166448641" Name="Deathcounter (Original Mix)" Artist="Microwave Prince" Composer="" Album="Deathcounter" Grouping="" Genre="House/Techno/Hype" Kind="AIFF File" Size="94621672" TotalTime="535" DiscNumber="0" TrackNumber="1" Year="2011" AverageBpm="133.97" DateAdded="2020-02-21" BitRate="1411" SampleRate="44100" Comments="8A - 6" PlayCount="0" Rating="0" Location="file://localhost/Users/zachvp/Music/DJ/Microwave%20Prince%20-%20Deathcounter%20(Original%20M.aiff" Remixer="" Tonality="8A" Label="Le Petit Prince" Mix="">
      <TEMPO Inizio="0.095" Bpm="133.98" Metro="4/4" Battito="1" />
    </TRACK>
    <TRACK TrackID="262162763" Name="Body Shake" Artist="Gene Farris" Composer="" Album="New Jack City" Grouping="" Genre="House/Tech/Hard" Kind="AIFF File" Size="78256116" TotalTime="443" DiscNumber="0" TrackNumber="2" Year="2019" AverageBpm="123.00" DateAdded="2020-02-21" BitRate="1411" SampleRate="44100" Comments="9A - 6" PlayCount="0" Rating="0" Location="file://localhost/Users/zachvp/Music/DJ/Gene%20Farris%20-%20Body%20Shake.aiff" Remixer="" Tonality="9A" Label="Sola" Mix="">
      <TEMPO Inizio="0.249" Bpm="123.00" Metro="4/4" Battito="1" />
    </TRACK>
    <TRACK TrackID="62373368" Name="Time 2 Turn Around (Club Vox)" Artist="Jerry Ropero, Denis The Menace, Francesco Diaz" Composer="" Album="Pride - 40 Years 40 Tracks" Grouping="" Genre="House/Tech/Indie/" Kind="AIFF File" Size="97460292" TotalTime="552" DiscNumber="0" TrackNumber="8" Year="2009" AverageBpm="129.00" DateAdded="2020-02-21" BitRate="1411" SampleRate="44100" Comments="7A - 8" PlayCount="1" Rating="0" Location="file://localhost/Users/zachvp/Music/DJ/Denis%20The%20Menace,%20Francesco%20Diaz,%20Jerry%20Rop.aiff" Remixer="" Tonality="7A" Label="The Saturday Club" Mix="">
      <TEMPO Inizio="0.162" Bpm="129.00" Metro="4/4" Battito="1" />
      <TEMPO Inizio="1.558" Bpm="129.00" Metro="4/4" Battito="4" />
      <TEMPO Inizio="515.512" Bpm="129.00" Metro="4/4" Battito="1" />
      <POSITION_MARK Name="" Type="0" Start="0.167" Num="-1" />
      <POSITION_MARK Name="" Type="0" Start="271.770" Num="-1" />
      <POSITION_MARK Name="" Type="0" Start="59.699" Num="-1" />
      <POSITION_MARK Name="" Type="0" Start="301.559" Num="-1" />
      <POSITION_MARK Name="" Type="0" Start="331.304" Num="-1" />
      <POSITION_MARK Name="" Type="0" Start="361.071" Num="-1" />
      <POSITION_MARK Name="" Type="0" Start="491.340" Num="-1" />
    </TRACK>
    <TRACK TrackID="195789169" Name="Micioux (Original Mix)" Artist="Paolo Mojo, Newbie Nerdz" Composer="" Album="Micioux" Grouping="" Genre="House/Tech/Groove" Kind="AIFF File" Size="65039236" TotalTime="367" DiscNumber="0" TrackNumber="1" Year="2013" AverageBpm="122.00" DateAdded="2020-02-21" BitRate="1411" SampleRate="44100" Comments="9A - 6" PlayCount="0" Rating="0" Location="file://localhost/Users/zachvp/Music/DJ/Newbie%20Nerdz,%20Paolo%20Mojo%20-%20Micioux%20(Origina.aiff" Remixer="" Tonality="9A" Label="303Lovers" Mix="">
      <TEMPO Inizio="0.032" Bpm="122.00" Metro="4/4" Battito="1" />
    </TRACK>
    <TRACK TrackID="77402095" Name="Don't Miss feat. Jinadu (Acumen &amp; Timid Boy Remix)" Artist="Jinadu, Fake Mood" Composer="" Album="Don't Miss" Grouping="" Genre="House/Tech/Progressive" Kind="AIFF File" Size="82198342" TotalTime="465" DiscNumber="0" TrackNumber="2" Year="2018" AverageBpm="123.00" DateAdded="2020-02-21" BitRate="1411" SampleRate="44100" Comments="5A - 6" PlayCount="0" Rating="0" Location="file://localhost/Users/zachvp/Music/DJ/Fake%20Mood,%20Jinadu%20-%20Don%27t%20Miss%20feat.%20Jinadu.aiff" Remixer="Acumen, Timid Boy" Tonality="5A" Label="Time Has Changed Records" Mix="">
      <TEMPO Inizio="0.131" Bpm="123.00" Metro="4/4" Battito="1" />
    </TRACK>
    <TRACK TrackID="80347189" Name="Burn Up (Sublime Mix)" Artist="Electronica" Composer="" Album="" Grouping="" Genre="House/Tech/Indie/Progressive" Kind="AIFF File" Size="55495186" TotalTime="314" DiscNumber="0" TrackNumber="0" Year="0" AverageBpm="128.18" DateAdded="2020-02-21" BitRate="1411" SampleRate="44100" Comments="6A - 7" PlayCount="2" Rating="0" Location="file://localhost/Users/zachvp/Music/DJ/Electronica%20-%20Burn%20Up%20(Sublime%20Mix).aiff" Remixer="" Tonality="6A" Label="Grand Music" Mix="">
      <TEMPO Inizio="0.081" Bpm="128.18" Metro="4/4" Battito="1" />
      <TEMPO Inizio="12.720" Bpm="128.18" Metro="4/4" Battito="4" />
      <TEMPO Inizio="30.508" Bpm="128.18" Metro="4/4" Battito="2" />
      <TEMPO Inizio="53.445" Bpm="128.18" Metro="4/4" Battito="3" />
      <TEMPO Inizio="71.233" Bpm="128.18" Metro="4/4" Battito="1" />
      <TEMPO Inizio="93.702" Bpm="128.18" Metro="4/4" Battito="1" />
      <TEMPO Inizio="116.639" Bpm="128.18" Metro="4/4" Battito="2" />
      <TEMPO Inizio="134.427" Bpm="128.18" Metro="4/4" Battito="4" />
      <TEMPO Inizio="157.364" Bpm="128.18" Metro="4/4" Battito="1" />
      <TEMPO Inizio="175.152" Bpm="128.18" Metro="4/4" Battito="3" />
      <TEMPO Inizio="197.621" Bpm="128.18" Metro="4/4" Battito="3" />
      <TEMPO Inizio="220.558" Bpm="128.18" Metro="4/4" Battito="4" />
      <TEMPO Inizio="238.346" Bpm="128.18" Metro="4/4" Battito="2" />
      <TEMPO Inizio="260.815" Bpm="128.18" Metro="4/4" Battito="2" />
      <TEMPO Inizio="283.752" Bpm="128.18" Metro="4/4" Battito="3" />
      <TEMPO Inizio="301.540" Bpm="128.18" Metro="4/4" Battito="1" />
    </TRACK>
    <TRACK TrackID="151408429" Name="Let Me Love You (Original Mix)" Artist="DJ Rasoul" Composer="" Album="Rhythm Lounge 3" Grouping="" Genre="House/Deep/Tech/Jazzy" Kind="AIFF File" Size="87252136" TotalTime="494" DiscNumber="0" TrackNumber="1" Year="2003" AverageBpm="121.00" DateAdded="2020-02-21" BitRate="1411" SampleRate="44100" Comments="6A - 6" PlayCount="1" Rating="0" Location="file://localhost/Users/zachvp/Music/DJ/60170_Let_Me_Love_You_(Original_Mix).aiff" Remixer="" Tonality="6A" Label="Large Music" Mix="">
      <TEMPO Inizio="0.079" Bpm="121.00" Metro="4/4" Battito="1" />
      <TEMPO Inizio="36.788" Bpm="121.00" Metro="4/4" Battito="3" />
      <POSITION_MARK Name="" Type="0" Start="15.943" Num="-1" />
      <POSITION_MARK Name="" Type="0" Start="31.811" Num="-1" />
      <POSITION_MARK Name="" Type="0" Start="63.546" Num="-1" />
      <POSITION_MARK Name="" Type="0" Start="95.282" Num="-1" />
      <POSITION_MARK Name="" Type="0" Start="222.240" Num="-1" />
      <POSITION_MARK Name="" Type="0" Start="269.844" Num="-1" />
      <POSITION_MARK Name="" Type="0" Start="301.581" Num="-1" />
    </TRACK>
    <TRACK TrackID="232094215" Name="Untitled (Original Mix)" Artist="Deeprider" Composer="" Album="Unknown Movements" Grouping="" Genre="House/Deep/Tech/" Kind="AIFF File" Size="76907076" TotalTime="435" DiscNumber="0" TrackNumber="1" Year="2010" AverageBpm="120.01" DateAdded="2020-02-21" BitRate="1411" SampleRate="44100" Comments="10A - 5" PlayCount="3" Rating="0" Location="file://localhost/Users/zachvp/Music/DJ/Deeprider%20-%20Untitled%20(Original%20Mix).aiff" Remixer="" Tonality="10A" Label="Etoka Logue" Mix="">
      <TEMPO Inizio="0.103" Bpm="120.01" Metro="4/4" Battito="1" />
      <POSITION_MARK Name="" Type="0" Start="0.032" Num="-1" />
    </TRACK>
    <TRACK TrackID="25608192" Name="Shake It Shake It (NB's Flatline Mix)" Artist="Nasser Baker" Composer="" Album="Shake It Shake It" Grouping="" Genre="House/Tech/Groove" Kind="AIFF File" Size="59678530" TotalTime="338" DiscNumber="0" TrackNumber="2" Year="2019" AverageBpm="125.00" DateAdded="2020-02-21" BitRate="1411" SampleRate="44100" Comments="11A - 6" PlayCount="1" Rating="0" Location="file://localhost/Users/zachvp/Music/DJ/Nasser%20Baker%20-%20Shake%20It%20Shake%20It%20(NB%27s%20Flat.aiff" Remixer="" Tonality="11A" Label="Objektivity" Mix="">
      <TEMPO Inizio="0.081" Bpm="125.00" Metro="4/4" Battito="1" />
      <TEMPO Inizio="328.400" Bpm="125.00" Metro="4/4" Battito="1" />
    </TRACK>
    <TRACK TrackID="40987" Name="Burning (Vibe Mix)" Artist="MK" Composer="" Album="Defected presents MK In The House" Grouping="" Genre="House/Tech/Groove" Kind="AIFF File" Size="61955292" TotalTime="350" DiscNumber="0" TrackNumber="26" Year="2013" AverageBpm="119.69" DateAdded="2020-02-21" BitRate="1411" SampleRate="44100" Comments="11A - 7" PlayCount="0" Rating="0" Location="file://localhost/Users/zachvp/Music/DJ/MK%20-%20Burning%20(Vibe%20Mix).aiff" Remixer="" Tonality="11A" Label="Defected" Mix="">
      <TEMPO Inizio="0.085" Bpm="119.69" Metro="4/4" Battito="1" />
      <TEMPO Inizio="2.592" Bpm="119.69" Metro="4/4" Battito="2" />
      <TEMPO Inizio="27.156" Bpm="119.69" Metro="4/4" Battito="3" />
      <TEMPO Inizio="38.185" Bpm="119.69" Metro="4/4" Battito="1" />
      <TEMPO Inizio="59.240" Bpm="119.69" Metro="4/4" Battito="3" />
      <TEMPO Inizio="80.295" Bpm="119.69" Metro="4/4" Battito="1" />
      <TEMPO Inizio="101.350" Bpm="119.69" Metro="4/4" Battito="3" />
      <TEMPO Inizio="122.405" Bpm="119.69" Metro="4/4" Battito="1" />
      <TEMPO Inizio="143.460" Bpm="119.69" Metro="4/4" Battito="3" />
      <TEMPO Inizio="164.515" Bpm="119.69" Metro="4/4" Battito="1" />
      <TEMPO Inizio="180.557" Bpm="119.69" Metro="4/4" Battito="1" />
      <TEMPO Inizio="201.612" Bpm="119.69" Metro="4/4" Battito="3" />
      <TEMPO Inizio="222.667" Bpm="119.69" Metro="4/4" Battito="1" />
      <TEMPO Inizio="243.722" Bpm="119.69" Metro="4/4" Battito="3" />
      <TEMPO Inizio="264.777" Bpm="119.69" Metro="4/4" Battito="1" />
      <TEMPO Inizio="285.832" Bpm="119.69" Metro="4/4" Battito="3" />
      <TEMPO Inizio="301.874" Bpm="119.69" Metro="4/4" Battito="3" />
      <TEMPO Inizio="326.438" Bpm="119.69" Metro="4/4" Battito="4" />
      <TEMPO Inizio="337.467" Bpm="119.69" Metro="4/4" Battito="2" />
    </TRACK>
    <TRACK TrackID="190667686" Name="Gammelan (Original Mix)" Artist="Lauer" Composer="" Album="Borndom" Grouping="" Genre="Lounge/Indie" Kind="AIFF File" Size="64597028" TotalTime="365" DiscNumber="0" TrackNumber="2" Year="2015" AverageBpm="116.00" DateAdded="2020-02-21" BitRate="1411" SampleRate="44100" Comments="9B - 6" PlayCount="0" Rating="0" Location="file://localhost/Users/zachvp/Music/DJ/Lauer%20-%20Gammelan%20(Original%20Mix).aiff" Remixer="" Tonality="9B" Label="Permanent Vacation" Mix="">
      <TEMPO Inizio="0.203" Bpm="116.00" Metro="4/4" Battito="1" />
      <TEMPO Inizio="1.238" Bpm="116.00" Metro="4/4" Battito="3" />
    </TRACK>
    <TRACK TrackID="119882169" Name="Reminder (Original Mix)" Artist="Moderat" Composer="" Album="Reminder" Grouping="" Genre="Lounge/Indie" Kind="AIFF File" Size="41415952" TotalTime="234" DiscNumber="0" TrackNumber="1" Year="2016" AverageBpm="80.00" DateAdded="2020-02-21" BitRate="1411" SampleRate="44100" Comments="8A - 7" PlayCount="0" Rating="0" Location="file://localhost/Users/zachvp/Music/DJ/Moderat%20-%20Reminder%20(Original%20Mix).aiff" Remixer="" Tonality="8A" Label="Monkeytown Records" Mix="">
      <TEMPO Inizio="0.108" Bpm="80.00" Metro="4/4" Battito="1" />
      <TEMPO Inizio="79.607" Bpm="80.00" Metro="4/4" Battito="3" />
      <TEMPO Inizio="80.358" Bpm="80.00" Metro="4/4" Battito="4" />
      <TEMPO Inizio="81.857" Bpm="80.00" Metro="4/4" Battito="2" />
      <TEMPO Inizio="83.358" Bpm="80.00" Metro="4/4" Battito="4" />
      <TEMPO Inizio="84.107" Bpm="80.00" Metro="4/4" Battito="1" />
      <TEMPO Inizio="187.606" Bpm="80.00" Metro="4/4" Battito="3" />
      <TEMPO Inizio="188.357" Bpm="80.00" Metro="4/4" Battito="4" />
      <TEMPO Inizio="189.856" Bpm="80.00" Metro="4/4" Battito="2" />
      <TEMPO Inizio="191.357" Bpm="80.00" Metro="4/4" Battito="4" />
      <TEMPO Inizio="192.106" Bpm="80.00" Metro="4/4" Battito="1" />
    </TRACK>
    <TRACK TrackID="160647764" Name="You And I feat. Cari Golden  (Original Mix)" Artist="Cari Golden, Fur Coat" Composer="" Album="You And I" Grouping="" Genre="House/Deep/Tech/Spacey" Kind="AIFF File" Size="83657274" TotalTime="473" DiscNumber="0" TrackNumber="1" Year="2012" AverageBpm="123.00" DateAdded="2020-02-21" BitRate="1411" SampleRate="44100" Comments="12A - 6" PlayCount="2" Rating="0" Location="file://localhost/Users/zachvp/Music/DJ/Cari%20Golden,%20Fur%20Coat%20-%20You%20And%20I%20feat.%20Car.aiff" Remixer="" Tonality="12A" Label="Crosstown Rebels" Mix="">
      <TEMPO Inizio="0.002" Bpm="123.00" Metro="4/4" Battito="1" />
    </TRACK>
    <TRACK TrackID="161672376" Name="Rumors On The Dancefloor (Part 1) (Original Mix)" Artist="Guy Gerber, Miss Kittin" Composer="" Album="Rumors On The Dancefloor" Grouping="" Genre="House/Deep/Tech/" Kind="AIFF File" Size="81504162" TotalTime="461" DiscNumber="0" TrackNumber="1" Year="2015" AverageBpm="124.00" DateAdded="2020-02-21" BitRate="1411" SampleRate="44100" Comments="5A - 6" PlayCount="2" Rating="0" Location="file://localhost/Users/zachvp/Music/DJ/6856164_Rumors_On_The_Dancefloor_(Part_1)_(Original_Mix).aiff" Remixer="" Tonality="5A" Label="Rumors" Mix="">
      <TEMPO Inizio="0.007" Bpm="124.00" Metro="4/4" Battito="1" />
    </TRACK>
    <TRACK TrackID="267529376" Name="Done (Original Mix)" Artist="Noir, Cari Golden" Composer="" Album="Done / Undone" Grouping="" Genre="House/Techno/Acid" Kind="AIFF File" Size="76023416" TotalTime="430" DiscNumber="0" TrackNumber="1" Year="2018" AverageBpm="134.00" DateAdded="2020-02-21" BitRate="1411" SampleRate="44100" Comments="9A - 7" PlayCount="0" Rating="0" Location="file://localhost/Users/zachvp/Music/DJ/Cari%20Golden,%20Noir%20-%20Done%20(Original%20Mix).aiff" Remixer="" Tonality="9A" Label="Noir Music" Mix="">
      <TEMPO Inizio="0.031" Bpm="134.00" Metro="4/4" Battito="1" />
    </TRACK>
    <TRACK TrackID="79435794" Name="The Ceiling (Original Mix)" Artist="Knarly Knob, Toile" Composer="" Album="The Ceiling" Grouping="" Genre="House/Deep/Tech/" Kind="AIFF File" Size="82888644" TotalTime="469" DiscNumber="0" TrackNumber="1" Year="2017" AverageBpm="124.00" DateAdded="2020-02-21" BitRate="1411" SampleRate="44100" Comments="9A - 5" PlayCount="1" Rating="0" Location="file://localhost/Users/zachvp/Music/DJ/Knarly%20Knob,%20Toile%20-%20The%20Ceiling%20(Original%20.aiff" Remixer="" Tonality="9A" Label="Emotive Sounds" Mix="">
      <TEMPO Inizio="0.131" Bpm="124.00" Metro="4/4" Battito="3" />
    </TRACK>
    <TRACK TrackID="157540001" Name="Prototype (Original Mix)" Artist="Rex The Dog" Composer="" Album="Prototype" Grouping="" Genre="House/Tech/Indie/Retro" Kind="AIFF File" Size="65094970" TotalTime="368" DiscNumber="0" TrackNumber="1" Year="2004" AverageBpm="122.00" DateAdded="2020-02-21" BitRate="1411" SampleRate="44100" Comments="6A - 6" PlayCount="0" Rating="0" Location="file://localhost/Users/zachvp/Music/DJ/Rex%20The%20Dog%20-%20Prototype%20(Original%20Mix).aiff" Remixer="" Tonality="6A" Label="Kompakt" Mix="">
      <TEMPO Inizio="0.304" Bpm="122.00" Metro="4/4" Battito="1" />
    </TRACK>
    <TRACK TrackID="246633279" Name="Super Star Struck" Artist="Franc Moody" Composer="" Album="Super Star Struck" Grouping="" Genre="Lounge/Indie" Kind="AIFF File" Size="38747930" TotalTime="219" DiscNumber="0" TrackNumber="1" Year="2017" AverageBpm="92.59" DateAdded="2020-02-21" BitRate="1411" SampleRate="44100" Comments="8A - 6" PlayCount="0" Rating="0" Location="file://localhost/Users/zachvp/Music/DJ/Franc%20Moody%20-%20Super%20Star%20Struck.aiff" Remixer="" Tonality="8A" Label="Juicebox Recordings" Mix="">
      <TEMPO Inizio="0.033" Bpm="92.59" Metro="4/4" Battito="1" />
      <TEMPO Inizio="3.922" Bpm="92.59" Metro="4/4" Battito="3" />
      <TEMPO Inizio="187.310" Bpm="92.59" Metro="4/4" Battito="2" />
    </TRACK>
    <TRACK TrackID="260430842" Name="Until the Early Light (Original Mix)" Artist="Tiger Stripes" Composer="" Album="Into Desolation" Grouping="" Genre="zzz" Kind="AIFF File" Size="65433530" TotalTime="370" DiscNumber="0" TrackNumber="3" Year="2019" AverageBpm="128.00" DateAdded="2020-02-21" BitRate="1411" SampleRate="44100" Comments="10A - 5" PlayCount="0" Rating="0" Location="file://localhost/Users/zachvp/Music/DJ/Tiger%20Stripes%20-%20Until%20the%20Early%20Light%20(Orig.aiff" Remixer="" Tonality="10A" Label="Drumcode" Mix="">
      <TEMPO Inizio="0.001" Bpm="128.00" Metro="4/4" Battito="1" />
    </TRACK>
    <TRACK TrackID="176912907" Name="Follow Your Heart feat. Rick Galactik (Hot Since 82 Remix)" Artist="Kevin Hedge, Rick Galactik" Composer="" Album="Follow Your Heart" Grouping="" Genre="zzz" Kind="AIFF File" Size="88741762" TotalTime="502" DiscNumber="0" TrackNumber="7" Year="2019" AverageBpm="120.00" DateAdded="2020-02-21" BitRate="1411" SampleRate="44100" Comments="3A - 6" PlayCount="0" Rating="0" Location="file://localhost/Users/zachvp/Music/DJ/Kevin%20Hedge,%20Rick%20Galactik%20-%20Follow%20Your%20He.aiff" Remixer="Hot Since 82" Tonality="3A" Label="4 To The Floor Records" Mix="">
      <TEMPO Inizio="0.031" Bpm="120.00" Metro="4/4" Battito="1" />
      <TEMPO Inizio="10.032" Bpm="120.00" Metro="4/4" Battito="1" />
      <TEMPO Inizio="10.531" Bpm="120.00" Metro="4/4" Battito="2" />
      <TEMPO Inizio="11.032" Bpm="120.00" Metro="4/4" Battito="3" />
      <TEMPO Inizio="11.531" Bpm="120.00" Metro="4/4" Battito="4" />
      <TEMPO Inizio="12.032" Bpm="120.00" Metro="4/4" Battito="1" />
      <TEMPO Inizio="12.531" Bpm="120.00" Metro="4/4" Battito="2" />
      <TEMPO Inizio="13.032" Bpm="120.00" Metro="4/4" Battito="3" />
      <TEMPO Inizio="13.531" Bpm="120.00" Metro="4/4" Battito="4" />
      <TEMPO Inizio="14.032" Bpm="120.00" Metro="4/4" Battito="1" />
      <TEMPO Inizio="14.531" Bpm="120.00" Metro="4/4" Battito="2" />
      <TEMPO Inizio="15.032" Bpm="120.00" Metro="4/4" Battito="3" />
      <TEMPO Inizio="15.531" Bpm="120.00" Metro="4/4" Battito="4" />
      <TEMPO Inizio="16.032" Bpm="120.00" Metro="4/4" Battito="1" />
      <TEMPO Inizio="16.531" Bpm="120.00" Metro="4/4" Battito="2" />
      <TEMPO Inizio="17.032" Bpm="120.00" Metro="4/4" Battito="3" />
      <TEMPO Inizio="17.531" Bpm="120.00" Metro="4/4" Battito="4" />
      <TEMPO Inizio="18.032" Bpm="120.00" Metro="4/4" Battito="1" />
      <TEMPO Inizio="18.531" Bpm="120.00" Metro="4/4" Battito="2" />
      <TEMPO Inizio="19.032" Bpm="120.00" Metro="4/4" Battito="3" />
      <TEMPO Inizio="19.531" Bpm="120.00" Metro="4/4" Battito="4" />
      <TEMPO Inizio="20.032" Bpm="120.00" Metro="4/4" Battito="1" />
      <TEMPO Inizio="225.033" Bpm="120.00" Metro="4/4" Battito="3" />
      <TEMPO Inizio="225.532" Bpm="120.00" Metro="4/4" Battito="4" />
      <TEMPO Inizio="226.033" Bpm="120.00" Metro="4/4" Battito="1" />
      <TEMPO Inizio="226.532" Bpm="120.00" Metro="4/4" Battito="2" />
      <TEMPO Inizio="227.033" Bpm="120.00" Metro="4/4" Battito="3" />
      <TEMPO Inizio="227.532" Bpm="120.00" Metro="4/4" Battito="4" />
      <TEMPO Inizio="228.033" Bpm="120.00" Metro="4/4" Battito="1" />
      <TEMPO Inizio="228.532" Bpm="120.00" Metro="4/4" Battito="2" />
      <TEMPO Inizio="229.033" Bpm="120.00" Metro="4/4" Battito="3" />
      <TEMPO Inizio="229.532" Bpm="120.00" Metro="4/4" Battito="4" />
      <TEMPO Inizio="230.033" Bpm="120.00" Metro="4/4" Battito="1" />
      <TEMPO Inizio="230.532" Bpm="120.00" Metro="4/4" Battito="2" />
      <TEMPO Inizio="231.033" Bpm="120.00" Metro="4/4" Battito="3" />
      <TEMPO Inizio="231.532" Bpm="120.00" Metro="4/4" Battito="4" />
      <TEMPO Inizio="232.033" Bpm="120.00" Metro="4/4" Battito="1" />
      <TEMPO Inizio="232.532" Bpm="120.00" Metro="4/4" Battito="2" />
      <TEMPO Inizio="233.033" Bpm="120.00" Metro="4/4" Battito="3" />
      <TEMPO Inizio="233.532" Bpm="120.00" Metro="4/4" Battito="4" />
      <TEMPO Inizio="234.033" Bpm="120.00" Metro="4/4" Battito="1" />
      <TEMPO Inizio="234.532" Bpm="120.00" Metro="4/4" Battito="2" />
      <TEMPO Inizio="235.033" Bpm="120.00" Metro="4/4" Battito="3" />
      <TEMPO Inizio="441.034" Bpm="120.00" Metro="4/4" Battito="3" />
      <TEMPO Inizio="441.533" Bpm="120.00" Metro="4/4" Battito="4" />
      <TEMPO Inizio="442.034" Bpm="120.00" Metro="4/4" Battito="1" />
      <TEMPO Inizio="442.533" Bpm="120.00" Metro="4/4" Battito="2" />
      <TEMPO Inizio="443.034" Bpm="120.00" Metro="4/4" Battito="3" />
      <TEMPO Inizio="443.533" Bpm="120.00" Metro="4/4" Battito="4" />
      <TEMPO Inizio="444.034" Bpm="120.00" Metro="4/4" Battito="1" />
      <TEMPO Inizio="444.533" Bpm="120.00" Metro="4/4" Battito="2" />
      <TEMPO Inizio="445.034" Bpm="120.00" Metro="4/4" Battito="3" />
      <TEMPO Inizio="445.533" Bpm="120.00" Metro="4/4" Battito="4" />
      <TEMPO Inizio="446.034" Bpm="120.00" Metro="4/4" Battito="1" />
      <TEMPO Inizio="446.533" Bpm="120.00" Metro="4/4" Battito="2" />
      <TEMPO Inizio="447.034" Bpm="120.00" Metro="4/4" Battito="3" />
      <TEMPO Inizio="447.533" Bpm="120.00" Metro="4/4" Battito="4" />
      <TEMPO Inizio="448.034" Bpm="120.00" Metro="4/4" Battito="1" />
      <TEMPO Inizio="448.533" Bpm="120.00" Metro="4/4" Battito="2" />
      <TEMPO Inizio="449.034" Bpm="120.00" Metro="4/4" Battito="3" />
      <TEMPO Inizio="449.533" Bpm="120.00" Metro="4/4" Battito="4" />
      <TEMPO Inizio="450.034" Bpm="120.00" Metro="4/4" Battito="1" />
    </TRACK>
    <TRACK TrackID="133131568" Name="Say Goodbye feat. Julee Cruise (LoSoul She's Homeless Mix)" Artist="Khan" Composer="" Album="Say Goodbye Remixes" Grouping="" Genre="House/Deep/Tech/Jazzy" Kind="AIFF File" Size="76196970" TotalTime="431" DiscNumber="0" TrackNumber="1" Year="2006" AverageBpm="116.00" DateAdded="2020-02-21" BitRate="1411" SampleRate="44100" Comments="4A - 5" PlayCount="0" Rating="0" Location="file://localhost/Users/zachvp/Music/DJ/Khan%20-%20Say%20Goodbye%20feat.%20Julee%20Cruise%20(LoSo.aiff" Remixer="LoSoul" Tonality="4A" Label="Playhouse" Mix="">
      <TEMPO Inizio="0.430" Bpm="116.00" Metro="4/4" Battito="1" />
      <TEMPO Inizio="0.948" Bpm="116.00" Metro="4/4" Battito="2" />
      <TEMPO Inizio="106.983" Bpm="116.00" Metro="4/4" Battito="3" />
      <TEMPO Inizio="273.018" Bpm="116.00" Metro="4/4" Battito="4" />
      <TEMPO Inizio="424.053" Bpm="116.00" Metro="4/4" Battito="4" />
    </TRACK>
    <TRACK TrackID="82039816" Name="Gimme Some (Hunter/Game Mix)" Artist="Weval" Composer="" Album="Kompakt: Total 15 " Grouping="" Genre="House/Techno/Downtempo" Kind="AIFF File" Size="61719990" TotalTime="349" DiscNumber="0" TrackNumber="21" Year="2015" AverageBpm="120.00" DateAdded="2020-02-29" BitRate="1411" SampleRate="44100" Comments="12A - 5" PlayCount="1" Rating="0" Location="file://localhost/Users/zachvp/Music/DJ/Weval%20-%20Gimme%20Some%20(Hunter-Game%20Mix).aiff" Remixer="Hunter/Game" Tonality="12A" Label="Kompakt" Mix="">
      <TEMPO Inizio="0.012" Bpm="120.00" Metro="4/4" Battito="1" />
    </TRACK>
    <TRACK TrackID="166236040" Name="Circles (Extended Mix)" Artist="Matt Fax" Composer="" Album="Circles / Aura Lusia" Grouping="" Genre="House/Deep/Melodic" Kind="AIFF File" Size="91523782" TotalTime="518" DiscNumber="0" TrackNumber="1" Year="2017" AverageBpm="124.00" DateAdded="2020-02-29" BitRate="1411" SampleRate="44100" Comments="1A - 7" PlayCount="0" Rating="0" Location="file://localhost/Users/zachvp/Music/DJ/Matt%20Fax%20-%20Circles%20(Extended%20Mix).aiff" Remixer="" Tonality="1A" Label="Colorize (Enhanced)" Mix="">
      <TEMPO Inizio="0.002" Bpm="124.00" Metro="4/4" Battito="1" />
    </TRACK>
    <TRACK TrackID="134293612" Name="Hurricanes (Original Mix)" Artist="Tom Hades" Composer="" Album="Hurricanes EP" Grouping="" Genre="House/Techno/" Kind="AIFF File" Size="69523020" TotalTime="393" DiscNumber="0" TrackNumber="1" Year="2016" AverageBpm="128.00" DateAdded="2020-02-29" BitRate="1411" SampleRate="44100" Comments="5A - 6" PlayCount="0" Rating="0" Location="file://localhost/Users/zachvp/Music/DJ/Tom%20Hades%20-%20Hurricanes%20(Original%20Mix).aiff" Remixer="" Tonality="5A" Label="Rhythm Converted" Mix="">
      <TEMPO Inizio="0.103" Bpm="128.00" Metro="4/4" Battito="1" />
    </TRACK>
    <TRACK TrackID="129881054" Name="Anymore (Manuel Tur Remix)" Artist="Monoplay" Composer="" Album="Anymore" Grouping="" Genre="House/Deep/Tech/" Kind="AIFF File" Size="89674584" TotalTime="507" DiscNumber="0" TrackNumber="2" Year="2016" AverageBpm="119.00" DateAdded="2020-02-29" BitRate="1411" SampleRate="44100" Comments="7A - 5" PlayCount="0" Rating="0" Location="file://localhost/Users/zachvp/Music/DJ/Monoplay%20-%20Anymore%20(Manuel%20Tur%20Remix).aiff" Remixer="Manuel Tur" Tonality="7A" Label="Poker Flat Recordings" Mix="">
      <TEMPO Inizio="0.122" Bpm="119.00" Metro="4/4" Battito="1" />
      <TEMPO Inizio="8.694" Bpm="119.00" Metro="4/4" Battito="2" />
      <TEMPO Inizio="199.787" Bpm="119.00" Metro="4/4" Battito="1" />
      <TEMPO Inizio="390.880" Bpm="119.00" Metro="4/4" Battito="4" />
    </TRACK>
    <TRACK TrackID="75978146" Name="Conversation (Original Mix)" Artist="Kaiserbeat" Composer="" Album="Bud Sampler, Pt. 1" Grouping="" Genre="House/Deep/Tech/" Kind="AIFF File" Size="83088684" TotalTime="470" DiscNumber="0" TrackNumber="4" Year="2013" AverageBpm="125.00" DateAdded="2020-02-29" BitRate="1411" SampleRate="44100" Comments="6A - 6" PlayCount="4" Rating="0" Location="file://localhost/Users/zachvp/Music/DJ/Kaiserbeat%20-%20Conversation%20(Original%20Mix).aiff" Remixer="" Tonality="6A" Label="Etruria Beat" Mix="">
      <TEMPO Inizio="0.083" Bpm="125.00" Metro="4/4" Battito="1" />
      <POSITION_MARK Name="" Type="0" Start="1.987" Num="-1" />
    </TRACK>
    <TRACK TrackID="91201447" Name="Woodblock (Club Edit)" Artist="Mineo, CASisDEAD" Composer="" Album="Do It Again (Club Edit)" Grouping="" Genre="House/Tech/Groove" Kind="AIFF File" Size="45766954" TotalTime="259" DiscNumber="0" TrackNumber="2" Year="2017" AverageBpm="125.00" DateAdded="2020-02-29" BitRate="1411" SampleRate="44100" Comments="7A - 6" PlayCount="0" Rating="0" Location="file://localhost/Users/zachvp/Music/DJ/CASisDEAD,%20Mineo%20-%20Woodblock%20(Club%20Edit).aiff" Remixer="" Tonality="7A" Label="Sony Music Entertainment" Mix="">
      <TEMPO Inizio="0.016" Bpm="125.00" Metro="4/4" Battito="1" />
    </TRACK>
    <TRACK TrackID="236154418" Name="The Beat (Original Mix)" Artist="Jupiter Pace" Composer="" Album="Deepened Music, Vol. 5" Grouping="" Genre="House/Tech/Progressive" Kind="AIFF File" Size="73942720" TotalTime="418" DiscNumber="0" TrackNumber="6" Year="2019" AverageBpm="124.00" DateAdded="2020-02-29" BitRate="1411" SampleRate="44100" Comments="3A - 6" PlayCount="1" Rating="0" Location="file://localhost/Users/zachvp/Music/DJ/Jupiter%20Pace%20-%20The%20Beat%20(Original%20Mix).aiff" Remixer="" Tonality="3A" Label="Variety Music" Mix="">
      <TEMPO Inizio="0.119" Bpm="124.00" Metro="4/4" Battito="1" />
    </TRACK>
    <TRACK TrackID="1509188" Name="Rockstar (Original Mix)" Artist="Angel Heredia" Composer="" Album="Carousel EP" Grouping="" Genre="House/Tech/Organic" Kind="AIFF File" Size="76298696" TotalTime="430" DiscNumber="0" TrackNumber="2" Year="2015" AverageBpm="126.00" DateAdded="2020-02-29" BitRate="1411" SampleRate="44100" Comments="8A - 7" PlayCount="0" Rating="0" Location="file://localhost/Users/zachvp/Music/DJ/Angel%20Heredia%20-%20Rockstar%20(Original%20Mix).aiff" Remixer="" Tonality="8A" Label="Huambo Records" Mix="">
      <TEMPO Inizio="0.000" Bpm="126.00" Metro="4/4" Battito="1" />
      <TEMPO Inizio="0.477" Bpm="126.00" Metro="4/4" Battito="2" />
      <TEMPO Inizio="396.668" Bpm="126.00" Metro="4/4" Battito="2" />
      <POSITION_MARK Name="" Type="0" Start="60.948" Num="-1" />
      <POSITION_MARK Name="" Type="0" Start="274.292" Num="-1" />
      <POSITION_MARK Name="" Type="0" Start="304.763" Num="-1" />
      <POSITION_MARK Name="" Type="0" Start="335.240" Num="-1" />
      <POSITION_MARK Name="" Type="0" Start="365.706" Num="-1" />
    </TRACK>
    <TRACK TrackID="60572231" Name="Sale El Sol (Original Mix)" Artist="Mirco Caruso" Composer="" Album="Sale El Sol EP" Grouping="" Genre="House/Tech/Organic" Kind="AIFF File" Size="82186056" TotalTime="465" DiscNumber="0" TrackNumber="1" Year="2016" AverageBpm="123.00" DateAdded="2020-02-29" BitRate="1411" SampleRate="44100" Comments="6A - 6" PlayCount="2" Rating="0" Location="file://localhost/Users/zachvp/Music/DJ/Mirco%20Caruso%20-%20Sale%20El%20Sol%20(Original%20Mix).aiff" Remixer="" Tonality="6A" Label="Hive Audio" Mix="">
      <TEMPO Inizio="0.030" Bpm="123.00" Metro="4/4" Battito="1" />
      <POSITION_MARK Name="" Type="0" Start="62.492" Num="-1" />
      <POSITION_MARK Name="" Type="0" Start="124.909" Num="-1" />
      <POSITION_MARK Name="" Type="0" Start="140.507" Num="-1" />
      <POSITION_MARK Name="" Type="0" Start="327.836" Num="-1" />
      <POSITION_MARK Name="" Type="0" Start="249.779" Num="-1" />
      <POSITION_MARK Name="" Type="0" Start="359.052" Num="-1" />
    </TRACK>
    <TRACK TrackID="27299875" Name="Machines (Original Mix)" Artist="Gallya" Composer="" Album="Machines" Grouping="" Genre="House/Techno/Downtempo" Kind="AIFF File" Size="78959530" TotalTime="447" DiscNumber="0" TrackNumber="1" Year="2017" AverageBpm="125.00" DateAdded="2020-02-29" BitRate="1411" SampleRate="44100" Comments="7A - 5" PlayCount="5" Rating="0" Location="file://localhost/Users/zachvp/Music/DJ/Gallya%20-%20Machines%20(Original%20Mix).aiff" Remixer="" Tonality="7A" Label="Set About" Mix="">
      <TEMPO Inizio="0.033" Bpm="125.00" Metro="4/4" Battito="1" />
      <POSITION_MARK Name="" Type="0" Start="76.816" Num="-1" />
      <POSITION_MARK Name="" Type="0" Start="261.153" Num="-1" />
      <POSITION_MARK Name="" Type="0" Start="307.227" Num="-1" />
      <POSITION_MARK Name="" Type="0" Start="322.601" Num="-1" />
    </TRACK>
    <TRACK TrackID="258650084" Name="Moonvalley (Original Mix)" Artist="Blond:ish" Composer="" Album="Deep As Hell, Vol. 6" Grouping="" Genre="House/Deep/Melodic" Kind="AIFF File" Size="58926978" TotalTime="333" DiscNumber="0" TrackNumber="1" Year="2018" AverageBpm="120.00" DateAdded="2020-02-29" BitRate="1411" SampleRate="44100" Comments="3A - 7" PlayCount="1" Rating="0" Location="file://localhost/Users/zachvp/Music/DJ/Blondish%20-%20Moonvalley%20(Original%20Mix).aiff" Remixer="" Tonality="3A" Label="Colore" Mix="">
      <TEMPO Inizio="0.149" Bpm="120.00" Metro="4/4" Battito="1" />
      <TEMPO Inizio="0.648" Bpm="120.00" Metro="4/4" Battito="2" />
      <TEMPO Inizio="1.149" Bpm="120.00" Metro="4/4" Battito="3" />
      <TEMPO Inizio="1.648" Bpm="120.00" Metro="4/4" Battito="4" />
      <TEMPO Inizio="2.149" Bpm="120.00" Metro="4/4" Battito="1" />
      <TEMPO Inizio="2.648" Bpm="120.00" Metro="4/4" Battito="2" />
      <TEMPO Inizio="3.149" Bpm="120.00" Metro="4/4" Battito="3" />
      <TEMPO Inizio="3.648" Bpm="120.00" Metro="4/4" Battito="4" />
      <TEMPO Inizio="4.149" Bpm="120.00" Metro="4/4" Battito="1" />
      <TEMPO Inizio="4.648" Bpm="120.00" Metro="4/4" Battito="2" />
      <TEMPO Inizio="5.149" Bpm="120.00" Metro="4/4" Battito="3" />
      <TEMPO Inizio="5.648" Bpm="120.00" Metro="4/4" Battito="4" />
      <TEMPO Inizio="6.149" Bpm="120.00" Metro="4/4" Battito="1" />
      <TEMPO Inizio="6.648" Bpm="120.00" Metro="4/4" Battito="2" />
      <TEMPO Inizio="7.149" Bpm="120.00" Metro="4/4" Battito="3" />
      <TEMPO Inizio="7.648" Bpm="120.00" Metro="4/4" Battito="4" />
      <TEMPO Inizio="8.149" Bpm="120.00" Metro="4/4" Battito="1" />
      <TEMPO Inizio="8.648" Bpm="120.00" Metro="4/4" Battito="2" />
      <TEMPO Inizio="9.149" Bpm="120.00" Metro="4/4" Battito="3" />
      <TEMPO Inizio="9.648" Bpm="120.00" Metro="4/4" Battito="4" />
      <TEMPO Inizio="10.149" Bpm="120.00" Metro="4/4" Battito="1" />
      <TEMPO Inizio="10.648" Bpm="120.00" Metro="4/4" Battito="2" />
      <TEMPO Inizio="11.149" Bpm="120.00" Metro="4/4" Battito="3" />
      <TEMPO Inizio="11.648" Bpm="120.00" Metro="4/4" Battito="4" />
      <TEMPO Inizio="12.149" Bpm="120.00" Metro="4/4" Battito="1" />
      <TEMPO Inizio="12.648" Bpm="120.00" Metro="4/4" Battito="2" />
      <TEMPO Inizio="13.149" Bpm="120.00" Metro="4/4" Battito="3" />
      <TEMPO Inizio="13.648" Bpm="120.00" Metro="4/4" Battito="4" />
      <TEMPO Inizio="14.149" Bpm="120.00" Metro="4/4" Battito="1" />
      <TEMPO Inizio="14.648" Bpm="120.00" Metro="4/4" Battito="2" />
      <TEMPO Inizio="15.149" Bpm="120.00" Metro="4/4" Battito="3" />
      <TEMPO Inizio="15.648" Bpm="120.00" Metro="4/4" Battito="4" />
      <TEMPO Inizio="16.149" Bpm="120.00" Metro="4/4" Battito="1" />
      <TEMPO Inizio="16.648" Bpm="120.00" Metro="4/4" Battito="2" />
      <TEMPO Inizio="17.149" Bpm="120.00" Metro="4/4" Battito="3" />
      <TEMPO Inizio="17.648" Bpm="120.00" Metro="4/4" Battito="4" />
      <TEMPO Inizio="18.149" Bpm="120.00" Metro="4/4" Battito="1" />
      <TEMPO Inizio="18.648" Bpm="120.00" Metro="4/4" Battito="2" />
      <TEMPO Inizio="19.149" Bpm="120.00" Metro="4/4" Battito="3" />
      <TEMPO Inizio="19.648" Bpm="120.00" Metro="4/4" Battito="4" />
      <TEMPO Inizio="20.149" Bpm="120.00" Metro="4/4" Battito="1" />
      <TEMPO Inizio="20.648" Bpm="120.00" Metro="4/4" Battito="2" />
      <TEMPO Inizio="21.149" Bpm="120.00" Metro="4/4" Battito="3" />
      <TEMPO Inizio="21.648" Bpm="120.00" Metro="4/4" Battito="4" />
      <TEMPO Inizio="22.149" Bpm="120.00" Metro="4/4" Battito="1" />
      <TEMPO Inizio="22.648" Bpm="120.00" Metro="4/4" Battito="2" />
      <TEMPO Inizio="23.149" Bpm="120.00" Metro="4/4" Battito="3" />
      <TEMPO Inizio="23.648" Bpm="120.00" Metro="4/4" Battito="4" />
      <TEMPO Inizio="24.149" Bpm="120.00" Metro="4/4" Battito="1" />
      <TEMPO Inizio="24.648" Bpm="120.00" Metro="4/4" Battito="2" />
      <TEMPO Inizio="25.149" Bpm="120.00" Metro="4/4" Battito="3" />
      <TEMPO Inizio="25.648" Bpm="120.00" Metro="4/4" Battito="4" />
      <TEMPO Inizio="26.149" Bpm="120.00" Metro="4/4" Battito="1" />
      <TEMPO Inizio="26.648" Bpm="120.00" Metro="4/4" Battito="2" />
      <TEMPO Inizio="27.149" Bpm="120.00" Metro="4/4" Battito="3" />
      <TEMPO Inizio="27.648" Bpm="120.00" Metro="4/4" Battito="4" />
      <TEMPO Inizio="28.149" Bpm="120.00" Metro="4/4" Battito="1" />
      <TEMPO Inizio="28.648" Bpm="120.00" Metro="4/4" Battito="2" />
      <TEMPO Inizio="29.149" Bpm="120.00" Metro="4/4" Battito="3" />
      <TEMPO Inizio="29.648" Bpm="120.00" Metro="4/4" Battito="4" />
      <TEMPO Inizio="30.149" Bpm="120.00" Metro="4/4" Battito="1" />
      <TEMPO Inizio="30.648" Bpm="120.00" Metro="4/4" Battito="2" />
      <TEMPO Inizio="31.149" Bpm="120.00" Metro="4/4" Battito="3" />
      <TEMPO Inizio="31.648" Bpm="120.00" Metro="4/4" Battito="4" />
      <TEMPO Inizio="32.149" Bpm="120.00" Metro="4/4" Battito="1" />
      <TEMPO Inizio="32.648" Bpm="120.00" Metro="4/4" Battito="2" />
      <TEMPO Inizio="33.149" Bpm="120.00" Metro="4/4" Battito="3" />
      <TEMPO Inizio="33.648" Bpm="120.00" Metro="4/4" Battito="4" />
      <TEMPO Inizio="34.149" Bpm="120.00" Metro="4/4" Battito="1" />
      <TEMPO Inizio="34.648" Bpm="120.00" Metro="4/4" Battito="2" />
      <TEMPO Inizio="35.149" Bpm="120.00" Metro="4/4" Battito="3" />
      <TEMPO Inizio="35.648" Bpm="120.00" Metro="4/4" Battito="4" />
      <TEMPO Inizio="36.149" Bpm="120.00" Metro="4/4" Battito="1" />
      <TEMPO Inizio="36.648" Bpm="120.00" Metro="4/4" Battito="2" />
      <TEMPO Inizio="37.149" Bpm="120.00" Metro="4/4" Battito="3" />
      <TEMPO Inizio="37.648" Bpm="120.00" Metro="4/4" Battito="4" />
      <TEMPO Inizio="38.149" Bpm="120.00" Metro="4/4" Battito="1" />
      <TEMPO Inizio="38.648" Bpm="120.00" Metro="4/4" Battito="2" />
      <TEMPO Inizio="39.149" Bpm="120.00" Metro="4/4" Battito="3" />
      <TEMPO Inizio="39.648" Bpm="120.00" Metro="4/4" Battito="4" />
    </TRACK>
    <TRACK TrackID="111191425" Name="Cubismo 8.3 (Original Mix)" Artist="Architectural" Composer="" Album="Cubismo" Grouping="" Genre="House/Techno/" Kind="AIFF File" Size="78154592" TotalTime="442" DiscNumber="0" TrackNumber="3" Year="2017" AverageBpm="123.00" DateAdded="2020-02-29" BitRate="1411" SampleRate="44100" Comments="4A - 4" PlayCount="1" Rating="0" Location="file://localhost/Users/zachvp/Music/DJ/Architectural%20-%20Cubismo%208.3%20(Original%20Mix).aiff" Remixer="" Tonality="4A" Label="Architectural" Mix="">
      <TEMPO Inizio="0.171" Bpm="123.00" Metro="4/4" Battito="4" />
    </TRACK>
    <TRACK TrackID="95221774" Name="Like A Sweet Dream (Original Mix)" Artist="Of Norway, Linnea Dale" Composer="" Album="Pets" Grouping="" Genre="House/Deep/Tech/Spacey" Kind="AIFF File" Size="59872018" TotalTime="338" DiscNumber="0" TrackNumber="8" Year="2019" AverageBpm="125.00" DateAdded="2020-02-29" BitRate="1411" SampleRate="44100" Comments="9A - 6" PlayCount="0" Rating="0" Location="file://localhost/Users/zachvp/Music/DJ/Linnea%20Dale,%20Of%20Norway%20-%20Like%20A%20Sweet%20Dream.aiff" Remixer="" Tonality="9A" Label="Beatservice Projects" Mix="">
      <TEMPO Inizio="0.352" Bpm="125.00" Metro="4/4" Battito="1" />
      <TEMPO Inizio="161.633" Bpm="125.00" Metro="4/4" Battito="1" />
    </TRACK>
    <TRACK TrackID="4588390" Name="New Dorp New York (Monodisco Remix)" Artist="SBTRKT" Composer="" Album="Discomixes" Grouping="" Genre="House/Deep/Tech/Jazzy" Kind="AIFF File" Size="55830922" TotalTime="315" DiscNumber="0" TrackNumber="5" Year="2018" AverageBpm="119.00" DateAdded="2020-02-29" BitRate="1411" SampleRate="44100" Comments="5A - 5" PlayCount="0" Rating="0" Location="file://localhost/Users/zachvp/Music/DJ/SBTRKT%20-%20New%20Dorp%20New%20York%20(Monodisco%20Remix.aiff" Remixer="Monodisco" Tonality="5A" Label="THESTROY" Mix="">
      <TEMPO Inizio="0.023" Bpm="119.00" Metro="4/4" Battito="1" />
      <TEMPO Inizio="126.074" Bpm="119.00" Metro="4/4" Battito="3" />
    </TRACK>
    <TRACK TrackID="10873646" Name="Party Day (Akufen Honey Moon Remix)" Artist="Cosmo Vitelli" Composer="" Album="Party Day" Grouping="" Genre="House/Tech/Indie/" Kind="AIFF File" Size="66456702" TotalTime="376" DiscNumber="0" TrackNumber="3" Year="2002" AverageBpm="120.01" DateAdded="2020-02-29" BitRate="1411" SampleRate="44100" Comments="12A - 5" PlayCount="1" Rating="0" Location="file://localhost/Users/zachvp/Music/DJ/Cosmo%20Vitelli%20-%20Party%20Day%20(Akufen%20Honey%20Moo.aiff" Remixer="Akufen" Tonality="12A" Label="Tong" Mix="">
      <TEMPO Inizio="0.037" Bpm="120.01" Metro="4/4" Battito="1" />
      <TEMPO Inizio="37.036" Bpm="120.01" Metro="4/4" Battito="3" />
      <TEMPO Inizio="61.035" Bpm="120.01" Metro="4/4" Battito="3" />
      <TEMPO Inizio="108.033" Bpm="120.01" Metro="4/4" Battito="1" />
      <TEMPO Inizio="155.031" Bpm="120.01" Metro="4/4" Battito="3" />
      <TEMPO Inizio="202.029" Bpm="120.01" Metro="4/4" Battito="1" />
      <TEMPO Inizio="226.028" Bpm="120.01" Metro="4/4" Battito="1" />
      <TEMPO Inizio="273.026" Bpm="120.01" Metro="4/4" Battito="3" />
      <TEMPO Inizio="320.024" Bpm="120.01" Metro="4/4" Battito="1" />
      <TEMPO Inizio="367.022" Bpm="120.01" Metro="4/4" Battito="3" />
    </TRACK>
    <TRACK TrackID="207640583" Name="A Beat For You (Original Mix)" Artist="Glen Adams" Composer="" Album="A Beat For You" Grouping="" Genre="Lounge/" Kind="AIFF File" Size="79952544" TotalTime="452" DiscNumber="0" TrackNumber="1" Year="2017" AverageBpm="76.65" DateAdded="2020-02-29" BitRate="1411" SampleRate="44100" Comments="8A - 5" PlayCount="1" Rating="0" Location="file://localhost/Users/zachvp/Music/DJ/Glen%20Adams%20-%20A%20Beat%20For%20You%20(Original%20Mix).aiff" Remixer="" Tonality="8A" Label="Emotional Rescue" Mix="">
      <TEMPO Inizio="0.757" Bpm="76.65" Metro="4/4" Battito="3" />
      <POSITION_MARK Name="" Type="0" Start="33.632" Num="-1" />
      <POSITION_MARK Name="" Type="0" Start="2.345" Num="-1" />
    </TRACK>
    <TRACK TrackID="81995230" Name="Strange Days (Original Mix)" Artist="Jewel Kid" Composer="" Album="Techno Tools Vol. 9" Grouping="" Genre="House/Techno/Downtempo" Kind="AIFF File" Size="78355028" TotalTime="443" DiscNumber="0" TrackNumber="1" Year="2014" AverageBpm="126.00" DateAdded="2020-02-29" BitRate="1411" SampleRate="44100" Comments="12A - 6" PlayCount="1" Rating="0" Location="file://localhost/Users/zachvp/Music/DJ/Jewel%20Kid%20-%20Strange%20Days%20(Original%20Mix).aiff" Remixer="" Tonality="12A" Label="Suara" Mix="">
      <TEMPO Inizio="0.474" Bpm="126.00" Metro="4/4" Battito="2" />
      <TEMPO Inizio="1.427" Bpm="126.00" Metro="4/4" Battito="4" />
      <TEMPO Inizio="117.618" Bpm="126.00" Metro="4/4" Battito="4" />
      <TEMPO Inizio="266.190" Bpm="126.00" Metro="4/4" Battito="4" />
      <TEMPO Inizio="422.381" Bpm="126.00" Metro="4/4" Battito="4" />
    </TRACK>
    <TRACK TrackID="84840000" Name="Your Love (Original Mix)" Artist="Qubiko" Composer="" Album="Your Love" Grouping="" Genre="House/Tech/" Kind="AIFF File" Size="76815210" TotalTime="435" DiscNumber="0" TrackNumber="1" Year="2017" AverageBpm="123.00" DateAdded="2020-02-29" BitRate="1411" SampleRate="44100" Comments="6A - 6" PlayCount="1" Rating="0" Location="file://localhost/Users/zachvp/Music/DJ/Qubiko%20-%20Your%20Love%20(Original%20Mix).aiff" Remixer="" Tonality="6A" Label="DVINE Sounds" Mix="">
      <TEMPO Inizio="0.002" Bpm="123.00" Metro="4/4" Battito="1" />
    </TRACK>
    <TRACK TrackID="42910553" Name="Inject (Original Mix)" Artist="Komplex, Jeroen Search" Composer="" Album="Search Collection Volume 3" Grouping="" Genre="House/Deep/Tech/Spacey" Kind="AIFF File" Size="45998532" TotalTime="260" DiscNumber="0" TrackNumber="13" Year="2015" AverageBpm="137.02" DateAdded="2020-02-29" BitRate="1411" SampleRate="44100" Comments="7A - 5" PlayCount="0" Rating="0" Location="file://localhost/Users/zachvp/Music/DJ/Jeroen%20Search,%20Komplex%20-%20Inject%20(Original%20M.aiff" Remixer="" Tonality="7A" Label="Basic Beat" Mix="">
      <TEMPO Inizio="0.001" Bpm="137.02" Metro="4/4" Battito="1" />
    </TRACK>
    <TRACK TrackID="76040163" Name="Devotion (Original Mix)" Artist="Transcode" Composer="" Album="Devotion" Grouping="" Genre="House/Techno/" Kind="AIFF File" Size="79770826" TotalTime="451" DiscNumber="0" TrackNumber="1" Year="2020" AverageBpm="128.00" DateAdded="2020-02-29" BitRate="1411" SampleRate="44100" Comments="1A - 6" PlayCount="0" Rating="0" Location="file://localhost/Users/zachvp/Music/DJ/Transcode%20-%20Devotion%20(Original%20Mix).aiff" Remixer="" Tonality="1A" Label="Terminal M" Mix="">
      <TEMPO Inizio="0.001" Bpm="128.00" Metro="4/4" Battito="1" />
    </TRACK>
    <TRACK TrackID="141470082" Name="This Sweet Love (Prins Thomas Sneaky Edit)" Artist="James Yuill" Composer="" Album="Kitsune Maison Compilation 7" Grouping="" Genre="Lounge/Indie" Kind="AIFF File" Size="66369806" TotalTime="375" DiscNumber="0" TrackNumber="10" Year="2009" AverageBpm="114.98" DateAdded="2020-02-29" BitRate="1411" SampleRate="44100" Comments="5A - 6" PlayCount="0" Rating="0" Location="file://localhost/Users/zachvp/Music/DJ/James%20Yuill%20-%20This%20Sweet%20Love%20(Prins%20Thomas.aiff" Remixer="Prins Thomas" Tonality="5A" Label="Kitsune" Mix="">
      <TEMPO Inizio="0.189" Bpm="114.98" Metro="4/4" Battito="1" />
    </TRACK>
    <TRACK TrackID="120964335" Name="Wake Beside You Feat. Christa Vi (Christian Nielsen Remix)" Artist="Joyce Muniz, Christa Vi" Composer="" Album="Wake Beside You Remixes" Grouping="" Genre="House/Tech/Groove" Kind="AIFF File" Size="72251888" TotalTime="409" DiscNumber="0" TrackNumber="1" Year="2017" AverageBpm="125.00" DateAdded="2020-02-29" BitRate="1411" SampleRate="44100" Comments="5A - 6" PlayCount="1" Rating="0" Location="file://localhost/Users/zachvp/Music/DJ/Christa%20Vi,%20Joyce%20Muniz%20-%20Wake%20Beside%20You%20F.aiff" Remixer="Christian Nielsen" Tonality="5A" Label="Exploited" Mix="">
      <TEMPO Inizio="0.013" Bpm="125.00" Metro="4/4" Battito="1" />
      <TEMPO Inizio="124.332" Bpm="125.00" Metro="4/4" Battito="4" />
    </TRACK>
    <TRACK TrackID="153753258" Name="How It Is (Original Mix)" Artist="J.Wiltshire" Composer="" Album="How It Is EP" Grouping="" Genre="House/Tech/Indie/" Kind="AIFF File" Size="77171176" TotalTime="437" DiscNumber="0" TrackNumber="1" Year="2013" AverageBpm="124.00" DateAdded="2020-02-29" BitRate="1411" SampleRate="44100" Comments="5A - 6" PlayCount="1" Rating="0" Location="file://localhost/Users/zachvp/Music/DJ/J.Wiltshire%20-%20How%20It%20Is%20(Original%20Mix).aiff" Remixer="" Tonality="5A" Label="Hypercolour" Mix="">
      <TEMPO Inizio="0.022" Bpm="124.00" Metro="4/4" Battito="1" />
    </TRACK>
    <TRACK TrackID="50610427" Name="Keep My Cool (Original Mix)" Artist="Franky Rizardo" Composer="" Album="Defected presents Franky Rizardo In The House" Grouping="" Genre="House/Tech/" Kind="AIFF File" Size="63582908" TotalTime="360" DiscNumber="0" TrackNumber="17" Year="2017" AverageBpm="124.00" DateAdded="2020-02-29" BitRate="1411" SampleRate="44100" Comments="6A - 7" PlayCount="0" Rating="0" Location="file://localhost/Users/zachvp/Music/DJ/Franky%20Rizardo%20-%20Keep%20My%20Cool%20(Original%20Mix.aiff" Remixer="" Tonality="6A" Label="Defected" Mix="">
      <TEMPO Inizio="0.042" Bpm="124.00" Metro="4/4" Battito="1" />
    </TRACK>
    <TRACK TrackID="66035419" Name="Sheeple (Original Mix)" Artist="Green Velvet, Prok &amp; Fitch" Composer="" Album="Sheeple" Grouping="" Genre="House/Tech/Hard" Kind="AIFF File" Size="74569672" TotalTime="421" DiscNumber="0" TrackNumber="1" Year="2016" AverageBpm="124.00" DateAdded="2020-02-29" BitRate="1411" SampleRate="44100" Comments="7A - 6" PlayCount="0" Rating="0" Location="file://localhost/Users/zachvp/Music/DJ/Green%20Velvet,%20Prok%20%26%20Fitch%20-%20Sheeple%20(Origi.aiff" Remixer="" Tonality="7A" Label="Relief" Mix="">
      <TEMPO Inizio="0.019" Bpm="124.00" Metro="4/4" Battito="1" />
    </TRACK>
    <TRACK TrackID="239774431" Name="Tone (Original Mix)" Artist="Greenville Massive" Composer="" Album="Reflections EP" Grouping="" Genre="House/Deep/Tech/Dubby" Kind="AIFF File" Size="62548630" TotalTime="354" DiscNumber="0" TrackNumber="4" Year="2012" AverageBpm="122.00" DateAdded="2020-02-29" BitRate="1411" SampleRate="44100" Comments="3A - 5" PlayCount="2" Rating="0" Location="file://localhost/Users/zachvp/Music/DJ/Greenville%20Massive%20-%20Tone%20(Original%20Mix).aiff" Remixer="" Tonality="3A" Label="Initials" Mix="">
      <TEMPO Inizio="0.409" Bpm="122.00" Metro="4/4" Battito="1" />
    </TRACK>
    <TRACK TrackID="210054803" Name="Rem (Original Mix)" Artist="Boris" Composer="" Album="Funf" Grouping="" Genre="House/Techno/Sinister" Kind="AIFF File" Size="79894616" TotalTime="452" DiscNumber="0" TrackNumber="23" Year="2010" AverageBpm="128.00" DateAdded="2020-02-29" BitRate="1411" SampleRate="44100" Comments="11A - 4" PlayCount="2" Rating="0" Location="file://localhost/Users/zachvp/Music/DJ/Boris%20-%20Rem%20(Original%20Mix).aiff" Remixer="" Tonality="11A" Label="Ostgut Ton" Mix="">
      <TEMPO Inizio="0.070" Bpm="128.00" Metro="4/4" Battito="1" />
    </TRACK>
    <TRACK TrackID="247132630" Name="Kismet (Original Mix)" Artist="Hugo Barritt" Composer="" Album="NYC Cougar" Grouping="" Genre="House/Deep/Tech/" Kind="AIFF File" Size="83947740" TotalTime="475" DiscNumber="0" TrackNumber="3" Year="2015" AverageBpm="122.00" DateAdded="2020-02-29" BitRate="1411" SampleRate="44100" Comments="9A - 5" PlayCount="6" Rating="0" Location="file://localhost/Users/zachvp/Music/DJ/Hugo%20Barritt%20-%20Kismet%20(Original%20Mix).aiff" Remixer="" Tonality="9A" Label="Vitalik Recordings" Mix="">
      <TEMPO Inizio="0.042" Bpm="122.00" Metro="4/4" Battito="1" />
    </TRACK>
    <TRACK TrackID="90354853" Name="Restless feat. Alex Mills (Original Mix)" Artist="Hot Since 82" Composer="" Album="Knee Deep in Sound" Grouping="" Genre="House/Deep/Melodic" Kind="AIFF File" Size="77854956" TotalTime="440" DiscNumber="0" TrackNumber="13" Year="2014" AverageBpm="124.00" DateAdded="2020-02-29" BitRate="1411" SampleRate="44100" Comments="6A - 7" PlayCount="0" Rating="0" Location="file://localhost/Users/zachvp/Music/DJ/Hot%20Since%2082%20-%20Restless%20feat.%20Alex%20Mills%20(O.aiff" Remixer="" Tonality="6A" Label="Knee Deep In Sound" Mix="">
      <TEMPO Inizio="0.006" Bpm="124.00" Metro="4/4" Battito="1" />
    </TRACK>
    <TRACK TrackID="109070143" Name="VOIDED (Original Mix)" Artist="CIREZ D" Composer="" Album="VOL D" Grouping="" Genre="House/Techno/" Kind="AIFF File" Size="81817952" TotalTime="463" DiscNumber="0" TrackNumber="1" Year="2015" AverageBpm="125.98" DateAdded="2020-02-29" BitRate="1411" SampleRate="44100" Comments="9A - 7" PlayCount="0" Rating="0" Location="file://localhost/Users/zachvp/Music/DJ/CIREZ%20D%20-%20VOIDED%20(Original%20Mix).aiff" Remixer="" Tonality="9A" Label="Mouseville" Mix="">
      <TEMPO Inizio="0.124" Bpm="125.98" Metro="4/4" Battito="1" />
      <TEMPO Inizio="103.949" Bpm="125.98" Metro="4/4" Battito="3" />
      <TEMPO Inizio="193.486" Bpm="125.98" Metro="4/4" Battito="3" />
      <TEMPO Inizio="290.167" Bpm="125.98" Metro="4/4" Battito="2" />
      <TEMPO Inizio="386.848" Bpm="125.98" Metro="4/4" Battito="1" />
    </TRACK>
    <TRACK TrackID="37844297" Name="Gratte-Ciel (Pilooski &amp; Gilb'R Edit)" Artist="Patrice Mondon" Composer="" Album="Vidal Benjamin Presente Disco Sympathie" Grouping="" Genre="Lounge/Acoustic" Kind="AIFF File" Size="52803868" TotalTime="297" DiscNumber="0" TrackNumber="10" Year="2015" AverageBpm="113.00" DateAdded="2020-02-29" BitRate="1411" SampleRate="44100" Comments="8A - 7" PlayCount="2" Rating="0" Location="file://localhost/Users/zachvp/Music/DJ/Patrice%20Mondon%20-%20Gratte-Ciel%20(Pilooski%20%26%20Gi.aiff" Remixer="Gilb'r, Pilooski" Tonality="8A" Label="Versatile Records" Mix="">
      <TEMPO Inizio="0.176" Bpm="113.00" Metro="4/4" Battito="1" />
      <TEMPO Inizio="37.346" Bpm="113.00" Metro="4/4" Battito="3" />
      <TEMPO Inizio="110.623" Bpm="113.00" Metro="4/4" Battito="1" />
      <TEMPO Inizio="181.776" Bpm="113.00" Metro="4/4" Battito="3" />
      <TEMPO Inizio="255.053" Bpm="113.00" Metro="4/4" Battito="1" />
      <POSITION_MARK Name="" Type="0" Start="148.846" Num="-1" />
      <POSITION_MARK Name="" Type="0" Start="174.336" Num="-1" />
      <POSITION_MARK Name="" Type="0" Start="191.331" Num="-1" />
      <POSITION_MARK Name="" Type="0" Start="218.941" Num="-1" />
      <POSITION_MARK Name="" Type="0" Start="8.669" Num="-1" />
    </TRACK>
    <TRACK TrackID="130004456" Name="That Feeling (Rae VIP Remix)" Artist="Mandal &amp; Forbes, DJ Rae" Composer="" Album="That Feeling (Rae VIP Remix)" Grouping="" Genre="House/Tech/" Kind="AIFF File" Size="53462198" TotalTime="302" DiscNumber="0" TrackNumber="1" Year="2017" AverageBpm="124.00" DateAdded="2020-02-29" BitRate="1411" SampleRate="44100" Comments="4A - 6" PlayCount="0" Rating="0" Location="file://localhost/Users/zachvp/Music/DJ/DJ%20Rae,%20Mandal%20%26%20Forbes%20-%20That%20Feeling%20(Rae.aiff" Remixer="DJ Rae" Tonality="4A" Label="Get Twisted Records" Mix="">
      <TEMPO Inizio="0.000" Bpm="124.00" Metro="4/4" Battito="1" />
    </TRACK>
    <TRACK TrackID="98894247" Name="Is This Insanity? featuring Spaceape (Ben Klock Mix)" Artist="Martyn" Composer="" Album="Remixes 2/2" Grouping="" Genre="House/Techno/Sinister" Kind="AIFF File" Size="70077910" TotalTime="396" DiscNumber="0" TrackNumber="1" Year="2010" AverageBpm="130.00" DateAdded="2020-02-29" BitRate="1411" SampleRate="44100" Comments="4A - 6" PlayCount="3" Rating="0" Location="file://localhost/Users/zachvp/Music/DJ/Martyn%20-%20Is%20This%20Insanity_%20featuring%20Spacea.aiff" Remixer="Ben Klock" Tonality="4A" Label="3024" Mix="">
      <TEMPO Inizio="0.015" Bpm="130.00" Metro="4/4" Battito="1" />
      <POSITION_MARK Name="" Type="0" Start="103.393" Num="-1" />
      <POSITION_MARK Name="" Type="0" Start="236.323" Num="-1" />
    </TRACK>
    <TRACK TrackID="45415212" Name="Moment Hunter (Miyagi Remix)" Artist="Douglas Greed, Kuss" Composer="" Album="Moment Hunter" Grouping="" Genre="House/Deep/Tech/Spacey" Kind="AIFF File" Size="68840218" TotalTime="389" DiscNumber="0" TrackNumber="1" Year="2015" AverageBpm="120.00" DateAdded="2020-02-29" BitRate="1411" SampleRate="44100" Comments="8A - 4" PlayCount="0" Rating="0" Location="file://localhost/Users/zachvp/Music/DJ/Douglas%20Greed,%20Kuss%20-%20Moment%20Hunter%20(Miyagi.aiff" Remixer="Miyagi" Tonality="8A" Label="Lost Diaries" Mix="">
      <TEMPO Inizio="0.118" Bpm="120.00" Metro="4/4" Battito="1" />
    </TRACK>
    <TRACK TrackID="250967365" Name="Pelican's Flight (Original Mix)" Artist="Baikal" Composer="" Album="Pelican's Flight" Grouping="" Genre="House/Techno/Downtempo" Kind="AIFF File" Size="108654234" TotalTime="615" DiscNumber="0" TrackNumber="1" Year="2016" AverageBpm="125.00" DateAdded="2020-02-29" BitRate="1411" SampleRate="44100" Comments="11A - 4" PlayCount="0" Rating="0" Location="file://localhost/Users/zachvp/Music/DJ/Baikal%20-%20Pelican%27s%20Flight%20(Original%20Mix).aiff" Remixer="" Tonality="11A" Label="Maeve" Mix="">
      <TEMPO Inizio="0.042" Bpm="125.00" Metro="4/4" Battito="3" />
      <TEMPO Inizio="13.483" Bpm="125.00" Metro="4/4" Battito="3" />
      <TEMPO Inizio="69.164" Bpm="125.00" Metro="4/4" Battito="3" />
      <TEMPO Inizio="125.325" Bpm="125.00" Metro="4/4" Battito="4" />
      <TEMPO Inizio="181.006" Bpm="125.00" Metro="4/4" Battito="4" />
      <TEMPO Inizio="237.167" Bpm="125.00" Metro="4/4" Battito="1" />
      <TEMPO Inizio="292.848" Bpm="125.00" Metro="4/4" Battito="1" />
      <TEMPO Inizio="349.009" Bpm="125.00" Metro="4/4" Battito="2" />
      <TEMPO Inizio="404.690" Bpm="125.00" Metro="4/4" Battito="2" />
      <TEMPO Inizio="460.851" Bpm="125.00" Metro="4/4" Battito="3" />
      <TEMPO Inizio="516.532" Bpm="125.00" Metro="4/4" Battito="3" />
      <TEMPO Inizio="572.693" Bpm="125.00" Metro="4/4" Battito="4" />
    </TRACK>
    <TRACK TrackID="123077895" Name="Emperor feat. Kali (Dub)" Artist="Kali, Ali Love" Composer="" Album="Emperor" Grouping="" Genre="House/Deep/Tech/Jazzy" Kind="AIFF File" Size="59535038" TotalTime="336" DiscNumber="0" TrackNumber="4" Year="2013" AverageBpm="117.33" DateAdded="2020-02-29" BitRate="1411" SampleRate="44100" Comments="11A - 7" PlayCount="0" Rating="0" Location="file://localhost/Users/zachvp/Music/DJ/Ali%20Love,%20Kali%20-%20Emperor%20feat.%20Kali%20(Dub).aiff" Remixer="" Tonality="11A" Label="Crosstown Rebels" Mix="">
      <TEMPO Inizio="0.025" Bpm="117.33" Metro="4/4" Battito="1" />
      <TEMPO Inizio="23.036" Bpm="117.33" Metro="4/4" Battito="2" />
      <TEMPO Inizio="54.229" Bpm="117.33" Metro="4/4" Battito="3" />
      <TEMPO Inizio="81.331" Bpm="117.33" Metro="4/4" Battito="4" />
      <TEMPO Inizio="112.524" Bpm="117.33" Metro="4/4" Battito="1" />
      <TEMPO Inizio="143.717" Bpm="117.33" Metro="4/4" Battito="2" />
      <TEMPO Inizio="170.819" Bpm="117.33" Metro="4/4" Battito="3" />
      <TEMPO Inizio="202.012" Bpm="117.33" Metro="4/4" Battito="4" />
      <TEMPO Inizio="229.114" Bpm="117.33" Metro="4/4" Battito="1" />
      <TEMPO Inizio="260.307" Bpm="117.33" Metro="4/4" Battito="2" />
      <TEMPO Inizio="287.409" Bpm="117.33" Metro="4/4" Battito="3" />
      <TEMPO Inizio="318.602" Bpm="117.33" Metro="4/4" Battito="4" />
    </TRACK>
    <TRACK TrackID="125009943" Name="I'm Gonna Get You (Original Mix)" Artist="Nina Kraviz" Composer="" Album="Pain In The Ass" Grouping="" Genre="House/Deep/Tech/Jazzy" Kind="AIFF File" Size="105611158" TotalTime="598" DiscNumber="0" TrackNumber="2" Year="2009" AverageBpm="120.00" DateAdded="2020-03-08" BitRate="1411" SampleRate="44100" Comments="8A - 6" PlayCount="3" Rating="0" Location="file://localhost/Users/zachvp/Music/DJ/Nina%20Kraviz%20-%20I%27m%20Gonna%20Get%20You%20(Original%20M.aiff" Remixer="" Tonality="8A" Label="Rekids" Mix="">
      <TEMPO Inizio="0.423" Bpm="120.00" Metro="4/4" Battito="1" />
      <TEMPO Inizio="150.922" Bpm="120.00" Metro="4/4" Battito="2" />
      <TEMPO Inizio="404.921" Bpm="120.00" Metro="4/4" Battito="2" />
      <POSITION_MARK Name="" Type="0" Start="78.416" Num="-1" />
      <POSITION_MARK Name="" Type="0" Start="142.416" Num="-1" />
    </TRACK>
    <TRACK TrackID="239699480" Name="Always Gonna Be feat. Alex Mills (Low Steppa Remix)" Artist="Sonny Fodera, Alex Mills" Composer="" Album="Always Gonna Be" Grouping="" Genre="House/Tech/" Kind="AIFF File" Size="72162714" TotalTime="408" DiscNumber="0" TrackNumber="2" Year="2017" AverageBpm="123.00" DateAdded="2020-03-18" BitRate="1411" SampleRate="44100" Comments="10A - 6" PlayCount="0" Rating="0" Location="file://localhost/Users/zachvp/Music/DJ/Alex%20Mills,%20Sonny%20Fodera%20-%20Always%20Gonna%20Be%20.aiff" Remixer="Low Steppa" Tonality="10A" Label="Defected" Mix="">
      <TEMPO Inizio="0.039" Bpm="123.00" Metro="4/4" Battito="1" />
    </TRACK>
    <TRACK TrackID="57071202" Name="Growler (Original Mix)" Artist="Pig&amp;Dan" Composer="" Album="Four To The Floor 06" Grouping="" Genre="House/Techno/" Kind="AIFF File" Size="77480420" TotalTime="438" DiscNumber="0" TrackNumber="1" Year="2016" AverageBpm="125.00" DateAdded="2020-03-18" BitRate="1411" SampleRate="44100" Comments="8A - 5" PlayCount="0" Rating="0" Location="file://localhost/Users/zachvp/Music/DJ/Pig%26Dan%20-%20Growler%20(Original%20Mix).aiff" Remixer="" Tonality="8A" Label="Diynamic" Mix="">
      <TEMPO Inizio="0.041" Bpm="125.00" Metro="4/4" Battito="1" />
    </TRACK>
    <TRACK TrackID="198230885" Name="White Armor (Loco &amp; Jam Remix)" Artist="Patrik Berg, Loco &amp; Jam" Composer="" Album="Running Numbers" Grouping="" Genre="House/Techno/Downtempo" Kind="AIFF File" Size="83055536" TotalTime="470" DiscNumber="0" TrackNumber="2" Year="2017" AverageBpm="125.00" DateAdded="2020-03-18" BitRate="1411" SampleRate="44100" Comments="2A - 6" PlayCount="0" Rating="0" Location="file://localhost/Users/zachvp/Music/DJ/Patrik%20Berg%20-%20White%20Armor%20(Loco%20%26%20Jam%20Remix.aiff" Remixer="" Tonality="2A" Label="Filth on Acid" Mix="">
      <TEMPO Inizio="0.023" Bpm="125.00" Metro="4/4" Battito="1" />
      <TEMPO Inizio="274.102" Bpm="125.00" Metro="4/4" Battito="4" />
    </TRACK>
    <TRACK TrackID="136169738" Name="I Get Deep feat. Roland Clark (Late Nite Tuff Guy Remix)" Artist="Roland Clark, DJ Le Roi" Composer="" Album="Ibiza Preheating (The 2016 Warm up Session)" Grouping="" Genre="House/Tech/Groove" Kind="AIFF File" Size="71399520" TotalTime="404" DiscNumber="0" TrackNumber="1" Year="2016" AverageBpm="126.00" DateAdded="2020-03-18" BitRate="1411" SampleRate="44100" Comments="9A - 6" PlayCount="0" Rating="0" Location="file://localhost/Users/zachvp/Music/DJ/DJ%20Le%20Roi,%20Roland%20Clark%20-%20I%20Get%20Deep%20feat.%20.aiff" Remixer="" Tonality="9A" Label="KNM" Mix="">
      <TEMPO Inizio="0.232" Bpm="126.00" Metro="4/4" Battito="1" />
      <TEMPO Inizio="1.185" Bpm="126.00" Metro="4/4" Battito="3" />
    </TRACK>
    <TRACK TrackID="127498571" Name="Oh My (Original Mix)" Artist="Palamino" Composer="" Album="House Of Ibiza 2017" Grouping="" Genre="House/Tech/Organic" Kind="AIFF File" Size="70850886" TotalTime="400" DiscNumber="0" TrackNumber="18" Year="2017" AverageBpm="122.00" DateAdded="2020-03-18" BitRate="1411" SampleRate="44100" Comments="5A - 6" PlayCount="0" Rating="0" Location="file://localhost/Users/zachvp/Music/DJ/Palamino%20-%20Oh%20My%20(Original%20Mix).aiff" Remixer="" Tonality="5A" Label="Street King" Mix="">
      <TEMPO Inizio="0.023" Bpm="122.00" Metro="4/4" Battito="1" />
      <POSITION_MARK Name="" Type="0" Start="31.507" Num="-1" />
      <POSITION_MARK Name="" Type="0" Start="62.983" Num="-1" />
      <POSITION_MARK Name="" Type="0" Start="110.190" Num="-1" />
      <POSITION_MARK Name="" Type="0" Start="173.136" Num="-1" />
      <POSITION_MARK Name="" Type="0" Start="236.074" Num="-1" />
      <POSITION_MARK Name="" Type="0" Start="283.302" Num="-1" />
      <POSITION_MARK Name="" Type="0" Start="361.998" Num="-1" />
      <POSITION_MARK Name="" Type="0" Start="330.508" Num="-1" />
    </TRACK>
    <TRACK TrackID="162045321" Name="Pop Culture (KiNK Mix)" Artist="DJ Dozia" Composer="" Album="Pop Culture Remixes" Grouping="" Genre="House/Tech/Organic" Kind="AIFF File" Size="92362420" TotalTime="522" DiscNumber="0" TrackNumber="2" Year="2015" AverageBpm="125.00" DateAdded="2020-03-18" BitRate="1411" SampleRate="44100" Comments="12A - 5" PlayCount="1" Rating="0" Location="file://localhost/Users/zachvp/Music/DJ/DJ%20Dozia%20-%20Pop%20Culture%20(KiNK%20Mix).aiff" Remixer="KiNK" Tonality="12A" Label="Ovum Recordings" Mix="">
      <TEMPO Inizio="0.288" Bpm="125.00" Metro="4/4" Battito="1" />
      <TEMPO Inizio="64.609" Bpm="125.00" Metro="4/4" Battito="3" />
      <TEMPO Inizio="219.650" Bpm="125.00" Metro="4/4" Battito="2" />
      <TEMPO Inizio="377.571" Bpm="125.00" Metro="4/4" Battito="3" />
    </TRACK>
    <TRACK TrackID="257932283" Name="With It (Original Mix)" Artist="T. Williams, James Jacob" Composer="" Album="The Point EP" Grouping="" Genre="House/Deep/Tech/" Kind="AIFF File" Size="62072966" TotalTime="351" DiscNumber="0" TrackNumber="3" Year="2019" AverageBpm="122.00" DateAdded="2020-03-18" BitRate="1411" SampleRate="44100" Comments="4A - 5" PlayCount="0" Rating="0" Location="file://localhost/Users/zachvp/Music/DJ/James%20Jacob,%20T.%20Williams%20-%20With%20It%20(Origina.aiff" Remixer="" Tonality="4A" Label="Strictly Rhythm" Mix="">
      <TEMPO Inizio="0.034" Bpm="122.00" Metro="4/4" Battito="1" />
    </TRACK>
    <TRACK TrackID="245535762" Name="Who Am I to Ask (Original Mix)" Artist="Duct Tape, Britt Traynham" Composer="" Album="BBE Staff Selections 2017" Grouping="" Genre="Lounge/Indie" Kind="AIFF File" Size="35631528" TotalTime="201" DiscNumber="0" TrackNumber="8" Year="2019" AverageBpm="83.00" DateAdded="2020-03-18" BitRate="1411" SampleRate="44100" Comments="7A - 5" PlayCount="0" Rating="0" Location="file://localhost/Users/zachvp/Music/DJ/Britt%20Traynham,%20Duct%20Tape%20-%20Who%20Am%20I%20to%20Ask.aiff" Remixer="" Tonality="7A" Label="BBE Music" Mix="">
      <TEMPO Inizio="0.182" Bpm="83.00" Metro="4/4" Battito="1" />
    </TRACK>
    <TRACK TrackID="174355831" Name="Stairs (Original Mix)" Artist="Jiggler" Composer="" Album="Klangkuenstler &amp; Jiggler" Grouping="" Genre="House/Tech/Organic" Kind="AIFF File" Size="69245522" TotalTime="391" DiscNumber="0" TrackNumber="4" Year="2017" AverageBpm="123.00" DateAdded="2020-03-18" BitRate="1411" SampleRate="44100" Comments="6A - 6" PlayCount="2" Rating="0" Location="file://localhost/Users/zachvp/Music/DJ/Jiggler%20-%20Stairs%20(Original%20Mix).aiff" Remixer="" Tonality="6A" Label="Stil Vor Talent" Mix="">
      <TEMPO Inizio="0.101" Bpm="123.00" Metro="4/4" Battito="1" />
    </TRACK>
    <TRACK TrackID="21816594" Name="Phoenix Rose (Spektre Remix)" Artist="Skober" Composer="" Album="Phoenix Rose" Grouping="" Genre="House/Techno/" Kind="AIFF File" Size="74808034" TotalTime="423" DiscNumber="0" TrackNumber="2" Year="2017" AverageBpm="129.00" DateAdded="2020-03-18" BitRate="1411" SampleRate="44100" Comments="6A - 7" PlayCount="0" Rating="0" Location="file://localhost/Users/zachvp/Music/DJ/Skober%20-%20Phoenix%20Rose%20(Spektre%20Remix).aiff" Remixer="Spektre" Tonality="6A" Label="Funk'n Deep Black" Mix="">
      <TEMPO Inizio="0.002" Bpm="129.00" Metro="4/4" Battito="1" />
      <TEMPO Inizio="1.863" Bpm="129.00" Metro="4/4" Battito="1" />
    </TRACK>
    <TRACK TrackID="228500814" Name="Some Sophisticated Name (Original Mix)" Artist="Jiggx" Composer="" Album="Me Shiver" Grouping="" Genre="House/Deep/Tech/Spacey" Kind="AIFF File" Size="84885496" TotalTime="480" DiscNumber="0" TrackNumber="1" Year="2017" AverageBpm="122.00" DateAdded="2020-03-18" BitRate="1411" SampleRate="44100" Comments="7A - 6" PlayCount="1" Rating="0" Location="file://localhost/Users/zachvp/Music/DJ/Jiggx%20-%20Some%20Sophisticated%20Name%20(Original%20M.aiff" Remixer="" Tonality="7A" Label="Anfrix Records" Mix="">
      <TEMPO Inizio="0.000" Bpm="122.00" Metro="4/4" Battito="1" />
    </TRACK>
    <TRACK TrackID="107080320" Name="Pauk (Original Mix)" Artist="Yan Cook" Composer="" Album="Politics Of Greed EP" Grouping="" Genre="House/Techno/" Kind="AIFF File" Size="68314182" TotalTime="386" DiscNumber="0" TrackNumber="1" Year="2016" AverageBpm="131.00" DateAdded="2020-03-18" BitRate="1411" SampleRate="44100" Comments="4A - 5" PlayCount="0" Rating="0" Location="file://localhost/Users/zachvp/Music/DJ/Yan%20Cook%20-%20Pauk%20(Original%20Mix).aiff" Remixer="" Tonality="4A" Label="Planet Rhythm" Mix="">
      <TEMPO Inizio="0.033" Bpm="131.00" Metro="4/4" Battito="1" />
    </TRACK>
    <TRACK TrackID="234829757" Name="Summer (Original Mix)" Artist="Davide Mancini" Composer="" Album="Summer" Grouping="" Genre="House/Tech/Hard" Kind="AIFF File" Size="59445024" TotalTime="335" DiscNumber="0" TrackNumber="1" Year="2016" AverageBpm="126.00" DateAdded="2020-03-18" BitRate="1411" SampleRate="44100" Comments="8A - 6" PlayCount="2" Rating="0" Location="file://localhost/Users/zachvp/Music/DJ/Davide%20Mancini%20-%20Summer%20(Original%20Mix).aiff" Remixer="" Tonality="8A" Label="Moderate Records" Mix="">
      <TEMPO Inizio="0.022" Bpm="126.00" Metro="4/4" Battito="1" />
    </TRACK>
    <TRACK TrackID="70479099" Name="Andranik (Gorge &amp; Homm Remix)" Artist="Darius Syrossian" Composer="" Album="Deep Creations Issue 10" Grouping="" Genre="House/Techno/Downtempo" Kind="AIFF File" Size="93042468" TotalTime="526" DiscNumber="0" TrackNumber="6" Year="2017" AverageBpm="124.00" DateAdded="2020-03-18" BitRate="1411" SampleRate="44100" Comments="8A - 5" PlayCount="0" Rating="0" Location="file://localhost/Users/zachvp/Music/DJ/Darius%20Syrossian%20-%20Andranik%20(Gorge%20%26%20Homm%20R.aiff" Remixer="Gorge, Markus Homm" Tonality="8A" Label="Variety Music" Mix="">
      <TEMPO Inizio="0.218" Bpm="124.00" Metro="4/4" Battito="1" />
    </TRACK>
    <TRACK TrackID="171641980" Name="Racidence (Original Mix)" Artist="Keith Carnal" Composer="" Album="Aluminium" Grouping="" Genre="House/Techno/Acid" Kind="AIFF File" Size="75478854" TotalTime="427" DiscNumber="0" TrackNumber="3" Year="2016" AverageBpm="127.00" DateAdded="2020-03-18" BitRate="1411" SampleRate="44100" Comments="5A - 5" PlayCount="0" Rating="0" Location="file://localhost/Users/zachvp/Music/DJ/Keith%20Carnal%20-%20Racidence%20(Original%20Mix).aiff" Remixer="" Tonality="5A" Label="Arts" Mix="">
      <TEMPO Inizio="0.143" Bpm="127.00" Metro="4/4" Battito="1" />
      <TEMPO Inizio="0.616" Bpm="127.00" Metro="4/4" Battito="2" />
      <TEMPO Inizio="236.837" Bpm="127.00" Metro="4/4" Battito="2" />
    </TRACK>
    <TRACK TrackID="136374094" Name="Land Of Goshen (Patrice Baumel Remix)" Artist="Khen" Composer="" Album="Reflections 2017" Grouping="" Genre="House/Deep/Melodic" Kind="AIFF File" Size="77671208" TotalTime="439" DiscNumber="0" TrackNumber="4" Year="2017" AverageBpm="124.00" DateAdded="2020-03-18" BitRate="1411" SampleRate="44100" Comments="7A - 6" PlayCount="3" Rating="0" Location="file://localhost/Users/zachvp/Music/DJ/Khen%20-%20Land%20Of%20Goshen%20(Patrice%20Baumel%20Remix.aiff" Remixer="Patrice Baumel" Tonality="7A" Label="Lost &amp; Found" Mix="">
      <TEMPO Inizio="0.099" Bpm="124.00" Metro="4/4" Battito="1" />
    </TRACK>
    <TRACK TrackID="62464892" Name="Being Alone (Original Mix)" Artist="Ramiro Lopez" Composer="" Album="Being Alone" Grouping="" Genre="House/Techno/" Kind="AIFF File" Size="70023438" TotalTime="396" DiscNumber="0" TrackNumber="1" Year="2017" AverageBpm="127.00" DateAdded="2020-03-18" BitRate="1411" SampleRate="44100" Comments="2A - 6" PlayCount="1" Rating="0" Location="file://localhost/Users/zachvp/Music/DJ/Ramiro%20Lopez%20-%20Being%20Alone%20(Original%20Mix).aiff" Remixer="" Tonality="2A" Label="Drumcode" Mix="">
      <TEMPO Inizio="0.132" Bpm="127.00" Metro="4/4" Battito="1" />
    </TRACK>
    <TRACK TrackID="33677026" Name="Loving You" Artist="Ramiro Lopez" Composer="" Album="Pretending" Grouping="" Genre="House/Techno/" Kind="AIFF File" Size="79812114" TotalTime="451" DiscNumber="0" TrackNumber="2" Year="2017" AverageBpm="126.00" DateAdded="2020-03-18" BitRate="1411" SampleRate="44100" Comments="1A - 6" PlayCount="0" Rating="0" Location="file://localhost/Users/zachvp/Music/DJ/Ramiro%20Lopez%20-%20Loving%20You.aiff" Remixer="" Tonality="1A" Label="Drumcode" Mix="">
      <TEMPO Inizio="0.412" Bpm="126.00" Metro="4/4" Battito="2" />
    </TRACK>
    <TRACK TrackID="31165224" Name="A Long Side (Original Mix)" Artist="Danny Fontana" Composer="" Album="Brickyard EP" Grouping="" Genre="House/Techno/" Kind="AIFF File" Size="77245334" TotalTime="437" DiscNumber="0" TrackNumber="2" Year="2016" AverageBpm="126.00" DateAdded="2020-03-18" BitRate="1411" SampleRate="44100" Comments="5A - 5" PlayCount="0" Rating="0" Location="file://localhost/Users/zachvp/Music/DJ/Danny%20Fontana%20-%20A%20Long%20Side%20(Original%20Mix).aiff" Remixer="" Tonality="5A" Label="Phobiq" Mix="">
      <TEMPO Inizio="0.000" Bpm="126.00" Metro="4/4" Battito="2" />
      <TEMPO Inizio="0.477" Bpm="126.00" Metro="4/4" Battito="3" />
    </TRACK>
    <TRACK TrackID="122298208" Name="Blüdhaven (Original Mix)" Artist="Thomas Ragsdale" Composer="" Album="Blüdhaven" Grouping="" Genre="Lounge/Ambient" Kind="AIFF File" Size="140387288" TotalTime="795" DiscNumber="0" TrackNumber="2" Year="2016" AverageBpm="93.00" DateAdded="2020-03-18" BitRate="1411" SampleRate="44100" Comments="3A - 5" PlayCount="1" Rating="0" Location="file://localhost/Users/zachvp/Music/DJ/Thomas%20Ragsdale%20-%20Bl%c3%bcdhaven%20(Original%20Mix).aiff" Remixer="" Tonality="3A" Label="This Is It Forever" Mix="">
      <TEMPO Inizio="0.003" Bpm="93.00" Metro="4/4" Battito="1" />
      <TEMPO Inizio="161.939" Bpm="93.00" Metro="4/4" Battito="4" />
      <TEMPO Inizio="483.875" Bpm="93.00" Metro="4/4" Battito="3" />
    </TRACK>
    <TRACK TrackID="203814254" Name="Feel feat Jem Cooke (Original Mix)" Artist="Cristoph" Composer="" Album="Feel" Grouping="" Genre="House/Tech/Organic" Kind="AIFF File" Size="83335658" TotalTime="472" DiscNumber="0" TrackNumber="1" Year="2017" AverageBpm="123.00" DateAdded="2020-03-18" BitRate="1411" SampleRate="44100" Comments="2A - 7" PlayCount="0" Rating="0" Location="file://localhost/Users/zachvp/Music/DJ/Cristoph%20-%20Feel%20feat%20Jem%20Cooke%20(Original%20Mi.aiff" Remixer="" Tonality="2A" Label="Pryda Presents" Mix="">
      <TEMPO Inizio="0.103" Bpm="123.00" Metro="4/4" Battito="1" />
    </TRACK>
    <TRACK TrackID="242661394" Name="Cold Conquest (Original Mix)" Artist="Oliver Koletzki, Reinier Zonneveld" Composer="" Album="Cocktails Mix I" Grouping="" Genre="House/Techno/Downtempo" Kind="AIFF File" Size="87165334" TotalTime="493" DiscNumber="0" TrackNumber="1" Year="2017" AverageBpm="125.00" DateAdded="2020-03-18" BitRate="1411" SampleRate="44100" Comments="5A - 5" PlayCount="0" Rating="0" Location="file://localhost/Users/zachvp/Music/DJ/Oliver%20Koletzki,%20Reinier%20Zonneveld%20-%20Cold%20C.aiff" Remixer="" Tonality="5A" Label="Filth on Acid" Mix="">
      <TEMPO Inizio="0.001" Bpm="125.00" Metro="4/4" Battito="1" />
    </TRACK>
    <TRACK TrackID="176556047" Name="Fall For You (Sandy Rivera's Classic Mix)" Artist="Kings Of Tomorrow, April" Composer="" Album="Toolroom Records Ibiza 2013 Vol. 1" Grouping="" Genre="House/Deep/Tech/Jazzy" Kind="AIFF File" Size="59537216" TotalTime="337" DiscNumber="0" TrackNumber="7" Year="2013" AverageBpm="123.00" DateAdded="2020-03-18" BitRate="1411" SampleRate="44100" Comments="6A - 6" PlayCount="2" Rating="0" Location="file://localhost/Users/zachvp/Music/DJ/April,%20Kings%20Of%20Tomorrow%20-%20Fall%20For%20You%20(Sa.aiff" Remixer="Sandy Rivera" Tonality="6A" Label="Toolroom" Mix="">
      <TEMPO Inizio="0.027" Bpm="123.00" Metro="4/4" Battito="1" />
      <POSITION_MARK Name="" Type="0" Start="15.626" Num="-1" />
      <POSITION_MARK Name="" Type="0" Start="31.236" Num="-1" />
      <POSITION_MARK Name="" Type="0" Start="288.810" Num="-1" />
    </TRACK>
    <TRACK TrackID="60550103" Name="BX 3 (Original Mix)" Artist="Len Faki" Composer="" Album="Berghain 03 - Part II" Grouping="" Genre="House/Techno/" Kind="AIFF File" Size="97964494" TotalTime="554" DiscNumber="0" TrackNumber="2" Year="2009" AverageBpm="124.98" DateAdded="2020-03-18" BitRate="1411" SampleRate="44100" Comments="8A - 7" PlayCount="0" Rating="0" Location="file://localhost/Users/zachvp/Music/DJ/Len%20Faki%20-%20BX%203%20(Original%20Mix).aiff" Remixer="" Tonality="8A" Label="Ostgut Ton" Mix="">
      <TEMPO Inizio="0.107" Bpm="124.98" Metro="4/4" Battito="1" />
      <TEMPO Inizio="0.588" Bpm="124.98" Metro="4/4" Battito="2" />
      <TEMPO Inizio="32.272" Bpm="124.98" Metro="4/4" Battito="4" />
      <TEMPO Inizio="71.637" Bpm="124.98" Metro="4/4" Battito="2" />
      <TEMPO Inizio="103.801" Bpm="124.98" Metro="4/4" Battito="1" />
      <TEMPO Inizio="143.166" Bpm="124.98" Metro="4/4" Battito="3" />
      <TEMPO Inizio="182.051" Bpm="124.98" Metro="4/4" Battito="4" />
      <TEMPO Inizio="213.735" Bpm="124.98" Metro="4/4" Battito="2" />
      <TEMPO Inizio="245.419" Bpm="124.98" Metro="4/4" Battito="4" />
      <TEMPO Inizio="284.304" Bpm="124.98" Metro="4/4" Battito="1" />
      <TEMPO Inizio="315.988" Bpm="124.98" Metro="4/4" Battito="3" />
      <TEMPO Inizio="347.672" Bpm="124.98" Metro="4/4" Battito="1" />
      <TEMPO Inizio="386.557" Bpm="124.98" Metro="4/4" Battito="2" />
      <TEMPO Inizio="418.721" Bpm="124.98" Metro="4/4" Battito="1" />
      <TEMPO Inizio="450.405" Bpm="124.98" Metro="4/4" Battito="3" />
      <TEMPO Inizio="489.770" Bpm="124.98" Metro="4/4" Battito="1" />
      <TEMPO Inizio="529.135" Bpm="124.98" Metro="4/4" Battito="3" />
    </TRACK>
    <TRACK TrackID="176450383" Name="A Ship Called Misterio (Original Mix)" Artist="Coyu" Composer="" Album="This Is Toolroom 2016" Grouping="" Genre="zzz" Kind="AIFF File" Size="87995754" TotalTime="498" DiscNumber="0" TrackNumber="45" Year="2015" AverageBpm="128.00" DateAdded="2020-03-18" BitRate="1411" SampleRate="44100" Comments="5A - 6" PlayCount="0" Rating="0" Location="file://localhost/Users/zachvp/Music/DJ/Coyu%20-%20A%20Ship%20Called%20Misterio%20(Original%20Mix.aiff" Remixer="" Tonality="5A" Label="Toolroom" Mix="">
      <TEMPO Inizio="0.056" Bpm="128.00" Metro="4/4" Battito="1" />
    </TRACK>
    <TRACK TrackID="51613161" Name="Feel Like Making Love" Artist="Whoarei" Composer="" Album="Vibrations" Grouping="" Genre="Lounge/Indie" Kind="AIFF File" Size="30891944" TotalTime="116" DiscNumber="0" TrackNumber="3" Year="2017" AverageBpm="86.51" DateAdded="2020-03-18" BitRate="2116" SampleRate="44100" Comments="7A - 5" PlayCount="0" Rating="0" Location="file://localhost/Users/zachvp/Music/DJ/Whoarei%20-%20Feel%20Like%20Making%20Love.aiff" Remixer="" Tonality="7A" Label="" Mix="">
      <TEMPO Inizio="0.278" Bpm="86.51" Metro="4/4" Battito="1" />
    </TRACK>
    <TRACK TrackID="37892963" Name="Swim Inside My Soul (Original Mix)" Artist="As I Am" Composer="" Album="Swim Inside My Soul" Grouping="" Genre="House/Tech/Groove" Kind="AIFF File" Size="60207558" TotalTime="340" DiscNumber="0" TrackNumber="1" Year="2017" AverageBpm="125.00" DateAdded="2020-03-18" BitRate="1411" SampleRate="44100" Comments="9A - 6" PlayCount="2" Rating="0" Location="file://localhost/Users/zachvp/Music/DJ/As%20I%20Am%20-%20Swim%20Inside%20My%20Soul%20(Original%20Mix.aiff" Remixer="" Tonality="9A" Label="Jump Digital Records" Mix="">
      <TEMPO Inizio="0.049" Bpm="125.00" Metro="4/4" Battito="1" />
      <TEMPO Inizio="73.490" Bpm="125.00" Metro="4/4" Battito="2" />
      <TEMPO Inizio="302.451" Bpm="125.00" Metro="4/4" Battito="3" />
    </TRACK>
    <TRACK TrackID="175459310" Name="Hypericum (Original Mix)" Artist="Luca Agnelli" Composer="" Album="A-Sides Volume 6" Grouping="" Genre="House/Techno/Sinister" Kind="AIFF File" Size="80723114" TotalTime="456" DiscNumber="0" TrackNumber="7" Year="2017" AverageBpm="127.00" DateAdded="2020-03-18" BitRate="1411" SampleRate="44100" Comments="2A - 6" PlayCount="1" Rating="0" Location="file://localhost/Users/zachvp/Music/DJ/Luca%20Agnelli%20-%20Hypericum%20(Original%20Mix).aiff" Remixer="" Tonality="2A" Label="Drumcode" Mix="">
      <TEMPO Inizio="0.003" Bpm="127.00" Metro="4/4" Battito="1" />
      <TEMPO Inizio="0.476" Bpm="127.00" Metro="4/4" Battito="2" />
      <TEMPO Inizio="416.223" Bpm="127.00" Metro="4/4" Battito="2" />
    </TRACK>
    <TRACK TrackID="28542079" Name="Girls (Original Mix)" Artist="Hannah Wants, Chris Lorenzo" Composer="" Album="SubSoul, Vol. 2: Deep House, Garage &amp; Bass Music" Grouping="" Genre="House/Tech/Groove" Kind="AIFF File" Size="54095398" TotalTime="306" DiscNumber="0" TrackNumber="24" Year="2014" AverageBpm="126.00" DateAdded="2020-03-18" BitRate="1411" SampleRate="44100" Comments="4A - 6" PlayCount="1" Rating="0" Location="file://localhost/Users/zachvp/Music/DJ/Chris%20Lorenzo,%20Hannah%20Wants%20-%20Girls%20(Origin.aiff" Remixer="" Tonality="4A" Label="SubSoul" Mix="">
      <TEMPO Inizio="0.057" Bpm="126.00" Metro="4/4" Battito="1" />
      <TEMPO Inizio="116.248" Bpm="126.00" Metro="4/4" Battito="1" />
    </TRACK>
    <TRACK TrackID="176340376" Name="Start Again (Danny Fontana Remix)" Artist="The Reactivitz" Composer="" Album="Start Again" Grouping="" Genre="House/Techno/" Kind="AIFF File" Size="65947944" TotalTime="373" DiscNumber="0" TrackNumber="2" Year="2016" AverageBpm="126.00" DateAdded="2020-03-18" BitRate="1411" SampleRate="44100" Comments="8A - 7" PlayCount="0" Rating="0" Location="file://localhost/Users/zachvp/Music/DJ/The%20Reactivitz%20-%20Start%20Again%20(Danny%20Fontana.aiff" Remixer="Danny Fontana" Tonality="8A" Label="Boiler Underground Records" Mix="">
      <TEMPO Inizio="0.474" Bpm="126.00" Metro="4/4" Battito="1" />
      <TEMPO Inizio="1.427" Bpm="126.00" Metro="4/4" Battito="3" />
    </TRACK>
    <TRACK TrackID="261991266" Name="Forwer (Original Mix)" Artist="Electric Rescue" Composer="" Album="Men with blurred face EP" Grouping="" Genre="House/Techno/" Kind="AIFF File" Size="76493674" TotalTime="432" DiscNumber="0" TrackNumber="1" Year="2017" AverageBpm="130.00" DateAdded="2020-03-18" BitRate="1411" SampleRate="44100" Comments="5A - 6" PlayCount="0" Rating="0" Location="file://localhost/Users/zachvp/Music/DJ/Electric%20Rescue%20-%20Forwer%20(Original%20Mix).aiff" Remixer="" Tonality="5A" Label="Virgo" Mix="">
      <TEMPO Inizio="0.044" Bpm="130.00" Metro="4/4" Battito="4" />
    </TRACK>
    <TRACK TrackID="150341867" Name="Domina (Original Mix)" Artist="Clio" Composer="" Album="Closer" Grouping="" Genre="House/Techno/Sinister" Kind="AIFF File" Size="73555040" TotalTime="416" DiscNumber="0" TrackNumber="2" Year="2017" AverageBpm="125.00" DateAdded="2020-03-18" BitRate="1411" SampleRate="44100" Comments="6A - 5" PlayCount="1" Rating="0" Location="file://localhost/Users/zachvp/Music/DJ/Clio%20-%20Domina%20(Original%20Mix).aiff" Remixer="" Tonality="6A" Label="Truesoul" Mix="">
      <TEMPO Inizio="0.010" Bpm="125.00" Metro="4/4" Battito="1" />
    </TRACK>
    <TRACK TrackID="30144577" Name="Angel From Hell (Original Mix)" Artist="Matt Cubero" Composer="" Album="Angel From Hell EP" Grouping="" Genre="House/Techno/Downtempo" Kind="AIFF File" Size="77322114" TotalTime="437" DiscNumber="0" TrackNumber="1" Year="2017" AverageBpm="125.00" DateAdded="2020-03-18" BitRate="1411" SampleRate="44100" Comments="9A - 6" PlayCount="0" Rating="0" Location="file://localhost/Users/zachvp/Music/DJ/Matt%20Cubero%20-%20Angel%20From%20Hell%20(Original%20Mix.aiff" Remixer="" Tonality="9A" Label="Eichtal Recordings" Mix="">
      <TEMPO Inizio="0.002" Bpm="125.00" Metro="4/4" Battito="1" />
    </TRACK>
    <TRACK TrackID="167985708" Name="The Magnificent (Original Mix)" Artist="Lindstrom" Composer="" Album="Leftovers EP" Grouping="" Genre="Lounge/Indie" Kind="AIFF File" Size="83722054" TotalTime="474" DiscNumber="0" TrackNumber="1" Year="2009" AverageBpm="119.00" DateAdded="2020-03-18" BitRate="1411" SampleRate="44100" Comments="6A - 7" PlayCount="1" Rating="0" Location="file://localhost/Users/zachvp/Music/DJ/Lindstrom%20-%20The%20Magnificent%20(Original%20Mix).aiff" Remixer="" Tonality="6A" Label="Smalltown Supersound" Mix="">
      <TEMPO Inizio="0.091" Bpm="119.00" Metro="4/4" Battito="1" />
    </TRACK>
    <TRACK TrackID="133453126" Name="Plastik (Original Mix)" Artist="Shurko Love" Composer="" Album="Vata EP" Grouping="" Genre="House/Techno/" Kind="AIFF File" Size="64294812" TotalTime="363" DiscNumber="0" TrackNumber="2" Year="2018" AverageBpm="128.00" DateAdded="2020-03-21" BitRate="1411" SampleRate="44100" Comments="9A - 5" PlayCount="0" Rating="0" Location="file://localhost/Users/zachvp/Music/DJ/Shurko%20Love%20-%20Plastik%20(Original%20Mix).aiff" Remixer="" Tonality="9A" Label="Fanzine" Mix="">
      <TEMPO Inizio="0.235" Bpm="128.00" Metro="4/4" Battito="1" />
    </TRACK>
    <TRACK TrackID="223452252" Name="This Is Cocaine (Regal (ES) Remix)" Artist="Emmanuel Top" Composer="" Album="This Is Cocaine Remix Pack" Grouping="" Genre="House/Techno/Acid" Kind="AIFF File" Size="73803656" TotalTime="417" DiscNumber="0" TrackNumber="2" Year="2018" AverageBpm="135.00" DateAdded="2020-03-21" BitRate="1411" SampleRate="44100" Comments="5A - 6" PlayCount="0" Rating="0" Location="file://localhost/Users/zachvp/Music/DJ/Emmanuel%20Top%20-%20This%20Is%20Cocaine%20(Regal%20(ES)%20.aiff" Remixer="Regal (ES)" Tonality="5A" Label="Filth on Acid" Mix="">
      <TEMPO Inizio="0.352" Bpm="135.00" Metro="4/4" Battito="1" />
      <TEMPO Inizio="0.797" Bpm="135.00" Metro="4/4" Battito="2" />
    </TRACK>
    <TRACK TrackID="29064555" Name="Enigma (Original Mix)" Artist="Eddie Hale" Composer="" Album="Unwavering EP" Grouping="" Genre="House/Techno/Downtempo" Kind="AIFF File" Size="74288040" TotalTime="420" DiscNumber="0" TrackNumber="2" Year="2017" AverageBpm="129.00" DateAdded="2020-03-21" BitRate="1411" SampleRate="44100" Comments="11A - 6" PlayCount="0" Rating="0" Location="file://localhost/Users/zachvp/Music/DJ/Eddie%20Hale%20-%20Enigma%20(Original%20Mix).aiff" Remixer="" Tonality="11A" Label="Intacto" Mix="">
      <TEMPO Inizio="0.004" Bpm="129.00" Metro="4/4" Battito="1" />
      <TEMPO Inizio="173.958" Bpm="129.00" Metro="4/4" Battito="3" />
    </TRACK>
    <TRACK TrackID="163964006" Name="Never Grow Old (Mark Broom Dubplate Mix)" Artist="Floorplan" Composer="" Album="Floorplan v Mark Broom EP" Grouping="" Genre="House/Tech/Groove" Kind="AIFF File" Size="59139992" TotalTime="334" DiscNumber="0" TrackNumber="1" Year="2019" AverageBpm="132.00" DateAdded="2020-03-21" BitRate="1411" SampleRate="44100" Comments="11A - 6" PlayCount="0" Rating="0" Location="file://localhost/Users/zachvp/Music/DJ/Floorplan%20-%20Never%20Grow%20Old%20(Mark%20Broom%20Dubp.aiff" Remixer="Mark Broom" Tonality="11A" Label="ePM Music" Mix="">
      <TEMPO Inizio="0.011" Bpm="132.00" Metro="4/4" Battito="1" />
    </TRACK>
    <TRACK TrackID="168258257" Name="That's Right (Original Mix)" Artist="Bas Ibellini" Composer="" Album="Balance Presents Do Not Sleep" Grouping="" Genre="House/Tech/Groove" Kind="AIFF File" Size="69328616" TotalTime="392" DiscNumber="0" TrackNumber="9" Year="2016" AverageBpm="124.00" DateAdded="2020-03-21" BitRate="1411" SampleRate="44100" Comments="6A - 6" PlayCount="2" Rating="0" Location="file://localhost/Users/zachvp/Music/DJ/Bas%20Ibellini%20-%20That%27s%20Right%20(Original%20Mix).aiff" Remixer="" Tonality="6A" Label="Balance Music" Mix="">
      <TEMPO Inizio="0.006" Bpm="124.00" Metro="4/4" Battito="1" />
    </TRACK>
    <TRACK TrackID="108340556" Name="Left Behind (Original Mix)" Artist="Setaoc Mass" Composer="" Album="Various Artists" Grouping="" Genre="House/Techno/" Kind="AIFF File" Size="62036930" TotalTime="351" DiscNumber="0" TrackNumber="2" Year="2018" AverageBpm="134.00" DateAdded="2020-03-21" BitRate="1411" SampleRate="44100" Comments="6A - 6" PlayCount="0" Rating="0" Location="file://localhost/Users/zachvp/Music/DJ/Setaoc%20Mass%20-%20Left%20Behind%20(Original%20Mix).aiff" Remixer="" Tonality="6A" Label="Involve Records" Mix="">
      <TEMPO Inizio="0.043" Bpm="134.00" Metro="4/4" Battito="1" />
    </TRACK>
    <TRACK TrackID="156176421" Name="Meth Ii (Guy J Remix)" Artist="Sei A" Composer="" Album="White Rainbow Remixes Part 1" Grouping="" Genre="House/Deep/Tech/Spacey" Kind="AIFF File" Size="86303046" TotalTime="488" DiscNumber="0" TrackNumber="1" Year="2010" AverageBpm="126.00" DateAdded="2020-03-21" BitRate="1411" SampleRate="44100" Comments="8A - 6" PlayCount="2" Rating="0" Location="file://localhost/Users/zachvp/Music/DJ/Sei%20A%20-%20Meth%20Ii%20(Guy%20J%20Remix).aiff" Remixer="Guy J" Tonality="8A" Label="Turbo Recordings" Mix="">
      <TEMPO Inizio="0.361" Bpm="126.00" Metro="4/4" Battito="1" />
      <TEMPO Inizio="0.838" Bpm="126.00" Metro="4/4" Battito="2" />
      <TEMPO Inizio="77.029" Bpm="126.00" Metro="4/4" Battito="2" />
      <TEMPO Inizio="183.220" Bpm="126.00" Metro="4/4" Battito="1" />
      <TEMPO Inizio="299.411" Bpm="126.00" Metro="4/4" Battito="1" />
      <TEMPO Inizio="415.602" Bpm="126.00" Metro="4/4" Battito="1" />
      <POSITION_MARK Name="" Type="0" Start="0.359" Num="-1" />
    </TRACK>
    <TRACK TrackID="59039824" Name="DXB (Original Mix)" Artist="Sebastien Leger" Composer="" Album="DXB" Grouping="" Genre="House/Tech/Indie/Retro" Kind="AIFF File" Size="80662086" TotalTime="456" DiscNumber="0" TrackNumber="1" Year="2015" AverageBpm="122.00" DateAdded="2020-03-21" BitRate="1411" SampleRate="44100" Comments="5A - 6" PlayCount="2" Rating="0" Location="file://localhost/Users/zachvp/Music/DJ/Sebastien%20Leger%20-%20DXB%20(Original%20Mix).aiff" Remixer="" Tonality="5A" Label="Temple Of Lions" Mix="">
      <TEMPO Inizio="0.489" Bpm="122.00" Metro="4/4" Battito="2" />
      <POSITION_MARK Name="" Type="0" Start="346.211" Num="-1" />
    </TRACK>
    <TRACK TrackID="265687477" Name="Just One More (Original Mix)" Artist="Gary Beck" Composer="" Album="Just One More" Grouping="" Genre="House/Techno/" Kind="AIFF File" Size="58373002" TotalTime="330" DiscNumber="0" TrackNumber="1" Year="2017" AverageBpm="128.00" DateAdded="2020-03-21" BitRate="1411" SampleRate="44100" Comments="1A - 6" PlayCount="0" Rating="0" Location="file://localhost/Users/zachvp/Music/DJ/Gary%20Beck%20-%20Just%20One%20More%20(Original%20Mix).aiff" Remixer="" Tonality="1A" Label="We Are The Brave" Mix="">
      <TEMPO Inizio="0.002" Bpm="128.00" Metro="4/4" Battito="1" />
    </TRACK>
    <TRACK TrackID="43540774" Name="Palm Leaves (Deetron Remix)" Artist="Gerd" Composer="" Album="Palm Leaves Remixes" Grouping="" Genre="House/Deep/Tech/" Kind="AIFF File" Size="84283312" TotalTime="477" DiscNumber="0" TrackNumber="3" Year="2011" AverageBpm="126.00" DateAdded="2020-03-21" BitRate="1411" SampleRate="44100" Comments="6A - 5" PlayCount="2" Rating="0" Location="file://localhost/Users/zachvp/Music/DJ/Gerd%20-%20Palm%20Leaves%20(Deetron%20Remix).aiff" Remixer="Deetron" Tonality="6A" Label="Clone Royal Oak" Mix="">
      <TEMPO Inizio="0.049" Bpm="126.00" Metro="4/4" Battito="1" />
      <TEMPO Inizio="1.002" Bpm="126.00" Metro="4/4" Battito="3" />
      <TEMPO Inizio="436.239" Bpm="126.00" Metro="4/4" Battito="1" />
    </TRACK>
    <TRACK TrackID="85168626" Name="115 (Marc Marzenit Planet Techno Remix)" Artist="Warm Hall" Composer="" Album="115 Reworked" Grouping="" Genre="zzz" Kind="AIFF File" Size="82747218" TotalTime="468" DiscNumber="0" TrackNumber="2" Year="2015" AverageBpm="124.00" DateAdded="2020-03-21" BitRate="1411" SampleRate="44100" Comments="5A - 6" PlayCount="0" Rating="0" Location="file://localhost/Users/zachvp/Music/DJ/Warm%20Hall%20-%20115%20(Marc%20Marzenit%20Planet%20Techn.aiff" Remixer="Marc Marzenit" Tonality="5A" Label="Paradigma Musik" Mix="">
      <TEMPO Inizio="0.157" Bpm="124.00" Metro="4/4" Battito="1" />
    </TRACK>
    <TRACK TrackID="212471010" Name="Distorcion (Original Mix)" Artist="Guillermo DR" Composer="" Album="Distorcion EP" Grouping="" Genre="House/Techno/Sinister" Kind="AIFF File" Size="94348618" TotalTime="534" DiscNumber="0" TrackNumber="1" Year="2018" AverageBpm="130.00" DateAdded="2020-03-21" BitRate="1411" SampleRate="44100" Comments="11A - 5" PlayCount="1" Rating="0" Location="file://localhost/Users/zachvp/Music/DJ/Guillermo%20DR%20-%20Distorcion%20(Original%20Mix).aiff" Remixer="" Tonality="11A" Label="Dreizehn Schallplatten" Mix="">
      <TEMPO Inizio="0.199" Bpm="130.00" Metro="4/4" Battito="1" />
    </TRACK>
    <TRACK TrackID="145956971" Name="Loopholez (Original Mix)" Artist="Black Girl / White Girl" Composer="" Album="I Need RELIEF Vol 2" Grouping="" Genre="House/Tech/Groove" Kind="AIFF File" Size="64366536" TotalTime="363" DiscNumber="0" TrackNumber="32" Year="2018" AverageBpm="127.00" DateAdded="2020-03-21" BitRate="1411" SampleRate="44100" Comments="6A - 6" PlayCount="0" Rating="0" Location="file://localhost/Users/zachvp/Music/DJ/Black%20Girl%20-%20White%20Girl%20-%20Loopholez%20(Origin.aiff" Remixer="" Tonality="6A" Label="Relief" Mix="">
      <TEMPO Inizio="0.018" Bpm="127.00" Metro="4/4" Battito="1" />
      <TEMPO Inizio="8.050" Bpm="127.00" Metro="4/4" Battito="2" />
      <TEMPO Inizio="275.923" Bpm="127.00" Metro="4/4" Battito="1" />
    </TRACK>
    <TRACK TrackID="87819596" Name="Target Line featuring Vril (Original Mix)" Artist="Vril, Rødhåd" Composer="" Album="Anxious" Grouping="" Genre="House/Techno/Downtempo" Kind="AIFF File" Size="85685166" TotalTime="485" DiscNumber="0" TrackNumber="7" Year="2017" AverageBpm="128.00" DateAdded="2020-03-21" BitRate="1411" SampleRate="44100" Comments="5A - 6" PlayCount="0" Rating="0" Location="file://localhost/Users/zachvp/Music/DJ/R%c3%b8dh%c3%a5d,%20Vril%20-%20Target%20Line%20featuring%20Vril%20(.aiff" Remixer="" Tonality="5A" Label="Dystopian" Mix="">
      <TEMPO Inizio="0.433" Bpm="128.00" Metro="4/4" Battito="1" />
    </TRACK>
    <TRACK TrackID="87230088" Name="The Basement Shit (Skream Remix)" Artist="Riva Starr" Composer="" Album="The Basement Shit" Grouping="" Genre="House/Tech/Hard" Kind="AIFF File" Size="75842282" TotalTime="428" DiscNumber="0" TrackNumber="2" Year="2017" AverageBpm="122.00" DateAdded="2020-03-21" BitRate="1411" SampleRate="44100" Comments="2A - 6" PlayCount="0" Rating="0" Location="file://localhost/Users/zachvp/Music/DJ/Riva%20Starr%20-%20The%20Basement%20Shit%20(Skream%20Remi.aiff" Remixer="Skream" Tonality="2A" Label="Snatch! Records" Mix="" />
    <TRACK TrackID="3012554" Name="Normal Circus (Original Mix)" Artist="Ricktronik" Composer="" Album="Minimal Italy" Grouping="" Genre="House/Techno/Sinister" Kind="AIFF File" Size="57989568" TotalTime="328" DiscNumber="0" TrackNumber="3" Year="2010" AverageBpm="125.00" DateAdded="2020-03-21" BitRate="1411" SampleRate="44100" Comments="8A - 4" PlayCount="0" Rating="0" Location="file://localhost/Users/zachvp/Music/DJ/Ricktronik%20-%20Normal%20Circus%20(Original%20Mix).aiff" Remixer="" Tonality="8A" Label="Kimiko Records" Mix="">
      <TEMPO Inizio="0.030" Bpm="125.00" Metro="4/4" Battito="1" />
      <TEMPO Inizio="221.791" Bpm="125.00" Metro="4/4" Battito="3" />
    </TRACK>
    <TRACK TrackID="76655350" Name="L'Éternité (Charlotte de Witte Remix)" Artist="Regal (ES)" Composer="" Album="L'Éternité EP" Grouping="" Genre="House/Techno/Acid" Kind="AIFF File" Size="81690734" TotalTime="462" DiscNumber="0" TrackNumber="2" Year="2018" AverageBpm="131.00" DateAdded="2020-03-21" BitRate="1411" SampleRate="44100" Comments="5A - 5" PlayCount="2" Rating="0" Location="file://localhost/Users/zachvp/Music/DJ/Regal%20(ES)%20-%20L%27%c3%89ternit%c3%a9%20(Charlotte%20de%20Witte.aiff" Remixer="Charlotte de Witte" Tonality="5A" Label="Suara" Mix="">
      <TEMPO Inizio="0.015" Bpm="131.00" Metro="4/4" Battito="1" />
      <TEMPO Inizio="4.596" Bpm="131.00" Metro="4/4" Battito="3" />
    </TRACK>
    <TRACK TrackID="220415569" Name="Weight Of The Land (Original Mix)" Artist="Amelie Lens, Farrago" Composer="" Album="Weight Of The Land" Grouping="" Genre="House/Techno/Downtempo" Kind="AIFF File" Size="96749054" TotalTime="547" DiscNumber="0" TrackNumber="1" Year="2017" AverageBpm="128.00" DateAdded="2020-03-21" BitRate="1411" SampleRate="44100" Comments="8A - 5" PlayCount="0" Rating="0" Location="file://localhost/Users/zachvp/Music/DJ/Amelie%20Lens,%20Farrago%20-%20Weight%20Of%20The%20Land%20(.aiff" Remixer="" Tonality="8A" Label="Arts" Mix="">
      <TEMPO Inizio="0.427" Bpm="128.00" Metro="4/4" Battito="1" />
    </TRACK>
    <TRACK TrackID="6267782" Name="Forced To Move (Original Mix)" Artist="Amelie Lens" Composer="" Album="Nel EP" Grouping="" Genre="House/Techno/Sinister" Kind="AIFF File" Size="69828518" TotalTime="395" DiscNumber="0" TrackNumber="3" Year="2017" AverageBpm="128.00" DateAdded="2020-03-21" BitRate="1411" SampleRate="44100" Comments="10A - 6" PlayCount="2" Rating="0" Location="file://localhost/Users/zachvp/Music/DJ/Amelie%20Lens%20-%20Forced%20To%20Move%20(Original%20Mix).aiff" Remixer="" Tonality="10A" Label="ELEVATE" Mix="">
      <TEMPO Inizio="0.006" Bpm="128.00" Metro="4/4" Battito="4" />
    </TRACK>
    <TRACK TrackID="160769140" Name="Miss You feat. E-Soreni (Vocal Mix)" Artist="James Cole" Composer="" Album="Miss You" Grouping="" Genre="House/Deep/Melodic" Kind="AIFF File" Size="91162116" TotalTime="515" DiscNumber="0" TrackNumber="1" Year="2018" AverageBpm="126.00" DateAdded="2020-03-21" BitRate="1411" SampleRate="44100" Comments="8A - 6" PlayCount="0" Rating="0" Location="file://localhost/Users/zachvp/Music/DJ/James%20Cole%20-%20Miss%20You%20feat.%20E-Soreni%20(Vocal.aiff" Remixer="" Tonality="8A" Label="Brise Records" Mix="">
      <TEMPO Inizio="0.002" Bpm="126.00" Metro="4/4" Battito="1" />
      <TEMPO Inizio="6.193" Bpm="126.00" Metro="4/4" Battito="2" />
      <TEMPO Inizio="202.384" Bpm="126.00" Metro="4/4" Battito="2" />
      <TEMPO Inizio="438.575" Bpm="126.00" Metro="4/4" Battito="2" />
    </TRACK>
    <TRACK TrackID="258324639" Name="What You Talking Bout? (ZDS Remix)" Artist="Jesse Rose" Composer="" Album="Alright Mate Remixes EP1" Grouping="" Genre="House/Tech/Hard" Kind="AIFF File" Size="67577206" TotalTime="382" DiscNumber="0" TrackNumber="2" Year="2017" AverageBpm="125.00" DateAdded="2020-03-21" BitRate="1411" SampleRate="44100" Comments="12A - 6" PlayCount="0" Rating="0" Location="file://localhost/Users/zachvp/Music/DJ/Jesse%20Rose%20-%20What%20You%20Talking%20Bout_%20(ZDS%20Re.aiff" Remixer="ZDS" Tonality="12A" Label="Play It Down" Mix="">
      <TEMPO Inizio="0.055" Bpm="125.00" Metro="4/4" Battito="1" />
    </TRACK>
    <TRACK TrackID="90475390" Name="Menace (Original Mix)" Artist="Kastis Torrau, Amber Long" Composer="" Album="Menace {Featuring Amber Long}" Grouping="" Genre="House/Deep/Tech/" Kind="AIFF File" Size="68394488" TotalTime="387" DiscNumber="0" TrackNumber="1" Year="2014" AverageBpm="124.00" DateAdded="2020-03-21" BitRate="1411" SampleRate="44100" Comments="7A - 7" PlayCount="2" Rating="0" Location="file://localhost/Users/zachvp/Music/DJ/Amber%20Long,%20Kastis%20Torrau%20-%20Menace%20(Origina.aiff" Remixer="" Tonality="7A" Label="Stripped Recordings" Mix="">
      <TEMPO Inizio="0.005" Bpm="124.00" Metro="4/4" Battito="1" />
    </TRACK>
    <TRACK TrackID="213168664" Name="Voodoo Your Ex (Original Mix)" Artist="Simple Symmetry" Composer="" Album="Halal Collection" Grouping="" Genre="House/Deep/Melodic" Kind="AIFF File" Size="77021688" TotalTime="436" DiscNumber="0" TrackNumber="6" Year="2017" AverageBpm="117.00" DateAdded="2020-03-21" BitRate="1411" SampleRate="44100" Comments="9A - 6" PlayCount="0" Rating="0" Location="file://localhost/Users/zachvp/Music/DJ/Simple%20Symmetry%20-%20Voodoo%20Your%20Ex%20(Original%20.aiff" Remixer="" Tonality="9A" Label="Disco Halal" Mix="">
      <TEMPO Inizio="0.004" Bpm="117.00" Metro="4/4" Battito="1" />
    </TRACK>
    <TRACK TrackID="224803439" Name="It's Only Real (Original Mix)" Artist="Denis Sulta" Composer="" Album="It's Only Real" Grouping="" Genre="House/Tech/Organic" Kind="AIFF File" Size="73070342" TotalTime="413" DiscNumber="0" TrackNumber="1" Year="2015" AverageBpm="130.00" DateAdded="2020-03-21" BitRate="1411" SampleRate="44100" Comments="5A - 6" PlayCount="1" Rating="0" Location="file://localhost/Users/zachvp/Music/DJ/Denis%20Sulta%20-%20It%27s%20Only%20Real%20(Original%20Mix).aiff" Remixer="" Tonality="5A" Label="Numbers" Mix="">
      <TEMPO Inizio="0.122" Bpm="130.00" Metro="4/4" Battito="1" />
    </TRACK>
    <TRACK TrackID="225289881" Name="Dandellion feat. Rahmondau (Original Mix)" Artist="Sly Faux" Composer="" Album="Dandellion" Grouping="" Genre="House/Techno/" Kind="AIFF File" Size="96615706" TotalTime="547" DiscNumber="0" TrackNumber="1" Year="2018" AverageBpm="127.00" DateAdded="2020-03-21" BitRate="1411" SampleRate="44100" Comments="2A - 6" PlayCount="1" Rating="0" Location="file://localhost/Users/zachvp/Music/DJ/Sly%20Faux%20-%20Dandellion%20feat.%20Rahmondau%20(Orig.aiff" Remixer="" Tonality="2A" Label="MOOD" Mix="">
      <TEMPO Inizio="0.031" Bpm="127.00" Metro="4/4" Battito="3" />
    </TRACK>
    <TRACK TrackID="228647796" Name="Believe It (Original Mix)" Artist="Sous Sol" Composer="" Album="Eventually" Grouping="" Genre="House/Deep/Tech/" Kind="AIFF File" Size="76319692" TotalTime="431" DiscNumber="0" TrackNumber="2" Year="2017" AverageBpm="122.00" DateAdded="2020-03-21" BitRate="1411" SampleRate="44100" Comments="8A - 5" PlayCount="3" Rating="0" Location="file://localhost/Users/zachvp/Music/DJ/Sous%20Sol%20-%20Believe%20It%20(Original%20Mix).aiff" Remixer="" Tonality="8A" Label="Bondage Music" Mix="">
      <TEMPO Inizio="0.213" Bpm="122.00" Metro="4/4" Battito="1" />
    </TRACK>
    <TRACK TrackID="188643334" Name="Work This Out (Original Mix)" Artist="Piero Pirupa" Composer="" Album="Out Of Control EP" Grouping="" Genre="House/Tech/Hard" Kind="AIFF File" Size="74797114" TotalTime="423" DiscNumber="0" TrackNumber="3" Year="2017" AverageBpm="124.00" DateAdded="2020-03-21" BitRate="1411" SampleRate="44100" Comments="6A - 7" PlayCount="0" Rating="0" Location="file://localhost/Users/zachvp/Music/DJ/Piero%20Pirupa%20-%20Work%20This%20Out%20(Original%20Mix).aiff" Remixer="" Tonality="6A" Label="Relief" Mix="">
      <TEMPO Inizio="0.032" Bpm="124.00" Metro="4/4" Battito="3" />
    </TRACK>
    <TRACK TrackID="88340495" Name="Mouth (Original Mix)" Artist="Blond:ish" Composer="" Album="Mountains Of The Mind" Grouping="" Genre="House/Deep/Tech/" Kind="AIFF File" Size="79995674" TotalTime="452" DiscNumber="0" TrackNumber="1" Year="2018" AverageBpm="123.00" DateAdded="2020-03-21" BitRate="1411" SampleRate="44100" Comments="11A - 6" PlayCount="0" Rating="0" Location="file://localhost/Users/zachvp/Music/DJ/Blondish%20-%20Mouth%20(Original%20Mix).aiff" Remixer="" Tonality="11A" Label="Warung Recordings" Mix="">
      <TEMPO Inizio="0.165" Bpm="123.00" Metro="4/4" Battito="1" />
    </TRACK>
    <TRACK TrackID="145457071" Name="For An Endless Night (Jel Ford Remix)" Artist="Alan Fitzpatrick" Composer="" Album="For An Endless Night (Jel Ford Remix)" Grouping="" Genre="House/Techno/" Kind="AIFF File" Size="79429258" TotalTime="449" DiscNumber="0" TrackNumber="1" Year="2015" AverageBpm="126.00" DateAdded="2020-03-21" BitRate="1411" SampleRate="44100" Comments="1A - 6" PlayCount="0" Rating="0" Location="file://localhost/Users/zachvp/Music/DJ/Alan%20Fitzpatrick%20-%20For%20An%20Endless%20Night%20(Je.aiff" Remixer="Jel Ford" Tonality="1A" Label="Drumcode" Mix="">
      <TEMPO Inizio="0.082" Bpm="126.00" Metro="4/4" Battito="1" />
      <TEMPO Inizio="0.559" Bpm="126.00" Metro="4/4" Battito="2" />
      <TEMPO Inizio="226.750" Bpm="126.00" Metro="4/4" Battito="1" />
    </TRACK>
    <TRACK TrackID="156994240" Name="Like A Child (Carl Craig Remix)" Artist="Junior Boys" Composer="" Album="Sessions" Grouping="" Genre="House/Deep/Tech/" Kind="AIFF File" Size="110480300" TotalTime="626" DiscNumber="0" TrackNumber="2" Year="2008" AverageBpm="126.98" DateAdded="2020-03-21" BitRate="1411" SampleRate="44100" Comments="4A - 6" PlayCount="0" Rating="0" Location="file://localhost/Users/zachvp/Music/DJ/Junior%20Boys%20-%20Like%20A%20Child%20(Carl%20Craig%20Remi.aiff" Remixer="Carl Craig" Tonality="4A" Label="K7 Records" Mix="">
      <TEMPO Inizio="0.111" Bpm="126.98" Metro="4/4" Battito="1" />
    </TRACK>
    <TRACK TrackID="208769411" Name="Memories of the Future (Original Mix)" Artist="Philipp Gonzales" Composer="" Album="Memories of the Future" Grouping="" Genre="House/Deep/Tech/" Kind="AIFF File" Size="77420638" TotalTime="437" DiscNumber="0" TrackNumber="1" Year="2017" AverageBpm="123.00" DateAdded="2020-03-21" BitRate="1411" SampleRate="44100" Comments="5A - 5" PlayCount="1" Rating="0" Location="file://localhost/Users/zachvp/Music/DJ/Philipp%20Gonzales%20-%20Memories%20of%20the%20Future%20(.aiff" Remixer="" Tonality="5A" Label="Bondage Music" Mix="">
      <TEMPO Inizio="0.214" Bpm="123.00" Metro="4/4" Battito="1" />
    </TRACK>
    <TRACK TrackID="124648283" Name="Imagination (Original Mix)" Artist="Nico Stojan" Composer="" Album="The Fall EP" Grouping="" Genre="House/Deep/Melodic" Kind="AIFF File" Size="108121394" TotalTime="612" DiscNumber="0" TrackNumber="1" Year="2017" AverageBpm="120.00" DateAdded="2020-03-21" BitRate="1411" SampleRate="44100" Comments="5A - 6" PlayCount="1" Rating="0" Location="file://localhost/Users/zachvp/Music/DJ/Nico%20Stojan%20-%20Imagination%20(Original%20Mix).aiff" Remixer="" Tonality="5A" Label="Suara" Mix="">
      <TEMPO Inizio="0.065" Bpm="120.00" Metro="4/4" Battito="1" />
      <TEMPO Inizio="528.066" Bpm="120.00" Metro="4/4" Battito="1" />
    </TRACK>
    <TRACK TrackID="163842506" Name="Skyfall (Original Mix)" Artist="Tracey" Composer="" Album="Skyfall" Grouping="" Genre="House/Deep/Tech/Spacey" Kind="AIFF File" Size="59976264" TotalTime="339" DiscNumber="0" TrackNumber="1" Year="2017" AverageBpm="120.00" DateAdded="2020-03-21" BitRate="1411" SampleRate="44100" Comments="3A - 5" PlayCount="0" Rating="0" Location="file://localhost/Users/zachvp/Music/DJ/Tracey%20-%20Skyfall%20(Original%20Mix).aiff" Remixer="" Tonality="3A" Label="Voyage Direct" Mix="">
      <TEMPO Inizio="0.493" Bpm="120.00" Metro="4/4" Battito="2" />
      <TEMPO Inizio="45.492" Bpm="120.00" Metro="4/4" Battito="4" />
      <TEMPO Inizio="45.993" Bpm="120.00" Metro="4/4" Battito="1" />
      <TEMPO Inizio="46.492" Bpm="120.00" Metro="4/4" Battito="2" />
      <TEMPO Inizio="46.993" Bpm="120.00" Metro="4/4" Battito="3" />
      <TEMPO Inizio="47.492" Bpm="120.00" Metro="4/4" Battito="4" />
      <TEMPO Inizio="47.993" Bpm="120.00" Metro="4/4" Battito="1" />
      <TEMPO Inizio="48.492" Bpm="120.00" Metro="4/4" Battito="2" />
      <TEMPO Inizio="48.993" Bpm="120.00" Metro="4/4" Battito="3" />
      <TEMPO Inizio="49.492" Bpm="120.00" Metro="4/4" Battito="4" />
      <TEMPO Inizio="49.993" Bpm="120.00" Metro="4/4" Battito="1" />
      <TEMPO Inizio="50.492" Bpm="120.00" Metro="4/4" Battito="2" />
      <TEMPO Inizio="183.491" Bpm="120.00" Metro="4/4" Battito="4" />
      <TEMPO Inizio="183.992" Bpm="120.00" Metro="4/4" Battito="1" />
      <TEMPO Inizio="184.491" Bpm="120.00" Metro="4/4" Battito="2" />
      <TEMPO Inizio="184.992" Bpm="120.00" Metro="4/4" Battito="3" />
      <TEMPO Inizio="185.491" Bpm="120.00" Metro="4/4" Battito="4" />
      <TEMPO Inizio="185.992" Bpm="120.00" Metro="4/4" Battito="1" />
      <TEMPO Inizio="186.491" Bpm="120.00" Metro="4/4" Battito="2" />
      <TEMPO Inizio="186.992" Bpm="120.00" Metro="4/4" Battito="3" />
      <TEMPO Inizio="187.491" Bpm="120.00" Metro="4/4" Battito="4" />
      <TEMPO Inizio="187.992" Bpm="120.00" Metro="4/4" Battito="1" />
      <TEMPO Inizio="188.491" Bpm="120.00" Metro="4/4" Battito="2" />
      <TEMPO Inizio="188.992" Bpm="120.00" Metro="4/4" Battito="3" />
      <TEMPO Inizio="189.491" Bpm="120.00" Metro="4/4" Battito="4" />
      <TEMPO Inizio="322.490" Bpm="120.00" Metro="4/4" Battito="2" />
      <TEMPO Inizio="322.991" Bpm="120.00" Metro="4/4" Battito="3" />
      <TEMPO Inizio="323.490" Bpm="120.00" Metro="4/4" Battito="4" />
      <TEMPO Inizio="323.991" Bpm="120.00" Metro="4/4" Battito="1" />
      <TEMPO Inizio="324.490" Bpm="120.00" Metro="4/4" Battito="2" />
      <TEMPO Inizio="324.991" Bpm="120.00" Metro="4/4" Battito="3" />
      <TEMPO Inizio="325.490" Bpm="120.00" Metro="4/4" Battito="4" />
      <TEMPO Inizio="325.991" Bpm="120.00" Metro="4/4" Battito="1" />
      <TEMPO Inizio="326.490" Bpm="120.00" Metro="4/4" Battito="2" />
      <TEMPO Inizio="326.991" Bpm="120.00" Metro="4/4" Battito="3" />
      <TEMPO Inizio="327.490" Bpm="120.00" Metro="4/4" Battito="4" />
      <TEMPO Inizio="327.991" Bpm="120.00" Metro="4/4" Battito="1" />
      <TEMPO Inizio="328.490" Bpm="120.00" Metro="4/4" Battito="2" />
    </TRACK>
    <TRACK TrackID="207928153" Name="Swallow (Tale Of Us Remix)" Artist="Monolink" Composer="" Album="Swallow (Tale Of Us Remix)" Grouping="" Genre="House/Deep/Melodic" Kind="AIFF File" Size="78621240" TotalTime="445" DiscNumber="0" TrackNumber="1" Year="2018" AverageBpm="124.00" DateAdded="2020-03-21" BitRate="1411" SampleRate="44100" Comments="11A - 5" PlayCount="1" Rating="0" Location="file://localhost/Users/zachvp/Music/DJ/Monolink%20-%20Swallow%20(Tale%20Of%20Us%20Remix).aiff" Remixer="Tale Of Us" Tonality="11A" Label="Embassy One" Mix="">
      <TEMPO Inizio="0.002" Bpm="124.00" Metro="4/4" Battito="1" />
    </TRACK>
    <TRACK TrackID="117998051" Name="Atom (Original Mix)" Artist="2pole" Composer="" Album="ATOM EP" Grouping="" Genre="House/Techno/" Kind="AIFF File" Size="70309564" TotalTime="398" DiscNumber="0" TrackNumber="1" Year="2018" AverageBpm="128.00" DateAdded="2020-03-21" BitRate="1411" SampleRate="44100" Comments="6A - 6" PlayCount="0" Rating="0" Location="file://localhost/Users/zachvp/Music/DJ/2pole%20-%20Atom%20(Original%20Mix).aiff" Remixer="" Tonality="6A" Label="Tronic" Mix="">
      <TEMPO Inizio="0.045" Bpm="128.00" Metro="4/4" Battito="1" />
    </TRACK>
    <TRACK TrackID="100197356" Name="Melantha (Original Mix)" Artist="Fidia, Abner" Composer="" Album="Melantha, Una Flor" Grouping="" Genre="House/Deep/Melodic" Kind="AIFF File" Size="85105446" TotalTime="481" DiscNumber="0" TrackNumber="1" Year="2017" AverageBpm="124.00" DateAdded="2020-03-21" BitRate="1411" SampleRate="44100" Comments="3A - 5" PlayCount="0" Rating="0" Location="file://localhost/Users/zachvp/Music/DJ/Abner,%20Fidia%20-%20Melantha%20(Original%20Mix).aiff" Remixer="" Tonality="3A" Label="Yaww Recordings" Mix="">
      <TEMPO Inizio="0.000" Bpm="124.00" Metro="4/4" Battito="1" />
    </TRACK>
    <TRACK TrackID="97102312" Name="La Fiesta (Original Mix)" Artist="Max Chapman" Composer="" Album="La Fiesta" Grouping="" Genre="House/Tech/Organic" Kind="AIFF File" Size="82925960" TotalTime="469" DiscNumber="0" TrackNumber="1" Year="2017" AverageBpm="124.00" DateAdded="2020-03-21" BitRate="1411" SampleRate="44100" Comments="8A - 6" PlayCount="6" Rating="0" Location="file://localhost/Users/zachvp/Music/DJ/Max%20Chapman%20-%20La%20Fiesta%20(Original%20Mix).aiff" Remixer="" Tonality="8A" Label="Hot Creations" Mix="">
      <TEMPO Inizio="0.033" Bpm="124.00" Metro="4/4" Battito="1" />
      <POSITION_MARK Name="" Type="0" Start="31.001" Num="-1" />
      <POSITION_MARK Name="" Type="0" Start="154.869" Num="-1" />
      <POSITION_MARK Name="" Type="0" Start="216.820" Num="-1" />
      <POSITION_MARK Name="" Type="0" Start="278.744" Num="-1" />
      <POSITION_MARK Name="" Type="0" Start="371.641" Num="-1" />
    </TRACK>
    <TRACK TrackID="31802958" Name="Yellow Sun (Alex Banks Remix)" Artist="Crystal Fighters" Composer="" Album="Yellow Sun (Remixes)" Grouping="" Genre="House/Deep/Melodic" Kind="AIFF File" Size="89142926" TotalTime="504" DiscNumber="0" TrackNumber="3" Year="2017" AverageBpm="124.02" DateAdded="2020-03-21" BitRate="1411" SampleRate="44100" Comments="9B - 7" PlayCount="2" Rating="0" Location="file://localhost/Users/zachvp/Music/DJ/Crystal%20Fighters%20-%20Yellow%20Sun%20(Alex%20Banks%20R.aiff" Remixer="Alex Banks" Tonality="9B" Label="Play It Again Sam" Mix="">
      <TEMPO Inizio="0.011" Bpm="124.02" Metro="4/4" Battito="1" />
      <POSITION_MARK Name="" Type="0" Start="247.767" Num="-1" />
      <POSITION_MARK Name="" Type="0" Start="185.790" Num="-1" />
      <POSITION_MARK Name="" Type="0" Start="178.054" Num="-1" />
    </TRACK>
    <TRACK TrackID="212526988" Name="Open Up (Skream Mix)" Artist="Leftfield" Composer="" Album="Open Up" Grouping="" Genre="House/Tech/Progressive" Kind="AIFF File" Size="79868792" TotalTime="452" DiscNumber="0" TrackNumber="1" Year="2017" AverageBpm="124.88" DateAdded="2020-03-21" BitRate="1411" SampleRate="44100" Comments="4A - 6" PlayCount="1" Rating="0" Location="file://localhost/Users/zachvp/Music/DJ/Leftfield%20-%20Open%20Up%20(Skream%20Mix).aiff" Remixer="Skream" Tonality="4A" Label="Sony Music Entertainment" Mix="">
      <TEMPO Inizio="0.006" Bpm="124.88" Metro="4/4" Battito="1" />
      <TEMPO Inizio="0.487" Bpm="124.88" Metro="4/4" Battito="2" />
      <TEMPO Inizio="440.590" Bpm="124.88" Metro="4/4" Battito="2" />
    </TRACK>
    <TRACK TrackID="71457256" Name="Arrival (Original Mix)" Artist="MATRiXXMAN" Composer="" Album="Dekmantel - Best of 2017" Grouping="" Genre="House/Techno/Acid" Kind="AIFF File" Size="82155022" TotalTime="465" DiscNumber="0" TrackNumber="18" Year="2017" AverageBpm="130.00" DateAdded="2020-03-21" BitRate="1411" SampleRate="44100" Comments="2A - 5" PlayCount="0" Rating="0" Location="file://localhost/Users/zachvp/Music/DJ/MATRiXXMAN%20-%20Arrival%20(Original%20Mix).aiff" Remixer="" Tonality="2A" Label="Dekmantel" Mix="" />
    <TRACK TrackID="126942238" Name="Brazil (Slow Version)" Artist="Luke Abbott" Composer="" Album="Brazil" Grouping="" Genre="House/Deep/Tech/Spacey" Kind="AIFF File" Size="66220466" TotalTime="375" DiscNumber="0" TrackNumber="1" Year="2011" AverageBpm="128.00" DateAdded="2020-03-21" BitRate="1411" SampleRate="44100" Comments="4A - 5" PlayCount="0" Rating="0" Location="file://localhost/Users/zachvp/Music/DJ/Luke%20Abbott%20-%20Brazil%20(Slow%20Version).aiff" Remixer="" Tonality="4A" Label="Border Community" Mix="">
      <TEMPO Inizio="0.034" Bpm="128.00" Metro="4/4" Battito="1" />
    </TRACK>
    <TRACK TrackID="228216611" Name="Ride (Remastered)" Artist="M.E." Composer="" Album="Traxbox Vol. 8 (Trax Records Remastered)" Grouping="" Genre="House/Deep/Tech/" Kind="AIFF File" Size="47265594" TotalTime="267" DiscNumber="0" TrackNumber="10" Year="2013" AverageBpm="125.18" DateAdded="2020-03-21" BitRate="1411" SampleRate="44100" Comments="7A - 6" PlayCount="1" Rating="0" Location="file://localhost/Users/zachvp/Music/DJ/M.E.%20-%20Ride%20(Remastered).aiff" Remixer="" Tonality="7A" Label="Harmless Records" Mix="">
      <TEMPO Inizio="0.170" Bpm="125.18" Metro="4/4" Battito="2" />
      <TEMPO Inizio="11.674" Bpm="125.18" Metro="4/4" Battito="2" />
      <TEMPO Inizio="29.409" Bpm="125.18" Metro="4/4" Battito="3" />
      <TEMPO Inizio="40.913" Bpm="125.18" Metro="4/4" Battito="3" />
      <TEMPO Inizio="58.648" Bpm="125.18" Metro="4/4" Battito="4" />
      <TEMPO Inizio="70.152" Bpm="125.18" Metro="4/4" Battito="4" />
      <TEMPO Inizio="87.887" Bpm="125.18" Metro="4/4" Battito="1" />
      <TEMPO Inizio="105.622" Bpm="125.18" Metro="4/4" Battito="2" />
      <TEMPO Inizio="123.357" Bpm="125.18" Metro="4/4" Battito="3" />
      <TEMPO Inizio="134.861" Bpm="125.18" Metro="4/4" Battito="3" />
      <TEMPO Inizio="152.596" Bpm="125.18" Metro="4/4" Battito="4" />
      <TEMPO Inizio="170.331" Bpm="125.18" Metro="4/4" Battito="1" />
      <TEMPO Inizio="181.835" Bpm="125.18" Metro="4/4" Battito="1" />
      <TEMPO Inizio="199.570" Bpm="125.18" Metro="4/4" Battito="2" />
      <TEMPO Inizio="217.305" Bpm="125.18" Metro="4/4" Battito="3" />
      <TEMPO Inizio="235.040" Bpm="125.18" Metro="4/4" Battito="4" />
      <TEMPO Inizio="246.544" Bpm="125.18" Metro="4/4" Battito="4" />
      <TEMPO Inizio="264.279" Bpm="125.18" Metro="4/4" Battito="1" />
    </TRACK>
    <TRACK TrackID="28685866" Name="Leave Me Here (Original Mix)" Artist="Martin Iveson" Composer="" Album="10 by Ten (Martin Iveson/Fred Everything)" Grouping="" Genre="House/Deep/Tech/Spacey" Kind="AIFF File" Size="78119364" TotalTime="442" DiscNumber="0" TrackNumber="1" Year="2015" AverageBpm="124.00" DateAdded="2020-03-21" BitRate="1411" SampleRate="44100" Comments="5A - 6" PlayCount="1" Rating="0" Location="file://localhost/Users/zachvp/Music/DJ/Martin%20Iveson%20-%20Leave%20Me%20Here%20(Original%20Mix.aiff" Remixer="" Tonality="5A" Label="Lazy Days Music" Mix="">
      <TEMPO Inizio="0.019" Bpm="124.00" Metro="4/4" Battito="3" />
      <POSITION_MARK Name="" Type="0" Start="30.981" Num="-1" />
    </TRACK>
    <TRACK TrackID="11142536" Name="San Vorera (Breese Remix)" Artist="Robot 84, ManuelÂ Amoscotegui" Composer="" Album="Balearic 4" Grouping="" Genre="Lounge/Acoustic" Kind="AIFF File" Size="45289184" TotalTime="256" DiscNumber="0" TrackNumber="10" Year="2018" AverageBpm="107.00" DateAdded="2020-03-23" BitRate="1411" SampleRate="44100" Comments="5A - 5" PlayCount="3" Rating="0" Location="file://localhost/Users/zachvp/Music/DJ/Manuel%c2%a0Amoscotegui,%20Robot%2084%20-%20San%20Vorera%20(.aiff" Remixer="Breese" Tonality="5A" Label="Balearic" Mix="">
      <TEMPO Inizio="0.049" Bpm="107.00" Metro="4/4" Battito="4" />
      <POSITION_MARK Name="" Type="0" Start="0.000" Num="-1" />
    </TRACK>
    <TRACK TrackID="226901751" Name="Where You Belong (Original Mix)" Artist="The Groovers" Composer="" Album="Chill Cuts Vol. 1" Grouping="" Genre="Lounge/" Kind="AIFF File" Size="62635658" TotalTime="354" DiscNumber="0" TrackNumber="10" Year="2016" AverageBpm="87.40" DateAdded="2020-03-23" BitRate="1411" SampleRate="44100" Comments="4A - 6" PlayCount="4" Rating="0" Location="file://localhost/Users/zachvp/Music/DJ/The%20Groovers%20-%20Where%20You%20Belong%20(Original%20M.aiff" Remixer="" Tonality="4A" Label="Razor-N-Tape Records" Mix="">
      <TEMPO Inizio="0.111" Bpm="87.40" Metro="4/4" Battito="1" />
      <TEMPO Inizio="0.798" Bpm="87.40" Metro="4/4" Battito="2" />
    </TRACK>
    <TRACK TrackID="186421355" Name="Body Double (Original Mix)" Artist="Shur-I-Kan" Composer="" Album="Body Double EP" Grouping="" Genre="House/Deep/Tech/Spacey" Kind="AIFF File" Size="66183404" TotalTime="373" DiscNumber="0" TrackNumber="2" Year="2011" AverageBpm="123.00" DateAdded="2020-03-23" BitRate="1411" SampleRate="44100" Comments="8A - 6" PlayCount="2" Rating="0" Location="file://localhost/Users/zachvp/Music/DJ/Shur-I-Kan%20-%20Body%20Double%20(Original%20Mix).aiff" Remixer="" Tonality="8A" Label="Lo:Rise" Mix="">
      <TEMPO Inizio="0.024" Bpm="123.00" Metro="4/4" Battito="1" />
    </TRACK>
    <TRACK TrackID="194232408" Name="Secret Value (Original Mix)" Artist="Linkwood" Composer="" Album="Shevchenko 4" Grouping="" Genre="House/Deep/Tech/Spacey" Kind="AIFF File" Size="57952686" TotalTime="328" DiscNumber="0" TrackNumber="1" Year="2017" AverageBpm="125.00" DateAdded="2020-03-23" BitRate="1411" SampleRate="44100" Comments="5A - 7" PlayCount="2" Rating="0" Location="file://localhost/Users/zachvp/Music/DJ/Linkwood%20-%20Secret%20Value%20(Original%20Mix).aiff" Remixer="" Tonality="5A" Label="Firecracker" Mix="">
      <TEMPO Inizio="0.443" Bpm="125.00" Metro="4/4" Battito="3" />
      <TEMPO Inizio="43.162" Bpm="125.00" Metro="4/4" Battito="4" />
      <TEMPO Inizio="87.321" Bpm="125.00" Metro="4/4" Battito="4" />
      <TEMPO Inizio="131.480" Bpm="125.00" Metro="4/4" Battito="4" />
      <TEMPO Inizio="179.959" Bpm="125.00" Metro="4/4" Battito="1" />
      <TEMPO Inizio="224.118" Bpm="125.00" Metro="4/4" Battito="1" />
      <TEMPO Inizio="268.277" Bpm="125.00" Metro="4/4" Battito="1" />
      <TEMPO Inizio="312.436" Bpm="125.00" Metro="4/4" Battito="1" />
      <POSITION_MARK Name="" Type="0" Start="5.685" Num="-1" />
    </TRACK>
    <TRACK TrackID="96883359" Name="Andante (Original Mix)" Artist="Croquet Club" Composer="" Album="Love Exposure" Grouping="" Genre="Lounge/Ambient" Kind="AIFF File" Size="36869382" TotalTime="207" DiscNumber="0" TrackNumber="1" Year="2016" AverageBpm="112.00" DateAdded="2020-03-23" BitRate="1411" SampleRate="44100" Comments="2A - 4" PlayCount="0" Rating="0" Location="file://localhost/Users/zachvp/Music/DJ/Croquet%20Club%20-%20Andante%20(Original%20Mix).aiff" Remixer="" Tonality="2A" Label="Anjunadeep" Mix="">
      <TEMPO Inizio="0.223" Bpm="112.00" Metro="4/4" Battito="1" />
    </TRACK>
    <TRACK TrackID="163172803" Name="Joshua Tree (Original Mix)" Artist="Joel Mull" Composer="" Album="Firefly" Grouping="" Genre="House/Techno/Downtempo" Kind="AIFF File" Size="76266110" TotalTime="431" DiscNumber="0" TrackNumber="2" Year="2017" AverageBpm="126.00" DateAdded="2020-03-23" BitRate="1411" SampleRate="44100" Comments="7A - 6" PlayCount="2" Rating="0" Location="file://localhost/Users/zachvp/Music/DJ/Joel%20Mull%20-%20Joshua%20Tree%20(Original%20Mix).aiff" Remixer="" Tonality="7A" Label="MOOD" Mix="">
      <TEMPO Inizio="0.002" Bpm="126.00" Metro="4/4" Battito="1" />
    </TRACK>
    <TRACK TrackID="73093802" Name="My Number (Totally Enormous Extinct Dinosaurs Remix)" Artist="Foals" Composer="" Album="Foals: Holy Fire Remixes" Grouping="" Genre="House/Deep/Melodic" Kind="AIFF File" Size="75946780" TotalTime="430" DiscNumber="0" TrackNumber="2" Year="2013" AverageBpm="125.00" DateAdded="2020-03-23" BitRate="1411" SampleRate="44100" Comments="12B - 6" PlayCount="1" Rating="0" Location="file://localhost/Users/zachvp/Music/DJ/Foals%20-%20My%20Number%20(Totally%20Enormous%20Extinct.aiff" Remixer="Totally Enormous Extinct Dinosaurs" Tonality="12B" Label="Warner Bros. Records" Mix="">
      <TEMPO Inizio="0.013" Bpm="125.00" Metro="4/4" Battito="1" />
      <TEMPO Inizio="6.254" Bpm="125.00" Metro="4/4" Battito="2" />
      <TEMPO Inizio="134.895" Bpm="125.00" Metro="4/4" Battito="2" />
      <TEMPO Inizio="264.016" Bpm="125.00" Metro="4/4" Battito="3" />
      <TEMPO Inizio="392.657" Bpm="125.00" Metro="4/4" Battito="3" />
    </TRACK>
    <TRACK TrackID="31308873" Name="Stir Me Up (Jody Wisternoff Remix)" Artist="Lane 8" Composer="" Album="Little by Little Remixed" Grouping="" Genre="House/Deep/Melodic" Kind="AIFF File" Size="85091596" TotalTime="480" DiscNumber="0" TrackNumber="10" Year="2018" AverageBpm="120.00" DateAdded="2020-03-23" BitRate="1411" SampleRate="44100" Comments="7A - 6" PlayCount="1" Rating="0" Location="file://localhost/Users/zachvp/Music/DJ/Lane%208%20-%20Stir%20Me%20Up%20(Jody%20Wisternoff%20Remix).aiff" Remixer="Jody Wisternoff" Tonality="7A" Label="This Never Happened" Mix="">
      <TEMPO Inizio="0.001" Bpm="120.00" Metro="4/4" Battito="1" />
      <TEMPO Inizio="32.502" Bpm="120.00" Metro="4/4" Battito="2" />
      <TEMPO Inizio="33.001" Bpm="120.00" Metro="4/4" Battito="3" />
      <TEMPO Inizio="33.502" Bpm="120.00" Metro="4/4" Battito="4" />
      <TEMPO Inizio="34.001" Bpm="120.00" Metro="4/4" Battito="1" />
      <TEMPO Inizio="34.502" Bpm="120.00" Metro="4/4" Battito="2" />
      <TEMPO Inizio="35.001" Bpm="120.00" Metro="4/4" Battito="3" />
      <TEMPO Inizio="35.502" Bpm="120.00" Metro="4/4" Battito="4" />
      <TEMPO Inizio="36.001" Bpm="120.00" Metro="4/4" Battito="1" />
      <TEMPO Inizio="36.502" Bpm="120.00" Metro="4/4" Battito="2" />
      <TEMPO Inizio="37.001" Bpm="120.00" Metro="4/4" Battito="3" />
      <TEMPO Inizio="37.502" Bpm="120.00" Metro="4/4" Battito="4" />
      <TEMPO Inizio="38.001" Bpm="120.00" Metro="4/4" Battito="1" />
      <TEMPO Inizio="38.502" Bpm="120.00" Metro="4/4" Battito="2" />
      <TEMPO Inizio="39.001" Bpm="120.00" Metro="4/4" Battito="3" />
      <TEMPO Inizio="39.502" Bpm="120.00" Metro="4/4" Battito="4" />
      <TEMPO Inizio="40.001" Bpm="120.00" Metro="4/4" Battito="1" />
      <TEMPO Inizio="40.502" Bpm="120.00" Metro="4/4" Battito="2" />
      <TEMPO Inizio="41.001" Bpm="120.00" Metro="4/4" Battito="3" />
      <TEMPO Inizio="41.502" Bpm="120.00" Metro="4/4" Battito="4" />
      <TEMPO Inizio="42.001" Bpm="120.00" Metro="4/4" Battito="1" />
      <TEMPO Inizio="42.502" Bpm="120.00" Metro="4/4" Battito="2" />
      <TEMPO Inizio="43.001" Bpm="120.00" Metro="4/4" Battito="3" />
      <TEMPO Inizio="43.502" Bpm="120.00" Metro="4/4" Battito="4" />
      <TEMPO Inizio="44.001" Bpm="120.00" Metro="4/4" Battito="1" />
      <TEMPO Inizio="44.502" Bpm="120.00" Metro="4/4" Battito="2" />
      <TEMPO Inizio="45.001" Bpm="120.00" Metro="4/4" Battito="3" />
      <TEMPO Inizio="45.502" Bpm="120.00" Metro="4/4" Battito="4" />
      <TEMPO Inizio="46.001" Bpm="120.00" Metro="4/4" Battito="1" />
      <TEMPO Inizio="46.502" Bpm="120.00" Metro="4/4" Battito="2" />
      <TEMPO Inizio="47.001" Bpm="120.00" Metro="4/4" Battito="3" />
      <TEMPO Inizio="47.502" Bpm="120.00" Metro="4/4" Battito="4" />
      <TEMPO Inizio="379.503" Bpm="120.00" Metro="4/4" Battito="4" />
      <TEMPO Inizio="380.002" Bpm="120.00" Metro="4/4" Battito="1" />
      <TEMPO Inizio="380.503" Bpm="120.00" Metro="4/4" Battito="2" />
      <TEMPO Inizio="381.002" Bpm="120.00" Metro="4/4" Battito="3" />
      <TEMPO Inizio="381.503" Bpm="120.00" Metro="4/4" Battito="4" />
      <TEMPO Inizio="382.002" Bpm="120.00" Metro="4/4" Battito="1" />
      <TEMPO Inizio="382.503" Bpm="120.00" Metro="4/4" Battito="2" />
      <TEMPO Inizio="383.002" Bpm="120.00" Metro="4/4" Battito="3" />
      <TEMPO Inizio="383.503" Bpm="120.00" Metro="4/4" Battito="4" />
      <TEMPO Inizio="384.002" Bpm="120.00" Metro="4/4" Battito="1" />
      <TEMPO Inizio="384.503" Bpm="120.00" Metro="4/4" Battito="2" />
      <TEMPO Inizio="385.002" Bpm="120.00" Metro="4/4" Battito="3" />
      <TEMPO Inizio="385.503" Bpm="120.00" Metro="4/4" Battito="4" />
      <TEMPO Inizio="386.002" Bpm="120.00" Metro="4/4" Battito="1" />
      <TEMPO Inizio="386.503" Bpm="120.00" Metro="4/4" Battito="2" />
      <TEMPO Inizio="387.002" Bpm="120.00" Metro="4/4" Battito="3" />
      <TEMPO Inizio="387.503" Bpm="120.00" Metro="4/4" Battito="4" />
      <TEMPO Inizio="388.002" Bpm="120.00" Metro="4/4" Battito="1" />
      <TEMPO Inizio="388.503" Bpm="120.00" Metro="4/4" Battito="2" />
      <TEMPO Inizio="389.002" Bpm="120.00" Metro="4/4" Battito="3" />
      <TEMPO Inizio="389.503" Bpm="120.00" Metro="4/4" Battito="4" />
      <TEMPO Inizio="390.002" Bpm="120.00" Metro="4/4" Battito="1" />
      <TEMPO Inizio="390.503" Bpm="120.00" Metro="4/4" Battito="2" />
      <TEMPO Inizio="391.002" Bpm="120.00" Metro="4/4" Battito="3" />
      <TEMPO Inizio="391.503" Bpm="120.00" Metro="4/4" Battito="4" />
      <TEMPO Inizio="392.002" Bpm="120.00" Metro="4/4" Battito="1" />
      <TEMPO Inizio="392.503" Bpm="120.00" Metro="4/4" Battito="2" />
      <TEMPO Inizio="393.002" Bpm="120.00" Metro="4/4" Battito="3" />
      <TEMPO Inizio="393.503" Bpm="120.00" Metro="4/4" Battito="4" />
      <TEMPO Inizio="394.002" Bpm="120.00" Metro="4/4" Battito="1" />
      <TEMPO Inizio="394.503" Bpm="120.00" Metro="4/4" Battito="2" />
      <TEMPO Inizio="395.002" Bpm="120.00" Metro="4/4" Battito="3" />
      <TEMPO Inizio="395.503" Bpm="120.00" Metro="4/4" Battito="4" />
    </TRACK>
    <TRACK TrackID="135858022" Name="Only You (Original Mix)" Artist="Meramek, Tropixx" Composer="" Album="Only You EP" Grouping="" Genre="House/Deep/Melodic" Kind="AIFF File" Size="63754142" TotalTime="360" DiscNumber="0" TrackNumber="1" Year="2014" AverageBpm="123.01" DateAdded="2020-03-23" BitRate="1411" SampleRate="44100" Comments="7A - 7" PlayCount="0" Rating="0" Location="file://localhost/Users/zachvp/Music/DJ/Meramek,%20Tropixx%20-%20Only%20You%20(Original%20Mix).aiff" Remixer="" Tonality="7A" Label="Anjunadeep" Mix="">
      <TEMPO Inizio="0.073" Bpm="123.01" Metro="4/4" Battito="1" />
    </TRACK>
    <TRACK TrackID="18405897" Name="Broken Keys (Original Mix)" Artist="Michael Klein" Composer="" Album="Peter's Hand" Grouping="" Genre="House/Techno/Sinister" Kind="AIFF File" Size="74083040" TotalTime="419" DiscNumber="0" TrackNumber="2" Year="2018" AverageBpm="129.00" DateAdded="2020-03-23" BitRate="1411" SampleRate="44100" Comments="8A - 6" PlayCount="0" Rating="0" Location="file://localhost/Users/zachvp/Music/DJ/Michael%20Klein%20-%20Broken%20Keys%20(Original%20Mix).aiff" Remixer="" Tonality="8A" Label="Second State" Mix="">
      <TEMPO Inizio="0.180" Bpm="129.00" Metro="4/4" Battito="1" />
      <TEMPO Inizio="89.948" Bpm="129.00" Metro="4/4" Battito="2" />
      <TEMPO Inizio="239.716" Bpm="129.00" Metro="4/4" Battito="4" />
      <TEMPO Inizio="373.670" Bpm="129.00" Metro="4/4" Battito="4" />
    </TRACK>
    <TRACK TrackID="243452496" Name="BX8 (Extended Mix)" Artist="Mike Efex" Composer="" Album="BX8 E.P." Grouping="" Genre="House/Techno/" Kind="AIFF File" Size="78270434" TotalTime="443" DiscNumber="0" TrackNumber="1" Year="2019" AverageBpm="130.00" DateAdded="2020-03-23" BitRate="1411" SampleRate="44100" Comments="9A - 6" PlayCount="0" Rating="0" Location="file://localhost/Users/zachvp/Music/DJ/Mike%20Efex%20-%20BX8%20(Extended%20Mix).aiff" Remixer="" Tonality="9A" Label="Coldharbour Black" Mix="">
      <TEMPO Inizio="0.000" Bpm="130.00" Metro="4/4" Battito="1" />
    </TRACK>
    <TRACK TrackID="89508155" Name="Dream Come True (feat. Erire) (DJ Chus &amp; David Penn Iberican Remix)" Artist="Abel Ramos, Erire" Composer="" Album="Dream Come True (feat. Erire)" Grouping="" Genre="Samples" Kind="AIFF File" Size="83301990" TotalTime="471" DiscNumber="0" TrackNumber="1" Year="2017" AverageBpm="126.00" DateAdded="2020-03-23" BitRate="1411" SampleRate="44100" Comments="10A - 7" PlayCount="0" Rating="0" Location="file://localhost/Users/zachvp/Music/DJ/Abel%20Ramos,%20Erire%20-%20Dream%20Come%20True%20(feat.%20.aiff" Remixer="David Penn, DJ Chus" Tonality="10A" Label="With Love Music" Mix="">
      <TEMPO Inizio="0.002" Bpm="126.00" Metro="4/4" Battito="4" />
      <TEMPO Inizio="0.479" Bpm="126.00" Metro="4/4" Battito="1" />
      <POSITION_MARK Name="" Type="0" Start="206.204" Num="-1" />
      <POSITION_MARK Name="" Type="0" Start="286.193" Num="-1" />
    </TRACK>
    <TRACK TrackID="14074768" Name="Bring The Sun (Original Mix)" Artist="Gry, Frank &amp; Tony" Composer="" Album="My Private Couch Beats 3" Grouping="" Genre="House/Deep/Melodic" Kind="AIFF File" Size="88268786" TotalTime="500" DiscNumber="0" TrackNumber="12" Year="2019" AverageBpm="114.00" DateAdded="2020-03-23" BitRate="1411" SampleRate="44100" Comments="7A - 5" PlayCount="0" Rating="0" Location="file://localhost/Users/zachvp/Music/DJ/Frank%20%26%20Tony,%20Gry%20-%20Bring%20The%20Sun%20(Original.aiff" Remixer="" Tonality="7A" Label="Push Communications" Mix="">
      <TEMPO Inizio="0.010" Bpm="114.00" Metro="4/4" Battito="1" />
    </TRACK>
    <TRACK TrackID="173984727" Name="Lie Alone (16BL Remix)" Artist="L. Doblado" Composer="" Album="Lie Alone (16BL Remix)" Grouping="" Genre="House/Deep/Melodic" Kind="AIFF File" Size="69182474" TotalTime="390" DiscNumber="0" TrackNumber="1" Year="2017" AverageBpm="122.00" DateAdded="2020-03-23" BitRate="1411" SampleRate="44100" Comments="7A - 6" PlayCount="0" Rating="0" Location="file://localhost/Users/zachvp/Music/DJ/L.%20Doblado%20-%20Lie%20Alone%20(16BL%20Remix).aiff" Remixer="16BL" Tonality="7A" Label="Anjunadeep" Mix="">
      <TEMPO Inizio="0.137" Bpm="122.00" Metro="4/4" Battito="1" />
    </TRACK>
    <TRACK TrackID="118090461" Name="Just Like Heaven feat. Minako (Dave DK Remix)" Artist="Vincenzo, Minako" Composer="" Album="Just Like Heaven" Grouping="" Genre="House/Deep/Tech/Spacey" Kind="AIFF File" Size="68803982" TotalTime="388" DiscNumber="0" TrackNumber="2" Year="2014" AverageBpm="122.00" DateAdded="2020-03-23" BitRate="1411" SampleRate="44100" Comments="12A - 6" PlayCount="1" Rating="0" Location="file://localhost/Users/zachvp/Music/DJ/Minako,%20Vincenzo%20-%20Just%20Like%20Heaven%20feat.%20M.aiff" Remixer="Dave DK" Tonality="12A" Label="Anjunadeep" Mix="">
      <TEMPO Inizio="0.430" Bpm="122.00" Metro="4/4" Battito="1" />
    </TRACK>
    <TRACK TrackID="25453124" Name="Wildness (Betoko Re-Edit)" Artist="Modul Kollektiv" Composer="" Album="Wildness / Patagonia" Grouping="" Genre="House/Deep/Tech/Spacey" Kind="AIFF File" Size="57466622" TotalTime="325" DiscNumber="0" TrackNumber="3" Year="2017" AverageBpm="124.00" DateAdded="2020-03-23" BitRate="1411" SampleRate="44100" Comments="8A - 5" PlayCount="1" Rating="0" Location="file://localhost/Users/zachvp/Music/DJ/Modul%20Kollektiv%20-%20Wildness%20(Betoko%20Re-Edit).aiff" Remixer="Betoko" Tonality="8A" Label="Chilli Mint Digital" Mix="">
      <TEMPO Inizio="0.003" Bpm="124.00" Metro="4/4" Battito="1" />
    </TRACK>
    <TRACK TrackID="21032930" Name="Growing Up With Muscle Cars (Original Mix)" Artist="HAAi" Composer="" Album="Motorik Voodoo Bush Doof Musik" Grouping="" Genre="Lounge/Indie" Kind="AIFF File" Size="108505444" TotalTime="613" DiscNumber="0" TrackNumber="4" Year="2018" AverageBpm="120.00" DateAdded="2020-03-23" BitRate="1411" SampleRate="44100" Comments="2A - 8" PlayCount="0" Rating="0" Location="file://localhost/Users/zachvp/Music/DJ/HAAi%20-%20Growing%20Up%20With%20Muscle%20Cars%20(Origina.aiff" Remixer="" Tonality="2A" Label="Coconut Beats" Mix="">
      <TEMPO Inizio="0.499" Bpm="120.00" Metro="4/4" Battito="2" />
      <TEMPO Inizio="41.000" Bpm="120.00" Metro="4/4" Battito="3" />
      <TEMPO Inizio="41.499" Bpm="120.00" Metro="4/4" Battito="4" />
      <TEMPO Inizio="42.000" Bpm="120.00" Metro="4/4" Battito="1" />
      <TEMPO Inizio="42.499" Bpm="120.00" Metro="4/4" Battito="2" />
      <TEMPO Inizio="43.000" Bpm="120.00" Metro="4/4" Battito="3" />
      <TEMPO Inizio="43.499" Bpm="120.00" Metro="4/4" Battito="4" />
      <TEMPO Inizio="44.000" Bpm="120.00" Metro="4/4" Battito="1" />
      <TEMPO Inizio="44.499" Bpm="120.00" Metro="4/4" Battito="2" />
      <TEMPO Inizio="45.000" Bpm="120.00" Metro="4/4" Battito="3" />
      <TEMPO Inizio="45.499" Bpm="120.00" Metro="4/4" Battito="4" />
      <TEMPO Inizio="46.000" Bpm="120.00" Metro="4/4" Battito="1" />
      <TEMPO Inizio="46.499" Bpm="120.00" Metro="4/4" Battito="2" />
      <TEMPO Inizio="47.000" Bpm="120.00" Metro="4/4" Battito="3" />
      <TEMPO Inizio="47.499" Bpm="120.00" Metro="4/4" Battito="4" />
      <TEMPO Inizio="48.000" Bpm="120.00" Metro="4/4" Battito="1" />
      <TEMPO Inizio="48.499" Bpm="120.00" Metro="4/4" Battito="2" />
      <TEMPO Inizio="49.000" Bpm="120.00" Metro="4/4" Battito="3" />
      <TEMPO Inizio="49.499" Bpm="120.00" Metro="4/4" Battito="4" />
      <TEMPO Inizio="50.000" Bpm="120.00" Metro="4/4" Battito="1" />
      <TEMPO Inizio="50.499" Bpm="120.00" Metro="4/4" Battito="2" />
      <TEMPO Inizio="51.000" Bpm="120.00" Metro="4/4" Battito="3" />
      <TEMPO Inizio="51.499" Bpm="120.00" Metro="4/4" Battito="4" />
      <TEMPO Inizio="52.000" Bpm="120.00" Metro="4/4" Battito="1" />
      <TEMPO Inizio="52.499" Bpm="120.00" Metro="4/4" Battito="2" />
      <TEMPO Inizio="53.000" Bpm="120.00" Metro="4/4" Battito="3" />
      <TEMPO Inizio="53.499" Bpm="120.00" Metro="4/4" Battito="4" />
      <TEMPO Inizio="54.000" Bpm="120.00" Metro="4/4" Battito="1" />
      <TEMPO Inizio="354.501" Bpm="120.00" Metro="4/4" Battito="2" />
      <TEMPO Inizio="355.000" Bpm="120.00" Metro="4/4" Battito="3" />
      <TEMPO Inizio="355.501" Bpm="120.00" Metro="4/4" Battito="4" />
      <TEMPO Inizio="356.000" Bpm="120.00" Metro="4/4" Battito="1" />
      <TEMPO Inizio="356.501" Bpm="120.00" Metro="4/4" Battito="2" />
      <TEMPO Inizio="357.000" Bpm="120.00" Metro="4/4" Battito="3" />
      <TEMPO Inizio="357.501" Bpm="120.00" Metro="4/4" Battito="4" />
      <TEMPO Inizio="358.000" Bpm="120.00" Metro="4/4" Battito="1" />
      <TEMPO Inizio="358.501" Bpm="120.00" Metro="4/4" Battito="2" />
      <TEMPO Inizio="359.000" Bpm="120.00" Metro="4/4" Battito="3" />
      <TEMPO Inizio="359.501" Bpm="120.00" Metro="4/4" Battito="4" />
      <TEMPO Inizio="360.000" Bpm="120.00" Metro="4/4" Battito="1" />
      <TEMPO Inizio="360.501" Bpm="120.00" Metro="4/4" Battito="2" />
      <TEMPO Inizio="361.000" Bpm="120.00" Metro="4/4" Battito="3" />
      <TEMPO Inizio="361.501" Bpm="120.00" Metro="4/4" Battito="4" />
      <TEMPO Inizio="362.000" Bpm="120.00" Metro="4/4" Battito="1" />
      <TEMPO Inizio="362.501" Bpm="120.00" Metro="4/4" Battito="2" />
      <TEMPO Inizio="363.000" Bpm="120.00" Metro="4/4" Battito="3" />
      <TEMPO Inizio="363.501" Bpm="120.00" Metro="4/4" Battito="4" />
      <TEMPO Inizio="364.000" Bpm="120.00" Metro="4/4" Battito="1" />
      <TEMPO Inizio="364.501" Bpm="120.00" Metro="4/4" Battito="2" />
      <TEMPO Inizio="365.000" Bpm="120.00" Metro="4/4" Battito="3" />
      <TEMPO Inizio="365.501" Bpm="120.00" Metro="4/4" Battito="4" />
      <TEMPO Inizio="366.000" Bpm="120.00" Metro="4/4" Battito="1" />
      <TEMPO Inizio="366.501" Bpm="120.00" Metro="4/4" Battito="2" />
      <TEMPO Inizio="367.000" Bpm="120.00" Metro="4/4" Battito="3" />
      <TEMPO Inizio="367.501" Bpm="120.00" Metro="4/4" Battito="4" />
    </TRACK>
    <TRACK TrackID="93566564" Name="Optinuum (Original Mix)" Artist="MOGUAI" Composer="" Album="Optinuum" Grouping="" Genre="House/Tech/Indie/Progressive/Electro" Kind="AIFF File" Size="99504252" TotalTime="563" DiscNumber="0" TrackNumber="1" Year="2017" AverageBpm="128.00" DateAdded="2020-03-23" BitRate="1411" SampleRate="44100" Comments="2B - 7" PlayCount="0" Rating="0" Location="file://localhost/Users/zachvp/Music/DJ/MOGUAI%20-%20Optinuum%20(Original%20Mix).aiff" Remixer="" Tonality="2B" Label="mau5trap" Mix="">
      <TEMPO Inizio="0.080" Bpm="128.00" Metro="4/4" Battito="1" />
    </TRACK>
    <TRACK TrackID="107943762" Name="Looped (Original Mix)" Artist="Kiasmos" Composer="" Album="Kiasmos" Grouping="" Genre="House/Deep/Tech/Spacey" Kind="AIFF File" Size="63759920" TotalTime="360" DiscNumber="0" TrackNumber="3" Year="2019" AverageBpm="120.00" DateAdded="2020-03-23" BitRate="1411" SampleRate="44100" Comments="6A - 5" PlayCount="0" Rating="0" Location="file://localhost/Users/zachvp/Music/DJ/Kiasmos%20-%20Looped%20(Original%20Mix).aiff" Remixer="" Tonality="6A" Label="Erased Tapes" Mix="">
      <TEMPO Inizio="0.049" Bpm="120.00" Metro="4/4" Battito="1" />
      <TEMPO Inizio="337.048" Bpm="120.00" Metro="4/4" Battito="3" />
      <TEMPO Inizio="337.549" Bpm="120.00" Metro="4/4" Battito="4" />
      <TEMPO Inizio="338.048" Bpm="120.00" Metro="4/4" Battito="1" />
      <TEMPO Inizio="338.549" Bpm="120.00" Metro="4/4" Battito="2" />
      <TEMPO Inizio="339.048" Bpm="120.00" Metro="4/4" Battito="3" />
      <TEMPO Inizio="339.549" Bpm="120.00" Metro="4/4" Battito="4" />
      <TEMPO Inizio="340.048" Bpm="120.00" Metro="4/4" Battito="1" />
      <TEMPO Inizio="340.549" Bpm="120.00" Metro="4/4" Battito="2" />
      <TEMPO Inizio="341.048" Bpm="120.00" Metro="4/4" Battito="3" />
      <TEMPO Inizio="341.549" Bpm="120.00" Metro="4/4" Battito="4" />
      <TEMPO Inizio="342.048" Bpm="120.00" Metro="4/4" Battito="1" />
      <TEMPO Inizio="342.549" Bpm="120.00" Metro="4/4" Battito="2" />
      <TEMPO Inizio="343.048" Bpm="120.00" Metro="4/4" Battito="3" />
      <TEMPO Inizio="343.549" Bpm="120.00" Metro="4/4" Battito="4" />
      <TEMPO Inizio="344.048" Bpm="120.00" Metro="4/4" Battito="1" />
      <TEMPO Inizio="344.549" Bpm="120.00" Metro="4/4" Battito="2" />
      <TEMPO Inizio="345.048" Bpm="120.00" Metro="4/4" Battito="3" />
      <TEMPO Inizio="345.549" Bpm="120.00" Metro="4/4" Battito="4" />
      <TEMPO Inizio="346.048" Bpm="120.00" Metro="4/4" Battito="1" />
      <TEMPO Inizio="346.549" Bpm="120.00" Metro="4/4" Battito="2" />
      <TEMPO Inizio="347.048" Bpm="120.00" Metro="4/4" Battito="3" />
      <TEMPO Inizio="347.549" Bpm="120.00" Metro="4/4" Battito="4" />
      <TEMPO Inizio="348.048" Bpm="120.00" Metro="4/4" Battito="1" />
      <TEMPO Inizio="348.549" Bpm="120.00" Metro="4/4" Battito="2" />
      <TEMPO Inizio="349.048" Bpm="120.00" Metro="4/4" Battito="3" />
      <TEMPO Inizio="349.549" Bpm="120.00" Metro="4/4" Battito="4" />
      <TEMPO Inizio="350.048" Bpm="120.00" Metro="4/4" Battito="1" />
      <TEMPO Inizio="350.549" Bpm="120.00" Metro="4/4" Battito="2" />
      <TEMPO Inizio="351.048" Bpm="120.00" Metro="4/4" Battito="3" />
      <TEMPO Inizio="351.549" Bpm="120.00" Metro="4/4" Battito="4" />
      <TEMPO Inizio="352.048" Bpm="120.00" Metro="4/4" Battito="1" />
      <TEMPO Inizio="352.549" Bpm="120.00" Metro="4/4" Battito="2" />
      <TEMPO Inizio="353.048" Bpm="120.00" Metro="4/4" Battito="3" />
      <TEMPO Inizio="353.549" Bpm="120.00" Metro="4/4" Battito="4" />
      <TEMPO Inizio="354.048" Bpm="120.00" Metro="4/4" Battito="1" />
      <TEMPO Inizio="354.549" Bpm="120.00" Metro="4/4" Battito="2" />
      <TEMPO Inizio="355.048" Bpm="120.00" Metro="4/4" Battito="3" />
      <TEMPO Inizio="355.549" Bpm="120.00" Metro="4/4" Battito="4" />
      <TEMPO Inizio="356.048" Bpm="120.00" Metro="4/4" Battito="1" />
      <TEMPO Inizio="356.549" Bpm="120.00" Metro="4/4" Battito="2" />
      <TEMPO Inizio="357.048" Bpm="120.00" Metro="4/4" Battito="3" />
      <TEMPO Inizio="357.549" Bpm="120.00" Metro="4/4" Battito="4" />
      <TEMPO Inizio="358.048" Bpm="120.00" Metro="4/4" Battito="1" />
      <TEMPO Inizio="358.549" Bpm="120.00" Metro="4/4" Battito="2" />
      <TEMPO Inizio="359.048" Bpm="120.00" Metro="4/4" Battito="3" />
      <TEMPO Inizio="359.549" Bpm="120.00" Metro="4/4" Battito="4" />
    </TRACK>
    <TRACK TrackID="115450028" Name="Careless (Original Mix)" Artist="Blawan" Composer="" Album="Wet Will Always Dry" Grouping="" Genre="House/Techno/Sinister" Kind="AIFF File" Size="64132208" TotalTime="362" DiscNumber="0" TrackNumber="2" Year="2018" AverageBpm="128.00" DateAdded="2020-03-23" BitRate="1411" SampleRate="44100" Comments="1A - 6" PlayCount="0" Rating="0" Location="file://localhost/Users/zachvp/Music/DJ/Blawan%20-%20Careless%20(Original%20Mix).aiff" Remixer="" Tonality="1A" Label="Ternesc" Mix="">
      <TEMPO Inizio="0.085" Bpm="128.00" Metro="4/4" Battito="1" />
    </TRACK>
    <TRACK TrackID="91861225" Name="Titty Twister (Jam El Mar Extended Remix)" Artist="Viper" Composer="" Album="" Grouping="" Genre="House/Techno/" Kind="AIFF File" Size="84758144" TotalTime="480" DiscNumber="0" TrackNumber="0" Year="0" AverageBpm="126.00" DateAdded="2020-03-23" BitRate="1411" SampleRate="44100" Comments="6A - 6" PlayCount="2" Rating="0" Location="file://localhost/Users/zachvp/Music/DJ/Viper%20-%20Titty%20Twister%20(Jam%20El%20Mar%20Extended%20.aiff" Remixer="Jam El Mar" Tonality="6A" Label="Coldharbour Black" Mix="">
      <TEMPO Inizio="0.000" Bpm="126.00" Metro="4/4" Battito="1" />
      <TEMPO Inizio="46.191" Bpm="126.00" Metro="4/4" Battito="2" />
      <TEMPO Inizio="252.382" Bpm="126.00" Metro="4/4" Battito="3" />
      <TEMPO Inizio="468.573" Bpm="126.00" Metro="4/4" Battito="1" />
    </TRACK>
    <TRACK TrackID="26264438" Name="Whitehill feat. Piper Davis (Original Mix)" Artist="Dave DK, Piper Davis" Composer="" Album="Whitehill feat. Piper Davis" Grouping="" Genre="House/Deep/Melodic" Kind="AIFF File" Size="66328602" TotalTime="375" DiscNumber="0" TrackNumber="1" Year="2015" AverageBpm="121.00" DateAdded="2020-03-23" BitRate="1411" SampleRate="44100" Comments="7A - 6" PlayCount="0" Rating="0" Location="file://localhost/Users/zachvp/Music/DJ/Dave%20DK,%20Piper%20Davis%20-%20Whitehill%20feat.%20Pipe.aiff" Remixer="" Tonality="7A" Label="Kompakt" Mix="">
      <TEMPO Inizio="0.404" Bpm="121.00" Metro="4/4" Battito="1" />
    </TRACK>
    <TRACK TrackID="113171080" Name="Mugen (Original Mix)" Artist="Nicolas Masseyeff" Composer="" Album="The Motherland" Grouping="" Genre="House/Techno/Downtempo" Kind="AIFF File" Size="95714874" TotalTime="542" DiscNumber="0" TrackNumber="3" Year="2011" AverageBpm="125.00" DateAdded="2020-03-23" BitRate="1411" SampleRate="44100" Comments="10A - 5" PlayCount="2" Rating="0" Location="file://localhost/Users/zachvp/Music/DJ/Nicolas%20Masseyeff%20-%20Mugen%20(Original%20Mix).aiff" Remixer="" Tonality="10A" Label="Herzblut Recordings" Mix="">
      <TEMPO Inizio="0.102" Bpm="125.00" Metro="4/4" Battito="1" />
    </TRACK>
    <TRACK TrackID="64256363" Name="Sometimes Saturday (Tom Middleton Remix)" Artist="Vincenzo" Composer="" Album="Dessous Summer Grooves" Grouping="" Genre="House/Deep/Tech/Spacey" Kind="AIFF File" Size="93212006" TotalTime="527" DiscNumber="0" TrackNumber="1" Year="2013" AverageBpm="124.00" DateAdded="2020-03-23" BitRate="1411" SampleRate="44100" Comments="7A - 7" PlayCount="1" Rating="0" Location="file://localhost/Users/zachvp/Music/DJ/Vincenzo%20-%20Sometimes%20Saturday%20(Tom%20Middleto.aiff" Remixer="Tom Middleton" Tonality="7A" Label="Dessous Recordings" Mix="">
      <TEMPO Inizio="0.100" Bpm="124.00" Metro="4/4" Battito="1" />
    </TRACK>
    <TRACK TrackID="197195750" Name="Visions of You (Original Mix)" Artist="Junktion" Composer="" Album="Chill Out Grooves, Vol. 14" Grouping="" Genre="Lounge/" Kind="AIFF File" Size="33966192" TotalTime="191" DiscNumber="0" TrackNumber="21" Year="2016" AverageBpm="100.00" DateAdded="2020-03-23" BitRate="1411" SampleRate="44100" Comments="9A - 5" PlayCount="3" Rating="0" Location="file://localhost/Users/zachvp/Music/DJ/Junktion%20-%20Visions%20of%20You%20(Original%20Mix).aiff" Remixer="" Tonality="9A" Label="LW Recordings" Mix="">
      <TEMPO Inizio="0.066" Bpm="100.00" Metro="4/4" Battito="4" />
      <POSITION_MARK Name="" Type="0" Start="0.041" Num="-1" />
    </TRACK>
    <TRACK TrackID="203498999" Name="Retrograde (Original Mix)" Artist="Spektre" Composer="" Album="Back Into Consciousness EP" Grouping="" Genre="House/Techno/" Kind="AIFF File" Size="70676226" TotalTime="400" DiscNumber="0" TrackNumber="2" Year="2018" AverageBpm="128.00" DateAdded="2020-03-23" BitRate="1411" SampleRate="44100" Comments="1A - 7" PlayCount="1" Rating="0" Location="file://localhost/Users/zachvp/Music/DJ/Spektre%20-%20Retrograde%20(Original%20Mix).aiff" Remixer="" Tonality="1A" Label="Kraftek" Mix="">
      <TEMPO Inizio="0.252" Bpm="128.00" Metro="4/4" Battito="1" />
    </TRACK>
    <TRACK TrackID="131463461" Name="Gas Mask (Original Mix)" Artist="Spektre" Composer="" Album="Gas Mask EP" Grouping="" Genre="House/Techno/" Kind="AIFF File" Size="74656212" TotalTime="422" DiscNumber="0" TrackNumber="1" Year="2017" AverageBpm="126.00" DateAdded="2020-03-23" BitRate="1411" SampleRate="44100" Comments="6A - 7" PlayCount="2" Rating="0" Location="file://localhost/Users/zachvp/Music/DJ/Spektre%20-%20Gas%20Mask%20(Original%20Mix).aiff" Remixer="" Tonality="6A" Label="Misfit Music" Mix="">
      <TEMPO Inizio="0.005" Bpm="126.00" Metro="4/4" Battito="1" />
    </TRACK>
    <TRACK TrackID="201671475" Name="Falling Deep (Original Mix)" Artist="Wild Dark" Composer="" Album="Anjunadeep Explorations 01" Grouping="" Genre="House/Deep/Melodic" Kind="AIFF File" Size="91304352" TotalTime="516" DiscNumber="0" TrackNumber="2" Year="2016" AverageBpm="120.00" DateAdded="2020-03-23" BitRate="1411" SampleRate="44100" Comments="8A - 5" PlayCount="1" Rating="0" Location="file://localhost/Users/zachvp/Music/DJ/Wild%20Dark%20-%20Falling%20Deep%20(Original%20Mix).aiff" Remixer="" Tonality="8A" Label="Anjunadeep" Mix="">
      <TEMPO Inizio="0.174" Bpm="120.00" Metro="4/4" Battito="1" />
    </TRACK>
    <TRACK TrackID="42308703" Name="You Turn Me On (JKriv Rework)" Artist="William &amp; The Young Five" Composer="" Album="Heads Records - South African Disco-Dub Edits" Grouping="" Genre="Lounge/" Kind="AIFF File" Size="68558572" TotalTime="388" DiscNumber="0" TrackNumber="1" Year="2018" AverageBpm="116.58" DateAdded="2020-03-23" BitRate="1411" SampleRate="44100" Comments="7A - 6" PlayCount="2" Rating="0" Location="file://localhost/Users/zachvp/Music/DJ/William%20%26%20The%20Young%20Five%20-%20You%20Turn%20Me%20On%20(.aiff" Remixer="Jkriv" Tonality="7A" Label="Soundway Records" Mix="">
      <TEMPO Inizio="0.157" Bpm="116.58" Metro="4/4" Battito="1" />
    </TRACK>
    <TRACK TrackID="108018948" Name="I'll Do My Best feat. Sherrita Duran (Disco Blend)" Artist="Aldo Bergamasco, Antonello Ferrari" Composer="" Album="I'll Do My Best (feat. Sherrita Duran)" Grouping="" Genre="House/Tech/Indie/Disco" Kind="AIFF File" Size="74136448" TotalTime="419" DiscNumber="0" TrackNumber="2" Year="2019" AverageBpm="115.60" DateAdded="2020-03-23" BitRate="1411" SampleRate="44100" Comments="7A - 7" PlayCount="1" Rating="0" Location="file://localhost/Users/zachvp/Music/DJ/Aldo%20Bergamasco,%20Antonello%20Ferrari%20-%20I%27ll%20D.aiff" Remixer="" Tonality="7A" Label="Groove Odyssey" Mix="">
      <TEMPO Inizio="0.097" Bpm="115.60" Metro="4/4" Battito="4" />
      <TEMPO Inizio="6.845" Bpm="115.60" Metro="4/4" Battito="1" />
      <TEMPO Inizio="165.150" Bpm="115.60" Metro="4/4" Battito="2" />
      <TEMPO Inizio="323.455" Bpm="115.60" Metro="4/4" Battito="3" />
      <POSITION_MARK Name="" Type="0" Start="17.225" Num="-1" />
      <POSITION_MARK Name="" Type="0" Start="67.052" Num="-1" />
      <POSITION_MARK Name="" Type="0" Start="199.923" Num="-1" />
      <POSITION_MARK Name="" Type="0" Start="266.358" Num="-1" />
      <POSITION_MARK Name="" Type="0" Start="299.565" Num="-1" />
      <POSITION_MARK Name="" Type="0" Start="332.800" Num="-1" />
      <POSITION_MARK Name="" Type="0" Start="349.406" Num="-1" />
    </TRACK>
    <TRACK TrackID="18705082" Name="Cascades of Color (Wamdue Black Mix)" Artist="Ananda Project, Gaelle Adisson" Composer="" Album="Mix the Vibe: Joe Claussell Over 140 Minutes of Spiritual Journey" Grouping="" Genre="House/Deep/Tech/Jazzy" Kind="AIFF File" Size="71508286" TotalTime="403" DiscNumber="0" TrackNumber="20" Year="2019" AverageBpm="121.97" DateAdded="2020-03-23" BitRate="1411" SampleRate="44100" Comments="6A - 5" PlayCount="1" Rating="0" Location="file://localhost/Users/zachvp/Music/DJ/Ananda%20Project,%20Gaelle%20Adisson%20-%20Cascades%20o.aiff" Remixer="" Tonality="6A" Label="King Street Classics" Mix="">
      <TEMPO Inizio="0.485" Bpm="121.97" Metro="4/4" Battito="3" />
    </TRACK>
    <TRACK TrackID="13766984" Name="LFT (Original Mix)" Artist="Quadron" Composer="" Album="Avalanche" Grouping="" Genre="Lounge/" Kind="AIFF File" Size="37067802" TotalTime="209" DiscNumber="0" TrackNumber="1" Year="2013" AverageBpm="96.00" DateAdded="2020-03-23" BitRate="1411" SampleRate="44100" Comments="9A - 6" PlayCount="2" Rating="0" Location="file://localhost/Users/zachvp/Music/DJ/Quadron%20-%20LFT%20(Original%20Mix).aiff" Remixer="" Tonality="9A" Label="Epic/Vested In Culture" Mix="">
      <TEMPO Inizio="0.038" Bpm="96.00" Metro="4/4" Battito="1" />
      <TEMPO Inizio="143.162" Bpm="96.00" Metro="4/4" Battito="2" />
      <TEMPO Inizio="143.788" Bpm="96.00" Metro="4/4" Battito="3" />
      <TEMPO Inizio="148.162" Bpm="96.00" Metro="4/4" Battito="2" />
      <TEMPO Inizio="148.788" Bpm="96.00" Metro="4/4" Battito="3" />
      <TEMPO Inizio="153.162" Bpm="96.00" Metro="4/4" Battito="2" />
      <TEMPO Inizio="153.788" Bpm="96.00" Metro="4/4" Battito="3" />
      <TEMPO Inizio="156.287" Bpm="96.00" Metro="4/4" Battito="3" />
      <TEMPO Inizio="156.913" Bpm="96.00" Metro="4/4" Battito="4" />
      <TEMPO Inizio="158.162" Bpm="96.00" Metro="4/4" Battito="2" />
      <TEMPO Inizio="158.788" Bpm="96.00" Metro="4/4" Battito="3" />
      <TEMPO Inizio="161.287" Bpm="96.00" Metro="4/4" Battito="3" />
      <TEMPO Inizio="161.913" Bpm="96.00" Metro="4/4" Battito="4" />
      <TEMPO Inizio="163.162" Bpm="96.00" Metro="4/4" Battito="2" />
      <TEMPO Inizio="163.788" Bpm="96.00" Metro="4/4" Battito="3" />
      <TEMPO Inizio="166.287" Bpm="96.00" Metro="4/4" Battito="3" />
      <TEMPO Inizio="166.913" Bpm="96.00" Metro="4/4" Battito="4" />
      <TEMPO Inizio="168.162" Bpm="96.00" Metro="4/4" Battito="2" />
      <TEMPO Inizio="168.788" Bpm="96.00" Metro="4/4" Battito="3" />
      <TEMPO Inizio="169.412" Bpm="96.00" Metro="4/4" Battito="4" />
      <TEMPO Inizio="170.038" Bpm="96.00" Metro="4/4" Battito="1" />
      <TEMPO Inizio="171.287" Bpm="96.00" Metro="4/4" Battito="3" />
      <TEMPO Inizio="171.913" Bpm="96.00" Metro="4/4" Battito="4" />
      <TEMPO Inizio="173.162" Bpm="96.00" Metro="4/4" Battito="2" />
      <TEMPO Inizio="173.788" Bpm="96.00" Metro="4/4" Battito="3" />
      <TEMPO Inizio="174.412" Bpm="96.00" Metro="4/4" Battito="4" />
      <TEMPO Inizio="175.038" Bpm="96.00" Metro="4/4" Battito="1" />
      <TEMPO Inizio="176.287" Bpm="96.00" Metro="4/4" Battito="3" />
      <TEMPO Inizio="176.913" Bpm="96.00" Metro="4/4" Battito="4" />
      <TEMPO Inizio="177.537" Bpm="96.00" Metro="4/4" Battito="1" />
      <TEMPO Inizio="178.788" Bpm="96.00" Metro="4/4" Battito="3" />
      <TEMPO Inizio="179.412" Bpm="96.00" Metro="4/4" Battito="4" />
      <TEMPO Inizio="180.038" Bpm="96.00" Metro="4/4" Battito="1" />
      <TEMPO Inizio="181.287" Bpm="96.00" Metro="4/4" Battito="3" />
      <TEMPO Inizio="181.913" Bpm="96.00" Metro="4/4" Battito="4" />
      <TEMPO Inizio="182.537" Bpm="96.00" Metro="4/4" Battito="1" />
      <TEMPO Inizio="183.788" Bpm="96.00" Metro="4/4" Battito="3" />
      <TEMPO Inizio="184.412" Bpm="96.00" Metro="4/4" Battito="4" />
      <TEMPO Inizio="185.038" Bpm="96.00" Metro="4/4" Battito="1" />
      <TEMPO Inizio="186.287" Bpm="96.00" Metro="4/4" Battito="3" />
      <TEMPO Inizio="186.913" Bpm="96.00" Metro="4/4" Battito="4" />
      <TEMPO Inizio="187.537" Bpm="96.00" Metro="4/4" Battito="1" />
      <TEMPO Inizio="188.788" Bpm="96.00" Metro="4/4" Battito="3" />
      <TEMPO Inizio="189.412" Bpm="96.00" Metro="4/4" Battito="4" />
      <TEMPO Inizio="190.038" Bpm="96.00" Metro="4/4" Battito="1" />
      <TEMPO Inizio="190.662" Bpm="96.00" Metro="4/4" Battito="2" />
      <TEMPO Inizio="191.913" Bpm="96.00" Metro="4/4" Battito="4" />
      <TEMPO Inizio="192.537" Bpm="96.00" Metro="4/4" Battito="1" />
      <TEMPO Inizio="193.788" Bpm="96.00" Metro="4/4" Battito="3" />
      <TEMPO Inizio="194.412" Bpm="96.00" Metro="4/4" Battito="4" />
      <TEMPO Inizio="195.038" Bpm="96.00" Metro="4/4" Battito="1" />
      <TEMPO Inizio="195.662" Bpm="96.00" Metro="4/4" Battito="2" />
      <TEMPO Inizio="196.913" Bpm="96.00" Metro="4/4" Battito="4" />
      <TEMPO Inizio="197.537" Bpm="96.00" Metro="4/4" Battito="1" />
      <TEMPO Inizio="200.038" Bpm="96.00" Metro="4/4" Battito="1" />
      <TEMPO Inizio="200.662" Bpm="96.00" Metro="4/4" Battito="2" />
      <TEMPO Inizio="201.913" Bpm="96.00" Metro="4/4" Battito="4" />
      <TEMPO Inizio="202.537" Bpm="96.00" Metro="4/4" Battito="1" />
      <TEMPO Inizio="205.038" Bpm="96.00" Metro="4/4" Battito="1" />
      <TEMPO Inizio="205.662" Bpm="96.00" Metro="4/4" Battito="2" />
      <TEMPO Inizio="206.913" Bpm="96.00" Metro="4/4" Battito="4" />
      <TEMPO Inizio="207.537" Bpm="96.00" Metro="4/4" Battito="1" />
    </TRACK>
    <TRACK TrackID="14522488" Name="Another Life (Original Mix)" Artist="Spektre" Composer="" Album="Another Life EP" Grouping="" Genre="House/Techno/" Kind="AIFF File" Size="67537638" TotalTime="382" DiscNumber="0" TrackNumber="1" Year="2018" AverageBpm="128.00" DateAdded="2020-03-23" BitRate="1411" SampleRate="44100" Comments="12A - 6" PlayCount="0" Rating="0" Location="file://localhost/Users/zachvp/Music/DJ/Spektre%20-%20Another%20Life%20(Original%20Mix).aiff" Remixer="" Tonality="12A" Label="Kraftek" Mix="">
      <TEMPO Inizio="0.000" Bpm="128.00" Metro="4/4" Battito="1" />
    </TRACK>
    <TRACK TrackID="146863941" Name="Meet Me on the Corner (Crazy P Remix)" Artist="Honeyfeet" Composer="" Album="Wah Wah Remixed 2" Grouping="" Genre="House/Deep/Tech/Jazzy" Kind="AIFF File" Size="61267600" TotalTime="346" DiscNumber="0" TrackNumber="13" Year="2018" AverageBpm="115.00" DateAdded="2020-03-23" BitRate="1411" SampleRate="44100" Comments="7A - 7" PlayCount="4" Rating="0" Location="file://localhost/Users/zachvp/Music/DJ/Honeyfeet%20-%20Meet%20Me%20on%20the%20Corner%20(Crazy%20P%20.aiff" Remixer="Crazy P" Tonality="7A" Label="Wah Wah 45s" Mix="">
      <TEMPO Inizio="0.046" Bpm="115.00" Metro="4/4" Battito="1" />
      <POSITION_MARK Name="" Type="0" Start="66.823" Num="-1" />
      <POSITION_MARK Name="" Type="0" Start="16.746" Num="-1" />
      <POSITION_MARK Name="" Type="0" Start="108.570" Num="-1" />
      <POSITION_MARK Name="" Type="0" Start="258.837" Num="-1" />
      <POSITION_MARK Name="" Type="0" Start="175.347" Num="-1" />
      <POSITION_MARK Name="" Type="0" Start="192.051" Num="-1" />
    </TRACK>
    <TRACK TrackID="243899322" Name="Downtown Ahey (Original Mix)" Artist="Ilya Malyuev" Composer="" Album="Visionary" Grouping="" Genre="House/Deep/Tech/Spacey" Kind="AIFF File" Size="79808380" TotalTime="451" DiscNumber="0" TrackNumber="1" Year="2014" AverageBpm="119.00" DateAdded="2020-03-23" BitRate="1411" SampleRate="44100" Comments="9A - 5" PlayCount="0" Rating="0" Location="file://localhost/Users/zachvp/Music/DJ/Ilya%20Malyuev%20-%20Downtown%20Ahey%20(Original%20Mix).aiff" Remixer="" Tonality="9A" Label="Music Hall Sound Space" Mix="">
      <TEMPO Inizio="0.168" Bpm="119.00" Metro="4/4" Battito="1" />
      <TEMPO Inizio="1.177" Bpm="119.00" Metro="4/4" Battito="3" />
      <TEMPO Inizio="29.917" Bpm="119.00" Metro="4/4" Battito="4" />
      <TEMPO Inizio="83.363" Bpm="119.00" Metro="4/4" Battito="2" />
      <TEMPO Inizio="129.246" Bpm="119.00" Metro="4/4" Battito="1" />
      <TEMPO Inizio="177.650" Bpm="119.00" Metro="4/4" Battito="1" />
      <TEMPO Inizio="226.054" Bpm="119.00" Metro="4/4" Battito="1" />
      <TEMPO Inizio="274.458" Bpm="119.00" Metro="4/4" Battito="1" />
      <TEMPO Inizio="322.862" Bpm="119.00" Metro="4/4" Battito="1" />
      <TEMPO Inizio="371.266" Bpm="119.00" Metro="4/4" Battito="1" />
      <TEMPO Inizio="419.670" Bpm="119.00" Metro="4/4" Battito="1" />
    </TRACK>
    <TRACK TrackID="141024776" Name="This Is A Love Song (Original Mix)" Artist="Dino Lenny" Composer="" Album="Dino Lenny - This Is A Love Song" Grouping="" Genre="House/Techno/Downtempo" Kind="AIFF File" Size="80518836" TotalTime="455" DiscNumber="0" TrackNumber="1" Year="2015" AverageBpm="120.00" DateAdded="2020-03-23" BitRate="1411" SampleRate="44100" Comments="7A - 5" PlayCount="0" Rating="0" Location="file://localhost/Users/zachvp/Music/DJ/Dino%20Lenny%20-%20This%20Is%20A%20Love%20Song%20(Original%20.aiff" Remixer="" Tonality="7A" Label="Ellum" Mix="">
      <TEMPO Inizio="0.006" Bpm="120.00" Metro="4/4" Battito="1" />
      <TEMPO Inizio="257.507" Bpm="120.00" Metro="4/4" Battito="4" />
    </TRACK>
    <TRACK TrackID="129318668" Name="Where It's At (Johnny Aux Remix)" Artist="Reggie Watts, Shit Robot, Johnny Aux" Composer="" Album="Where It's At" Grouping="" Genre="House/Deep/Tech/" Kind="AIFF File" Size="64719238" TotalTime="366" DiscNumber="0" TrackNumber="2" Year="2015" AverageBpm="125.00" DateAdded="2020-04-04" BitRate="1411" SampleRate="44100" Comments="7A - 6" PlayCount="1" Rating="0" Location="file://localhost/Users/zachvp/Music/DJ/Johnny%20Aux,%20Reggie%20Watts,%20Shit%20Robot%20-%20Wher.aiff" Remixer="" Tonality="7A" Label="DFA Records (SC Distribution)" Mix="">
      <TEMPO Inizio="0.033" Bpm="125.00" Metro="4/4" Battito="1" />
      <TEMPO Inizio="71.554" Bpm="125.00" Metro="4/4" Battito="2" />
      <TEMPO Inizio="146.435" Bpm="125.00" Metro="4/4" Battito="2" />
      <TEMPO Inizio="220.836" Bpm="125.00" Metro="4/4" Battito="1" />
      <TEMPO Inizio="295.717" Bpm="125.00" Metro="4/4" Battito="1" />
    </TRACK>
    <TRACK TrackID="131918933" Name="Bostich (DJ Hell 2018 Remix)" Artist="Yello" Composer="" Album="Bostich(DJ Hell 2018 Remix)" Grouping="" Genre="House/Deep/Melodic" Kind="AIFF File" Size="85207250" TotalTime="482" DiscNumber="0" TrackNumber="1" Year="2018" AverageBpm="124.00" DateAdded="2020-04-04" BitRate="1411" SampleRate="44100" Comments="12A - 6" PlayCount="1" Rating="0" Location="file://localhost/Users/zachvp/Music/DJ/Yello%20-%20Bostich%20(DJ%20Hell%202018%20Remix).aiff" Remixer="DJ Hell" Tonality="12A" Label="International DeeJay Gigolo Records" Mix="">
      <TEMPO Inizio="0.199" Bpm="124.00" Metro="4/4" Battito="1" />
    </TRACK>
    <TRACK TrackID="126368774" Name="DS Track (Original Mix)" Artist="Jon Fay" Composer="" Album="Best of Mörk" Grouping="" Genre="House/Deep/Tech/Dubby" Kind="AIFF File" Size="94515212" TotalTime="535" DiscNumber="0" TrackNumber="25" Year="2020" AverageBpm="115.15" DateAdded="2020-04-04" BitRate="1411" SampleRate="44100" Comments="12A - 4" PlayCount="1" Rating="0" Location="file://localhost/Users/zachvp/Music/DJ/Jon%20Fay%20-%20DS%20Track%20(Original%20Mix).aiff" Remixer="" Tonality="12A" Label="MÃ¶rk" Mix="">
      <TEMPO Inizio="0.017" Bpm="115.15" Metro="4/4" Battito="1" />
      <TEMPO Inizio="13.044" Bpm="115.15" Metro="4/4" Battito="2" />
      <TEMPO Inizio="25.550" Bpm="115.15" Metro="4/4" Battito="2" />
      <TEMPO Inizio="38.577" Bpm="115.15" Metro="4/4" Battito="3" />
      <TEMPO Inizio="51.604" Bpm="115.15" Metro="4/4" Battito="4" />
      <TEMPO Inizio="64.110" Bpm="115.15" Metro="4/4" Battito="4" />
      <TEMPO Inizio="77.137" Bpm="115.15" Metro="4/4" Battito="1" />
      <TEMPO Inizio="90.164" Bpm="115.15" Metro="4/4" Battito="2" />
      <TEMPO Inizio="102.149" Bpm="115.15" Metro="4/4" Battito="1" />
      <TEMPO Inizio="115.176" Bpm="115.15" Metro="4/4" Battito="2" />
      <TEMPO Inizio="128.203" Bpm="115.15" Metro="4/4" Battito="3" />
      <TEMPO Inizio="140.709" Bpm="115.15" Metro="4/4" Battito="3" />
      <TEMPO Inizio="153.736" Bpm="115.15" Metro="4/4" Battito="4" />
      <TEMPO Inizio="166.763" Bpm="115.15" Metro="4/4" Battito="1" />
      <TEMPO Inizio="179.269" Bpm="115.15" Metro="4/4" Battito="1" />
      <TEMPO Inizio="192.296" Bpm="115.15" Metro="4/4" Battito="2" />
      <TEMPO Inizio="205.323" Bpm="115.15" Metro="4/4" Battito="3" />
      <TEMPO Inizio="217.829" Bpm="115.15" Metro="4/4" Battito="3" />
      <TEMPO Inizio="230.856" Bpm="115.15" Metro="4/4" Battito="4" />
      <TEMPO Inizio="243.883" Bpm="115.15" Metro="4/4" Battito="1" />
      <TEMPO Inizio="256.389" Bpm="115.15" Metro="4/4" Battito="1" />
      <TEMPO Inizio="269.416" Bpm="115.15" Metro="4/4" Battito="2" />
      <TEMPO Inizio="282.443" Bpm="115.15" Metro="4/4" Battito="3" />
      <TEMPO Inizio="294.428" Bpm="115.15" Metro="4/4" Battito="2" />
      <TEMPO Inizio="307.455" Bpm="115.15" Metro="4/4" Battito="3" />
      <TEMPO Inizio="320.482" Bpm="115.15" Metro="4/4" Battito="4" />
      <TEMPO Inizio="332.988" Bpm="115.15" Metro="4/4" Battito="4" />
      <TEMPO Inizio="346.015" Bpm="115.15" Metro="4/4" Battito="1" />
      <TEMPO Inizio="359.042" Bpm="115.15" Metro="4/4" Battito="2" />
      <TEMPO Inizio="371.548" Bpm="115.15" Metro="4/4" Battito="2" />
      <TEMPO Inizio="384.575" Bpm="115.15" Metro="4/4" Battito="3" />
      <TEMPO Inizio="397.602" Bpm="115.15" Metro="4/4" Battito="4" />
      <TEMPO Inizio="410.108" Bpm="115.15" Metro="4/4" Battito="4" />
      <TEMPO Inizio="423.135" Bpm="115.15" Metro="4/4" Battito="1" />
      <TEMPO Inizio="436.162" Bpm="115.15" Metro="4/4" Battito="2" />
      <TEMPO Inizio="448.668" Bpm="115.15" Metro="4/4" Battito="2" />
      <TEMPO Inizio="461.695" Bpm="115.15" Metro="4/4" Battito="3" />
      <TEMPO Inizio="474.722" Bpm="115.15" Metro="4/4" Battito="4" />
      <TEMPO Inizio="486.707" Bpm="115.15" Metro="4/4" Battito="3" />
      <TEMPO Inizio="499.734" Bpm="115.15" Metro="4/4" Battito="4" />
      <TEMPO Inizio="512.240" Bpm="115.15" Metro="4/4" Battito="4" />
      <TEMPO Inizio="525.267" Bpm="115.15" Metro="4/4" Battito="1" />
    </TRACK>
    <TRACK TrackID="95800282" Name="Complications (Original Mix)" Artist="deadmau5" Composer="" Album="Toolroom Knights (Mixed By Tom Novy &amp; Wally Lopez)" Grouping="" Genre="House/Deep/Tech/" Kind="AIFF File" Size="105076644" TotalTime="594" DiscNumber="0" TrackNumber="15" Year="2008" AverageBpm="128.00" DateAdded="2020-04-04" BitRate="1411" SampleRate="44100" Comments="10A - 6" PlayCount="0" Rating="0" Location="file://localhost/Users/zachvp/Music/DJ/deadmau5%20-%20Complications%20(Original%20Mix).aiff" Remixer="" Tonality="10A" Label="Toolroom" Mix="">
      <TEMPO Inizio="0.001" Bpm="128.00" Metro="4/4" Battito="1" />
    </TRACK>
    <TRACK TrackID="117012096" Name="Trans (Dixon Retouch)" Artist="Radio Slave" Composer="" Album="Trans" Grouping="" Genre="House/Tech/Indie/Retro" Kind="AIFF File" Size="77674414" TotalTime="439" DiscNumber="0" TrackNumber="1" Year="2018" AverageBpm="125.00" DateAdded="2020-04-04" BitRate="1411" SampleRate="44100" Comments="9A - 6" PlayCount="0" Rating="0" Location="file://localhost/Users/zachvp/Music/DJ/Radio%20Slave%20-%20Trans%20(Dixon%20Retouch).aiff" Remixer="Dixon" Tonality="9A" Label="Rekids" Mix="">
      <TEMPO Inizio="0.012" Bpm="125.00" Metro="4/4" Battito="1" />
      <TEMPO Inizio="27.851" Bpm="125.00" Metro="4/4" Battito="3" />
      <TEMPO Inizio="255.850" Bpm="125.00" Metro="4/4" Battito="2" />
    </TRACK>
    <TRACK TrackID="75871467" Name="Luna" Artist="Yotam Avni" Composer="" Album="Circulation" Grouping="" Genre="House/Techno/Downtempo" Kind="AIFF File" Size="75308358" TotalTime="426" DiscNumber="0" TrackNumber="1" Year="2018" AverageBpm="124.00" DateAdded="2020-04-04" BitRate="1411" SampleRate="44100" Comments="10A - 5" PlayCount="1" Rating="0" Location="file://localhost/Users/zachvp/Music/DJ/Yotam%20Avni%20-%20Luna.aiff" Remixer="" Tonality="10A" Label="Hotflush Recordings" Mix="">
      <TEMPO Inizio="0.238" Bpm="124.00" Metro="4/4" Battito="4" />
    </TRACK>
    <TRACK TrackID="13575989" Name="Early Morning (Original Mix)" Artist="David Keno, Mat.Joe, Shamoozey" Composer="" Album="Katermukke 100 Compilation" Grouping="" Genre="House/Tech/Organic" Kind="AIFF File" Size="67622034" TotalTime="382" DiscNumber="0" TrackNumber="1" Year="2015" AverageBpm="124.00" DateAdded="2020-04-04" BitRate="1411" SampleRate="44100" Comments="7A - 6" PlayCount="3" Rating="0" Location="file://localhost/Users/zachvp/Music/DJ/David%20Keno,%20Mat.Joe,%20Shamoozey%20-%20Early%20Morn.aiff" Remixer="" Tonality="7A" Label="KATERMUKKE" Mix="">
      <TEMPO Inizio="0.001" Bpm="124.00" Metro="4/4" Battito="1" />
      <POSITION_MARK Name="" Type="0" Start="32.901" Num="-1" />
      <POSITION_MARK Name="" Type="0" Start="17.417" Num="-1" />
      <POSITION_MARK Name="" Type="0" Start="63.868" Num="-1" />
      <POSITION_MARK Name="" Type="0" Start="156.777" Num="-1" />
      <POSITION_MARK Name="" Type="0" Start="187.745" Num="-1" />
      <POSITION_MARK Name="" Type="0" Start="218.718" Num="-1" />
      <POSITION_MARK Name="" Type="0" Start="311.616" Num="-1" />
      <POSITION_MARK Name="" Type="0" Start="280.659" Num="-1" />
      <POSITION_MARK Name="" Type="0" Start="1.899" Num="-1" />
    </TRACK>
    <TRACK TrackID="204325411" Name="Euphoria" Artist="Boys Noize, Remy Banks" Composer="" Album="Euphoria (feat. Remy Banks)" Grouping="" Genre="House/Tech/Hard" Kind="AIFF File" Size="48375320" TotalTime="273" DiscNumber="0" TrackNumber="1" Year="2016" AverageBpm="120.00" DateAdded="2020-04-04" BitRate="1411" SampleRate="44100" Comments="2A - 6" PlayCount="1" Rating="0" Location="file://localhost/Users/zachvp/Music/DJ/Boys%20Noize,%20Remy%20Banks%20-%20Euphoria%20(Skream%20R.aiff" Remixer="" Tonality="2A" Label="Boysnoize Records" Mix="">
      <TEMPO Inizio="0.004" Bpm="120.00" Metro="4/4" Battito="1" />
      <TEMPO Inizio="15.003" Bpm="120.00" Metro="4/4" Battito="3" />
      <TEMPO Inizio="15.504" Bpm="120.00" Metro="4/4" Battito="4" />
      <TEMPO Inizio="16.003" Bpm="120.00" Metro="4/4" Battito="1" />
      <TEMPO Inizio="16.504" Bpm="120.00" Metro="4/4" Battito="2" />
      <TEMPO Inizio="17.003" Bpm="120.00" Metro="4/4" Battito="3" />
      <TEMPO Inizio="17.504" Bpm="120.00" Metro="4/4" Battito="4" />
      <TEMPO Inizio="18.003" Bpm="120.00" Metro="4/4" Battito="1" />
      <TEMPO Inizio="18.504" Bpm="120.00" Metro="4/4" Battito="2" />
      <TEMPO Inizio="19.003" Bpm="120.00" Metro="4/4" Battito="3" />
      <TEMPO Inizio="19.504" Bpm="120.00" Metro="4/4" Battito="4" />
      <TEMPO Inizio="20.003" Bpm="120.00" Metro="4/4" Battito="1" />
      <TEMPO Inizio="20.504" Bpm="120.00" Metro="4/4" Battito="2" />
      <TEMPO Inizio="21.003" Bpm="120.00" Metro="4/4" Battito="3" />
      <TEMPO Inizio="21.504" Bpm="120.00" Metro="4/4" Battito="4" />
      <TEMPO Inizio="22.003" Bpm="120.00" Metro="4/4" Battito="1" />
      <TEMPO Inizio="22.504" Bpm="120.00" Metro="4/4" Battito="2" />
      <TEMPO Inizio="23.003" Bpm="120.00" Metro="4/4" Battito="3" />
      <TEMPO Inizio="23.504" Bpm="120.00" Metro="4/4" Battito="4" />
      <TEMPO Inizio="24.003" Bpm="120.00" Metro="4/4" Battito="1" />
      <TEMPO Inizio="24.504" Bpm="120.00" Metro="4/4" Battito="2" />
      <TEMPO Inizio="25.003" Bpm="120.00" Metro="4/4" Battito="3" />
      <TEMPO Inizio="25.504" Bpm="120.00" Metro="4/4" Battito="4" />
      <TEMPO Inizio="26.003" Bpm="120.00" Metro="4/4" Battito="1" />
      <TEMPO Inizio="26.504" Bpm="120.00" Metro="4/4" Battito="2" />
      <TEMPO Inizio="27.003" Bpm="120.00" Metro="4/4" Battito="3" />
      <TEMPO Inizio="27.504" Bpm="120.00" Metro="4/4" Battito="4" />
      <TEMPO Inizio="28.003" Bpm="120.00" Metro="4/4" Battito="1" />
    </TRACK>
    <TRACK TrackID="125276742" Name="Once Upon A Time (feat. Aya) (Part 1)" Artist="Navid Izadi" Composer="" Album="Once Upon A Time" Grouping="" Genre="House/Deep/Tech/Dubby" Kind="AIFF File" Size="66669282" TotalTime="376" DiscNumber="0" TrackNumber="1" Year="2014" AverageBpm="116.00" DateAdded="2020-04-04" BitRate="1411" SampleRate="44100" Comments="5A - 5" PlayCount="1" Rating="0" Location="file://localhost/Users/zachvp/Music/DJ/Navid%20Izadi%20-%20Once%20Upon%20A%20Time%20(feat.%20Aya)%20.aiff" Remixer="" Tonality="5A" Label="Touch of Class" Mix="">
      <TEMPO Inizio="0.191" Bpm="116.00" Metro="4/4" Battito="1" />
      <TEMPO Inizio="0.709" Bpm="116.00" Metro="4/4" Battito="2" />
    </TRACK>
    <TRACK TrackID="112529769" Name="Don't (Roman Fluegel Remix)" Artist="Catz 'n Dogz" Composer="" Album="RMXD" Grouping="" Genre="House/Deep/Tech/Spacey" Kind="AIFF File" Size="90647026" TotalTime="513" DiscNumber="0" TrackNumber="1" Year="2018" AverageBpm="116.00" DateAdded="2020-04-04" BitRate="1411" SampleRate="44100" Comments="4A - 6" PlayCount="2" Rating="0" Location="file://localhost/Users/zachvp/Music/DJ/Catz%20%27n%20Dogz%20-%20Don%27t%20(Roman%20Fl%c3%bcgel%20Remix).aiff" Remixer="Roman Fluegel" Tonality="4A" Label="Pets Recordings" Mix="">
      <TEMPO Inizio="0.021" Bpm="116.00" Metro="4/4" Battito="1" />
      <TEMPO Inizio="151.056" Bpm="116.00" Metro="4/4" Battito="1" />
      <TEMPO Inizio="304.160" Bpm="116.00" Metro="4/4" Battito="1" />
      <TEMPO Inizio="470.195" Bpm="116.00" Metro="4/4" Battito="2" />
    </TRACK>
    <TRACK TrackID="112875794" Name="Desert Night (Jesse Rose Remix)" Artist="Rüfüs Du Sol" Composer="" Album="Atlas (Light/Dark Deluxe Edition)" Grouping="" Genre="House/Deep/Melodic" Kind="AIFF File" Size="67470248" TotalTime="381" DiscNumber="0" TrackNumber="15" Year="2014" AverageBpm="124.00" DateAdded="2020-04-04" BitRate="1411" SampleRate="44100" Comments="6A - 5" PlayCount="2" Rating="0" Location="file://localhost/Users/zachvp/Music/DJ/R%c3%9cF%c3%9cS%20DU%20SOL%20-%20Desert%20Night%20(Jesse%20Rose%20Rem.aiff" Remixer="Jesse Rose" Tonality="6A" Label="Sweat It Out" Mix="">
      <TEMPO Inizio="0.132" Bpm="124.00" Metro="4/4" Battito="1" />
    </TRACK>
    <TRACK TrackID="41418517" Name="Netherworld (Vinyl Cut)" Artist="L.S.G." Composer="" Album="The Best Of L.S.G.: The Original Mixes" Grouping="" Genre="House/Tech/Indie/Progressive" Kind="AIFF File" Size="76943872" TotalTime="435" DiscNumber="0" TrackNumber="1" Year="2004" AverageBpm="137.99" DateAdded="2020-04-04" BitRate="1411" SampleRate="44100" Comments="8A - 7" PlayCount="0" Rating="0" Location="file://localhost/Users/zachvp/Music/DJ/L.S.G.%20-%20Netherworld%20(Vinyl%20Cut).aiff" Remixer="" Tonality="8A" Label="Superstition Records" Mix="">
      <TEMPO Inizio="0.291" Bpm="137.99" Metro="4/4" Battito="1" />
    </TRACK>
    <TRACK TrackID="60506134" Name="Deceiver (Extended Mix)" Artist="Green Velvet, Chris Lake" Composer="" Album="Deceiver" Grouping="" Genre="House/Tech/Hard" Kind="AIFF File" Size="68552152" TotalTime="387" DiscNumber="0" TrackNumber="1" Year="2018" AverageBpm="124.00" DateAdded="2020-04-04" BitRate="1411" SampleRate="44100" Comments="11A - 7" PlayCount="0" Rating="0" Location="file://localhost/Users/zachvp/Music/DJ/11002229_Deceiver_Extended_Mix.aiff" Remixer="" Tonality="11A" Label="Black Book Records" Mix="">
      <TEMPO Inizio="0.024" Bpm="124.00" Metro="4/4" Battito="1" />
    </TRACK>
    <TRACK TrackID="99386669" Name="Wrong With Us (DJ-Kicks)" Artist="Matthew Dear" Composer="" Album="Wrong With Us (DJ-Kicks)" Grouping="" Genre="Lounge/Indie" Kind="AIFF File" Size="55239576" TotalTime="312" DiscNumber="0" TrackNumber="1" Year="2017" AverageBpm="116.00" DateAdded="2020-04-04" BitRate="1411" SampleRate="44100" Comments="6A - 6" PlayCount="0" Rating="0" Location="file://localhost/Users/zachvp/Music/DJ/Matthew%20Dear%20-%20Wrong%20With%20Us%20(DJ-Kicks).aiff" Remixer="" Tonality="6A" Label="K7 Records" Mix="">
      <TEMPO Inizio="0.238" Bpm="116.00" Metro="4/4" Battito="4" />
      <TEMPO Inizio="238.168" Bpm="116.00" Metro="4/4" Battito="4" />
    </TRACK>
    <TRACK TrackID="103813416" Name="Late Night (Solomun Remix)" Artist="Foals" Composer="" Album="Selected Remixes 2009 - 2015" Grouping="" Genre="House/Deep/Tech/Spacey" Kind="AIFF File" Size="89155198" TotalTime="504" DiscNumber="0" TrackNumber="7" Year="2016" AverageBpm="122.00" DateAdded="2020-04-04" BitRate="1411" SampleRate="44100" Comments="7A - 6" PlayCount="1" Rating="0" Location="file://localhost/Users/zachvp/Music/DJ/Foals%20-%20Late%20Night%20(Solomun%20Remix).aiff" Remixer="Solomun" Tonality="7A" Label="Diynamic" Mix="">
      <TEMPO Inizio="0.086" Bpm="122.00" Metro="4/4" Battito="1" />
    </TRACK>
    <TRACK TrackID="184497846" Name="I Don't Care At All (Original Mix)" Artist="Madmotormiquel" Composer="" Album="Katermukke 100 Compilation" Grouping="" Genre="House/Tech/Indie/" Kind="AIFF File" Size="79258542" TotalTime="447" DiscNumber="0" TrackNumber="15" Year="2015" AverageBpm="120.00" DateAdded="2020-04-04" BitRate="1411" SampleRate="44100" Comments="9A - 6" PlayCount="5" Rating="0" Location="file://localhost/Users/zachvp/Music/DJ/Madmotormiquel%20-%20I%20Don%27t%20Care%20At%20All%20(Origi.aiff" Remixer="" Tonality="9A" Label="KATERMUKKE" Mix="">
      <TEMPO Inizio="0.000" Bpm="120.00" Metro="4/4" Battito="1" />
      <TEMPO Inizio="17.499" Bpm="120.00" Metro="4/4" Battito="4" />
      <TEMPO Inizio="268.498" Bpm="120.00" Metro="4/4" Battito="2" />
      <POSITION_MARK Name="" Type="0" Start="15.988" Num="-1" />
      <POSITION_MARK Name="" Type="0" Start="71.978" Num="-1" />
      <POSITION_MARK Name="" Type="0" Start="359.978" Num="-1" />
      <POSITION_MARK Name="" Type="0" Start="204.008" Num="-1" />
      <POSITION_MARK Name="" Type="0" Start="215.996" Num="-1" />
    </TRACK>
    <TRACK TrackID="178180481" Name="Train feat Dajae (Original Mix)" Artist="Bernard Badie" Composer="" Album="Train" Grouping="" Genre="House/Deep/Tech/Jazzy" Kind="AIFF File" Size="83557472" TotalTime="472" DiscNumber="0" TrackNumber="1" Year="2005" AverageBpm="126.00" DateAdded="2020-04-04" BitRate="1411" SampleRate="44100" Comments="2A - 6" PlayCount="2" Rating="0" Location="file://localhost/Users/zachvp/Music/DJ/Bernard%20Badie%20-%20Train%20feat%20Dajae%20(Original%20.aiff" Remixer="" Tonality="2A" Label="Cajual" Mix="">
      <TEMPO Inizio="0.062" Bpm="126.00" Metro="4/4" Battito="1" />
      <TEMPO Inizio="6.253" Bpm="126.00" Metro="4/4" Battito="2" />
      <POSITION_MARK Name="" Type="0" Start="3.872" Num="-1" />
      <POSITION_MARK Name="" Type="0" Start="95.296" Num="-1" />
    </TRACK>
    <TRACK TrackID="41966905" Name="Mind Yo Bizness (Original Mix)" Artist="Claude VonStroke, Green Velvet, Get Real" Composer="" Album="Mind Yo Bizness / Snuffaluffagus" Grouping="" Genre="House/Tech/" Kind="AIFF File" Size="58666152" TotalTime="331" DiscNumber="0" TrackNumber="1" Year="2016" AverageBpm="122.00" DateAdded="2020-04-04" BitRate="1411" SampleRate="44100" Comments="8A - 5" PlayCount="0" Rating="0" Location="file://localhost/Users/zachvp/Music/DJ/Claude%20VonStroke,%20Get%20Real,%20Green%20Velvet%20-%20.aiff" Remixer="" Tonality="8A" Label="DIRTYBIRD" Mix="">
      <TEMPO Inizio="0.003" Bpm="122.00" Metro="4/4" Battito="1" />
    </TRACK>
    <TRACK TrackID="90756310" Name="Marilyn Monroe (Nathan Barato Remix)" Artist="Tim Baresko, Room303" Composer="" Album="Marilyn Monroe (The Remixes)" Grouping="" Genre="House/Tech/Groove" Kind="AIFF File" Size="63789064" TotalTime="360" DiscNumber="0" TrackNumber="2" Year="2017" AverageBpm="123.00" DateAdded="2020-04-30" BitRate="1411" SampleRate="44100" Comments="7A - 6" PlayCount="0" Rating="0" Location="file://localhost/Users/zachvp/Music/DJ/Room303,%20Tim%20Baresko%20-%20Marilyn%20Monroe%20(Nath.aiff" Remixer="Nathan Barato" Tonality="7A" Label="CUFF" Mix="">
      <TEMPO Inizio="0.002" Bpm="123.00" Metro="4/4" Battito="1" />
    </TRACK>
    <TRACK TrackID="246717825" Name="Bodytude (Dub)" Artist="Nasser Baker" Composer="" Album="Bodytude EP" Grouping="" Genre="House/Tech/Groove" Kind="AIFF File" Size="64324902" TotalTime="363" DiscNumber="0" TrackNumber="3" Year="2019" AverageBpm="127.00" DateAdded="2020-04-30" BitRate="1411" SampleRate="44100" Comments="2A - 5" PlayCount="1" Rating="0" Location="file://localhost/Users/zachvp/Music/DJ/Nasser%20Baker%20-%20Bodytude%20(Dub).aiff" Remixer="" Tonality="2A" Label="Relief" Mix="">
      <TEMPO Inizio="0.001" Bpm="127.00" Metro="4/4" Battito="1" />
      <TEMPO Inizio="307.559" Bpm="127.00" Metro="4/4" Battito="4" />
    </TRACK>
    <TRACK TrackID="14569216" Name="Nices Wölkchen Feat. Apparat (Original Mix)" Artist="Apparat, DJ Koze" Composer="" Album="Amygdala" Grouping="" Genre="House/Deep/Tech/" Kind="AIFF File" Size="58490374" TotalTime="331" DiscNumber="0" TrackNumber="2" Year="2013" AverageBpm="120.00" DateAdded="2020-05-20" BitRate="1411" SampleRate="44100" Comments="3B - 5" PlayCount="0" Rating="0" Location="file://localhost/Users/zachvp/Music/DJ/Apparat,%20DJ%20Koze%20-%20Nices%20W%c3%b6lkchen%20Feat.%20App.aiff" Remixer="" Tonality="3B" Label="Pampa Records" Mix="">
      <TEMPO Inizio="0.485" Bpm="120.00" Metro="4/4" Battito="1" />
      <TEMPO Inizio="63.986" Bpm="120.00" Metro="4/4" Battito="4" />
      <TEMPO Inizio="64.485" Bpm="120.00" Metro="4/4" Battito="1" />
      <TEMPO Inizio="64.986" Bpm="120.00" Metro="4/4" Battito="2" />
      <TEMPO Inizio="65.485" Bpm="120.00" Metro="4/4" Battito="3" />
      <TEMPO Inizio="65.986" Bpm="120.00" Metro="4/4" Battito="4" />
      <TEMPO Inizio="66.485" Bpm="120.00" Metro="4/4" Battito="1" />
      <TEMPO Inizio="66.986" Bpm="120.00" Metro="4/4" Battito="2" />
      <TEMPO Inizio="67.485" Bpm="120.00" Metro="4/4" Battito="3" />
      <TEMPO Inizio="67.986" Bpm="120.00" Metro="4/4" Battito="4" />
      <TEMPO Inizio="150.987" Bpm="120.00" Metro="4/4" Battito="2" />
      <TEMPO Inizio="151.486" Bpm="120.00" Metro="4/4" Battito="3" />
      <TEMPO Inizio="151.987" Bpm="120.00" Metro="4/4" Battito="4" />
      <TEMPO Inizio="152.486" Bpm="120.00" Metro="4/4" Battito="1" />
      <TEMPO Inizio="152.987" Bpm="120.00" Metro="4/4" Battito="2" />
      <TEMPO Inizio="153.486" Bpm="120.00" Metro="4/4" Battito="3" />
      <TEMPO Inizio="153.987" Bpm="120.00" Metro="4/4" Battito="4" />
      <TEMPO Inizio="154.486" Bpm="120.00" Metro="4/4" Battito="1" />
      <TEMPO Inizio="154.987" Bpm="120.00" Metro="4/4" Battito="2" />
      <TEMPO Inizio="237.988" Bpm="120.00" Metro="4/4" Battito="4" />
      <TEMPO Inizio="238.487" Bpm="120.00" Metro="4/4" Battito="1" />
      <TEMPO Inizio="238.988" Bpm="120.00" Metro="4/4" Battito="2" />
      <TEMPO Inizio="239.487" Bpm="120.00" Metro="4/4" Battito="3" />
      <TEMPO Inizio="239.988" Bpm="120.00" Metro="4/4" Battito="4" />
      <TEMPO Inizio="240.487" Bpm="120.00" Metro="4/4" Battito="1" />
      <TEMPO Inizio="240.988" Bpm="120.00" Metro="4/4" Battito="2" />
      <TEMPO Inizio="241.487" Bpm="120.00" Metro="4/4" Battito="3" />
      <TEMPO Inizio="241.988" Bpm="120.00" Metro="4/4" Battito="4" />
      <TEMPO Inizio="324.989" Bpm="120.00" Metro="4/4" Battito="2" />
      <TEMPO Inizio="325.488" Bpm="120.00" Metro="4/4" Battito="3" />
      <TEMPO Inizio="325.989" Bpm="120.00" Metro="4/4" Battito="4" />
      <TEMPO Inizio="326.488" Bpm="120.00" Metro="4/4" Battito="1" />
      <TEMPO Inizio="326.989" Bpm="120.00" Metro="4/4" Battito="2" />
      <TEMPO Inizio="327.488" Bpm="120.00" Metro="4/4" Battito="3" />
      <TEMPO Inizio="327.989" Bpm="120.00" Metro="4/4" Battito="4" />
      <TEMPO Inizio="328.488" Bpm="120.00" Metro="4/4" Battito="1" />
      <TEMPO Inizio="328.989" Bpm="120.00" Metro="4/4" Battito="2" />
    </TRACK>
    <TRACK TrackID="239322874" Name="Bodytude (Original Mix)" Artist="Nasser Baker" Composer="" Album="Bodytude EP" Grouping="" Genre="House/Tech/" Kind="AIFF File" Size="64325576" TotalTime="363" DiscNumber="0" TrackNumber="1" Year="2019" AverageBpm="127.00" DateAdded="2020-05-20" BitRate="1411" SampleRate="44100" Comments="2A - 6" PlayCount="0" Rating="0" Location="file://localhost/Users/zachvp/Music/DJ/Nasser%20Baker%20-%20Bodytude%20(Original%20Mix).aiff" Remixer="" Tonality="2A" Label="Relief" Mix="">
      <TEMPO Inizio="0.048" Bpm="127.00" Metro="4/4" Battito="1" />
    </TRACK>
    <TRACK TrackID="1174306" Name="#001 (Original Mix)" Artist="Unknown" Composer="" Album="DJ-Kicks" Grouping="" Genre="House/Deep/Tech/Spacey" Kind="AIFF File" Size="64745264" TotalTime="366" DiscNumber="0" TrackNumber="15" Year="2013" AverageBpm="108.00" DateAdded="2020-05-20" BitRate="1411" SampleRate="44100" Comments="5A - 5" PlayCount="0" Rating="0" Location="file://localhost/Users/zachvp/Music/DJ/Unknown%20-%20#001%20(Original%20Mix).aiff" Remixer="" Tonality="5A" Label="K7 Records" Mix="">
      <TEMPO Inizio="0.011" Bpm="108.00" Metro="4/4" Battito="1" />
    </TRACK>
    <TRACK TrackID="121816545" Name="Journey To The Center Of The Sun (Original Mix)" Artist="North Lake" Composer="" Album="DJ-Kicks" Grouping="" Genre="Lounge/" Kind="AIFF File" Size="65610030" TotalTime="371" DiscNumber="0" TrackNumber="1" Year="2013" AverageBpm="87.00" DateAdded="2020-05-20" BitRate="1411" SampleRate="44100" Comments="8B - 6" PlayCount="1" Rating="0" Location="file://localhost/Users/zachvp/Music/DJ/North%20Lake%20-%20Journey%20To%20The%20Center%20Of%20The%20S.aiff" Remixer="" Tonality="8B" Label="K7 Records" Mix="">
      <TEMPO Inizio="0.096" Bpm="87.00" Metro="4/4" Battito="1" />
    </TRACK>
    <TRACK TrackID="39333966" Name="Escape To Nowhere (Original Mix)" Artist="Motor City Drum Ensemble" Composer="" Album="DJ-Kicks" Grouping="" Genre="House/Deep/Tech/" Kind="AIFF File" Size="71474554" TotalTime="404" DiscNumber="0" TrackNumber="18" Year="2013" AverageBpm="116.00" DateAdded="2020-05-20" BitRate="1411" SampleRate="44100" Comments="12A - 6" PlayCount="1" Rating="0" Location="file://localhost/Users/zachvp/Music/DJ/Motor%20City%20Drum%20Ensemble%20-%20Escape%20To%20Nowher.aiff" Remixer="" Tonality="12A" Label="K7 Records" Mix="">
      <TEMPO Inizio="0.023" Bpm="116.00" Metro="4/4" Battito="1" />
      <TEMPO Inizio="0.541" Bpm="116.00" Metro="4/4" Battito="2" />
      <TEMPO Inizio="13.990" Bpm="116.00" Metro="4/4" Battito="4" />
      <TEMPO Inizio="30.025" Bpm="116.00" Metro="4/4" Battito="3" />
      <TEMPO Inizio="46.060" Bpm="116.00" Metro="4/4" Battito="2" />
      <TEMPO Inizio="62.095" Bpm="116.00" Metro="4/4" Battito="1" />
      <TEMPO Inizio="73.475" Bpm="116.00" Metro="4/4" Battito="3" />
      <TEMPO Inizio="89.510" Bpm="116.00" Metro="4/4" Battito="2" />
      <TEMPO Inizio="105.545" Bpm="116.00" Metro="4/4" Battito="1" />
      <TEMPO Inizio="121.580" Bpm="116.00" Metro="4/4" Battito="4" />
      <TEMPO Inizio="132.960" Bpm="116.00" Metro="4/4" Battito="2" />
      <TEMPO Inizio="148.995" Bpm="116.00" Metro="4/4" Battito="1" />
      <TEMPO Inizio="165.030" Bpm="116.00" Metro="4/4" Battito="4" />
      <TEMPO Inizio="181.065" Bpm="116.00" Metro="4/4" Battito="3" />
      <TEMPO Inizio="194.514" Bpm="116.00" Metro="4/4" Battito="1" />
      <TEMPO Inizio="210.549" Bpm="116.00" Metro="4/4" Battito="4" />
      <TEMPO Inizio="226.584" Bpm="116.00" Metro="4/4" Battito="3" />
      <TEMPO Inizio="240.033" Bpm="116.00" Metro="4/4" Battito="1" />
      <TEMPO Inizio="256.068" Bpm="116.00" Metro="4/4" Battito="4" />
      <TEMPO Inizio="272.103" Bpm="116.00" Metro="4/4" Battito="3" />
      <TEMPO Inizio="288.138" Bpm="116.00" Metro="4/4" Battito="2" />
      <TEMPO Inizio="299.518" Bpm="116.00" Metro="4/4" Battito="4" />
      <TEMPO Inizio="315.553" Bpm="116.00" Metro="4/4" Battito="3" />
      <TEMPO Inizio="331.588" Bpm="116.00" Metro="4/4" Battito="2" />
      <TEMPO Inizio="347.623" Bpm="116.00" Metro="4/4" Battito="1" />
      <TEMPO Inizio="361.072" Bpm="116.00" Metro="4/4" Battito="3" />
      <TEMPO Inizio="377.107" Bpm="116.00" Metro="4/4" Battito="2" />
      <TEMPO Inizio="393.142" Bpm="116.00" Metro="4/4" Battito="1" />
    </TRACK>
    <TRACK TrackID="165653830" Name="Innermind (Original Mix)" Artist="Paradise's Deep Groove" Composer="" Album="DJ-Kicks" Grouping="" Genre="Lounge/Ambient" Kind="AIFF File" Size="80119070" TotalTime="454" DiscNumber="0" TrackNumber="19" Year="2013" AverageBpm="115.22" DateAdded="2020-05-20" BitRate="1411" SampleRate="44100" Comments="8A - 7" PlayCount="0" Rating="0" Location="file://localhost/Users/zachvp/Music/DJ/Paradise%27s%20Deep%20Groove%20-%20Innermind%20(Origina.aiff" Remixer="" Tonality="8A" Label="K7 Records" Mix="">
      <TEMPO Inizio="0.002" Bpm="115.22" Metro="4/4" Battito="1" />
    </TRACK>
    <TRACK TrackID="143402394" Name="Shower Scene (Original Mix)" Artist="Alex Burkat" Composer="" Album="DJ-Kicks" Grouping="" Genre="Lounge/Ambient" Kind="AIFF File" Size="51723108" TotalTime="293" DiscNumber="0" TrackNumber="14" Year="2013" AverageBpm="117.00" DateAdded="2020-05-20" BitRate="1411" SampleRate="44100" Comments="7B - 6" PlayCount="0" Rating="0" Location="file://localhost/Users/zachvp/Music/DJ/Alex%20Burkat%20-%20Shower%20Scene%20(Original%20Mix).aiff" Remixer="" Tonality="7B" Label="K7 Records" Mix="">
      <TEMPO Inizio="0.052" Bpm="117.00" Metro="4/4" Battito="4" />
    </TRACK>
    <TRACK TrackID="233313461" Name="Without You (DJ-Kicks)" Artist="John Talabot" Composer="" Album="DJ-Kicks" Grouping="" Genre="Lounge/Indie" Kind="AIFF File" Size="54576268" TotalTime="309" DiscNumber="0" TrackNumber="9" Year="2013" AverageBpm="109.00" DateAdded="2020-05-20" BitRate="1411" SampleRate="44100" Comments="2A - 5" PlayCount="0" Rating="0" Location="file://localhost/Users/zachvp/Music/DJ/John%20Talabot%20-%20Without%20You%20(DJ-Kicks).aiff" Remixer="" Tonality="2A" Label="K7 Records" Mix="">
      <TEMPO Inizio="0.215" Bpm="109.00" Metro="4/4" Battito="1" />
      <TEMPO Inizio="253.425" Bpm="109.00" Metro="4/4" Battito="1" />
    </TRACK>
    <TRACK TrackID="100431151" Name="Kissing You (Josh Milan Honeycomb Vocal)" Artist="Miranda Nicole, Josh Milan" Composer="" Album="Kissing You (Remixes)" Grouping="" Genre="House/Tech/Indie/Disco" Kind="AIFF File" Size="87473986" TotalTime="495" DiscNumber="0" TrackNumber="1" Year="2012" AverageBpm="125.00" DateAdded="2020-05-20" BitRate="1411" SampleRate="44100" Comments="9B - 6" PlayCount="0" Rating="0" Location="file://localhost/Users/zachvp/Music/DJ/Miranda%20Nicole%20-%20Kissing%20You%20(Josh%20Milan%20Ho.aiff" Remixer="" Tonality="9B" Label="Global Soul Music" Mix="">
      <TEMPO Inizio="0.013" Bpm="125.00" Metro="4/4" Battito="1" />
      <TEMPO Inizio="206.412" Bpm="125.00" Metro="4/4" Battito="3" />
      <TEMPO Inizio="472.811" Bpm="125.00" Metro="4/4" Battito="2" />
    </TRACK>
    <TRACK TrackID="166174825" Name="The Grasshopper Was The Witness (Elmore Judd &amp; Rowan Park Remix)" Artist="Harmonious Thelonious" Composer="" Album="DJ-Kicks" Grouping="" Genre="zzz" Kind="AIFF File" Size="52387524" TotalTime="296" DiscNumber="0" TrackNumber="7" Year="2013" AverageBpm="120.00" DateAdded="2020-05-20" BitRate="1411" SampleRate="44100" Comments="9A - 5" PlayCount="0" Rating="0" Location="file://localhost/Users/zachvp/Music/DJ/Harmonious%20Thelonious%20-%20The%20Grasshopper%20Was.aiff" Remixer="Elmore Judd, Rowan Park" Tonality="9A" Label="K7 Records" Mix="">
      <TEMPO Inizio="0.219" Bpm="120.00" Metro="4/4" Battito="4" />
      <TEMPO Inizio="263.720" Bpm="120.00" Metro="4/4" Battito="3" />
    </TRACK>
    <TRACK TrackID="214372527" Name="Mandarine Girl (Deetron Remix)" Artist="Booka Shade" Composer="" Album="Ibiza Global Radio, Vol. 2 (Winter Edition) (The Soundtrack of Ibiza)" Grouping="" Genre="House/Tech/" Kind="AIFF File" Size="65688998" TotalTime="371" DiscNumber="0" TrackNumber="14" Year="2016" AverageBpm="126.00" DateAdded="2020-05-20" BitRate="1411" SampleRate="44100" Comments="12A - 6" PlayCount="0" Rating="0" Location="file://localhost/Users/zachvp/Music/DJ/Booka%20Shade%20-%20Mandarine%20Girl%20(Deetron%20Remix.aiff" Remixer="" Tonality="12A" Label="Tronic Session Records" Mix="">
      <TEMPO Inizio="0.106" Bpm="126.00" Metro="4/4" Battito="1" />
      <TEMPO Inizio="1.059" Bpm="126.00" Metro="4/4" Battito="3" />
    </TRACK>
    <TRACK TrackID="34016021" Name="Opostulánapsis (Original Mix)" Artist="Phreddy M" Composer="" Album="ADE 2016" Grouping="" Genre="House/Tech/Organic" Kind="AIFF File" Size="64792644" TotalTime="366" DiscNumber="0" TrackNumber="3" Year="2016" AverageBpm="124.00" DateAdded="2020-05-20" BitRate="1411" SampleRate="44100" Comments="8A - 6" PlayCount="1" Rating="0" Location="file://localhost/Users/zachvp/Music/DJ/Phreddy%20M%20-%20Opostul%c3%a1napsis%20(Original%20Mix).aiff" Remixer="" Tonality="8A" Label="CrackHouse Recordings" Mix="">
      <TEMPO Inizio="0.063" Bpm="124.00" Metro="4/4" Battito="3" />
    </TRACK>
    <TRACK TrackID="18532674" Name="Rules Of Love (Franck Roger Remix)" Artist="Eric D. Clark, Joel Alter" Composer="" Album="Rules Of Love EP" Grouping="" Genre="House/Deep/Tech/" Kind="AIFF File" Size="72498024" TotalTime="410" DiscNumber="0" TrackNumber="1" Year="2011" AverageBpm="122.00" DateAdded="2020-05-20" BitRate="1411" SampleRate="44100" Comments="6A - 5" PlayCount="3" Rating="0" Location="file://localhost/Users/zachvp/Music/DJ/Eric%20D.%20Clark,%20Joel%20Alter%20-%20Rules%20Of%20Love%20(.aiff" Remixer="Franck Roger" Tonality="6A" Label="Bass Culture Records" Mix="">
      <TEMPO Inizio="0.026" Bpm="122.00" Metro="4/4" Battito="1" />
    </TRACK>
    <TRACK TrackID="240730982" Name="It's All Over (Locked Groove Rendition)" Artist="Pional" Composer="" Album="DJ-Kicks" Grouping="" Genre="zzz" Kind="AIFF File" Size="79094820" TotalTime="448" DiscNumber="0" TrackNumber="22" Year="2013" AverageBpm="118.00" DateAdded="2020-05-20" BitRate="1411" SampleRate="44100" Comments="3A - 5" PlayCount="0" Rating="0" Location="file://localhost/Users/zachvp/Music/DJ/Pional%20-%20It%27s%20All%20Over%20(Locked%20Groove%20Rendi.aiff" Remixer="Locked Groove" Tonality="3A" Label="K7 Records" Mix="">
      <TEMPO Inizio="0.204" Bpm="118.00" Metro="4/4" Battito="1" />
      <TEMPO Inizio="0.713" Bpm="118.00" Metro="4/4" Battito="2" />
    </TRACK>
    <TRACK TrackID="212238773" Name="Hetrotopia (Young Marco Remix)" Artist="Michael Ozone" Composer="" Album="DJ-Kicks" Grouping="" Genre="Lounge/Indie" Kind="AIFF File" Size="60385090" TotalTime="342" DiscNumber="0" TrackNumber="5" Year="2013" AverageBpm="106.00" DateAdded="2020-05-20" BitRate="1411" SampleRate="44100" Comments="4A - 5" PlayCount="0" Rating="0" Location="file://localhost/Users/zachvp/Music/DJ/Michael%20Ozone%20-%20Hetrotopia%20(Young%20Marco%20Rem.aiff" Remixer="Young Marco" Tonality="4A" Label="K7 Records" Mix="">
      <TEMPO Inizio="0.522" Bpm="106.00" Metro="4/4" Battito="4" />
      <TEMPO Inizio="6.183" Bpm="106.00" Metro="4/4" Battito="2" />
      <TEMPO Inizio="67.880" Bpm="106.00" Metro="4/4" Battito="3" />
      <TEMPO Inizio="68.447" Bpm="106.00" Metro="4/4" Battito="4" />
      <TEMPO Inizio="251.842" Bpm="106.00" Metro="4/4" Battito="4" />
      <TEMPO Inizio="252.409" Bpm="106.00" Metro="4/4" Battito="1" />
    </TRACK>
    <TRACK TrackID="193051821" Name="Redemption (Kusht Remix)" Artist="Knautic" Composer="" Album="Papa Guédé - Random Collective Records" Grouping="" Genre="Lounge/Indie" Kind="AIFF File" Size="78659852" TotalTime="445" DiscNumber="0" TrackNumber="4" Year="2019" AverageBpm="102.00" DateAdded="2020-05-20" BitRate="1411" SampleRate="44100" Comments="8A - 7" PlayCount="1" Rating="0" Location="file://localhost/Users/zachvp/Music/DJ/Knautic%20-%20Redemption%20(Kusht%20Remix).aiff" Remixer="Kusht" Tonality="8A" Label="Random Collective" Mix="">
      <TEMPO Inizio="0.001" Bpm="102.00" Metro="4/4" Battito="1" />
      <TEMPO Inizio="340.000" Bpm="102.00" Metro="4/4" Battito="3" />
      <POSITION_MARK Name="" Type="0" Start="18.830" Num="-1" />
      <POSITION_MARK Name="" Type="0" Start="56.477" Num="-1" />
      <POSITION_MARK Name="" Type="0" Start="103.534" Num="-1" />
      <POSITION_MARK Name="" Type="0" Start="178.828" Num="-1" />
      <POSITION_MARK Name="" Type="0" Start="294.119" Num="-1" />
      <POSITION_MARK Name="" Type="0" Start="312.944" Num="-1" />
      <POSITION_MARK Name="" Type="0" Start="369.405" Num="-1" />
    </TRACK>
    <TRACK TrackID="168909150" Name="Old Song (Original Mix)" Artist="Max Mohr" Composer="" Album="DJ-Kicks" Grouping="" Genre="House/Tech/Indie/" Kind="AIFF File" Size="69342982" TotalTime="392" DiscNumber="0" TrackNumber="16" Year="2013" AverageBpm="120.00" DateAdded="2020-05-20" BitRate="1411" SampleRate="44100" Comments="12A - 6" PlayCount="1" Rating="0" Location="file://localhost/Users/zachvp/Music/DJ/Max%20Mohr%20-%20Old%20Song%20(Original%20Mix).aiff" Remixer="" Tonality="12A" Label="K7 Records" Mix="">
      <TEMPO Inizio="0.456" Bpm="120.00" Metro="4/4" Battito="4" />
      <TEMPO Inizio="227.957" Bpm="120.00" Metro="4/4" Battito="3" />
      <TEMPO Inizio="228.456" Bpm="120.00" Metro="4/4" Battito="4" />
      <TEMPO Inizio="228.957" Bpm="120.00" Metro="4/4" Battito="1" />
      <TEMPO Inizio="229.456" Bpm="120.00" Metro="4/4" Battito="2" />
      <TEMPO Inizio="229.957" Bpm="120.00" Metro="4/4" Battito="3" />
      <TEMPO Inizio="230.456" Bpm="120.00" Metro="4/4" Battito="4" />
      <TEMPO Inizio="230.957" Bpm="120.00" Metro="4/4" Battito="1" />
      <TEMPO Inizio="231.456" Bpm="120.00" Metro="4/4" Battito="2" />
      <TEMPO Inizio="231.957" Bpm="120.00" Metro="4/4" Battito="3" />
      <TEMPO Inizio="232.456" Bpm="120.00" Metro="4/4" Battito="4" />
      <TEMPO Inizio="232.957" Bpm="120.00" Metro="4/4" Battito="1" />
      <TEMPO Inizio="233.456" Bpm="120.00" Metro="4/4" Battito="2" />
      <TEMPO Inizio="233.957" Bpm="120.00" Metro="4/4" Battito="3" />
      <TEMPO Inizio="234.456" Bpm="120.00" Metro="4/4" Battito="4" />
      <TEMPO Inizio="234.957" Bpm="120.00" Metro="4/4" Battito="1" />
      <TEMPO Inizio="235.456" Bpm="120.00" Metro="4/4" Battito="2" />
      <TEMPO Inizio="235.957" Bpm="120.00" Metro="4/4" Battito="3" />
      <TEMPO Inizio="236.456" Bpm="120.00" Metro="4/4" Battito="4" />
      <TEMPO Inizio="236.957" Bpm="120.00" Metro="4/4" Battito="1" />
      <TEMPO Inizio="237.456" Bpm="120.00" Metro="4/4" Battito="2" />
      <TEMPO Inizio="237.957" Bpm="120.00" Metro="4/4" Battito="3" />
      <TEMPO Inizio="238.456" Bpm="120.00" Metro="4/4" Battito="4" />
      <TEMPO Inizio="238.957" Bpm="120.00" Metro="4/4" Battito="1" />
      <TEMPO Inizio="239.456" Bpm="120.00" Metro="4/4" Battito="2" />
      <TEMPO Inizio="239.957" Bpm="120.00" Metro="4/4" Battito="3" />
      <TEMPO Inizio="240.456" Bpm="120.00" Metro="4/4" Battito="4" />
      <TEMPO Inizio="240.957" Bpm="120.00" Metro="4/4" Battito="1" />
      <TEMPO Inizio="241.456" Bpm="120.00" Metro="4/4" Battito="2" />
      <TEMPO Inizio="241.957" Bpm="120.00" Metro="4/4" Battito="3" />
      <TEMPO Inizio="242.456" Bpm="120.00" Metro="4/4" Battito="4" />
      <TEMPO Inizio="242.957" Bpm="120.00" Metro="4/4" Battito="1" />
      <TEMPO Inizio="243.456" Bpm="120.00" Metro="4/4" Battito="2" />
      <TEMPO Inizio="243.957" Bpm="120.00" Metro="4/4" Battito="3" />
      <TEMPO Inizio="244.456" Bpm="120.00" Metro="4/4" Battito="4" />
      <TEMPO Inizio="244.957" Bpm="120.00" Metro="4/4" Battito="1" />
      <TEMPO Inizio="245.456" Bpm="120.00" Metro="4/4" Battito="2" />
      <TEMPO Inizio="245.957" Bpm="120.00" Metro="4/4" Battito="3" />
      <TEMPO Inizio="246.456" Bpm="120.00" Metro="4/4" Battito="4" />
      <TEMPO Inizio="246.957" Bpm="120.00" Metro="4/4" Battito="1" />
      <TEMPO Inizio="247.456" Bpm="120.00" Metro="4/4" Battito="2" />
      <TEMPO Inizio="247.957" Bpm="120.00" Metro="4/4" Battito="3" />
      <TEMPO Inizio="248.456" Bpm="120.00" Metro="4/4" Battito="4" />
      <TEMPO Inizio="248.957" Bpm="120.00" Metro="4/4" Battito="1" />
      <TEMPO Inizio="249.456" Bpm="120.00" Metro="4/4" Battito="2" />
      <TEMPO Inizio="249.957" Bpm="120.00" Metro="4/4" Battito="3" />
      <TEMPO Inizio="250.456" Bpm="120.00" Metro="4/4" Battito="4" />
      <TEMPO Inizio="250.957" Bpm="120.00" Metro="4/4" Battito="1" />
      <TEMPO Inizio="251.456" Bpm="120.00" Metro="4/4" Battito="2" />
      <TEMPO Inizio="251.957" Bpm="120.00" Metro="4/4" Battito="3" />
      <TEMPO Inizio="252.456" Bpm="120.00" Metro="4/4" Battito="4" />
      <TEMPO Inizio="252.957" Bpm="120.00" Metro="4/4" Battito="1" />
      <TEMPO Inizio="253.456" Bpm="120.00" Metro="4/4" Battito="2" />
      <TEMPO Inizio="253.957" Bpm="120.00" Metro="4/4" Battito="3" />
      <TEMPO Inizio="254.456" Bpm="120.00" Metro="4/4" Battito="4" />
      <TEMPO Inizio="254.957" Bpm="120.00" Metro="4/4" Battito="1" />
      <TEMPO Inizio="255.456" Bpm="120.00" Metro="4/4" Battito="2" />
      <TEMPO Inizio="255.957" Bpm="120.00" Metro="4/4" Battito="3" />
    </TRACK>
    <TRACK TrackID="213713667" Name="Zero Centre (Original Mix)" Artist="Pye Corner Audio" Composer="" Album="DJ-Kicks" Grouping="" Genre="Lounge/Ambient" Kind="AIFF File" Size="54184660" TotalTime="307" DiscNumber="0" TrackNumber="4" Year="2013" AverageBpm="100.00" DateAdded="2020-05-20" BitRate="1411" SampleRate="44100" Comments="9A - 4" PlayCount="2" Rating="0" Location="file://localhost/Users/zachvp/Music/DJ/Pye%20Corner%20Audio%20-%20Zero%20Centre%20(Original%20Mi.aiff" Remixer="" Tonality="9A" Label="K7 Records" Mix="">
      <TEMPO Inizio="0.002" Bpm="100.00" Metro="4/4" Battito="1" />
      <TEMPO Inizio="126.603" Bpm="100.00" Metro="4/4" Battito="4" />
      <POSITION_MARK Name="" Type="0" Start="2.371" Num="-1" />
    </TRACK>
    <TRACK TrackID="191271542" Name="Tell You No Lie (Original Mix)" Artist="Floorplan" Composer="" Album="Music / Tell You No Lie" Grouping="" Genre="House/Tech/Indie/Disco" Kind="AIFF File" Size="88950562" TotalTime="504" DiscNumber="0" TrackNumber="2" Year="2016" AverageBpm="130.00" DateAdded="2020-05-20" BitRate="1411" SampleRate="44100" Comments="4A - 7" PlayCount="0" Rating="0" Location="file://localhost/Users/zachvp/Music/DJ/Floorplan%20-%20Tell%20You%20No%20Lie%20(Original%20Mix).aiff" Remixer="" Tonality="4A" Label="M-Plant" Mix="">
      <TEMPO Inizio="0.000" Bpm="130.00" Metro="4/4" Battito="1" />
      <POSITION_MARK Name="" Type="0" Start="59.063" Num="-1" />
      <POSITION_MARK Name="" Type="0" Start="177.232" Num="-1" />
      <POSITION_MARK Name="" Type="0" Start="236.307" Num="-1" />
      <POSITION_MARK Name="" Type="0" Start="324.911" Num="-1" />
      <POSITION_MARK Name="" Type="0" Start="323.066" Num="-1" />
    </TRACK>
    <TRACK TrackID="189389317" Name="Royale (Bonus Track)" Artist="Denis Horvat" Composer="" Album="Miracle Of The Rose EP" Grouping="" Genre="House/Techno/Downtempo" Kind="AIFF File" Size="75804110" TotalTime="429" DiscNumber="0" TrackNumber="4" Year="2019" AverageBpm="120.00" DateAdded="2020-05-20" BitRate="1411" SampleRate="44100" Comments="3A - 5" PlayCount="1" Rating="0" Location="file://localhost/Users/zachvp/Music/DJ/Denis%20Horvat%20-%20Royale%20(Bonus%20Track).aiff" Remixer="" Tonality="3A" Label="Afterlife" Mix="">
      <TEMPO Inizio="0.199" Bpm="120.00" Metro="4/4" Battito="1" />
    </TRACK>
    <TRACK TrackID="7682029" Name="Klinsmann (Original Mix)" Artist="Axel Boman" Composer="" Album="DJ-Kicks" Grouping="" Genre="House/Deep/Melodic" Kind="AIFF File" Size="71977542" TotalTime="407" DiscNumber="0" TrackNumber="10" Year="2013" AverageBpm="113.00" DateAdded="2020-05-20" BitRate="1411" SampleRate="44100" Comments="1A - 5" PlayCount="0" Rating="0" Location="file://localhost/Users/zachvp/Music/DJ/Axel%20Boman%20-%20Klinsmann%20(Original%20Mix).aiff" Remixer="" Tonality="1A" Label="K7 Records" Mix="">
      <TEMPO Inizio="0.011" Bpm="113.00" Metro="4/4" Battito="1" />
    </TRACK>
    <TRACK TrackID="49532702" Name="I Heard Them Say (Andy Stott Remix)" Artist="Maps" Composer="" Album="DJ-Kicks" Grouping="" Genre="Lounge/Indie" Kind="AIFF File" Size="64254644" TotalTime="364" DiscNumber="0" TrackNumber="3" Year="2013" AverageBpm="97.00" DateAdded="2020-05-20" BitRate="1411" SampleRate="44100" Comments="6A - 6" PlayCount="2" Rating="0" Location="file://localhost/Users/zachvp/Music/DJ/Maps%20-%20I%20Heard%20Them%20Say%20(Andy%20Stott%20Remix).aiff" Remixer="Andy Stott" Tonality="6A" Label="K7 Records" Mix="">
      <TEMPO Inizio="0.441" Bpm="97.00" Metro="4/4" Battito="2" />
      <POSITION_MARK Name="" Type="0" Start="19.613" Num="-1" />
    </TRACK>
    <TRACK TrackID="20069884" Name="Mutant Radio (Original Mix)" Artist="Maceo Plex" Composer="" Album="Mutant 2" Grouping="" Genre="House/Techno/Downtempo" Kind="AIFF File" Size="79296702" TotalTime="449" DiscNumber="0" TrackNumber="2" Year="2018" AverageBpm="124.00" DateAdded="2020-05-20" BitRate="1411" SampleRate="44100" Comments="9A - 6" PlayCount="1" Rating="0" Location="file://localhost/Users/zachvp/Music/DJ/Maceo%20Plex%20-%20Mutant%20Radio%20(Original%20Mix).aiff" Remixer="" Tonality="9A" Label="Ellum Black" Mix="">
      <TEMPO Inizio="0.009" Bpm="124.00" Metro="4/4" Battito="1" />
    </TRACK>
    <TRACK TrackID="209697218" Name="We Doubt (You Can Make It)" Artist="Madteo" Composer="" Album="DJ-Kicks" Grouping="" Genre="Lounge/Ambient" Kind="AIFF File" Size="75346814" TotalTime="426" DiscNumber="0" TrackNumber="6" Year="2013" AverageBpm="113.00" DateAdded="2020-05-20" BitRate="1411" SampleRate="44100" Comments="10A - 6" PlayCount="0" Rating="0" Location="file://localhost/Users/zachvp/Music/DJ/Madteo%20-%20We%20Doubt%20(You%20Can%20Make%20It).aiff" Remixer="" Tonality="10A" Label="K7 Records" Mix="">
      <TEMPO Inizio="0.280" Bpm="113.00" Metro="4/4" Battito="1" />
    </TRACK>
    <TRACK TrackID="23640248" Name="Anagrama (Original Mix)" Artist="Tempel Rytmik" Composer="" Album="DJ-Kicks" Grouping="" Genre="House/Deep/Melodic" Kind="AIFF File" Size="70068522" TotalTime="397" DiscNumber="0" TrackNumber="8" Year="2013" AverageBpm="106.00" DateAdded="2020-05-20" BitRate="1411" SampleRate="44100" Comments="2A - 5" PlayCount="0" Rating="0" Location="file://localhost/Users/zachvp/Music/DJ/Tempel%20Rytmik%20-%20Anagrama%20(Original%20Mix).aiff" Remixer="" Tonality="2A" Label="K7 Records" Mix="">
      <TEMPO Inizio="0.214" Bpm="106.00" Metro="4/4" Battito="1" />
      <TEMPO Inizio="77.760" Bpm="106.00" Metro="4/4" Battito="2" />
      <TEMPO Inizio="78.327" Bpm="106.00" Metro="4/4" Battito="3" />
      <TEMPO Inizio="288.325" Bpm="106.00" Metro="4/4" Battito="2" />
      <TEMPO Inizio="288.892" Bpm="106.00" Metro="4/4" Battito="3" />
    </TRACK>
    <TRACK TrackID="81239419" Name="Streets (Wraetlic Remix)" Artist="Abby" Composer="" Album="DJ-Kicks" Grouping="" Genre="House/Deep/Tech/Spacey" Kind="AIFF File" Size="45692680" TotalTime="258" DiscNumber="0" TrackNumber="20" Year="2013" AverageBpm="128.00" DateAdded="2020-05-20" BitRate="1411" SampleRate="44100" Comments="8A - 5" PlayCount="1" Rating="0" Location="file://localhost/Users/zachvp/Music/DJ/Abby%20-%20Streets%20(Wraetlic%20Remix).aiff" Remixer="Wraetlic" Tonality="8A" Label="K7 Records" Mix="">
      <TEMPO Inizio="0.108" Bpm="128.00" Metro="4/4" Battito="1" />
    </TRACK>
    <TRACK TrackID="126331824" Name="False Widow (Original Mix)" Artist="Reset Robot" Composer="" Album="False Widow" Grouping="" Genre="House/Techno/Downtempo" Kind="AIFF File" Size="74076188" TotalTime="418" DiscNumber="0" TrackNumber="1" Year="2013" AverageBpm="125.00" DateAdded="2020-05-20" BitRate="1411" SampleRate="44100" Comments="3A - 6" PlayCount="2" Rating="0" Location="file://localhost/Users/zachvp/Music/DJ/Reset%20Robot%20-%20False%20Widow%20(Original%20Mix).aiff" Remixer="" Tonality="3A" Label="Truesoul" Mix="">
      <TEMPO Inizio="0.049" Bpm="125.00" Metro="4/4" Battito="1" />
    </TRACK>
    <TRACK TrackID="116998210" Name="Silikron (Jürgen Paape Remix)" Artist="Kron" Composer="" Album="DJ-Kicks" Grouping="" Genre="House/Tech/Indie/" Kind="AIFF File" Size="56444544" TotalTime="319" DiscNumber="0" TrackNumber="21" Year="2013" AverageBpm="124.77" DateAdded="2020-05-20" BitRate="1411" SampleRate="44100" Comments="7A - 6" PlayCount="1" Rating="0" Location="file://localhost/Users/zachvp/Music/DJ/Kron%20-%20Silikron%20(J%c3%bcrgen%20Paape%20Remix).aiff" Remixer="JÃ¼rgen Paape" Tonality="7A" Label="K7 Records" Mix="">
      <TEMPO Inizio="0.407" Bpm="124.77" Metro="4/4" Battito="1" />
    </TRACK>
    <TRACK TrackID="128433804" Name="Still Linger In My Dreams (Original Mix)" Artist="Cubicolor" Composer="" Album="Anjunadeep pres. Deep House 03" Grouping="" Genre="House/Deep/Melodic" Kind="AIFF File" Size="87731450" TotalTime="495" DiscNumber="0" TrackNumber="9" Year="2014" AverageBpm="120.00" DateAdded="2020-05-20" BitRate="1411" SampleRate="44100" Comments="7A - 6" PlayCount="1" Rating="0" Location="file://localhost/Users/zachvp/Music/DJ/Cubicolor%20-%20Still%20Linger%20In%20My%20Dreams%20(Orig.aiff" Remixer="" Tonality="7A" Label="Anjunadeep" Mix="">
      <TEMPO Inizio="0.005" Bpm="120.00" Metro="4/4" Battito="1" />
    </TRACK>
    <TRACK TrackID="31185123" Name="Rave" Artist="Sam Paganini" Composer="" Album="Mixmag Germany - EPisode 008: Sam Paganini" Grouping="" Genre="House/Techno/Downtempo" Kind="AIFF File" Size="71645420" TotalTime="405" DiscNumber="0" TrackNumber="16" Year="2015" AverageBpm="125.00" DateAdded="2020-05-20" BitRate="1411" SampleRate="44100" Comments="3A - 6" PlayCount="0" Rating="0" Location="file://localhost/Users/zachvp/Music/DJ/Sam%20Paganini%20-%20Rave.aiff" Remixer="" Tonality="3A" Label="dig dis! Series" Mix="">
      <TEMPO Inizio="0.060" Bpm="125.00" Metro="4/4" Battito="1" />
      <TEMPO Inizio="66.301" Bpm="125.00" Metro="4/4" Battito="3" />
    </TRACK>
    <TRACK TrackID="194122025" Name="tonite (Original Mix)" Artist="LCD Soundsystem" Composer="" Album="american dream" Grouping="" Genre="House/Tech/Indie/" Kind="AIFF File" Size="61328916" TotalTime="347" DiscNumber="0" TrackNumber="6" Year="2017" AverageBpm="121.11" DateAdded="2020-05-20" BitRate="1411" SampleRate="44100" Comments="8A - 7" PlayCount="5" Rating="0" Location="file://localhost/Users/zachvp/Music/DJ/LCD%20Soundsystem%20-%20tonite%20(Original%20Mix).aiff" Remixer="" Tonality="8A" Label="DFA Records/Columbia" Mix="">
      <TEMPO Inizio="0.206" Bpm="121.11" Metro="4/4" Battito="1" />
      <TEMPO Inizio="0.702" Bpm="121.11" Metro="4/4" Battito="2" />
      <TEMPO Inizio="16.556" Bpm="121.11" Metro="4/4" Battito="2" />
      <TEMPO Inizio="40.832" Bpm="121.11" Metro="4/4" Battito="3" />
      <TEMPO Inizio="59.163" Bpm="121.11" Metro="4/4" Battito="4" />
      <TEMPO Inizio="83.439" Bpm="121.11" Metro="4/4" Battito="1" />
      <TEMPO Inizio="101.770" Bpm="121.11" Metro="4/4" Battito="2" />
      <TEMPO Inizio="120.101" Bpm="121.11" Metro="4/4" Battito="3" />
      <TEMPO Inizio="144.377" Bpm="121.11" Metro="4/4" Battito="4" />
      <TEMPO Inizio="162.708" Bpm="121.11" Metro="4/4" Battito="1" />
      <TEMPO Inizio="181.039" Bpm="121.11" Metro="4/4" Battito="2" />
      <TEMPO Inizio="205.315" Bpm="121.11" Metro="4/4" Battito="3" />
      <TEMPO Inizio="227.114" Bpm="121.11" Metro="4/4" Battito="3" />
      <TEMPO Inizio="248.913" Bpm="121.11" Metro="4/4" Battito="3" />
      <TEMPO Inizio="273.189" Bpm="121.11" Metro="4/4" Battito="4" />
      <TEMPO Inizio="291.520" Bpm="121.11" Metro="4/4" Battito="1" />
      <TEMPO Inizio="313.319" Bpm="121.11" Metro="4/4" Battito="1" />
      <TEMPO Inizio="337.595" Bpm="121.11" Metro="4/4" Battito="2" />
      <POSITION_MARK Name="" Type="0" Start="16.062" Num="-1" />
      <POSITION_MARK Name="" Type="0" Start="309.330" Num="-1" />
      <POSITION_MARK Name="" Type="0" Start="313.296" Num="-1" />
    </TRACK>
    <TRACK TrackID="117057762" Name="Tai Po Kau (Original Mix)" Artist="Samo DJ" Composer="" Album="DJ-Kicks" Grouping="" Genre="House/Deep/Melodic" Kind="AIFF File" Size="99227842" TotalTime="562" DiscNumber="0" TrackNumber="17" Year="2013" AverageBpm="120.00" DateAdded="2020-05-20" BitRate="1411" SampleRate="44100" Comments="2A - 5" PlayCount="0" Rating="0" Location="file://localhost/Users/zachvp/Music/DJ/Samo%20DJ%20-%20Tai%20Po%20Kau%20(Original%20Mix).aiff" Remixer="" Tonality="2A" Label="K7 Records" Mix="">
      <TEMPO Inizio="0.207" Bpm="120.00" Metro="4/4" Battito="1" />
      <TEMPO Inizio="34.206" Bpm="120.00" Metro="4/4" Battito="1" />
      <TEMPO Inizio="34.707" Bpm="120.00" Metro="4/4" Battito="2" />
      <TEMPO Inizio="35.206" Bpm="120.00" Metro="4/4" Battito="3" />
      <TEMPO Inizio="35.707" Bpm="120.00" Metro="4/4" Battito="4" />
      <TEMPO Inizio="36.206" Bpm="120.00" Metro="4/4" Battito="1" />
      <TEMPO Inizio="36.707" Bpm="120.00" Metro="4/4" Battito="2" />
      <TEMPO Inizio="37.206" Bpm="120.00" Metro="4/4" Battito="3" />
      <TEMPO Inizio="37.707" Bpm="120.00" Metro="4/4" Battito="4" />
      <TEMPO Inizio="38.206" Bpm="120.00" Metro="4/4" Battito="1" />
      <TEMPO Inizio="117.205" Bpm="120.00" Metro="4/4" Battito="3" />
      <TEMPO Inizio="117.706" Bpm="120.00" Metro="4/4" Battito="4" />
      <TEMPO Inizio="118.205" Bpm="120.00" Metro="4/4" Battito="1" />
      <TEMPO Inizio="118.706" Bpm="120.00" Metro="4/4" Battito="2" />
      <TEMPO Inizio="119.205" Bpm="120.00" Metro="4/4" Battito="3" />
      <TEMPO Inizio="119.706" Bpm="120.00" Metro="4/4" Battito="4" />
      <TEMPO Inizio="120.205" Bpm="120.00" Metro="4/4" Battito="1" />
      <TEMPO Inizio="120.706" Bpm="120.00" Metro="4/4" Battito="2" />
      <TEMPO Inizio="121.205" Bpm="120.00" Metro="4/4" Battito="3" />
      <TEMPO Inizio="200.204" Bpm="120.00" Metro="4/4" Battito="1" />
      <TEMPO Inizio="200.705" Bpm="120.00" Metro="4/4" Battito="2" />
      <TEMPO Inizio="201.204" Bpm="120.00" Metro="4/4" Battito="3" />
      <TEMPO Inizio="201.705" Bpm="120.00" Metro="4/4" Battito="4" />
      <TEMPO Inizio="202.204" Bpm="120.00" Metro="4/4" Battito="1" />
      <TEMPO Inizio="202.705" Bpm="120.00" Metro="4/4" Battito="2" />
      <TEMPO Inizio="203.204" Bpm="120.00" Metro="4/4" Battito="3" />
      <TEMPO Inizio="203.705" Bpm="120.00" Metro="4/4" Battito="4" />
      <TEMPO Inizio="204.204" Bpm="120.00" Metro="4/4" Battito="1" />
      <TEMPO Inizio="283.203" Bpm="120.00" Metro="4/4" Battito="3" />
      <TEMPO Inizio="283.704" Bpm="120.00" Metro="4/4" Battito="4" />
      <TEMPO Inizio="284.203" Bpm="120.00" Metro="4/4" Battito="1" />
      <TEMPO Inizio="284.704" Bpm="120.00" Metro="4/4" Battito="2" />
      <TEMPO Inizio="285.203" Bpm="120.00" Metro="4/4" Battito="3" />
      <TEMPO Inizio="285.704" Bpm="120.00" Metro="4/4" Battito="4" />
      <TEMPO Inizio="286.203" Bpm="120.00" Metro="4/4" Battito="1" />
      <TEMPO Inizio="286.704" Bpm="120.00" Metro="4/4" Battito="2" />
      <TEMPO Inizio="287.203" Bpm="120.00" Metro="4/4" Battito="3" />
      <TEMPO Inizio="366.202" Bpm="120.00" Metro="4/4" Battito="1" />
      <TEMPO Inizio="366.703" Bpm="120.00" Metro="4/4" Battito="2" />
      <TEMPO Inizio="367.202" Bpm="120.00" Metro="4/4" Battito="3" />
      <TEMPO Inizio="367.703" Bpm="120.00" Metro="4/4" Battito="4" />
      <TEMPO Inizio="368.202" Bpm="120.00" Metro="4/4" Battito="1" />
      <TEMPO Inizio="368.703" Bpm="120.00" Metro="4/4" Battito="2" />
      <TEMPO Inizio="369.202" Bpm="120.00" Metro="4/4" Battito="3" />
      <TEMPO Inizio="369.703" Bpm="120.00" Metro="4/4" Battito="4" />
      <TEMPO Inizio="370.202" Bpm="120.00" Metro="4/4" Battito="1" />
      <TEMPO Inizio="449.201" Bpm="120.00" Metro="4/4" Battito="3" />
      <TEMPO Inizio="449.702" Bpm="120.00" Metro="4/4" Battito="4" />
      <TEMPO Inizio="450.201" Bpm="120.00" Metro="4/4" Battito="1" />
      <TEMPO Inizio="450.702" Bpm="120.00" Metro="4/4" Battito="2" />
      <TEMPO Inizio="451.201" Bpm="120.00" Metro="4/4" Battito="3" />
      <TEMPO Inizio="451.702" Bpm="120.00" Metro="4/4" Battito="4" />
      <TEMPO Inizio="452.201" Bpm="120.00" Metro="4/4" Battito="1" />
      <TEMPO Inizio="452.702" Bpm="120.00" Metro="4/4" Battito="2" />
      <TEMPO Inizio="453.201" Bpm="120.00" Metro="4/4" Battito="3" />
      <TEMPO Inizio="532.200" Bpm="120.00" Metro="4/4" Battito="1" />
      <TEMPO Inizio="532.701" Bpm="120.00" Metro="4/4" Battito="2" />
      <TEMPO Inizio="533.200" Bpm="120.00" Metro="4/4" Battito="3" />
      <TEMPO Inizio="533.701" Bpm="120.00" Metro="4/4" Battito="4" />
      <TEMPO Inizio="534.200" Bpm="120.00" Metro="4/4" Battito="1" />
      <TEMPO Inizio="534.701" Bpm="120.00" Metro="4/4" Battito="2" />
      <TEMPO Inizio="535.200" Bpm="120.00" Metro="4/4" Battito="3" />
      <TEMPO Inizio="535.701" Bpm="120.00" Metro="4/4" Battito="4" />
      <TEMPO Inizio="536.200" Bpm="120.00" Metro="4/4" Battito="1" />
    </TRACK>
    <TRACK TrackID="84620766" Name="Who is Themba? (Original Mix)" Artist="THEMBA (SA)" Composer="" Album="Who is Themba?" Grouping="" Genre="House/Tech/Organic" Kind="AIFF File" Size="72073086" TotalTime="408" DiscNumber="0" TrackNumber="1" Year="2018" AverageBpm="123.00" DateAdded="2020-05-20" BitRate="1411" SampleRate="44100" Comments="4A - 6" PlayCount="0" Rating="0" Location="file://localhost/Users/zachvp/Music/DJ/THEMBA%20(SA)%20-%20Who%20is%20Themba_%20(Original%20Mix).aiff" Remixer="" Tonality="4A" Label="Herd" Mix="">
      <TEMPO Inizio="0.050" Bpm="123.00" Metro="4/4" Battito="1" />
    </TRACK>
    <TRACK TrackID="26719958" Name="Let Go (Extended Mix)" Artist="Hazem Beltagui" Composer="" Album="Reveries Act 1" Grouping="" Genre="zzz" Kind="AIFF File" Size="70638882" TotalTime="399" DiscNumber="0" TrackNumber="1" Year="2018" AverageBpm="120.00" DateAdded="2020-05-20" BitRate="1411" SampleRate="44100" Comments="2A - 6" PlayCount="0" Rating="0" Location="file://localhost/Users/zachvp/Music/DJ/Hazem%20Beltagui%20-%20Let%20Go%20(Extended%20Mix).aiff" Remixer="" Tonality="2A" Label="UV" Mix="">
      <TEMPO Inizio="0.000" Bpm="120.00" Metro="4/4" Battito="1" />
      <TEMPO Inizio="85.499" Bpm="120.00" Metro="4/4" Battito="4" />
      <TEMPO Inizio="86.000" Bpm="120.00" Metro="4/4" Battito="1" />
      <TEMPO Inizio="86.499" Bpm="120.00" Metro="4/4" Battito="2" />
      <TEMPO Inizio="87.000" Bpm="120.00" Metro="4/4" Battito="3" />
      <TEMPO Inizio="87.499" Bpm="120.00" Metro="4/4" Battito="4" />
      <TEMPO Inizio="88.000" Bpm="120.00" Metro="4/4" Battito="1" />
      <TEMPO Inizio="88.499" Bpm="120.00" Metro="4/4" Battito="2" />
      <TEMPO Inizio="89.000" Bpm="120.00" Metro="4/4" Battito="3" />
      <TEMPO Inizio="89.499" Bpm="120.00" Metro="4/4" Battito="4" />
      <TEMPO Inizio="90.000" Bpm="120.00" Metro="4/4" Battito="1" />
      <TEMPO Inizio="90.499" Bpm="120.00" Metro="4/4" Battito="2" />
      <TEMPO Inizio="91.000" Bpm="120.00" Metro="4/4" Battito="3" />
      <TEMPO Inizio="91.499" Bpm="120.00" Metro="4/4" Battito="4" />
      <TEMPO Inizio="92.000" Bpm="120.00" Metro="4/4" Battito="1" />
      <TEMPO Inizio="92.499" Bpm="120.00" Metro="4/4" Battito="2" />
      <TEMPO Inizio="93.000" Bpm="120.00" Metro="4/4" Battito="3" />
      <TEMPO Inizio="93.499" Bpm="120.00" Metro="4/4" Battito="4" />
      <TEMPO Inizio="94.000" Bpm="120.00" Metro="4/4" Battito="1" />
      <TEMPO Inizio="94.499" Bpm="120.00" Metro="4/4" Battito="2" />
      <TEMPO Inizio="95.000" Bpm="120.00" Metro="4/4" Battito="3" />
      <TEMPO Inizio="95.499" Bpm="120.00" Metro="4/4" Battito="4" />
      <TEMPO Inizio="96.000" Bpm="120.00" Metro="4/4" Battito="1" />
      <TEMPO Inizio="96.499" Bpm="120.00" Metro="4/4" Battito="2" />
      <TEMPO Inizio="97.000" Bpm="120.00" Metro="4/4" Battito="3" />
      <TEMPO Inizio="97.499" Bpm="120.00" Metro="4/4" Battito="4" />
      <TEMPO Inizio="98.000" Bpm="120.00" Metro="4/4" Battito="1" />
      <TEMPO Inizio="98.499" Bpm="120.00" Metro="4/4" Battito="2" />
      <TEMPO Inizio="99.000" Bpm="120.00" Metro="4/4" Battito="3" />
      <TEMPO Inizio="99.499" Bpm="120.00" Metro="4/4" Battito="4" />
      <TEMPO Inizio="100.000" Bpm="120.00" Metro="4/4" Battito="1" />
      <TEMPO Inizio="100.499" Bpm="120.00" Metro="4/4" Battito="2" />
      <TEMPO Inizio="101.000" Bpm="120.00" Metro="4/4" Battito="3" />
      <TEMPO Inizio="101.499" Bpm="120.00" Metro="4/4" Battito="4" />
      <TEMPO Inizio="102.000" Bpm="120.00" Metro="4/4" Battito="1" />
      <TEMPO Inizio="102.499" Bpm="120.00" Metro="4/4" Battito="2" />
    </TRACK>
    <TRACK TrackID="82365329" Name="The Dreamer (Original Mix)" Artist="Spektre" Composer="" Album="Inertia EP" Grouping="" Genre="House/Techno/" Kind="AIFF File" Size="74061298" TotalTime="419" DiscNumber="0" TrackNumber="1" Year="2018" AverageBpm="128.00" DateAdded="2020-05-20" BitRate="1411" SampleRate="44100" Comments="3A - 6" PlayCount="0" Rating="0" Location="file://localhost/Users/zachvp/Music/DJ/Spektre%20-%20The%20Dreamer%20(Original%20Mix).aiff" Remixer="" Tonality="3A" Label="Misfit Music" Mix="">
      <TEMPO Inizio="0.000" Bpm="128.00" Metro="4/4" Battito="1" />
    </TRACK>
    <TRACK TrackID="239153546" Name="Arabest (Original Mix)" Artist="SebastiAn" Composer="" Album="Total" Grouping="" Genre="Lounge/Indie" Kind="AIFF File" Size="34697172" TotalTime="195" DiscNumber="0" TrackNumber="13" Year="2011" AverageBpm="112.98" DateAdded="2020-05-20" BitRate="1411" SampleRate="44100" Comments="5A - 8" PlayCount="1" Rating="0" Location="file://localhost/Users/zachvp/Music/DJ/SebastiAn%20-%20Arabest%20(Original%20Mix).aiff" Remixer="" Tonality="5A" Label="Ed Banger Records / Because Music" Mix="">
      <TEMPO Inizio="0.017" Bpm="112.98" Metro="4/4" Battito="1" />
      <TEMPO Inizio="50.467" Bpm="112.98" Metro="4/4" Battito="4" />
      <TEMPO Inizio="82.861" Bpm="112.98" Metro="4/4" Battito="1" />
      <TEMPO Inizio="115.786" Bpm="112.98" Metro="4/4" Battito="3" />
      <TEMPO Inizio="148.180" Bpm="112.98" Metro="4/4" Battito="4" />
      <TEMPO Inizio="181.105" Bpm="112.98" Metro="4/4" Battito="2" />
      <POSITION_MARK Name="" Type="0" Start="4.254" Num="-1" />
      <POSITION_MARK Name="" Type="0" Start="174.185" Num="-1" />
    </TRACK>
    <TRACK TrackID="237264128" Name="Secret Encounters (Original Mix)" Artist="Guy Gerber" Composer="" Album="Secret Encounters" Grouping="" Genre="House/Deep/Tech/Spacey" Kind="AIFF File" Size="107240626" TotalTime="606" DiscNumber="0" TrackNumber="1" Year="2016" AverageBpm="122.00" DateAdded="2020-05-20" BitRate="1411" SampleRate="44100" Comments="4A - 6" PlayCount="1" Rating="0" Location="file://localhost/Users/zachvp/Music/DJ/Guy%20Gerber%20-%20Secret%20Encounters%20(Original%20Mi.aiff" Remixer="" Tonality="4A" Label="Rumors" Mix="">
      <TEMPO Inizio="0.002" Bpm="122.00" Metro="4/4" Battito="1" />
      <POSITION_MARK Name="" Type="0" Start="31.489" Num="-1" />
    </TRACK>
    <TRACK TrackID="69527624" Name="Full Circle (Original Mix)" Artist="Guy Gerber" Composer="" Album="Secret Encounters" Grouping="" Genre="House/Deep/Tech/" Kind="AIFF File" Size="87947996" TotalTime="497" DiscNumber="0" TrackNumber="2" Year="2016" AverageBpm="124.00" DateAdded="2020-05-20" BitRate="1411" SampleRate="44100" Comments="7A - 6" PlayCount="1" Rating="0" Location="file://localhost/Users/zachvp/Music/DJ/Guy%20Gerber%20-%20Full%20Circle%20(Original%20Mix).aiff" Remixer="" Tonality="7A" Label="Rumors" Mix="">
      <TEMPO Inizio="0.003" Bpm="124.00" Metro="4/4" Battito="1" />
    </TRACK>
    <TRACK TrackID="259420093" Name="Always On My Mind ( Kornél Kovács Remix)" Artist="Serge Devant" Composer="" Album="Always On My Mind" Grouping="" Genre="House/Deep/Melodic" Kind="AIFF File" Size="64347342" TotalTime="364" DiscNumber="0" TrackNumber="3" Year="2016" AverageBpm="123.00" DateAdded="2020-05-20" BitRate="1411" SampleRate="44100" Comments="6A - 5" PlayCount="0" Rating="0" Location="file://localhost/Users/zachvp/Music/DJ/Serge%20Devant%20-%20Always%20On%20My%20Mind%20(Korn%c3%a9l%20Ko.aiff" Remixer="Kornel Kovacs" Tonality="6A" Label="Crosstown Rebels" Mix="">
      <TEMPO Inizio="0.049" Bpm="123.00" Metro="4/4" Battito="1" />
    </TRACK>
    <TRACK TrackID="26847171" Name="Munk" Artist="Skream" Composer="" Album="Compilation" Grouping="" Genre="House/Tech/Progressive" Kind="AIFF File" Size="81994676" TotalTime="464" DiscNumber="0" TrackNumber="91" Year="2016" AverageBpm="121.00" DateAdded="2020-06-11" BitRate="1411" SampleRate="44100" Comments="4A - 6" PlayCount="0" Rating="0" Location="file://localhost/Users/zachvp/Music/DJ/Skream%20-%20Munk.aiff" Remixer="" Tonality="4A" Label="" Mix="">
      <TEMPO Inizio="0.000" Bpm="121.00" Metro="4/4" Battito="1" />
    </TRACK>
    <TRACK TrackID="246253477" Name="Voices From The Sea (Original Mix)" Artist="Marco Faraone" Composer="" Album="Restrictions" Grouping="" Genre="House/Deep/Tech/" Kind="AIFF File" Size="73935442" TotalTime="418" DiscNumber="0" TrackNumber="2" Year="2015" AverageBpm="125.00" DateAdded="2020-06-11" BitRate="1411" SampleRate="44100" Comments="6A - 6" PlayCount="0" Rating="0" Location="file://localhost/Users/zachvp/Music/DJ/6434056_Voices_From_The_Sea_Original_Mix.aiff" Remixer="" Tonality="6A" Label="Be As One" Mix="">
      <TEMPO Inizio="0.009" Bpm="125.00" Metro="4/4" Battito="1" />
      <TEMPO Inizio="27.848" Bpm="125.00" Metro="4/4" Battito="3" />
    </TRACK>
    <TRACK TrackID="139062313" Name="Real Time (Original Mix)" Artist="Jacques Greene" Composer="" Album="Feel Infinite" Grouping="" Genre="House/Tech/Groove" Kind="AIFF File" Size="42458598" TotalTime="240" DiscNumber="0" TrackNumber="7" Year="2017" AverageBpm="121.99" DateAdded="2020-06-11" BitRate="1411" SampleRate="44100" Comments="8A - 6" PlayCount="2" Rating="0" Location="file://localhost/Users/zachvp/Music/DJ/9048349_Real_Time_Original_Mix.aiff" Remixer="" Tonality="8A" Label="LuckyMe." Mix="">
      <TEMPO Inizio="0.092" Bpm="121.99" Metro="4/4" Battito="1" />
    </TRACK>
    <TRACK TrackID="60660676" Name="Think Twice (Original Mix)" Artist="Recondite" Composer="" Album="Think Twice EP" Grouping="" Genre="House/Techno/Downtempo" Kind="AIFF File" Size="69023694" TotalTime="390" DiscNumber="0" TrackNumber="1" Year="2015" AverageBpm="121.00" DateAdded="2020-06-11" BitRate="1411" SampleRate="44100" Comments="6A - 5" PlayCount="0" Rating="0" Location="file://localhost/Users/zachvp/Music/DJ/6516387_Think_Twice_Original_Mix.aiff" Remixer="" Tonality="6A" Label="Life And Death" Mix="">
      <TEMPO Inizio="0.109" Bpm="121.00" Metro="4/4" Battito="1" />
    </TRACK>
    <TRACK TrackID="37365804" Name="Enough to Believe (Eagles &amp; Butterflies Remix)" Artist="Bob Moses" Composer="" Album="Enough to Believe - Remixes" Grouping="" Genre="House/Deep/Melodic" Kind="AIFF File" Size="104893920" TotalTime="594" DiscNumber="0" TrackNumber="2" Year="2019" AverageBpm="117.00" DateAdded="2020-06-11" BitRate="1411" SampleRate="44100" Comments="4A - 6" PlayCount="2" Rating="0" Location="file://localhost/Users/zachvp/Music/DJ/11551847_Enough_to_Believe_Eagles___Butterflies_Remix.aiff" Remixer="Eagles &amp; Butterflies" Tonality="4A" Label="Domino" Mix="">
      <TEMPO Inizio="0.009" Bpm="117.00" Metro="4/4" Battito="1" />
    </TRACK>
    <TRACK TrackID="143037456" Name="Lost Again Ft Symbol (Patrick Chardronnet Remix)" Artist="Atnarko, Noir, Lomez" Composer="" Album="Songs" Grouping="" Genre="House/Deep/Tech/Spacey" Kind="AIFF File" Size="73129856" TotalTime="414" DiscNumber="0" TrackNumber="5" Year="2014" AverageBpm="124.00" DateAdded="2020-06-11" BitRate="1411" SampleRate="44100" Comments="2A - 5" PlayCount="0" Rating="0" Location="file://localhost/Users/zachvp/Music/DJ/6118869_Lost_Again_Ft_Symbol_Patrick_Chardronnet_Remix.aiff" Remixer="Patrick Chardronnet" Tonality="2A" Label="Noir Music" Mix="">
      <TEMPO Inizio="0.026" Bpm="124.00" Metro="4/4" Battito="1" />
    </TRACK>
    <TRACK TrackID="3176370" Name="Origini (Ripperton Remix)" Artist="Zopelar" Composer="" Album="Origini" Grouping="" Genre="House/Deep/Tech/Spacey" Kind="AIFF File" Size="119599826" TotalTime="677" DiscNumber="0" TrackNumber="3" Year="2017" AverageBpm="123.33" DateAdded="2020-06-11" BitRate="1411" SampleRate="44100" Comments="8A - 5" PlayCount="2" Rating="0" Location="file://localhost/Users/zachvp/Music/DJ/9370755_Origini_Ripperton_Remix.aiff" Remixer="Ripperton" Tonality="8A" Label="Endless" Mix="">
      <TEMPO Inizio="0.029" Bpm="123.33" Metro="4/4" Battito="3" />
      <TEMPO Inizio="0.516" Bpm="123.33" Metro="4/4" Battito="4" />
      <POSITION_MARK Name="" Type="0" Start="0.987" Num="-1" />
    </TRACK>
    <TRACK TrackID="58967217" Name="Make Me Fall feat. John Camp &amp; Patricia Edwards  (Navid Izadi Club Dub)" Artist="Wolf + Lamb" Composer="" Album="Make Me Fall" Grouping="" Genre="House/Tech/Groove" Kind="AIFF File" Size="69839396" TotalTime="395" DiscNumber="0" TrackNumber="2" Year="2014" AverageBpm="119.00" DateAdded="2020-06-11" BitRate="1411" SampleRate="44100" Comments="7A - 6" PlayCount="15" Rating="0" Location="file://localhost/Users/zachvp/Music/DJ/5032187_Make_Me_Fall_feat__John_Camp___Patricia_Edwards__Navid_Izadi_Club_Dub.aiff" Remixer="Navid Izadi" Tonality="7A" Label="Wolf + Lamb Records" Mix="">
      <TEMPO Inizio="0.014" Bpm="119.00" Metro="4/4" Battito="1" />
      <POSITION_MARK Name="" Type="0" Start="8.068" Num="-1" />
      <POSITION_MARK Name="" Type="0" Start="258.160" Num="-1" />
      <POSITION_MARK Name="" Type="0" Start="290.442" Num="-1" />
    </TRACK>
    <TRACK TrackID="164407816" Name="Stonedar (T78 Remix)" Artist="Greg Denbosa, T78" Composer="" Album="Pure Techno, Vol. 1" Grouping="" Genre="House/Techno/Sinister" Kind="AIFF File" Size="68588640" TotalTime="387" DiscNumber="0" TrackNumber="7" Year="2018" AverageBpm="129.00" DateAdded="2020-06-11" BitRate="1411" SampleRate="44100" Comments="6A - 6" PlayCount="0" Rating="0" Location="file://localhost/Users/zachvp/Music/DJ/10705907_Stonedar_T78_Remix.aiff" Remixer="T78" Tonality="6A" Label="GR8 AL Music" Mix="">
      <TEMPO Inizio="0.464" Bpm="129.00" Metro="4/4" Battito="1" />
      <TEMPO Inizio="2.325" Bpm="129.00" Metro="4/4" Battito="1" />
      <TEMPO Inizio="216.279" Bpm="129.00" Metro="4/4" Battito="1" />
    </TRACK>
    <TRACK TrackID="185317855" Name="Hyper Martino (Red Axes Remix)" Artist="Michele Mininni" Composer="" Album="Hyper Martino" Grouping="" Genre="House/Tech/Indie/" Kind="AIFF File" Size="79847714" TotalTime="451" DiscNumber="0" TrackNumber="3" Year="2016" AverageBpm="120.00" DateAdded="2020-06-11" BitRate="1411" SampleRate="44100" Comments="1A - 7" PlayCount="4" Rating="0" Location="file://localhost/Users/zachvp/Music/DJ/7762779_Hyper_Martino_Red_Axes_Remix.aiff" Remixer="Red Axes" Tonality="1A" Label="Le Temps Perdu" Mix="">
      <TEMPO Inizio="0.037" Bpm="120.00" Metro="4/4" Battito="1" />
      <TEMPO Inizio="89.536" Bpm="120.00" Metro="4/4" Battito="4" />
      <TEMPO Inizio="90.037" Bpm="120.00" Metro="4/4" Battito="1" />
      <TEMPO Inizio="90.536" Bpm="120.00" Metro="4/4" Battito="2" />
      <TEMPO Inizio="91.037" Bpm="120.00" Metro="4/4" Battito="3" />
      <TEMPO Inizio="91.536" Bpm="120.00" Metro="4/4" Battito="4" />
      <TEMPO Inizio="92.037" Bpm="120.00" Metro="4/4" Battito="1" />
      <TEMPO Inizio="92.536" Bpm="120.00" Metro="4/4" Battito="2" />
      <TEMPO Inizio="93.037" Bpm="120.00" Metro="4/4" Battito="3" />
      <TEMPO Inizio="93.536" Bpm="120.00" Metro="4/4" Battito="4" />
      <TEMPO Inizio="94.037" Bpm="120.00" Metro="4/4" Battito="1" />
      <TEMPO Inizio="94.536" Bpm="120.00" Metro="4/4" Battito="2" />
      <TEMPO Inizio="95.037" Bpm="120.00" Metro="4/4" Battito="3" />
      <TEMPO Inizio="95.536" Bpm="120.00" Metro="4/4" Battito="4" />
      <TEMPO Inizio="96.037" Bpm="120.00" Metro="4/4" Battito="1" />
      <TEMPO Inizio="96.536" Bpm="120.00" Metro="4/4" Battito="2" />
      <TEMPO Inizio="97.037" Bpm="120.00" Metro="4/4" Battito="3" />
      <TEMPO Inizio="97.536" Bpm="120.00" Metro="4/4" Battito="4" />
      <TEMPO Inizio="98.037" Bpm="120.00" Metro="4/4" Battito="1" />
      <TEMPO Inizio="98.536" Bpm="120.00" Metro="4/4" Battito="2" />
      <TEMPO Inizio="99.037" Bpm="120.00" Metro="4/4" Battito="3" />
      <TEMPO Inizio="99.536" Bpm="120.00" Metro="4/4" Battito="4" />
      <TEMPO Inizio="100.037" Bpm="120.00" Metro="4/4" Battito="1" />
      <TEMPO Inizio="100.536" Bpm="120.00" Metro="4/4" Battito="2" />
      <TEMPO Inizio="101.037" Bpm="120.00" Metro="4/4" Battito="3" />
      <TEMPO Inizio="101.536" Bpm="120.00" Metro="4/4" Battito="4" />
      <TEMPO Inizio="102.037" Bpm="120.00" Metro="4/4" Battito="1" />
      <TEMPO Inizio="102.536" Bpm="120.00" Metro="4/4" Battito="2" />
      <TEMPO Inizio="103.037" Bpm="120.00" Metro="4/4" Battito="3" />
      <TEMPO Inizio="103.536" Bpm="120.00" Metro="4/4" Battito="4" />
      <TEMPO Inizio="413.535" Bpm="120.00" Metro="4/4" Battito="4" />
      <TEMPO Inizio="414.036" Bpm="120.00" Metro="4/4" Battito="1" />
      <TEMPO Inizio="414.535" Bpm="120.00" Metro="4/4" Battito="2" />
      <TEMPO Inizio="415.036" Bpm="120.00" Metro="4/4" Battito="3" />
      <TEMPO Inizio="415.535" Bpm="120.00" Metro="4/4" Battito="4" />
      <TEMPO Inizio="416.036" Bpm="120.00" Metro="4/4" Battito="1" />
      <TEMPO Inizio="416.535" Bpm="120.00" Metro="4/4" Battito="2" />
      <TEMPO Inizio="417.036" Bpm="120.00" Metro="4/4" Battito="3" />
      <TEMPO Inizio="417.535" Bpm="120.00" Metro="4/4" Battito="4" />
      <TEMPO Inizio="418.036" Bpm="120.00" Metro="4/4" Battito="1" />
      <TEMPO Inizio="418.535" Bpm="120.00" Metro="4/4" Battito="2" />
      <TEMPO Inizio="419.036" Bpm="120.00" Metro="4/4" Battito="3" />
      <TEMPO Inizio="419.535" Bpm="120.00" Metro="4/4" Battito="4" />
      <TEMPO Inizio="420.036" Bpm="120.00" Metro="4/4" Battito="1" />
      <TEMPO Inizio="420.535" Bpm="120.00" Metro="4/4" Battito="2" />
      <TEMPO Inizio="421.036" Bpm="120.00" Metro="4/4" Battito="3" />
      <TEMPO Inizio="421.535" Bpm="120.00" Metro="4/4" Battito="4" />
      <TEMPO Inizio="422.036" Bpm="120.00" Metro="4/4" Battito="1" />
      <TEMPO Inizio="422.535" Bpm="120.00" Metro="4/4" Battito="2" />
      <TEMPO Inizio="423.036" Bpm="120.00" Metro="4/4" Battito="3" />
      <TEMPO Inizio="423.535" Bpm="120.00" Metro="4/4" Battito="4" />
      <TEMPO Inizio="424.036" Bpm="120.00" Metro="4/4" Battito="1" />
      <TEMPO Inizio="424.535" Bpm="120.00" Metro="4/4" Battito="2" />
      <TEMPO Inizio="425.036" Bpm="120.00" Metro="4/4" Battito="3" />
      <TEMPO Inizio="425.535" Bpm="120.00" Metro="4/4" Battito="4" />
      <TEMPO Inizio="426.036" Bpm="120.00" Metro="4/4" Battito="1" />
      <TEMPO Inizio="426.535" Bpm="120.00" Metro="4/4" Battito="2" />
      <TEMPO Inizio="427.036" Bpm="120.00" Metro="4/4" Battito="3" />
      <TEMPO Inizio="427.535" Bpm="120.00" Metro="4/4" Battito="4" />
      <POSITION_MARK Name="" Type="0" Start="64.038" Num="-1" />
      <POSITION_MARK Name="" Type="0" Start="112.050" Num="-1" />
      <POSITION_MARK Name="" Type="0" Start="160.050" Num="-1" />
      <POSITION_MARK Name="" Type="0" Start="352.025" Num="-1" />
      <POSITION_MARK Name="" Type="0" Start="304.026" Num="-1" />
    </TRACK>
    <TRACK TrackID="191289519" Name="Ritual Of Life (Adam Port 108 Mix)" Artist="Sven Vath" Composer="" Album="Ritual Of Life (Adam Port Remix)" Grouping="" Genre="House/Deep/Melodic" Kind="AIFF File" Size="107565248" TotalTime="607" DiscNumber="0" TrackNumber="1" Year="2015" AverageBpm="123.00" DateAdded="2020-06-11" BitRate="1411" SampleRate="44100" Comments="5A - 6" PlayCount="1" Rating="0" Location="file://localhost/Users/zachvp/Music/DJ/6677929_Ritual_Of_Life_Adam_Port_108_Mix.aiff" Remixer="Adam Port" Tonality="5A" Label="Cocoon Recordings" Mix="">
      <TEMPO Inizio="0.005" Bpm="123.00" Metro="4/4" Battito="1" />
    </TRACK>
    <TRACK TrackID="5137643" Name="Feeling Good (Tiger Stripes Remix)" Artist="BOT, Will Clarke" Composer="" Album="Feeling Good" Grouping="" Genre="House/Tech/" Kind="AIFF File" Size="67948940" TotalTime="384" DiscNumber="0" TrackNumber="2" Year="2019" AverageBpm="126.00" DateAdded="2020-06-11" BitRate="1411" SampleRate="44100" Comments="7A - 5" PlayCount="0" Rating="0" Location="file://localhost/Users/zachvp/Music/DJ/11646418_Feeling_Good_Tiger_Stripes_Remix.aiff" Remixer="Tiger Stripes" Tonality="7A" Label="DIRTYBIRD" Mix="">
      <TEMPO Inizio="0.475" Bpm="126.00" Metro="4/4" Battito="2" />
      <TEMPO Inizio="116.666" Bpm="126.00" Metro="4/4" Battito="2" />
      <TEMPO Inizio="372.857" Bpm="126.00" Metro="4/4" Battito="4" />
    </TRACK>
    <TRACK TrackID="62289533" Name="El Dorado (Dub Mix)" Artist="Andrew McDonnell" Composer="" Album="Pop Those Knickers Off" Grouping="" Genre="House/Deep/Tech/Spacey" Kind="AIFF File" Size="71013218" TotalTime="401" DiscNumber="0" TrackNumber="17" Year="2011" AverageBpm="122.00" DateAdded="2020-06-11" BitRate="1411" SampleRate="44100" Comments="2A - 6" PlayCount="2" Rating="0" Location="file://localhost/Users/zachvp/Music/DJ/1924863_El_Dorado_Dub_Mix.aiff" Remixer="" Tonality="2A" Label="Compiled &amp; Mixed" Mix="">
      <TEMPO Inizio="0.003" Bpm="122.00" Metro="4/4" Battito="4" />
    </TRACK>
    <TRACK TrackID="10252203" Name="Anything About You feat. CAPS (Original Mix)" Artist="Yotto, You Are Me" Composer="" Album="Anything About You (feat. CAPS) [Remixes]" Grouping="" Genre="House/Deep/Melodic" Kind="AIFF File" Size="68562132" TotalTime="387" DiscNumber="0" TrackNumber="4" Year="2018" AverageBpm="120.00" DateAdded="2020-06-11" BitRate="1411" SampleRate="44100" Comments="10A - 7" PlayCount="1" Rating="0" Location="file://localhost/Users/zachvp/Music/DJ/10045021_Anything_About_You_feat__CAPS_Original_Mix.aiff" Remixer="" Tonality="10A" Label="SoSure Music" Mix="">
      <TEMPO Inizio="0.047" Bpm="120.00" Metro="4/4" Battito="1" />
      <TEMPO Inizio="319.046" Bpm="120.00" Metro="4/4" Battito="3" />
      <TEMPO Inizio="319.547" Bpm="120.00" Metro="4/4" Battito="4" />
      <TEMPO Inizio="320.046" Bpm="120.00" Metro="4/4" Battito="1" />
      <TEMPO Inizio="320.547" Bpm="120.00" Metro="4/4" Battito="2" />
      <TEMPO Inizio="321.046" Bpm="120.00" Metro="4/4" Battito="3" />
      <TEMPO Inizio="321.547" Bpm="120.00" Metro="4/4" Battito="4" />
      <TEMPO Inizio="322.046" Bpm="120.00" Metro="4/4" Battito="1" />
      <TEMPO Inizio="322.547" Bpm="120.00" Metro="4/4" Battito="2" />
      <TEMPO Inizio="323.046" Bpm="120.00" Metro="4/4" Battito="3" />
      <TEMPO Inizio="323.547" Bpm="120.00" Metro="4/4" Battito="4" />
      <TEMPO Inizio="324.046" Bpm="120.00" Metro="4/4" Battito="1" />
      <TEMPO Inizio="324.547" Bpm="120.00" Metro="4/4" Battito="2" />
      <TEMPO Inizio="325.046" Bpm="120.00" Metro="4/4" Battito="3" />
      <TEMPO Inizio="325.547" Bpm="120.00" Metro="4/4" Battito="4" />
      <TEMPO Inizio="326.046" Bpm="120.00" Metro="4/4" Battito="1" />
      <TEMPO Inizio="326.547" Bpm="120.00" Metro="4/4" Battito="2" />
      <TEMPO Inizio="327.046" Bpm="120.00" Metro="4/4" Battito="3" />
      <TEMPO Inizio="327.547" Bpm="120.00" Metro="4/4" Battito="4" />
      <TEMPO Inizio="328.046" Bpm="120.00" Metro="4/4" Battito="1" />
      <TEMPO Inizio="328.547" Bpm="120.00" Metro="4/4" Battito="2" />
      <TEMPO Inizio="329.046" Bpm="120.00" Metro="4/4" Battito="3" />
      <TEMPO Inizio="329.547" Bpm="120.00" Metro="4/4" Battito="4" />
      <TEMPO Inizio="330.046" Bpm="120.00" Metro="4/4" Battito="1" />
      <TEMPO Inizio="330.547" Bpm="120.00" Metro="4/4" Battito="2" />
      <TEMPO Inizio="331.046" Bpm="120.00" Metro="4/4" Battito="3" />
      <TEMPO Inizio="331.547" Bpm="120.00" Metro="4/4" Battito="4" />
      <TEMPO Inizio="332.046" Bpm="120.00" Metro="4/4" Battito="1" />
      <TEMPO Inizio="332.547" Bpm="120.00" Metro="4/4" Battito="2" />
      <TEMPO Inizio="333.046" Bpm="120.00" Metro="4/4" Battito="3" />
    </TRACK>
    <TRACK TrackID="206384931" Name="Descendant (Original Mix)" Artist="Dani Sbert" Composer="" Album="Descendant" Grouping="" Genre="House/Techno/Sinister" Kind="AIFF File" Size="76670646" TotalTime="433" DiscNumber="0" TrackNumber="1" Year="2015" AverageBpm="125.00" DateAdded="2020-06-11" BitRate="1411" SampleRate="44100" Comments="10A - 5" PlayCount="4" Rating="0" Location="file://localhost/Users/zachvp/Music/DJ/7179103_Descendant_Original_Mix.aiff" Remixer="" Tonality="10A" Label="Funk'n Deep Records" Mix="">
      <TEMPO Inizio="0.001" Bpm="125.00" Metro="4/4" Battito="1" />
    </TRACK>
    <TRACK TrackID="18079186" Name="We Will Return (Francesca Lombardo Remix)" Artist="Damian Lazarus, Damian Lazarus &amp; The Ancient Moons" Composer="" Album="Remixes From The Other Side (Part II)" Grouping="" Genre="House/Deep/Tech/" Kind="AIFF File" Size="73798954" TotalTime="417" DiscNumber="0" TrackNumber="5" Year="2016" AverageBpm="123.00" DateAdded="2020-06-11" BitRate="1411" SampleRate="44100" Comments="1A - 5" PlayCount="4" Rating="0" Location="file://localhost/Users/zachvp/Music/DJ/7820999_We_Will_Return_Francesca_Lombardo_Remix.aiff" Remixer="Francesca Lombardo" Tonality="1A" Label="Crosstown Rebels" Mix="">
      <TEMPO Inizio="0.006" Bpm="123.00" Metro="4/4" Battito="1" />
    </TRACK>
    <TRACK TrackID="235303304" Name="Doa (Original Mix)" Artist="Dusty Kid" Composer="" Album="The Arsonist" Grouping="" Genre="House/Deep/Melodic" Kind="AIFF File" Size="84471934" TotalTime="478" DiscNumber="0" TrackNumber="1" Year="2015" AverageBpm="122.00" DateAdded="2020-06-11" BitRate="1411" SampleRate="44100" Comments="9A - 7" PlayCount="2" Rating="0" Location="file://localhost/Users/zachvp/Music/DJ/6878229_Doa_Original_Mix.aiff" Remixer="" Tonality="9A" Label="ISOLADE" Mix="">
      <TEMPO Inizio="0.007" Bpm="122.00" Metro="4/4" Battito="1" />
      <TEMPO Inizio="179.017" Bpm="122.00" Metro="4/4" Battito="3" />
      <TEMPO Inizio="364.924" Bpm="122.00" Metro="4/4" Battito="3" />
      <POSITION_MARK Name="" Type="0" Start="120.013" Num="-1" />
      <POSITION_MARK Name="" Type="0" Start="31.479" Num="-1" />
      <POSITION_MARK Name="" Type="0" Start="78.690" Num="-1" />
      <POSITION_MARK Name="" Type="0" Start="70.822" Num="-1" />
      <POSITION_MARK Name="" Type="0" Start="284.264" Num="-1" />
      <POSITION_MARK Name="" Type="0" Start="329.518" Num="-1" />
      <POSITION_MARK Name="" Type="0" Start="365.905" Num="-1" />
      <POSITION_MARK Name="" Type="4" Start="319.676" End="323.611" Num="-1" />
    </TRACK>
    <TRACK TrackID="183796240" Name="Opus 1 (Original Mix)" Artist="Guti, King Brain" Composer="" Album="Opus 1 &amp; 2" Grouping="" Genre="House/Deep/Tech/Spacey" Kind="AIFF File" Size="83357032" TotalTime="472" DiscNumber="0" TrackNumber="1" Year="2014" AverageBpm="124.00" DateAdded="2020-06-11" BitRate="1411" SampleRate="44100" Comments="8A - 5" PlayCount="5" Rating="0" Location="file://localhost/Users/zachvp/Music/DJ/5609151_Opus_1_Original_Mix.aiff" Remixer="" Tonality="8A" Label="DFTD" Mix="">
      <TEMPO Inizio="0.033" Bpm="124.00" Metro="4/4" Battito="1" />
    </TRACK>
    <TRACK TrackID="241007032" Name="Ocean Drive (Original Mix)" Artist="Bart Skils" Composer="" Album="Bells of the Revolution" Grouping="" Genre="House/Techno/Downtempo" Kind="AIFF File" Size="75755760" TotalTime="429" DiscNumber="0" TrackNumber="2" Year="2018" AverageBpm="126.00" DateAdded="2020-06-11" BitRate="1411" SampleRate="44100" Comments="12A - 5" PlayCount="1" Rating="0" Location="file://localhost/Users/zachvp/Music/DJ/10166985_Ocean_Drive_Original_Mix.aiff" Remixer="" Tonality="12A" Label="Drumcode" Mix="">
      <TEMPO Inizio="0.118" Bpm="126.00" Metro="4/4" Battito="4" />
    </TRACK>
    <TRACK TrackID="1652340" Name="Snake Eyes (Original Mix)" Artist="Kalyde" Composer="" Album="Urban Artistic Music Issue 20" Grouping="" Genre="House/Tech/Groove" Kind="AIFF File" Size="77005054" TotalTime="435" DiscNumber="0" TrackNumber="9" Year="2019" AverageBpm="125.00" DateAdded="2020-06-28" BitRate="1411" SampleRate="44100" Comments="9A - 6" PlayCount="0" Rating="0" Location="file://localhost/Users/zachvp/Music/DJ/Kalyde%20-%20Snake%20Eyes%20(Original%20Mix).aiff" Remixer="" Tonality="9A" Label="Variety Music" Mix="">
      <TEMPO Inizio="0.116" Bpm="125.00" Metro="4/4" Battito="1" />
    </TRACK>
    <TRACK TrackID="246886085" Name="Son Of Raw (Loco Dice Brooklyn Roll)" Artist="Son Of Raw" Composer="" Album="Objektivity Volume 1" Grouping="" Genre="House/Deep/Tech/" Kind="AIFF File" Size="61865250" TotalTime="350" DiscNumber="0" TrackNumber="15" Year="2008" AverageBpm="127.00" DateAdded="2020-09-22" BitRate="1411" SampleRate="44100" Comments="3A - 4" PlayCount="0" Rating="0" Location="file://localhost/Users/zachvp/Music/DJ/672617_Son_Of_Raw_(Loco_Dice_Brooklyn_Roll).aiff" Remixer="Loco Dice" Tonality="3A" Label="Objektivity" Mix="">
      <TEMPO Inizio="0.137" Bpm="127.00" Metro="4/4" Battito="1" />
      <TEMPO Inizio="203.758" Bpm="127.00" Metro="4/4" Battito="4" />
    </TRACK>
    <TRACK TrackID="953580" Name="My Rendition (TMB Bonus Beats)" Artist="The Martinez Brothers" Composer="" Album="Objektivity Volume 1" Grouping="" Genre="zzz" Kind="AIFF File" Size="38514922" TotalTime="218" DiscNumber="0" TrackNumber="14" Year="2008" AverageBpm="127.00" DateAdded="2020-09-22" BitRate="1411" SampleRate="44100" Comments="1A - 5" PlayCount="0" Rating="0" Location="file://localhost/Users/zachvp/Music/DJ/672616_My_Rendition_(TMB_Bonus_Beats).aiff" Remixer="" Tonality="1A" Label="Objektivity" Mix="">
      <TEMPO Inizio="0.023" Bpm="127.00" Metro="4/4" Battito="1" />
      <TEMPO Inizio="0.496" Bpm="127.00" Metro="4/4" Battito="2" />
      <TEMPO Inizio="208.369" Bpm="127.00" Metro="4/4" Battito="2" />
    </TRACK>
    <TRACK TrackID="48750536" Name="I Can't Go Under feat. Malena Perez (Original Mix)" Artist="Dennis Ferrer" Composer="" Album="Objektivity Volume 1" Grouping="" Genre="House/Deep/Tech/" Kind="AIFF File" Size="62504908" TotalTime="354" DiscNumber="0" TrackNumber="5" Year="2008" AverageBpm="126.00" DateAdded="2020-09-22" BitRate="1411" SampleRate="44100" Comments="1A - 5" PlayCount="5" Rating="0" Location="file://localhost/Users/zachvp/Music/DJ/672607_I_Can%27t_Go_Under_feat._Malena_Perez_(Original_Mix).aiff" Remixer="" Tonality="1A" Label="Objektivity" Mix="">
      <TEMPO Inizio="0.475" Bpm="126.00" Metro="4/4" Battito="2" />
      <TEMPO Inizio="136.666" Bpm="126.00" Metro="4/4" Battito="4" />
      <TEMPO Inizio="302.857" Bpm="126.00" Metro="4/4" Battito="1" />
      <POSITION_MARK Name="" Type="0" Start="0.000" Num="-1" />
      <POSITION_MARK Name="" Type="0" Start="228.561" Num="-1" />
      <POSITION_MARK Name="" Type="0" Start="266.668" Num="-1" />
    </TRACK>
    <TRACK TrackID="210873823" Name="Headphone Silence (Henrik Schwarz Remix/Dixon Edit/Ame Approved)" Artist="Ane Brun" Composer="" Album="Objektivity Volume 1" Grouping="" Genre="House/Deep/Tech/Jazzy" Kind="AIFF File" Size="98696268" TotalTime="559" DiscNumber="0" TrackNumber="7" Year="2008" AverageBpm="124.00" DateAdded="2020-09-22" BitRate="1411" SampleRate="44100" Comments="6A - 6" PlayCount="0" Rating="0" Location="file://localhost/Users/zachvp/Music/DJ/672609_Headphone_Silence_(Henrik_Schwarz_Remix_Dixon_Edit_Ame_Approved).aiff" Remixer="Ã‚me, Henrik Schwarz" Tonality="6A" Label="Objektivity" Mix="">
      <TEMPO Inizio="0.002" Bpm="124.00" Metro="4/4" Battito="1" />
    </TRACK>
    <TRACK TrackID="49371826" Name="noiZ feat. Rasu (Abicah Soul lnstrumental Mix)" Artist="UPZ" Composer="" Album="Objektivity Volume 1" Grouping="" Genre="House/Deep/Tech/Jazzy" Kind="AIFF File" Size="77740500" TotalTime="440" DiscNumber="0" TrackNumber="9" Year="2008" AverageBpm="122.00" DateAdded="2020-09-22" BitRate="1411" SampleRate="44100" Comments="8A - 6" PlayCount="1" Rating="0" Location="file://localhost/Users/zachvp/Music/DJ/672611_noiZ_feat._Rasu_(Abicah_Soul_lnstrumental_Mix).aiff" Remixer="Abicah Soul" Tonality="8A" Label="Objektivity" Mix="">
      <TEMPO Inizio="0.246" Bpm="122.00" Metro="4/4" Battito="1" />
    </TRACK>
    <TRACK TrackID="267333941" Name="Buzz Beats feat. Malena Perez (Original Mix)" Artist="Dennis Ferrer, Karizma" Composer="" Album="Objektivity Volume 1" Grouping="" Genre="zzz" Kind="AIFF File" Size="68549992" TotalTime="388" DiscNumber="0" TrackNumber="12" Year="2008" AverageBpm="126.00" DateAdded="2020-09-22" BitRate="1411" SampleRate="44100" Comments="5A - 5" PlayCount="1" Rating="0" Location="file://localhost/Users/zachvp/Music/DJ/672614_Buzz_Beats_feat._Malena_Perez_(Original_Mix).aiff" Remixer="" Tonality="5A" Label="Objektivity" Mix="">
      <TEMPO Inizio="0.004" Bpm="126.00" Metro="4/4" Battito="1" />
      <TEMPO Inizio="0.481" Bpm="126.00" Metro="4/4" Battito="2" />
    </TRACK>
    <TRACK TrackID="204096299" Name="Astral (Shelter Main Mix)" Artist="Quentin Harris, Timmy Regisford" Composer="" Album="Objektivity Volume 1" Grouping="" Genre="House/Tech/Progressive" Kind="AIFF File" Size="77581742" TotalTime="439" DiscNumber="0" TrackNumber="13" Year="2008" AverageBpm="125.00" DateAdded="2020-09-22" BitRate="1411" SampleRate="44100" Comments="3A - 5" PlayCount="0" Rating="0" Location="file://localhost/Users/zachvp/Music/DJ/672615_Astral_(Shelter_Main_Mix).aiff" Remixer="" Tonality="3A" Label="Objektivity" Mix="">
      <TEMPO Inizio="0.002" Bpm="125.00" Metro="4/4" Battito="1" />
    </TRACK>
    <TRACK TrackID="65241440" Name="The Cube (Original Mix)" Artist="Dennis Ferrer, Karizma" Composer="" Album="Objektivity Volume 1" Grouping="" Genre="House/Deep/Tech/Spacey" Kind="AIFF File" Size="66683130" TotalTime="377" DiscNumber="0" TrackNumber="11" Year="2008" AverageBpm="126.00" DateAdded="2020-09-22" BitRate="1411" SampleRate="44100" Comments="1A - 5" PlayCount="12" Rating="0" Location="file://localhost/Users/zachvp/Music/DJ/672613_The_Cube_(Original_Mix).aiff" Remixer="" Tonality="1A" Label="Objektivity" Mix="">
      <TEMPO Inizio="0.051" Bpm="126.00" Metro="4/4" Battito="4" />
      <POSITION_MARK Name="" Type="0" Start="0.524" Num="-1" />
      <POSITION_MARK Name="" Type="0" Start="145.291" Num="-1" />
      <POSITION_MARK Name="" Type="0" Start="284.339" Num="-1" />
    </TRACK>
    <TRACK TrackID="197896691" Name="History featuring Will Young (Grum Remix)" Artist="Groove Armada" Composer="" Album="Sounds Of Om 2011" Grouping="" Genre="House/Tech/Indie/Retro" Kind="AIFF File" Size="60560988" TotalTime="342" DiscNumber="0" TrackNumber="2" Year="2011" AverageBpm="126.00" DateAdded="2020-09-22" BitRate="1411" SampleRate="44100" Comments="8A - 7" PlayCount="0" Rating="0" Location="file://localhost/Users/zachvp/Music/DJ/1696403_History_featuring_Will_Young_(Grum_Remix).aiff" Remixer="" Tonality="8A" Label="OM Records" Mix="">
      <TEMPO Inizio="0.008" Bpm="126.00" Metro="4/4" Battito="1" />
    </TRACK>
    <TRACK TrackID="82825544" Name="Orion (Original Mix)" Artist="Victor Ruiz, K.A.L.I.L." Composer="" Album="Orion/Speed" Grouping="" Genre="House/Techno/Downtempo" Kind="AIFF File" Size="77505786" TotalTime="438" DiscNumber="0" TrackNumber="1" Year="2015" AverageBpm="127.00" DateAdded="2020-09-22" BitRate="1411" SampleRate="44100" Comments="10A - 7" PlayCount="2" Rating="0" Location="file://localhost/Users/zachvp/Music/DJ/6765630_Orion_(Original_Mix).aiff" Remixer="" Tonality="10A" Label="Electric Ballroom" Mix="">
      <TEMPO Inizio="0.008" Bpm="127.00" Metro="4/4" Battito="1" />
      <TEMPO Inizio="0.481" Bpm="127.00" Metro="4/4" Battito="2" />
      <TEMPO Inizio="188.039" Bpm="127.00" Metro="4/4" Battito="3" />
    </TRACK>
    <TRACK TrackID="244797504" Name="Iso II (Original Mix)" Artist="Alpha Particle Assembly" Composer="" Album="Iso II" Grouping="" Genre="House/Techno/" Kind="AIFF File" Size="67299980" TotalTime="380" DiscNumber="0" TrackNumber="1" Year="2018" AverageBpm="126.00" DateAdded="2020-09-22" BitRate="1411" SampleRate="44100" Comments="2A - 6" PlayCount="0" Rating="0" Location="file://localhost/Users/zachvp/Music/DJ/10423601_Iso_II_(Original_Mix).aiff" Remixer="" Tonality="2A" Label="Consumed Music" Mix="">
      <TEMPO Inizio="0.006" Bpm="126.00" Metro="4/4" Battito="1" />
      <TEMPO Inizio="6.197" Bpm="126.00" Metro="4/4" Battito="2" />
    </TRACK>
    <TRACK TrackID="90058236" Name="Koko's Vibration (Extended Mix)" Artist="Sarabi" Composer="" Album="Highlife World Series: Kenya" Grouping="" Genre="House/Tech/Organic" Kind="AIFF File" Size="69580660" TotalTime="393" DiscNumber="0" TrackNumber="3" Year="2015" AverageBpm="125.00" DateAdded="2020-09-22" BitRate="1411" SampleRate="44100" Comments="5A - 6" PlayCount="2" Rating="0" Location="file://localhost/Users/zachvp/Music/DJ/6850822_Koko%27s_Vibration_(Extended_Mix).aiff" Remixer="" Tonality="5A" Label="Highlife" Mix="">
      <TEMPO Inizio="0.006" Bpm="125.00" Metro="4/4" Battito="1" />
      <TEMPO Inizio="247.205" Bpm="125.00" Metro="4/4" Battito="4" />
      <POSITION_MARK Name="" Type="0" Start="23.049" Num="-1" />
      <POSITION_MARK Name="" Type="0" Start="245.781" Num="-1" />
      <POSITION_MARK Name="" Type="0" Start="299.529" Num="-1" />
      <POSITION_MARK Name="" Type="0" Start="330.234" Num="-1" />
      <POSITION_MARK Name="" Type="0" Start="345.610" Num="-1" />
    </TRACK>
    <TRACK TrackID="19988061" Name="History (Original Mix)" Artist="Groove Armada" Composer="" Album="White Light" Grouping="" Genre="House/Tech/Indie/" Kind="AIFF File" Size="59613364" TotalTime="336" DiscNumber="0" TrackNumber="3" Year="2010" AverageBpm="114.04" DateAdded="2020-09-22" BitRate="1411" SampleRate="44100" Comments="8A - 7" PlayCount="0" Rating="0" Location="file://localhost/Users/zachvp/Music/DJ/1457782_History_(Original_Mix).aiff" Remixer="" Tonality="8A" Label="OM Records" Mix="">
      <TEMPO Inizio="0.265" Bpm="114.03" Metro="4/4" Battito="1" />
      <TEMPO Inizio="30.256" Bpm="114.03" Metro="4/4" Battito="2" />
      <TEMPO Inizio="57.616" Bpm="114.03" Metro="4/4" Battito="2" />
      <TEMPO Inizio="84.976" Bpm="114.03" Metro="4/4" Battito="2" />
      <TEMPO Inizio="112.336" Bpm="114.03" Metro="4/4" Battito="2" />
      <TEMPO Inizio="139.170" Bpm="114.03" Metro="4/4" Battito="1" />
      <TEMPO Inizio="163.373" Bpm="114.03" Metro="4/4" Battito="3" />
      <TEMPO Inizio="190.733" Bpm="114.03" Metro="4/4" Battito="3" />
      <TEMPO Inizio="218.093" Bpm="114.03" Metro="4/4" Battito="3" />
      <TEMPO Inizio="244.927" Bpm="114.03" Metro="4/4" Battito="2" />
      <TEMPO Inizio="269.130" Bpm="114.03" Metro="4/4" Battito="4" />
      <TEMPO Inizio="296.490" Bpm="114.03" Metro="4/4" Battito="4" />
      <TEMPO Inizio="323.850" Bpm="114.03" Metro="4/4" Battito="4" />
    </TRACK>
    <TRACK TrackID="241320807" Name="Groove Me (Original Mix)" Artist="8Kays" Composer="" Album="8Kays: The Best Of" Grouping="" Genre="House/Tech/Indie/Progressive" Kind="AIFF File" Size="65671200" TotalTime="371" DiscNumber="0" TrackNumber="11" Year="2018" AverageBpm="124.00" DateAdded="2020-09-22" BitRate="1411" SampleRate="44100" Comments="8A - 7" PlayCount="0" Rating="0" Location="file://localhost/Users/zachvp/Music/DJ/10156865_Groove_Me_(Original_Mix).aiff" Remixer="" Tonality="8A" Label="Intricate Records" Mix="">
      <TEMPO Inizio="0.001" Bpm="124.00" Metro="4/4" Battito="1" />
    </TRACK>
    <TRACK TrackID="153807249" Name="Cosmic Frequencies (Original Mix)" Artist="Agents Of Time" Composer="" Album="Ordinary Cosmic Dance EP" Grouping="" Genre="House/Techno/Downtempo" Kind="AIFF File" Size="71621586" TotalTime="405" DiscNumber="0" TrackNumber="2" Year="2018" AverageBpm="127.00" DateAdded="2020-09-22" BitRate="1411" SampleRate="44100" Comments="5A - 6" PlayCount="0" Rating="0" Location="file://localhost/Users/zachvp/Music/DJ/10511145_Cosmic_Frequencies_(Original_Mix).aiff" Remixer="" Tonality="5A" Label="Obscura Music" Mix="">
      <TEMPO Inizio="0.015" Bpm="127.00" Metro="4/4" Battito="1" />
      <TEMPO Inizio="0.488" Bpm="127.00" Metro="4/4" Battito="2" />
      <TEMPO Inizio="328.361" Bpm="127.00" Metro="4/4" Battito="4" />
    </TRACK>
    <TRACK TrackID="237780910" Name="Love Can Damage Your Health (Abicah Soul / Dennis Ferrer Mix)" Artist="Telepopmusik" Composer="" Album="Objektivity Volume 1" Grouping="" Genre="House/Deep/Tech/Jazzy" Kind="AIFF File" Size="88221130" TotalTime="500" DiscNumber="0" TrackNumber="3" Year="2008" AverageBpm="123.00" DateAdded="2020-09-22" BitRate="1411" SampleRate="44100" Comments="5A - 5" PlayCount="4" Rating="0" Location="file://localhost/Users/zachvp/Music/DJ/672605_Love_Can_Damage_Your_Health_(Abicah_Soul___Dennis_Ferrer_Mix).aiff" Remixer="Dennis Ferrer, Abicah Soul" Tonality="5A" Label="Objektivity" Mix="">
      <TEMPO Inizio="0.179" Bpm="123.00" Metro="4/4" Battito="1" />
    </TRACK>
    <TRACK TrackID="71004673" Name="Astral (Shelter Dub)" Artist="Quentin Harris, Timmy Regisford" Composer="" Album="Objektivity Volume 1" Grouping="" Genre="House/Deep/Tech/" Kind="AIFF File" Size="67743596" TotalTime="383" DiscNumber="0" TrackNumber="10" Year="2008" AverageBpm="125.00" DateAdded="2020-09-22" BitRate="1411" SampleRate="44100" Comments="3A - 5" PlayCount="1" Rating="0" Location="file://localhost/Users/zachvp/Music/DJ/672612_Astral_(Shelter_Dub).aiff" Remixer="" Tonality="3A" Label="Objektivity" Mix="">
      <TEMPO Inizio="0.002" Bpm="125.00" Metro="4/4" Battito="1" />
    </TRACK>
    <TRACK TrackID="225715331" Name="Still Night (Original Mix)" Artist="Pretty Lights" Composer="" Album="Glowing In The Darkest Night" Grouping="" Genre="Lounge/Indie" Kind="AIFF File" Size="58498510" TotalTime="331" DiscNumber="0" TrackNumber="1" Year="2010" AverageBpm="98.00" DateAdded="2020-09-22" BitRate="1411" SampleRate="44100" Comments="6A - 6" PlayCount="2" Rating="0" Location="file://localhost/Users/zachvp/Music/DJ/1575864_Still_Night_Original_Mix.aiff" Remixer="" Tonality="6A" Label="Pretty Lights Music" Mix="">
      <TEMPO Inizio="0.095" Bpm="98.00" Metro="4/4" Battito="1" />
      <TEMPO Inizio="0.708" Bpm="98.00" Metro="4/4" Battito="2" />
      <TEMPO Inizio="219.280" Bpm="98.00" Metro="4/4" Battito="3" />
    </TRACK>
    <TRACK TrackID="145370647" Name="Headphone Silence (Henrik Schwarz Remix/DF Noizy Edit)" Artist="Ane Brun" Composer="" Album="Objektivity Volume 1" Grouping="" Genre="House/Deep/Tech/Jazzy" Kind="AIFF File" Size="88147210" TotalTime="499" DiscNumber="0" TrackNumber="1" Year="2008" AverageBpm="126.00" DateAdded="2020-09-22" BitRate="1411" SampleRate="44100" Comments="6A - 6" PlayCount="1" Rating="0" Location="file://localhost/Users/zachvp/Music/DJ/672603_Headphone_Silence_(Henrik_Schwarz_Remix_DF_Noizy_Edit).aiff" Remixer="Henrik Schwarz" Tonality="6A" Label="Objektivity" Mix="">
      <TEMPO Inizio="0.240" Bpm="126.00" Metro="4/4" Battito="1" />
      <TEMPO Inizio="345.477" Bpm="126.00" Metro="4/4" Battito="2" />
    </TRACK>
    <TRACK TrackID="178354251" Name="Son Of Raw (Loco Dice Remix)" Artist="Dennis Ferrer" Composer="" Album="Objektivity Volume 1" Grouping="" Genre="House/Deep/Tech/" Kind="AIFF File" Size="111555610" TotalTime="632" DiscNumber="0" TrackNumber="8" Year="2008" AverageBpm="127.00" DateAdded="2020-09-22" BitRate="1411" SampleRate="44100" Comments="3A - 5" PlayCount="5" Rating="0" Location="file://localhost/Users/zachvp/Music/DJ/672610_Son_Of_Raw_(Loco_Dice_Remix).aiff" Remixer="Loco Dice" Tonality="3A" Label="Objektivity" Mix="">
      <TEMPO Inizio="0.025" Bpm="127.00" Metro="4/4" Battito="4" />
      <TEMPO Inizio="0.498" Bpm="127.00" Metro="4/4" Battito="1" />
      <TEMPO Inizio="504.119" Bpm="127.00" Metro="4/4" Battito="3" />
    </TRACK>
    <TRACK TrackID="79425778" Name="A Black Man In Space (Original Mix)" Artist="Son Of Raw" Composer="" Album="Objektivity Volume 1" Grouping="" Genre="House/Deep/Tech/Spacey" Kind="AIFF File" Size="68636658" TotalTime="389" DiscNumber="0" TrackNumber="6" Year="2008" AverageBpm="126.00" DateAdded="2020-09-22" BitRate="1411" SampleRate="44100" Comments="4A - 5" PlayCount="0" Rating="0" Location="file://localhost/Users/zachvp/Music/DJ/672608_A_Black_Man_In_Space_(Original_Mix).aiff" Remixer="" Tonality="4A" Label="Objektivity" Mix="">
      <TEMPO Inizio="0.000" Bpm="126.00" Metro="4/4" Battito="4" />
      <TEMPO Inizio="0.477" Bpm="126.00" Metro="4/4" Battito="1" />
      <TEMPO Inizio="158.095" Bpm="126.00" Metro="4/4" Battito="4" />
      <TEMPO Inizio="333.332" Bpm="126.00" Metro="4/4" Battito="4" />
    </TRACK>
    <TRACK TrackID="259693620" Name="Sequences (Original Mix)" Artist="Agents Of Time" Composer="" Album="From Sound To Silence" Grouping="" Genre="House/Techno/Downtempo" Kind="AIFF File" Size="73462978" TotalTime="416" DiscNumber="0" TrackNumber="1" Year="2017" AverageBpm="124.56" DateAdded="2020-09-22" BitRate="1411" SampleRate="44100" Comments="11A - 5" PlayCount="0" Rating="0" Location="file://localhost/Users/zachvp/Music/DJ/9753014_Sequences_(Original_Mix).aiff" Remixer="" Tonality="11A" Label="Obscura Music" Mix="">
      <TEMPO Inizio="0.020" Bpm="124.56" Metro="4/4" Battito="1" />
    </TRACK>
    <TRACK TrackID="208703608" Name="Call Me Wrong (Original Mix)" Artist="Francesca Lombardo" Composer="" Album="Life of Leaf LP" Grouping="" Genre="House/Deep/Tech/Jazzy" Kind="AIFF File" Size="67593470" TotalTime="382" DiscNumber="0" TrackNumber="10" Year="2019" AverageBpm="123.00" DateAdded="2020-09-22" BitRate="1411" SampleRate="44100" Comments="8A - 6" PlayCount="2" Rating="0" Location="file://localhost/Users/zachvp/Music/DJ/11512090_Call_Me_Wrong_(Original_Mix).aiff" Remixer="" Tonality="8A" Label="Cooltempo" Mix="">
      <TEMPO Inizio="0.002" Bpm="123.00" Metro="4/4" Battito="1" />
    </TRACK>
    <TRACK TrackID="218858956" Name="My Rendition (TMB Main Mix)" Artist="The Martinez Brothers" Composer="" Album="Objektivity Volume 1" Grouping="" Genre="House/Deep/Tech/" Kind="AIFF File" Size="73572454" TotalTime="417" DiscNumber="0" TrackNumber="4" Year="2008" AverageBpm="127.00" DateAdded="2020-09-22" BitRate="1411" SampleRate="44100" Comments="6A - 6" PlayCount="1" Rating="0" Location="file://localhost/Users/zachvp/Music/DJ/672606_My_Rendition_(TMB_Main_Mix).aiff" Remixer="" Tonality="6A" Label="Objektivity" Mix="">
      <TEMPO Inizio="0.400" Bpm="127.00" Metro="4/4" Battito="1" />
      <TEMPO Inizio="0.873" Bpm="127.00" Metro="4/4" Battito="2" />
      <TEMPO Inizio="281.031" Bpm="127.00" Metro="4/4" Battito="3" />
    </TRACK>
    <TRACK TrackID="60219009" Name="Mmmm (Original Mix)" Artist="The Reaver" Composer="" Album="Retrospective" Grouping="" Genre="House/Tech/Groove" Kind="AIFF File" Size="63769060" TotalTime="360" DiscNumber="0" TrackNumber="18" Year="2013" AverageBpm="127.00" DateAdded="2020-09-22" BitRate="1411" SampleRate="44100" Comments="12A - 6" PlayCount="3" Rating="0" Location="file://localhost/Users/zachvp/Music/DJ/4438089_Mmmm_(Original_Mix).aiff" Remixer="" Tonality="12A" Label="Rekids" Mix="">
      <TEMPO Inizio="0.115" Bpm="127.00" Metro="4/4" Battito="1" />
      <TEMPO Inizio="0.588" Bpm="127.00" Metro="4/4" Battito="2" />
      <TEMPO Inizio="27.516" Bpm="127.00" Metro="4/4" Battito="3" />
      <TEMPO Inizio="71.452" Bpm="127.00" Metro="4/4" Battito="4" />
      <TEMPO Inizio="115.388" Bpm="127.00" Metro="4/4" Battito="1" />
      <TEMPO Inizio="158.379" Bpm="127.00" Metro="4/4" Battito="4" />
      <TEMPO Inizio="202.315" Bpm="127.00" Metro="4/4" Battito="1" />
      <TEMPO Inizio="241.999" Bpm="127.00" Metro="4/4" Battito="1" />
      <TEMPO Inizio="285.935" Bpm="127.00" Metro="4/4" Battito="2" />
      <TEMPO Inizio="328.926" Bpm="127.00" Metro="4/4" Battito="1" />
    </TRACK>
    <TRACK TrackID="103948698" Name="A Black Man In Space (Sax Mix)" Artist="Son Of Raw" Composer="" Album="Objektivity Volume 1" Grouping="" Genre="House/Deep/Tech/Jazzy" Kind="AIFF File" Size="78715840" TotalTime="446" DiscNumber="0" TrackNumber="2" Year="2008" AverageBpm="126.00" DateAdded="2020-09-22" BitRate="1411" SampleRate="44100" Comments="4A - 6" PlayCount="1" Rating="0" Location="file://localhost/Users/zachvp/Music/DJ/672604_A_Black_Man_In_Space_(Sax_Mix).aiff" Remixer="" Tonality="4A" Label="Objektivity" Mix="">
      <TEMPO Inizio="0.001" Bpm="126.00" Metro="4/4" Battito="4" />
      <TEMPO Inizio="207.619" Bpm="126.00" Metro="4/4" Battito="4" />
      <TEMPO Inizio="445.237" Bpm="126.00" Metro="4/4" Battito="3" />
      <POSITION_MARK Name="" Type="0" Start="30.953" Num="-1" />
      <POSITION_MARK Name="" Type="0" Start="53.811" Num="-1" />
      <POSITION_MARK Name="" Type="0" Start="84.287" Num="-1" />
      <POSITION_MARK Name="" Type="0" Start="130.004" Num="-1" />
      <POSITION_MARK Name="" Type="0" Start="284.278" Num="-1" />
      <POSITION_MARK Name="" Type="0" Start="299.522" Num="-1" />
      <POSITION_MARK Name="" Type="0" Start="347.132" Num="-1" />
    </TRACK>
    <TRACK TrackID="161687560" Name="Let's Go Dancing (Maya Jane Coles Dancing in the Deep Remix)" Artist="Tiga, Audion" Composer="" Album="Turbo #BeatportDecade Deep House" Grouping="" Genre="House/Deep/Tech/" Kind="AIFF File" Size="66838342" TotalTime="378" DiscNumber="0" TrackNumber="4" Year="2014" AverageBpm="123.00" DateAdded="2020-09-22" BitRate="1411" SampleRate="44100" Comments="12A - 6" PlayCount="1" Rating="0" Location="file://localhost/Users/zachvp/Music/DJ/5795386_Let%27s_Go_Dancing_(Maya_Jane_Coles_Dancing_in_the_Deep_Remix).aiff" Remixer="Maya Jane Coles" Tonality="12A" Label="Turbo Recordings" Mix="">
      <TEMPO Inizio="0.115" Bpm="123.00" Metro="4/4" Battito="1" />
    </TRACK>
    <TRACK TrackID="234874863" Name="Inside World (Detone Mix)" Artist="WhoMadeWho" Composer="" Album="Inside World Remixes" Grouping="" Genre="House/Deep/Melodic" Kind="AIFF File" Size="66429882" TotalTime="376" DiscNumber="0" TrackNumber="3" Year="2012" AverageBpm="124.00" DateAdded="2020-09-22" BitRate="1411" SampleRate="44100" Comments="9A - 7" PlayCount="0" Rating="0" Location="file://localhost/Users/zachvp/Music/DJ/3234739_Inside_World_(Detone_Mix).aiff" Remixer="Detone" Tonality="9A" Label="Kompakt" Mix="">
      <TEMPO Inizio="0.031" Bpm="124.00" Metro="4/4" Battito="1" />
    </TRACK>
    <TRACK TrackID="2037345" Name="Xylo (Original Mix)" Artist="Agents Of Time" Composer="" Album="Xylo EP" Grouping="" Genre="House/Techno/Downtempo" Kind="AIFF File" Size="91890466" TotalTime="520" DiscNumber="0" TrackNumber="1" Year="2017" AverageBpm="127.00" DateAdded="2020-09-22" BitRate="1411" SampleRate="44100" Comments="8A - 6" PlayCount="2" Rating="0" Location="file://localhost/Users/zachvp/Music/DJ/9334979_Xylo_(Original_Mix).aiff" Remixer="" Tonality="8A" Label="Curle Recordings" Mix="">
      <TEMPO Inizio="0.016" Bpm="127.00" Metro="4/4" Battito="1" />
    </TRACK>
    <TRACK TrackID="50498211" Name="Woman Trouble (Original)" Artist="Robbie Craig, Craig David, Artful Dodger" Composer="" Album="Woman Trouble" Grouping="" Genre="Lounge/" Kind="AIFF File" Size="58267582" TotalTime="329" DiscNumber="0" TrackNumber="1" Year="2000" AverageBpm="65.00" DateAdded="2020-09-30" BitRate="1411" SampleRate="44100" Comments="5A - 7" PlayCount="1" Rating="0" Location="file://localhost/Users/zachvp/Music/DJ/Robbie%20Craig,%20Craig%20David,%20Artful%20Dodger%20-%20Woman%20Trouble%20(Original).aiff" Remixer="" Tonality="5A" Label="Public Demand" Mix="">
      <TEMPO Inizio="0.220" Bpm="65.00" Metro="4/4" Battito="1" />
      <TEMPO Inizio="1.144" Bpm="65.00" Metro="4/4" Battito="2" />
      <TEMPO Inizio="52.837" Bpm="65.00" Metro="4/4" Battito="2" />
      <TEMPO Inizio="105.453" Bpm="65.00" Metro="4/4" Battito="3" />
      <TEMPO Inizio="146.992" Bpm="65.00" Metro="4/4" Battito="4" />
      <TEMPO Inizio="188.531" Bpm="65.00" Metro="4/4" Battito="1" />
      <TEMPO Inizio="230.070" Bpm="65.00" Metro="4/4" Battito="2" />
      <TEMPO Inizio="271.609" Bpm="65.00" Metro="4/4" Battito="3" />
      <TEMPO Inizio="313.148" Bpm="65.00" Metro="4/4" Battito="4" />
    </TRACK>
    <TRACK TrackID="180330178" Name="Confess To Me (Original Mix)" Artist="Disclosure, Jessie Ware" Composer="" Album="Settle" Grouping="" Genre="House/Tech/Groove" Kind="AIFF File" Size="44191102" TotalTime="250" DiscNumber="0" TrackNumber="13" Year="2016" AverageBpm="124.00" DateAdded="2020-09-30" BitRate="1411" SampleRate="44100" Comments="6A - 8" PlayCount="0" Rating="0" Location="file://localhost/Users/zachvp/Music/DJ/6329110_Confess_To_Me_(Original_Mix).aiff" Remixer="" Tonality="6A" Label="Island Records" Mix="">
      <TEMPO Inizio="0.158" Bpm="124.00" Metro="4/4" Battito="1" />
    </TRACK>
    <TRACK TrackID="13966875" Name="Hiroshi's Dub (Joe Claussell Bonus Groove)" Artist="T.P.O, Joe Claussell" Composer="" Album="Classic House Grooves: Dope Jams NYC" Grouping="" Genre="House/Tech/Organic" Kind="AIFF File" Size="91818240" TotalTime="519" DiscNumber="0" TrackNumber="4" Year="2012" AverageBpm="123.00" DateAdded="2020-09-30" BitRate="1411" SampleRate="44100" Comments="5A - 6" PlayCount="1" Rating="0" Location="file://localhost/Users/zachvp/Music/DJ/T.P.O%20-%20Hiroshi%27s%20Dub%20(Joe%20Claussell%20Bonus%20Groove).aiff" Remixer="" Tonality="5A" Label="King Street Sounds" Mix="">
      <TEMPO Inizio="0.120" Bpm="123.00" Metro="4/4" Battito="3" />
    </TRACK>
    <TRACK TrackID="223693245" Name="F For You (Original Mix)" Artist="Disclosure" Composer="" Album="Settle" Grouping="" Genre="House/Tech/Groove" Kind="AIFF File" Size="47704520" TotalTime="270" DiscNumber="0" TrackNumber="4" Year="2016" AverageBpm="124.00" DateAdded="2020-09-30" BitRate="1411" SampleRate="44100" Comments="1A - 6" PlayCount="6" Rating="0" Location="file://localhost/Users/zachvp/Music/DJ/6329116_F_For_You_(Original_Mix).aiff" Remixer="" Tonality="1A" Label="Island Records" Mix="">
      <TEMPO Inizio="0.068" Bpm="124.00" Metro="4/4" Battito="1" />
      <POSITION_MARK Name="" Type="0" Start="185.881" Num="-1" />
    </TRACK>
    <TRACK TrackID="172904200" Name="Woman Trouble (Remix)" Artist="Artful Dodger, Robbie Craig, Craig David" Composer="" Album="Woman Trouble" Grouping="" Genre="zzz" Kind="AIFF File" Size="74716892" TotalTime="423" DiscNumber="0" TrackNumber="2" Year="2000" AverageBpm="128.02" DateAdded="2020-09-30" BitRate="1411" SampleRate="44100" Comments="5A - 6" PlayCount="0" Rating="0" Location="file://localhost/Users/zachvp/Music/DJ/Artful%20Dodger,%20Robbie%20Craig,%20Craig%20David%20-%20Woman%20Trouble%20(Remix).aiff" Remixer="" Tonality="5A" Label="Public Demand" Mix="">
      <TEMPO Inizio="0.005" Bpm="128.02" Metro="4/4" Battito="3" />
    </TRACK>
    <TRACK TrackID="98848502" Name="Stimulation (Original Mix)" Artist="Disclosure" Composer="" Album="Settle" Grouping="" Genre="House/Tech/Groove" Kind="AIFF File" Size="56537380" TotalTime="320" DiscNumber="0" TrackNumber="7" Year="2016" AverageBpm="129.00" DateAdded="2020-09-30" BitRate="1411" SampleRate="44100" Comments="10A - 7" PlayCount="1" Rating="0" Location="file://localhost/Users/zachvp/Music/DJ/6329117_Stimulation_(Original_Mix).aiff" Remixer="" Tonality="10A" Label="Island Records" Mix="">
      <TEMPO Inizio="0.299" Bpm="129.00" Metro="4/4" Battito="4" />
      <TEMPO Inizio="0.765" Bpm="129.00" Metro="4/4" Battito="1" />
      <TEMPO Inizio="162.626" Bpm="129.00" Metro="4/4" Battito="1" />
    </TRACK>
    <TRACK TrackID="228662737" Name="Lovelee Dae (Bicep Remix)" Artist="Blaze" Composer="" Album="Lovelee Dae Bicep Remixes" Grouping="" Genre="House/Tech/Organic" Kind="AIFF File" Size="74027958" TotalTime="418" DiscNumber="0" TrackNumber="1" Year="2016" AverageBpm="124.00" DateAdded="2020-09-30" BitRate="1411" SampleRate="44100" Comments="6A - 7" PlayCount="3" Rating="0" Location="file://localhost/Users/zachvp/Music/DJ/8163953_Lovelee_Dae_(Bicep_Remix).aiff" Remixer="Bicep" Tonality="6A" Label="Feel My Bicep" Mix="">
      <TEMPO Inizio="0.097" Bpm="124.00" Metro="4/4" Battito="1" />
      <POSITION_MARK Name="" Type="0" Start="0.100" Num="-1" />
    </TRACK>
    <TRACK TrackID="45978181" Name="What's In Your Head" Artist="Disclosure" Composer="" Album="Greco-Roman - We Make Colourful Music Because We Dance In The Dark" Grouping="" Genre="House/Tech/Groove" Kind="AIFF File" Size="58404232" TotalTime="330" DiscNumber="0" TrackNumber="17" Year="2013" AverageBpm="124.00" DateAdded="2020-09-30" BitRate="1411" SampleRate="44100" Comments="6A - 7" PlayCount="1" Rating="0" Location="file://localhost/Users/zachvp/Music/DJ/Disclosure%20-%20What%27s%20In%20Your%20Head.aiff" Remixer="" Tonality="6A" Label="Greco-Roman" Mix="">
      <TEMPO Inizio="0.482" Bpm="124.00" Metro="4/4" Battito="3" />
    </TRACK>
    <TRACK TrackID="240125197" Name="Grab Her! (Original Mix)" Artist="Disclosure" Composer="" Album="Settle" Grouping="" Genre="House/Tech/Groove" Kind="AIFF File" Size="55344910" TotalTime="313" DiscNumber="0" TrackNumber="10" Year="2016" AverageBpm="121.00" DateAdded="2020-09-30" BitRate="1411" SampleRate="44100" Comments="1A - 6" PlayCount="4" Rating="0" Location="file://localhost/Users/zachvp/Music/DJ/6329109_Grab_Her!_(Original_Mix).aiff" Remixer="" Tonality="1A" Label="Island Records" Mix="">
      <TEMPO Inizio="0.078" Bpm="121.00" Metro="4/4" Battito="1" />
    </TRACK>
    <TRACK TrackID="22616922" Name="Set it Off (Makam Orchestra Drama Remix)" Artist="Boris Werner" Composer="" Album="Set it Off" Grouping="" Genre="House/Techno/Downtempo" Kind="AIFF File" Size="90163348" TotalTime="510" DiscNumber="0" TrackNumber="3" Year="2012" AverageBpm="126.00" DateAdded="2020-10-12" BitRate="1411" SampleRate="44100" Comments="6A - 6" PlayCount="0" Rating="0" Location="file://localhost/Users/zachvp/Music/DJ/3770402_Set_it_Off_Makam_Orchestra_Drama_Remix.aiff" Remixer="Makam" Tonality="6A" Label="Soweso Records" Mix="">
      <TEMPO Inizio="0.041" Bpm="126.00" Metro="4/4" Battito="1" />
      <TEMPO Inizio="0.994" Bpm="126.00" Metro="4/4" Battito="3" />
    </TRACK>
    <TRACK TrackID="115995087" Name="Nagan (Original Mix)" Artist="Cain" Composer="" Album="The Collection 2014-2019" Grouping="" Genre="House/Tech/Indie/" Kind="AIFF File" Size="64804210" TotalTime="366" DiscNumber="0" TrackNumber="4" Year="2019" AverageBpm="118.00" DateAdded="2020-10-12" BitRate="1411" SampleRate="44100" Comments="9A - 6" PlayCount="1" Rating="0" Location="file://localhost/Users/zachvp/Music/DJ/11741852_Nagan_Original_Mix.aiff" Remixer="" Tonality="9A" Label="Highlife" Mix="">
      <TEMPO Inizio="0.500" Bpm="118.00" Metro="4/4" Battito="2" />
    </TRACK>
    <TRACK TrackID="32316519" Name="Complete Control (Slam Remix)" Artist="Clouds" Composer="" Album="Reciprocal Exchange" Grouping="" Genre="House/Techno/Hype" Kind="AIFF File" Size="76221142" TotalTime="430" DiscNumber="0" TrackNumber="1" Year="2015" AverageBpm="127.00" DateAdded="2020-10-12" BitRate="1411" SampleRate="44100" Comments="11A - 6" PlayCount="2" Rating="0" Location="file://localhost/Users/zachvp/Music/DJ/6883475_Complete_Control_Slam_Remix.aiff" Remixer="Slam" Tonality="11A" Label="Soma Records" Mix="">
      <TEMPO Inizio="0.185" Bpm="127.00" Metro="4/4" Battito="1" />
      <TEMPO Inizio="0.658" Bpm="127.00" Metro="4/4" Battito="2" />
    </TRACK>
    <TRACK TrackID="166399340" Name="The Nine In One (Brett Johnson's For Steppers Only Remix)" Artist="Nitin" Composer="" Album="Latenightlife Remixed" Grouping="" Genre="House/Deep/Tech/Spacey" Kind="AIFF File" Size="84428242" TotalTime="477" DiscNumber="0" TrackNumber="4" Year="2012" AverageBpm="126.00" DateAdded="2020-10-12" BitRate="1411" SampleRate="44100" Comments="9A - 6" PlayCount="3" Rating="0" Location="file://localhost/Users/zachvp/Music/DJ/3140689_The_Nine_In_One_Brett_Johnson_s_For_Steppers_Only_Remix.aiff" Remixer="Brett Johnson" Tonality="9A" Label="My Favorite Robot Records" Mix="">
      <TEMPO Inizio="0.060" Bpm="126.00" Metro="4/4" Battito="1" />
      <TEMPO Inizio="0.537" Bpm="126.00" Metro="4/4" Battito="2" />
      <TEMPO Inizio="55.774" Bpm="126.00" Metro="4/4" Battito="2" />
      <TEMPO Inizio="113.392" Bpm="126.00" Metro="4/4" Battito="3" />
      <TEMPO Inizio="171.010" Bpm="126.00" Metro="4/4" Battito="4" />
      <TEMPO Inizio="226.247" Bpm="126.00" Metro="4/4" Battito="4" />
      <TEMPO Inizio="291.484" Bpm="126.00" Metro="4/4" Battito="1" />
      <TEMPO Inizio="346.721" Bpm="126.00" Metro="4/4" Battito="1" />
      <TEMPO Inizio="409.577" Bpm="126.00" Metro="4/4" Battito="1" />
      <TEMPO Inizio="474.814" Bpm="126.00" Metro="4/4" Battito="2" />
    </TRACK>
    <TRACK TrackID="148633021" Name="Percussionix (Mix 1)" Artist="UMEK" Composer="" Album="Percussionix" Grouping="" Genre="House/Techno/" Kind="AIFF File" Size="64398708" TotalTime="364" DiscNumber="0" TrackNumber="1" Year="2018" AverageBpm="128.00" DateAdded="2020-10-12" BitRate="1411" SampleRate="44100" Comments="9A - 7" PlayCount="0" Rating="0" Location="file://localhost/Users/zachvp/Music/DJ/10539901_Percussionix_Mix_1.aiff" Remixer="" Tonality="9A" Label="Intec" Mix="">
      <TEMPO Inizio="0.001" Bpm="128.00" Metro="4/4" Battito="4" />
    </TRACK>
    <TRACK TrackID="225763764" Name="Bloom feat. Aerial East (Original Mix)" Artist="Leo Grunbaum, Aerial East" Composer="" Album="Amarone" Grouping="" Genre="House/Deep/Melodic" Kind="AIFF File" Size="76305306" TotalTime="431" DiscNumber="0" TrackNumber="1" Year="2017" AverageBpm="120.00" DateAdded="2020-10-12" BitRate="1411" SampleRate="44100" Comments="10A - 5" PlayCount="1" Rating="0" Location="file://localhost/Users/zachvp/Music/DJ/8777089_Bloom_feat__Aerial_East_Original_Mix.aiff" Remixer="" Tonality="10A" Label="All Day I Dream " Mix="">
      <TEMPO Inizio="0.053" Bpm="120.00" Metro="4/4" Battito="1" />
      <TEMPO Inizio="162.554" Bpm="120.00" Metro="4/4" Battito="2" />
      <TEMPO Inizio="163.053" Bpm="120.00" Metro="4/4" Battito="3" />
      <TEMPO Inizio="163.554" Bpm="120.00" Metro="4/4" Battito="4" />
      <TEMPO Inizio="164.053" Bpm="120.00" Metro="4/4" Battito="1" />
      <TEMPO Inizio="164.554" Bpm="120.00" Metro="4/4" Battito="2" />
      <TEMPO Inizio="165.053" Bpm="120.00" Metro="4/4" Battito="3" />
      <TEMPO Inizio="165.554" Bpm="120.00" Metro="4/4" Battito="4" />
      <TEMPO Inizio="166.053" Bpm="120.00" Metro="4/4" Battito="1" />
      <TEMPO Inizio="166.554" Bpm="120.00" Metro="4/4" Battito="2" />
      <TEMPO Inizio="167.053" Bpm="120.00" Metro="4/4" Battito="3" />
      <TEMPO Inizio="167.554" Bpm="120.00" Metro="4/4" Battito="4" />
      <TEMPO Inizio="168.053" Bpm="120.00" Metro="4/4" Battito="1" />
      <TEMPO Inizio="168.554" Bpm="120.00" Metro="4/4" Battito="2" />
      <TEMPO Inizio="169.053" Bpm="120.00" Metro="4/4" Battito="3" />
      <TEMPO Inizio="169.554" Bpm="120.00" Metro="4/4" Battito="4" />
      <TEMPO Inizio="170.053" Bpm="120.00" Metro="4/4" Battito="1" />
      <TEMPO Inizio="170.554" Bpm="120.00" Metro="4/4" Battito="2" />
      <TEMPO Inizio="171.053" Bpm="120.00" Metro="4/4" Battito="3" />
      <TEMPO Inizio="171.554" Bpm="120.00" Metro="4/4" Battito="4" />
      <TEMPO Inizio="172.053" Bpm="120.00" Metro="4/4" Battito="1" />
      <TEMPO Inizio="172.554" Bpm="120.00" Metro="4/4" Battito="2" />
      <TEMPO Inizio="173.053" Bpm="120.00" Metro="4/4" Battito="3" />
      <TEMPO Inizio="173.554" Bpm="120.00" Metro="4/4" Battito="4" />
      <TEMPO Inizio="174.053" Bpm="120.00" Metro="4/4" Battito="1" />
      <TEMPO Inizio="174.554" Bpm="120.00" Metro="4/4" Battito="2" />
      <TEMPO Inizio="175.053" Bpm="120.00" Metro="4/4" Battito="3" />
      <TEMPO Inizio="175.554" Bpm="120.00" Metro="4/4" Battito="4" />
      <TEMPO Inizio="176.053" Bpm="120.00" Metro="4/4" Battito="1" />
      <TEMPO Inizio="176.554" Bpm="120.00" Metro="4/4" Battito="2" />
      <TEMPO Inizio="177.053" Bpm="120.00" Metro="4/4" Battito="3" />
      <TEMPO Inizio="177.554" Bpm="120.00" Metro="4/4" Battito="4" />
      <TEMPO Inizio="178.053" Bpm="120.00" Metro="4/4" Battito="1" />
      <TEMPO Inizio="178.554" Bpm="120.00" Metro="4/4" Battito="2" />
    </TRACK>
    <TRACK TrackID="250990877" Name="Trash Talk (Original Mix)" Artist="Jacky, Toochi (SA)" Composer="" Album="Cr2 Live &amp; Direct Presents: Jacky &amp; Friends" Grouping="" Genre="House/Tech/Groove" Kind="AIFF File" Size="72399786" TotalTime="409" DiscNumber="0" TrackNumber="8" Year="2018" AverageBpm="126.00" DateAdded="2020-10-12" BitRate="1411" SampleRate="44100" Comments="11A - 7" PlayCount="0" Rating="0" Location="file://localhost/Users/zachvp/Music/DJ/10453204_Trash_Talk_Original_Mix.aiff" Remixer="" Tonality="11A" Label="Cr2 Records" Mix="">
      <TEMPO Inizio="0.163" Bpm="126.00" Metro="4/4" Battito="1" />
      <TEMPO Inizio="6.354" Bpm="126.00" Metro="4/4" Battito="2" />
    </TRACK>
    <TRACK TrackID="18551752" Name="Unwritten Stories (Original Mix)" Artist="Dave Sinner" Composer="" Album="Sonar 2016 Special" Grouping="" Genre="House/Techno/Downtempo" Kind="AIFF File" Size="76836218" TotalTime="434" DiscNumber="0" TrackNumber="1" Year="2016" AverageBpm="126.00" DateAdded="2020-10-12" BitRate="1411" SampleRate="44100" Comments="10A - 6" PlayCount="1" Rating="0" Location="file://localhost/Users/zachvp/Music/DJ/8546629_Unwritten_Stories_Original_Mix.aiff" Remixer="" Tonality="10A" Label="Loose Records" Mix="">
      <TEMPO Inizio="0.177" Bpm="126.00" Metro="4/4" Battito="4" />
      <TEMPO Inizio="0.654" Bpm="126.00" Metro="4/4" Battito="1" />
      <TEMPO Inizio="226.845" Bpm="126.00" Metro="4/4" Battito="4" />
    </TRACK>
    <TRACK TrackID="177664758" Name="Mind Ur Step (Andre Hommen Remix)" Artist="Dennis Ferrer, Janelle Kroll" Composer="" Album="Mind Ur Dub (Mind Ur Step Remixes)" Grouping="" Genre="House/Deep/Tech/" Kind="AIFF File" Size="74391404" TotalTime="421" DiscNumber="0" TrackNumber="3" Year="2013" AverageBpm="124.00" DateAdded="2020-10-12" BitRate="1411" SampleRate="44100" Comments="4A - 6" PlayCount="5" Rating="0" Location="file://localhost/Users/zachvp/Music/DJ/4635475_Mind_Ur_Step_Andre_Hommen_Remix.aiff" Remixer="Andre Hommen" Tonality="4A" Label="Objektivity" Mix="">
      <TEMPO Inizio="0.269" Bpm="124.00" Metro="4/4" Battito="1" />
    </TRACK>
    <TRACK TrackID="151859142" Name="I Need Your Lovin feat. Ida fLO (Original Mix)" Artist="IDA fLO, Francesco Poggi" Composer="" Album="Winter Sessions 2019" Grouping="" Genre="House/Deep/Tech/Spacey" Kind="AIFF File" Size="65943296" TotalTime="373" DiscNumber="0" TrackNumber="4" Year="2019" AverageBpm="122.00" DateAdded="2020-10-12" BitRate="1411" SampleRate="44100" Comments="12A - 6" PlayCount="4" Rating="0" Location="file://localhost/Users/zachvp/Music/DJ/11367270_I_Need_Your_Lovin_feat__Ida_fLO_Original_Mix.aiff" Remixer="" Tonality="12A" Label="Milk &amp; Sugar" Mix="">
      <TEMPO Inizio="0.000" Bpm="122.00" Metro="4/4" Battito="1" />
    </TRACK>
    <TRACK TrackID="126672655" Name="Try (Monoloc Edit)" Artist="Monoloc" Composer="" Album="Try EP" Grouping="" Genre="House/Techno/Sinister" Kind="AIFF File" Size="70787686" TotalTime="400" DiscNumber="0" TrackNumber="1" Year="2013" AverageBpm="123.00" DateAdded="2020-10-12" BitRate="1411" SampleRate="44100" Comments="8A - 5" PlayCount="4" Rating="0" Location="file://localhost/Users/zachvp/Music/DJ/4652556_Try_Monoloc_Edit.aiff" Remixer="Monoloc" Tonality="8A" Label="CLR" Mix="">
      <TEMPO Inizio="0.007" Bpm="123.00" Metro="4/4" Battito="1" />
    </TRACK>
    <TRACK TrackID="19351372" Name="Girl Incredible (Gabriel Ananda &amp; Tiger Rose Remix)" Artist="Tiger Rose" Composer="" Album="Girl Incredible" Grouping="" Genre="House/Tech/Organic" Kind="AIFF File" Size="79477022" TotalTime="449" DiscNumber="0" TrackNumber="2" Year="2013" AverageBpm="126.00" DateAdded="2020-10-12" BitRate="1411" SampleRate="44100" Comments="6A - 6" PlayCount="1" Rating="0" Location="file://localhost/Users/zachvp/Music/DJ/4069758_Girl_Incredible_Gabriel_Ananda___Tiger_Rose_Remix.aiff" Remixer="Gabriel Ananda, Tiger Rose" Tonality="6A" Label="Manual Music" Mix="">
      <TEMPO Inizio="0.055" Bpm="126.00" Metro="4/4" Battito="1" />
      <TEMPO Inizio="6.246" Bpm="126.00" Metro="4/4" Battito="2" />
      <TEMPO Inizio="243.864" Bpm="126.00" Metro="4/4" Battito="1" />
      <POSITION_MARK Name="" Type="0" Start="30.520" Num="-1" />
      <POSITION_MARK Name="" Type="0" Start="61.008" Num="-1" />
      <POSITION_MARK Name="" Type="0" Start="121.936" Num="-1" />
      <POSITION_MARK Name="" Type="0" Start="167.672" Num="-1" />
      <POSITION_MARK Name="" Type="0" Start="228.622" Num="-1" />
      <POSITION_MARK Name="" Type="0" Start="281.967" Num="-1" />
      <POSITION_MARK Name="" Type="0" Start="388.616" Num="-1" />
      <POSITION_MARK Name="" Type="0" Start="312.430" Num="-1" />
    </TRACK>
    <TRACK TrackID="223758388" Name="Fireproof (feat. Tayla) (Ten Ven Remix)" Artist="Tayla, Ben Pearce" Composer="" Album="Fireproof (feat. Tayla)" Grouping="" Genre="House/Tech/" Kind="AIFF File" Size="69201618" TotalTime="391" DiscNumber="0" TrackNumber="2" Year="2019" AverageBpm="118.00" DateAdded="2020-10-12" BitRate="1411" SampleRate="44100" Comments="5A - 6" PlayCount="1" Rating="0" Location="file://localhost/Users/zachvp/Music/DJ/12235527_Fireproof__feat__Tayla__Ten_Ven_Remix.aiff" Remixer="Ten Ven" Tonality="5A" Label="BMG Rights Management (UK) Ltd" Mix="">
      <TEMPO Inizio="0.011" Bpm="118.00" Metro="4/4" Battito="1" />
      <TEMPO Inizio="0.520" Bpm="118.00" Metro="4/4" Battito="2" />
      <POSITION_MARK Name="" Type="0" Start="0.007" Num="-1" />
    </TRACK>
    <TRACK TrackID="27708816" Name="Say What (Adam Beyer Remix)" Artist="Gary Beck" Composer="" Album="Toolroom Amsterdam 2016" Grouping="" Genre="House/Techno/" Kind="AIFF File" Size="95518562" TotalTime="541" DiscNumber="0" TrackNumber="13" Year="2016" AverageBpm="126.00" DateAdded="2020-10-12" BitRate="1411" SampleRate="44100" Comments="2A - 7" PlayCount="3" Rating="0" Location="file://localhost/Users/zachvp/Music/DJ/8398719_Say_What_Adam_Beyer_Remix.aiff" Remixer="Adam Beyer" Tonality="2A" Label="Toolroom" Mix="">
      <TEMPO Inizio="0.104" Bpm="126.00" Metro="4/4" Battito="1" />
      <TEMPO Inizio="0.581" Bpm="126.00" Metro="4/4" Battito="2" />
      <TEMPO Inizio="536.772" Bpm="126.00" Metro="4/4" Battito="4" />
    </TRACK>
    <TRACK TrackID="197756553" Name="How I Feel feat. Belle (Dub)" Artist="Russ Yallop" Composer="" Album="The Journey" Grouping="" Genre="House/Tech/" Kind="AIFF File" Size="76505824" TotalTime="433" DiscNumber="0" TrackNumber="3" Year="2013" AverageBpm="121.00" DateAdded="2020-10-12" BitRate="1411" SampleRate="44100" Comments="5A - 6" PlayCount="1" Rating="0" Location="file://localhost/Users/zachvp/Music/DJ/4949163_How_I_Feel_feat__Belle_Dub.aiff" Remixer="" Tonality="5A" Label="Crosstown Rebels" Mix="">
      <TEMPO Inizio="0.017" Bpm="121.00" Metro="4/4" Battito="1" />
    </TRACK>
    <TRACK TrackID="240689847" Name="Corpse Reviver Number 3 (Original Mix)" Artist="Pleasurekraft" Composer="" Album="Love in the Age of Machines" Grouping="" Genre="House/Techno/" Kind="AIFF File" Size="68492654" TotalTime="387" DiscNumber="0" TrackNumber="7" Year="2020" AverageBpm="127.00" DateAdded="2020-10-12" BitRate="1411" SampleRate="44100" Comments="4A - 6" PlayCount="2" Rating="0" Location="file://localhost/Users/zachvp/Music/DJ/14081711_Corpse_Reviver_Number_3_Original_Mix.aiff" Remixer="" Tonality="4A" Label="Kraftek" Mix="">
      <TEMPO Inizio="0.236" Bpm="127.00" Metro="4/4" Battito="1" />
      <TEMPO Inizio="12.520" Bpm="127.00" Metro="4/4" Battito="3" />
      <TEMPO Inizio="200.552" Bpm="127.00" Metro="4/4" Battito="1" />
      <POSITION_MARK Name="" Type="0" Start="90.947" Num="-1" />
      <POSITION_MARK Name="" Type="0" Start="279.917" Num="-1" />
    </TRACK>
    <TRACK TrackID="200758742" Name="Through the Darkness (Original Mix)" Artist="Vinicius Honorio" Composer="" Album="Through the Darkness" Grouping="" Genre="House/Techno/" Kind="AIFF File" Size="80088702" TotalTime="453" DiscNumber="0" TrackNumber="2" Year="2017" AverageBpm="126.00" DateAdded="2020-10-12" BitRate="1411" SampleRate="44100" Comments="12A - 6" PlayCount="0" Rating="0" Location="file://localhost/Users/zachvp/Music/DJ/9091945_Through_the_Darkness_Original_Mix.aiff" Remixer="" Tonality="12A" Label="Drumcode" Mix="">
      <TEMPO Inizio="0.001" Bpm="126.00" Metro="4/4" Battito="1" />
      <TEMPO Inizio="0.478" Bpm="126.00" Metro="4/4" Battito="2" />
      <TEMPO Inizio="96.669" Bpm="126.00" Metro="4/4" Battito="4" />
      <TEMPO Inizio="262.860" Bpm="126.00" Metro="4/4" Battito="1" />
      <TEMPO Inizio="419.051" Bpm="126.00" Metro="4/4" Battito="1" />
    </TRACK>
    <TRACK TrackID="230022953" Name="Las Mujeres (VOCAL MIX)" Artist="Claude Le Blanc" Composer="" Album="Las Mujeres (Vocal Mix)" Grouping="" Genre="House/Tech/Organic" Kind="AIFF File" Size="69372688" TotalTime="392" DiscNumber="0" TrackNumber="1" Year="2020" AverageBpm="124.00" DateAdded="2020-10-12" BitRate="1411" SampleRate="44100" Comments="6A - 6" PlayCount="0" Rating="0" Location="file://localhost/Users/zachvp/Music/DJ/14141624_Las_Mujeres_VOCAL_MIX.aiff" Remixer="Claude Le Blanc" Tonality="6A" Label="Devise House Music" Mix="">
      <TEMPO Inizio="0.046" Bpm="124.00" Metro="4/4" Battito="1" />
    </TRACK>
    <TRACK TrackID="252305632" Name="Now Is My Time (Martinez Remix)" Artist="Alex Font" Composer="" Album="Now Is My Time" Grouping="" Genre="House/Deep/Tech/Spacey" Kind="AIFF File" Size="89613806" TotalTime="507" DiscNumber="0" TrackNumber="2" Year="2013" AverageBpm="122.50" DateAdded="2020-10-12" BitRate="1411" SampleRate="44100" Comments="6A - 5" PlayCount="6" Rating="0" Location="file://localhost/Users/zachvp/Music/DJ/4272467_Now_Is_My_Time_Martinez_Remix.aiff" Remixer="Martinez" Tonality="6A" Label="Oblack Label" Mix="">
      <TEMPO Inizio="0.079" Bpm="122.50" Metro="4/4" Battito="1" />
    </TRACK>
    <TRACK TrackID="266746893" Name="Revolution (Original Mix)" Artist="The Deals" Composer="" Album="Raw War EP" Grouping="" Genre="House/Techno/" Kind="AIFF File" Size="65290368" TotalTime="369" DiscNumber="0" TrackNumber="2" Year="2018" AverageBpm="125.00" DateAdded="2020-10-12" BitRate="1411" SampleRate="44100" Comments="8B - 6" PlayCount="1" Rating="0" Location="file://localhost/Users/zachvp/Music/DJ/10301154_Revolution_Original_Mix.aiff" Remixer="" Tonality="8B" Label="SCI+TEC" Mix="">
      <TEMPO Inizio="0.024" Bpm="125.00" Metro="4/4" Battito="1" />
    </TRACK>
    <TRACK TrackID="157309416" Name="Icarus (Remastered)" Artist="Reverse Commuter, Kelly Johnston" Composer="" Album="Exposure (Remastered) " Grouping="" Genre="House/Deep/Tech/Spacey" Kind="AIFF File" Size="71708354" TotalTime="406" DiscNumber="0" TrackNumber="3" Year="2014" AverageBpm="124.00" DateAdded="2020-10-12" BitRate="1411" SampleRate="44100" Comments="5A - 6" PlayCount="7" Rating="0" Location="file://localhost/Users/zachvp/Music/DJ/5868105_Icarus_Remastered.aiff" Remixer="" Tonality="5A" Label="Hallucienda" Mix="">
      <TEMPO Inizio="0.274" Bpm="124.00" Metro="4/4" Battito="1" />
      <POSITION_MARK Name="" Type="0" Start="0.240" Num="-1" />
    </TRACK>
    <TRACK TrackID="4623023" Name="Try to Be (Catz 'n Dogz Club Edit)" Artist="Blue Hawaii" Composer="" Album="Try to Be (Catz 'N Dogz Club Edit)" Grouping="" Genre="House/Deep/Melodic" Kind="AIFF File" Size="72485766" TotalTime="409" DiscNumber="0" TrackNumber="1" Year="2014" AverageBpm="120.00" DateAdded="2020-10-12" BitRate="1411" SampleRate="44100" Comments="9A - 7" PlayCount="1" Rating="0" Location="file://localhost/Users/zachvp/Music/DJ/5905506_Try_to_Be_Catz__n_Dogz_Club_Edit.aiff" Remixer="Catz 'n Dogz" Tonality="9A" Label="Pets Edits" Mix="">
      <TEMPO Inizio="0.124" Bpm="120.00" Metro="4/4" Battito="3" />
    </TRACK>
    <TRACK TrackID="99784314" Name="Love Stream (Original Mix)" Artist="Mat.Joe" Composer="" Album="Faze #76: Mat.Joe" Grouping="" Genre="House/Tech/Organic" Kind="AIFF File" Size="74776872" TotalTime="423" DiscNumber="0" TrackNumber="13" Year="2018" AverageBpm="124.00" DateAdded="2020-10-12" BitRate="1411" SampleRate="44100" Comments="2A - 6" PlayCount="1" Rating="0" Location="file://localhost/Users/zachvp/Music/DJ/10737774_Love_Stream_Original_Mix.aiff" Remixer="" Tonality="2A" Label="dig dis! Series" Mix="">
      <TEMPO Inizio="0.098" Bpm="124.00" Metro="4/4" Battito="1" />
      <POSITION_MARK Name="" Type="0" Start="31.067" Num="-1" />
      <POSITION_MARK Name="" Type="0" Start="93.009" Num="-1" />
      <POSITION_MARK Name="" Type="0" Start="154.957" Num="-1" />
      <POSITION_MARK Name="" Type="0" Start="278.805" Num="-1" />
      <POSITION_MARK Name="" Type="0" Start="340.758" Num="-1" />
      <POSITION_MARK Name="" Type="0" Start="294.293" Num="-1" />
    </TRACK>
    <TRACK TrackID="246482585" Name="Gate 212 (Original Mix)" Artist="Blicz" Composer="" Album="Moments, Vol. 1" Grouping="" Genre="zzz" Kind="AIFF File" Size="76342186" TotalTime="431" DiscNumber="0" TrackNumber="2" Year="2020" AverageBpm="138.00" DateAdded="2020-10-12" BitRate="1411" SampleRate="44100" Comments="5A - 6" PlayCount="0" Rating="0" Location="file://localhost/Users/zachvp/Music/DJ/13121176_Gate_212_Original_Mix.aiff" Remixer="" Tonality="5A" Label="Moments In Time" Mix="">
      <TEMPO Inizio="0.001" Bpm="138.00" Metro="4/4" Battito="1" />
    </TRACK>
    <TRACK TrackID="262451721" Name="Alpha (Josh Gabriel Remix)" Artist="William A" Composer="" Album="Mixed For Feet Volume 1 - Unmixed" Grouping="" Genre="House/Tech/Indie/Progressive/Electro" Kind="AIFF File" Size="87978676" TotalTime="497" DiscNumber="0" TrackNumber="13" Year="2011" AverageBpm="132.01" DateAdded="2020-10-12" BitRate="1411" SampleRate="44100" Comments="7A - 7" PlayCount="0" Rating="0" Location="file://localhost/Users/zachvp/Music/DJ/3037243_Alpha_Josh_Gabriel_Remix.aiff" Remixer="Josh Gabriel" Tonality="7A" Label="Armada Music Albums" Mix="">
      <TEMPO Inizio="0.152" Bpm="132.01" Metro="4/4" Battito="4" />
    </TRACK>
    <TRACK TrackID="186085804" Name="That Night feat. Vikter Duplaix (Wahoo Remix)" Artist="Jazzanova" Composer="" Album="Remixed" Grouping="" Genre="House/Deep/Tech/Jazzy" Kind="AIFF File" Size="78314838" TotalTime="443" DiscNumber="0" TrackNumber="19" Year="2003" AverageBpm="118.02" DateAdded="2020-10-12" BitRate="1411" SampleRate="44100" Comments="1A - 6" PlayCount="4" Rating="0" Location="file://localhost/Users/zachvp/Music/DJ/7702323_That_Night_feat__Vikter_Duplaix_Wahoo_Remix.aiff" Remixer="Wahoo" Tonality="1A" Label="Sonar Kollektiv" Mix="">
      <TEMPO Inizio="0.217" Bpm="118.02" Metro="4/4" Battito="1" />
      <TEMPO Inizio="0.726" Bpm="118.02" Metro="4/4" Battito="2" />
      <TEMPO Inizio="68.849" Bpm="118.02" Metro="4/4" Battito="4" />
      <TEMPO Inizio="146.123" Bpm="118.02" Metro="4/4" Battito="4" />
      <TEMPO Inizio="230.006" Bpm="118.02" Metro="4/4" Battito="1" />
      <TEMPO Inizio="316.431" Bpm="118.02" Metro="4/4" Battito="3" />
      <TEMPO Inizio="400.314" Bpm="118.02" Metro="4/4" Battito="4" />
      <POSITION_MARK Name="" Type="0" Start="10.379" Num="-1" />
      <POSITION_MARK Name="" Type="0" Start="75.458" Num="-1" />
      <POSITION_MARK Name="" Type="0" Start="333.710" Num="-1" />
      <POSITION_MARK Name="" Type="0" Start="390.659" Num="-1" />
      <POSITION_MARK Name="" Type="0" Start="408.951" Num="-1" />
      <POSITION_MARK Name="" Type="0" Start="0.194" Num="-1" />
      <POSITION_MARK Name="" Type="0" Start="75.452" Num="0" Red="40" Green="226" Blue="20" />
    </TRACK>
    <TRACK TrackID="206228150" Name="Where Is It? (Evil Nine Remix)" Artist="Ursula Rucker, Will Saul" Composer="" Album="Where Is It?" Grouping="" Genre="House/Tech/Groove" Kind="AIFF File" Size="72265600" TotalTime="409" DiscNumber="0" TrackNumber="2" Year="2006" AverageBpm="131.97" DateAdded="2020-10-12" BitRate="1411" SampleRate="44100" Comments="5A - 6" PlayCount="4" Rating="0" Location="file://localhost/Users/zachvp/Music/DJ/538768_Where_Is_It__Evil_Nine_Remix.aiff" Remixer="Evil Nine" Tonality="5A" Label="Air Recordings" Mix="">
      <TEMPO Inizio="0.032" Bpm="131.98" Metro="4/4" Battito="1" />
      <POSITION_MARK Name="" Type="0" Start="29.126" Num="-1" />
      <POSITION_MARK Name="" Type="0" Start="43.674" Num="-1" />
      <POSITION_MARK Name="" Type="0" Start="58.222" Num="-1" />
      <POSITION_MARK Name="" Type="0" Start="101.863" Num="-1" />
      <POSITION_MARK Name="" Type="0" Start="290.977" Num="-1" />
      <POSITION_MARK Name="" Type="0" Start="320.072" Num="-1" />
      <POSITION_MARK Name="" Type="0" Start="349.177" Num="-1" />
      <POSITION_MARK Name="" Type="0" Start="15.012" Num="-1" />
    </TRACK>
    <TRACK TrackID="218688522" Name="Thunderstorm (Original Mix)" Artist="Roland Leesker" Composer="" Album="Thunderstorm" Grouping="" Genre="House/Techno/" Kind="AIFF File" Size="78154320" TotalTime="442" DiscNumber="0" TrackNumber="1" Year="2017" AverageBpm="126.00" DateAdded="2020-10-12" BitRate="1411" SampleRate="44100" Comments="6A - 6" PlayCount="1" Rating="0" Location="file://localhost/Users/zachvp/Music/DJ/9878838_Thunderstorm_Original_Mix.aiff" Remixer="" Tonality="6A" Label="Get Physical Music" Mix="">
      <TEMPO Inizio="0.202" Bpm="126.00" Metro="4/4" Battito="1" />
      <TEMPO Inizio="0.679" Bpm="126.00" Metro="4/4" Battito="2" />
    </TRACK>
    <TRACK TrackID="218386151" Name="Caribic Royal (Bart Skils Remix)" Artist="Marcus Meinhardt, Khainz" Composer="" Album="Caribic Royal EP" Grouping="" Genre="House/Techno/Downtempo" Kind="AIFF File" Size="80793298" TotalTime="457" DiscNumber="0" TrackNumber="2" Year="2017" AverageBpm="126.00" DateAdded="2020-10-12" BitRate="1411" SampleRate="44100" Comments="4A - 6" PlayCount="2" Rating="0" Location="file://localhost/Users/zachvp/Music/DJ/9864396_Caribic_Royal_Bart_Skils_Remix.aiff" Remixer="Bart Skils" Tonality="4A" Label="WHATIPLAY" Mix="">
      <TEMPO Inizio="0.005" Bpm="126.00" Metro="4/4" Battito="1" />
      <TEMPO Inizio="0.482" Bpm="126.00" Metro="4/4" Battito="2" />
      <TEMPO Inizio="126.673" Bpm="126.00" Metro="4/4" Battito="3" />
      <TEMPO Inizio="342.864" Bpm="126.00" Metro="4/4" Battito="1" />
    </TRACK>
    <TRACK TrackID="158630344" Name="Runnin' (Daphni Remix)" Artist="Daphni, Sinkane" Composer="" Album="Runnin'" Grouping="" Genre="House/Deep/Tech/Jazzy" Kind="AIFF File" Size="75708766" TotalTime="428" DiscNumber="0" TrackNumber="2" Year="2012" AverageBpm="110.00" DateAdded="2020-10-12" BitRate="1411" SampleRate="44100" Comments="9A - 5" PlayCount="0" Rating="0" Location="file://localhost/Users/zachvp/Music/DJ/6159229_Runnin__Daphni_Remix.aiff" Remixer="" Tonality="9A" Label="DFA Records (SC Distribution)" Mix="">
      <TEMPO Inizio="0.521" Bpm="110.00" Metro="4/4" Battito="2" />
      <TEMPO Inizio="79.067" Bpm="110.00" Metro="4/4" Battito="2" />
      <TEMPO Inizio="181.613" Bpm="110.00" Metro="4/4" Battito="2" />
      <TEMPO Inizio="302.159" Bpm="110.00" Metro="4/4" Battito="3" />
      <POSITION_MARK Name="" Type="0" Start="61.066" Num="-1" />
      <POSITION_MARK Name="" Type="0" Start="1.064" Num="-1" />
      <POSITION_MARK Name="" Type="0" Start="187.617" Num="-1" />
      <POSITION_MARK Name="" Type="0" Start="338.160" Num="-1" />
      <POSITION_MARK Name="" Type="0" Start="373.073" Num="-1" />
    </TRACK>
    <TRACK TrackID="30248286" Name="Riyadh (Deadbeat Remix)" Artist="Deepchild" Composer="" Album="Riyadh" Grouping="" Genre="House/Deep/Tech/Spacey" Kind="AIFF File" Size="116436042" TotalTime="659" DiscNumber="0" TrackNumber="2" Year="2012" AverageBpm="124.00" DateAdded="2020-10-26" BitRate="1411" SampleRate="44100" Comments="4A - 5" PlayCount="5" Rating="0" Location="file://localhost/Users/zachvp/Music/DJ/3742817_Riyadh_(Deadbeat_Remix).aiff" Remixer="Deadbeat" Tonality="4A" Label="Thoughtless Music" Mix="">
      <TEMPO Inizio="0.253" Bpm="124.00" Metro="4/4" Battito="1" />
    </TRACK>
    <TRACK TrackID="101166281" Name="Mercury &amp; Solace (BT 12&quot; Mastermix)" Artist="BT" Composer="" Album="40 Best Ibiza Anthems Ever - Part 2" Grouping="" Genre="House/Tech/Indie/Progressive" Kind="AIFF File" Size="89594894" TotalTime="507" DiscNumber="0" TrackNumber="3" Year="2012" AverageBpm="136.00" DateAdded="2020-10-26" BitRate="1411" SampleRate="44100" Comments="3A - 7" PlayCount="1" Rating="0" Location="file://localhost/Users/zachvp/Music/DJ/3639487_Mercury_%26_Solace_(BT_12__Mastermix).aiff" Remixer="BT" Tonality="3A" Label="ARVA" Mix="">
      <TEMPO Inizio="0.222" Bpm="136.00" Metro="4/4" Battito="1" />
      <TEMPO Inizio="6.399" Bpm="136.00" Metro="4/4" Battito="3" />
      <TEMPO Inizio="20.076" Bpm="136.00" Metro="4/4" Battito="2" />
      <TEMPO Inizio="38.606" Bpm="136.00" Metro="4/4" Battito="4" />
      <TEMPO Inizio="52.283" Bpm="136.00" Metro="4/4" Battito="3" />
      <TEMPO Inizio="65.960" Bpm="136.00" Metro="4/4" Battito="2" />
      <TEMPO Inizio="84.490" Bpm="136.00" Metro="4/4" Battito="4" />
      <TEMPO Inizio="98.167" Bpm="136.00" Metro="4/4" Battito="3" />
      <TEMPO Inizio="116.697" Bpm="136.00" Metro="4/4" Battito="1" />
      <TEMPO Inizio="130.374" Bpm="136.00" Metro="4/4" Battito="4" />
      <TEMPO Inizio="144.051" Bpm="136.00" Metro="4/4" Battito="3" />
      <TEMPO Inizio="162.581" Bpm="136.00" Metro="4/4" Battito="1" />
      <TEMPO Inizio="176.258" Bpm="136.00" Metro="4/4" Battito="4" />
      <TEMPO Inizio="189.935" Bpm="136.00" Metro="4/4" Battito="3" />
      <TEMPO Inizio="208.465" Bpm="136.00" Metro="4/4" Battito="1" />
      <TEMPO Inizio="222.142" Bpm="136.00" Metro="4/4" Battito="4" />
      <TEMPO Inizio="235.819" Bpm="136.00" Metro="4/4" Battito="3" />
      <TEMPO Inizio="254.349" Bpm="136.00" Metro="4/4" Battito="1" />
      <TEMPO Inizio="268.026" Bpm="136.00" Metro="4/4" Battito="4" />
      <TEMPO Inizio="281.703" Bpm="136.00" Metro="4/4" Battito="3" />
      <TEMPO Inizio="300.233" Bpm="136.00" Metro="4/4" Battito="1" />
      <TEMPO Inizio="313.910" Bpm="136.00" Metro="4/4" Battito="4" />
      <TEMPO Inizio="327.587" Bpm="136.00" Metro="4/4" Battito="3" />
      <TEMPO Inizio="346.117" Bpm="136.00" Metro="4/4" Battito="1" />
      <TEMPO Inizio="359.794" Bpm="136.00" Metro="4/4" Battito="4" />
      <TEMPO Inizio="373.471" Bpm="136.00" Metro="4/4" Battito="3" />
      <TEMPO Inizio="392.001" Bpm="136.00" Metro="4/4" Battito="1" />
      <TEMPO Inizio="405.678" Bpm="136.00" Metro="4/4" Battito="4" />
      <TEMPO Inizio="419.355" Bpm="136.00" Metro="4/4" Battito="3" />
      <TEMPO Inizio="437.885" Bpm="136.00" Metro="4/4" Battito="1" />
      <TEMPO Inizio="451.562" Bpm="136.00" Metro="4/4" Battito="4" />
      <TEMPO Inizio="465.239" Bpm="136.00" Metro="4/4" Battito="3" />
      <TEMPO Inizio="483.769" Bpm="136.00" Metro="4/4" Battito="1" />
      <TEMPO Inizio="497.446" Bpm="136.00" Metro="4/4" Battito="4" />
    </TRACK>
    <TRACK TrackID="122114416" Name="Apex (SpeakOf &amp; Santini Remix)" Artist="Eudi" Composer="" Album="Apex" Grouping="" Genre="House/Deep/Melodic" Kind="AIFF File" Size="75747986" TotalTime="428" DiscNumber="0" TrackNumber="2" Year="2017" AverageBpm="122.00" DateAdded="2020-10-26" BitRate="1411" SampleRate="44100" Comments="5A - 6" PlayCount="0" Rating="0" Location="file://localhost/Users/zachvp/Music/DJ/9499432_Apex_(SpeakOf_%26_Santini_Remix).aiff" Remixer="Santini, SpeakOf" Tonality="5A" Label="False Face Music" Mix="">
      <TEMPO Inizio="0.073" Bpm="122.00" Metro="4/4" Battito="1" />
    </TRACK>
    <TRACK TrackID="18724841" Name="Falling Angel (Matthew Styles Remix)" Artist="Dinky" Composer="" Album="Falling Angel" Grouping="" Genre="House/Deep/Tech/Spacey" Kind="AIFF File" Size="87167004" TotalTime="493" DiscNumber="0" TrackNumber="2" Year="2013" AverageBpm="120.01" DateAdded="2020-10-26" BitRate="1411" SampleRate="44100" Comments="5A - 5" PlayCount="0" Rating="0" Location="file://localhost/Users/zachvp/Music/DJ/4400890_Falling_Angel_(Matthew_Styles_Remix).aiff" Remixer="Matthew Styles" Tonality="5A" Label="Visionquest" Mix="">
      <TEMPO Inizio="0.011" Bpm="120.01" Metro="4/4" Battito="1" />
      <TEMPO Inizio="128.502" Bpm="120.01" Metro="4/4" Battito="2" />
      <TEMPO Inizio="183.998" Bpm="120.01" Metro="4/4" Battito="1" />
      <TEMPO Inizio="238.994" Bpm="120.01" Metro="4/4" Battito="3" />
      <TEMPO Inizio="389.983" Bpm="120.01" Metro="4/4" Battito="1" />
      <TEMPO Inizio="445.479" Bpm="120.01" Metro="4/4" Battito="4" />
    </TRACK>
    <TRACK TrackID="64281386" Name="Percolate (Original Mix)" Artist="Marino Canal" Composer="" Album="Percolate" Grouping="" Genre="House/Deep/Tech/" Kind="AIFF File" Size="69870090" TotalTime="395" DiscNumber="0" TrackNumber="1" Year="2014" AverageBpm="123.00" DateAdded="2020-10-26" BitRate="1411" SampleRate="44100" Comments="6A - 5" PlayCount="3" Rating="0" Location="file://localhost/Users/zachvp/Music/DJ/6120132_Percolate_(Original_Mix).aiff" Remixer="" Tonality="6A" Label="MOOD" Mix="">
      <TEMPO Inizio="0.221" Bpm="123.00" Metro="4/4" Battito="1" />
    </TRACK>
    <TRACK TrackID="113156544" Name="Deliorman (Original Mix)" Artist="Sound Scape" Composer="" Album="Super Sounds Of Trance" Grouping="" Genre="House/Tech/Indie/Progressive/Electro" Kind="AIFF File" Size="68365212" TotalTime="387" DiscNumber="0" TrackNumber="34" Year="2007" AverageBpm="125.85" DateAdded="2020-10-26" BitRate="1411" SampleRate="44100" Comments="4A - 7" PlayCount="0" Rating="0" Location="file://localhost/Users/zachvp/Music/DJ/300188_Deliorman_(Original_Mix).aiff" Remixer="" Tonality="4A" Label="DeepBlue Recordings" Mix="">
      <TEMPO Inizio="0.446" Bpm="125.85" Metro="4/4" Battito="1" />
    </TRACK>
    <TRACK TrackID="211155076" Name="Lifetimes (Original Mix)" Artist="Slam" Composer="" Album="Lifetimes" Grouping="" Genre="House/Tech/Indie/Progressive" Kind="AIFF File" Size="87003700" TotalTime="492" DiscNumber="0" TrackNumber="1" Year="2001" AverageBpm="127.99" DateAdded="2020-10-26" BitRate="1411" SampleRate="44100" Comments="9A - 6" PlayCount="0" Rating="0" Location="file://localhost/Users/zachvp/Music/DJ/191267_Lifetimes_(Original_Mix).aiff" Remixer="" Tonality="9A" Label="Soma Records" Mix="">
      <TEMPO Inizio="0.351" Bpm="127.99" Metro="4/4" Battito="3" />
    </TRACK>
    <TRACK TrackID="3010832" Name="Deep End (SIDEPIECE Extended Remix)" Artist="John Summit" Composer="" Album="Deep End" Grouping="" Genre="House/Tech/" Kind="AIFF File" Size="46782354" TotalTime="264" DiscNumber="0" TrackNumber="1" Year="2020" AverageBpm="126.00" DateAdded="2020-10-26" BitRate="1411" SampleRate="44100" Comments="9A - 6" PlayCount="1" Rating="0" Location="file://localhost/Users/zachvp/Music/DJ/14359547_Deep_End_(SIDEPIECE_Extended_Remix).aiff" Remixer="SIDEPIECE" Tonality="9A" Label="Defected" Mix="">
      <TEMPO Inizio="0.019" Bpm="126.00" Metro="4/4" Battito="1" />
      <TEMPO Inizio="0.972" Bpm="126.00" Metro="4/4" Battito="3" />
    </TRACK>
    <TRACK TrackID="14375799" Name="Falling Angel (12&quot; Version)" Artist="Dinky" Composer="" Album="Falling Angel" Grouping="" Genre="House/Deep/Tech/Jazzy" Kind="AIFF File" Size="60491918" TotalTime="342" DiscNumber="0" TrackNumber="1" Year="2013" AverageBpm="120.01" DateAdded="2020-10-26" BitRate="1411" SampleRate="44100" Comments="5A - 5" PlayCount="0" Rating="0" Location="file://localhost/Users/zachvp/Music/DJ/4400889_Falling_Angel_(12__Version).aiff" Remixer="" Tonality="5A" Label="Visionquest" Mix="">
      <TEMPO Inizio="0.454" Bpm="120.01" Metro="4/4" Battito="2" />
      <TEMPO Inizio="13.954" Bpm="120.01" Metro="4/4" Battito="1" />
      <TEMPO Inizio="32.953" Bpm="120.01" Metro="4/4" Battito="3" />
      <TEMPO Inizio="126.948" Bpm="120.01" Metro="4/4" Battito="3" />
      <TEMPO Inizio="145.947" Bpm="120.01" Metro="4/4" Battito="1" />
      <TEMPO Inizio="164.946" Bpm="120.01" Metro="4/4" Battito="3" />
      <TEMPO Inizio="258.941" Bpm="120.01" Metro="4/4" Battito="3" />
      <TEMPO Inizio="316.438" Bpm="120.01" Metro="4/4" Battito="2" />
      <TEMPO Inizio="335.437" Bpm="120.01" Metro="4/4" Battito="4" />
    </TRACK>
    <TRACK TrackID="38791458" Name="Ascent (Original Mix)" Artist="Marino Canal" Composer="" Album="Over Under" Grouping="" Genre="House/Deep/Tech/" Kind="AIFF File" Size="61680292" TotalTime="349" DiscNumber="0" TrackNumber="6" Year="2016" AverageBpm="123.00" DateAdded="2020-10-26" BitRate="1411" SampleRate="44100" Comments="5A - 7" PlayCount="2" Rating="0" Location="file://localhost/Users/zachvp/Music/DJ/8219567_Ascent_(Original_Mix).aiff" Remixer="" Tonality="5A" Label="MOOD" Mix="">
      <TEMPO Inizio="0.100" Bpm="123.00" Metro="4/4" Battito="2" />
    </TRACK>
    <TRACK TrackID="194247526" Name="Under (Original Mix)" Artist="Marino Canal" Composer="" Album="Over Under" Grouping="" Genre="House/Deep/Tech/" Kind="AIFF File" Size="60674492" TotalTime="343" DiscNumber="0" TrackNumber="10" Year="2016" AverageBpm="124.00" DateAdded="2020-10-26" BitRate="1411" SampleRate="44100" Comments="11A - 5" PlayCount="1" Rating="0" Location="file://localhost/Users/zachvp/Music/DJ/8219571_Under_(Original_Mix).aiff" Remixer="" Tonality="11A" Label="MOOD" Mix="">
      <TEMPO Inizio="0.006" Bpm="124.00" Metro="4/4" Battito="1" />
    </TRACK>
    <TRACK TrackID="211290860" Name="Curious Eyes (Original Mix)" Artist="Marino Canal" Composer="" Album="Provenance EP" Grouping="" Genre="House/Deep/Tech/Spacey" Kind="AIFF File" Size="65787180" TotalTime="372" DiscNumber="0" TrackNumber="1" Year="2020" AverageBpm="121.00" DateAdded="2020-10-26" BitRate="1411" SampleRate="44100" Comments="11A - 5" PlayCount="0" Rating="0" Location="file://localhost/Users/zachvp/Music/DJ/12998523_Curious_Eyes_(Original_Mix).aiff" Remixer="" Tonality="11A" Label="Siamese" Mix="">
      <TEMPO Inizio="0.399" Bpm="121.00" Metro="4/4" Battito="1" />
    </TRACK>
    <TRACK TrackID="220225933" Name="Living On a Star (Original Mix)" Artist="Sonate" Composer="" Album="Living On a Star" Grouping="" Genre="House/Tech/Groove" Kind="AIFF File" Size="79290022" TotalTime="448" DiscNumber="0" TrackNumber="1" Year="2013" AverageBpm="125.00" DateAdded="2020-10-26" BitRate="1411" SampleRate="44100" Comments="4A - 6" PlayCount="3" Rating="0" Location="file://localhost/Users/zachvp/Music/DJ/4412305_Living_On_a_Star_(Original_Mix).aiff" Remixer="" Tonality="4A" Label="Nell Records" Mix="">
      <TEMPO Inizio="0.004" Bpm="125.00" Metro="4/4" Battito="1" />
      <TEMPO Inizio="399.365" Bpm="125.00" Metro="4/4" Battito="1" />
    </TRACK>
    <TRACK TrackID="151121540" Name="Liquid Slow (Original Mix)" Artist="Chris Liebing, Charlotte de Witte" Composer="" Album="Liquid Slow EP" Grouping="" Genre="House/Techno/Acid" Kind="AIFF File" Size="71724966" TotalTime="406" DiscNumber="0" TrackNumber="1" Year="2019" AverageBpm="130.00" DateAdded="2020-10-26" BitRate="1411" SampleRate="44100" Comments="5A - 6" PlayCount="0" Rating="0" Location="file://localhost/Users/zachvp/Music/DJ/12461266_Liquid_Slow_(Original_Mix).aiff" Remixer="" Tonality="5A" Label="KNTXT" Mix="">
      <TEMPO Inizio="0.173" Bpm="130.00" Metro="4/4" Battito="1" />
    </TRACK>
    <TRACK TrackID="23070369" Name="Nostaw (Mondkrater Remix)" Artist="Gullen, Anders." Composer="" Album="Nostaw/Marzo" Grouping="" Genre="House/Deep/Melodic" Kind="AIFF File" Size="79322372" TotalTime="448" DiscNumber="0" TrackNumber="3" Year="2016" AverageBpm="123.00" DateAdded="2020-10-26" BitRate="1411" SampleRate="44100" Comments="1A - 6" PlayCount="1" Rating="0" Location="file://localhost/Users/zachvp/Music/DJ/7633678_Nostaw_(Mondkrater_Remix).aiff" Remixer="Mondkrater" Tonality="1A" Label="Proton Music" Mix="">
      <TEMPO Inizio="0.003" Bpm="123.00" Metro="4/4" Battito="1" />
    </TRACK>
    <TRACK TrackID="52417228" Name="Vino &amp; Fagottini (Original Mix)" Artist="Andy Bros" Composer="" Album="Essenza EP" Grouping="" Genre="House/Deep/Melodic" Kind="AIFF File" Size="94056458" TotalTime="532" DiscNumber="0" TrackNumber="2" Year="2016" AverageBpm="123.00" DateAdded="2020-10-26" BitRate="1411" SampleRate="44100" Comments="7A - 6" PlayCount="0" Rating="0" Location="file://localhost/Users/zachvp/Music/DJ/7608398_Vino_%26_Fagottini_(Original_Mix).aiff" Remixer="" Tonality="7A" Label="Diynamic" Mix="">
      <TEMPO Inizio="0.086" Bpm="123.00" Metro="4/4" Battito="1" />
    </TRACK>
    <TRACK TrackID="111742720" Name="This Is Love (Original)" Artist="Javier Orduna, Mâhfoud" Composer="" Album="This Is Love" Grouping="" Genre="House/Deep/Melodic" Kind="AIFF File" Size="75691438" TotalTime="428" DiscNumber="0" TrackNumber="1" Year="2019" AverageBpm="122.00" DateAdded="2020-10-26" BitRate="1411" SampleRate="44100" Comments="12A - 5" PlayCount="1" Rating="0" Location="file://localhost/Users/zachvp/Music/DJ/12305568_This_Is_Love_(Original).aiff" Remixer="" Tonality="12A" Label="BarrÃ© Music" Mix="">
      <TEMPO Inizio="0.037" Bpm="122.00" Metro="4/4" Battito="1" />
    </TRACK>
    <TRACK TrackID="153226212" Name="Open Your Eyes (Original Mix)" Artist="Melody's Enemy" Composer="" Album="Open Your Eyes" Grouping="" Genre="House/Techno/" Kind="AIFF File" Size="91399688" TotalTime="517" DiscNumber="0" TrackNumber="1" Year="2018" AverageBpm="126.00" DateAdded="2020-10-26" BitRate="1411" SampleRate="44100" Comments="9A - 6" PlayCount="1" Rating="0" Location="file://localhost/Users/zachvp/Music/DJ/11242412_Open_Your_Eyes_(Original_Mix).aiff" Remixer="" Tonality="9A" Label="Phobiq" Mix="">
      <TEMPO Inizio="0.038" Bpm="126.00" Metro="4/4" Battito="4" />
    </TRACK>
    <TRACK TrackID="200145528" Name="Love Your Illusion (Original Mix)" Artist="Eric Volta" Composer="" Album="Eric Volta" Grouping="" Genre="House/Tech/Indie/Retro" Kind="AIFF File" Size="98632302" TotalTime="558" DiscNumber="0" TrackNumber="1" Year="2013" AverageBpm="124.01" DateAdded="2020-10-26" BitRate="1411" SampleRate="44100" Comments="7A - 5" PlayCount="0" Rating="0" Location="file://localhost/Users/zachvp/Music/DJ/4823680_Love_Your_Illusion_(Original_Mix).aiff" Remixer="" Tonality="7A" Label="No.19 Music" Mix="">
      <TEMPO Inizio="0.003" Bpm="124.01" Metro="4/4" Battito="1" />
    </TRACK>
    <TRACK TrackID="94574589" Name="Men Of No Purpose (Original Mix)" Artist="Marino Canal" Composer="" Album="Siamese Anthology II" Grouping="" Genre="House/Techno/Downtempo" Kind="AIFF File" Size="70714368" TotalTime="399" DiscNumber="0" TrackNumber="1" Year="2018" AverageBpm="120.00" DateAdded="2020-10-26" BitRate="1411" SampleRate="44100" Comments="6A - 6" PlayCount="1" Rating="0" Location="file://localhost/Users/zachvp/Music/DJ/10562667_Men_Of_No_Purpose_(Original_Mix).aiff" Remixer="" Tonality="6A" Label="Siamese" Mix="">
      <TEMPO Inizio="0.455" Bpm="120.00" Metro="4/4" Battito="1" />
    </TRACK>
    <TRACK TrackID="163202369" Name="Ann (Original)" Artist="Valentinø" Composer="" Album="Ann" Grouping="" Genre="House/Techno/" Kind="AIFF File" Size="60584724" TotalTime="342" DiscNumber="0" TrackNumber="1" Year="2019" AverageBpm="130.00" DateAdded="2020-10-26" BitRate="1411" SampleRate="44100" Comments="1A - 7" PlayCount="0" Rating="0" Location="file://localhost/Users/zachvp/Music/DJ/12006200_Ann_(Original).aiff" Remixer="" Tonality="1A" Label="Ellora" Mix="">
      <TEMPO Inizio="0.016" Bpm="130.00" Metro="4/4" Battito="1" />
    </TRACK>
    <TRACK TrackID="53856601" Name="Purple Groove (Original Mix)" Artist="Nikolai" Composer="" Album="Purple Groove" Grouping="" Genre="House/Tech/Groove" Kind="AIFF File" Size="77936384" TotalTime="441" DiscNumber="0" TrackNumber="1" Year="2017" AverageBpm="124.00" DateAdded="2020-10-26" BitRate="1411" SampleRate="44100" Comments="9A - 6" PlayCount="1" Rating="0" Location="file://localhost/Users/zachvp/Music/DJ/8950388_Purple_Groove_(Original_Mix).aiff" Remixer="" Tonality="9A" Label="SolÃ¤ (Believe)" Mix="">
      <TEMPO Inizio="0.019" Bpm="124.00" Metro="4/4" Battito="1" />
    </TRACK>
    <TRACK TrackID="107311678" Name="Same Man (Original Mix)" Artist="Franky Rizardo" Composer="" Album="Same Man" Grouping="" Genre="House/Tech/" Kind="AIFF File" Size="68599868" TotalTime="388" DiscNumber="0" TrackNumber="1" Year="2017" AverageBpm="125.00" DateAdded="2020-10-26" BitRate="1411" SampleRate="44100" Comments="9A - 6" PlayCount="0" Rating="0" Location="file://localhost/Users/zachvp/Music/DJ/8861639_Same_Man_(Original_Mix).aiff" Remixer="" Tonality="9A" Label="Defected" Mix="">
      <TEMPO Inizio="0.024" Bpm="125.00" Metro="4/4" Battito="1" />
    </TRACK>
    <TRACK TrackID="205332489" Name="Through The Pain (Joaquin Joe Claussell's Modulated Turtured Dub)" Artist="AWAY Soundsystem" Composer="" Album="Through The Pain EP" Grouping="" Genre="House/Deep/Tech/Spacey" Kind="AIFF File" Size="111979514" TotalTime="634" DiscNumber="0" TrackNumber="2" Year="2017" AverageBpm="125.00" DateAdded="2020-10-26" BitRate="1411" SampleRate="44100" Comments="4A - 6" PlayCount="1" Rating="0" Location="file://localhost/Users/zachvp/Music/DJ/9135841_Through_The_Pain_(Joaquin_Joe_Claussell%27s_Modulated_Turtured_Dub).aiff" Remixer="Joe Claussell" Tonality="4A" Label="AWAY" Mix="">
      <TEMPO Inizio="0.252" Bpm="125.00" Metro="4/4" Battito="1" />
    </TRACK>
    <TRACK TrackID="214778867" Name="I'll Be Your Friend (Jamie Jones Burning Boat Remix)" Artist="Robert Owens" Composer="" Album="I'll Be Your Friend" Grouping="" Genre="House/Tech/Groove" Kind="AIFF File" Size="67625132" TotalTime="382" DiscNumber="0" TrackNumber="2" Year="2011" AverageBpm="121.89" DateAdded="2020-10-26" BitRate="1411" SampleRate="44100" Comments="2A - 5" PlayCount="2" Rating="0" Location="file://localhost/Users/zachvp/Music/DJ/1963666_I%27ll_Be_Your_Friend_(Jamie_Jones_Burning_Boat_Remix).aiff" Remixer="Jamie Jones" Tonality="2A" Label="1trax" Mix="">
      <TEMPO Inizio="0.025" Bpm="121.89" Metro="4/4" Battito="1" />
      <TEMPO Inizio="1.010" Bpm="121.89" Metro="4/4" Battito="3" />
      <TEMPO Inizio="215.138" Bpm="121.89" Metro="4/4" Battito="2" />
    </TRACK>
    <TRACK TrackID="17733620" Name="Mercurial (Original Mix)" Artist="Marino Canal" Composer="" Album="Strain" Grouping="" Genre="House/Deep/Tech/" Kind="AIFF File" Size="63768386" TotalTime="361" DiscNumber="0" TrackNumber="2" Year="2015" AverageBpm="123.00" DateAdded="2020-10-26" BitRate="1411" SampleRate="44100" Comments="6A - 4" PlayCount="1" Rating="0" Location="file://localhost/Users/zachvp/Music/DJ/6686039_Mercurial_(Original_Mix).aiff" Remixer="" Tonality="6A" Label="MOOD" Mix="">
      <TEMPO Inizio="0.094" Bpm="123.00" Metro="4/4" Battito="1" />
    </TRACK>
    <TRACK TrackID="66682513" Name="Strain (Original Mix)" Artist="Marino Canal" Composer="" Album="Strain" Grouping="" Genre="House/Deep/Tech/" Kind="AIFF File" Size="70404872" TotalTime="398" DiscNumber="0" TrackNumber="1" Year="2015" AverageBpm="123.00" DateAdded="2020-10-26" BitRate="1411" SampleRate="44100" Comments="4A - 6" PlayCount="12" Rating="0" Location="file://localhost/Users/zachvp/Music/DJ/6686038_Strain_(Original_Mix).aiff" Remixer="" Tonality="4A" Label="MOOD" Mix="">
      <TEMPO Inizio="0.106" Bpm="123.00" Metro="4/4" Battito="1" />
    </TRACK>
    <TRACK TrackID="217531819" Name="Yoss (Original Mix)" Artist="Peter Makto, Gregory S" Composer="" Album="Friends" Grouping="" Genre="House/Deep/Tech/Spacey" Kind="AIFF File" Size="74892212" TotalTime="423" DiscNumber="0" TrackNumber="3" Year="2016" AverageBpm="123.00" DateAdded="2020-11-10" BitRate="1411" SampleRate="44100" Comments="9A - 5" PlayCount="2" Rating="0" Location="file://localhost/Users/zachvp/Music/DJ/8673919_Yoss_(Original_Mix).aiff" Remixer="" Tonality="9A" Label="Bondage Music" Mix="">
      <TEMPO Inizio="0.219" Bpm="123.00" Metro="4/4" Battito="1" />
    </TRACK>
    <TRACK TrackID="125435847" Name="I Remember (303 Version)" Artist="KiNK" Composer="" Album="Piano Power" Grouping="" Genre="House/Tech/Hard" Kind="AIFF File" Size="80129842" TotalTime="453" DiscNumber="0" TrackNumber="4" Year="2019" AverageBpm="127.00" DateAdded="2020-11-10" BitRate="1411" SampleRate="44100" Comments="8A - 6" PlayCount="2" Rating="0" Location="file://localhost/Users/zachvp/Music/DJ/12028751_I_Remember_(303_Version).aiff" Remixer="" Tonality="8A" Label="Running Back" Mix="">
      <TEMPO Inizio="0.201" Bpm="127.00" Metro="4/4" Battito="1" />
      <TEMPO Inizio="384.296" Bpm="127.00" Metro="4/4" Battito="2" />
    </TRACK>
    <TRACK TrackID="132971111" Name="Combination 02 (Original Mix)" Artist="JPLS" Composer="" Album="Combination" Grouping="" Genre="House/Deep/Tech/Spacey" Kind="AIFF File" Size="63392980" TotalTime="358" DiscNumber="0" TrackNumber="2" Year="2008" AverageBpm="124.00" DateAdded="2020-11-10" BitRate="1411" SampleRate="44100" Comments="9A - 5" PlayCount="0" Rating="0" Location="file://localhost/Users/zachvp/Music/DJ/13341375_Combination_02_(Original_Mix).aiff" Remixer="" Tonality="9A" Label="Minus" Mix="">
      <TEMPO Inizio="0.041" Bpm="124.00" Metro="4/4" Battito="1" />
    </TRACK>
    <TRACK TrackID="54886294" Name="Hard To Find (Original Mix)" Artist="Sian, AG Fernandez" Composer="" Album="Capital Crimewave" Grouping="" Genre="House/Techno/Acid" Kind="AIFF File" Size="48399842" TotalTime="273" DiscNumber="0" TrackNumber="13" Year="2017" AverageBpm="120.00" DateAdded="2020-11-10" BitRate="1411" SampleRate="44100" Comments="8A - 6" PlayCount="0" Rating="0" Location="file://localhost/Users/zachvp/Music/DJ/8991656_Hard_To_Find_(Original_Mix).aiff" Remixer="" Tonality="8A" Label="Octopus Records" Mix="">
      <TEMPO Inizio="0.003" Bpm="120.00" Metro="4/4" Battito="1" />
      <TEMPO Inizio="23.504" Bpm="120.00" Metro="4/4" Battito="4" />
      <TEMPO Inizio="24.003" Bpm="120.00" Metro="4/4" Battito="1" />
      <TEMPO Inizio="24.504" Bpm="120.00" Metro="4/4" Battito="2" />
      <TEMPO Inizio="25.003" Bpm="120.00" Metro="4/4" Battito="3" />
      <TEMPO Inizio="25.504" Bpm="120.00" Metro="4/4" Battito="4" />
      <TEMPO Inizio="26.003" Bpm="120.00" Metro="4/4" Battito="1" />
      <TEMPO Inizio="26.504" Bpm="120.00" Metro="4/4" Battito="2" />
      <TEMPO Inizio="27.003" Bpm="120.00" Metro="4/4" Battito="3" />
      <TEMPO Inizio="27.504" Bpm="120.00" Metro="4/4" Battito="4" />
      <TEMPO Inizio="28.003" Bpm="120.00" Metro="4/4" Battito="1" />
      <TEMPO Inizio="28.504" Bpm="120.00" Metro="4/4" Battito="2" />
      <TEMPO Inizio="29.003" Bpm="120.00" Metro="4/4" Battito="3" />
      <TEMPO Inizio="29.504" Bpm="120.00" Metro="4/4" Battito="4" />
      <TEMPO Inizio="30.003" Bpm="120.00" Metro="4/4" Battito="1" />
      <TEMPO Inizio="30.504" Bpm="120.00" Metro="4/4" Battito="2" />
      <TEMPO Inizio="31.003" Bpm="120.00" Metro="4/4" Battito="3" />
      <TEMPO Inizio="31.504" Bpm="120.00" Metro="4/4" Battito="4" />
      <TEMPO Inizio="32.003" Bpm="120.00" Metro="4/4" Battito="1" />
      <TEMPO Inizio="32.504" Bpm="120.00" Metro="4/4" Battito="2" />
      <TEMPO Inizio="33.003" Bpm="120.00" Metro="4/4" Battito="3" />
      <TEMPO Inizio="33.504" Bpm="120.00" Metro="4/4" Battito="4" />
      <TEMPO Inizio="34.003" Bpm="120.00" Metro="4/4" Battito="1" />
      <TEMPO Inizio="34.504" Bpm="120.00" Metro="4/4" Battito="2" />
      <TEMPO Inizio="35.003" Bpm="120.00" Metro="4/4" Battito="3" />
      <TEMPO Inizio="35.504" Bpm="120.00" Metro="4/4" Battito="4" />
      <TEMPO Inizio="36.003" Bpm="120.00" Metro="4/4" Battito="1" />
      <TEMPO Inizio="36.504" Bpm="120.00" Metro="4/4" Battito="2" />
      <TEMPO Inizio="37.003" Bpm="120.00" Metro="4/4" Battito="3" />
      <TEMPO Inizio="37.504" Bpm="120.00" Metro="4/4" Battito="4" />
      <TEMPO Inizio="38.003" Bpm="120.00" Metro="4/4" Battito="1" />
      <TEMPO Inizio="38.504" Bpm="120.00" Metro="4/4" Battito="2" />
      <TEMPO Inizio="39.003" Bpm="120.00" Metro="4/4" Battito="3" />
      <TEMPO Inizio="39.504" Bpm="120.00" Metro="4/4" Battito="4" />
      <TEMPO Inizio="40.003" Bpm="120.00" Metro="4/4" Battito="1" />
      <TEMPO Inizio="40.504" Bpm="120.00" Metro="4/4" Battito="2" />
      <TEMPO Inizio="41.003" Bpm="120.00" Metro="4/4" Battito="3" />
      <TEMPO Inizio="41.504" Bpm="120.00" Metro="4/4" Battito="4" />
      <TEMPO Inizio="42.003" Bpm="120.00" Metro="4/4" Battito="1" />
      <TEMPO Inizio="42.504" Bpm="120.00" Metro="4/4" Battito="2" />
      <TEMPO Inizio="43.003" Bpm="120.00" Metro="4/4" Battito="3" />
      <TEMPO Inizio="43.504" Bpm="120.00" Metro="4/4" Battito="4" />
      <TEMPO Inizio="44.003" Bpm="120.00" Metro="4/4" Battito="1" />
      <TEMPO Inizio="44.504" Bpm="120.00" Metro="4/4" Battito="2" />
      <TEMPO Inizio="45.003" Bpm="120.00" Metro="4/4" Battito="3" />
      <TEMPO Inizio="45.504" Bpm="120.00" Metro="4/4" Battito="4" />
    </TRACK>
    <TRACK TrackID="48940610" Name="Move With Me (Original Mix)" Artist="Rudosa" Composer="" Album="Move With Me EP" Grouping="" Genre="House/Techno/Acid" Kind="AIFF File" Size="75988932" TotalTime="430" DiscNumber="0" TrackNumber="1" Year="2018" AverageBpm="129.00" DateAdded="2020-11-10" BitRate="1411" SampleRate="44100" Comments="7A - 6" PlayCount="0" Rating="0" Location="file://localhost/Users/zachvp/Music/DJ/10448719_Move_With_Me_(Original_Mix).aiff" Remixer="" Tonality="7A" Label="Suara" Mix="">
      <TEMPO Inizio="0.106" Bpm="129.00" Metro="4/4" Battito="1" />
      <TEMPO Inizio="174.060" Bpm="129.00" Metro="4/4" Battito="3" />
    </TRACK>
    <TRACK TrackID="132076496" Name="Vortex (Original Mix)" Artist="Rex The Dog" Composer="" Album="Vortex" Grouping="" Genre="House/Tech/Indie/Retro" Kind="AIFF File" Size="80403700" TotalTime="455" DiscNumber="0" TrackNumber="1" Year="2019" AverageBpm="124.00" DateAdded="2020-11-10" BitRate="1411" SampleRate="44100" Comments="5A - 5" PlayCount="7" Rating="0" Location="file://localhost/Users/zachvp/Music/DJ/11994720_Vortex_(Original_Mix).aiff" Remixer="" Tonality="5A" Label="Kompakt" Mix="">
      <TEMPO Inizio="0.013" Bpm="124.00" Metro="4/4" Battito="1" />
      <POSITION_MARK Name="" Type="0" Start="412.246" Num="-1" />
      <POSITION_MARK Name="" Type="0" Start="17.412" Num="-1" />
      <POSITION_MARK Name="" Type="0" Start="1.956" Num="-1" />
    </TRACK>
    <TRACK TrackID="1521087" Name="Submissive (Chaim Remix)" Artist="Upercent, Knowkontrol" Composer="" Album="microCastle 2018 Collection" Grouping="" Genre="House/Deep/Tech/" Kind="AIFF File" Size="70797246" TotalTime="400" DiscNumber="0" TrackNumber="2" Year="2018" AverageBpm="120.00" DateAdded="2020-11-10" BitRate="1411" SampleRate="44100" Comments="12A - 4" PlayCount="1" Rating="0" Location="file://localhost/Users/zachvp/Music/DJ/11339819_Submissive_(Chaim_Remix).aiff" Remixer="Chaim" Tonality="12A" Label="microCastle" Mix="">
      <TEMPO Inizio="0.226" Bpm="120.00" Metro="4/4" Battito="2" />
      <TEMPO Inizio="193.227" Bpm="120.00" Metro="4/4" Battito="4" />
      <TEMPO Inizio="193.726" Bpm="120.00" Metro="4/4" Battito="1" />
      <TEMPO Inizio="194.227" Bpm="120.00" Metro="4/4" Battito="2" />
      <TEMPO Inizio="194.726" Bpm="120.00" Metro="4/4" Battito="3" />
      <TEMPO Inizio="195.227" Bpm="120.00" Metro="4/4" Battito="4" />
      <TEMPO Inizio="195.726" Bpm="120.00" Metro="4/4" Battito="1" />
      <TEMPO Inizio="196.227" Bpm="120.00" Metro="4/4" Battito="2" />
      <TEMPO Inizio="196.726" Bpm="120.00" Metro="4/4" Battito="3" />
      <TEMPO Inizio="197.227" Bpm="120.00" Metro="4/4" Battito="4" />
      <TEMPO Inizio="197.726" Bpm="120.00" Metro="4/4" Battito="1" />
      <TEMPO Inizio="198.227" Bpm="120.00" Metro="4/4" Battito="2" />
      <TEMPO Inizio="198.726" Bpm="120.00" Metro="4/4" Battito="3" />
      <TEMPO Inizio="199.227" Bpm="120.00" Metro="4/4" Battito="4" />
      <TEMPO Inizio="199.726" Bpm="120.00" Metro="4/4" Battito="1" />
      <TEMPO Inizio="200.227" Bpm="120.00" Metro="4/4" Battito="2" />
      <TEMPO Inizio="200.726" Bpm="120.00" Metro="4/4" Battito="3" />
      <TEMPO Inizio="201.227" Bpm="120.00" Metro="4/4" Battito="4" />
      <TEMPO Inizio="201.726" Bpm="120.00" Metro="4/4" Battito="1" />
      <TEMPO Inizio="202.227" Bpm="120.00" Metro="4/4" Battito="2" />
      <TEMPO Inizio="202.726" Bpm="120.00" Metro="4/4" Battito="3" />
      <TEMPO Inizio="203.227" Bpm="120.00" Metro="4/4" Battito="4" />
      <TEMPO Inizio="203.726" Bpm="120.00" Metro="4/4" Battito="1" />
      <TEMPO Inizio="204.227" Bpm="120.00" Metro="4/4" Battito="2" />
      <TEMPO Inizio="204.726" Bpm="120.00" Metro="4/4" Battito="3" />
      <TEMPO Inizio="205.227" Bpm="120.00" Metro="4/4" Battito="4" />
      <TEMPO Inizio="205.726" Bpm="120.00" Metro="4/4" Battito="1" />
      <TEMPO Inizio="206.227" Bpm="120.00" Metro="4/4" Battito="2" />
      <TEMPO Inizio="206.726" Bpm="120.00" Metro="4/4" Battito="3" />
      <TEMPO Inizio="207.227" Bpm="120.00" Metro="4/4" Battito="4" />
      <TEMPO Inizio="207.726" Bpm="120.00" Metro="4/4" Battito="1" />
      <TEMPO Inizio="208.227" Bpm="120.00" Metro="4/4" Battito="2" />
      <TEMPO Inizio="208.726" Bpm="120.00" Metro="4/4" Battito="3" />
      <TEMPO Inizio="209.227" Bpm="120.00" Metro="4/4" Battito="4" />
      <TEMPO Inizio="209.726" Bpm="120.00" Metro="4/4" Battito="1" />
      <TEMPO Inizio="210.227" Bpm="120.00" Metro="4/4" Battito="2" />
      <TEMPO Inizio="210.726" Bpm="120.00" Metro="4/4" Battito="3" />
      <TEMPO Inizio="211.227" Bpm="120.00" Metro="4/4" Battito="4" />
      <TEMPO Inizio="211.726" Bpm="120.00" Metro="4/4" Battito="1" />
      <TEMPO Inizio="212.227" Bpm="120.00" Metro="4/4" Battito="2" />
      <TEMPO Inizio="212.726" Bpm="120.00" Metro="4/4" Battito="3" />
      <TEMPO Inizio="213.227" Bpm="120.00" Metro="4/4" Battito="4" />
      <TEMPO Inizio="213.726" Bpm="120.00" Metro="4/4" Battito="1" />
      <TEMPO Inizio="214.227" Bpm="120.00" Metro="4/4" Battito="2" />
      <TEMPO Inizio="214.726" Bpm="120.00" Metro="4/4" Battito="3" />
      <TEMPO Inizio="215.227" Bpm="120.00" Metro="4/4" Battito="4" />
      <TEMPO Inizio="215.726" Bpm="120.00" Metro="4/4" Battito="1" />
      <TEMPO Inizio="216.227" Bpm="120.00" Metro="4/4" Battito="2" />
      <TEMPO Inizio="216.726" Bpm="120.00" Metro="4/4" Battito="3" />
      <TEMPO Inizio="217.227" Bpm="120.00" Metro="4/4" Battito="4" />
      <TEMPO Inizio="217.726" Bpm="120.00" Metro="4/4" Battito="1" />
      <TEMPO Inizio="218.227" Bpm="120.00" Metro="4/4" Battito="2" />
      <TEMPO Inizio="218.726" Bpm="120.00" Metro="4/4" Battito="3" />
      <TEMPO Inizio="219.227" Bpm="120.00" Metro="4/4" Battito="4" />
      <TEMPO Inizio="219.726" Bpm="120.00" Metro="4/4" Battito="1" />
      <TEMPO Inizio="220.227" Bpm="120.00" Metro="4/4" Battito="2" />
      <TEMPO Inizio="220.726" Bpm="120.00" Metro="4/4" Battito="3" />
      <TEMPO Inizio="221.227" Bpm="120.00" Metro="4/4" Battito="4" />
      <TEMPO Inizio="221.726" Bpm="120.00" Metro="4/4" Battito="1" />
      <TEMPO Inizio="222.227" Bpm="120.00" Metro="4/4" Battito="2" />
      <TEMPO Inizio="222.726" Bpm="120.00" Metro="4/4" Battito="3" />
      <TEMPO Inizio="223.227" Bpm="120.00" Metro="4/4" Battito="4" />
      <TEMPO Inizio="223.726" Bpm="120.00" Metro="4/4" Battito="1" />
      <TEMPO Inizio="224.227" Bpm="120.00" Metro="4/4" Battito="2" />
      <TEMPO Inizio="224.726" Bpm="120.00" Metro="4/4" Battito="3" />
      <TEMPO Inizio="225.227" Bpm="120.00" Metro="4/4" Battito="4" />
      <TEMPO Inizio="225.726" Bpm="120.00" Metro="4/4" Battito="1" />
      <TEMPO Inizio="226.227" Bpm="120.00" Metro="4/4" Battito="2" />
      <TEMPO Inizio="226.726" Bpm="120.00" Metro="4/4" Battito="3" />
      <TEMPO Inizio="227.227" Bpm="120.00" Metro="4/4" Battito="4" />
      <TEMPO Inizio="227.726" Bpm="120.00" Metro="4/4" Battito="1" />
      <TEMPO Inizio="228.227" Bpm="120.00" Metro="4/4" Battito="2" />
      <TEMPO Inizio="228.726" Bpm="120.00" Metro="4/4" Battito="3" />
      <TEMPO Inizio="229.227" Bpm="120.00" Metro="4/4" Battito="4" />
      <TEMPO Inizio="229.726" Bpm="120.00" Metro="4/4" Battito="1" />
      <TEMPO Inizio="230.227" Bpm="120.00" Metro="4/4" Battito="2" />
      <POSITION_MARK Name="" Type="0" Start="24.726" Num="-1" />
    </TRACK>
    <TRACK TrackID="64073322" Name="Keep Me Closer (Original Mix)" Artist="Daniell C, A++" Composer="" Album="Keep Me Closer" Grouping="" Genre="House/Techno/Sinister" Kind="AIFF File" Size="73128812" TotalTime="413" DiscNumber="0" TrackNumber="1" Year="2015" AverageBpm="126.00" DateAdded="2020-11-10" BitRate="1411" SampleRate="44100" Comments="7A - 6" PlayCount="6" Rating="0" Location="file://localhost/Users/zachvp/Music/DJ/6497205_Keep_Me_Closer_(Original_Mix).aiff" Remixer="" Tonality="7A" Label="MYSELF MUSIC" Mix="">
      <TEMPO Inizio="0.002" Bpm="126.00" Metro="4/4" Battito="1" />
      <TEMPO Inizio="0.955" Bpm="126.00" Metro="4/4" Battito="3" />
      <TEMPO Inizio="177.146" Bpm="126.00" Metro="4/4" Battito="1" />
      <TEMPO Inizio="393.337" Bpm="126.00" Metro="4/4" Battito="3" />
    </TRACK>
    <TRACK TrackID="131861543" Name="Lefty's Bar (Brame &amp; Hamo Remix)" Artist="Fouk" Composer="" Album="The Roundup Pt. 2" Grouping="" Genre="House/Deep/Tech/Jazzy" Kind="AIFF File" Size="65138596" TotalTime="368" DiscNumber="0" TrackNumber="1" Year="2015" AverageBpm="120.00" DateAdded="2020-11-10" BitRate="1411" SampleRate="44100" Comments="7A - 6" PlayCount="2" Rating="0" Location="file://localhost/Users/zachvp/Music/DJ/7222844_Lefty%27s_Bar_(Brame_%26_Hamo_Remix).aiff" Remixer="Brame, Hamo" Tonality="7A" Label="Heist Recordings" Mix="">
      <TEMPO Inizio="0.092" Bpm="120.00" Metro="4/4" Battito="1" />
      <TEMPO Inizio="151.591" Bpm="120.00" Metro="4/4" Battito="4" />
      <POSITION_MARK Name="" Type="0" Start="16.094" Num="-1" />
      <POSITION_MARK Name="" Type="0" Start="304.093" Num="-1" />
      <POSITION_MARK Name="" Type="0" Start="320.094" Num="-1" />
      <POSITION_MARK Name="" Type="0" Start="0.000" Num="-1" />
    </TRACK>
    <TRACK TrackID="99890584" Name="Kiss Me (Original Mix)" Artist="Yirvin, Alberto Dimeo, Rafael Drager" Composer="" Album="Kiss Me EP" Grouping="" Genre="House/Tech/Organic" Kind="AIFF File" Size="67613898" TotalTime="382" DiscNumber="0" TrackNumber="1" Year="2020" AverageBpm="126.08" DateAdded="2020-11-10" BitRate="1411" SampleRate="44100" Comments="5A - 6" PlayCount="1" Rating="0" Location="file://localhost/Users/zachvp/Music/DJ/14383780_Kiss_Me_(Original_Mix).aiff" Remixer="" Tonality="5A" Label="Music is 4 Lovers" Mix="">
      <TEMPO Inizio="0.222" Bpm="126.08" Metro="4/4" Battito="1" />
      <POSITION_MARK Name="" Type="0" Start="30.661" Num="-1" />
      <POSITION_MARK Name="" Type="0" Start="61.124" Num="-1" />
      <POSITION_MARK Name="" Type="0" Start="122.042" Num="-1" />
      <POSITION_MARK Name="" Type="0" Start="274.355" Num="-1" />
      <POSITION_MARK Name="" Type="0" Start="304.790" Num="-1" />
    </TRACK>
    <TRACK TrackID="14583839" Name="Mindfulness (Imran Khan Remix)" Artist="Savvas" Composer="" Album="Mindfulness" Grouping="" Genre="House/Deep/Melodic" Kind="AIFF File" Size="75431126" TotalTime="426" DiscNumber="0" TrackNumber="2" Year="2019" AverageBpm="120.00" DateAdded="2020-11-10" BitRate="1411" SampleRate="44100" Comments="7A - 6" PlayCount="1" Rating="0" Location="file://localhost/Users/zachvp/Music/DJ/12424075_Mindfulness_(Imran_Khan_Remix).aiff" Remixer="Imran Khan" Tonality="7A" Label="Particles" Mix="">
      <TEMPO Inizio="0.003" Bpm="120.00" Metro="4/4" Battito="1" />
    </TRACK>
    <TRACK TrackID="48989312" Name="Addiction (Vallant Remix)" Artist="Fennec &amp; Wolf" Composer="" Album="Addiction" Grouping="" Genre="House/Deep/Melodic" Kind="AIFF File" Size="60329084" TotalTime="341" DiscNumber="0" TrackNumber="2" Year="2019" AverageBpm="125.00" DateAdded="2020-11-10" BitRate="1411" SampleRate="44100" Comments="4A - 5" PlayCount="1" Rating="0" Location="file://localhost/Users/zachvp/Music/DJ/12707943_Addiction_(Vallant_Remix).aiff" Remixer="VALLANT" Tonality="4A" Label="Incroyable Music" Mix="">
      <TEMPO Inizio="0.195" Bpm="125.00" Metro="4/4" Battito="1" />
      <TEMPO Inizio="262.756" Bpm="125.00" Metro="4/4" Battito="4" />
      <POSITION_MARK Name="" Type="0" Start="15.534" Num="-1" />
    </TRACK>
    <TRACK TrackID="15204803" Name="UR Sleeping (Original Mix)" Artist="Yotam Avni" Composer="" Album="Synchronicity" Grouping="" Genre="House/Techno/Sinister" Kind="AIFF File" Size="76317950" TotalTime="432" DiscNumber="0" TrackNumber="2" Year="2016" AverageBpm="125.00" DateAdded="2020-11-10" BitRate="1411" SampleRate="44100" Comments="6A - 5" PlayCount="6" Rating="0" Location="file://localhost/Users/zachvp/Music/DJ/7698959_UR_Sleeping_(Original_Mix).aiff" Remixer="" Tonality="6A" Label="Be As One" Mix="">
      <TEMPO Inizio="0.117" Bpm="125.00" Metro="4/4" Battito="1" />
      <TEMPO Inizio="105.238" Bpm="125.00" Metro="4/4" Battito="4" />
    </TRACK>
    <TRACK TrackID="163835319" Name="Lost Days (Original Mix)" Artist="Greg Gow" Composer="" Album="Lost Days LP" Grouping="" Genre="House/Techno/" Kind="AIFF File" Size="84160684" TotalTime="476" DiscNumber="0" TrackNumber="5" Year="2017" AverageBpm="122.00" DateAdded="2020-11-10" BitRate="1411" SampleRate="44100" Comments="12A - 5" PlayCount="1" Rating="0" Location="file://localhost/Users/zachvp/Music/DJ/9179063_Lost_Days_(Original_Mix).aiff" Remixer="" Tonality="12A" Label="Social Experiment Records" Mix="">
      <TEMPO Inizio="0.207" Bpm="122.00" Metro="4/4" Battito="1" />
    </TRACK>
    <TRACK TrackID="100873543" Name="Insular Realms (Mind Against Remix)" Artist="Hakimonu" Composer="" Album="Insular Realms Remixes" Grouping="" Genre="House/Techno/Downtempo" Kind="AIFF File" Size="68959638" TotalTime="390" DiscNumber="0" TrackNumber="1" Year="2017" AverageBpm="128.00" DateAdded="2020-11-10" BitRate="1411" SampleRate="44100" Comments="5A - 7" PlayCount="0" Rating="0" Location="file://localhost/Users/zachvp/Music/DJ/9331373_Insular_Realms_(Mind_Against_Remix).aiff" Remixer="Mind Against" Tonality="5A" Label="Black Crow Recordings" Mix="">
      <TEMPO Inizio="0.102" Bpm="128.00" Metro="4/4" Battito="1" />
    </TRACK>
    <TRACK TrackID="238350138" Name="Rame (Original Mix)" Artist="Italobros" Composer="" Album="Sensazioni EP" Grouping="" Genre="House/Tech/Organic" Kind="AIFF File" Size="65946236" TotalTime="373" DiscNumber="0" TrackNumber="3" Year="2020" AverageBpm="126.00" DateAdded="2020-11-10" BitRate="1411" SampleRate="44100" Comments="5A - 6" PlayCount="5" Rating="0" Location="file://localhost/Users/zachvp/Music/DJ/13143170_Rame_(Original_Mix).aiff" Remixer="" Tonality="5A" Label="Under No Illusion" Mix="">
      <TEMPO Inizio="0.008" Bpm="126.00" Metro="4/4" Battito="1" />
      <TEMPO Inizio="0.961" Bpm="126.00" Metro="4/4" Battito="3" />
      <TEMPO Inizio="326.198" Bpm="126.00" Metro="4/4" Battito="2" />
      <POSITION_MARK Name="" Type="0" Start="30.489" Num="-1" />
      <POSITION_MARK Name="" Type="0" Start="60.953" Num="-1" />
      <POSITION_MARK Name="" Type="0" Start="91.432" Num="-1" />
      <POSITION_MARK Name="" Type="0" Start="243.818" Num="-1" />
      <POSITION_MARK Name="" Type="0" Start="304.770" Num="-1" />
      <POSITION_MARK Name="" Type="0" Start="160.002" Num="-1" />
    </TRACK>
    <TRACK TrackID="224476017" Name="Luos Onhcet (Original Mix)" Artist="Marcos In Dub" Composer="" Album="Raw Cuts, Vol. 4" Grouping="" Genre="House/Deep/Tech/Dubby" Kind="AIFF File" Size="86210792" TotalTime="488" DiscNumber="0" TrackNumber="1" Year="2015" AverageBpm="124.00" DateAdded="2020-11-10" BitRate="1411" SampleRate="44100" Comments="9A - 6" PlayCount="2" Rating="0" Location="file://localhost/Users/zachvp/Music/DJ/6231483_Luos_Onhcet_(Original_Mix).aiff" Remixer="" Tonality="9A" Label="Snatch! Records" Mix="">
      <TEMPO Inizio="0.025" Bpm="124.00" Metro="4/4" Battito="1" />
    </TRACK>
    <TRACK TrackID="50873106" Name="DIY (Original Mix)" Artist="Keep Shelly In Athens" Composer="" Album="At Home" Grouping="" Genre="Lounge/Indie" Kind="AIFF File" Size="39759074" TotalTime="224" DiscNumber="0" TrackNumber="9" Year="2013" AverageBpm="120.00" DateAdded="2020-11-10" BitRate="1411" SampleRate="44100" Comments="10A - 5" PlayCount="0" Rating="0" Location="file://localhost/Users/zachvp/Music/DJ/9672039_DIY_(Original_Mix).aiff" Remixer="" Tonality="10A" Label="Cascine (Redeye)" Mix="">
      <TEMPO Inizio="0.250" Bpm="120.00" Metro="4/4" Battito="1" />
      <TEMPO Inizio="0.751" Bpm="120.00" Metro="4/4" Battito="2" />
      <TEMPO Inizio="1.250" Bpm="120.00" Metro="4/4" Battito="3" />
      <TEMPO Inizio="1.751" Bpm="120.00" Metro="4/4" Battito="4" />
      <TEMPO Inizio="2.250" Bpm="120.00" Metro="4/4" Battito="1" />
      <TEMPO Inizio="2.751" Bpm="120.00" Metro="4/4" Battito="2" />
      <TEMPO Inizio="3.250" Bpm="120.00" Metro="4/4" Battito="3" />
      <TEMPO Inizio="3.751" Bpm="120.00" Metro="4/4" Battito="4" />
      <TEMPO Inizio="4.250" Bpm="120.00" Metro="4/4" Battito="1" />
      <TEMPO Inizio="4.751" Bpm="120.00" Metro="4/4" Battito="2" />
      <TEMPO Inizio="5.250" Bpm="120.00" Metro="4/4" Battito="3" />
      <TEMPO Inizio="5.751" Bpm="120.00" Metro="4/4" Battito="4" />
      <TEMPO Inizio="6.250" Bpm="120.00" Metro="4/4" Battito="1" />
      <TEMPO Inizio="6.751" Bpm="120.00" Metro="4/4" Battito="2" />
      <TEMPO Inizio="7.250" Bpm="120.00" Metro="4/4" Battito="3" />
      <TEMPO Inizio="7.751" Bpm="120.00" Metro="4/4" Battito="4" />
      <TEMPO Inizio="8.250" Bpm="120.00" Metro="4/4" Battito="1" />
      <TEMPO Inizio="8.751" Bpm="120.00" Metro="4/4" Battito="2" />
      <TEMPO Inizio="9.250" Bpm="120.00" Metro="4/4" Battito="3" />
      <TEMPO Inizio="9.751" Bpm="120.00" Metro="4/4" Battito="4" />
      <TEMPO Inizio="10.250" Bpm="120.00" Metro="4/4" Battito="1" />
      <TEMPO Inizio="10.751" Bpm="120.00" Metro="4/4" Battito="2" />
      <TEMPO Inizio="11.250" Bpm="120.00" Metro="4/4" Battito="3" />
      <TEMPO Inizio="11.751" Bpm="120.00" Metro="4/4" Battito="4" />
      <TEMPO Inizio="12.250" Bpm="120.00" Metro="4/4" Battito="1" />
      <TEMPO Inizio="12.751" Bpm="120.00" Metro="4/4" Battito="2" />
      <TEMPO Inizio="13.250" Bpm="120.00" Metro="4/4" Battito="3" />
      <TEMPO Inizio="13.751" Bpm="120.00" Metro="4/4" Battito="4" />
      <TEMPO Inizio="14.250" Bpm="120.00" Metro="4/4" Battito="1" />
      <TEMPO Inizio="14.751" Bpm="120.00" Metro="4/4" Battito="2" />
      <TEMPO Inizio="15.250" Bpm="120.00" Metro="4/4" Battito="3" />
      <TEMPO Inizio="15.751" Bpm="120.00" Metro="4/4" Battito="4" />
      <TEMPO Inizio="16.250" Bpm="120.00" Metro="4/4" Battito="1" />
      <TEMPO Inizio="16.751" Bpm="120.00" Metro="4/4" Battito="2" />
    </TRACK>
    <TRACK TrackID="252128882" Name="Turn The Lights (Nick Curly Remix)" Artist="Christian Smith" Composer="" Album="Turn The Lights / Price Of Freedom" Grouping="" Genre="House/Techno/Downtempo" Kind="AIFF File" Size="73215510" TotalTime="414" DiscNumber="0" TrackNumber="1" Year="2016" AverageBpm="125.00" DateAdded="2020-11-10" BitRate="1411" SampleRate="44100" Comments="4A - 5" PlayCount="2" Rating="0" Location="file://localhost/Users/zachvp/Music/DJ/7857130_Turn_The_Lights_(Nick_Curly_Remix).aiff" Remixer="Nick Curly" Tonality="4A" Label="Tronic" Mix="">
      <TEMPO Inizio="0.008" Bpm="125.00" Metro="4/4" Battito="1" />
    </TRACK>
    <TRACK TrackID="217633986" Name="Got Groove (Original Mix)" Artist="Prok &amp; Fitch" Composer="" Album="Got EP" Grouping="" Genre="House/Tech/" Kind="AIFF File" Size="73509134" TotalTime="416" DiscNumber="0" TrackNumber="1" Year="2016" AverageBpm="123.00" DateAdded="2020-11-10" BitRate="1411" SampleRate="44100" Comments="6A - 6" PlayCount="0" Rating="0" Location="file://localhost/Users/zachvp/Music/DJ/7867100_Got_Groove_(Original_Mix).aiff" Remixer="" Tonality="6A" Label="Stereo Productions" Mix="">
      <TEMPO Inizio="0.010" Bpm="123.00" Metro="4/4" Battito="4" />
    </TRACK>
    <TRACK TrackID="122175051" Name="I Can't Get No Sleep (Choice Hip Hop Mix)" Artist="Masters At Work, India" Composer="" Album="I Can't Get No Sleep" Grouping="" Genre="Lounge/Indie" Kind="AIFF File" Size="47986566" TotalTime="270" DiscNumber="0" TrackNumber="3" Year="1995" AverageBpm="96.01" DateAdded="2020-11-11" BitRate="1411" SampleRate="44100" Comments="6A - 5" PlayCount="1" Rating="0" Location="file://localhost/Users/zachvp/Music/DJ/250218_I_Can_t_Get_No_Sleep_Choice_Hip_Hop_Mix.aiff" Remixer="Little Louie Vega, Kenny &quot;Dope&quot; Gonzalez" Tonality="6A" Label="Cutting Records" Mix="">
      <TEMPO Inizio="0.064" Bpm="96.01" Metro="4/4" Battito="1" />
    </TRACK>
    <TRACK TrackID="159455362" Name="Lyk U Used 2 (Original Mix)" Artist="Moodymann, Andrés" Composer="" Album="Moodymann" Grouping="" Genre="Lounge/Indie" Kind="AIFF File" Size="60569480" TotalTime="342" DiscNumber="0" TrackNumber="6" Year="2014" AverageBpm="91.69" DateAdded="2020-11-11" BitRate="1411" SampleRate="44100" Comments="11A - 5" PlayCount="1" Rating="0" Location="file://localhost/Users/zachvp/Music/DJ/5243133_Lyk_U_Used_2_Original_Mix.aiff" Remixer="" Tonality="11A" Label="KDJ" Mix="">
      <TEMPO Inizio="0.159" Bpm="91.69" Metro="4/4" Battito="3" />
      <TEMPO Inizio="0.814" Bpm="91.69" Metro="4/4" Battito="4" />
      <TEMPO Inizio="17.174" Bpm="91.69" Metro="4/4" Battito="1" />
      <TEMPO Inizio="28.299" Bpm="91.69" Metro="4/4" Battito="2" />
      <TEMPO Inizio="44.659" Bpm="91.69" Metro="4/4" Battito="3" />
      <TEMPO Inizio="61.019" Bpm="91.69" Metro="4/4" Battito="4" />
      <TEMPO Inizio="77.379" Bpm="91.69" Metro="4/4" Battito="1" />
      <TEMPO Inizio="88.504" Bpm="91.69" Metro="4/4" Battito="2" />
      <TEMPO Inizio="104.864" Bpm="91.69" Metro="4/4" Battito="3" />
      <TEMPO Inizio="121.224" Bpm="91.69" Metro="4/4" Battito="4" />
      <TEMPO Inizio="137.584" Bpm="91.69" Metro="4/4" Battito="1" />
      <TEMPO Inizio="148.709" Bpm="91.69" Metro="4/4" Battito="2" />
      <TEMPO Inizio="165.069" Bpm="91.69" Metro="4/4" Battito="3" />
      <TEMPO Inizio="181.429" Bpm="91.69" Metro="4/4" Battito="4" />
      <TEMPO Inizio="192.554" Bpm="91.69" Metro="4/4" Battito="1" />
      <TEMPO Inizio="208.914" Bpm="91.69" Metro="4/4" Battito="2" />
      <TEMPO Inizio="225.274" Bpm="91.69" Metro="4/4" Battito="3" />
      <TEMPO Inizio="241.634" Bpm="91.69" Metro="4/4" Battito="4" />
      <TEMPO Inizio="252.759" Bpm="91.69" Metro="4/4" Battito="1" />
      <TEMPO Inizio="269.119" Bpm="91.69" Metro="4/4" Battito="2" />
      <TEMPO Inizio="285.479" Bpm="91.69" Metro="4/4" Battito="3" />
      <TEMPO Inizio="301.839" Bpm="91.69" Metro="4/4" Battito="4" />
      <TEMPO Inizio="316.236" Bpm="91.69" Metro="4/4" Battito="2" />
      <TEMPO Inizio="332.596" Bpm="91.69" Metro="4/4" Battito="3" />
    </TRACK>
    <TRACK TrackID="137376565" Name="Joy (Original Mix)" Artist="Teddy Pendergrass" Composer="" Album="The Essential Teddy Pendergrass" Grouping="" Genre="Lounge/" Kind="AIFF File" Size="66486102" TotalTime="376" DiscNumber="0" TrackNumber="25" Year="2007" AverageBpm="103.34" DateAdded="2020-11-11" BitRate="1411" SampleRate="44100" Comments="9A - 6" PlayCount="1" Rating="0" Location="file://localhost/Users/zachvp/Music/DJ/4788031_Joy_Original_Mix.aiff" Remixer="" Tonality="9A" Label="P.I.R." Mix="">
      <TEMPO Inizio="0.280" Bpm="103.34" Metro="4/4" Battito="1" />
    </TRACK>
    <TRACK TrackID="87117706" Name="I'll Be Doggone (Original Mix)" Artist="Instant Funk" Composer="" Album="Instant Funk" Grouping="" Genre="Lounge/" Kind="AIFF File" Size="74654598" TotalTime="422" DiscNumber="0" TrackNumber="8" Year="2017" AverageBpm="96.88" DateAdded="2020-11-11" BitRate="1411" SampleRate="44100" Comments="3A - 7" PlayCount="1" Rating="0" Location="file://localhost/Users/zachvp/Music/DJ/3263279_I_ll_Be_Doggone_Original_Mix.aiff" Remixer="" Tonality="3A" Label="Salsoul Records" Mix="">
      <TEMPO Inizio="0.114" Bpm="96.88" Metro="4/4" Battito="4" />
      <TEMPO Inizio="14.359" Bpm="96.88" Metro="4/4" Battito="3" />
      <TEMPO Inizio="32.320" Bpm="96.88" Metro="4/4" Battito="4" />
      <TEMPO Inizio="53.997" Bpm="96.88" Metro="4/4" Battito="3" />
      <TEMPO Inizio="75.674" Bpm="96.88" Metro="4/4" Battito="2" />
      <TEMPO Inizio="97.351" Bpm="96.88" Metro="4/4" Battito="1" />
      <TEMPO Inizio="115.312" Bpm="96.88" Metro="4/4" Battito="2" />
      <TEMPO Inizio="136.989" Bpm="96.88" Metro="4/4" Battito="1" />
      <TEMPO Inizio="156.808" Bpm="96.88" Metro="4/4" Battito="1" />
      <TEMPO Inizio="174.769" Bpm="96.88" Metro="4/4" Battito="2" />
      <TEMPO Inizio="196.446" Bpm="96.88" Metro="4/4" Battito="1" />
      <TEMPO Inizio="218.123" Bpm="96.88" Metro="4/4" Battito="4" />
      <TEMPO Inizio="239.800" Bpm="96.88" Metro="4/4" Battito="3" />
      <TEMPO Inizio="257.761" Bpm="96.88" Metro="4/4" Battito="4" />
      <TEMPO Inizio="279.438" Bpm="96.88" Metro="4/4" Battito="3" />
      <TEMPO Inizio="301.115" Bpm="96.88" Metro="4/4" Battito="2" />
      <TEMPO Inizio="322.792" Bpm="96.88" Metro="4/4" Battito="1" />
      <TEMPO Inizio="340.753" Bpm="96.88" Metro="4/4" Battito="2" />
      <TEMPO Inizio="362.430" Bpm="96.88" Metro="4/4" Battito="1" />
      <TEMPO Inizio="382.249" Bpm="96.88" Metro="4/4" Battito="1" />
      <TEMPO Inizio="400.210" Bpm="96.88" Metro="4/4" Battito="2" />
      <TEMPO Inizio="421.887" Bpm="96.88" Metro="4/4" Battito="1" />
      <POSITION_MARK Name="" Type="0" Start="15.579" Num="-1" />
    </TRACK>
    <TRACK TrackID="192321450" Name="CULT SWEG" Artist="Cult Mountain" Composer="" Album="616SONS" Grouping="" Genre="Lounge/Indie" Kind="AIFF File" Size="42746722" TotalTime="242" DiscNumber="0" TrackNumber="3" Year="2017" AverageBpm="153.35" DateAdded="2020-11-11" BitRate="1411" SampleRate="44100" Comments="12A - 3" PlayCount="0" Rating="0" Location="file://localhost/Users/zachvp/Music/DJ/Cult%20Mountain%20-%20616SONS%20-%2003%20CULT%20SWEG.aiff" Remixer="" Tonality="12A" Label="" Mix="">
      <TEMPO Inizio="0.024" Bpm="153.35" Metro="4/4" Battito="3" />
      <TEMPO Inizio="0.416" Bpm="153.35" Metro="4/4" Battito="4" />
      <TEMPO Inizio="57.932" Bpm="153.35" Metro="4/4" Battito="3" />
      <TEMPO Inizio="130.316" Bpm="153.35" Metro="4/4" Battito="4" />
      <TEMPO Inizio="211.699" Bpm="153.35" Metro="4/4" Battito="4" />
    </TRACK>
    <TRACK TrackID="39535537" Name="YUGEN PIE" Artist="Cult Mountain" Composer="" Album="616SONS" Grouping="" Genre="Lounge/Indie" Kind="AIFF File" Size="35671854" TotalTime="201" DiscNumber="0" TrackNumber="1" Year="2017" AverageBpm="119.54" DateAdded="2020-11-11" BitRate="1411" SampleRate="44100" Comments="5A - 5" PlayCount="0" Rating="0" Location="file://localhost/Users/zachvp/Music/DJ/Cult%20Mountain%20-%20616SONS%20-%2001%20YUGEN%20PIE.aiff" Remixer="" Tonality="5A" Label="" Mix="">
      <TEMPO Inizio="0.099" Bpm="119.54" Metro="4/4" Battito="1" />
    </TRACK>
    <TRACK TrackID="42926415" Name="BRINK" Artist="Cult Mountain" Composer="" Album="616SONS" Grouping="" Genre="Lounge/Indie" Kind="AIFF File" Size="61006566" TotalTime="345" DiscNumber="0" TrackNumber="4" Year="2017" AverageBpm="100.00" DateAdded="2020-11-11" BitRate="1411" SampleRate="44100" Comments="12A - 4" PlayCount="1" Rating="0" Location="file://localhost/Users/zachvp/Music/DJ/Cult%20Mountain%20-%20616SONS%20-%2004%20BRINK.aiff" Remixer="" Tonality="12A" Label="" Mix="">
      <TEMPO Inizio="0.013" Bpm="100.00" Metro="4/4" Battito="4" />
    </TRACK>
    <TRACK TrackID="82740036" Name="MZUNGU POA" Artist="Cult Mountain" Composer="" Album="616SONS" Grouping="" Genre="Lounge/Indie" Kind="AIFF File" Size="34680396" TotalTime="196" DiscNumber="0" TrackNumber="2" Year="2017" AverageBpm="114.00" DateAdded="2020-11-11" BitRate="1411" SampleRate="44100" Comments="11A - 5" PlayCount="0" Rating="0" Location="file://localhost/Users/zachvp/Music/DJ/Cult%20Mountain%20-%20616SONS%20-%2002%20MZUNGU%20POA.aiff" Remixer="" Tonality="11A" Label="" Mix="" />
    <TRACK TrackID="58207807" Name="The First Time" Artist="Bontan" Composer="" Album="The First Time" Grouping="" Genre="House/Tech/Groove" Kind="AIFF File" Size="77643844" TotalTime="439" DiscNumber="0" TrackNumber="1" Year="2017" AverageBpm="123.00" DateAdded="2020-11-12" BitRate="1411" SampleRate="44100" Comments="6A - 6" PlayCount="0" Rating="0" Location="file://localhost/Users/zachvp/Music/DJ/Bontan%20-%20The%20First%20Time.aiff" Remixer="" Tonality="6A" Label="Hot Creations" Mix="">
      <TEMPO Inizio="0.006" Bpm="123.00" Metro="4/4" Battito="1" />
      <POSITION_MARK Name="" Type="0" Start="62.441" Num="-1" />
      <POSITION_MARK Name="" Type="0" Start="31.225" Num="-1" />
      <POSITION_MARK Name="" Type="0" Start="124.889" Num="-1" />
      <POSITION_MARK Name="" Type="0" Start="249.764" Num="-1" />
      <POSITION_MARK Name="" Type="0" Start="312.188" Num="-1" />
      <POSITION_MARK Name="" Type="0" Start="374.634" Num="-1" />
    </TRACK>
    <TRACK TrackID="246506388" Name="Dogfish (Original Mix)" Artist="Filsonik" Composer="" Album="Dogfish" Grouping="" Genre="House/Tech/Groove" Kind="AIFF File" Size="73599208" TotalTime="416" DiscNumber="0" TrackNumber="1" Year="2014" AverageBpm="122.99" DateAdded="2021-01-02" BitRate="1411" SampleRate="44100" Comments="8A - 6" PlayCount="3" Rating="0" Location="file://localhost/Users/zachvp/Music/DJ/5710843_Dogfish_(Original_Mix).aiff" Remixer="" Tonality="8A" Label="Hot Creations" Mix="">
      <TEMPO Inizio="0.120" Bpm="122.99" Metro="4/4" Battito="1" />
    </TRACK>
    <TRACK TrackID="50780987" Name="Que Ritmo (Simone Vitullo Revisited Mix 2020)" Artist="Simone Vitullo, Do Santos" Composer="" Album="GO DEEVA CLASSY DJ's EXCLUSIVE Vol.2 TULUM EDITION 2020" Grouping="" Genre="House/Tech/Organic" Kind="AIFF File" Size="66914788" TotalTime="377" DiscNumber="0" TrackNumber="1" Year="2020" AverageBpm="122.00" DateAdded="2021-01-02" BitRate="1411" SampleRate="44100" Comments="8A - 6" PlayCount="1" Rating="0" Location="file://localhost/Users/zachvp/Music/DJ/12935809_Que_Ritmo_(Simone_Vitullo_Revisited_Mix_2020).aiff" Remixer="" Tonality="8A" Label="Go Deeva Records" Mix="">
      <TEMPO Inizio="0.001" Bpm="122.00" Metro="4/4" Battito="1" />
      <POSITION_MARK Name="" Type="0" Start="31.495" Num="-1" />
      <POSITION_MARK Name="" Type="0" Start="62.940" Num="-1" />
      <POSITION_MARK Name="" Type="0" Start="125.920" Num="-1" />
      <POSITION_MARK Name="" Type="0" Start="220.323" Num="-1" />
      <POSITION_MARK Name="" Type="0" Start="283.282" Num="-1" />
    </TRACK>
    <TRACK TrackID="62399611" Name="In The Benninginng (Rigzz Remix)" Artist="Reelow" Composer="" Album="In The Benninginng EP" Grouping="" Genre="House/Deep/Tech/" Kind="AIFF File" Size="66396542" TotalTime="375" DiscNumber="0" TrackNumber="2" Year="2020" AverageBpm="128.00" DateAdded="2021-01-02" BitRate="1411" SampleRate="44100" Comments="11A - 5" PlayCount="8" Rating="0" Location="file://localhost/Users/zachvp/Music/DJ/14218066_In_The_Benninginng_(Rigzz_Remix).aiff" Remixer="" Tonality="11A" Label="Moan" Mix="">
      <TEMPO Inizio="0.004" Bpm="128.00" Metro="4/4" Battito="1" />
      <POSITION_MARK Name="" Type="0" Start="14.986" Num="-1" />
    </TRACK>
    <TRACK TrackID="246346944" Name="Landwehrkanal (Extended Mix)" Artist="Nebu Mitte" Composer="" Album="House Nation Ibiza 2020" Grouping="" Genre="House/Deep/Melodic" Kind="AIFF File" Size="67529910" TotalTime="382" DiscNumber="0" TrackNumber="17" Year="2020" AverageBpm="117.00" DateAdded="2021-01-02" BitRate="1411" SampleRate="44100" Comments="5A - 5" PlayCount="0" Rating="0" Location="file://localhost/Users/zachvp/Music/DJ/13972721_Landwehrkanal_(Extended_Mix).aiff" Remixer="" Tonality="5A" Label="Milk &amp; Sugar" Mix="">
      <TEMPO Inizio="0.064" Bpm="117.00" Metro="4/4" Battito="1" />
    </TRACK>
    <TRACK TrackID="150635644" Name="Consecration feat. Hanna Haïs (Tiger Stripes Dub)" Artist="Tiger Stripes" Composer="" Album="Abstract Latin Vibes Volume 3" Grouping="" Genre="House/Tech/Organic" Kind="AIFF File" Size="69676634" TotalTime="394" DiscNumber="0" TrackNumber="1" Year="2010" AverageBpm="125.98" DateAdded="2021-01-02" BitRate="1411" SampleRate="44100" Comments="10A - 6" PlayCount="1" Rating="0" Location="file://localhost/Users/zachvp/Music/DJ/1382736_Consecration_feat._Hanna_Ha%c3%afs_(Tiger_Stripes_Dub).aiff" Remixer="" Tonality="10A" Label="Nite Grooves" Mix="">
      <TEMPO Inizio="0.201" Bpm="125.98" Metro="4/4" Battito="1" />
      <TEMPO Inizio="0.678" Bpm="125.98" Metro="4/4" Battito="2" />
      <TEMPO Inizio="38.302" Bpm="125.98" Metro="4/4" Battito="1" />
      <TEMPO Inizio="75.926" Bpm="125.98" Metro="4/4" Battito="4" />
      <TEMPO Inizio="120.694" Bpm="125.98" Metro="4/4" Battito="2" />
      <TEMPO Inizio="158.318" Bpm="125.98" Metro="4/4" Battito="1" />
      <TEMPO Inizio="203.086" Bpm="125.98" Metro="4/4" Battito="3" />
      <TEMPO Inizio="240.710" Bpm="125.98" Metro="4/4" Battito="2" />
      <TEMPO Inizio="285.478" Bpm="125.98" Metro="4/4" Battito="4" />
      <TEMPO Inizio="323.102" Bpm="125.98" Metro="4/4" Battito="3" />
      <TEMPO Inizio="367.870" Bpm="125.98" Metro="4/4" Battito="1" />
      <POSITION_MARK Name="" Type="0" Start="15.446" Num="-1" />
      <POSITION_MARK Name="" Type="0" Start="45.924" Num="-1" />
      <POSITION_MARK Name="" Type="0" Start="137.368" Num="-1" />
      <POSITION_MARK Name="" Type="0" Start="244.046" Num="-1" />
      <POSITION_MARK Name="" Type="0" Start="259.262" Num="-1" />
      <POSITION_MARK Name="" Type="0" Start="320.249" Num="-1" />
    </TRACK>
    <TRACK TrackID="32360530" Name="Call You Back (Original Mix)" Artist="Bontan, Josh Butler" Composer="" Album="Miami Underground 2018" Grouping="" Genre="House/Tech/Organic" Kind="AIFF File" Size="76076186" TotalTime="429" DiscNumber="0" TrackNumber="9" Year="2018" AverageBpm="126.00" DateAdded="2021-01-02" BitRate="1411" SampleRate="44100" Comments="8A - 5" PlayCount="3" Rating="0" Location="file://localhost/Users/zachvp/Music/DJ/12501269_Call_You_Back_(Original_Mix).aiff" Remixer="" Tonality="8A" Label="Cr2 Records" Mix="">
      <TEMPO Inizio="0.010" Bpm="126.00" Metro="4/4" Battito="1" />
      <TEMPO Inizio="106.201" Bpm="126.00" Metro="4/4" Battito="4" />
      <TEMPO Inizio="202.392" Bpm="126.00" Metro="4/4" Battito="2" />
      <TEMPO Inizio="308.583" Bpm="126.00" Metro="4/4" Battito="1" />
      <TEMPO Inizio="414.774" Bpm="126.00" Metro="4/4" Battito="4" />
      <POSITION_MARK Name="" Type="0" Start="34.282" Num="-1" />
      <POSITION_MARK Name="" Type="0" Start="186.665" Num="-1" />
      <POSITION_MARK Name="" Type="0" Start="232.392" Num="-1" />
      <POSITION_MARK Name="" Type="0" Start="266.662" Num="-1" />
      <POSITION_MARK Name="" Type="0" Start="297.166" Num="-1" />
    </TRACK>
    <TRACK TrackID="47730544" Name="Eme Lelu (Adam Port Edit)" Artist="Quim Manuel O Espirito Santo" Composer="" Album="Hand In Hand EP" Grouping="" Genre="House/Tech/Organic" Kind="AIFF File" Size="73209054" TotalTime="413" DiscNumber="0" TrackNumber="4" Year="2019" AverageBpm="121.00" DateAdded="2021-01-02" BitRate="1411" SampleRate="44100" Comments="6A - 6" PlayCount="2" Rating="0" Location="file://localhost/Users/zachvp/Music/DJ/11547997_Eme_Lelu_(Adam_Port_Edit).aiff" Remixer="" Tonality="6A" Label="Keinemusik" Mix="">
      <TEMPO Inizio="0.201" Bpm="121.00" Metro="4/4" Battito="1" />
      <POSITION_MARK Name="" Type="0" Start="16.065" Num="-1" />
      <POSITION_MARK Name="" Type="0" Start="79.530" Num="-1" />
      <POSITION_MARK Name="" Type="0" Start="250.112" Num="-1" />
      <POSITION_MARK Name="" Type="0" Start="297.719" Num="-1" />
      <POSITION_MARK Name="" Type="0" Start="329.443" Num="-1" />
    </TRACK>
    <TRACK TrackID="72569365" Name="Wavy Distance (Paco Osuna Remix)" Artist="Cuartero" Composer="" Album="Wavy Distance" Grouping="" Genre="House/Tech/Groove" Kind="AIFF File" Size="76792448" TotalTime="434" DiscNumber="0" TrackNumber="2" Year="2016" AverageBpm="126.00" DateAdded="2021-01-02" BitRate="1411" SampleRate="44100" Comments="6A - 5" PlayCount="2" Rating="0" Location="file://localhost/Users/zachvp/Music/DJ/7794349_Wavy_Distance_(Paco_Osuna_Remix).aiff" Remixer="" Tonality="6A" Label="Mindshake Records" Mix="">
      <TEMPO Inizio="0.121" Bpm="126.00" Metro="4/4" Battito="1" />
      <TEMPO Inizio="0.598" Bpm="126.00" Metro="4/4" Battito="2" />
    </TRACK>
    <TRACK TrackID="51911481" Name="Taiko Juntos (Original Mix)" Artist="Basement Jaxx" Composer="" Album="Junto Remixed" Grouping="" Genre="House/Tech/Organic" Kind="AIFF File" Size="55391220" TotalTime="312" DiscNumber="0" TrackNumber="1" Year="2015" AverageBpm="128.00" DateAdded="2021-01-02" BitRate="1411" SampleRate="44100" Comments="2A - 7" PlayCount="2" Rating="0" Location="file://localhost/Users/zachvp/Music/DJ/7147372_Taiko_Juntos_(Original_Mix).aiff" Remixer="" Tonality="2A" Label="PIAS America" Mix="">
      <TEMPO Inizio="0.000" Bpm="128.00" Metro="4/4" Battito="1" />
    </TRACK>
    <TRACK TrackID="157426108" Name="Mermaid of Salinas (Original Mix)" Artist="Basement Jaxx" Composer="" Album="Mermaid of Salinas" Grouping="" Genre="House/Tech/Organic" Kind="AIFF File" Size="62136316" TotalTime="351" DiscNumber="0" TrackNumber="1" Year="2014" AverageBpm="126.00" DateAdded="2021-01-02" BitRate="1411" SampleRate="44100" Comments="5A - 8" PlayCount="1" Rating="0" Location="file://localhost/Users/zachvp/Music/DJ/5474452_Mermaid_of_Salinas_(Original_Mix).aiff" Remixer="" Tonality="5A" Label="Atlantic Jaxx" Mix="">
      <TEMPO Inizio="0.354" Bpm="126.00" Metro="4/4" Battito="3" />
      <TEMPO Inizio="1.307" Bpm="126.00" Metro="4/4" Battito="1" />
      <POSITION_MARK Name="" Type="0" Start="280.626" Num="-1" />
      <POSITION_MARK Name="" Type="0" Start="0.255" Num="-1" />
    </TRACK>
    <TRACK TrackID="44258391" Name="Mermaid of Salinas (Jaxx Dubb)" Artist="Basement Jaxx" Composer="" Album="Mermaid of Salinas" Grouping="" Genre="House/Tech/Organic" Kind="AIFF File" Size="90433402" TotalTime="512" DiscNumber="0" TrackNumber="6" Year="2014" AverageBpm="126.00" DateAdded="2021-01-02" BitRate="1411" SampleRate="44100" Comments="6A - 6" PlayCount="4" Rating="0" Location="file://localhost/Users/zachvp/Music/DJ/5474457_Mermaid_of_Salinas_(Jaxx_Dubb).aiff" Remixer="" Tonality="6A" Label="Atlantic Jaxx" Mix="">
      <TEMPO Inizio="0.032" Bpm="126.00" Metro="4/4" Battito="1" />
      <POSITION_MARK Name="" Type="0" Start="15.256" Num="-1" />
      <POSITION_MARK Name="" Type="0" Start="30.503" Num="-1" />
      <POSITION_MARK Name="" Type="0" Start="464.788" Num="-1" />
      <POSITION_MARK Name="" Type="0" Start="243.830" Num="-1" />
      <POSITION_MARK Name="" Type="0" Start="358.114" Num="-1" />
      <POSITION_MARK Name="" Type="0" Start="297.180" Num="-1" />
    </TRACK>
    <TRACK TrackID="118837175" Name="Darkseid (Richie Hawtin Remix)" Artist="Grimes, 潘PAN" Composer="" Album="Miss Anthropocene - Rave Edition" Grouping="" Genre="House/Techno/Sinister" Kind="AIFF File" Size="113176848" TotalTime="637" DiscNumber="0" TrackNumber="2" Year="2021" AverageBpm="136.00" DateAdded="2021-01-22" BitRate="1411" SampleRate="44100" Comments="6A - 6" PlayCount="1" Rating="0" Location="file://localhost/Users/zachvp/Music/DJ/14736579_Darkseid_(Richie_Hawtin_Remix).aiff" Remixer="" Tonality="6A" Label="4AD" Mix="">
      <TEMPO Inizio="0.022" Bpm="136.00" Metro="4/4" Battito="1" />
      <TEMPO Inizio="0.905" Bpm="136.00" Metro="4/4" Battito="3" />
    </TRACK>
    <TRACK TrackID="257000175" Name="Turquoise (Weekend World Mix)" Artist="Circulation" Composer="" Album="Turquoise" Grouping="" Genre="House/Deep/Tech/Spacey" Kind="AIFF File" Size="83974832" TotalTime="475" DiscNumber="0" TrackNumber="3" Year="2001" AverageBpm="126.02" DateAdded="2021-01-22" BitRate="1411" SampleRate="44100" Comments="7A - 6" PlayCount="1" Rating="0" Location="file://localhost/Users/zachvp/Music/DJ/189132_Turquoise_(Weekend_World_Mix).aiff" Remixer="" Tonality="7A" Label="Hooj Choons" Mix="">
      <TEMPO Inizio="0.168" Bpm="126.02" Metro="4/4" Battito="1" />
      <TEMPO Inizio="26.831" Bpm="126.02" Metro="4/4" Battito="1" />
      <TEMPO Inizio="57.779" Bpm="126.02" Metro="4/4" Battito="2" />
      <TEMPO Inizio="88.727" Bpm="126.02" Metro="4/4" Battito="3" />
      <TEMPO Inizio="119.675" Bpm="126.02" Metro="4/4" Battito="4" />
      <TEMPO Inizio="150.623" Bpm="126.02" Metro="4/4" Battito="1" />
      <TEMPO Inizio="181.571" Bpm="126.02" Metro="4/4" Battito="2" />
      <TEMPO Inizio="212.519" Bpm="126.02" Metro="4/4" Battito="3" />
      <TEMPO Inizio="243.467" Bpm="126.02" Metro="4/4" Battito="4" />
      <TEMPO Inizio="274.415" Bpm="126.02" Metro="4/4" Battito="1" />
      <TEMPO Inizio="305.363" Bpm="126.02" Metro="4/4" Battito="2" />
      <TEMPO Inizio="336.311" Bpm="126.02" Metro="4/4" Battito="3" />
      <TEMPO Inizio="367.259" Bpm="126.02" Metro="4/4" Battito="4" />
      <TEMPO Inizio="398.207" Bpm="126.02" Metro="4/4" Battito="1" />
      <TEMPO Inizio="429.155" Bpm="126.02" Metro="4/4" Battito="2" />
      <TEMPO Inizio="460.103" Bpm="126.02" Metro="4/4" Battito="3" />
    </TRACK>
    <TRACK TrackID="120537149" Name="Love &amp; Happiness (House Nation Mix)" Artist="India, River Ocean" Composer="" Album="Love &amp; Happiness (Yemaya Y Ochùn) [feat. India]" Grouping="" Genre="House/Tech/Organic" Kind="AIFF File" Size="94374236" TotalTime="534" DiscNumber="0" TrackNumber="1" Year="2007" AverageBpm="124.01" DateAdded="2021-01-22" BitRate="1411" SampleRate="44100" Comments="6A - 7" PlayCount="0" Rating="0" Location="file://localhost/Users/zachvp/Music/DJ/9811969_Love_%26_Happiness_(Yemaya_Y_Och%c3%b9n)_%5bfeat._India%5d_(House_Nation_Mix).aiff" Remixer="" Tonality="6A" Label="Strictly Rhythm" Mix="">
      <TEMPO Inizio="0.061" Bpm="124.01" Metro="4/4" Battito="1" />
    </TRACK>
    <TRACK TrackID="135481603" Name="Love &amp; Happiness (12&quot; Club Mix)" Artist="India, River Ocean" Composer="" Album="Love &amp; Happiness (Yemaya Y Ochùn) [feat. India]" Grouping="" Genre="House/Tech/Organic" Kind="AIFF File" Size="104306492" TotalTime="590" DiscNumber="0" TrackNumber="4" Year="1994" AverageBpm="123.97" DateAdded="2021-01-22" BitRate="1411" SampleRate="44100" Comments="6A - 7" PlayCount="1" Rating="0" Location="file://localhost/Users/zachvp/Music/DJ/9535465_Love_%26_Happiness_(Yemaya_Y_Och%c3%b9n)_%5bfeat._India%5d_(12__Club_Mix).aiff" Remixer="" Tonality="6A" Label="Strictly Rhythm" Mix="">
      <TEMPO Inizio="0.065" Bpm="123.97" Metro="4/4" Battito="3" />
      <POSITION_MARK Name="" Type="0" Start="37.805" Num="-1" />
      <POSITION_MARK Name="" Type="0" Start="115.255" Num="-1" />
      <POSITION_MARK Name="" Type="0" Start="525.645" Num="-1" />
      <POSITION_MARK Name="" Type="0" Start="332.047" Num="-1" />
      <POSITION_MARK Name="" Type="0" Start="417.253" Num="-1" />
    </TRACK>
    <TRACK TrackID="66302586" Name="Love &amp; Happiness (Yemaya Y Ochùn) [feat. India] (Michel Cleis 'Floreo' Remix)" Artist="India, River Ocean" Composer="" Album="Love &amp; Happiness (Yemaya Y Ochùn) [feat. India]" Grouping="" Genre="House/Tech/Organic" Kind="AIFF File" Size="105609400" TotalTime="598" DiscNumber="0" TrackNumber="3" Year="1994" AverageBpm="128.00" DateAdded="2021-01-22" BitRate="1411" SampleRate="44100" Comments="6A - 6" PlayCount="0" Rating="0" Location="file://localhost/Users/zachvp/Music/DJ/9535462_Love_%26_Happiness_(Yemaya_Y_Och%c3%b9n)_%5bfeat._India%5d_(Michel_Cleis_%27Floreo%27_Remix).aiff" Remixer="" Tonality="6A" Label="Strictly Rhythm" Mix="">
      <TEMPO Inizio="0.000" Bpm="128.00" Metro="4/4" Battito="1" />
    </TRACK>
    <TRACK TrackID="240385795" Name="Going Down (Original Mix)" Artist="Matt Fax" Composer="" Album="Amsterdam Festival 2015" Grouping="" Genre="House/Deep/Tech/Spacey" Kind="AIFF File" Size="86847464" TotalTime="492" DiscNumber="0" TrackNumber="31" Year="2015" AverageBpm="119.00" DateAdded="2021-02-07" BitRate="1411" SampleRate="44100" Comments="7A - 7" PlayCount="2" Rating="0" Location="file://localhost/Users/zachvp/Music/DJ/7188936_Going_Down_(Original_Mix).aiff" Remixer="" Tonality="7A" Label="Supercomps" Mix="">
      <TEMPO Inizio="0.004" Bpm="119.00" Metro="4/4" Battito="1" />
      <TEMPO Inizio="1.013" Bpm="119.00" Metro="4/4" Battito="3" />
      <TEMPO Inizio="243.533" Bpm="119.00" Metro="4/4" Battito="4" />
      <TEMPO Inizio="483.532" Bpm="119.00" Metro="4/4" Battito="4" />
    </TRACK>
    <TRACK TrackID="42915480" Name="Vision (Rødhåd Remix)" Artist="Radio Slave" Composer="" Album="Vision Remixes" Grouping="" Genre="House/Techno/Downtempo" Kind="AIFF File" Size="87058230" TotalTime="493" DiscNumber="0" TrackNumber="1" Year="2016" AverageBpm="125.00" DateAdded="2021-02-07" BitRate="1411" SampleRate="44100" Comments="5A - 5" PlayCount="0" Rating="0" Location="file://localhost/Users/zachvp/Music/DJ/8456120_Vision_(R%c3%b8dh%c3%a5d_Remix).aiff" Remixer="RÃ¸dhÃ¥d" Tonality="5A" Label="Rekids" Mix="">
      <TEMPO Inizio="0.024" Bpm="125.00" Metro="4/4" Battito="1" />
      <TEMPO Inizio="457.945" Bpm="125.00" Metro="4/4" Battito="3" />
    </TRACK>
    <TRACK TrackID="123209195" Name="Hunted (Original Mix)" Artist="Martin Buttrich" Composer="" Album="Hunter" Grouping="" Genre="House/Deep/Tech/" Kind="AIFF File" Size="73315296" TotalTime="415" DiscNumber="0" TrackNumber="2" Year="2007" AverageBpm="126.00" DateAdded="2021-02-07" BitRate="1411" SampleRate="44100" Comments="1A - 5" PlayCount="9" Rating="0" Location="file://localhost/Users/zachvp/Music/DJ/410462_Hunted_(Original_Mix).aiff" Remixer="" Tonality="1A" Label="Cocoon Recordings" Mix="">
      <TEMPO Inizio="0.220" Bpm="126.00" Metro="4/4" Battito="4" />
    </TRACK>
    <TRACK TrackID="139758751" Name="Walking Away (Original Mix)" Artist="Mind Against" Composer="" Album="Walking Away" Grouping="" Genre="House/Deep/Melodic" Kind="AIFF File" Size="75380480" TotalTime="425" DiscNumber="0" TrackNumber="1" Year="2020" AverageBpm="120.00" DateAdded="2021-02-07" BitRate="1411" SampleRate="44100" Comments="12A - 6" PlayCount="0" Rating="0" Location="file://localhost/Users/zachvp/Music/DJ/13232943_Walking_Away_(Original_Mix).aiff" Remixer="" Tonality="12A" Label="Afterlife Records" Mix="">
      <TEMPO Inizio="0.335" Bpm="120.00" Metro="4/4" Battito="1" />
    </TRACK>
    <TRACK TrackID="158743564" Name="Desire Of Mine feat. Delhia de France (Original Mix)" Artist="Fur Coat" Composer="" Album="Interstellar EP" Grouping="" Genre="House/Techno/Downtempo" Kind="AIFF File" Size="89466310" TotalTime="506" DiscNumber="0" TrackNumber="2" Year="2016" AverageBpm="122.00" DateAdded="2021-02-07" BitRate="1411" SampleRate="44100" Comments="8A - 6" PlayCount="1" Rating="0" Location="file://localhost/Users/zachvp/Music/DJ/8332699_Desire_Of_Mine_feat._Delhia_de_France_(Original_Mix).aiff" Remixer="" Tonality="8A" Label="Watergate Records" Mix="">
      <TEMPO Inizio="0.022" Bpm="122.00" Metro="4/4" Battito="1" />
    </TRACK>
    <TRACK TrackID="156681111" Name="Mother (Fur Coat Remix)" Artist="Denis Horvat" Composer="" Album="Mother" Grouping="" Genre="House/Techno/Downtempo" Kind="AIFF File" Size="72424056" TotalTime="410" DiscNumber="0" TrackNumber="2" Year="2016" AverageBpm="124.00" DateAdded="2021-02-07" BitRate="1411" SampleRate="44100" Comments="7A - 5" PlayCount="0" Rating="0" Location="file://localhost/Users/zachvp/Music/DJ/8553094_Mother_(Fur_Coat_Remix).aiff" Remixer="" Tonality="7A" Label="Aeon" Mix="">
      <TEMPO Inizio="0.007" Bpm="124.00" Metro="4/4" Battito="1" />
    </TRACK>
    <TRACK TrackID="90146460" Name="Jazzy days (Ron Basejam remix)" Artist="Cisco Cisco" Composer="" Album="Jazzy days, jazzy nights" Grouping="" Genre="House/Deep/Tech/Jazzy" Kind="AIFF File" Size="68382550" TotalTime="387" DiscNumber="0" TrackNumber="2" Year="2016" AverageBpm="115.00" DateAdded="2021-02-11" BitRate="1411" SampleRate="44100" Comments="3A - 7" PlayCount="5" Rating="0" Location="file://localhost/Users/zachvp/Music/DJ/8480867_Jazzy_days_(Ron_Basejam_remix).aiff" Remixer="" Tonality="3A" Label="Apersonal Music" Mix="">
      <TEMPO Inizio="0.030" Bpm="115.00" Metro="4/4" Battito="1" />
      <POSITION_MARK Name="" Type="0" Start="16.725" Num="-1" />
      <POSITION_MARK Name="" Type="0" Start="33.421" Num="-1" />
      <POSITION_MARK Name="" Type="0" Start="50.102" Num="-1" />
      <POSITION_MARK Name="" Type="0" Start="66.805" Num="-1" />
      <POSITION_MARK Name="" Type="0" Start="283.850" Num="-1" />
      <POSITION_MARK Name="" Type="0" Start="217.064" Num="-1" />
    </TRACK>
    <TRACK TrackID="159290855" Name="It's You (Ron Basejam Remix)" Artist="The White Lamp" Composer="" Album="!K7 Kollections 02: Classics" Grouping="" Genre="House/Deep/Tech/Jazzy" Kind="AIFF File" Size="84488760" TotalTime="478" DiscNumber="0" TrackNumber="10" Year="2017" AverageBpm="122.00" DateAdded="2021-02-11" BitRate="1411" SampleRate="44100" Comments="8A - 6" PlayCount="3" Rating="0" Location="file://localhost/Users/zachvp/Music/DJ/8816730_It%27s_You_(Ron_Basejam_Remix).aiff" Remixer="" Tonality="8A" Label="K7 Records" Mix="">
      <TEMPO Inizio="0.152" Bpm="122.00" Metro="4/4" Battito="1" />
    </TRACK>
    <TRACK TrackID="234980114" Name="Just Be Good to Me (Original Mix)" Artist="The Revenge" Composer="" Album="Needwant X" Grouping="" Genre="House/Deep/Tech/Jazzy" Kind="AIFF File" Size="100605768" TotalTime="570" DiscNumber="0" TrackNumber="15" Year="2019" AverageBpm="103.00" DateAdded="2021-03-06" BitRate="1411" SampleRate="44100" Comments="9A - 6" PlayCount="2" Rating="0" Location="file://localhost/Users/zachvp/Music/DJ/12774789_Just_Be_Good_to_Me_(Original_Mix).aiff" Remixer="" Tonality="9A" Label="Needwant" Mix="">
      <TEMPO Inizio="0.016" Bpm="103.00" Metro="4/4" Battito="1" />
      <POSITION_MARK Name="" Type="0" Start="18.641" Num="-1" />
      <POSITION_MARK Name="" Type="0" Start="37.282" Num="-1" />
      <POSITION_MARK Name="" Type="0" Start="74.563" Num="-1" />
      <POSITION_MARK Name="" Type="0" Start="149.134" Num="-1" />
      <POSITION_MARK Name="" Type="0" Start="316.903" Num="-1" />
      <POSITION_MARK Name="" Type="0" Start="354.184" Num="-1" />
      <POSITION_MARK Name="" Type="0" Start="466.038" Num="-1" />
    </TRACK>
    <TRACK TrackID="35159302" Name="Just Be Good to Me feat. Danielle Moore (The Revenge Alternative Dub)" Artist="The Revenge" Composer="" Album="Needwant: 5 Years" Grouping="" Genre="House/Tech/Indie/Disco" Kind="AIFF File" Size="100589372" TotalTime="570" DiscNumber="0" TrackNumber="22" Year="2014" AverageBpm="103.00" DateAdded="2021-03-06" BitRate="1411" SampleRate="44100" Comments="9A - 6" PlayCount="0" Rating="0" Location="file://localhost/Users/zachvp/Music/DJ/5924385_Just_Be_Good_to_Me_feat._Danielle_Moore_(The_Revenge_Alternative_Dub).aiff" Remixer="" Tonality="9A" Label="Needwant" Mix="">
      <TEMPO Inizio="0.016" Bpm="103.00" Metro="4/4" Battito="1" />
    </TRACK>
    <TRACK TrackID="111066209" Name="The Replicant V2" Artist="Maceo Plex" Composer="" Album="" Grouping="" Genre="zzz" Kind="AIFF File" Size="78530592" TotalTime="409" DiscNumber="0" TrackNumber="0" Year="0" AverageBpm="122.22" DateAdded="2021-03-07" BitRate="1536" SampleRate="48000" Comments="1A - 6" PlayCount="0" Rating="0" Location="file://localhost/Users/zachvp/Music/DJ/The%20Replicant%20V2.aiff" Remixer="" Tonality="1A" Label="" Mix="">
      <TEMPO Inizio="0.483" Bpm="122.22" Metro="4/4" Battito="2" />
    </TRACK>
    <TRACK TrackID="95535358" Name="Moorby" Artist="Chris &amp; Cosey" Composer="" Album="Heartbeat" Grouping="" Genre="Lounge/Ambient" Kind="AIFF File" Size="57501120" TotalTime="299" DiscNumber="0" TrackNumber="0" Year="0" AverageBpm="79.78" DateAdded="2021-03-07" BitRate="1536" SampleRate="48000" Comments="8B - 4" PlayCount="0" Rating="0" Location="file://localhost/Users/zachvp/Music/DJ/Moorby.aiff" Remixer="" Tonality="8B" Label="" Mix="">
      <TEMPO Inizio="0.751" Bpm="79.78" Metro="4/4" Battito="1" />
      <TEMPO Inizio="25.570" Bpm="79.78" Metro="4/4" Battito="2" />
      <TEMPO Inizio="51.141" Bpm="79.78" Metro="4/4" Battito="4" />
      <TEMPO Inizio="75.960" Bpm="79.78" Metro="4/4" Battito="1" />
      <TEMPO Inizio="100.779" Bpm="79.78" Metro="4/4" Battito="2" />
      <TEMPO Inizio="125.598" Bpm="79.78" Metro="4/4" Battito="3" />
      <TEMPO Inizio="151.169" Bpm="79.78" Metro="4/4" Battito="1" />
      <TEMPO Inizio="175.988" Bpm="79.78" Metro="4/4" Battito="2" />
      <TEMPO Inizio="200.807" Bpm="79.78" Metro="4/4" Battito="3" />
      <TEMPO Inizio="226.378" Bpm="79.78" Metro="4/4" Battito="1" />
      <TEMPO Inizio="251.197" Bpm="79.78" Metro="4/4" Battito="2" />
      <TEMPO Inizio="276.016" Bpm="79.78" Metro="4/4" Battito="3" />
    </TRACK>
    <TRACK TrackID="95560267" Name="Mercurial Skin (Ellen Allien Remix)" Artist="Shlomo" Composer="" Album="" Grouping="" Genre="zzz" Kind="AIFF File" Size="69857532" TotalTime="363" DiscNumber="0" TrackNumber="0" Year="0" AverageBpm="135.22" DateAdded="2021-03-07" BitRate="1536" SampleRate="48000" Comments="8A - 5" PlayCount="0" Rating="0" Location="file://localhost/Users/zachvp/Music/DJ/Mercurial%20Skin%20(Ellen%20Allien%20Remix).aiff" Remixer="" Tonality="8A" Label="" Mix="">
      <TEMPO Inizio="0.261" Bpm="135.22" Metro="4/4" Battito="3" />
    </TRACK>
    <TRACK TrackID="251282661" Name="Jazz Dance" Artist="Andres" Composer="" Album="" Grouping="" Genre="Lounge/" Kind="AIFF File" Size="86694706" TotalTime="451" DiscNumber="0" TrackNumber="0" Year="0" AverageBpm="116.86" DateAdded="2021-03-07" BitRate="1536" SampleRate="48000" Comments="1A - 6" PlayCount="3" Rating="0" Location="file://localhost/Users/zachvp/Music/DJ/Jazz%20Dance.aiff" Remixer="" Tonality="1A" Label="" Mix="">
      <TEMPO Inizio="0.297" Bpm="116.86" Metro="4/4" Battito="1" />
      <TEMPO Inizio="153.813" Bpm="116.86" Metro="4/4" Battito="4" />
      <TEMPO Inizio="283.711" Bpm="116.86" Metro="4/4" Battito="1" />
      <TEMPO Inizio="425.418" Bpm="116.86" Metro="4/4" Battito="1" />
      <POSITION_MARK Name="" Type="0" Start="2.307" Num="-1" />
      <POSITION_MARK Name="" Type="0" Start="43.413" Num="-1" />
    </TRACK>
    <TRACK TrackID="191166497" Name="Half Lit World (Marc Kelso Vocal Mix)" Artist="Marc Kelso" Composer="" Album="" Grouping="" Genre="House/Tech/Indie/Progressive" Kind="AIFF File" Size="104848724" TotalTime="546" DiscNumber="0" TrackNumber="0" Year="0" AverageBpm="127.02" DateAdded="2021-03-07" BitRate="1536" SampleRate="48000" Comments="5A - 6" PlayCount="1" Rating="0" Location="file://localhost/Users/zachvp/Music/DJ/Half%20Lit%20World%20(Marc%20Kelso%20Vocal%20Mix).aiff" Remixer="" Tonality="5A" Label="" Mix="">
      <TEMPO Inizio="0.092" Bpm="127.02" Metro="4/4" Battito="4" />
      <TEMPO Inizio="1.982" Bpm="127.02" Metro="4/4" Battito="4" />
      <TEMPO Inizio="23.239" Bpm="127.02" Metro="4/4" Battito="1" />
      <TEMPO Inizio="44.496" Bpm="127.02" Metro="4/4" Battito="2" />
      <TEMPO Inizio="60.557" Bpm="127.02" Metro="4/4" Battito="4" />
      <TEMPO Inizio="81.814" Bpm="127.02" Metro="4/4" Battito="1" />
      <TEMPO Inizio="103.071" Bpm="127.02" Metro="4/4" Battito="2" />
      <TEMPO Inizio="124.328" Bpm="127.02" Metro="4/4" Battito="3" />
      <TEMPO Inizio="144.168" Bpm="127.02" Metro="4/4" Battito="1" />
      <TEMPO Inizio="165.425" Bpm="127.02" Metro="4/4" Battito="2" />
      <TEMPO Inizio="186.682" Bpm="127.02" Metro="4/4" Battito="3" />
      <TEMPO Inizio="206.522" Bpm="127.02" Metro="4/4" Battito="1" />
      <TEMPO Inizio="227.779" Bpm="127.02" Metro="4/4" Battito="2" />
      <TEMPO Inizio="249.036" Bpm="127.02" Metro="4/4" Battito="3" />
      <TEMPO Inizio="270.293" Bpm="127.02" Metro="4/4" Battito="4" />
      <TEMPO Inizio="290.133" Bpm="127.02" Metro="4/4" Battito="2" />
      <TEMPO Inizio="311.390" Bpm="127.02" Metro="4/4" Battito="3" />
      <TEMPO Inizio="332.647" Bpm="127.02" Metro="4/4" Battito="4" />
      <TEMPO Inizio="353.904" Bpm="127.02" Metro="4/4" Battito="1" />
      <TEMPO Inizio="369.965" Bpm="127.02" Metro="4/4" Battito="3" />
      <TEMPO Inizio="391.222" Bpm="127.02" Metro="4/4" Battito="4" />
      <TEMPO Inizio="412.479" Bpm="127.02" Metro="4/4" Battito="1" />
      <TEMPO Inizio="433.736" Bpm="127.02" Metro="4/4" Battito="2" />
      <TEMPO Inizio="453.576" Bpm="127.02" Metro="4/4" Battito="4" />
      <TEMPO Inizio="474.833" Bpm="127.02" Metro="4/4" Battito="1" />
      <TEMPO Inizio="496.090" Bpm="127.02" Metro="4/4" Battito="2" />
      <TEMPO Inizio="515.930" Bpm="127.02" Metro="4/4" Battito="4" />
      <TEMPO Inizio="537.187" Bpm="127.02" Metro="4/4" Battito="1" />
    </TRACK>
    <TRACK TrackID="87763072" Name="Half Lit World (Marc Kelso Vocal Dub)" Artist="Marc Kelso" Composer="" Album="" Grouping="" Genre="House/Tech/Indie/Progressive" Kind="AIFF File" Size="93696882" TotalTime="487" DiscNumber="0" TrackNumber="0" Year="0" AverageBpm="127.27" DateAdded="2021-03-07" BitRate="1536" SampleRate="48000" Comments="5A - 5" PlayCount="0" Rating="0" Location="file://localhost/Users/zachvp/Music/DJ/Half%20Lit%20World%20(Marc%20Kelso%20Vocal%20Dub).aiff" Remixer="" Tonality="5A" Label="" Mix="">
      <TEMPO Inizio="0.181" Bpm="127.27" Metro="4/4" Battito="4" />
      <TEMPO Inizio="0.653" Bpm="127.27" Metro="4/4" Battito="1" />
      <TEMPO Inizio="27.524" Bpm="127.27" Metro="4/4" Battito="2" />
      <TEMPO Inizio="57.695" Bpm="127.27" Metro="4/4" Battito="2" />
      <TEMPO Inizio="91.166" Bpm="127.27" Metro="4/4" Battito="1" />
      <TEMPO Inizio="121.337" Bpm="127.27" Metro="4/4" Battito="1" />
      <TEMPO Inizio="154.808" Bpm="127.27" Metro="4/4" Battito="4" />
      <TEMPO Inizio="188.279" Bpm="127.27" Metro="4/4" Battito="3" />
      <TEMPO Inizio="218.450" Bpm="127.27" Metro="4/4" Battito="3" />
      <TEMPO Inizio="251.921" Bpm="127.27" Metro="4/4" Battito="2" />
      <TEMPO Inizio="285.392" Bpm="127.27" Metro="4/4" Battito="1" />
      <TEMPO Inizio="318.863" Bpm="127.27" Metro="4/4" Battito="4" />
      <TEMPO Inizio="349.034" Bpm="127.27" Metro="4/4" Battito="4" />
      <TEMPO Inizio="382.505" Bpm="127.27" Metro="4/4" Battito="3" />
      <TEMPO Inizio="415.976" Bpm="127.27" Metro="4/4" Battito="2" />
      <TEMPO Inizio="446.147" Bpm="127.27" Metro="4/4" Battito="2" />
      <TEMPO Inizio="479.618" Bpm="127.27" Metro="4/4" Battito="1" />
    </TRACK>
    <TRACK TrackID="228423892" Name="What To Do (&amp;ME Remix)" Artist="Guy Gerber" Composer="" Album="" Grouping="" Genre="House/Deep/Melodic" Kind="AIFF File" Size="89011520" TotalTime="504" DiscNumber="0" TrackNumber="0" Year="0" AverageBpm="122.00" DateAdded="2021-03-07" BitRate="1411" SampleRate="44100" Comments="5A - 7" PlayCount="1" Rating="0" Location="file://localhost/Users/zachvp/Music/DJ/Guy%20Gerber%20-%20What%20To%20Do%20(%26ME%20Remix).aiff" Remixer="" Tonality="5A" Label="" Mix="">
      <TEMPO Inizio="0.002" Bpm="122.00" Metro="4/4" Battito="1" />
    </TRACK>
    <TRACK TrackID="109883565" Name="Face, Body, Bitch &amp; Queen feat. Diabolique (Soul's 2Am Gal Fit)" Artist="MDW" Composer="" Album="" Grouping="" Genre="House/Tech/Hard" Kind="AIFF File" Size="62528844" TotalTime="354" DiscNumber="0" TrackNumber="0" Year="0" AverageBpm="130.00" DateAdded="2021-03-07" BitRate="1411" SampleRate="44100" Comments="4A - 6" PlayCount="1" Rating="0" Location="file://localhost/Users/zachvp/Music/DJ/MDW%20-%20Face,%20Body,%20Bitch%20%26%20Queen%20feat.%20Diabol.aiff" Remixer="" Tonality="4A" Label="" Mix="">
      <TEMPO Inizio="0.000" Bpm="130.00" Metro="4/4" Battito="1" />
      <POSITION_MARK Name="" Type="0" Start="14.711" Num="-1" />
      <POSITION_MARK Name="" Type="0" Start="210.444" Num="-1" />
      <POSITION_MARK Name="" Type="0" Start="191.991" Num="-1" />
    </TRACK>
    <TRACK TrackID="112823307" Name="LOST (Original Mix)" Artist="Greenville Massive" Composer="" Album="" Grouping="" Genre="House/Deep/Tech/Spacey" Kind="AIFF File" Size="137375530" TotalTime="778" DiscNumber="0" TrackNumber="0" Year="0" AverageBpm="123.00" DateAdded="2021-03-07" BitRate="1411" SampleRate="44100" Comments="9A - 5" PlayCount="0" Rating="0" Location="file://localhost/Users/zachvp/Music/DJ/Greenville%20Massive%20-%20LOST%20(Original%20Mix).aiff" Remixer="" Tonality="9A" Label="" Mix="">
      <TEMPO Inizio="0.064" Bpm="123.00" Metro="4/4" Battito="1" />
    </TRACK>
    <TRACK TrackID="33668967" Name="Down To Love Town (Dim's Full Length Disco Citay Remix)" Artist="The Originals" Composer="" Album="In The House Of Love [Disc 3]" Grouping="" Genre="zzz" Kind="AIFF File" Size="105350492" TotalTime="597" DiscNumber="0" TrackNumber="1" Year="0" AverageBpm="123.21" DateAdded="2021-03-07" BitRate="1411" SampleRate="44100" Comments="4A - 7" PlayCount="0" Rating="0" Location="file://localhost/Users/zachvp/Music/DJ/01%20Down%20To%20Love%20Town%20(Dim%27s%20Full%20Length%20Disco%20Citay%20Remix).aiff" Remixer="" Tonality="4A" Label="" Mix="">
      <TEMPO Inizio="0.275" Bpm="123.21" Metro="4/4" Battito="3" />
      <TEMPO Inizio="54.819" Bpm="123.21" Metro="4/4" Battito="3" />
      <TEMPO Inizio="174.619" Bpm="123.21" Metro="4/4" Battito="1" />
      <TEMPO Inizio="294.419" Bpm="123.21" Metro="4/4" Battito="3" />
      <TEMPO Inizio="414.219" Bpm="123.21" Metro="4/4" Battito="1" />
      <TEMPO Inizio="534.019" Bpm="123.21" Metro="4/4" Battito="3" />
    </TRACK>
    <TRACK TrackID="177875854" Name="Run to You (feat. Claudia Kane)" Artist="Maya Jane Coles, Claudia Kane" Composer="" Album="" Grouping="" Genre="House/Deep/Tech/" Kind="AIFF File" Size="59115602" TotalTime="335" DiscNumber="0" TrackNumber="0" Year="0" AverageBpm="122.00" DateAdded="2021-03-07" BitRate="1411" SampleRate="44100" Comments="6A - 6" PlayCount="0" Rating="0" Location="file://localhost/Users/zachvp/Music/DJ/Maya%20Jane%20Coles,%20Claudia%20Kane%20-%20Run%20to%20You%20(feat.%20Claudia%20Kane).aiff" Remixer="" Tonality="6A" Label="" Mix="">
      <TEMPO Inizio="0.447" Bpm="122.00" Metro="4/4" Battito="1" />
    </TRACK>
    <TRACK TrackID="5418691" Name="I Believe In You" Artist="Talk Talk" Composer="" Album="Spirit Of Eden" Grouping="" Genre="Lounge/Acoustic" Kind="AIFF File" Size="66370690" TotalTime="376" DiscNumber="0" TrackNumber="3" Year="0" AverageBpm="90.45" DateAdded="2021-03-07" BitRate="1411" SampleRate="44100" Comments="12A - 3" PlayCount="0" Rating="0" Location="file://localhost/Users/zachvp/Music/DJ/03%20I%20Believe%20In%20You.aiff" Remixer="" Tonality="12A" Label="" Mix="">
      <TEMPO Inizio="0.613" Bpm="90.45" Metro="4/4" Battito="4" />
      <TEMPO Inizio="1.277" Bpm="90.45" Metro="4/4" Battito="1" />
      <TEMPO Inizio="87.513" Bpm="90.45" Metro="4/4" Battito="3" />
      <TEMPO Inizio="372.754" Bpm="90.45" Metro="4/4" Battito="1" />
    </TRACK>
    <TRACK TrackID="40253398" Name="A-Rhythm" Artist="Z@P" Composer="" Album="" Grouping="" Genre="House/Tech/Breaks" Kind="AIFF File" Size="61168490" TotalTime="318" DiscNumber="0" TrackNumber="0" Year="0" AverageBpm="160.82" DateAdded="2021-03-07" BitRate="1536" SampleRate="48000" Comments="7A - 6" PlayCount="0" Rating="0" Location="file://localhost/Users/zachvp/Music/DJ/A-Rhythm.aiff" Remixer="" Tonality="7A" Label="" Mix="">
      <TEMPO Inizio="0.360" Bpm="160.82" Metro="4/4" Battito="1" />
      <TEMPO Inizio="51.845" Bpm="160.82" Metro="4/4" Battito="3" />
      <TEMPO Inizio="85.795" Bpm="160.82" Metro="4/4" Battito="2" />
      <TEMPO Inizio="119.745" Bpm="160.82" Metro="4/4" Battito="1" />
      <TEMPO Inizio="153.695" Bpm="160.82" Metro="4/4" Battito="4" />
      <TEMPO Inizio="187.645" Bpm="160.82" Metro="4/4" Battito="3" />
      <TEMPO Inizio="221.595" Bpm="160.82" Metro="4/4" Battito="2" />
      <TEMPO Inizio="260.022" Bpm="160.82" Metro="4/4" Battito="1" />
      <TEMPO Inizio="293.972" Bpm="160.82" Metro="4/4" Battito="4" />
    </TRACK>
    <TRACK TrackID="150856543" Name="Soulmakers feat. Zoe Xenia (Pulshar Remix)" Artist="Mathias Kaden" Composer="" Album="" Grouping="" Genre="House/Deep/Melodic" Kind="AIFF File" Size="66977182" TotalTime="379" DiscNumber="0" TrackNumber="0" Year="0" AverageBpm="119.00" DateAdded="2021-03-07" BitRate="1411" SampleRate="44100" Comments="3A - 5" PlayCount="1" Rating="0" Location="file://localhost/Users/zachvp/Music/DJ/Mathias%20Kaden%20-%20Soulmakers%20feat.%20Zoe%20Xenia%20(.aiff" Remixer="" Tonality="3A" Label="" Mix="">
      <TEMPO Inizio="0.129" Bpm="119.00" Metro="4/4" Battito="1" />
    </TRACK>
    <TRACK TrackID="243926826" Name="Hidden Beauties (Original Mix)" Artist="ANNA" Composer="" Album="" Grouping="" Genre="House/Techno/" Kind="AIFF File" Size="76978584" TotalTime="436" DiscNumber="0" TrackNumber="0" Year="0" AverageBpm="125.00" DateAdded="2021-03-07" BitRate="1411" SampleRate="44100" Comments="4A - 6" PlayCount="0" Rating="0" Location="file://localhost/Users/zachvp/Music/DJ/ANNA%20-%20Hidden%20Beauties%20(Original%20Mix).aiff" Remixer="" Tonality="4A" Label="" Mix="">
      <TEMPO Inizio="0.002" Bpm="125.00" Metro="4/4" Battito="1" />
    </TRACK>
    <TRACK TrackID="33273467" Name="Down To Love Town (Dim's Disco Citay Remix)" Artist="The Originals" Composer="" Album="Dimitri From Paris IN THE HOUSE OF LOVE" Grouping="" Genre="zzz" Kind="AIFF File" Size="68993270" TotalTime="391" DiscNumber="0" TrackNumber="1" Year="0" AverageBpm="123.21" DateAdded="2021-03-07" BitRate="1411" SampleRate="44100" Comments="4A - 7" PlayCount="0" Rating="0" Location="file://localhost/Users/zachvp/Music/DJ/01%20Down%20To%20Love%20Town%20(Dim%27s%20Disco%20Citay%20Remix).aiff" Remixer="" Tonality="4A" Label="" Mix="">
      <TEMPO Inizio="0.313" Bpm="123.21" Metro="4/4" Battito="3" />
      <TEMPO Inizio="61.675" Bpm="123.21" Metro="4/4" Battito="1" />
      <TEMPO Inizio="125.471" Bpm="123.21" Metro="4/4" Battito="4" />
      <TEMPO Inizio="189.267" Bpm="123.21" Metro="4/4" Battito="3" />
      <TEMPO Inizio="253.063" Bpm="123.21" Metro="4/4" Battito="2" />
      <TEMPO Inizio="316.859" Bpm="123.21" Metro="4/4" Battito="1" />
      <TEMPO Inizio="380.655" Bpm="123.21" Metro="4/4" Battito="4" />
    </TRACK>
    <TRACK TrackID="148924236" Name="The Beach (Original Mix)" Artist="Luca C &amp; Brigante" Composer="" Album="" Grouping="" Genre="Lounge/Indie" Kind="AIFF File" Size="74793076" TotalTime="423" DiscNumber="0" TrackNumber="0" Year="0" AverageBpm="80.00" DateAdded="2021-03-07" BitRate="1411" SampleRate="44100" Comments="8A - 5" PlayCount="1" Rating="0" Location="file://localhost/Users/zachvp/Music/DJ/Luca%20C%20%26%20Brigante%20-%20The%20Beach%20(Original%20Mix).aiff" Remixer="" Tonality="8A" Label="" Mix="">
      <TEMPO Inizio="0.241" Bpm="80.00" Metro="4/4" Battito="4" />
      <TEMPO Inizio="11.490" Bpm="80.00" Metro="4/4" Battito="3" />
      <TEMPO Inizio="334.739" Bpm="80.00" Metro="4/4" Battito="2" />
    </TRACK>
    <TRACK TrackID="242296550" Name="Akrobat (Eric Volta Does His Own Thing Remix)" Artist="Ejeca" Composer="" Album="" Grouping="" Genre="House/Deep/Tech/Spacey" Kind="AIFF File" Size="69097488" TotalTime="391" DiscNumber="0" TrackNumber="0" Year="0" AverageBpm="124.00" DateAdded="2021-03-07" BitRate="1411" SampleRate="44100" Comments="7A - 6" PlayCount="1" Rating="0" Location="file://localhost/Users/zachvp/Music/DJ/4335226_Akrobat_(Eric_Volta_Does_His_Own_Thing_Remix).aiff" Remixer="" Tonality="7A" Label="" Mix="">
      <TEMPO Inizio="0.068" Bpm="124.00" Metro="4/4" Battito="1" />
    </TRACK>
    <TRACK TrackID="249766017" Name="Crystal" Artist="New Order" Composer="" Album="Crystal" Grouping="" Genre="Lounge/Acoustic" Kind="AIFF File" Size="46197564" TotalTime="261" DiscNumber="0" TrackNumber="1" Year="0" AverageBpm="135.97" DateAdded="2021-03-07" BitRate="1411" SampleRate="44100" Comments="2B - 7" PlayCount="0" Rating="0" Location="file://localhost/Users/zachvp/Music/DJ/01%20Crystal.aiff" Remixer="" Tonality="2B" Label="" Mix="">
      <TEMPO Inizio="0.245" Bpm="135.97" Metro="4/4" Battito="4" />
      <TEMPO Inizio="0.687" Bpm="135.97" Metro="4/4" Battito="1" />
      <TEMPO Inizio="32.018" Bpm="135.97" Metro="4/4" Battito="4" />
      <TEMPO Inizio="63.349" Bpm="135.97" Metro="4/4" Battito="3" />
      <TEMPO Inizio="89.826" Bpm="135.97" Metro="4/4" Battito="3" />
      <TEMPO Inizio="121.157" Bpm="135.97" Metro="4/4" Battito="2" />
      <TEMPO Inizio="157.342" Bpm="135.97" Metro="4/4" Battito="4" />
      <TEMPO Inizio="183.819" Bpm="135.97" Metro="4/4" Battito="4" />
      <TEMPO Inizio="215.150" Bpm="135.97" Metro="4/4" Battito="3" />
      <TEMPO Inizio="251.335" Bpm="135.97" Metro="4/4" Battito="1" />
    </TRACK>
    <TRACK TrackID="108306448" Name="Curtain Twitcher (feat. Nina Kraviz) (Nina Kraviz Alice Was Here Remix)" Artist="Nina Kraviz, Special Request" Composer="" Album="" Grouping="" Genre="House/Techno/Sinister" Kind="AIFF File" Size="84482004" TotalTime="478" DiscNumber="0" TrackNumber="0" Year="0" AverageBpm="137.00" DateAdded="2021-03-07" BitRate="1411" SampleRate="44100" Comments="1A - 5" PlayCount="0" Rating="0" Location="file://localhost/Users/zachvp/Music/DJ/Nina%20Kraviz,%20Special%20Request%20-%20Curtain%20Twitc.aiff" Remixer="" Tonality="1A" Label="" Mix="">
      <TEMPO Inizio="0.063" Bpm="137.00" Metro="4/4" Battito="1" />
      <POSITION_MARK Name="" Type="0" Start="332.909" Num="-1" />
    </TRACK>
    <TRACK TrackID="52270845" Name="Moving Still" Artist="Chris &amp; Cosey" Composer="" Album="Heartbeat" Grouping="" Genre="Lounge/Ambient" Kind="AIFF File" Size="50814322" TotalTime="264" DiscNumber="0" TrackNumber="0" Year="0" AverageBpm="87.16" DateAdded="2021-03-07" BitRate="1411" SampleRate="44100" Comments="11A - 6" PlayCount="0" Rating="0" Location="file://localhost/Users/zachvp/Music/DJ/Moving%20Still.aiff" Remixer="" Tonality="11A" Label="" Mix="">
      <TEMPO Inizio="0.395" Bpm="87.16" Metro="4/4" Battito="1" />
      <TEMPO Inizio="1.084" Bpm="87.16" Metro="4/4" Battito="2" />
      <TEMPO Inizio="8.657" Bpm="87.16" Metro="4/4" Battito="1" />
      <TEMPO Inizio="21.737" Bpm="87.16" Metro="4/4" Battito="4" />
      <TEMPO Inizio="31.375" Bpm="87.16" Metro="4/4" Battito="2" />
      <TEMPO Inizio="44.455" Bpm="87.16" Metro="4/4" Battito="1" />
      <TEMPO Inizio="54.093" Bpm="87.16" Metro="4/4" Battito="3" />
      <TEMPO Inizio="63.731" Bpm="87.16" Metro="4/4" Battito="1" />
      <TEMPO Inizio="76.811" Bpm="87.16" Metro="4/4" Battito="4" />
      <TEMPO Inizio="86.449" Bpm="87.16" Metro="4/4" Battito="2" />
      <TEMPO Inizio="99.529" Bpm="87.16" Metro="4/4" Battito="1" />
      <TEMPO Inizio="109.167" Bpm="87.16" Metro="4/4" Battito="3" />
      <TEMPO Inizio="118.805" Bpm="87.16" Metro="4/4" Battito="1" />
      <TEMPO Inizio="131.885" Bpm="87.16" Metro="4/4" Battito="4" />
      <TEMPO Inizio="141.523" Bpm="87.16" Metro="4/4" Battito="2" />
      <TEMPO Inizio="154.603" Bpm="87.16" Metro="4/4" Battito="1" />
      <TEMPO Inizio="164.241" Bpm="87.16" Metro="4/4" Battito="3" />
      <TEMPO Inizio="173.879" Bpm="87.16" Metro="4/4" Battito="1" />
      <TEMPO Inizio="183.517" Bpm="87.16" Metro="4/4" Battito="3" />
      <TEMPO Inizio="196.597" Bpm="87.16" Metro="4/4" Battito="2" />
      <TEMPO Inizio="206.235" Bpm="87.16" Metro="4/4" Battito="4" />
      <TEMPO Inizio="215.873" Bpm="87.16" Metro="4/4" Battito="2" />
      <TEMPO Inizio="228.953" Bpm="87.16" Metro="4/4" Battito="1" />
      <TEMPO Inizio="238.591" Bpm="87.16" Metro="4/4" Battito="3" />
      <TEMPO Inizio="251.671" Bpm="87.16" Metro="4/4" Battito="2" />
      <TEMPO Inizio="261.309" Bpm="87.16" Metro="4/4" Battito="4" />
    </TRACK>
    <TRACK TrackID="37512155" Name="Manic Melody (Hairy Beary)" Artist="Chris &amp; Cosey" Composer="" Album="Heartbeat" Grouping="" Genre="zzz" Kind="AIFF File" Size="42565060" TotalTime="221" DiscNumber="0" TrackNumber="0" Year="0" AverageBpm="156.96" DateAdded="2021-03-07" BitRate="1411" SampleRate="44100" Comments="1A - 7" PlayCount="0" Rating="0" Location="file://localhost/Users/zachvp/Music/DJ/Manic%20Melody%20(Hairy%20Beary).aiff" Remixer="" Tonality="1A" Label="" Mix="">
      <TEMPO Inizio="0.261" Bpm="156.96" Metro="4/4" Battito="1" />
      <TEMPO Inizio="0.644" Bpm="156.96" Metro="4/4" Battito="2" />
      <TEMPO Inizio="31.224" Bpm="156.96" Metro="4/4" Battito="2" />
      <TEMPO Inizio="64.862" Bpm="156.96" Metro="4/4" Battito="2" />
      <TEMPO Inizio="102.705" Bpm="156.96" Metro="4/4" Battito="1" />
      <TEMPO Inizio="133.285" Bpm="156.96" Metro="4/4" Battito="1" />
      <TEMPO Inizio="171.128" Bpm="156.96" Metro="4/4" Battito="4" />
      <TEMPO Inizio="201.708" Bpm="156.96" Metro="4/4" Battito="4" />
    </TRACK>
    <TRACK TrackID="239281301" Name="Love On Time" Artist="Maceo Plex" Composer="" Album="" Grouping="" Genre="zzz" Kind="AIFF File" Size="82245506" TotalTime="428" DiscNumber="0" TrackNumber="0" Year="0" AverageBpm="123.18" DateAdded="2021-03-07" BitRate="1536" SampleRate="48000" Comments="3A - 6" PlayCount="0" Rating="0" Location="file://localhost/Users/zachvp/Music/DJ/Love%20On%20Time.aiff" Remixer="" Tonality="3A" Label="" Mix="">
      <TEMPO Inizio="0.406" Bpm="123.18" Metro="4/4" Battito="4" />
      <TEMPO Inizio="29.145" Bpm="123.18" Metro="4/4" Battito="3" />
      <TEMPO Inizio="68.600" Bpm="123.18" Metro="4/4" Battito="4" />
      <TEMPO Inizio="102.697" Bpm="123.18" Metro="4/4" Battito="2" />
      <TEMPO Inizio="136.794" Bpm="123.18" Metro="4/4" Battito="4" />
      <TEMPO Inizio="170.891" Bpm="123.18" Metro="4/4" Battito="2" />
      <TEMPO Inizio="204.988" Bpm="123.18" Metro="4/4" Battito="4" />
      <TEMPO Inizio="239.085" Bpm="123.18" Metro="4/4" Battito="2" />
      <TEMPO Inizio="278.540" Bpm="123.18" Metro="4/4" Battito="3" />
      <TEMPO Inizio="312.637" Bpm="123.18" Metro="4/4" Battito="1" />
      <TEMPO Inizio="346.734" Bpm="123.18" Metro="4/4" Battito="3" />
      <TEMPO Inizio="380.831" Bpm="123.18" Metro="4/4" Battito="1" />
      <TEMPO Inizio="414.928" Bpm="123.18" Metro="4/4" Battito="3" />
    </TRACK>
    <TRACK TrackID="256606005" Name="When I Fell In Love (Charles Webster Vocal Mix)" Artist="UBQ Project" Composer="" Album="" Grouping="" Genre="House/Deep/Tech/Jazzy" Kind="AIFF File" Size="97719950" TotalTime="508" DiscNumber="0" TrackNumber="0" Year="0" AverageBpm="126.18" DateAdded="2021-03-07" BitRate="1536" SampleRate="48000" Comments="3A - 5" PlayCount="1" Rating="0" Location="file://localhost/Users/zachvp/Music/DJ/When%20I%20Fell%20In%20Love%20(Charles%20Webster%20Vocal%20Mix).aiff" Remixer="" Tonality="3A" Label="" Mix="">
      <TEMPO Inizio="0.170" Bpm="126.18" Metro="4/4" Battito="1" />
    </TRACK>
    <TRACK TrackID="193903962" Name="It Makes You Forget (Itgehane) (Original Mix)" Artist="Peggy Gou" Composer="" Album="" Grouping="" Genre="House/Tech/Organic" Kind="AIFF File" Size="69753332" TotalTime="395" DiscNumber="0" TrackNumber="0" Year="0" AverageBpm="125.00" DateAdded="2021-03-07" BitRate="1411" SampleRate="44100" Comments="6A - 6" PlayCount="2" Rating="0" Location="file://localhost/Users/zachvp/Music/DJ/Peggy%20Gou%20-%20It%20Makes%20You%20Forget%20(Itgehane)%20(.aiff" Remixer="" Tonality="6A" Label="" Mix="">
      <TEMPO Inizio="0.179" Bpm="125.00" Metro="4/4" Battito="1" />
      <POSITION_MARK Name="" Type="0" Start="38.587" Num="-1" />
      <POSITION_MARK Name="" Type="0" Start="107.702" Num="-1" />
      <POSITION_MARK Name="" Type="0" Start="184.498" Num="-1" />
      <POSITION_MARK Name="" Type="0" Start="199.852" Num="-1" />
      <POSITION_MARK Name="" Type="0" Start="230.566" Num="-1" />
      <POSITION_MARK Name="" Type="0" Start="261.275" Num="-1" />
    </TRACK>
    <TRACK TrackID="88964017" Name="Love Is What I'm After" Artist="Richard Jon Smith" Composer="" Album="She's The Master (Of the Game)" Grouping="" Genre="Lounge/" Kind="AIFF File" Size="57377026" TotalTime="298" DiscNumber="0" TrackNumber="0" Year="0" AverageBpm="113.28" DateAdded="2021-03-07" BitRate="1536" SampleRate="48000" Comments="7A - Energy 7" PlayCount="0" Rating="0" Location="file://localhost/Users/zachvp/Music/DJ/Love%20Is%20What%20I%27m%20After.aiff" Remixer="" Tonality="7A" Label="" Mix="">
      <TEMPO Inizio="0.234" Bpm="113.28" Metro="4/4" Battito="1" />
    </TRACK>
    <TRACK TrackID="35029677" Name="Guede (Artbat Rave Mix)" Artist="DJ Hell" Composer="" Album="" Grouping="" Genre="House/Techno/" Kind="AIFF File" Size="90136486" TotalTime="510" DiscNumber="0" TrackNumber="0" Year="0" AverageBpm="124.00" DateAdded="2021-03-07" BitRate="1411" SampleRate="44100" Comments="6A - 5" PlayCount="0" Rating="0" Location="file://localhost/Users/zachvp/Music/DJ/10365932_Guede_(ARTBAT_Rave_Mix).aiff" Remixer="" Tonality="6A" Label="" Mix="">
      <TEMPO Inizio="0.004" Bpm="124.00" Metro="4/4" Battito="1" />
    </TRACK>
    <TRACK TrackID="43833115" Name="The Last Time feat. Leon Lincoln (Qubiko Extended Remix)" Artist="Leon Lincoln, Saison" Composer="" Album="" Grouping="" Genre="House/Tech/" Kind="AIFF File" Size="67910040" TotalTime="384" DiscNumber="0" TrackNumber="0" Year="0" AverageBpm="122.00" DateAdded="2021-03-07" BitRate="1411" SampleRate="44100" Comments="6A - 6" PlayCount="0" Rating="0" Location="file://localhost/Users/zachvp/Music/DJ/Leon%20Lincoln,%20Saison%20-%20The%20Last%20Time%20feat.%20L.aiff" Remixer="" Tonality="6A" Label="" Mix="">
      <TEMPO Inizio="0.025" Bpm="122.00" Metro="4/4" Battito="1" />
    </TRACK>
    <TRACK TrackID="165584604" Name="Star (Dub)" Artist="Mark Fanciulli, Nic Fanciulli" Composer="" Album="" Grouping="" Genre="House/Tech/Groove" Kind="AIFF File" Size="69094214" TotalTime="391" DiscNumber="0" TrackNumber="0" Year="0" AverageBpm="125.00" DateAdded="2021-03-07" BitRate="1411" SampleRate="44100" Comments="5A - 6" PlayCount="2" Rating="0" Location="file://localhost/Users/zachvp/Music/DJ/Mark%20Fanciulli,%20Nic%20Fanciulli%20-%20Star%20(Dub).aiff" Remixer="" Tonality="5A" Label="" Mix="">
      <TEMPO Inizio="0.001" Bpm="125.00" Metro="4/4" Battito="1" />
      <TEMPO Inizio="107.042" Bpm="125.00" Metro="4/4" Battito="4" />
      <TEMPO Inizio="367.683" Bpm="125.00" Metro="4/4" Battito="3" />
    </TRACK>
    <TRACK TrackID="21269500" Name="Watching You (Acapella)" Artist="Loose Ends" Composer="" Album="Watching You" Grouping="" Genre="Lounge/" Kind="AIFF File" Size="58751428" TotalTime="305" DiscNumber="0" TrackNumber="0" Year="0" AverageBpm="99.63" DateAdded="2021-03-07" BitRate="1536" SampleRate="48000" Comments="8A - Energy 6" PlayCount="0" Rating="0" Location="file://localhost/Users/zachvp/Music/DJ/Watching%20You%20(Accapella).aiff" Remixer="" Tonality="8A" Label="" Mix="">
      <TEMPO Inizio="0.480" Bpm="99.63" Metro="4/4" Battito="3" />
      <TEMPO Inizio="103.460" Bpm="99.63" Metro="4/4" Battito="2" />
      <TEMPO Inizio="193.191" Bpm="99.63" Metro="4/4" Battito="3" />
      <TEMPO Inizio="282.922" Bpm="99.63" Metro="4/4" Battito="4" />
    </TRACK>
    <TRACK TrackID="37584179" Name="Moment Before Dreaming (Idjut Boys Dub)" Artist="Ananda Project" Composer="" Album="" Grouping="" Genre="House/Deep/Tech/Spacey" Kind="AIFF File" Size="65993952" TotalTime="374" DiscNumber="0" TrackNumber="0" Year="0" AverageBpm="119.99" DateAdded="2021-03-07" BitRate="1411" SampleRate="44100" Comments="6B - 4" PlayCount="1" Rating="0" Location="file://localhost/Users/zachvp/Music/DJ/518597_Moment_Before_Dreaming_(Idjut_Boys_Dub).aiff" Remixer="" Tonality="6B" Label="" Mix="">
      <TEMPO Inizio="0.229" Bpm="119.99" Metro="4/4" Battito="1" />
      <TEMPO Inizio="15.231" Bpm="119.99" Metro="4/4" Battito="3" />
      <TEMPO Inizio="32.233" Bpm="119.99" Metro="4/4" Battito="1" />
      <TEMPO Inizio="59.236" Bpm="119.99" Metro="4/4" Battito="3" />
      <TEMPO Inizio="86.239" Bpm="119.99" Metro="4/4" Battito="1" />
      <TEMPO Inizio="103.741" Bpm="119.99" Metro="4/4" Battito="4" />
      <TEMPO Inizio="130.744" Bpm="119.99" Metro="4/4" Battito="2" />
      <TEMPO Inizio="157.247" Bpm="119.99" Metro="4/4" Battito="3" />
      <TEMPO Inizio="174.749" Bpm="119.99" Metro="4/4" Battito="2" />
      <TEMPO Inizio="201.752" Bpm="119.99" Metro="4/4" Battito="4" />
      <TEMPO Inizio="228.255" Bpm="119.99" Metro="4/4" Battito="1" />
      <TEMPO Inizio="245.757" Bpm="119.99" Metro="4/4" Battito="4" />
      <TEMPO Inizio="272.760" Bpm="119.99" Metro="4/4" Battito="2" />
      <TEMPO Inizio="299.263" Bpm="119.99" Metro="4/4" Battito="3" />
      <TEMPO Inizio="326.266" Bpm="119.99" Metro="4/4" Battito="1" />
      <TEMPO Inizio="353.269" Bpm="119.99" Metro="4/4" Battito="3" />
      <TEMPO Inizio="370.271" Bpm="119.99" Metro="4/4" Battito="1" />
    </TRACK>
    <TRACK TrackID="256748338" Name="Baby Wants to Ride (Volga Select Angel Dust Mix)" Artist="Freestyle Man" Composer="" Album="Steve Bug - Da Minimal Funk Vol. 3" Grouping="" Genre="zzz" Kind="AIFF File" Size="61347018" TotalTime="347" DiscNumber="0" TrackNumber="16" Year="0" AverageBpm="120.82" DateAdded="2021-03-07" BitRate="1411" SampleRate="44100" Comments="8A - 5" PlayCount="0" Rating="0" Location="file://localhost/Users/zachvp/Music/DJ/16%20Baby%20Wants%20to%20Ride%20(Volga%20Select%20Angel%20Dust%20Mix).aiff" Remixer="" Tonality="8A" Label="" Mix="">
      <TEMPO Inizio="0.123" Bpm="120.82" Metro="4/4" Battito="1" />
    </TRACK>
    <TRACK TrackID="237025785" Name="Nukem High" Artist="David Duriez" Composer="" Album="Steve Bug - Da Minimal Funk Vol. 3" Grouping="" Genre="zzz" Kind="AIFF File" Size="25243674" TotalTime="143" DiscNumber="0" TrackNumber="15" Year="0" AverageBpm="120.95" DateAdded="2021-03-07" BitRate="1411" SampleRate="44100" Comments="7A - 6" PlayCount="0" Rating="0" Location="file://localhost/Users/zachvp/Music/DJ/15%20Nukem%20High.aiff" Remixer="" Tonality="7A" Label="" Mix="">
      <TEMPO Inizio="0.342" Bpm="120.95" Metro="4/4" Battito="1" />
      <TEMPO Inizio="1.831" Bpm="120.95" Metro="4/4" Battito="4" />
      <TEMPO Inizio="58.880" Bpm="120.95" Metro="4/4" Battito="3" />
      <TEMPO Inizio="116.425" Bpm="120.95" Metro="4/4" Battito="3" />
    </TRACK>
    <TRACK TrackID="37312149" Name="Lake Gilmore (Original Mix)" Artist="No Regular Play" Composer="" Album="" Grouping="" Genre="House/Deep/Tech/Spacey" Kind="AIFF File" Size="79826360" TotalTime="452" DiscNumber="0" TrackNumber="0" Year="0" AverageBpm="121.00" DateAdded="2021-03-07" BitRate="1411" SampleRate="44100" Comments="7A - 6" PlayCount="1" Rating="0" Location="file://localhost/Users/zachvp/Music/DJ/No%20Regular%20Play%20-%20Lake%20Gilmore%20(Original%20Mix.aiff" Remixer="" Tonality="7A" Label="" Mix="">
      <TEMPO Inizio="0.168" Bpm="121.00" Metro="4/4" Battito="2" />
      <POSITION_MARK Name="" Type="0" Start="1.664" Num="-1" />
    </TRACK>
    <TRACK TrackID="154007724" Name="Human Raft" Artist="Guy Gerber" Composer="" Album="fabric 64: Guy Gerber" Grouping="" Genre="zzz" Kind="AIFF File" Size="14922720" TotalTime="84" DiscNumber="0" TrackNumber="15" Year="0" AverageBpm="122.00" DateAdded="2021-03-07" BitRate="1411" SampleRate="44100" Comments="9A - 6" PlayCount="0" Rating="0" Location="file://localhost/Users/zachvp/Music/DJ/15%20Human%20Raft.aiff" Remixer="" Tonality="9A" Label="" Mix="">
      <TEMPO Inizio="0.019" Bpm="122.00" Metro="4/4" Battito="1" />
    </TRACK>
    <TRACK TrackID="210331412" Name="My Medicine" Artist="Guy Gerber" Composer="" Album="fabric 64: Guy Gerber" Grouping="" Genre="zzz" Kind="AIFF File" Size="58301058" TotalTime="330" DiscNumber="0" TrackNumber="14" Year="0" AverageBpm="122.00" DateAdded="2021-03-07" BitRate="1411" SampleRate="44100" Comments="2A - 6" PlayCount="0" Rating="0" Location="file://localhost/Users/zachvp/Music/DJ/14%20My%20Medicine.aiff" Remixer="" Tonality="2A" Label="" Mix="">
      <TEMPO Inizio="0.046" Bpm="122.00" Metro="4/4" Battito="1" />
    </TRACK>
    <TRACK TrackID="199119652" Name="Just Like You" Artist="Chris &amp; Cosey" Composer="" Album="Heartbeat" Grouping="" Genre="House/Tech/Indie/Retro" Kind="AIFF File" Size="44157980" TotalTime="229" DiscNumber="0" TrackNumber="0" Year="0" AverageBpm="81.16" DateAdded="2021-03-07" BitRate="1411" SampleRate="44100" Comments="9A - 6" PlayCount="0" Rating="0" Location="file://localhost/Users/zachvp/Music/DJ/Just%20Like%20You.aiff" Remixer="" Tonality="9A" Label="" Mix="">
      <TEMPO Inizio="0.391" Bpm="81.16" Metro="4/4" Battito="1" />
      <TEMPO Inizio="37.354" Bpm="81.16" Metro="4/4" Battito="3" />
      <TEMPO Inizio="55.835" Bpm="81.16" Metro="4/4" Battito="4" />
      <TEMPO Inizio="82.448" Bpm="81.16" Metro="4/4" Battito="4" />
      <TEMPO Inizio="109.061" Bpm="81.16" Metro="4/4" Battito="4" />
      <TEMPO Inizio="127.542" Bpm="81.16" Metro="4/4" Battito="1" />
      <TEMPO Inizio="154.155" Bpm="81.16" Metro="4/4" Battito="1" />
      <TEMPO Inizio="180.768" Bpm="81.16" Metro="4/4" Battito="1" />
      <TEMPO Inizio="207.381" Bpm="81.16" Metro="4/4" Battito="1" />
      <TEMPO Inizio="225.862" Bpm="81.16" Metro="4/4" Battito="2" />
    </TRACK>
    <TRACK TrackID="101305134" Name="Hungry (Satoshi Tomiie Vocal)" Artist="Kosheen" Composer="" Album="" Grouping="" Genre="House/Tech/Indie/Progressive" Kind="AIFF File" Size="116777388" TotalTime="608" DiscNumber="0" TrackNumber="0" Year="0" AverageBpm="130.24" DateAdded="2021-03-07" BitRate="1536" SampleRate="48000" Comments="9A - 7" PlayCount="0" Rating="0" Location="file://localhost/Users/zachvp/Music/DJ/Hungry%20(Satoshi%20Tomiie%20Vocal).aiff" Remixer="" Tonality="9A" Label="" Mix="">
      <TEMPO Inizio="0.321" Bpm="130.24" Metro="4/4" Battito="3" />
    </TRACK>
    <TRACK TrackID="249852913" Name="Hungry (Satoshi Tomiie Dub)" Artist="Kosheen" Composer="" Album="" Grouping="" Genre="House/Tech/Indie/Progressive" Kind="AIFF File" Size="99998438" TotalTime="520" DiscNumber="0" TrackNumber="0" Year="0" AverageBpm="130.22" DateAdded="2021-03-07" BitRate="1536" SampleRate="48000" Comments="9A - 6" PlayCount="0" Rating="0" Location="file://localhost/Users/zachvp/Music/DJ/Hungry%20(Satoshi%20Tomiie%20Dub).aiff" Remixer="" Tonality="9A" Label="" Mix="">
      <TEMPO Inizio="0.167" Bpm="130.23" Metro="4/4" Battito="1" />
    </TRACK>
    <TRACK TrackID="50424725" Name="Buggin' feat. Jem Cooke (Original Mix)" Artist="Hot Since 82" Composer="" Album="" Grouping="" Genre="House/Deep/Melodic" Kind="AIFF File" Size="89180082" TotalTime="505" DiscNumber="0" TrackNumber="0" Year="0" AverageBpm="124.00" DateAdded="2021-03-07" BitRate="1411" SampleRate="44100" Comments="9A - 6" PlayCount="0" Rating="0" Location="file://localhost/Users/zachvp/Music/DJ/Hot%20Since%2082%20-%20Buggin%27%20feat.%20Jem%20Cooke%20(Orig.aiff" Remixer="" Tonality="9A" Label="" Mix="">
      <TEMPO Inizio="0.007" Bpm="124.00" Metro="4/4" Battito="1" />
    </TRACK>
    <TRACK TrackID="249042484" Name="It Makes You Forget (Itgehane) (Edit)" Artist="Peggy Gou" Composer="" Album="" Grouping="" Genre="House/Tech/Organic" Kind="AIFF File" Size="41660464" TotalTime="236" DiscNumber="0" TrackNumber="0" Year="0" AverageBpm="125.00" DateAdded="2021-03-07" BitRate="1411" SampleRate="44100" Comments="6A - 6" PlayCount="0" Rating="0" Location="file://localhost/Users/zachvp/Music/DJ/Peggy%20Gou%20-%20It%20Makes%20You%20Forget%20(Itgehane)-1.aiff" Remixer="" Tonality="6A" Label="" Mix="">
      <TEMPO Inizio="0.003" Bpm="125.00" Metro="4/4" Battito="1" />
      <TEMPO Inizio="160.804" Bpm="125.00" Metro="4/4" Battito="4" />
    </TRACK>
    <TRACK TrackID="252037300" Name="Knomb" Artist="Jeff Samuel" Composer="" Album="Steve Bug - Da Minimal Funk Vol. 3" Grouping="" Genre="House/Deep/Tech/Jazzy" Kind="AIFF File" Size="47589992" TotalTime="269" DiscNumber="0" TrackNumber="14" Year="0" AverageBpm="120.91" DateAdded="2021-03-07" BitRate="1411" SampleRate="44100" Comments="1A - 6" PlayCount="0" Rating="0" Location="file://localhost/Users/zachvp/Music/DJ/14%20Knomb.aiff" Remixer="" Tonality="1A" Label="" Mix="">
      <TEMPO Inizio="0.198" Bpm="120.91" Metro="4/4" Battito="1" />
      <TEMPO Inizio="1.191" Bpm="120.91" Metro="4/4" Battito="3" />
    </TRACK>
    <TRACK TrackID="83391277" Name="Odna (Original Mix)" Artist="AL-90, DX20V" Composer="" Album="" Grouping="" Genre="House/Tech/Indie/" Kind="AIFF File" Size="61511676" TotalTime="348" DiscNumber="0" TrackNumber="0" Year="0" AverageBpm="124.00" DateAdded="2021-03-07" BitRate="1411" SampleRate="44100" Comments="3A - 5" PlayCount="0" Rating="0" Location="file://localhost/Users/zachvp/Music/DJ/10383483_Odna_(Original_Mix).aiff" Remixer="" Tonality="3A" Label="" Mix="">
      <TEMPO Inizio="0.255" Bpm="124.00" Metro="4/4" Battito="1" />
    </TRACK>
    <TRACK TrackID="52054909" Name="Thunda feat. John Mendelsohn (Rampa Remix)" Artist="Honey Dijon, John Mendelsohn, Tim K" Composer="" Album="" Grouping="" Genre="House/Deep/Melodic" Kind="AIFF File" Size="75087208" TotalTime="425" DiscNumber="0" TrackNumber="0" Year="0" AverageBpm="122.00" DateAdded="2021-03-07" BitRate="1411" SampleRate="44100" Comments="7A - 5" PlayCount="0" Rating="0" Location="file://localhost/Users/zachvp/Music/DJ/Honey%20Dijon,%20John%20Mendelsohn,%20Tim%20K%20-%20Thunda.aiff" Remixer="" Tonality="7A" Label="" Mix="">
      <TEMPO Inizio="0.024" Bpm="122.00" Metro="4/4" Battito="1" />
    </TRACK>
    <TRACK TrackID="153022181" Name="Heartbeat" Artist="Chris &amp; Cosey" Composer="" Album="Heartbeat" Grouping="" Genre="zzz" Kind="AIFF File" Size="70501704" TotalTime="367" DiscNumber="0" TrackNumber="0" Year="0" AverageBpm="172.85" DateAdded="2021-03-07" BitRate="1536" SampleRate="48000" Comments="5A - 6" PlayCount="0" Rating="0" Location="file://localhost/Users/zachvp/Music/DJ/Heartbeat.aiff" Remixer="" Tonality="5A" Label="" Mix="">
      <TEMPO Inizio="0.289" Bpm="172.85" Metro="4/4" Battito="3" />
      <TEMPO Inizio="15.910" Bpm="172.85" Metro="4/4" Battito="4" />
      <TEMPO Inizio="37.085" Bpm="172.85" Metro="4/4" Battito="1" />
      <TEMPO Inizio="63.814" Bpm="172.85" Metro="4/4" Battito="2" />
      <TEMPO Inizio="87.766" Bpm="172.85" Metro="4/4" Battito="3" />
      <TEMPO Inizio="111.718" Bpm="172.85" Metro="4/4" Battito="4" />
      <TEMPO Inizio="138.447" Bpm="172.85" Metro="4/4" Battito="1" />
      <TEMPO Inizio="162.399" Bpm="172.85" Metro="4/4" Battito="2" />
      <TEMPO Inizio="189.128" Bpm="172.85" Metro="4/4" Battito="3" />
      <TEMPO Inizio="213.080" Bpm="172.85" Metro="4/4" Battito="4" />
      <TEMPO Inizio="237.032" Bpm="172.85" Metro="4/4" Battito="1" />
      <TEMPO Inizio="263.761" Bpm="172.85" Metro="4/4" Battito="2" />
      <TEMPO Inizio="287.713" Bpm="172.85" Metro="4/4" Battito="3" />
      <TEMPO Inizio="311.665" Bpm="172.85" Metro="4/4" Battito="4" />
      <TEMPO Inizio="338.394" Bpm="172.85" Metro="4/4" Battito="1" />
      <TEMPO Inizio="362.346" Bpm="172.85" Metro="4/4" Battito="2" />
    </TRACK>
    <TRACK TrackID="210645239" Name="I Want You (Dim's Re Edit]" Artist="Gato Barbieri" Composer="" Album="Dimitri From Paris ITHOL [Disc 2]" Grouping="" Genre="zzz" Kind="AIFF File" Size="84393986" TotalTime="478" DiscNumber="0" TrackNumber="14" Year="0" AverageBpm="100.86" DateAdded="2021-03-07" BitRate="1411" SampleRate="44100" Comments="4A - 5" PlayCount="0" Rating="0" Location="file://localhost/Users/zachvp/Music/DJ/14%20I%20Want%20You%20(Dim%27s%20Re%20Edit%5d.aiff" Remixer="" Tonality="4A" Label="" Mix="">
      <TEMPO Inizio="0.316" Bpm="100.86" Metro="4/4" Battito="1" />
    </TRACK>
    <TRACK TrackID="61444062" Name="To Be In Love (with The Count Basie Orchestra)" Artist="India &amp; Tito Puente With The Count Basie Orchestra" Composer="" Album="Dimitri From Paris ITHOL [Disc 2]" Grouping="" Genre="zzz" Kind="AIFF File" Size="48907104" TotalTime="277" DiscNumber="0" TrackNumber="13" Year="0" AverageBpm="121.54" DateAdded="2021-03-07" BitRate="1411" SampleRate="44100" Comments="5A - 6" PlayCount="0" Rating="0" Location="file://localhost/Users/zachvp/Music/DJ/13%20To%20Be%20In%20Love%20(with%20The%20Count%20Basie%20Orchestra).aiff" Remixer="" Tonality="5A" Label="" Mix="">
      <TEMPO Inizio="0.379" Bpm="121.54" Metro="4/4" Battito="3" />
    </TRACK>
    <TRACK TrackID="171044606" Name="Now it's Dark" Artist="Gillieron &amp; Mcarthur" Composer="" Album="Steve Bug - Da Minimal Funk Vol. 3" Grouping="" Genre="zzz" Kind="AIFF File" Size="25138594" TotalTime="142" DiscNumber="0" TrackNumber="13" Year="0" AverageBpm="121.19" DateAdded="2021-03-07" BitRate="1411" SampleRate="44100" Comments="11A - 5" PlayCount="0" Rating="0" Location="file://localhost/Users/zachvp/Music/DJ/13%20Now%20it%c2%b4s%20Dark.aiff" Remixer="" Tonality="11A" Label="" Mix="">
      <TEMPO Inizio="0.073" Bpm="121.19" Metro="4/4" Battito="1" />
      <TEMPO Inizio="7.995" Bpm="121.19" Metro="4/4" Battito="1" />
      <TEMPO Inizio="48.593" Bpm="121.19" Metro="4/4" Battito="3" />
      <TEMPO Inizio="89.686" Bpm="121.19" Metro="4/4" Battito="2" />
      <TEMPO Inizio="130.779" Bpm="121.19" Metro="4/4" Battito="1" />
    </TRACK>
    <TRACK TrackID="73932480" Name="Headspin" Artist="Fries &amp; Bridges" Composer="" Album="Steve Bug - Da Minimal Funk Vol. 3" Grouping="" Genre="Lounge/Indie" Kind="AIFF File" Size="43203668" TotalTime="244" DiscNumber="0" TrackNumber="12" Year="0" AverageBpm="121.50" DateAdded="2021-03-07" BitRate="1411" SampleRate="44100" Comments="3A - 7" PlayCount="0" Rating="0" Location="file://localhost/Users/zachvp/Music/DJ/12%20Headspin.aiff" Remixer="" Tonality="3A" Label="" Mix="">
      <TEMPO Inizio="0.085" Bpm="121.50" Metro="4/4" Battito="1" />
    </TRACK>
    <TRACK TrackID="227015356" Name="Found Love (Featuring Dany)" Artist="Double D ft. Dany" Composer="" Album="Dimitri From Paris ITHOL [Disc 2]" Grouping="" Genre="House/Tech/Indie/Disco" Kind="AIFF File" Size="44157192" TotalTime="250" DiscNumber="0" TrackNumber="12" Year="0" AverageBpm="124.60" DateAdded="2021-03-07" BitRate="1411" SampleRate="44100" Comments="1A - 7" PlayCount="0" Rating="0" Location="file://localhost/Users/zachvp/Music/DJ/12%20Found%20Love%20(Featuring%20Dany).aiff" Remixer="" Tonality="1A" Label="" Mix="">
      <TEMPO Inizio="0.029" Bpm="124.60" Metro="4/4" Battito="1" />
    </TRACK>
    <TRACK TrackID="77641791" Name="Quantum (Original Mix)" Artist="Etapp Kyle" Composer="" Album="" Grouping="" Genre="House/Techno/Downtempo" Kind="AIFF File" Size="70061552" TotalTime="397" DiscNumber="0" TrackNumber="0" Year="0" AverageBpm="131.00" DateAdded="2021-03-07" BitRate="1411" SampleRate="44100" Comments="5A - 5" PlayCount="1" Rating="0" Location="file://localhost/Users/zachvp/Music/DJ/Etapp%20Kyle%20-%20Quantum%20(Original%20Mix).aiff" Remixer="" Tonality="5A" Label="" Mix="">
      <TEMPO Inizio="0.059" Bpm="131.00" Metro="4/4" Battito="1" />
      <TEMPO Inizio="13.800" Bpm="131.00" Metro="4/4" Battito="3" />
      <TEMPO Inizio="237.312" Bpm="131.00" Metro="4/4" Battito="3" />
      <TEMPO Inizio="237.769" Bpm="131.00" Metro="4/4" Battito="4" />
      <TEMPO Inizio="238.228" Bpm="131.00" Metro="4/4" Battito="1" />
      <TEMPO Inizio="238.685" Bpm="131.00" Metro="4/4" Battito="2" />
      <TEMPO Inizio="239.144" Bpm="131.00" Metro="4/4" Battito="3" />
      <POSITION_MARK Name="" Type="0" Start="55.019" Num="-1" />
    </TRACK>
    <TRACK TrackID="213293504" Name="Esperar Pra Ver" Artist="Evinha" Composer="" Album="" Grouping="" Genre="Lounge/Acoustic" Kind="AIFF File" Size="27659106" TotalTime="144" DiscNumber="0" TrackNumber="0" Year="0" AverageBpm="98.17" DateAdded="2021-03-07" BitRate="1536" SampleRate="48000" Comments="12A - 4" PlayCount="1" Rating="0" Location="file://localhost/Users/zachvp/Music/DJ/Esperar%20Pra%20Ver.aiff" Remixer="" Tonality="12A" Label="" Mix="">
      <TEMPO Inizio="0.145" Bpm="98.17" Metro="4/4" Battito="1" />
      <TEMPO Inizio="0.757" Bpm="98.17" Metro="4/4" Battito="2" />
      <TEMPO Inizio="23.981" Bpm="98.17" Metro="4/4" Battito="4" />
      <TEMPO Inizio="47.205" Bpm="98.17" Metro="4/4" Battito="2" />
      <TEMPO Inizio="70.429" Bpm="98.17" Metro="4/4" Battito="4" />
      <TEMPO Inizio="93.653" Bpm="98.17" Metro="4/4" Battito="2" />
      <TEMPO Inizio="116.877" Bpm="98.17" Metro="4/4" Battito="4" />
      <POSITION_MARK Name="" Type="0" Start="7.479" Num="-1" />
    </TRACK>
    <TRACK TrackID="248818659" Name="The Look Of Love (Dim's Re Edit)" Artist="Elaine &amp; Ellen" Composer="" Album="Dimitri From Paris IN THE HOUSE OF LOVE" Grouping="" Genre="zzz" Kind="AIFF File" Size="73118490" TotalTime="414" DiscNumber="0" TrackNumber="11" Year="0" AverageBpm="126.52" DateAdded="2021-03-07" BitRate="1411" SampleRate="44100" Comments="7A - 7" PlayCount="0" Rating="0" Location="file://localhost/Users/zachvp/Music/DJ/11%20The%20Look%20Of%20Love%20(Dim%27s%20Re%20Edit).aiff" Remixer="" Tonality="7A" Label="" Mix="">
      <TEMPO Inizio="0.033" Bpm="126.52" Metro="4/4" Battito="1" />
      <TEMPO Inizio="0.982" Bpm="126.52" Metro="4/4" Battito="3" />
      <TEMPO Inizio="76.384" Bpm="126.52" Metro="4/4" Battito="2" />
      <TEMPO Inizio="153.683" Bpm="126.52" Metro="4/4" Battito="1" />
      <TEMPO Inizio="230.982" Bpm="126.52" Metro="4/4" Battito="4" />
      <TEMPO Inizio="308.281" Bpm="126.52" Metro="4/4" Battito="3" />
      <TEMPO Inizio="385.580" Bpm="126.52" Metro="4/4" Battito="2" />
    </TRACK>
    <TRACK TrackID="122923960" Name="Several Times (Original Mix)" Artist="Mind Against" Composer="" Album="" Grouping="" Genre="House/Deep/Tech/Spacey" Kind="AIFF File" Size="91575396" TotalTime="519" DiscNumber="0" TrackNumber="0" Year="0" AverageBpm="123.00" DateAdded="2021-03-07" BitRate="1411" SampleRate="44100" Comments="9A - 7" PlayCount="3" Rating="0" Location="file://localhost/Users/zachvp/Music/DJ/Mind%20Against%20-%20Several%20Times%20(Original%20Mix).aiff" Remixer="" Tonality="9A" Label="" Mix="">
      <TEMPO Inizio="0.100" Bpm="123.00" Metro="4/4" Battito="1" />
    </TRACK>
    <TRACK TrackID="156478369" Name="Desert Races (Original Mix)" Artist="Planetary Assault Systems" Composer="" Album="" Grouping="" Genre="House/Techno/Sinister" Kind="AIFF File" Size="80784196" TotalTime="457" DiscNumber="0" TrackNumber="0" Year="0" AverageBpm="130.02" DateAdded="2021-03-07" BitRate="1411" SampleRate="44100" Comments="9A - 5" PlayCount="1" Rating="0" Location="file://localhost/Users/zachvp/Music/DJ/Planetary%20Assault%20Systems%20-%20Desert%20Races%20(Or.aiff" Remixer="" Tonality="9A" Label="" Mix="">
      <TEMPO Inizio="0.043" Bpm="130.02" Metro="4/4" Battito="1" />
      <TEMPO Inizio="0.505" Bpm="130.02" Metro="4/4" Battito="2" />
      <TEMPO Inizio="7.889" Bpm="130.02" Metro="4/4" Battito="2" />
      <TEMPO Inizio="22.195" Bpm="130.02" Metro="4/4" Battito="1" />
      <TEMPO Inizio="36.501" Bpm="130.02" Metro="4/4" Battito="4" />
      <TEMPO Inizio="50.807" Bpm="130.02" Metro="4/4" Battito="3" />
      <TEMPO Inizio="58.191" Bpm="130.02" Metro="4/4" Battito="3" />
      <TEMPO Inizio="72.497" Bpm="130.02" Metro="4/4" Battito="2" />
      <TEMPO Inizio="94.648" Bpm="130.02" Metro="4/4" Battito="2" />
      <TEMPO Inizio="102.032" Bpm="130.02" Metro="4/4" Battito="2" />
      <TEMPO Inizio="116.338" Bpm="130.02" Metro="4/4" Battito="1" />
      <TEMPO Inizio="130.644" Bpm="130.02" Metro="4/4" Battito="4" />
      <TEMPO Inizio="144.950" Bpm="130.02" Metro="4/4" Battito="3" />
      <TEMPO Inizio="159.256" Bpm="130.02" Metro="4/4" Battito="2" />
      <TEMPO Inizio="173.562" Bpm="130.02" Metro="4/4" Battito="1" />
      <TEMPO Inizio="187.868" Bpm="130.02" Metro="4/4" Battito="4" />
      <TEMPO Inizio="202.174" Bpm="130.02" Metro="4/4" Battito="3" />
      <TEMPO Inizio="209.558" Bpm="130.02" Metro="4/4" Battito="3" />
      <TEMPO Inizio="223.864" Bpm="130.02" Metro="4/4" Battito="2" />
      <TEMPO Inizio="238.170" Bpm="130.02" Metro="4/4" Battito="1" />
      <TEMPO Inizio="252.476" Bpm="130.02" Metro="4/4" Battito="4" />
      <TEMPO Inizio="266.782" Bpm="130.02" Metro="4/4" Battito="3" />
      <TEMPO Inizio="281.088" Bpm="130.02" Metro="4/4" Battito="2" />
      <TEMPO Inizio="295.394" Bpm="130.02" Metro="4/4" Battito="1" />
      <TEMPO Inizio="309.700" Bpm="130.02" Metro="4/4" Battito="4" />
      <TEMPO Inizio="324.006" Bpm="130.02" Metro="4/4" Battito="3" />
      <TEMPO Inizio="338.312" Bpm="130.02" Metro="4/4" Battito="2" />
      <TEMPO Inizio="352.618" Bpm="130.02" Metro="4/4" Battito="1" />
      <TEMPO Inizio="366.924" Bpm="130.02" Metro="4/4" Battito="4" />
      <TEMPO Inizio="374.308" Bpm="130.02" Metro="4/4" Battito="4" />
      <TEMPO Inizio="388.614" Bpm="130.02" Metro="4/4" Battito="3" />
      <TEMPO Inizio="402.920" Bpm="130.02" Metro="4/4" Battito="2" />
      <TEMPO Inizio="417.226" Bpm="130.02" Metro="4/4" Battito="1" />
      <TEMPO Inizio="431.532" Bpm="130.02" Metro="4/4" Battito="4" />
      <TEMPO Inizio="445.838" Bpm="130.02" Metro="4/4" Battito="3" />
    </TRACK>
    <TRACK TrackID="133300839" Name="Givin' It Up (Roger Sanchez Deep Mix)" Artist="Incognito" Composer="" Album="Dimitri From Paris ITHOL [Disc 2]" Grouping="" Genre="zzz" Kind="AIFF File" Size="49389388" TotalTime="279" DiscNumber="0" TrackNumber="11" Year="0" AverageBpm="125.15" DateAdded="2021-03-07" BitRate="1411" SampleRate="44100" Comments="4A - 7" PlayCount="0" Rating="0" Location="file://localhost/Users/zachvp/Music/DJ/11%20Givin%27%20It%20Up%20(Roger%20Sanchez%20Deep%20Mix).aiff" Remixer="" Tonality="4A" Label="" Mix="">
      <TEMPO Inizio="0.014" Bpm="125.15" Metro="4/4" Battito="1" />
      <TEMPO Inizio="12.959" Bpm="125.15" Metro="4/4" Battito="4" />
      <TEMPO Inizio="64.258" Bpm="125.15" Metro="4/4" Battito="3" />
      <TEMPO Inizio="115.557" Bpm="125.15" Metro="4/4" Battito="2" />
      <TEMPO Inizio="163.500" Bpm="125.15" Metro="4/4" Battito="2" />
      <TEMPO Inizio="214.799" Bpm="125.15" Metro="4/4" Battito="1" />
      <TEMPO Inizio="266.098" Bpm="125.15" Metro="4/4" Battito="4" />
    </TRACK>
    <TRACK TrackID="39528580" Name="Put Yourself In Los Angeles" Artist="Chris &amp; Cosey" Composer="" Album="Heartbeat" Grouping="" Genre="zzz" Kind="AIFF File" Size="44071156" TotalTime="229" DiscNumber="0" TrackNumber="0" Year="0" AverageBpm="123.89" DateAdded="2021-03-07" BitRate="1411" SampleRate="44100" Comments="11A - 7" PlayCount="0" Rating="0" Location="file://localhost/Users/zachvp/Music/DJ/Put%20Yourself%20In%20Los%20Angeles.aiff" Remixer="" Tonality="11A" Label="" Mix="">
      <TEMPO Inizio="0.139" Bpm="123.89" Metro="4/4" Battito="1" />
      <TEMPO Inizio="0.624" Bpm="123.89" Metro="4/4" Battito="2" />
      <TEMPO Inizio="49.053" Bpm="123.89" Metro="4/4" Battito="2" />
      <TEMPO Inizio="107.168" Bpm="123.89" Metro="4/4" Battito="2" />
      <TEMPO Inizio="170.126" Bpm="123.89" Metro="4/4" Battito="4" />
      <TEMPO Inizio="228.241" Bpm="123.89" Metro="4/4" Battito="4" />
    </TRACK>
    <TRACK TrackID="34258567" Name="Que Bandeira" Artist="Evinha" Composer="" Album="Esperar Pra Ver" Grouping="" Genre="Lounge/Acoustic" Kind="AIFF File" Size="32690048" TotalTime="170" DiscNumber="0" TrackNumber="0" Year="0" AverageBpm="90.45" DateAdded="2021-03-07" BitRate="1536" SampleRate="48000" Comments="3A - 4" PlayCount="0" Rating="0" Location="file://localhost/Users/zachvp/Music/DJ/Que%20Bandeira.aiff" Remixer="" Tonality="3A" Label="" Mix="">
      <TEMPO Inizio="0.180" Bpm="90.45" Metro="4/4" Battito="3" />
      <TEMPO Inizio="0.844" Bpm="90.45" Metro="4/4" Battito="4" />
      <TEMPO Inizio="16.765" Bpm="90.45" Metro="4/4" Battito="4" />
      <TEMPO Inizio="36.666" Bpm="90.45" Metro="4/4" Battito="2" />
      <TEMPO Inizio="65.854" Bpm="90.45" Metro="4/4" Battito="2" />
      <TEMPO Inizio="95.042" Bpm="90.45" Metro="4/4" Battito="2" />
      <TEMPO Inizio="114.943" Bpm="90.45" Metro="4/4" Battito="4" />
      <TEMPO Inizio="144.131" Bpm="90.45" Metro="4/4" Battito="4" />
    </TRACK>
    <TRACK TrackID="260123066" Name="Damage Done (Silinder Remix)" Artist="Moderat" Composer="" Album="" Grouping="" Genre="House/Deep/Melodic" Kind="AIFF File" Size="88908890" TotalTime="504" DiscNumber="0" TrackNumber="0" Year="0" AverageBpm="116.00" DateAdded="2021-03-07" BitRate="1411" SampleRate="44100" Comments="10A - 6" PlayCount="0" Rating="0" Location="file://localhost/Users/zachvp/Music/DJ/MODERAT%20MASTER%20JUNE%202015.aiff" Remixer="" Tonality="10A" Label="" Mix="">
      <TEMPO Inizio="0.022" Bpm="116.00" Metro="4/4" Battito="4" />
      <TEMPO Inizio="1.057" Bpm="116.00" Metro="4/4" Battito="2" />
    </TRACK>
    <TRACK TrackID="233621733" Name="Hang 106" Artist="Maceo Plex" Composer="" Album="" Grouping="" Genre="House/Techno/Downtempo" Kind="AIFF File" Size="83042314" TotalTime="432" DiscNumber="0" TrackNumber="0" Year="0" AverageBpm="125.17" DateAdded="2021-03-07" BitRate="1536" SampleRate="48000" Comments="5A - 6" PlayCount="0" Rating="0" Location="file://localhost/Users/zachvp/Music/DJ/Hang%20106.aiff" Remixer="" Tonality="5A" Label="" Mix="">
      <TEMPO Inizio="0.382" Bpm="125.17" Metro="4/4" Battito="3" />
      <TEMPO Inizio="0.862" Bpm="125.17" Metro="4/4" Battito="4" />
      <TEMPO Inizio="22.911" Bpm="125.17" Metro="4/4" Battito="2" />
      <TEMPO Inizio="55.985" Bpm="125.17" Metro="4/4" Battito="3" />
      <TEMPO Inizio="89.059" Bpm="125.17" Metro="4/4" Battito="4" />
      <TEMPO Inizio="122.133" Bpm="125.17" Metro="4/4" Battito="1" />
      <TEMPO Inizio="144.182" Bpm="125.17" Metro="4/4" Battito="3" />
      <TEMPO Inizio="177.256" Bpm="125.17" Metro="4/4" Battito="4" />
      <TEMPO Inizio="210.330" Bpm="125.17" Metro="4/4" Battito="1" />
      <TEMPO Inizio="243.404" Bpm="125.17" Metro="4/4" Battito="2" />
      <TEMPO Inizio="268.329" Bpm="125.17" Metro="4/4" Battito="2" />
      <TEMPO Inizio="301.403" Bpm="125.17" Metro="4/4" Battito="3" />
      <TEMPO Inizio="334.477" Bpm="125.17" Metro="4/4" Battito="4" />
      <TEMPO Inizio="367.551" Bpm="125.17" Metro="4/4" Battito="1" />
      <TEMPO Inizio="392.476" Bpm="125.17" Metro="4/4" Battito="1" />
      <TEMPO Inizio="425.550" Bpm="125.17" Metro="4/4" Battito="2" />
    </TRACK>
    <TRACK TrackID="245387285" Name="Acid Baby" Artist="Scott Page" Composer="" Album="Steve Bug - Da Minimal Funk Vol. 3" Grouping="" Genre="zzz" Kind="AIFF File" Size="43189378" TotalTime="244" DiscNumber="0" TrackNumber="11" Year="0" AverageBpm="121.65" DateAdded="2021-03-07" BitRate="1411" SampleRate="44100" Comments="8A - 5" PlayCount="0" Rating="0" Location="file://localhost/Users/zachvp/Music/DJ/11%20Acid%20Baby.aiff" Remixer="" Tonality="8A" Label="" Mix="">
      <TEMPO Inizio="0.092" Bpm="121.65" Metro="4/4" Battito="1" />
      <TEMPO Inizio="135.726" Bpm="121.65" Metro="4/4" Battito="4" />
      <TEMPO Inizio="235.355" Bpm="121.65" Metro="4/4" Battito="2" />
    </TRACK>
    <TRACK TrackID="70069044" Name="Mind On Fire (Original Mix)" Artist="Maceo Plex" Composer="" Album="" Grouping="" Genre="House/Tech/Indie/" Kind="AIFF File" Size="91697634" TotalTime="519" DiscNumber="0" TrackNumber="0" Year="0" AverageBpm="124.00" DateAdded="2021-03-07" BitRate="1411" SampleRate="44100" Comments="7A - 5" PlayCount="1" Rating="0" Location="file://localhost/Users/zachvp/Music/DJ/4301314_Mind_On_Fire_(Original_Mix).aiff" Remixer="" Tonality="7A" Label="" Mix="">
      <TEMPO Inizio="0.029" Bpm="124.00" Metro="4/4" Battito="1" />
    </TRACK>
    <TRACK TrackID="26472831" Name="Reverse Skydiving (Robert James Terrace Mix)" Artist="Hot Natured feat. Anabel Englund" Composer="" Album="" Grouping="" Genre="zzz" Kind="AIFF File" Size="86351798" TotalTime="449" DiscNumber="0" TrackNumber="0" Year="0" AverageBpm="122.16" DateAdded="2021-03-07" BitRate="1536" SampleRate="48000" Comments="11A - 6" PlayCount="0" Rating="0" Location="file://localhost/Users/zachvp/Music/DJ/Reverse%20Skydiving%20(Robert%20James%20Terrace%20Mix).aiff" Remixer="" Tonality="11A" Label="" Mix="">
      <TEMPO Inizio="0.200" Bpm="122.16" Metro="4/4" Battito="3" />
      <TEMPO Inizio="1.674" Bpm="122.16" Metro="4/4" Battito="2" />
      <TEMPO Inizio="37.038" Bpm="122.16" Metro="4/4" Battito="2" />
      <TEMPO Inizio="72.402" Bpm="122.16" Metro="4/4" Battito="2" />
      <TEMPO Inizio="107.766" Bpm="122.16" Metro="4/4" Battito="2" />
      <TEMPO Inizio="143.130" Bpm="122.16" Metro="4/4" Battito="2" />
      <TEMPO Inizio="178.494" Bpm="122.16" Metro="4/4" Battito="2" />
      <TEMPO Inizio="213.858" Bpm="122.16" Metro="4/4" Battito="2" />
      <TEMPO Inizio="249.222" Bpm="122.16" Metro="4/4" Battito="2" />
      <TEMPO Inizio="284.586" Bpm="122.16" Metro="4/4" Battito="2" />
      <TEMPO Inizio="319.950" Bpm="122.16" Metro="4/4" Battito="2" />
      <TEMPO Inizio="355.314" Bpm="122.16" Metro="4/4" Battito="2" />
      <TEMPO Inizio="390.678" Bpm="122.16" Metro="4/4" Battito="2" />
      <TEMPO Inizio="426.042" Bpm="122.16" Metro="4/4" Battito="2" />
    </TRACK>
    <TRACK TrackID="203417746" Name="The Touch (Original Mix)" Artist="Echonomist" Composer="" Album="" Grouping="" Genre="House/Tech/Indie/Retro" Kind="AIFF File" Size="69305018" TotalTime="392" DiscNumber="0" TrackNumber="0" Year="0" AverageBpm="114.00" DateAdded="2021-03-07" BitRate="1411" SampleRate="44100" Comments="7A - 6" PlayCount="1" Rating="0" Location="file://localhost/Users/zachvp/Music/DJ/Echonomist%20-%20The%20Touch%20(Original%20Mix).aiff" Remixer="" Tonality="7A" Label="" Mix="">
      <TEMPO Inizio="0.205" Bpm="114.00" Metro="4/4" Battito="1" />
      <TEMPO Inizio="5.995" Bpm="114.00" Metro="4/4" Battito="4" />
      <TEMPO Inizio="241.785" Bpm="114.00" Metro="4/4" Battito="4" />
      <POSITION_MARK Name="" Type="0" Start="33.881" Num="-1" />
      <POSITION_MARK Name="" Type="0" Start="50.728" Num="-1" />
      <POSITION_MARK Name="" Type="0" Start="219.157" Num="-1" />
      <POSITION_MARK Name="" Type="0" Start="252.829" Num="-1" />
      <POSITION_MARK Name="" Type="0" Start="320.203" Num="-1" />
      <POSITION_MARK Name="" Type="0" Start="353.880" Num="-1" />
    </TRACK>
    <TRACK TrackID="186035588" Name="Mouais (Dj Sodeyama Remix)" Artist="Shlomo" Composer="" Album="" Grouping="" Genre="zzz" Kind="AIFF File" Size="65065348" TotalTime="338" DiscNumber="0" TrackNumber="0" Year="0" AverageBpm="140.24" DateAdded="2021-03-07" BitRate="1536" SampleRate="48000" Comments="2A - 6" PlayCount="0" Rating="0" Location="file://localhost/Users/zachvp/Music/DJ/Mouais%20(Dj%20Sodeyama%20Remix).aiff" Remixer="" Tonality="2A" Label="" Mix="">
      <TEMPO Inizio="0.189" Bpm="140.24" Metro="4/4" Battito="4" />
    </TRACK>
    <TRACK TrackID="218123707" Name="Grind" Artist="Les Sins" Composer="" Album="" Grouping="" Genre="House/Tech/Indie/" Kind="AIFF File" Size="56100546" TotalTime="318" DiscNumber="0" TrackNumber="0" Year="0" AverageBpm="120.00" DateAdded="2021-03-07" BitRate="1411" SampleRate="44100" Comments="3A - 5" PlayCount="3" Rating="0" Location="file://localhost/Users/zachvp/Music/DJ/4231570_Grind_(Original_Mix).aiff" Remixer="" Tonality="3A" Label="" Mix="">
      <TEMPO Inizio="0.482" Bpm="120.00" Metro="4/4" Battito="2" />
      <TEMPO Inizio="37.981" Bpm="120.00" Metro="4/4" Battito="1" />
      <TEMPO Inizio="38.482" Bpm="120.00" Metro="4/4" Battito="2" />
      <TEMPO Inizio="38.981" Bpm="120.00" Metro="4/4" Battito="3" />
      <TEMPO Inizio="39.482" Bpm="120.00" Metro="4/4" Battito="4" />
      <TEMPO Inizio="39.981" Bpm="120.00" Metro="4/4" Battito="1" />
      <TEMPO Inizio="40.482" Bpm="120.00" Metro="4/4" Battito="2" />
      <TEMPO Inizio="40.981" Bpm="120.00" Metro="4/4" Battito="3" />
      <TEMPO Inizio="41.482" Bpm="120.00" Metro="4/4" Battito="4" />
      <TEMPO Inizio="41.981" Bpm="120.00" Metro="4/4" Battito="1" />
      <TEMPO Inizio="42.482" Bpm="120.00" Metro="4/4" Battito="2" />
      <TEMPO Inizio="42.981" Bpm="120.00" Metro="4/4" Battito="3" />
      <TEMPO Inizio="43.482" Bpm="120.00" Metro="4/4" Battito="4" />
      <TEMPO Inizio="43.981" Bpm="120.00" Metro="4/4" Battito="1" />
      <TEMPO Inizio="44.482" Bpm="120.00" Metro="4/4" Battito="2" />
      <TEMPO Inizio="44.981" Bpm="120.00" Metro="4/4" Battito="3" />
      <TEMPO Inizio="45.482" Bpm="120.00" Metro="4/4" Battito="4" />
      <TEMPO Inizio="45.981" Bpm="120.00" Metro="4/4" Battito="1" />
      <TEMPO Inizio="46.482" Bpm="120.00" Metro="4/4" Battito="2" />
      <TEMPO Inizio="46.981" Bpm="120.00" Metro="4/4" Battito="3" />
      <TEMPO Inizio="241.980" Bpm="120.00" Metro="4/4" Battito="1" />
      <TEMPO Inizio="242.481" Bpm="120.00" Metro="4/4" Battito="2" />
      <TEMPO Inizio="242.980" Bpm="120.00" Metro="4/4" Battito="3" />
      <TEMPO Inizio="243.481" Bpm="120.00" Metro="4/4" Battito="4" />
      <TEMPO Inizio="243.980" Bpm="120.00" Metro="4/4" Battito="1" />
      <TEMPO Inizio="244.481" Bpm="120.00" Metro="4/4" Battito="2" />
      <TEMPO Inizio="244.980" Bpm="120.00" Metro="4/4" Battito="3" />
      <TEMPO Inizio="245.481" Bpm="120.00" Metro="4/4" Battito="4" />
      <TEMPO Inizio="245.980" Bpm="120.00" Metro="4/4" Battito="1" />
      <TEMPO Inizio="246.481" Bpm="120.00" Metro="4/4" Battito="2" />
      <TEMPO Inizio="246.980" Bpm="120.00" Metro="4/4" Battito="3" />
      <TEMPO Inizio="247.481" Bpm="120.00" Metro="4/4" Battito="4" />
      <TEMPO Inizio="247.980" Bpm="120.00" Metro="4/4" Battito="1" />
      <TEMPO Inizio="248.481" Bpm="120.00" Metro="4/4" Battito="2" />
      <TEMPO Inizio="248.980" Bpm="120.00" Metro="4/4" Battito="3" />
      <TEMPO Inizio="249.481" Bpm="120.00" Metro="4/4" Battito="4" />
      <TEMPO Inizio="249.980" Bpm="120.00" Metro="4/4" Battito="1" />
      <TEMPO Inizio="250.481" Bpm="120.00" Metro="4/4" Battito="2" />
      <TEMPO Inizio="250.980" Bpm="120.00" Metro="4/4" Battito="3" />
      <POSITION_MARK Name="" Type="0" Start="19.983" Num="-1" />
      <POSITION_MARK Name="" Type="0" Start="1.982" Num="-1" />
      <POSITION_MARK Name="" Type="0" Start="43.985" Num="-1" />
      <POSITION_MARK Name="" Type="0" Start="59.985" Num="-1" />
      <POSITION_MARK Name="" Type="0" Start="267.975" Num="-1" />
      <POSITION_MARK Name="" Type="0" Start="203.976" Num="-1" />
    </TRACK>
    <TRACK TrackID="260120539" Name="Your Face Is A Mess (Deetron Remix)" Artist="Gel Abril" Composer="" Album="" Grouping="" Genre="House/Tech/Progressive" Kind="AIFF File" Size="107515588" TotalTime="609" DiscNumber="0" TrackNumber="0" Year="0" AverageBpm="125.00" DateAdded="2021-03-07" BitRate="1411" SampleRate="44100" Comments="9A - 7" PlayCount="2" Rating="0" Location="file://localhost/Users/zachvp/Music/DJ/Gel%20Abril%20-%20Your%20Face%20Is%20A%20Mess%20(Deetron%20Rem.aiff" Remixer="" Tonality="9A" Label="" Mix="">
      <TEMPO Inizio="0.357" Bpm="125.00" Metro="4/4" Battito="4" />
      <POSITION_MARK Name="" Type="0" Start="0.829" Num="-1" />
    </TRACK>
    <TRACK TrackID="143181693" Name="Ishim (Original Mix)" Artist="Forest People" Composer="" Album="" Grouping="" Genre="zzz" Kind="AIFF File" Size="90870334" TotalTime="515" DiscNumber="0" TrackNumber="0" Year="0" AverageBpm="123.00" DateAdded="2021-03-07" BitRate="1411" SampleRate="44100" Comments="11A - 5" PlayCount="2" Rating="0" Location="file://localhost/Users/zachvp/Music/DJ/4201504_Ishim_(Original_Mix).aiff" Remixer="" Tonality="11A" Label="" Mix="">
      <TEMPO Inizio="0.006" Bpm="123.00" Metro="4/4" Battito="1" />
    </TRACK>
    <TRACK TrackID="63214789" Name="Reverse Skydiving (Shadow Child Mix)" Artist="Hot Natured feat. Anabel Englund" Composer="" Album="" Grouping="" Genre="zzz" Kind="AIFF File" Size="80626838" TotalTime="419" DiscNumber="0" TrackNumber="0" Year="0" AverageBpm="124.27" DateAdded="2021-03-07" BitRate="1536" SampleRate="48000" Comments="9A - 6" PlayCount="0" Rating="0" Location="file://localhost/Users/zachvp/Music/DJ/Reverse%20Skydiving%20(Shadow%20Child%20Mix).aiff" Remixer="" Tonality="9A" Label="" Mix="">
      <TEMPO Inizio="0.456" Bpm="124.27" Metro="4/4" Battito="2" />
    </TRACK>
    <TRACK TrackID="37706096" Name="Game Above My Head (Extended Remix Version)" Artist="Blancmange" Composer="" Album="" Grouping="" Genre="zzz" Kind="AIFF File" Size="81751896" TotalTime="425" DiscNumber="0" TrackNumber="0" Year="0" AverageBpm="109.94" DateAdded="2021-03-07" BitRate="1536" SampleRate="48000" Comments="11A - 7" PlayCount="0" Rating="0" Location="file://localhost/Users/zachvp/Music/DJ/Game%20Above%20My%20Head%20(Extended%20Remix%20Version.aiff" Remixer="" Tonality="11A" Label="" Mix="">
      <TEMPO Inizio="0.362" Bpm="109.94" Metro="4/4" Battito="1" />
    </TRACK>
    <TRACK TrackID="205534139" Name="Hidden Populations (Flug Remix)" Artist="Florian Meindl" Composer="" Album="" Grouping="" Genre="House/Techno/Downtempo" Kind="AIFF File" Size="69010034" TotalTime="391" DiscNumber="0" TrackNumber="0" Year="0" AverageBpm="128.00" DateAdded="2021-03-07" BitRate="1411" SampleRate="44100" Comments="4A - 5" PlayCount="2" Rating="0" Location="file://localhost/Users/zachvp/Music/DJ/Florian%20Meindl%20-%20Hidden%20Populations%20(Flug%20Re.aiff" Remixer="" Tonality="4A" Label="" Mix="">
      <TEMPO Inizio="0.000" Bpm="128.00" Metro="4/4" Battito="1" />
    </TRACK>
    <TRACK TrackID="10658225" Name="New For U" Artist="Andres" Composer="" Album="" Grouping="" Genre="House/Deep/Tech/Jazzy" Kind="AIFF File" Size="66828716" TotalTime="348" DiscNumber="0" TrackNumber="0" Year="0" AverageBpm="129.37" DateAdded="2021-03-07" BitRate="1536" SampleRate="48000" Comments="7A - 6" PlayCount="0" Rating="0" Location="file://localhost/Users/zachvp/Music/DJ/New%20For%20U.aiff" Remixer="" Tonality="7A" Label="" Mix="">
      <TEMPO Inizio="0.154" Bpm="129.37" Metro="4/4" Battito="3" />
    </TRACK>
    <TRACK TrackID="225855382" Name="Reverse Skydiving" Artist="Hot Natured feat. Anabel Englund" Composer="" Album="" Grouping="" Genre="zzz" Kind="AIFF File" Size="64110946" TotalTime="333" DiscNumber="0" TrackNumber="0" Year="0" AverageBpm="118.26" DateAdded="2021-03-07" BitRate="1536" SampleRate="48000" Comments="9A - 6" PlayCount="0" Rating="0" Location="file://localhost/Users/zachvp/Music/DJ/Reverse%20Skydiving.aiff" Remixer="" Tonality="9A" Label="" Mix="">
      <TEMPO Inizio="0.241" Bpm="118.26" Metro="4/4" Battito="3" />
      <TEMPO Inizio="0.749" Bpm="118.26" Metro="4/4" Battito="4" />
      <TEMPO Inizio="124.543" Bpm="118.26" Metro="4/4" Battito="4" />
      <TEMPO Inizio="276.749" Bpm="118.26" Metro="4/4" Battito="4" />
    </TRACK>
    <TRACK TrackID="73479773" Name="Walking Thru The Rain (Original Mix)" Artist="Roel Zweers" Composer="" Album="" Grouping="" Genre="House/Techno/Downtempo" Kind="AIFF File" Size="65446198" TotalTime="371" DiscNumber="0" TrackNumber="0" Year="0" AverageBpm="125.00" DateAdded="2021-03-07" BitRate="1411" SampleRate="44100" Comments="6A - 6" PlayCount="1" Rating="0" Location="file://localhost/Users/zachvp/Music/DJ/Roel%20Zweers%20-%20Walking%20Thru%20The%20Rain%20(Origina.aiff" Remixer="" Tonality="6A" Label="" Mix="">
      <TEMPO Inizio="0.006" Bpm="125.00" Metro="4/4" Battito="1" />
      <TEMPO Inizio="169.445" Bpm="125.00" Metro="4/4" Battito="2" />
    </TRACK>
    <TRACK TrackID="214380282" Name="Can't Resist (Bimbo Jones Full Mix)" Artist="Texas" Composer="" Album="" Grouping="" Genre="House/Tech/Indie/Progressive" Kind="AIFF File" Size="81446930" TotalTime="461" DiscNumber="0" TrackNumber="0" Year="0" AverageBpm="128.02" DateAdded="2021-03-07" BitRate="1411" SampleRate="44100" Comments="5A - 8" PlayCount="6" Rating="0" Location="file://localhost/Users/zachvp/Music/DJ/02%20Can%27t%20Resist%20(Bimbo%20Jones%20Full%20Mix).aiff" Remixer="" Tonality="5A" Label="" Mix="">
      <TEMPO Inizio="0.184" Bpm="128.02" Metro="4/4" Battito="3" />
      <POSITION_MARK Name="" Type="0" Start="1.122" Num="-1" />
      <POSITION_MARK Name="" Type="0" Start="121.086" Num="-1" />
      <POSITION_MARK Name="" Type="0" Start="391.045" Num="-1" />
    </TRACK>
    <TRACK TrackID="7799692" Name="Inheritance" Artist="Talk Talk" Composer="" Album="Spirit Of Eden" Grouping="" Genre="Lounge/Acoustic" Kind="AIFF File" Size="57284796" TotalTime="324" DiscNumber="0" TrackNumber="2" Year="0" AverageBpm="115.05" DateAdded="2021-03-07" BitRate="1411" SampleRate="44100" Comments="9B - 3" PlayCount="0" Rating="0" Location="file://localhost/Users/zachvp/Music/DJ/02%20Inheritance.aiff" Remixer="" Tonality="9B" Label="" Mix="">
      <TEMPO Inizio="0.374" Bpm="115.05" Metro="4/4" Battito="4" />
    </TRACK>
    <TRACK TrackID="106364671" Name="Deez Nuts (Original Mix)" Artist="Maceo Plex" Composer="" Album="" Grouping="" Genre="House/Techno/Downtempo" Kind="AIFF File" Size="84368312" TotalTime="478" DiscNumber="0" TrackNumber="0" Year="0" AverageBpm="123.00" DateAdded="2021-03-07" BitRate="1411" SampleRate="44100" Comments="6A - 6" PlayCount="1" Rating="0" Location="file://localhost/Users/zachvp/Music/DJ/3326472_Deez_Nutz_(Original_Mix).aiff" Remixer="" Tonality="6A" Label="" Mix="">
      <TEMPO Inizio="0.042" Bpm="123.00" Metro="4/4" Battito="1" />
    </TRACK>
    <TRACK TrackID="245984482" Name="1992 (Original Mix)" Artist="No_4mat" Composer="" Album="" Grouping="" Genre="House/Tech/Indie/Progressive/Electro" Kind="AIFF File" Size="71444556" TotalTime="404" DiscNumber="0" TrackNumber="0" Year="0" AverageBpm="128.00" DateAdded="2021-03-07" BitRate="1411" SampleRate="44100" Comments="2A - 4" PlayCount="2" Rating="0" Location="file://localhost/Users/zachvp/Music/DJ/No_4mat%20-%201992%20(Original%20Mix).aiff" Remixer="" Tonality="2A" Label="" Mix="">
      <TEMPO Inizio="0.011" Bpm="128.00" Metro="4/4" Battito="1" />
    </TRACK>
    <TRACK TrackID="197159008" Name="That Kid" Artist="Steve Bug" Composer="" Album="Steve Bug - Da Minimal Funk Vol. 3" Grouping="" Genre="House/Deep/Tech/" Kind="AIFF File" Size="44525322" TotalTime="252" DiscNumber="0" TrackNumber="10" Year="0" AverageBpm="121.77" DateAdded="2021-03-07" BitRate="1411" SampleRate="44100" Comments="5A - 6" PlayCount="0" Rating="0" Location="file://localhost/Users/zachvp/Music/DJ/10%20That%20Kid.aiff" Remixer="" Tonality="5A" Label="" Mix="">
      <TEMPO Inizio="0.322" Bpm="121.77" Metro="4/4" Battito="1" />
    </TRACK>
    <TRACK TrackID="258391186" Name="The Last Generation (Coyu Raw Mix)" Artist="Green Velvet, Coyu" Composer="" Album="" Grouping="" Genre="House/Techno/Hype" Kind="AIFF File" Size="71646634" TotalTime="406" DiscNumber="0" TrackNumber="0" Year="0" AverageBpm="130.00" DateAdded="2021-03-07" BitRate="1411" SampleRate="44100" Comments="6A - 6" PlayCount="0" Rating="0" Location="file://localhost/Users/zachvp/Music/DJ/10905593_The_Last_Generation_(Coyu_Raw_Mix).aiff" Remixer="" Tonality="6A" Label="" Mix="">
      <TEMPO Inizio="0.013" Bpm="130.00" Metro="4/4" Battito="1" />
    </TRACK>
    <TRACK TrackID="63050717" Name="A World Of Love (Acapella) (Featuring Ron Carroll)" Artist="BOB Sinclar Ft. Ron Carroll" Composer="" Album="Dimitri From Paris ITHOL [Disc 2]" Grouping="" Genre="zzz" Kind="AIFF File" Size="22332056" TotalTime="126" DiscNumber="0" TrackNumber="10" Year="0" AverageBpm="125.08" DateAdded="2021-03-07" BitRate="1411" SampleRate="44100" Comments="4A - 6" PlayCount="0" Rating="0" Location="file://localhost/Users/zachvp/Music/DJ/10%20A%20World%20Of%20Love%20(Acapella)%20(Featuring%20Ron%20Carroll).aiff" Remixer="" Tonality="4A" Label="" Mix="">
      <TEMPO Inizio="0.031" Bpm="125.08" Metro="4/4" Battito="1" />
    </TRACK>
    <TRACK TrackID="65369766" Name="Drop Out" Artist="Markus Suckut" Composer="" Album="Three Trips" Grouping="" Genre="zzz" Kind="AIFF File" Size="79220170" TotalTime="412" DiscNumber="0" TrackNumber="0" Year="0" AverageBpm="125.21" DateAdded="2021-03-07" BitRate="1536" SampleRate="48000" Comments="8A - 5" PlayCount="0" Rating="0" Location="file://localhost/Users/zachvp/Music/DJ/Drop%20Out.aiff" Remixer="" Tonality="8A" Label="" Mix="">
      <TEMPO Inizio="0.048" Bpm="125.21" Metro="4/4" Battito="1" />
      <TEMPO Inizio="29.757" Bpm="125.21" Metro="4/4" Battito="3" />
      <TEMPO Inizio="57.070" Bpm="125.21" Metro="4/4" Battito="4" />
      <TEMPO Inizio="84.383" Bpm="125.21" Metro="4/4" Battito="1" />
      <TEMPO Inizio="114.092" Bpm="125.21" Metro="4/4" Battito="3" />
      <TEMPO Inizio="141.405" Bpm="125.21" Metro="4/4" Battito="4" />
      <TEMPO Inizio="171.114" Bpm="125.21" Metro="4/4" Battito="2" />
      <TEMPO Inizio="198.427" Bpm="125.21" Metro="4/4" Battito="3" />
      <TEMPO Inizio="228.136" Bpm="125.21" Metro="4/4" Battito="1" />
      <TEMPO Inizio="255.449" Bpm="125.21" Metro="4/4" Battito="2" />
      <TEMPO Inizio="282.762" Bpm="125.21" Metro="4/4" Battito="3" />
      <TEMPO Inizio="312.471" Bpm="125.21" Metro="4/4" Battito="1" />
      <TEMPO Inizio="339.784" Bpm="125.21" Metro="4/4" Battito="2" />
      <TEMPO Inizio="369.493" Bpm="125.21" Metro="4/4" Battito="4" />
      <TEMPO Inizio="396.806" Bpm="125.21" Metro="4/4" Battito="1" />
    </TRACK>
    <TRACK TrackID="264002754" Name="Community (Original Mix)" Artist="nthng" Composer="" Album="" Grouping="" Genre="House/Techno/Downtempo" Kind="AIFF File" Size="53721498" TotalTime="304" DiscNumber="0" TrackNumber="0" Year="0" AverageBpm="128.00" DateAdded="2021-03-07" BitRate="1411" SampleRate="44100" Comments="6A - 5" PlayCount="1" Rating="0" Location="file://localhost/Users/zachvp/Music/DJ/nthng%20-%20Community%20(Original%20Mix).aiff" Remixer="" Tonality="6A" Label="" Mix="">
      <TEMPO Inizio="0.031" Bpm="128.00" Metro="4/4" Battito="1" />
    </TRACK>
    <TRACK TrackID="4561867" Name="It Never Ends (Original Mix)" Artist="nthng" Composer="" Album="" Grouping="" Genre="House/Techno/Downtempo" Kind="AIFF File" Size="98133866" TotalTime="556" DiscNumber="0" TrackNumber="0" Year="0" AverageBpm="126.00" DateAdded="2021-03-07" BitRate="1411" SampleRate="44100" Comments="7B - 6" PlayCount="0" Rating="0" Location="file://localhost/Users/zachvp/Music/DJ/nthng%20-%20It%20Never%20Ends%20(Original%20Mix).aiff" Remixer="" Tonality="7B" Label="" Mix="">
      <TEMPO Inizio="0.057" Bpm="126.00" Metro="4/4" Battito="1" />
    </TRACK>
    <TRACK TrackID="29839591" Name="Twenty (Original Mix)" Artist="Ben Klock" Composer="" Album="" Grouping="" Genre="House/Deep/Tech/Spacey" Kind="AIFF File" Size="67893662" TotalTime="384" DiscNumber="0" TrackNumber="0" Year="0" AverageBpm="125.00" DateAdded="2021-03-07" BitRate="1411" SampleRate="44100" Comments="6A - 5" PlayCount="1" Rating="0" Location="file://localhost/Users/zachvp/Music/DJ/Ben%20Klock%20-%20Twenty%20(Original%20Mix).aiff" Remixer="" Tonality="6A" Label="" Mix="">
      <TEMPO Inizio="0.255" Bpm="125.00" Metro="4/4" Battito="1" />
      <TEMPO Inizio="101.534" Bpm="125.00" Metro="4/4" Battito="4" />
    </TRACK>
    <TRACK TrackID="236930492" Name="Maia (Original Mix)" Artist="Oliver Schories" Composer="" Album="" Grouping="" Genre="House/Deep/Melodic" Kind="AIFF File" Size="71655936" TotalTime="406" DiscNumber="0" TrackNumber="0" Year="0" AverageBpm="123.00" DateAdded="2021-03-07" BitRate="1411" SampleRate="44100" Comments="7A - 6" PlayCount="0" Rating="0" Location="file://localhost/Users/zachvp/Music/DJ/Oliver%20Schories%20-%20Maia%20(Original%20Mix).aiff" Remixer="" Tonality="7A" Label="" Mix="">
      <TEMPO Inizio="0.111" Bpm="123.00" Metro="4/4" Battito="1" />
    </TRACK>
    <TRACK TrackID="57779752" Name="Test Tubes (Mind Against Celestial Dub)" Artist="SCB" Composer="" Album="" Grouping="" Genre="House/Techno/Downtempo" Kind="AIFF File" Size="77377920" TotalTime="438" DiscNumber="0" TrackNumber="0" Year="0" AverageBpm="126.00" DateAdded="2021-03-07" BitRate="1411" SampleRate="44100" Comments="5A - 6" PlayCount="0" Rating="0" Location="file://localhost/Users/zachvp/Music/DJ/SCB%20-%20Test%20Tubes%20(Mind%20Against%20Celestial%20Dub.aiff" Remixer="" Tonality="5A" Label="" Mix="">
      <TEMPO Inizio="0.004" Bpm="126.00" Metro="4/4" Battito="1" />
      <TEMPO Inizio="0.481" Bpm="126.00" Metro="4/4" Battito="2" />
      <TEMPO Inizio="355.718" Bpm="126.00" Metro="4/4" Battito="4" />
    </TRACK>
    <TRACK TrackID="265446237" Name="Does It Look Like I'm Here? (Daphni Mix 1)" Artist="Emeralds (2)" Composer="" Album="" Grouping="" Genre="House/Tech/Indie/Retro" Kind="AIFF File" Size="80916052" TotalTime="421" DiscNumber="0" TrackNumber="0" Year="0" AverageBpm="127.64" DateAdded="2021-03-07" BitRate="1536" SampleRate="48000" Comments="9A - 6" PlayCount="0" Rating="0" Location="file://localhost/Users/zachvp/Music/DJ/Does%20It%20Look%20Like%20I%27m%20Here%20%5bDaphni%20Mix%201%5d.aiff" Remixer="" Tonality="9A" Label="" Mix="">
      <TEMPO Inizio="0.405" Bpm="127.64" Metro="4/4" Battito="4" />
      <TEMPO Inizio="3.226" Bpm="127.64" Metro="4/4" Battito="2" />
      <TEMPO Inizio="12.628" Bpm="127.64" Metro="4/4" Battito="2" />
      <TEMPO Inizio="74.208" Bpm="127.64" Metro="4/4" Battito="1" />
      <TEMPO Inizio="142.369" Bpm="127.64" Metro="4/4" Battito="2" />
      <TEMPO Inizio="210.530" Bpm="127.64" Metro="4/4" Battito="3" />
      <TEMPO Inizio="272.110" Bpm="127.64" Metro="4/4" Battito="2" />
      <TEMPO Inizio="340.271" Bpm="127.64" Metro="4/4" Battito="3" />
      <TEMPO Inizio="408.432" Bpm="127.64" Metro="4/4" Battito="4" />
      <POSITION_MARK Name="" Type="0" Start="4.636" Num="-1" />
      <POSITION_MARK Name="" Type="0" Start="297.949" Num="-1" />
      <POSITION_MARK Name="" Type="0" Start="373.686" Num="-1" />
    </TRACK>
    <TRACK TrackID="126234408" Name="Does It Look Like I'm Here? (Daphni Mix 2)" Artist="Emeralds (2)" Composer="" Album="" Grouping="" Genre="House/Tech/Indie/Retro" Kind="AIFF File" Size="99629724" TotalTime="518" DiscNumber="0" TrackNumber="0" Year="0" AverageBpm="127.64" DateAdded="2021-03-07" BitRate="1536" SampleRate="48000" Comments="9A - 6" PlayCount="0" Rating="0" Location="file://localhost/Users/zachvp/Music/DJ/Does%20It%20Look%20Like%20I%27m%20Here%20(Daphni%20Mix%202).aiff" Remixer="" Tonality="9A" Label="" Mix="">
      <TEMPO Inizio="0.068" Bpm="127.64" Metro="4/4" Battito="4" />
      <TEMPO Inizio="40.493" Bpm="127.64" Metro="4/4" Battito="2" />
      <TEMPO Inizio="74.807" Bpm="127.64" Metro="4/4" Battito="3" />
      <TEMPO Inizio="108.651" Bpm="127.64" Metro="4/4" Battito="3" />
      <TEMPO Inizio="142.965" Bpm="127.64" Metro="4/4" Battito="4" />
      <TEMPO Inizio="177.279" Bpm="127.64" Metro="4/4" Battito="1" />
      <TEMPO Inizio="211.593" Bpm="127.64" Metro="4/4" Battito="2" />
      <TEMPO Inizio="245.437" Bpm="127.64" Metro="4/4" Battito="2" />
      <TEMPO Inizio="279.751" Bpm="127.64" Metro="4/4" Battito="3" />
      <TEMPO Inizio="314.065" Bpm="127.64" Metro="4/4" Battito="4" />
      <TEMPO Inizio="347.909" Bpm="127.64" Metro="4/4" Battito="4" />
      <TEMPO Inizio="382.223" Bpm="127.64" Metro="4/4" Battito="1" />
      <TEMPO Inizio="416.537" Bpm="127.64" Metro="4/4" Battito="2" />
      <TEMPO Inizio="450.851" Bpm="127.64" Metro="4/4" Battito="3" />
      <TEMPO Inizio="484.695" Bpm="127.64" Metro="4/4" Battito="3" />
    </TRACK>
    <TRACK TrackID="41319139" Name="Knipk, Hopka, Hui" Artist="Sergej Auto" Composer="" Album="Steve Bug - Da Minimal Funk Vol. 3" Grouping="" Genre="zzz" Kind="AIFF File" Size="37488182" TotalTime="212" DiscNumber="0" TrackNumber="9" Year="0" AverageBpm="121.81" DateAdded="2021-03-07" BitRate="1411" SampleRate="44100" Comments="3A - 6" PlayCount="0" Rating="0" Location="file://localhost/Users/zachvp/Music/DJ/09%20Knipk,%20Hopka,%20Hui.aiff" Remixer="" Tonality="3A" Label="" Mix="">
      <TEMPO Inizio="0.032" Bpm="121.81" Metro="4/4" Battito="1" />
    </TRACK>
    <TRACK TrackID="209107359" Name="Special (Original Mix)" Artist="DJ Yellow, Tiago Fragateiro, Tracey K" Composer="" Album="" Grouping="" Genre="House/Deep/Melodic" Kind="AIFF File" Size="85445662" TotalTime="484" DiscNumber="0" TrackNumber="0" Year="0" AverageBpm="119.00" DateAdded="2021-03-07" BitRate="1411" SampleRate="44100" Comments="6A - 6" PlayCount="0" Rating="0" Location="file://localhost/Users/zachvp/Music/DJ/DJ%20Yellow,%20Tiago%20Fragateiro,%20Tracey%20K%20-%20Spec.aiff" Remixer="" Tonality="6A" Label="" Mix="">
      <TEMPO Inizio="0.009" Bpm="119.00" Metro="4/4" Battito="1" />
      <TEMPO Inizio="0.514" Bpm="119.00" Metro="4/4" Battito="2" />
    </TRACK>
    <TRACK TrackID="169201318" Name="Day (A2)" Artist="Omar-S" Composer="" Album="" Grouping="" Genre="zzz" Kind="AIFF File" Size="37260240" TotalTime="194" DiscNumber="0" TrackNumber="0" Year="0" AverageBpm="124.27" DateAdded="2021-03-07" BitRate="1411" SampleRate="44100" Comments="11A - 5" PlayCount="0" Rating="0" Location="file://localhost/Users/zachvp/Music/DJ/Day%20(A2).aiff" Remixer="" Tonality="11A" Label="" Mix="">
      <TEMPO Inizio="0.061" Bpm="124.27" Metro="4/4" Battito="1" />
    </TRACK>
    <TRACK TrackID="246747546" Name="Day (A1)" Artist="Omar-S" Composer="" Album="004" Grouping="" Genre="House/Deep/Tech/Jazzy" Kind="AIFF File" Size="82557446" TotalTime="429" DiscNumber="0" TrackNumber="0" Year="0" AverageBpm="122.23" DateAdded="2021-03-07" BitRate="1536" SampleRate="48000" Comments="10A - 6" PlayCount="0" Rating="0" Location="file://localhost/Users/zachvp/Music/DJ/Day%20(A1).aiff" Remixer="" Tonality="10A" Label="" Mix="">
      <TEMPO Inizio="0.171" Bpm="122.23" Metro="4/4" Battito="2" />
    </TRACK>
    <TRACK TrackID="260282906" Name="She's The Master (Of The Game) (Dub Version)" Artist="Richard Jon Smith" Composer="" Album="She's The Master (Of the Game)" Grouping="" Genre="Lounge/" Kind="AIFF File" Size="62748148" TotalTime="326" DiscNumber="0" TrackNumber="0" Year="0" AverageBpm="113.51" DateAdded="2021-03-07" BitRate="1536" SampleRate="48000" Comments="5A - Energy 7" PlayCount="0" Rating="0" Location="file://localhost/Users/zachvp/Music/DJ/She%27s%20The%20Master%20(Of%20The%20Game)%20(Dub%20Version).aiff" Remixer="" Tonality="5A" Label="" Mix="">
      <TEMPO Inizio="0.353" Bpm="113.51" Metro="4/4" Battito="1" />
    </TRACK>
    <TRACK TrackID="243387046" Name="Howling Moon" Artist="Guy Gerber Feat. Clarian North" Composer="" Album="fabric 64: Guy Gerber" Grouping="" Genre="House/Deep/Tech/Spacey" Kind="AIFF File" Size="33313428" TotalTime="188" DiscNumber="0" TrackNumber="9" Year="0" AverageBpm="122.00" DateAdded="2021-03-07" BitRate="1411" SampleRate="44100" Comments="4A - 6" PlayCount="0" Rating="0" Location="file://localhost/Users/zachvp/Music/DJ/09%20Howling%20Moon.aiff" Remixer="" Tonality="4A" Label="" Mix="">
      <TEMPO Inizio="0.029" Bpm="122.00" Metro="4/4" Battito="1" />
    </TRACK>
    <TRACK TrackID="34903297" Name="Drama Around The Corner" Artist="Andres" Composer="" Album="" Grouping="" Genre="Lounge/" Kind="AIFF File" Size="57276374" TotalTime="298" DiscNumber="0" TrackNumber="0" Year="0" AverageBpm="119.08" DateAdded="2021-03-07" BitRate="1536" SampleRate="48000" Comments="6A - 5" PlayCount="0" Rating="0" Location="file://localhost/Users/zachvp/Music/DJ/Drama%20Around%20The%20Corner.aiff" Remixer="" Tonality="6A" Label="" Mix="">
      <TEMPO Inizio="0.400" Bpm="119.08" Metro="4/4" Battito="4" />
    </TRACK>
    <TRACK TrackID="252452825" Name="Waiting For You" Artist="Antonelli Electr." Composer="" Album="Da Minimal Funk Vol. 3" Grouping="" Genre="House/Deep/Tech/Jazzy" Kind="AIFF File" Size="60267264" TotalTime="341" DiscNumber="0" TrackNumber="8" Year="0" AverageBpm="120.00" DateAdded="2021-03-07" BitRate="1411" SampleRate="44100" Comments="9A - 5" PlayCount="0" Rating="0" Location="file://localhost/Users/zachvp/Music/DJ/08%20Waiting%20For%20You.aiff" Remixer="" Tonality="9A" Label="" Mix="">
      <TEMPO Inizio="0.352" Bpm="120.00" Metro="4/4" Battito="1" />
    </TRACK>
    <TRACK TrackID="263387800" Name="Don't Tell Me (Dance Remix)" Artist="Blancmange" Composer="" Album="" Grouping="" Genre="House/Tech/Indie/" Kind="AIFF File" Size="81914390" TotalTime="426" DiscNumber="0" TrackNumber="0" Year="0" AverageBpm="119.51" DateAdded="2021-03-07" BitRate="1536" SampleRate="48000" Comments="9A - 7" PlayCount="0" Rating="0" Location="file://localhost/Users/zachvp/Music/DJ/Don%27t%20Tell%20Me%20(Dance%20Remix).aiff" Remixer="" Tonality="9A" Label="" Mix="">
      <TEMPO Inizio="0.355" Bpm="119.51" Metro="4/4" Battito="2" />
      <TEMPO Inizio="54.575" Bpm="119.51" Metro="4/4" Battito="2" />
      <TEMPO Inizio="84.697" Bpm="119.51" Metro="4/4" Battito="2" />
      <TEMPO Inizio="114.819" Bpm="119.51" Metro="4/4" Battito="2" />
      <TEMPO Inizio="145.443" Bpm="119.51" Metro="4/4" Battito="3" />
      <TEMPO Inizio="175.565" Bpm="119.51" Metro="4/4" Battito="3" />
      <TEMPO Inizio="206.189" Bpm="119.51" Metro="4/4" Battito="4" />
      <TEMPO Inizio="236.311" Bpm="119.51" Metro="4/4" Battito="4" />
      <TEMPO Inizio="266.935" Bpm="119.51" Metro="4/4" Battito="1" />
      <TEMPO Inizio="297.057" Bpm="119.51" Metro="4/4" Battito="1" />
      <TEMPO Inizio="327.681" Bpm="119.51" Metro="4/4" Battito="2" />
      <TEMPO Inizio="357.803" Bpm="119.51" Metro="4/4" Battito="2" />
      <TEMPO Inizio="387.925" Bpm="119.51" Metro="4/4" Battito="2" />
      <TEMPO Inizio="418.549" Bpm="119.51" Metro="4/4" Battito="3" />
    </TRACK>
    <TRACK TrackID="80065345" Name="She's The Master (Of The Game) (Extended Version)" Artist="Richard Jon Smith" Composer="" Album="She's The Master (Of the Game)" Grouping="" Genre="Lounge/" Kind="AIFF File" Size="57377108" TotalTime="298" DiscNumber="0" TrackNumber="0" Year="0" AverageBpm="113.51" DateAdded="2021-03-07" BitRate="1536" SampleRate="48000" Comments="5A - Energy 7" PlayCount="0" Rating="0" Location="file://localhost/Users/zachvp/Music/DJ/She%27s%20The%20Master%20(Of%20The%20Game)%20(Extended%20Version).aiff" Remixer="" Tonality="5A" Label="" Mix="">
      <TEMPO Inizio="0.385" Bpm="113.51" Metro="4/4" Battito="1" />
    </TRACK>
    <TRACK TrackID="97709910" Name="Bust Stop" Artist="Chris &amp; Cosey" Composer="" Album="Heartbeat" Grouping="" Genre="zzz" Kind="AIFF File" Size="48501510" TotalTime="252" DiscNumber="0" TrackNumber="0" Year="0" AverageBpm="127.26" DateAdded="2021-03-07" BitRate="1411" SampleRate="44100" Comments="4A - 6" PlayCount="0" Rating="0" Location="file://localhost/Users/zachvp/Music/DJ/Bust%20Stop.aiff" Remixer="" Tonality="4A" Label="" Mix="">
      <TEMPO Inizio="0.035" Bpm="127.26" Metro="4/4" Battito="1" />
      <TEMPO Inizio="0.507" Bpm="127.26" Metro="4/4" Battito="2" />
      <TEMPO Inizio="20.781" Bpm="127.26" Metro="4/4" Battito="1" />
      <TEMPO Inizio="41.998" Bpm="127.26" Metro="4/4" Battito="2" />
      <TEMPO Inizio="71.230" Bpm="127.26" Metro="4/4" Battito="4" />
      <TEMPO Inizio="91.504" Bpm="127.26" Metro="4/4" Battito="3" />
      <TEMPO Inizio="111.778" Bpm="127.26" Metro="4/4" Battito="2" />
      <TEMPO Inizio="132.052" Bpm="127.26" Metro="4/4" Battito="1" />
      <TEMPO Inizio="152.326" Bpm="127.26" Metro="4/4" Battito="4" />
      <TEMPO Inizio="172.600" Bpm="127.26" Metro="4/4" Battito="3" />
      <TEMPO Inizio="192.874" Bpm="127.26" Metro="4/4" Battito="2" />
      <TEMPO Inizio="213.148" Bpm="127.26" Metro="4/4" Battito="1" />
      <TEMPO Inizio="242.380" Bpm="127.26" Metro="4/4" Battito="3" />
    </TRACK>
    <TRACK TrackID="178615941" Name="Things Change (Steve Bug's Funky Mustach Mix)" Artist="The Jackals" Composer="" Album="Steve Bug - Da Minimal Funk Vol. 3" Grouping="" Genre="House/Deep/Tech/Jazzy" Kind="AIFF File" Size="49888156" TotalTime="282" DiscNumber="0" TrackNumber="8" Year="0" AverageBpm="122.21" DateAdded="2021-03-07" BitRate="1411" SampleRate="44100" Comments="1A - 5" PlayCount="0" Rating="0" Location="file://localhost/Users/zachvp/Music/DJ/08%20Things%20Change%20(Steve%20Bug%c2%b4s%20Funky%20Mustach%20Mix).aiff" Remixer="" Tonality="1A" Label="" Mix="">
      <TEMPO Inizio="0.086" Bpm="122.21" Metro="4/4" Battito="1" />
    </TRACK>
    <TRACK TrackID="2346578" Name="Brother (Reeko Remix)" Artist="Shlomo" Composer="" Album="" Grouping="" Genre="House/Techno/Sinister" Kind="AIFF File" Size="76126702" TotalTime="396" DiscNumber="0" TrackNumber="0" Year="0" AverageBpm="135.22" DateAdded="2021-03-07" BitRate="1536" SampleRate="48000" Comments="12A - 6" PlayCount="0" Rating="0" Location="file://localhost/Users/zachvp/Music/DJ/Brother%20(Reeko%20Remix).aiff" Remixer="" Tonality="12A" Label="" Mix="">
      <TEMPO Inizio="0.114" Bpm="135.23" Metro="4/4" Battito="3" />
    </TRACK>
    <TRACK TrackID="197714436" Name="Rhythm &amp; Soul feat. Brett Johnson &amp; Red Eye (Rework)" Artist="Brett Johnson, M.A.N.D.Y., Red Eye" Composer="" Album="" Grouping="" Genre="House/Deep/Tech/Spacey" Kind="AIFF File" Size="75999840" TotalTime="430" DiscNumber="0" TrackNumber="0" Year="0" AverageBpm="125.00" DateAdded="2021-03-07" BitRate="1411" SampleRate="44100" Comments="5A - 6" PlayCount="3" Rating="0" Location="file://localhost/Users/zachvp/Music/DJ/Brett%20Johnson,%20M.A.N.D.Y.,%20Red%20Eye%20-%20Rhythm%20.aiff" Remixer="" Tonality="5A" Label="" Mix="">
      <TEMPO Inizio="0.207" Bpm="125.00" Metro="4/4" Battito="1" />
      <TEMPO Inizio="57.808" Bpm="125.00" Metro="4/4" Battito="1" />
      <TEMPO Inizio="310.289" Bpm="125.00" Metro="4/4" Battito="3" />
    </TRACK>
    <TRACK TrackID="156876093" Name="Miracle Man (Original Mix)" Artist="Private Press" Composer="" Album="" Grouping="" Genre="House/Techno/" Kind="AIFF File" Size="68111094" TotalTime="386" DiscNumber="0" TrackNumber="0" Year="0" AverageBpm="131.00" DateAdded="2021-03-07" BitRate="1411" SampleRate="44100" Comments="5A - 6" PlayCount="1" Rating="0" Location="file://localhost/Users/zachvp/Music/DJ/Private%20Press%20-%20Miracle%20Man%20(Original%20Mix).aiff" Remixer="" Tonality="5A" Label="" Mix="">
      <TEMPO Inizio="0.005" Bpm="131.00" Metro="4/4" Battito="1" />
      <TEMPO Inizio="60.920" Bpm="131.00" Metro="4/4" Battito="2" />
      <TEMPO Inizio="61.379" Bpm="131.00" Metro="4/4" Battito="3" />
      <TEMPO Inizio="93.897" Bpm="131.00" Metro="4/4" Battito="2" />
      <TEMPO Inizio="94.356" Bpm="131.00" Metro="4/4" Battito="3" />
      <TEMPO Inizio="94.813" Bpm="131.00" Metro="4/4" Battito="4" />
      <TEMPO Inizio="95.272" Bpm="131.00" Metro="4/4" Battito="1" />
      <TEMPO Inizio="95.729" Bpm="131.00" Metro="4/4" Battito="2" />
      <TEMPO Inizio="96.188" Bpm="131.00" Metro="4/4" Battito="3" />
      <TEMPO Inizio="130.080" Bpm="131.00" Metro="4/4" Battito="1" />
      <TEMPO Inizio="130.539" Bpm="131.00" Metro="4/4" Battito="2" />
      <TEMPO Inizio="163.973" Bpm="131.00" Metro="4/4" Battito="3" />
      <TEMPO Inizio="164.432" Bpm="131.00" Metro="4/4" Battito="4" />
      <TEMPO Inizio="164.889" Bpm="131.00" Metro="4/4" Battito="1" />
      <TEMPO Inizio="165.348" Bpm="131.00" Metro="4/4" Battito="2" />
      <TEMPO Inizio="233.133" Bpm="131.00" Metro="4/4" Battito="2" />
      <TEMPO Inizio="233.592" Bpm="131.00" Metro="4/4" Battito="3" />
      <TEMPO Inizio="234.049" Bpm="131.00" Metro="4/4" Battito="4" />
      <TEMPO Inizio="234.508" Bpm="131.00" Metro="4/4" Battito="1" />
      <TEMPO Inizio="302.293" Bpm="131.00" Metro="4/4" Battito="1" />
      <TEMPO Inizio="302.752" Bpm="131.00" Metro="4/4" Battito="2" />
      <TEMPO Inizio="303.209" Bpm="131.00" Metro="4/4" Battito="3" />
      <TEMPO Inizio="303.668" Bpm="131.00" Metro="4/4" Battito="4" />
      <TEMPO Inizio="304.125" Bpm="131.00" Metro="4/4" Battito="1" />
      <TEMPO Inizio="304.584" Bpm="131.00" Metro="4/4" Battito="2" />
      <TEMPO Inizio="372.369" Bpm="131.00" Metro="4/4" Battito="2" />
      <TEMPO Inizio="372.828" Bpm="131.00" Metro="4/4" Battito="3" />
      <TEMPO Inizio="373.285" Bpm="131.00" Metro="4/4" Battito="4" />
      <TEMPO Inizio="373.744" Bpm="131.00" Metro="4/4" Battito="1" />
    </TRACK>
    <TRACK TrackID="106677788" Name="Sunday Afternoon (Danny Tenaglia 501 Dub)" Artist="Vanessa Daou" Composer="" Album="Dimitri From Paris IN THE HOUSE OF LOVE" Grouping="" Genre="House/Deep/Tech/Jazzy" Kind="AIFF File" Size="62504154" TotalTime="354" DiscNumber="0" TrackNumber="8" Year="0" AverageBpm="124.35" DateAdded="2021-03-07" BitRate="1411" SampleRate="44100" Comments="6A - 6" PlayCount="2" Rating="0" Location="file://localhost/Users/zachvp/Music/DJ/08%20Sunday%20Afternoon%20(Danny%20Tenaglia%20501%20Dub).aiff" Remixer="" Tonality="6A" Label="" Mix="">
      <TEMPO Inizio="0.056" Bpm="124.35" Metro="4/4" Battito="1" />
    </TRACK>
    <TRACK TrackID="35674501" Name="Say You Wannit" Artist="Stereo Mutants Present J &amp; K Project" Composer="" Album="Dimitri From Paris ITHOL [Disc 2]" Grouping="" Genre="zzz" Kind="AIFF File" Size="59373604" TotalTime="336" DiscNumber="0" TrackNumber="8" Year="0" AverageBpm="121.00" DateAdded="2021-03-07" BitRate="1411" SampleRate="44100" Comments="10A - 5" PlayCount="0" Rating="0" Location="file://localhost/Users/zachvp/Music/DJ/08%20Say%20You%20Wannit.aiff" Remixer="" Tonality="10A" Label="" Mix="">
      <TEMPO Inizio="0.012" Bpm="121.00" Metro="4/4" Battito="1" />
    </TRACK>
    <TRACK TrackID="219445131" Name="Trust My Eyes feat. Running Pine (Original Mix)" Artist="Blausch, Mind Against, Running Pine" Composer="" Album="" Grouping="" Genre="House/Deep/Melodic" Kind="AIFF File" Size="83996616" TotalTime="476" DiscNumber="0" TrackNumber="0" Year="0" AverageBpm="125.00" DateAdded="2021-03-07" BitRate="1411" SampleRate="44100" Comments="6A - 5" PlayCount="2" Rating="0" Location="file://localhost/Users/zachvp/Music/DJ/Blausch,%20Mind%20Against,%20Running%20Pine%20-%20Trust%20.aiff" Remixer="" Tonality="6A" Label="" Mix="">
      <TEMPO Inizio="0.003" Bpm="125.00" Metro="4/4" Battito="1" />
    </TRACK>
    <TRACK TrackID="49160502" Name="Hungry For The Power (Jamie Jones Ridge Street Remix)" Artist="Azari &amp; III" Composer="" Album="" Grouping="" Genre="House/Tech/Groove" Kind="AIFF File" Size="71743230" TotalTime="406" DiscNumber="0" TrackNumber="0" Year="0" AverageBpm="123.97" DateAdded="2021-03-07" BitRate="1411" SampleRate="44100" Comments="11B - 6" PlayCount="1" Rating="0" Location="file://localhost/Users/zachvp/Music/DJ/Azari%20%26%20III%20-%20Hungry%20For%20The%20Power%20(Jamie%20Jo.aiff" Remixer="" Tonality="11B" Label="" Mix="">
      <TEMPO Inizio="0.467" Bpm="123.97" Metro="4/4" Battito="2" />
    </TRACK>
    <TRACK TrackID="190395842" Name="Washing Machine (Sneak's Supa Clean Mix)" Artist="Freaks" Composer="" Album="Steve Bug - Da Minimal Funk Vol. 3" Grouping="" Genre="House/Deep/Tech/Jazzy" Kind="AIFF File" Size="33223976" TotalTime="188" DiscNumber="0" TrackNumber="7" Year="0" AverageBpm="122.42" DateAdded="2021-03-07" BitRate="1411" SampleRate="44100" Comments="8A - 6" PlayCount="0" Rating="0" Location="file://localhost/Users/zachvp/Music/DJ/07%20Washing%20Machine%20(Sneak%c2%b4s%20Supa%20Clean%20Mix).aiff" Remixer="" Tonality="8A" Label="" Mix="">
      <TEMPO Inizio="0.160" Bpm="122.42" Metro="4/4" Battito="1" />
      <TEMPO Inizio="51.131" Bpm="122.42" Metro="4/4" Battito="1" />
      <TEMPO Inizio="98.181" Bpm="122.42" Metro="4/4" Battito="1" />
      <TEMPO Inizio="144.741" Bpm="122.42" Metro="4/4" Battito="4" />
    </TRACK>
    <TRACK TrackID="179928437" Name="The Glow Of Love" Artist="Change" Composer="" Album="Dimitri From Paris ITHOL [Disc 2]" Grouping="" Genre="zzz" Kind="AIFF File" Size="58615982" TotalTime="332" DiscNumber="0" TrackNumber="7" Year="0" AverageBpm="119.54" DateAdded="2021-03-07" BitRate="1411" SampleRate="44100" Comments="9A - 6" PlayCount="0" Rating="0" Location="file://localhost/Users/zachvp/Music/DJ/07%20The%20Glow%20Of%20Love.aiff" Remixer="" Tonality="9A" Label="" Mix="">
      <TEMPO Inizio="0.493" Bpm="119.54" Metro="4/4" Battito="1" />
    </TRACK>
    <TRACK TrackID="202156059" Name="Township Funk (Crazy P Mix)" Artist="DJ Mujava" Composer="" Album="" Grouping="" Genre="House/Deep/Tech/Jazzy" Kind="AIFF File" Size="79445276" TotalTime="450" DiscNumber="0" TrackNumber="0" Year="0" AverageBpm="121.06" DateAdded="2021-03-07" BitRate="1411" SampleRate="44100" Comments="5A - 6" PlayCount="0" Rating="0" Location="file://localhost/Users/zachvp/Music/DJ/875873_Township_Funk_(Crazy_P_Mix).aiff" Remixer="" Tonality="5A" Label="" Mix="">
      <TEMPO Inizio="0.273" Bpm="121.06" Metro="4/4" Battito="4" />
    </TRACK>
    <TRACK TrackID="39633334" Name="She's The Master (Of The Game) (Shortened Version)" Artist="Richard Jon Smith" Composer="" Album="She's The Master (Of the Game)" Grouping="" Genre="Lounge/" Kind="AIFF File" Size="42339406" TotalTime="220" DiscNumber="0" TrackNumber="0" Year="0" AverageBpm="113.57" DateAdded="2021-03-07" BitRate="1411" SampleRate="44100" Comments="5A - Energy 6" PlayCount="0" Rating="0" Location="file://localhost/Users/zachvp/Music/DJ/She%27s%20The%20Master%20(Of%20The%20Game)%20(Shortened%20Version).aiff" Remixer="" Tonality="5A" Label="" Mix="">
      <TEMPO Inizio="0.381" Bpm="113.57" Metro="4/4" Battito="3" />
      <TEMPO Inizio="11.476" Bpm="113.57" Metro="4/4" Battito="4" />
      <TEMPO Inizio="29.439" Bpm="113.57" Metro="4/4" Battito="2" />
      <TEMPO Inizio="47.402" Bpm="113.57" Metro="4/4" Battito="4" />
      <TEMPO Inizio="65.365" Bpm="113.57" Metro="4/4" Battito="2" />
      <TEMPO Inizio="83.328" Bpm="113.57" Metro="4/4" Battito="4" />
      <TEMPO Inizio="101.291" Bpm="113.57" Metro="4/4" Battito="2" />
      <TEMPO Inizio="119.254" Bpm="113.57" Metro="4/4" Battito="4" />
      <TEMPO Inizio="137.217" Bpm="113.57" Metro="4/4" Battito="2" />
      <TEMPO Inizio="155.180" Bpm="113.57" Metro="4/4" Battito="4" />
      <TEMPO Inizio="166.275" Bpm="113.57" Metro="4/4" Battito="1" />
      <TEMPO Inizio="184.238" Bpm="113.57" Metro="4/4" Battito="3" />
      <TEMPO Inizio="210.654" Bpm="113.57" Metro="4/4" Battito="1" />
    </TRACK>
    <TRACK TrackID="94841514" Name="Stop (Original Mix)" Artist="Justin Jay" Composer="" Album="" Grouping="" Genre="House/Tech/Indie/" Kind="AIFF File" Size="54488188" TotalTime="308" DiscNumber="0" TrackNumber="0" Year="0" AverageBpm="128.00" DateAdded="2021-03-07" BitRate="1411" SampleRate="44100" Comments="6A - 6" PlayCount="2" Rating="0" Location="file://localhost/Users/zachvp/Music/DJ/13023620_Stop_(Original_Mix).aiff" Remixer="" Tonality="6A" Label="" Mix="">
      <TEMPO Inizio="0.468" Bpm="128.00" Metro="4/4" Battito="1" />
      <POSITION_MARK Name="" Type="0" Start="60.000" Num="-1" />
    </TRACK>
    <TRACK TrackID="78513819" Name="Sweet Talk (Dim's Re-Edit)" Artist="Robin Beck" Composer="" Album="In The House Of Love [Disc 3]" Grouping="" Genre="zzz" Kind="AIFF File" Size="66525934" TotalTime="377" DiscNumber="0" TrackNumber="7" Year="0" AverageBpm="118.07" DateAdded="2021-03-07" BitRate="1411" SampleRate="44100" Comments="9A - 7" PlayCount="0" Rating="0" Location="file://localhost/Users/zachvp/Music/DJ/07%20Sweet%20Talk%20(Dim%27s%20Re-Edit).aiff" Remixer="" Tonality="9A" Label="" Mix="">
      <TEMPO Inizio="0.477" Bpm="118.07" Metro="4/4" Battito="1" />
      <TEMPO Inizio="106.176" Bpm="118.07" Metro="4/4" Battito="1" />
      <TEMPO Inizio="173.762" Bpm="118.07" Metro="4/4" Battito="2" />
      <TEMPO Inizio="253.036" Bpm="118.07" Metro="4/4" Battito="2" />
      <TEMPO Inizio="323.671" Bpm="118.07" Metro="4/4" Battito="1" />
    </TRACK>
    <TRACK TrackID="259714808" Name="Shoulder Of Orion" Artist="Maceo Plex" Composer="" Album="" Grouping="" Genre="House/Techno/Downtempo" Kind="AIFF File" Size="90811668" TotalTime="472" DiscNumber="0" TrackNumber="0" Year="0" AverageBpm="122.20" DateAdded="2021-03-07" BitRate="1536" SampleRate="48000" Comments="10A - 6" PlayCount="0" Rating="0" Location="file://localhost/Users/zachvp/Music/DJ/Shoulder%20Of%20Orion.aiff" Remixer="" Tonality="10A" Label="" Mix="">
      <TEMPO Inizio="0.051" Bpm="122.20" Metro="4/4" Battito="2" />
      <TEMPO Inizio="28.530" Bpm="122.20" Metro="4/4" Battito="4" />
      <TEMPO Inizio="61.428" Bpm="122.20" Metro="4/4" Battito="3" />
      <TEMPO Inizio="93.835" Bpm="122.20" Metro="4/4" Battito="1" />
      <TEMPO Inizio="126.242" Bpm="122.20" Metro="4/4" Battito="3" />
      <TEMPO Inizio="158.649" Bpm="122.20" Metro="4/4" Battito="1" />
      <TEMPO Inizio="191.056" Bpm="122.20" Metro="4/4" Battito="3" />
      <TEMPO Inizio="223.954" Bpm="122.20" Metro="4/4" Battito="2" />
      <TEMPO Inizio="256.361" Bpm="122.20" Metro="4/4" Battito="4" />
      <TEMPO Inizio="288.768" Bpm="122.20" Metro="4/4" Battito="2" />
      <TEMPO Inizio="321.175" Bpm="122.20" Metro="4/4" Battito="4" />
      <TEMPO Inizio="353.582" Bpm="122.20" Metro="4/4" Battito="2" />
      <TEMPO Inizio="385.989" Bpm="122.20" Metro="4/4" Battito="4" />
      <TEMPO Inizio="418.887" Bpm="122.20" Metro="4/4" Battito="3" />
      <TEMPO Inizio="451.294" Bpm="122.20" Metro="4/4" Battito="1" />
    </TRACK>
    <TRACK TrackID="20011938" Name="Babyface" Artist="Huxley" Composer="" Album="Babyface" Grouping="" Genre="House/Tech/" Kind="AIFF File" Size="55946988" TotalTime="317" DiscNumber="0" TrackNumber="25" Year="2020" AverageBpm="125.00" DateAdded="2021-03-07" BitRate="1411" SampleRate="44100" Comments="12A - 4" PlayCount="2" Rating="0" Location="file://localhost/Users/zachvp/Music/DJ/13154234_Babyface_(Original_Mix).aiff" Remixer="" Tonality="12A" Label="MÃ¶rk" Mix="">
      <TEMPO Inizio="0.350" Bpm="125.00" Metro="4/4" Battito="1" />
      <TEMPO Inizio="114.111" Bpm="125.00" Metro="4/4" Battito="2" />
      <POSITION_MARK Name="" Type="0" Start="0.350" Num="-1" />
      <POSITION_MARK Name="" Type="0" Start="15.710" Num="-1" />
      <POSITION_MARK Name="" Type="0" Start="61.793" Num="-1" />
    </TRACK>
    <TRACK TrackID="208644537" Name="Enjoy It Now (123 Extended Vocal Mix)" Artist="Tortured Soul" Composer="" Album="Dimitri From Paris IN THE HOUSE OF LOVE" Grouping="" Genre="zzz" Kind="AIFF File" Size="57009884" TotalTime="323" DiscNumber="0" TrackNumber="7" Year="0" AverageBpm="123.27" DateAdded="2021-03-07" BitRate="1411" SampleRate="44100" Comments="6A - 6" PlayCount="0" Rating="0" Location="file://localhost/Users/zachvp/Music/DJ/07%20Enjoy%20It%20Now%20(123%20Extended%20Vocal%20Mix).aiff" Remixer="" Tonality="6A" Label="" Mix="">
      <TEMPO Inizio="0.213" Bpm="123.27" Metro="4/4" Battito="1" />
    </TRACK>
    <TRACK TrackID="224374591" Name="A Blade Through My Piano" Artist="Guy Gerber" Composer="" Album="fabric 64: Guy Gerber" Grouping="" Genre="House/Deep/Melodic" Kind="AIFF File" Size="58995014" TotalTime="334" DiscNumber="0" TrackNumber="7" Year="0" AverageBpm="122.00" DateAdded="2021-03-07" BitRate="1411" SampleRate="44100" Comments="3A - 5" PlayCount="0" Rating="0" Location="file://localhost/Users/zachvp/Music/DJ/07%20A%20Blade%20Through%20My%20Piano.aiff" Remixer="" Tonality="3A" Label="" Mix="">
      <TEMPO Inizio="0.032" Bpm="122.00" Metro="4/4" Battito="1" />
    </TRACK>
    <TRACK TrackID="207292960" Name="Reverse Skydiving (Deetron Remix)" Artist="Hot Natured feat. Anabel Englund" Composer="" Album="" Grouping="" Genre="House/Tech/Groove" Kind="AIFF File" Size="86786780" TotalTime="452" DiscNumber="0" TrackNumber="0" Year="0" AverageBpm="124.32" DateAdded="2021-03-07" BitRate="1536" SampleRate="48000" Comments="9A - 5" PlayCount="0" Rating="0" Location="file://localhost/Users/zachvp/Music/DJ/Reverse%20Skydiving%20(Deetron%20Remix).aiff" Remixer="" Tonality="9A" Label="" Mix="">
      <TEMPO Inizio="0.411" Bpm="124.32" Metro="4/4" Battito="3" />
    </TRACK>
    <TRACK TrackID="161730222" Name="The Replicant V1" Artist="Maceo Plex" Composer="" Album="" Grouping="" Genre="zzz" Kind="AIFF File" Size="79595604" TotalTime="414" DiscNumber="0" TrackNumber="0" Year="0" AverageBpm="121.21" DateAdded="2021-03-07" BitRate="1536" SampleRate="48000" Comments="11A - 6" PlayCount="0" Rating="0" Location="file://localhost/Users/zachvp/Music/DJ/The%20Replicant%20V1.aiff" Remixer="" Tonality="11A" Label="" Mix="">
      <TEMPO Inizio="0.142" Bpm="121.21" Metro="4/4" Battito="2" />
      <TEMPO Inizio="17.963" Bpm="121.21" Metro="4/4" Battito="2" />
      <TEMPO Inizio="40.239" Bpm="121.21" Metro="4/4" Battito="3" />
      <TEMPO Inizio="62.020" Bpm="121.21" Metro="4/4" Battito="3" />
      <TEMPO Inizio="84.296" Bpm="121.21" Metro="4/4" Battito="4" />
      <TEMPO Inizio="106.572" Bpm="121.21" Metro="4/4" Battito="1" />
      <TEMPO Inizio="128.353" Bpm="121.21" Metro="4/4" Battito="1" />
      <TEMPO Inizio="150.629" Bpm="121.21" Metro="4/4" Battito="2" />
      <TEMPO Inizio="172.905" Bpm="121.21" Metro="4/4" Battito="3" />
      <TEMPO Inizio="195.181" Bpm="121.21" Metro="4/4" Battito="4" />
      <TEMPO Inizio="216.962" Bpm="121.21" Metro="4/4" Battito="4" />
      <TEMPO Inizio="239.238" Bpm="121.21" Metro="4/4" Battito="1" />
      <TEMPO Inizio="261.514" Bpm="121.21" Metro="4/4" Battito="2" />
      <TEMPO Inizio="283.295" Bpm="121.21" Metro="4/4" Battito="2" />
      <TEMPO Inizio="305.571" Bpm="121.21" Metro="4/4" Battito="3" />
      <TEMPO Inizio="327.847" Bpm="121.21" Metro="4/4" Battito="4" />
      <TEMPO Inizio="350.123" Bpm="121.21" Metro="4/4" Battito="1" />
      <TEMPO Inizio="371.904" Bpm="121.21" Metro="4/4" Battito="1" />
      <TEMPO Inizio="394.180" Bpm="121.21" Metro="4/4" Battito="2" />
    </TRACK>
    <TRACK TrackID="35114174" Name="The Rhythm" Artist="Guy Gerber" Composer="" Album="fabric 64: Guy Gerber" Grouping="" Genre="House/Deep/Melodic" Kind="AIFF File" Size="21355912" TotalTime="121" DiscNumber="0" TrackNumber="6" Year="0" AverageBpm="122.00" DateAdded="2021-03-07" BitRate="1411" SampleRate="44100" Comments="2A - 5" PlayCount="0" Rating="0" Location="file://localhost/Users/zachvp/Music/DJ/06%20The%20Rhythm.aiff" Remixer="" Tonality="2A" Label="" Mix="">
      <TEMPO Inizio="0.100" Bpm="122.00" Metro="4/4" Battito="1" />
    </TRACK>
    <TRACK TrackID="31835689" Name="Store-House Consciousness" Artist="Guy Gerber" Composer="" Album="fabric 64: Guy Gerber" Grouping="" Genre="House/Deep/Tech/Spacey" Kind="AIFF File" Size="50029984" TotalTime="283" DiscNumber="0" TrackNumber="1" Year="0" AverageBpm="122.00" DateAdded="2021-03-07" BitRate="1411" SampleRate="44100" Comments="3A - 5" PlayCount="3" Rating="0" Location="file://localhost/Users/zachvp/Music/DJ/01%20Store-House%20Consciousness.aiff" Remixer="" Tonality="3A" Label="" Mix="">
      <TEMPO Inizio="0.344" Bpm="122.00" Metro="4/4" Battito="1" />
    </TRACK>
    <TRACK TrackID="252587301" Name="Never Yours, Boy (Original Mix)" Artist="Architectural" Composer="" Album="" Grouping="" Genre="House/Techno/Downtempo" Kind="AIFF File" Size="67462168" TotalTime="382" DiscNumber="0" TrackNumber="0" Year="0" AverageBpm="123.00" DateAdded="2021-03-07" BitRate="1411" SampleRate="44100" Comments="4A - 5" PlayCount="2" Rating="0" Location="file://localhost/Users/zachvp/Music/DJ/Architectural%20-%20Never%20Yours,%20Boy%20(Original%20M.aiff" Remixer="" Tonality="4A" Label="" Mix="">
      <TEMPO Inizio="0.000" Bpm="123.00" Metro="4/4" Battito="1" />
    </TRACK>
    <TRACK TrackID="260543397" Name="Any Love" Artist="Rufus &amp; Chaka" Composer="" Album="" Grouping="" Genre="House/Tech/Indie/Disco" Kind="AIFF File" Size="57377062" TotalTime="298" DiscNumber="0" TrackNumber="0" Year="0" AverageBpm="124.93" DateAdded="2021-03-07" BitRate="1536" SampleRate="48000" Comments="6A - 7" PlayCount="0" Rating="0" Location="file://localhost/Users/zachvp/Music/DJ/Any%20Love.aiff" Remixer="" Tonality="6A" Label="" Mix="">
      <TEMPO Inizio="0.383" Bpm="124.93" Metro="4/4" Battito="1" />
      <TEMPO Inizio="2.785" Bpm="124.93" Metro="4/4" Battito="2" />
      <TEMPO Inizio="32.082" Bpm="124.93" Metro="4/4" Battito="3" />
      <TEMPO Inizio="61.379" Bpm="124.93" Metro="4/4" Battito="4" />
      <TEMPO Inizio="85.393" Bpm="124.93" Metro="4/4" Battito="2" />
      <TEMPO Inizio="114.690" Bpm="124.93" Metro="4/4" Battito="3" />
      <TEMPO Inizio="143.987" Bpm="124.93" Metro="4/4" Battito="4" />
      <TEMPO Inizio="168.001" Bpm="124.93" Metro="4/4" Battito="2" />
      <TEMPO Inizio="197.298" Bpm="124.93" Metro="4/4" Battito="3" />
      <TEMPO Inizio="226.595" Bpm="124.93" Metro="4/4" Battito="4" />
      <TEMPO Inizio="250.609" Bpm="124.93" Metro="4/4" Battito="2" />
      <TEMPO Inizio="279.906" Bpm="124.93" Metro="4/4" Battito="3" />
    </TRACK>
    <TRACK TrackID="190960364" Name="Sweet Talk [Dim's Re Edit]" Artist="Robin Beck" Composer="" Album="Dimitri From Paris ITHOL [Disc 2]" Grouping="" Genre="zzz" Kind="AIFF File" Size="52063572" TotalTime="295" DiscNumber="0" TrackNumber="6" Year="0" AverageBpm="118.05" DateAdded="2021-03-07" BitRate="1411" SampleRate="44100" Comments="9A - 6" PlayCount="0" Rating="0" Location="file://localhost/Users/zachvp/Music/DJ/06%20Sweet%20Talk%20%5bDim%27s%20Re%20Edit%5d.aiff" Remixer="" Tonality="9A" Label="" Mix="">
      <TEMPO Inizio="0.360" Bpm="118.05" Metro="4/4" Battito="1" />
      <TEMPO Inizio="26.790" Bpm="118.05" Metro="4/4" Battito="1" />
      <TEMPO Inizio="149.281" Bpm="118.05" Metro="4/4" Battito="2" />
      <TEMPO Inizio="283.462" Bpm="118.05" Metro="4/4" Battito="2" />
    </TRACK>
    <TRACK TrackID="189789525" Name="New Path (Anthony Rother Remix)" Artist="Anthony Rother, Essaie pas" Composer="" Album="" Grouping="" Genre="House/Techno/Downtempo" Kind="AIFF File" Size="78220988" TotalTime="443" DiscNumber="0" TrackNumber="0" Year="0" AverageBpm="130.00" DateAdded="2021-03-07" BitRate="1411" SampleRate="44100" Comments="2A - 5" PlayCount="1" Rating="0" Location="file://localhost/Users/zachvp/Music/DJ/Anthony%20Rother,%20Essaie%20pas%20-%20New%20Path%20(Antho.aiff" Remixer="" Tonality="2A" Label="" Mix="">
      <TEMPO Inizio="0.034" Bpm="130.00" Metro="4/4" Battito="1" />
    </TRACK>
    <TRACK TrackID="12557328" Name="Hooked On You (Dim's Old School Of Disco Mix)" Artist="Cerrone Feat. Jocelyn Brown" Composer="" Album="In The House Of Love [Disc 3]" Grouping="" Genre="zzz" Kind="AIFF File" Size="98270742" TotalTime="557" DiscNumber="0" TrackNumber="6" Year="0" AverageBpm="121.07" DateAdded="2021-03-07" BitRate="1411" SampleRate="44100" Comments="6A - 7" PlayCount="0" Rating="0" Location="file://localhost/Users/zachvp/Music/DJ/06%20Hooked%20On%20You%20(Dim%27s%20Old%20School%20Of%20Disco%20Mix).aiff" Remixer="" Tonality="6A" Label="" Mix="">
      <TEMPO Inizio="0.192" Bpm="121.07" Metro="4/4" Battito="1" />
    </TRACK>
    <TRACK TrackID="130399167" Name="Crystal [John Creamer &amp; Stephane K Main Remix Edit]" Artist="New Order" Composer="" Album="Crystal" Grouping="" Genre="House/Deep/Tech/Spacey" Kind="AIFF File" Size="71262992" TotalTime="403" DiscNumber="0" TrackNumber="6" Year="0" AverageBpm="132.00" DateAdded="2021-03-07" BitRate="1411" SampleRate="44100" Comments="1A - 5" PlayCount="1" Rating="0" Location="file://localhost/Users/zachvp/Music/DJ/06%20Crystal%20%5bJohn%20Creamer%20%26%20Stephane%20K%20Main%20Remix%20Edit%5d.aiff" Remixer="" Tonality="1A" Label="" Mix="">
      <TEMPO Inizio="0.343" Bpm="132.00" Metro="4/4" Battito="1" />
    </TRACK>
    <TRACK TrackID="43979480" Name="The man who builds constellations (Original Mix)" Artist="The Ripped" Composer="" Album="" Grouping="" Genre="House/Techno/Sinister" Kind="AIFF File" Size="87319814" TotalTime="494" DiscNumber="0" TrackNumber="0" Year="0" AverageBpm="128.00" DateAdded="2021-03-07" BitRate="1411" SampleRate="44100" Comments="10A - 6" PlayCount="0" Rating="0" Location="file://localhost/Users/zachvp/Music/DJ/The%20Ripped%20-%20The%20man%20who%20builds%20constellatio.aiff" Remixer="" Tonality="10A" Label="" Mix="">
      <TEMPO Inizio="0.021" Bpm="128.00" Metro="4/4" Battito="1" />
    </TRACK>
    <TRACK TrackID="149814443" Name="This Is Me" Artist="Chris &amp; Cosey" Composer="" Album="Heartbeat" Grouping="" Genre="House/Tech/Indie/Retro" Kind="AIFF File" Size="34501434" TotalTime="179" DiscNumber="0" TrackNumber="0" Year="0" AverageBpm="84.10" DateAdded="2021-03-07" BitRate="1411" SampleRate="44100" Comments="2A - 5" PlayCount="0" Rating="0" Location="file://localhost/Users/zachvp/Music/DJ/This%20Is%20Me.aiff" Remixer="" Tonality="2A" Label="" Mix="">
      <TEMPO Inizio="0.102" Bpm="84.10" Metro="4/4" Battito="2" />
      <TEMPO Inizio="5.810" Bpm="84.10" Metro="4/4" Battito="2" />
      <TEMPO Inizio="29.354" Bpm="84.10" Metro="4/4" Battito="3" />
      <TEMPO Inizio="57.892" Bpm="84.10" Metro="4/4" Battito="3" />
      <TEMPO Inizio="75.015" Bpm="84.10" Metro="4/4" Battito="3" />
      <TEMPO Inizio="98.559" Bpm="84.10" Metro="4/4" Battito="4" />
      <TEMPO Inizio="127.097" Bpm="84.10" Metro="4/4" Battito="4" />
      <TEMPO Inizio="155.635" Bpm="84.10" Metro="4/4" Battito="4" />
      <TEMPO Inizio="172.758" Bpm="84.10" Metro="4/4" Battito="4" />
    </TRACK>
    <TRACK TrackID="120710427" Name="Different Morals (Original Mix)" Artist="Ali Love, Brigante, Luca C" Composer="" Album="" Grouping="" Genre="House/Deep/Tech/Jazzy" Kind="AIFF File" Size="65029980" TotalTime="368" DiscNumber="0" TrackNumber="0" Year="0" AverageBpm="118.00" DateAdded="2021-03-07" BitRate="1411" SampleRate="44100" Comments="9A - 5" PlayCount="2" Rating="0" Location="file://localhost/Users/zachvp/Music/DJ/Ali%20Love,%20Brigante,%20Luca%20C%20-%20Different%20Moral.aiff" Remixer="" Tonality="9A" Label="" Mix="">
      <TEMPO Inizio="0.018" Bpm="118.00" Metro="4/4" Battito="1" />
      <TEMPO Inizio="249.678" Bpm="118.00" Metro="4/4" Battito="4" />
      <POSITION_MARK Name="" Type="0" Start="32.553" Num="-1" />
      <POSITION_MARK Name="" Type="0" Start="65.098" Num="-1" />
      <POSITION_MARK Name="" Type="0" Start="250.189" Num="-1" />
      <POSITION_MARK Name="" Type="0" Start="260.354" Num="-1" />
      <POSITION_MARK Name="" Type="0" Start="309.169" Num="-1" />
    </TRACK>
    <TRACK TrackID="25151480" Name="Tracid" Artist="Z@P" Composer="" Album="" Grouping="" Genre="House/Tech/" Kind="AIFF File" Size="92686470" TotalTime="482" DiscNumber="0" TrackNumber="0" Year="0" AverageBpm="128.30" DateAdded="2021-03-07" BitRate="1536" SampleRate="48000" Comments="9A - 5" PlayCount="0" Rating="0" Location="file://localhost/Users/zachvp/Music/DJ/Tracid.aiff" Remixer="" Tonality="9A" Label="" Mix="">
      <TEMPO Inizio="0.211" Bpm="128.30" Metro="4/4" Battito="2" />
    </TRACK>
    <TRACK TrackID="197560629" Name="Tune In" Artist="Markus Suckut" Composer="" Album="Three Trips" Grouping="" Genre="zzz" Kind="AIFF File" Size="71801382" TotalTime="373" DiscNumber="0" TrackNumber="0" Year="0" AverageBpm="131.19" DateAdded="2021-03-07" BitRate="1536" SampleRate="48000" Comments="3A - 4" PlayCount="0" Rating="0" Location="file://localhost/Users/zachvp/Music/DJ/Tune%20In.aiff" Remixer="" Tonality="3A" Label="" Mix="">
      <TEMPO Inizio="0.365" Bpm="131.20" Metro="4/4" Battito="1" />
      <TEMPO Inizio="0.823" Bpm="131.20" Metro="4/4" Battito="2" />
      <TEMPO Inizio="65.761" Bpm="131.20" Metro="4/4" Battito="4" />
      <TEMPO Inizio="158.138" Bpm="131.20" Metro="4/4" Battito="2" />
      <TEMPO Inizio="241.826" Bpm="131.20" Metro="4/4" Battito="1" />
      <TEMPO Inizio="334.203" Bpm="131.20" Metro="4/4" Battito="3" />
    </TRACK>
    <TRACK TrackID="113055183" Name="Spend A Day Without You (Featuring Philip Ramirez)" Artist="Crue-I Grand Orchestra ft. Philip Ramirez" Composer="" Album="Dimitri From Paris ITHOL [Disc 2]" Grouping="" Genre="zzz" Kind="AIFF File" Size="58778670" TotalTime="333" DiscNumber="0" TrackNumber="5" Year="0" AverageBpm="110.05" DateAdded="2021-03-07" BitRate="1411" SampleRate="44100" Comments="8A - 6" PlayCount="0" Rating="0" Location="file://localhost/Users/zachvp/Music/DJ/05%20Spend%20A%20Day%20Without%20You%20(Featuring%20Philip%20Ramirez).aiff" Remixer="" Tonality="8A" Label="" Mix="">
      <TEMPO Inizio="0.233" Bpm="110.05" Metro="4/4" Battito="1" />
      <TEMPO Inizio="1.324" Bpm="110.05" Metro="4/4" Battito="3" />
      <TEMPO Inizio="83.104" Bpm="110.05" Metro="4/4" Battito="1" />
      <TEMPO Inizio="164.884" Bpm="110.05" Metro="4/4" Battito="3" />
      <TEMPO Inizio="239.031" Bpm="110.05" Metro="4/4" Battito="3" />
      <TEMPO Inizio="320.811" Bpm="110.05" Metro="4/4" Battito="1" />
    </TRACK>
    <TRACK TrackID="85028755" Name="Turn On" Artist="Markus Suckut" Composer="" Album="Three Trips" Grouping="" Genre="House/Techno/Sinister" Kind="AIFF File" Size="81851332" TotalTime="426" DiscNumber="0" TrackNumber="0" Year="0" AverageBpm="128.22" DateAdded="2021-03-07" BitRate="1536" SampleRate="48000" Comments="8A - 5" PlayCount="0" Rating="0" Location="file://localhost/Users/zachvp/Music/DJ/Turn%20On.aiff" Remixer="" Tonality="8A" Label="" Mix="">
      <TEMPO Inizio="0.068" Bpm="128.22" Metro="4/4" Battito="2" />
    </TRACK>
    <TRACK TrackID="188338101" Name="Enjoy It Now (123 Extended Vocal Mix - Dim's Re-Edit)" Artist="Tortured Soul" Composer="" Album="In The House Of Love [Disc 3]" Grouping="" Genre="Lounge/" Kind="AIFF File" Size="79518472" TotalTime="450" DiscNumber="0" TrackNumber="5" Year="0" AverageBpm="123.03" DateAdded="2021-03-07" BitRate="1411" SampleRate="44100" Comments="6A - 7" PlayCount="0" Rating="0" Location="file://localhost/Users/zachvp/Music/DJ/05%20Enjoy%20It%20Now%20(123%20Extended%20Vocal%20Mix%20-%20Dim%27s%20Re-Edit).aiff" Remixer="" Tonality="6A" Label="" Mix="">
      <TEMPO Inizio="0.205" Bpm="123.03" Metro="4/4" Battito="1" />
    </TRACK>
    <TRACK TrackID="121349925" Name="Hear Dis Sound (Hipp-E &amp; Halo Remix)" Artist="H-Foundation" Composer="" Album="Steve Bug - Da Minimal Funk Vol. 3" Grouping="" Genre="zzz" Kind="AIFF File" Size="44085648" TotalTime="249" DiscNumber="0" TrackNumber="4" Year="0" AverageBpm="122.86" DateAdded="2021-03-07" BitRate="1411" SampleRate="44100" Comments="6A - 6" PlayCount="0" Rating="0" Location="file://localhost/Users/zachvp/Music/DJ/04%20Hear%20Dis%20Sound%20(Hipp-E%20%26%20Halo%20Remix).aiff" Remixer="" Tonality="6A" Label="" Mix="">
      <TEMPO Inizio="0.065" Bpm="122.86" Metro="4/4" Battito="1" />
      <TEMPO Inizio="84.062" Bpm="122.86" Metro="4/4" Battito="1" />
      <TEMPO Inizio="155.850" Bpm="122.86" Metro="4/4" Battito="4" />
      <TEMPO Inizio="245.219" Bpm="122.86" Metro="4/4" Battito="3" />
    </TRACK>
    <TRACK TrackID="214392855" Name="Givin' It Up (Roger Sanchez Deep Mix - Dim's Re-Edit)" Artist="Incognito" Composer="" Album="In The House Of Love [Disc 3]" Grouping="" Genre="zzz" Kind="AIFF File" Size="104489646" TotalTime="592" DiscNumber="0" TrackNumber="4" Year="0" AverageBpm="123.13" DateAdded="2021-03-07" BitRate="1411" SampleRate="44100" Comments="4A - 7" PlayCount="0" Rating="0" Location="file://localhost/Users/zachvp/Music/DJ/04%20Givin%27%20It%20Up%20(Roger%20Sanchez%20Deep%20Mix%20-%20Dim%27s%20Re-Edit).aiff" Remixer="" Tonality="4A" Label="" Mix="">
      <TEMPO Inizio="0.160" Bpm="123.13" Metro="4/4" Battito="1" />
      <TEMPO Inizio="6.008" Bpm="123.13" Metro="4/4" Battito="1" />
      <TEMPO Inizio="30.373" Bpm="123.13" Metro="4/4" Battito="3" />
      <TEMPO Inizio="51.327" Bpm="123.13" Metro="4/4" Battito="2" />
      <TEMPO Inizio="75.692" Bpm="123.13" Metro="4/4" Battito="4" />
      <TEMPO Inizio="96.646" Bpm="123.13" Metro="4/4" Battito="3" />
      <TEMPO Inizio="117.600" Bpm="123.13" Metro="4/4" Battito="2" />
      <TEMPO Inizio="141.965" Bpm="123.13" Metro="4/4" Battito="4" />
      <TEMPO Inizio="162.919" Bpm="123.13" Metro="4/4" Battito="3" />
      <TEMPO Inizio="187.284" Bpm="123.13" Metro="4/4" Battito="1" />
      <TEMPO Inizio="208.238" Bpm="123.13" Metro="4/4" Battito="4" />
      <TEMPO Inizio="232.603" Bpm="123.13" Metro="4/4" Battito="2" />
      <TEMPO Inizio="253.557" Bpm="123.13" Metro="4/4" Battito="1" />
      <TEMPO Inizio="277.922" Bpm="123.13" Metro="4/4" Battito="3" />
      <TEMPO Inizio="298.876" Bpm="123.13" Metro="4/4" Battito="2" />
      <TEMPO Inizio="323.241" Bpm="123.13" Metro="4/4" Battito="4" />
      <TEMPO Inizio="344.195" Bpm="123.13" Metro="4/4" Battito="3" />
      <TEMPO Inizio="368.560" Bpm="123.13" Metro="4/4" Battito="1" />
      <TEMPO Inizio="389.514" Bpm="123.13" Metro="4/4" Battito="4" />
      <TEMPO Inizio="413.879" Bpm="123.13" Metro="4/4" Battito="2" />
      <TEMPO Inizio="434.833" Bpm="123.13" Metro="4/4" Battito="1" />
      <TEMPO Inizio="459.198" Bpm="123.13" Metro="4/4" Battito="3" />
      <TEMPO Inizio="480.152" Bpm="123.13" Metro="4/4" Battito="2" />
      <TEMPO Inizio="504.517" Bpm="123.13" Metro="4/4" Battito="4" />
      <TEMPO Inizio="525.471" Bpm="123.13" Metro="4/4" Battito="3" />
      <TEMPO Inizio="549.836" Bpm="123.13" Metro="4/4" Battito="1" />
      <TEMPO Inizio="570.790" Bpm="123.13" Metro="4/4" Battito="4" />
    </TRACK>
    <TRACK TrackID="6220630" Name="Nonstop Nonsense (Original Mix)" Artist="Mat.Joe" Composer="" Album="" Grouping="" Genre="House/Tech/Groove" Kind="AIFF File" Size="75695992" TotalTime="429" DiscNumber="0" TrackNumber="0" Year="0" AverageBpm="125.00" DateAdded="2021-03-07" BitRate="1411" SampleRate="44100" Comments="12A - 6" PlayCount="1" Rating="0" Location="file://localhost/Users/zachvp/Music/DJ/Mat.Joe%20-%20Nonstop%20Nonsense%20(Original%20Mix).aiff" Remixer="" Tonality="12A" Label="" Mix="">
      <TEMPO Inizio="0.006" Bpm="125.00" Metro="4/4" Battito="1" />
      <TEMPO Inizio="27.365" Bpm="125.00" Metro="4/4" Battito="2" />
    </TRACK>
    <TRACK TrackID="22754313" Name="The Look Of Love (Dim's Re-Edit)" Artist="Elaine &amp; Ellen" Composer="" Album="In The House Of Love [Disc 3]" Grouping="" Genre="zzz" Kind="AIFF File" Size="94201948" TotalTime="534" DiscNumber="0" TrackNumber="3" Year="0" AverageBpm="126.53" DateAdded="2021-03-07" BitRate="1411" SampleRate="44100" Comments="7A - 7" PlayCount="0" Rating="0" Location="file://localhost/Users/zachvp/Music/DJ/03%20The%20Look%20Of%20Love%20(Dim%27s%20Re-Edit).aiff" Remixer="" Tonality="7A" Label="" Mix="">
      <TEMPO Inizio="0.215" Bpm="126.53" Metro="4/4" Battito="1" />
      <TEMPO Inizio="82.724" Bpm="126.53" Metro="4/4" Battito="3" />
      <TEMPO Inizio="167.604" Bpm="126.53" Metro="4/4" Battito="2" />
      <TEMPO Inizio="250.113" Bpm="126.53" Metro="4/4" Battito="4" />
      <TEMPO Inizio="334.993" Bpm="126.53" Metro="4/4" Battito="3" />
      <TEMPO Inizio="419.873" Bpm="126.53" Metro="4/4" Battito="2" />
      <TEMPO Inizio="504.753" Bpm="126.53" Metro="4/4" Battito="1" />
    </TRACK>
    <TRACK TrackID="159961861" Name="All I Want Is You" Artist="Four Flights" Composer="" Album="Dimitri From Paris ITHOL [Disc 2]" Grouping="" Genre="zzz" Kind="AIFF File" Size="51157806" TotalTime="289" DiscNumber="0" TrackNumber="3" Year="0" AverageBpm="98.52" DateAdded="2021-03-07" BitRate="1411" SampleRate="44100" Comments="8A - 5" PlayCount="1" Rating="0" Location="file://localhost/Users/zachvp/Music/DJ/03%20All%20I%20Want%20Is%20You.aiff" Remixer="" Tonality="8A" Label="" Mix="">
      <TEMPO Inizio="0.101" Bpm="98.52" Metro="4/4" Battito="2" />
      <TEMPO Inizio="11.064" Bpm="98.52" Metro="4/4" Battito="4" />
      <TEMPO Inizio="12.281" Bpm="98.52" Metro="4/4" Battito="2" />
      <TEMPO Inizio="12.891" Bpm="98.52" Metro="4/4" Battito="3" />
      <TEMPO Inizio="61.002" Bpm="98.52" Metro="4/4" Battito="2" />
      <TEMPO Inizio="61.612" Bpm="98.52" Metro="4/4" Battito="3" />
      <TEMPO Inizio="109.723" Bpm="98.52" Metro="4/4" Battito="2" />
      <TEMPO Inizio="110.333" Bpm="98.52" Metro="4/4" Battito="3" />
      <TEMPO Inizio="156.008" Bpm="98.52" Metro="4/4" Battito="2" />
      <TEMPO Inizio="157.227" Bpm="98.52" Metro="4/4" Battito="4" />
      <TEMPO Inizio="158.444" Bpm="98.52" Metro="4/4" Battito="2" />
      <TEMPO Inizio="159.054" Bpm="98.52" Metro="4/4" Battito="3" />
      <TEMPO Inizio="207.165" Bpm="98.52" Metro="4/4" Battito="2" />
      <TEMPO Inizio="207.775" Bpm="98.52" Metro="4/4" Battito="3" />
      <TEMPO Inizio="255.886" Bpm="98.52" Metro="4/4" Battito="2" />
      <TEMPO Inizio="256.496" Bpm="98.52" Metro="4/4" Battito="3" />
    </TRACK>
    <TRACK TrackID="35124968" Name="Lament (Dub 4 Satoshi)" Artist="Gabriel &amp; Dresden" Composer="" Album="" Grouping="" Genre="House/Tech/Indie/Progressive" Kind="AIFF File" Size="98543544" TotalTime="558" DiscNumber="0" TrackNumber="0" Year="0" AverageBpm="128.00" DateAdded="2021-03-07" BitRate="1411" SampleRate="44100" Comments="5A - 6" PlayCount="7" Rating="0" Location="file://localhost/Users/zachvp/Music/DJ/27322_Lament_(Dub_4_Satoshi).aiff" Remixer="" Tonality="5A" Label="" Mix="">
      <TEMPO Inizio="0.411" Bpm="128.00" Metro="4/4" Battito="2" />
      <POSITION_MARK Name="" Type="0" Start="1.810" Num="-1" />
      <POSITION_MARK Name="  " Type="0" Start="481.826" Num="-1" />
      <POSITION_MARK Name="" Type="0" Start="241.821" Num="-1" />
      <POSITION_MARK Name="" Type="0" Start="271.840" Num="-1" />
    </TRACK>
    <TRACK TrackID="57608327" Name="Behind Closed Doors" Artist="New Order" Composer="" Album="Crystal" Grouping="" Genre="Lounge/Acoustic" Kind="AIFF File" Size="57884588" TotalTime="328" DiscNumber="0" TrackNumber="2" Year="0" AverageBpm="131.88" DateAdded="2021-03-07" BitRate="1411" SampleRate="44100" Comments="7A - 6" PlayCount="0" Rating="0" Location="file://localhost/Users/zachvp/Music/DJ/02%20Behind%20Closed%20Doors.aiff" Remixer="" Tonality="7A" Label="" Mix="">
      <TEMPO Inizio="0.188" Bpm="131.89" Metro="4/4" Battito="1" />
    </TRACK>
    <TRACK TrackID="168576671" Name="So Tell Me" Artist="Fish Go Deep" Composer="" Album="Steve Bug - Da Minimal Funk Vol. 3" Grouping="" Genre="zzz" Kind="AIFF File" Size="27543726" TotalTime="156" DiscNumber="0" TrackNumber="3" Year="0" AverageBpm="122.96" DateAdded="2021-03-07" BitRate="1411" SampleRate="44100" Comments="7A - 5" PlayCount="0" Rating="0" Location="file://localhost/Users/zachvp/Music/DJ/03%20So%20Tell%20Me.aiff" Remixer="" Tonality="7A" Label="" Mix="">
      <TEMPO Inizio="0.073" Bpm="122.96" Metro="4/4" Battito="1" />
    </TRACK>
    <TRACK TrackID="210530639" Name="X-Y (Original Club Mix)" Artist="53 Hz" Composer="" Album="" Grouping="" Genre="House/Tech/Organic" Kind="AIFF File" Size="78577424" TotalTime="445" DiscNumber="0" TrackNumber="0" Year="0" AverageBpm="125.00" DateAdded="2021-03-07" BitRate="1411" SampleRate="44100" Comments="9A - 6" PlayCount="3" Rating="0" Location="file://localhost/Users/zachvp/Music/DJ/53%20Hz%20-%20X-Y%20(Original%20Club%20Mix).aiff" Remixer="" Tonality="9A" Label="" Mix="">
      <TEMPO Inizio="0.001" Bpm="125.00" Metro="4/4" Battito="1" />
      <TEMPO Inizio="64.320" Bpm="125.00" Metro="4/4" Battito="3" />
      <POSITION_MARK Name="" Type="0" Start="15.360" Num="-1" />
      <POSITION_MARK Name="" Type="0" Start="230.398" Num="-1" />
      <POSITION_MARK Name="" Type="0" Start="291.831" Num="-1" />
      <POSITION_MARK Name="" Type="0" Start="322.552" Num="-1" />
      <POSITION_MARK Name="" Type="0" Start="383.996" Num="-1" />
    </TRACK>
    <TRACK TrackID="249052726" Name="Just Wanna See You Happy" Artist="Guy Gerber" Composer="" Album="fabric 64: Guy Gerber" Grouping="" Genre="Lounge/Ambient" Kind="AIFF File" Size="38866414" TotalTime="220" DiscNumber="0" TrackNumber="16" Year="0" AverageBpm="121.87" DateAdded="2021-03-07" BitRate="1411" SampleRate="44100" Comments="9A - 3" PlayCount="0" Rating="0" Location="file://localhost/Users/zachvp/Music/DJ/16%20Just%20Wanna%20See%20You%20Happy.aiff" Remixer="" Tonality="9A" Label="" Mix="">
      <TEMPO Inizio="0.176" Bpm="121.87" Metro="4/4" Battito="1" />
      <TEMPO Inizio="41.038" Bpm="121.87" Metro="4/4" Battito="4" />
      <TEMPO Inizio="66.638" Bpm="121.87" Metro="4/4" Battito="4" />
      <TEMPO Inizio="93.715" Bpm="121.87" Metro="4/4" Battito="3" />
      <TEMPO Inizio="120.792" Bpm="121.87" Metro="4/4" Battito="2" />
      <TEMPO Inizio="147.869" Bpm="121.87" Metro="4/4" Battito="1" />
      <TEMPO Inizio="173.469" Bpm="121.87" Metro="4/4" Battito="1" />
      <TEMPO Inizio="200.546" Bpm="121.87" Metro="4/4" Battito="4" />
    </TRACK>
    <TRACK TrackID="5908085" Name="Drink To Get Drunk (Make mine a Becks mix)" Artist="differentGear Vs. Sia" Composer="" Album="Drink To Get Drunk" Grouping="" Genre="zzz" Kind="AIFF File" Size="66427162" TotalTime="376" DiscNumber="0" TrackNumber="3" Year="0" AverageBpm="130.01" DateAdded="2021-03-07" BitRate="1411" SampleRate="44100" Comments="9A - 5" PlayCount="0" Rating="0" Location="file://localhost/Users/zachvp/Music/DJ/03%20Drink%20To%20Get%20Drunk%20(Make%20mine%20a%20Becks%20mix).aiff" Remixer="" Tonality="9A" Label="" Mix="">
      <TEMPO Inizio="0.053" Bpm="130.01" Metro="4/4" Battito="1" />
    </TRACK>
    <TRACK TrackID="85027126" Name="I Don't Want To See Myself (Without You)" Artist="Terry Callier" Composer="" Album="Dimitri From Paris IN THE HOUSE OF LOVE" Grouping="" Genre="zzz" Kind="AIFF File" Size="73913640" TotalTime="418" DiscNumber="0" TrackNumber="14" Year="0" AverageBpm="134.82" DateAdded="2021-03-07" BitRate="1411" SampleRate="44100" Comments="9A - 6" PlayCount="0" Rating="0" Location="file://localhost/Users/zachvp/Music/DJ/14%20I%20Don%27t%20Want%20To%20See%20Myself%20(Without%20You).aiff" Remixer="" Tonality="9A" Label="" Mix="">
      <TEMPO Inizio="0.213" Bpm="134.82" Metro="4/4" Battito="4" />
      <TEMPO Inizio="16.235" Bpm="134.82" Metro="4/4" Battito="4" />
      <TEMPO Inizio="33.147" Bpm="134.82" Metro="4/4" Battito="2" />
      <TEMPO Inizio="50.059" Bpm="134.82" Metro="4/4" Battito="4" />
      <TEMPO Inizio="66.971" Bpm="134.82" Metro="4/4" Battito="2" />
      <TEMPO Inizio="82.993" Bpm="134.82" Metro="4/4" Battito="2" />
      <TEMPO Inizio="99.905" Bpm="134.82" Metro="4/4" Battito="4" />
      <TEMPO Inizio="116.817" Bpm="134.82" Metro="4/4" Battito="2" />
      <TEMPO Inizio="133.729" Bpm="134.82" Metro="4/4" Battito="4" />
      <TEMPO Inizio="149.751" Bpm="134.82" Metro="4/4" Battito="4" />
      <TEMPO Inizio="166.663" Bpm="134.82" Metro="4/4" Battito="2" />
      <TEMPO Inizio="183.575" Bpm="134.82" Metro="4/4" Battito="4" />
      <TEMPO Inizio="200.487" Bpm="134.82" Metro="4/4" Battito="2" />
      <TEMPO Inizio="216.509" Bpm="134.82" Metro="4/4" Battito="2" />
      <TEMPO Inizio="233.421" Bpm="134.82" Metro="4/4" Battito="4" />
      <TEMPO Inizio="250.333" Bpm="134.82" Metro="4/4" Battito="2" />
      <TEMPO Inizio="266.800" Bpm="134.82" Metro="4/4" Battito="3" />
      <TEMPO Inizio="283.712" Bpm="134.82" Metro="4/4" Battito="1" />
      <TEMPO Inizio="300.179" Bpm="134.82" Metro="4/4" Battito="2" />
      <TEMPO Inizio="317.091" Bpm="134.82" Metro="4/4" Battito="4" />
      <TEMPO Inizio="333.558" Bpm="134.82" Metro="4/4" Battito="1" />
      <TEMPO Inizio="350.470" Bpm="134.82" Metro="4/4" Battito="3" />
      <TEMPO Inizio="367.382" Bpm="134.82" Metro="4/4" Battito="1" />
      <TEMPO Inizio="383.849" Bpm="134.82" Metro="4/4" Battito="2" />
      <TEMPO Inizio="400.316" Bpm="134.82" Metro="4/4" Battito="3" />
      <TEMPO Inizio="417.228" Bpm="134.82" Metro="4/4" Battito="1" />
    </TRACK>
    <TRACK TrackID="7136662" Name="I Need You (Dim's Super Disco Blend)" Artist="Sylvester" Composer="" Album="Dimitri From Paris IN THE HOUSE OF LOVE" Grouping="" Genre="zzz" Kind="AIFF File" Size="59859230" TotalTime="339" DiscNumber="0" TrackNumber="13" Year="0" AverageBpm="126.00" DateAdded="2021-03-07" BitRate="1411" SampleRate="44100" Comments="3A - 7" PlayCount="0" Rating="0" Location="file://localhost/Users/zachvp/Music/DJ/13%20I%20Need%20You%20(Dim%27s%20Super%20Disco%20Blend).aiff" Remixer="" Tonality="3A" Label="" Mix="">
      <TEMPO Inizio="0.024" Bpm="126.00" Metro="4/4" Battito="1" />
      <TEMPO Inizio="8.596" Bpm="126.00" Metro="4/4" Battito="3" />
      <TEMPO Inizio="44.787" Bpm="126.00" Metro="4/4" Battito="3" />
      <TEMPO Inizio="70.978" Bpm="126.00" Metro="4/4" Battito="2" />
      <TEMPO Inizio="97.169" Bpm="126.00" Metro="4/4" Battito="1" />
      <TEMPO Inizio="123.360" Bpm="126.00" Metro="4/4" Battito="4" />
      <TEMPO Inizio="149.551" Bpm="126.00" Metro="4/4" Battito="3" />
      <TEMPO Inizio="185.742" Bpm="126.00" Metro="4/4" Battito="3" />
      <TEMPO Inizio="211.933" Bpm="126.00" Metro="4/4" Battito="2" />
      <TEMPO Inizio="238.124" Bpm="126.00" Metro="4/4" Battito="1" />
      <TEMPO Inizio="264.315" Bpm="126.00" Metro="4/4" Battito="4" />
      <TEMPO Inizio="290.506" Bpm="126.00" Metro="4/4" Battito="3" />
      <TEMPO Inizio="316.697" Bpm="126.00" Metro="4/4" Battito="2" />
    </TRACK>
    <TRACK TrackID="250989228" Name="The Way You Love Me (Dim's TSOP Version)" Artist="Ron Hall &amp; The Muthafunkaz ft. Mrac Evans" Composer="" Album="Dimitri From Paris IN THE HOUSE OF LOVE" Grouping="" Genre="zzz" Kind="AIFF File" Size="75268524" TotalTime="426" DiscNumber="0" TrackNumber="12" Year="0" AverageBpm="126.00" DateAdded="2021-03-07" BitRate="1411" SampleRate="44100" Comments="7A - 8" PlayCount="0" Rating="0" Location="file://localhost/Users/zachvp/Music/DJ/12%20The%20Way%20You%20Love%20Me%20(Dim%27s%20TSOP%20Version).aiff" Remixer="" Tonality="7A" Label="" Mix="">
      <TEMPO Inizio="0.028" Bpm="126.00" Metro="4/4" Battito="1" />
      <TEMPO Inizio="0.981" Bpm="126.00" Metro="4/4" Battito="3" />
      <TEMPO Inizio="24.315" Bpm="126.00" Metro="4/4" Battito="4" />
      <TEMPO Inizio="50.506" Bpm="126.00" Metro="4/4" Battito="3" />
      <TEMPO Inizio="69.078" Bpm="126.00" Metro="4/4" Battito="2" />
      <TEMPO Inizio="95.269" Bpm="126.00" Metro="4/4" Battito="1" />
      <TEMPO Inizio="111.460" Bpm="126.00" Metro="4/4" Battito="3" />
      <TEMPO Inizio="137.651" Bpm="126.00" Metro="4/4" Battito="2" />
      <TEMPO Inizio="156.223" Bpm="126.00" Metro="4/4" Battito="1" />
      <TEMPO Inizio="182.414" Bpm="126.00" Metro="4/4" Battito="4" />
      <TEMPO Inizio="200.986" Bpm="126.00" Metro="4/4" Battito="3" />
      <TEMPO Inizio="227.177" Bpm="126.00" Metro="4/4" Battito="2" />
      <TEMPO Inizio="243.368" Bpm="126.00" Metro="4/4" Battito="4" />
      <TEMPO Inizio="269.559" Bpm="126.00" Metro="4/4" Battito="3" />
      <TEMPO Inizio="285.750" Bpm="126.00" Metro="4/4" Battito="1" />
      <TEMPO Inizio="311.941" Bpm="126.00" Metro="4/4" Battito="4" />
      <TEMPO Inizio="328.132" Bpm="126.00" Metro="4/4" Battito="2" />
      <TEMPO Inizio="354.323" Bpm="126.00" Metro="4/4" Battito="1" />
      <TEMPO Inizio="370.514" Bpm="126.00" Metro="4/4" Battito="3" />
      <TEMPO Inizio="396.705" Bpm="126.00" Metro="4/4" Battito="2" />
      <TEMPO Inizio="412.896" Bpm="126.00" Metro="4/4" Battito="4" />
    </TRACK>
    <TRACK TrackID="237562203" Name="Motor Rotor" Artist="Maceo Plex" Composer="" Album="" Grouping="" Genre="House/Techno/Downtempo" Kind="AIFF File" Size="124160966" TotalTime="646" DiscNumber="0" TrackNumber="0" Year="0" AverageBpm="89.64" DateAdded="2021-03-07" BitRate="1536" SampleRate="48000" Comments="9A - 6" PlayCount="0" Rating="0" Location="file://localhost/Users/zachvp/Music/DJ/Motor%20Rotor.aiff" Remixer="" Tonality="9A" Label="" Mix="">
      <TEMPO Inizio="0.647" Bpm="89.64" Metro="4/4" Battito="1" />
      <TEMPO Inizio="43.484" Bpm="89.64" Metro="4/4" Battito="1" />
      <TEMPO Inizio="86.321" Bpm="89.64" Metro="4/4" Battito="1" />
      <TEMPO Inizio="131.166" Bpm="89.64" Metro="4/4" Battito="4" />
      <TEMPO Inizio="184.043" Bpm="89.64" Metro="4/4" Battito="3" />
      <TEMPO Inizio="238.928" Bpm="89.64" Metro="4/4" Battito="1" />
      <TEMPO Inizio="293.813" Bpm="89.64" Metro="4/4" Battito="3" />
      <TEMPO Inizio="346.690" Bpm="89.64" Metro="4/4" Battito="2" />
      <TEMPO Inizio="401.575" Bpm="89.64" Metro="4/4" Battito="4" />
      <TEMPO Inizio="456.460" Bpm="89.64" Metro="4/4" Battito="2" />
      <TEMPO Inizio="509.337" Bpm="89.64" Metro="4/4" Battito="1" />
      <TEMPO Inizio="564.222" Bpm="89.64" Metro="4/4" Battito="3" />
      <TEMPO Inizio="619.107" Bpm="89.64" Metro="4/4" Battito="1" />
    </TRACK>
    <TRACK TrackID="25475093" Name="The Money Shot" Artist="Guy Gerber" Composer="" Album="fabric 64: Guy Gerber" Grouping="" Genre="House/Deep/Tech/" Kind="AIFF File" Size="9716648" TotalTime="55" DiscNumber="0" TrackNumber="12" Year="0" AverageBpm="122.00" DateAdded="2021-03-07" BitRate="1411" SampleRate="44100" Comments="2A - 4" PlayCount="0" Rating="0" Location="file://localhost/Users/zachvp/Music/DJ/12%20The%20Money%20Shot.aiff" Remixer="" Tonality="2A" Label="" Mix="">
      <TEMPO Inizio="0.020" Bpm="122.00" Metro="4/4" Battito="1" />
    </TRACK>
    <TRACK TrackID="196665512" Name="Lady Falkor" Artist="Guy Gerber Feat. Lady Falkor" Composer="" Album="fabric 64: Guy Gerber" Grouping="" Genre="House/Deep/Tech/Spacey" Kind="AIFF File" Size="81203604" TotalTime="460" DiscNumber="0" TrackNumber="11" Year="0" AverageBpm="122.00" DateAdded="2021-03-07" BitRate="1411" SampleRate="44100" Comments="2A - 6" PlayCount="0" Rating="0" Location="file://localhost/Users/zachvp/Music/DJ/11%20Lady%20Falkor.aiff" Remixer="" Tonality="2A" Label="" Mix="">
      <TEMPO Inizio="0.025" Bpm="122.00" Metro="4/4" Battito="1" />
    </TRACK>
    <TRACK TrackID="45691955" Name="That Break" Artist="Z@P" Composer="" Album="" Grouping="" Genre="House/Tech/Breaks" Kind="AIFF File" Size="61621538" TotalTime="320" DiscNumber="0" TrackNumber="0" Year="0" AverageBpm="170.51" DateAdded="2021-03-07" BitRate="1536" SampleRate="48000" Comments="7B - 6" PlayCount="0" Rating="0" Location="file://localhost/Users/zachvp/Music/DJ/That%20Break.aiff" Remixer="" Tonality="7B" Label="" Mix="">
      <TEMPO Inizio="0.331" Bpm="170.51" Metro="4/4" Battito="2" />
    </TRACK>
    <TRACK TrackID="130247672" Name="You're The One For Me (Acapella)" Artist="D Train" Composer="" Album="Dimitri From Paris IN THE HOUSE OF LOVE" Grouping="" Genre="House/Tech/Indie/Disco" Kind="AIFF File" Size="66791600" TotalTime="378" DiscNumber="0" TrackNumber="10" Year="0" AverageBpm="126.79" DateAdded="2021-03-07" BitRate="1411" SampleRate="44100" Comments="11B - 7" PlayCount="1" Rating="0" Location="file://localhost/Users/zachvp/Music/DJ/10%20You%27re%20The%20One%20For%20Me%20(Acapella).aiff" Remixer="" Tonality="11B" Label="" Mix="">
      <TEMPO Inizio="0.026" Bpm="126.79" Metro="4/4" Battito="4" />
      <TEMPO Inizio="24.161" Bpm="126.79" Metro="4/4" Battito="3" />
      <TEMPO Inizio="48.296" Bpm="126.79" Metro="4/4" Battito="2" />
      <TEMPO Inizio="76.690" Bpm="126.79" Metro="4/4" Battito="2" />
      <TEMPO Inizio="94.673" Bpm="126.79" Metro="4/4" Battito="4" />
      <TEMPO Inizio="123.067" Bpm="126.79" Metro="4/4" Battito="4" />
      <TEMPO Inizio="151.461" Bpm="126.79" Metro="4/4" Battito="4" />
      <TEMPO Inizio="175.596" Bpm="126.79" Metro="4/4" Battito="3" />
      <TEMPO Inizio="203.990" Bpm="126.79" Metro="4/4" Battito="3" />
      <TEMPO Inizio="228.125" Bpm="126.79" Metro="4/4" Battito="2" />
      <TEMPO Inizio="256.519" Bpm="126.79" Metro="4/4" Battito="2" />
      <TEMPO Inizio="274.502" Bpm="126.79" Metro="4/4" Battito="4" />
      <TEMPO Inizio="302.896" Bpm="126.79" Metro="4/4" Battito="4" />
      <TEMPO Inizio="320.879" Bpm="126.79" Metro="4/4" Battito="2" />
      <TEMPO Inizio="349.273" Bpm="126.79" Metro="4/4" Battito="2" />
      <TEMPO Inizio="377.667" Bpm="126.79" Metro="4/4" Battito="2" />
    </TRACK>
    <TRACK TrackID="77114668" Name="Bionics" Artist="Intelligent Jazz" Composer="" Album="Da Minimal Funk Vol. 3" Grouping="" Genre="Lounge/" Kind="AIFF File" Size="78058746" TotalTime="442" DiscNumber="0" TrackNumber="10" Year="0" AverageBpm="94.50" DateAdded="2021-03-07" BitRate="1411" SampleRate="44100" Comments="12A - 6" PlayCount="2" Rating="0" Location="file://localhost/Users/zachvp/Music/DJ/10%20Bionics.aiff" Remixer="" Tonality="12A" Label="" Mix="">
      <TEMPO Inizio="0.305" Bpm="94.50" Metro="4/4" Battito="1" />
      <TEMPO Inizio="284.119" Bpm="94.50" Metro="4/4" Battito="4" />
    </TRACK>
    <TRACK TrackID="218107018" Name="Drawn To You [Fukutomi Mix]" Artist="Jafrosax" Composer="" Album="Dimitri From Paris ITHOL [Disc 2]" Grouping="" Genre="Lounge/" Kind="AIFF File" Size="61004614" TotalTime="345" DiscNumber="0" TrackNumber="9" Year="0" AverageBpm="125.00" DateAdded="2021-03-07" BitRate="1411" SampleRate="44100" Comments="3A - 6" PlayCount="3" Rating="0" Location="file://localhost/Users/zachvp/Music/DJ/09%20Drawn%20To%20You%20%5bFukutomi%20Mix%5d.aiff" Remixer="" Tonality="3A" Label="" Mix="">
      <TEMPO Inizio="0.231" Bpm="125.00" Metro="4/4" Battito="1" />
      <TEMPO Inizio="15.112" Bpm="125.00" Metro="4/4" Battito="4" />
      <TEMPO Inizio="61.673" Bpm="125.00" Metro="4/4" Battito="1" />
      <TEMPO Inizio="108.234" Bpm="125.00" Metro="4/4" Battito="2" />
      <TEMPO Inizio="154.795" Bpm="125.00" Metro="4/4" Battito="3" />
      <TEMPO Inizio="201.356" Bpm="125.00" Metro="4/4" Battito="4" />
      <TEMPO Inizio="247.917" Bpm="125.00" Metro="4/4" Battito="1" />
      <TEMPO Inizio="294.478" Bpm="125.00" Metro="4/4" Battito="2" />
      <TEMPO Inizio="341.039" Bpm="125.00" Metro="4/4" Battito="3" />
    </TRACK>
    <TRACK TrackID="222313924" Name="Big Love (Dim's Love Train Re-Edit)" Artist="Pete Heller" Composer="" Album="Dimitri From Paris IN THE HOUSE OF LOVE" Grouping="" Genre="Samples" Kind="AIFF File" Size="10687086" TotalTime="60" DiscNumber="0" TrackNumber="9" Year="0" AverageBpm="126.79" DateAdded="2021-03-07" BitRate="1411" SampleRate="44100" Comments="11B - 6" PlayCount="0" Rating="0" Location="file://localhost/Users/zachvp/Music/DJ/09%20Big%20Love%20(Dim%27s%20Love%20Train%20Re-Edit).aiff" Remixer="" Tonality="11B" Label="" Mix="">
      <TEMPO Inizio="0.025" Bpm="126.79" Metro="4/4" Battito="1" />
      <TEMPO Inizio="18.008" Bpm="126.79" Metro="4/4" Battito="3" />
      <TEMPO Inizio="42.143" Bpm="126.79" Metro="4/4" Battito="2" />
    </TRACK>
    <TRACK TrackID="21946493" Name="Aphite 49 (Original Mix)" Artist="Adam Craft" Composer="" Album="" Grouping="" Genre="House/Techno/Downtempo" Kind="AIFF File" Size="69107538" TotalTime="391" DiscNumber="0" TrackNumber="0" Year="0" AverageBpm="129.00" DateAdded="2021-03-07" BitRate="1411" SampleRate="44100" Comments="4A - 4" PlayCount="0" Rating="0" Location="file://localhost/Users/zachvp/Music/DJ/Adam%20Craft%20-%20Aphite%2049%20(Original%20Mix).aiff" Remixer="" Tonality="4A" Label="" Mix="">
      <TEMPO Inizio="0.102" Bpm="129.00" Metro="4/4" Battito="1" />
    </TRACK>
    <TRACK TrackID="258786008" Name="The Room Is Dark &amp; Gloomy (Original Mix)" Artist="Voiski" Composer="" Album="" Grouping="" Genre="House/Techno/Downtempo" Kind="AIFF File" Size="51334252" TotalTime="290" DiscNumber="0" TrackNumber="0" Year="0" AverageBpm="126.00" DateAdded="2021-03-07" BitRate="1411" SampleRate="44100" Comments="6A - 5" PlayCount="0" Rating="0" Location="file://localhost/Users/zachvp/Music/DJ/Voiski%20-%20The%20Room%20Is%20Dark%20%26%20Gloomy%20(Original.aiff" Remixer="" Tonality="6A" Label="" Mix="">
      <TEMPO Inizio="0.088" Bpm="126.00" Metro="4/4" Battito="1" />
      <TEMPO Inizio="0.565" Bpm="126.00" Metro="4/4" Battito="2" />
      <TEMPO Inizio="146.756" Bpm="126.00" Metro="4/4" Battito="1" />
    </TRACK>
    <TRACK TrackID="54208879" Name="Art To Breathe Featuring Jemeni" Artist="Kojak Feat Jemeni" Composer="" Album="Da Minimal Funk Vol. 3" Grouping="" Genre="Lounge/Indie" Kind="AIFF File" Size="36581406" TotalTime="207" DiscNumber="0" TrackNumber="9" Year="0" AverageBpm="95.22" DateAdded="2021-03-07" BitRate="1411" SampleRate="44100" Comments="2A - 5" PlayCount="2" Rating="0" Location="file://localhost/Users/zachvp/Music/DJ/09%20Art%20To%20Breathe%20Featuring%20Jemeni.aiff" Remixer="" Tonality="2A" Label="" Mix="">
      <TEMPO Inizio="0.371" Bpm="95.22" Metro="4/4" Battito="1" />
      <TEMPO Inizio="33.768" Bpm="95.22" Metro="4/4" Battito="2" />
      <TEMPO Inizio="67.795" Bpm="95.22" Metro="4/4" Battito="4" />
      <TEMPO Inizio="117.575" Bpm="95.22" Metro="4/4" Battito="3" />
      <TEMPO Inizio="151.602" Bpm="95.22" Metro="4/4" Battito="1" />
      <TEMPO Inizio="190.670" Bpm="95.22" Metro="4/4" Battito="3" />
    </TRACK>
    <TRACK TrackID="42881237" Name="The Golden Sun and the Silver Moon" Artist="Guy Gerber" Composer="" Album="fabric 64: Guy Gerber" Grouping="" Genre="zzz" Kind="AIFF File" Size="58298604" TotalTime="330" DiscNumber="0" TrackNumber="2" Year="0" AverageBpm="122.00" DateAdded="2021-03-07" BitRate="1411" SampleRate="44100" Comments="4A - 6" PlayCount="0" Rating="0" Location="file://localhost/Users/zachvp/Music/DJ/02%20The%20Golden%20Sun%20and%20the%20Silver%20Moon.aiff" Remixer="" Tonality="4A" Label="" Mix="">
      <TEMPO Inizio="0.032" Bpm="122.00" Metro="4/4" Battito="1" />
    </TRACK>
    <TRACK TrackID="248175313" Name="One Day in May" Artist="Guy Gerber" Composer="" Album="fabric 64: Guy Gerber" Grouping="" Genre="House/Deep/Tech/Spacey" Kind="AIFF File" Size="80854384" TotalTime="458" DiscNumber="0" TrackNumber="8" Year="0" AverageBpm="122.00" DateAdded="2021-03-07" BitRate="1411" SampleRate="44100" Comments="4A - 6" PlayCount="3" Rating="0" Location="file://localhost/Users/zachvp/Music/DJ/08%20One%20Day%20in%20May.aiff" Remixer="" Tonality="4A" Label="" Mix="">
      <TEMPO Inizio="0.032" Bpm="122.00" Metro="4/4" Battito="1" />
      <POSITION_MARK Name="" Type="0" Start="1.920" Num="-1" />
    </TRACK>
    <TRACK TrackID="5949529" Name="7" Artist="Ursula Rucker [Feat. Mad]" Composer="" Album="Da Minimal Funk Vol. 3" Grouping="" Genre="Lounge/Indie" Kind="AIFF File" Size="52432412" TotalTime="297" DiscNumber="0" TrackNumber="7" Year="0" AverageBpm="96.01" DateAdded="2021-03-07" BitRate="1411" SampleRate="44100" Comments="8A - 4" PlayCount="1" Rating="0" Location="file://localhost/Users/zachvp/Music/DJ/07%207.aiff" Remixer="" Tonality="8A" Label="" Mix="">
      <TEMPO Inizio="0.234" Bpm="96.01" Metro="4/4" Battito="1" />
      <TEMPO Inizio="98.977" Bpm="96.01" Metro="4/4" Battito="3" />
      <POSITION_MARK Name="" Type="0" Start="10.233" Num="-1" />
      <POSITION_MARK Name="" Type="0" Start="293.340" Num="-1" />
    </TRACK>
    <TRACK TrackID="126622099" Name="La Vie En Rose (Tom Moulton Mix)" Artist="Grace Jones" Composer="" Album="Dimitri From Paris ITHOL [Disc 2]" Grouping="" Genre="zzz" Kind="AIFF File" Size="63188476" TotalTime="358" DiscNumber="0" TrackNumber="2" Year="0" AverageBpm="96.55" DateAdded="2021-03-07" BitRate="1411" SampleRate="44100" Comments="9B - 7" PlayCount="0" Rating="0" Location="file://localhost/Users/zachvp/Music/DJ/02%20La%20Vie%20En%20Rose%20(Tom%20Moulton%20Mix).aiff" Remixer="" Tonality="9B" Label="" Mix="">
      <TEMPO Inizio="0.069" Bpm="96.55" Metro="4/4" Battito="1" />
      <TEMPO Inizio="37.356" Bpm="96.55" Metro="4/4" Battito="1" />
      <TEMPO Inizio="78.993" Bpm="96.55" Metro="4/4" Battito="4" />
      <TEMPO Inizio="105.094" Bpm="96.55" Metro="4/4" Battito="2" />
      <TEMPO Inizio="131.195" Bpm="96.55" Metro="4/4" Battito="4" />
      <TEMPO Inizio="172.832" Bpm="96.55" Metro="4/4" Battito="3" />
      <TEMPO Inizio="198.933" Bpm="96.55" Metro="4/4" Battito="1" />
      <TEMPO Inizio="230.627" Bpm="96.55" Metro="4/4" Battito="4" />
      <TEMPO Inizio="267.914" Bpm="96.55" Metro="4/4" Battito="4" />
      <TEMPO Inizio="309.551" Bpm="96.55" Metro="4/4" Battito="3" />
      <TEMPO Inizio="335.652" Bpm="96.55" Metro="4/4" Battito="1" />
    </TRACK>
    <TRACK TrackID="177266912" Name="Reckless Woman" Artist="Listen To The Music" Composer="" Album="Steve Bug - Da Minimal Funk Vol. 3" Grouping="" Genre="House/Deep/Tech/Jazzy" Kind="AIFF File" Size="55203440" TotalTime="312" DiscNumber="0" TrackNumber="6" Year="0" AverageBpm="122.68" DateAdded="2021-03-07" BitRate="1411" SampleRate="44100" Comments="7A - 6" PlayCount="2" Rating="0" Location="file://localhost/Users/zachvp/Music/DJ/06%20Reckless%20Woman.aiff" Remixer="" Tonality="7A" Label="" Mix="">
      <TEMPO Inizio="0.088" Bpm="122.68" Metro="4/4" Battito="1" />
      <TEMPO Inizio="3.023" Bpm="122.68" Metro="4/4" Battito="3" />
      <TEMPO Inizio="72.960" Bpm="122.68" Metro="4/4" Battito="2" />
      <TEMPO Inizio="142.897" Bpm="122.68" Metro="4/4" Battito="1" />
      <TEMPO Inizio="212.834" Bpm="122.68" Metro="4/4" Battito="4" />
      <TEMPO Inizio="282.771" Bpm="122.68" Metro="4/4" Battito="3" />
    </TRACK>
    <TRACK TrackID="169342585" Name="Fear of Repurcussions (Original Mix)" Artist="YA" Composer="" Album="" Grouping="" Genre="House/Techno/Hype" Kind="AIFF File" Size="59564154" TotalTime="337" DiscNumber="0" TrackNumber="0" Year="0" AverageBpm="150.00" DateAdded="2021-03-07" BitRate="1411" SampleRate="44100" Comments="9A - 8" PlayCount="3" Rating="0" Location="file://localhost/Users/zachvp/Music/DJ/13118442_Fear_Of_Repercussions_(Original_Mix).aiff" Remixer="" Tonality="9A" Label="" Mix="">
      <TEMPO Inizio="0.004" Bpm="150.00" Metro="4/4" Battito="1" />
    </TRACK>
    <TRACK TrackID="127345049" Name="Mouais (Benjamin Damage Remix" Artist="Shlomo" Composer="" Album="" Grouping="" Genre="zzz" Kind="AIFF File" Size="75576414" TotalTime="393" DiscNumber="0" TrackNumber="0" Year="0" AverageBpm="130.71" DateAdded="2021-03-07" BitRate="1536" SampleRate="48000" Comments="8A - 6" PlayCount="0" Rating="0" Location="file://localhost/Users/zachvp/Music/DJ/Mouais%20(Benjamin%20Damage%20Remix).aiff" Remixer="" Tonality="8A" Label="" Mix="">
      <TEMPO Inizio="0.167" Bpm="130.71" Metro="4/4" Battito="2" />
      <TEMPO Inizio="131.908" Bpm="130.71" Metro="4/4" Battito="1" />
      <TEMPO Inizio="220.041" Bpm="130.71" Metro="4/4" Battito="1" />
      <TEMPO Inizio="308.174" Bpm="130.71" Metro="4/4" Battito="1" />
    </TRACK>
    <TRACK TrackID="207071432" Name="Young" Artist="John Tejada" Composer="" Album="Da Minimal Funk Vol. 3" Grouping="" Genre="zzz" Kind="AIFF File" Size="62835596" TotalTime="356" DiscNumber="0" TrackNumber="5" Year="0" AverageBpm="117.00" DateAdded="2021-03-07" BitRate="1411" SampleRate="44100" Comments="9A - 5" PlayCount="0" Rating="0" Location="file://localhost/Users/zachvp/Music/DJ/05%20Young.aiff" Remixer="" Tonality="9A" Label="" Mix="">
      <TEMPO Inizio="0.248" Bpm="117.00" Metro="4/4" Battito="1" />
    </TRACK>
    <TRACK TrackID="19477715" Name="You're Mine" Artist="Chris Lum" Composer="" Album="Steve Bug - Da Minimal Funk Vol. 3" Grouping="" Genre="House/Deep/Tech/Jazzy" Kind="AIFF File" Size="68992008" TotalTime="391" DiscNumber="0" TrackNumber="5" Year="0" AverageBpm="122.75" DateAdded="2021-03-07" BitRate="1411" SampleRate="44100" Comments="2A - 6" PlayCount="1" Rating="0" Location="file://localhost/Users/zachvp/Music/DJ/05%20You%c2%b4re%20Mine.aiff" Remixer="" Tonality="2A" Label="" Mix="">
      <TEMPO Inizio="0.170" Bpm="122.75" Metro="4/4" Battito="1" />
    </TRACK>
    <TRACK TrackID="42871894" Name="I Need You (Dim's Maxi Disco Blend)" Artist="Sylvester" Composer="" Album="In The House Of Love [Disc 3]" Grouping="" Genre="zzz" Kind="AIFF File" Size="114350266" TotalTime="648" DiscNumber="0" TrackNumber="2" Year="0" AverageBpm="120.60" DateAdded="2021-03-07" BitRate="1411" SampleRate="44100" Comments="3A - 7" PlayCount="0" Rating="0" Location="file://localhost/Users/zachvp/Music/DJ/02%20I%20Need%20You%20(Dim%27s%20Maxi%20Disco%20Blend).aiff" Remixer="" Tonality="3A" Label="" Mix="">
      <TEMPO Inizio="0.203" Bpm="120.60" Metro="4/4" Battito="1" />
    </TRACK>
    <TRACK TrackID="25311940" Name="Feel Like Dancing" Artist="France Joli" Composer="" Album="Dimitri From Paris IN THE HOUSE OF LOVE" Grouping="" Genre="zzz" Kind="AIFF File" Size="53421754" TotalTime="302" DiscNumber="0" TrackNumber="2" Year="0" AverageBpm="122.10" DateAdded="2021-03-07" BitRate="1411" SampleRate="44100" Comments="2A - 7" PlayCount="0" Rating="0" Location="file://localhost/Users/zachvp/Music/DJ/02%20Feel%20Like%20Dancing.aiff" Remixer="" Tonality="2A" Label="" Mix="">
      <TEMPO Inizio="0.240" Bpm="122.10" Metro="4/4" Battito="1" />
      <TEMPO Inizio="17.438" Bpm="122.10" Metro="4/4" Battito="4" />
      <TEMPO Inizio="44.464" Bpm="122.10" Metro="4/4" Battito="3" />
      <TEMPO Inizio="66.576" Bpm="122.10" Metro="4/4" Battito="4" />
      <TEMPO Inizio="93.602" Bpm="122.10" Metro="4/4" Battito="3" />
      <TEMPO Inizio="120.628" Bpm="122.10" Metro="4/4" Battito="2" />
      <TEMPO Inizio="145.197" Bpm="122.10" Metro="4/4" Battito="4" />
      <TEMPO Inizio="172.223" Bpm="122.10" Metro="4/4" Battito="3" />
      <TEMPO Inizio="194.335" Bpm="122.10" Metro="4/4" Battito="4" />
      <TEMPO Inizio="221.361" Bpm="122.10" Metro="4/4" Battito="3" />
      <TEMPO Inizio="248.387" Bpm="122.10" Metro="4/4" Battito="2" />
      <TEMPO Inizio="272.956" Bpm="122.10" Metro="4/4" Battito="4" />
      <TEMPO Inizio="299.982" Bpm="122.10" Metro="4/4" Battito="3" />
    </TRACK>
    <TRACK TrackID="236604920" Name="Horizontal (Original Mix)" Artist="Ugur Project" Composer="" Album="" Grouping="" Genre="House/Tech/Organic" Kind="AIFF File" Size="71598014" TotalTime="405" DiscNumber="0" TrackNumber="0" Year="0" AverageBpm="123.00" DateAdded="2021-03-07" BitRate="1411" SampleRate="44100" Comments="5A - 6" PlayCount="1" Rating="0" Location="file://localhost/Users/zachvp/Music/DJ/Ugur%20Project%20-%20Horizontal%20(Original%20Mix).aiff" Remixer="" Tonality="5A" Label="" Mix="">
      <TEMPO Inizio="0.485" Bpm="123.00" Metro="4/4" Battito="2" />
    </TRACK>
    <TRACK TrackID="69780038" Name="Watching You (7&quot; Vocal Version)" Artist="Loose Ends" Composer="" Album="Watching You" Grouping="" Genre="Lounge/" Kind="AIFF File" Size="55226606" TotalTime="287" DiscNumber="0" TrackNumber="0" Year="0" AverageBpm="99.60" DateAdded="2021-03-07" BitRate="1536" SampleRate="48000" Comments="8A - Energy 6" PlayCount="0" Rating="0" Location="file://localhost/Users/zachvp/Music/DJ/Watching%20You%20(7%20in%20Vocal%20Version).aiff" Remixer="" Tonality="8A" Label="" Mix="">
      <TEMPO Inizio="0.248" Bpm="99.60" Metro="4/4" Battito="1" />
      <TEMPO Inizio="53.259" Bpm="99.60" Metro="4/4" Battito="1" />
      <TEMPO Inizio="116.511" Bpm="99.60" Metro="4/4" Battito="2" />
      <TEMPO Inizio="193.016" Bpm="99.60" Metro="4/4" Battito="1" />
      <TEMPO Inizio="256.268" Bpm="99.60" Metro="4/4" Battito="2" />
    </TRACK>
    <TRACK TrackID="58774184" Name="Maboroshi (Original Mix)" Artist="Unknown" Composer="" Album="" Grouping="" Genre="House/Deep/Tech/Spacey" Kind="AIFF File" Size="95562006" TotalTime="541" DiscNumber="0" TrackNumber="0" Year="0" AverageBpm="123.00" DateAdded="2021-03-07" BitRate="1411" SampleRate="44100" Comments="12A - 5" PlayCount="2" Rating="0" Location="file://localhost/Users/zachvp/Music/DJ/Unknown%20-%20Maboroshi%20(Original%20Mix).aiff" Remixer="" Tonality="12A" Label="" Mix="">
      <TEMPO Inizio="0.484" Bpm="123.00" Metro="4/4" Battito="2" />
    </TRACK>
    <TRACK TrackID="93428966" Name="Useless Information" Artist="Chris &amp; Cosey" Composer="" Album="Heartbeat" Grouping="" Genre="House/Tech/Indie/Retro" Kind="AIFF File" Size="53370474" TotalTime="277" DiscNumber="0" TrackNumber="0" Year="0" AverageBpm="139.91" DateAdded="2021-03-07" BitRate="1411" SampleRate="44100" Comments="6A - 6" PlayCount="0" Rating="0" Location="file://localhost/Users/zachvp/Music/DJ/Useless%20Information.aiff" Remixer="" Tonality="6A" Label="" Mix="">
      <TEMPO Inizio="0.119" Bpm="139.91" Metro="4/4" Battito="3" />
    </TRACK>
    <TRACK TrackID="1487805" Name="Ribbons Turn to Chains" Artist="Guy Gerber" Composer="" Album="fabric 64: Guy Gerber" Grouping="" Genre="House/Deep/Tech/Spacey" Kind="AIFF File" Size="55512708" TotalTime="314" DiscNumber="0" TrackNumber="5" Year="0" AverageBpm="122.00" DateAdded="2021-03-07" BitRate="1411" SampleRate="44100" Comments="2A - 5" PlayCount="1" Rating="0" Location="file://localhost/Users/zachvp/Music/DJ/05%20Ribbons%20Turn%20to%20Chains.aiff" Remixer="" Tonality="2A" Label="" Mix="">
      <TEMPO Inizio="0.029" Bpm="122.00" Metro="4/4" Battito="1" />
    </TRACK>
    <TRACK TrackID="171006036" Name="Watching You (12&quot; Vocal House Mix)" Artist="Loose Ends" Composer="" Album="Watching You" Grouping="" Genre="Lounge/" Kind="AIFF File" Size="90886386" TotalTime="473" DiscNumber="0" TrackNumber="0" Year="0" AverageBpm="99.64" DateAdded="2021-03-07" BitRate="1536" SampleRate="48000" Comments="8A - Energy 6" PlayCount="0" Rating="0" Location="file://localhost/Users/zachvp/Music/DJ/Watching%20You%20(12%20in%20Vocal%20House%20Mix).aiff" Remixer="" Tonality="8A" Label="" Mix="">
      <TEMPO Inizio="0.424" Bpm="99.64" Metro="4/4" Battito="4" />
      <TEMPO Inizio="40.166" Bpm="99.64" Metro="4/4" Battito="2" />
      <TEMPO Inizio="65.456" Bpm="99.64" Metro="4/4" Battito="4" />
      <TEMPO Inizio="91.348" Bpm="99.64" Metro="4/4" Battito="3" />
      <TEMPO Inizio="116.638" Bpm="99.64" Metro="4/4" Battito="1" />
      <TEMPO Inizio="141.928" Bpm="99.64" Metro="4/4" Battito="3" />
      <TEMPO Inizio="167.218" Bpm="99.64" Metro="4/4" Battito="1" />
      <TEMPO Inizio="188.895" Bpm="99.64" Metro="4/4" Battito="1" />
      <TEMPO Inizio="214.185" Bpm="99.64" Metro="4/4" Battito="3" />
      <TEMPO Inizio="239.475" Bpm="99.64" Metro="4/4" Battito="1" />
      <TEMPO Inizio="264.765" Bpm="99.64" Metro="4/4" Battito="3" />
      <TEMPO Inizio="286.442" Bpm="99.64" Metro="4/4" Battito="3" />
      <TEMPO Inizio="311.732" Bpm="99.64" Metro="4/4" Battito="1" />
      <TEMPO Inizio="337.022" Bpm="99.64" Metro="4/4" Battito="3" />
      <TEMPO Inizio="362.914" Bpm="99.64" Metro="4/4" Battito="2" />
      <TEMPO Inizio="388.204" Bpm="99.64" Metro="4/4" Battito="4" />
      <TEMPO Inizio="413.494" Bpm="99.64" Metro="4/4" Battito="2" />
      <TEMPO Inizio="438.784" Bpm="99.64" Metro="4/4" Battito="4" />
      <TEMPO Inizio="460.461" Bpm="99.64" Metro="4/4" Battito="4" />
    </TRACK>
    <TRACK TrackID="31571008" Name="Wealth" Artist="Talk Talk" Composer="" Album="Spirit Of Eden" Grouping="" Genre="Lounge/Acoustic" Kind="AIFF File" Size="69712852" TotalTime="395" DiscNumber="0" TrackNumber="4" Year="0" AverageBpm="155.27" DateAdded="2021-03-07" BitRate="1411" SampleRate="44100" Comments="1A - 2" PlayCount="0" Rating="0" Location="file://localhost/Users/zachvp/Music/DJ/04%20Wealth.aiff" Remixer="" Tonality="1A" Label="" Mix="">
      <TEMPO Inizio="0.044" Bpm="155.27" Metro="4/4" Battito="4" />
      <TEMPO Inizio="0.431" Bpm="155.27" Metro="4/4" Battito="1" />
      <TEMPO Inizio="53.758" Bpm="155.27" Metro="4/4" Battito="3" />
      <TEMPO Inizio="139.931" Bpm="155.27" Metro="4/4" Battito="2" />
      <TEMPO Inizio="213.352" Bpm="155.27" Metro="4/4" Battito="4" />
      <TEMPO Inizio="279.431" Bpm="155.27" Metro="4/4" Battito="3" />
      <TEMPO Inizio="355.557" Bpm="155.27" Metro="4/4" Battito="4" />
    </TRACK>
    <TRACK TrackID="242968624" Name="Decompression (Original Mix)" Artist="VONDA7" Composer="" Album="" Grouping="" Genre="House/Techno/Downtempo" Kind="AIFF File" Size="80282530" TotalTime="455" DiscNumber="0" TrackNumber="0" Year="0" AverageBpm="125.00" DateAdded="2021-03-07" BitRate="1411" SampleRate="44100" Comments="8A - 6" PlayCount="0" Rating="0" Location="file://localhost/Users/zachvp/Music/DJ/VONDA7%20-%20Decompression%20(Original%20Mix).aiff" Remixer="" Tonality="8A" Label="" Mix="">
      <TEMPO Inizio="0.026" Bpm="125.00" Metro="4/4" Battito="1" />
      <TEMPO Inizio="246.267" Bpm="125.00" Metro="4/4" Battito="2" />
    </TRACK>
    <TRACK TrackID="12127756" Name="The Naked Hairdresser" Artist="Guy Gerber" Composer="" Album="fabric 64: Guy Gerber" Grouping="" Genre="House/Deep/Tech/Spacey" Kind="AIFF File" Size="24983590" TotalTime="141" DiscNumber="0" TrackNumber="4" Year="0" AverageBpm="122.02" DateAdded="2021-03-07" BitRate="1411" SampleRate="44100" Comments="3A - 5" PlayCount="1" Rating="0" Location="file://localhost/Users/zachvp/Music/DJ/04%20The%20Naked%20Hairdresser.aiff" Remixer="" Tonality="3A" Label="" Mix="">
      <TEMPO Inizio="0.020" Bpm="122.02" Metro="4/4" Battito="1" />
    </TRACK>
    <TRACK TrackID="244678528" Name="State Of Mind" Artist="Jimpster" Composer="" Album="Da Minimal Funk Vol. 3" Grouping="" Genre="Lounge/" Kind="AIFF File" Size="59702762" TotalTime="338" DiscNumber="0" TrackNumber="4" Year="0" AverageBpm="81.00" DateAdded="2021-03-07" BitRate="1411" SampleRate="44100" Comments="9A - 3" PlayCount="5" Rating="0" Location="file://localhost/Users/zachvp/Music/DJ/04%20State%20Of%20Mind.aiff" Remixer="" Tonality="9A" Label="" Mix="">
      <TEMPO Inizio="0.388" Bpm="81.00" Metro="4/4" Battito="1" />
      <POSITION_MARK Name="" Type="0" Start="47.759" Num="-1" />
      <POSITION_MARK Name="" Type="0" Start="0.355" Num="-1" />
    </TRACK>
    <TRACK TrackID="160091366" Name="Lay It On Me" Artist="Sylvia" Composer="" Album="Dimitri From Paris ITHOL [Disc 2]" Grouping="" Genre="zzz" Kind="AIFF File" Size="51324622" TotalTime="290" DiscNumber="0" TrackNumber="4" Year="0" AverageBpm="100.22" DateAdded="2021-03-07" BitRate="1411" SampleRate="44100" Comments="10A - 5" PlayCount="0" Rating="0" Location="file://localhost/Users/zachvp/Music/DJ/04%20Lay%20It%20On%20Me.aiff" Remixer="" Tonality="10A" Label="" Mix="">
      <TEMPO Inizio="0.015" Bpm="100.22" Metro="4/4" Battito="1" />
    </TRACK>
    <TRACK TrackID="32853880" Name="Fire (Afro Gigolo Soul Weekender Remix)" Artist="Victor Davies" Composer="" Album="Dimitri From Paris IN THE HOUSE OF LOVE" Grouping="" Genre="zzz" Kind="AIFF File" Size="42578952" TotalTime="241" DiscNumber="0" TrackNumber="4" Year="0" AverageBpm="122.81" DateAdded="2021-03-07" BitRate="1411" SampleRate="44100" Comments="3A - 6" PlayCount="0" Rating="0" Location="file://localhost/Users/zachvp/Music/DJ/04%20Fire%20(Afro%20Gigolo%20Soul%20Weekender%20Remix).aiff" Remixer="" Tonality="3A" Label="" Mix="">
      <TEMPO Inizio="0.032" Bpm="122.81" Metro="4/4" Battito="1" />
    </TRACK>
    <TRACK TrackID="46395154" Name="Games (Original Mix)" Artist="Infinity Ink" Composer="" Album="" Grouping="" Genre="House/Deep/Tech/Jazzy" Kind="AIFF File" Size="71291868" TotalTime="404" DiscNumber="0" TrackNumber="0" Year="0" AverageBpm="122.00" DateAdded="2021-03-07" BitRate="1411" SampleRate="44100" Comments="9A - 6" PlayCount="0" Rating="0" Location="file://localhost/Users/zachvp/Music/DJ/Infinity%20Ink%20-%20Games%20(Original%20Mix).aiff" Remixer="" Tonality="9A" Label="" Mix="">
      <TEMPO Inizio="0.005" Bpm="122.00" Metro="4/4" Battito="1" />
    </TRACK>
    <TRACK TrackID="58506271" Name="Watching You (12&quot; Vocal Version)" Artist="Loose Ends" Composer="" Album="Watching You" Grouping="" Genre="Lounge/" Kind="AIFF File" Size="96792212" TotalTime="504" DiscNumber="0" TrackNumber="0" Year="0" AverageBpm="99.61" DateAdded="2021-03-07" BitRate="1536" SampleRate="48000" Comments="8A - Energy 6" PlayCount="0" Rating="0" Location="file://localhost/Users/zachvp/Music/DJ/Watching%20You%20(12%20in%20Vocal%20Version).aiff" Remixer="" Tonality="8A" Label="" Mix="">
      <TEMPO Inizio="0.254" Bpm="99.61" Metro="4/4" Battito="3" />
      <TEMPO Inizio="0.857" Bpm="99.61" Metro="4/4" Battito="4" />
      <TEMPO Inizio="78.559" Bpm="99.61" Metro="4/4" Battito="1" />
      <TEMPO Inizio="142.407" Bpm="99.61" Metro="4/4" Battito="3" />
      <TEMPO Inizio="220.109" Bpm="99.61" Metro="4/4" Battito="4" />
      <TEMPO Inizio="297.811" Bpm="99.61" Metro="4/4" Battito="1" />
      <TEMPO Inizio="361.659" Bpm="99.61" Metro="4/4" Battito="3" />
      <TEMPO Inizio="439.361" Bpm="99.61" Metro="4/4" Battito="4" />
    </TRACK>
    <TRACK TrackID="240517763" Name="Drink To Get Drunk" Artist="differentGear Vs. Sia" Composer="" Album="Drink To Get Drunk" Grouping="" Genre="Lounge/" Kind="AIFF File" Size="38426454" TotalTime="217" DiscNumber="0" TrackNumber="4" Year="0" AverageBpm="90.21" DateAdded="2021-03-07" BitRate="1411" SampleRate="44100" Comments="8A - 6" PlayCount="2" Rating="0" Location="file://localhost/Users/zachvp/Music/DJ/04%20Drink%20To%20Get%20Drunk.aiff" Remixer="" Tonality="8A" Label="" Mix="">
      <TEMPO Inizio="0.440" Bpm="90.21" Metro="4/4" Battito="1" />
      <POSITION_MARK Name="" Type="0" Start="0.090" Num="-1" />
    </TRACK>
    <TRACK TrackID="170948073" Name="Watching You (12&quot; - 3 Side Dub)" Artist="Loose Ends" Composer="" Album="Watching You" Grouping="" Genre="Lounge/" Kind="AIFF File" Size="83539106" TotalTime="435" DiscNumber="0" TrackNumber="0" Year="0" AverageBpm="99.62" DateAdded="2021-03-07" BitRate="1536" SampleRate="48000" Comments="8A - Energy 6" PlayCount="0" Rating="0" Location="file://localhost/Users/zachvp/Music/DJ/Watching%20You%20(12in%20%e2%80%93%203%20Side%20Dub).aiff" Remixer="" Tonality="8A" Label="" Mix="">
      <TEMPO Inizio="0.311" Bpm="99.62" Metro="4/4" Battito="2" />
      <TEMPO Inizio="0.914" Bpm="99.62" Metro="4/4" Battito="3" />
      <TEMPO Inizio="22.597" Bpm="99.62" Metro="4/4" Battito="3" />
      <TEMPO Inizio="44.280" Bpm="99.62" Metro="4/4" Battito="3" />
      <TEMPO Inizio="61.747" Bpm="99.62" Metro="4/4" Battito="4" />
      <TEMPO Inizio="83.430" Bpm="99.62" Metro="4/4" Battito="4" />
      <TEMPO Inizio="105.113" Bpm="99.62" Metro="4/4" Battito="4" />
      <TEMPO Inizio="122.580" Bpm="99.62" Metro="4/4" Battito="1" />
      <TEMPO Inizio="144.263" Bpm="99.62" Metro="4/4" Battito="1" />
      <TEMPO Inizio="165.946" Bpm="99.62" Metro="4/4" Battito="1" />
      <TEMPO Inizio="183.413" Bpm="99.62" Metro="4/4" Battito="2" />
      <TEMPO Inizio="205.096" Bpm="99.62" Metro="4/4" Battito="2" />
      <TEMPO Inizio="226.779" Bpm="99.62" Metro="4/4" Battito="2" />
      <TEMPO Inizio="244.246" Bpm="99.62" Metro="4/4" Battito="3" />
      <TEMPO Inizio="265.929" Bpm="99.62" Metro="4/4" Battito="3" />
      <TEMPO Inizio="283.396" Bpm="99.62" Metro="4/4" Battito="4" />
      <TEMPO Inizio="305.079" Bpm="99.62" Metro="4/4" Battito="4" />
      <TEMPO Inizio="326.762" Bpm="99.62" Metro="4/4" Battito="4" />
      <TEMPO Inizio="344.229" Bpm="99.62" Metro="4/4" Battito="1" />
      <TEMPO Inizio="365.912" Bpm="99.62" Metro="4/4" Battito="1" />
      <TEMPO Inizio="387.595" Bpm="99.62" Metro="4/4" Battito="1" />
      <TEMPO Inizio="405.062" Bpm="99.62" Metro="4/4" Battito="2" />
      <TEMPO Inizio="426.745" Bpm="99.62" Metro="4/4" Battito="2" />
    </TRACK>
    <TRACK TrackID="263710815" Name="Shady Triangle" Artist="Guy Gerber" Composer="" Album="fabric 64: Guy Gerber" Grouping="" Genre="zzz" Kind="AIFF File" Size="38868828" TotalTime="220" DiscNumber="0" TrackNumber="3" Year="0" AverageBpm="122.00" DateAdded="2021-03-07" BitRate="1411" SampleRate="44100" Comments="4A - 6" PlayCount="0" Rating="0" Location="file://localhost/Users/zachvp/Music/DJ/03%20Shady%20Triangle.aiff" Remixer="" Tonality="4A" Label="" Mix="">
      <TEMPO Inizio="0.027" Bpm="122.00" Metro="4/4" Battito="1" />
    </TRACK>
    <TRACK TrackID="87978856" Name="Midnight Walk" Artist="Sunday Brunch" Composer="" Album="Da Minimal Funk Vol. 3" Grouping="" Genre="House/Deep/Tech/Dubby" Kind="AIFF File" Size="56926152" TotalTime="322" DiscNumber="0" TrackNumber="3" Year="0" AverageBpm="125.00" DateAdded="2021-03-07" BitRate="1411" SampleRate="44100" Comments="3A - 6" PlayCount="3" Rating="0" Location="file://localhost/Users/zachvp/Music/DJ/03%20Midnight%20Walk.aiff" Remixer="" Tonality="3A" Label="" Mix="">
      <TEMPO Inizio="0.388" Bpm="125.00" Metro="4/4" Battito="1" />
      <POSITION_MARK Name="" Type="0" Start="0.379" Num="-1" />
      <POSITION_MARK Name="" Type="0" Start="261.523" Num="-1" />
      <POSITION_MARK Name="" Type="0" Start="184.753" Num="-1" />
    </TRACK>
    <TRACK TrackID="95102292" Name="Lookin' For Love (Dim's Re Edit)" Artist="Fat Larry's Band" Composer="" Album="Dimitri From Paris IN THE HOUSE OF LOVE" Grouping="" Genre="House/Tech/Indie/Disco" Kind="AIFF File" Size="57689614" TotalTime="327" DiscNumber="0" TrackNumber="3" Year="0" AverageBpm="123.30" DateAdded="2021-03-07" BitRate="1411" SampleRate="44100" Comments="9A - 7" PlayCount="0" Rating="0" Location="file://localhost/Users/zachvp/Music/DJ/03%20Lookin%27%20For%20Love%20(Dim%27s%20Re%20Edit).aiff" Remixer="" Tonality="9A" Label="" Mix="">
      <TEMPO Inizio="0.038" Bpm="123.30" Metro="4/4" Battito="1" />
      <POSITION_MARK Name="" Type="0" Start="11.729" Num="-1" />
      <POSITION_MARK Name="" Type="0" Start="0.042" Num="-1" />
      <POSITION_MARK Name="" Type="0" Start="229.729" Num="-1" />
      <POSITION_MARK Name="" Type="0" Start="249.183" Num="-1" />
    </TRACK>
    <TRACK TrackID="223417901" Name="Cum Closer (C2 Mix)" Artist="Todd Sines &amp; Natacha Bell" Composer="" Album="Steve Bug - Da Minimal Funk Vol. 3" Grouping="" Genre="zzz" Kind="AIFF File" Size="27501672" TotalTime="155" DiscNumber="0" TrackNumber="2" Year="0" AverageBpm="123.22" DateAdded="2021-03-07" BitRate="1411" SampleRate="44100" Comments="5A - 5" PlayCount="0" Rating="0" Location="file://localhost/Users/zachvp/Music/DJ/02%20Cum%20Closer%20(C2%20Mix).aiff" Remixer="" Tonality="5A" Label="" Mix="">
      <TEMPO Inizio="0.111" Bpm="123.22" Metro="4/4" Battito="2" />
    </TRACK>
    <TRACK TrackID="40657764" Name="Are U Vegetarian" Artist="Joakim" Composer="" Album="Da Minimal Funk Vol. 3" Grouping="" Genre="House/Deep/Tech/Jazzy" Kind="AIFF File" Size="64594924" TotalTime="366" DiscNumber="0" TrackNumber="2" Year="0" AverageBpm="123.00" DateAdded="2021-03-07" BitRate="1411" SampleRate="44100" Comments="6A - 6" PlayCount="0" Rating="0" Location="file://localhost/Users/zachvp/Music/DJ/02%20Are%20U%20Vegetarian.aiff" Remixer="" Tonality="6A" Label="" Mix="">
      <TEMPO Inizio="0.455" Bpm="123.00" Metro="4/4" Battito="4" />
    </TRACK>
    <TRACK TrackID="44410175" Name="Fantasy (Club Mix)" Artist="Blackbox" Composer="" Album="Dimitri From Paris ITHOL [Disc 2]" Grouping="" Genre="Lounge/" Kind="AIFF File" Size="54923588" TotalTime="311" DiscNumber="0" TrackNumber="1" Year="0" AverageBpm="96.89" DateAdded="2021-03-07" BitRate="1411" SampleRate="44100" Comments="6A - 7" PlayCount="0" Rating="0" Location="file://localhost/Users/zachvp/Music/DJ/01%20Fantasy%20(Club%20Mix).aiff" Remixer="" Tonality="6A" Label="" Mix="">
      <TEMPO Inizio="0.516" Bpm="96.89" Metro="4/4" Battito="3" />
      <TEMPO Inizio="1.136" Bpm="96.89" Metro="4/4" Battito="4" />
      <TEMPO Inizio="20.332" Bpm="96.89" Metro="4/4" Battito="3" />
      <TEMPO Inizio="44.482" Bpm="96.89" Metro="4/4" Battito="2" />
      <TEMPO Inizio="66.155" Bpm="96.89" Metro="4/4" Battito="1" />
      <TEMPO Inizio="90.305" Bpm="96.89" Metro="4/4" Battito="4" />
      <TEMPO Inizio="114.455" Bpm="96.89" Metro="4/4" Battito="3" />
      <TEMPO Inizio="136.128" Bpm="96.89" Metro="4/4" Battito="2" />
      <TEMPO Inizio="160.278" Bpm="96.89" Metro="4/4" Battito="1" />
      <TEMPO Inizio="181.951" Bpm="96.89" Metro="4/4" Battito="4" />
      <TEMPO Inizio="206.101" Bpm="96.89" Metro="4/4" Battito="3" />
      <TEMPO Inizio="230.251" Bpm="96.89" Metro="4/4" Battito="2" />
      <TEMPO Inizio="251.924" Bpm="96.89" Metro="4/4" Battito="1" />
      <TEMPO Inizio="276.074" Bpm="96.89" Metro="4/4" Battito="4" />
      <TEMPO Inizio="297.747" Bpm="96.89" Metro="4/4" Battito="3" />
    </TRACK>
    <TRACK TrackID="164320857" Name="My Inspiration (Instrumental)" Artist="Frankman" Composer="" Album="Steve Bug - Da Minimal Funk Vol. 3" Grouping="" Genre="House/Deep/Tech/Jazzy" Kind="AIFF File" Size="100397224" TotalTime="569" DiscNumber="0" TrackNumber="1" Year="0" AverageBpm="123.38" DateAdded="2021-03-07" BitRate="1411" SampleRate="44100" Comments="7A - 5" PlayCount="1" Rating="0" Location="file://localhost/Users/zachvp/Music/DJ/01%20My%20Inspiration%20(Instrumental).aiff" Remixer="" Tonality="7A" Label="" Mix="">
      <TEMPO Inizio="0.065" Bpm="123.38" Metro="4/4" Battito="3" />
      <TEMPO Inizio="34.593" Bpm="123.38" Metro="4/4" Battito="2" />
      <TEMPO Inizio="106.080" Bpm="123.38" Metro="4/4" Battito="1" />
      <TEMPO Inizio="198.478" Bpm="123.38" Metro="4/4" Battito="3" />
      <TEMPO Inizio="274.828" Bpm="123.38" Metro="4/4" Battito="4" />
      <TEMPO Inizio="346.315" Bpm="123.38" Metro="4/4" Battito="3" />
      <TEMPO Inizio="422.665" Bpm="123.38" Metro="4/4" Battito="4" />
      <TEMPO Inizio="510.200" Bpm="123.38" Metro="4/4" Battito="4" />
    </TRACK>
    <TRACK TrackID="140605249" Name="Shimmer" Artist="Eerik" Composer="" Album="Da Minimal Funk Vol. 3" Grouping="" Genre="House/Deep/Tech/Jazzy" Kind="AIFF File" Size="53245168" TotalTime="301" DiscNumber="0" TrackNumber="1" Year="0" AverageBpm="119.00" DateAdded="2021-03-07" BitRate="1411" SampleRate="44100" Comments="2A - 4" PlayCount="0" Rating="0" Location="file://localhost/Users/zachvp/Music/DJ/01%20Shimmer.aiff" Remixer="" Tonality="2A" Label="" Mix="">
      <TEMPO Inizio="0.293" Bpm="119.00" Metro="4/4" Battito="2" />
      <TEMPO Inizio="1.302" Bpm="119.00" Metro="4/4" Battito="4" />
    </TRACK>
    <TRACK TrackID="88971185" Name="Reach Out feat. Joe Goddard (Original Mix)" Artist="Lauer, Tuff City Kids, Joe Goddard, Gerd Janson, Tuff City Kids, Gerd Janson &amp; Lauer" Composer="" Album="Reach Out" Grouping="" Genre="House/Tech/Indie/" Kind="AIFF File" Size="66153982" TotalTime="374" DiscNumber="0" TrackNumber="2" Year="2018" AverageBpm="125.00" DateAdded="2021-03-20" BitRate="1411" SampleRate="44100" Comments="10A - 5" PlayCount="2" Rating="0" Location="file://localhost/Users/zachvp/Music/DJ/11012880_Reach_Out_feat._Joe_Goddard_(Original_Mix).aiff" Remixer="" Tonality="10A" Label="Permanent Vacation" Mix="">
      <TEMPO Inizio="0.202" Bpm="125.00" Metro="4/4" Battito="1" />
      <TEMPO Inizio="47.723" Bpm="125.00" Metro="4/4" Battito="4" />
      <POSITION_MARK Name="" Type="0" Start="46.281" Num="-1" />
      <POSITION_MARK Name="" Type="0" Start="245.961" Num="-1" />
      <POSITION_MARK Name="" Type="0" Start="276.673" Num="-1" />
      <POSITION_MARK Name="" Type="0" Start="292.048" Num="-1" />
      <POSITION_MARK Name="" Type="0" Start="322.760" Num="-1" />
      <POSITION_MARK Name="" Type="0" Start="338.120" Num="-1" />
    </TRACK>
    <TRACK TrackID="838866" Name="Ritual (Original Mix)" Artist="Floorplan" Composer="" Album="EPM Selected Vol. 5" Grouping="" Genre="House/Tech/Progressive" Kind="AIFF File" Size="81645246" TotalTime="462" DiscNumber="0" TrackNumber="6" Year="2017" AverageBpm="128.01" DateAdded="2021-03-20" BitRate="1411" SampleRate="44100" Comments="9A - 6" PlayCount="2" Rating="0" Location="file://localhost/Users/zachvp/Music/DJ/9716080_Ritual_(Original_Mix).aiff" Remixer="" Tonality="9A" Label="ePM Music" Mix="">
      <TEMPO Inizio="0.032" Bpm="128.01" Metro="4/4" Battito="1" />
    </TRACK>
    <TRACK TrackID="53551454" Name="Air Castle (Laurent Garnier 2019 Remix)" Artist="Christian Smith" Composer="" Album="Air Castle (Laurent Garnier 2019 Remix)" Grouping="" Genre="House/Deep/Tech/Spacey" Kind="AIFF File" Size="99114452" TotalTime="559" DiscNumber="0" TrackNumber="1" Year="2019" AverageBpm="126.00" DateAdded="2021-03-20" BitRate="1411" SampleRate="44100" Comments="2A - 6" PlayCount="0" Rating="0" Location="file://localhost/Users/zachvp/Music/DJ/12413516_Air_Castle_(Laurent_Garnier_2019_Remix).aiff" Remixer="" Tonality="2A" Label="Tronic" Mix="">
      <TEMPO Inizio="0.058" Bpm="126.00" Metro="4/4" Battito="1" />
    </TRACK>
    <TRACK TrackID="103754982" Name="Classified Remote Detachment (Original Mix)" Artist="Soel" Composer="" Album="Plangent#008" Grouping="" Genre="House/Techno/Downtempo" Kind="AIFF File" Size="63990092" TotalTime="361" DiscNumber="0" TrackNumber="3" Year="2017" AverageBpm="118.00" DateAdded="2021-03-20" BitRate="1411" SampleRate="44100" Comments="3A - 5" PlayCount="0" Rating="0" Location="file://localhost/Users/zachvp/Music/DJ/12532337_Classified_Remote_Detachment_(Original_Mix).aiff" Remixer="" Tonality="3A" Label="Plangent Records" Mix="">
      <TEMPO Inizio="0.224" Bpm="118.00" Metro="4/4" Battito="1" />
      <TEMPO Inizio="219.884" Bpm="118.00" Metro="4/4" Battito="1" />
    </TRACK>
    <TRACK TrackID="100361899" Name="All over You feat. Sacha Rudy (Agents of Time Remix)" Artist="Agoria" Composer="" Album="All over You (feat. Sacha Rudy) [Remixes by Agents of Time and Oxia]" Grouping="" Genre="House/Deep/Melodic" Kind="AIFF File" Size="68172624" TotalTime="386" DiscNumber="0" TrackNumber="1" Year="2020" AverageBpm="128.00" DateAdded="2021-03-20" BitRate="1411" SampleRate="44100" Comments="9A - 6" PlayCount="0" Rating="0" Location="file://localhost/Users/zachvp/Music/DJ/13312547_All_over_You_feat._Sacha_Rudy_(Agents_of_Time_Remix).aiff" Remixer="" Tonality="9A" Label="Sapiens" Mix="">
      <TEMPO Inizio="0.121" Bpm="128.00" Metro="4/4" Battito="1" />
    </TRACK>
    <TRACK TrackID="230783878" Name="Sirens (Original Mix)" Artist="Mark Jenkyns, Mizbee" Composer="" Album="Sirens" Grouping="" Genre="House/Tech/Groove" Kind="AIFF File" Size="87185820" TotalTime="493" DiscNumber="0" TrackNumber="1" Year="2017" AverageBpm="125.00" DateAdded="2021-03-20" BitRate="1411" SampleRate="44100" Comments="2A - 6" PlayCount="1" Rating="0" Location="file://localhost/Users/zachvp/Music/DJ/9745263_Sirens_(Original_Mix).aiff" Remixer="" Tonality="2A" Label="Hottrax" Mix="">
      <TEMPO Inizio="0.247" Bpm="125.00" Metro="4/4" Battito="1" />
      <TEMPO Inizio="258.488" Bpm="125.00" Metro="4/4" Battito="3" />
    </TRACK>
    <TRACK TrackID="259193332" Name="DMT" Artist="Cobblestone Jazz" Composer="" Album="23 Seconds" Grouping="" Genre="Samples" Kind="AIFF File" Size="21570100" TotalTime="121" DiscNumber="0" TrackNumber="11" Year="2007" AverageBpm="129.99" DateAdded="2021-03-20" BitRate="1411" SampleRate="44100" Comments="8A - 7" PlayCount="1" Rating="0" Location="file://localhost/Users/zachvp/Music/DJ/Cobblestone%20Jazz%20-%2023%20Seconds%20(DMT%20-%20live).aiff" Remixer="" Tonality="8A" Label="!K7" Mix="">
      <TEMPO Inizio="0.045" Bpm="129.99" Metro="4/4" Battito="1" />
    </TRACK>
    <TRACK TrackID="120949760" Name="Want You In My Soul (Club Mix)" Artist="Lovebirds, Stee Downes" Composer="" Album="Siroko Beach - Marbella" Grouping="" Genre="House/Deep/Tech/Jazzy" Kind="AIFF File" Size="88212872" TotalTime="497" DiscNumber="0" TrackNumber="1" Year="2017" AverageBpm="121.00" DateAdded="2021-03-20" BitRate="1411" SampleRate="44100" Comments="2A - 6" PlayCount="1" Rating="0" Location="file://localhost/Users/zachvp/Music/DJ/Lovebirds,%20Stee%20Downes%20-%20Want%20You%20In%20My%20Soul%20(Club%20Mix).aiff" Remixer="" Tonality="2A" Label="Tarifa Records" Mix="">
      <TEMPO Inizio="0.474" Bpm="121.00" Metro="4/4" Battito="4" />
      <POSITION_MARK Name="" Type="0" Start="76.565" Num="-1" />
    </TRACK>
    <TRACK TrackID="133967224" Name="Placeholder (Original Mix)" Artist="Nocow" Composer="" Album="Voda" Grouping="" Genre="House/Deep/Tech/" Kind="AIFF File" Size="64506302" TotalTime="364" DiscNumber="0" TrackNumber="2" Year="2018" AverageBpm="125.00" DateAdded="2021-03-20" BitRate="1411" SampleRate="44100" Comments="11A - 5" PlayCount="1" Rating="0" Location="file://localhost/Users/zachvp/Music/DJ/10247625_Placeholder_(Original_Mix).aiff" Remixer="" Tonality="11A" Label="Figure" Mix="">
      <TEMPO Inizio="0.000" Bpm="125.00" Metro="4/4" Battito="1" />
      <TEMPO Inizio="357.121" Bpm="125.00" Metro="4/4" Battito="1" />
    </TRACK>
    <TRACK TrackID="188263650" Name="One Soft Touch (To Kill Me) (Original Mix)" Artist="Thomas Courribet" Composer="" Album="One Soft Touch" Grouping="" Genre="House/Tech/Progressive" Kind="AIFF File" Size="98613784" TotalTime="557" DiscNumber="0" TrackNumber="1" Year="2016" AverageBpm="124.00" DateAdded="2021-03-20" BitRate="1411" SampleRate="44100" Comments="9A - 6" PlayCount="2" Rating="0" Location="file://localhost/Users/zachvp/Music/DJ/8533067_One_Soft_Touch_(To_Kill_Me)_(Original_Mix).aiff" Remixer="" Tonality="9A" Label="Itom Records" Mix="">
      <TEMPO Inizio="0.002" Bpm="124.00" Metro="4/4" Battito="2" />
    </TRACK>
    <TRACK TrackID="211631375" Name="Story At The Campfire (Mira &amp; Chris Schwarzwalder Remix)" Artist="Noraj Cue" Composer="" Album="Story At The Campfire" Grouping="" Genre="House/Deep/Melodic" Kind="AIFF File" Size="69251084" TotalTime="392" DiscNumber="0" TrackNumber="2" Year="2018" AverageBpm="115.00" DateAdded="2021-03-20" BitRate="1411" SampleRate="44100" Comments="5A - 6" PlayCount="0" Rating="0" Location="file://localhost/Users/zachvp/Music/DJ/10014112_Story_At_The_Campfire_(Mira_%26_Chris_Schwarzwalder_Remix).aiff" Remixer="" Tonality="5A" Label="Happy Camper Records" Mix="">
      <TEMPO Inizio="0.002" Bpm="115.00" Metro="4/4" Battito="1" />
    </TRACK>
    <TRACK TrackID="254058956" Name="Exit feat. Miss Kittin (Original Mix)" Artist="Miss Kittin, Dubfire" Composer="" Album="HYBRID: A Decade Of Dubfire" Grouping="" Genre="House/Techno/Downtempo" Kind="AIFF File" Size="113967492" TotalTime="645" DiscNumber="0" TrackNumber="11" Year="2017" AverageBpm="125.00" DateAdded="2021-03-20" BitRate="1411" SampleRate="44100" Comments="2A - 6" PlayCount="1" Rating="0" Location="file://localhost/Users/zachvp/Music/DJ/9110541_Exit_feat._Miss_Kittin_(Original_Mix).aiff" Remixer="" Tonality="2A" Label="SCI+TEC" Mix="">
      <TEMPO Inizio="0.019" Bpm="125.00" Metro="4/4" Battito="1" />
      <TEMPO Inizio="590.898" Bpm="125.00" Metro="4/4" Battito="4" />
    </TRACK>
    <TRACK TrackID="203048889" Name="Moonshine (Original Mix)" Artist="David Keno" Composer="" Album="Moonshine EP" Grouping="" Genre="House/Tech/Organic" Kind="AIFF File" Size="63169536" TotalTime="356" DiscNumber="0" TrackNumber="1" Year="2016" AverageBpm="124.00" DateAdded="2021-03-20" BitRate="1411" SampleRate="44100" Comments="5A - 6" PlayCount="0" Rating="0" Location="file://localhost/Users/zachvp/Music/DJ/7740321_Moonshine_(Original_Mix).aiff" Remixer="" Tonality="5A" Label="Mother Recordings" Mix="">
      <TEMPO Inizio="0.005" Bpm="124.00" Metro="4/4" Battito="1" />
      <POSITION_MARK Name="" Type="0" Start="108.397" Num="-1" />
      <POSITION_MARK Name="" Type="0" Start="232.246" Num="-1" />
      <POSITION_MARK Name="" Type="0" Start="294.180" Num="-1" />
      <POSITION_MARK Name="" Type="0" Start="30.968" Num="-1" />
      <POSITION_MARK Name="" Type="0" Start="61.935" Num="-1" />
      <POSITION_MARK Name="" Type="0" Start="46.452" Num="-1" />
    </TRACK>
    <TRACK TrackID="105941900" Name="We Didn't Talk For A While (Original Mix)" Artist="Tim Engelhardt" Composer="" Album="Reality EP" Grouping="" Genre="House/Deep/Melodic" Kind="AIFF File" Size="80972098" TotalTime="457" DiscNumber="0" TrackNumber="3" Year="2017" AverageBpm="122.00" DateAdded="2021-03-20" BitRate="1411" SampleRate="44100" Comments="12A - 6" PlayCount="1" Rating="0" Location="file://localhost/Users/zachvp/Music/DJ/9737415_We_Didn%27t_Talk_For_A_While_(Original_Mix).aiff" Remixer="" Tonality="12A" Label="fryhide" Mix="">
      <TEMPO Inizio="0.065" Bpm="122.00" Metro="4/4" Battito="1" />
    </TRACK>
    <TRACK TrackID="262864930" Name="Cenote (Original Mix)" Artist="Leafar Legov" Composer="" Album="Avocado Dreams" Grouping="" Genre="House/Deep/Tech/Spacey" Kind="AIFF File" Size="94899072" TotalTime="537" DiscNumber="0" TrackNumber="1" Year="2016" AverageBpm="120.00" DateAdded="2021-03-20" BitRate="1411" SampleRate="44100" Comments="6A - 5" PlayCount="2" Rating="0" Location="file://localhost/Users/zachvp/Music/DJ/8295758_Cenote_(Original_Mix).aiff" Remixer="" Tonality="6A" Label="KANN" Mix="">
      <TEMPO Inizio="0.170" Bpm="120.00" Metro="4/4" Battito="1" />
      <TEMPO Inizio="174.671" Bpm="120.00" Metro="4/4" Battito="2" />
      <TEMPO Inizio="175.170" Bpm="120.00" Metro="4/4" Battito="3" />
      <TEMPO Inizio="175.671" Bpm="120.00" Metro="4/4" Battito="4" />
      <TEMPO Inizio="176.170" Bpm="120.00" Metro="4/4" Battito="1" />
      <TEMPO Inizio="176.671" Bpm="120.00" Metro="4/4" Battito="2" />
      <TEMPO Inizio="177.170" Bpm="120.00" Metro="4/4" Battito="3" />
      <TEMPO Inizio="177.671" Bpm="120.00" Metro="4/4" Battito="4" />
      <TEMPO Inizio="178.170" Bpm="120.00" Metro="4/4" Battito="1" />
      <TEMPO Inizio="178.671" Bpm="120.00" Metro="4/4" Battito="2" />
      <TEMPO Inizio="179.170" Bpm="120.00" Metro="4/4" Battito="3" />
      <TEMPO Inizio="179.671" Bpm="120.00" Metro="4/4" Battito="4" />
      <TEMPO Inizio="180.170" Bpm="120.00" Metro="4/4" Battito="1" />
      <TEMPO Inizio="180.671" Bpm="120.00" Metro="4/4" Battito="2" />
      <TEMPO Inizio="181.170" Bpm="120.00" Metro="4/4" Battito="3" />
      <TEMPO Inizio="181.671" Bpm="120.00" Metro="4/4" Battito="4" />
      <TEMPO Inizio="182.170" Bpm="120.00" Metro="4/4" Battito="1" />
      <TEMPO Inizio="182.671" Bpm="120.00" Metro="4/4" Battito="2" />
      <TEMPO Inizio="183.170" Bpm="120.00" Metro="4/4" Battito="3" />
      <TEMPO Inizio="183.671" Bpm="120.00" Metro="4/4" Battito="4" />
      <TEMPO Inizio="184.170" Bpm="120.00" Metro="4/4" Battito="1" />
      <TEMPO Inizio="184.671" Bpm="120.00" Metro="4/4" Battito="2" />
      <TEMPO Inizio="185.170" Bpm="120.00" Metro="4/4" Battito="3" />
      <TEMPO Inizio="185.671" Bpm="120.00" Metro="4/4" Battito="4" />
      <TEMPO Inizio="186.170" Bpm="120.00" Metro="4/4" Battito="1" />
      <TEMPO Inizio="186.671" Bpm="120.00" Metro="4/4" Battito="2" />
      <TEMPO Inizio="187.170" Bpm="120.00" Metro="4/4" Battito="3" />
      <TEMPO Inizio="187.671" Bpm="120.00" Metro="4/4" Battito="4" />
      <TEMPO Inizio="188.170" Bpm="120.00" Metro="4/4" Battito="1" />
      <TEMPO Inizio="188.671" Bpm="120.00" Metro="4/4" Battito="2" />
      <TEMPO Inizio="189.170" Bpm="120.00" Metro="4/4" Battito="3" />
      <TEMPO Inizio="189.671" Bpm="120.00" Metro="4/4" Battito="4" />
      <TEMPO Inizio="190.170" Bpm="120.00" Metro="4/4" Battito="1" />
      <TEMPO Inizio="190.671" Bpm="120.00" Metro="4/4" Battito="2" />
      <TEMPO Inizio="191.170" Bpm="120.00" Metro="4/4" Battito="3" />
      <TEMPO Inizio="191.671" Bpm="120.00" Metro="4/4" Battito="4" />
    </TRACK>
    <TRACK TrackID="237107054" Name="Thousand And Two Nights (Original Mix)" Artist="Kymatik" Composer="" Album="Thousand And Two Nights" Grouping="" Genre="House/Deep/Melodic" Kind="AIFF File" Size="77249410" TotalTime="436" DiscNumber="0" TrackNumber="1" Year="2017" AverageBpm="120.00" DateAdded="2021-03-20" BitRate="1411" SampleRate="44100" Comments="11A - 5" PlayCount="1" Rating="0" Location="file://localhost/Users/zachvp/Music/DJ/9813747_Thousand_And_Two_Nights_(Original_Mix).aiff" Remixer="" Tonality="11A" Label="MNL" Mix="">
      <TEMPO Inizio="0.004" Bpm="120.00" Metro="4/4" Battito="1" />
    </TRACK>
    <TRACK TrackID="219892847" Name="AA (Original Mix)" Artist="Janice" Composer="" Album="JANICE4" Grouping="" Genre="House/Techno/Downtempo" Kind="AIFF File" Size="82089282" TotalTime="464" DiscNumber="0" TrackNumber="1" Year="2018" AverageBpm="128.00" DateAdded="2021-03-20" BitRate="1411" SampleRate="44100" Comments="4A - 4" PlayCount="1" Rating="0" Location="file://localhost/Users/zachvp/Music/DJ/10407718_AA_(Original_Mix).aiff" Remixer="" Tonality="4A" Label="Janice" Mix="">
      <TEMPO Inizio="0.002" Bpm="128.00" Metro="4/4" Battito="1" />
    </TRACK>
    <TRACK TrackID="240141697" Name="Aussi (DAVI Remix)" Artist="Magit Cacoon" Composer="" Album="History In The Makin'" Grouping="" Genre="House/Deep/Tech/" Kind="AIFF File" Size="79066774" TotalTime="445" DiscNumber="0" TrackNumber="3" Year="2018" AverageBpm="123.00" DateAdded="2021-03-20" BitRate="1411" SampleRate="44100" Comments="10A - 6" PlayCount="2" Rating="0" Location="file://localhost/Users/zachvp/Music/DJ/10424195_Aussi_(DAVI_Remix).aiff" Remixer="" Tonality="10A" Label="Rebellion" Mix="">
      <TEMPO Inizio="0.001" Bpm="123.00" Metro="4/4" Battito="1" />
    </TRACK>
    <TRACK TrackID="227856281" Name="Trajectory (Original Mix)" Artist="Juheun" Composer="" Album="Sian Presents Octopus100" Grouping="" Genre="House/Techno/" Kind="AIFF File" Size="71709628" TotalTime="404" DiscNumber="0" TrackNumber="9" Year="2016" AverageBpm="125.00" DateAdded="2021-03-20" BitRate="1411" SampleRate="44100" Comments="7A - 6" PlayCount="1" Rating="0" Location="file://localhost/Users/zachvp/Music/DJ/8579635_Trajectory_(Original_Mix).aiff" Remixer="" Tonality="7A" Label="Octopus Records" Mix="">
      <TEMPO Inizio="0.000" Bpm="125.00" Metro="4/4" Battito="3" />
      <TEMPO Inizio="131.521" Bpm="125.00" Metro="4/4" Battito="1" />
    </TRACK>
    <TRACK TrackID="92930337" Name="Interstate 10 (Original Mix)" Artist="Agents Of Time" Composer="" Album="Music Made Paradise" Grouping="" Genre="House/Tech/Indie/Retro" Kind="AIFF File" Size="76622952" TotalTime="433" DiscNumber="0" TrackNumber="4" Year="2020" AverageBpm="124.00" DateAdded="2021-03-20" BitRate="1411" SampleRate="44100" Comments="8A - 6" PlayCount="1" Rating="0" Location="file://localhost/Users/zachvp/Music/DJ/13296646_Interstate_10_(Original_Mix).aiff" Remixer="" Tonality="8A" Label="Kompakt" Mix="">
      <TEMPO Inizio="0.054" Bpm="124.00" Metro="4/4" Battito="1" />
      <POSITION_MARK Name="" Type="0" Start="31.010" Num="-1" />
      <POSITION_MARK Name="" Type="0" Start="156.828" Num="-1" />
      <POSITION_MARK Name="" Type="0" Start="185.867" Num="-1" />
      <POSITION_MARK Name="" Type="0" Start="309.729" Num="-1" />
      <POSITION_MARK Name="" Type="0" Start="372.616" Num="-1" />
    </TRACK>
    <TRACK TrackID="225273317" Name="Abandoned Soul (Recondite Remix)" Artist="Jimi Jules" Composer="" Album="Midnight Juggernaut EP" Grouping="" Genre="House/Techno/Downtempo" Kind="AIFF File" Size="74861384" TotalTime="423" DiscNumber="0" TrackNumber="2" Year="2018" AverageBpm="123.00" DateAdded="2021-03-20" BitRate="1411" SampleRate="44100" Comments="8A - 4" PlayCount="0" Rating="0" Location="file://localhost/Users/zachvp/Music/DJ/10614253_Abandoned_Soul_(Recondite_Remix).aiff" Remixer="" Tonality="8A" Label="Watergate Records" Mix="">
      <TEMPO Inizio="0.072" Bpm="123.00" Metro="4/4" Battito="1" />
    </TRACK>
    <TRACK TrackID="257209389" Name="Every Electron (Original Mix)" Artist="Nyra" Composer="" Album="CANOE12" Grouping="" Genre="House/Tech/Indie/Retro" Kind="AIFF File" Size="58723016" TotalTime="332" DiscNumber="0" TrackNumber="2" Year="2020" AverageBpm="128.00" DateAdded="2021-03-20" BitRate="1411" SampleRate="44100" Comments="8A - 6" PlayCount="1" Rating="0" Location="file://localhost/Users/zachvp/Music/DJ/13057114_Every_Electron_(Original_Mix).aiff" Remixer="" Tonality="8A" Label="Canoe" Mix="">
      <TEMPO Inizio="0.055" Bpm="128.00" Metro="4/4" Battito="1" />
    </TRACK>
    <TRACK TrackID="197468640" Name="Love on 26 (Original Mix)" Artist="Miss Kittin &amp; The Hacker, The Hacker, Miss Kittin" Composer="" Album="Lost Tracks, Vol. 2" Grouping="" Genre="House/Tech/Breaks" Kind="AIFF File" Size="55983170" TotalTime="317" DiscNumber="0" TrackNumber="2" Year="2018" AverageBpm="132.81" DateAdded="2021-03-20" BitRate="1411" SampleRate="44100" Comments="5A - 7" PlayCount="0" Rating="0" Location="file://localhost/Users/zachvp/Music/DJ/10712855_Love_on_26_(Original_Mix).aiff" Remixer="" Tonality="5A" Label="Nobody's Bizzness" Mix="">
      <TEMPO Inizio="0.369" Bpm="132.81" Metro="4/4" Battito="1" />
    </TRACK>
    <TRACK TrackID="210865128" Name="Pwr Whoop (Original Mix)" Artist="Metaboman" Composer="" Album="Cucumagic" Grouping="" Genre="House/Techno/Downtempo" Kind="AIFF File" Size="58527184" TotalTime="331" DiscNumber="0" TrackNumber="1" Year="2018" AverageBpm="122.00" DateAdded="2021-03-20" BitRate="1411" SampleRate="44100" Comments="5A - 6" PlayCount="0" Rating="0" Location="file://localhost/Users/zachvp/Music/DJ/6724655_Pwr_Whoop_(Original_Mix).aiff" Remixer="" Tonality="5A" Label="Musik Krause" Mix="">
      <TEMPO Inizio="0.110" Bpm="122.00" Metro="4/4" Battito="1" />
    </TRACK>
    <TRACK TrackID="20288433" Name="Come On (Original Mix)" Artist="Javi Mula" Composer="" Album="The Face Of Ibiza" Grouping="" Genre="House/Tech/Indie/Retro" Kind="AIFF File" Size="69157148" TotalTime="391" DiscNumber="0" TrackNumber="2" Year="2009" AverageBpm="128.00" DateAdded="2021-03-20" BitRate="1411" SampleRate="44100" Comments="8A - 6" PlayCount="2" Rating="0" Location="file://localhost/Users/zachvp/Music/DJ/921516_Come_On_(Original_Mix).aiff" Remixer="" Tonality="8A" Label="Vendetta Records" Mix="">
      <TEMPO Inizio="0.006" Bpm="128.00" Metro="4/4" Battito="1" />
    </TRACK>
    <TRACK TrackID="23400019" Name="Glow (Original Mix)" Artist="CIREZ D" Composer="" Album="Glow" Grouping="" Genre="House/Techno/Downtempo" Kind="AIFF File" Size="98518582" TotalTime="557" DiscNumber="0" TrackNumber="1" Year="2010" AverageBpm="128.00" DateAdded="2021-03-20" BitRate="1411" SampleRate="44100" Comments="2A - 6" PlayCount="2" Rating="0" Location="file://localhost/Users/zachvp/Music/DJ/1072359_Glow_(Original_Mix).aiff" Remixer="" Tonality="2A" Label="Mouseville" Mix="">
      <TEMPO Inizio="0.085" Bpm="128.00" Metro="4/4" Battito="1" />
    </TRACK>
    <TRACK TrackID="43580355" Name="Devotion To (Original Mix)" Artist="LK" Composer="" Album="Shall Not Fade - 3 Years of Dancing" Grouping="" Genre="House/Deep/Tech/Spacey" Kind="AIFF File" Size="136162534" TotalTime="769" DiscNumber="0" TrackNumber="51" Year="2018" AverageBpm="127.00" DateAdded="2021-03-20" BitRate="1411" SampleRate="44100" Comments="6A - 6" PlayCount="3" Rating="0" Location="file://localhost/Users/zachvp/Music/DJ/12303559_Devotion_To_(Original_Mix).aiff" Remixer="" Tonality="6A" Label="Shall Not Fade" Mix="">
      <TEMPO Inizio="0.454" Bpm="127.00" Metro="4/4" Battito="2" />
      <TEMPO Inizio="0.927" Bpm="127.00" Metro="4/4" Battito="3" />
      <TEMPO Inizio="128.959" Bpm="127.00" Metro="4/4" Battito="2" />
      <TEMPO Inizio="365.180" Bpm="127.00" Metro="4/4" Battito="2" />
      <TEMPO Inizio="613.212" Bpm="127.00" Metro="4/4" Battito="3" />
      <POSITION_MARK Name="" Type="0" Start="1.867" Num="-1" />
    </TRACK>
    <TRACK TrackID="201139841" Name="Roda feat. Simon Batten (Sweet Mix)" Artist="Glowal" Composer="" Album="Roda remixes (feat. Simon Batten)" Grouping="" Genre="House/Tech/Indie/" Kind="AIFF File" Size="82602338" TotalTime="468" DiscNumber="0" TrackNumber="1" Year="2020" AverageBpm="120.00" DateAdded="2021-03-25" BitRate="1411" SampleRate="44100" Comments="9A - 6" PlayCount="0" Rating="0" Location="file://localhost/Users/zachvp/Music/DJ/13707947_Roda_feat._Simon_Batten_(Sweet_Mix).aiff" Remixer="" Tonality="9A" Label="Sapiens" Mix="">
      <TEMPO Inizio="0.000" Bpm="120.00" Metro="4/4" Battito="1" />
      <TEMPO Inizio="357.499" Bpm="120.00" Metro="4/4" Battito="4" />
      <POSITION_MARK Name="" Type="0" Start="128.005" Num="-1" />
    </TRACK>
    <TRACK TrackID="70386486" Name="ProtoVision (Original Mix)" Artist="Kavinsky" Composer="" Album="ProtoVision" Grouping="" Genre="Lounge/Indie" Kind="AIFF File" Size="36444314" TotalTime="206" DiscNumber="0" TrackNumber="1" Year="2013" AverageBpm="110.00" DateAdded="2021-03-25" BitRate="1411" SampleRate="44100" Comments="2A - 7" PlayCount="0" Rating="0" Location="file://localhost/Users/zachvp/Music/DJ/5030844_ProtoVision_(Original_Mix).aiff" Remixer="" Tonality="2A" Label="Island France" Mix="">
      <TEMPO Inizio="0.523" Bpm="110.00" Metro="4/4" Battito="4" />
      <TEMPO Inizio="1.069" Bpm="110.00" Metro="4/4" Battito="1" />
      <TEMPO Inizio="157.615" Bpm="110.00" Metro="4/4" Battito="4" />
    </TRACK>
    <TRACK TrackID="45098808" Name="Hoping (Matthew Herbert's High Dub)" Artist="Louie Austen" Composer="" Album="Hoping (Mixes)" Grouping="" Genre="House/Deep/Tech/Jazzy" Kind="AIFF File" Size="69508138" TotalTime="393" DiscNumber="0" TrackNumber="1" Year="2021" AverageBpm="124.01" DateAdded="2021-03-25" BitRate="1411" SampleRate="44100" Comments="9A - 7" PlayCount="0" Rating="0" Location="file://localhost/Users/zachvp/Music/DJ/14703154_Hoping_(Matthew_Herbert%27s_High_Dub).aiff" Remixer="" Tonality="9A" Label="Cheap Classics" Mix="">
      <TEMPO Inizio="0.046" Bpm="124.01" Metro="4/4" Battito="1" />
      <POSITION_MARK Name="" Type="0" Start="121.976" Num="-1" />
    </TRACK>
    <TRACK TrackID="259911326" Name="Maximum" Artist="Scattle" Composer="" Album="Streets of Rage 4" Grouping="" Genre="OST" Kind="AIFF File" Size="49871742" TotalTime="187" DiscNumber="0" TrackNumber="25" Year="2020" AverageBpm="124.00" DateAdded="2021-03-30" BitRate="2116" SampleRate="44100" Comments="7A - 7" PlayCount="0" Rating="0" Location="file://localhost/Users/zachvp/Music/DJ/Scattle%20-%20Streets%20of%20Rage%204%20-%2025%20Maximum.aiff" Remixer="" Tonality="7A" Label="" Mix="">
      <TEMPO Inizio="0.083" Bpm="124.00" Metro="4/4" Battito="1" />
    </TRACK>
    <TRACK TrackID="186430218" Name="Ghost Fair" Artist="Olivier Deriviere" Composer="" Album="Streets of Rage 4" Grouping="" Genre="OST" Kind="AIFF File" Size="66795224" TotalTime="251" DiscNumber="0" TrackNumber="12" Year="2020" AverageBpm="125.00" DateAdded="2021-03-30" BitRate="2116" SampleRate="44100" Comments="5A - 7" PlayCount="0" Rating="0" Location="file://localhost/Users/zachvp/Music/DJ/Olivier%20Deriviere%20-%20Streets%20of%20Rage%204%20-%2012%20Ghost%20Fair.aiff" Remixer="" Tonality="5A" Label="" Mix="">
      <TEMPO Inizio="0.093" Bpm="125.00" Metro="4/4" Battito="1" />
    </TRACK>
    <TRACK TrackID="143162159" Name="Overflow" Artist="Groundislava" Composer="" Album="Streets of Rage 4" Grouping="" Genre="OST" Kind="AIFF File" Size="55845894" TotalTime="210" DiscNumber="0" TrackNumber="6" Year="2020" AverageBpm="120.00" DateAdded="2021-03-30" BitRate="2116" SampleRate="44100" Comments="9A - 6" PlayCount="0" Rating="0" Location="file://localhost/Users/zachvp/Music/DJ/Groundislava%20-%20Streets%20of%20Rage%204%20-%2006%20Overflow.aiff" Remixer="" Tonality="9A" Label="" Mix="">
      <TEMPO Inizio="0.100" Bpm="120.00" Metro="4/4" Battito="1" />
    </TRACK>
    <TRACK TrackID="209480759" Name="The Storm Boat" Artist="Olivier Deriviere" Composer="" Album="Streets of Rage 4" Grouping="" Genre="OST" Kind="AIFF File" Size="56987710" TotalTime="214" DiscNumber="0" TrackNumber="10" Year="2020" AverageBpm="146.33" DateAdded="2021-03-30" BitRate="2116" SampleRate="44100" Comments="8A - 7" PlayCount="0" Rating="0" Location="file://localhost/Users/zachvp/Music/DJ/Olivier%20Deriviere%20-%20Streets%20of%20Rage%204%20-%2010%20The%20Storm%20Boat.aiff" Remixer="" Tonality="8A" Label="" Mix="">
      <TEMPO Inizio="0.117" Bpm="146.33" Metro="4/4" Battito="1" />
      <TEMPO Inizio="33.328" Bpm="146.33" Metro="4/4" Battito="2" />
      <TEMPO Inizio="33.739" Bpm="146.33" Metro="4/4" Battito="3" />
      <TEMPO Inizio="53.009" Bpm="146.33" Metro="4/4" Battito="2" />
      <TEMPO Inizio="53.420" Bpm="146.33" Metro="4/4" Battito="3" />
      <TEMPO Inizio="73.920" Bpm="146.33" Metro="4/4" Battito="1" />
      <TEMPO Inizio="74.331" Bpm="146.33" Metro="4/4" Battito="2" />
      <TEMPO Inizio="114.103" Bpm="146.33" Metro="4/4" Battito="3" />
      <TEMPO Inizio="134.603" Bpm="146.33" Metro="4/4" Battito="1" />
      <TEMPO Inizio="135.014" Bpm="146.33" Metro="4/4" Battito="2" />
      <TEMPO Inizio="154.284" Bpm="146.33" Metro="4/4" Battito="1" />
      <TEMPO Inizio="155.105" Bpm="146.33" Metro="4/4" Battito="3" />
      <TEMPO Inizio="194.877" Bpm="146.33" Metro="4/4" Battito="4" />
      <TEMPO Inizio="195.286" Bpm="146.33" Metro="4/4" Battito="1" />
      <TEMPO Inizio="195.697" Bpm="146.33" Metro="4/4" Battito="2" />
    </TRACK>
    <TRACK TrackID="165214906" Name="DJ Kwashi" Artist="Motohiro Kawashima" Composer="" Album="Streets of Rage 4" Grouping="" Genre="OST" Kind="AIFF File" Size="43764602" TotalTime="164" DiscNumber="0" TrackNumber="27" Year="2020" AverageBpm="124.00" DateAdded="2021-03-30" BitRate="2116" SampleRate="44100" Comments="3A - 8" PlayCount="0" Rating="0" Location="file://localhost/Users/zachvp/Music/DJ/Motohiro%20Kawashima%20-%20Streets%20of%20Rage%204%20-%2027%20DJ%20Kwashi.aiff" Remixer="" Tonality="3A" Label="" Mix="">
      <TEMPO Inizio="0.115" Bpm="124.00" Metro="4/4" Battito="1" />
    </TRACK>
    <TRACK TrackID="110943792" Name="Estel: Round 1" Artist="Harumi Fujita" Composer="" Album="Streets of Rage 4" Grouping="" Genre="OST" Kind="AIFF File" Size="26624406" TotalTime="99" DiscNumber="0" TrackNumber="13" Year="2020" AverageBpm="139.99" DateAdded="2021-03-30" BitRate="2116" SampleRate="44100" Comments="8A - 7" PlayCount="0" Rating="0" Location="file://localhost/Users/zachvp/Music/DJ/Harumi%20Fujita%20-%20Streets%20of%20Rage%204%20-%2013%20Estel-%20Round%201.aiff" Remixer="" Tonality="8A" Label="" Mix="">
      <TEMPO Inizio="0.311" Bpm="139.99" Metro="4/4" Battito="1" />
    </TRACK>
    <TRACK TrackID="100159135" Name="An Exhibition" Artist="Olivier Deriviere" Composer="" Album="Streets of Rage 4" Grouping="" Genre="OST" Kind="AIFF File" Size="40341322" TotalTime="151" DiscNumber="0" TrackNumber="22" Year="2020" AverageBpm="123.00" DateAdded="2021-03-30" BitRate="2116" SampleRate="44100" Comments="9A - 6" PlayCount="0" Rating="0" Location="file://localhost/Users/zachvp/Music/DJ/Olivier%20Deriviere%20-%20Streets%20of%20Rage%204%20-%2022%20An%20Exhibition.aiff" Remixer="" Tonality="9A" Label="" Mix="">
      <TEMPO Inizio="0.098" Bpm="123.00" Metro="4/4" Battito="1" />
    </TRACK>
    <TRACK TrackID="89590149" Name="Estel: Round 2" Artist="Harumi Fujita" Composer="" Album="Streets of Rage 4" Grouping="" Genre="OST" Kind="AIFF File" Size="73605396" TotalTime="277" DiscNumber="0" TrackNumber="21" Year="2020" AverageBpm="140.00" DateAdded="2021-03-30" BitRate="1411" SampleRate="44100" Comments="8A - 7" PlayCount="0" Rating="0" Location="file://localhost/Users/zachvp/Music/DJ/Harumi%20Fujita%20-%20Streets%20of%20Rage%204%20-%2021%20Estel-%20Round%202.aiff" Remixer="" Tonality="8A" Label="" Mix="">
      <TEMPO Inizio="0.100" Bpm="140.00" Metro="4/4" Battito="1" />
    </TRACK>
    <TRACK TrackID="13179148" Name="Nightcall" Artist="Kavinsky" Composer="" Album="Nightcall EP" Grouping="" Genre="Lounge/Indie" Kind="AIFF File" Size="46107826" TotalTime="260" DiscNumber="0" TrackNumber="1" Year="2010" AverageBpm="91.00" DateAdded="2021-03-30" BitRate="1411" SampleRate="44100" Comments="8A - 6" PlayCount="0" Rating="0" Location="file://localhost/Users/zachvp/Music/DJ/Kavinsky%20-%20Nightcall%20EP%20-%2001%20Nightcall.aiff" Remixer="" Tonality="8A" Label="" Mix="">
      <TEMPO Inizio="0.504" Bpm="91.00" Metro="4/4" Battito="4" />
    </TRACK>
    <TRACK TrackID="4733187" Name="Staff Roll" Artist="Motohiro Kawashima" Composer="" Album="Streets of Rage 4" Grouping="" Genre="House/Tech/Indie/Retro" Kind="AIFF File" Size="20408202" TotalTime="76" DiscNumber="0" TrackNumber="34" Year="2020" AverageBpm="93.00" DateAdded="2021-03-30" BitRate="2116" SampleRate="44100" Comments="8A - 3" PlayCount="0" Rating="0" Location="file://localhost/Users/zachvp/Music/DJ/Motohiro%20Kawashima%20-%20Streets%20of%20Rage%204%20-%2034%20Staff%20Roll.aiff" Remixer="" Tonality="8A" Label="" Mix="">
      <TEMPO Inizio="0.102" Bpm="93.00" Metro="4/4" Battito="1" />
    </TRACK>
    <TRACK TrackID="57897535" Name="Next Of Kin Showdown" Artist="Das Mörtal" Composer="" Album="Streets of Rage 4" Grouping="" Genre="House/Tech/Indie/Retro" Kind="AIFF File" Size="53276716" TotalTime="200" DiscNumber="0" TrackNumber="33" Year="2020" AverageBpm="142.00" DateAdded="2021-03-30" BitRate="2116" SampleRate="44100" Comments="12A - 6" PlayCount="3" Rating="0" Location="file://localhost/Users/zachvp/Music/DJ/Das%20M%c3%b6rtal%20-%20Streets%20of%20Rage%204%20-%2033%20Next%20Of%20Kin%20Showdown.aiff" Remixer="" Tonality="12A" Label="" Mix="">
      <TEMPO Inizio="0.070" Bpm="142.00" Metro="4/4" Battito="1" />
    </TRACK>
    <TRACK TrackID="235489012" Name="Chow Time" Artist="Olivier Deriviere" Composer="" Album="Streets of Rage 4" Grouping="" Genre="House/Tech/Indie/Retro" Kind="AIFF File" Size="38642790" TotalTime="145" DiscNumber="0" TrackNumber="17" Year="2020" AverageBpm="144.00" DateAdded="2021-03-30" BitRate="2116" SampleRate="44100" Comments="10A - 7" PlayCount="0" Rating="0" Location="file://localhost/Users/zachvp/Music/DJ/Olivier%20Deriviere%20-%20Streets%20of%20Rage%204%20-%2017%20Chow%20Time.aiff" Remixer="" Tonality="10A" Label="" Mix="">
      <TEMPO Inizio="0.056" Bpm="144.00" Metro="4/4" Battito="3" />
    </TRACK>
    <TRACK TrackID="160753659" Name="Pacific Coast Highway" Artist="Kavinsky" Composer="" Album="Nightcall EP" Grouping="" Genre="House/Tech/Indie/Retro" Kind="AIFF File" Size="61106544" TotalTime="345" DiscNumber="0" TrackNumber="2" Year="2010" AverageBpm="120.00" DateAdded="2021-03-30" BitRate="1411" SampleRate="44100" Comments="5A - 7" PlayCount="1" Rating="0" Location="file://localhost/Users/zachvp/Music/DJ/Kavinsky%20-%20Nightcall%20EP%20-%2002%20Pacific%20Coast%20Highway.aiff" Remixer="" Tonality="5A" Label="" Mix="">
      <TEMPO Inizio="0.199" Bpm="120.00" Metro="4/4" Battito="1" />
      <TEMPO Inizio="40.698" Bpm="120.00" Metro="4/4" Battito="2" />
      <TEMPO Inizio="41.199" Bpm="120.00" Metro="4/4" Battito="3" />
      <TEMPO Inizio="41.698" Bpm="120.00" Metro="4/4" Battito="4" />
      <TEMPO Inizio="42.199" Bpm="120.00" Metro="4/4" Battito="1" />
      <TEMPO Inizio="42.698" Bpm="120.00" Metro="4/4" Battito="2" />
      <TEMPO Inizio="43.199" Bpm="120.00" Metro="4/4" Battito="3" />
      <TEMPO Inizio="43.698" Bpm="120.00" Metro="4/4" Battito="4" />
      <TEMPO Inizio="113.697" Bpm="120.00" Metro="4/4" Battito="4" />
      <TEMPO Inizio="114.198" Bpm="120.00" Metro="4/4" Battito="1" />
      <TEMPO Inizio="114.697" Bpm="120.00" Metro="4/4" Battito="2" />
      <TEMPO Inizio="115.198" Bpm="120.00" Metro="4/4" Battito="3" />
      <TEMPO Inizio="115.697" Bpm="120.00" Metro="4/4" Battito="4" />
      <TEMPO Inizio="116.198" Bpm="120.00" Metro="4/4" Battito="1" />
      <TEMPO Inizio="116.697" Bpm="120.00" Metro="4/4" Battito="2" />
      <TEMPO Inizio="186.696" Bpm="120.00" Metro="4/4" Battito="2" />
      <TEMPO Inizio="187.197" Bpm="120.00" Metro="4/4" Battito="3" />
      <TEMPO Inizio="187.696" Bpm="120.00" Metro="4/4" Battito="4" />
      <TEMPO Inizio="188.197" Bpm="120.00" Metro="4/4" Battito="1" />
      <TEMPO Inizio="188.696" Bpm="120.00" Metro="4/4" Battito="2" />
      <TEMPO Inizio="189.197" Bpm="120.00" Metro="4/4" Battito="3" />
      <TEMPO Inizio="189.696" Bpm="120.00" Metro="4/4" Battito="4" />
      <TEMPO Inizio="259.695" Bpm="120.00" Metro="4/4" Battito="4" />
      <TEMPO Inizio="260.196" Bpm="120.00" Metro="4/4" Battito="1" />
      <TEMPO Inizio="260.695" Bpm="120.00" Metro="4/4" Battito="2" />
      <TEMPO Inizio="261.196" Bpm="120.00" Metro="4/4" Battito="3" />
      <TEMPO Inizio="261.695" Bpm="120.00" Metro="4/4" Battito="4" />
      <TEMPO Inizio="262.196" Bpm="120.00" Metro="4/4" Battito="1" />
      <TEMPO Inizio="262.695" Bpm="120.00" Metro="4/4" Battito="2" />
      <TEMPO Inizio="332.694" Bpm="120.00" Metro="4/4" Battito="2" />
      <TEMPO Inizio="333.195" Bpm="120.00" Metro="4/4" Battito="3" />
      <TEMPO Inizio="333.694" Bpm="120.00" Metro="4/4" Battito="4" />
      <TEMPO Inizio="334.195" Bpm="120.00" Metro="4/4" Battito="1" />
      <TEMPO Inizio="334.694" Bpm="120.00" Metro="4/4" Battito="2" />
      <TEMPO Inizio="335.195" Bpm="120.00" Metro="4/4" Battito="3" />
      <TEMPO Inizio="335.694" Bpm="120.00" Metro="4/4" Battito="4" />
    </TRACK>
    <TRACK TrackID="56708105" Name="Do Joe" Artist="Olivier Deriviere" Composer="" Album="Streets of Rage 4" Grouping="" Genre="OST" Kind="AIFF File" Size="51298484" TotalTime="193" DiscNumber="0" TrackNumber="18" Year="2020" AverageBpm="117.00" DateAdded="2021-03-30" BitRate="1411" SampleRate="44100" Comments="7A - 8" PlayCount="0" Rating="0" Location="file://localhost/Users/zachvp/Music/DJ/Olivier%20Deriviere%20-%20Streets%20of%20Rage%204%20-%2018%20Do%20Joe.aiff" Remixer="" Tonality="7A" Label="" Mix="" />
    <TRACK TrackID="58436990" Name="Barbon" Artist="Motohiro Kawashima" Composer="" Album="Streets of Rage 4" Grouping="" Genre="OST" Kind="AIFF File" Size="33073594" TotalTime="124" DiscNumber="0" TrackNumber="16" Year="2020" AverageBpm="156.00" DateAdded="2021-03-30" BitRate="2116" SampleRate="44100" Comments="6A - 7" PlayCount="0" Rating="0" Location="file://localhost/Users/zachvp/Music/DJ/Motohiro%20Kawashima%20-%20Streets%20of%20Rage%204%20-%2016%20Barbon.aiff" Remixer="" Tonality="6A" Label="" Mix="">
      <TEMPO Inizio="0.099" Bpm="156.00" Metro="4/4" Battito="1" />
    </TRACK>
    <TRACK TrackID="63571496" Name="Funky HQ" Artist="Olivier Deriviere" Composer="" Album="Streets of Rage 4" Grouping="" Genre="OST" Kind="AIFF File" Size="42897628" TotalTime="161" DiscNumber="0" TrackNumber="8" Year="2020" AverageBpm="140.00" DateAdded="2021-03-30" BitRate="2116" SampleRate="44100" Comments="3A - 7" PlayCount="0" Rating="0" Location="file://localhost/Users/zachvp/Music/DJ/Olivier%20Deriviere%20-%20Streets%20of%20Rage%204%20-%2008%20Funky%20HQ.aiff" Remixer="" Tonality="3A" Label="" Mix="">
      <TEMPO Inizio="0.098" Bpm="140.00" Metro="4/4" Battito="1" />
    </TRACK>
    <TRACK TrackID="85093867" Name="It's Extra" Artist="Motohiro Kawashima" Composer="" Album="Streets of Rage 4" Grouping="" Genre="OST" Kind="AIFF File" Size="34699554" TotalTime="130" DiscNumber="0" TrackNumber="35" Year="2020" AverageBpm="114.00" DateAdded="2021-03-30" BitRate="2116" SampleRate="44100" Comments="4A - 6" PlayCount="0" Rating="0" Location="file://localhost/Users/zachvp/Music/DJ/Motohiro%20Kawashima%20-%20Streets%20of%20Rage%204%20-%2035%20It%27s%20Extra.aiff" Remixer="" Tonality="4A" Label="" Mix="">
      <TEMPO Inizio="0.107" Bpm="114.00" Metro="4/4" Battito="1" />
      <TEMPO Inizio="0.634" Bpm="114.00" Metro="4/4" Battito="2" />
    </TRACK>
    <TRACK TrackID="67907860" Name="Rising Up" Artist="Olivier Deriviere" Composer="" Album="Streets of Rage 4" Grouping="" Genre="OST" Kind="AIFF File" Size="86434186" TotalTime="325" DiscNumber="0" TrackNumber="24" Year="2020" AverageBpm="130.00" DateAdded="2021-03-30" BitRate="2116" SampleRate="44100" Comments="6A - 7" PlayCount="0" Rating="0" Location="file://localhost/Users/zachvp/Music/DJ/Olivier%20Deriviere%20-%20Streets%20of%20Rage%204%20-%2024%20Rising%20Up.aiff" Remixer="" Tonality="6A" Label="" Mix="">
      <TEMPO Inizio="0.099" Bpm="130.00" Metro="4/4" Battito="1" />
    </TRACK>
    <TRACK TrackID="147309658" Name="Pacific Coast Highway (Jackson Remix)" Artist="Kavinsky" Composer="" Album="Nightcall EP" Grouping="" Genre="zzz" Kind="AIFF File" Size="89123578" TotalTime="504" DiscNumber="0" TrackNumber="4" Year="2010" AverageBpm="130.00" DateAdded="2021-03-30" BitRate="1411" SampleRate="44100" Comments="5A - 8" PlayCount="0" Rating="0" Location="file://localhost/Users/zachvp/Music/DJ/Kavinsky%20-%20Nightcall%20EP%20-%2004%20Pacific%20Coast%20Highway%20(Jackson%20Remix).aiff" Remixer="" Tonality="5A" Label="" Mix="">
      <TEMPO Inizio="0.188" Bpm="130.00" Metro="4/4" Battito="1" />
    </TRACK>
    <TRACK TrackID="73667182" Name="Nora" Artist="Keiji Yamagishi" Composer="" Album="Streets of Rage 4" Grouping="" Genre="OST" Kind="AIFF File" Size="82694984" TotalTime="311" DiscNumber="0" TrackNumber="11" Year="2020" AverageBpm="119.00" DateAdded="2021-03-30" BitRate="2116" SampleRate="44100" Comments="8A - 8" PlayCount="0" Rating="0" Location="file://localhost/Users/zachvp/Music/DJ/Keiji%20Yamagishi%20-%20Streets%20of%20Rage%204%20-%2011%20Nora.aiff" Remixer="" Tonality="8A" Label="" Mix="">
      <TEMPO Inizio="0.104" Bpm="119.00" Metro="4/4" Battito="1" />
    </TRACK>
    <TRACK TrackID="40608881" Name="Aphex Train" Artist="Olivier Deriviere" Composer="" Album="Streets of Rage 4" Grouping="" Genre="OST" Kind="AIFF File" Size="41701394" TotalTime="156" DiscNumber="0" TrackNumber="20" Year="2020" AverageBpm="93.93" DateAdded="2021-03-30" BitRate="2116" SampleRate="44100" Comments="7A - 7" PlayCount="0" Rating="0" Location="file://localhost/Users/zachvp/Music/DJ/Olivier%20Deriviere%20-%20Streets%20of%20Rage%204%20-%2020%20Aphex%20Train.aiff" Remixer="" Tonality="7A" Label="" Mix="">
      <TEMPO Inizio="0.423" Bpm="93.93" Metro="4/4" Battito="3" />
    </TRACK>
    <TRACK TrackID="130424623" Name="The Commissioner" Artist="XL Middleton" Composer="" Album="Streets of Rage 4" Grouping="" Genre="OST" Kind="AIFF File" Size="78457130" TotalTime="295" DiscNumber="0" TrackNumber="9" Year="2020" AverageBpm="117.05" DateAdded="2021-03-30" BitRate="2116" SampleRate="44100" Comments="4A - 5" PlayCount="0" Rating="0" Location="file://localhost/Users/zachvp/Music/DJ/XL%20Middleton%20-%20Streets%20of%20Rage%204%20-%2009%20The%20Commissioner.aiff" Remixer="" Tonality="4A" Label="" Mix="">
      <TEMPO Inizio="0.056" Bpm="117.05" Metro="4/4" Battito="1" />
    </TRACK>
    <TRACK TrackID="28205848" Name="Shiva" Artist="Yoko Shimomura" Composer="" Album="Streets of Rage 4" Grouping="" Genre="OST" Kind="AIFF File" Size="26701088" TotalTime="100" DiscNumber="0" TrackNumber="19" Year="2020" AverageBpm="138.00" DateAdded="2021-03-30" BitRate="2116" SampleRate="44100" Comments="5A - 7" PlayCount="0" Rating="0" Location="file://localhost/Users/zachvp/Music/DJ/Yoko%20Shimomura%20-%20Streets%20of%20Rage%204%20-%2019%20Shiva.aiff" Remixer="" Tonality="5A" Label="" Mix="">
      <TEMPO Inizio="0.109" Bpm="138.00" Metro="4/4" Battito="1" />
    </TRACK>
    <TRACK TrackID="225896595" Name="Main Theme of Streets of Rage 4" Artist="Yuzo Koshiro" Composer="" Album="Streets of Rage 4" Grouping="" Genre="House/Tech/Indie/Retro" Kind="AIFF File" Size="82009522" TotalTime="309" DiscNumber="0" TrackNumber="1" Year="2020" AverageBpm="92.00" DateAdded="2021-03-30" BitRate="2116" SampleRate="44100" Comments="7A - 7" PlayCount="8" Rating="0" Location="file://localhost/Users/zachvp/Music/DJ/Yuzo%20Koshiro%20-%20Streets%20of%20Rage%204%20-%2001%20Main%20Theme%20of%20Streets%20of%20Rage%204.aiff" Remixer="" Tonality="7A" Label="" Mix="">
      <TEMPO Inizio="0.235" Bpm="92.00" Metro="4/4" Battito="2" />
      <TEMPO Inizio="154.147" Bpm="92.00" Metro="4/4" Battito="2" />
      <POSITION_MARK Name="" Type="0" Start="53.264" Num="-1" />
    </TRACK>
    <TRACK TrackID="70257159" Name="They're Back" Artist="Yuzo Koshiro" Composer="" Album="Streets of Rage 4" Grouping="" Genre="OST" Kind="AIFF File" Size="49725198" TotalTime="187" DiscNumber="0" TrackNumber="3" Year="2020" AverageBpm="125.00" DateAdded="2021-03-30" BitRate="1411" SampleRate="44100" Comments="11A - 8" PlayCount="0" Rating="0" Location="file://localhost/Users/zachvp/Music/DJ/Yuzo%20Koshiro%20-%20Streets%20of%20Rage%204%20-%2003%20They%27re%20Back.aiff" Remixer="" Tonality="11A" Label="" Mix="">
      <TEMPO Inizio="0.110" Bpm="125.00" Metro="4/4" Battito="1" />
      <TEMPO Inizio="15.469" Bpm="125.00" Metro="4/4" Battito="1" />
      <TEMPO Inizio="127.788" Bpm="125.00" Metro="4/4" Battito="3" />
    </TRACK>
    <TRACK TrackID="129099323" Name="Character Select" Artist="Yuzo Koshiro" Composer="" Album="Streets of Rage 4" Grouping="" Genre="House/Tech/Indie/Retro" Kind="AIFF File" Size="58030210" TotalTime="218" DiscNumber="0" TrackNumber="2" Year="2020" AverageBpm="126.00" DateAdded="2021-03-30" BitRate="1411" SampleRate="44100" Comments="9A - 7" PlayCount="0" Rating="0" Location="file://localhost/Users/zachvp/Music/DJ/Yuzo%20Koshiro%20-%20Streets%20of%20Rage%204%20-%2002%20Character%20Select.aiff" Remixer="" Tonality="9A" Label="" Mix="">
      <TEMPO Inizio="0.104" Bpm="126.00" Metro="4/4" Battito="1" />
      <TEMPO Inizio="87.722" Bpm="126.00" Metro="4/4" Battito="1" />
      <TEMPO Inizio="162.959" Bpm="126.00" Metro="4/4" Battito="3" />
    </TRACK>
    <TRACK TrackID="226742449" Name="Chill or Don't" Artist="Olivier Deriviere" Composer="" Album="Streets of Rage 4" Grouping="" Genre="OST" Kind="AIFF File" Size="40764040" TotalTime="153" DiscNumber="0" TrackNumber="5" Year="2020" AverageBpm="148.00" DateAdded="2021-03-30" BitRate="2116" SampleRate="44100" Comments="8A - 6" PlayCount="0" Rating="0" Location="file://localhost/Users/zachvp/Music/DJ/Olivier%20Deriviere%20-%20Streets%20of%20Rage%204%20-%2005%20Chill%20or%20Don%27t.aiff" Remixer="" Tonality="8A" Label="" Mix="">
      <TEMPO Inizio="0.105" Bpm="148.00" Metro="4/4" Battito="1" />
    </TRACK>
    <TRACK TrackID="167609808" Name="Mrs Y" Artist="Yuzo Koshiro" Composer="" Album="Streets of Rage 4" Grouping="" Genre="OST" Kind="AIFF File" Size="49985488" TotalTime="188" DiscNumber="0" TrackNumber="30" Year="2020" AverageBpm="147.00" DateAdded="2021-03-30" BitRate="1411" SampleRate="44100" Comments="9A - 7" PlayCount="0" Rating="0" Location="file://localhost/Users/zachvp/Music/DJ/Yuzo%20Koshiro%20-%20Streets%20of%20Rage%204%20-%2030%20Mrs%20Y.aiff" Remixer="" Tonality="9A" Label="" Mix="">
      <TEMPO Inizio="0.107" Bpm="147.00" Metro="4/4" Battito="1" />
      <TEMPO Inizio="21.332" Bpm="147.00" Metro="4/4" Battito="1" />
      <TEMPO Inizio="59.700" Bpm="147.00" Metro="4/4" Battito="3" />
      <TEMPO Inizio="100.517" Bpm="147.00" Metro="4/4" Battito="3" />
      <TEMPO Inizio="141.742" Bpm="147.00" Metro="4/4" Battito="4" />
      <TEMPO Inizio="167.865" Bpm="147.00" Metro="4/4" Battito="4" />
    </TRACK>
    <TRACK TrackID="183894704" Name="The Undergrounds" Artist="Olivier Deriviere" Composer="" Album="Streets of Rage 4" Grouping="" Genre="OST" Kind="AIFF File" Size="47365564" TotalTime="178" DiscNumber="0" TrackNumber="14" Year="2020" AverageBpm="110.03" DateAdded="2021-03-30" BitRate="1411" SampleRate="44100" Comments="7A - 7" PlayCount="0" Rating="0" Location="file://localhost/Users/zachvp/Music/DJ/Olivier%20Deriviere%20-%20Streets%20of%20Rage%204%20-%2014%20The%20Undergrounds.aiff" Remixer="" Tonality="7A" Label="" Mix="">
      <TEMPO Inizio="0.144" Bpm="110.03" Metro="4/4" Battito="1" />
      <TEMPO Inizio="4.507" Bpm="110.03" Metro="4/4" Battito="1" />
      <TEMPO Inizio="116.839" Bpm="110.03" Metro="4/4" Battito="3" />
    </TRACK>
    <TRACK TrackID="171611888" Name="25 Years Ago" Artist="Olivier Deriviere" Composer="" Album="Streets of Rage 4" Grouping="" Genre="OST" Kind="AIFF File" Size="36209624" TotalTime="136" DiscNumber="0" TrackNumber="26" Year="2020" AverageBpm="130.00" DateAdded="2021-03-30" BitRate="2116" SampleRate="44100" Comments="8A - 7" PlayCount="0" Rating="0" Location="file://localhost/Users/zachvp/Music/DJ/Olivier%20Deriviere%20-%20Streets%20of%20Rage%204%20-%2026%2025%20Years%20Ago.aiff" Remixer="" Tonality="8A" Label="" Mix="">
      <TEMPO Inizio="0.123" Bpm="130.00" Metro="4/4" Battito="1" />
    </TRACK>
    <TRACK TrackID="174078659" Name="The Streets" Artist="Olivier Deriviere" Composer="" Album="Streets of Rage 4" Grouping="" Genre="OST" Kind="AIFF File" Size="36714566" TotalTime="137" DiscNumber="0" TrackNumber="4" Year="2020" AverageBpm="105.00" DateAdded="2021-03-30" BitRate="2116" SampleRate="44100" Comments="9A - 7" PlayCount="0" Rating="0" Location="file://localhost/Users/zachvp/Music/DJ/Olivier%20Deriviere%20-%20Streets%20of%20Rage%204%20-%2004%20The%20Streets.aiff" Remixer="" Tonality="9A" Label="" Mix="">
      <TEMPO Inizio="0.078" Bpm="105.00" Metro="4/4" Battito="2" />
      <TEMPO Inizio="102.934" Bpm="105.00" Metro="4/4" Battito="2" />
    </TRACK>
    <TRACK TrackID="26658310" Name="On Fire" Artist="Olivier Deriviere" Composer="" Album="Streets of Rage 4" Grouping="" Genre="OST" Kind="AIFF File" Size="47006714" TotalTime="176" DiscNumber="0" TrackNumber="15" Year="2020" AverageBpm="130.00" DateAdded="2021-03-30" BitRate="1411" SampleRate="44100" Comments="8A - 8" PlayCount="0" Rating="0" Location="file://localhost/Users/zachvp/Music/DJ/Olivier%20Deriviere%20-%20Streets%20of%20Rage%204%20-%2015%20On%20Fire.aiff" Remixer="" Tonality="8A" Label="" Mix="">
      <TEMPO Inizio="0.092" Bpm="130.00" Metro="4/4" Battito="1" />
    </TRACK>
    <TRACK TrackID="255617784" Name="A Ki Ra" Artist="Olivier Deriviere" Composer="" Album="Streets of Rage 4" Grouping="" Genre="OST" Kind="AIFF File" Size="51425642" TotalTime="193" DiscNumber="0" TrackNumber="28" Year="2020" AverageBpm="120.00" DateAdded="2021-03-30" BitRate="1411" SampleRate="44100" Comments="6A - 8" PlayCount="0" Rating="0" Location="file://localhost/Users/zachvp/Music/DJ/Olivier%20Deriviere%20-%20Streets%20of%20Rage%204%20-%2028%20A%20Ki%20Ra.aiff" Remixer="" Tonality="6A" Label="" Mix="" />
    <TRACK TrackID="20058473" Name="Mr Y" Artist="Yuzo Koshiro" Composer="" Album="Streets of Rage 4" Grouping="" Genre="OST" Kind="AIFF File" Size="48919906" TotalTime="184" DiscNumber="0" TrackNumber="32" Year="2020" AverageBpm="138.00" DateAdded="2021-03-30" BitRate="1411" SampleRate="44100" Comments="7A - 8" PlayCount="0" Rating="0" Location="file://localhost/Users/zachvp/Music/DJ/Yuzo%20Koshiro%20-%20Streets%20of%20Rage%204%20-%2032%20Mr%20Y.aiff" Remixer="" Tonality="7A" Label="" Mix="">
      <TEMPO Inizio="0.154" Bpm="138.00" Metro="4/4" Battito="1" />
    </TRACK>
    <TRACK TrackID="265205051" Name="Lift The Ground" Artist="Olivier Deriviere" Composer="" Album="Streets of Rage 4" Grouping="" Genre="OST" Kind="AIFF File" Size="61729020" TotalTime="232" DiscNumber="0" TrackNumber="29" Year="2020" AverageBpm="142.00" DateAdded="2021-03-30" BitRate="1411" SampleRate="44100" Comments="3A - 8" PlayCount="0" Rating="0" Location="file://localhost/Users/zachvp/Music/DJ/Olivier%20Deriviere%20-%20Streets%20of%20Rage%204%20-%2029%20Lift%20The%20Ground.aiff" Remixer="" Tonality="3A" Label="" Mix="">
      <TEMPO Inizio="0.261" Bpm="142.00" Metro="4/4" Battito="1" />
    </TRACK>
    <TRACK TrackID="164254034" Name="Double Divas" Artist="Motohiro Kawashima" Composer="" Album="Streets of Rage 4" Grouping="" Genre="OST" Kind="AIFF File" Size="36166358" TotalTime="135" DiscNumber="0" TrackNumber="23" Year="2020" AverageBpm="120.00" DateAdded="2021-03-30" BitRate="2116" SampleRate="44100" Comments="8A - 7" PlayCount="0" Rating="0" Location="file://localhost/Users/zachvp/Music/DJ/Motohiro%20Kawashima%20-%20Streets%20of%20Rage%204%20-%2023%20Double%20Divas.aiff" Remixer="" Tonality="8A" Label="" Mix="">
      <TEMPO Inizio="0.100" Bpm="120.00" Metro="4/4" Battito="1" />
    </TRACK>
    <TRACK TrackID="171278148" Name="Call The Cops" Artist="Olivier Deriviere" Composer="" Album="Streets of Rage 4" Grouping="" Genre="OST" Kind="AIFF File" Size="42745002" TotalTime="160" DiscNumber="0" TrackNumber="7" Year="2020" AverageBpm="106.00" DateAdded="2021-03-30" BitRate="2116" SampleRate="44100" Comments="1A - 7" PlayCount="0" Rating="0" Location="file://localhost/Users/zachvp/Music/DJ/Olivier%20Deriviere%20-%20Streets%20of%20Rage%204%20-%2007%20Call%20The%20Cops.aiff" Remixer="" Tonality="1A" Label="" Mix="">
      <TEMPO Inizio="0.096" Bpm="106.00" Metro="4/4" Battito="1" />
      <TEMPO Inizio="4.059" Bpm="106.00" Metro="4/4" Battito="4" />
    </TRACK>
    <TRACK TrackID="110343060" Name="Ti Un Fou" Artist="Olivier Deriviere" Composer="" Album="Streets of Rage 4" Grouping="" Genre="OST" Kind="AIFF File" Size="85362262" TotalTime="321" DiscNumber="0" TrackNumber="31" Year="2020" AverageBpm="170.00" DateAdded="2021-03-30" BitRate="2116" SampleRate="44100" Comments="9A - 8" PlayCount="0" Rating="0" Location="file://localhost/Users/zachvp/Music/DJ/Olivier%20Deriviere%20-%20Streets%20of%20Rage%204%20-%2031%20Ti%20Un%20Fou.aiff" Remixer="" Tonality="9A" Label="" Mix="">
      <TEMPO Inizio="0.103" Bpm="170.00" Metro="4/4" Battito="1" />
    </TRACK>
    <TRACK TrackID="181878235" Name="Down The Beatch Bonus" Artist="Olivier Deriviere" Composer="" Album="Streets of Rage 4" Grouping="" Genre="House/Tech/Indie/Retro" Kind="AIFF File" Size="54344540" TotalTime="204" DiscNumber="0" TrackNumber="36" Year="2020" AverageBpm="125.00" DateAdded="2021-03-30" BitRate="1411" SampleRate="44100" Comments="5A - 7" PlayCount="0" Rating="0" Location="file://localhost/Users/zachvp/Music/DJ/Olivier%20Deriviere%20-%20Streets%20of%20Rage%204%20-%2036%20Down%20The%20Beatch%20Bonus.aiff" Remixer="" Tonality="5A" Label="" Mix="">
      <TEMPO Inizio="0.093" Bpm="125.00" Metro="4/4" Battito="1" />
      <TEMPO Inizio="9.214" Bpm="125.00" Metro="4/4" Battito="4" />
    </TRACK>
    <TRACK TrackID="182240137" Name="Visit" Artist="Agoria, Jacques" Composer="" Album="Lucky OST" Grouping="" Genre="House/Deep/Tech/Jazzy" Kind="AIFF File" Size="78012416" TotalTime="294" DiscNumber="0" TrackNumber="1" Year="2020" AverageBpm="115.00" DateAdded="2021-03-31" BitRate="2116" SampleRate="44100" Comments="11A - 6" PlayCount="1" Rating="0" Location="file://localhost/Users/zachvp/Music/DJ/Agoria,%20Jacques%20-%20Lucky%20OST%20-%2001%20Visit.aiff" Remixer="" Tonality="11A" Label="" Mix="">
      <TEMPO Inizio="0.245" Bpm="115.00" Metro="4/4" Battito="1" />
      <POSITION_MARK Name="" Type="0" Start="67.020" Num="-1" />
      <POSITION_MARK Name="" Type="0" Start="33.629" Num="-1" />
      <POSITION_MARK Name="" Type="0" Start="175.560" Num="-1" />
      <POSITION_MARK Name="" Type="0" Start="259.031" Num="-1" />
      <POSITION_MARK Name="" Type="0" Start="250.674" Num="-1" />
      <POSITION_MARK Name="" Type="0" Start="183.898" Num="-1" />
    </TRACK>
    <TRACK TrackID="17899795" Name="Tresor" Artist="Agoria &amp; Sacha Rudy" Composer="" Album="Lucky OST" Grouping="" Genre="Lounge/Ambient" Kind="AIFF File" Size="15946400" TotalTime="59" DiscNumber="0" TrackNumber="9" Year="2020" AverageBpm="104.01" DateAdded="2021-03-31" BitRate="2116" SampleRate="44100" Comments="10B - 3" PlayCount="0" Rating="0" Location="file://localhost/Users/zachvp/Music/DJ/Agoria%20%26%20Sacha%20Rudy%20-%20Lucky%20OST%20-%2009%20Tresor.aiff" Remixer="" Tonality="10B" Label="" Mix="">
      <TEMPO Inizio="0.524" Bpm="104.01" Metro="4/4" Battito="3" />
    </TRACK>
    <TRACK TrackID="141065472" Name="Chien Chienne" Artist="Agoria &amp; Sacha Rudy" Composer="" Album="Lucky OST" Grouping="" Genre="Samples" Kind="AIFF File" Size="27299920" TotalTime="102" DiscNumber="0" TrackNumber="4" Year="2020" AverageBpm="110.85" DateAdded="2021-03-31" BitRate="2116" SampleRate="44100" Comments="3A - 2" PlayCount="0" Rating="0" Location="file://localhost/Users/zachvp/Music/DJ/Agoria%20%26%20Sacha%20Rudy%20-%20Lucky%20OST%20-%2004%20Chien%20Chienne.aiff" Remixer="" Tonality="3A" Label="" Mix="">
      <TEMPO Inizio="0.446" Bpm="110.85" Metro="4/4" Battito="3" />
      <TEMPO Inizio="0.988" Bpm="110.85" Metro="4/4" Battito="4" />
      <TEMPO Inizio="17.768" Bpm="110.85" Metro="4/4" Battito="3" />
      <TEMPO Inizio="34.548" Bpm="110.85" Metro="4/4" Battito="2" />
      <TEMPO Inizio="57.282" Bpm="110.85" Metro="4/4" Battito="4" />
      <TEMPO Inizio="80.016" Bpm="110.85" Metro="4/4" Battito="2" />
      <TEMPO Inizio="96.796" Bpm="110.85" Metro="4/4" Battito="1" />
    </TRACK>
    <TRACK TrackID="107282429" Name="All Over You" Artist="Agoria feat Sacha Rudy" Composer="" Album="Lucky OST" Grouping="" Genre="House/Tech/Indie/" Kind="AIFF File" Size="48971638" TotalTime="184" DiscNumber="0" TrackNumber="2" Year="2020" AverageBpm="120.00" DateAdded="2021-03-31" BitRate="2116" SampleRate="44100" Comments="9A - 6" PlayCount="2" Rating="0" Location="file://localhost/Users/zachvp/Music/DJ/Agoria%20feat%20Sacha%20Rudy%20-%20Lucky%20OST%20-%2002%20All%20Over%20You.aiff" Remixer="" Tonality="9A" Label="" Mix="">
      <TEMPO Inizio="0.314" Bpm="120.00" Metro="4/4" Battito="1" />
      <TEMPO Inizio="57.315" Bpm="120.00" Metro="4/4" Battito="3" />
      <TEMPO Inizio="57.814" Bpm="120.00" Metro="4/4" Battito="4" />
      <TEMPO Inizio="58.315" Bpm="120.00" Metro="4/4" Battito="1" />
      <TEMPO Inizio="58.814" Bpm="120.00" Metro="4/4" Battito="2" />
      <TEMPO Inizio="59.315" Bpm="120.00" Metro="4/4" Battito="3" />
      <TEMPO Inizio="59.814" Bpm="120.00" Metro="4/4" Battito="4" />
      <TEMPO Inizio="60.315" Bpm="120.00" Metro="4/4" Battito="1" />
      <TEMPO Inizio="60.814" Bpm="120.00" Metro="4/4" Battito="2" />
      <TEMPO Inizio="61.315" Bpm="120.00" Metro="4/4" Battito="3" />
      <TEMPO Inizio="61.814" Bpm="120.00" Metro="4/4" Battito="4" />
      <TEMPO Inizio="62.315" Bpm="120.00" Metro="4/4" Battito="1" />
      <TEMPO Inizio="62.814" Bpm="120.00" Metro="4/4" Battito="2" />
      <TEMPO Inizio="63.315" Bpm="120.00" Metro="4/4" Battito="3" />
      <TEMPO Inizio="63.814" Bpm="120.00" Metro="4/4" Battito="4" />
      <TEMPO Inizio="64.315" Bpm="120.00" Metro="4/4" Battito="1" />
      <TEMPO Inizio="64.814" Bpm="120.00" Metro="4/4" Battito="2" />
      <TEMPO Inizio="65.315" Bpm="120.00" Metro="4/4" Battito="3" />
      <TEMPO Inizio="65.814" Bpm="120.00" Metro="4/4" Battito="4" />
      <TEMPO Inizio="66.315" Bpm="120.00" Metro="4/4" Battito="1" />
      <TEMPO Inizio="66.814" Bpm="120.00" Metro="4/4" Battito="2" />
      <TEMPO Inizio="67.315" Bpm="120.00" Metro="4/4" Battito="3" />
      <TEMPO Inizio="67.814" Bpm="120.00" Metro="4/4" Battito="4" />
      <TEMPO Inizio="68.315" Bpm="120.00" Metro="4/4" Battito="1" />
      <POSITION_MARK Name="" Type="0" Start="0.271" Num="-1" />
    </TRACK>
    <TRACK TrackID="134803041" Name="Obedience" Artist="Agoria" Composer="" Album="Lucky OST" Grouping="" Genre="House/Tech/Organic" Kind="AIFF File" Size="110248558" TotalTime="416" DiscNumber="0" TrackNumber="8" Year="2020" AverageBpm="124.00" DateAdded="2021-03-31" BitRate="2116" SampleRate="44100" Comments="4A - 7" PlayCount="2" Rating="0" Location="file://localhost/Users/zachvp/Music/DJ/Agoria%20-%20Lucky%20OST%20-%2008%20Obedience.aiff" Remixer="" Tonality="4A" Label="" Mix="">
      <TEMPO Inizio="0.224" Bpm="124.00" Metro="4/4" Battito="1" />
      <POSITION_MARK Name="" Type="0" Start="17.631" Num="-1" />
      <POSITION_MARK Name="" Type="0" Start="336.985" Num="-1" />
      <POSITION_MARK Name="" Type="0" Start="141.502" Num="-1" />
      <POSITION_MARK Name="" Type="0" Start="64.093" Num="-1" />
    </TRACK>
    <TRACK TrackID="18136812" Name="Wish Me Luck" Artist="Agoria ft Blasé" Composer="" Album="Lucky OST" Grouping="" Genre="OST" Kind="AIFF File" Size="49325636" TotalTime="186" DiscNumber="0" TrackNumber="10" Year="2020" AverageBpm="120.00" DateAdded="2021-03-31" BitRate="1411" SampleRate="44100" Comments="8A - 6" PlayCount="0" Rating="0" Location="file://localhost/Users/zachvp/Music/DJ/Agoria%20ft%20Blas%c3%a9%20-%20Lucky%20OST%20-%2010%20Wish%20Me%20Luck.aiff" Remixer="" Tonality="8A" Label="" Mix="">
      <TEMPO Inizio="0.151" Bpm="120.00" Metro="4/4" Battito="1" />
      <TEMPO Inizio="101.152" Bpm="120.00" Metro="4/4" Battito="3" />
      <TEMPO Inizio="101.651" Bpm="120.00" Metro="4/4" Battito="4" />
      <TEMPO Inizio="102.152" Bpm="120.00" Metro="4/4" Battito="1" />
      <TEMPO Inizio="102.651" Bpm="120.00" Metro="4/4" Battito="2" />
      <TEMPO Inizio="103.152" Bpm="120.00" Metro="4/4" Battito="3" />
      <TEMPO Inizio="103.651" Bpm="120.00" Metro="4/4" Battito="4" />
      <TEMPO Inizio="104.152" Bpm="120.00" Metro="4/4" Battito="1" />
      <TEMPO Inizio="104.651" Bpm="120.00" Metro="4/4" Battito="2" />
      <TEMPO Inizio="105.152" Bpm="120.00" Metro="4/4" Battito="3" />
      <TEMPO Inizio="105.651" Bpm="120.00" Metro="4/4" Battito="4" />
      <TEMPO Inizio="106.152" Bpm="120.00" Metro="4/4" Battito="1" />
      <TEMPO Inizio="106.651" Bpm="120.00" Metro="4/4" Battito="2" />
      <TEMPO Inizio="107.152" Bpm="120.00" Metro="4/4" Battito="3" />
      <TEMPO Inizio="107.651" Bpm="120.00" Metro="4/4" Battito="4" />
      <TEMPO Inizio="108.152" Bpm="120.00" Metro="4/4" Battito="1" />
      <TEMPO Inizio="108.651" Bpm="120.00" Metro="4/4" Battito="2" />
      <TEMPO Inizio="109.152" Bpm="120.00" Metro="4/4" Battito="3" />
      <TEMPO Inizio="109.651" Bpm="120.00" Metro="4/4" Battito="4" />
      <TEMPO Inizio="110.152" Bpm="120.00" Metro="4/4" Battito="1" />
      <TEMPO Inizio="110.651" Bpm="120.00" Metro="4/4" Battito="2" />
      <TEMPO Inizio="111.152" Bpm="120.00" Metro="4/4" Battito="3" />
      <TEMPO Inizio="111.651" Bpm="120.00" Metro="4/4" Battito="4" />
      <TEMPO Inizio="112.152" Bpm="120.00" Metro="4/4" Battito="1" />
    </TRACK>
    <TRACK TrackID="75110402" Name="Police (Lucky Edit)" Artist="Agoria" Composer="" Album="Lucky OST" Grouping="" Genre="House/Tech/Indie/" Kind="AIFF File" Size="94054288" TotalTime="355" DiscNumber="0" TrackNumber="3" Year="2020" AverageBpm="120.00" DateAdded="2021-03-31" BitRate="2116" SampleRate="44100" Comments="6A - 6" PlayCount="1" Rating="0" Location="file://localhost/Users/zachvp/Music/DJ/Agoria%20-%20Lucky%20OST%20-%2003%20Police%20(Lucky%20Edit).aiff" Remixer="" Tonality="6A" Label="" Mix="">
      <TEMPO Inizio="0.026" Bpm="120.00" Metro="4/4" Battito="1" />
      <POSITION_MARK Name="" Type="0" Start="18.020" Num="-1" />
      <POSITION_MARK Name="" Type="0" Start="34.007" Num="-1" />
      <POSITION_MARK Name="" Type="0" Start="66.031" Num="-1" />
      <POSITION_MARK Name="" Type="0" Start="314.012" Num="-1" />
      <POSITION_MARK Name="" Type="0" Start="330.015" Num="-1" />
    </TRACK>
    <TRACK TrackID="241432804" Name="Call of the Wild" Artist="Agoria ft STS" Composer="" Album="Lucky OST" Grouping="" Genre="OST" Kind="AIFF File" Size="52561108" TotalTime="198" DiscNumber="0" TrackNumber="6" Year="2020" AverageBpm="134.98" DateAdded="2021-03-31" BitRate="1411" SampleRate="44100" Comments="7A - 6" PlayCount="0" Rating="0" Location="file://localhost/Users/zachvp/Music/DJ/Agoria%20ft%20STS%20-%20Lucky%20OST%20-%2006%20Call%20of%20the%20Wild.aiff" Remixer="" Tonality="7A" Label="" Mix="">
      <TEMPO Inizio="0.151" Bpm="134.98" Metro="4/4" Battito="1" />
    </TRACK>
    <TRACK TrackID="252195946" Name="Unlucky" Artist="Agoria &amp; Sacha Rudy" Composer="" Album="Lucky OST" Grouping="" Genre="Lounge/Ambient" Kind="AIFF File" Size="7962646" TotalTime="29" DiscNumber="0" TrackNumber="7" Year="2020" AverageBpm="141.72" DateAdded="2021-03-31" BitRate="2116" SampleRate="44100" Comments="7A - 2" PlayCount="0" Rating="0" Location="file://localhost/Users/zachvp/Music/DJ/Agoria%20%26%20Sacha%20Rudy%20-%20Lucky%20OST%20-%2007%20Unlucky.aiff" Remixer="" Tonality="7A" Label="" Mix="">
      <TEMPO Inizio="0.418" Bpm="141.72" Metro="4/4" Battito="4" />
      <TEMPO Inizio="0.842" Bpm="141.72" Metro="4/4" Battito="1" />
    </TRACK>
    <TRACK TrackID="129968429" Name="On the Road (Ariel Perazzoli Re-Edit)" Artist="Castelli &amp; Perazzoli" Composer="" Album="" Grouping="" Genre="House/Tech/Indie/Retro" Kind="AIFF File" Size="79051426" TotalTime="448" DiscNumber="0" TrackNumber="0" Year="0" AverageBpm="128.00" DateAdded="2022-03-22" BitRate="1411" SampleRate="44100" Comments="8A - 7" PlayCount="9" Rating="0" Location="file://localhost/Users/zachvp/Music/DJ/6068886_On_The_Road_(Ariel_Perazzoli_2014_Re_Edit).aiff" Remixer="" Tonality="8A" Label="Muzik X Press" Mix="">
      <TEMPO Inizio="0.000" Bpm="128.00" Metro="4/4" Battito="1" />
      <POSITION_MARK Name="" Type="0" Start="435.002" Num="-1" />
      <POSITION_MARK Name="" Type="0" Start="435.002" Num="0" Red="40" Green="226" Blue="20" />
    </TRACK>
    <TRACK TrackID="100279522" Name="When A Fire Starts To Burn (Original Mix)" Artist="Disclosure" Composer="" Album="Settle" Grouping="" Genre="House/Tech/Groove" Kind="AIFF File" Size="50389988" TotalTime="284" DiscNumber="0" TrackNumber="2" Year="2014" AverageBpm="124.00" DateAdded="2022-03-22" BitRate="1411" SampleRate="44100" Comments="8A - 6" PlayCount="3" Rating="0" Location="file://localhost/Users/zachvp/Music/DJ/6329114_When_A_Fire_Starts_To_Burn_(Original_Mix).aiff" Remixer="" Tonality="8A" Label="Island Records" Mix="">
      <TEMPO Inizio="0.196" Bpm="124.00" Metro="4/4" Battito="1" />
    </TRACK>
    <TRACK TrackID="59757640" Name="Fire Coming Out Of The Monkey's Head (Original Mix)" Artist="Gorillaz" Composer="" Album="Demon Days" Grouping="" Genre="Lounge/Indie" Kind="AIFF File" Size="35146442" TotalTime="198" DiscNumber="0" TrackNumber="13" Year="2014" AverageBpm="100.26" DateAdded="2022-03-22" BitRate="1411" SampleRate="44100" Comments="8A - 6" PlayCount="0" Rating="0" Location="file://localhost/Users/zachvp/Music/DJ/5544869_Fire_Coming_Out_Of_The_Monkey%27s_Head_(Original_Mix).aiff" Remixer="" Tonality="8A" Label="Parlophone UK" Mix="">
      <TEMPO Inizio="0.091" Bpm="100.26" Metro="4/4" Battito="1" />
      <TEMPO Inizio="0.690" Bpm="100.26" Metro="4/4" Battito="2" />
      <TEMPO Inizio="6.675" Bpm="100.26" Metro="4/4" Battito="4" />
      <TEMPO Inizio="34.204" Bpm="100.26" Metro="4/4" Battito="2" />
      <TEMPO Inizio="61.733" Bpm="100.26" Metro="4/4" Battito="4" />
      <TEMPO Inizio="83.876" Bpm="100.26" Metro="4/4" Battito="1" />
      <TEMPO Inizio="111.405" Bpm="100.26" Metro="4/4" Battito="3" />
      <TEMPO Inizio="138.934" Bpm="100.26" Metro="4/4" Battito="1" />
      <TEMPO Inizio="161.077" Bpm="100.26" Metro="4/4" Battito="2" />
      <TEMPO Inizio="193.992" Bpm="100.26" Metro="4/4" Battito="1" />
    </TRACK>
    <TRACK TrackID="79886297" Name="It Is As If I Am Deep (Original Mix)" Artist="Daniel Lera" Composer="" Album="It Is As If I Am Deep EP" Grouping="" Genre="House/Tech/Groove" Kind="AIFF File" Size="84870126" TotalTime="479" DiscNumber="0" TrackNumber="1" Year="2015" AverageBpm="122.00" DateAdded="2022-03-22" BitRate="1411" SampleRate="44100" Comments="6A - 6" PlayCount="2" Rating="0" Location="file://localhost/Users/zachvp/Music/DJ/6913473_It_Is_As_If_I_Am_Deep_(Original_Mix).aiff" Remixer="" Tonality="6A" Label="Play Groove Recordings" Mix="">
      <TEMPO Inizio="0.035" Bpm="122.00" Metro="4/4" Battito="1" />
    </TRACK>
    <TRACK TrackID="126595318" Name="Disarray Feat. J.U.D.G.E. (Original Mix)" Artist="J.U.D.G.E., Tube &amp; Berger" Composer="" Album="Dis EP" Grouping="" Genre="House/Deep/Melodic" Kind="AIFF File" Size="62342916" TotalTime="351" DiscNumber="0" TrackNumber="1" Year="2015" AverageBpm="121.00" DateAdded="2022-03-22" BitRate="1411" SampleRate="44100" Comments="9A - 5" PlayCount="1" Rating="0" Location="file://localhost/Users/zachvp/Music/DJ/6922504_Disarray_Feat._J.U.D.G.E._(Original_Mix).aiff" Remixer="" Tonality="9A" Label="Suara" Mix="">
      <TEMPO Inizio="0.051" Bpm="121.00" Metro="4/4" Battito="1" />
    </TRACK>
    <TRACK TrackID="172192042" Name="Sometimes I Feel So Deserted (C2 Trigger Rmx)" Artist="The Chemical Brothers" Composer="" Album="Sometimes I Feel So Deserted" Grouping="" Genre="House/Tech/Indie/" Kind="AIFF File" Size="104083516" TotalTime="589" DiscNumber="0" TrackNumber="1" Year="2015" AverageBpm="127.00" DateAdded="2022-03-22" BitRate="1411" SampleRate="44100" Comments="4A - 6" PlayCount="2" Rating="0" Location="file://localhost/Users/zachvp/Music/DJ/7322131_Sometimes_I_Feel_So_Deserted_(C2_Trigger_Rmx).aiff" Remixer="" Tonality="4A" Label="EMI" Mix="">
      <TEMPO Inizio="0.034" Bpm="127.00" Metro="4/4" Battito="1" />
      <TEMPO Inizio="400.192" Bpm="127.00" Metro="4/4" Battito="4" />
      <POSITION_MARK Name="" Type="0" Start="90.725" Num="-1" />
      <POSITION_MARK Name="" Type="0" Start="211.691" Num="-1" />
      <POSITION_MARK Name="" Type="0" Start="241.927" Num="-1" />
      <POSITION_MARK Name="" Type="0" Start="332.622" Num="-1" />
      <POSITION_MARK Name="" Type="0" Start="30.252" Num="-1" />
      <POSITION_MARK Name="" Type="0" Start="60.521" Num="-1" />
      <POSITION_MARK Name="" Type="0" Start="408.215" Num="-1" />
    </TRACK>
    <TRACK TrackID="83146368" Name="Medicine feat. Name One (Original Mix)" Artist="Maxxi Soundsystem, Name One" Composer="" Album="Disco Electronica Vol. 18" Grouping="" Genre="House/Deep/Tech/" Kind="AIFF File" Size="73619876" TotalTime="417" DiscNumber="0" TrackNumber="1" Year="2016" AverageBpm="122.00" DateAdded="2022-03-22" BitRate="1411" SampleRate="44100" Comments="3A - 6" PlayCount="2" Rating="0" Location="file://localhost/Users/zachvp/Music/DJ/7928761_Medicine_feat._Name_One_(Original_Mix).aiff" Remixer="" Tonality="3A" Label="Variety Music" Mix="">
      <TEMPO Inizio="0.035" Bpm="122.00" Metro="4/4" Battito="1" />
    </TRACK>
    <TRACK TrackID="238033582" Name="Karma feat. Josh Taylor feat. Benny Bridges (Original Mix)" Artist="Justin Jay, Josh Taylor, Benny Bridges" Composer="" Album="Armada Deep House Selection, Vol. 12 (The Finest Deep House Tunes) - Extended Versions" Grouping="" Genre="House/Deep/Tech/Jazzy" Kind="AIFF File" Size="42588242" TotalTime="240" DiscNumber="0" TrackNumber="10" Year="2016" AverageBpm="122.00" DateAdded="2022-03-22" BitRate="1411" SampleRate="44100" Comments="4A - 6" PlayCount="2" Rating="0" Location="file://localhost/Users/zachvp/Music/DJ/7964537_Karma_feat._Josh_Taylor_feat._Benny_Bridges_(Original_Mix).aiff" Remixer="" Tonality="4A" Label="Armada Music Albums" Mix="">
      <TEMPO Inizio="0.002" Bpm="122.00" Metro="4/4" Battito="1" />
      <POSITION_MARK Name="" Type="0" Start="35.400" Num="-1" />
      <POSITION_MARK Name="" Type="4" Start="214.434" End="222.303" Num="-1" />
    </TRACK>
    <TRACK TrackID="98485990" Name="But Wait There's More (Original Mix)" Artist="Borys, Jeremy Greenspan" Composer="" Album="But Wait There's More / Tin Beat" Grouping="" Genre="House/Techno/Downtempo" Kind="AIFF File" Size="85526944" TotalTime="484" DiscNumber="0" TrackNumber="1" Year="2016" AverageBpm="120.00" DateAdded="2022-03-22" BitRate="1411" SampleRate="44100" Comments="11A - 5" PlayCount="1" Rating="0" Location="file://localhost/Users/zachvp/Music/DJ/8086730_But_Wait_There%27s_More_(Original_Mix).aiff" Remixer="" Tonality="11A" Label="Jiaolong" Mix="">
      <TEMPO Inizio="0.107" Bpm="120.00" Metro="4/4" Battito="1" />
      <TEMPO Inizio="101.606" Bpm="120.00" Metro="4/4" Battito="4" />
      <TEMPO Inizio="372.605" Bpm="120.00" Metro="4/4" Battito="2" />
    </TRACK>
    <TRACK TrackID="127236653" Name="American Trash (Porter Robinson Remix)" Artist="Innerpartysystem" Composer="" Album="Never Be Content EP" Grouping="" Genre="House/Tech/Indie/Progressive/Electro" Kind="AIFF File" Size="70680756" TotalTime="400" DiscNumber="0" TrackNumber="7" Year="2011" AverageBpm="128.00" DateAdded="2022-03-22" BitRate="1411" SampleRate="44100" Comments="12A - 7" PlayCount="0" Rating="0" Location="file://localhost/Users/zachvp/Music/DJ/2027727_American_Trash_(Porter_Robinson_Remix).aiff" Remixer="" Tonality="12A" Label="Red Bull Records" Mix="">
      <TEMPO Inizio="0.038" Bpm="128.00" Metro="4/4" Battito="1" />
    </TRACK>
    <TRACK TrackID="244806336" Name="Need to Feel Loved ft Delline Bass (Seb Fontaine &amp; Jay P's Type Remix)" Artist="Reflekt" Composer="" Album="" Grouping="" Genre="House/Tech/Indie/Progressive" Kind="AIFF File" Size="90488370" TotalTime="512" DiscNumber="0" TrackNumber="0" Year="0" AverageBpm="127.98" DateAdded="2022-03-22" BitRate="1411" SampleRate="44100" Comments="7A - 7" PlayCount="1" Rating="0" Location="file://localhost/Users/zachvp/Music/DJ/8446769_Need_To_Feel_Loved_feat._Delline_Bass_(Seb_Fontaine_%26_Jay_P%27s_Type_Remix).aiff" Remixer="" Tonality="7A" Label="Altra Moda" Mix="">
      <TEMPO Inizio="0.117" Bpm="127.98" Metro="4/4" Battito="1" />
    </TRACK>
    <TRACK TrackID="219231557" Name="Squid (Original Mix)" Artist="Innerpartysystem" Composer="" Album="Never Be Content EP" Grouping="" Genre="House/Tech/Indie/Progressive/Electro" Kind="AIFF File" Size="69885686" TotalTime="395" DiscNumber="0" TrackNumber="6" Year="2011" AverageBpm="164.98" DateAdded="2022-03-22" BitRate="1411" SampleRate="44100" Comments="10A - 6" PlayCount="0" Rating="0" Location="file://localhost/Users/zachvp/Music/DJ/2027726_Squid_(Original_Mix).aiff" Remixer="" Tonality="10A" Label="Red Bull Records" Mix="">
      <TEMPO Inizio="0.173" Bpm="164.98" Metro="4/4" Battito="1" />
    </TRACK>
    <TRACK TrackID="107124687" Name="Not Getting Any Better (Original Mix)" Artist="Innerpartysystem" Composer="" Album="Never Be Content EP" Grouping="" Genre="House/Tech/Indie/Progressive/Electro" Kind="AIFF File" Size="91185440" TotalTime="516" DiscNumber="0" TrackNumber="5" Year="2011" AverageBpm="127.98" DateAdded="2022-03-22" BitRate="1411" SampleRate="44100" Comments="8A - 7" PlayCount="0" Rating="0" Location="file://localhost/Users/zachvp/Music/DJ/2027725_Not_Getting_Any_Better_(Original_Mix).aiff" Remixer="" Tonality="8A" Label="Red Bull Records" Mix="">
      <TEMPO Inizio="0.165" Bpm="127.98" Metro="4/4" Battito="1" />
    </TRACK>
    <TRACK TrackID="71355876" Name="Money Makes The World Go Round (Original Mix)" Artist="Innerpartysystem" Composer="" Album="Never Be Content EP" Grouping="" Genre="House/Tech/Indie/Progressive/Electro" Kind="AIFF File" Size="63967888" TotalTime="362" DiscNumber="0" TrackNumber="2" Year="2011" AverageBpm="124.98" DateAdded="2022-03-22" BitRate="1411" SampleRate="44100" Comments="5A - 8" PlayCount="5" Rating="0" Location="file://localhost/Users/zachvp/Music/DJ/2027722_Money_Makes_The_World_Go_Round_(Original_Mix).aiff" Remixer="" Tonality="5A" Label="Red Bull Records" Mix="">
      <TEMPO Inizio="0.172" Bpm="124.98" Metro="4/4" Battito="1" />
      <TEMPO Inizio="75.543" Bpm="124.98" Metro="4/4" Battito="2" />
      <TEMPO Inizio="145.153" Bpm="124.98" Metro="4/4" Battito="3" />
      <TEMPO Inizio="208.042" Bpm="124.98" Metro="4/4" Battito="2" />
      <TEMPO Inizio="270.931" Bpm="124.98" Metro="4/4" Battito="1" />
      <TEMPO Inizio="340.541" Bpm="124.98" Metro="4/4" Battito="2" />
      <POSITION_MARK Name="" Type="0" Start="76.981" Num="-1" />
    </TRACK>
    <TRACK TrackID="139105604" Name="And Together (Original Mix)" Artist="Innerpartysystem" Composer="" Album="Never Be Content EP" Grouping="" Genre="House/Tech/Indie/Progressive/Electro" Kind="AIFF File" Size="53943838" TotalTime="305" DiscNumber="0" TrackNumber="1" Year="2011" AverageBpm="119.98" DateAdded="2022-03-22" BitRate="1411" SampleRate="44100" Comments="6A - 8" PlayCount="0" Rating="0" Location="file://localhost/Users/zachvp/Music/DJ/2027721_And_Together_(Original_Mix).aiff" Remixer="" Tonality="6A" Label="Red Bull Records" Mix="">
      <TEMPO Inizio="0.003" Bpm="119.98" Metro="4/4" Battito="3" />
      <TEMPO Inizio="54.011" Bpm="119.98" Metro="4/4" Battito="3" />
      <TEMPO Inizio="96.517" Bpm="119.98" Metro="4/4" Battito="4" />
      <TEMPO Inizio="138.523" Bpm="119.98" Metro="4/4" Battito="4" />
      <TEMPO Inizio="180.529" Bpm="119.98" Metro="4/4" Battito="4" />
      <TEMPO Inizio="222.535" Bpm="119.98" Metro="4/4" Battito="4" />
      <TEMPO Inizio="264.541" Bpm="119.98" Metro="4/4" Battito="4" />
    </TRACK>
    <TRACK TrackID="158322753" Name="Sonarcotic (Kaymid Instrumental Mix)" Artist="ana wares" Composer="" Album="Sonarcotic" Grouping="" Genre="House/Deep/Tech/Jazzy" Kind="AIFF File" Size="93662178" TotalTime="529" DiscNumber="0" TrackNumber="4" Year="2017" AverageBpm="120.00" DateAdded="2022-03-22" BitRate="1411" SampleRate="44100" Comments="5A - 5" PlayCount="0" Rating="0" Location="file://localhost/Users/zachvp/Music/DJ/9490904_Sonarcotic_(Kaymid_Instrumental_Mix).aiff" Remixer="" Tonality="5A" Label="Lo-Fi-45" Mix="">
      <TEMPO Inizio="0.012" Bpm="120.00" Metro="4/4" Battito="1" />
      <TEMPO Inizio="94.013" Bpm="120.00" Metro="4/4" Battito="1" />
      <TEMPO Inizio="335.514" Bpm="120.00" Metro="4/4" Battito="4" />
    </TRACK>
    <TRACK TrackID="116238091" Name="Kick1 Kick3 (Maetrik Sexy Remix Edit)" Artist="Timo Maas" Composer="" Album="Structures Two" Grouping="" Genre="House/Techno/Downtempo" Kind="AIFF File" Size="60831456" TotalTime="344" DiscNumber="0" TrackNumber="29" Year="2011" AverageBpm="126.00" DateAdded="2022-03-22" BitRate="1411" SampleRate="44100" Comments="7A - 7" PlayCount="4" Rating="0" Location="file://localhost/Users/zachvp/Music/DJ/1979015_Kick1_Kick3_(Maetrik_Sexy_Remix_Edit).aiff" Remixer="" Tonality="7A" Label="Bedrock Records" Mix="">
      <TEMPO Inizio="0.000" Bpm="126.00" Metro="4/4" Battito="1" />
      <TEMPO Inizio="295.237" Bpm="126.00" Metro="4/4" Battito="1" />
    </TRACK>
    <TRACK TrackID="226754368" Name="All Fall Down feat. Shaz Sparks (Original Mix)" Artist="Camo &amp; Krooked" Composer="" Album="All Fall Down" Grouping="" Genre="Dubstep" Kind="AIFF File" Size="40495120" TotalTime="229" DiscNumber="0" TrackNumber="1" Year="2011" AverageBpm="140.00" DateAdded="2022-03-22" BitRate="1411" SampleRate="44100" Comments="4A - 7" PlayCount="3" Rating="0" Location="file://localhost/Users/zachvp/Music/DJ/1955260_All_Fall_Down_feat._Shaz_Sparks_(Original_Mix).aiff" Remixer="" Tonality="4A" Label="Hospital Records" Mix="">
      <TEMPO Inizio="0.014" Bpm="140.00" Metro="4/4" Battito="1" />
    </TRACK>
    <TRACK TrackID="223127085" Name="Whistleman" Artist="Bedouin" Composer="" Album="Whistleman EP" Grouping="" Genre="House/Deep/Melodic" Kind="AIFF File" Size="84795618" TotalTime="479" DiscNumber="0" TrackNumber="1" Year="2020" AverageBpm="115.00" DateAdded="2022-03-22" BitRate="1411" SampleRate="44100" Comments="5A - 4" PlayCount="0" Rating="0" Location="file://localhost/Users/zachvp/Music/DJ/Bedouin%20-%20Whistleman.aiff" Remixer="" Tonality="5A" Label="" Mix="">
      <TEMPO Inizio="0.107" Bpm="115.00" Metro="4/4" Battito="1" />
    </TRACK>
    <TRACK TrackID="96000518" Name="Deep Skies feat. Cass Fox (Mike Koglin Remix)" Artist="Deep Skies" Composer="" Album="Little Bird" Grouping="" Genre="House/Tech/Indie/Progressive" Kind="AIFF File" Size="75187778" TotalTime="426" DiscNumber="0" TrackNumber="1" Year="2006" AverageBpm="128.01" DateAdded="2022-03-22" BitRate="1411" SampleRate="44100" Comments="9A - 6" PlayCount="2" Rating="0" Location="file://localhost/Users/zachvp/Music/DJ/146861_Deep_Skies_feat._Cass_Fox_(Mike_Koglin_Remix).aiff" Remixer="" Tonality="9A" Label="Maelstrom Records" Mix="">
      <TEMPO Inizio="0.362" Bpm="128.01" Metro="4/4" Battito="4" />
    </TRACK>
    <TRACK TrackID="127689606" Name="Beachball (G &amp; D's South Beach Vacation Mix)" Artist="DJ Kane, Nalin" Composer="" Album="Beachball" Grouping="" Genre="House/Tech/Indie/Progressive" Kind="AIFF File" Size="110103170" TotalTime="623" DiscNumber="0" TrackNumber="1" Year="2006" AverageBpm="134.00" DateAdded="2022-03-22" BitRate="1411" SampleRate="44100" Comments="7A - 6" PlayCount="0" Rating="0" Location="file://localhost/Users/zachvp/Music/DJ/103369_Beachball_(G_%26_D%27s_South_Beach_Vacation_Mix).aiff" Remixer="" Tonality="7A" Label="Ultra" Mix="">
      <TEMPO Inizio="0.239" Bpm="134.00" Metro="4/4" Battito="1" />
    </TRACK>
    <TRACK TrackID="85631736" Name="Crystal (Digweed &amp; Muir 'Bedrock' Mix Edit)" Artist="New Order" Composer="" Album="Crystal" Grouping="" Genre="House/Tech/Indie/Progressive" Kind="AIFF File" Size="107262624" TotalTime="608" DiscNumber="0" TrackNumber="0" Year="0" AverageBpm="132.00" DateAdded="2022-03-22" BitRate="1411" SampleRate="44100" Comments="1A - 7" PlayCount="1" Rating="0" Location="file://localhost/Users/zachvp/Music/DJ/04%20Crystal%20%5bDigweed%20%26%20Muir%20%27Bedrock%27%20Mix%20Edit%5d.aiff" Remixer="" Tonality="1A" Label="" Mix="">
      <TEMPO Inizio="0.243" Bpm="132.00" Metro="4/4" Battito="4" />
    </TRACK>
    <TRACK TrackID="193903383" Name="Crystal (Digweed &amp; Muir 'Bedrock' Radio Edit)" Artist="New Order" Composer="" Album="Crystal" Grouping="" Genre="House/Tech/Indie/Progressive" Kind="AIFF File" Size="45303822" TotalTime="256" DiscNumber="0" TrackNumber="0" Year="0" AverageBpm="132.00" DateAdded="2022-03-22" BitRate="1411" SampleRate="44100" Comments="1A - 7" PlayCount="0" Rating="0" Location="file://localhost/Users/zachvp/Music/DJ/03%20Crystal%20%5bDigweed%20%26%20Muir%20%27Bedrock%27%20Radio%20Edit%5d.aiff" Remixer="" Tonality="1A" Label="" Mix="">
      <TEMPO Inizio="0.273" Bpm="132.00" Metro="4/4" Battito="4" />
    </TRACK>
    <TRACK TrackID="42791574" Name="Wulfman (Radio Slave Remix)" Artist="ZW" Composer="" Album="Wulfman" Grouping="" Genre="House/Deep/Tech/Spacey" Kind="AIFF File" Size="107549700" TotalTime="609" DiscNumber="0" TrackNumber="4" Year="2017" AverageBpm="126.00" DateAdded="2022-03-22" BitRate="1411" SampleRate="44100" Comments="1A - 5" PlayCount="0" Rating="0" Location="file://localhost/Users/zachvp/Music/DJ/ZW%20-%20Wulfman%20(Radio%20Slave%20Remix).aiff" Remixer="" Tonality="1A" Label="" Mix="">
      <TEMPO Inizio="0.096" Bpm="126.00" Metro="4/4" Battito="4" />
      <TEMPO Inizio="166.287" Bpm="126.00" Metro="4/4" Battito="1" />
      <TEMPO Inizio="412.478" Bpm="126.00" Metro="4/4" Battito="2" />
    </TRACK>
    <TRACK TrackID="129516874" Name="I Should've Listened (Original Mix)" Artist="Windows" Composer="" Album="Copyright Issues &amp; Boxes of Tissues" Grouping="" Genre="Lounge/" Kind="AIFF File" Size="65867318" TotalTime="372" DiscNumber="0" TrackNumber="2" Year="2019" AverageBpm="104.96" DateAdded="2022-03-22" BitRate="1411" SampleRate="44100" Comments="6A - 6" PlayCount="0" Rating="0" Location="file://localhost/Users/zachvp/Music/DJ/Windows%20-%20I%20Should%27ve%20Listened%20(Original%20Mi.aiff" Remixer="" Tonality="6A" Label="Spinnup" Mix="">
      <TEMPO Inizio="0.529" Bpm="104.96" Metro="4/4" Battito="1" />
    </TRACK>
    <TRACK TrackID="202650645" Name="By Your Side" Artist="Will Saul" Composer="" Album="By Your Side" Grouping="" Genre="House/Tech/Indie/" Kind="AIFF File" Size="66810478" TotalTime="378" DiscNumber="0" TrackNumber="1" Year="2018" AverageBpm="125.00" DateAdded="2022-03-22" BitRate="1411" SampleRate="44100" Comments="4A - 7" PlayCount="2" Rating="0" Location="file://localhost/Users/zachvp/Music/DJ/Will%20Saul%20-%20By%20Your%20Side.aiff" Remixer="" Tonality="4A" Label="" Mix="">
      <TEMPO Inizio="0.189" Bpm="125.00" Metro="4/4" Battito="1" />
      <POSITION_MARK Name="" Type="0" Start="92.335" Num="-1" />
      <POSITION_MARK Name="" Type="0" Start="15.556" Num="-1" />
      <POSITION_MARK Name="" Type="0" Start="340.033" Num="-1" />
      <POSITION_MARK Name="" Type="0" Start="199.881" Num="-1" />
      <POSITION_MARK Name="" Type="0" Start="184.502" Num="-1" />
      <POSITION_MARK Name="" Type="0" Start="0.194" Num="-1" />
    </TRACK>
    <TRACK TrackID="217264400" Name="By Your Side (Dub Mix)" Artist="Will Saul" Composer="" Album="By Your Side" Grouping="" Genre="House/Tech/Indie/" Kind="AIFF File" Size="66803330" TotalTime="378" DiscNumber="0" TrackNumber="4" Year="2018" AverageBpm="125.00" DateAdded="2022-03-22" BitRate="1411" SampleRate="44100" Comments="4A - 7" PlayCount="0" Rating="0" Location="file://localhost/Users/zachvp/Music/DJ/Will%20Saul%20-%20By%20Your%20Side%20(Dub%20Mix).aiff" Remixer="" Tonality="4A" Label="" Mix="">
      <TEMPO Inizio="0.456" Bpm="125.00" Metro="4/4" Battito="1" />
    </TRACK>
    <TRACK TrackID="128376048" Name="Nobody Else feat. Sio (Original Mix)" Artist="Sio, Dwson" Composer="" Album="Glimpses Of You" Grouping="" Genre="House/Deep/Tech/Jazzy" Kind="AIFF File" Size="66425324" TotalTime="375" DiscNumber="0" TrackNumber="2" Year="2019" AverageBpm="118.00" DateAdded="2022-03-22" BitRate="1411" SampleRate="44100" Comments="1A - 5" PlayCount="1" Rating="0" Location="file://localhost/Users/zachvp/Music/DJ/11580155_Nobody_Else_feat._Sio_(Original_Mix).aiff" Remixer="" Tonality="1A" Label="Dwson" Mix="">
      <TEMPO Inizio="0.001" Bpm="118.00" Metro="4/4" Battito="1" />
      <TEMPO Inizio="0.510" Bpm="118.00" Metro="4/4" Battito="2" />
      <TEMPO Inizio="280.680" Bpm="118.00" Metro="4/4" Battito="1" />
    </TRACK>
    <TRACK TrackID="106966899" Name="Crystal (Lee Coombs Remix)" Artist="New Order" Composer="" Album="Crystal" Grouping="" Genre="House/Tech/Indie/Progressive" Kind="AIFF File" Size="93920706" TotalTime="532" DiscNumber="0" TrackNumber="0" Year="0" AverageBpm="134.00" DateAdded="2022-03-22" BitRate="1411" SampleRate="44100" Comments="1A - 6" PlayCount="7" Rating="0" Location="file://localhost/Users/zachvp/Music/DJ/05%20Crystal%20%5bLee%20Coombs%20Remix%5d.aiff" Remixer="" Tonality="1A" Label="" Mix="">
      <TEMPO Inizio="0.139" Bpm="134.00" Metro="4/4" Battito="4" />
      <POSITION_MARK Name="" Type="0" Start="272.817" Num="-1" />
      <POSITION_MARK Name="" Type="0" Start="115.216" Num="-1" />
      <POSITION_MARK Name="" Type="0" Start="86.560" Num="-1" />
      <POSITION_MARK Name="" Type="0" Start="57.913" Num="-1" />
      <POSITION_MARK Name="" Type="0" Start="358.783" Num="-1" />
      <POSITION_MARK Name="" Type="0" Start="416.101" Num="-1" />
      <POSITION_MARK Name="" Type="0" Start="430.455" Num="-1" />
    </TRACK>
    <TRACK TrackID="72753128" Name="Beyond Flatlines (Der Dritte Raum Remix)" Artist="Gorge" Composer="" Album="Beyond Flatlines" Grouping="" Genre="House/Deep/Tech/Spacey" Kind="AIFF File" Size="78149564" TotalTime="442" DiscNumber="0" TrackNumber="2" Year="2019" AverageBpm="124.00" DateAdded="2022-03-22" BitRate="1411" SampleRate="44100" Comments="4A - 6" PlayCount="2" Rating="0" Location="file://localhost/Users/zachvp/Music/DJ/12049878_Beyond_Flatlines_(Der_Dritte_Raum_Remix).aiff" Remixer="" Tonality="4A" Label="Still Hot" Mix="">
      <TEMPO Inizio="0.217" Bpm="124.00" Metro="4/4" Battito="1" />
    </TRACK>
    <TRACK TrackID="193317619" Name="Heppy" Artist="Panthera Krause" Composer="" Album="13 Tracks from 2018" Grouping="" Genre="House/Tech/Indie/" Kind="AIFF File" Size="74996880" TotalTime="424" DiscNumber="0" TrackNumber="10" Year="2018" AverageBpm="123.00" DateAdded="2022-03-22" BitRate="1411" SampleRate="44100" Comments="2A - 7" PlayCount="0" Rating="0" Location="file://localhost/Users/zachvp/Music/DJ/Uncanny%20Valley%20-%20Panthera%20Krause%20-%20Heppy.aiff" Remixer="" Tonality="2A" Label="" Mix="">
      <TEMPO Inizio="0.028" Bpm="123.00" Metro="4/4" Battito="1" />
    </TRACK>
    <TRACK TrackID="89462822" Name="Moan (Trentemøller Remix)" Artist="Trentemøller" Composer="" Album="Moan" Grouping="" Genre="House/Deep/Tech/Spacey" Kind="AIFF File" Size="78621206" TotalTime="445" DiscNumber="0" TrackNumber="4" Year="2007" AverageBpm="120.00" DateAdded="2022-03-22" BitRate="1411" SampleRate="44100" Comments="5A - 6" PlayCount="1" Rating="0" Location="file://localhost/Users/zachvp/Music/DJ/Trentem%c3%b8ller%20-%20Moan%20(Trentem%c3%b8ller%20Remix).aiff" Remixer="" Tonality="5A" Label="" Mix="">
      <TEMPO Inizio="0.062" Bpm="120.00" Metro="4/4" Battito="1" />
      <TEMPO Inizio="293.061" Bpm="120.00" Metro="4/4" Battito="3" />
    </TRACK>
    <TRACK TrackID="24930500" Name="Find Me (Guy J Dub)" Artist="TRafik" Composer="" Album="" Grouping="" Genre="House/Tech/Indie/Progressive/Electro" Kind="AIFF File" Size="85203402" TotalTime="482" DiscNumber="0" TrackNumber="0" Year="0" AverageBpm="124.00" DateAdded="2022-03-22" BitRate="1411" SampleRate="44100" Comments="8A - 6" PlayCount="0" Rating="0" Location="file://localhost/Users/zachvp/Music/DJ/Trafik%20-%20Find%20Me%20(Guy%20J%20Dub).aiff" Remixer="" Tonality="8A" Label="Global Underground" Mix="">
      <TEMPO Inizio="0.137" Bpm="124.00" Metro="4/4" Battito="1" />
    </TRACK>
    <TRACK TrackID="108115305" Name="Loneliness 2010" Artist="Tomcraft" Composer="" Album="" Grouping="" Genre="House/Tech/Indie/Progressive/Electro" Kind="AIFF File" Size="74996938" TotalTime="425" DiscNumber="0" TrackNumber="0" Year="0" AverageBpm="128.00" DateAdded="2022-03-22" BitRate="1411" SampleRate="44100" Comments="12A - 6" PlayCount="0" Rating="0" Location="file://localhost/Users/zachvp/Music/DJ/Tomcraft%20-%20Loneliness%202010%20(Adam%20K%20%26%20Soha%27s.aiff" Remixer="Adam K, Soha" Tonality="12A" Label="Ultra" Mix="">
      <TEMPO Inizio="0.270" Bpm="128.00" Metro="4/4" Battito="4" />
    </TRACK>
    <TRACK TrackID="97723225" Name="Brain On Drugs (Chateau Flight Dub)" Artist="Drugs" Composer="" Album="Da Minimal Funk Vol. 3" Grouping="" Genre="House/Deep/Tech/Jazzy" Kind="AIFF File" Size="72820760" TotalTime="412" DiscNumber="0" TrackNumber="6" Year="0" AverageBpm="116.49" DateAdded="2022-03-22" BitRate="1411" SampleRate="44100" Comments="12A - 5" PlayCount="4" Rating="0" Location="file://localhost/Users/zachvp/Music/DJ/06%20Chateau%20Flight%20Dub.aiff" Remixer="" Tonality="12A" Label="" Mix="">
      <TEMPO Inizio="0.257" Bpm="116.49" Metro="4/4" Battito="2" />
      <TEMPO Inizio="42.491" Bpm="116.49" Metro="4/4" Battito="4" />
      <TEMPO Inizio="76.999" Bpm="116.49" Metro="4/4" Battito="3" />
      <TEMPO Inizio="110.477" Bpm="116.49" Metro="4/4" Battito="4" />
      <TEMPO Inizio="144.470" Bpm="116.49" Metro="4/4" Battito="2" />
      <TEMPO Inizio="178.978" Bpm="116.49" Metro="4/4" Battito="1" />
      <TEMPO Inizio="213.486" Bpm="116.49" Metro="4/4" Battito="4" />
      <TEMPO Inizio="247.479" Bpm="116.49" Metro="4/4" Battito="2" />
      <TEMPO Inizio="280.957" Bpm="116.49" Metro="4/4" Battito="3" />
      <TEMPO Inizio="314.950" Bpm="116.49" Metro="4/4" Battito="1" />
      <TEMPO Inizio="338.642" Bpm="116.49" Metro="4/4" Battito="3" />
      <TEMPO Inizio="372.120" Bpm="116.49" Metro="4/4" Battito="4" />
      <TEMPO Inizio="406.113" Bpm="116.49" Metro="4/4" Battito="2" />
    </TRACK>
    <TRACK TrackID="156533384" Name="Aliens Don't Boogie" Artist="Thor" Composer="" Album="Thor - Consequences" Grouping="" Genre="House/Tech/Breaks" Kind="AIFF File" Size="153245474" TotalTime="578" DiscNumber="0" TrackNumber="1" Year="2020" AverageBpm="129.84" DateAdded="2022-03-22" BitRate="2116" SampleRate="44100" Comments="1A - 6" PlayCount="21" Rating="0" Location="file://localhost/Users/zachvp/Music/DJ/Thor%20-%20Thor%20-%20Aliens%20Don%27t%20Boogie.aiff" Remixer="" Tonality="1A" Label="" Mix="">
      <TEMPO Inizio="0.243" Bpm="129.84" Metro="4/4" Battito="1" />
      <TEMPO Inizio="1.630" Bpm="129.84" Metro="4/4" Battito="4" />
      <POSITION_MARK Name="" Type="0" Start="0.225" Num="-1" />
    </TRACK>
    <TRACK TrackID="166565020" Name="All Men Have Limits (Original Mix)" Artist="Thomas Ragsdale" Composer="" Album="Blüdhaven" Grouping="" Genre="Lounge/Ambient" Kind="AIFF File" Size="116033652" TotalTime="657" DiscNumber="0" TrackNumber="1" Year="2016" AverageBpm="117.62" DateAdded="2022-03-22" BitRate="1411" SampleRate="44100" Comments="3B - 3" PlayCount="1" Rating="0" Location="file://localhost/Users/zachvp/Music/DJ/Thomas%20Ragsdale%20-%20All%20Men%20Have%20Limits%20(Orig.aiff" Remixer="" Tonality="3B" Label="This Is It Forever" Mix="">
      <TEMPO Inizio="0.261" Bpm="117.62" Metro="4/4" Battito="1" />
      <TEMPO Inizio="1.792" Bpm="117.62" Metro="4/4" Battito="4" />
      <TEMPO Inizio="149.725" Bpm="117.62" Metro="4/4" Battito="2" />
      <TEMPO Inizio="306.330" Bpm="117.62" Metro="4/4" Battito="1" />
      <TEMPO Inizio="445.591" Bpm="117.62" Metro="4/4" Battito="2" />
      <TEMPO Inizio="593.524" Bpm="117.62" Metro="4/4" Battito="4" />
    </TRACK>
    <TRACK TrackID="12164532" Name="Us Now" Artist="Them Are Us Too" Composer="" Album="Remain" Grouping="" Genre="Lounge/Indie" Kind="AIFF File" Size="56687850" TotalTime="321" DiscNumber="0" TrackNumber="3" Year="2015" AverageBpm="128.55" DateAdded="2022-03-22" BitRate="1411" SampleRate="44100" Comments="7B - 6" PlayCount="1" Rating="0" Location="file://localhost/Users/zachvp/Music/DJ/Them%20Are%20Us%20Too%20-%20Us%20Now.aiff" Remixer="" Tonality="7B" Label="" Mix="">
      <TEMPO Inizio="0.395" Bpm="128.55" Metro="4/4" Battito="1" />
    </TRACK>
    <TRACK TrackID="221885892" Name="Ann Arbor" Artist="Soulphiction" Composer="" Album="Detroit Love Vol. 1 (Mixed By Stacey Pullen)" Grouping="" Genre="House/Deep/Tech/" Kind="AIFF File" Size="59470270" TotalTime="336" DiscNumber="0" TrackNumber="1" Year="2018" AverageBpm="122.00" DateAdded="2022-03-22" BitRate="1411" SampleRate="44100" Comments="10A - 7" PlayCount="20" Rating="0" Location="file://localhost/Users/zachvp/Music/DJ/Soulphiction%20-%20Ann%20Arbor.aiff" Remixer="" Tonality="10A" Label="" Mix="">
      <TEMPO Inizio="0.387" Bpm="122.00" Metro="4/4" Battito="2" />
      <POSITION_MARK Name="" Type="0" Start="235.979" Num="-1" />
    </TRACK>
    <TRACK TrackID="67144295" Name="You Know, Right? (Original Mix)" Artist="Skream" Composer="" Album="You Know, Right?" Grouping="" Genre="House/Tech/Breaks" Kind="AIFF File" Size="84144014" TotalTime="476" DiscNumber="0" TrackNumber="1" Year="2016" AverageBpm="135.00" DateAdded="2022-03-22" BitRate="1411" SampleRate="44100" Comments="5A - 5" PlayCount="3" Rating="0" Location="file://localhost/Users/zachvp/Music/DJ/Skream%20-%20You%20Know,%20Right-%20(Original%20Mix).aiff" Remixer="" Tonality="5A" Label="Crosstown Rebels" Mix="">
      <TEMPO Inizio="0.039" Bpm="135.00" Metro="4/4" Battito="1" />
      <TEMPO Inizio="92.484" Bpm="135.00" Metro="4/4" Battito="1" />
      <TEMPO Inizio="244.929" Bpm="135.00" Metro="4/4" Battito="4" />
      <TEMPO Inizio="401.374" Bpm="135.00" Metro="4/4" Battito="4" />
    </TRACK>
    <TRACK TrackID="46832492" Name="Sabrina (I Am A Party) (Original Mix)" Artist="Fred again.." Composer="" Album="Actual Life (April 14 - December 17 2020)" Grouping="" Genre="Lounge/Indie" Kind="AIFF File" Size="36231022" TotalTime="199" DiscNumber="0" TrackNumber="11" Year="2021" AverageBpm="104.00" DateAdded="2022-03-22" BitRate="1411" SampleRate="44100" Comments="5A - 7" PlayCount="2" Rating="0" Location="file://localhost/Users/zachvp/Music/DJ/15198611_Sabrina_(I_Am_A_Party)_(Original_Mix).aiff" Remixer="" Tonality="5A" Label="Atlantic Records UK" Mix="">
      <TEMPO Inizio="0.000" Bpm="104.00" Metro="4/4" Battito="3" />
    </TRACK>
    <TRACK TrackID="154142289" Name="Spooks (Original Mix)" Artist="Pryda" Composer="" Album="Spooks / Do It" Grouping="" Genre="House/Tech/Indie/Retro" Kind="AIFF File" Size="92612356" TotalTime="521" DiscNumber="0" TrackNumber="1" Year="2007" AverageBpm="130.00" DateAdded="2022-03-22" BitRate="1411" SampleRate="44100" Comments="5A - 7" PlayCount="2" Rating="0" Location="file://localhost/Users/zachvp/Music/DJ/66792_Spooks_(Original_Mix).aiff" Remixer="" Tonality="5A" Label="Pryda Recordings" Mix="">
      <TEMPO Inizio="0.352" Bpm="130.00" Metro="4/4" Battito="2" />
    </TRACK>
    <TRACK TrackID="140136475" Name="Lost Love (Original Mix)" Artist="CIREZ D" Composer="" Album="Knockout" Grouping="" Genre="House/Tech/Indie/Retro" Kind="AIFF File" Size="82754420" TotalTime="463" DiscNumber="0" TrackNumber="1" Year="2007" AverageBpm="130.65" DateAdded="2022-03-22" BitRate="1411" SampleRate="44100" Comments="1A - 8" PlayCount="9" Rating="0" Location="file://localhost/Users/zachvp/Music/DJ/67290_Lost_Love_(Original_Mix).aiff" Remixer="" Tonality="1A" Label="Mouseville" Mix="">
      <TEMPO Inizio="0.414" Bpm="130.65" Metro="4/4" Battito="1" />
      <TEMPO Inizio="28.886" Bpm="130.65" Metro="4/4" Battito="3" />
      <TEMPO Inizio="65.165" Bpm="130.65" Metro="4/4" Battito="2" />
      <TEMPO Inizio="103.281" Bpm="130.65" Metro="4/4" Battito="1" />
      <TEMPO Inizio="139.560" Bpm="130.65" Metro="4/4" Battito="4" />
      <TEMPO Inizio="175.839" Bpm="130.65" Metro="4/4" Battito="3" />
      <TEMPO Inizio="212.118" Bpm="130.65" Metro="4/4" Battito="2" />
      <TEMPO Inizio="248.397" Bpm="130.65" Metro="4/4" Battito="1" />
      <TEMPO Inizio="284.676" Bpm="130.65" Metro="4/4" Battito="4" />
      <TEMPO Inizio="320.955" Bpm="130.65" Metro="4/4" Battito="3" />
      <TEMPO Inizio="357.234" Bpm="130.65" Metro="4/4" Battito="2" />
      <TEMPO Inizio="395.350" Bpm="130.65" Metro="4/4" Battito="1" />
      <TEMPO Inizio="431.629" Bpm="130.65" Metro="4/4" Battito="4" />
      <POSITION_MARK Name="" Type="0" Start="2.254" Num="-1" />
      <POSITION_MARK Name="" Type="0" Start="90.432" Num="-1" />
      <POSITION_MARK Name="" Type="0" Start="237.367" Num="-1" />
      <POSITION_MARK Name="" Type="0" Start="281.462" Num="-1" />
      <POSITION_MARK Name="" Type="0" Start="369.632" Num="-1" />
    </TRACK>
    <TRACK TrackID="87568382" Name="Deep Inside (Original Mix)" Artist="CIREZ D" Composer="" Album="Deep Inside" Grouping="" Genre="House/Tech/Indie/Retro" Kind="AIFF File" Size="80438278" TotalTime="455" DiscNumber="0" TrackNumber="1" Year="2006" AverageBpm="128.00" DateAdded="2022-03-22" BitRate="1411" SampleRate="44100" Comments="6A - 6" PlayCount="0" Rating="0" Location="file://localhost/Users/zachvp/Music/DJ/103527_Deep_Inside_(Original_Mix).aiff" Remixer="" Tonality="6A" Label="Truesoul" Mix="">
      <TEMPO Inizio="0.397" Bpm="128.00" Metro="4/4" Battito="1" />
    </TRACK>
    <TRACK TrackID="263542505" Name="The End (Original Mix)" Artist="Shlohmo" Composer="" Album="The End" Grouping="" Genre="Lounge/Indie" Kind="AIFF File" Size="48873432" TotalTime="275" DiscNumber="0" TrackNumber="2" Year="2019" AverageBpm="128.00" DateAdded="2022-03-22" BitRate="1411" SampleRate="44100" Comments="8A - 3" PlayCount="0" Rating="0" Location="file://localhost/Users/zachvp/Music/DJ/Shlohmo%20-%20The%20End%20(Original%20Mix).aiff" Remixer="" Tonality="8A" Label="Friends of Friends Music" Mix="">
      <TEMPO Inizio="0.007" Bpm="128.00" Metro="4/4" Battito="1" />
    </TRACK>
    <TRACK TrackID="41049848" Name="Teeth" Artist="Shlohmo" Composer="" Album="Shlomoshun Redux" Grouping="" Genre="House/Deep/Tech/Breaks" Kind="AIFF File" Size="52173630" TotalTime="294" DiscNumber="0" TrackNumber="7" Year="2010" AverageBpm="72.00" DateAdded="2022-03-22" BitRate="1411" SampleRate="44100" Comments="11A - 5" PlayCount="1" Rating="0" Location="file://localhost/Users/zachvp/Music/DJ/Shlohmo%20-%20Teeth.aiff" Remixer="" Tonality="11A" Label="" Mix="">
      <TEMPO Inizio="0.392" Bpm="72.00" Metro="4/4" Battito="1" />
      <TEMPO Inizio="28.724" Bpm="72.00" Metro="4/4" Battito="3" />
      <TEMPO Inizio="51.223" Bpm="72.00" Metro="4/4" Battito="2" />
      <TEMPO Inizio="73.722" Bpm="72.00" Metro="4/4" Battito="1" />
      <TEMPO Inizio="102.054" Bpm="72.00" Metro="4/4" Battito="3" />
      <TEMPO Inizio="132.886" Bpm="72.00" Metro="4/4" Battito="4" />
      <TEMPO Inizio="155.385" Bpm="72.00" Metro="4/4" Battito="3" />
      <TEMPO Inizio="177.884" Bpm="72.00" Metro="4/4" Battito="2" />
      <TEMPO Inizio="197.883" Bpm="72.00" Metro="4/4" Battito="2" />
      <TEMPO Inizio="220.382" Bpm="72.00" Metro="4/4" Battito="1" />
      <TEMPO Inizio="242.881" Bpm="72.00" Metro="4/4" Battito="4" />
      <TEMPO Inizio="265.380" Bpm="72.00" Metro="4/4" Battito="3" />
    </TRACK>
    <TRACK TrackID="171118846" Name="Tides (C's Movement Number 1)" Artist="Beanfield" Composer="" Album="Tides" Grouping="" Genre="House/Tech/Indie/" Kind="AIFF File" Size="104874574" TotalTime="594" DiscNumber="0" TrackNumber="2" Year="2004" AverageBpm="125.00" DateAdded="2022-03-22" BitRate="1411" SampleRate="44100" Comments="8A - 6" PlayCount="2" Rating="0" Location="file://localhost/Users/zachvp/Music/DJ/179489_Tides_(C%27s_Movement_Number_1).aiff" Remixer="" Tonality="8A" Label="Compost" Mix="">
      <TEMPO Inizio="0.121" Bpm="125.00" Metro="4/4" Battito="1" />
      <TEMPO Inizio="61.562" Bpm="125.00" Metro="4/4" Battito="1" />
      <TEMPO Inizio="132.123" Bpm="125.00" Metro="4/4" Battito="4" />
      <TEMPO Inizio="202.684" Bpm="125.00" Metro="4/4" Battito="3" />
      <TEMPO Inizio="273.245" Bpm="125.00" Metro="4/4" Battito="2" />
      <TEMPO Inizio="343.806" Bpm="125.00" Metro="4/4" Battito="1" />
      <TEMPO Inizio="414.367" Bpm="125.00" Metro="4/4" Battito="4" />
      <TEMPO Inizio="484.928" Bpm="125.00" Metro="4/4" Battito="3" />
      <TEMPO Inizio="555.489" Bpm="125.00" Metro="4/4" Battito="2" />
      <POSITION_MARK Name="" Type="0" Start="254.034" Num="-1" />
      <POSITION_MARK Name="" Type="0" Start="30.836" Num="-1" />
      <POSITION_MARK Name="" Type="0" Start="130.671" Num="-1" />
      <POSITION_MARK Name="" Type="0" Start="437.886" Num="-1" />
      <POSITION_MARK Name="" Type="0" Start="518.523" Num="-1" />
      <POSITION_MARK Name="" Type="0" Start="361.074" Num="-1" />
    </TRACK>
    <TRACK TrackID="90803328" Name="Remember (Original Mix)" Artist="Pryda" Composer="" Album="Remember / Frankfurt" Grouping="" Genre="House/Tech/Indie/Retro" Kind="AIFF File" Size="90250792" TotalTime="511" DiscNumber="0" TrackNumber="1" Year="2007" AverageBpm="127.93" DateAdded="2022-03-22" BitRate="1411" SampleRate="44100" Comments="3A - 6" PlayCount="6" Rating="0" Location="file://localhost/Users/zachvp/Music/DJ/212375_Remember_(Original_Mix).aiff" Remixer="" Tonality="3A" Label="Pryda Recordings" Mix="">
      <TEMPO Inizio="0.074" Bpm="127.93" Metro="4/4" Battito="4" />
      <TEMPO Inizio="2.420" Bpm="127.93" Metro="4/4" Battito="1" />
      <TEMPO Inizio="24.933" Bpm="127.93" Metro="4/4" Battito="1" />
      <TEMPO Inizio="46.977" Bpm="127.93" Metro="4/4" Battito="4" />
      <TEMPO Inizio="69.021" Bpm="127.93" Metro="4/4" Battito="3" />
      <TEMPO Inizio="69.958" Bpm="127.93" Metro="4/4" Battito="1" />
      <TEMPO Inizio="70.897" Bpm="127.93" Metro="4/4" Battito="3" />
      <TEMPO Inizio="92.941" Bpm="127.93" Metro="4/4" Battito="2" />
      <TEMPO Inizio="115.454" Bpm="127.93" Metro="4/4" Battito="2" />
      <TEMPO Inizio="137.498" Bpm="127.93" Metro="4/4" Battito="1" />
      <TEMPO Inizio="159.542" Bpm="127.93" Metro="4/4" Battito="4" />
      <TEMPO Inizio="182.055" Bpm="127.93" Metro="4/4" Battito="4" />
      <TEMPO Inizio="204.099" Bpm="127.93" Metro="4/4" Battito="3" />
      <TEMPO Inizio="226.612" Bpm="127.93" Metro="4/4" Battito="3" />
      <TEMPO Inizio="248.656" Bpm="127.93" Metro="4/4" Battito="2" />
      <TEMPO Inizio="270.700" Bpm="127.93" Metro="4/4" Battito="1" />
      <TEMPO Inizio="272.106" Bpm="127.93" Metro="4/4" Battito="4" />
      <TEMPO Inizio="272.576" Bpm="127.93" Metro="4/4" Battito="1" />
      <TEMPO Inizio="294.620" Bpm="127.93" Metro="4/4" Battito="4" />
      <TEMPO Inizio="317.133" Bpm="127.93" Metro="4/4" Battito="4" />
      <TEMPO Inizio="339.177" Bpm="127.93" Metro="4/4" Battito="3" />
      <TEMPO Inizio="361.221" Bpm="127.93" Metro="4/4" Battito="2" />
      <TEMPO Inizio="383.734" Bpm="127.93" Metro="4/4" Battito="2" />
      <TEMPO Inizio="405.778" Bpm="127.93" Metro="4/4" Battito="1" />
      <TEMPO Inizio="427.822" Bpm="127.93" Metro="4/4" Battito="4" />
      <TEMPO Inizio="450.335" Bpm="127.93" Metro="4/4" Battito="4" />
      <TEMPO Inizio="472.379" Bpm="127.93" Metro="4/4" Battito="3" />
      <TEMPO Inizio="473.785" Bpm="127.93" Metro="4/4" Battito="2" />
      <TEMPO Inizio="474.255" Bpm="127.93" Metro="4/4" Battito="3" />
      <TEMPO Inizio="494.892" Bpm="127.93" Metro="4/4" Battito="3" />
      <TEMPO Inizio="495.360" Bpm="127.93" Metro="4/4" Battito="4" />
      <TEMPO Inizio="496.299" Bpm="127.93" Metro="4/4" Battito="2" />
      <POSITION_MARK Name="" Type="0" Start="0.543" Num="-1" />
      <POSITION_MARK Name="" Type="0" Start="420.553" Num="-1" />
    </TRACK>
    <TRACK TrackID="253798130" Name="Climbing Up The Walls (Original Mix)" Artist="Easy Star All-Stars" Composer="" Album="Radiodread" Grouping="" Genre="Lounge/" Kind="AIFF File" Size="52309848" TotalTime="296" DiscNumber="0" TrackNumber="9" Year="2006" AverageBpm="76.23" DateAdded="2022-03-22" BitRate="1411" SampleRate="44100" Comments="9A - 6" PlayCount="3" Rating="0" Location="file://localhost/Users/zachvp/Music/DJ/505859_Climbing_Up_The_Walls_(Original_Mix).aiff" Remixer="" Tonality="9A" Label="Easy Star Records" Mix="">
      <TEMPO Inizio="0.735" Bpm="76.24" Metro="4/4" Battito="2" />
      <POSITION_MARK Name="" Type="0" Start="18.835" Num="-1" />
    </TRACK>
    <TRACK TrackID="220353560" Name="1976" Artist="RJD2" Composer="" Album="Since We Last Spoke" Grouping="" Genre="Lounge/" Kind="AIFF File" Size="26092090" TotalTime="147" DiscNumber="0" TrackNumber="3" Year="2021" AverageBpm="102.83" DateAdded="2022-03-22" BitRate="1411" SampleRate="44100" Comments="10A - 6" PlayCount="1" Rating="0" Location="file://localhost/Users/zachvp/Music/DJ/RJD2%20-%201976.aiff" Remixer="" Tonality="10A" Label="" Mix="">
      <TEMPO Inizio="0.146" Bpm="102.83" Metro="4/4" Battito="2" />
      <TEMPO Inizio="0.730" Bpm="102.83" Metro="4/4" Battito="3" />
      <TEMPO Inizio="4.815" Bpm="102.83" Metro="4/4" Battito="2" />
      <TEMPO Inizio="28.155" Bpm="102.83" Metro="4/4" Battito="2" />
      <TEMPO Inizio="35.741" Bpm="102.83" Metro="4/4" Battito="3" />
      <TEMPO Inizio="59.081" Bpm="102.83" Metro="4/4" Battito="3" />
      <TEMPO Inizio="66.667" Bpm="102.83" Metro="4/4" Battito="4" />
      <TEMPO Inizio="90.007" Bpm="102.83" Metro="4/4" Battito="4" />
      <TEMPO Inizio="97.593" Bpm="102.83" Metro="4/4" Battito="1" />
      <TEMPO Inizio="120.933" Bpm="102.83" Metro="4/4" Battito="1" />
      <TEMPO Inizio="128.519" Bpm="102.83" Metro="4/4" Battito="2" />
    </TRACK>
    <TRACK TrackID="10198085" Name="Part Of Your Life (Croquet Club Remix)" Artist="Aquilo" Composer="" Album="Anjunadeep 06 Sampler: Part 1" Grouping="" Genre="Lounge/Ambient" Kind="AIFF File" Size="45727330" TotalTime="258" DiscNumber="0" TrackNumber="2" Year="2014" AverageBpm="120.00" DateAdded="2022-03-22" BitRate="1411" SampleRate="44100" Comments="8A - 5" PlayCount="4" Rating="0" Location="file://localhost/Users/zachvp/Music/DJ/Aquilo%20-%20Part%20Of%20Your%20Life%20(Croquet%20Club%20Remix).aiff" Remixer="" Tonality="8A" Label="" Mix="">
      <TEMPO Inizio="0.283" Bpm="120.00" Metro="4/4" Battito="1" />
      <TEMPO Inizio="25.282" Bpm="120.00" Metro="4/4" Battito="3" />
      <TEMPO Inizio="25.783" Bpm="120.00" Metro="4/4" Battito="4" />
      <TEMPO Inizio="26.282" Bpm="120.00" Metro="4/4" Battito="1" />
      <TEMPO Inizio="50.281" Bpm="120.00" Metro="4/4" Battito="1" />
      <TEMPO Inizio="50.782" Bpm="120.00" Metro="4/4" Battito="2" />
      <TEMPO Inizio="51.281" Bpm="120.00" Metro="4/4" Battito="3" />
      <TEMPO Inizio="76.280" Bpm="120.00" Metro="4/4" Battito="1" />
      <TEMPO Inizio="76.781" Bpm="120.00" Metro="4/4" Battito="2" />
      <TEMPO Inizio="77.280" Bpm="120.00" Metro="4/4" Battito="3" />
      <TEMPO Inizio="102.779" Bpm="120.00" Metro="4/4" Battito="2" />
      <TEMPO Inizio="103.280" Bpm="120.00" Metro="4/4" Battito="3" />
      <TEMPO Inizio="103.779" Bpm="120.00" Metro="4/4" Battito="4" />
      <TEMPO Inizio="128.778" Bpm="120.00" Metro="4/4" Battito="2" />
      <TEMPO Inizio="153.777" Bpm="120.00" Metro="4/4" Battito="4" />
      <TEMPO Inizio="154.278" Bpm="120.00" Metro="4/4" Battito="1" />
      <TEMPO Inizio="154.777" Bpm="120.00" Metro="4/4" Battito="2" />
      <TEMPO Inizio="179.776" Bpm="120.00" Metro="4/4" Battito="4" />
      <TEMPO Inizio="180.277" Bpm="120.00" Metro="4/4" Battito="1" />
      <TEMPO Inizio="180.776" Bpm="120.00" Metro="4/4" Battito="2" />
      <TEMPO Inizio="204.775" Bpm="120.00" Metro="4/4" Battito="2" />
      <TEMPO Inizio="205.276" Bpm="120.00" Metro="4/4" Battito="3" />
      <TEMPO Inizio="205.775" Bpm="120.00" Metro="4/4" Battito="4" />
      <TEMPO Inizio="230.774" Bpm="120.00" Metro="4/4" Battito="2" />
      <TEMPO Inizio="231.275" Bpm="120.00" Metro="4/4" Battito="3" />
      <TEMPO Inizio="231.774" Bpm="120.00" Metro="4/4" Battito="4" />
      <TEMPO Inizio="256.773" Bpm="120.00" Metro="4/4" Battito="2" />
    </TRACK>
    <TRACK TrackID="160561140" Name="Finger Food (Original Mix)" Artist="Benny Benassi" Composer="" Album="Rock 'N' Rave" Grouping="" Genre="House/Tech/Indie/Progressive/Electro" Kind="AIFF File" Size="76074362" TotalTime="431" DiscNumber="0" TrackNumber="1" Year="2008" AverageBpm="126.00" DateAdded="2022-03-22" BitRate="1411" SampleRate="44100" Comments="5A - 7" PlayCount="0" Rating="0" Location="file://localhost/Users/zachvp/Music/DJ/590334_Finger_Food_(Original_Mix).aiff" Remixer="" Tonality="5A" Label="Ultra" Mix="">
      <TEMPO Inizio="0.123" Bpm="126.00" Metro="4/4" Battito="1" />
      <TEMPO Inizio="266.314" Bpm="126.00" Metro="4/4" Battito="4" />
    </TRACK>
    <TRACK TrackID="98315161" Name="Ron Hardy Said (Eric Prydz Remix)" Artist="Jim Rivers, Paolo Mojo" Composer="" Album="Ron Hardy Said" Grouping="" Genre="House/Tech/Indie/Retro" Kind="AIFF File" Size="82304234" TotalTime="461" DiscNumber="0" TrackNumber="2" Year="2008" AverageBpm="125.00" DateAdded="2022-03-22" BitRate="1411" SampleRate="44100" Comments="2A - 7" PlayCount="1" Rating="0" Location="file://localhost/Users/zachvp/Music/DJ/698932_Ron_Hardy_Said_(Eric_Prydz_Remix).aiff" Remixer="" Tonality="2A" Label="Mouseville" Mix="">
      <TEMPO Inizio="0.051" Bpm="125.00" Metro="4/4" Battito="1" />
      <TEMPO Inizio="60.050" Bpm="125.00" Metro="4/4" Battito="2" />
      <TEMPO Inizio="322.609" Bpm="125.00" Metro="4/4" Battito="1" />
      <POSITION_MARK Name="" Type="0" Start="0.045" Num="-1" />
      <POSITION_MARK Name="" Type="0" Start="314.935" Num="-1" />
    </TRACK>
    <TRACK TrackID="110428489" Name="Fast Forward (Original Mix)" Artist="CIREZ D" Composer="" Album="On Off / Fast Forward" Grouping="" Genre="House/Techno/Downtempo" Kind="AIFF File" Size="91453038" TotalTime="517" DiscNumber="0" TrackNumber="2" Year="2009" AverageBpm="127.98" DateAdded="2022-03-22" BitRate="1411" SampleRate="44100" Comments="9A - 6" PlayCount="7" Rating="0" Location="file://localhost/Users/zachvp/Music/DJ/906448_Fast_Forward_(Original_Mix).aiff" Remixer="" Tonality="9A" Label="Mouseville" Mix="">
      <TEMPO Inizio="0.003" Bpm="127.98" Metro="4/4" Battito="1" />
    </TRACK>
    <TRACK TrackID="177424514" Name="Just Like Arcadia" Artist="Psychic TV" Composer="" Album="Allegory &amp; Self" Grouping="" Genre="Lounge/Indie" Kind="AIFF File" Size="42403526" TotalTime="239" DiscNumber="0" TrackNumber="2" Year="2017" AverageBpm="138.00" DateAdded="2022-03-22" BitRate="1411" SampleRate="44100" Comments="12B - 6" PlayCount="2" Rating="0" Location="file://localhost/Users/zachvp/Music/DJ/Psychic%20TV%20-%20Just%20Like%20Arcadia.aiff" Remixer="" Tonality="12B" Label="" Mix="">
      <TEMPO Inizio="0.213" Bpm="138.00" Metro="4/4" Battito="1" />
    </TRACK>
    <TRACK TrackID="186735363" Name="Reckless With Your Love (Tensnake Remix)" Artist="Azari &amp; III" Composer="" Album="10 JAHRE PERMANENT VACATION RAKETENMIX" Grouping="" Genre="Lounge/Indie" Kind="AIFF File" Size="74422706" TotalTime="421" DiscNumber="0" TrackNumber="11" Year="2017" AverageBpm="112.02" DateAdded="2022-03-22" BitRate="1411" SampleRate="44100" Comments="7A - 7" PlayCount="2" Rating="0" Location="file://localhost/Users/zachvp/Music/DJ/Azari%20%26%20III%20-%20Reckless%20With%20Your%20Love%20(Tensnake%20Remix).aiff" Remixer="" Tonality="7A" Label="" Mix="">
      <TEMPO Inizio="0.101" Bpm="112.02" Metro="4/4" Battito="1" />
      <POSITION_MARK Name="" Type="0" Start="8.672" Num="-1" />
      <POSITION_MARK Name="" Type="0" Start="25.811" Num="-1" />
      <POSITION_MARK Name="" Type="0" Start="42.951" Num="-1" />
      <POSITION_MARK Name="" Type="0" Start="60.091" Num="-1" />
      <POSITION_MARK Name="" Type="0" Start="197.216" Num="-1" />
      <POSITION_MARK Name="" Type="0" Start="257.236" Num="-1" />
      <POSITION_MARK Name="" Type="0" Start="291.485" Num="-1" />
      <POSITION_MARK Name="" Type="0" Start="300.058" Num="-1" />
      <POSITION_MARK Name="" Type="0" Start="377.231" Num="-1" />
      <POSITION_MARK Name="" Type="0" Start="360.086" Num="-1" />
    </TRACK>
    <TRACK TrackID="228518955" Name="Hypnotized feat. Fran (Original Mix)" Artist="Oliver Koletzki" Composer="" Album="Hypnotized" Grouping="" Genre="House/Deep/Melodic" Kind="AIFF File" Size="60151970" TotalTime="340" DiscNumber="0" TrackNumber="1" Year="2009" AverageBpm="123.00" DateAdded="2022-03-22" BitRate="1411" SampleRate="44100" Comments="9A - 6" PlayCount="0" Rating="0" Location="file://localhost/Users/zachvp/Music/DJ/914286_Hypnotized_feat._Fran_(Original_Mix).aiff" Remixer="" Tonality="9A" Label="Stil Vor Talent" Mix="">
      <TEMPO Inizio="0.358" Bpm="123.00" Metro="4/4" Battito="4" />
    </TRACK>
    <TRACK TrackID="200938417" Name="Feel Me Wondering (feat. The Cynic Project) (Vocal Mix)" Artist="Blugazer" Composer="" Album="Feel Me Wondering" Grouping="" Genre="House/Deep/Tech/Spacey" Kind="AIFF File" Size="79720192" TotalTime="450" DiscNumber="0" TrackNumber="1" Year="2015" AverageBpm="122.00" DateAdded="2022-03-22" BitRate="1411" SampleRate="44100" Comments="2A - 7" PlayCount="2" Rating="0" Location="file://localhost/Users/zachvp/Music/DJ/Blugazer%20-%20Feel%20Me%20Wondering%20(feat.%20The%20Cynic%20Project)%20(Vocal%20Mix).aiff" Remixer="" Tonality="2A" Label="" Mix="">
      <TEMPO Inizio="0.125" Bpm="122.00" Metro="4/4" Battito="1" />
    </TRACK>
    <TRACK TrackID="267604016" Name="Cybersin" Artist="POL" Composer="" Album="PLAY" Grouping="" Genre="Lounge/Ambient" Kind="AIFF File" Size="96738234" TotalTime="548" DiscNumber="0" TrackNumber="6" Year="2013" AverageBpm="90.00" DateAdded="2022-03-22" BitRate="1411" SampleRate="44100" Comments="7A - 4" PlayCount="3" Rating="0" Location="file://localhost/Users/zachvp/Music/DJ/POL%20-%20Cybersin.aiff" Remixer="" Tonality="7A" Label="" Mix="">
      <TEMPO Inizio="0.417" Bpm="90.00" Metro="4/4" Battito="4" />
    </TRACK>
    <TRACK TrackID="42751744" Name="Exit (Original Mix)" Artist="CIREZ D" Composer="" Album="The Tumble / Exit" Grouping="" Genre="House/Deep/Tech/Spacey" Kind="AIFF File" Size="97460394" TotalTime="551" DiscNumber="0" TrackNumber="2" Year="2010" AverageBpm="126.00" DateAdded="2022-03-22" BitRate="1411" SampleRate="44100" Comments="9A - 6" PlayCount="1" Rating="0" Location="file://localhost/Users/zachvp/Music/DJ/1251125_Exit_(Original_Mix).aiff" Remixer="" Tonality="9A" Label="Mouseville" Mix="">
      <TEMPO Inizio="0.148" Bpm="126.00" Metro="4/4" Battito="1" />
      <TEMPO Inizio="0.625" Bpm="126.00" Metro="4/4" Battito="2" />
      <TEMPO Inizio="196.816" Bpm="126.00" Metro="4/4" Battito="2" />
      <TEMPO Inizio="413.007" Bpm="126.00" Metro="4/4" Battito="4" />
    </TRACK>
    <TRACK TrackID="13581423" Name="The End (Original Mix)" Artist="Pryda" Composer="" Album="M.S.B.O.Y/ The End" Grouping="" Genre="House/Deep/Tech/Spacey" Kind="AIFF File" Size="95466854" TotalTime="540" DiscNumber="0" TrackNumber="2" Year="2010" AverageBpm="126.00" DateAdded="2022-03-22" BitRate="1411" SampleRate="44100" Comments="9A - 6" PlayCount="2" Rating="0" Location="file://localhost/Users/zachvp/Music/DJ/1277401_The_End_(Original_Mix).aiff" Remixer="" Tonality="9A" Label="Pryda Recordings" Mix="">
      <TEMPO Inizio="0.314" Bpm="126.00" Metro="4/4" Battito="3" />
      <TEMPO Inizio="0.791" Bpm="126.00" Metro="4/4" Battito="4" />
      <TEMPO Inizio="218.409" Bpm="126.00" Metro="4/4" Battito="1" />
      <TEMPO Inizio="483.646" Bpm="126.00" Metro="4/4" Battito="2" />
    </TRACK>
    <TRACK TrackID="16453185" Name="Why Can't You Be Real (Danny's 12&quot; Version)" Artist="Byron Stingily" Composer="" Album="DJ-Kicks (Seth Troxler)" Grouping="" Genre="House/Tech/Indie/Disco" Kind="AIFF File" Size="79866988" TotalTime="451" DiscNumber="0" TrackNumber="13" Year="2015" AverageBpm="125.00" DateAdded="2022-03-22" BitRate="1411" SampleRate="44100" Comments="6A - 5" PlayCount="0" Rating="0" Location="file://localhost/Users/zachvp/Music/DJ/Byron%20Stingily%20-%20DJ-Kicks%20(Seth%20Troxler)%20-%2013%20Why%20Can%27t%20You%20Be%20Real%20(Danny%27s%2012-%20Version).aiff" Remixer="" Tonality="6A" Label="" Mix="">
      <TEMPO Inizio="0.173" Bpm="125.00" Metro="4/4" Battito="3" />
      <TEMPO Inizio="81.774" Bpm="125.00" Metro="4/4" Battito="1" />
      <TEMPO Inizio="219.535" Bpm="125.00" Metro="4/4" Battito="4" />
      <TEMPO Inizio="357.296" Bpm="125.00" Metro="4/4" Battito="3" />
    </TRACK>
    <TRACK TrackID="247385505" Name="Comin’ On Strong (Jamie 3:26 Edit)" Artist="Calendar / Braxton Holmes" Composer="" Album="Comin' On Strong / Stomps &amp; Shouts (Jamie 3:26 Edits)" Grouping="" Genre="House/Tech/Indie/Disco" Kind="AIFF File" Size="94873724" TotalTime="536" DiscNumber="0" TrackNumber="1" Year="2018" AverageBpm="114.59" DateAdded="2022-03-22" BitRate="1411" SampleRate="44100" Comments="9A - 7" PlayCount="1" Rating="0" Location="file://localhost/Users/zachvp/Music/DJ/Calendar%20-%20Braxton%20Holmes%20-%20Calendar%20%e2%80%93%20Comin%e2%80%99%20On%20Strong%20(Jamie%203-26%20Edit).aiff" Remixer="" Tonality="9A" Label="" Mix="">
      <TEMPO Inizio="0.060" Bpm="114.59" Metro="4/4" Battito="1" />
      <TEMPO Inizio="36.820" Bpm="115.09" Metro="4/4" Battito="2" />
      <TEMPO Inizio="76.963" Bpm="115.09" Metro="4/4" Battito="3" />
      <TEMPO Inizio="77.998" Bpm="115.83" Metro="4/4" Battito="1" />
      <TEMPO Inizio="106.213" Bpm="115.61" Metro="4/4" Battito="4" />
      <TEMPO Inizio="149.503" Bpm="115.61" Metro="4/4" Battito="2" />
      <TEMPO Inizio="163.477" Bpm="115.83" Metro="4/4" Battito="1" />
      <TEMPO Inizio="188.306" Bpm="115.83" Metro="4/4" Battito="1" />
      <TEMPO Inizio="204.854" Bpm="115.83" Metro="4/4" Battito="1" />
      <TEMPO Inizio="222.383" Bpm="117.26" Metro="4/4" Battito="2" />
      <TEMPO Inizio="248.420" Bpm="117.42" Metro="4/4" Battito="1" />
      <TEMPO Inizio="274.946" Bpm="116.17" Metro="4/4" Battito="3" />
      <TEMPO Inizio="276.496" Bpm="116.17" Metro="4/4" Battito="2" />
      <TEMPO Inizio="292.519" Bpm="115.61" Metro="4/4" Battito="1" />
      <TEMPO Inizio="317.409" Bpm="116.05" Metro="4/4" Battito="1" />
      <TEMPO Inizio="329.795" Bpm="113.85" Metro="4/4" Battito="1" />
      <TEMPO Inizio="336.045" Bpm="114.07" Metro="4/4" Battito="1" />
      <TEMPO Inizio="346.358" Bpm="114.07" Metro="4/4" Battito="1" />
      <TEMPO Inizio="349.462" Bpm="114.07" Metro="4/4" Battito="3" />
      <TEMPO Inizio="350.440" Bpm="114.07" Metro="4/4" Battito="1" />
      <TEMPO Inizio="353.508" Bpm="117.42" Metro="4/4" Battito="3" />
      <TEMPO Inizio="357.563" Bpm="117.42" Metro="4/4" Battito="3" />
      <TEMPO Inizio="362.582" Bpm="117.42" Metro="4/4" Battito="1" />
      <TEMPO Inizio="374.817" Bpm="118.58" Metro="4/4" Battito="1" />
      <TEMPO Inizio="390.958" Bpm="118.58" Metro="4/4" Battito="1" />
      <TEMPO Inizio="408.661" Bpm="115.83" Metro="4/4" Battito="4" />
      <TEMPO Inizio="414.305" Bpm="117.65" Metro="4/4" Battito="3" />
      <TEMPO Inizio="421.472" Bpm="115.83" Metro="4/4" Battito="1" />
      <TEMPO Inizio="437.920" Bpm="115.83" Metro="4/4" Battito="1" />
      <TEMPO Inizio="440.442" Bpm="117.65" Metro="4/4" Battito="2" />
      <TEMPO Inizio="443.961" Bpm="118.11" Metro="4/4" Battito="1" />
      <TEMPO Inizio="455.138" Bpm="117.42" Metro="4/4" Battito="3" />
      <TEMPO Inizio="460.295" Bpm="116.96" Metro="4/4" Battito="1" />
      <TEMPO Inizio="479.641" Bpm="117.65" Metro="4/4" Battito="3" />
      <TEMPO Inizio="486.224" Bpm="118.81" Metro="4/4" Battito="4" />
      <TEMPO Inizio="500.836" Bpm="119.52" Metro="4/4" Battito="1" />
      <TEMPO Inizio="504.330" Bpm="118.11" Metro="4/4" Battito="4" />
      <TEMPO Inizio="512.984" Bpm="117.42" Metro="4/4" Battito="1" />
      <POSITION_MARK Name="" Type="0" Start="223.935" Num="-1" />
      <POSITION_MARK Name="" Type="0" Start="275.985" Num="-1" />
      <POSITION_MARK Name="" Type="0" Start="437.906" Num="-1" />
      <POSITION_MARK Name="" Type="0" Start="38.401" Num="-1" />
      <POSITION_MARK Name="" Type="4" Start="423.020" End="427.164" Num="-1" />
    </TRACK>
    <TRACK TrackID="98503163" Name="Surrender (Grum Radio Edit)" Artist="Cash Cash" Composer="" Album="" Grouping="" Genre="House/Tech/Indie/Progressive" Kind="MP3 File" Size="11120120" TotalTime="238" DiscNumber="0" TrackNumber="0" Year="0" AverageBpm="128.00" DateAdded="2022-03-22" BitRate="320" SampleRate="44100" Comments="3A - 7" PlayCount="1" Rating="0" Location="file://localhost/Users/zachvp/Music/DJ/Cash%20Cash%20-%20Surrender%20(Grum%20Radio%20Edit).mp3" Remixer="" Tonality="3A" Label="" Mix="">
      <TEMPO Inizio="0.262" Bpm="128.00" Metro="4/4" Battito="4" />
    </TRACK>
    <TRACK TrackID="84451158" Name="Sweet Chariot (Kerri &quot;Kaoz 6:23&quot; Chandler Dramatic Dub)" Artist="Club Artists United" Composer="" Album="DJ-Kicks (Seth Troxler)" Grouping="" Genre="House/Tech/Indie/Disco" Kind="AIFF File" Size="75955642" TotalTime="429" DiscNumber="0" TrackNumber="8" Year="2015" AverageBpm="127.07" DateAdded="2022-03-22" BitRate="1411" SampleRate="44100" Comments="7A - 6" PlayCount="0" Rating="0" Location="file://localhost/Users/zachvp/Music/DJ/Club%20Artists%20United%20-%20DJ-Kicks%20(Seth%20Troxler)%20-%2008%20Sweet%20Chariot%20(Kerri%20-Kaoz%206-23-%20Chandler%20Dramatic%20Dub).aiff" Remixer="" Tonality="7A" Label="" Mix="">
      <TEMPO Inizio="0.396" Bpm="127.07" Metro="4/4" Battito="2" />
      <TEMPO Inizio="0.869" Bpm="127.07" Metro="4/4" Battito="3" />
    </TRACK>
    <TRACK TrackID="120819583" Name="Latin Fever (Original Mix)" Artist="Wolfgang Gartner" Composer="" Album="Fire Power / Latin Fever" Grouping="" Genre="House/Tech/Organic" Kind="AIFF File" Size="74574188" TotalTime="421" DiscNumber="0" TrackNumber="2" Year="2010" AverageBpm="128.00" DateAdded="2022-03-22" BitRate="1411" SampleRate="44100" Comments="6A - 6" PlayCount="3" Rating="0" Location="file://localhost/Users/zachvp/Music/DJ/1485344_Latin_Fever_(Original_Mix).aiff" Remixer="" Tonality="6A" Label="Ultra" Mix="">
      <TEMPO Inizio="0.002" Bpm="128.00" Metro="4/4" Battito="1" />
    </TRACK>
    <TRACK TrackID="50761295" Name="The Swimmer (Original Mix)" Artist="Phil France" Composer="" Album="The Swimmer" Grouping="" Genre="Lounge/Ambient" Kind="AIFF File" Size="44573524" TotalTime="251" DiscNumber="0" TrackNumber="1" Year="2017" AverageBpm="120.05" DateAdded="2022-03-22" BitRate="1411" SampleRate="44100" Comments="2A - 2" PlayCount="0" Rating="0" Location="file://localhost/Users/zachvp/Music/DJ/Phil%20France%20-%20The%20Swimmer%20(Original%20Mix).aiff" Remixer="" Tonality="2A" Label="Gondwana Records" Mix="">
      <TEMPO Inizio="0.081" Bpm="120.05" Metro="4/4" Battito="1" />
    </TRACK>
    <TRACK TrackID="225141015" Name="Knowing We'll Be Here (KiNK Remix)" Artist="Daniel Avery" Composer="" Album="Knowing We'll Be Here" Grouping="" Genre="House/Tech/Indie/" Kind="AIFF File" Size="59025218" TotalTime="333" DiscNumber="0" TrackNumber="2" Year="2014" AverageBpm="121.01" DateAdded="2022-03-22" BitRate="1411" SampleRate="44100" Comments="7B - 6" PlayCount="2" Rating="0" Location="file://localhost/Users/zachvp/Music/DJ/Daniel%20Avery%20-%20Knowing%20We%27ll%20Be%20Here%20(KiNK%20Remix).aiff" Remixer="" Tonality="7B" Label="" Mix="">
      <TEMPO Inizio="0.003" Bpm="121.01" Metro="4/4" Battito="1" />
      <POSITION_MARK Name="" Type="0" Start="63.468" Num="-1" />
      <POSITION_MARK Name="" Type="0" Start="269.722" Num="-1" />
    </TRACK>
    <TRACK TrackID="159823014" Name="How Would U Feel ft. Lea Lorién" Artist="David Morales" Composer="" Album="" Grouping="" Genre="House/Tech/Indie/Progressive" Kind="AIFF File" Size="61694826" TotalTime="349" DiscNumber="0" TrackNumber="0" Year="0" AverageBpm="127.98" DateAdded="2022-03-22" BitRate="1411" SampleRate="44100" Comments="6A - 7" PlayCount="0" Rating="0" Location="file://localhost/Users/zachvp/Music/DJ/David%20Morales%20-%20How%20Would%20U%20Feel%20feat.%20Lea-.aiff" Remixer="" Tonality="6A" Label="Ultra" Mix="">
      <TEMPO Inizio="0.174" Bpm="127.98" Metro="4/4" Battito="1" />
    </TRACK>
    <TRACK TrackID="41611308" Name="American Trash (Original Mix)" Artist="Innerpartysystem" Composer="" Album="Never Be Content EP" Grouping="" Genre="House/Tech/Indie/Progressive/Electro" Kind="AIFF File" Size="51194410" TotalTime="290" DiscNumber="0" TrackNumber="3" Year="2011" AverageBpm="127.98" DateAdded="2022-03-22" BitRate="1411" SampleRate="44100" Comments="12A - 7" PlayCount="0" Rating="0" Location="file://localhost/Users/zachvp/Music/DJ/2027723_American_Trash_(Original_Mix).aiff" Remixer="" Tonality="12A" Label="Red Bull Records" Mix="">
      <TEMPO Inizio="0.338" Bpm="127.98" Metro="4/4" Battito="4" />
    </TRACK>
    <TRACK TrackID="212873886" Name="Out of Touch (Original Mix)" Artist="Innerpartysystem" Composer="" Album="Never Be Content EP" Grouping="" Genre="House/Tech/Indie/" Kind="AIFF File" Size="55496924" TotalTime="314" DiscNumber="0" TrackNumber="4" Year="2011" AverageBpm="122.98" DateAdded="2022-03-22" BitRate="1411" SampleRate="44100" Comments="11A - 7" PlayCount="1" Rating="0" Location="file://localhost/Users/zachvp/Music/DJ/2027724_Out_of_Touch_(Original_Mix).aiff" Remixer="" Tonality="11A" Label="Red Bull Records" Mix="">
      <TEMPO Inizio="0.200" Bpm="122.98" Metro="4/4" Battito="1" />
    </TRACK>
    <TRACK TrackID="155410323" Name="The Credit Card (Original Tribe Mix)" Artist="Dean Street Crew feat. Sweet Pussy Pauline" Composer="" Album="DJ-Kicks (Seth Troxler)" Grouping="" Genre="House/Deep/Tech/Jazzy" Kind="AIFF File" Size="70124412" TotalTime="396" DiscNumber="0" TrackNumber="15" Year="2015" AverageBpm="122.00" DateAdded="2022-03-22" BitRate="1411" SampleRate="44100" Comments="2A - 7" PlayCount="0" Rating="0" Location="file://localhost/Users/zachvp/Music/DJ/Dean%20Street%20Crew%20feat.%20Sweet%20Pussy%20Pauline%20-%20DJ-Kicks%20(Seth%20Troxler)%20-%2015%20The%20Credit%20Card%20(Original%20Tribe%20Mix).aiff" Remixer="" Tonality="2A" Label="" Mix="">
      <TEMPO Inizio="0.043" Bpm="122.00" Metro="4/4" Battito="1" />
    </TRACK>
    <TRACK TrackID="46821933" Name="Dreaming Again" Artist="Derrick L. Carter" Composer="" Album="DJ-Kicks (Seth Troxler)" Grouping="" Genre="House/Tech/Organic" Kind="AIFF File" Size="102189990" TotalTime="577" DiscNumber="0" TrackNumber="12" Year="2015" AverageBpm="124.99" DateAdded="2022-03-22" BitRate="1411" SampleRate="44100" Comments="3A - 7" PlayCount="0" Rating="0" Location="file://localhost/Users/zachvp/Music/DJ/Derrick%20L.%20Carter%20-%20DJ-Kicks%20(Seth%20Troxler)%20-%2012%20Dreaming%20Again.aiff" Remixer="" Tonality="3A" Label="" Mix="">
      <TEMPO Inizio="0.064" Bpm="124.99" Metro="4/4" Battito="1" />
      <TEMPO Inizio="16.866" Bpm="124.99" Metro="4/4" Battito="4" />
      <TEMPO Inizio="47.109" Bpm="124.99" Metro="4/4" Battito="3" />
      <TEMPO Inizio="76.872" Bpm="124.99" Metro="4/4" Battito="1" />
      <TEMPO Inizio="106.635" Bpm="124.99" Metro="4/4" Battito="3" />
      <TEMPO Inizio="136.878" Bpm="124.99" Metro="4/4" Battito="2" />
      <TEMPO Inizio="167.601" Bpm="124.99" Metro="4/4" Battito="2" />
      <TEMPO Inizio="197.364" Bpm="124.99" Metro="4/4" Battito="4" />
      <TEMPO Inizio="227.607" Bpm="124.99" Metro="4/4" Battito="3" />
      <TEMPO Inizio="257.370" Bpm="124.99" Metro="4/4" Battito="1" />
      <TEMPO Inizio="287.133" Bpm="124.99" Metro="4/4" Battito="3" />
      <TEMPO Inizio="317.376" Bpm="124.99" Metro="4/4" Battito="2" />
      <TEMPO Inizio="347.139" Bpm="124.99" Metro="4/4" Battito="4" />
      <TEMPO Inizio="376.902" Bpm="124.99" Metro="4/4" Battito="2" />
      <TEMPO Inizio="407.145" Bpm="124.99" Metro="4/4" Battito="1" />
      <TEMPO Inizio="436.908" Bpm="124.99" Metro="4/4" Battito="3" />
      <TEMPO Inizio="466.671" Bpm="124.99" Metro="4/4" Battito="1" />
      <TEMPO Inizio="496.914" Bpm="124.99" Metro="4/4" Battito="4" />
      <TEMPO Inizio="526.677" Bpm="124.99" Metro="4/4" Battito="2" />
      <TEMPO Inizio="556.920" Bpm="124.99" Metro="4/4" Battito="1" />
    </TRACK>
    <TRACK TrackID="97477197" Name="Bodenweich" Artist="DJ Koze" Composer="" Album="DJ-Kicks (Seth Troxler)" Grouping="" Genre="House/Deep/Tech/Jazzy" Kind="AIFF File" Size="47069130" TotalTime="265" DiscNumber="0" TrackNumber="3" Year="2015" AverageBpm="118.72" DateAdded="2022-03-22" BitRate="1411" SampleRate="44100" Comments="9A - 2" PlayCount="0" Rating="0" Location="file://localhost/Users/zachvp/Music/DJ/DJ%20Koze%20-%20DJ-Kicks%20(Seth%20Troxler)%20-%2003%20Bodenweich.aiff" Remixer="" Tonality="9A" Label="" Mix="">
      <TEMPO Inizio="0.246" Bpm="118.72" Metro="4/4" Battito="3" />
      <TEMPO Inizio="0.752" Bpm="118.72" Metro="4/4" Battito="4" />
      <TEMPO Inizio="12.882" Bpm="118.72" Metro="4/4" Battito="4" />
      <TEMPO Inizio="31.582" Bpm="118.72" Metro="4/4" Battito="1" />
      <TEMPO Inizio="46.239" Bpm="118.72" Metro="4/4" Battito="2" />
      <TEMPO Inizio="64.939" Bpm="118.72" Metro="4/4" Battito="3" />
      <TEMPO Inizio="77.069" Bpm="118.72" Metro="4/4" Battito="3" />
      <TEMPO Inizio="95.769" Bpm="118.72" Metro="4/4" Battito="4" />
      <TEMPO Inizio="110.426" Bpm="118.72" Metro="4/4" Battito="1" />
      <TEMPO Inizio="129.126" Bpm="118.72" Metro="4/4" Battito="2" />
      <TEMPO Inizio="141.256" Bpm="118.72" Metro="4/4" Battito="2" />
      <TEMPO Inizio="158.440" Bpm="118.72" Metro="4/4" Battito="4" />
      <TEMPO Inizio="177.140" Bpm="118.72" Metro="4/4" Battito="1" />
      <TEMPO Inizio="191.797" Bpm="118.72" Metro="4/4" Battito="2" />
      <TEMPO Inizio="210.497" Bpm="118.72" Metro="4/4" Battito="3" />
      <TEMPO Inizio="222.627" Bpm="118.72" Metro="4/4" Battito="3" />
      <TEMPO Inizio="241.327" Bpm="118.72" Metro="4/4" Battito="4" />
      <TEMPO Inizio="255.984" Bpm="118.72" Metro="4/4" Battito="1" />
    </TRACK>
    <TRACK TrackID="73085736" Name="Illumination (feat. Róisín Murphy)" Artist="Dj Koze" Composer="" Album="knock knock - (PAMPACD013)" Grouping="" Genre="House/Tech/Indie/" Kind="AIFF File" Size="47961074" TotalTime="271" DiscNumber="0" TrackNumber="7" Year="2018" AverageBpm="119.87" DateAdded="2022-03-22" BitRate="1411" SampleRate="44100" Comments="11A - 5" PlayCount="0" Rating="0" Location="file://localhost/Users/zachvp/Music/DJ/Dj%20Koze%20-%20Illumination%20(feat.%20R%c3%b3is%c3%adn%20Murphy).aiff" Remixer="" Tonality="11A" Label="" Mix="">
      <TEMPO Inizio="0.022" Bpm="119.87" Metro="4/4" Battito="3" />
    </TRACK>
    <TRACK TrackID="148357532" Name="Nothing Can Be True (Original Mix)" Artist="Guy Gerber" Composer="" Album="Heartbeats" Grouping="" Genre="House/Deep/Tech/" Kind="AIFF File" Size="96845434" TotalTime="548" DiscNumber="0" TrackNumber="7" Year="2011" AverageBpm="125.00" DateAdded="2022-03-22" BitRate="1411" SampleRate="44100" Comments="2A - 6" PlayCount="5" Rating="0" Location="file://localhost/Users/zachvp/Music/DJ/3003519_Nothing_Can_Be_True_(Original_Mix).aiff" Remixer="" Tonality="2A" Label="Supplement Facts" Mix="">
      <TEMPO Inizio="0.006" Bpm="125.00" Metro="4/4" Battito="1" />
    </TRACK>
    <TRACK TrackID="226052642" Name="Soft (Original Mix)" Artist="PillowTalk" Composer="" Album="The Come Back EP" Grouping="" Genre="Lounge/Indie" Kind="AIFF File" Size="55338580" TotalTime="312" DiscNumber="0" TrackNumber="3" Year="2011" AverageBpm="124.00" DateAdded="2022-03-22" BitRate="1411" SampleRate="44100" Comments="11A - 5" PlayCount="0" Rating="0" Location="file://localhost/Users/zachvp/Music/DJ/3007971_Soft_Original_Mix.aiff" Remixer="" Tonality="11A" Label="Life And Death" Mix="">
      <TEMPO Inizio="0.053" Bpm="124.00" Metro="4/4" Battito="1" />
    </TRACK>
    <TRACK TrackID="3588718" Name="Sparkles and Wine (Extended Mix)" Artist="Opale" Composer="" Album="L'Incandescent" Grouping="" Genre="Lounge/Indie" Kind="AIFF File" Size="91095242" TotalTime="343" DiscNumber="0" TrackNumber="9" Year="2013" AverageBpm="113.00" DateAdded="2022-03-22" BitRate="2116" SampleRate="44100" Comments="7A - 4" PlayCount="0" Rating="0" Location="file://localhost/Users/zachvp/Music/DJ/Opale%20-%20Sparkles%20and%20Wine%20(Extended%20Mix).aiff" Remixer="" Tonality="7A" Label="" Mix="">
      <TEMPO Inizio="0.000" Bpm="113.00" Metro="4/4" Battito="4" />
    </TRACK>
    <TRACK TrackID="131799414" Name="Confiara (Original Mix)" Artist="Fabio Alampi" Composer="" Album="Confiara" Grouping="" Genre="House/Tech/Groove" Kind="AIFF File" Size="67993884" TotalTime="385" DiscNumber="0" TrackNumber="1" Year="2011" AverageBpm="125.00" DateAdded="2022-03-22" BitRate="1411" SampleRate="44100" Comments="5A - 6" PlayCount="3" Rating="0" Location="file://localhost/Users/zachvp/Music/DJ/3091553_Confiara_(Original_Mix).aiff" Remixer="" Tonality="5A" Label="Vibe Me" Mix="">
      <TEMPO Inizio="0.224" Bpm="125.00" Metro="4/4" Battito="4" />
      <POSITION_MARK Name="" Type="0" Start="0.704" Num="-1" />
    </TRACK>
    <TRACK TrackID="10169464" Name="You (Original Mix)" Artist="Pryda" Composer="" Album="Eric Prydz Presents Pryda" Grouping="" Genre="House/Tech/Indie/Retro" Kind="AIFF File" Size="73684738" TotalTime="417" DiscNumber="0" TrackNumber="7" Year="2012" AverageBpm="128.00" DateAdded="2022-03-22" BitRate="1411" SampleRate="44100" Comments="5A - 6" PlayCount="3" Rating="0" Location="file://localhost/Users/zachvp/Music/DJ/3475240_You_(Original_Mix).aiff" Remixer="" Tonality="5A" Label="Virgin" Mix="">
      <TEMPO Inizio="0.012" Bpm="128.00" Metro="4/4" Battito="1" />
    </TRACK>
    <TRACK TrackID="100935071" Name="Mr Miyagi (Original Mix)" Artist="Dusky" Composer="" Album="Stick By This" Grouping="" Genre="zzz" Kind="AIFF File" Size="51647786" TotalTime="291" DiscNumber="0" TrackNumber="9" Year="2011" AverageBpm="140.00" DateAdded="2022-03-22" BitRate="1411" SampleRate="44100" Comments="7B - 6" PlayCount="0" Rating="0" Location="file://localhost/Users/zachvp/Music/DJ/Dusky%20-%20Mr%20Miyagi%20(Original%20Mix).aiff" Remixer="" Tonality="7B" Label="Anjunadeep" Mix="">
      <TEMPO Inizio="0.152" Bpm="140.00" Metro="4/4" Battito="1" />
    </TRACK>
    <TRACK TrackID="19446507" Name="Drink to get Drunk" Artist="Sia" Composer="" Album="Drink To Get Drunk" Grouping="" Genre="House/Tech/Indie/Progressive" Kind="AIFF File" Size="83589556" TotalTime="473" DiscNumber="0" TrackNumber="0" Year="0" AverageBpm="129.00" DateAdded="2022-03-22" BitRate="1411" SampleRate="44100" Comments="9A - 6" PlayCount="1" Rating="0" Location="file://localhost/Users/zachvp/Music/DJ/02%20Drink%20To%20Get%20Drunk.aiff" Remixer="" Tonality="9A" Label="" Mix="">
      <TEMPO Inizio="0.028" Bpm="129.00" Metro="4/4" Battito="1" />
      <TEMPO Inizio="36.306" Bpm="129.00" Metro="4/4" Battito="3" />
      <TEMPO Inizio="64.677" Bpm="129.00" Metro="4/4" Battito="4" />
      <TEMPO Inizio="93.048" Bpm="129.00" Metro="4/4" Battito="1" />
      <TEMPO Inizio="121.419" Bpm="129.00" Metro="4/4" Battito="2" />
      <TEMPO Inizio="149.790" Bpm="129.00" Metro="4/4" Battito="3" />
      <TEMPO Inizio="178.161" Bpm="129.00" Metro="4/4" Battito="4" />
      <TEMPO Inizio="206.532" Bpm="129.00" Metro="4/4" Battito="1" />
      <TEMPO Inizio="234.903" Bpm="129.00" Metro="4/4" Battito="2" />
      <TEMPO Inizio="263.274" Bpm="129.00" Metro="4/4" Battito="3" />
      <TEMPO Inizio="291.645" Bpm="129.00" Metro="4/4" Battito="4" />
      <TEMPO Inizio="320.016" Bpm="129.00" Metro="4/4" Battito="1" />
      <TEMPO Inizio="348.387" Bpm="129.00" Metro="4/4" Battito="2" />
      <TEMPO Inizio="376.758" Bpm="129.00" Metro="4/4" Battito="3" />
      <TEMPO Inizio="405.129" Bpm="129.00" Metro="4/4" Battito="4" />
      <TEMPO Inizio="433.500" Bpm="129.00" Metro="4/4" Battito="1" />
      <TEMPO Inizio="461.871" Bpm="129.00" Metro="4/4" Battito="2" />
    </TRACK>
    <TRACK TrackID="254036346" Name="Unknown (Dixon Mix)" Artist="Saschienne" Composer="" Album="Unknown" Grouping="" Genre="House/Tech/Indie/Progressive" Kind="AIFF File" Size="94278072" TotalTime="534" DiscNumber="0" TrackNumber="2" Year="2012" AverageBpm="123.00" DateAdded="2022-03-22" BitRate="1411" SampleRate="44100" Comments="7A - 5" PlayCount="0" Rating="0" Location="file://localhost/Users/zachvp/Music/DJ/3489483_Unknown_(Dixon_Mix).aiff" Remixer="" Tonality="7A" Label="Kompakt" Mix="">
      <TEMPO Inizio="0.450" Bpm="123.00" Metro="4/4" Battito="2" />
    </TRACK>
    <TRACK TrackID="7483610" Name="We Get High feat. J.U.D.G.E" Artist="Eagles &amp; Butterflies" Composer="" Album="Abstract" Grouping="" Genre="House/Tech/Indie/" Kind="AIFF File" Size="33380346" TotalTime="187" DiscNumber="0" TrackNumber="1" Year="2015" AverageBpm="123.76" DateAdded="2022-03-22" BitRate="1411" SampleRate="44100" Comments="7A - 2" PlayCount="1" Rating="0" Location="file://localhost/Users/zachvp/Music/DJ/Eagles%20%26%20Butterflies%20-%20Abstract%20-%2001%20We%20Get%20High%20feat.%20J.U.D.G.E.aiff" Remixer="" Tonality="7A" Label="" Mix="">
      <TEMPO Inizio="0.037" Bpm="123.76" Metro="4/4" Battito="4" />
    </TRACK>
    <TRACK TrackID="40362918" Name="Colours of Arps" Artist="Eagles &amp; Butterflies" Composer="" Album="Abstract" Grouping="" Genre="zzz" Kind="AIFF File" Size="21810122" TotalTime="122" DiscNumber="0" TrackNumber="2" Year="2015" AverageBpm="109.98" DateAdded="2022-03-22" BitRate="1411" SampleRate="44100" Comments="7A - 5" PlayCount="0" Rating="0" Location="file://localhost/Users/zachvp/Music/DJ/Eagles%20%26%20Butterflies%20-%20Abstract%20-%2002%20Colours%20of%20Arps.aiff" Remixer="" Tonality="7A" Label="" Mix="">
      <TEMPO Inizio="0.490" Bpm="109.98" Metro="4/4" Battito="1" />
    </TRACK>
    <TRACK TrackID="194285323" Name="Black &amp; White" Artist="Eagles &amp; Butterflies" Composer="" Album="Abstract" Grouping="" Genre="House/Deep/Melodic" Kind="AIFF File" Size="25394492" TotalTime="142" DiscNumber="0" TrackNumber="3" Year="2015" AverageBpm="122.89" DateAdded="2022-03-22" BitRate="1411" SampleRate="44100" Comments="12A - 4" PlayCount="0" Rating="0" Location="file://localhost/Users/zachvp/Music/DJ/Eagles%20%26%20Butterflies%20-%20Abstract%20-%2003%20Black%20%26%20White.aiff" Remixer="" Tonality="12A" Label="" Mix="">
      <TEMPO Inizio="0.018" Bpm="122.89" Metro="4/4" Battito="4" />
      <TEMPO Inizio="40.541" Bpm="122.89" Metro="4/4" Battito="3" />
      <TEMPO Inizio="83.017" Bpm="122.89" Metro="4/4" Battito="2" />
      <TEMPO Inizio="133.793" Bpm="122.89" Metro="4/4" Battito="2" />
    </TRACK>
    <TRACK TrackID="18440248" Name="Same Place Same Time" Artist="Eagles &amp; Butterflies" Composer="" Album="Abstract" Grouping="" Genre="House/Deep/Tech/" Kind="AIFF File" Size="83099634" TotalTime="469" DiscNumber="0" TrackNumber="4" Year="2015" AverageBpm="124.00" DateAdded="2022-03-22" BitRate="1411" SampleRate="44100" Comments="7A - 6" PlayCount="1" Rating="0" Location="file://localhost/Users/zachvp/Music/DJ/Eagles%20%26%20Butterflies%20-%20Abstract%20-%2004%20Same%20Place%20Same%20Time.aiff" Remixer="" Tonality="7A" Label="" Mix="">
      <TEMPO Inizio="0.207" Bpm="124.00" Metro="4/4" Battito="1" />
    </TRACK>
    <TRACK TrackID="136454306" Name="Colours" Artist="Eagles &amp; Butterflies" Composer="" Album="Abstract" Grouping="" Genre="House/Deep/Melodic" Kind="AIFF File" Size="72277456" TotalTime="408" DiscNumber="0" TrackNumber="5" Year="2015" AverageBpm="123.00" DateAdded="2022-03-22" BitRate="1411" SampleRate="44100" Comments="9A - 5" PlayCount="0" Rating="0" Location="file://localhost/Users/zachvp/Music/DJ/Eagles%20%26%20Butterflies%20-%20Abstract%20-%2005%20Colours.aiff" Remixer="" Tonality="9A" Label="" Mix="">
      <TEMPO Inizio="0.199" Bpm="123.00" Metro="4/4" Battito="1" />
    </TRACK>
    <TRACK TrackID="211404434" Name="Welcome To The Jungle" Artist="Eagles &amp; Butterflies" Composer="" Album="Abstract" Grouping="" Genre="House/Deep/Tech/" Kind="AIFF File" Size="70351908" TotalTime="397" DiscNumber="0" TrackNumber="6" Year="2015" AverageBpm="122.00" DateAdded="2022-03-22" BitRate="1411" SampleRate="44100" Comments="5A - 6" PlayCount="3" Rating="0" Location="file://localhost/Users/zachvp/Music/DJ/Eagles%20%26%20Butterflies%20-%20Abstract%20-%2006%20Welcome%20To%20The%20Jungle.aiff" Remixer="" Tonality="5A" Label="" Mix="">
      <TEMPO Inizio="0.212" Bpm="122.00" Metro="4/4" Battito="1" />
      <POSITION_MARK Name="" Type="0" Start="0.214" Num="-1" />
    </TRACK>
    <TRACK TrackID="208402921" Name="Textures" Artist="Eagles &amp; Butterflies" Composer="" Album="Abstract" Grouping="" Genre="House/Deep/Tech/" Kind="AIFF File" Size="79408164" TotalTime="448" DiscNumber="0" TrackNumber="7" Year="2015" AverageBpm="120.00" DateAdded="2022-03-22" BitRate="1411" SampleRate="44100" Comments="12A - 5" PlayCount="2" Rating="0" Location="file://localhost/Users/zachvp/Music/DJ/Eagles%20%26%20Butterflies%20-%20Abstract%20-%2007%20Textures.aiff" Remixer="" Tonality="12A" Label="" Mix="">
      <TEMPO Inizio="0.205" Bpm="120.00" Metro="4/4" Battito="1" />
      <POSITION_MARK Name="" Type="0" Start="64.205" Num="-1" />
    </TRACK>
    <TRACK TrackID="218283317" Name="The Secret Garden" Artist="Eagles &amp; Butterflies" Composer="" Album="Abstract" Grouping="" Genre="House/Deep/Tech/" Kind="AIFF File" Size="79994210" TotalTime="452" DiscNumber="0" TrackNumber="8" Year="2015" AverageBpm="120.00" DateAdded="2022-03-22" BitRate="1411" SampleRate="44100" Comments="8A - 6" PlayCount="2" Rating="0" Location="file://localhost/Users/zachvp/Music/DJ/Eagles%20%26%20Butterflies%20-%20Abstract%20-%2008%20The%20Secret%20Garden.aiff" Remixer="" Tonality="8A" Label="" Mix="">
      <TEMPO Inizio="0.198" Bpm="120.00" Metro="4/4" Battito="1" />
      <TEMPO Inizio="38.699" Bpm="120.00" Metro="4/4" Battito="2" />
    </TRACK>
    <TRACK TrackID="157787177" Name="Sounds of Colours" Artist="Eagles &amp; Butterflies" Composer="" Album="Abstract" Grouping="" Genre="House/Deep/Melodic" Kind="AIFF File" Size="84931050" TotalTime="480" DiscNumber="0" TrackNumber="9" Year="2015" AverageBpm="120.05" DateAdded="2022-03-22" BitRate="1411" SampleRate="44100" Comments="3B - 5" PlayCount="0" Rating="0" Location="file://localhost/Users/zachvp/Music/DJ/Eagles%20%26%20Butterflies%20-%20Abstract%20-%2009%20Sounds%20of%20Colours.aiff" Remixer="" Tonality="3B" Label="" Mix="">
      <TEMPO Inizio="0.151" Bpm="120.05" Metro="4/4" Battito="1" />
    </TRACK>
    <TRACK TrackID="265491373" Name="So Long feat. J.U.D.G.E" Artist="Eagles &amp; Butterflies" Composer="" Album="Abstract" Grouping="" Genre="House/Deep/Melodic" Kind="AIFF File" Size="68076100" TotalTime="384" DiscNumber="0" TrackNumber="10" Year="2015" AverageBpm="120.00" DateAdded="2022-03-22" BitRate="1411" SampleRate="44100" Comments="8A - 5" PlayCount="2" Rating="0" Location="file://localhost/Users/zachvp/Music/DJ/Eagles%20%26%20Butterflies%20-%20Abstract%20-%2010%20So%20Long%20feat.%20J.U.D.G.E.aiff" Remixer="" Tonality="8A" Label="" Mix="">
      <TEMPO Inizio="0.202" Bpm="120.00" Metro="4/4" Battito="1" />
      <TEMPO Inizio="0.703" Bpm="120.00" Metro="4/4" Battito="2" />
      <TEMPO Inizio="1.202" Bpm="120.00" Metro="4/4" Battito="3" />
      <TEMPO Inizio="1.703" Bpm="120.00" Metro="4/4" Battito="4" />
      <TEMPO Inizio="2.202" Bpm="120.00" Metro="4/4" Battito="1" />
      <TEMPO Inizio="2.703" Bpm="120.00" Metro="4/4" Battito="2" />
      <TEMPO Inizio="3.202" Bpm="120.00" Metro="4/4" Battito="3" />
      <TEMPO Inizio="3.703" Bpm="120.00" Metro="4/4" Battito="4" />
      <TEMPO Inizio="4.202" Bpm="120.00" Metro="4/4" Battito="1" />
      <TEMPO Inizio="4.703" Bpm="120.00" Metro="4/4" Battito="2" />
      <TEMPO Inizio="5.202" Bpm="120.00" Metro="4/4" Battito="3" />
      <TEMPO Inizio="5.703" Bpm="120.00" Metro="4/4" Battito="4" />
      <TEMPO Inizio="6.202" Bpm="120.00" Metro="4/4" Battito="1" />
      <TEMPO Inizio="6.703" Bpm="120.00" Metro="4/4" Battito="2" />
      <TEMPO Inizio="7.202" Bpm="120.00" Metro="4/4" Battito="3" />
      <TEMPO Inizio="7.703" Bpm="120.00" Metro="4/4" Battito="4" />
      <TEMPO Inizio="8.202" Bpm="120.00" Metro="4/4" Battito="1" />
      <TEMPO Inizio="8.703" Bpm="120.00" Metro="4/4" Battito="2" />
      <TEMPO Inizio="9.202" Bpm="120.00" Metro="4/4" Battito="3" />
      <TEMPO Inizio="9.703" Bpm="120.00" Metro="4/4" Battito="4" />
      <TEMPO Inizio="10.202" Bpm="120.00" Metro="4/4" Battito="1" />
      <TEMPO Inizio="10.703" Bpm="120.00" Metro="4/4" Battito="2" />
      <TEMPO Inizio="11.202" Bpm="120.00" Metro="4/4" Battito="3" />
      <TEMPO Inizio="11.703" Bpm="120.00" Metro="4/4" Battito="4" />
      <TEMPO Inizio="12.202" Bpm="120.00" Metro="4/4" Battito="1" />
      <TEMPO Inizio="12.703" Bpm="120.00" Metro="4/4" Battito="2" />
      <TEMPO Inizio="13.202" Bpm="120.00" Metro="4/4" Battito="3" />
      <TEMPO Inizio="13.703" Bpm="120.00" Metro="4/4" Battito="4" />
      <TEMPO Inizio="14.202" Bpm="120.00" Metro="4/4" Battito="1" />
      <TEMPO Inizio="14.703" Bpm="120.00" Metro="4/4" Battito="2" />
      <TEMPO Inizio="15.202" Bpm="120.00" Metro="4/4" Battito="3" />
      <TEMPO Inizio="15.703" Bpm="120.00" Metro="4/4" Battito="4" />
      <TEMPO Inizio="16.202" Bpm="120.00" Metro="4/4" Battito="1" />
      <TEMPO Inizio="16.703" Bpm="120.00" Metro="4/4" Battito="2" />
      <TEMPO Inizio="17.202" Bpm="120.00" Metro="4/4" Battito="3" />
      <TEMPO Inizio="17.703" Bpm="120.00" Metro="4/4" Battito="4" />
      <TEMPO Inizio="18.202" Bpm="120.00" Metro="4/4" Battito="1" />
      <TEMPO Inizio="18.703" Bpm="120.00" Metro="4/4" Battito="2" />
      <TEMPO Inizio="19.202" Bpm="120.00" Metro="4/4" Battito="3" />
      <TEMPO Inizio="19.703" Bpm="120.00" Metro="4/4" Battito="4" />
      <TEMPO Inizio="20.202" Bpm="120.00" Metro="4/4" Battito="1" />
      <TEMPO Inizio="20.703" Bpm="120.00" Metro="4/4" Battito="2" />
      <TEMPO Inizio="21.202" Bpm="120.00" Metro="4/4" Battito="3" />
      <TEMPO Inizio="21.703" Bpm="120.00" Metro="4/4" Battito="4" />
      <TEMPO Inizio="22.202" Bpm="120.00" Metro="4/4" Battito="1" />
      <TEMPO Inizio="22.703" Bpm="120.00" Metro="4/4" Battito="2" />
      <TEMPO Inizio="23.202" Bpm="120.00" Metro="4/4" Battito="3" />
      <TEMPO Inizio="23.703" Bpm="120.00" Metro="4/4" Battito="4" />
      <TEMPO Inizio="24.202" Bpm="120.00" Metro="4/4" Battito="1" />
      <TEMPO Inizio="24.703" Bpm="120.00" Metro="4/4" Battito="2" />
      <TEMPO Inizio="25.202" Bpm="120.00" Metro="4/4" Battito="3" />
      <TEMPO Inizio="25.703" Bpm="120.00" Metro="4/4" Battito="4" />
      <TEMPO Inizio="26.202" Bpm="120.00" Metro="4/4" Battito="1" />
      <TEMPO Inizio="26.703" Bpm="120.00" Metro="4/4" Battito="2" />
      <TEMPO Inizio="27.202" Bpm="120.00" Metro="4/4" Battito="3" />
      <TEMPO Inizio="27.703" Bpm="120.00" Metro="4/4" Battito="4" />
      <TEMPO Inizio="28.202" Bpm="120.00" Metro="4/4" Battito="1" />
      <TEMPO Inizio="28.703" Bpm="120.00" Metro="4/4" Battito="2" />
      <TEMPO Inizio="29.202" Bpm="120.00" Metro="4/4" Battito="3" />
      <TEMPO Inizio="29.703" Bpm="120.00" Metro="4/4" Battito="4" />
      <TEMPO Inizio="30.202" Bpm="120.00" Metro="4/4" Battito="1" />
      <TEMPO Inizio="30.703" Bpm="120.00" Metro="4/4" Battito="2" />
      <TEMPO Inizio="31.202" Bpm="120.00" Metro="4/4" Battito="3" />
      <TEMPO Inizio="31.703" Bpm="120.00" Metro="4/4" Battito="4" />
      <TEMPO Inizio="32.202" Bpm="120.00" Metro="4/4" Battito="1" />
      <TEMPO Inizio="32.703" Bpm="120.00" Metro="4/4" Battito="2" />
      <TEMPO Inizio="33.202" Bpm="120.00" Metro="4/4" Battito="3" />
      <TEMPO Inizio="33.703" Bpm="120.00" Metro="4/4" Battito="4" />
      <TEMPO Inizio="34.202" Bpm="120.00" Metro="4/4" Battito="1" />
      <TEMPO Inizio="34.703" Bpm="120.00" Metro="4/4" Battito="2" />
      <TEMPO Inizio="35.202" Bpm="120.00" Metro="4/4" Battito="3" />
      <TEMPO Inizio="35.703" Bpm="120.00" Metro="4/4" Battito="4" />
      <TEMPO Inizio="36.202" Bpm="120.00" Metro="4/4" Battito="1" />
      <TEMPO Inizio="36.703" Bpm="120.00" Metro="4/4" Battito="2" />
      <TEMPO Inizio="37.202" Bpm="120.00" Metro="4/4" Battito="3" />
      <TEMPO Inizio="37.703" Bpm="120.00" Metro="4/4" Battito="4" />
      <TEMPO Inizio="38.202" Bpm="120.00" Metro="4/4" Battito="1" />
      <TEMPO Inizio="38.703" Bpm="120.00" Metro="4/4" Battito="2" />
      <TEMPO Inizio="39.202" Bpm="120.00" Metro="4/4" Battito="3" />
      <TEMPO Inizio="39.703" Bpm="120.00" Metro="4/4" Battito="4" />
      <TEMPO Inizio="40.202" Bpm="120.00" Metro="4/4" Battito="1" />
      <TEMPO Inizio="40.703" Bpm="120.00" Metro="4/4" Battito="2" />
      <TEMPO Inizio="41.202" Bpm="120.00" Metro="4/4" Battito="3" />
      <TEMPO Inizio="41.703" Bpm="120.00" Metro="4/4" Battito="4" />
      <TEMPO Inizio="42.202" Bpm="120.00" Metro="4/4" Battito="1" />
      <TEMPO Inizio="42.703" Bpm="120.00" Metro="4/4" Battito="2" />
      <TEMPO Inizio="43.202" Bpm="120.00" Metro="4/4" Battito="3" />
      <TEMPO Inizio="43.703" Bpm="120.00" Metro="4/4" Battito="4" />
      <TEMPO Inizio="44.202" Bpm="120.00" Metro="4/4" Battito="1" />
      <TEMPO Inizio="44.703" Bpm="120.00" Metro="4/4" Battito="2" />
      <TEMPO Inizio="45.202" Bpm="120.00" Metro="4/4" Battito="3" />
      <TEMPO Inizio="45.703" Bpm="120.00" Metro="4/4" Battito="4" />
      <TEMPO Inizio="46.202" Bpm="120.00" Metro="4/4" Battito="1" />
      <TEMPO Inizio="46.703" Bpm="120.00" Metro="4/4" Battito="2" />
      <TEMPO Inizio="47.202" Bpm="120.00" Metro="4/4" Battito="3" />
      <TEMPO Inizio="47.703" Bpm="120.00" Metro="4/4" Battito="4" />
      <TEMPO Inizio="48.202" Bpm="120.00" Metro="4/4" Battito="1" />
      <TEMPO Inizio="48.703" Bpm="120.00" Metro="4/4" Battito="2" />
      <TEMPO Inizio="49.202" Bpm="120.00" Metro="4/4" Battito="3" />
      <TEMPO Inizio="49.703" Bpm="120.00" Metro="4/4" Battito="4" />
      <TEMPO Inizio="50.202" Bpm="120.00" Metro="4/4" Battito="1" />
      <TEMPO Inizio="50.703" Bpm="120.00" Metro="4/4" Battito="2" />
      <TEMPO Inizio="51.202" Bpm="120.00" Metro="4/4" Battito="3" />
      <TEMPO Inizio="51.703" Bpm="120.00" Metro="4/4" Battito="4" />
      <TEMPO Inizio="52.202" Bpm="120.00" Metro="4/4" Battito="1" />
      <TEMPO Inizio="52.703" Bpm="120.00" Metro="4/4" Battito="2" />
      <TEMPO Inizio="53.202" Bpm="120.00" Metro="4/4" Battito="3" />
      <TEMPO Inizio="53.703" Bpm="120.00" Metro="4/4" Battito="4" />
      <TEMPO Inizio="54.202" Bpm="120.00" Metro="4/4" Battito="1" />
      <TEMPO Inizio="54.703" Bpm="120.00" Metro="4/4" Battito="2" />
    </TRACK>
    <TRACK TrackID="146291843" Name="Black Canvas" Artist="Eagles &amp; Butterflies" Composer="" Album="Abstract" Grouping="" Genre="House/Deep/Melodic" Kind="AIFF File" Size="23586920" TotalTime="132" DiscNumber="0" TrackNumber="11" Year="2015" AverageBpm="120.02" DateAdded="2022-03-22" BitRate="1411" SampleRate="44100" Comments="8B - 5" PlayCount="0" Rating="0" Location="file://localhost/Users/zachvp/Music/DJ/Eagles%20%26%20Butterflies%20-%20Abstract%20-%2011%20Black%20Canvas.aiff" Remixer="" Tonality="8B" Label="" Mix="">
      <TEMPO Inizio="0.217" Bpm="120.02" Metro="4/4" Battito="1" />
    </TRACK>
    <TRACK TrackID="26211637" Name="Back Roads (Statues Remix)" Artist="James Bright" Composer="" Album="James Bright 'Camino' Remixes" Grouping="" Genre="Lounge/" Kind="AIFF File" Size="63699614" TotalTime="360" DiscNumber="0" TrackNumber="3" Year="2020" AverageBpm="76.00" DateAdded="2022-03-22" BitRate="1411" SampleRate="44100" Comments="7A - 4" PlayCount="7" Rating="0" Location="file://localhost/Users/zachvp/Music/DJ/eclectics%20-%20James%20Bright%20-%20Back%20Roads%20(Statues%20Remix).aiff" Remixer="" Tonality="7A" Label="" Mix="">
      <TEMPO Inizio="0.245" Bpm="76.00" Metro="4/4" Battito="1" />
    </TRACK>
    <TRACK TrackID="29632555" Name="Out Of My Mind (Original Mix)" Artist="Bingo Players" Composer="" Album="Out Of My Mind" Grouping="" Genre="House/Tech/Indie/Progressive/Electro" Kind="AIFF File" Size="53613434" TotalTime="303" DiscNumber="0" TrackNumber="1" Year="2012" AverageBpm="128.00" DateAdded="2022-03-22" BitRate="1411" SampleRate="44100" Comments="2A - 8" PlayCount="0" Rating="0" Location="file://localhost/Users/zachvp/Music/DJ/3912381_Out_Of_My_Mind_(Original_Mix).aiff" Remixer="" Tonality="2A" Label="Hysteria" Mix="">
      <TEMPO Inizio="0.002" Bpm="128.00" Metro="4/4" Battito="1" />
    </TRACK>
    <TRACK TrackID="10221242" Name="Baby Come Back (Kill Paris Dubstep Remix)" Artist="FOX PROJECT" Composer="" Album="All About Me: Faith" Grouping="" Genre="Dubstep" Kind="AIFF File" Size="39418850" TotalTime="204" DiscNumber="0" TrackNumber="13" Year="2013" AverageBpm="175.00" DateAdded="2022-03-22" BitRate="1536" SampleRate="48000" Comments="5A - 8" PlayCount="0" Rating="0" Location="file://localhost/Users/zachvp/Music/DJ/FOX%20PROJECT%20-%20Baby%20Come%20Back%20(Kill%20Paris%20Dubstep%20Remix).aiff" Remixer="" Tonality="5A" Label="" Mix="">
      <TEMPO Inizio="0.029" Bpm="175.00" Metro="4/4" Battito="1" />
    </TRACK>
    <TRACK TrackID="49146219" Name="Absolute Therapy (In Aeternam Vale Interpretation)" Artist="François X" Composer="" Album="François X - Irregular Passion Reshaped" Grouping="" Genre="House/Deep/Tech/Spacey" Kind="AIFF File" Size="36928602" TotalTime="208" DiscNumber="0" TrackNumber="11" Year="2019" AverageBpm="112.00" DateAdded="2022-03-22" BitRate="1411" SampleRate="44100" Comments="8A - 4" PlayCount="3" Rating="0" Location="file://localhost/Users/zachvp/Music/DJ/Fran%c3%a7ois%20X%20-%20Absolute%20Therapy%20(In%20Aeternam%20Vale%20Interpretation).aiff" Remixer="" Tonality="8A" Label="" Mix="">
      <TEMPO Inizio="0.525" Bpm="112.00" Metro="4/4" Battito="1" />
      <POSITION_MARK Name="" Type="0" Start="17.660" Num="-1" />
    </TRACK>
    <TRACK TrackID="112341055" Name="Going Nowhere (Original Mix)" Artist="Fur Coat featuring Stee Downes &amp; Stee Downes" Composer="" Album="Mind Over Matter" Grouping="" Genre="House/Deep/Tech/" Kind="AIFF File" Size="75842244" TotalTime="429" DiscNumber="0" TrackNumber="8" Year="2012" AverageBpm="122.00" DateAdded="2022-03-22" BitRate="1411" SampleRate="44100" Comments="6A - 5" PlayCount="2" Rating="0" Location="file://localhost/Users/zachvp/Music/DJ/Fur%20Coat%20featuring%20Stee%20Downes%20%26%20Stee%20Downes%20-%20Going%20Nowhere%20(Original%20Mix).aiff" Remixer="" Tonality="6A" Label="" Mix="">
      <TEMPO Inizio="0.364" Bpm="122.00" Metro="4/4" Battito="4" />
      <POSITION_MARK Name="" Type="0" Start="8.724" Num="-1" />
      <POSITION_MARK Name="" Type="0" Start="95.294" Num="-1" />
      <POSITION_MARK Name="" Type="0" Start="331.346" Num="-1" />
      <POSITION_MARK Name="" Type="0" Start="362.827" Num="-1" />
    </TRACK>
    <TRACK TrackID="142245028" Name="Love Story (Original Mix)" Artist="Layo &amp; Bushwacka" Composer="" Album="Night Works" Grouping="" Genre="House/Tech/Indie/Progressive" Kind="AIFF File" Size="55404180" TotalTime="312" DiscNumber="0" TrackNumber="13" Year="2004" AverageBpm="131.99" DateAdded="2022-03-22" BitRate="1411" SampleRate="44100" Comments="8A - 5" PlayCount="5" Rating="0" Location="file://localhost/Users/zachvp/Music/DJ/4145434_Love_Story_(Original_Mix).aiff" Remixer="" Tonality="8A" Label="XL Recordings" Mix="">
      <TEMPO Inizio="0.247" Bpm="131.99" Metro="4/4" Battito="1" />
      <POSITION_MARK Name="" Type="0" Start="189.353" Num="-1" />
      <POSITION_MARK Name="" Type="0" Start="102.055" Num="-1" />
      <POSITION_MARK Name="" Type="0" Start="43.892" Num="-1" />
      <POSITION_MARK Name="" Type="0" Start="276.639" Num="-1" />
      <POSITION_MARK Name="" Type="0" Start="0.000" Num="-1" />
    </TRACK>
    <TRACK TrackID="165936577" Name="Dummy" Artist="Murat Uncuoglu" Composer="" Album="Dummy" Grouping="" Genre="House/Tech/Indie/Retro" Kind="AIFF File" Size="79225936" TotalTime="448" DiscNumber="0" TrackNumber="1" Year="2018" AverageBpm="120.00" DateAdded="2022-03-22" BitRate="1411" SampleRate="44100" Comments="5A - 6" PlayCount="7" Rating="0" Location="file://localhost/Users/zachvp/Music/DJ/Murat%20Uncuoglu%20-%20Dummy.aiff" Remixer="" Tonality="5A" Label="" Mix="">
      <TEMPO Inizio="0.199" Bpm="120.00" Metro="4/4" Battito="1" />
      <TEMPO Inizio="77.200" Bpm="120.00" Metro="4/4" Battito="3" />
      <TEMPO Inizio="77.699" Bpm="120.00" Metro="4/4" Battito="4" />
      <TEMPO Inizio="78.200" Bpm="120.00" Metro="4/4" Battito="1" />
      <TEMPO Inizio="78.699" Bpm="120.00" Metro="4/4" Battito="2" />
      <TEMPO Inizio="79.200" Bpm="120.00" Metro="4/4" Battito="3" />
      <TEMPO Inizio="79.699" Bpm="120.00" Metro="4/4" Battito="4" />
      <TEMPO Inizio="80.200" Bpm="120.00" Metro="4/4" Battito="1" />
      <TEMPO Inizio="80.699" Bpm="120.00" Metro="4/4" Battito="2" />
      <TEMPO Inizio="81.200" Bpm="120.00" Metro="4/4" Battito="3" />
      <TEMPO Inizio="81.699" Bpm="120.00" Metro="4/4" Battito="4" />
      <TEMPO Inizio="82.200" Bpm="120.00" Metro="4/4" Battito="1" />
      <TEMPO Inizio="82.699" Bpm="120.00" Metro="4/4" Battito="2" />
      <TEMPO Inizio="83.200" Bpm="120.00" Metro="4/4" Battito="3" />
      <TEMPO Inizio="83.699" Bpm="120.00" Metro="4/4" Battito="4" />
      <TEMPO Inizio="84.200" Bpm="120.00" Metro="4/4" Battito="1" />
      <TEMPO Inizio="84.699" Bpm="120.00" Metro="4/4" Battito="2" />
      <TEMPO Inizio="85.200" Bpm="120.00" Metro="4/4" Battito="3" />
      <TEMPO Inizio="85.699" Bpm="120.00" Metro="4/4" Battito="4" />
      <TEMPO Inizio="86.200" Bpm="120.00" Metro="4/4" Battito="1" />
      <TEMPO Inizio="86.699" Bpm="120.00" Metro="4/4" Battito="2" />
      <TEMPO Inizio="87.200" Bpm="120.00" Metro="4/4" Battito="3" />
      <TEMPO Inizio="87.699" Bpm="120.00" Metro="4/4" Battito="4" />
      <TEMPO Inizio="88.200" Bpm="120.00" Metro="4/4" Battito="1" />
      <TEMPO Inizio="330.701" Bpm="120.00" Metro="4/4" Battito="2" />
      <TEMPO Inizio="331.200" Bpm="120.00" Metro="4/4" Battito="3" />
      <TEMPO Inizio="331.701" Bpm="120.00" Metro="4/4" Battito="4" />
      <TEMPO Inizio="332.200" Bpm="120.00" Metro="4/4" Battito="1" />
      <TEMPO Inizio="332.701" Bpm="120.00" Metro="4/4" Battito="2" />
      <TEMPO Inizio="333.200" Bpm="120.00" Metro="4/4" Battito="3" />
      <TEMPO Inizio="333.701" Bpm="120.00" Metro="4/4" Battito="4" />
      <TEMPO Inizio="334.200" Bpm="120.00" Metro="4/4" Battito="1" />
      <TEMPO Inizio="334.701" Bpm="120.00" Metro="4/4" Battito="2" />
      <TEMPO Inizio="335.200" Bpm="120.00" Metro="4/4" Battito="3" />
      <TEMPO Inizio="335.701" Bpm="120.00" Metro="4/4" Battito="4" />
      <TEMPO Inizio="336.200" Bpm="120.00" Metro="4/4" Battito="1" />
      <TEMPO Inizio="336.701" Bpm="120.00" Metro="4/4" Battito="2" />
      <TEMPO Inizio="337.200" Bpm="120.00" Metro="4/4" Battito="3" />
      <TEMPO Inizio="337.701" Bpm="120.00" Metro="4/4" Battito="4" />
      <TEMPO Inizio="338.200" Bpm="120.00" Metro="4/4" Battito="1" />
      <TEMPO Inizio="338.701" Bpm="120.00" Metro="4/4" Battito="2" />
      <TEMPO Inizio="339.200" Bpm="120.00" Metro="4/4" Battito="3" />
      <TEMPO Inizio="339.701" Bpm="120.00" Metro="4/4" Battito="4" />
      <TEMPO Inizio="340.200" Bpm="120.00" Metro="4/4" Battito="1" />
      <TEMPO Inizio="340.701" Bpm="120.00" Metro="4/4" Battito="2" />
      <POSITION_MARK Name="" Type="0" Start="64.177" Num="-1" />
    </TRACK>
    <TRACK TrackID="262228554" Name="Call Me Up (Original Mix)" Artist="The Child of Lov" Composer="" Album="The Child of Lov" Grouping="" Genre="Lounge/Indie" Kind="AIFF File" Size="41431336" TotalTime="234" DiscNumber="0" TrackNumber="1" Year="2013" AverageBpm="140.00" DateAdded="2022-03-22" BitRate="1411" SampleRate="44100" Comments="9A - 4" PlayCount="0" Rating="0" Location="file://localhost/Users/zachvp/Music/DJ/4365403_Call_Me_Up_(Original_Mix).aiff" Remixer="" Tonality="9A" Label="Double Six Records" Mix="">
      <TEMPO Inizio="0.147" Bpm="140.00" Metro="4/4" Battito="3" />
    </TRACK>
    <TRACK TrackID="130310046" Name="Random Beauty (Original Mix)" Artist="Patrick Chardronnet" Composer="" Album="Random Beauty EP" Grouping="" Genre="House/Deep/Tech/Dubby" Kind="AIFF File" Size="88178748" TotalTime="499" DiscNumber="0" TrackNumber="3" Year="2013" AverageBpm="125.00" DateAdded="2022-03-22" BitRate="1411" SampleRate="44100" Comments="4A - 4" PlayCount="1" Rating="0" Location="file://localhost/Users/zachvp/Music/DJ/4391684_Random_Beauty_(Original_Mix).aiff" Remixer="" Tonality="4A" Label="Connaisseur Recordings" Mix="">
      <TEMPO Inizio="0.016" Bpm="125.00" Metro="4/4" Battito="1" />
      <TEMPO Inizio="193.455" Bpm="125.00" Metro="4/4" Battito="4" />
      <TEMPO Inizio="486.254" Bpm="125.00" Metro="4/4" Battito="2" />
    </TRACK>
    <TRACK TrackID="25948470" Name="Darkness (Original Mix)" Artist="Du Tonc" Composer="" Album="Darkness" Grouping="" Genre="Lounge/Indie" Kind="AIFF File" Size="49184282" TotalTime="278" DiscNumber="0" TrackNumber="1" Year="2013" AverageBpm="107.00" DateAdded="2022-03-22" BitRate="1411" SampleRate="44100" Comments="7B - 7" PlayCount="3" Rating="0" Location="file://localhost/Users/zachvp/Music/DJ/4579847_Darkness_(Original_Mix).aiff" Remixer="" Tonality="7B" Label="Nightfilm" Mix="">
      <TEMPO Inizio="0.059" Bpm="107.00" Metro="4/4" Battito="1" />
    </TRACK>
    <TRACK TrackID="257649076" Name="Da Time (Original Mix)" Artist="Rodrigo Dp, Nacho Bolognani" Composer="" Album="Da Time EP" Grouping="" Genre="House/Deep/Tech/Dubby" Kind="AIFF File" Size="81997928" TotalTime="464" DiscNumber="0" TrackNumber="1" Year="2013" AverageBpm="120.00" DateAdded="2022-03-22" BitRate="1411" SampleRate="44100" Comments="9A - 5" PlayCount="2" Rating="0" Location="file://localhost/Users/zachvp/Music/DJ/4779878_Da_Time_(Original_Mix).aiff" Remixer="" Tonality="9A" Label="Deep Tech Records" Mix="">
      <TEMPO Inizio="0.003" Bpm="120.00" Metro="4/4" Battito="1" />
      <TEMPO Inizio="177.002" Bpm="120.00" Metro="4/4" Battito="3" />
      <TEMPO Inizio="177.503" Bpm="120.00" Metro="4/4" Battito="4" />
      <TEMPO Inizio="178.002" Bpm="120.00" Metro="4/4" Battito="1" />
      <TEMPO Inizio="178.503" Bpm="120.00" Metro="4/4" Battito="2" />
      <TEMPO Inizio="179.002" Bpm="120.00" Metro="4/4" Battito="3" />
      <TEMPO Inizio="179.503" Bpm="120.00" Metro="4/4" Battito="4" />
      <TEMPO Inizio="180.002" Bpm="120.00" Metro="4/4" Battito="1" />
      <TEMPO Inizio="180.503" Bpm="120.00" Metro="4/4" Battito="2" />
      <TEMPO Inizio="181.002" Bpm="120.00" Metro="4/4" Battito="3" />
      <TEMPO Inizio="181.503" Bpm="120.00" Metro="4/4" Battito="4" />
      <TEMPO Inizio="182.002" Bpm="120.00" Metro="4/4" Battito="1" />
      <TEMPO Inizio="182.503" Bpm="120.00" Metro="4/4" Battito="2" />
      <TEMPO Inizio="183.002" Bpm="120.00" Metro="4/4" Battito="3" />
      <TEMPO Inizio="183.503" Bpm="120.00" Metro="4/4" Battito="4" />
      <TEMPO Inizio="184.002" Bpm="120.00" Metro="4/4" Battito="1" />
      <TEMPO Inizio="184.503" Bpm="120.00" Metro="4/4" Battito="2" />
      <TEMPO Inizio="185.002" Bpm="120.00" Metro="4/4" Battito="3" />
      <TEMPO Inizio="185.503" Bpm="120.00" Metro="4/4" Battito="4" />
      <TEMPO Inizio="186.002" Bpm="120.00" Metro="4/4" Battito="1" />
      <TEMPO Inizio="186.503" Bpm="120.00" Metro="4/4" Battito="2" />
      <TEMPO Inizio="187.002" Bpm="120.00" Metro="4/4" Battito="3" />
      <TEMPO Inizio="187.503" Bpm="120.00" Metro="4/4" Battito="4" />
      <TEMPO Inizio="188.002" Bpm="120.00" Metro="4/4" Battito="1" />
      <TEMPO Inizio="188.503" Bpm="120.00" Metro="4/4" Battito="2" />
      <TEMPO Inizio="189.002" Bpm="120.00" Metro="4/4" Battito="3" />
      <TEMPO Inizio="189.503" Bpm="120.00" Metro="4/4" Battito="4" />
      <TEMPO Inizio="190.002" Bpm="120.00" Metro="4/4" Battito="1" />
      <TEMPO Inizio="190.503" Bpm="120.00" Metro="4/4" Battito="2" />
      <TEMPO Inizio="191.002" Bpm="120.00" Metro="4/4" Battito="3" />
      <TEMPO Inizio="191.503" Bpm="120.00" Metro="4/4" Battito="4" />
      <TEMPO Inizio="192.002" Bpm="120.00" Metro="4/4" Battito="1" />
      <TEMPO Inizio="192.503" Bpm="120.00" Metro="4/4" Battito="2" />
      <TEMPO Inizio="193.002" Bpm="120.00" Metro="4/4" Battito="3" />
      <TEMPO Inizio="193.503" Bpm="120.00" Metro="4/4" Battito="4" />
      <TEMPO Inizio="194.002" Bpm="120.00" Metro="4/4" Battito="1" />
      <TEMPO Inizio="194.503" Bpm="120.00" Metro="4/4" Battito="2" />
      <TEMPO Inizio="195.002" Bpm="120.00" Metro="4/4" Battito="3" />
      <TEMPO Inizio="195.503" Bpm="120.00" Metro="4/4" Battito="4" />
      <TEMPO Inizio="196.002" Bpm="120.00" Metro="4/4" Battito="1" />
      <TEMPO Inizio="196.503" Bpm="120.00" Metro="4/4" Battito="2" />
      <TEMPO Inizio="197.002" Bpm="120.00" Metro="4/4" Battito="3" />
      <TEMPO Inizio="197.503" Bpm="120.00" Metro="4/4" Battito="4" />
      <TEMPO Inizio="198.002" Bpm="120.00" Metro="4/4" Battito="1" />
      <TEMPO Inizio="198.503" Bpm="120.00" Metro="4/4" Battito="2" />
      <TEMPO Inizio="199.002" Bpm="120.00" Metro="4/4" Battito="3" />
      <TEMPO Inizio="199.503" Bpm="120.00" Metro="4/4" Battito="4" />
      <TEMPO Inizio="200.002" Bpm="120.00" Metro="4/4" Battito="1" />
      <TEMPO Inizio="200.503" Bpm="120.00" Metro="4/4" Battito="2" />
      <TEMPO Inizio="201.002" Bpm="120.00" Metro="4/4" Battito="3" />
      <TEMPO Inizio="201.503" Bpm="120.00" Metro="4/4" Battito="4" />
      <TEMPO Inizio="202.002" Bpm="120.00" Metro="4/4" Battito="1" />
    </TRACK>
    <TRACK TrackID="55586120" Name="Final Credits" Artist="Midland" Composer="" Album="Final Credits" Grouping="" Genre="House/Tech/Indie/Disco" Kind="AIFF File" Size="77818570" TotalTime="439" DiscNumber="0" TrackNumber="1" Year="2017" AverageBpm="133.00" DateAdded="2022-03-22" BitRate="1411" SampleRate="44100" Comments="4A - 7" PlayCount="0" Rating="0" Location="file://localhost/Users/zachvp/Music/DJ/Midland%20-%20Final%20Credits.aiff" Remixer="" Tonality="4A" Label="" Mix="">
      <TEMPO Inizio="0.039" Bpm="133.00" Metro="4/4" Battito="4" />
      <TEMPO Inizio="15.829" Bpm="133.00" Metro="4/4" Battito="3" />
      <TEMPO Inizio="130.416" Bpm="133.00" Metro="4/4" Battito="1" />
      <TEMPO Inizio="241.394" Bpm="133.00" Metro="4/4" Battito="3" />
      <TEMPO Inizio="355.981" Bpm="133.00" Metro="4/4" Battito="1" />
    </TRACK>
    <TRACK TrackID="21367256" Name="Face To Face (Cassy Remix)" Artist="Quenum" Composer="" Album="Face To Face EP" Grouping="" Genre="House/Tech/Groove" Kind="AIFF File" Size="86933952" TotalTime="492" DiscNumber="0" TrackNumber="3" Year="2013" AverageBpm="126.00" DateAdded="2022-03-22" BitRate="1411" SampleRate="44100" Comments="8A - 5" PlayCount="2" Rating="0" Location="file://localhost/Users/zachvp/Music/DJ/4837802_Face_To_Face_(Cassy_Remix).aiff" Remixer="" Tonality="8A" Label="Serialism Records" Mix="">
      <TEMPO Inizio="0.126" Bpm="126.00" Metro="4/4" Battito="2" />
      <TEMPO Inizio="315.363" Bpm="126.00" Metro="4/4" Battito="4" />
    </TRACK>
    <TRACK TrackID="10020460" Name="Zentrifuge (Movement 3)" Artist="Henrik Schwarz" Composer="" Album="99%" Grouping="" Genre="Lounge/Indie" Kind="AIFF File" Size="34967420" TotalTime="132" DiscNumber="0" TrackNumber="1" Year="2020" AverageBpm="120.00" DateAdded="2022-03-22" BitRate="2116" SampleRate="44100" Comments="5B - 5" PlayCount="0" Rating="0" Location="file://localhost/Users/zachvp/Music/DJ/Henrik%20Schwarz%20-%2099-%20-%2001%20Zentrifuge%20(Movement%203).aiff" Remixer="" Tonality="5B" Label="" Mix="">
      <TEMPO Inizio="0.132" Bpm="120.00" Metro="4/4" Battito="1" />
      <TEMPO Inizio="0.633" Bpm="120.00" Metro="4/4" Battito="2" />
      <TEMPO Inizio="1.132" Bpm="120.00" Metro="4/4" Battito="3" />
      <TEMPO Inizio="1.633" Bpm="120.00" Metro="4/4" Battito="4" />
      <TEMPO Inizio="2.132" Bpm="120.00" Metro="4/4" Battito="1" />
      <TEMPO Inizio="2.633" Bpm="120.00" Metro="4/4" Battito="2" />
      <TEMPO Inizio="3.132" Bpm="120.00" Metro="4/4" Battito="3" />
      <TEMPO Inizio="3.633" Bpm="120.00" Metro="4/4" Battito="4" />
      <TEMPO Inizio="4.132" Bpm="120.00" Metro="4/4" Battito="1" />
      <TEMPO Inizio="4.633" Bpm="120.00" Metro="4/4" Battito="2" />
      <TEMPO Inizio="5.132" Bpm="120.00" Metro="4/4" Battito="3" />
      <TEMPO Inizio="5.633" Bpm="120.00" Metro="4/4" Battito="4" />
      <TEMPO Inizio="6.132" Bpm="120.00" Metro="4/4" Battito="1" />
      <TEMPO Inizio="6.633" Bpm="120.00" Metro="4/4" Battito="2" />
      <TEMPO Inizio="7.132" Bpm="120.00" Metro="4/4" Battito="3" />
      <TEMPO Inizio="7.633" Bpm="120.00" Metro="4/4" Battito="4" />
      <TEMPO Inizio="8.132" Bpm="120.00" Metro="4/4" Battito="1" />
      <TEMPO Inizio="8.633" Bpm="120.00" Metro="4/4" Battito="2" />
      <TEMPO Inizio="9.132" Bpm="120.00" Metro="4/4" Battito="3" />
      <TEMPO Inizio="9.633" Bpm="120.00" Metro="4/4" Battito="4" />
      <TEMPO Inizio="10.132" Bpm="120.00" Metro="4/4" Battito="1" />
      <TEMPO Inizio="10.633" Bpm="120.00" Metro="4/4" Battito="2" />
      <TEMPO Inizio="11.132" Bpm="120.00" Metro="4/4" Battito="3" />
      <TEMPO Inizio="11.633" Bpm="120.00" Metro="4/4" Battito="4" />
      <TEMPO Inizio="12.132" Bpm="120.00" Metro="4/4" Battito="1" />
      <TEMPO Inizio="12.633" Bpm="120.00" Metro="4/4" Battito="2" />
      <TEMPO Inizio="13.132" Bpm="120.00" Metro="4/4" Battito="3" />
      <TEMPO Inizio="13.633" Bpm="120.00" Metro="4/4" Battito="4" />
      <TEMPO Inizio="14.132" Bpm="120.00" Metro="4/4" Battito="1" />
      <TEMPO Inizio="14.633" Bpm="120.00" Metro="4/4" Battito="2" />
      <TEMPO Inizio="15.132" Bpm="120.00" Metro="4/4" Battito="3" />
      <TEMPO Inizio="15.633" Bpm="120.00" Metro="4/4" Battito="4" />
      <TEMPO Inizio="16.132" Bpm="120.00" Metro="4/4" Battito="1" />
      <TEMPO Inizio="16.633" Bpm="120.00" Metro="4/4" Battito="2" />
      <TEMPO Inizio="17.132" Bpm="120.00" Metro="4/4" Battito="3" />
      <TEMPO Inizio="17.633" Bpm="120.00" Metro="4/4" Battito="4" />
      <TEMPO Inizio="18.132" Bpm="120.00" Metro="4/4" Battito="1" />
      <TEMPO Inizio="18.633" Bpm="120.00" Metro="4/4" Battito="2" />
      <TEMPO Inizio="19.132" Bpm="120.00" Metro="4/4" Battito="3" />
      <TEMPO Inizio="19.633" Bpm="120.00" Metro="4/4" Battito="4" />
      <TEMPO Inizio="20.132" Bpm="120.00" Metro="4/4" Battito="1" />
      <TEMPO Inizio="20.633" Bpm="120.00" Metro="4/4" Battito="2" />
      <TEMPO Inizio="21.132" Bpm="120.00" Metro="4/4" Battito="3" />
      <TEMPO Inizio="21.633" Bpm="120.00" Metro="4/4" Battito="4" />
      <TEMPO Inizio="22.132" Bpm="120.00" Metro="4/4" Battito="1" />
      <TEMPO Inizio="22.633" Bpm="120.00" Metro="4/4" Battito="2" />
      <TEMPO Inizio="23.132" Bpm="120.00" Metro="4/4" Battito="3" />
      <TEMPO Inizio="23.633" Bpm="120.00" Metro="4/4" Battito="4" />
      <TEMPO Inizio="24.132" Bpm="120.00" Metro="4/4" Battito="1" />
      <TEMPO Inizio="24.633" Bpm="120.00" Metro="4/4" Battito="2" />
      <TEMPO Inizio="25.132" Bpm="120.00" Metro="4/4" Battito="3" />
      <TEMPO Inizio="25.633" Bpm="120.00" Metro="4/4" Battito="4" />
      <TEMPO Inizio="26.132" Bpm="120.00" Metro="4/4" Battito="1" />
      <TEMPO Inizio="26.633" Bpm="120.00" Metro="4/4" Battito="2" />
      <TEMPO Inizio="27.132" Bpm="120.00" Metro="4/4" Battito="3" />
      <TEMPO Inizio="27.633" Bpm="120.00" Metro="4/4" Battito="4" />
      <TEMPO Inizio="28.132" Bpm="120.00" Metro="4/4" Battito="1" />
      <TEMPO Inizio="28.633" Bpm="120.00" Metro="4/4" Battito="2" />
      <TEMPO Inizio="29.132" Bpm="120.00" Metro="4/4" Battito="3" />
      <TEMPO Inizio="29.633" Bpm="120.00" Metro="4/4" Battito="4" />
      <TEMPO Inizio="30.132" Bpm="120.00" Metro="4/4" Battito="1" />
      <TEMPO Inizio="30.633" Bpm="120.00" Metro="4/4" Battito="2" />
      <TEMPO Inizio="31.132" Bpm="120.00" Metro="4/4" Battito="3" />
      <TEMPO Inizio="31.633" Bpm="120.00" Metro="4/4" Battito="4" />
      <TEMPO Inizio="32.132" Bpm="120.00" Metro="4/4" Battito="1" />
      <TEMPO Inizio="32.633" Bpm="120.00" Metro="4/4" Battito="2" />
      <TEMPO Inizio="33.132" Bpm="120.00" Metro="4/4" Battito="3" />
      <TEMPO Inizio="33.633" Bpm="120.00" Metro="4/4" Battito="4" />
      <TEMPO Inizio="34.132" Bpm="120.00" Metro="4/4" Battito="1" />
      <TEMPO Inizio="34.633" Bpm="120.00" Metro="4/4" Battito="2" />
      <TEMPO Inizio="35.132" Bpm="120.00" Metro="4/4" Battito="3" />
      <TEMPO Inizio="35.633" Bpm="120.00" Metro="4/4" Battito="4" />
      <TEMPO Inizio="36.132" Bpm="120.00" Metro="4/4" Battito="1" />
      <TEMPO Inizio="36.633" Bpm="120.00" Metro="4/4" Battito="2" />
      <TEMPO Inizio="37.132" Bpm="120.00" Metro="4/4" Battito="3" />
      <TEMPO Inizio="37.633" Bpm="120.00" Metro="4/4" Battito="4" />
      <TEMPO Inizio="38.132" Bpm="120.00" Metro="4/4" Battito="1" />
      <TEMPO Inizio="38.633" Bpm="120.00" Metro="4/4" Battito="2" />
      <TEMPO Inizio="39.132" Bpm="120.00" Metro="4/4" Battito="3" />
      <TEMPO Inizio="39.633" Bpm="120.00" Metro="4/4" Battito="4" />
      <TEMPO Inizio="40.132" Bpm="120.00" Metro="4/4" Battito="1" />
      <TEMPO Inizio="40.633" Bpm="120.00" Metro="4/4" Battito="2" />
      <TEMPO Inizio="41.132" Bpm="120.00" Metro="4/4" Battito="3" />
      <TEMPO Inizio="41.633" Bpm="120.00" Metro="4/4" Battito="4" />
      <TEMPO Inizio="42.132" Bpm="120.00" Metro="4/4" Battito="1" />
      <TEMPO Inizio="42.633" Bpm="120.00" Metro="4/4" Battito="2" />
      <TEMPO Inizio="43.132" Bpm="120.00" Metro="4/4" Battito="3" />
      <TEMPO Inizio="43.633" Bpm="120.00" Metro="4/4" Battito="4" />
      <TEMPO Inizio="44.132" Bpm="120.00" Metro="4/4" Battito="1" />
      <TEMPO Inizio="44.633" Bpm="120.00" Metro="4/4" Battito="2" />
      <TEMPO Inizio="45.132" Bpm="120.00" Metro="4/4" Battito="3" />
      <TEMPO Inizio="45.633" Bpm="120.00" Metro="4/4" Battito="4" />
      <TEMPO Inizio="46.132" Bpm="120.00" Metro="4/4" Battito="1" />
      <TEMPO Inizio="46.633" Bpm="120.00" Metro="4/4" Battito="2" />
      <TEMPO Inizio="47.132" Bpm="120.00" Metro="4/4" Battito="3" />
      <TEMPO Inizio="47.633" Bpm="120.00" Metro="4/4" Battito="4" />
      <TEMPO Inizio="48.132" Bpm="120.00" Metro="4/4" Battito="1" />
      <TEMPO Inizio="48.633" Bpm="120.00" Metro="4/4" Battito="2" />
      <TEMPO Inizio="49.132" Bpm="120.00" Metro="4/4" Battito="3" />
      <TEMPO Inizio="49.633" Bpm="120.00" Metro="4/4" Battito="4" />
      <TEMPO Inizio="50.132" Bpm="120.00" Metro="4/4" Battito="1" />
      <TEMPO Inizio="50.633" Bpm="120.00" Metro="4/4" Battito="2" />
      <TEMPO Inizio="51.132" Bpm="120.00" Metro="4/4" Battito="3" />
      <TEMPO Inizio="51.633" Bpm="120.00" Metro="4/4" Battito="4" />
      <TEMPO Inizio="52.132" Bpm="120.00" Metro="4/4" Battito="1" />
      <TEMPO Inizio="52.633" Bpm="120.00" Metro="4/4" Battito="2" />
      <TEMPO Inizio="53.132" Bpm="120.00" Metro="4/4" Battito="3" />
      <TEMPO Inizio="53.633" Bpm="120.00" Metro="4/4" Battito="4" />
      <TEMPO Inizio="54.132" Bpm="120.00" Metro="4/4" Battito="1" />
      <TEMPO Inizio="54.633" Bpm="120.00" Metro="4/4" Battito="2" />
      <TEMPO Inizio="55.132" Bpm="120.00" Metro="4/4" Battito="3" />
      <TEMPO Inizio="55.633" Bpm="120.00" Metro="4/4" Battito="4" />
      <TEMPO Inizio="56.132" Bpm="120.00" Metro="4/4" Battito="1" />
      <TEMPO Inizio="56.633" Bpm="120.00" Metro="4/4" Battito="2" />
      <TEMPO Inizio="57.132" Bpm="120.00" Metro="4/4" Battito="3" />
      <TEMPO Inizio="57.633" Bpm="120.00" Metro="4/4" Battito="4" />
      <TEMPO Inizio="58.132" Bpm="120.00" Metro="4/4" Battito="1" />
      <TEMPO Inizio="58.633" Bpm="120.00" Metro="4/4" Battito="2" />
      <TEMPO Inizio="59.132" Bpm="120.00" Metro="4/4" Battito="3" />
      <TEMPO Inizio="59.633" Bpm="120.00" Metro="4/4" Battito="4" />
      <TEMPO Inizio="60.132" Bpm="120.00" Metro="4/4" Battito="1" />
      <TEMPO Inizio="60.633" Bpm="120.00" Metro="4/4" Battito="2" />
    </TRACK>
    <TRACK TrackID="166324313" Name="Pylon (Instrumental)" Artist="Henrik Schwarz" Composer="" Album="99%" Grouping="" Genre="Lounge/Acoustic" Kind="AIFF File" Size="70480416" TotalTime="266" DiscNumber="0" TrackNumber="3" Year="2020" AverageBpm="135.00" DateAdded="2022-03-22" BitRate="1411" SampleRate="44100" Comments="5A - 6" PlayCount="0" Rating="0" Location="file://localhost/Users/zachvp/Music/DJ/Henrik%20Schwarz%20-%2099-%20-%2003%20Pylon%20(Instrumental).aiff" Remixer="" Tonality="5A" Label="" Mix="">
      <TEMPO Inizio="0.104" Bpm="135.00" Metro="4/4" Battito="1" />
    </TRACK>
    <TRACK TrackID="198201766" Name="Once Again (Acoustic)" Artist="Henrik Schwarz" Composer="" Album="99%" Grouping="" Genre="Lounge/" Kind="AIFF File" Size="54540616" TotalTime="205" DiscNumber="0" TrackNumber="5" Year="2020" AverageBpm="121.94" DateAdded="2022-03-22" BitRate="2116" SampleRate="44100" Comments="8A - 4" PlayCount="2" Rating="0" Location="file://localhost/Users/zachvp/Music/DJ/Henrik%20Schwarz%20-%2099-%20-%2005%20Once%20Again%20(Acoustic).aiff" Remixer="" Tonality="8A" Label="" Mix="">
      <TEMPO Inizio="0.226" Bpm="121.94" Metro="4/4" Battito="1" />
      <TEMPO Inizio="5.639" Bpm="121.94" Metro="4/4" Battito="4" />
      <TEMPO Inizio="31.226" Bpm="121.94" Metro="4/4" Battito="4" />
      <TEMPO Inizio="47.464" Bpm="121.94" Metro="4/4" Battito="1" />
      <TEMPO Inizio="63.702" Bpm="121.94" Metro="4/4" Battito="2" />
      <TEMPO Inizio="88.305" Bpm="121.94" Metro="4/4" Battito="4" />
      <TEMPO Inizio="112.908" Bpm="121.94" Metro="4/4" Battito="2" />
      <TEMPO Inizio="137.511" Bpm="121.94" Metro="4/4" Battito="4" />
      <TEMPO Inizio="162.114" Bpm="121.94" Metro="4/4" Battito="2" />
      <TEMPO Inizio="186.717" Bpm="121.94" Metro="4/4" Battito="4" />
    </TRACK>
    <TRACK TrackID="5226751" Name="Gun Finga (Original Mix)" Artist="Eptic" Composer="" Album="Doom EP" Grouping="" Genre="Dubstep" Kind="AIFF File" Size="33677750" TotalTime="190" DiscNumber="0" TrackNumber="1" Year="2013" AverageBpm="140.00" DateAdded="2022-03-22" BitRate="1411" SampleRate="44100" Comments="9A - 8" PlayCount="3" Rating="0" Location="file://localhost/Users/zachvp/Music/DJ/4872692_Gun_Finga_(Original_Mix).aiff" Remixer="" Tonality="9A" Label="Never Say Die Records" Mix="">
      <TEMPO Inizio="0.037" Bpm="140.00" Metro="4/4" Battito="1" />
    </TRACK>
    <TRACK TrackID="208658182" Name="Ghetto Indigo (Original Mix)" Artist="Guillaume &amp; The Coutu Dumonts" Composer="" Album="Indigo People" Grouping="" Genre="House/Tech/Groove" Kind="AIFF File" Size="66929396" TotalTime="379" DiscNumber="0" TrackNumber="2" Year="2013" AverageBpm="123.00" DateAdded="2022-03-22" BitRate="1411" SampleRate="44100" Comments="6A - 5" PlayCount="3" Rating="0" Location="file://localhost/Users/zachvp/Music/DJ/5003900_Ghetto_Indigo_(Original_Mix).aiff" Remixer="" Tonality="6A" Label="Oslo" Mix="">
      <TEMPO Inizio="0.210" Bpm="123.00" Metro="4/4" Battito="1" />
    </TRACK>
    <TRACK TrackID="136211189" Name="Crank (Original Mix)" Artist="Pan-Pot" Composer="" Album="Totally Mobilee - Pan-Pot Collection, Vol. 1" Grouping="" Genre="House/Deep/Tech/Spacey" Kind="AIFF File" Size="98940354" TotalTime="560" DiscNumber="0" TrackNumber="9" Year="2013" AverageBpm="127.00" DateAdded="2022-03-22" BitRate="1411" SampleRate="44100" Comments="10A - 5" PlayCount="1" Rating="0" Location="file://localhost/Users/zachvp/Music/DJ/5011576_Crank_(Original_Mix).aiff" Remixer="" Tonality="10A" Label="Mobilee Records" Mix="">
      <TEMPO Inizio="0.100" Bpm="127.00" Metro="4/4" Battito="1" />
      <TEMPO Inizio="0.573" Bpm="127.00" Metro="4/4" Battito="2" />
    </TRACK>
    <TRACK TrackID="58356175" Name="Everytime (Original Mix)" Artist="Newbie Nerdz" Composer="" Album="I Am So EP" Grouping="" Genre="House/Deep/Tech/Jazzy" Kind="AIFF File" Size="74551624" TotalTime="422" DiscNumber="0" TrackNumber="2" Year="2014" AverageBpm="123.00" DateAdded="2022-03-22" BitRate="1411" SampleRate="44100" Comments="4A - 6" PlayCount="3" Rating="0" Location="file://localhost/Users/zachvp/Music/DJ/5039100_Everytime_(Original_Mix).aiff" Remixer="" Tonality="4A" Label="Gruuv" Mix="">
      <TEMPO Inizio="0.197" Bpm="123.00" Metro="4/4" Battito="1" />
      <POSITION_MARK Name="" Type="0" Start="0.195" Num="-1" />
    </TRACK>
    <TRACK TrackID="183444466" Name="The End feat. Csilla (Original Mix)" Artist="Hot Since 82, Joe T Vannelli" Composer="" Album="The End (feat. Csilla)" Grouping="" Genre="House/Deep/Melodic" Kind="AIFF File" Size="83372808" TotalTime="472" DiscNumber="0" TrackNumber="1" Year="2014" AverageBpm="124.00" DateAdded="2022-03-22" BitRate="1411" SampleRate="44100" Comments="6B - 7" PlayCount="0" Rating="0" Location="file://localhost/Users/zachvp/Music/DJ/5136221_The_End_feat._Csilla_(Original_Mix).aiff" Remixer="" Tonality="6B" Label="Moda Black" Mix="">
      <TEMPO Inizio="0.025" Bpm="124.00" Metro="4/4" Battito="2" />
    </TRACK>
    <TRACK TrackID="48336208" Name="The Island (Silence Live Mix)" Artist="Hunter/Game" Composer="" Album="Lost [LNOE113]" Grouping="" Genre="House/Techno/Downtempo" Kind="AIFF File" Size="62047226" TotalTime="351" DiscNumber="0" TrackNumber="2" Year="2019" AverageBpm="123.00" DateAdded="2022-03-22" BitRate="1411" SampleRate="44100" Comments="8A - 5" PlayCount="1" Rating="0" Location="file://localhost/Users/zachvp/Music/DJ/Hunter-Game%20-%20Lost%20-LNOE113-%20-%2002%20The%20Island%20(Silence%20Live%20Mix).aiff" Remixer="" Tonality="8A" Label="" Mix="">
      <TEMPO Inizio="0.033" Bpm="123.00" Metro="4/4" Battito="1" />
    </TRACK>
    <TRACK TrackID="76093788" Name="Rapture (John Creamer &amp; Stephane K. Remix)" Artist="Iio, Nadia Ali, John Creamer, Stephane K" Composer="" Album="Rapture Reconstruction" Grouping="" Genre="House/Tech/Indie/Progressive" Kind="AIFF File" Size="105642134" TotalTime="598" DiscNumber="0" TrackNumber="15" Year="2008" AverageBpm="129.97" DateAdded="2022-03-22" BitRate="1411" SampleRate="44100" Comments="3A - 7" PlayCount="7" Rating="0" Location="file://localhost/Users/zachvp/Music/DJ/iio,%20Nadia%20Ali%20-%20Rapture%20(John%20Creamer%20%26%20Stephane%20K.%20Remix).aiff" Remixer="" Tonality="3A" Label="Made Records" Mix="">
      <TEMPO Inizio="0.115" Bpm="129.98" Metro="4/4" Battito="1" />
    </TRACK>
    <TRACK TrackID="78888830" Name="Reach (Basement Sessions Main Vocal Mix)" Artist="Jasper St Company" Composer="" Album="DJ-Kicks (Seth Troxler)" Grouping="" Genre="House/Deep/Tech/Jazzy" Kind="AIFF File" Size="74424284" TotalTime="420" DiscNumber="0" TrackNumber="9" Year="2015" AverageBpm="125.00" DateAdded="2022-03-22" BitRate="1411" SampleRate="44100" Comments="9A - 7" PlayCount="0" Rating="0" Location="file://localhost/Users/zachvp/Music/DJ/Jasper%20St%20Company%20-%20DJ-Kicks%20(Seth%20Troxler)%20-%2009%20Reach%20(Basement%20Sessions%20Main%20Vocal%20Mix).aiff" Remixer="" Tonality="9A" Label="" Mix="">
      <TEMPO Inizio="0.004" Bpm="125.00" Metro="4/4" Battito="1" />
      <TEMPO Inizio="85.923" Bpm="125.00" Metro="4/4" Battito="4" />
    </TRACK>
    <TRACK TrackID="252666136" Name="Destiny (Rave Dub Version)" Artist="John Talabot with Pional" Composer="" Album="10 JAHRE PERMANENT VACATION RAKETENMIX" Grouping="" Genre="Lounge/Indie" Kind="AIFF File" Size="65247554" TotalTime="369" DiscNumber="0" TrackNumber="2" Year="2017" AverageBpm="111.00" DateAdded="2022-03-22" BitRate="1411" SampleRate="44100" Comments="2A - 5" PlayCount="5" Rating="0" Location="file://localhost/Users/zachvp/Music/DJ/John%20Talabot%20with%20Pional%20-%20Destiny%20(Rave%20Dub%20Version).aiff" Remixer="" Tonality="2A" Label="" Mix="">
      <TEMPO Inizio="0.105" Bpm="111.00" Metro="4/4" Battito="1" />
      <POSITION_MARK Name="" Type="0" Start="17.397" Num="-1" />
      <POSITION_MARK Name="" Type="0" Start="34.695" Num="-1" />
      <POSITION_MARK Name="" Type="0" Start="69.289" Num="-1" />
      <POSITION_MARK Name="" Type="0" Start="183.885" Num="-1" />
      <POSITION_MARK Name="" Type="0" Start="268.217" Num="-1" />
      <POSITION_MARK Name="" Type="0" Start="285.500" Num="-1" />
    </TRACK>
    <TRACK TrackID="243802576" Name="Sex-N-R-001 (Vocal Mixx)" Artist="K-Alexi" Composer="" Album="DJ-Kicks (Seth Troxler)" Grouping="" Genre="House/Deep/Tech/" Kind="AIFF File" Size="43449216" TotalTime="244" DiscNumber="0" TrackNumber="10" Year="2015" AverageBpm="129.78" DateAdded="2022-03-22" BitRate="1411" SampleRate="44100" Comments="1A - 6" PlayCount="0" Rating="0" Location="file://localhost/Users/zachvp/Music/DJ/K-Alexi%20-%20DJ-Kicks%20(Seth%20Troxler)%20-%2010%20Sex-N-R-001%20(Vocal%20Mixx).aiff" Remixer="" Tonality="1A" Label="" Mix="">
      <TEMPO Inizio="0.145" Bpm="129.78" Metro="4/4" Battito="4" />
      <TEMPO Inizio="20.950" Bpm="129.78" Metro="4/4" Battito="1" />
      <TEMPO Inizio="64.871" Bpm="129.78" Metro="4/4" Battito="4" />
      <TEMPO Inizio="108.792" Bpm="129.78" Metro="4/4" Battito="3" />
      <TEMPO Inizio="152.713" Bpm="129.78" Metro="4/4" Battito="2" />
      <TEMPO Inizio="196.634" Bpm="129.78" Metro="4/4" Battito="1" />
      <TEMPO Inizio="240.555" Bpm="129.78" Metro="4/4" Battito="4" />
    </TRACK>
    <TRACK TrackID="114363557" Name="Nova (Original Mix)" Artist="Bicep" Composer="" Album="DJ-Kicks" Grouping="" Genre="House/Tech/Breaks" Kind="AIFF File" Size="59671666" TotalTime="337" DiscNumber="0" TrackNumber="18" Year="2014" AverageBpm="125.99" DateAdded="2022-03-22" BitRate="1411" SampleRate="44100" Comments="3A - 6" PlayCount="4" Rating="0" Location="file://localhost/Users/zachvp/Music/DJ/5348552_Nova_(Original_Mix).aiff" Remixer="" Tonality="3A" Label="K7 Records" Mix="">
      <TEMPO Inizio="0.179" Bpm="125.99" Metro="4/4" Battito="1" />
      <TEMPO Inizio="54.468" Bpm="125.99" Metro="4/4" Battito="3" />
      <TEMPO Inizio="98.280" Bpm="125.99" Metro="4/4" Battito="3" />
      <TEMPO Inizio="142.092" Bpm="125.99" Metro="4/4" Battito="3" />
      <TEMPO Inizio="190.190" Bpm="125.99" Metro="4/4" Battito="4" />
      <TEMPO Inizio="234.002" Bpm="125.99" Metro="4/4" Battito="4" />
      <TEMPO Inizio="282.100" Bpm="125.99" Metro="4/4" Battito="1" />
      <TEMPO Inizio="334.484" Bpm="125.99" Metro="4/4" Battito="3" />
      <POSITION_MARK Name="" Type="0" Start="0.125" Num="-1" />
    </TRACK>
    <TRACK TrackID="102659945" Name="DARE (Original Mix)" Artist="Gorillaz" Composer="" Album="Demon Days" Grouping="" Genre="Lounge/Indie" Kind="AIFF File" Size="43260682" TotalTime="244" DiscNumber="0" TrackNumber="12" Year="2014" AverageBpm="120.22" DateAdded="2022-03-22" BitRate="1411" SampleRate="44100" Comments="6A - 7" PlayCount="1" Rating="0" Location="file://localhost/Users/zachvp/Music/DJ/5544870_DARE_(Original_Mix).aiff" Remixer="" Tonality="6A" Label="Parlophone UK" Mix="">
      <TEMPO Inizio="0.350" Bpm="120.22" Metro="4/4" Battito="3" />
      <TEMPO Inizio="14.824" Bpm="120.22" Metro="4/4" Battito="4" />
      <TEMPO Inizio="129.115" Bpm="120.22" Metro="4/4" Battito="1" />
      <TEMPO Inizio="237.417" Bpm="120.22" Metro="4/4" Battito="2" />
      <POSITION_MARK Name="" Type="0" Start="227.422" Num="-1" />
      <POSITION_MARK Name="" Type="0" Start="219.439" Num="-1" />
    </TRACK>
    <TRACK TrackID="53279870" Name="Lost South (Original Mix)" Artist="Danniel Selfmade" Composer="" Album="Lost South" Grouping="" Genre="House/Techno/Downtempo" Kind="AIFF File" Size="80575952" TotalTime="456" DiscNumber="0" TrackNumber="1" Year="2015" AverageBpm="122.00" DateAdded="2022-03-22" BitRate="1411" SampleRate="44100" Comments="8A - 6" PlayCount="0" Rating="0" Location="file://localhost/Users/zachvp/Music/DJ/5588079_Lost_South_(Original_Mix).aiff" Remixer="" Tonality="8A" Label="Infamous Recordings" Mix="">
      <TEMPO Inizio="0.000" Bpm="122.00" Metro="4/4" Battito="1" />
    </TRACK>
    <TRACK TrackID="26504817" Name="Work It (Soulwax Remix)" Artist="Marie Davidson, Soulwax" Composer="" Album="Defected presents Most Rated Ibiza 2019" Grouping="" Genre="House/Tech/Groove" Kind="AIFF File" Size="50539004" TotalTime="285" DiscNumber="0" TrackNumber="5" Year="2019" AverageBpm="125.00" DateAdded="2022-03-22" BitRate="1411" SampleRate="44100" Comments="6A - 6" PlayCount="0" Rating="0" Location="file://localhost/Users/zachvp/Music/DJ/Marie%20Davidson%20-%20Work%20It%20(Soulwax%20Remix).aiff" Remixer="" Tonality="6A" Label="Defected" Mix="">
      <TEMPO Inizio="0.054" Bpm="125.00" Metro="4/4" Battito="1" />
    </TRACK>
    <TRACK TrackID="183010242" Name="Birthday Card" Artist="Marcus Marr &amp; Chet Faker" Composer="" Album="Work - EP" Grouping="" Genre="House/Tech/Indie/" Kind="AIFF File" Size="123671068" TotalTime="466" DiscNumber="0" TrackNumber="1" Year="2015" AverageBpm="123.00" DateAdded="2022-03-22" BitRate="2116" SampleRate="44100" Comments="6A - 6" PlayCount="5" Rating="0" Location="file://localhost/Users/zachvp/Music/DJ/Marcus%20Marr%20%26%20Chet%20Faker%20-%20Birthday%20Card.aiff" Remixer="" Tonality="6A" Label="" Mix="">
      <TEMPO Inizio="0.007" Bpm="123.00" Metro="4/4" Battito="1" />
      <POSITION_MARK Name="" Type="0" Start="46.851" Num="-1" />
      <POSITION_MARK Name="" Type="0" Start="273.167" Num="-1" />
      <POSITION_MARK Name="" Type="0" Start="351.220" Num="-1" />
      <POSITION_MARK Name="" Type="0" Start="398.031" Num="-1" />
    </TRACK>
    <TRACK TrackID="251462866" Name="The Wall (Arty Remode Mix)" Artist="ARTY, Tania Zygar" Composer="" Album="Enhanced #BeatportDecade Trance" Grouping="" Genre="House/Tech/Indie/Progressive/Electro" Kind="AIFF File" Size="66467424" TotalTime="376" DiscNumber="0" TrackNumber="4" Year="2014" AverageBpm="130.00" DateAdded="2022-03-22" BitRate="1411" SampleRate="44100" Comments="7A - 8" PlayCount="2" Rating="0" Location="file://localhost/Users/zachvp/Music/DJ/5757199_The_Wall_(Arty_Remode_Mix).aiff" Remixer="" Tonality="7A" Label="Enhanced Music" Mix="">
      <TEMPO Inizio="0.456" Bpm="130.00" Metro="4/4" Battito="2" />
      <POSITION_MARK Name="" Type="0" Start="147.682" Num="-1" />
    </TRACK>
    <TRACK TrackID="58334086" Name="Nuits Sonores (Original Mix)" Artist="Floating Points" Composer="" Album="Nuits Sonores / Nectarines" Grouping="" Genre="House/Deep/Tech/Jazzy" Kind="AIFF File" Size="126473824" TotalTime="715" DiscNumber="0" TrackNumber="1" Year="2014" AverageBpm="123.00" DateAdded="2022-03-22" BitRate="1411" SampleRate="44100" Comments="3A - 6" PlayCount="0" Rating="0" Location="file://localhost/Users/zachvp/Music/DJ/6063648_Nuits_Sonores_(Original_Mix).aiff" Remixer="" Tonality="3A" Label="Eglo Records" Mix="">
      <TEMPO Inizio="0.218" Bpm="123.00" Metro="4/4" Battito="1" />
    </TRACK>
    <TRACK TrackID="173264587" Name="The Peacemaker (Original)" Artist="Maxie Devine, Veerus" Composer="" Album="Kittball Konspiracy Vol.9" Grouping="" Genre="House/Tech/Groove" Kind="AIFF File" Size="84674370" TotalTime="478" DiscNumber="0" TrackNumber="1" Year="2014" AverageBpm="123.00" DateAdded="2022-03-22" BitRate="1411" SampleRate="44100" Comments="2A - 6" PlayCount="1" Rating="0" Location="file://localhost/Users/zachvp/Music/DJ/6092273_The_Peacemaker_(Original).aiff" Remixer="" Tonality="2A" Label="Kittball" Mix="">
      <TEMPO Inizio="0.036" Bpm="123.00" Metro="4/4" Battito="1" />
    </TRACK>
    <TRACK TrackID="235421829" Name="Spooky" Artist="Lydia Lunch" Composer="" Album="Queen Of Siam" Grouping="" Genre="Lounge/" Kind="AIFF File" Size="28803008" TotalTime="162" DiscNumber="0" TrackNumber="4" Year="2015" AverageBpm="114.11" DateAdded="2022-03-22" BitRate="1411" SampleRate="44100" Comments="4A - 6" PlayCount="1" Rating="0" Location="file://localhost/Users/zachvp/Music/DJ/Lydia%20Lunch%20-%20Spooky.aiff" Remixer="" Tonality="4A" Label="" Mix="">
      <TEMPO Inizio="0.287" Bpm="114.11" Metro="4/4" Battito="1" />
    </TRACK>
    <TRACK TrackID="73655042" Name="Tusk (Marvin Hey Journey Edit)" Artist="Fleetwood Mac" Composer="" Album="" Grouping="" Genre="Lounge/Acoustic" Kind="AIFF File" Size="74298308" TotalTime="420" DiscNumber="0" TrackNumber="0" Year="2019" AverageBpm="90.29" DateAdded="2022-03-22" BitRate="1411" SampleRate="44100" Comments="7A - 7" PlayCount="2" Rating="0" Location="file://localhost/Users/zachvp/Music/DJ/Marvin%20Hey%20-%20Fleetwood%20Mac%20-%20Tusk%20(Marvin%20Hey%20Journey%20Edit).aiff" Remixer="" Tonality="7A" Label="" Mix="">
      <TEMPO Inizio="0.506" Bpm="90.29" Metro="4/4" Battito="4" />
      <POSITION_MARK Name="" Type="0" Start="22.406" Num="-1" />
      <POSITION_MARK Name="" Type="0" Start="1.144" Num="-1" />
      <POSITION_MARK Name="" Type="0" Start="43.671" Num="-1" />
      <POSITION_MARK Name="" Type="0" Start="64.936" Num="-1" />
      <POSITION_MARK Name="" Type="0" Start="75.428" Num="-1" />
      <POSITION_MARK Name="" Type="0" Start="221.801" Num="-1" />
      <POSITION_MARK Name="" Type="0" Start="211.169" Num="-1" />
    </TRACK>
    <TRACK TrackID="203256987" Name="Luke I am Your Father" Artist="rayman" Composer="" Album="" Grouping="" Genre="House/Tech/Breaks" Kind="AIFF File" Size="42337550" TotalTime="239" DiscNumber="0" TrackNumber="0" Year="0" AverageBpm="80.00" DateAdded="2022-03-22" BitRate="1411" SampleRate="44100" Comments="4A - 7" PlayCount="0" Rating="0" Location="file://localhost/Users/zachvp/Music/DJ/Luke%20I%20am%20Your%20Father.aiff" Remixer="" Tonality="4A" Label="" Mix="">
      <TEMPO Inizio="0.187" Bpm="80.00" Metro="4/4" Battito="3" />
      <TEMPO Inizio="15.938" Bpm="80.00" Metro="4/4" Battito="4" />
      <TEMPO Inizio="57.189" Bpm="80.00" Metro="4/4" Battito="3" />
      <TEMPO Inizio="98.440" Bpm="80.00" Metro="4/4" Battito="2" />
      <TEMPO Inizio="139.691" Bpm="80.00" Metro="4/4" Battito="1" />
      <TEMPO Inizio="180.942" Bpm="80.00" Metro="4/4" Battito="4" />
      <TEMPO Inizio="222.193" Bpm="80.00" Metro="4/4" Battito="3" />
    </TRACK>
    <TRACK TrackID="61379573" Name="Reachin' (Original Mix)" Artist="Cristoph" Composer="" Album="Consequence Of Society Volume 1" Grouping="" Genre="House/Tech/" Kind="AIFF File" Size="68468238" TotalTime="387" DiscNumber="0" TrackNumber="2" Year="2015" AverageBpm="124.00" DateAdded="2022-03-22" BitRate="1411" SampleRate="44100" Comments="5A - 6" PlayCount="1" Rating="0" Location="file://localhost/Users/zachvp/Music/DJ/6264355_Reachin%27_(Original_Mix).aiff" Remixer="" Tonality="5A" Label="Noir Music" Mix="">
      <TEMPO Inizio="0.025" Bpm="124.00" Metro="4/4" Battito="1" />
    </TRACK>
    <TRACK TrackID="264205102" Name="Intro (Original Mix)" Artist="Disclosure" Composer="" Album="Settle" Grouping="" Genre="Samples" Kind="AIFF File" Size="10894486" TotalTime="61" DiscNumber="0" TrackNumber="1" Year="2014" AverageBpm="138.00" DateAdded="2022-03-22" BitRate="1411" SampleRate="44100" Comments="11A - 4" PlayCount="1" Rating="0" Location="file://localhost/Users/zachvp/Music/DJ/6329112_Intro_(Original_Mix).aiff" Remixer="" Tonality="11A" Label="Island Records" Mix="">
      <TEMPO Inizio="0.025" Bpm="138.00" Metro="4/4" Battito="3" />
    </TRACK>
    <TRACK TrackID="204851305" Name="Knotweed" Artist="Laurence Guy" Composer="" Album="Bamboo EP" Grouping="" Genre="House/Deep/Tech/Jazzy" Kind="AIFF File" Size="65410086" TotalTime="370" DiscNumber="0" TrackNumber="3" Year="2016" AverageBpm="120.00" DateAdded="2022-03-22" BitRate="1411" SampleRate="44100" Comments="1A - 6" PlayCount="3" Rating="0" Location="file://localhost/Users/zachvp/Music/DJ/Laurence%20Guy%20-%20Knotweed.aiff" Remixer="" Tonality="1A" Label="" Mix="">
      <TEMPO Inizio="0.011" Bpm="120.00" Metro="4/4" Battito="1" />
      <TEMPO Inizio="283.512" Bpm="120.00" Metro="4/4" Battito="4" />
      <TEMPO Inizio="284.011" Bpm="120.00" Metro="4/4" Battito="1" />
      <TEMPO Inizio="284.512" Bpm="120.00" Metro="4/4" Battito="2" />
      <TEMPO Inizio="285.011" Bpm="120.00" Metro="4/4" Battito="3" />
      <TEMPO Inizio="285.512" Bpm="120.00" Metro="4/4" Battito="4" />
      <TEMPO Inizio="286.011" Bpm="120.00" Metro="4/4" Battito="1" />
      <TEMPO Inizio="286.512" Bpm="120.00" Metro="4/4" Battito="2" />
      <TEMPO Inizio="287.011" Bpm="120.00" Metro="4/4" Battito="3" />
      <TEMPO Inizio="287.512" Bpm="120.00" Metro="4/4" Battito="4" />
      <TEMPO Inizio="288.011" Bpm="120.00" Metro="4/4" Battito="1" />
      <TEMPO Inizio="288.512" Bpm="120.00" Metro="4/4" Battito="2" />
      <TEMPO Inizio="289.011" Bpm="120.00" Metro="4/4" Battito="3" />
      <TEMPO Inizio="289.512" Bpm="120.00" Metro="4/4" Battito="4" />
      <TEMPO Inizio="290.011" Bpm="120.00" Metro="4/4" Battito="1" />
      <TEMPO Inizio="290.512" Bpm="120.00" Metro="4/4" Battito="2" />
      <TEMPO Inizio="291.011" Bpm="120.00" Metro="4/4" Battito="3" />
      <TEMPO Inizio="291.512" Bpm="120.00" Metro="4/4" Battito="4" />
      <TEMPO Inizio="292.011" Bpm="120.00" Metro="4/4" Battito="1" />
      <TEMPO Inizio="292.512" Bpm="120.00" Metro="4/4" Battito="2" />
      <TEMPO Inizio="293.011" Bpm="120.00" Metro="4/4" Battito="3" />
      <TEMPO Inizio="293.512" Bpm="120.00" Metro="4/4" Battito="4" />
      <TEMPO Inizio="294.011" Bpm="120.00" Metro="4/4" Battito="1" />
      <TEMPO Inizio="294.512" Bpm="120.00" Metro="4/4" Battito="2" />
      <TEMPO Inizio="295.011" Bpm="120.00" Metro="4/4" Battito="3" />
      <TEMPO Inizio="295.512" Bpm="120.00" Metro="4/4" Battito="4" />
      <TEMPO Inizio="296.011" Bpm="120.00" Metro="4/4" Battito="1" />
      <TEMPO Inizio="296.512" Bpm="120.00" Metro="4/4" Battito="2" />
      <TEMPO Inizio="297.011" Bpm="120.00" Metro="4/4" Battito="3" />
      <TEMPO Inizio="297.512" Bpm="120.00" Metro="4/4" Battito="4" />
      <TEMPO Inizio="298.011" Bpm="120.00" Metro="4/4" Battito="1" />
      <TEMPO Inizio="298.512" Bpm="120.00" Metro="4/4" Battito="2" />
      <TEMPO Inizio="299.011" Bpm="120.00" Metro="4/4" Battito="3" />
      <TEMPO Inizio="299.512" Bpm="120.00" Metro="4/4" Battito="4" />
      <TEMPO Inizio="300.011" Bpm="120.00" Metro="4/4" Battito="1" />
      <TEMPO Inizio="300.512" Bpm="120.00" Metro="4/4" Battito="2" />
      <TEMPO Inizio="301.011" Bpm="120.00" Metro="4/4" Battito="3" />
      <TEMPO Inizio="301.512" Bpm="120.00" Metro="4/4" Battito="4" />
      <TEMPO Inizio="302.011" Bpm="120.00" Metro="4/4" Battito="1" />
      <TEMPO Inizio="302.512" Bpm="120.00" Metro="4/4" Battito="2" />
      <TEMPO Inizio="303.011" Bpm="120.00" Metro="4/4" Battito="3" />
      <TEMPO Inizio="303.512" Bpm="120.00" Metro="4/4" Battito="4" />
      <TEMPO Inizio="304.011" Bpm="120.00" Metro="4/4" Battito="1" />
      <TEMPO Inizio="304.512" Bpm="120.00" Metro="4/4" Battito="2" />
      <TEMPO Inizio="305.011" Bpm="120.00" Metro="4/4" Battito="3" />
      <TEMPO Inizio="305.512" Bpm="120.00" Metro="4/4" Battito="4" />
      <TEMPO Inizio="306.011" Bpm="120.00" Metro="4/4" Battito="1" />
      <TEMPO Inizio="306.512" Bpm="120.00" Metro="4/4" Battito="2" />
      <TEMPO Inizio="307.011" Bpm="120.00" Metro="4/4" Battito="3" />
      <TEMPO Inizio="307.512" Bpm="120.00" Metro="4/4" Battito="4" />
      <TEMPO Inizio="308.011" Bpm="120.00" Metro="4/4" Battito="1" />
      <TEMPO Inizio="308.512" Bpm="120.00" Metro="4/4" Battito="2" />
      <TEMPO Inizio="309.011" Bpm="120.00" Metro="4/4" Battito="3" />
      <TEMPO Inizio="309.512" Bpm="120.00" Metro="4/4" Battito="4" />
      <TEMPO Inizio="310.011" Bpm="120.00" Metro="4/4" Battito="1" />
      <TEMPO Inizio="310.512" Bpm="120.00" Metro="4/4" Battito="2" />
      <TEMPO Inizio="311.011" Bpm="120.00" Metro="4/4" Battito="3" />
      <TEMPO Inizio="311.512" Bpm="120.00" Metro="4/4" Battito="4" />
      <TEMPO Inizio="312.011" Bpm="120.00" Metro="4/4" Battito="1" />
      <TEMPO Inizio="312.512" Bpm="120.00" Metro="4/4" Battito="2" />
      <TEMPO Inizio="313.011" Bpm="120.00" Metro="4/4" Battito="3" />
      <TEMPO Inizio="313.512" Bpm="120.00" Metro="4/4" Battito="4" />
      <TEMPO Inizio="314.011" Bpm="120.00" Metro="4/4" Battito="1" />
      <TEMPO Inizio="314.512" Bpm="120.00" Metro="4/4" Battito="2" />
      <TEMPO Inizio="315.011" Bpm="120.00" Metro="4/4" Battito="3" />
      <TEMPO Inizio="315.512" Bpm="120.00" Metro="4/4" Battito="4" />
      <TEMPO Inizio="316.011" Bpm="120.00" Metro="4/4" Battito="1" />
      <TEMPO Inizio="316.512" Bpm="120.00" Metro="4/4" Battito="2" />
      <TEMPO Inizio="317.011" Bpm="120.00" Metro="4/4" Battito="3" />
      <TEMPO Inizio="317.512" Bpm="120.00" Metro="4/4" Battito="4" />
      <TEMPO Inizio="318.011" Bpm="120.00" Metro="4/4" Battito="1" />
      <TEMPO Inizio="318.512" Bpm="120.00" Metro="4/4" Battito="2" />
      <TEMPO Inizio="319.011" Bpm="120.00" Metro="4/4" Battito="3" />
      <TEMPO Inizio="319.512" Bpm="120.00" Metro="4/4" Battito="4" />
      <TEMPO Inizio="320.011" Bpm="120.00" Metro="4/4" Battito="1" />
      <TEMPO Inizio="320.512" Bpm="120.00" Metro="4/4" Battito="2" />
      <TEMPO Inizio="321.011" Bpm="120.00" Metro="4/4" Battito="3" />
      <TEMPO Inizio="321.512" Bpm="120.00" Metro="4/4" Battito="4" />
      <TEMPO Inizio="322.011" Bpm="120.00" Metro="4/4" Battito="1" />
      <TEMPO Inizio="322.512" Bpm="120.00" Metro="4/4" Battito="2" />
      <TEMPO Inizio="323.011" Bpm="120.00" Metro="4/4" Battito="3" />
      <TEMPO Inizio="323.512" Bpm="120.00" Metro="4/4" Battito="4" />
      <TEMPO Inizio="324.011" Bpm="120.00" Metro="4/4" Battito="1" />
      <TEMPO Inizio="324.512" Bpm="120.00" Metro="4/4" Battito="2" />
      <TEMPO Inizio="325.011" Bpm="120.00" Metro="4/4" Battito="3" />
      <TEMPO Inizio="325.512" Bpm="120.00" Metro="4/4" Battito="4" />
      <TEMPO Inizio="326.011" Bpm="120.00" Metro="4/4" Battito="1" />
      <TEMPO Inizio="326.512" Bpm="120.00" Metro="4/4" Battito="2" />
      <TEMPO Inizio="327.011" Bpm="120.00" Metro="4/4" Battito="3" />
      <TEMPO Inizio="327.512" Bpm="120.00" Metro="4/4" Battito="4" />
      <TEMPO Inizio="328.011" Bpm="120.00" Metro="4/4" Battito="1" />
      <TEMPO Inizio="328.512" Bpm="120.00" Metro="4/4" Battito="2" />
      <TEMPO Inizio="329.011" Bpm="120.00" Metro="4/4" Battito="3" />
      <TEMPO Inizio="329.512" Bpm="120.00" Metro="4/4" Battito="4" />
      <POSITION_MARK Name="" Type="0" Start="112.016" Num="-1" />
      <POSITION_MARK Name="" Type="0" Start="336.014" Num="-1" />
      <POSITION_MARK Name="" Type="0" Start="0.008" Num="-1" />
    </TRACK>
    <TRACK TrackID="129118362" Name="Systematic Addict (Original Mix)" Artist="Jaceo, Trent Cantrelle" Composer="" Album="Systematic Addict EP" Grouping="" Genre="House/Tech/Groove" Kind="AIFF File" Size="68941286" TotalTime="390" DiscNumber="0" TrackNumber="1" Year="2015" AverageBpm="123.00" DateAdded="2022-03-22" BitRate="1411" SampleRate="44100" Comments="4A - 6" PlayCount="3" Rating="0" Location="file://localhost/Users/zachvp/Music/DJ/6470507_Systematic_Addict_(Original_Mix).aiff" Remixer="" Tonality="4A" Label="Toolroom" Mix="">
      <TEMPO Inizio="0.004" Bpm="123.00" Metro="4/4" Battito="1" />
    </TRACK>
    <TRACK TrackID="18434225" Name="Manipulated (Original Mix)" Artist="Cuartero" Composer="" Album="Dioneli EP" Grouping="" Genre="House/Tech/Groove" Kind="AIFF File" Size="67405454" TotalTime="380" DiscNumber="0" TrackNumber="3" Year="2015" AverageBpm="122.00" DateAdded="2022-03-22" BitRate="1411" SampleRate="44100" Comments="1A - 6" PlayCount="3" Rating="0" Location="file://localhost/Users/zachvp/Music/DJ/6664492_Manipulated_(Original_Mix).aiff" Remixer="" Tonality="1A" Label="Hot Creations" Mix="">
      <TEMPO Inizio="0.024" Bpm="122.00" Metro="4/4" Battito="1" />
    </TRACK>
    <TRACK TrackID="96786115" Name="Stellar (Original Mix)" Artist="Alex Niggemann" Composer="" Album="Stellar" Grouping="" Genre="House/Techno/Downtempo" Kind="AIFF File" Size="91183454" TotalTime="516" DiscNumber="0" TrackNumber="1" Year="2015" AverageBpm="123.00" DateAdded="2022-03-22" BitRate="1411" SampleRate="44100" Comments="6A - 5" PlayCount="0" Rating="0" Location="file://localhost/Users/zachvp/Music/DJ/6755288_Stellar_(Original_Mix).aiff" Remixer="" Tonality="6A" Label="Aeon" Mix="">
      <TEMPO Inizio="0.010" Bpm="123.00" Metro="4/4" Battito="1" />
    </TRACK>
    <TRACK TrackID="223924484" Name="BLACK DOOR (Original Mix)" Artist="Joeski" Composer="" Album="Black Door EP" Grouping="" Genre="House/Tech/Organic" Kind="AIFF File" Size="89896186" TotalTime="509" DiscNumber="0" TrackNumber="1" Year="2015" AverageBpm="123.00" DateAdded="2022-03-22" BitRate="1411" SampleRate="44100" Comments="9A - 6" PlayCount="2" Rating="0" Location="file://localhost/Users/zachvp/Music/DJ/6900842_BLACK_DOOR_(Original_Mix).aiff" Remixer="" Tonality="9A" Label="Kittball" Mix="">
      <TEMPO Inizio="0.011" Bpm="123.00" Metro="4/4" Battito="1" />
      <POSITION_MARK Name="" Type="0" Start="31.227" Num="-1" />
      <POSITION_MARK Name="" Type="0" Start="62.440" Num="-1" />
      <POSITION_MARK Name="" Type="0" Start="156.097" Num="-1" />
      <POSITION_MARK Name="" Type="0" Start="93.660" Num="-1" />
      <POSITION_MARK Name="" Type="0" Start="399.990" Num="-1" />
    </TRACK>
    <TRACK TrackID="38210669" Name="Perfume (Dynacom Unofficial Remix)" Artist="Katzen" Composer="" Album="" Grouping="" Genre="House/Tech/Indie/Progressive" Kind="MP3 File" Size="18079028" TotalTime="450" DiscNumber="0" TrackNumber="0" Year="0" AverageBpm="122.00" DateAdded="2022-03-22" BitRate="320" SampleRate="44100" Comments="6A - 6" PlayCount="5" Rating="0" Location="file://localhost/Users/zachvp/Music/DJ/Katzen%20-%20Perfume%20(Dynacom%20Unofficial%20Remix).mp3" Remixer="" Tonality="6A" Label="" Mix="">
      <TEMPO Inizio="0.024" Bpm="122.00" Metro="4/4" Battito="1" />
    </TRACK>
    <TRACK TrackID="172167928" Name="Can't Hang" Artist="Justin Jay" Composer="" Album="Home" Grouping="" Genre="House/Tech/Indie/" Kind="AIFF File" Size="64311770" TotalTime="242" DiscNumber="0" TrackNumber="3" Year="2017" AverageBpm="124.00" DateAdded="2022-03-22" BitRate="1411" SampleRate="44100" Comments="8B - 6" PlayCount="0" Rating="0" Location="file://localhost/Users/zachvp/Music/DJ/Justin%20Jay%20-%20Can%27t%20Hang.aiff" Remixer="" Tonality="8B" Label="" Mix="">
      <TEMPO Inizio="0.364" Bpm="124.00" Metro="4/4" Battito="1" />
    </TRACK>
    <TRACK TrackID="195274842" Name="ON TOP BABY (Original Mix)" Artist="CIREZ D" Composer="" Album="VOL D" Grouping="" Genre="House/Techno/Sinister" Kind="AIFF File" Size="81697598" TotalTime="462" DiscNumber="0" TrackNumber="2" Year="2015" AverageBpm="125.98" DateAdded="2022-03-22" BitRate="1411" SampleRate="44100" Comments="8A - 6" PlayCount="5" Rating="0" Location="file://localhost/Users/zachvp/Music/DJ/7387049_ON_TOP_BABY_(Original_Mix).aiff" Remixer="" Tonality="8A" Label="Mouseville" Mix="">
      <TEMPO Inizio="0.414" Bpm="125.98" Metro="4/4" Battito="1" />
      <TEMPO Inizio="149.008" Bpm="125.98" Metro="4/4" Battito="1" />
      <TEMPO Inizio="252.833" Bpm="125.98" Metro="4/4" Battito="3" />
      <TEMPO Inizio="365.707" Bpm="125.98" Metro="4/4" Battito="4" />
    </TRACK>
    <TRACK TrackID="49550682" Name="Appletini (Dimi Wilson Remix)" Artist="Monsieur M." Composer="" Album="Underground Vol. Fourteen Compiled By City Soul Project" Grouping="" Genre="House/Deep/Tech/" Kind="AIFF File" Size="84142720" TotalTime="476" DiscNumber="0" TrackNumber="3" Year="2016" AverageBpm="123.00" DateAdded="2022-03-22" BitRate="1411" SampleRate="44100" Comments="1A - 5" PlayCount="4" Rating="0" Location="file://localhost/Users/zachvp/Music/DJ/7517532_Appletini_(Dimi_Wilson_Remix).aiff" Remixer="" Tonality="1A" Label="Savoir Faire Musique" Mix="">
      <TEMPO Inizio="0.244" Bpm="123.00" Metro="4/4" Battito="1" />
      <POSITION_MARK Name="" Type="0" Start="0.211" Num="-1" />
    </TRACK>
    <TRACK TrackID="175027532" Name="22 Hours (The Persuader Remix)" Artist="Joel Alter" Composer="" Album="Heart (Remixes)" Grouping="" Genre="House/Deep/Tech/Spacey" Kind="AIFF File" Size="136762746" TotalTime="516" DiscNumber="0" TrackNumber="1" Year="2015" AverageBpm="126.00" DateAdded="2022-03-22" BitRate="2116" SampleRate="44100" Comments="8A - Energy 5" PlayCount="0" Rating="0" Location="file://localhost/Users/zachvp/Music/DJ/Joel%20Alter%20-%2022%20Hours%20(The%20Persuader%20Remix).aiff" Remixer="" Tonality="8A" Label="" Mix="">
      <TEMPO Inizio="0.258" Bpm="126.00" Metro="4/4" Battito="1" />
      <TEMPO Inizio="6.449" Bpm="126.00" Metro="4/4" Battito="2" />
      <TEMPO Inizio="402.640" Bpm="126.00" Metro="4/4" Battito="2" />
    </TRACK>
    <TRACK TrackID="7848599" Name="Would It Be" Artist="Niki Nakazawa" Composer="" Album="DJ-Kicks (Seth Troxler)" Grouping="" Genre="Lounge/Acoustic" Kind="AIFF File" Size="33933654" TotalTime="190" DiscNumber="0" TrackNumber="1" Year="2015" AverageBpm="171.58" DateAdded="2022-03-22" BitRate="1411" SampleRate="44100" Comments="9B - 4" PlayCount="0" Rating="0" Location="file://localhost/Users/zachvp/Music/DJ/Niki%20Nakazawa%20-%20DJ-Kicks%20(Seth%20Troxler)%20-%2001%20Would%20It%20Be.aiff" Remixer="" Tonality="9B" Label="" Mix="">
      <TEMPO Inizio="0.036" Bpm="171.58" Metro="4/4" Battito="1" />
    </TRACK>
    <TRACK TrackID="171129840" Name="Nighthawk (Dosem Remix)" Artist="Mat.Joe" Composer="" Album="Nighthawk" Grouping="" Genre="House/Tech/Organic" Kind="AIFF File" Size="65769840" TotalTime="372" DiscNumber="0" TrackNumber="2" Year="2016" AverageBpm="124.00" DateAdded="2022-03-22" BitRate="1411" SampleRate="44100" Comments="6A - 6" PlayCount="1" Rating="0" Location="file://localhost/Users/zachvp/Music/DJ/7783788_Nighthawk_(Dosem_Remix).aiff" Remixer="" Tonality="6A" Label="Toolroom" Mix="">
      <TEMPO Inizio="0.000" Bpm="124.00" Metro="4/4" Battito="1" />
      <POSITION_MARK Name="" Type="0" Start="30.963" Num="-1" />
      <POSITION_MARK Name="" Type="0" Start="92.921" Num="-1" />
      <POSITION_MARK Name="" Type="0" Start="154.834" Num="-1" />
      <POSITION_MARK Name="" Type="0" Start="278.701" Num="-1" />
    </TRACK>
    <TRACK TrackID="7485561" Name="Casa (Original Mix)" Artist="Dinky" Composer="" Album="Casa" Grouping="" Genre="House/Deep/Tech/Jazzy" Kind="AIFF File" Size="64295450" TotalTime="364" DiscNumber="0" TrackNumber="1" Year="2016" AverageBpm="125.00" DateAdded="2022-03-22" BitRate="1411" SampleRate="44100" Comments="2A - 6" PlayCount="1" Rating="0" Location="file://localhost/Users/zachvp/Music/DJ/8082674_Casa_(Original_Mix).aiff" Remixer="" Tonality="2A" Label="Crosstown Rebels" Mix="">
      <TEMPO Inizio="0.006" Bpm="125.00" Metro="4/4" Battito="2" />
      <POSITION_MARK Name="" Type="0" Start="1.441" Num="-1" />
    </TRACK>
    <TRACK TrackID="260369091" Name="Let It Go Feat. Caitlin (Album Version)" Artist="Noir, Caitlin" Composer="" Album="Noir" Grouping="" Genre="House/Techno/Downtempo" Kind="AIFF File" Size="49414022" TotalTime="278" DiscNumber="0" TrackNumber="3" Year="2015" AverageBpm="124.00" DateAdded="2022-03-22" BitRate="1411" SampleRate="44100" Comments="6A - 4" PlayCount="1" Rating="0" Location="file://localhost/Users/zachvp/Music/DJ/Noir,%20Caitlin%20-%20Let%20It%20Go%20Feat.%20Caitlin%20(Album%20Version).aiff" Remixer="" Tonality="6A" Label="Noir Music" Mix="">
      <TEMPO Inizio="0.031" Bpm="124.00" Metro="4/4" Battito="1" />
    </TRACK>
    <TRACK TrackID="238681827" Name="Habla Con Ella (Original Mix)" Artist="SIS" Composer="" Album="Cocou - EP" Grouping="" Genre="House/Deep/Tech/" Kind="AIFF File" Size="80311078" TotalTime="452" DiscNumber="0" TrackNumber="3" Year="2016" AverageBpm="123.00" DateAdded="2022-03-22" BitRate="1411" SampleRate="44100" Comments="4A - 6" PlayCount="16" Rating="0" Location="file://localhost/Users/zachvp/Music/DJ/8111972_Habla_Con_Ella_(Original_Mix).aiff" Remixer="" Tonality="4A" Label="NONSTOP" Mix="">
      <TEMPO Inizio="0.250" Bpm="123.00" Metro="4/4" Battito="1" />
      <POSITION_MARK Name="" Type="0" Start="0.247" Num="-1" />
      <POSITION_MARK Name="" Type="0" Start="93.893" Num="-1" />
    </TRACK>
    <TRACK TrackID="153306704" Name="Tendency (Original Mix)" Artist="Jan Jelinek" Composer="" Album="Loop-Finding-Jazz-Records" Grouping="" Genre="House/Deep/Tech/Jazzy" Kind="AIFF File" Size="77856532" TotalTime="441" DiscNumber="0" TrackNumber="5" Year="2001" AverageBpm="123.02" DateAdded="2022-03-22" BitRate="1411" SampleRate="44100" Comments="4A - 4" PlayCount="0" Rating="0" Location="file://localhost/Users/zachvp/Music/DJ/Jan%20Jelinek%20-%20Tendency%20(Original%20Mix).aiff" Remixer="" Tonality="4A" Label="Faitiche" Mix="">
      <TEMPO Inizio="0.058" Bpm="123.02" Metro="4/4" Battito="1" />
    </TRACK>
    <TRACK TrackID="210266830" Name="While The City Sleeps" Artist="Ficci" Composer="" Album="IndieVerse Mixtape - Indietronica 2.0" Grouping="" Genre="Lounge/Indie" Kind="AIFF File" Size="46295696" TotalTime="261" DiscNumber="0" TrackNumber="1" Year="2014" AverageBpm="128.00" DateAdded="2022-03-22" BitRate="1411" SampleRate="44100" Comments="4A - 7" PlayCount="0" Rating="0" Location="file://localhost/Users/zachvp/Music/DJ/IndieVerse%20-%20IndieVerse%20Mixtape%20-%20Indietron.aiff" Remixer="" Tonality="4A" Label="" Mix="">
      <TEMPO Inizio="0.408" Bpm="128.00" Metro="4/4" Battito="1" />
    </TRACK>
    <TRACK TrackID="131222715" Name="Innerbloom (What So Not Remix)" Artist="RUFUS" Composer="" Album="Innerbloom (The Remixes)" Grouping="" Genre="zzz" Kind="AIFF File" Size="48978936" TotalTime="277" DiscNumber="0" TrackNumber="4" Year="2016" AverageBpm="138.00" DateAdded="2022-03-22" BitRate="1411" SampleRate="44100" Comments="6A - 7" PlayCount="0" Rating="0" Location="file://localhost/Users/zachvp/Music/DJ/8478471_Innerbloom_(What_So_Not_Remix).aiff" Remixer="" Tonality="6A" Label="Sweat It Out" Mix="">
      <TEMPO Inizio="0.001" Bpm="138.00" Metro="4/4" Battito="1" />
    </TRACK>
    <TRACK TrackID="76708137" Name="Dial" Artist="Hunter/Game" Composer="" Album="Lost [LNOE113]" Grouping="" Genre="zzz" Kind="AIFF File" Size="68375906" TotalTime="387" DiscNumber="0" TrackNumber="4" Year="2019" AverageBpm="124.00" DateAdded="2022-03-22" BitRate="1411" SampleRate="44100" Comments="9A - 5" PlayCount="0" Rating="0" Location="file://localhost/Users/zachvp/Music/DJ/Hunter-Game%20-%20Lost%20-LNOE113-%20-%2004%20Dial.aiff" Remixer="" Tonality="9A" Label="" Mix="">
      <TEMPO Inizio="0.033" Bpm="124.00" Metro="4/4" Battito="1" />
    </TRACK>
    <TRACK TrackID="268158046" Name="Somewhere" Artist="Hunter/Game" Composer="" Album="Lost [LNOE113]" Grouping="" Genre="House/Techno/Downtempo" Kind="AIFF File" Size="61395642" TotalTime="347" DiscNumber="0" TrackNumber="3" Year="2019" AverageBpm="125.00" DateAdded="2022-03-22" BitRate="1411" SampleRate="44100" Comments="12A - 5" PlayCount="1" Rating="0" Location="file://localhost/Users/zachvp/Music/DJ/Hunter-Game%20-%20Lost%20-LNOE113-%20-%2003%20Somewhere.aiff" Remixer="" Tonality="12A" Label="" Mix="">
      <TEMPO Inizio="0.000" Bpm="125.00" Metro="4/4" Battito="1" />
    </TRACK>
    <TRACK TrackID="256805402" Name="Lost" Artist="Hunter/Game" Composer="" Album="Lost [LNOE113]" Grouping="" Genre="House/Techno/Downtempo" Kind="AIFF File" Size="69184452" TotalTime="391" DiscNumber="0" TrackNumber="1" Year="2019" AverageBpm="125.00" DateAdded="2022-03-22" BitRate="1411" SampleRate="44100" Comments="8A - 5" PlayCount="1" Rating="0" Location="file://localhost/Users/zachvp/Music/DJ/Hunter-Game%20-%20Lost%20-LNOE113-%20-%2001%20Lost.aiff" Remixer="" Tonality="8A" Label="" Mix="">
      <TEMPO Inizio="0.000" Bpm="125.00" Metro="4/4" Battito="4" />
    </TRACK>
    <TRACK TrackID="218885967" Name="Idiot" Artist="Holden" Composer="" Album="The Idiots Are Winning" Grouping="" Genre="House/Tech/Indie/Retro" Kind="AIFF File" Size="79930212" TotalTime="451" DiscNumber="0" TrackNumber="6" Year="2006" AverageBpm="111.84" DateAdded="2022-03-22" BitRate="1411" SampleRate="44100" Comments="6A - 6" PlayCount="1" Rating="0" Location="file://localhost/Users/zachvp/Music/DJ/Holden%20-%20Idiot.aiff" Remixer="" Tonality="6A" Label="" Mix="">
      <TEMPO Inizio="0.005" Bpm="111.84" Metro="4/4" Battito="1" />
      <TEMPO Inizio="0.542" Bpm="111.84" Metro="4/4" Battito="2" />
      <TEMPO Inizio="14.491" Bpm="111.84" Metro="4/4" Battito="4" />
      <TEMPO Inizio="28.440" Bpm="111.84" Metro="4/4" Battito="2" />
      <TEMPO Inizio="42.389" Bpm="111.84" Metro="4/4" Battito="4" />
      <TEMPO Inizio="56.338" Bpm="111.84" Metro="4/4" Battito="2" />
      <TEMPO Inizio="70.287" Bpm="111.84" Metro="4/4" Battito="4" />
      <TEMPO Inizio="84.236" Bpm="111.84" Metro="4/4" Battito="2" />
      <TEMPO Inizio="98.185" Bpm="111.84" Metro="4/4" Battito="4" />
      <TEMPO Inizio="112.134" Bpm="111.84" Metro="4/4" Battito="2" />
      <TEMPO Inizio="127.156" Bpm="111.84" Metro="4/4" Battito="2" />
      <TEMPO Inizio="155.590" Bpm="111.84" Metro="4/4" Battito="3" />
      <TEMPO Inizio="169.539" Bpm="111.84" Metro="4/4" Battito="1" />
      <TEMPO Inizio="183.488" Bpm="111.84" Metro="4/4" Battito="3" />
      <TEMPO Inizio="197.437" Bpm="111.84" Metro="4/4" Battito="1" />
      <TEMPO Inizio="211.386" Bpm="111.84" Metro="4/4" Battito="3" />
      <TEMPO Inizio="225.335" Bpm="111.84" Metro="4/4" Battito="1" />
      <TEMPO Inizio="239.284" Bpm="111.84" Metro="4/4" Battito="3" />
      <TEMPO Inizio="253.233" Bpm="111.84" Metro="4/4" Battito="1" />
      <TEMPO Inizio="267.182" Bpm="111.84" Metro="4/4" Battito="3" />
      <TEMPO Inizio="281.131" Bpm="111.84" Metro="4/4" Battito="1" />
      <TEMPO Inizio="295.080" Bpm="111.84" Metro="4/4" Battito="3" />
      <TEMPO Inizio="309.029" Bpm="111.84" Metro="4/4" Battito="1" />
      <TEMPO Inizio="326.197" Bpm="111.84" Metro="4/4" Battito="1" />
      <TEMPO Inizio="354.631" Bpm="111.84" Metro="4/4" Battito="2" />
      <TEMPO Inizio="368.580" Bpm="111.84" Metro="4/4" Battito="4" />
      <TEMPO Inizio="382.529" Bpm="111.84" Metro="4/4" Battito="2" />
      <TEMPO Inizio="396.478" Bpm="111.84" Metro="4/4" Battito="4" />
      <TEMPO Inizio="410.427" Bpm="111.84" Metro="4/4" Battito="2" />
      <TEMPO Inizio="424.376" Bpm="111.84" Metro="4/4" Battito="4" />
      <TEMPO Inizio="438.325" Bpm="111.84" Metro="4/4" Battito="2" />
    </TRACK>
    <TRACK TrackID="119133159" Name="Suddenly (Phil Parnell's Pianissimo Play Through)" Artist="Herbert" Composer="" Album="DJ-Kicks (Seth Troxler)" Grouping="" Genre="Lounge/" Kind="AIFF File" Size="32873696" TotalTime="184" DiscNumber="0" TrackNumber="2" Year="2015" AverageBpm="78.06" DateAdded="2022-03-22" BitRate="1411" SampleRate="44100" Comments="3A - 2" PlayCount="1" Rating="0" Location="file://localhost/Users/zachvp/Music/DJ/Herbert%20-%20DJ-Kicks%20(Seth%20Troxler)%20-%2002%20Suddenly%20(Phil%20Parnell%27s%20Pianissimo%20Play%20Through).aiff" Remixer="" Tonality="3A" Label="" Mix="">
      <TEMPO Inizio="0.025" Bpm="78.06" Metro="4/4" Battito="3" />
    </TRACK>
    <TRACK TrackID="14643145" Name="Omnibus" Artist="Henrik Schwarz" Composer="" Album="Together EP" Grouping="" Genre="House/Tech/Indie/Retro" Kind="AIFF File" Size="115517902" TotalTime="436" DiscNumber="0" TrackNumber="2" Year="2020" AverageBpm="124.00" DateAdded="2022-03-22" BitRate="2116" SampleRate="44100" Comments="2A - 5" PlayCount="0" Rating="0" Location="file://localhost/Users/zachvp/Music/DJ/Henrik%20Schwarz%20-%20Omnibus.aiff" Remixer="" Tonality="2A" Label="" Mix="">
      <TEMPO Inizio="0.099" Bpm="124.00" Metro="4/4" Battito="1" />
    </TRACK>
    <TRACK TrackID="107421081" Name="Qualm (Original Mix)" Artist="Helena Hauff" Composer="" Album="Qualm" Grouping="" Genre="Lounge/Indie" Kind="AIFF File" Size="27158078" TotalTime="153" DiscNumber="0" TrackNumber="9" Year="2018" AverageBpm="104.37" DateAdded="2022-03-22" BitRate="1411" SampleRate="44100" Comments="7A - 3" PlayCount="2" Rating="0" Location="file://localhost/Users/zachvp/Music/DJ/Helena%20Hauff%20-%20Qualm%20(Original%20Mix).aiff" Remixer="" Tonality="7A" Label="Ninja Tune" Mix="">
      <TEMPO Inizio="0.458" Bpm="104.37" Metro="4/4" Battito="1" />
    </TRACK>
    <TRACK TrackID="5557107" Name="Jacqueline (Original Mix)" Artist="Yogg, Pharaoh" Composer="" Album="Jacqueline" Grouping="" Genre="House/Techno/Downtempo" Kind="AIFF File" Size="71829480" TotalTime="405" DiscNumber="0" TrackNumber="1" Year="2017" AverageBpm="127.00" DateAdded="2022-03-22" BitRate="1411" SampleRate="44100" Comments="5A - 5" PlayCount="1" Rating="0" Location="file://localhost/Users/zachvp/Music/DJ/9832210_Jacqueline_(Original_Mix).aiff" Remixer="" Tonality="5A" Label="Block Records" Mix="">
      <TEMPO Inizio="0.001" Bpm="127.00" Metro="4/4" Battito="1" />
      <TEMPO Inizio="0.474" Bpm="127.00" Metro="4/4" Battito="2" />
      <TEMPO Inizio="160.158" Bpm="127.00" Metro="4/4" Battito="4" />
    </TRACK>
    <TRACK TrackID="4039611" Name="Truth is Light (Rimbaudian Remix)" Artist="Joe Goddard" Composer="" Album="Electric Lines Remix EP 1" Grouping="" Genre="House/Deep/Melodic" Kind="AIFF File" Size="41649246" TotalTime="235" DiscNumber="0" TrackNumber="1" Year="2017" AverageBpm="129.00" DateAdded="2022-03-22" BitRate="1411" SampleRate="44100" Comments="11A - 4" PlayCount="1" Rating="0" Location="file://localhost/Users/zachvp/Music/DJ/9904659_Truth_is_Light_Rimbaudian_Remix.aiff" Remixer="Rimbaudian" Tonality="11A" Label="Domino" Mix="">
      <TEMPO Inizio="0.008" Bpm="129.00" Metro="4/4" Battito="1" />
      <TEMPO Inizio="193.962" Bpm="129.00" Metro="4/4" Battito="2" />
    </TRACK>
    <TRACK TrackID="210325573" Name="Royal Hippo (Original Mix)" Artist="Nathan Barato, Leon (Italy)" Composer="" Album="Royal Hippo" Grouping="" Genre="House/Tech/Groove" Kind="AIFF File" Size="75595488" TotalTime="421" DiscNumber="0" TrackNumber="1" Year="2017" AverageBpm="125.00" DateAdded="2022-03-22" BitRate="1411" SampleRate="44100" Comments="3A - 5" PlayCount="4" Rating="0" Location="file://localhost/Users/zachvp/Music/DJ/10014313_Royal_Hippo_(Original_Mix).aiff" Remixer="" Tonality="3A" Label="Relief" Mix="">
      <TEMPO Inizio="0.000" Bpm="125.00" Metro="4/4" Battito="1" />
      <TEMPO Inizio="21.119" Bpm="125.00" Metro="4/4" Battito="1" />
      <TEMPO Inizio="318.718" Bpm="125.00" Metro="4/4" Battito="1" />
    </TRACK>
    <TRACK TrackID="245945645" Name="Parallel (Original Mix)" Artist="Thomas Hoffknecht" Composer="" Album="Horizon" Grouping="" Genre="House/Techno/" Kind="AIFF File" Size="70909438" TotalTime="401" DiscNumber="0" TrackNumber="2" Year="2018" AverageBpm="128.00" DateAdded="2022-03-22" BitRate="1411" SampleRate="44100" Comments="6A - 6" PlayCount="2" Rating="0" Location="file://localhost/Users/zachvp/Music/DJ/10041643_Parallel_(Original_Mix).aiff" Remixer="" Tonality="6A" Label="Nonlinear Systems" Mix="">
      <TEMPO Inizio="0.183" Bpm="128.00" Metro="4/4" Battito="1" />
    </TRACK>
    <TRACK TrackID="24304474" Name="Hubble (Original)" Artist="Giorgio Rusconi" Composer="" Album="Galileo EP" Grouping="" Genre="House/Techno/" Kind="AIFF File" Size="69072924" TotalTime="389" DiscNumber="0" TrackNumber="1" Year="2018" AverageBpm="128.00" DateAdded="2022-03-22" BitRate="1411" SampleRate="44100" Comments="12A - 6" PlayCount="1" Rating="0" Location="file://localhost/Users/zachvp/Music/DJ/10193787_Hubble_(Original).aiff" Remixer="" Tonality="12A" Label="Break New Soil Recordings" Mix="">
      <TEMPO Inizio="0.001" Bpm="128.00" Metro="4/4" Battito="1" />
    </TRACK>
    <TRACK TrackID="164696248" Name="Probably Never" Artist="Pablo Bolivar" Composer="" Album="The obscure figure" Grouping="" Genre="House/Deep/Tech/Spacey" Kind="AIFF File" Size="85082074" TotalTime="442" DiscNumber="0" TrackNumber="1" Year="2017" AverageBpm="115.00" DateAdded="2022-03-22" BitRate="1536" SampleRate="48000" Comments="5A - 6" PlayCount="0" Rating="0" Location="file://localhost/Users/zachvp/Music/DJ/Pablo%20Bolivar%20-%20The%20obscure%20figure%20-%2001%20Probably%20Never.aiff" Remixer="" Tonality="5A" Label="" Mix="">
      <TEMPO Inizio="0.005" Bpm="115.00" Metro="4/4" Battito="1" />
    </TRACK>
    <TRACK TrackID="89560486" Name="Black mamba" Artist="Pablo Bolivar" Composer="" Album="The obscure figure" Grouping="" Genre="House/Deep/Tech/Dubby" Kind="AIFF File" Size="63900526" TotalTime="332" DiscNumber="0" TrackNumber="2" Year="2017" AverageBpm="105.00" DateAdded="2022-03-22" BitRate="1536" SampleRate="48000" Comments="10A - 5" PlayCount="0" Rating="0" Location="file://localhost/Users/zachvp/Music/DJ/Pablo%20Bolivar%20-%20The%20obscure%20figure%20-%2002%20Black%20mamba.aiff" Remixer="" Tonality="10A" Label="" Mix="">
      <TEMPO Inizio="0.077" Bpm="105.00" Metro="4/4" Battito="1" />
      <TEMPO Inizio="0.649" Bpm="105.00" Metro="4/4" Battito="2" />
      <TEMPO Inizio="308.648" Bpm="105.00" Metro="4/4" Battito="1" />
    </TRACK>
    <TRACK TrackID="243590224" Name="Frequency" Artist="Pablo Bolivar" Composer="" Album="The obscure figure" Grouping="" Genre="House/Deep/Tech/Spacey" Kind="AIFF File" Size="64479148" TotalTime="335" DiscNumber="0" TrackNumber="3" Year="2017" AverageBpm="110.00" DateAdded="2022-03-22" BitRate="1536" SampleRate="48000" Comments="9A - 6" PlayCount="2" Rating="0" Location="file://localhost/Users/zachvp/Music/DJ/Pablo%20Bolivar%20-%20The%20obscure%20figure%20-%2003%20Frequency.aiff" Remixer="" Tonality="9A" Label="" Mix="">
      <TEMPO Inizio="0.005" Bpm="110.00" Metro="4/4" Battito="4" />
      <TEMPO Inizio="0.551" Bpm="110.00" Metro="4/4" Battito="1" />
    </TRACK>
    <TRACK TrackID="86019521" Name="Cleaning the sky" Artist="Pablo Bolivar" Composer="" Album="The obscure figure" Grouping="" Genre="House/Deep/Tech/Dubby" Kind="AIFF File" Size="107477974" TotalTime="559" DiscNumber="0" TrackNumber="4" Year="2017" AverageBpm="122.00" DateAdded="2022-03-22" BitRate="1536" SampleRate="48000" Comments="8A - 5" PlayCount="0" Rating="0" Location="file://localhost/Users/zachvp/Music/DJ/Pablo%20Bolivar%20-%20The%20obscure%20figure%20-%2004%20Cleaning%20the%20sky.aiff" Remixer="" Tonality="8A" Label="" Mix="">
      <TEMPO Inizio="0.004" Bpm="122.00" Metro="4/4" Battito="1" />
    </TRACK>
    <TRACK TrackID="107603426" Name="Leaves without Shadows feat. Upercent" Artist="Pablo Bolivar" Composer="" Album="The obscure figure" Grouping="" Genre="zzz" Kind="AIFF File" Size="77038242" TotalTime="401" DiscNumber="0" TrackNumber="5" Year="2017" AverageBpm="114.00" DateAdded="2022-03-22" BitRate="1536" SampleRate="48000" Comments="2A - 4" PlayCount="0" Rating="0" Location="file://localhost/Users/zachvp/Music/DJ/Pablo%20Bolivar%20-%20The%20obscure%20figure%20-%2005%20Leaves%20without%20Shadows%20feat%20Upercent.aiff" Remixer="" Tonality="2A" Label="" Mix="">
      <TEMPO Inizio="0.088" Bpm="114.00" Metro="4/4" Battito="1" />
      <TEMPO Inizio="0.615" Bpm="114.00" Metro="4/4" Battito="2" />
    </TRACK>
    <TRACK TrackID="130004688" Name="Void" Artist="Pablo Bolivar" Composer="" Album="The obscure figure" Grouping="" Genre="House/Deep/Tech/Spacey" Kind="AIFF File" Size="70021744" TotalTime="364" DiscNumber="0" TrackNumber="6" Year="2017" AverageBpm="110.00" DateAdded="2022-03-22" BitRate="1536" SampleRate="48000" Comments="8A - 4" PlayCount="7" Rating="0" Location="file://localhost/Users/zachvp/Music/DJ/Pablo%20Bolivar%20-%20The%20obscure%20figure%20-%2006%20Void.aiff" Remixer="" Tonality="8A" Label="" Mix="">
      <TEMPO Inizio="0.036" Bpm="110.00" Metro="4/4" Battito="1" />
      <TEMPO Inizio="12.582" Bpm="110.00" Metro="4/4" Battito="4" />
      <TEMPO Inizio="31.128" Bpm="110.00" Metro="4/4" Battito="2" />
      <TEMPO Inizio="43.674" Bpm="110.00" Metro="4/4" Battito="1" />
      <TEMPO Inizio="62.220" Bpm="110.00" Metro="4/4" Battito="3" />
      <TEMPO Inizio="74.766" Bpm="110.00" Metro="4/4" Battito="2" />
      <TEMPO Inizio="93.312" Bpm="110.00" Metro="4/4" Battito="4" />
      <TEMPO Inizio="111.858" Bpm="110.00" Metro="4/4" Battito="2" />
      <TEMPO Inizio="124.404" Bpm="110.00" Metro="4/4" Battito="1" />
      <TEMPO Inizio="142.950" Bpm="110.00" Metro="4/4" Battito="3" />
      <TEMPO Inizio="161.496" Bpm="110.00" Metro="4/4" Battito="1" />
      <TEMPO Inizio="174.042" Bpm="110.00" Metro="4/4" Battito="4" />
      <TEMPO Inizio="192.588" Bpm="110.00" Metro="4/4" Battito="2" />
      <TEMPO Inizio="205.134" Bpm="110.00" Metro="4/4" Battito="1" />
      <TEMPO Inizio="223.680" Bpm="110.00" Metro="4/4" Battito="3" />
      <TEMPO Inizio="242.226" Bpm="110.00" Metro="4/4" Battito="1" />
      <TEMPO Inizio="254.772" Bpm="110.00" Metro="4/4" Battito="4" />
      <TEMPO Inizio="273.318" Bpm="110.00" Metro="4/4" Battito="2" />
      <TEMPO Inizio="285.864" Bpm="110.00" Metro="4/4" Battito="1" />
      <TEMPO Inizio="304.410" Bpm="110.00" Metro="4/4" Battito="3" />
      <TEMPO Inizio="322.956" Bpm="110.00" Metro="4/4" Battito="1" />
      <TEMPO Inizio="335.502" Bpm="110.00" Metro="4/4" Battito="4" />
      <TEMPO Inizio="354.048" Bpm="110.00" Metro="4/4" Battito="2" />
      <POSITION_MARK Name="" Type="0" Start="0.000" Num="-1" />
    </TRACK>
    <TRACK TrackID="43942707" Name="Vibrations" Artist="Pablo Bolivar" Composer="" Album="The obscure figure" Grouping="" Genre="House/Deep/Tech/Dubby" Kind="AIFF File" Size="77326054" TotalTime="402" DiscNumber="0" TrackNumber="7" Year="2017" AverageBpm="120.00" DateAdded="2022-03-22" BitRate="1536" SampleRate="48000" Comments="6A - 5" PlayCount="1" Rating="0" Location="file://localhost/Users/zachvp/Music/DJ/Pablo%20Bolivar%20-%20The%20obscure%20figure%20-%2007%20Vibrations.aiff" Remixer="" Tonality="6A" Label="" Mix="">
      <TEMPO Inizio="0.255" Bpm="120.00" Metro="4/4" Battito="4" />
      <TEMPO Inizio="165.256" Bpm="120.00" Metro="4/4" Battito="2" />
    </TRACK>
    <TRACK TrackID="164861732" Name="The spark" Artist="Pablo Bolivar" Composer="" Album="The obscure figure" Grouping="" Genre="House/Deep/Tech/Jazzy" Kind="AIFF File" Size="83944852" TotalTime="437" DiscNumber="0" TrackNumber="8" Year="2017" AverageBpm="111.00" DateAdded="2022-03-22" BitRate="1536" SampleRate="48000" Comments="7A - 5" PlayCount="0" Rating="0" Location="file://localhost/Users/zachvp/Music/DJ/Pablo%20Bolivar%20-%20The%20obscure%20figure%20-%2008%20The%20spark.aiff" Remixer="" Tonality="7A" Label="" Mix="">
      <TEMPO Inizio="0.085" Bpm="111.00" Metro="4/4" Battito="1" />
    </TRACK>
    <TRACK TrackID="178454476" Name="Vacumn" Artist="Pablo Bolivar" Composer="" Album="The obscure figure" Grouping="" Genre="House/Deep/Tech/Spacey" Kind="AIFF File" Size="70616894" TotalTime="367" DiscNumber="0" TrackNumber="9" Year="2017" AverageBpm="110.00" DateAdded="2022-03-22" BitRate="1536" SampleRate="48000" Comments="1A - 4" PlayCount="0" Rating="0" Location="file://localhost/Users/zachvp/Music/DJ/Pablo%20Bolivar%20-%20The%20obscure%20figure%20-%2009%20Vacumn.aiff" Remixer="" Tonality="1A" Label="" Mix="">
      <TEMPO Inizio="0.004" Bpm="110.00" Metro="4/4" Battito="1" />
      <TEMPO Inizio="150.550" Bpm="110.00" Metro="4/4" Battito="1" />
      <TEMPO Inizio="361.096" Bpm="110.00" Metro="4/4" Battito="3" />
    </TRACK>
    <TRACK TrackID="36704347" Name="Escape from Galaxy Five feat. Dosem" Artist="Pablo Bolivar" Composer="" Album="The obscure figure" Grouping="" Genre="House/Deep/Tech/Spacey" Kind="AIFF File" Size="84433154" TotalTime="318" DiscNumber="0" TrackNumber="10" Year="2017" AverageBpm="112.00" DateAdded="2022-03-22" BitRate="2116" SampleRate="44100" Comments="9A - 5" PlayCount="1" Rating="0" Location="file://localhost/Users/zachvp/Music/DJ/Pablo%20Bolivar%20-%20The%20obscure%20figure%20-%2010%20Escape%20from%20Galaxy%20Five%20feat%20Dosem.aiff" Remixer="" Tonality="9A" Label="" Mix="">
      <TEMPO Inizio="0.000" Bpm="112.00" Metro="4/4" Battito="4" />
    </TRACK>
    <TRACK TrackID="23171816" Name="Nineteen Hundred &amp; Eighty Five" Artist="Paul McCartney &amp; Wings" Composer="" Album="Late Night Tales: Franz Ferdinand" Grouping="" Genre="Lounge/Acoustic" Kind="AIFF File" Size="87934690" TotalTime="331" DiscNumber="0" TrackNumber="13" Year="2014" AverageBpm="115.16" DateAdded="2022-03-22" BitRate="2116" SampleRate="44100" Comments="5A - 5" PlayCount="0" Rating="0" Location="file://localhost/Users/zachvp/Music/DJ/Paul%20McCartney%20%26%20Wings%20-%20Nineteen%20Hundred%20%26%20Eighty%20Five.aiff" Remixer="" Tonality="5A" Label="" Mix="">
      <TEMPO Inizio="0.301" Bpm="115.16" Metro="4/4" Battito="1" />
      <TEMPO Inizio="51.880" Bpm="115.16" Metro="4/4" Battito="4" />
      <TEMPO Inizio="52.923" Bpm="115.16" Metro="4/4" Battito="2" />
      <TEMPO Inizio="113.880" Bpm="115.16" Metro="4/4" Battito="3" />
      <TEMPO Inizio="115.965" Bpm="115.16" Metro="4/4" Battito="3" />
      <TEMPO Inizio="175.880" Bpm="115.16" Metro="4/4" Battito="2" />
      <TEMPO Inizio="179.528" Bpm="115.16" Metro="4/4" Battito="1" />
      <TEMPO Inizio="306.654" Bpm="115.16" Metro="4/4" Battito="1" />
    </TRACK>
    <TRACK TrackID="72244108" Name="VOICES (Moonwalk Remix)" Artist="Roland Clark, Simion" Composer="" Album="GREATEST KITTS VOL.5" Grouping="" Genre="House/Tech/" Kind="AIFF File" Size="66697800" TotalTime="377" DiscNumber="0" TrackNumber="2" Year="2018" AverageBpm="124.00" DateAdded="2022-03-22" BitRate="1411" SampleRate="44100" Comments="3A - 6" PlayCount="0" Rating="0" Location="file://localhost/Users/zachvp/Music/DJ/10328467_VOICES__Moonwalk_Remix__Remix.aiff" Remixer="Moonwalk" Tonality="3A" Label="Kittball" Mix="">
      <TEMPO Inizio="0.133" Bpm="124.00" Metro="4/4" Battito="1" />
    </TRACK>
    <TRACK TrackID="45379614" Name="The Tunnel" Artist="Azimuth" Composer="" Album="Late Night Tales: Floating Points" Grouping="" Genre="Lounge/" Kind="AIFF File" Size="98569982" TotalTime="557" DiscNumber="0" TrackNumber="13" Year="2019" AverageBpm="126.64" DateAdded="2022-03-22" BitRate="1411" SampleRate="44100" Comments="11A - 4" PlayCount="1" Rating="0" Location="file://localhost/Users/zachvp/Music/DJ/Floating%20Points%20-%20Azimuth%20-%20The%20Tunnel.aiff" Remixer="" Tonality="11A" Label="" Mix="">
      <TEMPO Inizio="0.057" Bpm="126.64" Metro="4/4" Battito="4" />
    </TRACK>
    <TRACK TrackID="225297862" Name="Mirror (Perel Remix)" Artist="Stefan Smith" Composer="" Album="Mirror" Grouping="" Genre="House/Tech/Indie/" Kind="AIFF File" Size="84333436" TotalTime="477" DiscNumber="0" TrackNumber="1" Year="2018" AverageBpm="119.00" DateAdded="2022-03-22" BitRate="1411" SampleRate="44100" Comments="10A - 6" PlayCount="1" Rating="0" Location="file://localhost/Users/zachvp/Music/DJ/10673997_Mirror_(Perel_Remix).aiff" Remixer="" Tonality="10A" Label="Sapiens" Mix="">
      <TEMPO Inizio="0.125" Bpm="119.00" Metro="4/4" Battito="1" />
      <TEMPO Inizio="448.865" Bpm="119.00" Metro="4/4" Battito="3" />
    </TRACK>
    <TRACK TrackID="136328299" Name="Snakes feat. Lee Fields" Artist="El Michels Affair" Composer="" Album="Return To The 37th Chamber" Grouping="" Genre="Lounge/" Kind="AIFF File" Size="33923356" TotalTime="127" DiscNumber="0" TrackNumber="5" Year="2017" AverageBpm="89.45" DateAdded="2022-03-22" BitRate="2116" SampleRate="44100" Comments="8B - 4" PlayCount="9" Rating="0" Location="file://localhost/Users/zachvp/Music/DJ/El%20Michels%20Affair%20-%20Snakes%20feat%20Lee%20Fields.aiff" Remixer="" Tonality="8B" Label="" Mix="">
      <TEMPO Inizio="0.305" Bpm="89.45" Metro="4/4" Battito="1" />
    </TRACK>
    <TRACK TrackID="20323016" Name="Masterclass" Artist="El Michels Affair" Composer="" Album="" Grouping="" Genre="Lounge/" Kind="AIFF File" Size="30476460" TotalTime="172" DiscNumber="0" TrackNumber="0" Year="2021" AverageBpm="70.79" DateAdded="2022-03-22" BitRate="1411" SampleRate="44100" Comments="12A - 3" PlayCount="2" Rating="0" Location="file://localhost/Users/zachvp/Music/DJ/El%20Michels%20Affair%20-%20Masterclass.aiff" Remixer="" Tonality="12A" Label="" Mix="">
      <TEMPO Inizio="0.341" Bpm="70.79" Metro="4/4" Battito="1" />
    </TRACK>
    <TRACK TrackID="163360785" Name="Love Don't Come Easy (Original Mix)" Artist="The New Jersey Connection, Edward Saunders" Composer="" Album="DJ Andy Smith Presents Reach up - Disco Wonderland Vol. 2" Grouping="" Genre="House/Tech/Indie/Disco" Kind="AIFF File" Size="70474092" TotalTime="398" DiscNumber="0" TrackNumber="2" Year="2020" AverageBpm="113.98" DateAdded="2022-03-22" BitRate="1411" SampleRate="44100" Comments="2A - 6" PlayCount="1" Rating="0" Location="file://localhost/Users/zachvp/Music/DJ/Edward%20Saunders,%20The%20New%20Jersey%20Connection%20.aiff" Remixer="" Tonality="2A" Label="BBE Music" Mix="">
      <TEMPO Inizio="0.158" Bpm="113.98" Metro="4/4" Battito="3" />
      <TEMPO Inizio="36.479" Bpm="113.98" Metro="4/4" Battito="4" />
      <TEMPO Inizio="64.904" Bpm="113.98" Metro="4/4" Battito="2" />
      <TEMPO Inizio="92.276" Bpm="113.98" Metro="4/4" Battito="2" />
      <TEMPO Inizio="120.701" Bpm="113.98" Metro="4/4" Battito="4" />
      <TEMPO Inizio="149.126" Bpm="113.98" Metro="4/4" Battito="2" />
      <TEMPO Inizio="177.551" Bpm="113.98" Metro="4/4" Battito="4" />
      <TEMPO Inizio="204.923" Bpm="113.98" Metro="4/4" Battito="4" />
      <TEMPO Inizio="233.348" Bpm="113.98" Metro="4/4" Battito="2" />
      <TEMPO Inizio="260.720" Bpm="113.98" Metro="4/4" Battito="2" />
      <TEMPO Inizio="289.145" Bpm="113.98" Metro="4/4" Battito="4" />
      <TEMPO Inizio="317.570" Bpm="113.98" Metro="4/4" Battito="2" />
      <TEMPO Inizio="345.995" Bpm="113.98" Metro="4/4" Battito="4" />
      <TEMPO Inizio="373.367" Bpm="113.98" Metro="4/4" Battito="4" />
    </TRACK>
    <TRACK TrackID="221673162" Name="Sun" Artist="Eagles &amp; Butterflies" Composer="" Album="Constellations EP" Grouping="" Genre="House/Deep/Melodic" Kind="AIFF File" Size="101385192" TotalTime="574" DiscNumber="0" TrackNumber="3" Year="2016" AverageBpm="122.00" DateAdded="2022-03-22" BitRate="1411" SampleRate="44100" Comments="1A - 7" PlayCount="1" Rating="0" Location="file://localhost/Users/zachvp/Music/DJ/Eagles%20%26%20Butterflies%20-%20Sun.aiff" Remixer="" Tonality="1A" Label="" Mix="">
      <TEMPO Inizio="0.017" Bpm="122.00" Metro="4/4" Battito="1" />
    </TRACK>
    <TRACK TrackID="187061190" Name="SKETCH 17" Artist="Eagles &amp; Butterflies" Composer="" Album="Imitations Of Life EP" Grouping="" Genre="House/Tech/Indie/" Kind="AIFF File" Size="69659032" TotalTime="394" DiscNumber="0" TrackNumber="2" Year="2019" AverageBpm="118.00" DateAdded="2022-03-22" BitRate="1411" SampleRate="44100" Comments="8A - 7" PlayCount="2" Rating="0" Location="file://localhost/Users/zachvp/Music/DJ/Eagles%20%26%20Butterflies%20-%20SKETCH%2017.aiff" Remixer="" Tonality="8A" Label="Innervisions" Mix="">
      <TEMPO Inizio="0.019" Bpm="118.00" Metro="4/4" Battito="1" />
      <TEMPO Inizio="70.189" Bpm="118.00" Metro="4/4" Battito="3" />
      <TEMPO Inizio="170.359" Bpm="118.00" Metro="4/4" Battito="4" />
      <TEMPO Inizio="300.529" Bpm="118.00" Metro="4/4" Battito="4" />
      <POSITION_MARK Name="" Type="0" Start="32.559" Num="-1" />
      <POSITION_MARK Name="" Type="0" Start="16.288" Num="-1" />
      <POSITION_MARK Name="" Type="0" Start="97.635" Num="-1" />
      <POSITION_MARK Name="" Type="0" Start="130.180" Num="-1" />
      <POSITION_MARK Name="" Type="0" Start="292.904" Num="-1" />
      <POSITION_MARK Name="" Type="0" Start="325.443" Num="-1" />
      <POSITION_MARK Name="" Type="0" Start="357.996" Num="-1" />
    </TRACK>
    <TRACK TrackID="151930707" Name="Woke Up As A Copy (Original Mix)" Artist="Nicolas Bougaïeff" Composer="" Album="Permutation Djinn" Grouping="" Genre="House/Techno/Sinister" Kind="AIFF File" Size="70772954" TotalTime="399" DiscNumber="0" TrackNumber="1" Year="2018" AverageBpm="130.00" DateAdded="2022-03-22" BitRate="1411" SampleRate="44100" Comments="12A - 6" PlayCount="1" Rating="0" Location="file://localhost/Users/zachvp/Music/DJ/10847871_Woke_Up_As_A_Copy_(Original_Mix).aiff" Remixer="" Tonality="12A" Label="novamute" Mix="">
      <TEMPO Inizio="0.106" Bpm="130.00" Metro="4/4" Battito="1" />
    </TRACK>
    <TRACK TrackID="245737862" Name="I'm Running feat. Soloman (Original Mix)" Artist="Dusky, Soloman" Composer="" Album="Stick By This" Grouping="" Genre="House/Deep/Tech/Spacey" Kind="AIFF File" Size="60905530" TotalTime="343" DiscNumber="0" TrackNumber="5" Year="2011" AverageBpm="120.24" DateAdded="2022-03-22" BitRate="1411" SampleRate="44100" Comments="8A - 6" PlayCount="18" Rating="0" Location="file://localhost/Users/zachvp/Music/DJ/Dusky,%20Soloman%20-%20I%27m%20Running%20feat.%20Soloman%20.aiff" Remixer="" Tonality="8A" Label="Anjunadeep" Mix="">
      <TEMPO Inizio="0.268" Bpm="120.24" Metro="4/4" Battito="1" />
      <TEMPO Inizio="86.594" Bpm="120.24" Metro="4/4" Battito="2" />
      <TEMPO Inizio="257.750" Bpm="120.24" Metro="4/4" Battito="1" />
      <POSITION_MARK Name="" Type="0" Start="0.264" Num="-1" />
    </TRACK>
    <TRACK TrackID="211440714" Name="Waters of Monaco (Original Mix)" Artist="ZHU" Composer="" Album="RINGOS DESERT" Grouping="" Genre="Lounge/Indie" Kind="AIFF File" Size="58510840" TotalTime="327" DiscNumber="0" TrackNumber="13" Year="2018" AverageBpm="112.00" DateAdded="2022-03-22" BitRate="1411" SampleRate="44100" Comments="9A - 7" PlayCount="0" Rating="0" Location="file://localhost/Users/zachvp/Music/DJ/10929578_Waters_of_Monaco_(Original_Mix).aiff" Remixer="" Tonality="9A" Label="Mind of a Genius" Mix="">
      <TEMPO Inizio="0.513" Bpm="112.00" Metro="4/4" Battito="2" />
    </TRACK>
    <TRACK TrackID="25881487" Name="Work It (Original Mix)" Artist="Marie Davidson" Composer="" Album="Working Class Woman" Grouping="" Genre="House/Tech/Groove" Kind="AIFF File" Size="46126464" TotalTime="260" DiscNumber="0" TrackNumber="2" Year="2018" AverageBpm="130.00" DateAdded="2022-03-22" BitRate="1411" SampleRate="44100" Comments="9A - 5" PlayCount="0" Rating="0" Location="file://localhost/Users/zachvp/Music/DJ/11104922_Work_It_(Original_Mix).aiff" Remixer="" Tonality="9A" Label="Ninja Tune" Mix="">
      <TEMPO Inizio="0.016" Bpm="130.00" Metro="4/4" Battito="1" />
    </TRACK>
    <TRACK TrackID="12585652" Name="Stick Together" Artist="Session Victim" Composer="" Album="DJ-Kicks (Seth Troxler)" Grouping="" Genre="House/Deep/Tech/Jazzy" Kind="AIFF File" Size="57863732" TotalTime="326" DiscNumber="0" TrackNumber="7" Year="2015" AverageBpm="124.00" DateAdded="2022-03-22" BitRate="1411" SampleRate="44100" Comments="8A - 6" PlayCount="2" Rating="0" Location="file://localhost/Users/zachvp/Music/DJ/Session%20Victim%20-%20DJ-Kicks%20(Seth%20Troxler)%20-%2007%20Stick%20Together.aiff" Remixer="" Tonality="8A" Label="" Mix="">
      <TEMPO Inizio="0.005" Bpm="124.00" Metro="4/4" Battito="1" />
      <POSITION_MARK Name="" Type="0" Start="15.495" Num="-1" />
      <POSITION_MARK Name="" Type="0" Start="59.999" Num="-1" />
      <POSITION_MARK Name="" Type="0" Start="85.162" Num="-1" />
      <POSITION_MARK Name="" Type="0" Start="170.328" Num="-1" />
      <POSITION_MARK Name="" Type="0" Start="247.737" Num="-1" />
      <POSITION_MARK Name="" Type="0" Start="286.450" Num="-1" />
      <POSITION_MARK Name="" Type="0" Start="294.193" Num="-1" />
    </TRACK>
    <TRACK TrackID="49706195" Name="De Natte Cel (DJ-Kicks)" Artist="Seth Troxler &amp; Tom Trago present: T&amp;T Music Factory" Composer="" Album="DJ-Kicks (Seth Troxler)" Grouping="" Genre="zzz" Kind="AIFF File" Size="113876130" TotalTime="644" DiscNumber="0" TrackNumber="5" Year="2015" AverageBpm="120.00" DateAdded="2022-03-22" BitRate="1411" SampleRate="44100" Comments="6A - 5" PlayCount="0" Rating="0" Location="file://localhost/Users/zachvp/Music/DJ/Seth%20Troxler%20%26%20Tom%20Trago%20present-%20T%26T%20Music%20Factory%20-%20DJ-Kicks%20(Seth%20Troxler)%20-%2005%20De%20Natte%20Cel%20(DJ-Kicks).aiff" Remixer="" Tonality="6A" Label="" Mix="">
      <TEMPO Inizio="0.113" Bpm="120.00" Metro="4/4" Battito="1" />
      <TEMPO Inizio="123.114" Bpm="120.00" Metro="4/4" Battito="3" />
      <TEMPO Inizio="123.613" Bpm="120.00" Metro="4/4" Battito="4" />
      <TEMPO Inizio="124.114" Bpm="120.00" Metro="4/4" Battito="1" />
      <TEMPO Inizio="124.613" Bpm="120.00" Metro="4/4" Battito="2" />
      <TEMPO Inizio="125.114" Bpm="120.00" Metro="4/4" Battito="3" />
      <TEMPO Inizio="125.613" Bpm="120.00" Metro="4/4" Battito="4" />
      <TEMPO Inizio="126.114" Bpm="120.00" Metro="4/4" Battito="1" />
      <TEMPO Inizio="126.613" Bpm="120.00" Metro="4/4" Battito="2" />
      <TEMPO Inizio="127.114" Bpm="120.00" Metro="4/4" Battito="3" />
      <TEMPO Inizio="127.613" Bpm="120.00" Metro="4/4" Battito="4" />
      <TEMPO Inizio="128.114" Bpm="120.00" Metro="4/4" Battito="1" />
      <TEMPO Inizio="128.613" Bpm="120.00" Metro="4/4" Battito="2" />
      <TEMPO Inizio="129.114" Bpm="120.00" Metro="4/4" Battito="3" />
      <TEMPO Inizio="266.115" Bpm="120.00" Metro="4/4" Battito="1" />
      <TEMPO Inizio="266.614" Bpm="120.00" Metro="4/4" Battito="2" />
      <TEMPO Inizio="267.115" Bpm="120.00" Metro="4/4" Battito="3" />
      <TEMPO Inizio="267.614" Bpm="120.00" Metro="4/4" Battito="4" />
      <TEMPO Inizio="268.115" Bpm="120.00" Metro="4/4" Battito="1" />
      <TEMPO Inizio="268.614" Bpm="120.00" Metro="4/4" Battito="2" />
      <TEMPO Inizio="269.115" Bpm="120.00" Metro="4/4" Battito="3" />
      <TEMPO Inizio="269.614" Bpm="120.00" Metro="4/4" Battito="4" />
      <TEMPO Inizio="270.115" Bpm="120.00" Metro="4/4" Battito="1" />
      <TEMPO Inizio="270.614" Bpm="120.00" Metro="4/4" Battito="2" />
      <TEMPO Inizio="271.115" Bpm="120.00" Metro="4/4" Battito="3" />
      <TEMPO Inizio="271.614" Bpm="120.00" Metro="4/4" Battito="4" />
      <TEMPO Inizio="272.115" Bpm="120.00" Metro="4/4" Battito="1" />
      <TEMPO Inizio="408.116" Bpm="120.00" Metro="4/4" Battito="1" />
      <TEMPO Inizio="408.615" Bpm="120.00" Metro="4/4" Battito="2" />
      <TEMPO Inizio="409.116" Bpm="120.00" Metro="4/4" Battito="3" />
      <TEMPO Inizio="409.615" Bpm="120.00" Metro="4/4" Battito="4" />
      <TEMPO Inizio="410.116" Bpm="120.00" Metro="4/4" Battito="1" />
      <TEMPO Inizio="410.615" Bpm="120.00" Metro="4/4" Battito="2" />
      <TEMPO Inizio="411.116" Bpm="120.00" Metro="4/4" Battito="3" />
      <TEMPO Inizio="411.615" Bpm="120.00" Metro="4/4" Battito="4" />
      <TEMPO Inizio="412.116" Bpm="120.00" Metro="4/4" Battito="1" />
      <TEMPO Inizio="412.615" Bpm="120.00" Metro="4/4" Battito="2" />
      <TEMPO Inizio="413.116" Bpm="120.00" Metro="4/4" Battito="3" />
      <TEMPO Inizio="413.615" Bpm="120.00" Metro="4/4" Battito="4" />
      <TEMPO Inizio="414.116" Bpm="120.00" Metro="4/4" Battito="1" />
      <TEMPO Inizio="550.117" Bpm="120.00" Metro="4/4" Battito="1" />
      <TEMPO Inizio="550.616" Bpm="120.00" Metro="4/4" Battito="2" />
      <TEMPO Inizio="551.117" Bpm="120.00" Metro="4/4" Battito="3" />
      <TEMPO Inizio="551.616" Bpm="120.00" Metro="4/4" Battito="4" />
      <TEMPO Inizio="552.117" Bpm="120.00" Metro="4/4" Battito="1" />
      <TEMPO Inizio="552.616" Bpm="120.00" Metro="4/4" Battito="2" />
      <TEMPO Inizio="553.117" Bpm="120.00" Metro="4/4" Battito="3" />
      <TEMPO Inizio="553.616" Bpm="120.00" Metro="4/4" Battito="4" />
      <TEMPO Inizio="554.117" Bpm="120.00" Metro="4/4" Battito="1" />
      <TEMPO Inizio="554.616" Bpm="120.00" Metro="4/4" Battito="2" />
      <TEMPO Inizio="555.117" Bpm="120.00" Metro="4/4" Battito="3" />
      <TEMPO Inizio="555.616" Bpm="120.00" Metro="4/4" Battito="4" />
      <TEMPO Inizio="556.117" Bpm="120.00" Metro="4/4" Battito="1" />
    </TRACK>
    <TRACK TrackID="124752653" Name="Burn with Me (Victoria Edit)" Artist="DJ Koze" Composer="" Album="Music for the Motion Picture Victoria" Grouping="" Genre="House/Deep/Tech/" Kind="AIFF File" Size="56491214" TotalTime="318" DiscNumber="0" TrackNumber="1" Year="2015" AverageBpm="123.00" DateAdded="2022-03-22" BitRate="1411" SampleRate="44100" Comments="7A - 5" PlayCount="1" Rating="0" Location="file://localhost/Users/zachvp/Music/DJ/11720388_Burn_with_Me_(Victoria_Edit).aiff" Remixer="" Tonality="7A" Label="Erased Tapes" Mix="">
      <TEMPO Inizio="0.392" Bpm="123.00" Metro="4/4" Battito="1" />
    </TRACK>
    <TRACK TrackID="80931161" Name="Beyond Flatlines (Original Mix)" Artist="Gorge" Composer="" Album="Beyond Flatlines" Grouping="" Genre="House/Deep/Tech/Spacey" Kind="AIFF File" Size="79406654" TotalTime="449" DiscNumber="0" TrackNumber="1" Year="2019" AverageBpm="124.00" DateAdded="2022-03-22" BitRate="1411" SampleRate="44100" Comments="4A - 6" PlayCount="3" Rating="0" Location="file://localhost/Users/zachvp/Music/DJ/12049876_Beyond_Flatlines_(Original_Mix).aiff" Remixer="" Tonality="4A" Label="Still Hot" Mix="">
      <TEMPO Inizio="0.221" Bpm="124.00" Metro="4/4" Battito="1" />
      <POSITION_MARK Name="" Type="0" Start="0.241" Num="-1" />
    </TRACK>
    <TRACK TrackID="145652808" Name="Funktion" Artist="Dean Blunt" Composer="" Album="dean blunt - Roaches 2012 - 2019 ($up£r D€lux£)" Grouping="" Genre="Lounge/" Kind="AIFF File" Size="30946262" TotalTime="175" DiscNumber="0" TrackNumber="6" Year="2020" AverageBpm="91.96" DateAdded="2022-03-22" BitRate="1411" SampleRate="44100" Comments="10A - 4" PlayCount="2" Rating="0" Location="file://localhost/Users/zachvp/Music/DJ/dean%20blunt%20-%20FUNKTION.aiff" Remixer="" Tonality="10A" Label="" Mix="">
      <TEMPO Inizio="0.641" Bpm="91.96" Metro="4/4" Battito="1" />
      <TEMPO Inizio="8.471" Bpm="91.96" Metro="4/4" Battito="1" />
      <TEMPO Inizio="31.960" Bpm="91.96" Metro="4/4" Battito="1" />
      <TEMPO Inizio="48.272" Bpm="91.96" Metro="4/4" Battito="2" />
      <TEMPO Inizio="64.584" Bpm="91.96" Metro="4/4" Battito="3" />
      <TEMPO Inizio="80.896" Bpm="91.96" Metro="4/4" Battito="4" />
      <TEMPO Inizio="97.208" Bpm="91.96" Metro="4/4" Battito="1" />
      <TEMPO Inizio="113.520" Bpm="91.96" Metro="4/4" Battito="2" />
      <TEMPO Inizio="129.832" Bpm="91.96" Metro="4/4" Battito="3" />
      <TEMPO Inizio="153.321" Bpm="91.96" Metro="4/4" Battito="3" />
      <TEMPO Inizio="169.633" Bpm="91.96" Metro="4/4" Battito="4" />
    </TRACK>
    <TRACK TrackID="204173275" Name="Rained The Whole Time (Nicolas Jaar Remix)" Artist="Shlohmo" Composer="" Album="Vacation EP" Grouping="" Genre="Lounge/Indie" Kind="AIFF File" Size="57773876" TotalTime="326" DiscNumber="0" TrackNumber="6" Year="2012" AverageBpm="84.00" DateAdded="2022-03-22" BitRate="1411" SampleRate="44100" Comments="8A - 5" PlayCount="0" Rating="0" Location="file://localhost/Users/zachvp/Music/DJ/Shlohmo%20-%20Rained%20The%20Whole%20Time%20(Nicolas%20Jaar%20Remix).aiff" Remixer="" Tonality="8A" Label="" Mix="">
      <TEMPO Inizio="0.000" Bpm="84.00" Metro="4/4" Battito="1" />
      <TEMPO Inizio="3.572" Bpm="84.00" Metro="4/4" Battito="2" />
      <TEMPO Inizio="212.144" Bpm="84.00" Metro="4/4" Battito="2" />
    </TRACK>
    <TRACK TrackID="119296926" Name="Haunts (Original Mix)" Artist="Artche" Composer="" Album="Breathe with Me" Grouping="" Genre="House/Deep/Melodic" Kind="AIFF File" Size="67004268" TotalTime="378" DiscNumber="0" TrackNumber="2" Year="2020" AverageBpm="123.00" DateAdded="2022-03-22" BitRate="1411" SampleRate="44100" Comments="2A - 6" PlayCount="2" Rating="0" Location="file://localhost/Users/zachvp/Music/DJ/13089519_Haunts_(Original_Mix).aiff" Remixer="" Tonality="2A" Label="Eklektisch" Mix="">
      <TEMPO Inizio="0.033" Bpm="123.00" Metro="4/4" Battito="1" />
    </TRACK>
    <TRACK TrackID="123649971" Name="It’s Alright (feat. Paris Brightledge) (Original Mix)" Artist="Sterling Void" Composer="" Album="It’s Alright (feat. Paris Brightledge)" Grouping="" Genre="House/Tech/Indie/" Kind="AIFF File" Size="72753024" TotalTime="410" DiscNumber="0" TrackNumber="5" Year="2018" AverageBpm="120.32" DateAdded="2022-03-22" BitRate="1411" SampleRate="44100" Comments="8A - 7" PlayCount="1" Rating="0" Location="file://localhost/Users/zachvp/Music/DJ/Sterling%20Void%20-%20It%e2%80%99s%20Alright%20(feat.%20Paris%20Brightledge)%20(Original%20Mix).aiff" Remixer="" Tonality="8A" Label="" Mix="">
      <TEMPO Inizio="0.320" Bpm="120.32" Metro="4/4" Battito="1" />
      <POSITION_MARK Name="" Type="0" Start="8.303" Num="-1" />
      <POSITION_MARK Name="" Type="0" Start="24.246" Num="-1" />
      <POSITION_MARK Name="" Type="0" Start="159.903" Num="-1" />
      <POSITION_MARK Name="" Type="0" Start="177.826" Num="-1" />
    </TRACK>
    <TRACK TrackID="79649146" Name="Enlightenment" Artist="Sun Ra And His Intergalactic Research Arkestra" Composer="" Album="DJ-Kicks (Seth Troxler)" Grouping="" Genre="Lounge/" Kind="AIFF File" Size="25723910" TotalTime="144" DiscNumber="0" TrackNumber="16" Year="2015" AverageBpm="118.80" DateAdded="2022-03-22" BitRate="1411" SampleRate="44100" Comments="8A - 4" PlayCount="0" Rating="0" Location="file://localhost/Users/zachvp/Music/DJ/Sun%20Ra%20And%20His%20Intergalactic%20Research%20Arkestra%20-%20DJ-Kicks%20(Seth%20Troxler)%20-%2016%20Enlightenment.aiff" Remixer="" Tonality="8A" Label="" Mix="">
      <TEMPO Inizio="0.392" Bpm="118.80" Metro="4/4" Battito="1" />
      <TEMPO Inizio="3.423" Bpm="118.80" Metro="4/4" Battito="3" />
      <TEMPO Inizio="47.868" Bpm="118.80" Metro="4/4" Battito="3" />
      <TEMPO Inizio="92.313" Bpm="118.80" Metro="4/4" Battito="3" />
      <TEMPO Inizio="136.758" Bpm="118.80" Metro="4/4" Battito="3" />
    </TRACK>
    <TRACK TrackID="215152177" Name="Lumiere Avant Midi (Original Mix)" Artist="Dasha Rush" Composer="" Album="Sleepstep - Sonar Poems For My Sleepless Friends" Grouping="" Genre="Lounge/Ambient" Kind="AIFF File" Size="88492562" TotalTime="500" DiscNumber="0" TrackNumber="8" Year="2015" AverageBpm="128.00" DateAdded="2022-03-22" BitRate="1411" SampleRate="44100" Comments="8A - 2" PlayCount="0" Rating="0" Location="file://localhost/Users/zachvp/Music/DJ/Dasha%20Rush%20-%20Lumiere%20Avant%20Midi%20(Original%20M.aiff" Remixer="" Tonality="8A" Label="Raster-Noton" Mix="">
      <TEMPO Inizio="0.467" Bpm="128.00" Metro="4/4" Battito="4" />
    </TRACK>
    <TRACK TrackID="106347820" Name="Golden Arrow" Artist="DARKSIDE" Composer="" Album="Psychic" Grouping="" Genre="Lounge/Ambient" Kind="AIFF File" Size="120213600" TotalTime="680" DiscNumber="0" TrackNumber="1" Year="2013" AverageBpm="90.02" DateAdded="2022-03-22" BitRate="1411" SampleRate="44100" Comments="8A - 4" PlayCount="5" Rating="0" Location="file://localhost/Users/zachvp/Music/DJ/DARKSIDE%20-%20Golden%20Arrow.aiff" Remixer="" Tonality="8A" Label="" Mix="">
      <TEMPO Inizio="0.603" Bpm="90.02" Metro="4/4" Battito="3" />
      <POSITION_MARK Name="" Type="0" Start="273.888" Num="0" Red="40" Green="226" Blue="20" />
      <POSITION_MARK Name="" Type="0" Start="284.465" Num="-1" />
    </TRACK>
    <TRACK TrackID="243204573" Name="Need Your Lovin (Tiger &amp; Woods Remix)" Artist="Tensnake" Composer="" Album="10 JAHRE PERMANENT VACATION RAKETENMIX" Grouping="" Genre="Lounge/Indie" Kind="AIFF File" Size="80930678" TotalTime="458" DiscNumber="0" TrackNumber="9" Year="2017" AverageBpm="114.00" DateAdded="2022-03-22" BitRate="1411" SampleRate="44100" Comments="6A - 7" PlayCount="1" Rating="0" Location="file://localhost/Users/zachvp/Music/DJ/Tensnake%20-%20Need%20Your%20Lovin%20(Tiger%20%26%20Woods%20Remix).aiff" Remixer="" Tonality="6A" Label="" Mix="">
      <TEMPO Inizio="0.203" Bpm="114.00" Metro="4/4" Battito="1" />
      <TEMPO Inizio="138.623" Bpm="114.00" Metro="4/4" Battito="4" />
      <TEMPO Inizio="288.622" Bpm="114.00" Metro="4/4" Battito="1" />
      <TEMPO Inizio="428.621" Bpm="114.00" Metro="4/4" Battito="3" />
      <POSITION_MARK Name="" Type="0" Start="33.886" Num="-1" />
      <POSITION_MARK Name="" Type="0" Start="193.887" Num="-1" />
      <POSITION_MARK Name="" Type="0" Start="244.409" Num="-1" />
      <POSITION_MARK Name="" Type="0" Start="177.042" Num="-1" />
      <POSITION_MARK Name="" Type="0" Start="160.209" Num="-1" />
      <POSITION_MARK Name="" Type="0" Start="92.837" Num="-1" />
    </TRACK>
    <TRACK TrackID="122351952" Name="Ready2Go" Artist="Danny Daze" Composer="" Album="Dual" Grouping="" Genre="House/Tech/Organic" Kind="AIFF File" Size="67425968" TotalTime="381" DiscNumber="0" TrackNumber="1" Year="2018" AverageBpm="129.00" DateAdded="2022-03-22" BitRate="1411" SampleRate="44100" Comments="4A - 6" PlayCount="2" Rating="0" Location="file://localhost/Users/zachvp/Music/DJ/Danny%20Daze%20-%20Ready2Go.aiff" Remixer="" Tonality="4A" Label="" Mix="">
      <TEMPO Inizio="0.077" Bpm="129.00" Metro="4/4" Battito="1" />
      <TEMPO Inizio="1.938" Bpm="129.00" Metro="4/4" Battito="1" />
      <TEMPO Inizio="15.892" Bpm="129.00" Metro="4/4" Battito="3" />
      <TEMPO Inizio="29.846" Bpm="129.00" Metro="4/4" Battito="1" />
      <TEMPO Inizio="43.800" Bpm="129.00" Metro="4/4" Battito="3" />
      <TEMPO Inizio="57.754" Bpm="129.00" Metro="4/4" Battito="1" />
      <TEMPO Inizio="71.708" Bpm="129.00" Metro="4/4" Battito="3" />
      <TEMPO Inizio="85.197" Bpm="129.00" Metro="4/4" Battito="4" />
      <TEMPO Inizio="99.151" Bpm="129.00" Metro="4/4" Battito="2" />
      <TEMPO Inizio="113.105" Bpm="129.00" Metro="4/4" Battito="4" />
      <TEMPO Inizio="127.059" Bpm="129.00" Metro="4/4" Battito="2" />
      <TEMPO Inizio="141.013" Bpm="129.00" Metro="4/4" Battito="4" />
      <TEMPO Inizio="154.967" Bpm="129.00" Metro="4/4" Battito="2" />
      <TEMPO Inizio="168.921" Bpm="129.00" Metro="4/4" Battito="4" />
      <TEMPO Inizio="182.875" Bpm="129.00" Metro="4/4" Battito="2" />
      <TEMPO Inizio="196.829" Bpm="129.00" Metro="4/4" Battito="4" />
      <TEMPO Inizio="210.318" Bpm="129.00" Metro="4/4" Battito="1" />
      <TEMPO Inizio="224.272" Bpm="129.00" Metro="4/4" Battito="3" />
      <TEMPO Inizio="238.226" Bpm="129.00" Metro="4/4" Battito="1" />
      <TEMPO Inizio="252.180" Bpm="129.00" Metro="4/4" Battito="3" />
      <TEMPO Inizio="266.134" Bpm="129.00" Metro="4/4" Battito="1" />
      <TEMPO Inizio="280.088" Bpm="129.00" Metro="4/4" Battito="3" />
      <TEMPO Inizio="294.042" Bpm="129.00" Metro="4/4" Battito="1" />
      <TEMPO Inizio="307.996" Bpm="129.00" Metro="4/4" Battito="3" />
      <TEMPO Inizio="321.950" Bpm="129.00" Metro="4/4" Battito="1" />
      <TEMPO Inizio="335.439" Bpm="129.00" Metro="4/4" Battito="2" />
      <TEMPO Inizio="349.393" Bpm="129.00" Metro="4/4" Battito="4" />
      <TEMPO Inizio="363.347" Bpm="129.00" Metro="4/4" Battito="2" />
      <TEMPO Inizio="377.301" Bpm="129.00" Metro="4/4" Battito="4" />
    </TRACK>
    <TRACK TrackID="205654213" Name="Unexplainable (Fabio Aurea Remix)" Artist="Nohan" Composer="" Album="Softly, The Remixes" Grouping="" Genre="House/Deep/Melodic" Kind="AIFF File" Size="73784554" TotalTime="418" DiscNumber="0" TrackNumber="2" Year="2020" AverageBpm="120.00" DateAdded="2022-03-22" BitRate="1411" SampleRate="44100" Comments="7A - 6" PlayCount="3" Rating="0" Location="file://localhost/Users/zachvp/Music/DJ/13431144_Unexplainable_(Fabio_Aurea_Remix).aiff" Remixer="" Tonality="7A" Label="RADIANT." Mix="">
      <TEMPO Inizio="0.004" Bpm="120.00" Metro="4/4" Battito="1" />
      <POSITION_MARK Name="" Type="0" Start="112.006" Num="-1" />
      <POSITION_MARK Name="" Type="0" Start="80.006" Num="-1" />
      <POSITION_MARK Name="" Type="0" Start="48.006" Num="-1" />
      <POSITION_MARK Name="" Type="0" Start="191.996" Num="-1" />
      <POSITION_MARK Name="" Type="0" Start="240.001" Num="-1" />
      <POSITION_MARK Name="" Type="0" Start="288.010" Num="-1" />
      <POSITION_MARK Name="" Type="0" Start="352.004" Num="-1" />
      <POSITION_MARK Name="" Type="0" Start="320.003" Num="-1" />
    </TRACK>
    <TRACK TrackID="195494685" Name="Helios (Original Mix)" Artist="Rodrigo Lapena, Gonzalo Sacc" Composer="" Album="One Day" Grouping="" Genre="House/Deep/Tech/Spacey" Kind="AIFF File" Size="93575318" TotalTime="530" DiscNumber="0" TrackNumber="2" Year="2020" AverageBpm="124.00" DateAdded="2022-03-22" BitRate="1411" SampleRate="44100" Comments="8A - 6" PlayCount="2" Rating="0" Location="file://localhost/Users/zachvp/Music/DJ/13469220_Helios_(Original_Mix).aiff" Remixer="" Tonality="8A" Label="3rd Avenue" Mix="">
      <TEMPO Inizio="0.034" Bpm="124.00" Metro="4/4" Battito="1" />
    </TRACK>
    <TRACK TrackID="9515832" Name="Airtight (Extended Mix)" Artist="Simon Doty" Composer="" Album="Airtight EP" Grouping="" Genre="House/Tech/Groove" Kind="AIFF File" Size="76650854" TotalTime="431" DiscNumber="0" TrackNumber="1" Year="2020" AverageBpm="125.00" DateAdded="2022-03-22" BitRate="1411" SampleRate="44100" Comments="6A - 6" PlayCount="2" Rating="0" Location="file://localhost/Users/zachvp/Music/DJ/13471774_Airtight_(Extended_Mix).aiff" Remixer="" Tonality="6A" Label="Anjunadeep" Mix="">
      <TEMPO Inizio="0.000" Bpm="125.00" Metro="4/4" Battito="1" />
      <TEMPO Inizio="292.319" Bpm="125.00" Metro="4/4" Battito="2" />
    </TRACK>
    <TRACK TrackID="135527100" Name="The Future (Extended Mix)" Artist="Supernova, Dario D'Attis" Composer="" Album="The Future" Grouping="" Genre="House/Tech/Groove" Kind="AIFF File" Size="75420458" TotalTime="426" DiscNumber="0" TrackNumber="1" Year="2020" AverageBpm="125.00" DateAdded="2022-03-22" BitRate="1411" SampleRate="44100" Comments="6A - 6" PlayCount="1" Rating="0" Location="file://localhost/Users/zachvp/Music/DJ/13520323_The_Future_(Extended_Mix).aiff" Remixer="" Tonality="6A" Label="Lapsus Music" Mix="">
      <TEMPO Inizio="0.001" Bpm="125.00" Metro="4/4" Battito="1" />
    </TRACK>
    <TRACK TrackID="115756020" Name="Classic Vocal Mix (Extented)" Artist="Bel Amour, Franck Keller Jr." Composer="" Album="Classic Vocal Mix (Extended)" Grouping="" Genre="House/Tech/Indie/Disco" Kind="AIFF File" Size="57291244" TotalTime="324" DiscNumber="0" TrackNumber="1" Year="2020" AverageBpm="126.23" DateAdded="2022-03-22" BitRate="1411" SampleRate="44100" Comments="8A - 8" PlayCount="1" Rating="0" Location="file://localhost/Users/zachvp/Music/DJ/13572634_Classic_Vocal_Mix_(Extented).aiff" Remixer="" Tonality="8A" Label="klr records" Mix="">
      <TEMPO Inizio="0.031" Bpm="126.23" Metro="4/4" Battito="1" />
      <TEMPO Inizio="22.847" Bpm="126.23" Metro="4/4" Battito="1" />
      <TEMPO Inizio="32.354" Bpm="126.23" Metro="4/4" Battito="1" />
      <TEMPO Inizio="55.170" Bpm="126.23" Metro="4/4" Battito="1" />
      <TEMPO Inizio="77.511" Bpm="126.23" Metro="4/4" Battito="4" />
      <TEMPO Inizio="100.327" Bpm="126.23" Metro="4/4" Battito="4" />
      <TEMPO Inizio="123.143" Bpm="126.23" Metro="4/4" Battito="4" />
      <TEMPO Inizio="131.224" Bpm="126.23" Metro="4/4" Battito="1" />
      <TEMPO Inizio="154.040" Bpm="126.23" Metro="4/4" Battito="1" />
      <TEMPO Inizio="176.856" Bpm="126.23" Metro="4/4" Battito="1" />
      <TEMPO Inizio="184.937" Bpm="126.23" Metro="4/4" Battito="2" />
      <TEMPO Inizio="207.753" Bpm="126.23" Metro="4/4" Battito="2" />
      <TEMPO Inizio="230.569" Bpm="126.23" Metro="4/4" Battito="2" />
      <TEMPO Inizio="238.650" Bpm="126.23" Metro="4/4" Battito="3" />
      <TEMPO Inizio="261.466" Bpm="126.23" Metro="4/4" Battito="3" />
      <TEMPO Inizio="276.677" Bpm="126.23" Metro="4/4" Battito="3" />
      <TEMPO Inizio="299.493" Bpm="126.23" Metro="4/4" Battito="3" />
      <TEMPO Inizio="322.309" Bpm="126.23" Metro="4/4" Battito="3" />
      <POSITION_MARK Name="" Type="0" Start="15.241" Num="-1" />
      <POSITION_MARK Name="" Type="0" Start="60.871" Num="-1" />
      <POSITION_MARK Name="" Type="0" Start="83.685" Num="-1" />
      <POSITION_MARK Name="" Type="0" Start="292.819" Num="-1" />
      <POSITION_MARK Name="" Type="0" Start="129.322" Num="-1" />
      <POSITION_MARK Name="" Type="0" Start="159.754" Num="-1" />
    </TRACK>
    <TRACK TrackID="156847979" Name="Fatal Fields (Original Mix)" Artist="Weska" Composer="" Album="Fifth Wave" Grouping="" Genre="House/Techno/" Kind="AIFF File" Size="73188724" TotalTime="414" DiscNumber="0" TrackNumber="3" Year="2020" AverageBpm="127.00" DateAdded="2022-03-22" BitRate="1411" SampleRate="44100" Comments="5A - 6" PlayCount="0" Rating="0" Location="file://localhost/Users/zachvp/Music/DJ/13720364_Fatal_Fields_(Original_Mix).aiff" Remixer="" Tonality="5A" Label="Weska" Mix="">
      <TEMPO Inizio="0.002" Bpm="127.00" Metro="4/4" Battito="4" />
      <TEMPO Inizio="0.475" Bpm="127.00" Metro="4/4" Battito="1" />
      <TEMPO Inizio="344.411" Bpm="127.00" Metro="4/4" Battito="1" />
    </TRACK>
    <TRACK TrackID="56834076" Name="Conga Mode (Extended Mix)" Artist="Mele" Composer="" Album="Conga Mode EP" Grouping="" Genre="House/Tech/Organic" Kind="AIFF File" Size="71501216" TotalTime="403" DiscNumber="0" TrackNumber="1" Year="2020" AverageBpm="126.00" DateAdded="2022-03-22" BitRate="1411" SampleRate="44100" Comments="5A - 7" PlayCount="2" Rating="0" Location="file://localhost/Users/zachvp/Music/DJ/13926840_Conga_Mode_(Extended_Mix).aiff" Remixer="" Tonality="5A" Label="Club Bad" Mix="">
      <TEMPO Inizio="0.004" Bpm="126.00" Metro="4/4" Battito="1" />
      <TEMPO Inizio="0.957" Bpm="126.00" Metro="4/4" Battito="3" />
      <TEMPO Inizio="277.148" Bpm="126.00" Metro="4/4" Battito="3" />
    </TRACK>
    <TRACK TrackID="106782220" Name="Stay With Me (Kevin O Remix)" Artist="Vanessa McMillian" Composer="" Album="DJ-Kicks (Seth Troxler)" Grouping="" Genre="House/Tech/Indie/Disco" Kind="AIFF File" Size="63532326" TotalTime="358" DiscNumber="0" TrackNumber="14" Year="2015" AverageBpm="125.23" DateAdded="2022-03-22" BitRate="1411" SampleRate="44100" Comments="4B - 7" PlayCount="0" Rating="0" Location="file://localhost/Users/zachvp/Music/DJ/Vanessa%20McMillian%20-%20DJ-Kicks%20(Seth%20Troxler)%20-%2014%20Stay%20With%20Me%20(Kevin%20O%20Remix).aiff" Remixer="" Tonality="4B" Label="" Mix="">
      <TEMPO Inizio="0.123" Bpm="125.23" Metro="4/4" Battito="1" />
      <TEMPO Inizio="0.603" Bpm="125.23" Metro="4/4" Battito="2" />
    </TRACK>
    <TRACK TrackID="242680207" Name="Far From The Tree" Artist="Bob Moses" Composer="" Album="Get Physical Music Presents: Hausmusik Vol.1" Grouping="" Genre="House/Deep/Tech/Spacey" Kind="AIFF File" Size="86016428" TotalTime="487" DiscNumber="0" TrackNumber="6" Year="2014" AverageBpm="111.00" DateAdded="2022-03-22" BitRate="1411" SampleRate="44100" Comments="9A - 5" PlayCount="1" Rating="0" Location="file://localhost/Users/zachvp/Music/DJ/Various%20Artists%20-%20Bob%20Moses%20-%20Far%20From%20The%20Tree.aiff" Remixer="" Tonality="9A" Label="" Mix="">
      <TEMPO Inizio="0.162" Bpm="111.00" Metro="4/4" Battito="1" />
      <POSITION_MARK Name="" Type="0" Start="34.672" Num="-1" />
    </TRACK>
    <TRACK TrackID="266715116" Name="Kataltoni (Zone &amp; Usif Remix)" Artist="Laroz Camel Rider" Composer="" Album="Compilation vol.3" Grouping="" Genre="House/Deep/Melodic" Kind="AIFF File" Size="118960110" TotalTime="448" DiscNumber="0" TrackNumber="3" Year="2017" AverageBpm="117.00" DateAdded="2022-03-22" BitRate="2116" SampleRate="44100" Comments="5A - Energy 6" PlayCount="1" Rating="0" Location="file://localhost/Users/zachvp/Music/DJ/Various%20Artists%20-%20Laroz%20Camel%20Rider%20-%20Kataltoni%20(Zone%20+%20%26%20Usif%20Remix).aiff" Remixer="" Tonality="5A" Label="" Mix="">
      <TEMPO Inizio="0.512" Bpm="117.00" Metro="4/4" Battito="2" />
      <POSITION_MARK Name="" Type="0" Start="8.728" Num="-1" />
    </TRACK>
    <TRACK TrackID="199760629" Name="Esperanza (Extended Mix)" Artist="Mele" Composer="" Album="Conga Mode EP" Grouping="" Genre="House/Tech/Organic" Kind="AIFF File" Size="68332494" TotalTime="385" DiscNumber="0" TrackNumber="2" Year="2020" AverageBpm="130.00" DateAdded="2022-03-22" BitRate="1411" SampleRate="44100" Comments="2A - 6" PlayCount="5" Rating="0" Location="file://localhost/Users/zachvp/Music/DJ/13926842_Esperanza_(Extended_Mix).aiff" Remixer="" Tonality="2A" Label="Club Bad" Mix="">
      <TEMPO Inizio="0.000" Bpm="130.00" Metro="4/4" Battito="1" />
      <POSITION_MARK Name="" Type="0" Start="29.525" Num="-1" />
      <POSITION_MARK Name="" Type="0" Start="132.913" Num="-1" />
      <POSITION_MARK Name="" Type="0" Start="59.087" Num="-1" />
      <POSITION_MARK Name="" Type="0" Start="295.371" Num="-1" />
    </TRACK>
    <TRACK TrackID="21099469" Name="Happy Piece for Happy People Piece" Artist="Voiski" Composer="" Album="" Grouping="" Genre="House/Techno/Downtempo" Kind="AIFF File" Size="68305758" TotalTime="387" DiscNumber="0" TrackNumber="0" Year="0" AverageBpm="125.00" DateAdded="2022-03-22" BitRate="1411" SampleRate="44100" Comments="9A - 6" PlayCount="1" Rating="0" Location="file://localhost/Users/zachvp/Music/DJ/Voiski%20-%20Happy%20Piece%20for%20Happy%20People%20Piece%20.aiff" Remixer="" Tonality="9A" Label="" Mix="">
      <TEMPO Inizio="0.118" Bpm="125.00" Metro="4/4" Battito="1" />
      <TEMPO Inizio="174.359" Bpm="125.00" Metro="4/4" Battito="4" />
    </TRACK>
    <TRACK TrackID="227656969" Name="Rude Boy (Original Mix)" Artist="Zeds Dead" Composer="" Album="Rude Boy" Grouping="" Genre="Dubstep" Kind="AIFF File" Size="29072522" TotalTime="164" DiscNumber="0" TrackNumber="1" Year="2010" AverageBpm="140.00" DateAdded="2022-03-22" BitRate="1411" SampleRate="44100" Comments="9A - 7" PlayCount="3" Rating="0" Location="file://localhost/Users/zachvp/Music/DJ/14360199_Rude_Boy_(Original_Mix).aiff" Remixer="" Tonality="9A" Label="Deadbeats" Mix="">
      <TEMPO Inizio="0.021" Bpm="140.00" Metro="4/4" Battito="4" />
    </TRACK>
    <TRACK TrackID="193698294" Name="Running Out Of Time" Artist="Cliff Lothar" Composer="" Album="(Viewlexx V-025) White Savage EP" Grouping="" Genre="House/Deep/Tech/" Kind="AIFF File" Size="64835106" TotalTime="244" DiscNumber="0" TrackNumber="4" Year="2014" AverageBpm="120.00" DateAdded="2022-03-22" BitRate="2116" SampleRate="44100" Comments="6A - 6" PlayCount="0" Rating="0" Location="file://localhost/Users/zachvp/Music/DJ/Cliff%20Lothar%20-%20Running%20Out%20Of%20Time.aiff" Remixer="" Tonality="6A" Label="" Mix="">
      <TEMPO Inizio="0.261" Bpm="120.00" Metro="4/4" Battito="1" />
    </TRACK>
    <TRACK TrackID="124557119" Name="Hoping (Extended Mix)" Artist="Louie Austen" Composer="" Album="Hoping" Grouping="" Genre="House/Tech/Indie/Disco" Kind="AIFF File" Size="87691474" TotalTime="496" DiscNumber="0" TrackNumber="1" Year="2021" AverageBpm="124.00" DateAdded="2022-03-22" BitRate="1411" SampleRate="44100" Comments="10A - 7" PlayCount="3" Rating="0" Location="file://localhost/Users/zachvp/Music/DJ/14703149_Hoping_(Extended_Mix).aiff" Remixer="" Tonality="10A" Label="Cheap Classics" Mix="">
      <TEMPO Inizio="0.142" Bpm="124.00" Metro="4/4" Battito="1" />
      <POSITION_MARK Name="" Type="0" Start="31.125" Num="-1" />
      <POSITION_MARK Name="" Type="0" Start="46.588" Num="-1" />
      <POSITION_MARK Name="" Type="0" Start="124.004" Num="-1" />
      <POSITION_MARK Name="" Type="0" Start="216.905" Num="-1" />
      <POSITION_MARK Name="" Type="0" Start="232.406" Num="-1" />
      <POSITION_MARK Name="" Type="0" Start="263.369" Num="-1" />
      <POSITION_MARK Name="" Type="0" Start="377.577" Num="-1" />
      <POSITION_MARK Name="" Type="0" Start="408.525" Num="-1" />
      <POSITION_MARK Name="" Type="0" Start="424.006" Num="-1" />
    </TRACK>
    <TRACK TrackID="218751835" Name="In And Out Of Love (Extended Mix)" Artist="Armin van Buuren, Sharon Den Adel" Composer="" Album="A State Of Trance 1000 - Celebration Mix (Mixed by Armin van Buuren) - Extended Versions" Grouping="" Genre="House/Tech/Indie/Progressive/Electro" Kind="AIFF File" Size="65645110" TotalTime="361" DiscNumber="0" TrackNumber="29" Year="2021" AverageBpm="135.00" DateAdded="2022-03-22" BitRate="1411" SampleRate="44100" Comments="4A - 7" PlayCount="1" Rating="0" Location="file://localhost/Users/zachvp/Music/DJ/14868875_In_And_Out_Of_Love_(Extended_Mix).aiff" Remixer="" Tonality="4A" Label="A state of Trance " Mix="">
      <TEMPO Inizio="0.117" Bpm="135.00" Metro="4/4" Battito="1" />
      <TEMPO Inizio="303.227" Bpm="135.00" Metro="4/4" Battito="3" />
    </TRACK>
    <TRACK TrackID="130629278" Name="Shamans Dream (Original Mix)" Artist="Weska" Composer="" Album="Seventh Wave" Grouping="" Genre="House/Techno/" Kind="AIFF File" Size="87429906" TotalTime="486" DiscNumber="0" TrackNumber="2" Year="2021" AverageBpm="128.00" DateAdded="2022-03-22" BitRate="1411" SampleRate="44100" Comments="10A - 6" PlayCount="0" Rating="0" Location="file://localhost/Users/zachvp/Music/DJ/15462461_Shamans_Dream_(Original_Mix).aiff" Remixer="" Tonality="10A" Label="Weska" Mix="">
      <TEMPO Inizio="0.001" Bpm="128.00" Metro="4/4" Battito="4" />
    </TRACK>
    <TRACK TrackID="31972877" Name="Let You Go (Nero Remix)" Artist="Chase &amp; Status, Mali" Composer="" Album="Let You Go" Grouping="" Genre="Dubstep" Kind="AIFF File" Size="55823410" TotalTime="315" DiscNumber="0" TrackNumber="2" Year="2010" AverageBpm="140.00" DateAdded="2022-03-22" BitRate="1411" SampleRate="44100" Comments="3A - 7" PlayCount="1" Rating="0" Location="file://localhost/Users/zachvp/Music/DJ/Chase%20%26%20Status,%20Mali%20-%20Let%20You%20Go%20(Nero%20Rem.aiff" Remixer="Nero (UK)" Tonality="3A" Label="MTA Records" Mix="">
      <TEMPO Inizio="0.160" Bpm="140.00" Metro="4/4" Battito="3" />
    </TRACK>
    <TRACK TrackID="30706587" Name="They Frontin'" Artist="Catz 'n Dogz, Monty Luke" Composer="" Album="Sessions - Selected Tracks, Pt. 5 - Mixed by David Jach" Grouping="" Genre="House/Deep/Tech/" Kind="AIFF File" Size="69890358" TotalTime="395" DiscNumber="0" TrackNumber="16" Year="2016" AverageBpm="122.00" DateAdded="2022-03-22" BitRate="1411" SampleRate="44100" Comments="3A - 6" PlayCount="3" Rating="0" Location="file://localhost/Users/zachvp/Music/DJ/Catz%20%27N%20Dogz,%20Monty%20Luke%20-%20They%20Frontin%27.aiff" Remixer="" Tonality="3A" Label="Get Physical" Mix="">
      <TEMPO Inizio="0.448" Bpm="122.00" Metro="4/4" Battito="1" />
    </TRACK>
    <TRACK TrackID="50228135" Name="Melodia Del Viento (Ricardo Villalobos &amp; Max Loderbauer Meloopdia Remix)" Artist="Wolfgang Haffner" Composer="" Album="DJ-Kicks (Seth Troxler)" Grouping="" Genre="zzz" Kind="AIFF File" Size="123373466" TotalTime="697" DiscNumber="0" TrackNumber="4" Year="2015" AverageBpm="128.00" DateAdded="2022-03-22" BitRate="1411" SampleRate="44100" Comments="7A - 5" PlayCount="0" Rating="0" Location="file://localhost/Users/zachvp/Music/DJ/Wolfgang%20Haffner%20-%20DJ-Kicks%20(Seth%20Troxler)%20-%2004%20Melodia%20Del%20Viento%20(Ricardo%20Villalobos%20%26%20Max%20Loderbauer%20Meloopdia%20Remix).aiff" Remixer="" Tonality="7A" Label="" Mix="">
      <TEMPO Inizio="0.013" Bpm="128.00" Metro="4/4" Battito="1" />
    </TRACK>
    <TRACK TrackID="189920605" Name="Open Door" Artist="Adventure" Composer="" Album="Lesser Known" Grouping="" Genre="House/Tech/Indie/Retro" Kind="AIFF File" Size="31163106" TotalTime="175" DiscNumber="0" TrackNumber="1" Year="2011" AverageBpm="122.41" DateAdded="2022-03-22" BitRate="1411" SampleRate="44100" Comments="8A - 7" PlayCount="0" Rating="0" Location="file://localhost/Users/zachvp/Music/DJ/Adventure%20-%20Lesser%20Known%20-%2001%20Open%20Door.aiff" Remixer="" Tonality="8A" Label="" Mix="">
      <TEMPO Inizio="0.312" Bpm="122.41" Metro="4/4" Battito="1" />
      <TEMPO Inizio="44.425" Bpm="122.41" Metro="4/4" Battito="3" />
      <TEMPO Inizio="79.225" Bpm="122.41" Metro="4/4" Battito="2" />
      <TEMPO Inizio="114.025" Bpm="122.41" Metro="4/4" Battito="1" />
      <TEMPO Inizio="142.453" Bpm="122.41" Metro="4/4" Battito="3" />
    </TRACK>
    <TRACK TrackID="157274910" Name="Rio" Artist="Adventure" Composer="" Album="Lesser Known" Grouping="" Genre="House/Tech/Indie/" Kind="AIFF File" Size="54785194" TotalTime="309" DiscNumber="0" TrackNumber="5" Year="2011" AverageBpm="135.00" DateAdded="2022-03-22" BitRate="1411" SampleRate="44100" Comments="2B - 7" PlayCount="1" Rating="0" Location="file://localhost/Users/zachvp/Music/DJ/Adventure%20-%20Lesser%20Known%20-%2005%20Rio.aiff" Remixer="" Tonality="2B" Label="" Mix="">
      <TEMPO Inizio="0.008" Bpm="135.00" Metro="4/4" Battito="1" />
    </TRACK>
    <TRACK TrackID="86668400" Name="Lights Out" Artist="Adventure" Composer="" Album="Lesser Known" Grouping="" Genre="House/Tech/Indie/" Kind="AIFF File" Size="29342606" TotalTime="165" DiscNumber="0" TrackNumber="6" Year="2011" AverageBpm="120.00" DateAdded="2022-03-22" BitRate="1411" SampleRate="44100" Comments="4A - 7" PlayCount="0" Rating="0" Location="file://localhost/Users/zachvp/Music/DJ/Adventure%20-%20Lesser%20Known%20-%2006%20Lights%20Out.aiff" Remixer="" Tonality="4A" Label="" Mix="">
      <TEMPO Inizio="0.005" Bpm="120.00" Metro="4/4" Battito="4" />
      <POSITION_MARK Name="" Type="4" Start="0.505" End="1.505" Num="-1" />
      <POSITION_MARK Name="" Type="0" Start="106.500" Num="-1" />
    </TRACK>
    <TRACK TrackID="37505617" Name="Meadows" Artist="Adventure" Composer="" Album="Lesser Known" Grouping="" Genre="Lounge/Indie" Kind="AIFF File" Size="35486118" TotalTime="200" DiscNumber="0" TrackNumber="10" Year="2011" AverageBpm="135.00" DateAdded="2022-03-22" BitRate="1411" SampleRate="44100" Comments="1A - 5" PlayCount="0" Rating="0" Location="file://localhost/Users/zachvp/Music/DJ/Adventure%20-%20Lesser%20Known%20-%2010%20Meadows.aiff" Remixer="" Tonality="1A" Label="" Mix="">
      <TEMPO Inizio="0.021" Bpm="135.00" Metro="4/4" Battito="1" />
      <TEMPO Inizio="0.466" Bpm="135.00" Metro="4/4" Battito="2" />
    </TRACK>
    <TRACK TrackID="139394839" Name="Dope" Artist="Butch" Composer="" Album="DJ-Kicks (Seth Troxler)" Grouping="" Genre="House/Tech/Organic" Kind="AIFF File" Size="90080348" TotalTime="509" DiscNumber="0" TrackNumber="6" Year="2015" AverageBpm="123.00" DateAdded="2022-03-22" BitRate="1411" SampleRate="44100" Comments="2A - 7" PlayCount="3" Rating="0" Location="file://localhost/Users/zachvp/Music/DJ/Butch%20-%20DJ-Kicks%20(Seth%20Troxler)%20-%2006%20Dope.aiff" Remixer="" Tonality="2A" Label="" Mix="">
      <TEMPO Inizio="0.010" Bpm="123.00" Metro="4/4" Battito="1" />
      <POSITION_MARK Name="" Type="0" Start="33.169" Num="-1" />
      <POSITION_MARK Name="" Type="0" Start="103.418" Num="-1" />
      <POSITION_MARK Name="" Type="0" Start="134.637" Num="-1" />
      <POSITION_MARK Name="" Type="0" Start="251.729" Num="-1" />
      <POSITION_MARK Name="" Type="0" Start="345.378" Num="-1" />
    </TRACK>
    <TRACK TrackID="73712833" Name="Boss" Artist="Brain" Composer="" Album="The World EP" Grouping="" Genre="House/Deep/Tech/Breaks" Kind="AIFF File" Size="75687626" TotalTime="428" DiscNumber="0" TrackNumber="1" Year="2020" AverageBpm="135.00" DateAdded="2022-03-22" BitRate="1411" SampleRate="44100" Comments="7A - 6" PlayCount="3" Rating="0" Location="file://localhost/Users/zachvp/Music/DJ/Brain%20-%20Boss.aiff" Remixer="" Tonality="7A" Label="" Mix="">
      <TEMPO Inizio="0.038" Bpm="135.00" Metro="4/4" Battito="4" />
    </TRACK>
    <TRACK TrackID="209355955" Name="Eyesdown" Artist="Bonobo" Composer="" Album="Black Sands" Grouping="" Genre="Lounge/" Kind="AIFF File" Size="58151252" TotalTime="328" DiscNumber="0" TrackNumber="4" Year="2010" AverageBpm="65.00" DateAdded="2022-03-22" BitRate="1411" SampleRate="44100" Comments="10A - 5" PlayCount="1" Rating="0" Location="file://localhost/Users/zachvp/Music/DJ/Bonobo%20-%20Eyesdown.aiff" Remixer="" Tonality="10A" Label="" Mix="">
      <TEMPO Inizio="0.073" Bpm="65.00" Metro="4/4" Battito="1" />
      <TEMPO Inizio="61.918" Bpm="65.00" Metro="4/4" Battito="4" />
      <TEMPO Inizio="62.840" Bpm="65.00" Metro="4/4" Battito="1" />
      <TEMPO Inizio="63.764" Bpm="65.00" Metro="4/4" Battito="2" />
      <TEMPO Inizio="115.455" Bpm="65.00" Metro="4/4" Battito="2" />
      <TEMPO Inizio="151.454" Bpm="65.00" Metro="4/4" Battito="1" />
      <TEMPO Inizio="204.068" Bpm="65.00" Metro="4/4" Battito="2" />
      <TEMPO Inizio="255.759" Bpm="65.00" Metro="4/4" Battito="2" />
      <TEMPO Inizio="256.681" Bpm="65.00" Metro="4/4" Battito="3" />
      <TEMPO Inizio="257.605" Bpm="65.00" Metro="4/4" Battito="4" />
      <TEMPO Inizio="310.219" Bpm="65.00" Metro="4/4" Battito="1" />
    </TRACK>
    <TRACK TrackID="27724193" Name="Black Sands" Artist="Bonobo" Composer="" Album="Black Sands" Grouping="" Genre="Lounge/Acoustic" Kind="AIFF File" Size="72284912" TotalTime="408" DiscNumber="0" TrackNumber="12" Year="2010" AverageBpm="88.00" DateAdded="2022-03-22" BitRate="1411" SampleRate="44100" Comments="5A - 5" PlayCount="1" Rating="0" Location="file://localhost/Users/zachvp/Music/DJ/Bonobo%20-%20Black%20Sands.aiff" Remixer="" Tonality="5A" Label="" Mix="">
      <TEMPO Inizio="0.089" Bpm="88.00" Metro="4/4" Battito="3" />
    </TRACK>
    <TRACK TrackID="118044370" Name="At All (ft. Veronika Redd)" Artist="Ark Patrol" Composer="" Album="Primo" Grouping="" Genre="Lounge/Indie" Kind="AIFF File" Size="62653968" TotalTime="354" DiscNumber="0" TrackNumber="1" Year="2015" AverageBpm="90.00" DateAdded="2022-03-22" BitRate="1411" SampleRate="44100" Comments="1A - 6" PlayCount="2" Rating="0" Location="file://localhost/Users/zachvp/Music/DJ/Ark%20Patrol%20-%20At%20All%20(ft.%20Veronika%20Redd).aiff" Remixer="" Tonality="1A" Label="" Mix="">
      <TEMPO Inizio="0.666" Bpm="90.00" Metro="4/4" Battito="2" />
    </TRACK>
    <TRACK TrackID="255225434" Name="Drink to get Drunk (differentGear Radio Edit)" Artist="Sia" Composer="" Album="Drink To Get Drunk" Grouping="" Genre="House/Tech/Indie/Progressive" Kind="AIFF File" Size="42154432" TotalTime="238" DiscNumber="0" TrackNumber="0" Year="0" AverageBpm="129.00" DateAdded="2022-03-22" BitRate="1411" SampleRate="44100" Comments="9A - 6" PlayCount="0" Rating="0" Location="file://localhost/Users/zachvp/Music/DJ/01%20Drink%20To%20Get%20Drunk%20(differentGear%20Radio%20Edit).aiff" Remixer="" Tonality="9A" Label="" Mix="" />
    <TRACK TrackID="100029967" Name="Waiting for you to Call (Extended 12 inch Version)" Artist="Horse Meat Disco" Composer="" Album="Waiting For You to Call" Grouping="" Genre="Lounge/" Kind="AIFF File" Size="74347502" TotalTime="420" DiscNumber="0" TrackNumber="1" Year="2017" AverageBpm="105.00" DateAdded="2022-03-22" BitRate="1411" SampleRate="44100" Comments="6A - 7" PlayCount="2" Rating="0" Location="file://localhost/Users/zachvp/Music/DJ/Horse%20Meat%20Disco%20-%20Waiting%20for%20you%20to%20Call%20(Extended%2012%20inch%20Version).aiff" Remixer="" Tonality="6A" Label="" Mix="">
      <TEMPO Inizio="0.092" Bpm="105.00" Metro="4/4" Battito="1" />
      <POSITION_MARK Name="" Type="0" Start="18.376" Num="-1" />
      <POSITION_MARK Name="" Type="0" Start="36.653" Num="-1" />
      <POSITION_MARK Name="" Type="0" Start="91.512" Num="-1" />
      <POSITION_MARK Name="" Type="0" Start="278.949" Num="-1" />
      <POSITION_MARK Name="" Type="0" Start="297.227" Num="-1" />
      <POSITION_MARK Name="" Type="0" Start="315.506" Num="-1" />
      <POSITION_MARK Name="" Type="0" Start="370.374" Num="-1" />
      <POSITION_MARK Name="" Type="0" Start="73.227" Num="-1" />
    </TRACK>
    <TRACK TrackID="190534638" Name="Heat (Yer Man Remix)" Artist="Soft Cell" Composer="" Album="Heat : The Remixes [Disc 2]" Grouping="" Genre="zzz" Kind="AIFF File" Size="65437840" TotalTime="370" DiscNumber="0" TrackNumber="1" Year="0" AverageBpm="130.00" DateAdded="2022-03-22" BitRate="2116" SampleRate="44100" Comments="2A - 8" PlayCount="0" Rating="0" Location="file://localhost/Users/zachvp/Music/DJ/01%20Heat%20(Yer%20Man%20Remix).aiff" Remixer="" Tonality="2A" Label="" Mix="">
      <TEMPO Inizio="0.300" Bpm="130.00" Metro="4/4" Battito="3" />
    </TRACK>
    <TRACK TrackID="60480916" Name="Martin (Nitewreckers Remix)" Artist="Soft Cell" Composer="" Album="Heat : The Remixes [Disc 2]" Grouping="" Genre="zzz" Kind="AIFF File" Size="55013796" TotalTime="311" DiscNumber="0" TrackNumber="13" Year="0" AverageBpm="147.10" DateAdded="2022-03-22" BitRate="2116" SampleRate="44100" Comments="6A - 7" PlayCount="0" Rating="0" Location="file://localhost/Users/zachvp/Music/DJ/13%20Martin%20(Nitewreckers%20Remix).aiff" Remixer="" Tonality="6A" Label="" Mix="">
      <TEMPO Inizio="0.207" Bpm="147.10" Metro="4/4" Battito="1" />
    </TRACK>
    <TRACK TrackID="100098752" Name="Her Imagination (Monkey Farm Frankenstein Remix)" Artist="Soft Cell" Composer="" Album="Heat : The Remixes [Disc 2]" Grouping="" Genre="zzz" Kind="AIFF File" Size="61211380" TotalTime="346" DiscNumber="0" TrackNumber="12" Year="0" AverageBpm="79.68" DateAdded="2022-03-22" BitRate="2116" SampleRate="44100" Comments="2A - 6" PlayCount="0" Rating="0" Location="file://localhost/Users/zachvp/Music/DJ/12%20Her%20Imagination%20(Monkey%20Farm%20Frankenstein%20Remix).aiff" Remixer="" Tonality="2A" Label="" Mix="">
      <TEMPO Inizio="0.270" Bpm="79.68" Metro="4/4" Battito="4" />
      <TEMPO Inizio="28.883" Bpm="79.68" Metro="4/4" Battito="2" />
      <TEMPO Inizio="29.637" Bpm="79.68" Metro="4/4" Battito="3" />
      <TEMPO Inizio="30.389" Bpm="79.68" Metro="4/4" Battito="4" />
      <TEMPO Inizio="63.520" Bpm="79.68" Metro="4/4" Battito="4" />
      <TEMPO Inizio="64.274" Bpm="79.68" Metro="4/4" Battito="1" />
      <TEMPO Inizio="65.026" Bpm="79.68" Metro="4/4" Battito="2" />
      <TEMPO Inizio="99.663" Bpm="79.68" Metro="4/4" Battito="4" />
      <TEMPO Inizio="134.300" Bpm="79.68" Metro="4/4" Battito="2" />
      <TEMPO Inizio="168.937" Bpm="79.68" Metro="4/4" Battito="4" />
      <TEMPO Inizio="203.574" Bpm="79.68" Metro="4/4" Battito="2" />
      <TEMPO Inizio="238.211" Bpm="79.68" Metro="4/4" Battito="4" />
      <TEMPO Inizio="272.095" Bpm="79.68" Metro="4/4" Battito="1" />
      <TEMPO Inizio="306.732" Bpm="79.68" Metro="4/4" Battito="3" />
      <TEMPO Inizio="308.239" Bpm="79.68" Metro="4/4" Battito="1" />
      <TEMPO Inizio="308.991" Bpm="79.68" Metro="4/4" Battito="2" />
      <TEMPO Inizio="341.369" Bpm="79.68" Metro="4/4" Battito="1" />
      <TEMPO Inizio="342.876" Bpm="79.68" Metro="4/4" Battito="3" />
      <TEMPO Inizio="343.628" Bpm="79.68" Metro="4/4" Battito="4" />
    </TRACK>
    <TRACK TrackID="16876471" Name="The Art Of Falling Apart (Atomizer Remix)" Artist="Soft Cell" Composer="" Album="Heat : The Remixes [Disc 2]" Grouping="" Genre="zzz" Kind="AIFF File" Size="66014142" TotalTime="374" DiscNumber="0" TrackNumber="11" Year="0" AverageBpm="140.00" DateAdded="2022-03-22" BitRate="2116" SampleRate="44100" Comments="6A - 7" PlayCount="0" Rating="0" Location="file://localhost/Users/zachvp/Music/DJ/11%20The%20Art%20Of%20Falling%20Apart%20(Atomizer%20Remix).aiff" Remixer="" Tonality="6A" Label="" Mix="">
      <TEMPO Inizio="0.249" Bpm="140.00" Metro="4/4" Battito="1" />
    </TRACK>
    <TRACK TrackID="70638435" Name="Frustration (Punx Soundcheck Remix)" Artist="Soft Cell" Composer="" Album="Heat : The Remixes [Disc 2]" Grouping="" Genre="zzz" Kind="AIFF File" Size="58000860" TotalTime="328" DiscNumber="0" TrackNumber="10" Year="0" AverageBpm="97.00" DateAdded="2022-03-22" BitRate="2116" SampleRate="44100" Comments="7A - 7" PlayCount="0" Rating="0" Location="file://localhost/Users/zachvp/Music/DJ/10%20Frustration%20(Punx%20Soundcheck%20Remix).aiff" Remixer="" Tonality="7A" Label="" Mix="">
      <TEMPO Inizio="0.370" Bpm="97.00" Metro="4/4" Battito="1" />
    </TRACK>
    <TRACK TrackID="108379690" Name="Little Rough Rhinestone (Solvent Remix)" Artist="Soft Cell" Composer="" Album="Heat : The Remixes [Disc 2]" Grouping="" Genre="zzz" Kind="AIFF File" Size="42941014" TotalTime="243" DiscNumber="0" TrackNumber="9" Year="0" AverageBpm="101.00" DateAdded="2022-03-22" BitRate="1411" SampleRate="44100" Comments="7B - 6" PlayCount="0" Rating="0" Location="file://localhost/Users/zachvp/Music/DJ/09%20Little%20Rough%20Rhinestone%20(Solvent%20Remix).aiff" Remixer="" Tonality="7B" Label="" Mix="">
      <TEMPO Inizio="0.493" Bpm="101.00" Metro="4/4" Battito="1" />
      <TEMPO Inizio="25.444" Bpm="101.00" Metro="4/4" Battito="3" />
      <TEMPO Inizio="89.009" Bpm="101.00" Metro="4/4" Battito="2" />
      <TEMPO Inizio="153.168" Bpm="101.00" Metro="4/4" Battito="2" />
      <TEMPO Inizio="216.733" Bpm="101.00" Metro="4/4" Battito="1" />
    </TRACK>
    <TRACK TrackID="82102170" Name="Surrender To A Stranger (Mhc Remix (Edit))" Artist="Soft Cell" Composer="" Album="Heat : The Remixes [Disc 2]" Grouping="" Genre="zzz" Kind="AIFF File" Size="46229120" TotalTime="262" DiscNumber="0" TrackNumber="8" Year="0" AverageBpm="125.00" DateAdded="2022-03-22" BitRate="2116" SampleRate="44100" Comments="4A - 7" PlayCount="0" Rating="0" Location="file://localhost/Users/zachvp/Music/DJ/08%20Surrender%20To%20A%20Stranger%20(Mhc%20Remix%20(Edit)).aiff" Remixer="" Tonality="4A" Label="" Mix="">
      <TEMPO Inizio="0.172" Bpm="125.00" Metro="4/4" Battito="1" />
      <TEMPO Inizio="167.693" Bpm="125.00" Metro="4/4" Battito="2" />
    </TRACK>
    <TRACK TrackID="201777299" Name="Barriers (Dark Poets Remix)" Artist="Soft Cell" Composer="" Album="Heat : The Remixes [Disc 2]" Grouping="" Genre="zzz" Kind="AIFF File" Size="59727202" TotalTime="338" DiscNumber="0" TrackNumber="7" Year="0" AverageBpm="139.86" DateAdded="2022-03-22" BitRate="2116" SampleRate="44100" Comments="9B - 3" PlayCount="0" Rating="0" Location="file://localhost/Users/zachvp/Music/DJ/07%20Barriers%20(Dark%20Poets%20Remix).aiff" Remixer="" Tonality="9B" Label="" Mix="">
      <TEMPO Inizio="0.249" Bpm="139.86" Metro="4/4" Battito="3" />
      <TEMPO Inizio="13.120" Bpm="139.86" Metro="4/4" Battito="1" />
      <TEMPO Inizio="13.548" Bpm="139.86" Metro="4/4" Battito="2" />
      <TEMPO Inizio="14.836" Bpm="139.86" Metro="4/4" Battito="1" />
      <TEMPO Inizio="15.264" Bpm="139.86" Metro="4/4" Battito="2" />
      <TEMPO Inizio="16.552" Bpm="139.86" Metro="4/4" Battito="1" />
      <TEMPO Inizio="17.409" Bpm="139.86" Metro="4/4" Battito="3" />
      <TEMPO Inizio="17.839" Bpm="139.86" Metro="4/4" Battito="4" />
      <TEMPO Inizio="91.199" Bpm="139.86" Metro="4/4" Battito="3" />
      <TEMPO Inizio="91.627" Bpm="139.86" Metro="4/4" Battito="4" />
      <TEMPO Inizio="92.915" Bpm="139.86" Metro="4/4" Battito="3" />
      <TEMPO Inizio="93.343" Bpm="139.86" Metro="4/4" Battito="4" />
      <TEMPO Inizio="94.631" Bpm="139.86" Metro="4/4" Battito="3" />
      <TEMPO Inizio="95.488" Bpm="139.86" Metro="4/4" Battito="1" />
      <TEMPO Inizio="95.918" Bpm="139.86" Metro="4/4" Battito="2" />
      <TEMPO Inizio="169.278" Bpm="139.86" Metro="4/4" Battito="1" />
      <TEMPO Inizio="169.706" Bpm="139.86" Metro="4/4" Battito="2" />
      <TEMPO Inizio="170.994" Bpm="139.86" Metro="4/4" Battito="1" />
      <TEMPO Inizio="171.422" Bpm="139.86" Metro="4/4" Battito="2" />
      <TEMPO Inizio="172.710" Bpm="139.86" Metro="4/4" Battito="1" />
      <TEMPO Inizio="173.567" Bpm="139.86" Metro="4/4" Battito="3" />
      <TEMPO Inizio="173.997" Bpm="139.86" Metro="4/4" Battito="4" />
      <TEMPO Inizio="247.357" Bpm="139.86" Metro="4/4" Battito="3" />
      <TEMPO Inizio="247.785" Bpm="139.86" Metro="4/4" Battito="4" />
      <TEMPO Inizio="249.073" Bpm="139.86" Metro="4/4" Battito="3" />
      <TEMPO Inizio="249.501" Bpm="139.86" Metro="4/4" Battito="4" />
      <TEMPO Inizio="250.360" Bpm="139.86" Metro="4/4" Battito="2" />
      <TEMPO Inizio="251.646" Bpm="139.86" Metro="4/4" Battito="1" />
      <TEMPO Inizio="252.076" Bpm="139.86" Metro="4/4" Battito="2" />
      <TEMPO Inizio="325.436" Bpm="139.86" Metro="4/4" Battito="1" />
      <TEMPO Inizio="325.864" Bpm="139.86" Metro="4/4" Battito="2" />
      <TEMPO Inizio="327.152" Bpm="139.86" Metro="4/4" Battito="1" />
      <TEMPO Inizio="327.580" Bpm="139.86" Metro="4/4" Battito="2" />
      <TEMPO Inizio="328.439" Bpm="139.86" Metro="4/4" Battito="4" />
      <TEMPO Inizio="329.725" Bpm="139.86" Metro="4/4" Battito="3" />
      <TEMPO Inizio="330.155" Bpm="139.86" Metro="4/4" Battito="4" />
    </TRACK>
    <TRACK TrackID="154726600" Name="Chips On My Shoulder (Mark Moore &amp; Kinky Roland Remix)" Artist="Soft Cell" Composer="" Album="Heat : The Remixes [Disc 2]" Grouping="" Genre="zzz" Kind="AIFF File" Size="60653972" TotalTime="343" DiscNumber="0" TrackNumber="6" Year="0" AverageBpm="134.00" DateAdded="2022-03-22" BitRate="2116" SampleRate="44100" Comments="7A - 7" PlayCount="0" Rating="0" Location="file://localhost/Users/zachvp/Music/DJ/06%20Chips%20On%20My%20Shoulder%20(Mark%20Moore%20%26%20Kinky%20Roland%20Remix).aiff" Remixer="" Tonality="7A" Label="" Mix="">
      <TEMPO Inizio="0.178" Bpm="134.00" Metro="4/4" Battito="1" />
    </TRACK>
    <TRACK TrackID="112663648" Name="Secret Life (George Demure Remix)" Artist="Soft Cell" Composer="" Album="Heat : The Remixes [Disc 2]" Grouping="" Genre="zzz" Kind="AIFF File" Size="54392884" TotalTime="308" DiscNumber="0" TrackNumber="5" Year="0" AverageBpm="131.00" DateAdded="2022-03-22" BitRate="2116" SampleRate="44100" Comments="10A - 7" PlayCount="0" Rating="0" Location="file://localhost/Users/zachvp/Music/DJ/05%20Secret%20Life%20(George%20Demure%20Remix).aiff" Remixer="" Tonality="10A" Label="" Mix="">
      <TEMPO Inizio="0.017" Bpm="131.00" Metro="4/4" Battito="1" />
      <TEMPO Inizio="8.720" Bpm="131.00" Metro="4/4" Battito="4" />
      <TEMPO Inizio="202.919" Bpm="131.00" Metro="4/4" Battito="4" />
    </TRACK>
    <TRACK TrackID="267930427" Name="Baby Doll (Nitewreckers Remix)" Artist="Soft Cell" Composer="" Album="Heat : The Remixes [Disc 2]" Grouping="" Genre="zzz" Kind="AIFF File" Size="52864076" TotalTime="299" DiscNumber="0" TrackNumber="4" Year="0" AverageBpm="90.00" DateAdded="2022-03-22" BitRate="2116" SampleRate="44100" Comments="3A - 7" PlayCount="0" Rating="0" Location="file://localhost/Users/zachvp/Music/DJ/04%20Baby%20Doll%20(Nitewreckers%20Remix).aiff" Remixer="" Tonality="3A" Label="" Mix="">
      <TEMPO Inizio="0.352" Bpm="90.00" Metro="4/4" Battito="1" />
    </TRACK>
    <TRACK TrackID="257140803" Name="Sex Dwarf (The Grid Remix)" Artist="Soft Cell" Composer="" Album="Heat : The Remixes [Disc 2]" Grouping="" Genre="zzz" Kind="AIFF File" Size="69739664" TotalTime="395" DiscNumber="0" TrackNumber="3" Year="0" AverageBpm="148.00" DateAdded="2022-03-22" BitRate="2116" SampleRate="44100" Comments="7A - 7" PlayCount="0" Rating="0" Location="file://localhost/Users/zachvp/Music/DJ/03%20Sex%20Dwarf%20(The%20Grid%20Remix).aiff" Remixer="" Tonality="7A" Label="" Mix="">
      <TEMPO Inizio="0.402" Bpm="148.00" Metro="4/4" Battito="1" />
      <TEMPO Inizio="0.808" Bpm="148.00" Metro="4/4" Battito="2" />
    </TRACK>
    <TRACK TrackID="176868877" Name="Meet Murder My Angel (Marc Almond &amp; Kinky Roland Remix)" Artist="Soft Cell" Composer="" Album="Heat : The Remixes [Disc 2]" Grouping="" Genre="zzz" Kind="AIFF File" Size="68885974" TotalTime="390" DiscNumber="0" TrackNumber="2" Year="0" AverageBpm="125.15" DateAdded="2022-03-22" BitRate="2116" SampleRate="44100" Comments="7A - 6" PlayCount="0" Rating="0" Location="file://localhost/Users/zachvp/Music/DJ/02%20Meet%20Murder%20My%20Angel%20(Marc%20Almond%20%26%20Kinky%20Roland%20Remix).aiff" Remixer="" Tonality="7A" Label="" Mix="">
      <TEMPO Inizio="0.187" Bpm="125.15" Metro="4/4" Battito="1" />
      <TEMPO Inizio="175.176" Bpm="125.15" Metro="4/4" Battito="2" />
    </TRACK>
    <TRACK TrackID="8507806" Name="A Man Could Get Lost [Marcello Remix]" Artist="Soft Cell" Composer="" Album="Heat : The Remixes [Disc 1]" Grouping="" Genre="zzz" Kind="AIFF File" Size="49251426" TotalTime="279" DiscNumber="0" TrackNumber="13" Year="0" AverageBpm="136.00" DateAdded="2022-03-22" BitRate="1411" SampleRate="44100" Comments="12A - 6" PlayCount="0" Rating="0" Location="file://localhost/Users/zachvp/Music/DJ/13%20A%20Man%20Could%20Get%20Lost%20%5bMarcello%20Remix%5d.aiff" Remixer="" Tonality="12A" Label="" Mix="">
      <TEMPO Inizio="0.180" Bpm="136.00" Metro="4/4" Battito="1" />
      <TEMPO Inizio="186.357" Bpm="136.00" Metro="4/4" Battito="3" />
    </TRACK>
    <TRACK TrackID="114581311" Name="The Rainbow/Eden/Desire" Artist="Talk Talk" Composer="" Album="Spirit Of Eden" Grouping="" Genre="Lounge/Acoustic" Kind="AIFF File" Size="245483354" TotalTime="1391" DiscNumber="0" TrackNumber="1" Year="0" AverageBpm="170.26" DateAdded="2022-03-22" BitRate="1411" SampleRate="44100" Comments="" PlayCount="3" Rating="0" Location="file://localhost/Users/zachvp/Music/DJ/01%20The%20Rainbow-Eden-Desire.aiff" Remixer="" Tonality="A" Label="" Mix="">
      <TEMPO Inizio="0.350" Bpm="170.26" Metro="4/4" Battito="4" />
      <TEMPO Inizio="9.513" Bpm="170.26" Metro="4/4" Battito="2" />
      <TEMPO Inizio="47.573" Bpm="170.26" Metro="4/4" Battito="2" />
      <TEMPO Inizio="82.109" Bpm="170.26" Metro="4/4" Battito="4" />
      <TEMPO Inizio="118.407" Bpm="170.26" Metro="4/4" Battito="3" />
      <TEMPO Inizio="152.943" Bpm="170.26" Metro="4/4" Battito="1" />
      <TEMPO Inizio="187.479" Bpm="170.26" Metro="4/4" Battito="3" />
      <TEMPO Inizio="225.539" Bpm="170.26" Metro="4/4" Battito="3" />
      <TEMPO Inizio="258.313" Bpm="170.26" Metro="4/4" Battito="4" />
      <TEMPO Inizio="296.373" Bpm="170.26" Metro="4/4" Battito="4" />
      <TEMPO Inizio="330.909" Bpm="170.26" Metro="4/4" Battito="2" />
      <TEMPO Inizio="368.969" Bpm="170.26" Metro="4/4" Battito="2" />
      <TEMPO Inizio="401.743" Bpm="170.26" Metro="4/4" Battito="3" />
      <TEMPO Inizio="436.279" Bpm="170.26" Metro="4/4" Battito="1" />
      <TEMPO Inizio="474.339" Bpm="170.26" Metro="4/4" Battito="1" />
      <TEMPO Inizio="508.875" Bpm="170.26" Metro="4/4" Battito="3" />
      <TEMPO Inizio="545.173" Bpm="170.26" Metro="4/4" Battito="2" />
      <TEMPO Inizio="579.709" Bpm="170.26" Metro="4/4" Battito="4" />
      <TEMPO Inizio="617.769" Bpm="170.26" Metro="4/4" Battito="4" />
      <TEMPO Inizio="652.305" Bpm="170.26" Metro="4/4" Battito="2" />
      <TEMPO Inizio="685.079" Bpm="170.26" Metro="4/4" Battito="3" />
      <TEMPO Inizio="723.139" Bpm="170.26" Metro="4/4" Battito="3" />
      <TEMPO Inizio="757.675" Bpm="170.26" Metro="4/4" Battito="1" />
      <TEMPO Inizio="795.735" Bpm="170.26" Metro="4/4" Battito="1" />
      <TEMPO Inizio="828.509" Bpm="170.26" Metro="4/4" Battito="2" />
      <TEMPO Inizio="866.569" Bpm="170.26" Metro="4/4" Battito="2" />
      <TEMPO Inizio="901.105" Bpm="170.26" Metro="4/4" Battito="4" />
      <TEMPO Inizio="939.165" Bpm="170.26" Metro="4/4" Battito="4" />
      <TEMPO Inizio="971.939" Bpm="170.26" Metro="4/4" Battito="1" />
      <TEMPO Inizio="1006.475" Bpm="170.26" Metro="4/4" Battito="3" />
      <TEMPO Inizio="1044.535" Bpm="170.26" Metro="4/4" Battito="3" />
      <TEMPO Inizio="1079.071" Bpm="170.26" Metro="4/4" Battito="1" />
      <TEMPO Inizio="1115.369" Bpm="170.26" Metro="4/4" Battito="4" />
      <TEMPO Inizio="1149.905" Bpm="170.26" Metro="4/4" Battito="2" />
      <TEMPO Inizio="1187.965" Bpm="170.26" Metro="4/4" Battito="2" />
      <TEMPO Inizio="1222.501" Bpm="170.26" Metro="4/4" Battito="4" />
      <TEMPO Inizio="1255.275" Bpm="170.26" Metro="4/4" Battito="1" />
      <TEMPO Inizio="1293.335" Bpm="170.26" Metro="4/4" Battito="1" />
      <TEMPO Inizio="1327.871" Bpm="170.26" Metro="4/4" Battito="3" />
      <TEMPO Inizio="1365.931" Bpm="170.26" Metro="4/4" Battito="3" />
      <POSITION_MARK Name="" Type="0" Start="478.948" Num="-1" />
      <POSITION_MARK Name="" Type="0" Start="884.537" Num="-1" />
    </TRACK>
    <TRACK TrackID="46529919" Name="Fault Lines (Dauwd Remix)" Artist="Beacon" Composer="" Album="Poolside Sounds Vol.IV" Grouping="" Genre="House/Deep/Tech/Spacey" Kind="AIFF File" Size="74145540" TotalTime="419" DiscNumber="0" TrackNumber="2" Year="2015" AverageBpm="120.00" DateAdded="2022-03-22" BitRate="1411" SampleRate="44100" Comments="8A - 6" PlayCount="1" Rating="0" Location="file://localhost/Users/zachvp/Music/DJ/Beacon%20-%20Fault%20Lines%20(Dauwd%20Remix).aiff" Remixer="" Tonality="8A" Label="" Mix="">
      <TEMPO Inizio="0.103" Bpm="120.00" Metro="4/4" Battito="1" />
      <TEMPO Inizio="244.604" Bpm="120.00" Metro="4/4" Battito="2" />
    </TRACK>
    <TRACK TrackID="93909493" Name="Soul Inside [Readers Wives Remix]" Artist="Soft Cell" Composer="" Album="Heat : The Remixes [Disc 1]" Grouping="" Genre="zzz" Kind="AIFF File" Size="57775062" TotalTime="327" DiscNumber="0" TrackNumber="12" Year="0" AverageBpm="149.97" DateAdded="2022-03-22" BitRate="2116" SampleRate="44100" Comments="6A - 7" PlayCount="0" Rating="0" Location="file://localhost/Users/zachvp/Music/DJ/12%20Soul%20Inside%20%5bReaders%20Wives%20Remix%5d.aiff" Remixer="" Tonality="6A" Label="" Mix="">
      <TEMPO Inizio="0.251" Bpm="149.98" Metro="4/4" Battito="1" />
    </TRACK>
    <TRACK TrackID="98087850" Name="Insecure Me [Trevor Jackson / Playgroup Remix (Edit)]" Artist="Soft Cell" Composer="" Album="Heat : The Remixes [Disc 1]" Grouping="" Genre="zzz" Kind="AIFF File" Size="62533218" TotalTime="354" DiscNumber="0" TrackNumber="11" Year="0" AverageBpm="131.44" DateAdded="2022-03-22" BitRate="2116" SampleRate="44100" Comments="6A - 7" PlayCount="0" Rating="0" Location="file://localhost/Users/zachvp/Music/DJ/11%20Insecure%20Me%20%5bTrevor%20Jackson%20-%20Playgroup%20Remix%20(Edit)%5d.aiff" Remixer="" Tonality="6A" Label="" Mix="">
      <TEMPO Inizio="0.191" Bpm="131.44" Metro="4/4" Battito="1" />
      <TEMPO Inizio="0.648" Bpm="131.44" Metro="4/4" Battito="2" />
      <TEMPO Inizio="165.437" Bpm="131.44" Metro="4/4" Battito="3" />
    </TRACK>
    <TRACK TrackID="81448051" Name="Numbers [Spektrum Remix]" Artist="Soft Cell" Composer="" Album="Heat : The Remixes [Disc 1]" Grouping="" Genre="zzz" Kind="AIFF File" Size="49441900" TotalTime="280" DiscNumber="0" TrackNumber="10" Year="0" AverageBpm="116.00" DateAdded="2022-03-22" BitRate="1411" SampleRate="44100" Comments="4A - 5" PlayCount="0" Rating="0" Location="file://localhost/Users/zachvp/Music/DJ/10%20Numbers%20%5bSpektrum%20Remix%5d.aiff" Remixer="" Tonality="4A" Label="" Mix="">
      <TEMPO Inizio="0.240" Bpm="116.00" Metro="4/4" Battito="1" />
    </TRACK>
    <TRACK TrackID="268274622" Name="What? [Simon Plastiq Remix]" Artist="Soft Cell" Composer="" Album="Heat : The Remixes [Disc 1]" Grouping="" Genre="zzz" Kind="AIFF File" Size="36564706" TotalTime="207" DiscNumber="0" TrackNumber="9" Year="0" AverageBpm="150.29" DateAdded="2022-03-22" BitRate="1411" SampleRate="44100" Comments="7B - 6" PlayCount="0" Rating="0" Location="file://localhost/Users/zachvp/Music/DJ/09%20What-%20%5bSimon%20Plastiq%20Remix%5d.aiff" Remixer="" Tonality="7B" Label="" Mix="" />
    <TRACK TrackID="159774161" Name="Where The Heart Is [Marcas Lancaster Remix]" Artist="Soft Cell" Composer="" Album="Heat : The Remixes [Disc 1]" Grouping="" Genre="zzz" Kind="AIFF File" Size="60581026" TotalTime="343" DiscNumber="0" TrackNumber="6" Year="0" AverageBpm="96.00" DateAdded="2022-03-22" BitRate="2116" SampleRate="44100" Comments="9B - 6" PlayCount="0" Rating="0" Location="file://localhost/Users/zachvp/Music/DJ/06%20Where%20The%20Heart%20Is%20%5bMarcas%20Lancaster%20Remix%5d.aiff" Remixer="" Tonality="9B" Label="" Mix="">
      <TEMPO Inizio="0.235" Bpm="96.00" Metro="4/4" Battito="1" />
    </TRACK>
    <TRACK TrackID="61059232" Name="Torch [Manhattan Clique Remix (Edit)]" Artist="Soft Cell" Composer="" Album="Heat : The Remixes [Disc 1]" Grouping="" Genre="zzz" Kind="AIFF File" Size="57633952" TotalTime="326" DiscNumber="0" TrackNumber="5" Year="0" AverageBpm="126.00" DateAdded="2022-03-22" BitRate="2116" SampleRate="44100" Comments="2A - 7" PlayCount="0" Rating="0" Location="file://localhost/Users/zachvp/Music/DJ/05%20Torch%20%5bManhattan%20Clique%20Remix%20(Edit)%5d.aiff" Remixer="" Tonality="2A" Label="" Mix="">
      <TEMPO Inizio="0.473" Bpm="126.00" Metro="4/4" Battito="1" />
      <TEMPO Inizio="1.426" Bpm="126.00" Metro="4/4" Battito="3" />
      <TEMPO Inizio="167.617" Bpm="126.00" Metro="4/4" Battito="4" />
    </TRACK>
    <TRACK TrackID="257668373" Name="Bedsitter [Manhattan Clique Remix]" Artist="Soft Cell" Composer="" Album="Heat : The Remixes [Disc 1]" Grouping="" Genre="zzz" Kind="AIFF File" Size="84425576" TotalTime="478" DiscNumber="0" TrackNumber="2" Year="0" AverageBpm="144.82" DateAdded="2022-03-22" BitRate="2116" SampleRate="44100" Comments="8A - 7" PlayCount="0" Rating="0" Location="file://localhost/Users/zachvp/Music/DJ/02%20Bedsitter%20%5bManhattan%20Clique%20Remix%5d.aiff" Remixer="" Tonality="8A" Label="" Mix="">
      <TEMPO Inizio="0.288" Bpm="144.82" Metro="4/4" Battito="1" />
      <TEMPO Inizio="3.603" Bpm="144.82" Metro="4/4" Battito="1" />
      <TEMPO Inizio="411.282" Bpm="144.82" Metro="4/4" Battito="1" />
    </TRACK>
    <TRACK TrackID="76160975" Name="Memorabilia [Cicada Dub Version]" Artist="Soft Cell" Composer="" Album="Heat : The Remixes [Disc 1]" Grouping="" Genre="zzz" Kind="AIFF File" Size="69081122" TotalTime="391" DiscNumber="0" TrackNumber="1" Year="0" AverageBpm="128.00" DateAdded="2022-03-22" BitRate="2116" SampleRate="44100" Comments="3A - 7" PlayCount="0" Rating="0" Location="file://localhost/Users/zachvp/Music/DJ/01%20Memorabilia%20%5bCicada%20Dub%20Version%5d.aiff" Remixer="" Tonality="3A" Label="" Mix="">
      <TEMPO Inizio="0.096" Bpm="128.00" Metro="4/4" Battito="3" />
    </TRACK>
    <TRACK TrackID="242326532" Name="French Kiss (Short But Sweet Radio Vocal Mix)" Artist="Lil Louis" Composer="" Album="" Grouping="" Genre="zzz" Kind="AIFF File" Size="77034292" TotalTime="267" DiscNumber="0" TrackNumber="0" Year="0" AverageBpm="123.21" DateAdded="2022-03-22" BitRate="1411" SampleRate="44100" Comments="4A - 5" PlayCount="0" Rating="0" Location="file://localhost/Users/zachvp/Music/DJ/Lil%20Louis%20-%20French%20Kiss%20(Short%20But%20Sweet%20Radio%20Vocal%20Mix).aiff" Remixer="" Tonality="4A" Label="" Mix="">
      <TEMPO Inizio="0.149" Bpm="123.21" Metro="4/4" Battito="1" />
      <TEMPO Inizio="10.376" Bpm="123.21" Metro="4/4" Battito="2" />
      <TEMPO Inizio="64.432" Bpm="123.21" Metro="4/4" Battito="1" />
      <TEMPO Inizio="218.808" Bpm="123.21" Metro="4/4" Battito="2" />
    </TRACK>
    <TRACK TrackID="170812771" Name="French Kiss (Cherry Talk Conversational Mix)" Artist="Lil Louis" Composer="" Album="" Grouping="" Genre="zzz" Kind="AIFF File" Size="97185056" TotalTime="337" DiscNumber="0" TrackNumber="0" Year="0" AverageBpm="123.11" DateAdded="2022-03-22" BitRate="2304" SampleRate="48000" Comments="4A - 4" PlayCount="0" Rating="0" Location="file://localhost/Users/zachvp/Music/DJ/Lil%20Louis%20-%20French%20Kiss%20(Cherry%20Talk%20Conversational%20Mix).aiff" Remixer="" Tonality="4A" Label="" Mix="">
      <TEMPO Inizio="0.104" Bpm="123.11" Metro="4/4" Battito="3" />
      <TEMPO Inizio="52.253" Bpm="123.11" Metro="4/4" Battito="2" />
      <TEMPO Inizio="95.142" Bpm="123.11" Metro="4/4" Battito="2" />
      <TEMPO Inizio="138.031" Bpm="123.11" Metro="4/4" Battito="2" />
      <TEMPO Inizio="190.180" Bpm="123.11" Metro="4/4" Battito="1" />
      <TEMPO Inizio="233.069" Bpm="123.11" Metro="4/4" Battito="1" />
      <TEMPO Inizio="285.218" Bpm="123.11" Metro="4/4" Battito="4" />
      <TEMPO Inizio="328.107" Bpm="123.11" Metro="4/4" Battito="4" />
    </TRACK>
    <TRACK TrackID="210964631" Name="shodan taunt + all" Artist="system shock" Composer="" Album="" Grouping="" Genre="Samples" Kind="AIFF File" Size="42276716" TotalTime="159" DiscNumber="0" TrackNumber="0" Year="0" AverageBpm="155.03" DateAdded="2022-03-22" BitRate="2116" SampleRate="44100" Comments="5A - 4" PlayCount="3" Rating="0" Location="file://localhost/Users/zachvp/Music/DJ/system%20shock%20-%20shodan-taunt%20+%20all.aiff" Remixer="" Tonality="5A" Label="" Mix="">
      <TEMPO Inizio="0.331" Bpm="155.03" Metro="4/4" Battito="3" />
      <TEMPO Inizio="31.291" Bpm="155.03" Metro="4/4" Battito="3" />
      <TEMPO Inizio="31.679" Bpm="155.03" Metro="4/4" Battito="4" />
      <TEMPO Inizio="66.896" Bpm="155.03" Metro="4/4" Battito="3" />
      <TEMPO Inizio="67.671" Bpm="155.03" Metro="4/4" Battito="1" />
      <TEMPO Inizio="102.501" Bpm="155.03" Metro="4/4" Battito="3" />
      <TEMPO Inizio="103.276" Bpm="155.03" Metro="4/4" Battito="1" />
      <TEMPO Inizio="138.106" Bpm="155.03" Metro="4/4" Battito="3" />
      <TEMPO Inizio="139.268" Bpm="155.03" Metro="4/4" Battito="2" />
      <TEMPO Inizio="140.041" Bpm="155.03" Metro="4/4" Battito="4" />
      <TEMPO Inizio="140.429" Bpm="155.03" Metro="4/4" Battito="1" />
      <POSITION_MARK Name="" Type="0" Start="110.380" Num="-1" />
      <POSITION_MARK Name="" Type="0" Start="131.473" Num="-1" />
    </TRACK>
    <TRACK TrackID="232421524" Name="government+corp" Artist="system shock" Composer="" Album="" Grouping="" Genre="Samples" Kind="AIFF File" Size="1463150" TotalTime="5" DiscNumber="0" TrackNumber="0" Year="0" AverageBpm="124.00" DateAdded="2022-03-22" BitRate="2116" SampleRate="44100" Comments="1A - 4" PlayCount="1" Rating="0" Location="file://localhost/Users/zachvp/Music/DJ/system%20shock%20-%20gov%20+%20corp.aiff" Remixer="" Tonality="1A" Label="" Mix="">
      <TEMPO Inizio="0.084" Bpm="124.00" Metro="4/4" Battito="4" />
      <POSITION_MARK Name="" Type="0" Start="0.568" Num="0" Red="40" Green="226" Blue="20" />
      <POSITION_MARK Name="" Type="0" Start="1.537" Num="1" Red="40" Green="226" Blue="20" />
      <POSITION_MARK Name="" Type="0" Start="3.657" Num="2" Red="40" Green="226" Blue="20" />
    </TRACK>
    <TRACK TrackID="71768553" Name="Baseline parts 1 &amp; 2" Artist="Bladerunner 2049" Composer="" Album="" Grouping="" Genre="Samples" Kind="AIFF File" Size="39748148" TotalTime="150" DiscNumber="0" TrackNumber="0" Year="0" AverageBpm="158.66" DateAdded="2022-03-22" BitRate="2116" SampleRate="44100" Comments="5A - 4" PlayCount="0" Rating="0" Location="file://localhost/Users/zachvp/Music/DJ/baseline_combined.aiff" Remixer="" Tonality="5A" Label="" Mix="">
      <TEMPO Inizio="0.371" Bpm="158.67" Metro="4/4" Battito="2" />
      <TEMPO Inizio="30.623" Bpm="158.67" Metro="4/4" Battito="2" />
      <TEMPO Inizio="87.345" Bpm="158.67" Metro="4/4" Battito="4" />
      <TEMPO Inizio="141.420" Bpm="158.67" Metro="4/4" Battito="3" />
    </TRACK>
    <TRACK TrackID="142105172" Name="Shimmy Shimmy Ya" Artist="Taggy Matcher" Composer="" Album="" Grouping="" Genre="Lounge/Indie" Kind="AIFF File" Size="78193696" TotalTime="271" DiscNumber="0" TrackNumber="0" Year="0" AverageBpm="97.23" DateAdded="2022-03-22" BitRate="1411" SampleRate="44100" Comments="4A - 5" PlayCount="0" Rating="0" Location="file://localhost/Users/zachvp/Music/DJ/taggy%20matcher%20-%20Shimmy%20Shimmy%20Ya.aiff" Remixer="" Tonality="4A" Label="" Mix="">
      <TEMPO Inizio="0.282" Bpm="97.23" Metro="4/4" Battito="2" />
      <TEMPO Inizio="34.221" Bpm="97.23" Metro="4/4" Battito="1" />
      <TEMPO Inizio="60.755" Bpm="97.23" Metro="4/4" Battito="4" />
      <TEMPO Inizio="87.906" Bpm="97.23" Metro="4/4" Battito="4" />
      <TEMPO Inizio="114.440" Bpm="97.23" Metro="4/4" Battito="3" />
      <TEMPO Inizio="141.591" Bpm="97.23" Metro="4/4" Battito="3" />
      <TEMPO Inizio="168.742" Bpm="97.23" Metro="4/4" Battito="3" />
      <TEMPO Inizio="195.893" Bpm="97.23" Metro="4/4" Battito="3" />
      <TEMPO Inizio="223.044" Bpm="97.23" Metro="4/4" Battito="3" />
      <TEMPO Inizio="249.578" Bpm="97.23" Metro="4/4" Battito="2" />
    </TRACK>
    <TRACK TrackID="96057670" Name="Say Hello, Wave Goodbye [Marcas Lancaster Remix]" Artist="Soft Cell" Composer="" Album="Heat : The Remixes [Disc 1]" Grouping="" Genre="Lounge/Indie" Kind="AIFF File" Size="54098930" TotalTime="306" DiscNumber="0" TrackNumber="8" Year="0" AverageBpm="102.50" DateAdded="2022-03-22" BitRate="2116" SampleRate="44100" Comments="8B - 5" PlayCount="2" Rating="0" Location="file://localhost/Users/zachvp/Music/DJ/08%20Say%20Hello,%20Wave%20Goodbye%20%5bMarcas%20Lancaster%20Remix%5d.aiff" Remixer="" Tonality="8B" Label="" Mix="">
      <TEMPO Inizio="0.487" Bpm="102.50" Metro="4/4" Battito="1" />
      <TEMPO Inizio="2.829" Bpm="102.50" Metro="4/4" Battito="1" />
      <TEMPO Inizio="146.828" Bpm="102.50" Metro="4/4" Battito="3" />
    </TRACK>
    <TRACK TrackID="55959645" Name="Kiss of Life (Kaytra Edit)" Artist="Sade" Composer="" Album="" Grouping="" Genre="Lounge/Indie" Kind="AIFF File" Size="59193364" TotalTime="335" DiscNumber="0" TrackNumber="0" Year="0" AverageBpm="107.00" DateAdded="2022-03-22" BitRate="2116" SampleRate="44100" Comments="1A - 6" PlayCount="2" Rating="0" Location="file://localhost/Users/zachvp/Music/DJ/SADE%20-%20KISS%20OF%20LIFE%20-%20KAYTRA%20EDIT.aiff" Remixer="" Tonality="1A" Label="" Mix="">
      <TEMPO Inizio="0.014" Bpm="107.00" Metro="4/4" Battito="1" />
    </TRACK>
    <TRACK TrackID="128025120" Name="Slow Piece" Artist="Stina Nordenstam &amp; Vangelis" Composer="" Album="Ask The Mountains (Single)" Grouping="" Genre="Lounge/Ambient" Kind="AIFF File" Size="51184678" TotalTime="290" DiscNumber="0" TrackNumber="2" Year="0" AverageBpm="76.30" DateAdded="2022-03-22" BitRate="2116" SampleRate="44100" Comments="12B - 2" PlayCount="0" Rating="0" Location="file://localhost/Users/zachvp/Music/DJ/02%20Slow%20Piece.aiff" Remixer="" Tonality="12B" Label="" Mix="">
      <TEMPO Inizio="0.082" Bpm="76.30" Metro="4/4" Battito="1" />
      <TEMPO Inizio="0.869" Bpm="76.30" Metro="4/4" Battito="2" />
      <TEMPO Inizio="51.982" Bpm="76.30" Metro="4/4" Battito="3" />
      <TEMPO Inizio="118.036" Bpm="76.30" Metro="4/4" Battito="3" />
      <TEMPO Inizio="190.381" Bpm="76.30" Metro="4/4" Battito="3" />
      <TEMPO Inizio="256.435" Bpm="76.30" Metro="4/4" Battito="3" />
    </TRACK>
    <TRACK TrackID="51426105" Name="Ask The Mountains (Single Version)" Artist="Stina Nordenstam &amp; Vangelis" Composer="" Album="Ask The Mountains (Single)" Grouping="" Genre="Lounge/Ambient" Kind="AIFF File" Size="62222670" TotalTime="352" DiscNumber="0" TrackNumber="1" Year="0" AverageBpm="78.00" DateAdded="2022-03-22" BitRate="2116" SampleRate="44100" Comments="5A - 2" PlayCount="0" Rating="0" Location="file://localhost/Users/zachvp/Music/DJ/01%20Ask%20The%20Mountains%20(Single%20Version).aiff" Remixer="" Tonality="5A" Label="" Mix="">
      <TEMPO Inizio="0.131" Bpm="78.00" Metro="4/4" Battito="3" />
      <TEMPO Inizio="31.670" Bpm="78.00" Metro="4/4" Battito="4" />
      <TEMPO Inizio="103.209" Bpm="78.00" Metro="4/4" Battito="1" />
      <TEMPO Inizio="174.748" Bpm="78.00" Metro="4/4" Battito="2" />
      <TEMPO Inizio="256.287" Bpm="78.00" Metro="4/4" Battito="4" />
      <TEMPO Inizio="317.826" Bpm="78.00" Metro="4/4" Battito="4" />
    </TRACK>
    <TRACK TrackID="174105776" Name="Ask The Mountains (Extended Version)" Artist="Stina Nordenstam &amp; Vangelis" Composer="" Album="Ask The Mountains (Single)" Grouping="" Genre="Lounge/Ambient" Kind="AIFF File" Size="86340084" TotalTime="489" DiscNumber="0" TrackNumber="3" Year="0" AverageBpm="77.97" DateAdded="2022-03-22" BitRate="2116" SampleRate="44100" Comments="5A - 2" PlayCount="0" Rating="0" Location="file://localhost/Users/zachvp/Music/DJ/03%20Ask%20The%20Mountains%20(Extended%20Version).aiff" Remixer="" Tonality="5A" Label="" Mix="">
      <TEMPO Inizio="0.657" Bpm="77.97" Metro="4/4" Battito="4" />
    </TRACK>
    <TRACK TrackID="26148769" Name="I Put A Spell On You (Haunted House Mix)" Artist="Bryan Ferry" Composer="" Album="I Put A Spell On You [Single]" Grouping="" Genre="Lounge/Ambient" Kind="AIFF File" Size="79121802" TotalTime="448" DiscNumber="0" TrackNumber="3" Year="0" AverageBpm="110.38" DateAdded="2022-03-22" BitRate="2116" SampleRate="44100" Comments="6A - 3" PlayCount="0" Rating="0" Location="file://localhost/Users/zachvp/Music/DJ/03%20I%20Put%20A%20Spell%20On%20You%20(Haunted%20House%20Mix).aiff" Remixer="" Tonality="6A" Label="" Mix="">
      <TEMPO Inizio="0.334" Bpm="110.38" Metro="4/4" Battito="4" />
    </TRACK>
    <TRACK TrackID="157737641" Name="This is the Thing (Fink Cover)" Artist="Feed Me" Composer="" Album="" Grouping="" Genre="Lounge/Acoustic" Kind="AIFF File" Size="50400574" TotalTime="190" DiscNumber="0" TrackNumber="0" Year="0" AverageBpm="96.35" DateAdded="2022-03-22" BitRate="1411" SampleRate="44100" Comments="10B - 4" PlayCount="2" Rating="0" Location="file://localhost/Users/zachvp/Music/DJ/fink%20-%20this%20is%20the%20thing%20(feedme%20cover).aiff" Remixer="" Tonality="10B" Label="" Mix="">
      <TEMPO Inizio="0.372" Bpm="96.35" Metro="4/4" Battito="3" />
    </TRACK>
    <TRACK TrackID="221132738" Name="Jolene" Artist="Dolly Parton" Composer="" Album="" Grouping="" Genre="Lounge/Acoustic" Kind="AIFF File" Size="50634096" TotalTime="175" DiscNumber="0" TrackNumber="0" Year="0" AverageBpm="110.24" DateAdded="2022-03-22" BitRate="1411" SampleRate="44100" Comments="12A - 4" PlayCount="2" Rating="0" Location="file://localhost/Users/zachvp/Music/DJ/jolene.aiff" Remixer="" Tonality="12A" Label="" Mix="">
      <TEMPO Inizio="0.165" Bpm="110.24" Metro="4/4" Battito="1" />
      <TEMPO Inizio="0.710" Bpm="110.24" Metro="4/4" Battito="2" />
      <TEMPO Inizio="13.773" Bpm="110.24" Metro="4/4" Battito="2" />
      <TEMPO Inizio="26.836" Bpm="110.24" Metro="4/4" Battito="2" />
      <TEMPO Inizio="42.076" Bpm="110.24" Metro="4/4" Battito="2" />
      <TEMPO Inizio="57.316" Bpm="110.24" Metro="4/4" Battito="2" />
      <TEMPO Inizio="70.379" Bpm="110.24" Metro="4/4" Battito="2" />
      <TEMPO Inizio="85.619" Bpm="110.24" Metro="4/4" Battito="2" />
      <TEMPO Inizio="100.859" Bpm="110.24" Metro="4/4" Battito="2" />
      <TEMPO Inizio="113.922" Bpm="110.24" Metro="4/4" Battito="2" />
      <TEMPO Inizio="129.162" Bpm="110.24" Metro="4/4" Battito="2" />
      <TEMPO Inizio="142.225" Bpm="110.24" Metro="4/4" Battito="2" />
      <TEMPO Inizio="157.465" Bpm="110.24" Metro="4/4" Battito="2" />
      <TEMPO Inizio="172.705" Bpm="110.24" Metro="4/4" Battito="2" />
    </TRACK>
    <TRACK TrackID="73783256" Name="L.A. Nights" Artist="Yasuko Agawa" Composer="" Album="" Grouping="" Genre="Lounge/" Kind="AIFF File" Size="97778540" TotalTime="339" DiscNumber="0" TrackNumber="0" Year="0" AverageBpm="99.47" DateAdded="2022-03-22" BitRate="2304" SampleRate="48000" Comments="10B - 4" PlayCount="0" Rating="0" Location="file://localhost/Users/zachvp/Music/DJ/LA%20Nights.aiff" Remixer="" Tonality="10B" Label="" Mix="">
      <TEMPO Inizio="0.068" Bpm="99.47" Metro="4/4" Battito="3" />
      <TEMPO Inizio="1.275" Bpm="99.47" Metro="4/4" Battito="1" />
    </TRACK>
    <TRACK TrackID="54194740" Name="On &amp; On" Artist="Taggy Matcher" Composer="" Album="" Grouping="" Genre="Lounge/" Kind="AIFF File" Size="73768258" TotalTime="256" DiscNumber="0" TrackNumber="0" Year="0" AverageBpm="81.20" DateAdded="2022-03-22" BitRate="1411" SampleRate="44100" Comments="9A - 4" PlayCount="0" Rating="0" Location="file://localhost/Users/zachvp/Music/DJ/taggy%20matcher%20-%20on%20and%20on.aiff" Remixer="" Tonality="9A" Label="" Mix="">
      <TEMPO Inizio="0.647" Bpm="81.20" Metro="4/4" Battito="1" />
    </TRACK>
    <TRACK TrackID="218720105" Name="Seedy Films [Richard X Remix]" Artist="Soft Cell" Composer="" Album="Heat : The Remixes [Disc 1]" Grouping="" Genre="Lounge/" Kind="AIFF File" Size="56587276" TotalTime="320" DiscNumber="0" TrackNumber="7" Year="0" AverageBpm="98.92" DateAdded="2022-03-22" BitRate="2116" SampleRate="44100" Comments="7A - 6" PlayCount="1" Rating="0" Location="file://localhost/Users/zachvp/Music/DJ/07%20Seedy%20Films%20%5bRichard%20X%20Remix%5d.aiff" Remixer="" Tonality="7A" Label="" Mix="">
      <TEMPO Inizio="0.196" Bpm="98.92" Metro="4/4" Battito="1" />
    </TRACK>
    <TRACK TrackID="232379781" Name="Seedy Films (Richard X Dub)" Artist="Soft Cell" Composer="" Album="" Grouping="" Genre="Lounge/" Kind="AIFF File" Size="94614930" TotalTime="328" DiscNumber="0" TrackNumber="0" Year="0" AverageBpm="99.33" DateAdded="2022-03-22" BitRate="2304" SampleRate="48000" Comments="7A - 7" PlayCount="0" Rating="0" Location="file://localhost/Users/zachvp/Music/DJ/seedy%20films%20-%20richard%20x%20dub.aiff" Remixer="" Tonality="7A" Label="" Mix="">
      <TEMPO Inizio="0.046" Bpm="99.33" Metro="4/4" Battito="3" />
      <TEMPO Inizio="16.356" Bpm="99.33" Metro="4/4" Battito="2" />
      <TEMPO Inizio="32.666" Bpm="99.33" Metro="4/4" Battito="1" />
      <TEMPO Inizio="49.580" Bpm="99.33" Metro="4/4" Battito="1" />
      <TEMPO Inizio="66.494" Bpm="99.33" Metro="4/4" Battito="1" />
      <TEMPO Inizio="83.408" Bpm="99.33" Metro="4/4" Battito="1" />
      <TEMPO Inizio="100.322" Bpm="99.33" Metro="4/4" Battito="1" />
      <TEMPO Inizio="117.236" Bpm="99.33" Metro="4/4" Battito="1" />
      <TEMPO Inizio="134.150" Bpm="99.33" Metro="4/4" Battito="1" />
      <TEMPO Inizio="151.064" Bpm="99.33" Metro="4/4" Battito="1" />
      <TEMPO Inizio="167.374" Bpm="99.33" Metro="4/4" Battito="4" />
      <TEMPO Inizio="184.288" Bpm="99.33" Metro="4/4" Battito="4" />
      <TEMPO Inizio="201.202" Bpm="99.33" Metro="4/4" Battito="4" />
      <TEMPO Inizio="218.116" Bpm="99.33" Metro="4/4" Battito="4" />
      <TEMPO Inizio="235.030" Bpm="99.33" Metro="4/4" Battito="4" />
      <TEMPO Inizio="251.944" Bpm="99.33" Metro="4/4" Battito="4" />
      <TEMPO Inizio="268.858" Bpm="99.33" Metro="4/4" Battito="4" />
      <TEMPO Inizio="285.168" Bpm="99.33" Metro="4/4" Battito="3" />
      <TEMPO Inizio="302.082" Bpm="99.33" Metro="4/4" Battito="3" />
      <TEMPO Inizio="318.996" Bpm="99.33" Metro="4/4" Battito="3" />
    </TRACK>
    <TRACK TrackID="105284683" Name="Youth (Dave Ball Wasted on the Youth Dub)" Artist="Soft Cell" Composer="" Album="" Grouping="" Genre="Lounge/" Kind="AIFF File" Size="80777158" TotalTime="280" DiscNumber="0" TrackNumber="0" Year="0" AverageBpm="80.54" DateAdded="2022-03-22" BitRate="1411" SampleRate="44100" Comments="7A - 5" PlayCount="2" Rating="0" Location="file://localhost/Users/zachvp/Music/DJ/youth%20-%20dave%20ball%20dub.aiff" Remixer="" Tonality="7A" Label="" Mix="">
      <TEMPO Inizio="0.183" Bpm="80.54" Metro="4/4" Battito="3" />
    </TRACK>
    <TRACK TrackID="201813217" Name="Kimono" Artist="Croquet Club" Composer="" Album="" Grouping="" Genre="Lounge/" Kind="AIFF File" Size="73293546" TotalTime="254" DiscNumber="0" TrackNumber="0" Year="0" AverageBpm="108.00" DateAdded="2022-03-22" BitRate="1411" SampleRate="44100" Comments="7A - 4" PlayCount="2" Rating="0" Location="file://localhost/Users/zachvp/Music/DJ/kimono.aiff" Remixer="" Tonality="7A" Label="" Mix="">
      <TEMPO Inizio="0.289" Bpm="108.00" Metro="4/4" Battito="1" />
      <POSITION_MARK Name="" Type="0" Start="0.910" Num="-1" />
    </TRACK>
    <TRACK TrackID="37743976" Name="Yankees" Artist="Croquet Club" Composer="" Album="" Grouping="" Genre="Lounge/" Kind="AIFF File" Size="69548630" TotalTime="241" DiscNumber="0" TrackNumber="0" Year="0" AverageBpm="91.00" DateAdded="2022-03-22" BitRate="2304" SampleRate="48000" Comments="7A - 5" PlayCount="2" Rating="0" Location="file://localhost/Users/zachvp/Music/DJ/croquet%20club%20-%20yankees.aiff" Remixer="" Tonality="7A" Label="" Mix="">
      <TEMPO Inizio="0.349" Bpm="91.00" Metro="4/4" Battito="4" />
      <TEMPO Inizio="240.348" Bpm="91.00" Metro="4/4" Battito="4" />
    </TRACK>
    <TRACK TrackID="162145398" Name="Pole" Artist="Croquet Club" Composer="" Album="" Grouping="" Genre="Lounge/" Kind="AIFF File" Size="59811866" TotalTime="207" DiscNumber="0" TrackNumber="0" Year="0" AverageBpm="84.99" DateAdded="2022-03-22" BitRate="1411" SampleRate="44100" Comments="12A - 4" PlayCount="1" Rating="0" Location="file://localhost/Users/zachvp/Music/DJ/croquet%20club%20-%20pole.aiff" Remixer="" Tonality="12A" Label="" Mix="">
      <TEMPO Inizio="0.642" Bpm="84.99" Metro="4/4" Battito="4" />
    </TRACK>
    <TRACK TrackID="84733812" Name="Martini" Artist="Croquet Club" Composer="" Album="" Grouping="" Genre="Lounge/" Kind="AIFF File" Size="43013240" TotalTime="149" DiscNumber="0" TrackNumber="0" Year="0" AverageBpm="109.00" DateAdded="2022-03-22" BitRate="2304" SampleRate="48000" Comments="12B - 3" PlayCount="6" Rating="0" Location="file://localhost/Users/zachvp/Music/DJ/croquet%20club%20-%20martini.aiff" Remixer="" Tonality="12B" Label="" Mix="">
      <TEMPO Inizio="0.163" Bpm="109.00" Metro="4/4" Battito="1" />
    </TRACK>
    <TRACK TrackID="83904264" Name="I Put A Spell On You [Single mix]" Artist="Bryan Ferry" Composer="" Album="I Put A Spell On You [Single]" Grouping="" Genre="Lounge/" Kind="AIFF File" Size="42007196" TotalTime="238" DiscNumber="0" TrackNumber="1" Year="0" AverageBpm="109.71" DateAdded="2022-03-22" BitRate="1411" SampleRate="44100" Comments="6A - 6" PlayCount="1" Rating="0" Location="file://localhost/Users/zachvp/Music/DJ/01%20I%20Put%20A%20Spell%20On%20You%20%5bSingle%20mix%5d.aiff" Remixer="" Tonality="6A" Label="" Mix="">
      <TEMPO Inizio="0.365" Bpm="109.71" Metro="4/4" Battito="1" />
    </TRACK>
    <TRACK TrackID="35334574" Name="Do it to the Max" Artist="6th Borough Project" Composer="" Album="" Grouping="" Genre="Lounge/" Kind="AIFF File" Size="150812350" TotalTime="523" DiscNumber="0" TrackNumber="0" Year="0" AverageBpm="72.64" DateAdded="2022-03-22" BitRate="2304" SampleRate="48000" Comments="8A - 7" PlayCount="1" Rating="0" Location="file://localhost/Users/zachvp/Music/DJ/Do%20it%20to%20the%20max.aiff" Remixer="" Tonality="8A" Label="" Mix="">
      <TEMPO Inizio="0.321" Bpm="72.64" Metro="4/4" Battito="1" />
      <TEMPO Inizio="8.582" Bpm="72.64" Metro="4/4" Battito="3" />
      <TEMPO Inizio="28.407" Bpm="72.64" Metro="4/4" Battito="3" />
      <TEMPO Inizio="48.232" Bpm="72.64" Metro="4/4" Battito="3" />
      <TEMPO Inizio="68.883" Bpm="72.64" Metro="4/4" Battito="4" />
      <TEMPO Inizio="88.708" Bpm="72.64" Metro="4/4" Battito="4" />
      <TEMPO Inizio="109.359" Bpm="72.64" Metro="4/4" Battito="1" />
      <TEMPO Inizio="129.184" Bpm="72.64" Metro="4/4" Battito="1" />
      <TEMPO Inizio="149.835" Bpm="72.64" Metro="4/4" Battito="2" />
      <TEMPO Inizio="169.660" Bpm="72.64" Metro="4/4" Battito="2" />
      <TEMPO Inizio="189.485" Bpm="72.64" Metro="4/4" Battito="2" />
      <TEMPO Inizio="210.136" Bpm="72.64" Metro="4/4" Battito="3" />
      <TEMPO Inizio="229.961" Bpm="72.64" Metro="4/4" Battito="3" />
      <TEMPO Inizio="250.612" Bpm="72.64" Metro="4/4" Battito="4" />
      <TEMPO Inizio="270.437" Bpm="72.64" Metro="4/4" Battito="4" />
      <TEMPO Inizio="290.262" Bpm="72.64" Metro="4/4" Battito="4" />
      <TEMPO Inizio="310.913" Bpm="72.64" Metro="4/4" Battito="1" />
      <TEMPO Inizio="330.738" Bpm="72.64" Metro="4/4" Battito="1" />
      <TEMPO Inizio="351.389" Bpm="72.64" Metro="4/4" Battito="2" />
      <TEMPO Inizio="371.214" Bpm="72.64" Metro="4/4" Battito="2" />
      <TEMPO Inizio="391.039" Bpm="72.64" Metro="4/4" Battito="2" />
      <TEMPO Inizio="411.690" Bpm="72.64" Metro="4/4" Battito="3" />
      <TEMPO Inizio="431.515" Bpm="72.64" Metro="4/4" Battito="3" />
      <TEMPO Inizio="452.166" Bpm="72.64" Metro="4/4" Battito="4" />
      <TEMPO Inizio="471.991" Bpm="72.64" Metro="4/4" Battito="4" />
      <TEMPO Inizio="491.816" Bpm="72.64" Metro="4/4" Battito="4" />
      <TEMPO Inizio="512.467" Bpm="72.64" Metro="4/4" Battito="1" />
      <POSITION_MARK Name="" Type="0" Start="30.067" Num="-1" />
      <POSITION_MARK Name="" Type="0" Start="56.492" Num="-1" />
      <POSITION_MARK Name="" Type="0" Start="109.363" Num="-1" />
      <POSITION_MARK Name="" Type="0" Start="246.470" Num="-1" />
      <POSITION_MARK Name="" Type="0" Start="358.813" Num="-1" />
      <POSITION_MARK Name="" Type="0" Start="385.246" Num="-1" />
    </TRACK>
    <TRACK TrackID="206700540" Name="Just A Memory" Artist="6th Borough Project" Composer="" Album="" Grouping="" Genre="Lounge/" Kind="AIFF File" Size="118553544" TotalTime="411" DiscNumber="0" TrackNumber="0" Year="0" AverageBpm="104.21" DateAdded="2022-03-22" BitRate="2304" SampleRate="48000" Comments="12A - 6" PlayCount="2" Rating="0" Location="file://localhost/Users/zachvp/Music/DJ/Just%20a%20Memory.aiff" Remixer="" Tonality="12A" Label="" Mix="">
      <TEMPO Inizio="0.252" Bpm="104.21" Metro="4/4" Battito="1" />
      <POSITION_MARK Name="" Type="0" Start="14.075" Num="-1" />
      <POSITION_MARK Name="" Type="0" Start="32.500" Num="-1" />
      <POSITION_MARK Name="" Type="0" Start="50.924" Num="-1" />
      <POSITION_MARK Name="" Type="0" Start="87.771" Num="-1" />
      <POSITION_MARK Name="" Type="0" Start="69.349" Num="-1" />
      <POSITION_MARK Name="" Type="0" Start="161.469" Num="-1" />
      <POSITION_MARK Name="" Type="0" Start="253.599" Num="-1" />
      <POSITION_MARK Name="" Type="0" Start="290.447" Num="-1" />
      <POSITION_MARK Name="" Type="0" Start="327.291" Num="-1" />
    </TRACK>
    <TRACK TrackID="109125108" Name="Traktion" Artist="Maceo Plex" Composer="" Album="" Grouping="" Genre="House/Techno/Downtempo" Kind="AIFF File" Size="160677774" TotalTime="418" DiscNumber="0" TrackNumber="0" Year="0" AverageBpm="124.23" DateAdded="2022-03-22" BitRate="2304" SampleRate="48000" Comments="5A - 6" PlayCount="1" Rating="0" Location="file://localhost/Users/zachvp/Music/DJ/traktion.aiff" Remixer="" Tonality="5A" Label="" Mix="">
      <TEMPO Inizio="0.136" Bpm="124.23" Metro="4/4" Battito="4" />
    </TRACK>
    <TRACK TrackID="29616883" Name="Watch Them Come!!! (Pierre's Beatdown Mix)" Artist="Men From The Nile Featuring Peven Everett" Composer="" Album="" Grouping="" Genre="House/Tech/" Kind="AIFF File" Size="178858802" TotalTime="621" DiscNumber="0" TrackNumber="0" Year="0" AverageBpm="127.24" DateAdded="2022-03-22" BitRate="2304" SampleRate="48000" Comments="8A - 6" PlayCount="0" Rating="0" Location="file://localhost/Users/zachvp/Music/DJ/Watch%20Them%20Come!!!%20(Pierre%27s%20Beatdown%20Mix).aiff" Remixer="" Tonality="8A" Label="" Mix="">
      <TEMPO Inizio="0.260" Bpm="127.24" Metro="4/4" Battito="3" />
    </TRACK>
    <TRACK TrackID="229097399" Name="Watch Them Come!!! (Jazzanova REmixx)" Artist="Men From The Nile Featuring Peven Everett" Composer="" Album="" Grouping="" Genre="House/Deep/Tech/Jazzy" Kind="AIFF File" Size="115151320" TotalTime="399" DiscNumber="0" TrackNumber="0" Year="0" AverageBpm="126.25" DateAdded="2022-03-22" BitRate="2304" SampleRate="48000" Comments="9A - 5" PlayCount="0" Rating="0" Location="file://localhost/Users/zachvp/Music/DJ/Watch%20Them%20Come!!!%20(Jazzanova%20REmixx).aiff" Remixer="" Tonality="9A" Label="" Mix="">
      <TEMPO Inizio="0.275" Bpm="126.25" Metro="4/4" Battito="1" />
      <TEMPO Inizio="22.137" Bpm="126.25" Metro="4/4" Battito="3" />
      <TEMPO Inizio="43.999" Bpm="126.25" Metro="4/4" Battito="1" />
      <TEMPO Inizio="67.762" Bpm="126.25" Metro="4/4" Battito="3" />
      <TEMPO Inizio="89.624" Bpm="126.25" Metro="4/4" Battito="1" />
      <TEMPO Inizio="113.387" Bpm="126.25" Metro="4/4" Battito="3" />
      <TEMPO Inizio="135.249" Bpm="126.25" Metro="4/4" Battito="1" />
      <TEMPO Inizio="159.012" Bpm="126.25" Metro="4/4" Battito="3" />
      <TEMPO Inizio="180.874" Bpm="126.25" Metro="4/4" Battito="1" />
      <TEMPO Inizio="204.637" Bpm="126.25" Metro="4/4" Battito="3" />
      <TEMPO Inizio="226.499" Bpm="126.25" Metro="4/4" Battito="1" />
      <TEMPO Inizio="250.262" Bpm="126.25" Metro="4/4" Battito="3" />
      <TEMPO Inizio="272.124" Bpm="126.25" Metro="4/4" Battito="1" />
      <TEMPO Inizio="295.887" Bpm="126.25" Metro="4/4" Battito="3" />
      <TEMPO Inizio="317.749" Bpm="126.25" Metro="4/4" Battito="1" />
      <TEMPO Inizio="339.611" Bpm="126.25" Metro="4/4" Battito="3" />
      <TEMPO Inizio="363.374" Bpm="126.25" Metro="4/4" Battito="1" />
      <TEMPO Inizio="385.236" Bpm="126.25" Metro="4/4" Battito="3" />
    </TRACK>
    <TRACK TrackID="177203738" Name="Tainted Love [Dakeyne Remix]" Artist="Soft Cell" Composer="" Album="Heat : The Remixes [Disc 1]" Grouping="" Genre="House/Tech/Indie/Retro" Kind="AIFF File" Size="64156034" TotalTime="363" DiscNumber="0" TrackNumber="3" Year="0" AverageBpm="130.00" DateAdded="2022-03-22" BitRate="2116" SampleRate="44100" Comments="6A - 7" PlayCount="6" Rating="0" Location="file://localhost/Users/zachvp/Music/DJ/03%20Tainted%20Love%20%5bDakeyne%20Remix%5d.aiff" Remixer="" Tonality="6A" Label="" Mix="">
      <TEMPO Inizio="0.310" Bpm="130.00" Metro="4/4" Battito="1" />
      <POSITION_MARK Name="" Type="0" Start="15.076" Num="-1" />
      <POSITION_MARK Name="" Type="0" Start="269.837" Num="-1" />
      <POSITION_MARK Name="" Type="0" Start="29.851" Num="-1" />
      <POSITION_MARK Name="" Type="0" Start="0.322" Num="-1" />
    </TRACK>
    <TRACK TrackID="106292658" Name="Dance &amp; Chant" Artist="Sam Jam" Composer="" Album="" Grouping="" Genre="House/Tech/Indie/Disco" Kind="AIFF File" Size="127004190" TotalTime="440" DiscNumber="0" TrackNumber="0" Year="0" AverageBpm="119.94" DateAdded="2022-03-22" BitRate="2304" SampleRate="48000" Comments="8A - 6" PlayCount="2" Rating="0" Location="file://localhost/Users/zachvp/Music/DJ/dance%20%26%20chant.aiff" Remixer="" Tonality="8A" Label="" Mix="">
      <TEMPO Inizio="0.142" Bpm="119.94" Metro="4/4" Battito="1" />
      <TEMPO Inizio="64.675" Bpm="119.94" Metro="4/4" Battito="2" />
      <TEMPO Inizio="141.214" Bpm="119.94" Metro="4/4" Battito="3" />
      <TEMPO Inizio="219.754" Bpm="119.94" Metro="4/4" Battito="4" />
      <TEMPO Inizio="296.293" Bpm="119.94" Metro="4/4" Battito="1" />
      <TEMPO Inizio="372.832" Bpm="119.94" Metro="4/4" Battito="2" />
      <POSITION_MARK Name="" Type="0" Start="12.138" Num="-1" />
      <POSITION_MARK Name="" Type="0" Start="92.178" Num="-1" />
      <POSITION_MARK Name="" Type="0" Start="44.154" Num="-1" />
      <POSITION_MARK Name="" Type="0" Start="224.257" Num="-1" />
      <POSITION_MARK Name="" Type="0" Start="302.301" Num="-1" />
      <POSITION_MARK Name="" Type="0" Start="212.256" Num="-1" />
    </TRACK>
    <TRACK TrackID="217429423" Name="French Kiss (Talkin' All That Jazz Mix)" Artist="Lil Louis" Composer="" Album="" Grouping="" Genre="House/Tech/Indie/Retro" Kind="AIFF File" Size="73935646" TotalTime="256" DiscNumber="0" TrackNumber="0" Year="0" AverageBpm="123.06" DateAdded="2022-03-22" BitRate="1411" SampleRate="44100" Comments="4A - 6" PlayCount="0" Rating="0" Location="file://localhost/Users/zachvp/Music/DJ/Lil%20Louis%20-%20French%20Kiss%20(Talkin%27%20All%20That%20Jazz%20Mix).aiff" Remixer="" Tonality="4A" Label="" Mix="">
      <TEMPO Inizio="0.227" Bpm="123.06" Metro="4/4" Battito="3" />
    </TRACK>
    <TRACK TrackID="162251423" Name="Together" Artist="DJ Falcon &amp; Thomas Bangalter" Composer="" Album="" Grouping="" Genre="House/Tech/Indie/" Kind="AIFF File" Size="133211810" TotalTime="462" DiscNumber="0" TrackNumber="0" Year="0" AverageBpm="124.55" DateAdded="2022-03-22" BitRate="2304" SampleRate="48000" Comments="3A - 7" PlayCount="4" Rating="0" Location="file://localhost/Users/zachvp/Music/DJ/together.aiff" Remixer="" Tonality="3A" Label="" Mix="">
      <TEMPO Inizio="0.421" Bpm="124.55" Metro="4/4" Battito="3" />
      <POSITION_MARK Name="" Type="0" Start="17.615" Num="-1" />
      <POSITION_MARK Name="" Type="0" Start="72.697" Num="-1" />
      <POSITION_MARK Name="" Type="0" Start="39.911" Num="-1" />
      <POSITION_MARK Name="" Type="0" Start="26.435" Num="-1" />
      <POSITION_MARK Name="" Type="0" Start="40.909" Num="-1" />
      <POSITION_MARK Name="" Type="0" Start="149.750" Num="-1" />
    </TRACK>
    <TRACK TrackID="17892638" Name="Oblivion" Artist="Kerri Chandler" Composer="" Album="" Grouping="" Genre="House/Deep/Tech/" Kind="AIFF File" Size="165436388" TotalTime="574" DiscNumber="0" TrackNumber="0" Year="0" AverageBpm="126.26" DateAdded="2022-03-22" BitRate="2304" SampleRate="48000" Comments="3A - 6" PlayCount="8" Rating="0" Location="file://localhost/Users/zachvp/Music/DJ/Oblivion.aiff" Remixer="" Tonality="3A" Label="" Mix="">
      <TEMPO Inizio="0.001" Bpm="126.26" Metro="4/4" Battito="2" />
      <TEMPO Inizio="67.955" Bpm="126.26" Metro="4/4" Battito="1" />
      <TEMPO Inizio="126.880" Bpm="126.26" Metro="4/4" Battito="1" />
      <TEMPO Inizio="176.776" Bpm="126.26" Metro="4/4" Battito="2" />
      <TEMPO Inizio="226.672" Bpm="126.26" Metro="4/4" Battito="3" />
      <TEMPO Inizio="285.597" Bpm="126.26" Metro="4/4" Battito="3" />
      <TEMPO Inizio="335.493" Bpm="126.26" Metro="4/4" Battito="4" />
      <TEMPO Inizio="385.389" Bpm="126.26" Metro="4/4" Battito="1" />
      <TEMPO Inizio="444.314" Bpm="126.26" Metro="4/4" Battito="1" />
      <TEMPO Inizio="494.210" Bpm="126.26" Metro="4/4" Battito="2" />
      <TEMPO Inizio="544.106" Bpm="126.26" Metro="4/4" Battito="3" />
      <POSITION_MARK Name="" Type="0" Start="5.223" Num="-1" />
      <POSITION_MARK Name="" Type="0" Start="66.062" Num="-1" />
    </TRACK>
    <TRACK TrackID="69933963" Name="Planets (The Revenge Lost Groove)" Artist="6th Borough Project" Composer="" Album="" Grouping="" Genre="House/Deep/Tech/Jazzy" Kind="AIFF File" Size="116888490" TotalTime="405" DiscNumber="0" TrackNumber="0" Year="0" AverageBpm="127.27" DateAdded="2022-03-22" BitRate="2304" SampleRate="48000" Comments="3A - 7" PlayCount="2" Rating="0" Location="file://localhost/Users/zachvp/Music/DJ/planets%20-%20the%20lost%20groove.aiff" Remixer="" Tonality="3A" Label="" Mix="">
      <TEMPO Inizio="0.177" Bpm="127.27" Metro="4/4" Battito="2" />
      <TEMPO Inizio="0.649" Bpm="127.27" Metro="4/4" Battito="3" />
      <TEMPO Inizio="8.664" Bpm="127.27" Metro="4/4" Battito="4" />
      <TEMPO Inizio="24.222" Bpm="127.27" Metro="4/4" Battito="1" />
      <TEMPO Inizio="39.780" Bpm="127.27" Metro="4/4" Battito="2" />
      <TEMPO Inizio="55.338" Bpm="127.27" Metro="4/4" Battito="3" />
      <TEMPO Inizio="67.596" Bpm="127.27" Metro="4/4" Battito="1" />
      <TEMPO Inizio="83.154" Bpm="127.27" Metro="4/4" Battito="2" />
      <TEMPO Inizio="98.712" Bpm="127.27" Metro="4/4" Battito="3" />
      <TEMPO Inizio="114.270" Bpm="127.27" Metro="4/4" Battito="4" />
      <TEMPO Inizio="129.828" Bpm="127.27" Metro="4/4" Battito="1" />
      <TEMPO Inizio="145.386" Bpm="127.27" Metro="4/4" Battito="2" />
      <TEMPO Inizio="160.944" Bpm="127.27" Metro="4/4" Battito="3" />
      <TEMPO Inizio="173.202" Bpm="127.27" Metro="4/4" Battito="1" />
      <TEMPO Inizio="188.760" Bpm="127.27" Metro="4/4" Battito="2" />
      <TEMPO Inizio="204.318" Bpm="127.27" Metro="4/4" Battito="3" />
      <TEMPO Inizio="219.876" Bpm="127.27" Metro="4/4" Battito="4" />
      <TEMPO Inizio="235.434" Bpm="127.27" Metro="4/4" Battito="1" />
      <TEMPO Inizio="250.992" Bpm="127.27" Metro="4/4" Battito="2" />
      <TEMPO Inizio="263.250" Bpm="127.27" Metro="4/4" Battito="4" />
      <TEMPO Inizio="278.808" Bpm="127.27" Metro="4/4" Battito="1" />
      <TEMPO Inizio="294.366" Bpm="127.27" Metro="4/4" Battito="2" />
      <TEMPO Inizio="309.924" Bpm="127.27" Metro="4/4" Battito="3" />
      <TEMPO Inizio="325.482" Bpm="127.27" Metro="4/4" Battito="4" />
      <TEMPO Inizio="341.040" Bpm="127.27" Metro="4/4" Battito="1" />
      <TEMPO Inizio="353.298" Bpm="127.27" Metro="4/4" Battito="3" />
      <TEMPO Inizio="368.856" Bpm="127.27" Metro="4/4" Battito="4" />
      <TEMPO Inizio="384.414" Bpm="127.27" Metro="4/4" Battito="1" />
      <TEMPO Inizio="399.972" Bpm="127.27" Metro="4/4" Battito="2" />
      <POSITION_MARK Name="" Type="0" Start="61.938" Num="-1" />
      <POSITION_MARK Name="" Type="0" Start="9.136" Num="-1" />
      <POSITION_MARK Name="" Type="0" Start="152.451" Num="-1" />
      <POSITION_MARK Name="" Type="0" Start="280.681" Num="-1" />
    </TRACK>
    <TRACK TrackID="4811865" Name="Patria" Artist="David August feat. Sissi Rada" Composer="" Album="" Grouping="" Genre="Lounge/" Kind="AIFF File" Size="98866024" TotalTime="343" DiscNumber="0" TrackNumber="0" Year="0" AverageBpm="97.00" DateAdded="2022-03-22" BitRate="2304" SampleRate="48000" Comments="4A - 5" PlayCount="1" Rating="0" Location="file://localhost/Users/zachvp/Music/DJ/Patria%20feat%20Sissi%20Rada.aiff" Remixer="" Tonality="4A" Label="" Mix="">
      <TEMPO Inizio="0.435" Bpm="97.00" Metro="4/4" Battito="4" />
    </TRACK>
    <TRACK TrackID="250827812" Name="From Nowhere (Âme Remix)" Artist="Dan Kroll" Composer="" Album="" Grouping="" Genre="House/Deep/Tech/Spacey" Kind="AIFF File" Size="145088968" TotalTime="503" DiscNumber="0" TrackNumber="0" Year="0" AverageBpm="123.00" DateAdded="2022-03-22" BitRate="2304" SampleRate="48000" Comments="1A - 5" PlayCount="2" Rating="0" Location="file://localhost/Users/zachvp/Music/DJ/Dan%20Croll%20-%20From%20Nowhere%20(%c3%82me%20Remix).aiff" Remixer="" Tonality="1A" Label="" Mix="">
      <TEMPO Inizio="0.124" Bpm="123.00" Metro="4/4" Battito="3" />
    </TRACK>
    <TRACK TrackID="82245627" Name="I Put A Spell On You (Yage Mix Long Version)" Artist="Bryan Ferry" Composer="" Album="I Put A Spell On You [Single]" Grouping="" Genre="zzz" Kind="AIFF File" Size="106423842" TotalTime="603" DiscNumber="0" TrackNumber="4" Year="0" AverageBpm="119.97" DateAdded="2022-03-22" BitRate="2116" SampleRate="44100" Comments="8A - 6" PlayCount="0" Rating="0" Location="file://localhost/Users/zachvp/Music/DJ/04%20I%20Put%20A%20Spell%20On%20You%20(Yage%20Mix%20Long%20Version).aiff" Remixer="" Tonality="8A" Label="" Mix="">
      <TEMPO Inizio="0.184" Bpm="119.97" Metro="4/4" Battito="1" />
      <TEMPO Inizio="52.196" Bpm="119.97" Metro="4/4" Battito="1" />
      <TEMPO Inizio="108.209" Bpm="119.97" Metro="4/4" Battito="1" />
      <TEMPO Inizio="160.221" Bpm="119.97" Metro="4/4" Battito="1" />
      <TEMPO Inizio="216.234" Bpm="119.97" Metro="4/4" Battito="1" />
      <TEMPO Inizio="272.247" Bpm="119.97" Metro="4/4" Battito="1" />
      <TEMPO Inizio="328.260" Bpm="119.97" Metro="4/4" Battito="1" />
      <TEMPO Inizio="380.272" Bpm="119.97" Metro="4/4" Battito="1" />
      <TEMPO Inizio="436.285" Bpm="119.97" Metro="4/4" Battito="1" />
      <TEMPO Inizio="492.298" Bpm="119.97" Metro="4/4" Battito="1" />
      <TEMPO Inizio="544.310" Bpm="119.97" Metro="4/4" Battito="1" />
      <TEMPO Inizio="600.323" Bpm="119.97" Metro="4/4" Battito="1" />
    </TRACK>
    <TRACK TrackID="213010708" Name="I Put A Spell On You (Yage Mix)" Artist="Bryan Ferry" Composer="" Album="I Put A Spell On You [Single]" Grouping="" Genre="zzz" Kind="AIFF File" Size="56476712" TotalTime="320" DiscNumber="0" TrackNumber="2" Year="0" AverageBpm="120.03" DateAdded="2022-03-22" BitRate="2116" SampleRate="44100" Comments="8A - 4" PlayCount="0" Rating="0" Location="file://localhost/Users/zachvp/Music/DJ/02%20I%20Put%20A%20Spell%20On%20You%20(Yage%20Mix).aiff" Remixer="" Tonality="8A" Label="" Mix="">
      <TEMPO Inizio="0.156" Bpm="120.03" Metro="4/4" Battito="1" />
    </TRACK>
    <TRACK TrackID="248097284" Name="I Put A Spell On You (Council House Mix)" Artist="Bryan Ferry" Composer="" Album="I Put A Spell On You [Single]" Grouping="" Genre="House/Deep/Tech/Jazzy" Kind="AIFF File" Size="61891038" TotalTime="350" DiscNumber="0" TrackNumber="5" Year="0" AverageBpm="115.72" DateAdded="2022-03-22" BitRate="2116" SampleRate="44100" Comments="6A - 6" PlayCount="1" Rating="0" Location="file://localhost/Users/zachvp/Music/DJ/05%20I%20Put%20A%20Spell%20On%20You%20(Council%20House%20Mix).aiff" Remixer="" Tonality="6A" Label="" Mix="">
      <TEMPO Inizio="0.140" Bpm="115.72" Metro="4/4" Battito="1" />
      <TEMPO Inizio="0.659" Bpm="115.72" Metro="4/4" Battito="2" />
      <TEMPO Inizio="20.879" Bpm="115.72" Metro="4/4" Battito="1" />
      <TEMPO Inizio="49.395" Bpm="115.72" Metro="4/4" Battito="4" />
      <TEMPO Inizio="76.874" Bpm="115.72" Metro="4/4" Battito="1" />
      <TEMPO Inizio="104.353" Bpm="115.72" Metro="4/4" Battito="2" />
      <TEMPO Inizio="131.832" Bpm="115.72" Metro="4/4" Battito="3" />
      <TEMPO Inizio="159.311" Bpm="115.72" Metro="4/4" Battito="4" />
      <TEMPO Inizio="186.790" Bpm="115.72" Metro="4/4" Battito="1" />
      <TEMPO Inizio="214.269" Bpm="115.72" Metro="4/4" Battito="2" />
      <TEMPO Inizio="241.748" Bpm="115.72" Metro="4/4" Battito="3" />
      <TEMPO Inizio="269.227" Bpm="115.72" Metro="4/4" Battito="4" />
      <TEMPO Inizio="296.706" Bpm="115.72" Metro="4/4" Battito="1" />
      <TEMPO Inizio="324.185" Bpm="115.72" Metro="4/4" Battito="2" />
    </TRACK>
    <TRACK TrackID="162208534" Name="French Kiss (The Songbird Sings Long Vocal Mix)" Artist="Lil Louis" Composer="" Album="" Grouping="" Genre="House/Tech/Indie/" Kind="AIFF File" Size="172694416" TotalTime="599" DiscNumber="0" TrackNumber="0" Year="0" AverageBpm="123.11" DateAdded="2022-03-22" BitRate="2304" SampleRate="48000" Comments="4A - 5" PlayCount="0" Rating="0" Location="file://localhost/Users/zachvp/Music/DJ/Lil%20Louis%20-%20French%20Kiss%20(The%20Songbird%20Sings%20Long%20Vocal%20Mix).aiff" Remixer="" Tonality="4A" Label="" Mix="">
      <TEMPO Inizio="0.447" Bpm="123.11" Metro="4/4" Battito="1" />
      <TEMPO Inizio="19.455" Bpm="123.11" Metro="4/4" Battito="4" />
      <TEMPO Inizio="53.084" Bpm="123.11" Metro="4/4" Battito="1" />
      <TEMPO Inizio="86.713" Bpm="123.11" Metro="4/4" Battito="2" />
      <TEMPO Inizio="120.342" Bpm="123.11" Metro="4/4" Battito="3" />
      <TEMPO Inizio="152.509" Bpm="123.11" Metro="4/4" Battito="1" />
      <TEMPO Inizio="186.138" Bpm="123.11" Metro="4/4" Battito="2" />
      <TEMPO Inizio="219.767" Bpm="123.11" Metro="4/4" Battito="3" />
      <TEMPO Inizio="253.396" Bpm="123.11" Metro="4/4" Battito="4" />
      <TEMPO Inizio="285.563" Bpm="123.11" Metro="4/4" Battito="2" />
      <TEMPO Inizio="319.192" Bpm="123.11" Metro="4/4" Battito="3" />
      <TEMPO Inizio="352.821" Bpm="123.11" Metro="4/4" Battito="4" />
      <TEMPO Inizio="386.450" Bpm="123.11" Metro="4/4" Battito="1" />
      <TEMPO Inizio="418.617" Bpm="123.11" Metro="4/4" Battito="3" />
      <TEMPO Inizio="452.246" Bpm="123.11" Metro="4/4" Battito="4" />
      <TEMPO Inizio="485.875" Bpm="123.11" Metro="4/4" Battito="1" />
      <TEMPO Inizio="519.504" Bpm="123.11" Metro="4/4" Battito="2" />
      <TEMPO Inizio="551.671" Bpm="123.11" Metro="4/4" Battito="4" />
      <TEMPO Inizio="585.300" Bpm="123.11" Metro="4/4" Battito="1" />
    </TRACK>
    <TRACK TrackID="57222176" Name="French Kiss (The Original Underground Mix)" Artist="Lil Louis" Composer="" Album="French Kiss" Grouping="" Genre="House/Tech/Indie/Retro" Kind="AIFF File" Size="173336390" TotalTime="601" DiscNumber="0" TrackNumber="0" Year="0" AverageBpm="124.14" DateAdded="2022-03-22" BitRate="2304" SampleRate="48000" Comments="4A - 6" PlayCount="2" Rating="0" Location="file://localhost/Users/zachvp/Music/DJ/Lil%20Louis%20-%20French%20Kiss%20(The%20Original%20Underground%20Mix).aiff" Remixer="" Tonality="4A" Label="" Mix="">
      <TEMPO Inizio="0.134" Bpm="124.14" Metro="4/4" Battito="3" />
      <TEMPO Inizio="0.618" Bpm="124.14" Metro="4/4" Battito="4" />
      <TEMPO Inizio="51.366" Bpm="124.14" Metro="4/4" Battito="1" />
      <TEMPO Inizio="106.464" Bpm="124.14" Metro="4/4" Battito="3" />
      <TEMPO Inizio="161.562" Bpm="124.14" Metro="4/4" Battito="1" />
      <TEMPO Inizio="218.110" Bpm="124.14" Metro="4/4" Battito="2" />
      <TEMPO Inizio="273.208" Bpm="124.14" Metro="4/4" Battito="4" />
      <TEMPO Inizio="328.306" Bpm="124.14" Metro="4/4" Battito="2" />
      <TEMPO Inizio="383.404" Bpm="124.14" Metro="4/4" Battito="4" />
      <TEMPO Inizio="438.502" Bpm="124.14" Metro="4/4" Battito="2" />
      <TEMPO Inizio="495.050" Bpm="124.14" Metro="4/4" Battito="3" />
      <TEMPO Inizio="550.148" Bpm="124.14" Metro="4/4" Battito="1" />
      <POSITION_MARK Name="" Type="0" Start="16.559" Num="-1" />
      <POSITION_MARK Name="" Type="0" Start="101.637" Num="-1" />
      <POSITION_MARK Name="" Type="0" Start="244.707" Num="-1" />
      <POSITION_MARK Name="" Type="0" Start="329.772" Num="-1" />
    </TRACK>
    <TRACK TrackID="7773994" Name="Watch Them Come!!! (Original Mix)" Artist="Men From The Nile Featuring Peven Everett" Composer="" Album="" Grouping="" Genre="House/Deep/Tech/Jazzy" Kind="AIFF File" Size="127434492" TotalTime="442" DiscNumber="0" TrackNumber="0" Year="0" AverageBpm="126.23" DateAdded="2022-03-22" BitRate="2304" SampleRate="48000" Comments="9A - 6" PlayCount="0" Rating="0" Location="file://localhost/Users/zachvp/Music/DJ/Watch%20Them%20Come!!!%20(Original%20Mix).aiff" Remixer="" Tonality="9A" Label="" Mix="">
      <TEMPO Inizio="0.161" Bpm="126.23" Metro="4/4" Battito="4" />
      <TEMPO Inizio="29.630" Bpm="126.23" Metro="4/4" Battito="2" />
      <TEMPO Inizio="57.673" Bpm="126.23" Metro="4/4" Battito="1" />
      <TEMPO Inizio="85.716" Bpm="126.23" Metro="4/4" Battito="4" />
      <TEMPO Inizio="113.759" Bpm="126.23" Metro="4/4" Battito="3" />
      <TEMPO Inizio="141.802" Bpm="126.23" Metro="4/4" Battito="2" />
      <TEMPO Inizio="169.845" Bpm="126.23" Metro="4/4" Battito="1" />
      <TEMPO Inizio="197.888" Bpm="126.23" Metro="4/4" Battito="4" />
      <TEMPO Inizio="224.505" Bpm="126.23" Metro="4/4" Battito="4" />
      <TEMPO Inizio="252.548" Bpm="126.23" Metro="4/4" Battito="3" />
      <TEMPO Inizio="280.591" Bpm="126.23" Metro="4/4" Battito="2" />
      <TEMPO Inizio="308.634" Bpm="126.23" Metro="4/4" Battito="1" />
      <TEMPO Inizio="336.677" Bpm="126.23" Metro="4/4" Battito="4" />
      <TEMPO Inizio="364.720" Bpm="126.23" Metro="4/4" Battito="3" />
      <TEMPO Inizio="392.763" Bpm="126.23" Metro="4/4" Battito="2" />
      <TEMPO Inizio="420.806" Bpm="126.23" Metro="4/4" Battito="1" />
    </TRACK>
    <TRACK TrackID="188205130" Name="暴風一族 [Bao Feng Yi Zu] (Remix)" Artist="張國榮" Composer="" Album="Leslie Remix" Grouping="" Genre="House/Tech/Indie/Disco" Kind="MP3 File" Size="11585920" TotalTime="336" DiscNumber="1" TrackNumber="3" Year="2006" AverageBpm="126.07" DateAdded="2022-03-23" BitRate="32" SampleRate="44100" Comments="5A - 7" PlayCount="5" Rating="0" Location="file://localhost/Users/zachvp/Music/DJ/03%20-%20%e6%9a%b4%e9%a2%a8%e4%b8%80%e6%97%8f%20(Remix).mp3" Remixer="" Tonality="5A" Label="" Mix="">
      <TEMPO Inizio="0.343" Bpm="126.07" Metro="4/4" Battito="1" />
      <POSITION_MARK Name="" Type="0" Start="42.226" Num="-1" />
      <POSITION_MARK Name="" Type="0" Start="97.428" Num="-1" />
      <POSITION_MARK Name="" Type="0" Start="204.051" Num="-1" />
      <POSITION_MARK Name="" Type="0" Start="234.510" Num="-1" />
      <POSITION_MARK Name="" Type="0" Start="37.961" Num="-1" />
    </TRACK>
    <TRACK TrackID="60680781" Name="Flocking To The Nearest Machine" Artist="RJD2" Composer="" Album="The Fun Ones" Grouping="" Genre="Lounge/" Kind="AIFF File" Size="48398660" TotalTime="273" DiscNumber="0" TrackNumber="8" Year="2020" AverageBpm="94.20" DateAdded="2022-03-23" BitRate="1411" SampleRate="44100" Comments="6A - 5" PlayCount="0" Rating="0" Location="file://localhost/Users/zachvp/Music/DJ/RJD2%20-%20The%20Fun%20Ones%20-%2008%20Flocking%20To%20The%20Nearest%20Machine.aiff" Remixer="" Tonality="6A" Label="" Mix="">
      <TEMPO Inizio="0.140" Bpm="94.20" Metro="4/4" Battito="3" />
    </TRACK>
    <TRACK TrackID="153302618" Name="And It Sold For 45k" Artist="RJD2" Composer="" Album="The Fun Ones" Grouping="" Genre="Lounge/" Kind="AIFF File" Size="22094808" TotalTime="124" DiscNumber="0" TrackNumber="9" Year="2020" AverageBpm="89.01" DateAdded="2022-03-23" BitRate="1411" SampleRate="44100" Comments="4A - 5" PlayCount="0" Rating="0" Location="file://localhost/Users/zachvp/Music/DJ/RJD2%20-%20The%20Fun%20Ones%20-%2009%20And%20It%20Sold%20For%2045k.aiff" Remixer="" Tonality="4A" Label="" Mix="">
      <TEMPO Inizio="0.361" Bpm="89.01" Metro="4/4" Battito="2" />
      <TEMPO Inizio="1.036" Bpm="89.01" Metro="4/4" Battito="3" />
      <TEMPO Inizio="87.319" Bpm="89.01" Metro="4/4" Battito="3" />
    </TRACK>
    <TRACK TrackID="254312512" Name="The Freshman Lettered" Artist="RJD2" Composer="" Album="The Fun Ones" Grouping="" Genre="Lounge/" Kind="AIFF File" Size="44216786" TotalTime="250" DiscNumber="0" TrackNumber="10" Year="2020" AverageBpm="101.19" DateAdded="2022-03-23" BitRate="1411" SampleRate="44100" Comments="2A - 4" PlayCount="0" Rating="0" Location="file://localhost/Users/zachvp/Music/DJ/RJD2%20-%20The%20Fun%20Ones%20-%2010%20The%20Freshman%20Lettered.aiff" Remixer="" Tonality="2A" Label="" Mix="">
      <TEMPO Inizio="0.116" Bpm="101.19" Metro="4/4" Battito="1" />
    </TRACK>
    <TRACK TrackID="250746051" Name="A Genuine Gentleman" Artist="RJD2" Composer="" Album="The Fun Ones" Grouping="" Genre="Lounge/Indie" Kind="AIFF File" Size="41288070" TotalTime="233" DiscNumber="0" TrackNumber="11" Year="2020" AverageBpm="102.31" DateAdded="2022-03-23" BitRate="1411" SampleRate="44100" Comments="4A - 5" PlayCount="0" Rating="0" Location="file://localhost/Users/zachvp/Music/DJ/RJD2%20-%20The%20Fun%20Ones%20-%2011%20A%20Genuine%20Gentleman.aiff" Remixer="" Tonality="4A" Label="" Mix="">
      <TEMPO Inizio="0.039" Bpm="102.31" Metro="4/4" Battito="1" />
      <TEMPO Inizio="24.669" Bpm="102.31" Metro="4/4" Battito="3" />
      <TEMPO Inizio="61.028" Bpm="102.31" Metro="4/4" Battito="1" />
      <TEMPO Inizio="97.387" Bpm="102.31" Metro="4/4" Battito="3" />
      <TEMPO Inizio="139.024" Bpm="102.31" Metro="4/4" Battito="2" />
      <TEMPO Inizio="175.383" Bpm="102.31" Metro="4/4" Battito="4" />
      <TEMPO Inizio="211.742" Bpm="102.31" Metro="4/4" Battito="2" />
    </TRACK>
    <TRACK TrackID="144249208" Name="Itch Ditch Mission" Artist="RJD2" Composer="" Album="The Fun Ones" Grouping="" Genre="Lounge/Indie" Kind="AIFF File" Size="29200668" TotalTime="165" DiscNumber="0" TrackNumber="12" Year="2020" AverageBpm="86.00" DateAdded="2022-03-23" BitRate="1411" SampleRate="44100" Comments="8A - 6" PlayCount="0" Rating="0" Location="file://localhost/Users/zachvp/Music/DJ/RJD2%20-%20The%20Fun%20Ones%20-%2012%20Itch%20Ditch%20Mission.aiff" Remixer="" Tonality="8A" Label="" Mix="">
      <TEMPO Inizio="0.391" Bpm="86.00" Metro="4/4" Battito="1" />
    </TRACK>
    <TRACK TrackID="60786857" Name="My Very Own Burglar Neighbor" Artist="RJD2" Composer="" Album="The Fun Ones" Grouping="" Genre="zzz" Kind="AIFF File" Size="33159576" TotalTime="187" DiscNumber="0" TrackNumber="13" Year="2020" AverageBpm="92.00" DateAdded="2022-03-23" BitRate="1411" SampleRate="44100" Comments="10A - 5" PlayCount="0" Rating="0" Location="file://localhost/Users/zachvp/Music/DJ/RJD2%20-%20The%20Fun%20Ones%20-%2013%20My%20Very%20Own%20Burglar%20Neighbor.aiff" Remixer="" Tonality="10A" Label="" Mix="">
      <TEMPO Inizio="0.030" Bpm="92.00" Metro="4/4" Battito="1" />
    </TRACK>
    <TRACK TrackID="18717354" Name="A Salute To Blood Bowl Legends" Artist="RJD2" Composer="" Album="The Fun Ones" Grouping="" Genre="zzz" Kind="AIFF File" Size="45196176" TotalTime="255" DiscNumber="0" TrackNumber="14" Year="2020" AverageBpm="90.97" DateAdded="2022-03-23" BitRate="1411" SampleRate="44100" Comments="10A - 4" PlayCount="0" Rating="0" Location="file://localhost/Users/zachvp/Music/DJ/RJD2%20-%20The%20Fun%20Ones%20-%2014%20A%20Salute%20To%20Blood%20Bowl%20Legends.aiff" Remixer="" Tonality="10A" Label="" Mix="">
      <TEMPO Inizio="0.091" Bpm="90.97" Metro="4/4" Battito="1" />
    </TRACK>
    <TRACK TrackID="212666039" Name="No Helmet Up Indianola" Artist="RJD2" Composer="" Album="The Fun Ones" Grouping="" Genre="Lounge/" Kind="AIFF File" Size="35241082" TotalTime="199" DiscNumber="0" TrackNumber="1" Year="2020" AverageBpm="99.44" DateAdded="2022-03-23" BitRate="1411" SampleRate="44100" Comments="8A - 5" PlayCount="0" Rating="0" Location="file://localhost/Users/zachvp/Music/DJ/RJD2%20-%20The%20Fun%20Ones%20-%2001%20No%20Helmet%20Up%20Indianola.aiff" Remixer="" Tonality="8A" Label="" Mix="">
      <TEMPO Inizio="0.274" Bpm="99.44" Metro="4/4" Battito="3" />
      <TEMPO Inizio="0.878" Bpm="99.44" Metro="4/4" Battito="4" />
      <TEMPO Inizio="60.008" Bpm="99.44" Metro="4/4" Battito="2" />
      <TEMPO Inizio="122.155" Bpm="99.44" Metro="4/4" Battito="1" />
      <TEMPO Inizio="184.302" Bpm="99.44" Metro="4/4" Battito="4" />
    </TRACK>
    <TRACK TrackID="114909910" Name="Indoor S'mores" Artist="RJD2" Composer="" Album="The Fun Ones" Grouping="" Genre="Lounge/" Kind="AIFF File" Size="49779250" TotalTime="281" DiscNumber="0" TrackNumber="2" Year="2020" AverageBpm="94.91" DateAdded="2022-03-23" BitRate="1411" SampleRate="44100" Comments="2A - 4" PlayCount="0" Rating="0" Location="file://localhost/Users/zachvp/Music/DJ/RJD2%20-%20The%20Fun%20Ones%20-%2002%20Indoor%20S%27mores.aiff" Remixer="" Tonality="2A" Label="" Mix="">
      <TEMPO Inizio="0.401" Bpm="94.91" Metro="4/4" Battito="1" />
      <TEMPO Inizio="1.666" Bpm="94.91" Metro="4/4" Battito="3" />
      <TEMPO Inizio="41.492" Bpm="94.91" Metro="4/4" Battito="2" />
      <TEMPO Inizio="80.686" Bpm="94.91" Metro="4/4" Battito="4" />
      <TEMPO Inizio="120.512" Bpm="94.91" Metro="4/4" Battito="3" />
      <TEMPO Inizio="163.499" Bpm="94.91" Metro="4/4" Battito="3" />
      <TEMPO Inizio="202.693" Bpm="94.91" Metro="4/4" Battito="1" />
      <TEMPO Inizio="242.519" Bpm="94.91" Metro="4/4" Battito="4" />
      <TEMPO Inizio="281.713" Bpm="94.91" Metro="4/4" Battito="2" />
    </TRACK>
    <TRACK TrackID="7450878" Name="20 Grand Palace" Artist="RJD2" Composer="" Album="The Fun Ones" Grouping="" Genre="Lounge/" Kind="AIFF File" Size="40668072" TotalTime="230" DiscNumber="0" TrackNumber="3" Year="2020" AverageBpm="112.97" DateAdded="2022-03-23" BitRate="1411" SampleRate="44100" Comments="11A - 5" PlayCount="4" Rating="0" Location="file://localhost/Users/zachvp/Music/DJ/RJD2%20-%20The%20Fun%20Ones%20-%2003%2020%20Grand%20Palace.aiff" Remixer="" Tonality="11A" Label="" Mix="">
      <TEMPO Inizio="0.317" Bpm="112.97" Metro="4/4" Battito="1" />
      <TEMPO Inizio="1.911" Bpm="112.97" Metro="4/4" Battito="4" />
      <TEMPO Inizio="22.625" Bpm="112.97" Metro="4/4" Battito="3" />
      <TEMPO Inizio="43.339" Bpm="112.97" Metro="4/4" Battito="2" />
      <TEMPO Inizio="64.053" Bpm="112.97" Metro="4/4" Battito="1" />
      <TEMPO Inizio="84.767" Bpm="112.97" Metro="4/4" Battito="4" />
      <TEMPO Inizio="105.481" Bpm="112.97" Metro="4/4" Battito="3" />
      <TEMPO Inizio="126.195" Bpm="112.97" Metro="4/4" Battito="2" />
      <TEMPO Inizio="146.909" Bpm="112.97" Metro="4/4" Battito="1" />
      <TEMPO Inizio="167.623" Bpm="112.97" Metro="4/4" Battito="4" />
      <TEMPO Inizio="188.337" Bpm="112.97" Metro="4/4" Battito="3" />
      <TEMPO Inizio="208.520" Bpm="112.97" Metro="4/4" Battito="1" />
      <TEMPO Inizio="229.234" Bpm="112.97" Metro="4/4" Battito="4" />
      <POSITION_MARK Name="" Type="0" Start="42.788" Num="-1" />
      <POSITION_MARK Name="" Type="0" Start="0.283" Num="-1" />
    </TRACK>
    <TRACK TrackID="110543529" Name="High Street Will Never Die" Artist="RJD2" Composer="" Album="The Fun Ones" Grouping="" Genre="zzz" Kind="AIFF File" Size="52619314" TotalTime="297" DiscNumber="0" TrackNumber="5" Year="2020" AverageBpm="120.00" DateAdded="2022-03-23" BitRate="1411" SampleRate="44100" Comments="9A - 6" PlayCount="0" Rating="0" Location="file://localhost/Users/zachvp/Music/DJ/RJD2%20-%20The%20Fun%20Ones%20-%2005%20High%20Street%20Will%20Never%20Die.aiff" Remixer="" Tonality="9A" Label="" Mix="">
      <TEMPO Inizio="0.042" Bpm="120.00" Metro="4/4" Battito="1" />
      <TEMPO Inizio="73.041" Bpm="120.00" Metro="4/4" Battito="3" />
      <TEMPO Inizio="73.542" Bpm="120.00" Metro="4/4" Battito="4" />
      <TEMPO Inizio="74.041" Bpm="120.00" Metro="4/4" Battito="1" />
      <TEMPO Inizio="74.542" Bpm="120.00" Metro="4/4" Battito="2" />
      <TEMPO Inizio="75.041" Bpm="120.00" Metro="4/4" Battito="3" />
      <TEMPO Inizio="75.542" Bpm="120.00" Metro="4/4" Battito="4" />
      <TEMPO Inizio="76.041" Bpm="120.00" Metro="4/4" Battito="1" />
      <TEMPO Inizio="149.040" Bpm="120.00" Metro="4/4" Battito="3" />
      <TEMPO Inizio="149.541" Bpm="120.00" Metro="4/4" Battito="4" />
      <TEMPO Inizio="150.040" Bpm="120.00" Metro="4/4" Battito="1" />
      <TEMPO Inizio="150.541" Bpm="120.00" Metro="4/4" Battito="2" />
      <TEMPO Inizio="151.040" Bpm="120.00" Metro="4/4" Battito="3" />
      <TEMPO Inizio="151.541" Bpm="120.00" Metro="4/4" Battito="4" />
      <TEMPO Inizio="152.040" Bpm="120.00" Metro="4/4" Battito="1" />
      <TEMPO Inizio="229.539" Bpm="120.00" Metro="4/4" Battito="4" />
      <TEMPO Inizio="230.040" Bpm="120.00" Metro="4/4" Battito="1" />
      <TEMPO Inizio="230.539" Bpm="120.00" Metro="4/4" Battito="2" />
      <TEMPO Inizio="231.040" Bpm="120.00" Metro="4/4" Battito="3" />
      <TEMPO Inizio="231.539" Bpm="120.00" Metro="4/4" Battito="4" />
      <TEMPO Inizio="232.040" Bpm="120.00" Metro="4/4" Battito="1" />
      <TEMPO Inizio="232.539" Bpm="120.00" Metro="4/4" Battito="2" />
    </TRACK>
    <TRACK TrackID="211223661" Name="Pull Up on Love" Artist="RJD2" Composer="" Album="The Fun Ones" Grouping="" Genre="Lounge/Indie" Kind="AIFF File" Size="38258448" TotalTime="216" DiscNumber="0" TrackNumber="6" Year="2020" AverageBpm="100.89" DateAdded="2022-03-23" BitRate="1411" SampleRate="44100" Comments="1A - 4" PlayCount="0" Rating="0" Location="file://localhost/Users/zachvp/Music/DJ/RJD2%20-%20The%20Fun%20Ones%20-%2006%20Pull%20Up%20on%20Love.aiff" Remixer="" Tonality="1A" Label="" Mix="">
      <TEMPO Inizio="0.131" Bpm="100.89" Metro="4/4" Battito="3" />
    </TRACK>
    <TRACK TrackID="231275727" Name="All I'm After" Artist="RJD2" Composer="" Album="The Fun Ones" Grouping="" Genre="Lounge/" Kind="AIFF File" Size="53549504" TotalTime="303" DiscNumber="0" TrackNumber="7" Year="2020" AverageBpm="87.99" DateAdded="2022-03-23" BitRate="1411" SampleRate="44100" Comments="12A - 6" PlayCount="0" Rating="0" Location="file://localhost/Users/zachvp/Music/DJ/RJD2%20-%20The%20Fun%20Ones%20-%2007%20All%20I%27m%20After.aiff" Remixer="" Tonality="12A" Label="" Mix="">
      <TEMPO Inizio="0.537" Bpm="87.99" Metro="4/4" Battito="1" />
    </TRACK>
    <TRACK TrackID="215463044" Name="Enter the dragon opening monologue" Artist="Bruce Lee, Michael Allin" Composer="" Album="" Grouping="" Genre="Samples" Kind="AIFF File" Size="59022604" TotalTime="189" DiscNumber="0" TrackNumber="0" Year="0" AverageBpm="0.00" DateAdded="2022-03-23" BitRate="1411" SampleRate="44100" Comments="9A - 3" PlayCount="5" Rating="0" Location="file://localhost/Users/zachvp/Music/DJ/_enter_the_dragon_intro.aiff" Remixer="" Tonality="9A" Label="" Mix="">
      <TEMPO Inizio="0.229" Bpm="116.39" Metro="4/4" Battito="1" />
      <POSITION_MARK Name="" Type="0" Start="9.879" Num="-1" />
      <POSITION_MARK Name="" Type="0" Start="82.707" Num="-1" />
      <POSITION_MARK Name="" Type="0" Start="135.386" Num="-1" />
      <POSITION_MARK Name="" Type="0" Start="45.149" Num="-1" />
    </TRACK>
    <TRACK TrackID="14531309" Name="Safar Barlik" Artist="Hadi Zeidan" Composer="" Album="Early Releases [EP]" Grouping="" Genre="Lounge/Indie" Kind="AIFF File" Size="85208748" TotalTime="482" DiscNumber="0" TrackNumber="2" Year="2017" AverageBpm="97.00" DateAdded="2022-03-31" BitRate="1411" SampleRate="44100" Comments="1A - 5" PlayCount="2" Rating="0" Location="file://localhost/Users/zachvp/Music/DJ/Hadi%20Zeidan%20-%20Safar%20Barlik.aiff" Remixer="" Tonality="1A" Label="" Mix="">
      <TEMPO Inizio="0.000" Bpm="97.00" Metro="4/4" Battito="1" />
      <POSITION_MARK Name="" Type="0" Start="19.794" Num="-1" />
      <POSITION_MARK Name="" Type="0" Start="39.588" Num="-1" />
      <POSITION_MARK Name="" Type="0" Start="59.382" Num="-1" />
      <POSITION_MARK Name="" Type="0" Start="212.780" Num="-1" />
      <POSITION_MARK Name="" Type="0" Start="346.392" Num="-1" />
      <POSITION_MARK Name="" Type="0" Start="405.775" Num="-1" />
    </TRACK>
    <TRACK TrackID="177836481" Name="Orchid" Artist="O-Wells" Composer="" Album="SUZIVA1 (Rudolf C, Tristan Arp, queniv, O-Wells)" Grouping="" Genre="House/Tech/Breaks" Kind="AIFF File" Size="46917794" TotalTime="265" DiscNumber="0" TrackNumber="4" Year="2021" AverageBpm="134.00" DateAdded="2022-03-31" BitRate="1411" SampleRate="44100" Comments="7A - 5" PlayCount="3" Rating="0" Location="file://localhost/Users/zachvp/Music/DJ/SUZI%20-%20O-Wells%20-%20Orchid.aiff" Remixer="" Tonality="7A" Label="" Mix="">
      <TEMPO Inizio="0.447" Bpm="134.00" Metro="4/4" Battito="4" />
    </TRACK>
    <TRACK TrackID="221576626" Name="Body Jerkin (Stacy Kidd Lake Street. Mix)" Artist="Stacy Kidd, Peven Everett" Composer="" Album="The Remixes" Grouping="" Genre="House/Tech/Indie/Disco" Kind="AIFF File" Size="82202362" TotalTime="465" DiscNumber="0" TrackNumber="5" Year="2014" AverageBpm="126.21" DateAdded="2022-03-31" BitRate="1411" SampleRate="44100" Comments="8A - 6" PlayCount="3" Rating="0" Location="file://localhost/Users/zachvp/Music/DJ/Stacy%20Kidd,%20Peven%20Everett%20-%20Body%20Jerkin%20(Stacy%20Kidd%20Lake%20Street.%20Mix).aiff" Remixer="" Tonality="8A" Label="House 4 Life" Mix="">
      <TEMPO Inizio="0.233" Bpm="126.21" Metro="4/4" Battito="4" />
      <TEMPO Inizio="10.217" Bpm="126.21" Metro="4/4" Battito="1" />
      <TEMPO Inizio="35.889" Bpm="126.21" Metro="4/4" Battito="3" />
      <TEMPO Inizio="57.758" Bpm="126.21" Metro="4/4" Battito="1" />
      <TEMPO Inizio="83.430" Bpm="126.21" Metro="4/4" Battito="3" />
      <TEMPO Inizio="107.676" Bpm="126.21" Metro="4/4" Battito="2" />
      <TEMPO Inizio="133.348" Bpm="126.21" Metro="4/4" Battito="4" />
      <TEMPO Inizio="159.020" Bpm="126.21" Metro="4/4" Battito="2" />
      <TEMPO Inizio="178.512" Bpm="126.21" Metro="4/4" Battito="3" />
      <TEMPO Inizio="204.184" Bpm="126.21" Metro="4/4" Battito="1" />
      <TEMPO Inizio="229.856" Bpm="126.21" Metro="4/4" Battito="3" />
      <TEMPO Inizio="254.102" Bpm="126.21" Metro="4/4" Battito="2" />
      <TEMPO Inizio="279.774" Bpm="126.21" Metro="4/4" Battito="4" />
      <TEMPO Inizio="304.020" Bpm="126.21" Metro="4/4" Battito="3" />
      <TEMPO Inizio="329.692" Bpm="126.21" Metro="4/4" Battito="1" />
      <TEMPO Inizio="353.938" Bpm="126.21" Metro="4/4" Battito="4" />
      <TEMPO Inizio="379.610" Bpm="126.21" Metro="4/4" Battito="2" />
      <TEMPO Inizio="405.282" Bpm="126.21" Metro="4/4" Battito="4" />
      <TEMPO Inizio="422.397" Bpm="126.21" Metro="4/4" Battito="4" />
      <TEMPO Inizio="448.069" Bpm="126.21" Metro="4/4" Battito="2" />
      <POSITION_MARK Name="" Type="0" Start="63.462" Num="-1" />
      <POSITION_MARK Name="" Type="0" Start="246.013" Num="-1" />
      <POSITION_MARK Name="" Type="0" Start="261.226" Num="-1" />
      <POSITION_MARK Name="" Type="0" Start="367.714" Num="-1" />
      <POSITION_MARK Name="" Type="0" Start="337.290" Num="-1" />
      <POSITION_MARK Name="" Type="0" Start="443.784" Num="-1" />
      <POSITION_MARK Name="" Type="0" Start="2.623" Num="-1" />
    </TRACK>
    <TRACK TrackID="93684642" Name="Joy" Artist="Moodymanc" Composer="" Album="Joy" Grouping="" Genre="House/Tech/Organic" Kind="AIFF File" Size="98303408" TotalTime="556" DiscNumber="0" TrackNumber="1" Year="2013" AverageBpm="125.00" DateAdded="2022-03-31" BitRate="1411" SampleRate="44100" Comments="5A - 6" PlayCount="5" Rating="0" Location="file://localhost/Users/zachvp/Music/DJ/Moodymanc%20-%20Joy.aiff" Remixer="" Tonality="5A" Label="" Mix="">
      <TEMPO Inizio="0.002" Bpm="125.00" Metro="4/4" Battito="1" />
      <POSITION_MARK Name="" Type="0" Start="92.157" Num="-1" />
      <POSITION_MARK Name="" Type="0" Start="383.992" Num="-1" />
      <POSITION_MARK Name="" Type="0" Start="445.447" Num="-1" />
      <POSITION_MARK Name="" Type="0" Start="399.357" Num="-1" />
    </TRACK>
    <TRACK TrackID="162291383" Name="I Rise (Original Mix)" Artist="Joeski" Composer="" Album="I Rise" Grouping="" Genre="House/Tech/Organic" Kind="AIFF File" Size="80478300" TotalTime="455" DiscNumber="0" TrackNumber="1" Year="2019" AverageBpm="126.00" DateAdded="2022-03-31" BitRate="1411" SampleRate="44100" Comments="11A - 6" PlayCount="3" Rating="0" Location="file://localhost/Users/zachvp/Music/DJ/11791049_I_Rise_(Original_Mix).aiff" Remixer="" Tonality="11A" Label="Maya Records" Mix="">
      <TEMPO Inizio="0.005" Bpm="126.00" Metro="4/4" Battito="1" />
      <TEMPO Inizio="0.482" Bpm="126.00" Metro="4/4" Battito="2" />
      <POSITION_MARK Name="" Type="0" Start="15.246" Num="-1" />
      <POSITION_MARK Name="" Type="0" Start="60.941" Num="-1" />
      <POSITION_MARK Name="" Type="0" Start="243.810" Num="-1" />
      <POSITION_MARK Name="" Type="0" Start="312.369" Num="-1" />
    </TRACK>
    <TRACK TrackID="50529416" Name="Lessons Learned (Original Mix)" Artist="Joeski" Composer="" Album="In Dub We Trust" Grouping="" Genre="House/Tech/Organic" Kind="AIFF File" Size="94454058" TotalTime="529" DiscNumber="0" TrackNumber="1" Year="2021" AverageBpm="125.00" DateAdded="2022-03-31" BitRate="1411" SampleRate="44100" Comments="7A - 7" PlayCount="0" Rating="0" Location="file://localhost/Users/zachvp/Music/DJ/15325318_Lessons_Learned_(Original_Mix).aiff" Remixer="" Tonality="7A" Label="Crosstown Rebels" Mix="">
      <TEMPO Inizio="0.047" Bpm="125.00" Metro="4/4" Battito="1" />
      <TEMPO Inizio="285.648" Bpm="125.00" Metro="4/4" Battito="4" />
    </TRACK>
    <TRACK TrackID="54923186" Name="Three Colours (Original Mix)" Artist="Dusky" Composer="" Album="Lost Highway / Three Colours / Someone Like You" Grouping="" Genre="House/Deep/Tech/Jazzy" Kind="AIFF File" Size="75073372" TotalTime="425" DiscNumber="0" TrackNumber="2" Year="2012" AverageBpm="123.00" DateAdded="2022-03-31" BitRate="1411" SampleRate="44100" Comments="10A - 5" PlayCount="4" Rating="0" Location="file://localhost/Users/zachvp/Music/DJ/3246163_Three_Colours_(Original_Mix).aiff" Remixer="" Tonality="10A" Label="Anjunadeep" Mix="">
      <TEMPO Inizio="0.124" Bpm="123.00" Metro="4/4" Battito="1" />
      <POSITION_MARK Name="" Type="0" Start="15.732" Num="-1" />
      <POSITION_MARK Name="" Type="0" Start="31.350" Num="-1" />
      <POSITION_MARK Name="" Type="0" Start="62.561" Num="-1" />
      <POSITION_MARK Name="" Type="0" Start="249.879" Num="-1" />
      <POSITION_MARK Name="" Type="0" Start="281.101" Num="-1" />
      <POSITION_MARK Name="" Type="0" Start="343.539" Num="-1" />
    </TRACK>
    <TRACK TrackID="247802250" Name="Rat Trap (Original Mix)" Artist="Feed Me" Composer="" Album="Calamari Tuesday" Grouping="" Genre="Dubstep" Kind="AIFF File" Size="40272930" TotalTime="228" DiscNumber="0" TrackNumber="5" Year="2013" AverageBpm="145.00" DateAdded="2022-03-31" BitRate="1411" SampleRate="44100" Comments="4A - 8" PlayCount="2" Rating="0" Location="file://localhost/Users/zachvp/Music/DJ/4792143_Rat_Trap_(Original_Mix).aiff" Remixer="" Tonality="4A" Label="Sotto Voce" Mix="">
      <TEMPO Inizio="0.144" Bpm="145.00" Metro="4/4" Battito="2" />
    </TRACK>
    <TRACK TrackID="208815723" Name="Fight Club (Original Mix)" Artist="Bart Skils" Composer="" Album="Fight Club" Grouping="" Genre="House/Techno/Sinister" Kind="AIFF File" Size="72711862" TotalTime="412" DiscNumber="0" TrackNumber="1" Year="2013" AverageBpm="126.00" DateAdded="2022-03-31" BitRate="1411" SampleRate="44100" Comments="6A - 5" PlayCount="3" Rating="0" Location="file://localhost/Users/zachvp/Music/DJ/4487489_Fight_Club_(Original_Mix).aiff" Remixer="" Tonality="6A" Label="Drumcode" Mix="">
      <TEMPO Inizio="0.187" Bpm="126.00" Metro="4/4" Battito="1" />
    </TRACK>
    <TRACK TrackID="249241276" Name="Little Helper 78-1 (Original Mix)" Artist="Ulm West Deep" Composer="" Album="Little Helpers 78" Grouping="" Genre="House/Techno/Sinister" Kind="AIFF File" Size="84372804" TotalTime="478" DiscNumber="0" TrackNumber="1" Year="2013" AverageBpm="125.00" DateAdded="2022-03-31" BitRate="1411" SampleRate="44100" Comments="10A - 4" PlayCount="5" Rating="0" Location="file://localhost/Users/zachvp/Music/DJ/4395722_Little_Helper_78-1_(Original_Mix).aiff" Remixer="" Tonality="10A" Label="Little Helpers" Mix="">
      <TEMPO Inizio="0.117" Bpm="125.00" Metro="4/4" Battito="1" />
      <TEMPO Inizio="333.716" Bpm="125.00" Metro="4/4" Battito="4" />
    </TRACK>
    <TRACK TrackID="192095229" Name="Transitions (Bootleg Mix)" Artist="Mihai Popoviciu" Composer="" Album="Toolroom Knights Mixed By Chus &amp; Ceballos" Grouping="" Genre="House/Tech/Organic" Kind="AIFF File" Size="78182078" TotalTime="442" DiscNumber="0" TrackNumber="7" Year="2013" AverageBpm="126.00" DateAdded="2022-03-31" BitRate="1411" SampleRate="44100" Comments="11A - 5" PlayCount="6" Rating="0" Location="file://localhost/Users/zachvp/Music/DJ/4802551_Transitions_(Bootleg_Mix).aiff" Remixer="" Tonality="11A" Label="Toolroom" Mix="">
      <TEMPO Inizio="0.002" Bpm="126.00" Metro="4/4" Battito="1" />
      <POSITION_MARK Name="" Type="0" Start="60.961" Num="-1" />
      <POSITION_MARK Name="" Type="0" Start="30.485" Num="-1" />
      <POSITION_MARK Name="" Type="0" Start="137.127" Num="-1" />
      <POSITION_MARK Name="" Type="0" Start="129.537" Num="-1" />
      <POSITION_MARK Name="" Type="0" Start="304.757" Num="-1" />
      <POSITION_MARK Name="" Type="0" Start="380.957" Num="-1" />
      <POSITION_MARK Name="" Type="0" Start="350.463" Num="-1" />
    </TRACK>
    <TRACK TrackID="221058695" Name="Venganza del Dominicano feat. Coco (Original Mix)" Artist="Joeski" Composer="" Album="Venganza del Dominicano (feat. Coco)" Grouping="" Genre="House/Tech/Organic" Kind="AIFF File" Size="91174656" TotalTime="516" DiscNumber="0" TrackNumber="1" Year="2015" AverageBpm="125.00" DateAdded="2022-03-31" BitRate="1411" SampleRate="44100" Comments="8A - 7" PlayCount="14" Rating="0" Location="file://localhost/Users/zachvp/Music/DJ/7322896_Venganza_del_Dominicano_feat._Coco_(Original_Mix).aiff" Remixer="" Tonality="8A" Label="My Own Beat Records" Mix="">
      <TEMPO Inizio="0.002" Bpm="125.00" Metro="4/4" Battito="1" />
      <TEMPO Inizio="81.121" Bpm="125.00" Metro="4/4" Battito="2" />
      <POSITION_MARK Name="" Type="0" Start="30.720" Num="-1" />
      <POSITION_MARK Name="" Type="0" Start="92.166" Num="-1" />
      <POSITION_MARK Name="" Type="0" Start="291.822" Num="-1" />
      <POSITION_MARK Name="" Type="0" Start="238.077" Num="-1" />
      <POSITION_MARK Name="" Type="0" Start="399.353" Num="-1" />
      <POSITION_MARK Name="" Type="0" Start="460.824" Num="-1" />
    </TRACK>
    <TRACK TrackID="116597733" Name="The Messenger (Ian O'Donovan Remix)" Artist="Satoshi Fumi" Composer="" Album="The Best of Remixes, Pt. 2" Grouping="" Genre="House/Tech/Indie/Progressive" Kind="AIFF File" Size="93877172" TotalTime="526" DiscNumber="0" TrackNumber="8" Year="2020" AverageBpm="125.00" DateAdded="2022-03-31" BitRate="1411" SampleRate="44100" Comments="9A - 7" PlayCount="0" Rating="0" Location="file://localhost/Users/zachvp/Music/DJ/14581908_The_Messenger_(Ian_O_Donovan_Remix).aiff" Remixer="" Tonality="9A" Label="Unknown Season" Mix="">
      <TEMPO Inizio="0.032" Bpm="125.00" Metro="4/4" Battito="1" />
      <TEMPO Inizio="443.553" Bpm="125.00" Metro="4/4" Battito="1" />
    </TRACK>
    <TRACK TrackID="27296268" Name="Hell Or Heaven (Extended Mix)" Artist="L.U.P.O." Composer="" Album="CD Thirteen" Grouping="" Genre="House/Tech/Indie/" Kind="AIFF File" Size="67096048" TotalTime="380" DiscNumber="0" TrackNumber="4" Year="2012" AverageBpm="117.99" DateAdded="2022-03-31" BitRate="1411" SampleRate="44100" Comments="6A - 6" PlayCount="3" Rating="0" Location="file://localhost/Users/zachvp/Music/DJ/3461536_Hell_Or_Heaven_(Extended_Mix).aiff" Remixer="" Tonality="6A" Label="International DeeJay Gigolo Records" Mix="">
      <TEMPO Inizio="0.055" Bpm="117.99" Metro="4/4" Battito="1" />
      <POSITION_MARK Name="" Type="0" Start="16.329" Num="-1" />
      <POSITION_MARK Name="" Type="0" Start="24.460" Num="-1" />
      <POSITION_MARK Name="" Type="0" Start="48.869" Num="-1" />
      <POSITION_MARK Name="" Type="0" Start="303.122" Num="-1" />
      <POSITION_MARK Name="" Type="0" Start="0.000" Num="-1" />
    </TRACK>
    <TRACK TrackID="34167487" Name="Around the House (DJ T Edit)" Artist="Tensnake" Composer="" Album="Amnesia Ibiza Electronica (Mixed By Mar-t)" Grouping="" Genre="House/Tech/Groove" Kind="AIFF File" Size="71286572" TotalTime="403" DiscNumber="0" TrackNumber="22" Year="2012" AverageBpm="123.00" DateAdded="2022-03-31" BitRate="1411" SampleRate="44100" Comments="2A - 6" PlayCount="2" Rating="0" Location="file://localhost/Users/zachvp/Music/DJ/3635694_Around_the_House_(DJ_T_Edit).aiff" Remixer="" Tonality="2A" Label="DJ Center Records" Mix="">
      <TEMPO Inizio="0.002" Bpm="123.00" Metro="4/4" Battito="1" />
    </TRACK>
    <TRACK TrackID="12270312" Name="Bitchual Linestepper (Original Mix)" Artist="Patrick Specke" Composer="" Album="(G)oing ©oncern (P)rinciple" Grouping="" Genre="House/Deep/Tech/" Kind="AIFF File" Size="85465832" TotalTime="484" DiscNumber="0" TrackNumber="1" Year="2009" AverageBpm="124.00" DateAdded="2022-03-31" BitRate="1411" SampleRate="44100" Comments="4A - 5" PlayCount="8" Rating="0" Location="file://localhost/Users/zachvp/Music/DJ/892093_Bitchual_Linestepper_(Original_Mix).aiff" Remixer="" Tonality="4A" Label="Desolat" Mix="">
      <TEMPO Inizio="0.209" Bpm="124.00" Metro="4/4" Battito="1" />
      <POSITION_MARK Name="" Type="0" Start="85.365" Num="-1" />
      <POSITION_MARK Name="" Type="0" Start="278.918" Num="-1" />
      <POSITION_MARK Name="" Type="0" Start="317.611" Num="-1" />
      <POSITION_MARK Name="" Type="0" Start="340.829" Num="-1" />
    </TRACK>
    <TRACK TrackID="92504070" Name="Sunday Morning (Original Mix)" Artist="same.As" Composer="" Album="Summer V.A Vol.3" Grouping="" Genre="House/Tech/Indie/" Kind="AIFF File" Size="71497512" TotalTime="397" DiscNumber="0" TrackNumber="5" Year="2021" AverageBpm="127.00" DateAdded="2022-03-31" BitRate="1411" SampleRate="44100" Comments="8A - 5" PlayCount="5" Rating="0" Location="file://localhost/Users/zachvp/Music/DJ/15373720_Sunday_Morning_(Original_Mix).aiff" Remixer="" Tonality="8A" Label="Libero Records" Mix="">
      <TEMPO Inizio="0.060" Bpm="127.00" Metro="4/4" Battito="4" />
      <TEMPO Inizio="84.155" Bpm="127.00" Metro="4/4" Battito="2" />
      <POSITION_MARK Name="" Type="0" Start="30.766" Num="-1" />
      <POSITION_MARK Name="" Type="0" Start="61.003" Num="-1" />
      <POSITION_MARK Name="" Type="0" Start="151.703" Num="-1" />
      <POSITION_MARK Name="" Type="0" Start="363.367" Num="-1" />
      <POSITION_MARK Name="" Type="0" Start="370.929" Num="-1" />
    </TRACK>
    <TRACK TrackID="147314352" Name="Vision (Original Mix)" Artist="Rohan (IT)" Composer="" Album="Rise" Grouping="" Genre="House/Techno/" Kind="AIFF File" Size="75397018" TotalTime="417" DiscNumber="0" TrackNumber="1" Year="2021" AverageBpm="130.00" DateAdded="2022-03-31" BitRate="1411" SampleRate="44100" Comments="1A - 5" PlayCount="1" Rating="0" Location="file://localhost/Users/zachvp/Music/DJ/14944660_Vision_(Original_Mix).aiff" Remixer="" Tonality="1A" Label="Mechanikal Hard" Mix="">
      <TEMPO Inizio="0.001" Bpm="130.00" Metro="4/4" Battito="1" />
    </TRACK>
    <TRACK TrackID="221517305" Name="Claustrophobic, Pt. 2 (Original Mix)" Artist="Mark Reeve" Composer="" Album="Claustrophobic" Grouping="" Genre="House/Techno/Sinister" Kind="AIFF File" Size="82331684" TotalTime="464" DiscNumber="0" TrackNumber="2" Year="2018" AverageBpm="128.00" DateAdded="2022-03-31" BitRate="1411" SampleRate="44100" Comments="2A - 5" PlayCount="3" Rating="0" Location="file://localhost/Users/zachvp/Music/DJ/10006161_Claustrophobic,_Pt._2_(Original_Mix).aiff" Remixer="" Tonality="2A" Label="SubVision" Mix="">
      <TEMPO Inizio="0.003" Bpm="128.00" Metro="4/4" Battito="1" />
    </TRACK>
    <TRACK TrackID="23310049" Name="Holy Dance (Large Sound Mix)" Artist="Agua Re" Composer="" Album="Welcome To Paradise 89-93 (Vol. 1)" Grouping="" Genre="House/Tech/Indie/" Kind="AIFF File" Size="52320342" TotalTime="295" DiscNumber="0" TrackNumber="4" Year="2017" AverageBpm="121.98" DateAdded="2022-03-31" BitRate="1411" SampleRate="44100" Comments="8A - 6" PlayCount="3" Rating="0" Location="file://localhost/Users/zachvp/Music/DJ/Agua%20Re%20-%20Holy%20Dance%20(Large%20Sound%20Mix).aiff" Remixer="" Tonality="8A" Label="" Mix="">
      <TEMPO Inizio="0.270" Bpm="121.98" Metro="4/4" Battito="1" />
      <POSITION_MARK Name="" Type="0" Start="17.963" Num="-1" />
      <POSITION_MARK Name="" Type="0" Start="41.584" Num="-1" />
      <POSITION_MARK Name="" Type="0" Start="143.882" Num="-1" />
      <POSITION_MARK Name="" Type="0" Start="155.703" Num="-1" />
      <POSITION_MARK Name="" Type="0" Start="230.445" Num="-1" />
    </TRACK>
    <TRACK TrackID="157713502" Name="A Break In The Clouds (Main Mix)" Artist="Holden" Composer="" Album="A Break In The Clouds" Grouping="" Genre="House/Deep/Tech/Spacey" Kind="AIFF File" Size="105727884" TotalTime="599" DiscNumber="0" TrackNumber="1" Year="2003" AverageBpm="125.98" DateAdded="2022-03-31" BitRate="1411" SampleRate="44100" Comments="9A - 6" PlayCount="2" Rating="0" Location="file://localhost/Users/zachvp/Music/DJ/Holden%20-%20A%20Break%20In%20The%20Clouds%20(Main%20Mix).aiff" Remixer="" Tonality="9A" Label="" Mix="">
      <TEMPO Inizio="0.392" Bpm="125.98" Metro="4/4" Battito="3" />
      <TEMPO Inizio="134.698" Bpm="125.98" Metro="4/4" Battito="1" />
      <TEMPO Inizio="283.292" Bpm="125.98" Metro="4/4" Battito="1" />
      <TEMPO Inizio="431.886" Bpm="125.98" Metro="4/4" Battito="1" />
      <TEMPO Inizio="580.480" Bpm="125.98" Metro="4/4" Battito="1" />
    </TRACK>
    <TRACK TrackID="5706634" Name="Let Me Breathe (Original Mix)" Artist="Irregular Synth" Composer="" Album="Irregular Synth - Get Real EP" Grouping="" Genre="House/Techno/" Kind="AIFF File" Size="72872204" TotalTime="412" DiscNumber="0" TrackNumber="2" Year="2019" AverageBpm="128.00" DateAdded="2022-03-31" BitRate="1411" SampleRate="44100" Comments="8A - 6" PlayCount="2" Rating="0" Location="file://localhost/Users/zachvp/Music/DJ/Irregular%20Synth%20-%20Irregular%20Synth%20-%20Let%20Me%20Breathe%20(Original%20Mix).aiff" Remixer="" Tonality="8A" Label="" Mix="">
      <TEMPO Inizio="0.013" Bpm="128.00" Metro="4/4" Battito="1" />
    </TRACK>
    <TRACK TrackID="180697194" Name="Jus Dance (Christian Nielsen Remix)" Artist="Mr V." Composer="" Album="Jus Dance (Remixes)" Grouping="" Genre="House/Deep/Tech/" Kind="AIFF File" Size="68456996" TotalTime="387" DiscNumber="0" TrackNumber="3" Year="2014" AverageBpm="125.00" DateAdded="2022-03-31" BitRate="1411" SampleRate="44100" Comments="8A - 6" PlayCount="8" Rating="0" Location="file://localhost/Users/zachvp/Music/DJ/Mr%20V.%20-%20Jus%20Dance%20(Christian%20Nielsen%20Remix).aiff" Remixer="" Tonality="8A" Label="" Mix="">
      <TEMPO Inizio="0.001" Bpm="125.00" Metro="4/4" Battito="1" />
      <TEMPO Inizio="192.000" Bpm="125.00" Metro="4/4" Battito="1" />
    </TRACK>
    <TRACK TrackID="173645869" Name="Forget (Original Mix)" Artist="Patrick Topping" Composer="" Album="Boxed Off" Grouping="" Genre="House/Tech/Groove" Kind="AIFF File" Size="64866288" TotalTime="366" DiscNumber="0" TrackNumber="1" Year="2014" AverageBpm="123.00" DateAdded="2022-03-31" BitRate="1411" SampleRate="44100" Comments="6A - 6" PlayCount="2" Rating="0" Location="file://localhost/Users/zachvp/Music/DJ/Patrick%20Topping%20-%20Forget%20(Original%20Mix).aiff" Remixer="" Tonality="6A" Label="" Mix="">
      <TEMPO Inizio="0.006" Bpm="123.00" Metro="4/4" Battito="1" />
    </TRACK>
    <TRACK TrackID="105179326" Name="Slave (Eurodollar Dub)" Artist="Cyence" Composer="" Album="Collection Vol. 2" Grouping="" Genre="House/Tech/Indie/Retro" Kind="AIFF File" Size="60139388" TotalTime="340" DiscNumber="0" TrackNumber="15" Year="2020" AverageBpm="121.00" DateAdded="2022-03-31" BitRate="1411" SampleRate="44100" Comments="9A - 6" PlayCount="6" Rating="0" Location="file://localhost/Users/zachvp/Music/DJ/Cyence%20-%20Slave%20(Eurodollar%20Dub).aiff" Remixer="" Tonality="9A" Label="" Mix="">
      <TEMPO Inizio="0.245" Bpm="121.00" Metro="4/4" Battito="1" />
      <POSITION_MARK Name="" Type="0" Start="238.246" Num="-1" />
    </TRACK>
    <TRACK TrackID="210444245" Name="Bipedal Bears" Artist="ben &amp; dylan" Composer="" Album="Hanging Waters" Grouping="" Genre="House/Deep/Tech/Jazzy" Kind="AIFF File" Size="70619644" TotalTime="399" DiscNumber="0" TrackNumber="3" Year="2020" AverageBpm="121.00" DateAdded="2022-03-31" BitRate="1411" SampleRate="44100" Comments="9A - 5" PlayCount="8" Rating="0" Location="file://localhost/Users/zachvp/Music/DJ/ben%20%26%20dylan%20-%20Bipedal%20Bears.aiff" Remixer="" Tonality="9A" Label="" Mix="">
      <TEMPO Inizio="0.385" Bpm="121.00" Metro="4/4" Battito="1" />
      <POSITION_MARK Name="" Type="0" Start="32.123" Num="-1" />
      <POSITION_MARK Name="" Type="0" Start="16.253" Num="-1" />
      <POSITION_MARK Name="" Type="0" Start="99.563" Num="-1" />
      <POSITION_MARK Name="" Type="0" Start="127.329" Num="-1" />
      <POSITION_MARK Name="" Type="0" Start="206.673" Num="-1" />
      <POSITION_MARK Name="" Type="0" Start="274.105" Num="-1" />
      <POSITION_MARK Name="" Type="0" Start="333.610" Num="-1" />
    </TRACK>
    <TRACK TrackID="204009167" Name="Falling (Deetron Paradise Vocal Remix)" Artist="Ben Westbeech" Composer="" Album="4 To The Floor Volume 01" Grouping="" Genre="House/Deep/Tech/" Kind="AIFF File" Size="82526624" TotalTime="467" DiscNumber="0" TrackNumber="39" Year="2016" AverageBpm="124.00" DateAdded="2022-03-31" BitRate="1411" SampleRate="44100" Comments="8A - 6" PlayCount="1" Rating="0" Location="file://localhost/Users/zachvp/Music/DJ/Ben%20Westbeech%20-%20Falling%20(Deetron%20Paradise%20Vocal%20Remix).aiff" Remixer="" Tonality="8A" Label="" Mix="">
      <TEMPO Inizio="0.024" Bpm="124.00" Metro="4/4" Battito="1" />
    </TRACK>
    <TRACK TrackID="178474747" Name="Mothra" Artist="Leon Vynehall" Composer="" Album="Rare, Forever" Grouping="" Genre="House/Tech/Breaks" Kind="AIFF File" Size="89874478" TotalTime="339" DiscNumber="0" TrackNumber="3" Year="2021" AverageBpm="133.00" DateAdded="2022-03-31" BitRate="2116" SampleRate="44100" Comments="10A - 5" PlayCount="1" Rating="0" Location="file://localhost/Users/zachvp/Music/DJ/LEON%20VYNEHALL%20-%20Mothra.aiff" Remixer="" Tonality="10A" Label="" Mix="">
      <TEMPO Inizio="0.061" Bpm="133.00" Metro="4/4" Battito="3" />
      <TEMPO Inizio="209.837" Bpm="133.00" Metro="4/4" Battito="4" />
      <TEMPO Inizio="211.191" Bpm="133.00" Metro="4/4" Battito="3" />
      <POSITION_MARK Name="" Type="0" Start="87.144" Num="-1" />
      <POSITION_MARK Name="" Type="0" Start="0.511" Num="-1" />
      <POSITION_MARK Name="" Type="0" Start="217.504" Num="-1" />
      <POSITION_MARK Name="" Type="0" Start="231.940" Num="-1" />
    </TRACK>
    <TRACK TrackID="24807849" Name="Why Don’t Ya? (Ripperton Remix)" Artist="Baikal" Composer="" Album="Why Don't Ya? (Ripperton Remix &amp; Dixon Edit)" Grouping="" Genre="House/Deep/Tech/Spacey" Kind="AIFF File" Size="223450114" TotalTime="844" DiscNumber="0" TrackNumber="1" Year="2013" AverageBpm="118.00" DateAdded="2022-03-31" BitRate="2116" SampleRate="44100" Comments="6A - 6" PlayCount="4" Rating="0" Location="file://localhost/Users/zachvp/Music/DJ/Baikal%20-%20Why%20Don%e2%80%99t%20Ya-%20(Ripperton%20Remix).aiff" Remixer="" Tonality="6A" Label="" Mix="">
      <TEMPO Inizio="0.492" Bpm="118.00" Metro="4/4" Battito="4" />
      <TEMPO Inizio="280.152" Bpm="118.00" Metro="4/4" Battito="2" />
      <TEMPO Inizio="769.812" Bpm="118.00" Metro="4/4" Battito="1" />
    </TRACK>
    <TRACK TrackID="256845989" Name="Brand New" Artist="Spencer Parker" Composer="" Album="Brand New" Grouping="" Genre="House/Tech/Indie/" Kind="AIFF File" Size="74734490" TotalTime="282" DiscNumber="0" TrackNumber="1" Year="2021" AverageBpm="123.00" DateAdded="2022-03-31" BitRate="1411" SampleRate="44100" Comments="1A - 6" PlayCount="1" Rating="0" Location="file://localhost/Users/zachvp/Music/DJ/Spencer%20Parker%20-%20Brand%20New.aiff" Remixer="" Tonality="1A" Label="" Mix="">
      <TEMPO Inizio="0.146" Bpm="123.00" Metro="4/4" Battito="1" />
      <POSITION_MARK Name="" Type="0" Start="54.778" Num="-1" />
      <POSITION_MARK Name="" Type="0" Start="148.442" Num="-1" />
      <POSITION_MARK Name="" Type="0" Start="210.875" Num="-1" />
      <POSITION_MARK Name="" Type="0" Start="249.901" Num="-1" />
    </TRACK>
    <TRACK TrackID="246057306" Name="Love Tonight (Mike Simonetti Remix)" Artist="Shouse" Composer="" Album="Love Tonight (Remixes Volume.01)" Grouping="" Genre="House/Tech/Indie/Retro" Kind="AIFF File" Size="63774232" TotalTime="360" DiscNumber="0" TrackNumber="3" Year="2018" AverageBpm="124.00" DateAdded="2022-03-31" BitRate="1411" SampleRate="44100" Comments="5A - 6" PlayCount="0" Rating="0" Location="file://localhost/Users/zachvp/Music/DJ/SHOUSE%20-%20Love%20Tonight%20(Mike%20Simonetti%20Remix).aiff" Remixer="" Tonality="5A" Label="" Mix="">
      <TEMPO Inizio="0.031" Bpm="124.00" Metro="4/4" Battito="1" />
    </TRACK>
    <TRACK TrackID="227814544" Name="FAME (Megablast remix)" Artist="Shero feat. JNM The Naked MC" Composer="" Album="" Grouping="" Genre="House/Tech/Indie/" Kind="AIFF File" Size="101255872" TotalTime="573" DiscNumber="0" TrackNumber="0" Year="2021" AverageBpm="119.00" DateAdded="2022-03-31" BitRate="1411" SampleRate="44100" Comments="8A - 6" PlayCount="3" Rating="0" Location="file://localhost/Users/zachvp/Music/DJ/KlubKid%20Records%20-%20Shero%20feat.%20JNM%20The%20Naked%20MC%20-%20FAME%20-%20Megablast%20remix.aiff" Remixer="" Tonality="8A" Label="" Mix="">
      <TEMPO Inizio="0.051" Bpm="119.00" Metro="4/4" Battito="1" />
      <TEMPO Inizio="0.556" Bpm="119.00" Metro="4/4" Battito="2" />
      <TEMPO Inizio="194.170" Bpm="119.00" Metro="4/4" Battito="2" />
      <TEMPO Inizio="342.910" Bpm="119.00" Metro="4/4" Battito="1" />
      <TEMPO Inizio="526.440" Bpm="119.00" Metro="4/4" Battito="1" />
      <POSITION_MARK Name="" Type="0" Start="96.852" Num="-1" />
      <POSITION_MARK Name="" Type="0" Start="16.190" Num="-1" />
      <POSITION_MARK Name="" Type="0" Start="32.321" Num="-1" />
      <POSITION_MARK Name="" Type="0" Start="48.455" Num="-1" />
      <POSITION_MARK Name="" Type="0" Start="217.866" Num="-1" />
      <POSITION_MARK Name="" Type="0" Start="411.477" Num="-1" />
      <POSITION_MARK Name="" Type="0" Start="427.611" Num="-1" />
      <POSITION_MARK Name="" Type="0" Start="459.876" Num="-1" />
    </TRACK>
    <TRACK TrackID="114509970" Name="Heard'Chew Single" Artist="Omar S" Composer="" Album="OMAR S THE BEST" Grouping="" Genre="Lounge/Indie" Kind="AIFF File" Size="105395640" TotalTime="596" DiscNumber="0" TrackNumber="11" Year="2020" AverageBpm="123.02" DateAdded="2022-03-31" BitRate="1411" SampleRate="44100" Comments="11A - 6" PlayCount="3" Rating="0" Location="file://localhost/Users/zachvp/Music/DJ/Omar%20S%20-%20Heard%27Chew%20Single.aiff" Remixer="" Tonality="11A" Label="" Mix="">
      <TEMPO Inizio="0.296" Bpm="123.02" Metro="4/4" Battito="3" />
      <POSITION_MARK Name="" Type="0" Start="3.222" Num="-1" />
      <POSITION_MARK Name="" Type="0" Start="61.753" Num="-1" />
      <POSITION_MARK Name="" Type="0" Start="92.966" Num="-1" />
      <POSITION_MARK Name="" Type="0" Start="108.575" Num="-1" />
      <POSITION_MARK Name="" Type="0" Start="280.264" Num="-1" />
      <POSITION_MARK Name="" Type="0" Start="327.074" Num="-1" />
      <POSITION_MARK Name="" Type="0" Start="436.339" Num="-1" />
      <POSITION_MARK Name="" Type="0" Start="514.380" Num="-1" />
    </TRACK>
    <TRACK TrackID="113992007" Name="Let Me Sleep" Artist="Map.ache" Composer="" Album="Permanent Vacation 4" Grouping="" Genre="House/Deep/Tech/Spacey" Kind="AIFF File" Size="74444324" TotalTime="421" DiscNumber="0" TrackNumber="11" Year="2016" AverageBpm="119.00" DateAdded="2022-03-31" BitRate="1411" SampleRate="44100" Comments="7A - 5" PlayCount="12" Rating="0" Location="file://localhost/Users/zachvp/Music/DJ/Map.ache%20-%20Let%20Me%20Sleep.aiff" Remixer="" Tonality="7A" Label="" Mix="">
      <TEMPO Inizio="0.223" Bpm="119.00" Metro="4/4" Battito="1" />
      <TEMPO Inizio="0.728" Bpm="119.00" Metro="4/4" Battito="2" />
      <TEMPO Inizio="420.727" Bpm="119.00" Metro="4/4" Battito="3" />
      <POSITION_MARK Name="" Type="0" Start="1.219" Num="-1" />
      <POSITION_MARK Name="" Type="0" Start="60.728" Num="-1" />
    </TRACK>
    <TRACK TrackID="214868749" Name="Massimo (Original Mix)" Artist="Mella Dee" Composer="" Album="Massimo EP" Grouping="" Genre="House/Tech/Progressive" Kind="AIFF File" Size="69622216" TotalTime="394" DiscNumber="0" TrackNumber="1" Year="2017" AverageBpm="128.00" DateAdded="2022-03-31" BitRate="1411" SampleRate="44100" Comments="9A - 5" PlayCount="0" Rating="0" Location="file://localhost/Users/zachvp/Music/DJ/Mella%20Dee%20-%20Massimo%20(Original%20Mix).aiff" Remixer="" Tonality="9A" Label="" Mix="">
      <TEMPO Inizio="0.047" Bpm="128.00" Metro="4/4" Battito="4" />
    </TRACK>
    <TRACK TrackID="72203561" Name="Menergy (Purple Disco Machine Remix Instrumental)" Artist="Patrick Cowley" Composer="" Album="Menergy (Purple Disco Machine Remix)" Grouping="" Genre="House/Tech/Indie/Retro" Kind="AIFF File" Size="122321708" TotalTime="461" DiscNumber="0" TrackNumber="2" Year="2021" AverageBpm="125.26" DateAdded="2022-03-31" BitRate="2116" SampleRate="44100" Comments="5A - 7" PlayCount="4" Rating="0" Location="file://localhost/Users/zachvp/Music/DJ/Patrick%20Cowley%20-%20Menergy%20(Purple%20Disco%20Machine%20Remix%20Instrumental).aiff" Remixer="" Tonality="5A" Label="" Mix="">
      <TEMPO Inizio="0.118" Bpm="125.26" Metro="4/4" Battito="1" />
      <TEMPO Inizio="39.397" Bpm="125.26" Metro="4/4" Battito="3" />
      <POSITION_MARK Name="" Type="0" Start="67.191" Num="-1" />
      <POSITION_MARK Name="" Type="0" Start="36.538" Num="-1" />
      <POSITION_MARK Name="" Type="0" Start="6.337" Num="-1" />
      <POSITION_MARK Name="" Type="0" Start="197.465" Num="-1" />
      <POSITION_MARK Name="" Type="0" Start="212.798" Num="-1" />
      <POSITION_MARK Name="" Type="0" Start="274.107" Num="-1" />
      <POSITION_MARK Name="" Type="0" Start="304.769" Num="-1" />
      <POSITION_MARK Name="" Type="0" Start="396.723" Num="-1" />
    </TRACK>
    <TRACK TrackID="166644490" Name="Revenge Is Sweet feat Masta Killa and Killa Sin" Artist="Adrian Younge" Composer="" Album="Twelve Reasons To Die (Delux)" Grouping="" Genre="Lounge/Indie" Kind="AIFF File" Size="54557444" TotalTime="308" DiscNumber="0" TrackNumber="9" Year="2014" AverageBpm="162.72" DateAdded="2022-03-31" BitRate="1411" SampleRate="44100" Comments="6A - 5" PlayCount="1" Rating="0" Location="file://localhost/Users/zachvp/Music/DJ/Adrian%20Younge%20-%20Revenge%20Is%20Sweet%20feat%20Masta%20Killa%20and%20Killa%20Sin.aiff" Remixer="" Tonality="6A" Label="" Mix="">
      <TEMPO Inizio="0.277" Bpm="162.72" Metro="4/4" Battito="1" />
    </TRACK>
    <TRACK TrackID="25856981" Name="Opportunity Rover" Artist="Jam." Composer="" Album="Pegasi EP" Grouping="" Genre="House/Tech/Indie/Retro" Kind="AIFF File" Size="85375754" TotalTime="483" DiscNumber="0" TrackNumber="3" Year="2017" AverageBpm="127.00" DateAdded="2022-03-31" BitRate="1411" SampleRate="44100" Comments="4A - 6" PlayCount="1" Rating="0" Location="file://localhost/Users/zachvp/Music/DJ/Jam.%20-%20Opportunity%20Rover.aiff" Remixer="" Tonality="4A" Label="" Mix="">
      <TEMPO Inizio="0.023" Bpm="127.00" Metro="4/4" Battito="1" />
      <POSITION_MARK Name="" Type="0" Start="120.974" Num="-1" />
    </TRACK>
    <TRACK TrackID="173947302" Name="You Can't Hide (Your Love From Me) (The Last Days of Pompeii Edit)" Artist="David Joseph" Composer="" Album="Inferno Edits" Grouping="" Genre="Lounge/" Kind="AIFF File" Size="95639072" TotalTime="361" DiscNumber="0" TrackNumber="3" Year="2021" AverageBpm="116.00" DateAdded="2022-03-31" BitRate="2116" SampleRate="44100" Comments="11A - 5" PlayCount="3" Rating="0" Location="file://localhost/Users/zachvp/Music/DJ/The%20Last%20Days%20of%20Pompeii%20-%20David%20Joseph%20-%20You%20Can%27t%20Hide%20(Your%20Love%20From%20Me)%20(The%20Last%20Days%20of%20Pompeii%20Edit).aiff" Remixer="" Tonality="11A" Label="" Mix="">
      <TEMPO Inizio="0.007" Bpm="116.00" Metro="4/4" Battito="1" />
      <TEMPO Inizio="166.042" Bpm="116.00" Metro="4/4" Battito="2" />
      <TEMPO Inizio="347.077" Bpm="116.00" Metro="4/4" Battito="4" />
      <POSITION_MARK Name="" Type="0" Start="198.623" Num="-1" />
      <POSITION_MARK Name="" Type="0" Start="231.728" Num="-1" />
    </TRACK>
    <TRACK TrackID="90126775" Name="Turned On To You (7&quot; Version)" Artist="Eighties Ladies" Composer="" Album="Turned On To You" Grouping="" Genre="Lounge/" Kind="AIFF File" Size="48533354" TotalTime="274" DiscNumber="0" TrackNumber="1" Year="1980" AverageBpm="91.74" DateAdded="2022-03-31" BitRate="1411" SampleRate="44100" Comments="9A - 5" PlayCount="5" Rating="0" Location="file://localhost/Users/zachvp/Music/DJ/Eighties%20Ladies%20-%20Turned%20On%20To%20You%20(7-%20Version).aiff" Remixer="" Tonality="9A" Label="" Mix="">
      <TEMPO Inizio="0.644" Bpm="91.74" Metro="4/4" Battito="3" />
      <TEMPO Inizio="11.109" Bpm="91.74" Metro="4/4" Battito="3" />
      <TEMPO Inizio="52.313" Bpm="91.74" Metro="4/4" Battito="2" />
      <TEMPO Inizio="52.966" Bpm="91.74" Metro="4/4" Battito="3" />
      <TEMPO Inizio="53.621" Bpm="91.74" Metro="4/4" Battito="4" />
      <TEMPO Inizio="94.825" Bpm="91.74" Metro="4/4" Battito="3" />
      <TEMPO Inizio="136.029" Bpm="91.74" Metro="4/4" Battito="2" />
      <TEMPO Inizio="136.682" Bpm="91.74" Metro="4/4" Battito="3" />
      <TEMPO Inizio="137.337" Bpm="91.74" Metro="4/4" Battito="4" />
      <TEMPO Inizio="177.233" Bpm="91.74" Metro="4/4" Battito="1" />
      <TEMPO Inizio="177.886" Bpm="91.74" Metro="4/4" Battito="2" />
      <TEMPO Inizio="178.541" Bpm="91.74" Metro="4/4" Battito="3" />
      <TEMPO Inizio="219.745" Bpm="91.74" Metro="4/4" Battito="2" />
      <TEMPO Inizio="260.949" Bpm="91.74" Metro="4/4" Battito="1" />
      <TEMPO Inizio="261.602" Bpm="91.74" Metro="4/4" Battito="2" />
      <TEMPO Inizio="262.257" Bpm="91.74" Metro="4/4" Battito="3" />
      <POSITION_MARK Name="" Type="0" Start="180.230" Num="-1" />
    </TRACK>
    <TRACK TrackID="98249390" Name="Some Minds feat. Andrew Wyatt" Artist="Flume" Composer="" Album="Some Minds feat. Andrew Wyatt" Grouping="" Genre="Lounge/Indie" Kind="AIFF File" Size="46610916" TotalTime="263" DiscNumber="0" TrackNumber="1" Year="2015" AverageBpm="82.50" DateAdded="2022-03-31" BitRate="1411" SampleRate="44100" Comments="9A - 6" PlayCount="1" Rating="0" Location="file://localhost/Users/zachvp/Music/DJ/Flume%20-%20Some%20Minds%20feat.%20Andrew%20Wyatt.aiff" Remixer="" Tonality="9A" Label="" Mix="">
      <TEMPO Inizio="0.020" Bpm="82.50" Metro="4/4" Battito="1" />
      <TEMPO Inizio="3.657" Bpm="82.50" Metro="4/4" Battito="2" />
      <TEMPO Inizio="186.203" Bpm="82.50" Metro="4/4" Battito="1" />
      <POSITION_MARK Name="" Type="0" Start="142.585" Num="-1" />
      <POSITION_MARK Name="" Type="0" Start="189.101" Num="-1" />
      <POSITION_MARK Name="" Type="0" Start="235.651" Num="-1" />
      <POSITION_MARK Name="" Type="0" Start="96.020" Num="-1" />
    </TRACK>
    <TRACK TrackID="239619387" Name="Timeless (Tchami Remix)" Artist="Tchami, Caroline Koch" Composer="" Album="60 minutes of Bootcamp" Grouping="" Genre="House/Tech/" Kind="AIFF File" Size="51422792" TotalTime="290" DiscNumber="0" TrackNumber="3" Year="2016" AverageBpm="122.00" DateAdded="2022-04-18" BitRate="1411" SampleRate="44100" Comments="8A - 7" PlayCount="0" Rating="0" Location="file://localhost/Users/zachvp/Music/DJ/8391105_Timeless_(Tchami_Remix).aiff" Remixer="" Tonality="8A" Label="Be Yourself Music" Mix="">
      <TEMPO Inizio="0.007" Bpm="122.00" Metro="4/4" Battito="1" />
    </TRACK>
    <TRACK TrackID="156270429" Name="Filterzon (T-Power Remix)" Artist="B.L.I.M., T-Power" Composer="" Album="Botchit Breaks 3" Grouping="" Genre="House/Tech/Indie/Retro" Kind="AIFF File" Size="66458560" TotalTime="375" DiscNumber="0" TrackNumber="6" Year="2000" AverageBpm="130.00" DateAdded="2022-04-18" BitRate="1411" SampleRate="44100" Comments="5A - 6" PlayCount="2" Rating="0" Location="file://localhost/Users/zachvp/Music/DJ/B.L.I.M.%20-%20Filterzon%20(T-Power%20Remix).aiff" Remixer="" Tonality="5A" Label="Botchit" Mix="">
      <TEMPO Inizio="0.223" Bpm="130.00" Metro="4/4" Battito="1" />
      <POSITION_MARK Name="" Type="0" Start="0.213" Num="-1" />
      <POSITION_MARK Name="" Type="0" Start="44.532" Num="-1" />
      <POSITION_MARK Name="" Type="0" Start="288.198" Num="-1" />
    </TRACK>
    <TRACK TrackID="11073545" Name="Future (Original)" Artist="Halo Varga" Composer="" Album="Future Remixes" Grouping="" Genre="House/Tech/Organic" Kind="AIFF File" Size="104494516" TotalTime="591" DiscNumber="0" TrackNumber="6" Year="2011" AverageBpm="127.00" DateAdded="2022-04-18" BitRate="1411" SampleRate="44100" Comments="3A - 6" PlayCount="9" Rating="0" Location="file://localhost/Users/zachvp/Music/DJ/3045381_Future_(Original).aiff" Remixer="" Tonality="3A" Label="Siesta Records" Mix="">
      <TEMPO Inizio="0.121" Bpm="127.00" Metro="4/4" Battito="1" />
      <TEMPO Inizio="20.909" Bpm="127.00" Metro="4/4" Battito="1" />
      <TEMPO Inizio="45.004" Bpm="127.00" Metro="4/4" Battito="4" />
      <TEMPO Inizio="69.099" Bpm="127.00" Metro="4/4" Battito="3" />
      <TEMPO Inizio="93.194" Bpm="127.00" Metro="4/4" Battito="2" />
      <TEMPO Inizio="113.982" Bpm="127.00" Metro="4/4" Battito="2" />
      <TEMPO Inizio="138.077" Bpm="127.00" Metro="4/4" Battito="1" />
      <TEMPO Inizio="162.172" Bpm="127.00" Metro="4/4" Battito="4" />
      <TEMPO Inizio="182.960" Bpm="127.00" Metro="4/4" Battito="4" />
      <TEMPO Inizio="211.307" Bpm="127.00" Metro="4/4" Battito="4" />
      <TEMPO Inizio="235.402" Bpm="127.00" Metro="4/4" Battito="3" />
      <TEMPO Inizio="256.190" Bpm="127.00" Metro="4/4" Battito="3" />
      <TEMPO Inizio="284.537" Bpm="127.00" Metro="4/4" Battito="3" />
      <TEMPO Inizio="308.632" Bpm="127.00" Metro="4/4" Battito="2" />
      <TEMPO Inizio="332.727" Bpm="127.00" Metro="4/4" Battito="1" />
      <TEMPO Inizio="353.515" Bpm="127.00" Metro="4/4" Battito="1" />
      <TEMPO Inizio="377.610" Bpm="127.00" Metro="4/4" Battito="4" />
      <TEMPO Inizio="401.705" Bpm="127.00" Metro="4/4" Battito="3" />
      <TEMPO Inizio="425.800" Bpm="127.00" Metro="4/4" Battito="2" />
      <TEMPO Inizio="446.588" Bpm="127.00" Metro="4/4" Battito="2" />
      <TEMPO Inizio="470.683" Bpm="127.00" Metro="4/4" Battito="1" />
      <TEMPO Inizio="494.778" Bpm="127.00" Metro="4/4" Battito="4" />
      <TEMPO Inizio="518.873" Bpm="127.00" Metro="4/4" Battito="3" />
      <TEMPO Inizio="542.968" Bpm="127.00" Metro="4/4" Battito="2" />
      <TEMPO Inizio="563.756" Bpm="127.00" Metro="4/4" Battito="2" />
      <TEMPO Inizio="587.851" Bpm="127.00" Metro="4/4" Battito="1" />
      <POSITION_MARK Name="" Type="0" Start="151.317" Num="-1" />
      <POSITION_MARK Name="" Type="0" Start="302.477" Num="-1" />
      <POSITION_MARK Name="" Type="0" Start="272.243" Num="-1" />
      <POSITION_MARK Name="" Type="0" Start="514.154" Num="-1" />
      <POSITION_MARK Name="" Type="0" Start="30.339" Num="-1" />
    </TRACK>
    <TRACK TrackID="85309614" Name="Ever Again (Soulwax Remix)" Artist="Robyn" Composer="" Album="Ever Again" Grouping="" Genre="House/Tech/Indie/" Kind="AIFF File" Size="76608678" TotalTime="434" DiscNumber="0" TrackNumber="1" Year="2019" AverageBpm="120.00" DateAdded="2022-04-18" BitRate="1411" SampleRate="44100" Comments="9A - 7" PlayCount="4" Rating="0" Location="file://localhost/Users/zachvp/Music/DJ/12466695_Ever_Again_(Soulwax_Remix).aiff" Remixer="" Tonality="9A" Label="Konichiwa Records/Interscope Records" Mix="">
      <TEMPO Inizio="0.000" Bpm="120.00" Metro="4/4" Battito="1" />
      <TEMPO Inizio="28.501" Bpm="120.00" Metro="4/4" Battito="2" />
      <TEMPO Inizio="29.000" Bpm="120.00" Metro="4/4" Battito="3" />
      <TEMPO Inizio="29.501" Bpm="120.00" Metro="4/4" Battito="4" />
      <TEMPO Inizio="30.000" Bpm="120.00" Metro="4/4" Battito="1" />
      <TEMPO Inizio="30.501" Bpm="120.00" Metro="4/4" Battito="2" />
      <TEMPO Inizio="31.000" Bpm="120.00" Metro="4/4" Battito="3" />
      <TEMPO Inizio="31.501" Bpm="120.00" Metro="4/4" Battito="4" />
      <TEMPO Inizio="32.000" Bpm="120.00" Metro="4/4" Battito="1" />
      <TEMPO Inizio="32.501" Bpm="120.00" Metro="4/4" Battito="2" />
      <TEMPO Inizio="33.000" Bpm="120.00" Metro="4/4" Battito="3" />
      <TEMPO Inizio="33.501" Bpm="120.00" Metro="4/4" Battito="4" />
      <TEMPO Inizio="34.000" Bpm="120.00" Metro="4/4" Battito="1" />
      <TEMPO Inizio="34.501" Bpm="120.00" Metro="4/4" Battito="2" />
      <TEMPO Inizio="35.000" Bpm="120.00" Metro="4/4" Battito="3" />
      <TEMPO Inizio="35.501" Bpm="120.00" Metro="4/4" Battito="4" />
      <TEMPO Inizio="36.000" Bpm="120.00" Metro="4/4" Battito="1" />
      <TEMPO Inizio="36.501" Bpm="120.00" Metro="4/4" Battito="2" />
      <TEMPO Inizio="37.000" Bpm="120.00" Metro="4/4" Battito="3" />
      <TEMPO Inizio="37.501" Bpm="120.00" Metro="4/4" Battito="4" />
      <TEMPO Inizio="38.000" Bpm="120.00" Metro="4/4" Battito="1" />
      <TEMPO Inizio="38.501" Bpm="120.00" Metro="4/4" Battito="2" />
      <TEMPO Inizio="39.000" Bpm="120.00" Metro="4/4" Battito="3" />
      <TEMPO Inizio="39.501" Bpm="120.00" Metro="4/4" Battito="4" />
      <TEMPO Inizio="40.000" Bpm="120.00" Metro="4/4" Battito="1" />
      <TEMPO Inizio="40.501" Bpm="120.00" Metro="4/4" Battito="2" />
      <TEMPO Inizio="41.000" Bpm="120.00" Metro="4/4" Battito="3" />
      <TEMPO Inizio="41.501" Bpm="120.00" Metro="4/4" Battito="4" />
      <TEMPO Inizio="335.502" Bpm="120.00" Metro="4/4" Battito="4" />
      <TEMPO Inizio="336.001" Bpm="120.00" Metro="4/4" Battito="1" />
      <TEMPO Inizio="336.502" Bpm="120.00" Metro="4/4" Battito="2" />
      <TEMPO Inizio="337.001" Bpm="120.00" Metro="4/4" Battito="3" />
      <TEMPO Inizio="337.502" Bpm="120.00" Metro="4/4" Battito="4" />
      <TEMPO Inizio="338.001" Bpm="120.00" Metro="4/4" Battito="1" />
      <TEMPO Inizio="338.502" Bpm="120.00" Metro="4/4" Battito="2" />
      <TEMPO Inizio="339.001" Bpm="120.00" Metro="4/4" Battito="3" />
      <TEMPO Inizio="339.502" Bpm="120.00" Metro="4/4" Battito="4" />
      <TEMPO Inizio="340.001" Bpm="120.00" Metro="4/4" Battito="1" />
      <TEMPO Inizio="340.502" Bpm="120.00" Metro="4/4" Battito="2" />
      <TEMPO Inizio="341.001" Bpm="120.00" Metro="4/4" Battito="3" />
      <TEMPO Inizio="341.502" Bpm="120.00" Metro="4/4" Battito="4" />
      <TEMPO Inizio="342.001" Bpm="120.00" Metro="4/4" Battito="1" />
      <TEMPO Inizio="342.502" Bpm="120.00" Metro="4/4" Battito="2" />
      <TEMPO Inizio="343.001" Bpm="120.00" Metro="4/4" Battito="3" />
      <TEMPO Inizio="343.502" Bpm="120.00" Metro="4/4" Battito="4" />
      <TEMPO Inizio="344.001" Bpm="120.00" Metro="4/4" Battito="1" />
      <TEMPO Inizio="344.502" Bpm="120.00" Metro="4/4" Battito="2" />
      <TEMPO Inizio="345.001" Bpm="120.00" Metro="4/4" Battito="3" />
      <TEMPO Inizio="345.502" Bpm="120.00" Metro="4/4" Battito="4" />
      <TEMPO Inizio="346.001" Bpm="120.00" Metro="4/4" Battito="1" />
      <TEMPO Inizio="346.502" Bpm="120.00" Metro="4/4" Battito="2" />
      <TEMPO Inizio="347.001" Bpm="120.00" Metro="4/4" Battito="3" />
      <TEMPO Inizio="347.502" Bpm="120.00" Metro="4/4" Battito="4" />
      <TEMPO Inizio="348.001" Bpm="120.00" Metro="4/4" Battito="1" />
      <TEMPO Inizio="348.502" Bpm="120.00" Metro="4/4" Battito="2" />
      <POSITION_MARK Name="" Type="0" Start="40.000" Num="-1" />
      <POSITION_MARK Name="" Type="0" Start="80.007" Num="-1" />
      <POSITION_MARK Name="" Type="0" Start="208.014" Num="-1" />
      <POSITION_MARK Name="" Type="0" Start="272.001" Num="-1" />
    </TRACK>
    <TRACK TrackID="160288711" Name="Set It Out (Original Mix)" Artist="Purple Disco Machine, Boris Dlugosch" Composer="" Album="Set It Out" Grouping="" Genre="House/Tech/Indie/" Kind="AIFF File" Size="69546106" TotalTime="393" DiscNumber="0" TrackNumber="1" Year="2016" AverageBpm="123.00" DateAdded="2022-04-18" BitRate="1411" SampleRate="44100" Comments="9A - 5" PlayCount="4" Rating="0" Location="file://localhost/Users/zachvp/Music/DJ/7964066_Set_It_Out_(Original_Mix).aiff" Remixer="" Tonality="9A" Label="Defected" Mix="">
      <TEMPO Inizio="0.042" Bpm="123.00" Metro="4/4" Battito="1" />
    </TRACK>
    <TRACK TrackID="18576014" Name="Don't Laugh (Live Raw Mix)" Artist="Winx" Composer="" Album="Don't Laugh" Grouping="" Genre="House/Deep/Tech/" Kind="AIFF File" Size="90890492" TotalTime="514" DiscNumber="0" TrackNumber="1" Year="2006" AverageBpm="127.89" DateAdded="2022-04-18" BitRate="1411" SampleRate="44100" Comments="7A - 5" PlayCount="1" Rating="0" Location="file://localhost/Users/zachvp/Music/DJ/232142_Don_t_Laugh_(Live_Raw_Mix).aiff" Remixer="" Tonality="7A" Label="Nervous Records" Mix="">
      <TEMPO Inizio="0.431" Bpm="127.89" Metro="4/4" Battito="1" />
      <TEMPO Inizio="20.136" Bpm="127.89" Metro="4/4" Battito="3" />
      <TEMPO Inizio="33.742" Bpm="127.89" Metro="4/4" Battito="4" />
      <TEMPO Inizio="53.447" Bpm="127.89" Metro="4/4" Battito="2" />
      <TEMPO Inizio="69.868" Bpm="127.89" Metro="4/4" Battito="1" />
      <TEMPO Inizio="89.573" Bpm="127.89" Metro="4/4" Battito="3" />
      <TEMPO Inizio="103.179" Bpm="127.89" Metro="4/4" Battito="4" />
      <TEMPO Inizio="122.884" Bpm="127.89" Metro="4/4" Battito="2" />
      <TEMPO Inizio="139.305" Bpm="127.89" Metro="4/4" Battito="1" />
      <TEMPO Inizio="159.010" Bpm="127.89" Metro="4/4" Battito="3" />
      <TEMPO Inizio="172.616" Bpm="127.89" Metro="4/4" Battito="4" />
      <TEMPO Inizio="192.321" Bpm="127.89" Metro="4/4" Battito="2" />
      <TEMPO Inizio="208.742" Bpm="127.89" Metro="4/4" Battito="1" />
      <TEMPO Inizio="228.447" Bpm="127.89" Metro="4/4" Battito="3" />
      <TEMPO Inizio="244.868" Bpm="127.89" Metro="4/4" Battito="2" />
      <TEMPO Inizio="264.573" Bpm="127.89" Metro="4/4" Battito="4" />
      <TEMPO Inizio="278.179" Bpm="127.89" Metro="4/4" Battito="1" />
      <TEMPO Inizio="297.884" Bpm="127.89" Metro="4/4" Battito="3" />
      <TEMPO Inizio="314.305" Bpm="127.89" Metro="4/4" Battito="2" />
      <TEMPO Inizio="334.010" Bpm="127.89" Metro="4/4" Battito="4" />
      <TEMPO Inizio="347.616" Bpm="127.89" Metro="4/4" Battito="1" />
      <TEMPO Inizio="367.321" Bpm="127.89" Metro="4/4" Battito="3" />
      <TEMPO Inizio="383.742" Bpm="127.89" Metro="4/4" Battito="2" />
      <TEMPO Inizio="403.447" Bpm="127.89" Metro="4/4" Battito="4" />
      <TEMPO Inizio="419.868" Bpm="127.89" Metro="4/4" Battito="3" />
      <TEMPO Inizio="439.573" Bpm="127.89" Metro="4/4" Battito="1" />
      <TEMPO Inizio="453.179" Bpm="127.89" Metro="4/4" Battito="2" />
      <TEMPO Inizio="472.884" Bpm="127.89" Metro="4/4" Battito="4" />
      <TEMPO Inizio="489.305" Bpm="127.89" Metro="4/4" Battito="3" />
      <TEMPO Inizio="509.010" Bpm="127.89" Metro="4/4" Battito="1" />
    </TRACK>
    <TRACK TrackID="168920317" Name="Don't Laugh (Richie Hawtin Remix)" Artist="Winx" Composer="" Album="Don't Laugh - Richie Hawtin &amp; Winx Remixes" Grouping="" Genre="House/Techno/Sinister" Kind="AIFF File" Size="158341070" TotalTime="897" DiscNumber="0" TrackNumber="1" Year="2014" AverageBpm="125.14" DateAdded="2022-04-18" BitRate="1411" SampleRate="44100" Comments="7A - 6" PlayCount="1" Rating="0" Location="file://localhost/Users/zachvp/Music/DJ/5692016_Don_t_Laugh_(Richie_Hawtin_Remix).aiff" Remixer="" Tonality="7A" Label="Nervous Old Skool" Mix="">
      <TEMPO Inizio="0.289" Bpm="125.14" Metro="4/4" Battito="3" />
      <TEMPO Inizio="58.303" Bpm="125.14" Metro="4/4" Battito="4" />
      <TEMPO Inizio="122.550" Bpm="125.14" Metro="4/4" Battito="2" />
      <TEMPO Inizio="193.030" Bpm="125.14" Metro="4/4" Battito="1" />
      <TEMPO Inizio="263.510" Bpm="125.14" Metro="4/4" Battito="4" />
      <TEMPO Inizio="327.757" Bpm="125.14" Metro="4/4" Battito="2" />
      <TEMPO Inizio="392.004" Bpm="125.14" Metro="4/4" Battito="4" />
      <TEMPO Inizio="462.484" Bpm="125.14" Metro="4/4" Battito="3" />
      <TEMPO Inizio="532.964" Bpm="125.14" Metro="4/4" Battito="2" />
      <TEMPO Inizio="597.211" Bpm="125.14" Metro="4/4" Battito="4" />
      <TEMPO Inizio="667.691" Bpm="125.14" Metro="4/4" Battito="3" />
      <TEMPO Inizio="738.171" Bpm="125.14" Metro="4/4" Battito="2" />
      <TEMPO Inizio="802.418" Bpm="125.14" Metro="4/4" Battito="4" />
      <TEMPO Inizio="872.898" Bpm="125.14" Metro="4/4" Battito="3" />
    </TRACK>
    <TRACK TrackID="73527738" Name="Madiloop (Joeski’s Sleeze Mix)" Artist="Hux (Huxley)" Composer="" Album="Madiloop EP" Grouping="" Genre="House/Tech/Groove" Kind="AIFF File" Size="63768690" TotalTime="360" DiscNumber="0" TrackNumber="2" Year="2017" AverageBpm="125.00" DateAdded="2022-04-18" BitRate="1411" SampleRate="44100" Comments="8A - 5" PlayCount="4" Rating="0" Location="file://localhost/Users/zachvp/Music/DJ/9370370_Madiloop_(Joeski%e2%80%99s_Sleeze_Mix).aiff" Remixer="" Tonality="8A" Label="Do Not Sleep" Mix="">
      <TEMPO Inizio="0.001" Bpm="125.00" Metro="4/4" Battito="1" />
    </TRACK>
    <TRACK TrackID="251072848" Name="The Last (Original Mix)" Artist="Rick Pier O'Neil, Robert Mason" Composer="" Album="The Last" Grouping="" Genre="House/Deep/Tech/Spacey" Kind="AIFF File" Size="85380520" TotalTime="483" DiscNumber="0" TrackNumber="1" Year="2020" AverageBpm="123.00" DateAdded="2022-04-18" BitRate="1411" SampleRate="44100" Comments="4A - 6" PlayCount="2" Rating="0" Location="file://localhost/Users/zachvp/Music/DJ/13590844_The_Last_(Original_Mix).aiff" Remixer="" Tonality="4A" Label="Outta Limits" Mix="">
      <TEMPO Inizio="0.378" Bpm="123.00" Metro="4/4" Battito="1" />
    </TRACK>
    <TRACK TrackID="114788592" Name="Babie (Crazibiza Edit)" Artist="Babes on the Run" Composer="" Album="Future Disco Now, Vol. 2" Grouping="" Genre="House/Tech/Indie/" Kind="AIFF File" Size="66283960" TotalTime="369" DiscNumber="0" TrackNumber="6" Year="2021" AverageBpm="126.00" DateAdded="2022-04-18" BitRate="1411" SampleRate="44100" Comments="5A - 6" PlayCount="0" Rating="0" Location="file://localhost/Users/zachvp/Music/DJ/16065087_Babie_(Crazibiza_Edit).aiff" Remixer="" Tonality="5A" Label="Pornostar Comps" Mix="">
      <TEMPO Inizio="0.002" Bpm="126.00" Metro="4/4" Battito="1" />
    </TRACK>
    <TRACK TrackID="107942457" Name="I Got You (Original Mix)" Artist="Dance Spirit" Composer="" Album="Take In The Night EP" Grouping="" Genre="House/Deep/Tech/" Kind="AIFF File" Size="79650562" TotalTime="450" DiscNumber="0" TrackNumber="4" Year="2014" AverageBpm="120.00" DateAdded="2022-04-18" BitRate="1411" SampleRate="44100" Comments="7A - 5" PlayCount="5" Rating="0" Location="file://localhost/Users/zachvp/Music/DJ/5050713_I_Got_You_(Original_Mix).aiff" Remixer="" Tonality="7A" Label="Superfreq" Mix="">
      <TEMPO Inizio="0.053" Bpm="120.00" Metro="4/4" Battito="1" />
      <POSITION_MARK Name="" Type="0" Start="128.036" Num="-1" />
      <POSITION_MARK Name="" Type="0" Start="0.043" Num="-1" />
    </TRACK>
    <TRACK TrackID="221180055" Name="Dillema (Original Mix)" Artist="Krissky" Composer="" Album="Nero - Under The Surface 2" Grouping="" Genre="House/Deep/Tech/" Kind="AIFF File" Size="72032866" TotalTime="407" DiscNumber="0" TrackNumber="11" Year="2019" AverageBpm="123.00" DateAdded="2022-04-18" BitRate="1411" SampleRate="44100" Comments="11A - 5" PlayCount="10" Rating="0" Location="file://localhost/Users/zachvp/Music/DJ/12178210_Dillema_(Original_Mix).aiff" Remixer="" Tonality="11A" Label="Natura Viva Black" Mix="">
      <TEMPO Inizio="0.006" Bpm="123.00" Metro="4/4" Battito="1" />
      <POSITION_MARK Name="" Type="0" Start="93.657" Num="-1" />
      <POSITION_MARK Name="" Type="0" Start="312.192" Num="-1" />
    </TRACK>
    <TRACK TrackID="63917085" Name="The Annals of Ai'Sang (Original Mix)" Artist="Lysgaard" Composer="" Album="The Annals of Ai'Sang" Grouping="" Genre="House/Deep/Tech/Spacey" Kind="AIFF File" Size="67442688" TotalTime="379" DiscNumber="0" TrackNumber="1" Year="2021" AverageBpm="128.00" DateAdded="2022-04-18" BitRate="1411" SampleRate="44100" Comments="6A - 5" PlayCount="11" Rating="0" Location="file://localhost/Users/zachvp/Music/DJ/15379802_The_Annals_of_Ai_Sang_(Original_Mix).aiff" Remixer="" Tonality="6A" Label="Mhost Likely" Mix="">
      <TEMPO Inizio="0.041" Bpm="128.00" Metro="4/4" Battito="4" />
      <POSITION_MARK Name="" Type="0" Start="0.510" Num="-1" />
    </TRACK>
    <TRACK TrackID="205869367" Name="Piano Man (Get Ready) (Piano Mix)" Artist="DJ Romain, Matt Keys" Composer="" Album="Nothing Is Lost, Vol. 1" Grouping="" Genre="House/Deep/Tech/Jazzy" Kind="AIFF File" Size="72037496" TotalTime="407" DiscNumber="0" TrackNumber="2" Year="2019" AverageBpm="122.80" DateAdded="2022-04-18" BitRate="1411" SampleRate="44100" Comments="5A - 7" PlayCount="5" Rating="0" Location="file://localhost/Users/zachvp/Music/DJ/12886169_Piano_Man_(Get_Ready)_(Piano_Mix).aiff" Remixer="" Tonality="5A" Label="Wolf Music Recordings" Mix="">
      <TEMPO Inizio="0.103" Bpm="122.80" Metro="4/4" Battito="1" />
      <POSITION_MARK Name="" Type="0" Start="93.911" Num="-1" />
      <POSITION_MARK Name="" Type="0" Start="250.280" Num="-1" />
      <POSITION_MARK Name="" Type="0" Start="0.111" Num="-1" />
    </TRACK>
    <TRACK TrackID="266403291" Name="Hold Up (Butch Remix)" Artist="Antonio Piacquadio" Composer="" Album="5 Years Best Of Inmotion Music Vol.1" Grouping="" Genre="House/Tech/Groove" Kind="AIFF File" Size="65998600" TotalTime="373" DiscNumber="0" TrackNumber="9" Year="2015" AverageBpm="124.00" DateAdded="2022-04-18" BitRate="1411" SampleRate="44100" Comments="8A - 6" PlayCount="4" Rating="0" Location="file://localhost/Users/zachvp/Music/DJ/6642307_Hold_Up_(Butch_Remix).aiff" Remixer="" Tonality="8A" Label="Inmotion Music" Mix="">
      <TEMPO Inizio="0.242" Bpm="124.00" Metro="4/4" Battito="1" />
    </TRACK>
    <TRACK TrackID="66993693" Name="My Wild Flower (Original Mix)" Artist="Guy Mantzur" Composer="" Album="My Wild Flower" Grouping="" Genre="House/Deep/Tech/Spacey" Kind="AIFF File" Size="91426312" TotalTime="515" DiscNumber="0" TrackNumber="1" Year="2021" AverageBpm="123.00" DateAdded="2022-04-18" BitRate="1411" SampleRate="44100" Comments="10A - 6" PlayCount="1" Rating="0" Location="file://localhost/Users/zachvp/Music/DJ/15123537_My_Wild_Flower_(Original_Mix).aiff" Remixer="" Tonality="10A" Label="Lost &amp; Found" Mix="">
      <TEMPO Inizio="0.012" Bpm="123.00" Metro="4/4" Battito="1" />
    </TRACK>
    <TRACK TrackID="251060659" Name="Strobe Light Network (Space Night Edit)" Artist="Cold" Composer="" Album="Strobe Light Network Remixes" Grouping="" Genre="House/Deep/Tech/Spacey" Kind="AIFF File" Size="53150840" TotalTime="300" DiscNumber="0" TrackNumber="3" Year="1997" AverageBpm="110.07" DateAdded="2022-04-18" BitRate="1411" SampleRate="44100" Comments="8A - 4" PlayCount="4" Rating="0" Location="file://localhost/Users/zachvp/Music/DJ/6123733_Strobe_Light_Network_(Space_Night_Edit).aiff" Remixer="" Tonality="8A" Label="Elux Records" Mix="">
      <TEMPO Inizio="0.224" Bpm="110.07" Metro="4/4" Battito="2" />
      <TEMPO Inizio="12.762" Bpm="110.07" Metro="4/4" Battito="1" />
      <TEMPO Inizio="35.112" Bpm="110.07" Metro="4/4" Battito="2" />
      <TEMPO Inizio="57.462" Bpm="110.07" Metro="4/4" Battito="3" />
      <TEMPO Inizio="84.718" Bpm="110.07" Metro="4/4" Battito="1" />
      <TEMPO Inizio="107.068" Bpm="110.07" Metro="4/4" Battito="2" />
      <TEMPO Inizio="129.418" Bpm="110.07" Metro="4/4" Battito="3" />
      <TEMPO Inizio="156.674" Bpm="110.07" Metro="4/4" Battito="1" />
      <TEMPO Inizio="179.024" Bpm="110.07" Metro="4/4" Battito="2" />
      <TEMPO Inizio="206.280" Bpm="110.07" Metro="4/4" Battito="4" />
      <TEMPO Inizio="228.630" Bpm="110.07" Metro="4/4" Battito="1" />
      <TEMPO Inizio="250.980" Bpm="110.07" Metro="4/4" Battito="2" />
      <TEMPO Inizio="278.236" Bpm="110.07" Metro="4/4" Battito="4" />
      <POSITION_MARK Name="" Type="0" Start="4.805" Num="-1" />
    </TRACK>
    <TRACK TrackID="182143766" Name="Physical (Kreature Remix)" Artist="Coeo" Composer="" Album="This Is Colour In Music, Pt. 3" Grouping="" Genre="House/Deep/Tech/" Kind="AIFF File" Size="82791350" TotalTime="468" DiscNumber="0" TrackNumber="1" Year="2020" AverageBpm="123.00" DateAdded="2022-04-18" BitRate="1411" SampleRate="44100" Comments="4A - 5" PlayCount="10" Rating="0" Location="file://localhost/Users/zachvp/Music/DJ/12883932_Physical_(Kreature_Remix).aiff" Remixer="" Tonality="4A" Label="Colour In Music" Mix="">
      <TEMPO Inizio="0.003" Bpm="123.00" Metro="4/4" Battito="1" />
      <POSITION_MARK Name="" Type="0" Start="265.372" Num="-1" />
      <POSITION_MARK Name="" Type="0" Start="319.992" Num="-1" />
    </TRACK>
    <TRACK TrackID="89433929" Name="Ueberdoris (ZK Bucket Remix)" Artist="Afonelli, Peter Hecht" Composer="" Album="Ueberdoris (ZK Bucket Versions)" Grouping="" Genre="House/Tech/Indie/" Kind="AIFF File" Size="81379148" TotalTime="458" DiscNumber="0" TrackNumber="1" Year="2021" AverageBpm="122.90" DateAdded="2022-04-18" BitRate="1411" SampleRate="44100" Comments="2A - 6" PlayCount="8" Rating="0" Location="file://localhost/Users/zachvp/Music/DJ/14850504_Ueberdoris_(ZK_Bucket_Remix).aiff" Remixer="" Tonality="2A" Label="Empore Music" Mix="">
      <TEMPO Inizio="0.126" Bpm="122.90" Metro="4/4" Battito="1" />
      <TEMPO Inizio="0.615" Bpm="122.90" Metro="4/4" Battito="2" />
      <TEMPO Inizio="278.889" Bpm="122.90" Metro="4/4" Battito="4" />
      <POSITION_MARK Name="" Type="0" Start="31.376" Num="-1" />
      <POSITION_MARK Name="" Type="0" Start="93.866" Num="-1" />
      <POSITION_MARK Name="" Type="0" Start="125.098" Num="-1" />
      <POSITION_MARK Name="" Type="0" Start="257.894" Num="-1" />
      <POSITION_MARK Name="" Type="0" Start="312.568" Num="-1" />
      <POSITION_MARK Name="" Type="0" Start="421.930" Num="-1" />
      <POSITION_MARK Name="" Type="0" Start="328.196" Num="-1" />
    </TRACK>
    <TRACK TrackID="120343824" Name="Welcome to the Factory feat. Sally Cortez (Angel's Journey Mix)" Artist="Angel Moraes" Composer="" Album="Welcome to the Factory" Grouping="" Genre="House/Tech/Groove" Kind="AIFF File" Size="158386542" TotalTime="897" DiscNumber="0" TrackNumber="1" Year="2000" AverageBpm="125.02" DateAdded="2022-04-18" BitRate="1411" SampleRate="44100" Comments="2A - 6" PlayCount="4" Rating="0" Location="file://localhost/Users/zachvp/Music/DJ/61800_Welcome_to_the_Factory_feat._Sally_Cortez_(Angel_s_Journey_Mix).aiff" Remixer="" Tonality="2A" Label="Hot N Spycy" Mix="">
      <TEMPO Inizio="0.006" Bpm="125.02" Metro="4/4" Battito="3" />
    </TRACK>
    <TRACK TrackID="263440300" Name="LaSt (Slowrats Remix)" Artist="Michael Sowbug" Composer="" Album="Last ep" Grouping="" Genre="House/Deep/Tech/" Kind="AIFF File" Size="66105102" TotalTime="374" DiscNumber="0" TrackNumber="2" Year="2014" AverageBpm="120.00" DateAdded="2022-04-18" BitRate="1411" SampleRate="44100" Comments="9A - 5" PlayCount="6" Rating="0" Location="file://localhost/Users/zachvp/Music/DJ/5841548_LaSt_(Slowrats_Remix).aiff" Remixer="" Tonality="9A" Label="Rats" Mix="">
      <TEMPO Inizio="0.159" Bpm="120.00" Metro="4/4" Battito="1" />
      <TEMPO Inizio="1.158" Bpm="120.00" Metro="4/4" Battito="3" />
      <TEMPO Inizio="260.657" Bpm="120.00" Metro="4/4" Battito="2" />
    </TRACK>
    <TRACK TrackID="204493806" Name="Feel In Love (Marino Canal Remix)" Artist="Alex M (Italy)" Composer="" Album="Best Of Serkal 2015" Grouping="" Genre="House/Deep/Tech/" Kind="AIFF File" Size="72936106" TotalTime="410" DiscNumber="0" TrackNumber="8" Year="2016" AverageBpm="123.00" DateAdded="2022-04-18" BitRate="1411" SampleRate="44100" Comments="4A - 5" PlayCount="3" Rating="0" Location="file://localhost/Users/zachvp/Music/DJ/7369649_Feel_In_Love_(Marino_Canal_Remix).aiff" Remixer="" Tonality="4A" Label="Serkal" Mix="">
      <TEMPO Inizio="0.256" Bpm="123.00" Metro="4/4" Battito="1" />
      <POSITION_MARK Name="" Type="0" Start="0.243" Num="-1" />
    </TRACK>
    <TRACK TrackID="231593019" Name="Multumesc (Plusculaar Remix)" Artist="Maman" Composer="" Album="Multumesc" Grouping="" Genre="House/Deep/Tech/" Kind="AIFF File" Size="84059726" TotalTime="476" DiscNumber="0" TrackNumber="2" Year="2016" AverageBpm="123.00" DateAdded="2022-04-18" BitRate="1411" SampleRate="44100" Comments="4A - 6" PlayCount="4" Rating="0" Location="file://localhost/Users/zachvp/Music/DJ/7623960_Multumesc_(Plusculaar_Remix).aiff" Remixer="" Tonality="4A" Label="Sakadat Records" Mix="">
      <TEMPO Inizio="0.003" Bpm="123.00" Metro="4/4" Battito="1" />
    </TRACK>
    <TRACK TrackID="125169021" Name="May 15th (Original Mix)" Artist="Novatek" Composer="" Album="Exhibition" Grouping="" Genre="House/Deep/Tech/Spacey" Kind="AIFF File" Size="63452706" TotalTime="359" DiscNumber="0" TrackNumber="1" Year="2002" AverageBpm="126.00" DateAdded="2022-04-18" BitRate="1411" SampleRate="44100" Comments="4A - 5" PlayCount="9" Rating="0" Location="file://localhost/Users/zachvp/Music/DJ/82977_May_15th_(Original_Mix).aiff" Remixer="" Tonality="4A" Label="Treibstoff" Mix="">
      <TEMPO Inizio="0.014" Bpm="126.00" Metro="4/4" Battito="4" />
      <POSITION_MARK Name="" Type="0" Start="0.461" Num="-1" />
    </TRACK>
    <TRACK TrackID="148538761" Name="One Day / Reckoning Song (Wankelmut Remix) (Club Mix)" Artist="Asaf Avidan, Wankelmut" Composer="" Album="One Day / Reckoning Song (Wankelmut Remix)" Grouping="" Genre="House/Deep/Melodic" Kind="AIFF File" Size="77106338" TotalTime="436" DiscNumber="0" TrackNumber="1" Year="2012" AverageBpm="119.00" DateAdded="2022-04-18" BitRate="1411" SampleRate="44100" Comments="2A - 6" PlayCount="0" Rating="0" Location="file://localhost/Users/zachvp/Music/DJ/3585491_One_Day___Reckoning_Song_(Wankelmut_Remix)_(Club_Mix).aiff" Remixer="" Tonality="2A" Label="Fine Records" Mix="">
      <TEMPO Inizio="0.072" Bpm="119.00" Metro="4/4" Battito="1" />
      <TEMPO Inizio="360.071" Bpm="119.00" Metro="4/4" Battito="3" />
    </TRACK>
    <TRACK TrackID="194545347" Name="Raptor (Original Mix)" Artist="CIREZ D" Composer="" Album="The Tunnel / Raptor" Grouping="" Genre="House/Tech/Indie/Progressive" Kind="AIFF File" Size="93553714" TotalTime="529" DiscNumber="0" TrackNumber="2" Year="2009" AverageBpm="126.00" DateAdded="2022-04-18" BitRate="1411" SampleRate="44100" Comments="3A - 6" PlayCount="0" Rating="0" Location="file://localhost/Users/zachvp/Music/DJ/862425_Raptor_(Original_Mix).aiff" Remixer="" Tonality="3A" Label="Mouseville" Mix="">
      <TEMPO Inizio="0.116" Bpm="126.00" Metro="4/4" Battito="1" />
      <TEMPO Inizio="0.593" Bpm="126.00" Metro="4/4" Battito="2" />
    </TRACK>
    <TRACK TrackID="172313918" Name="Riding (Original Mix)" Artist="Teimoso" Composer="" Album="Future Grooves Vol. 2" Grouping="" Genre="House/Tech/Indie/Progressive" Kind="AIFF File" Size="97454528" TotalTime="552" DiscNumber="0" TrackNumber="1" Year="2002" AverageBpm="127.47" DateAdded="2022-04-18" BitRate="1411" SampleRate="44100" Comments="11A - 6" PlayCount="5" Rating="0" Location="file://localhost/Users/zachvp/Music/DJ/189151_Riding_(Original_Mix).aiff" Remixer="" Tonality="11A" Label="Hooj Choons" Mix="">
      <TEMPO Inizio="0.367" Bpm="127.47" Metro="4/4" Battito="4" />
      <POSITION_MARK Name="" Type="0" Start="8.378" Num="-1" />
      <POSITION_MARK Name="" Type="0" Start="128.896" Num="-1" />
    </TRACK>
    <TRACK TrackID="63604956" Name="I Never Dream" Artist="Against All Logic" Composer="" Album="2012 - 2017" Grouping="" Genre="Lounge/Indie" Kind="AIFF File" Size="71748904" TotalTime="405" DiscNumber="0" TrackNumber="2" Year="2018" AverageBpm="118.02" DateAdded="2022-04-18" BitRate="1411" SampleRate="44100" Comments="12B - 5" PlayCount="1" Rating="0" Location="file://localhost/Users/zachvp/Music/DJ/Against%20All%20Logic%20-%20I%20Never%20Dream.aiff" Remixer="" Tonality="12B" Label="" Mix="">
      <TEMPO Inizio="0.009" Bpm="118.02" Metro="4/4" Battito="1" />
      <TEMPO Inizio="0.518" Bpm="118.02" Metro="4/4" Battito="2" />
      <TEMPO Inizio="1.027" Bpm="118.02" Metro="4/4" Battito="3" />
      <TEMPO Inizio="78.301" Bpm="118.02" Metro="4/4" Battito="3" />
      <TEMPO Inizio="183.028" Bpm="118.02" Metro="4/4" Battito="1" />
      <TEMPO Inizio="296.906" Bpm="118.02" Metro="4/4" Battito="1" />
      <TEMPO Inizio="399.091" Bpm="118.02" Metro="4/4" Battito="2" />
      <POSITION_MARK Name="" Type="0" Start="97.619" Num="-1" />
      <POSITION_MARK Name="" Type="0" Start="162.691" Num="-1" />
      <POSITION_MARK Name="" Type="0" Start="244.046" Num="-1" />
      <POSITION_MARK Name="" Type="0" Start="325.415" Num="-1" />
      <POSITION_MARK Name="" Type="0" Start="309.107" Num="-1" />
    </TRACK>
    <TRACK TrackID="21535669" Name="DANCE" Artist="Antigone" Composer="" Album="locus error" Grouping="" Genre="House/Tech/Breaks" Kind="AIFF File" Size="32015956" TotalTime="180" DiscNumber="0" TrackNumber="6" Year="2019" AverageBpm="147.00" DateAdded="2022-04-18" BitRate="1411" SampleRate="44100" Comments="6A - 6" PlayCount="3" Rating="0" Location="file://localhost/Users/zachvp/Music/DJ/ANTIGONE%20-%20DANCE.aiff" Remixer="" Tonality="6A" Label="" Mix="">
      <TEMPO Inizio="0.001" Bpm="147.00" Metro="4/4" Battito="1" />
      <TEMPO Inizio="0.818" Bpm="147.00" Metro="4/4" Battito="3" />
    </TRACK>
    <TRACK TrackID="138112663" Name="Batch C" Artist="Axon Growth Factor" Composer="" Album="Cytokinesis" Grouping="" Genre="House/Deep/Tech/Spacey" Kind="AIFF File" Size="110532794" TotalTime="383" DiscNumber="0" TrackNumber="1" Year="2021" AverageBpm="132.00" DateAdded="2022-04-18" BitRate="2304" SampleRate="48000" Comments="5A - 6" PlayCount="3" Rating="0" Location="file://localhost/Users/zachvp/Music/DJ/Axon%20Growth%20Factor%20-%20Batch%20C.aiff" Remixer="" Tonality="5A" Label="" Mix="">
      <TEMPO Inizio="0.001" Bpm="132.00" Metro="4/4" Battito="1" />
    </TRACK>
    <TRACK TrackID="10487878" Name="Electric (Original Mix)" Artist="Black V Neck" Composer="" Album="Electric" Grouping="" Genre="House/Tech/Hard" Kind="AIFF File" Size="59689536" TotalTime="337" DiscNumber="0" TrackNumber="1" Year="2018" AverageBpm="125.00" DateAdded="2022-04-18" BitRate="1411" SampleRate="44100" Comments="6A - 5" PlayCount="0" Rating="0" Location="file://localhost/Users/zachvp/Music/DJ/10801193_Electric_(Original_Mix).aiff" Remixer="" Tonality="6A" Label="House Of Bangerz" Mix="">
      <TEMPO Inizio="0.002" Bpm="125.00" Metro="4/4" Battito="1" />
      <TEMPO Inizio="62.401" Bpm="125.00" Metro="4/4" Battito="3" />
    </TRACK>
    <TRACK TrackID="18242882" Name="Spacer Woman (vocal)" Artist="Charlie" Composer="" Album="SPACER WOMAN (Remastered 2017)" Grouping="" Genre="House/Tech/Indie/Retro" Kind="AIFF File" Size="78061988" TotalTime="441" DiscNumber="0" TrackNumber="1" Year="2019" AverageBpm="123.53" DateAdded="2022-04-18" BitRate="1411" SampleRate="44100" Comments="2A - 7" PlayCount="2" Rating="0" Location="file://localhost/Users/zachvp/Music/DJ/Charlie%20-%20Spacer%20Woman%20(vocal).aiff" Remixer="" Tonality="2A" Label="" Mix="">
      <TEMPO Inizio="0.097" Bpm="123.53" Metro="4/4" Battito="1" />
      <POSITION_MARK Name="" Type="0" Start="31.211" Num="-1" />
      <POSITION_MARK Name="" Type="0" Start="62.215" Num="-1" />
      <POSITION_MARK Name="" Type="0" Start="171.128" Num="-1" />
      <POSITION_MARK Name="" Type="0" Start="225.520" Num="-1" />
      <POSITION_MARK Name="" Type="0" Start="5.949" Num="-1" />
      <POSITION_MARK Name="" Type="0" Start="279.801" Num="-1" />
      <POSITION_MARK Name="" Type="0" Start="357.709" Num="-1" />
      <POSITION_MARK Name="" Type="0" Start="388.808" Num="-1" />
    </TRACK>
    <TRACK TrackID="193772007" Name="Make It Good" Artist="DJ Tennis" Composer="" Album="Make It Good" Grouping="" Genre="House/Deep/Tech/Jazzy" Kind="AIFF File" Size="79502522" TotalTime="450" DiscNumber="0" TrackNumber="1" Year="2012" AverageBpm="118.09" DateAdded="2022-04-18" BitRate="1411" SampleRate="44100" Comments="8A - 5" PlayCount="9" Rating="0" Location="file://localhost/Users/zachvp/Music/DJ/DJ%20Tennis%20-%20Make%20It%20Good.aiff" Remixer="" Tonality="8A" Label="" Mix="">
      <TEMPO Inizio="0.333" Bpm="118.09" Metro="4/4" Battito="1" />
      <TEMPO Inizio="8.971" Bpm="118.09" Metro="4/4" Battito="2" />
      <TEMPO Inizio="52.667" Bpm="118.09" Metro="4/4" Battito="4" />
      <TEMPO Inizio="108.049" Bpm="118.09" Metro="4/4" Battito="1" />
      <TEMPO Inizio="157.334" Bpm="118.09" Metro="4/4" Battito="2" />
      <TEMPO Inizio="212.716" Bpm="118.09" Metro="4/4" Battito="3" />
      <TEMPO Inizio="262.001" Bpm="118.09" Metro="4/4" Battito="4" />
      <TEMPO Inizio="317.383" Bpm="118.09" Metro="4/4" Battito="1" />
      <TEMPO Inizio="361.079" Bpm="118.09" Metro="4/4" Battito="3" />
      <TEMPO Inizio="416.461" Bpm="118.09" Metro="4/4" Battito="4" />
      <POSITION_MARK Name="" Type="4" Start="297.061" End="305.191" Num="-1" />
    </TRACK>
    <TRACK TrackID="246327229" Name="Inhale, Exhale" Artist="Tapestry Of Sound" Composer="" Album="Tapestry Of Sound" Grouping="" Genre="House/Deep/Tech/" Kind="AIFF File" Size="87853152" TotalTime="331" DiscNumber="0" TrackNumber="4" Year="2021" AverageBpm="128.00" DateAdded="2022-04-18" BitRate="2116" SampleRate="44100" Comments="6A - 6" PlayCount="1" Rating="0" Location="file://localhost/Users/zachvp/Music/DJ/Tapestry%20Of%20Sound%20-%20Inhale,%20Exhale.aiff" Remixer="" Tonality="6A" Label="" Mix="">
      <TEMPO Inizio="0.003" Bpm="128.00" Metro="4/4" Battito="1" />
    </TRACK>
    <TRACK TrackID="232889802" Name="Ballin'" Artist="Soulphiction" Composer="" Album="What What EP" Grouping="" Genre="House/Deep/Tech/Jazzy" Kind="AIFF File" Size="77131550" TotalTime="436" DiscNumber="0" TrackNumber="1" Year="2021" AverageBpm="123.70" DateAdded="2022-04-18" BitRate="1411" SampleRate="44100" Comments="4A - 4" PlayCount="2" Rating="0" Location="file://localhost/Users/zachvp/Music/DJ/Soulphiction%20-%20Ballin%27.aiff" Remixer="" Tonality="4A" Label="" Mix="">
      <TEMPO Inizio="0.010" Bpm="123.70" Metro="4/4" Battito="1" />
      <TEMPO Inizio="1.466" Bpm="123.70" Metro="4/4" Battito="4" />
      <TEMPO Inizio="187.722" Bpm="123.70" Metro="4/4" Battito="4" />
      <TEMPO Inizio="188.208" Bpm="123.70" Metro="4/4" Battito="1" />
      <POSITION_MARK Name="" Type="0" Start="3.853" Num="-1" />
    </TRACK>
    <TRACK TrackID="186687177" Name="You (feat. Georgia Hurd)" Artist="Keep Shelly in Athens" Composer="" Album="You (feat. Georgia Hurd)" Grouping="" Genre="Lounge/Indie" Kind="AIFF File" Size="47983200" TotalTime="271" DiscNumber="0" TrackNumber="1" Year="2021" AverageBpm="102.00" DateAdded="2022-04-18" BitRate="1411" SampleRate="44100" Comments="11A - 7" PlayCount="4" Rating="0" Location="file://localhost/Users/zachvp/Music/DJ/Keep%20Shelly%20in%20Athens%20-%20You%20(feat.%20Georgia%20Hurd)%20-%2001%20You%20(feat.%20Georgia%20Hurd).aiff" Remixer="" Tonality="11A" Label="" Mix="">
      <TEMPO Inizio="0.150" Bpm="102.00" Metro="4/4" Battito="1" />
      <TEMPO Inizio="61.327" Bpm="102.00" Metro="4/4" Battito="1" />
      <TEMPO Inizio="172.504" Bpm="102.00" Metro="4/4" Battito="2" />
      <POSITION_MARK Name="" Type="0" Start="0.123" Num="-1" />
    </TRACK>
    <TRACK TrackID="214198629" Name="Smokes" Artist="Junktion" Composer="" Album="24 Carrot #2" Grouping="" Genre="House/Deep/Tech/Jazzy" Kind="AIFF File" Size="85953648" TotalTime="324" DiscNumber="0" TrackNumber="4" Year="2020" AverageBpm="120.00" DateAdded="2022-04-18" BitRate="2116" SampleRate="44100" Comments="8A - 7" PlayCount="15" Rating="0" Location="file://localhost/Users/zachvp/Music/DJ/Junktion%20-%20Smokes.aiff" Remixer="" Tonality="8A" Label="" Mix="">
      <TEMPO Inizio="0.137" Bpm="120.00" Metro="4/4" Battito="1" />
      <POSITION_MARK Name="" Type="0" Start="16.135" Num="-1" />
      <POSITION_MARK Name="" Type="0" Start="192.129" Num="-1" />
    </TRACK>
    <TRACK TrackID="267555257" Name="Metropolitan" Artist="Jon Hester" Composer="" Album="Converge Part I" Grouping="" Genre="House/Deep/Tech/Jazzy" Kind="AIFF File" Size="118590134" TotalTime="671" DiscNumber="0" TrackNumber="2" Year="2020" AverageBpm="133.00" DateAdded="2022-04-18" BitRate="1411" SampleRate="44100" Comments="8A - 5" PlayCount="9" Rating="0" Location="file://localhost/Users/zachvp/Music/DJ/Jon%20Hester%20-%20Metropolitan.aiff" Remixer="" Tonality="8A" Label="" Mix="">
      <TEMPO Inizio="0.003" Bpm="133.00" Metro="4/4" Battito="1" />
      <TEMPO Inizio="0.906" Bpm="133.00" Metro="4/4" Battito="3" />
      <TEMPO Inizio="622.108" Bpm="133.00" Metro="4/4" Battito="4" />
      <POSITION_MARK Name="" Type="0" Start="144.365" Num="-1" />
      <POSITION_MARK Name="" Type="0" Start="288.719" Num="-1" />
      <POSITION_MARK Name="" Type="0" Start="317.595" Num="-1" />
      <POSITION_MARK Name="" Type="0" Start="404.209" Num="-1" />
      <POSITION_MARK Name="" Type="0" Start="115.494" Num="-1" />
      <POSITION_MARK Name="" Type="0" Start="548.585" Num="-1" />
      <POSITION_MARK Name="" Type="0" Start="86.622" Num="-1" />
    </TRACK>
    <TRACK TrackID="206185391" Name="Overdose Of Joy" Artist="Eugene Record" Composer="" Album="The Eugene Record" Grouping="" Genre="Lounge/" Kind="AIFF File" Size="45523762" TotalTime="257" DiscNumber="0" TrackNumber="4" Year="2014" AverageBpm="97.60" DateAdded="2022-04-24" BitRate="1411" SampleRate="44100" Comments="10A - 5" PlayCount="2" Rating="0" Location="file://localhost/Users/zachvp/Music/DJ/4-Eugene_Record_-_Overdose_Of_Joy.aif" Remixer="" Tonality="10A" Label="Rhino/Elektra" Mix="">
      <TEMPO Inizio="0.193" Bpm="97.60" Metro="4/4" Battito="1" />
    </TRACK>
    <TRACK TrackID="144767409" Name="Can't Resist (Deadguys remix)" Artist="Texas" Composer="" Album="Can't Resist" Grouping="" Genre="House/Tech/Indie/Retro" Kind="AIFF File" Size="79986392" TotalTime="452" DiscNumber="0" TrackNumber="4" Year="2005" AverageBpm="126.60" DateAdded="2022-04-24" BitRate="1411" SampleRate="44100" Comments="5A - 7" PlayCount="0" Rating="0" Location="file://localhost/Users/zachvp/Music/DJ/4-Texas_-_Can%27t_Resist_(Deadguys_remix).aif" Remixer="" Tonality="5A" Label="Mercury" Mix="">
      <TEMPO Inizio="0.268" Bpm="126.60" Metro="4/4" Battito="1" />
    </TRACK>
    <TRACK TrackID="256730308" Name="Go Up (Butch remix)" Artist="Cassius Feat Cat Power" Composer="" Album="Go Up (EP)" Grouping="" Genre="House/Tech/Organic" Kind="AIFF File" Size="76318732" TotalTime="431" DiscNumber="0" TrackNumber="3" Year="2016" AverageBpm="123.00" DateAdded="2022-04-24" BitRate="1411" SampleRate="44100" Comments="6A - 7" PlayCount="5" Rating="0" Location="file://localhost/Users/zachvp/Music/DJ/3-Cassius_feat_Cat_Power_-_Go_Up_(Butch_remix_feat_Cat_Power_Pharrell_Williams).aif" Remixer="" Tonality="6A" Label="Polydor" Mix="">
      <TEMPO Inizio="0.236" Bpm="123.00" Metro="4/4" Battito="4" />
      <POSITION_MARK Name="" Type="0" Start="16.325" Num="-1" />
      <POSITION_MARK Name="" Type="0" Start="328.523" Num="-1" />
      <POSITION_MARK Name="" Type="0" Start="0.724" Num="-1" />
      <POSITION_MARK Name="" Type="0" Start="70.969" Num="-1" />
      <POSITION_MARK Name="" Type="0" Start="242.662" Num="-1" />
      <POSITION_MARK Name="" Type="0" Start="281.692" Num="-1" />
    </TRACK>
    <TRACK TrackID="235018098" Name="Lucky (Kruder &amp; Dorfmeister Suicide mix)" Artist="Lewis Taylor" Composer="" Album="Lewis Taylor (Expanded Edition)" Grouping="" Genre="Lounge/" Kind="AIFF File" Size="68290822" TotalTime="386" DiscNumber="0" TrackNumber="20" Year="2016" AverageBpm="77.25" DateAdded="2022-04-24" BitRate="1411" SampleRate="44100" Comments="7A - 5" PlayCount="10" Rating="0" Location="file://localhost/Users/zachvp/Music/DJ/20-Lewis_Taylor_-_Lucky_(Kruder___Dorfmeister_Suicide_mix).aif" Remixer="" Tonality="7A" Label="Caroline International" Mix="">
      <TEMPO Inizio="0.551" Bpm="77.25" Metro="4/4" Battito="1" />
      <POSITION_MARK Name="" Type="0" Start="217.664" Num="-1" />
    </TRACK>
    <TRACK TrackID="73055022" Name="Where Are We Going? (alternate mix 2)" Artist="Marvin Gaye" Composer="" Album="Where Are We Going/Woman Of The World" Grouping="" Genre="Lounge/" Kind="AIFF File" Size="41214894" TotalTime="232" DiscNumber="0" TrackNumber="1" Year="2015" AverageBpm="96.33" DateAdded="2022-04-24" BitRate="1411" SampleRate="44100" Comments="8A - 5" PlayCount="2" Rating="0" Location="file://localhost/Users/zachvp/Music/DJ/1-Marvin_Gaye_-_Where_Are_We_Going__(Alternate_mix_2).aif" Remixer="" Tonality="8A" Label="Universal Music Group" Mix="">
      <TEMPO Inizio="0.089" Bpm="96.33" Metro="4/4" Battito="2" />
    </TRACK>
    <TRACK TrackID="124018043" Name="Never Leave you (Uh Ooh, Uh Oooh!)" Artist="Lumidee" Composer="" Album="Almost Famous" Grouping="" Genre="Lounge/" Kind="AIFF File" Size="32840510" TotalTime="184" DiscNumber="0" TrackNumber="4" Year="2003" AverageBpm="100.00" DateAdded="2022-04-24" BitRate="1411" SampleRate="44100" Comments="4A - 6" PlayCount="3" Rating="0" Location="file://localhost/Users/zachvp/Music/DJ/4-Lumidee_-_Never_Leave_You_(Uh_Oooh,_Uh_Oooh).aif" Remixer="" Tonality="4A" Label="Universal Music Group" Mix="">
      <TEMPO Inizio="0.046" Bpm="100.00" Metro="4/4" Battito="1" />
      <TEMPO Inizio="30.647" Bpm="100.00" Metro="4/4" Battito="4" />
      <TEMPO Inizio="126.648" Bpm="100.00" Metro="4/4" Battito="4" />
      <POSITION_MARK Name="" Type="0" Start="144.018" Num="-1" />
      <POSITION_MARK Name="" Type="0" Start="153.621" Num="-1" />
      <POSITION_MARK Name="" Type="0" Start="9.644" Num="-1" />
      <POSITION_MARK Name="" Type="0" Start="19.243" Num="-1" />
    </TRACK>
    <TRACK TrackID="84515556" Name="Tainted Love (original)" Artist="Gloria Jones" Composer="" Album="Tainted Love" Grouping="" Genre="Lounge/" Kind="AIFF File" Size="23270454" TotalTime="131" DiscNumber="0" TrackNumber="1" Year="2015" AverageBpm="80.67" DateAdded="2022-04-24" BitRate="1411" SampleRate="44100" Comments="5A - 4" PlayCount="2" Rating="0" Location="file://localhost/Users/zachvp/Music/DJ/1-Gloria_Jones_-_Tainted_Love_(single_version).aif" Remixer="" Tonality="5A" Label="UMC" Mix="">
      <TEMPO Inizio="0.314" Bpm="80.67" Metro="4/4" Battito="1" />
    </TRACK>
    <TRACK TrackID="29464689" Name="The Beast" Artist="Milt Buckner" Composer="" Album="Blue Note Trip 6: Somethin' Old/Somethin' Blue" Grouping="" Genre="Lounge/" Kind="AIFF File" Size="22823002" TotalTime="128" DiscNumber="0" TrackNumber="10" Year="2007" AverageBpm="97.57" DateAdded="2022-04-24" BitRate="1411" SampleRate="44100" Comments="4A - 4" PlayCount="7" Rating="0" Location="file://localhost/Users/zachvp/Music/DJ/10-Milt_Buckner_-_The_Beast.aif" Remixer="" Tonality="4A" Label="EMI Holland" Mix="">
      <TEMPO Inizio="0.392" Bpm="97.57" Metro="4/4" Battito="2" />
      <TEMPO Inizio="44.671" Bpm="97.57" Metro="4/4" Battito="2" />
      <POSITION_MARK Name="" Type="0" Start="0.222" Num="-1" />
    </TRACK>
    <TRACK TrackID="213238610" Name="Walking On" Artist="Tender Games" Composer="" Album="Notion EP" Grouping="" Genre="House/Deep/Tech/Jazzy" Kind="AIFF File" Size="88846742" TotalTime="503" DiscNumber="0" TrackNumber="2" Year="2015" AverageBpm="117.00" DateAdded="2022-04-24" BitRate="1411" SampleRate="44100" Comments="3A - 5" PlayCount="5" Rating="0" Location="file://localhost/Users/zachvp/Music/DJ/2-Tender_Games_-_Walking_On.aif" Remixer="" Tonality="3A" Label="Suol Germany" Mix="">
      <TEMPO Inizio="0.351" Bpm="117.00" Metro="4/4" Battito="1" />
      <POSITION_MARK Name="" Type="0" Start="65.988" Num="-1" />
      <POSITION_MARK Name="" Type="0" Start="131.635" Num="-1" />
      <POSITION_MARK Name="" Type="0" Start="279.338" Num="-1" />
      <POSITION_MARK Name="" Type="0" Start="328.565" Num="-1" />
      <POSITION_MARK Name="" Type="0" Start="394.187" Num="-1" />
      <POSITION_MARK Name="" Type="0" Start="452.660" Num="-1" />
      <POSITION_MARK Name="" Type="0" Start="303.954" Num="-1" />
    </TRACK>
    <TRACK TrackID="146345541" Name="History (Still Going remix)" Artist="Groove Armada" Composer="" Album="History" Grouping="" Genre="House/Tech/Indie/Retro" Kind="AIFF File" Size="84127090" TotalTime="476" DiscNumber="0" TrackNumber="3" Year="2021" AverageBpm="125.00" DateAdded="2022-04-24" BitRate="1411" SampleRate="44100" Comments="8A - 6" PlayCount="2" Rating="0" Location="file://localhost/Users/zachvp/Music/DJ/3-Groove_Armada_-_History_(Still_Going_remix).aif" Remixer="" Tonality="8A" Label="BMG Rights Management UK" Mix="">
      <TEMPO Inizio="0.001" Bpm="125.00" Metro="4/4" Battito="1" />
      <POSITION_MARK Name="" Type="0" Start="245.761" Num="-1" />
      <POSITION_MARK Name="" Type="0" Start="407.045" Num="-1" />
      <POSITION_MARK Name="" Type="0" Start="30.720" Num="-1" />
      <POSITION_MARK Name="" Type="0" Start="61.440" Num="-1" />
      <POSITION_MARK Name="" Type="0" Start="122.880" Num="-1" />
      <POSITION_MARK Name="" Type="0" Start="184.320" Num="-1" />
      <POSITION_MARK Name="" Type="0" Start="215.040" Num="-1" />
    </TRACK>
    <TRACK TrackID="247192995" Name="Flossing" Artist="6 Dogs" Composer="" Album="6 Dogs" Grouping="" Genre="Lounge/Indie" Kind="AIFF File" Size="34391920" TotalTime="194" DiscNumber="0" TrackNumber="11" Year="2017" AverageBpm="141.00" DateAdded="2022-04-24" BitRate="1411" SampleRate="44100" Comments="8A - 5" PlayCount="2" Rating="0" Location="file://localhost/Users/zachvp/Music/DJ/11-6_Dogs_-_Beautiful_Whips.aif" Remixer="" Tonality="8A" Label="Foundation Digital" Mix="">
      <TEMPO Inizio="0.082" Bpm="141.00" Metro="4/4" Battito="1" />
    </TRACK>
    <TRACK TrackID="117061133" Name="Rebound (Original)" Artist="Nick Curly" Composer="" Album="Still Not Sorry EP" Grouping="" Genre="House/Tech/Organic" Kind="AIFF File" Size="95482728" TotalTime="541" DiscNumber="0" TrackNumber="3" Year="2011" AverageBpm="123.00" DateAdded="2022-04-24" BitRate="1411" SampleRate="44100" Comments="5A - 6" PlayCount="6" Rating="0" Location="file://localhost/Users/zachvp/Music/DJ/3189658_Rebound_(Original).aiff" Remixer="" Tonality="5A" Label="8Bit" Mix="">
      <TEMPO Inizio="0.238" Bpm="123.00" Metro="4/4" Battito="1" />
      <POSITION_MARK Name="" Type="0" Start="47.059" Num="-1" />
      <POSITION_MARK Name="" Type="0" Start="62.682" Num="-1" />
      <POSITION_MARK Name="" Type="0" Start="109.513" Num="-1" />
      <POSITION_MARK Name="" Type="0" Start="265.609" Num="-1" />
      <POSITION_MARK Name="" Type="0" Start="409.990" Num="-1" />
    </TRACK>
    <TRACK TrackID="13484635" Name="An Eye For An Eye (Halo Varga Mix)" Artist="Sirus" Composer="" Album="One Night In San Francisco" Grouping="" Genre="House/Tech/Organic" Kind="AIFF File" Size="85136516" TotalTime="482" DiscNumber="0" TrackNumber="8" Year="2008" AverageBpm="128.97" DateAdded="2022-04-24" BitRate="1411" SampleRate="44100" Comments="2A - 7" PlayCount="4" Rating="0" Location="file://localhost/Users/zachvp/Music/DJ/763331_An_Eye_For_An_Eye_(Halo_Varga_Mix).aiff" Remixer="Halo Varga" Tonality="2A" Label="NRK" Mix="">
      <TEMPO Inizio="0.105" Bpm="128.98" Metro="4/4" Battito="1" />
      <TEMPO Inizio="6.153" Bpm="128.98" Metro="4/4" Battito="2" />
      <TEMPO Inizio="19.644" Bpm="128.98" Metro="4/4" Battito="3" />
      <TEMPO Inizio="40.578" Bpm="128.98" Metro="4/4" Battito="4" />
      <TEMPO Inizio="61.047" Bpm="128.98" Metro="4/4" Battito="4" />
      <TEMPO Inizio="81.981" Bpm="128.98" Metro="4/4" Battito="1" />
      <TEMPO Inizio="102.915" Bpm="128.98" Metro="4/4" Battito="2" />
      <TEMPO Inizio="116.406" Bpm="128.98" Metro="4/4" Battito="3" />
      <TEMPO Inizio="137.340" Bpm="128.98" Metro="4/4" Battito="4" />
      <TEMPO Inizio="158.274" Bpm="128.98" Metro="4/4" Battito="1" />
      <TEMPO Inizio="171.765" Bpm="128.98" Metro="4/4" Battito="2" />
      <TEMPO Inizio="192.699" Bpm="128.98" Metro="4/4" Battito="3" />
      <TEMPO Inizio="213.168" Bpm="128.98" Metro="4/4" Battito="3" />
      <TEMPO Inizio="234.102" Bpm="128.98" Metro="4/4" Battito="4" />
      <TEMPO Inizio="255.036" Bpm="128.98" Metro="4/4" Battito="1" />
      <TEMPO Inizio="268.527" Bpm="128.98" Metro="4/4" Battito="2" />
      <TEMPO Inizio="289.461" Bpm="128.98" Metro="4/4" Battito="3" />
      <TEMPO Inizio="310.395" Bpm="128.98" Metro="4/4" Battito="4" />
      <TEMPO Inizio="323.886" Bpm="128.98" Metro="4/4" Battito="1" />
      <TEMPO Inizio="344.820" Bpm="128.98" Metro="4/4" Battito="2" />
      <TEMPO Inizio="365.289" Bpm="128.98" Metro="4/4" Battito="2" />
      <TEMPO Inizio="386.223" Bpm="128.98" Metro="4/4" Battito="3" />
      <TEMPO Inizio="407.157" Bpm="128.98" Metro="4/4" Battito="4" />
      <TEMPO Inizio="420.648" Bpm="128.98" Metro="4/4" Battito="1" />
      <TEMPO Inizio="441.582" Bpm="128.98" Metro="4/4" Battito="2" />
      <TEMPO Inizio="462.516" Bpm="128.98" Metro="4/4" Battito="3" />
      <TEMPO Inizio="476.007" Bpm="128.98" Metro="4/4" Battito="4" />
      <POSITION_MARK Name="" Type="0" Start="59.642" Num="-1" />
      <POSITION_MARK Name="" Type="0" Start="89.420" Num="-1" />
      <POSITION_MARK Name="" Type="0" Start="387.154" Num="-1" />
      <POSITION_MARK Name="" Type="0" Start="119.192" Num="-1" />
      <POSITION_MARK Name="" Type="0" Start="148.967" Num="-1" />
      <POSITION_MARK Name="" Type="0" Start="327.592" Num="-1" />
      <POSITION_MARK Name="" Type="0" Start="193.625" Num="-1" />
    </TRACK>
    <TRACK TrackID="231390379" Name="Throw (Slam's RTM Remix)" Artist="Paperclip People" Composer="" Album="Throw (Slam's RTM Remix)" Grouping="" Genre="House/Tech/Groove" Kind="AIFF File" Size="80655870" TotalTime="456" DiscNumber="0" TrackNumber="1" Year="2012" AverageBpm="127.00" DateAdded="2022-04-24" BitRate="1411" SampleRate="44100" Comments="9A - 6" PlayCount="1" Rating="0" Location="file://localhost/Users/zachvp/Music/DJ/3445732_Throw_(Slam_s_RTM_Remix).aiff" Remixer="" Tonality="9A" Label="Planet E Communications" Mix="">
      <TEMPO Inizio="0.066" Bpm="127.00" Metro="4/4" Battito="1" />
      <TEMPO Inizio="0.539" Bpm="127.00" Metro="4/4" Battito="2" />
      <TEMPO Inizio="100.697" Bpm="127.00" Metro="4/4" Battito="2" />
      <TEMPO Inizio="320.855" Bpm="127.00" Metro="4/4" Battito="4" />
      <POSITION_MARK Name="" Type="0" Start="68.098" Num="-1" />
      <POSITION_MARK Name="" Type="0" Start="158.795" Num="-1" />
      <POSITION_MARK Name="" Type="0" Start="234.387" Num="-1" />
      <POSITION_MARK Name="" Type="0" Start="264.615" Num="-1" />
      <POSITION_MARK Name="" Type="0" Start="304.330" Num="-1" />
      <POSITION_MARK Name="" Type="0" Start="381.798" Num="-1" />
      <POSITION_MARK Name="" Type="0" Start="37.862" Num="-1" />
      <POSITION_MARK Name="" Type="0" Start="7.626" Num="-1" />
    </TRACK>
    <TRACK TrackID="260568218" Name="Sally (Original Mix)" Artist="Big Band Frank Pleyer" Composer="" Album="Sally" Grouping="" Genre="Lounge/" Kind="AIFF File" Size="36305230" TotalTime="204" DiscNumber="0" TrackNumber="1" Year="2021" AverageBpm="78.82" DateAdded="2022-04-24" BitRate="1411" SampleRate="44100" Comments="7B - 3" PlayCount="3" Rating="0" Location="file://localhost/Users/zachvp/Music/DJ/15351465_Sally_(Original_Mix).aiff" Remixer="" Tonality="7B" Label="Tramp Records" Mix="">
      <TEMPO Inizio="0.597" Bpm="78.82" Metro="4/4" Battito="1" />
      <TEMPO Inizio="28.763" Bpm="78.82" Metro="4/4" Battito="2" />
      <TEMPO Inizio="47.033" Bpm="78.82" Metro="4/4" Battito="2" />
      <TEMPO Inizio="75.199" Bpm="78.82" Metro="4/4" Battito="3" />
      <TEMPO Inizio="93.469" Bpm="78.82" Metro="4/4" Battito="3" />
      <TEMPO Inizio="111.739" Bpm="78.82" Metro="4/4" Battito="3" />
      <TEMPO Inizio="139.905" Bpm="78.82" Metro="4/4" Battito="4" />
      <TEMPO Inizio="158.175" Bpm="78.82" Metro="4/4" Battito="4" />
      <TEMPO Inizio="186.341" Bpm="78.82" Metro="4/4" Battito="1" />
      <TEMPO Inizio="204.611" Bpm="78.82" Metro="4/4" Battito="1" />
    </TRACK>
    <TRACK TrackID="164500895" Name="Burnin' Up (feat. Sally Cortes) (Sally's Wet Dub)" Artist="Angel Moraes, Sally Cortes" Composer="" Album="Burnin' Up (feat. Sally Cortes)" Grouping="" Genre="House/Deep/Tech/" Kind="AIFF File" Size="72638714" TotalTime="405" DiscNumber="0" TrackNumber="2" Year="1996" AverageBpm="125.01" DateAdded="2022-04-24" BitRate="1411" SampleRate="44100" Comments="8A - 5" PlayCount="0" Rating="0" Location="file://localhost/Users/zachvp/Music/DJ/15278601_Burnin__Up_(feat._Sally_Cortes)_(Sally_s_Wet_Dub).aiff" Remixer="" Tonality="8A" Label="Strictly Rhythm" Mix="">
      <TEMPO Inizio="0.060" Bpm="125.01" Metro="4/4" Battito="1" />
    </TRACK>
    <TRACK TrackID="33000363" Name="Little Helper 389-2 (Original Mix)" Artist="Butane" Composer="" Album="Little Helpers 389" Grouping="" Genre="House/Tech/Organic" Kind="AIFF File" Size="72029498" TotalTime="402" DiscNumber="0" TrackNumber="2" Year="2022" AverageBpm="125.00" DateAdded="2022-04-24" BitRate="1411" SampleRate="44100" Comments="8A - 5" PlayCount="13" Rating="0" Location="file://localhost/Users/zachvp/Music/DJ/16131513_Little_Helper_389-2_(Original_Mix).aiff" Remixer="" Tonality="8A" Label="Little Helpers" Mix="">
      <TEMPO Inizio="0.110" Bpm="125.00" Metro="4/4" Battito="1" />
      <TEMPO Inizio="338.016" Bpm="125.00" Metro="4/4" Battito="3" />
      <POSITION_MARK Name="" Type="0" Start="61.556" Num="-1" />
      <POSITION_MARK Name="" Type="0" Start="90.342" Num="-1" />
      <POSITION_MARK Name="" Type="0" Start="122.971" Num="-1" />
      <POSITION_MARK Name="" Type="0" Start="338.985" Num="-1" />
    </TRACK>
    <TRACK TrackID="259058185" Name="Plastic Stress (Original Mix)" Artist="Terranova" Composer="" Album="Audiovisual Couture Volume 1 by DJ KoweSix" Grouping="" Genre="Lounge/" Kind="AIFF File" Size="49170330" TotalTime="278" DiscNumber="0" TrackNumber="4" Year="2010" AverageBpm="122.00" DateAdded="2022-04-24" BitRate="1411" SampleRate="44100" Comments="10A - 5" PlayCount="2" Rating="0" Location="file://localhost/Users/zachvp/Music/DJ/1105026_Plastic_Stress_(Original_Mix).aiff" Remixer="" Tonality="10A" Label="Conte De Conteur" Mix="">
      <TEMPO Inizio="0.236" Bpm="122.00" Metro="4/4" Battito="2" />
    </TRACK>
    <TRACK TrackID="46298928" Name="Music Sounds Better With You (Original Mix)" Artist="Stardust" Composer="" Album="Music Sounds Better With You" Grouping="" Genre="House/Tech/Indie/" Kind="AIFF File" Size="71278188" TotalTime="403" DiscNumber="0" TrackNumber="1" Year="2019" AverageBpm="124.21" DateAdded="2022-04-24" BitRate="1411" SampleRate="44100" Comments="3A - 7" PlayCount="6" Rating="0" Location="file://localhost/Users/zachvp/Music/DJ/12247392_Music_Sounds_Better_With_You_(Original_Mix).aiff" Remixer="" Tonality="3A" Label="Because Music" Mix="">
      <TEMPO Inizio="0.117" Bpm="124.21" Metro="4/4" Battito="1" />
      <TEMPO Inizio="19.921" Bpm="124.21" Metro="4/4" Battito="2" />
      <TEMPO Inizio="20.405" Bpm="124.21" Metro="4/4" Battito="3" />
      <TEMPO Inizio="166.769" Bpm="124.21" Metro="4/4" Battito="2" />
      <TEMPO Inizio="254.200" Bpm="124.21" Metro="4/4" Battito="3" />
      <TEMPO Inizio="254.684" Bpm="124.21" Metro="4/4" Battito="4" />
      <TEMPO Inizio="381.242" Bpm="124.21" Metro="4/4" Battito="2" />
      <TEMPO Inizio="381.726" Bpm="124.21" Metro="4/4" Battito="3" />
      <POSITION_MARK Name="" Type="0" Start="31.033" Num="-1" />
      <POSITION_MARK Name="" Type="0" Start="123.779" Num="-1" />
      <POSITION_MARK Name="" Type="0" Start="251.297" Num="-1" />
    </TRACK>
    <TRACK TrackID="87212577" Name="Silent Hills (Main Mix)" Artist="Scara" Composer="" Album="Zer057 Vibes" Grouping="" Genre="House/Deep/Melodic" Kind="AIFF File" Size="75762794" TotalTime="429" DiscNumber="0" TrackNumber="4" Year="2013" AverageBpm="120.00" DateAdded="2022-04-24" BitRate="1411" SampleRate="44100" Comments="4A - 6" PlayCount="3" Rating="0" Location="file://localhost/Users/zachvp/Music/DJ/4950259_Silent_Hills_(Main_Mix).aiff" Remixer="" Tonality="4A" Label="Liquidistic Vibe Records" Mix="">
      <TEMPO Inizio="0.024" Bpm="120.00" Metro="4/4" Battito="1" />
      <TEMPO Inizio="56.523" Bpm="120.00" Metro="4/4" Battito="2" />
      <TEMPO Inizio="57.024" Bpm="120.00" Metro="4/4" Battito="3" />
      <TEMPO Inizio="57.523" Bpm="120.00" Metro="4/4" Battito="4" />
      <TEMPO Inizio="58.024" Bpm="120.00" Metro="4/4" Battito="1" />
      <TEMPO Inizio="58.523" Bpm="120.00" Metro="4/4" Battito="2" />
      <TEMPO Inizio="59.024" Bpm="120.00" Metro="4/4" Battito="3" />
      <TEMPO Inizio="59.523" Bpm="120.00" Metro="4/4" Battito="4" />
      <TEMPO Inizio="60.024" Bpm="120.00" Metro="4/4" Battito="1" />
      <TEMPO Inizio="60.523" Bpm="120.00" Metro="4/4" Battito="2" />
      <TEMPO Inizio="61.024" Bpm="120.00" Metro="4/4" Battito="3" />
      <TEMPO Inizio="61.523" Bpm="120.00" Metro="4/4" Battito="4" />
      <TEMPO Inizio="62.024" Bpm="120.00" Metro="4/4" Battito="1" />
      <TEMPO Inizio="62.523" Bpm="120.00" Metro="4/4" Battito="2" />
      <TEMPO Inizio="63.024" Bpm="120.00" Metro="4/4" Battito="3" />
      <TEMPO Inizio="63.523" Bpm="120.00" Metro="4/4" Battito="4" />
      <TEMPO Inizio="64.024" Bpm="120.00" Metro="4/4" Battito="1" />
      <TEMPO Inizio="64.523" Bpm="120.00" Metro="4/4" Battito="2" />
      <TEMPO Inizio="65.024" Bpm="120.00" Metro="4/4" Battito="3" />
      <TEMPO Inizio="65.523" Bpm="120.00" Metro="4/4" Battito="4" />
      <TEMPO Inizio="66.024" Bpm="120.00" Metro="4/4" Battito="1" />
      <TEMPO Inizio="66.523" Bpm="120.00" Metro="4/4" Battito="2" />
      <TEMPO Inizio="67.024" Bpm="120.00" Metro="4/4" Battito="3" />
      <TEMPO Inizio="67.523" Bpm="120.00" Metro="4/4" Battito="4" />
      <TEMPO Inizio="68.024" Bpm="120.00" Metro="4/4" Battito="1" />
      <TEMPO Inizio="68.523" Bpm="120.00" Metro="4/4" Battito="2" />
      <TEMPO Inizio="69.024" Bpm="120.00" Metro="4/4" Battito="3" />
      <TEMPO Inizio="69.523" Bpm="120.00" Metro="4/4" Battito="4" />
      <TEMPO Inizio="363.522" Bpm="120.00" Metro="4/4" Battito="4" />
      <TEMPO Inizio="364.023" Bpm="120.00" Metro="4/4" Battito="1" />
      <TEMPO Inizio="364.522" Bpm="120.00" Metro="4/4" Battito="2" />
      <TEMPO Inizio="365.023" Bpm="120.00" Metro="4/4" Battito="3" />
      <TEMPO Inizio="365.522" Bpm="120.00" Metro="4/4" Battito="4" />
      <TEMPO Inizio="366.023" Bpm="120.00" Metro="4/4" Battito="1" />
      <TEMPO Inizio="366.522" Bpm="120.00" Metro="4/4" Battito="2" />
      <TEMPO Inizio="367.023" Bpm="120.00" Metro="4/4" Battito="3" />
      <TEMPO Inizio="367.522" Bpm="120.00" Metro="4/4" Battito="4" />
      <TEMPO Inizio="368.023" Bpm="120.00" Metro="4/4" Battito="1" />
      <TEMPO Inizio="368.522" Bpm="120.00" Metro="4/4" Battito="2" />
      <TEMPO Inizio="369.023" Bpm="120.00" Metro="4/4" Battito="3" />
      <TEMPO Inizio="369.522" Bpm="120.00" Metro="4/4" Battito="4" />
      <TEMPO Inizio="370.023" Bpm="120.00" Metro="4/4" Battito="1" />
      <TEMPO Inizio="370.522" Bpm="120.00" Metro="4/4" Battito="2" />
      <TEMPO Inizio="371.023" Bpm="120.00" Metro="4/4" Battito="3" />
      <TEMPO Inizio="371.522" Bpm="120.00" Metro="4/4" Battito="4" />
      <TEMPO Inizio="372.023" Bpm="120.00" Metro="4/4" Battito="1" />
      <TEMPO Inizio="372.522" Bpm="120.00" Metro="4/4" Battito="2" />
      <TEMPO Inizio="373.023" Bpm="120.00" Metro="4/4" Battito="3" />
      <TEMPO Inizio="373.522" Bpm="120.00" Metro="4/4" Battito="4" />
      <TEMPO Inizio="374.023" Bpm="120.00" Metro="4/4" Battito="1" />
      <TEMPO Inizio="374.522" Bpm="120.00" Metro="4/4" Battito="2" />
      <TEMPO Inizio="375.023" Bpm="120.00" Metro="4/4" Battito="3" />
      <TEMPO Inizio="375.522" Bpm="120.00" Metro="4/4" Battito="4" />
      <TEMPO Inizio="376.023" Bpm="120.00" Metro="4/4" Battito="1" />
      <TEMPO Inizio="376.522" Bpm="120.00" Metro="4/4" Battito="2" />
    </TRACK>
    <TRACK TrackID="126278680" Name="Backyard Animals (Original Mix)" Artist="Max Elto" Composer="" Album="Backyard Animals" Grouping="" Genre="House/Deep/Melodic" Kind="AIFF File" Size="44085550" TotalTime="249" DiscNumber="0" TrackNumber="1" Year="2013" AverageBpm="124.00" DateAdded="2022-04-24" BitRate="1411" SampleRate="44100" Comments="7A - 6" PlayCount="4" Rating="0" Location="file://localhost/Users/zachvp/Music/DJ/4823072_Backyard_Animals_(Original_Mix).aiff" Remixer="" Tonality="7A" Label="Big Beat Records" Mix="">
      <TEMPO Inizio="0.127" Bpm="124.00" Metro="4/4" Battito="1" />
    </TRACK>
    <TRACK TrackID="25961667" Name="Everything (Extended Mix)" Artist="Daniele Quatrini, Alain Ducroix" Composer="" Album="Everything" Grouping="" Genre="House/Tech/" Kind="AIFF File" Size="85842058" TotalTime="314" DiscNumber="0" TrackNumber="1" Year="2020" AverageBpm="125.00" DateAdded="2022-04-27" BitRate="2116" SampleRate="44100" Comments="5A - 6" PlayCount="1" Rating="0" Location="file://localhost/Users/zachvp/Music/DJ/14256826_Everything_(Extended_Mix).aiff" Remixer="" Tonality="5A" Label="" Mix="">
      <TEMPO Inizio="0.001" Bpm="125.00" Metro="4/4" Battito="1" />
    </TRACK>
    <TRACK TrackID="138570068" Name="Close to the Edge (Original Mix)" Artist="Dan Ghenacia, Shonky" Composer="" Album="Close to the Edge" Grouping="" Genre="House/Deep/Tech/Jazzy" Kind="AIFF File" Size="71336924" TotalTime="403" DiscNumber="0" TrackNumber="1" Year="2012" AverageBpm="124.00" DateAdded="2022-05-15" BitRate="1411" SampleRate="44100" Comments="2A - 6" PlayCount="7" Rating="0" Location="file://localhost/Users/zachvp/Music/DJ/6770355_Close_to_the_Edge_(Original_Mix).aiff" Remixer="" Tonality="2A" Label="Apollonia" Mix="">
      <TEMPO Inizio="0.035" Bpm="124.00" Metro="4/4" Battito="1" />
    </TRACK>
    <TRACK TrackID="180114586" Name="Soul (Original Mix)" Artist="Dani Sbert" Composer="" Album="PsykoAlbum" Grouping="" Genre="House/Techno/Downtempo" Kind="AIFF File" Size="73080124" TotalTime="413" DiscNumber="0" TrackNumber="8" Year="2015" AverageBpm="122.00" DateAdded="2022-05-15" BitRate="1411" SampleRate="44100" Comments="4A - 6" PlayCount="5" Rating="0" Location="file://localhost/Users/zachvp/Music/DJ/6870914_Soul_(Original_Mix).aiff" Remixer="" Tonality="4A" Label="Psykometrik" Mix="">
      <TEMPO Inizio="0.003" Bpm="122.00" Metro="4/4" Battito="1" />
    </TRACK>
    <TRACK TrackID="23449093" Name="Something Special (Original Mix)" Artist="Miguel Campbell" Composer="" Album="Baby I Got It" Grouping="" Genre="House/Deep/Tech/Jazzy" Kind="AIFF File" Size="50448398" TotalTime="285" DiscNumber="0" TrackNumber="2" Year="2011" AverageBpm="123.00" DateAdded="2022-05-15" BitRate="1411" SampleRate="44100" Comments="5A - 6" PlayCount="3" Rating="0" Location="file://localhost/Users/zachvp/Music/DJ/2713236_Something_Special_(Original_Mix).aiff" Remixer="" Tonality="5A" Label="Hot Creations" Mix="">
      <TEMPO Inizio="0.156" Bpm="123.00" Metro="4/4" Battito="1" />
    </TRACK>
    <TRACK TrackID="226210036" Name="Underflow (Original Mix)" Artist="Saytek, DZeta N' Basile" Composer="" Album="The Underflow EP" Grouping="" Genre="House/Techno/Downtempo" Kind="AIFF File" Size="85596952" TotalTime="483" DiscNumber="0" TrackNumber="3" Year="2011" AverageBpm="125.00" DateAdded="2022-05-15" BitRate="1411" SampleRate="44100" Comments="10A - 6" PlayCount="1" Rating="0" Location="file://localhost/Users/zachvp/Music/DJ/3185564_Underflow_(Original_Mix).aiff" Remixer="" Tonality="10A" Label="Wiggle" Mix="">
      <TEMPO Inizio="0.091" Bpm="125.00" Metro="4/4" Battito="1" />
      <TEMPO Inizio="245.850" Bpm="125.00" Metro="4/4" Battito="1" />
    </TRACK>
    <TRACK TrackID="56962316" Name="Blood &amp; Sand (Original Mix)" Artist="Dolby D, Matt Mus" Composer="" Album="Blood &amp; Sand" Grouping="" Genre="House/Techno/" Kind="AIFF File" Size="92994030" TotalTime="525" DiscNumber="0" TrackNumber="1" Year="2016" AverageBpm="128.00" DateAdded="2022-05-15" BitRate="1411" SampleRate="44100" Comments="6A - 6" PlayCount="0" Rating="0" Location="file://localhost/Users/zachvp/Music/DJ/7470562_Blood_%26_Sand_(Original_Mix).aiff" Remixer="" Tonality="6A" Label="HEX" Mix="">
      <TEMPO Inizio="0.001" Bpm="128.00" Metro="4/4" Battito="1" />
    </TRACK>
    <TRACK TrackID="198200848" Name="Choose You (Alexander Maier Remix)" Artist="Stu Patrics" Composer="" Album="Choose You" Grouping="" Genre="House/Deep/Melodic" Kind="AIFF File" Size="118887772" TotalTime="673" DiscNumber="0" TrackNumber="3" Year="2012" AverageBpm="120.00" DateAdded="2022-05-15" BitRate="1411" SampleRate="44100" Comments="5A - 5" PlayCount="1" Rating="0" Location="file://localhost/Users/zachvp/Music/DJ/3187004_Choose_You_(Alexander_Maier_Remix).aiff" Remixer="" Tonality="5A" Label="Brown Eyed Boyz Records" Mix="">
      <TEMPO Inizio="0.248" Bpm="120.00" Metro="4/4" Battito="4" />
      <TEMPO Inizio="0.749" Bpm="120.00" Metro="4/4" Battito="1" />
      <TEMPO Inizio="1.248" Bpm="120.00" Metro="4/4" Battito="2" />
      <TEMPO Inizio="1.749" Bpm="120.00" Metro="4/4" Battito="3" />
      <TEMPO Inizio="2.248" Bpm="120.00" Metro="4/4" Battito="4" />
      <TEMPO Inizio="2.749" Bpm="120.00" Metro="4/4" Battito="1" />
      <TEMPO Inizio="3.248" Bpm="120.00" Metro="4/4" Battito="2" />
      <TEMPO Inizio="3.749" Bpm="120.00" Metro="4/4" Battito="3" />
      <TEMPO Inizio="4.248" Bpm="120.00" Metro="4/4" Battito="4" />
      <TEMPO Inizio="4.749" Bpm="120.00" Metro="4/4" Battito="1" />
      <TEMPO Inizio="5.248" Bpm="120.00" Metro="4/4" Battito="2" />
      <TEMPO Inizio="5.749" Bpm="120.00" Metro="4/4" Battito="3" />
      <TEMPO Inizio="6.248" Bpm="120.00" Metro="4/4" Battito="4" />
      <TEMPO Inizio="6.749" Bpm="120.00" Metro="4/4" Battito="1" />
      <TEMPO Inizio="7.248" Bpm="120.00" Metro="4/4" Battito="2" />
      <TEMPO Inizio="7.749" Bpm="120.00" Metro="4/4" Battito="3" />
      <TEMPO Inizio="8.248" Bpm="120.00" Metro="4/4" Battito="4" />
      <TEMPO Inizio="8.749" Bpm="120.00" Metro="4/4" Battito="1" />
      <TEMPO Inizio="9.248" Bpm="120.00" Metro="4/4" Battito="2" />
      <TEMPO Inizio="9.749" Bpm="120.00" Metro="4/4" Battito="3" />
      <TEMPO Inizio="10.248" Bpm="120.00" Metro="4/4" Battito="4" />
      <TEMPO Inizio="10.749" Bpm="120.00" Metro="4/4" Battito="1" />
      <TEMPO Inizio="11.248" Bpm="120.00" Metro="4/4" Battito="2" />
      <TEMPO Inizio="11.749" Bpm="120.00" Metro="4/4" Battito="3" />
      <TEMPO Inizio="12.248" Bpm="120.00" Metro="4/4" Battito="4" />
      <TEMPO Inizio="12.749" Bpm="120.00" Metro="4/4" Battito="1" />
      <TEMPO Inizio="13.248" Bpm="120.00" Metro="4/4" Battito="2" />
      <TEMPO Inizio="13.749" Bpm="120.00" Metro="4/4" Battito="3" />
      <TEMPO Inizio="14.248" Bpm="120.00" Metro="4/4" Battito="4" />
      <TEMPO Inizio="14.749" Bpm="120.00" Metro="4/4" Battito="1" />
      <TEMPO Inizio="15.248" Bpm="120.00" Metro="4/4" Battito="2" />
      <TEMPO Inizio="15.749" Bpm="120.00" Metro="4/4" Battito="3" />
      <TEMPO Inizio="16.248" Bpm="120.00" Metro="4/4" Battito="4" />
      <TEMPO Inizio="16.749" Bpm="120.00" Metro="4/4" Battito="1" />
      <TEMPO Inizio="17.248" Bpm="120.00" Metro="4/4" Battito="2" />
      <TEMPO Inizio="17.749" Bpm="120.00" Metro="4/4" Battito="3" />
      <TEMPO Inizio="18.248" Bpm="120.00" Metro="4/4" Battito="4" />
      <TEMPO Inizio="18.749" Bpm="120.00" Metro="4/4" Battito="1" />
      <TEMPO Inizio="19.248" Bpm="120.00" Metro="4/4" Battito="2" />
      <TEMPO Inizio="19.749" Bpm="120.00" Metro="4/4" Battito="3" />
      <TEMPO Inizio="20.248" Bpm="120.00" Metro="4/4" Battito="4" />
      <TEMPO Inizio="20.749" Bpm="120.00" Metro="4/4" Battito="1" />
      <TEMPO Inizio="21.248" Bpm="120.00" Metro="4/4" Battito="2" />
      <TEMPO Inizio="21.749" Bpm="120.00" Metro="4/4" Battito="3" />
      <TEMPO Inizio="22.248" Bpm="120.00" Metro="4/4" Battito="4" />
      <TEMPO Inizio="22.749" Bpm="120.00" Metro="4/4" Battito="1" />
      <TEMPO Inizio="23.248" Bpm="120.00" Metro="4/4" Battito="2" />
      <TEMPO Inizio="23.749" Bpm="120.00" Metro="4/4" Battito="3" />
      <TEMPO Inizio="24.248" Bpm="120.00" Metro="4/4" Battito="4" />
      <TEMPO Inizio="24.749" Bpm="120.00" Metro="4/4" Battito="1" />
      <TEMPO Inizio="25.248" Bpm="120.00" Metro="4/4" Battito="2" />
      <TEMPO Inizio="25.749" Bpm="120.00" Metro="4/4" Battito="3" />
      <TEMPO Inizio="26.248" Bpm="120.00" Metro="4/4" Battito="4" />
      <TEMPO Inizio="26.749" Bpm="120.00" Metro="4/4" Battito="1" />
      <TEMPO Inizio="27.248" Bpm="120.00" Metro="4/4" Battito="2" />
      <TEMPO Inizio="27.749" Bpm="120.00" Metro="4/4" Battito="3" />
      <TEMPO Inizio="28.248" Bpm="120.00" Metro="4/4" Battito="4" />
      <TEMPO Inizio="28.749" Bpm="120.00" Metro="4/4" Battito="1" />
      <TEMPO Inizio="29.248" Bpm="120.00" Metro="4/4" Battito="2" />
      <TEMPO Inizio="29.749" Bpm="120.00" Metro="4/4" Battito="3" />
      <TEMPO Inizio="30.248" Bpm="120.00" Metro="4/4" Battito="4" />
      <TEMPO Inizio="30.749" Bpm="120.00" Metro="4/4" Battito="1" />
      <TEMPO Inizio="31.248" Bpm="120.00" Metro="4/4" Battito="2" />
      <TEMPO Inizio="31.749" Bpm="120.00" Metro="4/4" Battito="3" />
      <TEMPO Inizio="32.248" Bpm="120.00" Metro="4/4" Battito="4" />
      <TEMPO Inizio="32.749" Bpm="120.00" Metro="4/4" Battito="1" />
      <TEMPO Inizio="33.248" Bpm="120.00" Metro="4/4" Battito="2" />
      <TEMPO Inizio="33.749" Bpm="120.00" Metro="4/4" Battito="3" />
      <TEMPO Inizio="34.248" Bpm="120.00" Metro="4/4" Battito="4" />
      <TEMPO Inizio="34.749" Bpm="120.00" Metro="4/4" Battito="1" />
      <TEMPO Inizio="35.248" Bpm="120.00" Metro="4/4" Battito="2" />
      <TEMPO Inizio="35.749" Bpm="120.00" Metro="4/4" Battito="3" />
    </TRACK>
    <TRACK TrackID="215145288" Name="Blood &amp; Sand (A. Mochi Remix)" Artist="Dolby D, Matt Mus" Composer="" Album="Blood &amp; Sand" Grouping="" Genre="House/Techno/Sinister" Kind="AIFF File" Size="79634318" TotalTime="450" DiscNumber="0" TrackNumber="4" Year="2016" AverageBpm="128.00" DateAdded="2022-05-15" BitRate="1411" SampleRate="44100" Comments="4A - 5" PlayCount="11" Rating="0" Location="file://localhost/Users/zachvp/Music/DJ/7470565_Blood_%26_Sand_(A._Mochi_Remix).aiff" Remixer="" Tonality="4A" Label="HEX" Mix="">
      <TEMPO Inizio="0.077" Bpm="128.00" Metro="4/4" Battito="1" />
      <POSITION_MARK Name="" Type="0" Start="225.059" Num="-1" />
      <POSITION_MARK Name="" Type="0" Start="262.575" Num="-1" />
      <POSITION_MARK Name="" Type="0" Start="0.068" Num="-1" />
      <POSITION_MARK Name="" Type="0" Start="127.575" Num="-1" />
      <POSITION_MARK Name="" Type="0" Start="90.093" Num="-1" />
      <POSITION_MARK Name="" Type="0" Start="84.122" Num="-1" />
      <POSITION_MARK Name="" Type="0" Start="81.842" Num="-1" />
    </TRACK>
    <TRACK TrackID="115256358" Name="Handsome (Original Mix)" Artist="Sam Ball" Composer="" Album="Handsome" Grouping="" Genre="House/Tech/Groove" Kind="AIFF File" Size="74101548" TotalTime="419" DiscNumber="0" TrackNumber="1" Year="2012" AverageBpm="125.00" DateAdded="2022-05-15" BitRate="1411" SampleRate="44100" Comments="6A - 6" PlayCount="9" Rating="0" Location="file://localhost/Users/zachvp/Music/DJ/3579618_Handsome_(Original_Mix).aiff" Remixer="" Tonality="6A" Label="Intec" Mix="">
      <TEMPO Inizio="0.005" Bpm="125.00" Metro="4/4" Battito="1" />
      <TEMPO Inizio="30.724" Bpm="125.00" Metro="4/4" Battito="1" />
      <TEMPO Inizio="252.483" Bpm="125.00" Metro="4/4" Battito="3" />
    </TRACK>
    <TRACK TrackID="199359280" Name="Keep Pushin (Session Victim Mix)" Artist="Boris Dlugosch" Composer="" Album="Hamburg Elektronisch 3" Grouping="" Genre="House/Deep/Tech/Jazzy" Kind="AIFF File" Size="74438178" TotalTime="421" DiscNumber="0" TrackNumber="5" Year="2016" AverageBpm="123.00" DateAdded="2022-05-15" BitRate="1411" SampleRate="44100" Comments="8A - 6" PlayCount="6" Rating="0" Location="file://localhost/Users/zachvp/Music/DJ/7701920_Keep_Pushin_(Session_Victim_Mix).aiff" Remixer="" Tonality="8A" Label="Hafendisko" Mix="">
      <TEMPO Inizio="0.000" Bpm="123.00" Metro="4/4" Battito="1" />
      <POSITION_MARK Name="" Type="0" Start="62.433" Num="-1" />
      <POSITION_MARK Name="" Type="0" Start="343.405" Num="-1" />
    </TRACK>
    <TRACK TrackID="244732513" Name="Crate Digging (Original Mix)" Artist="Kontra" Composer="" Album="Crate Digging EP" Grouping="" Genre="House/Tech/Organic" Kind="AIFF File" Size="82006170" TotalTime="464" DiscNumber="0" TrackNumber="1" Year="2012" AverageBpm="126.00" DateAdded="2022-05-15" BitRate="1411" SampleRate="44100" Comments="6A - 6" PlayCount="3" Rating="0" Location="file://localhost/Users/zachvp/Music/DJ/3796720_Crate_Digging_(Original_Mix).aiff" Remixer="" Tonality="6A" Label="Globox" Mix="">
      <TEMPO Inizio="0.001" Bpm="126.00" Metro="4/4" Battito="1" />
      <TEMPO Inizio="0.954" Bpm="126.00" Metro="4/4" Battito="3" />
      <TEMPO Inizio="368.572" Bpm="126.00" Metro="4/4" Battito="3" />
    </TRACK>
    <TRACK TrackID="157659948" Name="Atome I (Original Mix)" Artist="Roman Poncet" Composer="" Album="Marguerite" Grouping="" Genre="House/Techno/Sinister" Kind="AIFF File" Size="65836224" TotalTime="372" DiscNumber="0" TrackNumber="3" Year="2016" AverageBpm="130.00" DateAdded="2022-05-15" BitRate="1411" SampleRate="44100" Comments="4A - 6" PlayCount="2" Rating="0" Location="file://localhost/Users/zachvp/Music/DJ/7718802_Atome_I_(Original_Mix).aiff" Remixer="" Tonality="4A" Label="Figure" Mix="">
      <TEMPO Inizio="0.003" Bpm="130.00" Metro="4/4" Battito="1" />
    </TRACK>
    <TRACK TrackID="133320058" Name="Make You Mine (Original Mix)" Artist="Josh Taylor, Justin Jay" Composer="" Album="Make You Mine  EP" Grouping="" Genre="House/Tech/Indie/" Kind="AIFF File" Size="84044178" TotalTime="476" DiscNumber="0" TrackNumber="1" Year="2016" AverageBpm="126.00" DateAdded="2022-05-15" BitRate="1411" SampleRate="44100" Comments="5A - 6" PlayCount="1" Rating="0" Location="file://localhost/Users/zachvp/Music/DJ/7964040_Make_You_Mine_(Original_Mix).aiff" Remixer="" Tonality="5A" Label="Repopulate Mars" Mix="">
      <TEMPO Inizio="0.146" Bpm="126.00" Metro="4/4" Battito="1" />
      <TEMPO Inizio="1.099" Bpm="126.00" Metro="4/4" Battito="3" />
      <POSITION_MARK Name="" Type="0" Start="291.569" Num="-1" />
    </TRACK>
    <TRACK TrackID="134499680" Name="Zauber (Original Mix)" Artist="Solee" Composer="" Album="Zauber / History" Grouping="" Genre="House/Deep/Melodic" Kind="AIFF File" Size="83989908" TotalTime="474" DiscNumber="0" TrackNumber="1" Year="2017" AverageBpm="123.00" DateAdded="2022-05-15" BitRate="1411" SampleRate="44100" Comments="9A - 5" PlayCount="0" Rating="0" Location="file://localhost/Users/zachvp/Music/DJ/8762632_Zauber_(Original_Mix).aiff" Remixer="" Tonality="9A" Label="Parquet Recordings" Mix="">
      <TEMPO Inizio="0.114" Bpm="123.00" Metro="4/4" Battito="1" />
    </TRACK>
    <TRACK TrackID="208807202" Name="Jump In The Water (Original Mix)" Artist="Daniel Bortz" Composer="" Album="Bar25 Compilation: Kaleidoskop, Vol. 1 (Compiled by Benno Blome)" Grouping="" Genre="House/Deep/Tech/Spacey" Kind="AIFF File" Size="67517226" TotalTime="382" DiscNumber="0" TrackNumber="10" Year="2016" AverageBpm="123.00" DateAdded="2022-05-15" BitRate="1411" SampleRate="44100" Comments="11A - 5" PlayCount="3" Rating="0" Location="file://localhost/Users/zachvp/Music/DJ/8121897_Jump_In_The_Water_(Original_Mix).aiff" Remixer="" Tonality="11A" Label="Bar 25 Music" Mix="">
      <TEMPO Inizio="0.292" Bpm="123.00" Metro="4/4" Battito="1" />
    </TRACK>
    <TRACK TrackID="136679368" Name="Ta Bueno Que Me Pase (Original Mix)" Artist="Novodisc" Composer="" Album="Pase EP" Grouping="" Genre="House/Tech/Organic" Kind="AIFF File" Size="72514032" TotalTime="411" DiscNumber="0" TrackNumber="1" Year="2013" AverageBpm="120.00" DateAdded="2022-05-15" BitRate="1411" SampleRate="44100" Comments="6A - 6" PlayCount="5" Rating="0" Location="file://localhost/Users/zachvp/Music/DJ/4129941_Ta_Bueno_Que_Me_Pase_(Original_Mix).aiff" Remixer="" Tonality="6A" Label="Sanity Limited" Mix="">
      <TEMPO Inizio="0.011" Bpm="120.00" Metro="4/4" Battito="1" />
      <TEMPO Inizio="316.010" Bpm="120.00" Metro="4/4" Battito="1" />
      <TEMPO Inizio="316.511" Bpm="120.00" Metro="4/4" Battito="2" />
      <TEMPO Inizio="317.010" Bpm="120.00" Metro="4/4" Battito="3" />
      <TEMPO Inizio="317.511" Bpm="120.00" Metro="4/4" Battito="4" />
      <TEMPO Inizio="318.010" Bpm="120.00" Metro="4/4" Battito="1" />
      <TEMPO Inizio="318.511" Bpm="120.00" Metro="4/4" Battito="2" />
      <TEMPO Inizio="319.010" Bpm="120.00" Metro="4/4" Battito="3" />
      <TEMPO Inizio="319.511" Bpm="120.00" Metro="4/4" Battito="4" />
      <TEMPO Inizio="320.010" Bpm="120.00" Metro="4/4" Battito="1" />
      <TEMPO Inizio="320.511" Bpm="120.00" Metro="4/4" Battito="2" />
      <TEMPO Inizio="321.010" Bpm="120.00" Metro="4/4" Battito="3" />
      <TEMPO Inizio="321.511" Bpm="120.00" Metro="4/4" Battito="4" />
      <TEMPO Inizio="322.010" Bpm="120.00" Metro="4/4" Battito="1" />
      <TEMPO Inizio="322.511" Bpm="120.00" Metro="4/4" Battito="2" />
      <TEMPO Inizio="323.010" Bpm="120.00" Metro="4/4" Battito="3" />
      <TEMPO Inizio="323.511" Bpm="120.00" Metro="4/4" Battito="4" />
      <TEMPO Inizio="324.010" Bpm="120.00" Metro="4/4" Battito="1" />
      <TEMPO Inizio="324.511" Bpm="120.00" Metro="4/4" Battito="2" />
      <TEMPO Inizio="325.010" Bpm="120.00" Metro="4/4" Battito="3" />
      <TEMPO Inizio="325.511" Bpm="120.00" Metro="4/4" Battito="4" />
      <TEMPO Inizio="326.010" Bpm="120.00" Metro="4/4" Battito="1" />
      <TEMPO Inizio="326.511" Bpm="120.00" Metro="4/4" Battito="2" />
      <TEMPO Inizio="327.010" Bpm="120.00" Metro="4/4" Battito="3" />
      <TEMPO Inizio="327.511" Bpm="120.00" Metro="4/4" Battito="4" />
      <TEMPO Inizio="328.010" Bpm="120.00" Metro="4/4" Battito="1" />
      <TEMPO Inizio="328.511" Bpm="120.00" Metro="4/4" Battito="2" />
      <TEMPO Inizio="329.010" Bpm="120.00" Metro="4/4" Battito="3" />
      <TEMPO Inizio="329.511" Bpm="120.00" Metro="4/4" Battito="4" />
      <TEMPO Inizio="330.010" Bpm="120.00" Metro="4/4" Battito="1" />
      <TEMPO Inizio="330.511" Bpm="120.00" Metro="4/4" Battito="2" />
      <TEMPO Inizio="331.010" Bpm="120.00" Metro="4/4" Battito="3" />
      <TEMPO Inizio="331.511" Bpm="120.00" Metro="4/4" Battito="4" />
      <TEMPO Inizio="332.010" Bpm="120.00" Metro="4/4" Battito="1" />
      <TEMPO Inizio="332.511" Bpm="120.00" Metro="4/4" Battito="2" />
      <TEMPO Inizio="333.010" Bpm="120.00" Metro="4/4" Battito="3" />
      <TEMPO Inizio="333.511" Bpm="120.00" Metro="4/4" Battito="4" />
      <TEMPO Inizio="334.010" Bpm="120.00" Metro="4/4" Battito="1" />
      <TEMPO Inizio="334.511" Bpm="120.00" Metro="4/4" Battito="2" />
      <TEMPO Inizio="335.010" Bpm="120.00" Metro="4/4" Battito="3" />
      <TEMPO Inizio="335.511" Bpm="120.00" Metro="4/4" Battito="4" />
      <TEMPO Inizio="336.010" Bpm="120.00" Metro="4/4" Battito="1" />
      <TEMPO Inizio="336.511" Bpm="120.00" Metro="4/4" Battito="2" />
      <TEMPO Inizio="337.010" Bpm="120.00" Metro="4/4" Battito="3" />
      <TEMPO Inizio="337.511" Bpm="120.00" Metro="4/4" Battito="4" />
      <TEMPO Inizio="338.010" Bpm="120.00" Metro="4/4" Battito="1" />
      <TEMPO Inizio="338.511" Bpm="120.00" Metro="4/4" Battito="2" />
      <TEMPO Inizio="339.010" Bpm="120.00" Metro="4/4" Battito="3" />
      <TEMPO Inizio="339.511" Bpm="120.00" Metro="4/4" Battito="4" />
      <TEMPO Inizio="340.010" Bpm="120.00" Metro="4/4" Battito="1" />
      <TEMPO Inizio="340.511" Bpm="120.00" Metro="4/4" Battito="2" />
      <TEMPO Inizio="341.010" Bpm="120.00" Metro="4/4" Battito="3" />
      <TEMPO Inizio="341.511" Bpm="120.00" Metro="4/4" Battito="4" />
      <TEMPO Inizio="342.010" Bpm="120.00" Metro="4/4" Battito="1" />
      <TEMPO Inizio="342.511" Bpm="120.00" Metro="4/4" Battito="2" />
      <TEMPO Inizio="343.010" Bpm="120.00" Metro="4/4" Battito="3" />
      <TEMPO Inizio="343.511" Bpm="120.00" Metro="4/4" Battito="4" />
      <TEMPO Inizio="344.010" Bpm="120.00" Metro="4/4" Battito="1" />
      <TEMPO Inizio="344.511" Bpm="120.00" Metro="4/4" Battito="2" />
      <TEMPO Inizio="345.010" Bpm="120.00" Metro="4/4" Battito="3" />
      <TEMPO Inizio="345.511" Bpm="120.00" Metro="4/4" Battito="4" />
      <TEMPO Inizio="346.010" Bpm="120.00" Metro="4/4" Battito="1" />
      <TEMPO Inizio="346.511" Bpm="120.00" Metro="4/4" Battito="2" />
      <TEMPO Inizio="347.010" Bpm="120.00" Metro="4/4" Battito="3" />
      <TEMPO Inizio="347.511" Bpm="120.00" Metro="4/4" Battito="4" />
      <TEMPO Inizio="348.010" Bpm="120.00" Metro="4/4" Battito="1" />
      <TEMPO Inizio="348.511" Bpm="120.00" Metro="4/4" Battito="2" />
      <TEMPO Inizio="349.010" Bpm="120.00" Metro="4/4" Battito="3" />
      <TEMPO Inizio="349.511" Bpm="120.00" Metro="4/4" Battito="4" />
      <TEMPO Inizio="350.010" Bpm="120.00" Metro="4/4" Battito="1" />
      <TEMPO Inizio="350.511" Bpm="120.00" Metro="4/4" Battito="2" />
      <TEMPO Inizio="351.010" Bpm="120.00" Metro="4/4" Battito="3" />
      <TEMPO Inizio="351.511" Bpm="120.00" Metro="4/4" Battito="4" />
      <TEMPO Inizio="352.010" Bpm="120.00" Metro="4/4" Battito="1" />
      <TEMPO Inizio="352.511" Bpm="120.00" Metro="4/4" Battito="2" />
      <TEMPO Inizio="353.010" Bpm="120.00" Metro="4/4" Battito="3" />
      <TEMPO Inizio="353.511" Bpm="120.00" Metro="4/4" Battito="4" />
      <TEMPO Inizio="354.010" Bpm="120.00" Metro="4/4" Battito="1" />
      <POSITION_MARK Name="" Type="0" Start="32.000" Num="-1" />
      <POSITION_MARK Name="" Type="0" Start="64.000" Num="-1" />
      <POSITION_MARK Name="" Type="0" Start="280.005" Num="-1" />
    </TRACK>
    <TRACK TrackID="220448003" Name="1+1=1 (Original MIx)" Artist="Cajmere, Dyed Soundorom" Composer="" Album="Too Underground For The Main Stage" Grouping="" Genre="House/Deep/Tech/" Kind="AIFF File" Size="76751844" TotalTime="434" DiscNumber="0" TrackNumber="5" Year="2013" AverageBpm="124.00" DateAdded="2022-05-15" BitRate="1411" SampleRate="44100" Comments="3A - 5" PlayCount="11" Rating="0" Location="file://localhost/Users/zachvp/Music/DJ/4390712_1+1=1_(Original_MIx).aiff" Remixer="" Tonality="3A" Label="Cajual" Mix="">
      <TEMPO Inizio="0.146" Bpm="124.00" Metro="4/4" Battito="1" />
      <POSITION_MARK Name="" Type="0" Start="0.142" Num="-1" />
    </TRACK>
    <TRACK TrackID="207265798" Name="Skinner Box (Original Mix)" Artist="Daniel Bortz, Marcus Worgull" Composer="" Album="Dry Mouth EP" Grouping="" Genre="House/Techno/Downtempo" Kind="AIFF File" Size="73085988" TotalTime="412" DiscNumber="0" TrackNumber="1" Year="2017" AverageBpm="122.01" DateAdded="2022-05-15" BitRate="1411" SampleRate="44100" Comments="7A - 5" PlayCount="0" Rating="0" Location="file://localhost/Users/zachvp/Music/DJ/8821658_Skinner_Box_(Original_Mix).aiff" Remixer="" Tonality="7A" Label="Exit Strategy" Mix="">
      <TEMPO Inizio="0.297" Bpm="122.01" Metro="4/4" Battito="1" />
    </TRACK>
    <TRACK TrackID="134697155" Name="To Feel (Original Mix)" Artist="Caldera" Composer="" Album="Stuck in a Dream of Being Awake" Grouping="" Genre="House/Deep/Tech/Spacey" Kind="AIFF File" Size="86115764" TotalTime="487" DiscNumber="0" TrackNumber="3" Year="2017" AverageBpm="112.00" DateAdded="2022-05-15" BitRate="1411" SampleRate="44100" Comments="10A - 5" PlayCount="6" Rating="0" Location="file://localhost/Users/zachvp/Music/DJ/9138159_To_Feel_(Original_Mix).aiff" Remixer="" Tonality="10A" Label="Noorden" Mix="">
      <TEMPO Inizio="0.097" Bpm="112.00" Metro="4/4" Battito="1" />
    </TRACK>
    <TRACK TrackID="100586761" Name="Gruebel Duebel (Greenville Massive Remix)" Artist="Schlepp Geist" Composer="" Album="Fat for Fun" Grouping="" Genre="House/Deep/Tech/" Kind="AIFF File" Size="84054226" TotalTime="476" DiscNumber="0" TrackNumber="4" Year="2013" AverageBpm="123.00" DateAdded="2022-05-15" BitRate="1411" SampleRate="44100" Comments="1A - 6" PlayCount="9" Rating="0" Location="file://localhost/Users/zachvp/Music/DJ/4010779_Gruebel_Duebel_(Greenville_Massive_Remix).aiff" Remixer="" Tonality="1A" Label="Underyourskin Records" Mix="">
      <TEMPO Inizio="0.240" Bpm="123.00" Metro="4/4" Battito="1" />
    </TRACK>
    <TRACK TrackID="25439266" Name="If I Ever Dance (Original)" Artist="Weiss (UK)" Composer="" Album="Mountain De Luxe - Edition St. Moritz (Selected by Lorenzo al Dino)" Grouping="" Genre="House/Tech/Organic" Kind="AIFF File" Size="65457216" TotalTime="370" DiscNumber="0" TrackNumber="16" Year="2014" AverageBpm="120.99" DateAdded="2022-05-15" BitRate="1411" SampleRate="44100" Comments="2A - 5" PlayCount="0" Rating="0" Location="file://localhost/Users/zachvp/Music/DJ/5051925_If_I_Ever_Dance_(Original).aiff" Remixer="" Tonality="2A" Label="Royal Plastic" Mix="">
      <TEMPO Inizio="0.217" Bpm="120.99" Metro="4/4" Battito="2" />
    </TRACK>
    <TRACK TrackID="179209212" Name="Keep A Movin' (Original Mix)" Artist="Tiger Stripes" Composer="" Album="Sisters" Grouping="" Genre="House/Tech/Groove" Kind="AIFF File" Size="74052032" TotalTime="419" DiscNumber="0" TrackNumber="2" Year="2014" AverageBpm="127.00" DateAdded="2022-05-15" BitRate="1411" SampleRate="44100" Comments="5A - 5" PlayCount="3" Rating="0" Location="file://localhost/Users/zachvp/Music/DJ/5039106_Keep_A_Movin__(Original_Mix).aiff" Remixer="" Tonality="5A" Label="Desolat" Mix="">
      <TEMPO Inizio="0.253" Bpm="127.00" Metro="4/4" Battito="1" />
    </TRACK>
    <TRACK TrackID="181376707" Name="There's No Time (Original Mix)" Artist="Fur Coat" Composer="" Album="There's No Time" Grouping="" Genre="House/Deep/Tech/Spacey" Kind="AIFF File" Size="96008272" TotalTime="543" DiscNumber="0" TrackNumber="1" Year="2014" AverageBpm="121.00" DateAdded="2022-05-15" BitRate="1411" SampleRate="44100" Comments="5A - 6" PlayCount="1" Rating="0" Location="file://localhost/Users/zachvp/Music/DJ/5204265_There_s_No_Time_(Original_Mix).aiff" Remixer="" Tonality="5A" Label="Hot Creations" Mix="">
      <TEMPO Inizio="0.004" Bpm="121.00" Metro="4/4" Battito="1" />
    </TRACK>
    <TRACK TrackID="55454823" Name="Stew (Original Mix)" Artist="O.D.D." Composer="" Album="DABJ Allstars Vol 3" Grouping="" Genre="House/Tech/Groove" Kind="AIFF File" Size="74137908" TotalTime="420" DiscNumber="0" TrackNumber="1" Year="2016" AverageBpm="125.00" DateAdded="2022-05-15" BitRate="1411" SampleRate="44100" Comments="8A - 6" PlayCount="0" Rating="0" Location="file://localhost/Users/zachvp/Music/DJ/9300344_Stew_(Original_Mix).aiff" Remixer="" Tonality="8A" Label="Dixon Avenue Basement Jams" Mix="">
      <TEMPO Inizio="0.224" Bpm="125.00" Metro="4/4" Battito="1" />
    </TRACK>
    <TRACK TrackID="1442513" Name="Mystericordia (Ryan Crosson Remix)" Artist="Igor Vicente" Composer="" Album="Mystericordia" Grouping="" Genre="House/Deep/Tech/Spacey" Kind="AIFF File" Size="84856424" TotalTime="480" DiscNumber="0" TrackNumber="5" Year="2014" AverageBpm="128.00" DateAdded="2022-05-15" BitRate="1411" SampleRate="44100" Comments="7A - 5" PlayCount="4" Rating="0" Location="file://localhost/Users/zachvp/Music/DJ/5325967_Mystericordia_(Ryan_Crosson_Remix).aiff" Remixer="" Tonality="7A" Label="Mobilee Records" Mix="">
      <TEMPO Inizio="0.123" Bpm="128.00" Metro="4/4" Battito="1" />
      <POSITION_MARK Name="" Type="0" Start="0.108" Num="-1" />
    </TRACK>
    <TRACK TrackID="230462994" Name="The Motivation (Efdemin Remix) (Original Mix)" Artist="Tadeo" Composer="" Album="Chronicles Of The Future (Remixes)" Grouping="" Genre="House/Techno/Sinister" Kind="AIFF File" Size="63124980" TotalTime="357" DiscNumber="0" TrackNumber="3" Year="2017" AverageBpm="129.00" DateAdded="2022-05-15" BitRate="1411" SampleRate="44100" Comments="5A - 6" PlayCount="1" Rating="0" Location="file://localhost/Users/zachvp/Music/DJ/9310469_The_Motivation_(Efdemin_Remix)_(Original_Mix).aiff" Remixer="" Tonality="5A" Label="Non Series" Mix="">
      <TEMPO Inizio="0.067" Bpm="129.00" Metro="4/4" Battito="1" />
      <TEMPO Inizio="0.533" Bpm="129.00" Metro="4/4" Battito="2" />
      <TEMPO Inizio="260.532" Bpm="129.00" Metro="4/4" Battito="1" />
    </TRACK>
    <TRACK TrackID="41797556" Name="Anxiety (Original Mix)" Artist="Luuk Van Dijk" Composer="" Album="Yes Baby EP" Grouping="" Genre="House/Deep/Tech/" Kind="AIFF File" Size="79418854" TotalTime="449" DiscNumber="0" TrackNumber="3" Year="2017" AverageBpm="124.00" DateAdded="2022-05-15" BitRate="1411" SampleRate="44100" Comments="4A - 6" PlayCount="11" Rating="0" Location="file://localhost/Users/zachvp/Music/DJ/9316106_Anxiety_(Original_Mix).aiff" Remixer="" Tonality="4A" Label="Sanity" Mix="">
      <TEMPO Inizio="0.061" Bpm="124.00" Metro="4/4" Battito="1" />
      <POSITION_MARK Name="" Type="0" Start="1.990" Num="-1" />
    </TRACK>
    <TRACK TrackID="128030743" Name="Mystericordia (Rodriguez Jr. Remix)" Artist="Igor Vicente" Composer="" Album="Faze #26: Anja Schneider vs. Ray Okpara" Grouping="" Genre="House/Deep/Tech/Spacey" Kind="AIFF File" Size="72923248" TotalTime="409" DiscNumber="0" TrackNumber="6" Year="2014" AverageBpm="120.00" DateAdded="2022-05-15" BitRate="1411" SampleRate="44100" Comments="9A - 5" PlayCount="5" Rating="0" Location="file://localhost/Users/zachvp/Music/DJ/5380604_Mystericordia_(Rodriguez_Jr._Remix).aiff" Remixer="" Tonality="9A" Label="dig dis! Series" Mix="">
      <TEMPO Inizio="0.069" Bpm="120.00" Metro="4/4" Battito="1" />
      <TEMPO Inizio="120.568" Bpm="120.00" Metro="4/4" Battito="2" />
    </TRACK>
    <TRACK TrackID="84528477" Name="Crazy (Cari Lekebusch Mix)" Artist="Cari Lekebusch, Zoe Xenia" Composer="" Album="Crazy EP" Grouping="" Genre="House/Techno/Downtempo" Kind="AIFF File" Size="70065676" TotalTime="396" DiscNumber="0" TrackNumber="1" Year="2014" AverageBpm="121.00" DateAdded="2022-05-15" BitRate="1411" SampleRate="44100" Comments="6A - 6" PlayCount="4" Rating="0" Location="file://localhost/Users/zachvp/Music/DJ/5442338_Crazy_(Cari_Lekebusch_Mix).aiff" Remixer="" Tonality="6A" Label="Monique Musique" Mix="">
      <TEMPO Inizio="0.127" Bpm="121.00" Metro="4/4" Battito="1" />
    </TRACK>
    <TRACK TrackID="144533544" Name="Day Spa (Original Mix)" Artist="Eduardo Muchacho" Composer="" Album="Day Spa" Grouping="" Genre="House/Deep/Tech/Jazzy" Kind="AIFF File" Size="71218634" TotalTime="401" DiscNumber="0" TrackNumber="1" Year="2018" AverageBpm="122.00" DateAdded="2022-05-15" BitRate="1411" SampleRate="44100" Comments="4A - 5" PlayCount="6" Rating="0" Location="file://localhost/Users/zachvp/Music/DJ/10285016_Day_Spa_(Original_Mix).aiff" Remixer="" Tonality="4A" Label="Of Leisure" Mix="">
      <TEMPO Inizio="0.002" Bpm="122.00" Metro="4/4" Battito="1" />
      <POSITION_MARK Name="" Type="0" Start="94.436" Num="-1" />
      <POSITION_MARK Name="" Type="0" Start="236.067" Num="-1" />
      <POSITION_MARK Name="" Type="0" Start="251.808" Num="-1" />
      <POSITION_MARK Name="" Type="0" Start="346.221" Num="-1" />
    </TRACK>
    <TRACK TrackID="203091839" Name="Aetas (Original Mix)" Artist="Din" Composer="" Album="Masse Remixes I" Grouping="" Genre="House/Deep/Tech/Dubby" Kind="AIFF File" Size="94403978" TotalTime="534" DiscNumber="0" TrackNumber="2" Year="2014" AverageBpm="128.00" DateAdded="2022-05-15" BitRate="1411" SampleRate="44100" Comments="8A - 5" PlayCount="16" Rating="0" Location="file://localhost/Users/zachvp/Music/DJ/5485455_Aetas_(Original_Mix).aiff" Remixer="" Tonality="8A" Label="Ostgut Ton" Mix="">
      <TEMPO Inizio="0.035" Bpm="128.00" Metro="4/4" Battito="1" />
      <POSITION_MARK Name="" Type="0" Start="30.552" Num="-1" />
      <POSITION_MARK Name="" Type="0" Start="60.035" Num="-1" />
    </TRACK>
    <TRACK TrackID="214220648" Name="The Reality (Original Mix)" Artist="Emanuele Rada" Composer="" Album="The Reality" Grouping="" Genre="House/Tech/Groove" Kind="AIFF File" Size="78629240" TotalTime="445" DiscNumber="0" TrackNumber="1" Year="2014" AverageBpm="125.00" DateAdded="2022-05-15" BitRate="1411" SampleRate="44100" Comments="9A - 5" PlayCount="6" Rating="0" Location="file://localhost/Users/zachvp/Music/DJ/5645512_The_Reality_(Original_Mix).aiff" Remixer="" Tonality="9A" Label="Waldliebe Familien" Mix="">
      <TEMPO Inizio="0.013" Bpm="125.00" Metro="4/4" Battito="1" />
      <POSITION_MARK Name="" Type="0" Start="130.573" Num="-1" />
    </TRACK>
    <TRACK TrackID="63371917" Name="4 You (MK Remix)" Artist="4Th Measure Men" Composer="" Album="4 You" Grouping="" Genre="House/Tech/Groove" Kind="AIFF File" Size="67575112" TotalTime="382" DiscNumber="0" TrackNumber="2" Year="2018" AverageBpm="122.88" DateAdded="2022-05-15" BitRate="1411" SampleRate="44100" Comments="2A - 6" PlayCount="3" Rating="0" Location="file://localhost/Users/zachvp/Music/DJ/10386931_4_You_(MK_Remix).aiff" Remixer="" Tonality="2A" Label="4 To The Floor Records" Mix="">
      <TEMPO Inizio="0.475" Bpm="122.88" Metro="4/4" Battito="2" />
      <TEMPO Inizio="9.753" Bpm="122.88" Metro="4/4" Battito="1" />
      <TEMPO Inizio="31.238" Bpm="122.88" Metro="4/4" Battito="1" />
      <TEMPO Inizio="58.094" Bpm="122.88" Metro="4/4" Battito="4" />
      <TEMPO Inizio="72.743" Bpm="122.88" Metro="4/4" Battito="2" />
      <TEMPO Inizio="97.646" Bpm="122.88" Metro="4/4" Battito="1" />
      <TEMPO Inizio="122.549" Bpm="122.88" Metro="4/4" Battito="4" />
      <TEMPO Inizio="144.034" Bpm="122.88" Metro="4/4" Battito="4" />
      <TEMPO Inizio="165.519" Bpm="122.88" Metro="4/4" Battito="4" />
      <TEMPO Inizio="190.422" Bpm="122.88" Metro="4/4" Battito="3" />
      <TEMPO Inizio="217.278" Bpm="122.88" Metro="4/4" Battito="2" />
      <TEMPO Inizio="228.509" Bpm="122.88" Metro="4/4" Battito="1" />
      <TEMPO Inizio="255.365" Bpm="122.88" Metro="4/4" Battito="4" />
      <TEMPO Inizio="270.014" Bpm="122.88" Metro="4/4" Battito="2" />
      <TEMPO Inizio="294.917" Bpm="122.88" Metro="4/4" Battito="1" />
      <TEMPO Inizio="319.820" Bpm="122.88" Metro="4/4" Battito="4" />
      <TEMPO Inizio="341.305" Bpm="122.88" Metro="4/4" Battito="4" />
      <TEMPO Inizio="362.790" Bpm="122.88" Metro="4/4" Battito="4" />
    </TRACK>
    <TRACK TrackID="64652862" Name="Morning Glory (Original Mix)" Artist="Felix Krocher, Moonwalk" Composer="" Album="Faze #77: Felix Kröcher" Grouping="" Genre="House/Techno/Downtempo" Kind="AIFF File" Size="75662296" TotalTime="428" DiscNumber="0" TrackNumber="9" Year="2018" AverageBpm="126.00" DateAdded="2022-05-15" BitRate="1411" SampleRate="44100" Comments="7A - 6" PlayCount="1" Rating="0" Location="file://localhost/Users/zachvp/Music/DJ/10872561_Morning_Glory_(Original_Mix).aiff" Remixer="" Tonality="7A" Label="dig dis! Series" Mix="">
      <TEMPO Inizio="0.105" Bpm="126.00" Metro="4/4" Battito="1" />
      <TEMPO Inizio="166.296" Bpm="126.00" Metro="4/4" Battito="2" />
    </TRACK>
    <TRACK TrackID="91882941" Name="Just Us (D'Julz Remix)" Artist="Sublevel" Composer="" Album="Just Us Remixes" Grouping="" Genre="House/Deep/Tech/Jazzy" Kind="AIFF File" Size="70531550" TotalTime="399" DiscNumber="0" TrackNumber="3" Year="2014" AverageBpm="125.00" DateAdded="2022-05-15" BitRate="1411" SampleRate="44100" Comments="1A - 5" PlayCount="14" Rating="0" Location="file://localhost/Users/zachvp/Music/DJ/5920733_Just_Us_(D_Julz_Remix).aiff" Remixer="" Tonality="1A" Label="Sublevel Music" Mix="">
      <TEMPO Inizio="0.250" Bpm="125.00" Metro="4/4" Battito="1" />
      <POSITION_MARK Name="" Type="0" Start="61.678" Num="-1" />
    </TRACK>
    <TRACK TrackID="263316888" Name="Pulse (Original Mix)" Artist="Paul Ritch" Composer="" Album="Pulse" Grouping="" Genre="House/Techno/Sinister" Kind="AIFF File" Size="116661000" TotalTime="660" DiscNumber="0" TrackNumber="1" Year="2014" AverageBpm="125.00" DateAdded="2022-05-15" BitRate="1411" SampleRate="44100" Comments="10A - 5" PlayCount="2" Rating="0" Location="file://localhost/Users/zachvp/Music/DJ/5999025_Pulse_(Original_Mix).aiff" Remixer="" Tonality="10A" Label="SCI+TEC" Mix="">
      <TEMPO Inizio="0.011" Bpm="125.00" Metro="4/4" Battito="1" />
    </TRACK>
    <TRACK TrackID="153973192" Name="Cheekon (Original Mix)" Artist="BLOND:ISH" Composer="" Album="Cheekon" Grouping="" Genre="House/Deep/Tech/" Kind="AIFF File" Size="109604982" TotalTime="620" DiscNumber="0" TrackNumber="1" Year="2018" AverageBpm="122.00" DateAdded="2022-05-15" BitRate="1411" SampleRate="44100" Comments="3A - 5" PlayCount="5" Rating="0" Location="file://localhost/Users/zachvp/Music/DJ/11274842_Cheekon_(Original_Mix).aiff" Remixer="" Tonality="3A" Label="Abracadabra Music" Mix="">
      <TEMPO Inizio="0.165" Bpm="122.00" Metro="4/4" Battito="1" />
    </TRACK>
    <TRACK TrackID="133559130" Name="Vicious Game 2018 (Mark Broom V2 Remix)" Artist="David Carretta" Composer="" Album="Vicious Game 2018" Grouping="" Genre="House/Techno/Sinister" Kind="AIFF File" Size="58295356" TotalTime="329" DiscNumber="0" TrackNumber="5" Year="2018" AverageBpm="130.00" DateAdded="2022-05-15" BitRate="1411" SampleRate="44100" Comments="4A - 5" PlayCount="3" Rating="0" Location="file://localhost/Users/zachvp/Music/DJ/10095759_Vicious_Game_2018_(Mark_Broom_V2_Remix).aiff" Remixer="" Tonality="4A" Label="GND Records" Mix="">
      <TEMPO Inizio="0.014" Bpm="130.00" Metro="4/4" Battito="1" />
    </TRACK>
    <TRACK TrackID="173243627" Name="NoOne (Remastered 2021)" Artist="Maxwell" Composer="" Album="Now" Grouping="" Genre="Lounge/Indie" Kind="AIFF File" Size="49614196" TotalTime="281" DiscNumber="0" TrackNumber="5" Year="2001" AverageBpm="117.02" DateAdded="2022-05-15" BitRate="1411" SampleRate="44100" Comments="3A - 6" PlayCount="3" Rating="0" Location="file://localhost/Users/zachvp/Music/DJ/6337035_NoOne_(Remastered_2021).aiff" Remixer="" Tonality="3A" Label="Columbia (Sony)" Mix="">
      <TEMPO Inizio="0.328" Bpm="117.02" Metro="4/4" Battito="1" />
    </TRACK>
    <TRACK TrackID="142566163" Name="Tropika (Fred Everything Remix)" Artist="Toka" Composer="" Album="Bosh 20" Grouping="" Genre="House/Deep/Tech/Jazzy" Kind="AIFF File" Size="80797050" TotalTime="457" DiscNumber="0" TrackNumber="4" Year="2018" AverageBpm="125.59" DateAdded="2022-05-15" BitRate="1411" SampleRate="44100" Comments="1A - 7" PlayCount="10" Rating="0" Location="file://localhost/Users/zachvp/Music/DJ/11027861_Tropika_(Fred_Everything_Remix).aiff" Remixer="" Tonality="1A" Label="Bosh Recordings" Mix="">
      <TEMPO Inizio="0.038" Bpm="125.59" Metro="4/4" Battito="3" />
      <POSITION_MARK Name="" Type="0" Start="4.802" Num="-1" />
      <POSITION_MARK Name="" Type="0" Start="43.031" Num="-1" />
    </TRACK>
    <TRACK TrackID="16540514" Name="B. Karlsson's Dub (Original Mix)" Artist="Art Alfie, Mr. Tophat" Composer="" Album="Kvk 800" Grouping="" Genre="House/Deep/Tech/Jazzy" Kind="AIFF File" Size="82322876" TotalTime="465" DiscNumber="0" TrackNumber="2" Year="2014" AverageBpm="124.80" DateAdded="2022-05-15" BitRate="1411" SampleRate="44100" Comments="5A - 6" PlayCount="5" Rating="0" Location="file://localhost/Users/zachvp/Music/DJ/6013825_B._Karlsson_s_Dub_(Original_Mix).aiff" Remixer="" Tonality="5A" Label="Karlovak" Mix="">
      <TEMPO Inizio="0.277" Bpm="124.80" Metro="4/4" Battito="1" />
    </TRACK>
    <TRACK TrackID="244844710" Name="Today (feat. Sui Zhen) (Move D Vocal Mix)" Artist="Tornado Wallace" Composer="" Album="Lonely Planet Remixes" Grouping="" Genre="House/Deep/Tech/" Kind="AIFF File" Size="64233010" TotalTime="363" DiscNumber="0" TrackNumber="2" Year="2018" AverageBpm="119.00" DateAdded="2022-05-15" BitRate="1411" SampleRate="44100" Comments="7A - 5" PlayCount="2" Rating="0" Location="file://localhost/Users/zachvp/Music/DJ/10313331_Today_(feat._Sui_Zhen)_(Move_D_Vocal_Mix).aiff" Remixer="" Tonality="7A" Label="Running Back" Mix="">
      <TEMPO Inizio="0.199" Bpm="119.00" Metro="4/4" Battito="1" />
      <TEMPO Inizio="1.208" Bpm="119.00" Metro="4/4" Battito="3" />
    </TRACK>
    <TRACK TrackID="161218949" Name="The End To My Beginning (Original Mix)" Artist="Dubfire" Composer="" Album="Four To The Floor 13" Grouping="" Genre="House/Tech/Indie/Retro" Kind="AIFF File" Size="90977780" TotalTime="515" DiscNumber="0" TrackNumber="1" Year="2018" AverageBpm="121.00" DateAdded="2022-05-15" BitRate="1411" SampleRate="44100" Comments="8A - 6" PlayCount="6" Rating="0" Location="file://localhost/Users/zachvp/Music/DJ/11353253_The_End_To_My_Beginning_(Original_Mix).aiff" Remixer="" Tonality="8A" Label="Diynamic" Mix="">
      <TEMPO Inizio="0.122" Bpm="121.00" Metro="4/4" Battito="1" />
      <POSITION_MARK Name="" Type="0" Start="31.841" Num="-1" />
      <POSITION_MARK Name="" Type="0" Start="63.588" Num="-1" />
      <POSITION_MARK Name="" Type="0" Start="95.340" Num="-1" />
      <POSITION_MARK Name="" Type="0" Start="206.407" Num="-1" />
      <POSITION_MARK Name="" Type="0" Start="174.672" Num="-1" />
      <POSITION_MARK Name="" Type="0" Start="0.099" Num="-1" />
      <POSITION_MARK Name="" Type="0" Start="380.955" Num="-1" />
    </TRACK>
    <TRACK TrackID="155561009" Name="Do That Two (Yes Baby) (Original Mix)" Artist="The Martinez Brothers" Composer="" Album="Tree Town" Grouping="" Genre="House/Tech/Groove" Kind="AIFF File" Size="59459920" TotalTime="334" DiscNumber="0" TrackNumber="2" Year="2014" AverageBpm="128.00" DateAdded="2022-05-15" BitRate="1411" SampleRate="44100" Comments="7A - 6" PlayCount="14" Rating="0" Location="file://localhost/Users/zachvp/Music/DJ/6128428_Do_That_Two_(Yes_Baby)_(Original_Mix).aiff" Remixer="" Tonality="7A" Label="Cuttin' Headz" Mix="">
      <TEMPO Inizio="0.278" Bpm="128.00" Metro="4/4" Battito="1" />
    </TRACK>
    <TRACK TrackID="158367299" Name="Favourite Addiction (Groove Armada's Dub Creations)" Artist="Digitaria, Clarian" Composer="" Album="Favourite Addiction" Grouping="" Genre="House/Tech/Groove" Kind="AIFF File" Size="93497400" TotalTime="529" DiscNumber="0" TrackNumber="3" Year="2014" AverageBpm="123.01" DateAdded="2022-05-15" BitRate="1411" SampleRate="44100" Comments="8A - 6" PlayCount="6" Rating="0" Location="file://localhost/Users/zachvp/Music/DJ/5606913_Favourite_Addiction_(Groove_Armada_s_Dub_Creations).aiff" Remixer="" Tonality="8A" Label="Hot Creations" Mix="">
      <TEMPO Inizio="0.000" Bpm="123.01" Metro="4/4" Battito="1" />
    </TRACK>
    <TRACK TrackID="105083241" Name="Mistakes Are For Everyone (Original Mix)" Artist="Markus Suckut" Composer="" Album="New Life EP" Grouping="" Genre="House/Techno/Sinister" Kind="AIFF File" Size="75199186" TotalTime="424" DiscNumber="0" TrackNumber="2" Year="2018" AverageBpm="128.00" DateAdded="2022-05-15" BitRate="1411" SampleRate="44100" Comments="1A - 6" PlayCount="1" Rating="0" Location="file://localhost/Users/zachvp/Music/DJ/10371943_Mistakes_Are_For_Everyone_(Original_Mix).aiff" Remixer="" Tonality="1A" Label="Rekids" Mix="">
      <TEMPO Inizio="0.003" Bpm="128.00" Metro="4/4" Battito="1" />
    </TRACK>
    <TRACK TrackID="174012481" Name="You Are Wrong" Artist="Nina Kraviz" Composer="" Album="Pochuvstvui" Grouping="" Genre="House/Techno/Sinister" Kind="AIFF File" Size="76154096" TotalTime="431" DiscNumber="0" TrackNumber="2" Year="2017" AverageBpm="129.00" DateAdded="2022-05-15" BitRate="1411" SampleRate="44100" Comments="1A - 5" PlayCount="1" Rating="0" Location="file://localhost/Users/zachvp/Music/DJ/Nina%20Kraviz%20-%20Pochuvstvui%20-%2002%20You%20Are%20Wrong.aiff" Remixer="" Tonality="1A" Label="" Mix="">
      <TEMPO Inizio="0.009" Bpm="129.00" Metro="4/4" Battito="1" />
    </TRACK>
    <TRACK TrackID="230474526" Name="Pochuvstvui" Artist="Nina Kraviz" Composer="" Album="Pochuvstvui" Grouping="" Genre="House/Techno/Downtempo" Kind="AIFF File" Size="56118712" TotalTime="318" DiscNumber="0" TrackNumber="1" Year="2017" AverageBpm="128.00" DateAdded="2022-05-15" BitRate="1411" SampleRate="44100" Comments="9A - 5" PlayCount="1" Rating="0" Location="file://localhost/Users/zachvp/Music/DJ/Nina%20Kraviz%20-%20Pochuvstvui%20-%2001%20Pochuvstvui.aiff" Remixer="" Tonality="9A" Label="" Mix="">
      <TEMPO Inizio="0.003" Bpm="128.00" Metro="4/4" Battito="1" />
    </TRACK>
    <TRACK TrackID="238873839" Name="Dark Beat (Addicted To Drums) Feat. Oba Frank Lords (Saso Recyd Remix)" Artist="Murk" Composer="" Album="Dark Beat (Addicted To Drums) feat. Oba Frank Lords" Grouping="" Genre="House/Techno/Downtempo" Kind="AIFF File" Size="77807120" TotalTime="440" DiscNumber="0" TrackNumber="4" Year="2014" AverageBpm="124.00" DateAdded="2022-05-15" BitRate="1411" SampleRate="44100" Comments="6A - 6" PlayCount="4" Rating="0" Location="file://localhost/Users/zachvp/Music/DJ/5271742_Dark_Beat_(Addicted_To_Drums)_Feat._Oba_Frank_Lords_(Saso_Recyd_Remix).aiff" Remixer="" Tonality="6A" Label="Murk Records" Mix="">
      <TEMPO Inizio="0.062" Bpm="124.00" Metro="4/4" Battito="1" />
    </TRACK>
    <TRACK TrackID="222738218" Name="Stronger (Original Mix)" Artist="Kidnap" Composer="" Album="Armada Deep 2014, Volume 1" Grouping="" Genre="House/Deep/Tech/Jazzy" Kind="AIFF File" Size="69804964" TotalTime="395" DiscNumber="0" TrackNumber="8" Year="2014" AverageBpm="123.00" DateAdded="2022-05-15" BitRate="1411" SampleRate="44100" Comments="10A - 6" PlayCount="4" Rating="0" Location="file://localhost/Users/zachvp/Music/DJ/5443298_Stronger_(Original_Mix).aiff" Remixer="" Tonality="10A" Label="Armada Music Albums" Mix="">
      <TEMPO Inizio="0.312" Bpm="123.00" Metro="4/4" Battito="2" />
      <POSITION_MARK Name="" Type="0" Start="1.767" Num="-1" />
    </TRACK>
    <TRACK TrackID="21977463" Name="Patience Please (Original Mix)" Artist="Matthew Dekay" Composer="" Album="Amity EP" Grouping="" Genre="House/Deep/Tech/" Kind="AIFF File" Size="107330066" TotalTime="607" DiscNumber="0" TrackNumber="2" Year="2014" AverageBpm="120.00" DateAdded="2022-05-15" BitRate="1411" SampleRate="44100" Comments="8A - 5" PlayCount="5" Rating="0" Location="file://localhost/Users/zachvp/Music/DJ/5539336_Patience_Please_(Original_Mix).aiff" Remixer="" Tonality="8A" Label="Maeve" Mix="">
      <TEMPO Inizio="0.008" Bpm="120.00" Metro="4/4" Battito="1" />
      <TEMPO Inizio="527.507" Bpm="120.00" Metro="4/4" Battito="4" />
    </TRACK>
    <TRACK TrackID="72163620" Name="Planet E (Acid Drop Mix Funky Junction Re-Edit)" Artist="KC Flightt" Composer="" Album="KC Flightt Planet E Acid Drop Mix Funky Junction Re-Edit" Grouping="" Genre="House/Tech/Acid" Kind="AIFF File" Size="114786594" TotalTime="650" DiscNumber="0" TrackNumber="1" Year="2018" AverageBpm="120.88" DateAdded="2022-05-15" BitRate="1411" SampleRate="44100" Comments="4A - 6" PlayCount="4" Rating="0" Location="file://localhost/Users/zachvp/Music/DJ/11437349_Planet_E_(Acid_Drop_Mix_Funky_Junction_Re-Edit).aiff" Remixer="" Tonality="4A" Label="Sheeva Records" Mix="">
      <TEMPO Inizio="0.492" Bpm="120.88" Metro="4/4" Battito="4" />
      <TEMPO Inizio="20.347" Bpm="120.88" Metro="4/4" Battito="4" />
      <TEMPO Inizio="59.560" Bpm="120.88" Metro="4/4" Battito="3" />
      <TEMPO Inizio="104.233" Bpm="120.88" Metro="4/4" Battito="1" />
      <TEMPO Inizio="148.906" Bpm="120.88" Metro="4/4" Battito="3" />
      <TEMPO Inizio="188.119" Bpm="120.88" Metro="4/4" Battito="2" />
      <TEMPO Inizio="232.792" Bpm="120.88" Metro="4/4" Battito="4" />
      <TEMPO Inizio="277.465" Bpm="120.88" Metro="4/4" Battito="2" />
      <TEMPO Inizio="316.678" Bpm="120.88" Metro="4/4" Battito="1" />
      <TEMPO Inizio="362.840" Bpm="120.88" Metro="4/4" Battito="2" />
      <TEMPO Inizio="396.593" Bpm="120.88" Metro="4/4" Battito="2" />
      <TEMPO Inizio="441.266" Bpm="120.88" Metro="4/4" Battito="4" />
      <TEMPO Inizio="480.479" Bpm="120.88" Metro="4/4" Battito="3" />
      <TEMPO Inizio="526.641" Bpm="120.88" Metro="4/4" Battito="4" />
      <TEMPO Inizio="560.394" Bpm="120.88" Metro="4/4" Battito="4" />
      <TEMPO Inizio="605.067" Bpm="120.88" Metro="4/4" Battito="2" />
      <TEMPO Inizio="644.280" Bpm="120.88" Metro="4/4" Battito="1" />
      <POSITION_MARK Name="" Type="0" Start="110.186" Num="-1" />
      <POSITION_MARK Name="" Type="0" Start="254.132" Num="-1" />
      <POSITION_MARK Name="" Type="0" Start="386.170" Num="-1" />
      <POSITION_MARK Name="" Type="0" Start="530.112" Num="-1" />
    </TRACK>
    <TRACK TrackID="232641895" Name="The Core feat. Alex Mills (Detlef Remix)" Artist="Hot Since 82" Composer="" Album="The Core (feat. Alex Mills)" Grouping="" Genre="House/Tech/Groove" Kind="AIFF File" Size="76486356" TotalTime="432" DiscNumber="0" TrackNumber="2" Year="2015" AverageBpm="125.00" DateAdded="2022-05-15" BitRate="1411" SampleRate="44100" Comments="11A - 6" PlayCount="2" Rating="0" Location="file://localhost/Users/zachvp/Music/DJ/6353861_The_Core_feat._Alex_Mills_(Detlef_Remix).aiff" Remixer="" Tonality="11A" Label="Knee Deep In Sound" Mix="">
      <TEMPO Inizio="0.241" Bpm="125.00" Metro="4/4" Battito="1" />
      <TEMPO Inizio="135.120" Bpm="125.00" Metro="4/4" Battito="2" />
    </TRACK>
    <TRACK TrackID="74731420" Name="Reality (Original Mix)" Artist="Macromism" Composer="" Album="Who Wants It" Grouping="" Genre="House/Techno/Sinister" Kind="AIFF File" Size="78123050" TotalTime="442" DiscNumber="0" TrackNumber="2" Year="2015" AverageBpm="126.00" DateAdded="2022-05-15" BitRate="1411" SampleRate="44100" Comments="4A - 5" PlayCount="1" Rating="0" Location="file://localhost/Users/zachvp/Music/DJ/6357845_Reality_(Original_Mix).aiff" Remixer="" Tonality="4A" Label="100% Pure" Mix="">
      <TEMPO Inizio="0.028" Bpm="126.00" Metro="4/4" Battito="1" />
      <TEMPO Inizio="0.505" Bpm="126.00" Metro="4/4" Battito="2" />
    </TRACK>
    <TRACK TrackID="110876913" Name="That Party (Original Mix)" Artist="Alex M (Italy)" Composer="" Album="That Party" Grouping="" Genre="House/Tech/Groove" Kind="AIFF File" Size="81758630" TotalTime="462" DiscNumber="0" TrackNumber="1" Year="2019" AverageBpm="125.00" DateAdded="2022-05-15" BitRate="1411" SampleRate="44100" Comments="7A - 6" PlayCount="6" Rating="0" Location="file://localhost/Users/zachvp/Music/DJ/11643214_That_Party_(Original_Mix).aiff" Remixer="" Tonality="7A" Label="Eat and Beat" Mix="">
      <TEMPO Inizio="0.003" Bpm="125.00" Metro="4/4" Battito="2" />
      <TEMPO Inizio="0.482" Bpm="125.00" Metro="4/4" Battito="3" />
    </TRACK>
    <TRACK TrackID="225250643" Name="Rosalie (Original Mix)" Artist="Green Velvet, Carl Craig" Composer="" Album="Unity" Grouping="" Genre="House/Tech/" Kind="AIFF File" Size="58354890" TotalTime="328" DiscNumber="0" TrackNumber="3" Year="2015" AverageBpm="124.00" DateAdded="2022-05-15" BitRate="1411" SampleRate="44100" Comments="3A - 5" PlayCount="0" Rating="0" Location="file://localhost/Users/zachvp/Music/DJ/6428823_Rosalie_(Original_Mix).aiff" Remixer="" Tonality="3A" Label="Relief" Mix="">
      <TEMPO Inizio="0.015" Bpm="124.00" Metro="4/4" Battito="1" />
    </TRACK>
    <TRACK TrackID="126644407" Name="Static (Original Mix)" Artist="Dusky" Composer="" Album="Life Signs Vol. 1" Grouping="" Genre="House/Deep/Tech/Spacey" Kind="AIFF File" Size="59360724" TotalTime="334" DiscNumber="0" TrackNumber="3" Year="2019" AverageBpm="127.00" DateAdded="2022-05-15" BitRate="1411" SampleRate="44100" Comments="10A - 7" PlayCount="4" Rating="0" Location="file://localhost/Users/zachvp/Music/DJ/12198201_Static_(Original_Mix).aiff" Remixer="" Tonality="10A" Label="Running Back" Mix="">
      <TEMPO Inizio="0.206" Bpm="127.00" Metro="4/4" Battito="1" />
      <TEMPO Inizio="0.679" Bpm="127.00" Metro="4/4" Battito="2" />
      <TEMPO Inizio="188.711" Bpm="127.00" Metro="4/4" Battito="4" />
    </TRACK>
    <TRACK TrackID="176437300" Name="TEX (Original Mix)" Artist="Dense &amp; Pika" Composer="" Album="A-Sides Volume 3" Grouping="" Genre="House/Techno/" Kind="AIFF File" Size="63736294" TotalTime="361" DiscNumber="0" TrackNumber="2" Year="2015" AverageBpm="126.00" DateAdded="2022-05-15" BitRate="1411" SampleRate="44100" Comments="12A - 6" PlayCount="3" Rating="0" Location="file://localhost/Users/zachvp/Music/DJ/6701301_TEX_(Original_Mix).aiff" Remixer="" Tonality="12A" Label="Drumcode" Mix="">
      <TEMPO Inizio="0.122" Bpm="126.00" Metro="4/4" Battito="2" />
    </TRACK>
    <TRACK TrackID="158657751" Name="Midas Touch (12 Inch Mix)" Artist="Midnight Star" Composer="" Album="Headlines" Grouping="" Genre="Lounge/" Kind="AIFF File" Size="68947912" TotalTime="390" DiscNumber="0" TrackNumber="11" Year="1993" AverageBpm="117.49" DateAdded="2022-05-15" BitRate="1411" SampleRate="44100" Comments="6A - 7" PlayCount="2" Rating="0" Location="file://localhost/Users/zachvp/Music/DJ/12250769_Midas_Touch_(12_Inch_Mix).aiff" Remixer="" Tonality="6A" Label="Unidisc Music" Mix="">
      <TEMPO Inizio="0.081" Bpm="117.49" Metro="4/4" Battito="2" />
      <POSITION_MARK Name="" Type="0" Start="24.084" Num="-1" />
      <POSITION_MARK Name="" Type="0" Start="48.598" Num="-1" />
    </TRACK>
    <TRACK TrackID="123450756" Name="Calypso II (Original Mix)" Artist="Jean Agoriia" Composer="" Album="C'est La Vie" Grouping="" Genre="House/Techno/Sinister" Kind="AIFF File" Size="72998128" TotalTime="412" DiscNumber="0" TrackNumber="10" Year="2015" AverageBpm="126.00" DateAdded="2022-05-15" BitRate="1411" SampleRate="44100" Comments="8A - 6" PlayCount="1" Rating="0" Location="file://localhost/Users/zachvp/Music/DJ/6837739_Calypso_II_(Original_Mix).aiff" Remixer="" Tonality="8A" Label="RedMoon Recordings" Mix="">
      <TEMPO Inizio="0.201" Bpm="126.00" Metro="4/4" Battito="1" />
      <TEMPO Inizio="267.819" Bpm="126.00" Metro="4/4" Battito="3" />
    </TRACK>
    <TRACK TrackID="264355218" Name="Modern Wonder (Original Mix)" Artist="Echonomist, Iokasti" Composer="" Album="Modern Wonder EP" Grouping="" Genre="House/Tech/Indie/Retro" Kind="AIFF File" Size="68895654" TotalTime="389" DiscNumber="0" TrackNumber="2" Year="2020" AverageBpm="121.00" DateAdded="2022-05-15" BitRate="1411" SampleRate="44100" Comments="2A - 7" PlayCount="8" Rating="0" Location="file://localhost/Users/zachvp/Music/DJ/12998561_Modern_Wonder_(Original_Mix).aiff" Remixer="" Tonality="2A" Label="TAU" Mix="">
      <TEMPO Inizio="0.161" Bpm="121.00" Metro="4/4" Battito="1" />
      <POSITION_MARK Name="" Type="0" Start="317.532" Num="-1" />
      <POSITION_MARK Name="" Type="0" Start="238.161" Num="-1" />
    </TRACK>
    <TRACK TrackID="46750427" Name="Absoluto Disparate (Original Mix)" Artist="Gemini Voice Archive" Composer="" Album="Absoluto Disparate" Grouping="" Genre="House/Techno/Sinister" Kind="AIFF File" Size="63293698" TotalTime="355" DiscNumber="0" TrackNumber="1" Year="2015" AverageBpm="127.00" DateAdded="2022-05-15" BitRate="1411" SampleRate="44100" Comments="3A - 6" PlayCount="1" Rating="0" Location="file://localhost/Users/zachvp/Music/DJ/6884212_Absoluto_Disparate_(Original_Mix).aiff" Remixer="" Tonality="3A" Label="Soma Records" Mix="">
      <TEMPO Inizio="0.170" Bpm="127.00" Metro="4/4" Battito="1" />
      <TEMPO Inizio="0.643" Bpm="127.00" Metro="4/4" Battito="2" />
    </TRACK>
    <TRACK TrackID="225789340" Name="Avenue of the Palms (Night Mix)" Artist="Massimiliano Pagliara" Composer="" Album="Nothing Stays in One Place for Long" Grouping="" Genre="House/Deep/Tech/Jazzy" Kind="AIFF File" Size="56244736" TotalTime="317" DiscNumber="0" TrackNumber="4" Year="2020" AverageBpm="124.00" DateAdded="2022-05-15" BitRate="1411" SampleRate="44100" Comments="5A - 6" PlayCount="9" Rating="0" Location="file://localhost/Users/zachvp/Music/DJ/13043415_Avenue_of_the_Palms_(Night_Mix).aiff" Remixer="" Tonality="5A" Label="Permanent Vacation" Mix="">
      <TEMPO Inizio="0.104" Bpm="124.00" Metro="4/4" Battito="1" />
    </TRACK>
    <TRACK TrackID="215934650" Name="James Fake (Original Mix)" Artist="Anouk Visee, Daso" Composer="" Album="SUMMER SAMPLER" Grouping="" Genre="House/Deep/Tech/Spacey" Kind="AIFF File" Size="88171998" TotalTime="499" DiscNumber="0" TrackNumber="7" Year="2015" AverageBpm="120.00" DateAdded="2022-05-15" BitRate="1411" SampleRate="44100" Comments="8A - 6" PlayCount="4" Rating="0" Location="file://localhost/Users/zachvp/Music/DJ/6920654_James_Fake_(Original_Mix).aiff" Remixer="" Tonality="8A" Label="All Day I Dream " Mix="">
      <TEMPO Inizio="0.221" Bpm="120.00" Metro="4/4" Battito="1" />
    </TRACK>
    <TRACK TrackID="4966666" Name="Tosch (Original Mix)" Artist="Andhim, Piper Davis" Composer="" Album="Faze #58: Andhim" Grouping="" Genre="House/Deep/Melodic" Kind="AIFF File" Size="86185554" TotalTime="488" DiscNumber="0" TrackNumber="14" Year="2017" AverageBpm="120.00" DateAdded="2022-05-15" BitRate="1411" SampleRate="44100" Comments="9A - 5" PlayCount="0" Rating="0" Location="file://localhost/Users/zachvp/Music/DJ/13169644_Tosch_(Original_Mix).aiff" Remixer="" Tonality="9A" Label="dig dis! Series" Mix="">
      <TEMPO Inizio="0.376" Bpm="120.00" Metro="4/4" Battito="2" />
      <TEMPO Inizio="31.877" Bpm="120.00" Metro="4/4" Battito="1" />
      <TEMPO Inizio="32.376" Bpm="120.00" Metro="4/4" Battito="2" />
      <TEMPO Inizio="32.877" Bpm="120.00" Metro="4/4" Battito="3" />
      <TEMPO Inizio="33.376" Bpm="120.00" Metro="4/4" Battito="4" />
      <TEMPO Inizio="33.877" Bpm="120.00" Metro="4/4" Battito="1" />
      <TEMPO Inizio="34.376" Bpm="120.00" Metro="4/4" Battito="2" />
      <TEMPO Inizio="34.877" Bpm="120.00" Metro="4/4" Battito="3" />
      <TEMPO Inizio="35.376" Bpm="120.00" Metro="4/4" Battito="4" />
      <TEMPO Inizio="35.877" Bpm="120.00" Metro="4/4" Battito="1" />
      <TEMPO Inizio="36.376" Bpm="120.00" Metro="4/4" Battito="2" />
      <TEMPO Inizio="36.877" Bpm="120.00" Metro="4/4" Battito="3" />
      <TEMPO Inizio="37.376" Bpm="120.00" Metro="4/4" Battito="4" />
      <TEMPO Inizio="37.877" Bpm="120.00" Metro="4/4" Battito="1" />
      <TEMPO Inizio="38.376" Bpm="120.00" Metro="4/4" Battito="2" />
      <TEMPO Inizio="38.877" Bpm="120.00" Metro="4/4" Battito="3" />
      <TEMPO Inizio="39.376" Bpm="120.00" Metro="4/4" Battito="4" />
      <TEMPO Inizio="39.877" Bpm="120.00" Metro="4/4" Battito="1" />
      <TEMPO Inizio="40.376" Bpm="120.00" Metro="4/4" Battito="2" />
      <TEMPO Inizio="40.877" Bpm="120.00" Metro="4/4" Battito="3" />
      <TEMPO Inizio="41.376" Bpm="120.00" Metro="4/4" Battito="4" />
      <TEMPO Inizio="41.877" Bpm="120.00" Metro="4/4" Battito="1" />
      <TEMPO Inizio="42.376" Bpm="120.00" Metro="4/4" Battito="2" />
      <TEMPO Inizio="42.877" Bpm="120.00" Metro="4/4" Battito="3" />
      <TEMPO Inizio="43.376" Bpm="120.00" Metro="4/4" Battito="4" />
      <TEMPO Inizio="43.877" Bpm="120.00" Metro="4/4" Battito="1" />
      <TEMPO Inizio="44.376" Bpm="120.00" Metro="4/4" Battito="2" />
      <TEMPO Inizio="44.877" Bpm="120.00" Metro="4/4" Battito="3" />
      <TEMPO Inizio="45.376" Bpm="120.00" Metro="4/4" Battito="4" />
      <TEMPO Inizio="45.877" Bpm="120.00" Metro="4/4" Battito="1" />
      <TEMPO Inizio="46.376" Bpm="120.00" Metro="4/4" Battito="2" />
      <TEMPO Inizio="46.877" Bpm="120.00" Metro="4/4" Battito="3" />
      <TEMPO Inizio="375.878" Bpm="120.00" Metro="4/4" Battito="1" />
      <TEMPO Inizio="376.377" Bpm="120.00" Metro="4/4" Battito="2" />
      <TEMPO Inizio="376.878" Bpm="120.00" Metro="4/4" Battito="3" />
      <TEMPO Inizio="377.377" Bpm="120.00" Metro="4/4" Battito="4" />
      <TEMPO Inizio="377.878" Bpm="120.00" Metro="4/4" Battito="1" />
      <TEMPO Inizio="378.377" Bpm="120.00" Metro="4/4" Battito="2" />
      <TEMPO Inizio="378.878" Bpm="120.00" Metro="4/4" Battito="3" />
      <TEMPO Inizio="379.377" Bpm="120.00" Metro="4/4" Battito="4" />
      <TEMPO Inizio="379.878" Bpm="120.00" Metro="4/4" Battito="1" />
      <TEMPO Inizio="380.377" Bpm="120.00" Metro="4/4" Battito="2" />
      <TEMPO Inizio="380.878" Bpm="120.00" Metro="4/4" Battito="3" />
      <TEMPO Inizio="381.377" Bpm="120.00" Metro="4/4" Battito="4" />
      <TEMPO Inizio="381.878" Bpm="120.00" Metro="4/4" Battito="1" />
      <TEMPO Inizio="382.377" Bpm="120.00" Metro="4/4" Battito="2" />
      <TEMPO Inizio="382.878" Bpm="120.00" Metro="4/4" Battito="3" />
      <TEMPO Inizio="383.377" Bpm="120.00" Metro="4/4" Battito="4" />
      <TEMPO Inizio="383.878" Bpm="120.00" Metro="4/4" Battito="1" />
      <TEMPO Inizio="384.377" Bpm="120.00" Metro="4/4" Battito="2" />
      <TEMPO Inizio="384.878" Bpm="120.00" Metro="4/4" Battito="3" />
      <TEMPO Inizio="385.377" Bpm="120.00" Metro="4/4" Battito="4" />
      <TEMPO Inizio="385.878" Bpm="120.00" Metro="4/4" Battito="1" />
      <TEMPO Inizio="386.377" Bpm="120.00" Metro="4/4" Battito="2" />
      <TEMPO Inizio="386.878" Bpm="120.00" Metro="4/4" Battito="3" />
      <TEMPO Inizio="387.377" Bpm="120.00" Metro="4/4" Battito="4" />
      <TEMPO Inizio="387.878" Bpm="120.00" Metro="4/4" Battito="1" />
      <TEMPO Inizio="388.377" Bpm="120.00" Metro="4/4" Battito="2" />
      <TEMPO Inizio="388.878" Bpm="120.00" Metro="4/4" Battito="3" />
      <TEMPO Inizio="389.377" Bpm="120.00" Metro="4/4" Battito="4" />
      <TEMPO Inizio="389.878" Bpm="120.00" Metro="4/4" Battito="1" />
      <TEMPO Inizio="390.377" Bpm="120.00" Metro="4/4" Battito="2" />
      <TEMPO Inizio="390.878" Bpm="120.00" Metro="4/4" Battito="3" />
    </TRACK>
    <TRACK TrackID="252152622" Name="Desert Alchemist (DAVI Remix)" Artist="Marc Marzenit" Composer="" Album="Selador Reloads, Vol.3" Grouping="" Genre="House/Deep/Tech/" Kind="AIFF File" Size="67577946" TotalTime="382" DiscNumber="0" TrackNumber="2" Year="2015" AverageBpm="122.00" DateAdded="2022-05-15" BitRate="1411" SampleRate="44100" Comments="6A - 6" PlayCount="2" Rating="0" Location="file://localhost/Users/zachvp/Music/DJ/7055190_Desert_Alchemist_(DAVI_Remix).aiff" Remixer="" Tonality="6A" Label="Selador" Mix="">
      <TEMPO Inizio="0.008" Bpm="122.00" Metro="4/4" Battito="1" />
    </TRACK>
    <TRACK TrackID="158768232" Name="Wa (Martin Buttrich Remix)" Artist="Hito, Background" Composer="" Album="Wa EP" Grouping="" Genre="House/Deep/Tech/" Kind="AIFF File" Size="88654658" TotalTime="501" DiscNumber="0" TrackNumber="2" Year="2020" AverageBpm="123.00" DateAdded="2022-05-15" BitRate="1411" SampleRate="44100" Comments="8B - 5" PlayCount="12" Rating="0" Location="file://localhost/Users/zachvp/Music/DJ/13481294_Wa_(Martin_Buttrich_Remix).aiff" Remixer="" Tonality="8B" Label="Moan" Mix="">
      <TEMPO Inizio="0.065" Bpm="123.00" Metro="4/4" Battito="1" />
      <POSITION_MARK Name="" Type="0" Start="62.491" Num="-1" />
    </TRACK>
    <TRACK TrackID="257020913" Name="Sweet Disposition (Undercatt Remix)" Artist="The Temper Trap" Composer="" Album="Sweet Disposition (Undercatt Remix)" Grouping="" Genre="House/Deep/Tech/" Kind="AIFF File" Size="80387630" TotalTime="455" DiscNumber="0" TrackNumber="1" Year="2015" AverageBpm="124.00" DateAdded="2022-05-15" BitRate="1411" SampleRate="44100" Comments="10A - 6" PlayCount="3" Rating="0" Location="file://localhost/Users/zachvp/Music/DJ/7387279_Sweet_Disposition_(Undercatt_Remix).aiff" Remixer="" Tonality="10A" Label="2DIY4" Mix="">
      <TEMPO Inizio="0.061" Bpm="124.00" Metro="4/4" Battito="1" />
    </TRACK>
    <TRACK TrackID="32594022" Name="Do Ya (Original Mix)" Artist="Sharam" Composer="" Album="Do Ya / Isolate" Grouping="" Genre="House/Techno/Downtempo" Kind="AIFF File" Size="84327556" TotalTime="477" DiscNumber="0" TrackNumber="1" Year="2020" AverageBpm="125.00" DateAdded="2022-05-15" BitRate="1411" SampleRate="44100" Comments="7A - 7" PlayCount="1" Rating="0" Location="file://localhost/Users/zachvp/Music/DJ/13545087_Do_Ya_(Original_Mix).aiff" Remixer="" Tonality="7A" Label="Yoshitoshi Recordings" Mix="">
      <TEMPO Inizio="0.108" Bpm="125.00" Metro="4/4" Battito="1" />
    </TRACK>
    <TRACK TrackID="151742998" Name="Sakura (Original Mix)" Artist="Etapp Kyle" Composer="" Album="Klockworks 16" Grouping="" Genre="House/Deep/Tech/Spacey" Kind="AIFF File" Size="54633174" TotalTime="309" DiscNumber="0" TrackNumber="2" Year="2015" AverageBpm="127.00" DateAdded="2022-05-15" BitRate="1411" SampleRate="44100" Comments="2A - 4" PlayCount="4" Rating="0" Location="file://localhost/Users/zachvp/Music/DJ/7399337_Sakura_(Original_Mix).aiff" Remixer="" Tonality="2A" Label="Klockworks" Mix="">
      <TEMPO Inizio="0.283" Bpm="127.00" Metro="4/4" Battito="1" />
    </TRACK>
    <TRACK TrackID="150405086" Name="I Will Find You (Instrumental)" Artist="Claude Le Blanc" Composer="" Album="Magia, Vol. 5" Grouping="" Genre="House/Deep/Melodic" Kind="AIFF File" Size="65915236" TotalTime="372" DiscNumber="0" TrackNumber="3" Year="2020" AverageBpm="124.04" DateAdded="2022-05-15" BitRate="1411" SampleRate="44100" Comments="2A - 5" PlayCount="2" Rating="0" Location="file://localhost/Users/zachvp/Music/DJ/13642564_I_Will_Find_You_(Instrumental).aiff" Remixer="" Tonality="2A" Label="MUSICA &amp; MAGIA" Mix="">
      <TEMPO Inizio="0.133" Bpm="124.04" Metro="4/4" Battito="1" />
    </TRACK>
    <TRACK TrackID="52932234" Name="Feeling High (Original Mix)" Artist="Dennis Cruz" Composer="" Album="Feeling High Ep" Grouping="" Genre="House/Deep/Tech/" Kind="AIFF File" Size="76420858" TotalTime="429" DiscNumber="0" TrackNumber="1" Year="2016" AverageBpm="123.00" DateAdded="2022-05-15" BitRate="1411" SampleRate="44100" Comments="11A - 5" PlayCount="3" Rating="0" Location="file://localhost/Users/zachvp/Music/DJ/7529763_Feeling_High_(Original_Mix).aiff" Remixer="" Tonality="11A" Label="Suruba X" Mix="">
      <TEMPO Inizio="0.065" Bpm="123.00" Metro="4/4" Battito="1" />
    </TRACK>
    <TRACK TrackID="72923954" Name="Mountain (Original Mix)" Artist="Damian Lazarus" Composer="" Album="Mountain" Grouping="" Genre="House/Deep/Tech/Spacey" Kind="AIFF File" Size="53118872" TotalTime="300" DiscNumber="0" TrackNumber="1" Year="2020" AverageBpm="124.00" DateAdded="2022-05-15" BitRate="1411" SampleRate="44100" Comments="8A - 6" PlayCount="1" Rating="0" Location="file://localhost/Users/zachvp/Music/DJ/13886177_Mountain_(Original_Mix).aiff" Remixer="" Tonality="8A" Label="Crosstown Rebels" Mix="">
      <TEMPO Inizio="0.365" Bpm="124.00" Metro="4/4" Battito="1" />
    </TRACK>
    <TRACK TrackID="222224550" Name="Lighter (Original Mix)" Artist="Frag Maddin" Composer="" Album="Dark Hush EP" Grouping="" Genre="House/Tech/Groove" Kind="AIFF File" Size="64678444" TotalTime="365" DiscNumber="0" TrackNumber="2" Year="2016" AverageBpm="125.00" DateAdded="2022-05-15" BitRate="1411" SampleRate="44100" Comments="6A - 6" PlayCount="4" Rating="0" Location="file://localhost/Users/zachvp/Music/DJ/7551787_Lighter_(Original_Mix).aiff" Remixer="" Tonality="6A" Label="Definition:Music " Mix="">
      <TEMPO Inizio="0.220" Bpm="125.00" Metro="4/4" Battito="1" />
      <TEMPO Inizio="214.299" Bpm="125.00" Metro="4/4" Battito="3" />
    </TRACK>
    <TRACK TrackID="74766379" Name="Back F'amour ft Poppi (Faktremat remix)" Artist="Matrefakt, Poppi" Composer="" Album="Back F'amour Remixes" Grouping="" Genre="House/Tech/Indie/Disco" Kind="AIFF File" Size="65828142" TotalTime="372" DiscNumber="0" TrackNumber="1" Year="2020" AverageBpm="125.00" DateAdded="2022-05-15" BitRate="1411" SampleRate="44100" Comments="8A - 6" PlayCount="4" Rating="0" Location="file://localhost/Users/zachvp/Music/DJ/14031545_Back_F_amour_ft_Poppi_(Faktremat_remix).aiff" Remixer="" Tonality="8A" Label="Of Unsound Mind" Mix="">
      <TEMPO Inizio="0.028" Bpm="125.00" Metro="4/4" Battito="1" />
      <TEMPO Inizio="21.627" Bpm="125.00" Metro="4/4" Battito="2" />
      <TEMPO Inizio="74.426" Bpm="125.00" Metro="4/4" Battito="4" />
      <TEMPO Inizio="127.225" Bpm="125.00" Metro="4/4" Battito="2" />
      <TEMPO Inizio="180.024" Bpm="125.00" Metro="4/4" Battito="4" />
      <TEMPO Inizio="232.823" Bpm="125.00" Metro="4/4" Battito="2" />
      <TEMPO Inizio="285.622" Bpm="125.00" Metro="4/4" Battito="4" />
      <TEMPO Inizio="338.421" Bpm="125.00" Metro="4/4" Battito="2" />
      <POSITION_MARK Name="" Type="0" Start="215.062" Num="-1" />
      <POSITION_MARK Name="" Type="0" Start="245.789" Num="-1" />
    </TRACK>
    <TRACK TrackID="171825002" Name="Holywell (Original Mix)" Artist="Seb Zito" Composer="" Album="Flat 1 EP" Grouping="" Genre="House/Tech/Groove" Kind="AIFF File" Size="119588460" TotalTime="677" DiscNumber="0" TrackNumber="1" Year="2016" AverageBpm="125.00" DateAdded="2022-05-15" BitRate="1411" SampleRate="44100" Comments="6A - 6" PlayCount="2" Rating="0" Location="file://localhost/Users/zachvp/Music/DJ/7842788_Holywell_(Original_Mix).aiff" Remixer="" Tonality="6A" Label="Fuse London" Mix="">
      <TEMPO Inizio="0.027" Bpm="125.00" Metro="4/4" Battito="1" />
      <TEMPO Inizio="49.466" Bpm="125.00" Metro="4/4" Battito="4" />
      <TEMPO Inizio="203.545" Bpm="125.00" Metro="4/4" Battito="1" />
      <TEMPO Inizio="357.624" Bpm="125.00" Metro="4/4" Battito="2" />
      <TEMPO Inizio="511.703" Bpm="125.00" Metro="4/4" Battito="3" />
      <TEMPO Inizio="665.782" Bpm="125.00" Metro="4/4" Battito="4" />
    </TRACK>
    <TRACK TrackID="101919558" Name="Everyone (Extended Mix)" Artist="Volac" Composer="" Album="Everyone" Grouping="" Genre="House/Tech/Groove" Kind="AIFF File" Size="49007244" TotalTime="277" DiscNumber="0" TrackNumber="1" Year="2020" AverageBpm="125.00" DateAdded="2022-05-15" BitRate="1411" SampleRate="44100" Comments="7A - 5" PlayCount="1" Rating="0" Location="file://localhost/Users/zachvp/Music/DJ/14241125_Everyone_(Extended_Mix).aiff" Remixer="" Tonality="7A" Label="Musical Freedom" Mix="">
      <TEMPO Inizio="0.000" Bpm="125.00" Metro="4/4" Battito="1" />
      <TEMPO Inizio="167.521" Bpm="125.00" Metro="4/4" Battito="2" />
    </TRACK>
    <TRACK TrackID="240861118" Name="Energy (Illyus &amp; Barrientos Extended Remix)" Artist="Stace Cadet, KLP" Composer="" Album="Energy (Illyus &amp; Barrientos Extended Remix)" Grouping="" Genre="House/Tech/Groove" Kind="AIFF File" Size="60023936" TotalTime="339" DiscNumber="0" TrackNumber="1" Year="2020" AverageBpm="125.00" DateAdded="2022-05-15" BitRate="1411" SampleRate="44100" Comments="2A - 6" PlayCount="3" Rating="0" Location="file://localhost/Users/zachvp/Music/DJ/14359795_Energy_(Illyus_%26_Barrientos_Extended_Remix).aiff" Remixer="" Tonality="2A" Label="Sony Music Entertainment" Mix="">
      <TEMPO Inizio="0.052" Bpm="125.00" Metro="4/4" Battito="1" />
      <TEMPO Inizio="92.211" Bpm="125.00" Metro="4/4" Battito="1" />
      <POSITION_MARK Name="" Type="0" Start="215.098" Num="-1" />
      <POSITION_MARK Name="" Type="0" Start="169.000" Num="-1" />
    </TRACK>
    <TRACK TrackID="176971005" Name="Perception (Original Mix)" Artist="Audiojack" Composer="" Album="PERCEPTION EP" Grouping="" Genre="House/Tech/Groove" Kind="AIFF File" Size="82130742" TotalTime="464" DiscNumber="0" TrackNumber="1" Year="2016" AverageBpm="124.00" DateAdded="2022-05-15" BitRate="1411" SampleRate="44100" Comments="4A - 6" PlayCount="17" Rating="0" Location="file://localhost/Users/zachvp/Music/DJ/7847424_Perception_(Original_Mix).aiff" Remixer="" Tonality="4A" Label="Material" Mix="">
      <TEMPO Inizio="0.000" Bpm="124.00" Metro="4/4" Battito="1" />
      <POSITION_MARK Name="" Type="0" Start="61.941" Num="-1" />
      <POSITION_MARK Name="" Type="0" Start="79.347" Num="-1" />
      <POSITION_MARK Name="" Type="0" Start="371.615" Num="-1" />
    </TRACK>
    <TRACK TrackID="178728778" Name="Keep Moving (Original Mix)" Artist="Maxi Degrassi" Composer="" Album="The Love Goes First" Grouping="" Genre="House/Deep/Tech/Spacey" Kind="AIFF File" Size="89123600" TotalTime="505" DiscNumber="0" TrackNumber="4" Year="2020" AverageBpm="122.00" DateAdded="2022-05-15" BitRate="1411" SampleRate="44100" Comments="7A - 5" PlayCount="4" Rating="0" Location="file://localhost/Users/zachvp/Music/DJ/14413344_Keep_Moving_(Original_Mix).aiff" Remixer="" Tonality="7A" Label="All Day I Dream " Mix="">
      <TEMPO Inizio="0.082" Bpm="122.00" Metro="4/4" Battito="1" />
    </TRACK>
    <TRACK TrackID="147640159" Name="Pacemaker (Original Mix)" Artist="Jackmate, Nik Reiff" Composer="" Album="DJ Koze Presents Pampa Vol. 1" Grouping="" Genre="House/Deep/Tech/" Kind="AIFF File" Size="85375660" TotalTime="478" DiscNumber="0" TrackNumber="7" Year="2016" AverageBpm="120.00" DateAdded="2022-05-15" BitRate="1411" SampleRate="44100" Comments="6A - 5" PlayCount="3" Rating="0" Location="file://localhost/Users/zachvp/Music/DJ/7862512_Pacemaker_(Original_Mix).aiff" Remixer="" Tonality="6A" Label="Pampa Records" Mix="">
      <TEMPO Inizio="0.284" Bpm="120.00" Metro="4/4" Battito="1" />
      <TEMPO Inizio="61.785" Bpm="120.00" Metro="4/4" Battito="4" />
      <TEMPO Inizio="62.284" Bpm="120.00" Metro="4/4" Battito="1" />
      <TEMPO Inizio="62.785" Bpm="120.00" Metro="4/4" Battito="2" />
      <TEMPO Inizio="63.284" Bpm="120.00" Metro="4/4" Battito="3" />
      <TEMPO Inizio="63.785" Bpm="120.00" Metro="4/4" Battito="4" />
      <TEMPO Inizio="64.284" Bpm="120.00" Metro="4/4" Battito="1" />
      <TEMPO Inizio="64.785" Bpm="120.00" Metro="4/4" Battito="2" />
      <TEMPO Inizio="65.284" Bpm="120.00" Metro="4/4" Battito="3" />
      <TEMPO Inizio="65.785" Bpm="120.00" Metro="4/4" Battito="4" />
      <TEMPO Inizio="172.786" Bpm="120.00" Metro="4/4" Battito="2" />
      <TEMPO Inizio="173.285" Bpm="120.00" Metro="4/4" Battito="3" />
      <TEMPO Inizio="173.786" Bpm="120.00" Metro="4/4" Battito="4" />
      <TEMPO Inizio="174.285" Bpm="120.00" Metro="4/4" Battito="1" />
      <TEMPO Inizio="174.786" Bpm="120.00" Metro="4/4" Battito="2" />
      <TEMPO Inizio="175.285" Bpm="120.00" Metro="4/4" Battito="3" />
      <TEMPO Inizio="175.786" Bpm="120.00" Metro="4/4" Battito="4" />
      <TEMPO Inizio="176.285" Bpm="120.00" Metro="4/4" Battito="1" />
      <TEMPO Inizio="176.786" Bpm="120.00" Metro="4/4" Battito="2" />
      <TEMPO Inizio="283.787" Bpm="120.00" Metro="4/4" Battito="4" />
      <TEMPO Inizio="284.286" Bpm="120.00" Metro="4/4" Battito="1" />
      <TEMPO Inizio="284.787" Bpm="120.00" Metro="4/4" Battito="2" />
      <TEMPO Inizio="285.286" Bpm="120.00" Metro="4/4" Battito="3" />
      <TEMPO Inizio="285.787" Bpm="120.00" Metro="4/4" Battito="4" />
      <TEMPO Inizio="286.286" Bpm="120.00" Metro="4/4" Battito="1" />
      <TEMPO Inizio="286.787" Bpm="120.00" Metro="4/4" Battito="2" />
      <TEMPO Inizio="287.286" Bpm="120.00" Metro="4/4" Battito="3" />
      <TEMPO Inizio="287.787" Bpm="120.00" Metro="4/4" Battito="4" />
      <TEMPO Inizio="394.788" Bpm="120.00" Metro="4/4" Battito="2" />
      <TEMPO Inizio="395.287" Bpm="120.00" Metro="4/4" Battito="3" />
      <TEMPO Inizio="395.788" Bpm="120.00" Metro="4/4" Battito="4" />
      <TEMPO Inizio="396.287" Bpm="120.00" Metro="4/4" Battito="1" />
      <TEMPO Inizio="396.788" Bpm="120.00" Metro="4/4" Battito="2" />
      <TEMPO Inizio="397.287" Bpm="120.00" Metro="4/4" Battito="3" />
      <TEMPO Inizio="397.788" Bpm="120.00" Metro="4/4" Battito="4" />
      <TEMPO Inizio="398.287" Bpm="120.00" Metro="4/4" Battito="1" />
      <TEMPO Inizio="398.788" Bpm="120.00" Metro="4/4" Battito="2" />
    </TRACK>
    <TRACK TrackID="233264734" Name="No Ufo's (Luciano Remix)" Artist="Model 500" Composer="" Album="No Ufo's (Moodymann and Luciano Remixes (including Original Mixes))" Grouping="" Genre="House/Tech/Breaks" Kind="AIFF File" Size="155187044" TotalTime="879" DiscNumber="0" TrackNumber="4" Year="2017" AverageBpm="124.00" DateAdded="2022-05-15" BitRate="1411" SampleRate="44100" Comments="9A - 6" PlayCount="25" Rating="0" Location="file://localhost/Users/zachvp/Music/DJ/14413619_No_Ufo_s_(Luciano_Remix).aiff" Remixer="" Tonality="9A" Label="Metroplex" Mix="">
      <TEMPO Inizio="0.054" Bpm="124.00" Metro="4/4" Battito="1" />
      <POSITION_MARK Name="" Type="0" Start="64.375" Num="-1" />
      <POSITION_MARK Name="" Type="0" Start="32.942" Num="-1" />
      <POSITION_MARK Name="" Type="0" Start="27.151" Num="-1" />
      <POSITION_MARK Name="" Type="0" Start="108.667" Num="-1" />
      <POSITION_MARK Name="" Type="0" Start="233.414" Num="-1" />
    </TRACK>
    <TRACK TrackID="265081258" Name="Transient (Original Mix)" Artist="Mr G" Composer="" Album="50/50 EP" Grouping="" Genre="House/Deep/Tech/Jazzy" Kind="AIFF File" Size="96992510" TotalTime="549" DiscNumber="0" TrackNumber="1" Year="2016" AverageBpm="125.98" DateAdded="2022-05-15" BitRate="1411" SampleRate="44100" Comments="2A - 5" PlayCount="6" Rating="0" Location="file://localhost/Users/zachvp/Music/DJ/7959501_Transient_(Original_Mix).aiff" Remixer="" Tonality="2A" Label="Bass Culture Records" Mix="">
      <TEMPO Inizio="0.006" Bpm="125.98" Metro="4/4" Battito="2" />
      <TEMPO Inizio="30.486" Bpm="125.98" Metro="4/4" Battito="2" />
      <TEMPO Inizio="60.966" Bpm="125.98" Metro="4/4" Battito="2" />
      <TEMPO Inizio="84.302" Bpm="125.98" Metro="4/4" Battito="3" />
      <TEMPO Inizio="114.782" Bpm="125.98" Metro="4/4" Battito="3" />
      <TEMPO Inizio="138.118" Bpm="125.98" Metro="4/4" Battito="4" />
      <TEMPO Inizio="168.598" Bpm="125.98" Metro="4/4" Battito="4" />
      <TEMPO Inizio="191.934" Bpm="125.98" Metro="4/4" Battito="1" />
      <TEMPO Inizio="222.414" Bpm="125.98" Metro="4/4" Battito="1" />
      <TEMPO Inizio="245.750" Bpm="125.98" Metro="4/4" Battito="2" />
      <TEMPO Inizio="276.230" Bpm="125.98" Metro="4/4" Battito="2" />
      <TEMPO Inizio="299.566" Bpm="125.98" Metro="4/4" Battito="3" />
      <TEMPO Inizio="330.046" Bpm="125.98" Metro="4/4" Battito="3" />
      <TEMPO Inizio="353.382" Bpm="125.98" Metro="4/4" Battito="4" />
      <TEMPO Inizio="383.862" Bpm="125.98" Metro="4/4" Battito="4" />
      <TEMPO Inizio="407.198" Bpm="125.98" Metro="4/4" Battito="1" />
      <TEMPO Inizio="437.678" Bpm="125.98" Metro="4/4" Battito="1" />
      <TEMPO Inizio="461.014" Bpm="125.98" Metro="4/4" Battito="2" />
      <TEMPO Inizio="491.494" Bpm="125.98" Metro="4/4" Battito="2" />
      <TEMPO Inizio="514.830" Bpm="125.98" Metro="4/4" Battito="3" />
      <TEMPO Inizio="545.310" Bpm="125.98" Metro="4/4" Battito="3" />
      <POSITION_MARK Name="" Type="0" Start="1.434" Num="-1" />
    </TRACK>
    <TRACK TrackID="99649666" Name="Karma (Original Mix)" Artist="David Bau" Composer="" Album="Awake" Grouping="" Genre="House/Deep/Tech/" Kind="AIFF File" Size="64506196" TotalTime="365" DiscNumber="0" TrackNumber="2" Year="2020" AverageBpm="132.00" DateAdded="2022-05-15" BitRate="1411" SampleRate="44100" Comments="4A - 6" PlayCount="3" Rating="0" Location="file://localhost/Users/zachvp/Music/DJ/14460748_Karma_(Original_Mix).aiff" Remixer="" Tonality="4A" Label="Throne Room Records" Mix="">
      <TEMPO Inizio="0.009" Bpm="132.00" Metro="4/4" Battito="1" />
    </TRACK>
    <TRACK TrackID="264193814" Name="Cross Over (feat. Jesante) (Dub)" Artist="Jesante, Joeski" Composer="" Album="Cross Over" Grouping="" Genre="House/Deep/Tech/" Kind="AIFF File" Size="84394504" TotalTime="477" DiscNumber="0" TrackNumber="2" Year="2016" AverageBpm="122.00" DateAdded="2022-05-15" BitRate="1411" SampleRate="44100" Comments="6A - 5" PlayCount="4" Rating="0" Location="file://localhost/Users/zachvp/Music/DJ/8153562_Cross_Over_(feat._Jesante)_(Dub).aiff" Remixer="" Tonality="6A" Label="Viva Recordings" Mix="">
      <TEMPO Inizio="0.000" Bpm="122.00" Metro="4/4" Battito="1" />
    </TRACK>
    <TRACK TrackID="74045119" Name="Sweet Love (Fred Everything Mix)" Artist="Kaskade" Composer="" Album="Sweet Love" Grouping="" Genre="House/Deep/Tech/Jazzy" Kind="AIFF File" Size="75001282" TotalTime="424" DiscNumber="0" TrackNumber="1" Year="2004" AverageBpm="127.00" DateAdded="2022-05-15" BitRate="1411" SampleRate="44100" Comments="11A - 6" PlayCount="10" Rating="0" Location="file://localhost/Users/zachvp/Music/DJ/18619_Sweet_Love_(Fred_Everything_Mix).aiff" Remixer="" Tonality="11A" Label="OM Records" Mix="">
      <TEMPO Inizio="0.041" Bpm="127.00" Metro="4/4" Battito="1" />
      <TEMPO Inizio="307.599" Bpm="127.00" Metro="4/4" Battito="4" />
      <POSITION_MARK Name="" Type="0" Start="98.300" Num="-1" />
      <POSITION_MARK Name="" Type="0" Start="30.262" Num="-1" />
      <POSITION_MARK Name="" Type="0" Start="317.511" Num="-1" />
      <POSITION_MARK Name="" Type="0" Start="347.754" Num="-1" />
      <POSITION_MARK Name="" Type="0" Start="377.994" Num="-1" />
      <POSITION_MARK Name="" Type="0" Start="0.033" Num="-1" />
    </TRACK>
    <TRACK TrackID="207148756" Name="Mad (Original Mix)" Artist="C. Da Afro" Composer="" Album="Love Experience" Grouping="" Genre="Lounge/" Kind="AIFF File" Size="66108428" TotalTime="373" DiscNumber="0" TrackNumber="2" Year="2016" AverageBpm="112.00" DateAdded="2022-05-15" BitRate="1411" SampleRate="44100" Comments="5A - 7" PlayCount="1" Rating="0" Location="file://localhost/Users/zachvp/Music/DJ/8211060_Mad_(Original_Mix).aiff" Remixer="" Tonality="5A" Label="About Disco Records" Mix="">
      <TEMPO Inizio="0.008" Bpm="112.00" Metro="4/4" Battito="1" />
    </TRACK>
    <TRACK TrackID="38882318" Name="Je T'aime (Original Mix)" Artist="Kerri Chandler" Composer="" Album="All I Have Is This Feeling &amp; Je T'aime" Grouping="" Genre="House/Tech/Indie/" Kind="AIFF File" Size="75629310" TotalTime="428" DiscNumber="0" TrackNumber="3" Year="2007" AverageBpm="124.00" DateAdded="2022-05-15" BitRate="1411" SampleRate="44100" Comments="4A - 5" PlayCount="1" Rating="0" Location="file://localhost/Users/zachvp/Music/DJ/359836_Je_T_aime_(Original_Mix).aiff" Remixer="" Tonality="4A" Label="Grei Matter" Mix="">
      <TEMPO Inizio="0.112" Bpm="124.00" Metro="4/4" Battito="1" />
    </TRACK>
    <TRACK TrackID="139710468" Name="Conspiracy of Ravens (Original Mix)" Artist="Spektre" Composer="" Album="Conspiracy of Ravens EP" Grouping="" Genre="House/Techno/" Kind="AIFF File" Size="72125392" TotalTime="408" DiscNumber="0" TrackNumber="1" Year="2016" AverageBpm="127.00" DateAdded="2022-05-15" BitRate="1411" SampleRate="44100" Comments="5A - 6" PlayCount="1" Rating="0" Location="file://localhost/Users/zachvp/Music/DJ/8474525_Conspiracy_of_Ravens_(Original_Mix).aiff" Remixer="" Tonality="5A" Label="ELEVATE" Mix="">
      <TEMPO Inizio="0.471" Bpm="127.00" Metro="4/4" Battito="2" />
      <TEMPO Inizio="0.944" Bpm="127.00" Metro="4/4" Battito="3" />
      <TEMPO Inizio="128.976" Bpm="127.00" Metro="4/4" Battito="2" />
      <TEMPO Inizio="333.071" Bpm="127.00" Metro="4/4" Battito="2" />
      <POSITION_MARK Name="" Type="4" Start="113.383" End="117.162" Num="-1" />
    </TRACK>
    <TRACK TrackID="97378549" Name="Tokyo (Original Mix)" Artist="Federico Grazzini" Composer="" Album="Tokyo EP" Grouping="" Genre="House/Tech/Groove" Kind="AIFF File" Size="79749978" TotalTime="451" DiscNumber="0" TrackNumber="1" Year="2009" AverageBpm="128.00" DateAdded="2022-05-15" BitRate="1411" SampleRate="44100" Comments="8A - 5" PlayCount="10" Rating="0" Location="file://localhost/Users/zachvp/Music/DJ/898794_Tokyo_(Original_Mix).aiff" Remixer="" Tonality="8A" Label="Aloe Records" Mix="">
      <TEMPO Inizio="0.079" Bpm="128.00" Metro="4/4" Battito="1" />
      <POSITION_MARK Name="" Type="0" Start="30.077" Num="-1" />
    </TRACK>
    <TRACK TrackID="62282033" Name="Feeling High (Samu.l Remix)" Artist="Dennis Cruz" Composer="" Album="Feeling High, The Remixes Part 1" Grouping="" Genre="House/Tech/Groove" Kind="AIFF File" Size="83468980" TotalTime="472" DiscNumber="0" TrackNumber="1" Year="2016" AverageBpm="124.00" DateAdded="2022-05-15" BitRate="1411" SampleRate="44100" Comments="12A - 5" PlayCount="1" Rating="0" Location="file://localhost/Users/zachvp/Music/DJ/8677606_Feeling_High_(Samu.l_Remix).aiff" Remixer="" Tonality="12A" Label="Suruba X" Mix="">
      <TEMPO Inizio="0.127" Bpm="124.00" Metro="4/4" Battito="1" />
    </TRACK>
    <TRACK TrackID="225414465" Name="Purification (Original Mix)" Artist="Z.I.P.P.O" Composer="" Album="Circular Immersion" Grouping="" Genre="House/Techno/Sinister" Kind="AIFF File" Size="60627506" TotalTime="342" DiscNumber="0" TrackNumber="1" Year="2017" AverageBpm="136.00" DateAdded="2022-05-15" BitRate="1411" SampleRate="44100" Comments="4A - 5" PlayCount="0" Rating="0" Location="file://localhost/Users/zachvp/Music/DJ/8815610_Purification_(Original_Mix).aiff" Remixer="" Tonality="4A" Label="Involve Records" Mix="">
      <TEMPO Inizio="0.170" Bpm="136.00" Metro="4/4" Battito="1" />
    </TRACK>
    <TRACK TrackID="149001964" Name="Numb (Original Mix)" Artist="Andy Stott" Composer="" Album="Luxury Problems" Grouping="" Genre="Lounge/Ambient" Kind="AIFF File" Size="68826574" TotalTime="390" DiscNumber="0" TrackNumber="1" Year="2012" AverageBpm="96.94" DateAdded="2022-05-15" BitRate="1411" SampleRate="44100" Comments="5A - 5" PlayCount="2" Rating="0" Location="file://localhost/Users/zachvp/Music/DJ/3893372_Numb_(Original_Mix).aiff" Remixer="" Tonality="5A" Label="Modern Love" Mix="">
      <TEMPO Inizio="0.538" Bpm="96.94" Metro="4/4" Battito="4" />
    </TRACK>
    <TRACK TrackID="25623362" Name="Sun Of Ra (Original Mix)" Artist="Moonbootica" Composer="" Album="Sun Of Ra" Grouping="" Genre="House/Tech/Progressive" Kind="AIFF File" Size="90997310" TotalTime="513" DiscNumber="0" TrackNumber="1" Year="2017" AverageBpm="123.00" DateAdded="2022-05-15" BitRate="1411" SampleRate="44100" Comments="10A - 6" PlayCount="1" Rating="0" Location="file://localhost/Users/zachvp/Music/DJ/9219272_Sun_Of_Ra_(Original_Mix).aiff" Remixer="" Tonality="10A" Label="KATERMUKKE" Mix="">
      <TEMPO Inizio="0.058" Bpm="123.00" Metro="4/4" Battito="1" />
    </TRACK>
    <TRACK TrackID="170435049" Name="Love Inspired (Original Mix)" Artist="Shaun J. Wright, Alinka" Composer="" Album="Shaun J. Wright &amp; Alinka present Twirl Volume I" Grouping="" Genre="House/Tech/Groove" Kind="AIFF File" Size="54644328" TotalTime="309" DiscNumber="0" TrackNumber="1" Year="2013" AverageBpm="120.00" DateAdded="2022-05-15" BitRate="1411" SampleRate="44100" Comments="9A - 6" PlayCount="2" Rating="0" Location="file://localhost/Users/zachvp/Music/DJ/4658079_Love_Inspired_(Original_Mix).aiff" Remixer="" Tonality="9A" Label="Classic Music Company" Mix="">
      <TEMPO Inizio="0.056" Bpm="120.00" Metro="4/4" Battito="1" />
      <TEMPO Inizio="265.557" Bpm="120.00" Metro="4/4" Battito="4" />
      <TEMPO Inizio="266.056" Bpm="120.00" Metro="4/4" Battito="1" />
      <TEMPO Inizio="266.557" Bpm="120.00" Metro="4/4" Battito="2" />
      <TEMPO Inizio="267.056" Bpm="120.00" Metro="4/4" Battito="3" />
      <TEMPO Inizio="267.557" Bpm="120.00" Metro="4/4" Battito="4" />
      <TEMPO Inizio="268.056" Bpm="120.00" Metro="4/4" Battito="1" />
      <TEMPO Inizio="268.557" Bpm="120.00" Metro="4/4" Battito="2" />
      <TEMPO Inizio="269.056" Bpm="120.00" Metro="4/4" Battito="3" />
      <TEMPO Inizio="269.557" Bpm="120.00" Metro="4/4" Battito="4" />
      <TEMPO Inizio="270.056" Bpm="120.00" Metro="4/4" Battito="1" />
      <TEMPO Inizio="270.557" Bpm="120.00" Metro="4/4" Battito="2" />
      <TEMPO Inizio="271.056" Bpm="120.00" Metro="4/4" Battito="3" />
      <TEMPO Inizio="271.557" Bpm="120.00" Metro="4/4" Battito="4" />
      <TEMPO Inizio="272.056" Bpm="120.00" Metro="4/4" Battito="1" />
      <TEMPO Inizio="272.557" Bpm="120.00" Metro="4/4" Battito="2" />
      <TEMPO Inizio="273.056" Bpm="120.00" Metro="4/4" Battito="3" />
      <TEMPO Inizio="273.557" Bpm="120.00" Metro="4/4" Battito="4" />
      <TEMPO Inizio="274.056" Bpm="120.00" Metro="4/4" Battito="1" />
      <TEMPO Inizio="274.557" Bpm="120.00" Metro="4/4" Battito="2" />
      <TEMPO Inizio="275.056" Bpm="120.00" Metro="4/4" Battito="3" />
      <TEMPO Inizio="275.557" Bpm="120.00" Metro="4/4" Battito="4" />
      <TEMPO Inizio="276.056" Bpm="120.00" Metro="4/4" Battito="1" />
      <TEMPO Inizio="276.557" Bpm="120.00" Metro="4/4" Battito="2" />
      <TEMPO Inizio="277.056" Bpm="120.00" Metro="4/4" Battito="3" />
      <TEMPO Inizio="277.557" Bpm="120.00" Metro="4/4" Battito="4" />
      <TEMPO Inizio="278.056" Bpm="120.00" Metro="4/4" Battito="1" />
      <TEMPO Inizio="278.557" Bpm="120.00" Metro="4/4" Battito="2" />
      <TEMPO Inizio="279.056" Bpm="120.00" Metro="4/4" Battito="3" />
      <TEMPO Inizio="279.557" Bpm="120.00" Metro="4/4" Battito="4" />
      <TEMPO Inizio="280.056" Bpm="120.00" Metro="4/4" Battito="1" />
      <TEMPO Inizio="280.557" Bpm="120.00" Metro="4/4" Battito="2" />
      <TEMPO Inizio="281.056" Bpm="120.00" Metro="4/4" Battito="3" />
      <TEMPO Inizio="281.557" Bpm="120.00" Metro="4/4" Battito="4" />
      <TEMPO Inizio="282.056" Bpm="120.00" Metro="4/4" Battito="1" />
      <TEMPO Inizio="282.557" Bpm="120.00" Metro="4/4" Battito="2" />
      <TEMPO Inizio="283.056" Bpm="120.00" Metro="4/4" Battito="3" />
      <TEMPO Inizio="283.557" Bpm="120.00" Metro="4/4" Battito="4" />
      <TEMPO Inizio="284.056" Bpm="120.00" Metro="4/4" Battito="1" />
      <TEMPO Inizio="284.557" Bpm="120.00" Metro="4/4" Battito="2" />
      <TEMPO Inizio="285.056" Bpm="120.00" Metro="4/4" Battito="3" />
      <TEMPO Inizio="285.557" Bpm="120.00" Metro="4/4" Battito="4" />
      <TEMPO Inizio="286.056" Bpm="120.00" Metro="4/4" Battito="1" />
      <TEMPO Inizio="286.557" Bpm="120.00" Metro="4/4" Battito="2" />
      <POSITION_MARK Name="" Type="0" Start="2.056" Num="-1" />
    </TRACK>
    <TRACK TrackID="193114171" Name="Moment In Space (Original Mix)" Artist="Escape to Mars" Composer="" Album="Vault Series 21.0" Grouping="" Genre="House/Techno/Sinister" Kind="AIFF File" Size="51685552" TotalTime="292" DiscNumber="0" TrackNumber="3" Year="2017" AverageBpm="135.00" DateAdded="2022-05-15" BitRate="1411" SampleRate="44100" Comments="8A - 5" PlayCount="2" Rating="0" Location="file://localhost/Users/zachvp/Music/DJ/9315515_Moment_In_Space_(Original_Mix).aiff" Remixer="" Tonality="8A" Label="Vault Series" Mix="">
      <TEMPO Inizio="0.076" Bpm="135.00" Metro="4/4" Battito="1" />
      <TEMPO Inizio="0.521" Bpm="135.00" Metro="4/4" Battito="2" />
    </TRACK>
    <TRACK TrackID="247615800" Name="Solar Storm (Mano Le Tough Remix)" Artist="Phil Kieran" Composer="" Album="Blinded By The Sun (Remixes #2)" Grouping="" Genre="House/Deep/Tech/Spacey" Kind="AIFF File" Size="96783702" TotalTime="546" DiscNumber="0" TrackNumber="1" Year="2017" AverageBpm="124.00" DateAdded="2022-05-15" BitRate="1411" SampleRate="44100" Comments="8A - 6" PlayCount="2" Rating="0" Location="file://localhost/Users/zachvp/Music/DJ/9412211_Solar_Storm_(Mano_Le_Tough_Remix).aiff" Remixer="" Tonality="8A" Label="Hot Creations" Mix="">
      <TEMPO Inizio="0.091" Bpm="124.00" Metro="4/4" Battito="1" />
    </TRACK>
    <TRACK TrackID="2205149" Name="Soul Rain (Original Mix)" Artist="Pablo Cahn" Composer="" Album="Soul Rain" Grouping="" Genre="House/Tech/Groove" Kind="AIFF File" Size="115034266" TotalTime="651" DiscNumber="0" TrackNumber="1" Year="2017" AverageBpm="125.00" DateAdded="2022-05-15" BitRate="1411" SampleRate="44100" Comments="10A - 6" PlayCount="4" Rating="0" Location="file://localhost/Users/zachvp/Music/DJ/9658776_Soul_Rain_(Original_Mix).aiff" Remixer="" Tonality="10A" Label="Cadenza" Mix="">
      <TEMPO Inizio="0.010" Bpm="125.00" Metro="4/4" Battito="1" />
    </TRACK>
    <TRACK TrackID="249769456" Name="146 (Original Mix)" Artist="Thomas Hoffknecht" Composer="" Album="The Chronic 2017" Grouping="" Genre="House/Techno/Sinister" Kind="AIFF File" Size="67557000" TotalTime="374" DiscNumber="0" TrackNumber="1" Year="2017" AverageBpm="130.00" DateAdded="2022-05-15" BitRate="1411" SampleRate="44100" Comments="4A - 5" PlayCount="3" Rating="0" Location="file://localhost/Users/zachvp/Music/DJ/9875782_146_(Original_Mix).aiff" Remixer="" Tonality="4A" Label="Micro.Fon" Mix="">
      <TEMPO Inizio="0.179" Bpm="130.00" Metro="4/4" Battito="3" />
    </TRACK>
    <TRACK TrackID="240848079" Name="Journey Into Light (Original Mix)" Artist="Pale Blue" Composer="" Album="Crosstown Rebels present SPIRITS" Grouping="" Genre="House/Deep/Tech/Spacey" Kind="AIFF File" Size="71647102" TotalTime="405" DiscNumber="0" TrackNumber="11" Year="2017" AverageBpm="121.00" DateAdded="2022-05-15" BitRate="1411" SampleRate="44100" Comments="7A - 4" PlayCount="1" Rating="0" Location="file://localhost/Users/zachvp/Music/DJ/9900022_Journey_Into_Light_(Original_Mix).aiff" Remixer="" Tonality="7A" Label="Crosstown Rebels" Mix="">
      <TEMPO Inizio="0.021" Bpm="121.00" Metro="4/4" Battito="1" />
    </TRACK>
    <TRACK TrackID="262607520" Name="Feeling High (Los Suruba Dub In The Dark Mix)" Artist="Dennis Cruz" Composer="" Album="Feeling High, The Remixes Part II" Grouping="" Genre="House/Tech/Groove" Kind="AIFF File" Size="61205762" TotalTime="346" DiscNumber="0" TrackNumber="1" Year="2017" AverageBpm="122.00" DateAdded="2022-05-15" BitRate="1411" SampleRate="44100" Comments="7A - 6" PlayCount="3" Rating="0" Location="file://localhost/Users/zachvp/Music/DJ/9919251_Feeling_High_(Los_Suruba_Dub_In_The_Dark_Mix).aiff" Remixer="" Tonality="7A" Label="Suruba X" Mix="">
      <TEMPO Inizio="0.106" Bpm="122.00" Metro="4/4" Battito="1" />
    </TRACK>
    <TRACK TrackID="121636706" Name="Pick Up (12&quot; Extended Disco Version)" Artist="DJ Koze" Composer="" Album="Pick Up" Grouping="" Genre="House/Tech/Indie/Disco" Kind="AIFF File" Size="106512146" TotalTime="601" DiscNumber="0" TrackNumber="1" Year="2018" AverageBpm="124.89" DateAdded="2022-05-15" BitRate="1411" SampleRate="44100" Comments="7B - 7" PlayCount="3" Rating="0" Location="file://localhost/Users/zachvp/Music/DJ/10430090_Pick_Up_(12__Extended_Disco_Version).aiff" Remixer="" Tonality="7B" Label="Pampa Records" Mix="">
      <TEMPO Inizio="0.284" Bpm="124.89" Metro="4/4" Battito="1" />
      <TEMPO Inizio="21.902" Bpm="124.89" Metro="4/4" Battito="2" />
      <TEMPO Inizio="49.285" Bpm="124.89" Metro="4/4" Battito="3" />
      <TEMPO Inizio="80.031" Bpm="124.89" Metro="4/4" Battito="3" />
      <TEMPO Inizio="101.649" Bpm="124.89" Metro="4/4" Battito="4" />
      <TEMPO Inizio="132.395" Bpm="124.89" Metro="4/4" Battito="4" />
      <TEMPO Inizio="154.013" Bpm="124.89" Metro="4/4" Battito="1" />
      <TEMPO Inizio="184.759" Bpm="124.89" Metro="4/4" Battito="1" />
      <TEMPO Inizio="212.142" Bpm="124.89" Metro="4/4" Battito="2" />
      <TEMPO Inizio="239.525" Bpm="124.89" Metro="4/4" Battito="3" />
      <TEMPO Inizio="266.908" Bpm="124.89" Metro="4/4" Battito="4" />
      <TEMPO Inizio="294.291" Bpm="124.89" Metro="4/4" Battito="1" />
      <TEMPO Inizio="321.674" Bpm="124.89" Metro="4/4" Battito="2" />
      <TEMPO Inizio="349.057" Bpm="124.89" Metro="4/4" Battito="3" />
      <TEMPO Inizio="378.842" Bpm="124.89" Metro="4/4" Battito="1" />
      <TEMPO Inizio="409.588" Bpm="124.89" Metro="4/4" Battito="1" />
      <TEMPO Inizio="436.971" Bpm="124.89" Metro="4/4" Battito="2" />
      <TEMPO Inizio="464.354" Bpm="124.89" Metro="4/4" Battito="3" />
      <TEMPO Inizio="491.737" Bpm="124.89" Metro="4/4" Battito="4" />
      <TEMPO Inizio="521.522" Bpm="124.89" Metro="4/4" Battito="2" />
      <TEMPO Inizio="552.268" Bpm="124.89" Metro="4/4" Battito="2" />
      <TEMPO Inizio="573.886" Bpm="124.89" Metro="4/4" Battito="3" />
      <POSITION_MARK Name="" Type="0" Start="0.267" Num="-1" />
    </TRACK>
    <TRACK TrackID="56314510" Name="Hijack (Original Mix)" Artist="Wilian Kraupp" Composer="" Album="Moonlight EP" Grouping="" Genre="House/Techno/Downtempo" Kind="AIFF File" Size="76621332" TotalTime="434" DiscNumber="0" TrackNumber="2" Year="2018" AverageBpm="124.00" DateAdded="2022-05-15" BitRate="1411" SampleRate="44100" Comments="5A - 6" PlayCount="5" Rating="0" Location="file://localhost/Users/zachvp/Music/DJ/10493513_Hijack_(Original_Mix).aiff" Remixer="" Tonality="5A" Label="Stereo Productions" Mix="">
      <TEMPO Inizio="0.124" Bpm="124.00" Metro="4/4" Battito="1" />
    </TRACK>
    <TRACK TrackID="33068168" Name="Dreamin feat. T.Etno (El Mundo Remix)" Artist="Raidho, T.Etno" Composer="" Album="Neese" Grouping="" Genre="House/Deep/Melodic" Kind="AIFF File" Size="82234068" TotalTime="465" DiscNumber="0" TrackNumber="3" Year="2018" AverageBpm="117.00" DateAdded="2022-05-15" BitRate="1411" SampleRate="44100" Comments="7A - 6" PlayCount="3" Rating="0" Location="file://localhost/Users/zachvp/Music/DJ/10532648_Dreamin_feat._T.Etno_(El_Mundo_Remix).aiff" Remixer="" Tonality="7A" Label="Acker Records" Mix="">
      <TEMPO Inizio="0.059" Bpm="117.00" Metro="4/4" Battito="1" />
    </TRACK>
    <TRACK TrackID="91401237" Name="Light Tunnel (Original Mix)" Artist="Mutado Pintado, Paranoid London" Composer="" Album="Paranoid London" Grouping="" Genre="House/Tech/Groove" Kind="AIFF File" Size="61431978" TotalTime="348" DiscNumber="0" TrackNumber="1" Year="2018" AverageBpm="125.00" DateAdded="2022-05-15" BitRate="1411" SampleRate="44100" Comments="12A - 6" PlayCount="1" Rating="0" Location="file://localhost/Users/zachvp/Music/DJ/10540646_Light_Tunnel_(Original_Mix).aiff" Remixer="" Tonality="12A" Label="Paranoid London Records" Mix="">
      <TEMPO Inizio="0.028" Bpm="125.00" Metro="4/4" Battito="1" />
    </TRACK>
    <TRACK TrackID="267607258" Name="Dharma (Mulya Remix)" Artist="Animal Trainer" Composer="" Album="Rigpa" Grouping="" Genre="House/Deep/Melodic" Kind="AIFF File" Size="78965264" TotalTime="444" DiscNumber="0" TrackNumber="3" Year="2018" AverageBpm="122.00" DateAdded="2022-05-15" BitRate="1411" SampleRate="44100" Comments="5A - 5" PlayCount="1" Rating="0" Location="file://localhost/Users/zachvp/Music/DJ/10568238_Dharma_(Mulya_Remix).aiff" Remixer="" Tonality="5A" Label="Monaberry" Mix="">
      <TEMPO Inizio="0.123" Bpm="122.00" Metro="4/4" Battito="1" />
    </TRACK>
    <TRACK TrackID="35564312" Name="Gorg My Friend (Original Mix)" Artist="Shosho" Composer="" Album="Gorg My Friend EP" Grouping="" Genre="House/Techno/Downtempo" Kind="AIFF File" Size="66560562" TotalTime="376" DiscNumber="0" TrackNumber="1" Year="2018" AverageBpm="123.00" DateAdded="2022-05-15" BitRate="1411" SampleRate="44100" Comments="5A - 6" PlayCount="2" Rating="0" Location="file://localhost/Users/zachvp/Music/DJ/10719542_Gorg_My_Friend_(Original_Mix).aiff" Remixer="" Tonality="5A" Label="Low Groove Records" Mix="">
      <TEMPO Inizio="0.001" Bpm="123.00" Metro="4/4" Battito="1" />
    </TRACK>
    <TRACK TrackID="127801521" Name="Moon Rocks (Original Mix)" Artist="Vibe Killers" Composer="" Album="Girls EP" Grouping="" Genre="House/Tech/Groove" Kind="AIFF File" Size="72516012" TotalTime="410" DiscNumber="0" TrackNumber="2" Year="2018" AverageBpm="125.00" DateAdded="2022-05-15" BitRate="1411" SampleRate="44100" Comments="6A - 6" PlayCount="3" Rating="0" Location="file://localhost/Users/zachvp/Music/DJ/10777861_Moon_Rocks_(Original_Mix).aiff" Remixer="" Tonality="6A" Label="Rawthentic" Mix="">
      <TEMPO Inizio="0.002" Bpm="125.00" Metro="4/4" Battito="1" />
    </TRACK>
    <TRACK TrackID="175698927" Name="Jack Yo Body (Extended Mix)" Artist="Harry Romero" Composer="" Album="Jack Yo Body" Grouping="" Genre="House/Tech/Hard" Kind="AIFF File" Size="63715336" TotalTime="360" DiscNumber="0" TrackNumber="1" Year="2018" AverageBpm="123.00" DateAdded="2022-05-15" BitRate="1411" SampleRate="44100" Comments="9A - 7" PlayCount="0" Rating="0" Location="file://localhost/Users/zachvp/Music/DJ/10928393_Jack_Yo_Body_(Extended_Mix).aiff" Remixer="" Tonality="9A" Label="Bambossa Recordings" Mix="">
      <TEMPO Inizio="0.487" Bpm="123.00" Metro="4/4" Battito="2" />
    </TRACK>
    <TRACK TrackID="27766764" Name="Steep (Original Mix)" Artist="Alex Stein" Composer="" Album="Maelstrom" Grouping="" Genre="House/Techno/Downtempo" Kind="AIFF File" Size="82751634" TotalTime="468" DiscNumber="0" TrackNumber="2" Year="2018" AverageBpm="127.00" DateAdded="2022-05-15" BitRate="1411" SampleRate="44100" Comments="6A - 6" PlayCount="0" Rating="0" Location="file://localhost/Users/zachvp/Music/DJ/11085958_Steep_(Original_Mix).aiff" Remixer="" Tonality="6A" Label="Senso Sounds" Mix="">
      <TEMPO Inizio="0.445" Bpm="127.00" Metro="4/4" Battito="1" />
      <TEMPO Inizio="0.918" Bpm="127.00" Metro="4/4" Battito="2" />
      <TEMPO Inizio="248.476" Bpm="127.00" Metro="4/4" Battito="2" />
    </TRACK>
    <TRACK TrackID="39250002" Name="Me and My Friends (CRi Remix)" Artist="CRi, Sophia Bel" Composer="" Album="Me and My Friends: Remixes" Grouping="" Genre="House/Deep/Melodic" Kind="AIFF File" Size="58863504" TotalTime="333" DiscNumber="0" TrackNumber="2" Year="2018" AverageBpm="121.00" DateAdded="2022-05-15" BitRate="1411" SampleRate="44100" Comments="7A - 7" PlayCount="1" Rating="0" Location="file://localhost/Users/zachvp/Music/DJ/11166183_Me_and_My_Friends_(CRi_Remix).aiff" Remixer="" Tonality="7A" Label="Majestic Casual Records" Mix="">
      <TEMPO Inizio="0.068" Bpm="121.00" Metro="4/4" Battito="1" />
      <POSITION_MARK Name="" Type="0" Start="15.985" Num="-1" />
    </TRACK>
    <TRACK TrackID="236337054" Name="Piton (Original Mix)" Artist="DiSKOP" Composer="" Album="Disk 02" Grouping="" Genre="House/Tech/Groove" Kind="AIFF File" Size="77576736" TotalTime="439" DiscNumber="0" TrackNumber="2" Year="2018" AverageBpm="127.00" DateAdded="2022-05-15" BitRate="1411" SampleRate="44100" Comments="3A - 6" PlayCount="13" Rating="0" Location="file://localhost/Users/zachvp/Music/DJ/11200907_Piton_(Original_Mix).aiff" Remixer="" Tonality="3A" Label="Blackloops" Mix="">
      <TEMPO Inizio="0.117" Bpm="127.00" Metro="4/4" Battito="1" />
      <TEMPO Inizio="100.275" Bpm="127.00" Metro="4/4" Battito="1" />
      <TEMPO Inizio="288.307" Bpm="127.00" Metro="4/4" Battito="3" />
    </TRACK>
    <TRACK TrackID="242553073" Name="You Used to Hold Me (Ralphi's Riviera Mix)" Artist="Xaviera Gold, Ralphi Rosario" Composer="" Album="You Used to Hold Me '94!" Grouping="" Genre="House/Tech/Groove" Kind="AIFF File" Size="52408496" TotalTime="296" DiscNumber="0" TrackNumber="5" Year="2018" AverageBpm="123.06" DateAdded="2022-05-15" BitRate="1411" SampleRate="44100" Comments="5A - 6" PlayCount="2" Rating="0" Location="file://localhost/Users/zachvp/Music/DJ/11247653_You_Used_to_Hold_Me_(Ralphi_s_Riviera_Mix).aiff" Remixer="" Tonality="5A" Label="Strictly Hype Records" Mix="">
      <TEMPO Inizio="0.354" Bpm="123.06" Metro="4/4" Battito="1" />
    </TRACK>
    <TRACK TrackID="60600885" Name="Vigna (Original)" Artist="Maura" Composer="" Album="Conclave Series Vol.3" Grouping="" Genre="House/Deep/Tech/" Kind="AIFF File" Size="66435428" TotalTime="376" DiscNumber="0" TrackNumber="7" Year="2018" AverageBpm="125.00" DateAdded="2022-05-15" BitRate="1411" SampleRate="44100" Comments="5A - 5" PlayCount="1" Rating="0" Location="file://localhost/Users/zachvp/Music/DJ/11262168_Vigna_(Original).aiff" Remixer="" Tonality="5A" Label="Release Sustain" Mix="">
      <TEMPO Inizio="0.449" Bpm="125.00" Metro="4/4" Battito="2" />
      <TEMPO Inizio="364.290" Bpm="125.00" Metro="4/4" Battito="4" />
    </TRACK>
    <TRACK TrackID="259611365" Name="Inca Roads (Original Mix)" Artist="Francisco Allendes" Composer="" Album="SSFW #3A" Grouping="" Genre="House/Tech/Organic" Kind="AIFF File" Size="72939568" TotalTime="412" DiscNumber="0" TrackNumber="2" Year="2018" AverageBpm="127.00" DateAdded="2022-05-15" BitRate="1411" SampleRate="44100" Comments="6A - 6" PlayCount="1" Rating="0" Location="file://localhost/Users/zachvp/Music/DJ/11330811_Inca_Roads_(Original_Mix).aiff" Remixer="" Tonality="6A" Label="This And That" Mix="">
      <TEMPO Inizio="0.012" Bpm="127.00" Metro="4/4" Battito="1" />
    </TRACK>
    <TRACK TrackID="151934102" Name="Solution (Original Mix)" Artist="Neverdogs" Composer="" Album="Underground Activity EP" Grouping="" Genre="House/Tech/Groove" Kind="AIFF File" Size="74287182" TotalTime="420" DiscNumber="0" TrackNumber="2" Year="2019" AverageBpm="124.00" DateAdded="2022-05-15" BitRate="1411" SampleRate="44100" Comments="1A - 6" PlayCount="11" Rating="0" Location="file://localhost/Users/zachvp/Music/DJ/11489167_Solution_(Original_Mix).aiff" Remixer="" Tonality="1A" Label="Bamboleo" Mix="">
      <TEMPO Inizio="0.013" Bpm="124.00" Metro="4/4" Battito="4" />
      <POSITION_MARK Name="" Type="0" Start="48.872" Num="-1" />
    </TRACK>
    <TRACK TrackID="181509624" Name="Vision (Original Mix)" Artist="Piero Pirupa, Alex Kennon" Composer="" Album="Vision" Grouping="" Genre="House/Tech/" Kind="AIFF File" Size="71855760" TotalTime="407" DiscNumber="0" TrackNumber="1" Year="2019" AverageBpm="124.00" DateAdded="2022-05-15" BitRate="1411" SampleRate="44100" Comments="8A - 6" PlayCount="1" Rating="0" Location="file://localhost/Users/zachvp/Music/DJ/11644331_Vision_(Original_Mix).aiff" Remixer="" Tonality="8A" Label="Rebellion" Mix="">
      <TEMPO Inizio="0.103" Bpm="124.00" Metro="4/4" Battito="1" />
    </TRACK>
    <TRACK TrackID="65119117" Name="Who Owns You (Original Mix)" Artist="Jaydee" Composer="" Album="Say You Wanna Love Me" Grouping="" Genre="House/Techno/Downtempo" Kind="AIFF File" Size="76860618" TotalTime="434" DiscNumber="0" TrackNumber="1" Year="2019" AverageBpm="122.00" DateAdded="2022-05-15" BitRate="1411" SampleRate="44100" Comments="6A - 6" PlayCount="5" Rating="0" Location="file://localhost/Users/zachvp/Music/DJ/11916803_Who_Owns_You_(Original_Mix).aiff" Remixer="" Tonality="6A" Label="Percep-tion" Mix="">
      <TEMPO Inizio="0.375" Bpm="122.00" Metro="4/4" Battito="1" />
      <POSITION_MARK Name="" Type="0" Start="0.357" Num="-1" />
    </TRACK>
    <TRACK TrackID="226284202" Name="Dub Rinse (Extended Mix)" Artist="Christian Cambas" Composer="" Album="359 EP" Grouping="" Genre="House/Techno/Hype" Kind="AIFF File" Size="65611634" TotalTime="369" DiscNumber="0" TrackNumber="2" Year="2019" AverageBpm="130.00" DateAdded="2022-05-15" BitRate="1411" SampleRate="44100" Comments="7A - 6" PlayCount="0" Rating="0" Location="file://localhost/Users/zachvp/Music/DJ/12022328_Dub_Rinse_(Extended_Mix).aiff" Remixer="" Tonality="7A" Label="Rhythm Distrikt" Mix="">
      <TEMPO Inizio="0.009" Bpm="130.00" Metro="4/4" Battito="1" />
    </TRACK>
    <TRACK TrackID="35509826" Name="Twist &amp; Turn  (Original Mix)" Artist="Hugo Massien" Composer="" Album="Dance Trax, Vol. 21" Grouping="" Genre="House/Tech/Breaks" Kind="AIFF File" Size="59442404" TotalTime="336" DiscNumber="0" TrackNumber="1" Year="2019" AverageBpm="126.00" DateAdded="2022-05-15" BitRate="1411" SampleRate="44100" Comments="2A - 6" PlayCount="1" Rating="0" Location="file://localhost/Users/zachvp/Music/DJ/12028337_Twist_%26_Turn%c2%a0_(Original_Mix).aiff" Remixer="" Tonality="2A" Label="Dance Trax" Mix="">
      <TEMPO Inizio="0.119" Bpm="126.00" Metro="4/4" Battito="3" />
      <TEMPO Inizio="0.596" Bpm="126.00" Metro="4/4" Battito="4" />
    </TRACK>
    <TRACK TrackID="53902721" Name="Pelago (Original Mix)" Artist="Tone Depth" Composer="" Album="Era / Pelago" Grouping="" Genre="House/Deep/Melodic" Kind="AIFF File" Size="72829352" TotalTime="410" DiscNumber="0" TrackNumber="2" Year="2019" AverageBpm="122.00" DateAdded="2022-05-15" BitRate="1411" SampleRate="44100" Comments="8A - 6" PlayCount="0" Rating="0" Location="file://localhost/Users/zachvp/Music/DJ/12575740_Pelago_(Original_Mix).aiff" Remixer="" Tonality="8A" Label="fryhide" Mix="">
      <TEMPO Inizio="0.030" Bpm="122.00" Metro="4/4" Battito="2" />
    </TRACK>
    <TRACK TrackID="61683642" Name="Atme (Original Mix)" Artist="Jean Claude Ades" Composer="" Album="Atme" Grouping="" Genre="House/Deep/Melodic" Kind="AIFF File" Size="72678388" TotalTime="411" DiscNumber="0" TrackNumber="1" Year="2019" AverageBpm="123.00" DateAdded="2022-05-15" BitRate="1411" SampleRate="44100" Comments="7A - 6" PlayCount="0" Rating="0" Location="file://localhost/Users/zachvp/Music/DJ/12641168_Atme_(Original_Mix).aiff" Remixer="" Tonality="7A" Label="Bercana Music" Mix="">
      <TEMPO Inizio="0.000" Bpm="123.00" Metro="4/4" Battito="1" />
    </TRACK>
    <TRACK TrackID="37030064" Name="Hi End (Blond:ish Remix)" Artist="Nonku Phiri, M.A.N.D.Y." Composer="" Album="Higher Pulse, Vol. 19" Grouping="" Genre="House/Deep/Tech/" Kind="AIFF File" Size="73750424" TotalTime="416" DiscNumber="0" TrackNumber="8" Year="2020" AverageBpm="125.00" DateAdded="2022-05-15" BitRate="1411" SampleRate="44100" Comments="11A - 6" PlayCount="3" Rating="0" Location="file://localhost/Users/zachvp/Music/DJ/12976349_Hi_End_(Blond_ish_Remix).aiff" Remixer="" Tonality="11A" Label="Higher Pulse" Mix="">
      <TEMPO Inizio="0.200" Bpm="125.00" Metro="4/4" Battito="1" />
      <POSITION_MARK Name="" Type="0" Start="0.195" Num="-1" />
    </TRACK>
    <TRACK TrackID="173392933" Name="Sadness (Vinyl Version)" Artist="Steffi" Composer="" Album="Panorama Bar 03" Grouping="" Genre="House/Deep/Tech/Jazzy" Kind="AIFF File" Size="59834618" TotalTime="338" DiscNumber="0" TrackNumber="2" Year="2011" AverageBpm="124.00" DateAdded="2022-05-15" BitRate="1411" SampleRate="44100" Comments="8A - 4" PlayCount="0" Rating="0" Location="file://localhost/Users/zachvp/Music/DJ/12987610_Sadness_(Vinyl_Version).aiff" Remixer="" Tonality="8A" Label="Ostgut Ton" Mix="">
      <TEMPO Inizio="0.341" Bpm="124.00" Metro="4/4" Battito="1" />
    </TRACK>
    <TRACK TrackID="158653764" Name="Orbiter (Flight One)" Artist="Vincenzo" Composer="" Album="Orbiter" Grouping="" Genre="House/Deep/Tech/Spacey" Kind="AIFF File" Size="69917158" TotalTime="396" DiscNumber="0" TrackNumber="1" Year="2020" AverageBpm="123.00" DateAdded="2022-05-15" BitRate="1411" SampleRate="44100" Comments="6A - 6" PlayCount="2" Rating="0" Location="file://localhost/Users/zachvp/Music/DJ/13092435_Orbiter_(Flight_One).aiff" Remixer="" Tonality="6A" Label="Be Adult Music" Mix="">
      <TEMPO Inizio="0.247" Bpm="123.00" Metro="4/4" Battito="2" />
      <POSITION_MARK Name="" Type="0" Start="1.708" Num="-1" />
    </TRACK>
    <TRACK TrackID="81409644" Name="Your Body Next To Mine (Original Mix)" Artist="Sun Shy Boy" Composer="" Album="NaNaNa" Grouping="" Genre="Lounge/Indie" Kind="AIFF File" Size="29355446" TotalTime="165" DiscNumber="0" TrackNumber="2" Year="2020" AverageBpm="155.04" DateAdded="2022-05-15" BitRate="1411" SampleRate="44100" Comments="11A - 5" PlayCount="2" Rating="0" Location="file://localhost/Users/zachvp/Music/DJ/13107186_Your_Body_Next_To_Mine_(Original_Mix).aiff" Remixer="" Tonality="11A" Label="Freeride Millenium" Mix="">
      <TEMPO Inizio="0.063" Bpm="155.04" Metro="4/4" Battito="1" />
      <TEMPO Inizio="62.757" Bpm="155.04" Metro="4/4" Battito="3" />
    </TRACK>
    <TRACK TrackID="186035308" Name="Sinner (Original Mix)" Artist="Monolink" Composer="" Album="Sinner" Grouping="" Genre="House/Tech/Indie/Progressive/Electro" Kind="AIFF File" Size="81922152" TotalTime="463" DiscNumber="0" TrackNumber="1" Year="2020" AverageBpm="123.00" DateAdded="2022-05-15" BitRate="1411" SampleRate="44100" Comments="9A - 6" PlayCount="0" Rating="0" Location="file://localhost/Users/zachvp/Music/DJ/13173147_Sinner_(Original_Mix).aiff" Remixer="" Tonality="9A" Label="Embassy One" Mix="">
      <TEMPO Inizio="0.393" Bpm="123.00" Metro="4/4" Battito="1" />
    </TRACK>
    <TRACK TrackID="20534984" Name="In Spite Of Everything (Original Mix)" Artist="Henrik Schwarz, Bugge Wesseltoft" Composer="" Album="In Spite Of Everything" Grouping="" Genre="House/Deep/Melodic" Kind="AIFF File" Size="59068360" TotalTime="332" DiscNumber="0" TrackNumber="1" Year="2020" AverageBpm="124.00" DateAdded="2022-05-15" BitRate="1411" SampleRate="44100" Comments="6A - 5" PlayCount="2" Rating="0" Location="file://localhost/Users/zachvp/Music/DJ/13180725_In_Spite_Of_Everything_(Original_Mix).aiff" Remixer="" Tonality="6A" Label="Sunday-Music Records" Mix="">
      <TEMPO Inizio="0.102" Bpm="124.00" Metro="4/4" Battito="1" />
    </TRACK>
    <TRACK TrackID="267728667" Name="In Spite Of Everything (Two Pianos)" Artist="Henrik Schwarz, Bugge Wesseltoft" Composer="" Album="In Spite Of Everything" Grouping="" Genre="Lounge/Acoustic" Kind="AIFF File" Size="55773554" TotalTime="313" DiscNumber="0" TrackNumber="2" Year="2020" AverageBpm="174.66" DateAdded="2022-05-15" BitRate="1411" SampleRate="44100" Comments="6A - 3" PlayCount="3" Rating="0" Location="file://localhost/Users/zachvp/Music/DJ/13180726_In_Spite_Of_Everything_(Two_Pianos).aiff" Remixer="" Tonality="6A" Label="Sunday-Music Records" Mix="">
      <TEMPO Inizio="0.175" Bpm="174.66" Metro="4/4" Battito="3" />
    </TRACK>
    <TRACK TrackID="78640577" Name="Mandatory 57 (Original Mix)" Artist="Putri Mai, Steve Butcher" Composer="" Album="57" Grouping="" Genre="House/Deep/Tech/" Kind="AIFF File" Size="116558914" TotalTime="660" DiscNumber="0" TrackNumber="4" Year="2020" AverageBpm="125.00" DateAdded="2022-05-15" BitRate="1411" SampleRate="44100" Comments="10A - 5" PlayCount="3" Rating="0" Location="file://localhost/Users/zachvp/Music/DJ/13189224_Mandatory_57_(Original_Mix).aiff" Remixer="" Tonality="10A" Label="Habits Records" Mix="">
      <TEMPO Inizio="0.012" Bpm="125.00" Metro="4/4" Battito="1" />
    </TRACK>
    <TRACK TrackID="60682732" Name="Daylight (Simon Doty Extended Mix)" Artist="Jonathan Rosa, Kyla Millette" Composer="" Album="Anjunadeep In Miami 2020" Grouping="" Genre="House/Deep/Melodic" Kind="AIFF File" Size="84946508" TotalTime="479" DiscNumber="0" TrackNumber="9" Year="2020" AverageBpm="120.00" DateAdded="2022-05-15" BitRate="1411" SampleRate="44100" Comments="2A - 6" PlayCount="1" Rating="0" Location="file://localhost/Users/zachvp/Music/DJ/13205080_Daylight_(Simon_Doty_Extended_Mix).aiff" Remixer="" Tonality="2A" Label="Anjunadeep" Mix="">
      <TEMPO Inizio="0.087" Bpm="120.00" Metro="4/4" Battito="1" />
      <TEMPO Inizio="99.588" Bpm="120.00" Metro="4/4" Battito="4" />
      <TEMPO Inizio="100.087" Bpm="120.00" Metro="4/4" Battito="1" />
      <TEMPO Inizio="100.588" Bpm="120.00" Metro="4/4" Battito="2" />
      <TEMPO Inizio="101.087" Bpm="120.00" Metro="4/4" Battito="3" />
      <TEMPO Inizio="101.588" Bpm="120.00" Metro="4/4" Battito="4" />
      <TEMPO Inizio="102.087" Bpm="120.00" Metro="4/4" Battito="1" />
      <TEMPO Inizio="102.588" Bpm="120.00" Metro="4/4" Battito="2" />
      <TEMPO Inizio="103.087" Bpm="120.00" Metro="4/4" Battito="3" />
      <TEMPO Inizio="103.588" Bpm="120.00" Metro="4/4" Battito="4" />
      <TEMPO Inizio="104.087" Bpm="120.00" Metro="4/4" Battito="1" />
      <TEMPO Inizio="104.588" Bpm="120.00" Metro="4/4" Battito="2" />
      <TEMPO Inizio="105.087" Bpm="120.00" Metro="4/4" Battito="3" />
      <TEMPO Inizio="105.588" Bpm="120.00" Metro="4/4" Battito="4" />
      <TEMPO Inizio="254.589" Bpm="120.00" Metro="4/4" Battito="2" />
      <TEMPO Inizio="255.088" Bpm="120.00" Metro="4/4" Battito="3" />
      <TEMPO Inizio="255.589" Bpm="120.00" Metro="4/4" Battito="4" />
      <TEMPO Inizio="256.088" Bpm="120.00" Metro="4/4" Battito="1" />
      <TEMPO Inizio="256.589" Bpm="120.00" Metro="4/4" Battito="2" />
      <TEMPO Inizio="257.088" Bpm="120.00" Metro="4/4" Battito="3" />
      <TEMPO Inizio="257.589" Bpm="120.00" Metro="4/4" Battito="4" />
      <TEMPO Inizio="258.088" Bpm="120.00" Metro="4/4" Battito="1" />
      <TEMPO Inizio="258.589" Bpm="120.00" Metro="4/4" Battito="2" />
      <TEMPO Inizio="259.088" Bpm="120.00" Metro="4/4" Battito="3" />
      <TEMPO Inizio="259.589" Bpm="120.00" Metro="4/4" Battito="4" />
      <TEMPO Inizio="260.088" Bpm="120.00" Metro="4/4" Battito="1" />
      <TEMPO Inizio="260.589" Bpm="120.00" Metro="4/4" Battito="2" />
      <TEMPO Inizio="409.590" Bpm="120.00" Metro="4/4" Battito="4" />
      <TEMPO Inizio="410.089" Bpm="120.00" Metro="4/4" Battito="1" />
      <TEMPO Inizio="410.590" Bpm="120.00" Metro="4/4" Battito="2" />
      <TEMPO Inizio="411.089" Bpm="120.00" Metro="4/4" Battito="3" />
      <TEMPO Inizio="411.590" Bpm="120.00" Metro="4/4" Battito="4" />
      <TEMPO Inizio="412.089" Bpm="120.00" Metro="4/4" Battito="1" />
      <TEMPO Inizio="412.590" Bpm="120.00" Metro="4/4" Battito="2" />
      <TEMPO Inizio="413.089" Bpm="120.00" Metro="4/4" Battito="3" />
      <TEMPO Inizio="413.590" Bpm="120.00" Metro="4/4" Battito="4" />
      <TEMPO Inizio="414.089" Bpm="120.00" Metro="4/4" Battito="1" />
      <TEMPO Inizio="414.590" Bpm="120.00" Metro="4/4" Battito="2" />
      <TEMPO Inizio="415.089" Bpm="120.00" Metro="4/4" Battito="3" />
      <TEMPO Inizio="415.590" Bpm="120.00" Metro="4/4" Battito="4" />
    </TRACK>
    <TRACK TrackID="133003726" Name="Break Free (David Mayer Remix)" Artist="Ian Ludvig" Composer="" Album="Break Free" Grouping="" Genre="House/Deep/Melodic" Kind="AIFF File" Size="85374764" TotalTime="483" DiscNumber="0" TrackNumber="2" Year="2020" AverageBpm="120.00" DateAdded="2022-05-15" BitRate="1411" SampleRate="44100" Comments="3A - 6" PlayCount="6" Rating="0" Location="file://localhost/Users/zachvp/Music/DJ/13269472_Break_Free_(David_Mayer_Remix).aiff" Remixer="" Tonality="3A" Label="Eklektisch" Mix="">
      <TEMPO Inizio="0.023" Bpm="120.00" Metro="4/4" Battito="1" />
      <TEMPO Inizio="200.522" Bpm="120.00" Metro="4/4" Battito="2" />
      <TEMPO Inizio="201.023" Bpm="120.00" Metro="4/4" Battito="3" />
      <TEMPO Inizio="201.522" Bpm="120.00" Metro="4/4" Battito="4" />
      <TEMPO Inizio="202.023" Bpm="120.00" Metro="4/4" Battito="1" />
      <TEMPO Inizio="202.522" Bpm="120.00" Metro="4/4" Battito="2" />
      <TEMPO Inizio="203.023" Bpm="120.00" Metro="4/4" Battito="3" />
      <TEMPO Inizio="203.522" Bpm="120.00" Metro="4/4" Battito="4" />
      <TEMPO Inizio="204.023" Bpm="120.00" Metro="4/4" Battito="1" />
      <TEMPO Inizio="204.522" Bpm="120.00" Metro="4/4" Battito="2" />
      <TEMPO Inizio="205.023" Bpm="120.00" Metro="4/4" Battito="3" />
      <TEMPO Inizio="205.522" Bpm="120.00" Metro="4/4" Battito="4" />
      <TEMPO Inizio="206.023" Bpm="120.00" Metro="4/4" Battito="1" />
      <TEMPO Inizio="206.522" Bpm="120.00" Metro="4/4" Battito="2" />
      <TEMPO Inizio="207.023" Bpm="120.00" Metro="4/4" Battito="3" />
      <TEMPO Inizio="207.522" Bpm="120.00" Metro="4/4" Battito="4" />
      <TEMPO Inizio="208.023" Bpm="120.00" Metro="4/4" Battito="1" />
      <TEMPO Inizio="208.522" Bpm="120.00" Metro="4/4" Battito="2" />
      <TEMPO Inizio="209.023" Bpm="120.00" Metro="4/4" Battito="3" />
      <TEMPO Inizio="209.522" Bpm="120.00" Metro="4/4" Battito="4" />
      <TEMPO Inizio="210.023" Bpm="120.00" Metro="4/4" Battito="1" />
      <TEMPO Inizio="210.522" Bpm="120.00" Metro="4/4" Battito="2" />
      <TEMPO Inizio="211.023" Bpm="120.00" Metro="4/4" Battito="3" />
      <TEMPO Inizio="211.522" Bpm="120.00" Metro="4/4" Battito="4" />
      <TEMPO Inizio="212.023" Bpm="120.00" Metro="4/4" Battito="1" />
      <TEMPO Inizio="212.522" Bpm="120.00" Metro="4/4" Battito="2" />
      <TEMPO Inizio="213.023" Bpm="120.00" Metro="4/4" Battito="3" />
      <TEMPO Inizio="213.522" Bpm="120.00" Metro="4/4" Battito="4" />
      <TEMPO Inizio="214.023" Bpm="120.00" Metro="4/4" Battito="1" />
      <TEMPO Inizio="214.522" Bpm="120.00" Metro="4/4" Battito="2" />
      <TEMPO Inizio="215.023" Bpm="120.00" Metro="4/4" Battito="3" />
      <TEMPO Inizio="215.522" Bpm="120.00" Metro="4/4" Battito="4" />
      <TEMPO Inizio="216.023" Bpm="120.00" Metro="4/4" Battito="1" />
      <TEMPO Inizio="216.522" Bpm="120.00" Metro="4/4" Battito="2" />
      <TEMPO Inizio="217.023" Bpm="120.00" Metro="4/4" Battito="3" />
      <TEMPO Inizio="217.522" Bpm="120.00" Metro="4/4" Battito="4" />
      <TEMPO Inizio="218.023" Bpm="120.00" Metro="4/4" Battito="1" />
      <TEMPO Inizio="218.522" Bpm="120.00" Metro="4/4" Battito="2" />
      <TEMPO Inizio="219.023" Bpm="120.00" Metro="4/4" Battito="3" />
      <TEMPO Inizio="219.522" Bpm="120.00" Metro="4/4" Battito="4" />
      <TEMPO Inizio="220.023" Bpm="120.00" Metro="4/4" Battito="1" />
      <TEMPO Inizio="220.522" Bpm="120.00" Metro="4/4" Battito="2" />
      <TEMPO Inizio="221.023" Bpm="120.00" Metro="4/4" Battito="3" />
      <TEMPO Inizio="221.522" Bpm="120.00" Metro="4/4" Battito="4" />
      <TEMPO Inizio="222.023" Bpm="120.00" Metro="4/4" Battito="1" />
      <TEMPO Inizio="222.522" Bpm="120.00" Metro="4/4" Battito="2" />
      <TEMPO Inizio="223.023" Bpm="120.00" Metro="4/4" Battito="3" />
      <TEMPO Inizio="223.522" Bpm="120.00" Metro="4/4" Battito="4" />
      <TEMPO Inizio="224.023" Bpm="120.00" Metro="4/4" Battito="1" />
      <TEMPO Inizio="224.522" Bpm="120.00" Metro="4/4" Battito="2" />
      <TEMPO Inizio="225.023" Bpm="120.00" Metro="4/4" Battito="3" />
      <TEMPO Inizio="225.522" Bpm="120.00" Metro="4/4" Battito="4" />
      <TEMPO Inizio="226.023" Bpm="120.00" Metro="4/4" Battito="1" />
      <TEMPO Inizio="226.522" Bpm="120.00" Metro="4/4" Battito="2" />
      <TEMPO Inizio="227.023" Bpm="120.00" Metro="4/4" Battito="3" />
      <TEMPO Inizio="227.522" Bpm="120.00" Metro="4/4" Battito="4" />
      <TEMPO Inizio="228.023" Bpm="120.00" Metro="4/4" Battito="1" />
      <TEMPO Inizio="228.522" Bpm="120.00" Metro="4/4" Battito="2" />
      <TEMPO Inizio="229.023" Bpm="120.00" Metro="4/4" Battito="3" />
      <TEMPO Inizio="229.522" Bpm="120.00" Metro="4/4" Battito="4" />
      <TEMPO Inizio="230.023" Bpm="120.00" Metro="4/4" Battito="1" />
      <TEMPO Inizio="230.522" Bpm="120.00" Metro="4/4" Battito="2" />
      <TEMPO Inizio="231.023" Bpm="120.00" Metro="4/4" Battito="3" />
      <TEMPO Inizio="231.522" Bpm="120.00" Metro="4/4" Battito="4" />
      <TEMPO Inizio="232.023" Bpm="120.00" Metro="4/4" Battito="1" />
      <TEMPO Inizio="232.522" Bpm="120.00" Metro="4/4" Battito="2" />
    </TRACK>
    <TRACK TrackID="50200790" Name="Run Run Run (Adam Port Remix)" Artist="Yeah But No, Adam Port" Composer="" Album="White Noise Romantica" Grouping="" Genre="House/Deep/Melodic" Kind="AIFF File" Size="86638356" TotalTime="488" DiscNumber="0" TrackNumber="2" Year="2020" AverageBpm="122.00" DateAdded="2022-05-15" BitRate="1411" SampleRate="44100" Comments="2A - 6" PlayCount="2" Rating="0" Location="file://localhost/Users/zachvp/Music/DJ/13602015_Run_Run_Run_(Adam_Port_Remix).aiff" Remixer="" Tonality="2A" Label="Keinemusik" Mix="">
      <TEMPO Inizio="0.099" Bpm="122.00" Metro="4/4" Battito="1" />
    </TRACK>
    <TRACK TrackID="179787575" Name="Let's All Pray For This World (Maceo Plex Glitchy Remix)" Artist="Maceo Plex, Perry Farrell" Composer="" Album="Let's All Pray For This World - Maceo Plex Remixes" Grouping="" Genre="House/Techno/Downtempo" Kind="AIFF File" Size="60099900" TotalTime="340" DiscNumber="0" TrackNumber="3" Year="2020" AverageBpm="128.00" DateAdded="2022-05-15" BitRate="1411" SampleRate="44100" Comments="7A - 7" PlayCount="0" Rating="0" Location="file://localhost/Users/zachvp/Music/DJ/13631070_Let_s_All_Pray_For_This_World_(Maceo_Plex_Glitchy_Remix).aiff" Remixer="" Tonality="7A" Label="Last Man Music" Mix="">
      <TEMPO Inizio="0.114" Bpm="128.00" Metro="4/4" Battito="1" />
    </TRACK>
    <TRACK TrackID="231826931" Name="Faberge (Original Mix)" Artist="Matador" Composer="" Album="W5DE" Grouping="" Genre="House/Techno/Downtempo" Kind="AIFF File" Size="70316702" TotalTime="395" DiscNumber="0" TrackNumber="2" Year="2020" AverageBpm="126.00" DateAdded="2022-05-15" BitRate="1411" SampleRate="44100" Comments="6A - 5" PlayCount="2" Rating="0" Location="file://localhost/Users/zachvp/Music/DJ/13662758_Faberge_(Original_Mix).aiff" Remixer="" Tonality="6A" Label="Open Records" Mix="">
      <TEMPO Inizio="0.170" Bpm="126.00" Metro="4/4" Battito="1" />
    </TRACK>
    <TRACK TrackID="256095446" Name="Rest / Relief (Original Mix)" Artist="Cassettes For Kids" Composer="" Album="Rest / Relief" Grouping="" Genre="House/Deep/Tech/Jazzy" Kind="AIFF File" Size="70803634" TotalTime="400" DiscNumber="0" TrackNumber="1" Year="2020" AverageBpm="132.00" DateAdded="2022-05-15" BitRate="1411" SampleRate="44100" Comments="3A - 6" PlayCount="6" Rating="0" Location="file://localhost/Users/zachvp/Music/DJ/14493700_Rest___Relief_(Original_Mix).aiff" Remixer="" Tonality="3A" Label="Honey Butter Records" Mix="">
      <TEMPO Inizio="0.121" Bpm="132.00" Metro="4/4" Battito="1" />
      <POSITION_MARK Name="" Type="0" Start="0.109" Num="-1" />
    </TRACK>
    <TRACK TrackID="219371162" Name="Never Come Back (Morgan Geist Remix)" Artist="Caribou" Composer="" Album="Suddenly Remixes" Grouping="" Genre="House/Tech/Breaks" Kind="AIFF File" Size="80306736" TotalTime="438" DiscNumber="0" TrackNumber="10" Year="2021" AverageBpm="128.00" DateAdded="2022-05-15" BitRate="1411" SampleRate="44100" Comments="7A - 5" PlayCount="0" Rating="0" Location="file://localhost/Users/zachvp/Music/DJ/14773288_Never_Come_Back_(Morgan_Geist_Remix).aiff" Remixer="" Tonality="7A" Label="City Slang" Mix="">
      <TEMPO Inizio="0.127" Bpm="128.00" Metro="4/4" Battito="3" />
    </TRACK>
    <TRACK TrackID="129140854" Name="Air (Original Mix)" Artist="Jay Lumen" Composer="" Album="Voyager" Grouping="" Genre="House/Techno/" Kind="AIFF File" Size="74732646" TotalTime="416" DiscNumber="0" TrackNumber="2" Year="2021" AverageBpm="130.00" DateAdded="2022-05-15" BitRate="1411" SampleRate="44100" Comments="9A - 7" PlayCount="0" Rating="0" Location="file://localhost/Users/zachvp/Music/DJ/15735631_Air_(Original_Mix).aiff" Remixer="" Tonality="9A" Label="Footwork" Mix="">
      <TEMPO Inizio="0.104" Bpm="130.00" Metro="4/4" Battito="1" />
    </TRACK>
    <TRACK TrackID="233476577" Name="Kalopsya (Extended Mix)" Artist="Juan Pablo Torrez, Kamilo Sanclemente" Composer="" Album="UV 200 Mixed by Paul Thomas" Grouping="" Genre="House/Deep/Melodic" Kind="AIFF File" Size="91079946" TotalTime="512" DiscNumber="0" TrackNumber="9" Year="2022" AverageBpm="124.00" DateAdded="2022-05-15" BitRate="1411" SampleRate="44100" Comments="6A - 6" PlayCount="2" Rating="0" Location="file://localhost/Users/zachvp/Music/DJ/16221449_Kalopsya_(Extended_Mix).aiff" Remixer="" Tonality="6A" Label="UV" Mix="">
      <TEMPO Inizio="0.001" Bpm="124.00" Metro="4/4" Battito="1" />
    </TRACK>
    <TRACK TrackID="199878773" Name="I'm Lonely (Original Mix)" Artist="Hollis P Monroe" Composer="" Album="I'm Lonely" Grouping="" Genre="House/Deep/Tech/Jazzy" Kind="AIFF File" Size="72665666" TotalTime="411" DiscNumber="0" TrackNumber="1" Year="1999" AverageBpm="133.32" DateAdded="2022-05-15" BitRate="1411" SampleRate="44100" Comments="10A - 6" PlayCount="2" Rating="0" Location="file://localhost/Users/zachvp/Music/DJ/93538_I_m_Lonely_(Original_Mix).aiff" Remixer="" Tonality="10A" Label="Stickman Records" Mix="">
      <TEMPO Inizio="0.229" Bpm="133.32" Metro="4/4" Battito="1" />
      <TEMPO Inizio="250.453" Bpm="133.32" Metro="4/4" Battito="1" />
    </TRACK>
    <TRACK TrackID="60490533" Name="Sea of Sand (Original Mix)" Artist="Guy Gerber &amp; Shlomi Aber" Composer="" Album="Late Bloomers" Grouping="" Genre="House/Deep/Tech/Spacey" Kind="AIFF File" Size="53942042" TotalTime="304" DiscNumber="0" TrackNumber="6" Year="2007" AverageBpm="127.00" DateAdded="2022-05-15" BitRate="1411" SampleRate="44100" Comments="8A - 6" PlayCount="2" Rating="0" Location="file://localhost/Users/zachvp/Music/DJ/306923_Sea_of_Sand_(Original_Mix).aiff" Remixer="" Tonality="8A" Label="Cocoon Recordings" Mix="">
      <TEMPO Inizio="0.038" Bpm="127.00" Metro="4/4" Battito="1" />
    </TRACK>
    <TRACK TrackID="259891365" Name="Dead Room (Original Mix)" Artist="Kollektiv Turmstrasse" Composer="" Album="Cocoon Compilation I" Grouping="" Genre="House/Deep/Tech/Dubby" Kind="AIFF File" Size="65176402" TotalTime="369" DiscNumber="0" TrackNumber="12" Year="2009" AverageBpm="125.00" DateAdded="2022-05-15" BitRate="1411" SampleRate="44100" Comments="2A - 5" PlayCount="1" Rating="0" Location="file://localhost/Users/zachvp/Music/DJ/883677_Dead_Room_(Original_Mix).aiff" Remixer="" Tonality="2A" Label="Cocoon Recordings" Mix="">
      <TEMPO Inizio="0.057" Bpm="125.00" Metro="4/4" Battito="4" />
      <TEMPO Inizio="37.018" Bpm="125.00" Metro="4/4" Battito="1" />
      <TEMPO Inizio="306.779" Bpm="125.00" Metro="4/4" Battito="3" />
    </TRACK>
    <TRACK TrackID="129197934" Name="Just Us (Blakdoktor Voice Mix)" Artist="Doc Martin, Sublevel, Lillia" Composer="" Album="Just Us" Grouping="" Genre="House/Deep/Tech/Jazzy" Kind="AIFF File" Size="64781994" TotalTime="367" DiscNumber="0" TrackNumber="3" Year="2002" AverageBpm="121.99" DateAdded="2022-05-15" BitRate="1411" SampleRate="44100" Comments="2A - 5" PlayCount="10" Rating="0" Location="file://localhost/Users/zachvp/Music/DJ/919616_Just_Us_(Blakdoktor_Voice_Mix).aiff" Remixer="" Tonality="2A" Label="Sublevel Music" Mix="">
      <TEMPO Inizio="0.272" Bpm="121.99" Metro="4/4" Battito="3" />
      <POSITION_MARK Name="" Type="0" Start="1.256" Num="-1" />
    </TRACK>
    <TRACK TrackID="162341930" Name="Fables And Fairytales feat. Rosina (Deniz Kurtel Remix)" Artist="N/A" Composer="" Album="Fables And Fairytales" Grouping="" Genre="House/Tech/Groove" Kind="AIFF File" Size="70772560" TotalTime="400" DiscNumber="0" TrackNumber="2" Year="2009" AverageBpm="127.00" DateAdded="2022-05-15" BitRate="1411" SampleRate="44100" Comments="11A - 5" PlayCount="3" Rating="0" Location="file://localhost/Users/zachvp/Music/DJ/1031037_Fables_And_Fairytales_feat._Rosina_(Deniz_Kurtel_Remix).aiff" Remixer="" Tonality="11A" Label="Crosstown Rebels" Mix="">
      <TEMPO Inizio="0.401" Bpm="127.00" Metro="4/4" Battito="2" />
      <TEMPO Inizio="0.874" Bpm="127.00" Metro="4/4" Battito="3" />
      <TEMPO Inizio="248.906" Bpm="127.00" Metro="4/4" Battito="4" />
    </TRACK>
    <TRACK TrackID="260859646" Name="You Used To Hold Me (Nero (UK) Remix)" Artist="Calvin Harris" Composer="" Album="You Used To Hold Me" Grouping="" Genre="House/Tech/Breaks" Kind="AIFF File" Size="64364238" TotalTime="363" DiscNumber="0" TrackNumber="4" Year="2010" AverageBpm="139.97" DateAdded="2022-05-15" BitRate="1411" SampleRate="44100" Comments="9A - 8" PlayCount="2" Rating="0" Location="file://localhost/Users/zachvp/Music/DJ/1090981_You_Used_To_Hold_Me_(Nero_(UK)_Remix).aiff" Remixer="" Tonality="9A" Label="Ultra" Mix="">
      <TEMPO Inizio="0.093" Bpm="139.98" Metro="4/4" Battito="1" />
    </TRACK>
    <TRACK TrackID="116323903" Name="Say That You Love Me feat. Virginia (Original Mix)" Artist="Butch" Composer="" Album="Eyes Wide Open" Grouping="" Genre="House/Deep/Tech/Jazzy" Kind="AIFF File" Size="114507594" TotalTime="648" DiscNumber="0" TrackNumber="7" Year="2010" AverageBpm="125.00" DateAdded="2022-05-15" BitRate="1411" SampleRate="44100" Comments="10A - 7" PlayCount="8" Rating="0" Location="file://localhost/Users/zachvp/Music/DJ/1553760_Say_That_You_Love_Me_feat._Virginia_(Original_Mix).aiff" Remixer="" Tonality="10A" Label="Bouq" Mix="">
      <TEMPO Inizio="0.022" Bpm="125.00" Metro="4/4" Battito="1" />
    </TRACK>
    <TRACK TrackID="245911630" Name="Every Cow Has A Bird (Original Mix)" Artist="Dubshape, Guti" Composer="" Album="Every Cow Has A Bird / Bueno" Grouping="" Genre="House/Deep/Tech/Jazzy" Kind="AIFF File" Size="83928310" TotalTime="475" DiscNumber="0" TrackNumber="1" Year="2010" AverageBpm="124.00" DateAdded="2022-05-15" BitRate="1411" SampleRate="44100" Comments="12A - 5" PlayCount="8" Rating="0" Location="file://localhost/Users/zachvp/Music/DJ/1576678_Every_Cow_Has_A_Bird_(Original_Mix).aiff" Remixer="" Tonality="12A" Label="Crosstown Rebels" Mix="">
      <TEMPO Inizio="0.190" Bpm="124.00" Metro="4/4" Battito="1" />
      <POSITION_MARK Name="" Type="0" Start="2.084" Num="-1" />
    </TRACK>
    <TRACK TrackID="141548377" Name="Senseless (Original Mix)" Artist="Maya Jane Coles" Composer="" Album="Focus Now" Grouping="" Genre="House/Tech/Indie/" Kind="AIFF File" Size="46816928" TotalTime="264" DiscNumber="0" TrackNumber="3" Year="2011" AverageBpm="107.00" DateAdded="2022-05-15" BitRate="1411" SampleRate="44100" Comments="8A - 6" PlayCount="8" Rating="0" Location="file://localhost/Users/zachvp/Music/DJ/1923341_Senseless_(Original_Mix).aiff" Remixer="" Tonality="8A" Label="20/20 Vision" Mix="">
      <TEMPO Inizio="0.032" Bpm="107.00" Metro="4/4" Battito="1" />
    </TRACK>
    <TRACK TrackID="251845985" Name="Into A Trap (Original Mix)" Artist="Pional" Composer="" Album="Last House On The Left EP" Grouping="" Genre="zzz" Kind="AIFF File" Size="73377370" TotalTime="413" DiscNumber="0" TrackNumber="3" Year="2011" AverageBpm="105.00" DateAdded="2022-05-15" BitRate="1411" SampleRate="44100" Comments="6A - 5" PlayCount="0" Rating="0" Location="file://localhost/Users/zachvp/Music/DJ/1928802_Into_A_Trap_(Original_Mix).aiff" Remixer="" Tonality="6A" Label="Permanent Vacation" Mix="">
      <TEMPO Inizio="0.021" Bpm="105.00" Metro="4/4" Battito="1" />
    </TRACK>
    <TRACK TrackID="55192917" Name="Heartbreaker (Original Mix)" Artist="Crazy P" Composer="" Album="When We On" Grouping="" Genre="House/Deep/Tech/Jazzy" Kind="AIFF File" Size="57694814" TotalTime="326" DiscNumber="0" TrackNumber="5" Year="2011" AverageBpm="120.00" DateAdded="2022-05-15" BitRate="1411" SampleRate="44100" Comments="2B - 5" PlayCount="9" Rating="0" Location="file://localhost/Users/zachvp/Music/DJ/2454612_Heartbreaker_(Original_Mix).aiff" Remixer="" Tonality="2B" Label="20/20 Vision" Mix="">
      <TEMPO Inizio="0.049" Bpm="120.00" Metro="4/4" Battito="1" />
      <TEMPO Inizio="73.550" Bpm="120.00" Metro="4/4" Battito="4" />
      <TEMPO Inizio="74.049" Bpm="120.00" Metro="4/4" Battito="1" />
      <TEMPO Inizio="74.550" Bpm="120.00" Metro="4/4" Battito="2" />
      <TEMPO Inizio="75.049" Bpm="120.00" Metro="4/4" Battito="3" />
      <TEMPO Inizio="75.550" Bpm="120.00" Metro="4/4" Battito="4" />
      <TEMPO Inizio="76.049" Bpm="120.00" Metro="4/4" Battito="1" />
      <TEMPO Inizio="76.550" Bpm="120.00" Metro="4/4" Battito="2" />
      <TEMPO Inizio="77.049" Bpm="120.00" Metro="4/4" Battito="3" />
      <TEMPO Inizio="77.550" Bpm="120.00" Metro="4/4" Battito="4" />
      <TEMPO Inizio="78.049" Bpm="120.00" Metro="4/4" Battito="1" />
      <TEMPO Inizio="78.550" Bpm="120.00" Metro="4/4" Battito="2" />
      <TEMPO Inizio="79.049" Bpm="120.00" Metro="4/4" Battito="3" />
      <TEMPO Inizio="79.550" Bpm="120.00" Metro="4/4" Battito="4" />
      <TEMPO Inizio="80.049" Bpm="120.00" Metro="4/4" Battito="1" />
      <TEMPO Inizio="80.550" Bpm="120.00" Metro="4/4" Battito="2" />
      <TEMPO Inizio="81.049" Bpm="120.00" Metro="4/4" Battito="3" />
      <TEMPO Inizio="81.550" Bpm="120.00" Metro="4/4" Battito="4" />
      <TEMPO Inizio="82.049" Bpm="120.00" Metro="4/4" Battito="1" />
      <TEMPO Inizio="82.550" Bpm="120.00" Metro="4/4" Battito="2" />
      <TEMPO Inizio="83.049" Bpm="120.00" Metro="4/4" Battito="3" />
      <TEMPO Inizio="83.550" Bpm="120.00" Metro="4/4" Battito="4" />
      <TEMPO Inizio="84.049" Bpm="120.00" Metro="4/4" Battito="1" />
      <TEMPO Inizio="84.550" Bpm="120.00" Metro="4/4" Battito="2" />
      <TEMPO Inizio="85.049" Bpm="120.00" Metro="4/4" Battito="3" />
      <TEMPO Inizio="85.550" Bpm="120.00" Metro="4/4" Battito="4" />
      <TEMPO Inizio="86.049" Bpm="120.00" Metro="4/4" Battito="1" />
      <TEMPO Inizio="86.550" Bpm="120.00" Metro="4/4" Battito="2" />
      <TEMPO Inizio="87.049" Bpm="120.00" Metro="4/4" Battito="3" />
      <TEMPO Inizio="87.550" Bpm="120.00" Metro="4/4" Battito="4" />
      <TEMPO Inizio="88.049" Bpm="120.00" Metro="4/4" Battito="1" />
      <TEMPO Inizio="88.550" Bpm="120.00" Metro="4/4" Battito="2" />
      <TEMPO Inizio="89.049" Bpm="120.00" Metro="4/4" Battito="3" />
      <TEMPO Inizio="89.550" Bpm="120.00" Metro="4/4" Battito="4" />
      <TEMPO Inizio="90.049" Bpm="120.00" Metro="4/4" Battito="1" />
      <TEMPO Inizio="90.550" Bpm="120.00" Metro="4/4" Battito="2" />
      <POSITION_MARK Name="" Type="0" Start="32.045" Num="-1" />
    </TRACK>
    <TRACK TrackID="96414790" Name="Tranquility" Artist="moonbooter" Composer="" Album="Still Alive" Grouping="" Genre="zzz" Kind="AIFF File" Size="57195464" TotalTime="323" DiscNumber="0" TrackNumber="10" Year="2014" AverageBpm="100.00" DateAdded="2022-05-15" BitRate="1411" SampleRate="44100" Comments="7A - 4" PlayCount="0" Rating="0" Location="file://localhost/Users/zachvp/Music/DJ/moonbooter%20-%20Still%20Alive%20-%2010%20Tranquility.aiff" Remixer="" Tonality="7A" Label="" Mix="">
      <TEMPO Inizio="0.011" Bpm="100.00" Metro="4/4" Battito="1" />
      <TEMPO Inizio="23.412" Bpm="100.00" Metro="4/4" Battito="4" />
      <TEMPO Inizio="78.013" Bpm="100.00" Metro="4/4" Battito="3" />
      <TEMPO Inizio="132.014" Bpm="100.00" Metro="4/4" Battito="1" />
      <TEMPO Inizio="186.015" Bpm="100.00" Metro="4/4" Battito="3" />
      <TEMPO Inizio="240.016" Bpm="100.00" Metro="4/4" Battito="1" />
      <TEMPO Inizio="294.617" Bpm="100.00" Metro="4/4" Battito="4" />
    </TRACK>
    <TRACK TrackID="196277545" Name="As Bright As Your Night Light" Artist="Nerves Junior" Composer="" Album="As Bright As Your Night Light" Grouping="" Genre="Lounge/Indie" Kind="AIFF File" Size="48075808" TotalTime="271" DiscNumber="0" TrackNumber="3" Year="2011" AverageBpm="95.45" DateAdded="2022-05-15" BitRate="1411" SampleRate="44100" Comments="6A - 6" PlayCount="3" Rating="0" Location="file://localhost/Users/zachvp/Music/DJ/Nerves%20Junior%20-%20As%20Bright%20As%20Your%20Night%20Light.aiff" Remixer="" Tonality="6A" Label="" Mix="">
      <TEMPO Inizio="0.116" Bpm="95.45" Metro="4/4" Battito="1" />
    </TRACK>
    <TRACK TrackID="11632033" Name="In Absentia" Artist="Nerves Junior" Composer="" Album="As Bright As Your Night Light" Grouping="" Genre="Lounge/Indie" Kind="AIFF File" Size="63401404" TotalTime="358" DiscNumber="0" TrackNumber="5" Year="2011" AverageBpm="85.06" DateAdded="2022-05-15" BitRate="1411" SampleRate="44100" Comments="5A - 5" PlayCount="3" Rating="0" Location="file://localhost/Users/zachvp/Music/DJ/Nerves%20Junior%20-%20In%20Absentia.aiff" Remixer="" Tonality="5A" Label="" Mix="">
      <TEMPO Inizio="0.049" Bpm="85.06" Metro="4/4" Battito="1" />
      <TEMPO Inizio="42.371" Bpm="85.06" Metro="4/4" Battito="1" />
      <TEMPO Inizio="90.336" Bpm="85.06" Metro="4/4" Battito="1" />
      <TEMPO Inizio="141.828" Bpm="85.06" Metro="4/4" Battito="2" />
      <TEMPO Inizio="184.150" Bpm="85.06" Metro="4/4" Battito="2" />
      <TEMPO Inizio="232.115" Bpm="85.06" Metro="4/4" Battito="2" />
      <TEMPO Inizio="283.607" Bpm="85.06" Metro="4/4" Battito="3" />
      <TEMPO Inizio="331.572" Bpm="85.06" Metro="4/4" Battito="3" />
      <POSITION_MARK Name="" Type="0" Start="30.445" Num="-1" />
      <POSITION_MARK Name="" Type="0" Start="11.620" Num="-1" />
    </TRACK>
    <TRACK TrackID="232115660" Name="Kale" Artist="Nerves Junior" Composer="" Album="As Bright As Your Night Light" Grouping="" Genre="Lounge/Indie" Kind="AIFF File" Size="49696286" TotalTime="281" DiscNumber="0" TrackNumber="7" Year="2011" AverageBpm="95.00" DateAdded="2022-05-15" BitRate="1411" SampleRate="44100" Comments="1A - 5" PlayCount="0" Rating="0" Location="file://localhost/Users/zachvp/Music/DJ/Nerves%20Junior%20-%20Kale.aiff" Remixer="" Tonality="1A" Label="" Mix="">
      <TEMPO Inizio="0.067" Bpm="95.00" Metro="4/4" Battito="3" />
    </TRACK>
    <TRACK TrackID="117434158" Name="Acuario" Artist="Shubostar" Composer="" Album="Various: Space Station Part 2 (Internasjonal)" Grouping="" Genre="House/Tech/Indie/Retro" Kind="AIFF File" Size="67360868" TotalTime="381" DiscNumber="0" TrackNumber="1" Year="2022" AverageBpm="117.00" DateAdded="2022-05-15" BitRate="1411" SampleRate="44100" Comments="10A - 6" PlayCount="3" Rating="0" Location="file://localhost/Users/zachvp/Music/DJ/Shubostar%20-%20Acuario.aiff" Remixer="" Tonality="10A" Label="" Mix="">
      <TEMPO Inizio="0.006" Bpm="117.00" Metro="4/4" Battito="1" />
    </TRACK>
    <TRACK TrackID="97924106" Name="Only Time Remains" Artist="Tim Green" Composer="" Album="Only Time Remains EP" Grouping="" Genre="House/Deep/Melodic" Kind="AIFF File" Size="92259306" TotalTime="522" DiscNumber="0" TrackNumber="1" Year="2016" AverageBpm="124.00" DateAdded="2022-05-15" BitRate="1411" SampleRate="44100" Comments="12A - 6" PlayCount="1" Rating="0" Location="file://localhost/Users/zachvp/Music/DJ/Tim%20Green%20-%20Tim%20Green%20-%20Only%20Time%20Remains.aiff" Remixer="" Tonality="12A" Label="" Mix="">
      <TEMPO Inizio="0.200" Bpm="124.00" Metro="4/4" Battito="1" />
    </TRACK>
    <TRACK TrackID="217836300" Name="Do You Know (Original Mix)" Artist="Unknown" Composer="" Album="Do You Know / DANCE4ME" Grouping="" Genre="House/Tech/Breaks" Kind="AIFF File" Size="90568434" TotalTime="341" DiscNumber="0" TrackNumber="1" Year="2019" AverageBpm="124.00" DateAdded="2022-05-15" BitRate="2116" SampleRate="44100" Comments="2A - 7" PlayCount="2" Rating="0" Location="file://localhost/Users/zachvp/Music/DJ/UNKNOWN%20-%20Do%20You%20Know%20-%20DANCE4ME%20-%2001%20Do%20You%20Know%20(Original%20Mix).aiff" Remixer="" Tonality="2A" Label="" Mix="">
      <TEMPO Inizio="0.004" Bpm="124.00" Metro="4/4" Battito="1" />
    </TRACK>
    <TRACK TrackID="259479459" Name="Do You Know (Vacuum Mix)" Artist="Unknown" Composer="" Album="Do You Know / DANCE4ME" Grouping="" Genre="House/Tech/Breaks" Kind="AIFF File" Size="80946686" TotalTime="305" DiscNumber="0" TrackNumber="2" Year="2019" AverageBpm="126.00" DateAdded="2022-05-15" BitRate="2116" SampleRate="44100" Comments="2A - 7" PlayCount="1" Rating="0" Location="file://localhost/Users/zachvp/Music/DJ/UNKNOWN%20-%20Do%20You%20Know%20-%20DANCE4ME%20-%2002%20Do%20You%20Know%20(Vacuum%20Mix).aiff" Remixer="" Tonality="2A" Label="" Mix="">
      <TEMPO Inizio="0.002" Bpm="126.00" Metro="4/4" Battito="1" />
      <TEMPO Inizio="0.955" Bpm="126.00" Metro="4/4" Battito="3" />
    </TRACK>
    <TRACK TrackID="190682400" Name="Dance4Me (Original Mix)" Artist="Unknown" Composer="" Album="Do You Know / DANCE4ME" Grouping="" Genre="House/Tech/Indie/" Kind="AIFF File" Size="96542058" TotalTime="364" DiscNumber="0" TrackNumber="3" Year="2019" AverageBpm="128.00" DateAdded="2022-05-15" BitRate="2116" SampleRate="44100" Comments="12A - 6" PlayCount="3" Rating="0" Location="file://localhost/Users/zachvp/Music/DJ/UNKNOWN%20-%20Do%20You%20Know%20-%20DANCE4ME%20-%2003%20DANCE4ME%20(Original%20Mix).aiff" Remixer="" Tonality="12A" Label="" Mix="">
      <TEMPO Inizio="0.240" Bpm="128.00" Metro="4/4" Battito="1" />
      <POSITION_MARK Name="" Type="0" Start="29.965" Num="-1" />
      <POSITION_MARK Name="" Type="0" Start="209.993" Num="-1" />
    </TRACK>
    <TRACK TrackID="215429939" Name="Dance4Me (Percolated Mix)" Artist="Unknown" Composer="" Album="Do You Know / DANCE4ME" Grouping="" Genre="House/Tech/Indie/Retro" Kind="AIFF File" Size="94929178" TotalTime="358" DiscNumber="0" TrackNumber="4" Year="2019" AverageBpm="129.00" DateAdded="2022-05-15" BitRate="2116" SampleRate="44100" Comments="12A - 6" PlayCount="1" Rating="0" Location="file://localhost/Users/zachvp/Music/DJ/UNKNOWN%20-%20Do%20You%20Know%20-%20DANCE4ME%20-%2004%20DANCE4ME%20(Percolated%20Mix).aiff" Remixer="" Tonality="12A" Label="" Mix="">
      <TEMPO Inizio="0.008" Bpm="129.00" Metro="4/4" Battito="1" />
      <TEMPO Inizio="1.404" Bpm="129.00" Metro="4/4" Battito="4" />
      <TEMPO Inizio="275.358" Bpm="129.00" Metro="4/4" Battito="1" />
    </TRACK>
    <TRACK TrackID="134717298" Name="Hot Like Jam" Artist="Unknown" Composer="" Album="Hot Like Jam / Very First time" Grouping="" Genre="House/Tech/Indie/Retro" Kind="AIFF File" Size="100756462" TotalTime="380" DiscNumber="0" TrackNumber="1" Year="2018" AverageBpm="117.00" DateAdded="2022-05-15" BitRate="2116" SampleRate="44100" Comments="6A - 6" PlayCount="1" Rating="0" Location="file://localhost/Users/zachvp/Music/DJ/UNKNOWN%20-%20Hot%20Like%20Jam%20-%20Very%20First%20time%20-%2001%20Hot%20Like%20Jam.aiff" Remixer="" Tonality="6A" Label="" Mix="">
      <TEMPO Inizio="0.004" Bpm="117.00" Metro="4/4" Battito="4" />
    </TRACK>
    <TRACK TrackID="158611465" Name="Very First Time (Vocal Mix)" Artist="Unknown" Composer="" Album="Hot Like Jam / Very First time" Grouping="" Genre="House/Tech/Breaks" Kind="AIFF File" Size="99096886" TotalTime="374" DiscNumber="0" TrackNumber="2" Year="2018" AverageBpm="126.00" DateAdded="2022-05-15" BitRate="2116" SampleRate="44100" Comments="3A - 7" PlayCount="2" Rating="0" Location="file://localhost/Users/zachvp/Music/DJ/UNKNOWN%20-%20Hot%20Like%20Jam%20-%20Very%20First%20time%20-%2002%20Very%20First%20Time%20(Vocal%20Mix).aiff" Remixer="" Tonality="3A" Label="" Mix="">
      <TEMPO Inizio="0.436" Bpm="126.00" Metro="4/4" Battito="2" />
      <TEMPO Inizio="0.913" Bpm="126.00" Metro="4/4" Battito="3" />
      <TEMPO Inizio="367.104" Bpm="126.00" Metro="4/4" Battito="4" />
      <TEMPO Inizio="374.248" Bpm="126.00" Metro="4/4" Battito="3" />
      <POSITION_MARK Name="" Type="0" Start="15.175" Num="-1" />
      <POSITION_MARK Name="" Type="0" Start="278.060" Num="-1" />
    </TRACK>
    <TRACK TrackID="268202446" Name="Broke Melt" Artist="Unknown Mobile" Composer="" Album="Mobile Sorcery" Grouping="" Genre="House/Tech/Breaks" Kind="AIFF File" Size="82062888" TotalTime="309" DiscNumber="0" TrackNumber="1" Year="2019" AverageBpm="129.00" DateAdded="2022-05-15" BitRate="2116" SampleRate="44100" Comments="12A - 7" PlayCount="1" Rating="0" Location="file://localhost/Users/zachvp/Music/DJ/Unknown%20Mobile%20-%20Mobile%20Sorcery%20-%2001%20Broke%20Melt.aiff" Remixer="" Tonality="12A" Label="" Mix="">
      <TEMPO Inizio="0.001" Bpm="129.00" Metro="4/4" Battito="1" />
      <TEMPO Inizio="53.955" Bpm="129.00" Metro="4/4" Battito="1" />
      <TEMPO Inizio="247.909" Bpm="129.00" Metro="4/4" Battito="2" />
    </TRACK>
    <TRACK TrackID="62790308" Name="Sorcery" Artist="Unknown Mobile" Composer="" Album="Mobile Sorcery" Grouping="" Genre="House/Tech/Breaks" Kind="AIFF File" Size="117276246" TotalTime="442" DiscNumber="0" TrackNumber="2" Year="2019" AverageBpm="138.00" DateAdded="2022-05-15" BitRate="2116" SampleRate="44100" Comments="5A - 6" PlayCount="0" Rating="0" Location="file://localhost/Users/zachvp/Music/DJ/Unknown%20Mobile%20-%20Mobile%20Sorcery%20-%2002%20Sorcery.aiff" Remixer="" Tonality="5A" Label="" Mix="">
      <TEMPO Inizio="0.008" Bpm="138.00" Metro="4/4" Battito="1" />
    </TRACK>
    <TRACK TrackID="264321697" Name="Sorcery (Bonus Beats)" Artist="Unknown Mobile" Composer="" Album="Mobile Sorcery" Grouping="" Genre="House/Tech/Breaks" Kind="AIFF File" Size="77658940" TotalTime="293" DiscNumber="0" TrackNumber="3" Year="2019" AverageBpm="138.00" DateAdded="2022-05-15" BitRate="2116" SampleRate="44100" Comments="9A - 5" PlayCount="3" Rating="0" Location="file://localhost/Users/zachvp/Music/DJ/Unknown%20Mobile%20-%20Mobile%20Sorcery%20-%2003%20Sorcery%20(Bonus%20Beats).aiff" Remixer="" Tonality="9A" Label="" Mix="">
      <TEMPO Inizio="0.005" Bpm="138.00" Metro="4/4" Battito="1" />
    </TRACK>
    <TRACK TrackID="76974584" Name="Heavenly Depression" Artist="Unknown Mobile" Composer="" Album="Mobile Sorcery" Grouping="" Genre="House/Tech/Breaks" Kind="AIFF File" Size="93065580" TotalTime="351" DiscNumber="0" TrackNumber="4" Year="2019" AverageBpm="134.00" DateAdded="2022-05-15" BitRate="2116" SampleRate="44100" Comments="12A - 5" PlayCount="1" Rating="0" Location="file://localhost/Users/zachvp/Music/DJ/Unknown%20Mobile%20-%20Mobile%20Sorcery%20-%2004%20Heavenly%20Depression.aiff" Remixer="" Tonality="12A" Label="" Mix="">
      <TEMPO Inizio="0.009" Bpm="134.00" Metro="4/4" Battito="1" />
    </TRACK>
    <TRACK TrackID="238256087" Name="Wilder's Lake" Artist="Unknown Mobile" Composer="" Album="Mobile Sorcery" Grouping="" Genre="zzz" Kind="AIFF File" Size="92635764" TotalTime="349" DiscNumber="0" TrackNumber="5" Year="2019" AverageBpm="138.00" DateAdded="2022-05-15" BitRate="2116" SampleRate="44100" Comments="5A - 6" PlayCount="0" Rating="0" Location="file://localhost/Users/zachvp/Music/DJ/Unknown%20Mobile%20-%20Mobile%20Sorcery%20-%2005%20Wilder%27s%20Lake.aiff" Remixer="" Tonality="5A" Label="" Mix="">
      <TEMPO Inizio="0.006" Bpm="138.00" Metro="4/4" Battito="1" />
    </TRACK>
    <TRACK TrackID="18023447" Name="The American Negro" Artist="Adrian Younge" Composer="" Album="The American Negro" Grouping="" Genre="Lounge/" Kind="AIFF File" Size="48847206" TotalTime="276" DiscNumber="0" TrackNumber="2" Year="2021" AverageBpm="136.07" DateAdded="2022-05-15" BitRate="1411" SampleRate="44100" Comments="10A - 5" PlayCount="2" Rating="0" Location="file://localhost/Users/zachvp/Music/DJ/Adrian%20Younge%20-%20The%20American%20Negro.aiff" Remixer="" Tonality="10A" Label="" Mix="">
      <TEMPO Inizio="0.087" Bpm="136.07" Metro="4/4" Battito="1" />
      <POSITION_MARK Name="" Type="0" Start="42.424" Num="-1" />
    </TRACK>
    <TRACK TrackID="151364300" Name="Deeeeeeefers" Artist="Against All Logic" Composer="" Album="2017 - 2019" Grouping="" Genre="House/Tech/Indie/Retro" Kind="AIFF File" Size="61801810" TotalTime="349" DiscNumber="0" TrackNumber="6" Year="2020" AverageBpm="120.00" DateAdded="2022-05-15" BitRate="1411" SampleRate="44100" Comments="5A - 6" PlayCount="0" Rating="0" Location="file://localhost/Users/zachvp/Music/DJ/Against%20All%20Logic%20-%20Deeeeeeefers.aiff" Remixer="" Tonality="5A" Label="" Mix="">
      <TEMPO Inizio="0.072" Bpm="120.00" Metro="4/4" Battito="1" />
      <TEMPO Inizio="2.073" Bpm="120.00" Metro="4/4" Battito="1" />
      <TEMPO Inizio="2.572" Bpm="120.00" Metro="4/4" Battito="2" />
      <TEMPO Inizio="3.073" Bpm="120.00" Metro="4/4" Battito="3" />
      <TEMPO Inizio="33.074" Bpm="120.00" Metro="4/4" Battito="3" />
      <TEMPO Inizio="33.573" Bpm="120.00" Metro="4/4" Battito="4" />
      <TEMPO Inizio="34.074" Bpm="120.00" Metro="4/4" Battito="1" />
      <TEMPO Inizio="65.075" Bpm="120.00" Metro="4/4" Battito="3" />
      <TEMPO Inizio="65.574" Bpm="120.00" Metro="4/4" Battito="4" />
      <TEMPO Inizio="66.075" Bpm="120.00" Metro="4/4" Battito="1" />
      <TEMPO Inizio="96.076" Bpm="120.00" Metro="4/4" Battito="1" />
      <TEMPO Inizio="96.575" Bpm="120.00" Metro="4/4" Battito="2" />
      <TEMPO Inizio="97.076" Bpm="120.00" Metro="4/4" Battito="3" />
      <TEMPO Inizio="127.077" Bpm="120.00" Metro="4/4" Battito="3" />
      <TEMPO Inizio="127.576" Bpm="120.00" Metro="4/4" Battito="4" />
      <TEMPO Inizio="128.077" Bpm="120.00" Metro="4/4" Battito="1" />
      <TEMPO Inizio="159.078" Bpm="120.00" Metro="4/4" Battito="3" />
      <TEMPO Inizio="159.577" Bpm="120.00" Metro="4/4" Battito="4" />
      <TEMPO Inizio="160.078" Bpm="120.00" Metro="4/4" Battito="1" />
      <TEMPO Inizio="190.079" Bpm="120.00" Metro="4/4" Battito="1" />
      <TEMPO Inizio="190.578" Bpm="120.00" Metro="4/4" Battito="2" />
      <TEMPO Inizio="191.079" Bpm="120.00" Metro="4/4" Battito="3" />
      <TEMPO Inizio="221.080" Bpm="120.00" Metro="4/4" Battito="3" />
      <TEMPO Inizio="221.579" Bpm="120.00" Metro="4/4" Battito="4" />
      <TEMPO Inizio="222.080" Bpm="120.00" Metro="4/4" Battito="1" />
      <TEMPO Inizio="254.581" Bpm="120.00" Metro="4/4" Battito="2" />
      <TEMPO Inizio="255.080" Bpm="120.00" Metro="4/4" Battito="3" />
      <TEMPO Inizio="255.581" Bpm="120.00" Metro="4/4" Battito="4" />
      <TEMPO Inizio="285.582" Bpm="120.00" Metro="4/4" Battito="4" />
      <TEMPO Inizio="286.081" Bpm="120.00" Metro="4/4" Battito="1" />
      <TEMPO Inizio="286.582" Bpm="120.00" Metro="4/4" Battito="2" />
      <TEMPO Inizio="317.583" Bpm="120.00" Metro="4/4" Battito="4" />
      <TEMPO Inizio="348.584" Bpm="120.00" Metro="4/4" Battito="2" />
      <POSITION_MARK Name="" Type="0" Start="282.069" Num="-1" />
    </TRACK>
    <TRACK TrackID="239311446" Name="Fantasy" Artist="Against All Logic" Composer="" Album="2017 - 2019" Grouping="" Genre="Lounge/Indie" Kind="AIFF File" Size="55136076" TotalTime="311" DiscNumber="0" TrackNumber="1" Year="2020" AverageBpm="117.80" DateAdded="2022-05-15" BitRate="1411" SampleRate="44100" Comments="9A - 6" PlayCount="2" Rating="0" Location="file://localhost/Users/zachvp/Music/DJ/Against%20All%20Logic%20-%20Fantasy.aiff" Remixer="" Tonality="9A" Label="" Mix="">
      <TEMPO Inizio="0.404" Bpm="117.80" Metro="4/4" Battito="3" />
      <TEMPO Inizio="5.498" Bpm="117.80" Metro="4/4" Battito="1" />
      <TEMPO Inizio="19.760" Bpm="117.80" Metro="4/4" Battito="1" />
      <TEMPO Inizio="37.078" Bpm="117.80" Metro="4/4" Battito="3" />
      <TEMPO Inizio="52.868" Bpm="117.80" Metro="4/4" Battito="2" />
      <TEMPO Inizio="70.186" Bpm="117.80" Metro="4/4" Battito="4" />
      <TEMPO Inizio="85.976" Bpm="117.80" Metro="4/4" Battito="3" />
      <TEMPO Inizio="103.294" Bpm="117.80" Metro="4/4" Battito="1" />
      <TEMPO Inizio="117.556" Bpm="117.80" Metro="4/4" Battito="1" />
      <TEMPO Inizio="134.874" Bpm="117.80" Metro="4/4" Battito="3" />
      <TEMPO Inizio="150.664" Bpm="117.80" Metro="4/4" Battito="2" />
      <TEMPO Inizio="167.982" Bpm="117.80" Metro="4/4" Battito="4" />
      <TEMPO Inizio="183.772" Bpm="117.80" Metro="4/4" Battito="3" />
      <TEMPO Inizio="201.090" Bpm="117.80" Metro="4/4" Battito="1" />
      <TEMPO Inizio="215.352" Bpm="117.80" Metro="4/4" Battito="1" />
      <TEMPO Inizio="232.670" Bpm="117.80" Metro="4/4" Battito="3" />
      <TEMPO Inizio="248.460" Bpm="117.80" Metro="4/4" Battito="2" />
      <TEMPO Inizio="265.778" Bpm="117.80" Metro="4/4" Battito="4" />
      <TEMPO Inizio="280.040" Bpm="117.80" Metro="4/4" Battito="4" />
      <TEMPO Inizio="297.358" Bpm="117.80" Metro="4/4" Battito="2" />
    </TRACK>
    <TRACK TrackID="209840431" Name="If Loving You Is Wrong" Artist="Against All Logic" Composer="" Album="2017 - 2019" Grouping="" Genre="Lounge/Indie" Kind="AIFF File" Size="41819950" TotalTime="236" DiscNumber="0" TrackNumber="2" Year="2020" AverageBpm="107.99" DateAdded="2022-05-15" BitRate="1411" SampleRate="44100" Comments="9A - 5" PlayCount="3" Rating="0" Location="file://localhost/Users/zachvp/Music/DJ/Against%20All%20Logic%20-%20If%20Loving%20You%20Is%20Wrong.aiff" Remixer="" Tonality="9A" Label="" Mix="">
      <TEMPO Inizio="0.030" Bpm="107.99" Metro="4/4" Battito="1" />
    </TRACK>
    <TRACK TrackID="67028977" Name="If You Can't Do It Good, Do It Harder Feat Lydia Lunch" Artist="Against All Logic" Composer="" Album="2017 - 2019" Grouping="" Genre="Lounge/Indie/Trap" Kind="AIFF File" Size="42016014" TotalTime="237" DiscNumber="0" TrackNumber="4" Year="2020" AverageBpm="111.18" DateAdded="2022-05-15" BitRate="1411" SampleRate="44100" Comments="9A - 6" PlayCount="1" Rating="0" Location="file://localhost/Users/zachvp/Music/DJ/Against%20All%20Logic%20-%20If%20You%20Can%27t%20Do%20It%20Good,%20Do%20It%20Harder%20Feat%20Lydia%20Lunch.aiff" Remixer="" Tonality="9A" Label="" Mix="">
      <TEMPO Inizio="0.039" Bpm="111.18" Metro="4/4" Battito="1" />
      <POSITION_MARK Name="" Type="0" Start="136.052" Num="-1" />
      <POSITION_MARK Name="" Type="0" Start="43.234" Num="-1" />
      <POSITION_MARK Name="" Type="0" Start="34.574" Num="-1" />
      <POSITION_MARK Name="" Type="0" Start="77.753" Num="-1" />
      <POSITION_MARK Name="" Type="0" Start="69.138" Num="-1" />
    </TRACK>
    <TRACK TrackID="264027856" Name="Une Histoire D'Amour a Paris" Artist="Blugazer" Composer="" Album="Une Histoire D'Amour a Paris" Grouping="" Genre="Lounge/Ambient" Kind="AIFF File" Size="79781446" TotalTime="301" DiscNumber="0" TrackNumber="1" Year="2022" AverageBpm="118.00" DateAdded="2022-05-15" BitRate="2116" SampleRate="44100" Comments="3B - 5" PlayCount="1" Rating="0" Location="file://localhost/Users/zachvp/Music/DJ/Blugazer%20-%20Une%20Histoire%20D%27Amour%20a%20Paris.aiff" Remixer="" Tonality="3B" Label="" Mix="">
      <TEMPO Inizio="0.102" Bpm="118.00" Metro="4/4" Battito="1" />
      <TEMPO Inizio="279.762" Bpm="118.00" Metro="4/4" Battito="3" />
    </TRACK>
    <TRACK TrackID="94889406" Name="Paper Trails" Artist="DARKSIDE" Composer="" Album="Psychic" Grouping="" Genre="Lounge/Indie" Kind="AIFF File" Size="51336636" TotalTime="289" DiscNumber="0" TrackNumber="4" Year="2013" AverageBpm="113.26" DateAdded="2022-05-15" BitRate="1411" SampleRate="44100" Comments="2A - 5" PlayCount="7" Rating="0" Location="file://localhost/Users/zachvp/Music/DJ/DARKSIDE%20-%20Paper%20Trails.aiff" Remixer="" Tonality="2A" Label="" Mix="">
      <TEMPO Inizio="0.023" Bpm="113.26" Metro="4/4" Battito="2" />
    </TRACK>
    <TRACK TrackID="97740459" Name="Boy (Spada Remix)" Artist="Emma Louise" Composer="" Album="Anjunabeats Volume 11" Grouping="" Genre="House/Deep/Melodic" Kind="AIFF File" Size="75268112" TotalTime="426" DiscNumber="0" TrackNumber="6" Year="2014" AverageBpm="126.20" DateAdded="2022-05-15" BitRate="1411" SampleRate="44100" Comments="1A - 6" PlayCount="1" Rating="0" Location="file://localhost/Users/zachvp/Music/DJ/Emma%20Louise%20-%20Boy%20(Spada%20Remix).aiff" Remixer="" Tonality="1A" Label="" Mix="">
      <TEMPO Inizio="0.060" Bpm="126.20" Metro="4/4" Battito="1" />
      <TEMPO Inizio="37.620" Bpm="126.20" Metro="4/4" Battito="4" />
      <TEMPO Inizio="67.573" Bpm="126.20" Metro="4/4" Battito="3" />
      <TEMPO Inizio="105.133" Bpm="126.20" Metro="4/4" Battito="2" />
      <TEMPO Inizio="142.693" Bpm="126.20" Metro="4/4" Battito="1" />
      <TEMPO Inizio="165.039" Bpm="126.20" Metro="4/4" Battito="4" />
      <TEMPO Inizio="202.599" Bpm="126.20" Metro="4/4" Battito="3" />
      <TEMPO Inizio="240.159" Bpm="126.20" Metro="4/4" Battito="2" />
      <TEMPO Inizio="270.112" Bpm="126.20" Metro="4/4" Battito="1" />
      <TEMPO Inizio="307.672" Bpm="126.20" Metro="4/4" Battito="4" />
      <TEMPO Inizio="337.625" Bpm="126.20" Metro="4/4" Battito="3" />
      <TEMPO Inizio="375.185" Bpm="126.20" Metro="4/4" Battito="2" />
      <TEMPO Inizio="412.745" Bpm="126.20" Metro="4/4" Battito="1" />
    </TRACK>
    <TRACK TrackID="241690941" Name="Casting Patterns" Artist="ES-Q" Composer="" Album="Casting Patterns EP" Grouping="" Genre="House/Tech/Indie/Progressive" Kind="AIFF File" Size="113577914" TotalTime="428" DiscNumber="0" TrackNumber="1" Year="2018" AverageBpm="127.00" DateAdded="2022-05-15" BitRate="2116" SampleRate="44100" Comments="3A - 6" PlayCount="2" Rating="0" Location="file://localhost/Users/zachvp/Music/DJ/ES-Q%20-%20Casting%20Patterns%20EP%20-%2001%20Casting%20Patterns.aiff" Remixer="" Tonality="3A" Label="" Mix="">
      <TEMPO Inizio="0.002" Bpm="127.00" Metro="4/4" Battito="1" />
      <TEMPO Inizio="40.160" Bpm="127.00" Metro="4/4" Battito="2" />
      <TEMPO Inizio="168.192" Bpm="127.00" Metro="4/4" Battito="1" />
      <TEMPO Inizio="296.224" Bpm="127.00" Metro="4/4" Battito="4" />
      <TEMPO Inizio="424.256" Bpm="127.00" Metro="4/4" Battito="3" />
    </TRACK>
    <TRACK TrackID="141512834" Name="Casting Patterns (ASOK Remix)" Artist="ES-Q" Composer="" Album="Casting Patterns EP" Grouping="" Genre="House/Tech/Breaks" Kind="AIFF File" Size="107899942" TotalTime="407" DiscNumber="0" TrackNumber="2" Year="2018" AverageBpm="127.95" DateAdded="2022-05-15" BitRate="1411" SampleRate="44100" Comments="9A - 5" PlayCount="2" Rating="0" Location="file://localhost/Users/zachvp/Music/DJ/ES-Q%20-%20Casting%20Patterns%20EP%20-%2002%20Casting%20Patterns%20(ASOK%20Remix).aiff" Remixer="" Tonality="9A" Label="" Mix="">
      <TEMPO Inizio="0.466" Bpm="127.95" Metro="4/4" Battito="1" />
    </TRACK>
    <TRACK TrackID="248383046" Name="Lunatic Fringe" Artist="ES-Q" Composer="" Album="Casting Patterns EP" Grouping="" Genre="House/Deep/Tech/Spacey" Kind="AIFF File" Size="97767214" TotalTime="369" DiscNumber="0" TrackNumber="3" Year="2018" AverageBpm="126.00" DateAdded="2022-05-15" BitRate="2116" SampleRate="44100" Comments="9A - 6" PlayCount="1" Rating="0" Location="file://localhost/Users/zachvp/Music/DJ/ES-Q%20-%20Casting%20Patterns%20EP%20-%2003%20Lunatic%20Fringe.aiff" Remixer="" Tonality="9A" Label="" Mix="">
      <TEMPO Inizio="0.003" Bpm="126.00" Metro="4/4" Battito="1" />
      <TEMPO Inizio="0.956" Bpm="126.00" Metro="4/4" Battito="3" />
      <TEMPO Inizio="127.147" Bpm="126.00" Metro="4/4" Battito="4" />
      <TEMPO Inizio="253.338" Bpm="126.00" Metro="4/4" Battito="1" />
      <POSITION_MARK Name="" Type="0" Start="60.958" Num="-1" />
      <POSITION_MARK Name="" Type="0" Start="304.775" Num="-1" />
      <POSITION_MARK Name="" Type="0" Start="152.388" Num="-1" />
      <POSITION_MARK Name="" Type="0" Start="182.880" Num="-1" />
    </TRACK>
    <TRACK TrackID="235180771" Name="Intuition" Artist="ES-Q" Composer="" Album="Casting Patterns EP" Grouping="" Genre="House/Tech/Acid" Kind="AIFF File" Size="93193956" TotalTime="351" DiscNumber="0" TrackNumber="4" Year="2018" AverageBpm="126.00" DateAdded="2022-05-15" BitRate="2116" SampleRate="44100" Comments="3A - 6" PlayCount="1" Rating="0" Location="file://localhost/Users/zachvp/Music/DJ/ES-Q%20-%20Casting%20Patterns%20EP%20-%2004%20Intuition.aiff" Remixer="" Tonality="3A" Label="" Mix="">
      <TEMPO Inizio="0.006" Bpm="126.00" Metro="4/4" Battito="1" />
    </TRACK>
    <TRACK TrackID="31154387" Name="Between Worlds" Artist="Fatima Yamaha" Composer="" Album="A Girl Between Two Worlds" Grouping="" Genre="Lounge/Indie" Kind="AIFF File" Size="78441782" TotalTime="444" DiscNumber="0" TrackNumber="1" Year="2004" AverageBpm="131.00" DateAdded="2022-05-15" BitRate="1411" SampleRate="44100" Comments="3A - 5" PlayCount="1" Rating="0" Location="file://localhost/Users/zachvp/Music/DJ/Fatima%20Yamaha%20-%20Between%20Worlds.aiff" Remixer="" Tonality="3A" Label="" Mix="">
      <TEMPO Inizio="0.047" Bpm="131.00" Metro="4/4" Battito="1" />
      <TEMPO Inizio="2.796" Bpm="131.00" Metro="4/4" Battito="3" />
      <TEMPO Inizio="3.253" Bpm="131.00" Metro="4/4" Battito="4" />
      <TEMPO Inizio="3.712" Bpm="131.00" Metro="4/4" Battito="1" />
      <TEMPO Inizio="37.146" Bpm="131.00" Metro="4/4" Battito="2" />
      <TEMPO Inizio="37.605" Bpm="131.00" Metro="4/4" Battito="3" />
      <TEMPO Inizio="38.062" Bpm="131.00" Metro="4/4" Battito="4" />
      <TEMPO Inizio="38.521" Bpm="131.00" Metro="4/4" Battito="1" />
      <TEMPO Inizio="107.222" Bpm="131.00" Metro="4/4" Battito="3" />
      <TEMPO Inizio="107.681" Bpm="131.00" Metro="4/4" Battito="4" />
      <TEMPO Inizio="108.138" Bpm="131.00" Metro="4/4" Battito="1" />
      <TEMPO Inizio="108.597" Bpm="131.00" Metro="4/4" Battito="2" />
      <TEMPO Inizio="177.298" Bpm="131.00" Metro="4/4" Battito="4" />
      <TEMPO Inizio="177.757" Bpm="131.00" Metro="4/4" Battito="1" />
      <TEMPO Inizio="178.214" Bpm="131.00" Metro="4/4" Battito="2" />
      <TEMPO Inizio="178.673" Bpm="131.00" Metro="4/4" Battito="3" />
      <TEMPO Inizio="212.107" Bpm="131.00" Metro="4/4" Battito="4" />
      <TEMPO Inizio="212.566" Bpm="131.00" Metro="4/4" Battito="1" />
      <TEMPO Inizio="246.458" Bpm="131.00" Metro="4/4" Battito="3" />
      <TEMPO Inizio="246.917" Bpm="131.00" Metro="4/4" Battito="4" />
      <TEMPO Inizio="247.374" Bpm="131.00" Metro="4/4" Battito="1" />
      <TEMPO Inizio="247.833" Bpm="131.00" Metro="4/4" Battito="2" />
      <TEMPO Inizio="281.267" Bpm="131.00" Metro="4/4" Battito="3" />
      <TEMPO Inizio="281.726" Bpm="131.00" Metro="4/4" Battito="4" />
      <TEMPO Inizio="316.534" Bpm="131.00" Metro="4/4" Battito="4" />
      <TEMPO Inizio="316.993" Bpm="131.00" Metro="4/4" Battito="1" />
      <TEMPO Inizio="350.427" Bpm="131.00" Metro="4/4" Battito="2" />
      <TEMPO Inizio="350.886" Bpm="131.00" Metro="4/4" Battito="3" />
      <TEMPO Inizio="351.343" Bpm="131.00" Metro="4/4" Battito="4" />
      <TEMPO Inizio="351.802" Bpm="131.00" Metro="4/4" Battito="1" />
      <TEMPO Inizio="420.503" Bpm="131.00" Metro="4/4" Battito="3" />
      <TEMPO Inizio="420.962" Bpm="131.00" Metro="4/4" Battito="4" />
      <TEMPO Inizio="421.419" Bpm="131.00" Metro="4/4" Battito="1" />
      <TEMPO Inizio="421.878" Bpm="131.00" Metro="4/4" Battito="2" />
    </TRACK>
    <TRACK TrackID="200786949" Name="Sushi and Baklava" Artist="Fatima Yamaha" Composer="" Album="A Girl Between Two Worlds" Grouping="" Genre="House/Tech/Groove" Kind="AIFF File" Size="40103188" TotalTime="226" DiscNumber="0" TrackNumber="6" Year="2004" AverageBpm="131.00" DateAdded="2022-05-15" BitRate="1411" SampleRate="44100" Comments="9A - 6" PlayCount="1" Rating="0" Location="file://localhost/Users/zachvp/Music/DJ/Fatima%20Yamaha%20-%20Sushi%20and%20Baklava.aiff" Remixer="" Tonality="9A" Label="" Mix="">
      <TEMPO Inizio="0.038" Bpm="131.00" Metro="4/4" Battito="1" />
      <TEMPO Inizio="163.550" Bpm="131.00" Metro="4/4" Battito="2" />
      <TEMPO Inizio="164.007" Bpm="131.00" Metro="4/4" Battito="3" />
      <TEMPO Inizio="164.466" Bpm="131.00" Metro="4/4" Battito="4" />
      <TEMPO Inizio="164.923" Bpm="131.00" Metro="4/4" Battito="1" />
      <TEMPO Inizio="165.382" Bpm="131.00" Metro="4/4" Battito="2" />
    </TRACK>
    <TRACK TrackID="19462339" Name="What's a Girl to Do" Artist="Fatima Yamaha" Composer="" Album="A Girl Between Two Worlds" Grouping="" Genre="Lounge/Ambient" Kind="AIFF File" Size="78825060" TotalTime="446" DiscNumber="0" TrackNumber="4" Year="2004" AverageBpm="120.00" DateAdded="2022-05-15" BitRate="1411" SampleRate="44100" Comments="3A - 6" PlayCount="2" Rating="0" Location="file://localhost/Users/zachvp/Music/DJ/Fatima%20Yamaha%20-%20What%27s%20a%20Girl%20to%20Do.aiff" Remixer="" Tonality="3A" Label="" Mix="">
      <TEMPO Inizio="0.462" Bpm="120.00" Metro="4/4" Battito="2" />
      <TEMPO Inizio="20.463" Bpm="120.00" Metro="4/4" Battito="2" />
      <TEMPO Inizio="20.962" Bpm="120.00" Metro="4/4" Battito="3" />
      <TEMPO Inizio="21.463" Bpm="120.00" Metro="4/4" Battito="4" />
      <TEMPO Inizio="21.962" Bpm="120.00" Metro="4/4" Battito="1" />
      <TEMPO Inizio="22.463" Bpm="120.00" Metro="4/4" Battito="2" />
      <TEMPO Inizio="22.962" Bpm="120.00" Metro="4/4" Battito="3" />
      <TEMPO Inizio="23.463" Bpm="120.00" Metro="4/4" Battito="4" />
      <TEMPO Inizio="23.962" Bpm="120.00" Metro="4/4" Battito="1" />
      <TEMPO Inizio="24.463" Bpm="120.00" Metro="4/4" Battito="2" />
      <TEMPO Inizio="24.962" Bpm="120.00" Metro="4/4" Battito="3" />
      <TEMPO Inizio="25.463" Bpm="120.00" Metro="4/4" Battito="4" />
      <TEMPO Inizio="25.962" Bpm="120.00" Metro="4/4" Battito="1" />
      <TEMPO Inizio="26.463" Bpm="120.00" Metro="4/4" Battito="2" />
      <TEMPO Inizio="165.464" Bpm="120.00" Metro="4/4" Battito="4" />
      <TEMPO Inizio="165.963" Bpm="120.00" Metro="4/4" Battito="1" />
      <TEMPO Inizio="166.464" Bpm="120.00" Metro="4/4" Battito="2" />
      <TEMPO Inizio="166.963" Bpm="120.00" Metro="4/4" Battito="3" />
      <TEMPO Inizio="167.464" Bpm="120.00" Metro="4/4" Battito="4" />
      <TEMPO Inizio="167.963" Bpm="120.00" Metro="4/4" Battito="1" />
      <TEMPO Inizio="168.464" Bpm="120.00" Metro="4/4" Battito="2" />
      <TEMPO Inizio="168.963" Bpm="120.00" Metro="4/4" Battito="3" />
      <TEMPO Inizio="169.464" Bpm="120.00" Metro="4/4" Battito="4" />
      <TEMPO Inizio="169.963" Bpm="120.00" Metro="4/4" Battito="1" />
      <TEMPO Inizio="170.464" Bpm="120.00" Metro="4/4" Battito="2" />
      <TEMPO Inizio="170.963" Bpm="120.00" Metro="4/4" Battito="3" />
      <TEMPO Inizio="171.464" Bpm="120.00" Metro="4/4" Battito="4" />
      <TEMPO Inizio="311.465" Bpm="120.00" Metro="4/4" Battito="4" />
      <TEMPO Inizio="311.964" Bpm="120.00" Metro="4/4" Battito="1" />
      <TEMPO Inizio="312.465" Bpm="120.00" Metro="4/4" Battito="2" />
      <TEMPO Inizio="312.964" Bpm="120.00" Metro="4/4" Battito="3" />
      <TEMPO Inizio="313.465" Bpm="120.00" Metro="4/4" Battito="4" />
      <TEMPO Inizio="313.964" Bpm="120.00" Metro="4/4" Battito="1" />
      <TEMPO Inizio="314.465" Bpm="120.00" Metro="4/4" Battito="2" />
      <TEMPO Inizio="314.964" Bpm="120.00" Metro="4/4" Battito="3" />
      <TEMPO Inizio="315.465" Bpm="120.00" Metro="4/4" Battito="4" />
      <TEMPO Inizio="315.964" Bpm="120.00" Metro="4/4" Battito="1" />
      <TEMPO Inizio="316.465" Bpm="120.00" Metro="4/4" Battito="2" />
      <TEMPO Inizio="316.964" Bpm="120.00" Metro="4/4" Battito="3" />
      <TEMPO Inizio="317.465" Bpm="120.00" Metro="4/4" Battito="4" />
    </TRACK>
    <TRACK TrackID="233875304" Name="vacuum boogie" Artist="Floating Points" Composer="" Album="Vacuum Boogie EP" Grouping="" Genre="House/Deep/Tech/Jazzy" Kind="AIFF File" Size="65252002" TotalTime="368" DiscNumber="0" TrackNumber="1" Year="2009" AverageBpm="116.00" DateAdded="2022-05-15" BitRate="1411" SampleRate="44100" Comments="7A - 6" PlayCount="3" Rating="0" Location="file://localhost/Users/zachvp/Music/DJ/Floating%20Points%20-%20vacuum%20boogie.aiff" Remixer="" Tonality="7A" Label="" Mix="">
      <TEMPO Inizio="0.439" Bpm="116.00" Metro="4/4" Battito="1" />
      <TEMPO Inizio="136.474" Bpm="116.00" Metro="4/4" Battito="4" />
      <TEMPO Inizio="287.509" Bpm="116.00" Metro="4/4" Battito="4" />
    </TRACK>
    <TRACK TrackID="227364094" Name="Insane feat. Moon Holiday" Artist="Flume" Composer="" Album="Flume" Grouping="" Genre="Lounge/Indie" Kind="AIFF File" Size="37834882" TotalTime="213" DiscNumber="0" TrackNumber="7" Year="2012" AverageBpm="94.00" DateAdded="2022-05-15" BitRate="1411" SampleRate="44100" Comments="5A - 5" PlayCount="1" Rating="0" Location="file://localhost/Users/zachvp/Music/DJ/Flume%20-%20Insane%20feat.%20Moon%20Holiday.aiff" Remixer="" Tonality="5A" Label="" Mix="">
      <TEMPO Inizio="0.190" Bpm="94.00" Metro="4/4" Battito="1" />
      <TEMPO Inizio="0.829" Bpm="94.00" Metro="4/4" Battito="2" />
      <TEMPO Inizio="76.787" Bpm="94.00" Metro="4/4" Battito="1" />
      <TEMPO Inizio="169.979" Bpm="94.00" Metro="4/4" Battito="3" />
    </TRACK>
    <TRACK TrackID="118754831" Name="Ô (Atjazz Galaxy Aart Remix)" Artist="Fred Everything" Composer="" Album="Ô/Her" Grouping="" Genre="House/Deep/Tech/Jazzy" Kind="AIFF File" Size="70596640" TotalTime="399" DiscNumber="0" TrackNumber="2" Year="2016" AverageBpm="120.00" DateAdded="2022-05-15" BitRate="1411" SampleRate="44100" Comments="6A - 6" PlayCount="4" Rating="0" Location="file://localhost/Users/zachvp/Music/DJ/Fred%20Everything%20-%20%c3%94%20(Atjazz%20Galaxy%20Aart%20Remix).aiff" Remixer="" Tonality="6A" Label="" Mix="">
      <TEMPO Inizio="0.006" Bpm="120.00" Metro="4/4" Battito="4" />
    </TRACK>
    <TRACK TrackID="57152099" Name="Cruel Summer (Ghosts of Venice Extended Mix)" Artist="Bananarama" Composer="" Album="" Grouping="" Genre="Lounge/Indie" Kind="AIFF File" Size="83762808" TotalTime="473" DiscNumber="0" TrackNumber="0" Year="2014" AverageBpm="110.00" DateAdded="2022-05-15" BitRate="1411" SampleRate="44100" Comments="12A - 7" PlayCount="4" Rating="0" Location="file://localhost/Users/zachvp/Music/DJ/Ghosts%20of%20Venice%20-%20Bananarama%20-%20Cruel%20Summer%20(Ghosts%20of%20Venice%20Extended%20Mix).aiff" Remixer="" Tonality="12A" Label="" Mix="">
      <TEMPO Inizio="0.002" Bpm="110.00" Metro="4/4" Battito="1" />
      <TEMPO Inizio="30.548" Bpm="110.00" Metro="4/4" Battito="1" />
      <TEMPO Inizio="259.094" Bpm="110.00" Metro="4/4" Battito="4" />
      <TEMPO Inizio="445.640" Bpm="110.00" Metro="4/4" Battito="2" />
    </TRACK>
    <TRACK TrackID="159524738" Name="KM 110" Artist="Hareton Salvanini" Composer="" Album="Hareton + Meta" Grouping="" Genre="Lounge/" Kind="AIFF File" Size="24068834" TotalTime="134" DiscNumber="0" TrackNumber="1" Year="2014" AverageBpm="92.79" DateAdded="2022-05-15" BitRate="1411" SampleRate="44100" Comments="3A - 3" PlayCount="3" Rating="0" Location="file://localhost/Users/zachvp/Music/DJ/Hareton%20Salvanini%20-%20Hareton%20+%20Meta%20-%2001%20KM%20110.aiff" Remixer="" Tonality="3A" Label="" Mix="">
      <TEMPO Inizio="0.393" Bpm="92.79" Metro="4/4" Battito="1" />
    </TRACK>
    <TRACK TrackID="172818686" Name="Tangará" Artist="Hareton Salvanini" Composer="" Album="Hareton + Meta" Grouping="" Genre="Lounge/" Kind="AIFF File" Size="21817588" TotalTime="122" DiscNumber="0" TrackNumber="2" Year="2014" AverageBpm="136.27" DateAdded="2022-05-15" BitRate="1411" SampleRate="44100" Comments="5A - 4" PlayCount="0" Rating="0" Location="file://localhost/Users/zachvp/Music/DJ/Hareton%20Salvanini%20-%20Hareton%20+%20Meta%20-%2002%20Tangar%c3%a1.aiff" Remixer="" Tonality="5A" Label="" Mix="">
      <TEMPO Inizio="0.316" Bpm="136.27" Metro="4/4" Battito="1" />
      <TEMPO Inizio="36.860" Bpm="136.27" Metro="4/4" Battito="4" />
      <TEMPO Inizio="69.001" Bpm="136.27" Metro="4/4" Battito="1" />
      <TEMPO Inizio="106.866" Bpm="136.27" Metro="4/4" Battito="3" />
    </TRACK>
    <TRACK TrackID="19357814" Name="Confissão" Artist="Hareton Salvanini" Composer="" Album="Hareton + Meta" Grouping="" Genre="Lounge/Acoustic" Kind="AIFF File" Size="40314856" TotalTime="227" DiscNumber="0" TrackNumber="3" Year="2014" AverageBpm="160.97" DateAdded="2022-05-15" BitRate="1411" SampleRate="44100" Comments="7A - 2" PlayCount="0" Rating="0" Location="file://localhost/Users/zachvp/Music/DJ/Hareton%20Salvanini%20-%20Hareton%20+%20Meta%20-%2003%20Confiss%c3%a3o.aiff" Remixer="" Tonality="7A" Label="" Mix="">
      <TEMPO Inizio="0.309" Bpm="160.97" Metro="4/4" Battito="4" />
    </TRACK>
    <TRACK TrackID="228774062" Name="Hippie 12" Artist="Hareton Salvanini" Composer="" Album="Hareton + Meta" Grouping="" Genre="Lounge/" Kind="AIFF File" Size="22387912" TotalTime="125" DiscNumber="0" TrackNumber="4" Year="2014" AverageBpm="121.67" DateAdded="2022-05-15" BitRate="1411" SampleRate="44100" Comments="9A - 3" PlayCount="0" Rating="0" Location="file://localhost/Users/zachvp/Music/DJ/Hareton%20Salvanini%20-%20Hareton%20+%20Meta%20-%2004%20Hippie%2012.aiff" Remixer="" Tonality="9A" Label="" Mix="">
      <TEMPO Inizio="0.089" Bpm="121.67" Metro="4/4" Battito="2" />
      <TEMPO Inizio="8.473" Bpm="121.67" Metro="4/4" Battito="3" />
      <TEMPO Inizio="53.349" Bpm="121.67" Metro="4/4" Battito="2" />
      <TEMPO Inizio="87.376" Bpm="121.67" Metro="4/4" Battito="3" />
      <TEMPO Inizio="124.855" Bpm="121.67" Metro="4/4" Battito="3" />
    </TRACK>
    <TRACK TrackID="49703304" Name="Wade in the Water" Artist="Harvey Mandel" Composer="" Album="Cristo Redentor" Grouping="" Genre="Lounge/Acoustic" Kind="AIFF File" Size="83112734" TotalTime="470" DiscNumber="0" TrackNumber="1" Year="2017" AverageBpm="106.88" DateAdded="2022-05-15" BitRate="1411" SampleRate="44100" Comments="2A - 3" PlayCount="2" Rating="0" Location="file://localhost/Users/zachvp/Music/DJ/Harvey%20Mandel%20-%20Cristo%20Redentor%20-%2001%20Wade%20in%20the%20Water.aiff" Remixer="" Tonality="2A" Label="" Mix="">
      <TEMPO Inizio="0.365" Bpm="106.88" Metro="4/4" Battito="1" />
      <TEMPO Inizio="5.418" Bpm="106.88" Metro="4/4" Battito="2" />
      <TEMPO Inizio="28.435" Bpm="106.88" Metro="4/4" Battito="3" />
      <TEMPO Inizio="51.452" Bpm="106.88" Metro="4/4" Battito="4" />
      <TEMPO Inizio="74.469" Bpm="106.88" Metro="4/4" Battito="1" />
      <TEMPO Inizio="92.995" Bpm="106.88" Metro="4/4" Battito="2" />
      <TEMPO Inizio="116.012" Bpm="106.88" Metro="4/4" Battito="3" />
      <TEMPO Inizio="139.029" Bpm="106.88" Metro="4/4" Battito="4" />
      <TEMPO Inizio="162.046" Bpm="106.88" Metro="4/4" Battito="1" />
      <TEMPO Inizio="185.063" Bpm="106.88" Metro="4/4" Battito="2" />
      <TEMPO Inizio="203.589" Bpm="106.88" Metro="4/4" Battito="3" />
      <TEMPO Inizio="226.606" Bpm="106.88" Metro="4/4" Battito="4" />
      <TEMPO Inizio="249.623" Bpm="106.88" Metro="4/4" Battito="1" />
      <TEMPO Inizio="272.640" Bpm="106.88" Metro="4/4" Battito="2" />
      <TEMPO Inizio="295.657" Bpm="106.88" Metro="4/4" Battito="3" />
      <TEMPO Inizio="314.183" Bpm="106.88" Metro="4/4" Battito="4" />
      <TEMPO Inizio="337.200" Bpm="106.88" Metro="4/4" Battito="1" />
      <TEMPO Inizio="360.217" Bpm="106.88" Metro="4/4" Battito="2" />
      <TEMPO Inizio="383.234" Bpm="106.88" Metro="4/4" Battito="3" />
      <TEMPO Inizio="401.760" Bpm="106.88" Metro="4/4" Battito="4" />
      <TEMPO Inizio="429.268" Bpm="106.88" Metro="4/4" Battito="1" />
      <TEMPO Inizio="447.794" Bpm="106.88" Metro="4/4" Battito="2" />
    </TRACK>
    <TRACK TrackID="205182490" Name="Lights Out" Artist="Harvey Mandel" Composer="" Album="Cristo Redentor" Grouping="" Genre="Lounge/Acoustic" Kind="AIFF File" Size="52092192" TotalTime="294" DiscNumber="0" TrackNumber="2" Year="2017" AverageBpm="86.10" DateAdded="2022-05-15" BitRate="1411" SampleRate="44100" Comments="11B - 3" PlayCount="0" Rating="0" Location="file://localhost/Users/zachvp/Music/DJ/Harvey%20Mandel%20-%20Cristo%20Redentor%20-%2002%20Lights%20Out.aiff" Remixer="" Tonality="11B" Label="" Mix="">
      <TEMPO Inizio="0.399" Bpm="86.10" Metro="4/4" Battito="2" />
    </TRACK>
    <TRACK TrackID="213567164" Name="You Can't Tell Me" Artist="Harvey Mandel" Composer="" Album="Cristo Redentor" Grouping="" Genre="Lounge/Acoustic" Kind="AIFF File" Size="46122830" TotalTime="260" DiscNumber="0" TrackNumber="4" Year="2017" AverageBpm="114.87" DateAdded="2022-05-15" BitRate="1411" SampleRate="44100" Comments="7A - 4" PlayCount="0" Rating="0" Location="file://localhost/Users/zachvp/Music/DJ/Harvey%20Mandel%20-%20Cristo%20Redentor%20-%2004%20You%20Can%27t%20Tell%20Me.aiff" Remixer="" Tonality="7A" Label="" Mix="">
      <TEMPO Inizio="0.166" Bpm="114.87" Metro="4/4" Battito="1" />
      <TEMPO Inizio="0.689" Bpm="114.87" Metro="4/4" Battito="2" />
      <TEMPO Inizio="79.039" Bpm="114.87" Metro="4/4" Battito="4" />
      <TEMPO Inizio="243.051" Bpm="114.87" Metro="4/4" Battito="2" />
    </TRACK>
    <TRACK TrackID="135873918" Name="Nashville 1 A.M." Artist="Harvey Mandel" Composer="" Album="Cristo Redentor" Grouping="" Genre="Lounge/Acoustic" Kind="AIFF File" Size="38951580" TotalTime="219" DiscNumber="0" TrackNumber="5" Year="2017" AverageBpm="101.28" DateAdded="2022-05-15" BitRate="1411" SampleRate="44100" Comments="8B - 4" PlayCount="0" Rating="0" Location="file://localhost/Users/zachvp/Music/DJ/Harvey%20Mandel%20-%20Cristo%20Redentor%20-%2005%20Nashville%201%20A.M..aiff" Remixer="" Tonality="8B" Label="" Mix="">
      <TEMPO Inizio="0.221" Bpm="101.28" Metro="4/4" Battito="2" />
      <TEMPO Inizio="0.814" Bpm="101.28" Metro="4/4" Battito="3" />
      <TEMPO Inizio="8.516" Bpm="101.28" Metro="4/4" Battito="4" />
      <TEMPO Inizio="23.327" Bpm="101.28" Metro="4/4" Battito="1" />
      <TEMPO Inizio="38.138" Bpm="101.28" Metro="4/4" Battito="2" />
      <TEMPO Inizio="52.949" Bpm="101.28" Metro="4/4" Battito="3" />
      <TEMPO Inizio="67.760" Bpm="101.28" Metro="4/4" Battito="4" />
      <TEMPO Inizio="82.571" Bpm="101.28" Metro="4/4" Battito="1" />
      <TEMPO Inizio="97.382" Bpm="101.28" Metro="4/4" Battito="2" />
      <TEMPO Inizio="112.193" Bpm="101.28" Metro="4/4" Battito="3" />
      <TEMPO Inizio="127.004" Bpm="101.28" Metro="4/4" Battito="4" />
      <TEMPO Inizio="141.815" Bpm="101.28" Metro="4/4" Battito="1" />
      <TEMPO Inizio="156.626" Bpm="101.28" Metro="4/4" Battito="2" />
      <TEMPO Inizio="168.475" Bpm="101.28" Metro="4/4" Battito="2" />
      <TEMPO Inizio="187.433" Bpm="101.28" Metro="4/4" Battito="2" />
      <TEMPO Inizio="202.244" Bpm="101.28" Metro="4/4" Battito="3" />
      <TEMPO Inizio="217.055" Bpm="101.28" Metro="4/4" Battito="4" />
    </TRACK>
    <TRACK TrackID="128897779" Name="Cristo Redentor" Artist="Harvey Mandel" Composer="" Album="Cristo Redentor" Grouping="" Genre="Lounge/Acoustic" Kind="AIFF File" Size="40560384" TotalTime="228" DiscNumber="0" TrackNumber="6" Year="2017" AverageBpm="134.11" DateAdded="2022-05-15" BitRate="1411" SampleRate="44100" Comments="5A - 2" PlayCount="2" Rating="0" Location="file://localhost/Users/zachvp/Music/DJ/Harvey%20Mandel%20-%20Cristo%20Redentor%20-%2006%20Cristo%20Redentor.aiff" Remixer="" Tonality="5A" Label="" Mix="">
      <TEMPO Inizio="0.051" Bpm="134.11" Metro="4/4" Battito="4" />
      <TEMPO Inizio="0.499" Bpm="134.11" Metro="4/4" Battito="1" />
      <TEMPO Inizio="9.000" Bpm="134.11" Metro="4/4" Battito="4" />
      <TEMPO Inizio="32.265" Bpm="134.11" Metro="4/4" Battito="4" />
      <TEMPO Inizio="45.240" Bpm="134.11" Metro="4/4" Battito="1" />
      <TEMPO Inizio="68.505" Bpm="134.11" Metro="4/4" Battito="1" />
      <TEMPO Inizio="91.770" Bpm="134.11" Metro="4/4" Battito="1" />
      <TEMPO Inizio="106.982" Bpm="134.11" Metro="4/4" Battito="3" />
      <TEMPO Inizio="130.247" Bpm="134.11" Metro="4/4" Battito="3" />
      <TEMPO Inizio="153.512" Bpm="134.11" Metro="4/4" Battito="3" />
      <TEMPO Inizio="170.961" Bpm="134.11" Metro="4/4" Battito="2" />
      <TEMPO Inizio="194.226" Bpm="134.11" Metro="4/4" Battito="2" />
      <TEMPO Inizio="211.675" Bpm="134.11" Metro="4/4" Battito="1" />
    </TRACK>
    <TRACK TrackID="120622430" Name="Before Six" Artist="Harvey Mandel" Composer="" Album="Cristo Redentor" Grouping="" Genre="Lounge/" Kind="AIFF File" Size="68970144" TotalTime="389" DiscNumber="0" TrackNumber="7" Year="2017" AverageBpm="130.71" DateAdded="2022-05-15" BitRate="1411" SampleRate="44100" Comments="4A - 4" PlayCount="0" Rating="0" Location="file://localhost/Users/zachvp/Music/DJ/Harvey%20Mandel%20-%20Cristo%20Redentor%20-%2007%20Before%20Six.aiff" Remixer="" Tonality="4A" Label="" Mix="">
      <TEMPO Inizio="0.143" Bpm="130.71" Metro="4/4" Battito="1" />
      <TEMPO Inizio="2.439" Bpm="130.71" Metro="4/4" Battito="2" />
      <TEMPO Inizio="23.555" Bpm="130.71" Metro="4/4" Battito="4" />
      <TEMPO Inizio="24.013" Bpm="130.71" Metro="4/4" Battito="1" />
      <TEMPO Inizio="24.473" Bpm="130.71" Metro="4/4" Battito="2" />
      <TEMPO Inizio="45.130" Bpm="130.71" Metro="4/4" Battito="3" />
      <TEMPO Inizio="66.246" Bpm="130.71" Metro="4/4" Battito="1" />
      <TEMPO Inizio="87.362" Bpm="130.71" Metro="4/4" Battito="3" />
      <TEMPO Inizio="108.478" Bpm="130.71" Metro="4/4" Battito="1" />
      <TEMPO Inizio="108.936" Bpm="130.71" Metro="4/4" Battito="2" />
      <TEMPO Inizio="109.396" Bpm="130.71" Metro="4/4" Battito="3" />
      <TEMPO Inizio="130.512" Bpm="130.71" Metro="4/4" Battito="1" />
      <TEMPO Inizio="151.169" Bpm="130.71" Metro="4/4" Battito="2" />
      <TEMPO Inizio="172.285" Bpm="130.71" Metro="4/4" Battito="4" />
      <TEMPO Inizio="193.401" Bpm="130.71" Metro="4/4" Battito="2" />
      <TEMPO Inizio="193.859" Bpm="130.71" Metro="4/4" Battito="3" />
      <TEMPO Inizio="194.319" Bpm="130.71" Metro="4/4" Battito="4" />
      <TEMPO Inizio="215.435" Bpm="130.71" Metro="4/4" Battito="2" />
      <TEMPO Inizio="236.551" Bpm="130.71" Metro="4/4" Battito="4" />
      <TEMPO Inizio="257.208" Bpm="130.71" Metro="4/4" Battito="1" />
      <TEMPO Inizio="278.324" Bpm="130.71" Metro="4/4" Battito="3" />
      <TEMPO Inizio="310.916" Bpm="130.71" Metro="4/4" Battito="2" />
      <TEMPO Inizio="332.032" Bpm="130.71" Metro="4/4" Battito="4" />
      <TEMPO Inizio="352.689" Bpm="130.71" Metro="4/4" Battito="1" />
      <TEMPO Inizio="385.281" Bpm="130.71" Metro="4/4" Battito="4" />
    </TRACK>
    <TRACK TrackID="218646831" Name="Snake" Artist="Harvey Mandel" Composer="" Album="Cristo Redentor" Grouping="" Genre="Lounge/Acoustic" Kind="AIFF File" Size="40405094" TotalTime="227" DiscNumber="0" TrackNumber="9" Year="2017" AverageBpm="104.03" DateAdded="2022-05-15" BitRate="1411" SampleRate="44100" Comments="8A - 3" PlayCount="6" Rating="0" Location="file://localhost/Users/zachvp/Music/DJ/Harvey%20Mandel%20-%20Cristo%20Redentor%20-%2009%20Snake.aiff" Remixer="" Tonality="8A" Label="" Mix="">
      <TEMPO Inizio="0.348" Bpm="104.03" Metro="4/4" Battito="1" />
    </TRACK>
    <TRACK TrackID="90139242" Name="Long Wait" Artist="Harvey Mandel" Composer="" Album="Cristo Redentor" Grouping="" Genre="Lounge/Acoustic" Kind="AIFF File" Size="29503584" TotalTime="166" DiscNumber="0" TrackNumber="10" Year="2017" AverageBpm="111.35" DateAdded="2022-05-15" BitRate="1411" SampleRate="44100" Comments="8B - 3" PlayCount="2" Rating="0" Location="file://localhost/Users/zachvp/Music/DJ/Harvey%20Mandel%20-%20Cristo%20Redentor%20-%2010%20Long%20Wait.aiff" Remixer="" Tonality="8B" Label="" Mix="">
      <TEMPO Inizio="0.384" Bpm="111.35" Metro="4/4" Battito="1" />
    </TRACK>
    <TRACK TrackID="190481735" Name="Completed Extract From The Previous 7&quot;" Artist="Hydroplane" Composer="" Album="I Won't Have To Think About You: Compiled by Bayu and Moopie" Grouping="" Genre="Lounge/Acoustic" Kind="AIFF File" Size="45396802" TotalTime="256" DiscNumber="0" TrackNumber="11" Year="2017" AverageBpm="146.74" DateAdded="2022-05-15" BitRate="1411" SampleRate="44100" Comments="8A - 2" PlayCount="3" Rating="0" Location="file://localhost/Users/zachvp/Music/DJ/Hydroplane%20-%20Completed%20Extract%20From%20The%20Previous%207-.aiff" Remixer="" Tonality="8A" Label="" Mix="">
      <TEMPO Inizio="0.237" Bpm="146.74" Metro="4/4" Battito="1" />
    </TRACK>
    <TRACK TrackID="260916274" Name="Need You Tonight (Jandry's Extended 2022)" Artist="INXS" Composer="" Album="" Grouping="" Genre="Lounge/Indie" Kind="AIFF File" Size="60946722" TotalTime="344" DiscNumber="0" TrackNumber="0" Year="2022" AverageBpm="112.00" DateAdded="2022-05-15" BitRate="1411" SampleRate="44100" Comments="5A - 7" PlayCount="3" Rating="0" Location="file://localhost/Users/zachvp/Music/DJ/INXS%20-%20INXS-Need%20You%20Tonight%20(Jandry%27s%20Extended%202022).aiff" Remixer="" Tonality="5A" Label="" Mix="">
      <TEMPO Inizio="0.003" Bpm="112.00" Metro="4/4" Battito="1" />
    </TRACK>
    <TRACK TrackID="213343728" Name="A Time for Healing" Artist="Kahil El'Zabar Quartet" Composer="" Album="A Time For Healing" Grouping="" Genre="Lounge/" Kind="AIFF File" Size="139278916" TotalTime="789" DiscNumber="0" TrackNumber="1" Year="2022" AverageBpm="103.52" DateAdded="2022-05-15" BitRate="1411" SampleRate="44100" Comments="7A - 3" PlayCount="1" Rating="0" Location="file://localhost/Users/zachvp/Music/DJ/Kahil%20El%27Zabar%20Quartet%20-%20A%20Time%20for%20Healing.aiff" Remixer="" Tonality="7A" Label="" Mix="">
      <TEMPO Inizio="0.019" Bpm="103.52" Metro="4/4" Battito="4" />
    </TRACK>
    <TRACK TrackID="85700202" Name="Jalapeño (Fouk Remix)" Artist="Larry de Kat" Composer="" Album="" Grouping="" Genre="House/Deep/Tech/Jazzy" Kind="AIFF File" Size="110491006" TotalTime="417" DiscNumber="0" TrackNumber="0" Year="2021" AverageBpm="126.00" DateAdded="2022-05-15" BitRate="2116" SampleRate="44100" Comments="8A - 6" PlayCount="5" Rating="0" Location="file://localhost/Users/zachvp/Music/DJ/Larry%20de%20Kat%20-%20Jalape%c3%b1o%20(Fouk%20Remix).aiff" Remixer="" Tonality="8A" Label="" Mix="">
      <TEMPO Inizio="0.000" Bpm="126.00" Metro="4/4" Battito="1" />
    </TRACK>
    <TRACK TrackID="123160361" Name="Rotate" Artist="Loure" Composer="" Album="Outta 106 EP" Grouping="" Genre="House/Tech/Indie/" Kind="AIFF File" Size="164670116" TotalTime="571" DiscNumber="0" TrackNumber="2" Year="2020" AverageBpm="123.00" DateAdded="2022-05-15" BitRate="2304" SampleRate="48000" Comments="2A - 6" PlayCount="1" Rating="0" Location="file://localhost/Users/zachvp/Music/DJ/Loure%20-%20Rotate.aiff" Remixer="" Tonality="2A" Label="" Mix="">
      <TEMPO Inizio="0.048" Bpm="123.00" Metro="4/4" Battito="1" />
    </TRACK>
    <TRACK TrackID="29547355" Name="Intro" Artist="M83" Composer="" Album="Hurry Up, We're Dreaming" Grouping="" Genre="Lounge/Indie" Kind="AIFF File" Size="57129352" TotalTime="322" DiscNumber="0" TrackNumber="1" Year="2011" AverageBpm="104.97" DateAdded="2022-05-15" BitRate="1411" SampleRate="44100" Comments="3B - 6" PlayCount="0" Rating="0" Location="file://localhost/Users/zachvp/Music/DJ/M83%20-%20Hurry%20Up,%20We%27re%20Dreaming%20-%2001%20Intro.aiff" Remixer="" Tonality="3B" Label="" Mix="">
      <TEMPO Inizio="0.568" Bpm="104.97" Metro="4/4" Battito="2" />
    </TRACK>
    <TRACK TrackID="166476356" Name="Midnight City" Artist="M83" Composer="" Album="Hurry Up, We're Dreaming" Grouping="" Genre="Lounge/Indie" Kind="AIFF File" Size="43064480" TotalTime="243" DiscNumber="0" TrackNumber="2" Year="2011" AverageBpm="105.00" DateAdded="2022-05-15" BitRate="1411" SampleRate="44100" Comments="10A - 7" PlayCount="0" Rating="0" Location="file://localhost/Users/zachvp/Music/DJ/M83%20-%20Hurry%20Up,%20We%27re%20Dreaming%20-%2002%20Midnight%20City.aiff" Remixer="" Tonality="10A" Label="" Mix="">
      <TEMPO Inizio="0.057" Bpm="105.00" Metro="4/4" Battito="1" />
      <TEMPO Inizio="0.629" Bpm="105.00" Metro="4/4" Battito="2" />
      <TEMPO Inizio="13.201" Bpm="105.00" Metro="4/4" Battito="4" />
      <TEMPO Inizio="25.773" Bpm="105.00" Metro="4/4" Battito="2" />
      <TEMPO Inizio="38.345" Bpm="105.00" Metro="4/4" Battito="4" />
      <TEMPO Inizio="50.917" Bpm="105.00" Metro="4/4" Battito="2" />
      <TEMPO Inizio="67.489" Bpm="105.00" Metro="4/4" Battito="3" />
      <TEMPO Inizio="80.061" Bpm="105.00" Metro="4/4" Battito="1" />
      <TEMPO Inizio="92.633" Bpm="105.00" Metro="4/4" Battito="3" />
      <TEMPO Inizio="109.205" Bpm="105.00" Metro="4/4" Battito="4" />
      <TEMPO Inizio="121.777" Bpm="105.00" Metro="4/4" Battito="2" />
      <TEMPO Inizio="134.349" Bpm="105.00" Metro="4/4" Battito="4" />
      <TEMPO Inizio="150.921" Bpm="105.00" Metro="4/4" Battito="1" />
      <TEMPO Inizio="163.493" Bpm="105.00" Metro="4/4" Battito="3" />
      <TEMPO Inizio="176.065" Bpm="105.00" Metro="4/4" Battito="1" />
      <TEMPO Inizio="188.637" Bpm="105.00" Metro="4/4" Battito="3" />
      <TEMPO Inizio="205.209" Bpm="105.00" Metro="4/4" Battito="4" />
      <TEMPO Inizio="217.781" Bpm="105.00" Metro="4/4" Battito="2" />
      <TEMPO Inizio="230.353" Bpm="105.00" Metro="4/4" Battito="4" />
    </TRACK>
    <TRACK TrackID="151218535" Name="Reunion" Artist="M83" Composer="" Album="Hurry Up, We're Dreaming" Grouping="" Genre="Lounge/Indie" Kind="AIFF File" Size="41715536" TotalTime="235" DiscNumber="0" TrackNumber="3" Year="2011" AverageBpm="123.99" DateAdded="2022-05-15" BitRate="1411" SampleRate="44100" Comments="9A - 6" PlayCount="0" Rating="0" Location="file://localhost/Users/zachvp/Music/DJ/M83%20-%20Hurry%20Up,%20We%27re%20Dreaming%20-%2003%20Reunion.aiff" Remixer="" Tonality="9A" Label="" Mix="" />
    <TRACK TrackID="264272841" Name="Where The Boats Go" Artist="M83" Composer="" Album="Hurry Up, We're Dreaming" Grouping="" Genre="Lounge/Indie" Kind="AIFF File" Size="18930746" TotalTime="106" DiscNumber="0" TrackNumber="4" Year="2011" AverageBpm="145.82" DateAdded="2022-05-15" BitRate="1411" SampleRate="44100" Comments="2B - 3" PlayCount="2" Rating="0" Location="file://localhost/Users/zachvp/Music/DJ/M83%20-%20Hurry%20Up,%20We%27re%20Dreaming%20-%2004%20Where%20The%20Boats%20Go.aiff" Remixer="" Tonality="2B" Label="" Mix="">
      <TEMPO Inizio="0.113" Bpm="145.82" Metro="4/4" Battito="1" />
      <TEMPO Inizio="12.869" Bpm="145.82" Metro="4/4" Battito="4" />
      <TEMPO Inizio="104.215" Bpm="145.82" Metro="4/4" Battito="2" />
    </TRACK>
    <TRACK TrackID="192748075" Name="Wait" Artist="M83" Composer="" Album="Hurry Up, We're Dreaming" Grouping="" Genre="Lounge/Indie" Kind="AIFF File" Size="60168202" TotalTime="339" DiscNumber="0" TrackNumber="5" Year="2011" AverageBpm="147.99" DateAdded="2022-05-15" BitRate="1411" SampleRate="44100" Comments="10B - 6" PlayCount="0" Rating="0" Location="file://localhost/Users/zachvp/Music/DJ/M83%20-%20Hurry%20Up,%20We%27re%20Dreaming%20-%2005%20Wait.aiff" Remixer="" Tonality="10B" Label="" Mix="">
      <TEMPO Inizio="0.236" Bpm="147.99" Metro="4/4" Battito="3" />
      <TEMPO Inizio="3.480" Bpm="147.99" Metro="4/4" Battito="3" />
      <TEMPO Inizio="21.725" Bpm="147.99" Metro="4/4" Battito="4" />
      <TEMPO Inizio="37.132" Bpm="147.99" Metro="4/4" Battito="2" />
      <TEMPO Inizio="55.377" Bpm="147.99" Metro="4/4" Battito="3" />
      <TEMPO Inizio="73.622" Bpm="147.99" Metro="4/4" Battito="4" />
      <TEMPO Inizio="89.029" Bpm="147.99" Metro="4/4" Battito="2" />
      <TEMPO Inizio="107.274" Bpm="147.99" Metro="4/4" Battito="3" />
      <TEMPO Inizio="125.519" Bpm="147.99" Metro="4/4" Battito="4" />
      <TEMPO Inizio="143.764" Bpm="147.99" Metro="4/4" Battito="1" />
      <TEMPO Inizio="162.009" Bpm="147.99" Metro="4/4" Battito="2" />
      <TEMPO Inizio="180.254" Bpm="147.99" Metro="4/4" Battito="3" />
      <TEMPO Inizio="195.661" Bpm="147.99" Metro="4/4" Battito="1" />
      <TEMPO Inizio="213.906" Bpm="147.99" Metro="4/4" Battito="2" />
      <TEMPO Inizio="232.151" Bpm="147.99" Metro="4/4" Battito="3" />
      <TEMPO Inizio="247.558" Bpm="147.99" Metro="4/4" Battito="1" />
      <TEMPO Inizio="272.290" Bpm="147.99" Metro="4/4" Battito="2" />
      <TEMPO Inizio="287.697" Bpm="147.99" Metro="4/4" Battito="4" />
      <TEMPO Inizio="305.942" Bpm="147.99" Metro="4/4" Battito="1" />
      <TEMPO Inizio="324.187" Bpm="147.99" Metro="4/4" Battito="2" />
    </TRACK>
    <TRACK TrackID="53804702" Name="Raconte-Moi Une Histoire" Artist="M83" Composer="" Album="Hurry Up, We're Dreaming" Grouping="" Genre="Lounge/Indie" Kind="AIFF File" Size="43250694" TotalTime="244" DiscNumber="0" TrackNumber="6" Year="2011" AverageBpm="90.58" DateAdded="2022-05-15" BitRate="1411" SampleRate="44100" Comments="6B - 7" PlayCount="1" Rating="0" Location="file://localhost/Users/zachvp/Music/DJ/M83%20-%20Hurry%20Up,%20We%27re%20Dreaming%20-%2006%20Raconte-Moi%20Une%20Histoire.aiff" Remixer="" Tonality="6B" Label="" Mix="">
      <TEMPO Inizio="0.304" Bpm="90.58" Metro="4/4" Battito="1" />
      <TEMPO Inizio="0.967" Bpm="90.58" Metro="4/4" Battito="2" />
      <TEMPO Inizio="29.449" Bpm="90.58" Metro="4/4" Battito="1" />
      <TEMPO Inizio="71.179" Bpm="90.58" Metro="4/4" Battito="4" />
      <TEMPO Inizio="112.909" Bpm="90.58" Metro="4/4" Battito="3" />
      <TEMPO Inizio="151.327" Bpm="90.58" Metro="4/4" Battito="1" />
      <TEMPO Inizio="193.057" Bpm="90.58" Metro="4/4" Battito="4" />
      <TEMPO Inizio="234.787" Bpm="90.58" Metro="4/4" Battito="3" />
    </TRACK>
    <TRACK TrackID="156604124" Name="Train To Pluton" Artist="M83" Composer="" Album="Hurry Up, We're Dreaming" Grouping="" Genre="Lounge/Indie" Kind="AIFF File" Size="13525604" TotalTime="75" DiscNumber="0" TrackNumber="7" Year="2011" AverageBpm="0.00" DateAdded="2022-05-15" BitRate="1411" SampleRate="44100" Comments="8B - 3" PlayCount="0" Rating="0" Location="file://localhost/Users/zachvp/Music/DJ/M83%20-%20Hurry%20Up,%20We%27re%20Dreaming%20-%2007%20Train%20To%20Pluton.aiff" Remixer="" Tonality="8B" Label="" Mix="" />
    <TRACK TrackID="174452823" Name="Claudia Lewis" Artist="M83" Composer="" Album="Hurry Up, We're Dreaming" Grouping="" Genre="Lounge/Indie" Kind="AIFF File" Size="48126464" TotalTime="271" DiscNumber="0" TrackNumber="8" Year="2011" AverageBpm="107.45" DateAdded="2022-05-15" BitRate="1411" SampleRate="44100" Comments="8B - 7" PlayCount="0" Rating="0" Location="file://localhost/Users/zachvp/Music/DJ/M83%20-%20Hurry%20Up,%20We%27re%20Dreaming%20-%2008%20Claudia%20Lewis.aiff" Remixer="" Tonality="8B" Label="" Mix="">
      <TEMPO Inizio="0.387" Bpm="107.45" Metro="4/4" Battito="1" />
      <TEMPO Inizio="14.906" Bpm="107.45" Metro="4/4" Battito="3" />
      <TEMPO Inizio="35.009" Bpm="107.45" Metro="4/4" Battito="3" />
      <TEMPO Inizio="55.112" Bpm="107.45" Metro="4/4" Battito="3" />
      <TEMPO Inizio="72.423" Bpm="107.45" Metro="4/4" Battito="2" />
      <TEMPO Inizio="92.526" Bpm="107.45" Metro="4/4" Battito="2" />
      <TEMPO Inizio="109.837" Bpm="107.45" Metro="4/4" Battito="1" />
      <TEMPO Inizio="127.148" Bpm="107.45" Metro="4/4" Battito="4" />
      <TEMPO Inizio="147.251" Bpm="107.45" Metro="4/4" Battito="4" />
      <TEMPO Inizio="167.354" Bpm="107.45" Metro="4/4" Battito="4" />
      <TEMPO Inizio="181.873" Bpm="107.45" Metro="4/4" Battito="2" />
      <TEMPO Inizio="201.976" Bpm="107.45" Metro="4/4" Battito="2" />
      <TEMPO Inizio="222.079" Bpm="107.45" Metro="4/4" Battito="2" />
      <TEMPO Inizio="236.598" Bpm="107.45" Metro="4/4" Battito="4" />
      <TEMPO Inizio="256.701" Bpm="107.45" Metro="4/4" Battito="4" />
    </TRACK>
    <TRACK TrackID="16630194" Name="This Bright Flash" Artist="M83" Composer="" Album="Hurry Up, We're Dreaming" Grouping="" Genre="Lounge/Indie" Kind="AIFF File" Size="24734320" TotalTime="139" DiscNumber="0" TrackNumber="9" Year="2011" AverageBpm="158.96" DateAdded="2022-05-15" BitRate="1411" SampleRate="44100" Comments="9B - 7" PlayCount="0" Rating="0" Location="file://localhost/Users/zachvp/Music/DJ/M83%20-%20Hurry%20Up,%20We%27re%20Dreaming%20-%2009%20This%20Bright%20Flash.aiff" Remixer="" Tonality="9B" Label="" Mix="">
      <TEMPO Inizio="0.175" Bpm="158.96" Metro="4/4" Battito="1" />
      <TEMPO Inizio="109.258" Bpm="158.96" Metro="4/4" Battito="2" />
    </TRACK>
    <TRACK TrackID="70643735" Name="When Will You Come Home?" Artist="M83" Composer="" Album="Hurry Up, We're Dreaming" Grouping="" Genre="Lounge/Indie" Kind="AIFF File" Size="14940740" TotalTime="83" DiscNumber="0" TrackNumber="10" Year="2011" AverageBpm="175.59" DateAdded="2022-05-15" BitRate="1411" SampleRate="44100" Comments="2B - 4" PlayCount="0" Rating="0" Location="file://localhost/Users/zachvp/Music/DJ/M83%20-%20Hurry%20Up,%20We%27re%20Dreaming%20-%2010%20When%20Will%20You%20Come%20Home-.aiff" Remixer="" Tonality="2B" Label="" Mix="">
      <TEMPO Inizio="0.257" Bpm="175.59" Metro="4/4" Battito="2" />
    </TRACK>
    <TRACK TrackID="160079730" Name="Soon, My Friend" Artist="M83" Composer="" Album="Hurry Up, We're Dreaming" Grouping="" Genre="Lounge/Indie" Kind="AIFF File" Size="33583026" TotalTime="189" DiscNumber="0" TrackNumber="11" Year="2011" AverageBpm="106.57" DateAdded="2022-05-15" BitRate="1411" SampleRate="44100" Comments="8B - 4" PlayCount="0" Rating="0" Location="file://localhost/Users/zachvp/Music/DJ/M83%20-%20Hurry%20Up,%20We%27re%20Dreaming%20-%2011%20Soon,%20My%20Friend.aiff" Remixer="" Tonality="8B" Label="" Mix="">
      <TEMPO Inizio="0.093" Bpm="106.57" Metro="4/4" Battito="1" />
      <TEMPO Inizio="22.051" Bpm="106.57" Metro="4/4" Battito="4" />
      <TEMPO Inizio="44.009" Bpm="106.57" Metro="4/4" Battito="3" />
      <TEMPO Inizio="66.530" Bpm="106.57" Metro="4/4" Battito="3" />
      <TEMPO Inizio="89.051" Bpm="106.57" Metro="4/4" Battito="3" />
      <TEMPO Inizio="111.009" Bpm="106.57" Metro="4/4" Battito="2" />
      <TEMPO Inizio="133.530" Bpm="106.57" Metro="4/4" Battito="2" />
      <TEMPO Inizio="156.051" Bpm="106.57" Metro="4/4" Battito="2" />
      <TEMPO Inizio="178.009" Bpm="106.57" Metro="4/4" Battito="1" />
    </TRACK>
    <TRACK TrackID="179955812" Name="My Tears Are Becoming A Sea" Artist="M83" Composer="" Album="Hurry Up, We're Dreaming" Grouping="" Genre="Lounge/Indie" Kind="AIFF File" Size="26975426" TotalTime="151" DiscNumber="0" TrackNumber="12" Year="2011" AverageBpm="128.66" DateAdded="2022-05-15" BitRate="1411" SampleRate="44100" Comments="12A - 4" PlayCount="0" Rating="0" Location="file://localhost/Users/zachvp/Music/DJ/M83%20-%20Hurry%20Up,%20We%27re%20Dreaming%20-%2012%20My%20Tears%20Are%20Becoming%20A%20Sea.aiff" Remixer="" Tonality="12A" Label="" Mix="">
      <TEMPO Inizio="0.181" Bpm="128.66" Metro="4/4" Battito="1" />
      <TEMPO Inizio="52.877" Bpm="128.66" Metro="4/4" Battito="2" />
      <TEMPO Inizio="92.049" Bpm="128.66" Metro="4/4" Battito="2" />
      <TEMPO Inizio="131.221" Bpm="128.66" Metro="4/4" Battito="2" />
    </TRACK>
    <TRACK TrackID="126549913" Name="New Map" Artist="M83" Composer="" Album="Hurry Up, We're Dreaming" Grouping="" Genre="Lounge/Indie" Kind="AIFF File" Size="46542634" TotalTime="262" DiscNumber="0" TrackNumber="13" Year="2011" AverageBpm="162.79" DateAdded="2022-05-15" BitRate="1411" SampleRate="44100" Comments="11B - 6" PlayCount="0" Rating="0" Location="file://localhost/Users/zachvp/Music/DJ/M83%20-%20Hurry%20Up,%20We%27re%20Dreaming%20-%2013%20New%20Map.aiff" Remixer="" Tonality="11B" Label="" Mix="">
      <TEMPO Inizio="0.309" Bpm="162.79" Metro="4/4" Battito="3" />
    </TRACK>
    <TRACK TrackID="58985260" Name="OK Pal" Artist="M83" Composer="" Album="Hurry Up, We're Dreaming" Grouping="" Genre="Lounge/Indie" Kind="AIFF File" Size="42198344" TotalTime="238" DiscNumber="0" TrackNumber="14" Year="2011" AverageBpm="106.00" DateAdded="2022-05-15" BitRate="1411" SampleRate="44100" Comments="2B - 7" PlayCount="0" Rating="0" Location="file://localhost/Users/zachvp/Music/DJ/M83%20-%20Hurry%20Up,%20We%27re%20Dreaming%20-%2014%20OK%20Pal.aiff" Remixer="" Tonality="2B" Label="" Mix="">
      <TEMPO Inizio="0.317" Bpm="106.00" Metro="4/4" Battito="3" />
      <TEMPO Inizio="20.695" Bpm="106.00" Metro="4/4" Battito="3" />
      <TEMPO Inizio="41.073" Bpm="106.00" Metro="4/4" Battito="3" />
      <TEMPO Inizio="62.017" Bpm="106.00" Metro="4/4" Battito="4" />
      <TEMPO Inizio="83.527" Bpm="106.00" Metro="4/4" Battito="2" />
      <TEMPO Inizio="103.905" Bpm="106.00" Metro="4/4" Battito="2" />
      <TEMPO Inizio="124.849" Bpm="106.00" Metro="4/4" Battito="3" />
      <TEMPO Inizio="145.793" Bpm="106.00" Metro="4/4" Battito="4" />
      <TEMPO Inizio="166.737" Bpm="106.00" Metro="4/4" Battito="1" />
      <TEMPO Inizio="187.115" Bpm="106.00" Metro="4/4" Battito="1" />
      <TEMPO Inizio="208.059" Bpm="106.00" Metro="4/4" Battito="2" />
      <TEMPO Inizio="229.569" Bpm="106.00" Metro="4/4" Battito="4" />
    </TRACK>
    <TRACK TrackID="5271601" Name="Another Wave From You" Artist="M83" Composer="" Album="Hurry Up, We're Dreaming" Grouping="" Genre="Lounge/Indie" Kind="AIFF File" Size="20261602" TotalTime="113" DiscNumber="0" TrackNumber="15" Year="2011" AverageBpm="174.34" DateAdded="2022-05-15" BitRate="1411" SampleRate="44100" Comments="3A - 4" PlayCount="0" Rating="0" Location="file://localhost/Users/zachvp/Music/DJ/M83%20-%20Hurry%20Up,%20We%27re%20Dreaming%20-%2015%20Another%20Wave%20From%20You.aiff" Remixer="" Tonality="3A" Label="" Mix="">
      <TEMPO Inizio="0.112" Bpm="174.34" Metro="4/4" Battito="4" />
      <TEMPO Inizio="16.632" Bpm="174.34" Metro="4/4" Battito="4" />
      <TEMPO Inizio="57.587" Bpm="174.34" Metro="4/4" Battito="3" />
      <TEMPO Inizio="94.068" Bpm="174.34" Metro="4/4" Battito="1" />
    </TRACK>
    <TRACK TrackID="71611289" Name="Splendor" Artist="M83" Composer="" Album="Hurry Up, We're Dreaming" Grouping="" Genre="Lounge/Indie" Kind="AIFF File" Size="53914848" TotalTime="304" DiscNumber="0" TrackNumber="16" Year="2011" AverageBpm="130.01" DateAdded="2022-05-15" BitRate="1411" SampleRate="44100" Comments="10B - 3" PlayCount="0" Rating="0" Location="file://localhost/Users/zachvp/Music/DJ/M83%20-%20Hurry%20Up,%20We%27re%20Dreaming%20-%2016%20Splendor.aiff" Remixer="" Tonality="10B" Label="" Mix="">
      <TEMPO Inizio="0.126" Bpm="130.01" Metro="4/4" Battito="4" />
    </TRACK>
    <TRACK TrackID="132051714" Name="Year One, One UFO" Artist="M83" Composer="" Album="Hurry Up, We're Dreaming" Grouping="" Genre="Lounge/Indie" Kind="AIFF File" Size="35067638" TotalTime="197" DiscNumber="0" TrackNumber="17" Year="2011" AverageBpm="146.98" DateAdded="2022-05-15" BitRate="1411" SampleRate="44100" Comments="12B - 6" PlayCount="0" Rating="0" Location="file://localhost/Users/zachvp/Music/DJ/M83%20-%20Hurry%20Up,%20We%27re%20Dreaming%20-%2017%20Year%20One,%20One%20UFO.aiff" Remixer="" Tonality="12B" Label="" Mix="">
      <TEMPO Inizio="0.385" Bpm="146.98" Metro="4/4" Battito="1" />
      <TEMPO Inizio="62.025" Bpm="146.98" Metro="4/4" Battito="4" />
      <TEMPO Inizio="123.665" Bpm="146.98" Metro="4/4" Battito="3" />
      <TEMPO Inizio="185.305" Bpm="146.98" Metro="4/4" Battito="2" />
    </TRACK>
    <TRACK TrackID="189031179" Name="Fountains" Artist="M83" Composer="" Album="Hurry Up, We're Dreaming" Grouping="" Genre="Lounge/Ambient" Kind="AIFF File" Size="14557502" TotalTime="81" DiscNumber="0" TrackNumber="18" Year="2011" AverageBpm="135.54" DateAdded="2022-05-15" BitRate="1411" SampleRate="44100" Comments="2B - 4" PlayCount="0" Rating="0" Location="file://localhost/Users/zachvp/Music/DJ/M83%20-%20Hurry%20Up,%20We%27re%20Dreaming%20-%2018%20Fountains.aiff" Remixer="" Tonality="2B" Label="" Mix="">
      <TEMPO Inizio="0.052" Bpm="135.54" Metro="4/4" Battito="1" />
    </TRACK>
    <TRACK TrackID="76049174" Name="Steve McQueen" Artist="M83" Composer="" Album="Hurry Up, We're Dreaming" Grouping="" Genre="Lounge/Indie" Kind="AIFF File" Size="40548878" TotalTime="228" DiscNumber="0" TrackNumber="19" Year="2011" AverageBpm="142.00" DateAdded="2022-05-15" BitRate="1411" SampleRate="44100" Comments="10B - 6" PlayCount="0" Rating="0" Location="file://localhost/Users/zachvp/Music/DJ/M83%20-%20Hurry%20Up,%20We%27re%20Dreaming%20-%2019%20Steve%20McQueen.aiff" Remixer="" Tonality="10B" Label="" Mix="">
      <TEMPO Inizio="0.032" Bpm="142.00" Metro="4/4" Battito="1" />
    </TRACK>
    <TRACK TrackID="242715346" Name="Echoes Of Mine" Artist="M83" Composer="" Album="Hurry Up, We're Dreaming" Grouping="" Genre="Lounge/Indie" Kind="AIFF File" Size="38943708" TotalTime="219" DiscNumber="0" TrackNumber="20" Year="2011" AverageBpm="109.95" DateAdded="2022-05-15" BitRate="1411" SampleRate="44100" Comments="9B - 4" PlayCount="0" Rating="0" Location="file://localhost/Users/zachvp/Music/DJ/M83%20-%20Hurry%20Up,%20We%27re%20Dreaming%20-%2020%20Echoes%20Of%20Mine.aiff" Remixer="" Tonality="9B" Label="" Mix="">
      <TEMPO Inizio="0.147" Bpm="109.95" Metro="4/4" Battito="1" />
    </TRACK>
    <TRACK TrackID="74827235" Name="Klaus I Love You" Artist="M83" Composer="" Album="Hurry Up, We're Dreaming" Grouping="" Genre="Lounge/Indie" Kind="AIFF File" Size="18632896" TotalTime="104" DiscNumber="0" TrackNumber="21" Year="2011" AverageBpm="117.00" DateAdded="2022-05-15" BitRate="1411" SampleRate="44100" Comments="11A - 5" PlayCount="0" Rating="0" Location="file://localhost/Users/zachvp/Music/DJ/M83%20-%20Hurry%20Up,%20We%27re%20Dreaming%20-%2021%20Klaus%20I%20Love%20You.aiff" Remixer="" Tonality="11A" Label="" Mix="">
      <TEMPO Inizio="0.164" Bpm="117.00" Metro="4/4" Battito="1" />
    </TRACK>
    <TRACK TrackID="139243808" Name="Outro" Artist="M83" Composer="" Album="Hurry Up, We're Dreaming" Grouping="" Genre="Lounge/Indie" Kind="AIFF File" Size="43766798" TotalTime="247" DiscNumber="0" TrackNumber="22" Year="2011" AverageBpm="108.82" DateAdded="2022-05-15" BitRate="1411" SampleRate="44100" Comments="10B - 7" PlayCount="2" Rating="0" Location="file://localhost/Users/zachvp/Music/DJ/M83%20-%20Hurry%20Up,%20We%27re%20Dreaming%20-%2022%20Outro.aiff" Remixer="" Tonality="10B" Label="" Mix="">
      <TEMPO Inizio="0.428" Bpm="108.82" Metro="4/4" Battito="3" />
      <TEMPO Inizio="82.581" Bpm="108.82" Metro="4/4" Battito="4" />
      <TEMPO Inizio="175.210" Bpm="108.82" Metro="4/4" Battito="4" />
    </TRACK>
    <TRACK TrackID="172072930" Name="insane☻" Artist="maxtaylor♚" Composer="" Album="summer17" Grouping="" Genre="Lounge/Indie" Kind="AIFF File" Size="25491644" TotalTime="143" DiscNumber="0" TrackNumber="1" Year="2017" AverageBpm="80.00" DateAdded="2022-05-15" BitRate="1411" SampleRate="44100" Comments="2A - 5" PlayCount="0" Rating="0" Location="file://localhost/Users/zachvp/Music/DJ/maxtaylor%e2%99%9a%20-%20summer17%20-%2001%20insane%e2%98%bb.aiff" Remixer="" Tonality="2A" Label="" Mix="">
      <TEMPO Inizio="0.562" Bpm="80.00" Metro="4/4" Battito="1" />
      <TEMPO Inizio="79.313" Bpm="80.00" Metro="4/4" Battito="2" />
      <TEMPO Inizio="80.062" Bpm="80.00" Metro="4/4" Battito="3" />
      <TEMPO Inizio="82.313" Bpm="80.00" Metro="4/4" Battito="2" />
      <TEMPO Inizio="83.062" Bpm="80.00" Metro="4/4" Battito="3" />
      <TEMPO Inizio="85.313" Bpm="80.00" Metro="4/4" Battito="2" />
      <TEMPO Inizio="86.062" Bpm="80.00" Metro="4/4" Battito="3" />
      <TEMPO Inizio="88.313" Bpm="80.00" Metro="4/4" Battito="2" />
      <TEMPO Inizio="89.812" Bpm="80.00" Metro="4/4" Battito="4" />
      <TEMPO Inizio="91.313" Bpm="80.00" Metro="4/4" Battito="2" />
      <TEMPO Inizio="92.812" Bpm="80.00" Metro="4/4" Battito="4" />
      <TEMPO Inizio="94.313" Bpm="80.00" Metro="4/4" Battito="2" />
      <TEMPO Inizio="95.812" Bpm="80.00" Metro="4/4" Battito="4" />
      <TEMPO Inizio="97.313" Bpm="80.00" Metro="4/4" Battito="2" />
      <TEMPO Inizio="98.812" Bpm="80.00" Metro="4/4" Battito="4" />
      <TEMPO Inizio="100.313" Bpm="80.00" Metro="4/4" Battito="2" />
      <TEMPO Inizio="102.562" Bpm="80.00" Metro="4/4" Battito="1" />
      <TEMPO Inizio="103.313" Bpm="80.00" Metro="4/4" Battito="2" />
      <TEMPO Inizio="105.562" Bpm="80.00" Metro="4/4" Battito="1" />
      <TEMPO Inizio="106.313" Bpm="80.00" Metro="4/4" Battito="2" />
      <TEMPO Inizio="108.562" Bpm="80.00" Metro="4/4" Battito="1" />
      <TEMPO Inizio="109.313" Bpm="80.00" Metro="4/4" Battito="2" />
    </TRACK>
    <TRACK TrackID="157501441" Name="don't smoke meth☃" Artist="maxtaylor♚" Composer="" Album="summer17" Grouping="" Genre="Lounge/Indie" Kind="AIFF File" Size="24482026" TotalTime="137" DiscNumber="0" TrackNumber="2" Year="2017" AverageBpm="120.03" DateAdded="2022-05-15" BitRate="1411" SampleRate="44100" Comments="5A - 5" PlayCount="1" Rating="0" Location="file://localhost/Users/zachvp/Music/DJ/maxtaylor%e2%99%9a%20-%20summer17%20-%2002%20don%27t%20smoke%20meth%e2%98%83.aiff" Remixer="" Tonality="5A" Label="" Mix="">
      <TEMPO Inizio="0.032" Bpm="120.03" Metro="4/4" Battito="1" />
    </TRACK>
    <TRACK TrackID="211438334" Name="158° (ft. skylarallen)" Artist="maxtaylor♚" Composer="" Album="summer17" Grouping="" Genre="Lounge/Indie/Trap" Kind="AIFF File" Size="24935682" TotalTime="140" DiscNumber="0" TrackNumber="3" Year="2017" AverageBpm="150.00" DateAdded="2022-05-15" BitRate="1411" SampleRate="44100" Comments="7A - 7" PlayCount="1" Rating="0" Location="file://localhost/Users/zachvp/Music/DJ/maxtaylor%e2%99%9a%20-%20summer17%20-%2003%20158%c2%b0%20(ft.%20skylarallen).aiff" Remixer="" Tonality="7A" Label="" Mix="">
      <TEMPO Inizio="0.398" Bpm="150.00" Metro="4/4" Battito="3" />
    </TRACK>
    <TRACK TrackID="198228248" Name="lost in the internet" Artist="maxtaylor♚" Composer="" Album="summer17" Grouping="" Genre="Lounge/Indie" Kind="AIFF File" Size="22519954" TotalTime="127" DiscNumber="0" TrackNumber="4" Year="2017" AverageBpm="133.00" DateAdded="2022-05-15" BitRate="1411" SampleRate="44100" Comments="11A - 5" PlayCount="0" Rating="0" Location="file://localhost/Users/zachvp/Music/DJ/maxtaylor%e2%99%9a%20-%20summer17%20-%2004%20lost%20in%20the%20internet.aiff" Remixer="" Tonality="11A" Label="" Mix="">
      <TEMPO Inizio="0.008" Bpm="133.00" Metro="4/4" Battito="1" />
    </TRACK>
    <TRACK TrackID="164379651" Name="how u like me now" Artist="maxtaylor♚" Composer="" Album="summer17" Grouping="" Genre="Lounge/Indie/Trap" Kind="AIFF File" Size="28519356" TotalTime="161" DiscNumber="0" TrackNumber="5" Year="2017" AverageBpm="128.00" DateAdded="2022-05-15" BitRate="1411" SampleRate="44100" Comments="7A - 6" PlayCount="4" Rating="0" Location="file://localhost/Users/zachvp/Music/DJ/maxtaylor%e2%99%9a%20-%20summer17%20-%2005%20how%20u%20like%20me%20now.aiff" Remixer="" Tonality="7A" Label="" Mix="">
      <TEMPO Inizio="0.018" Bpm="128.00" Metro="4/4" Battito="1" />
      <POSITION_MARK Name="" Type="0" Start="0.000" Num="-1" />
      <POSITION_MARK Name="" Type="0" Start="14.987" Num="-1" />
      <POSITION_MARK Name="" Type="0" Start="153.773" Num="-1" />
    </TRACK>
    <TRACK TrackID="204986817" Name="good greaf" Artist="maxtaylor♚" Composer="" Album="summer17" Grouping="" Genre="Lounge/Indie" Kind="AIFF File" Size="20509390" TotalTime="115" DiscNumber="0" TrackNumber="6" Year="2017" AverageBpm="140.80" DateAdded="2022-05-15" BitRate="1411" SampleRate="44100" Comments="2A - 3" PlayCount="0" Rating="0" Location="file://localhost/Users/zachvp/Music/DJ/maxtaylor%e2%99%9a%20-%20summer17%20-%2006%20good%20greaf.aiff" Remixer="" Tonality="2A" Label="" Mix="">
      <TEMPO Inizio="0.023" Bpm="140.80" Metro="4/4" Battito="4" />
      <TEMPO Inizio="0.876" Bpm="140.80" Metro="4/4" Battito="2" />
      <TEMPO Inizio="43.064" Bpm="140.80" Metro="4/4" Battito="1" />
    </TRACK>
    <TRACK TrackID="70133875" Name="kiss my ass" Artist="maxtaylor♚" Composer="" Album="summer17" Grouping="" Genre="Lounge/Indie/Trap" Kind="AIFF File" Size="24599122" TotalTime="138" DiscNumber="0" TrackNumber="7" Year="2017" AverageBpm="85.00" DateAdded="2022-05-15" BitRate="1411" SampleRate="44100" Comments="5A - 6" PlayCount="2" Rating="0" Location="file://localhost/Users/zachvp/Music/DJ/maxtaylor%e2%99%9a%20-%20summer17%20-%2007%20kiss%20my%20ass.aiff" Remixer="" Tonality="5A" Label="" Mix="">
      <TEMPO Inizio="0.004" Bpm="85.00" Metro="4/4" Battito="1" />
    </TRACK>
    <TRACK TrackID="104266574" Name="bumpin" Artist="maxtaylor♚" Composer="" Album="summer17" Grouping="" Genre="Lounge/Indie" Kind="AIFF File" Size="18401008" TotalTime="103" DiscNumber="0" TrackNumber="8" Year="2017" AverageBpm="120.00" DateAdded="2022-05-15" BitRate="1411" SampleRate="44100" Comments="7A - 7" PlayCount="2" Rating="0" Location="file://localhost/Users/zachvp/Music/DJ/maxtaylor%e2%99%9a%20-%20summer17%20-%2008%20bumpin.aiff" Remixer="" Tonality="7A" Label="" Mix="">
      <TEMPO Inizio="0.010" Bpm="120.00" Metro="4/4" Battito="1" />
      <TEMPO Inizio="55.011" Bpm="120.00" Metro="4/4" Battito="3" />
      <TEMPO Inizio="55.510" Bpm="120.00" Metro="4/4" Battito="4" />
      <TEMPO Inizio="56.011" Bpm="120.00" Metro="4/4" Battito="1" />
      <TEMPO Inizio="56.510" Bpm="120.00" Metro="4/4" Battito="2" />
      <TEMPO Inizio="57.011" Bpm="120.00" Metro="4/4" Battito="3" />
    </TRACK>
    <TRACK TrackID="235845713" Name="drip (ft. niko slim)" Artist="maxtaylor♚" Composer="" Album="summer17" Grouping="" Genre="Lounge/Indie/Trap" Kind="AIFF File" Size="30331808" TotalTime="171" DiscNumber="0" TrackNumber="9" Year="2017" AverageBpm="125.00" DateAdded="2022-05-15" BitRate="1411" SampleRate="44100" Comments="5A - 5" PlayCount="0" Rating="0" Location="file://localhost/Users/zachvp/Music/DJ/maxtaylor%e2%99%9a%20-%20summer17%20-%2009%20drip%20(ft.%20niko%20slim).aiff" Remixer="" Tonality="5A" Label="" Mix="">
      <TEMPO Inizio="0.008" Bpm="125.00" Metro="4/4" Battito="1" />
      <TEMPO Inizio="28.807" Bpm="125.00" Metro="4/4" Battito="1" />
      <TEMPO Inizio="64.806" Bpm="125.00" Metro="4/4" Battito="4" />
      <TEMPO Inizio="100.805" Bpm="125.00" Metro="4/4" Battito="3" />
      <TEMPO Inizio="136.804" Bpm="125.00" Metro="4/4" Battito="2" />
    </TRACK>
    <TRACK TrackID="196625502" Name="Butter" Artist="Miyako Koda" Composer="" Album="in the shadow of jupiter" Grouping="" Genre="Lounge/Indie" Kind="AIFF File" Size="42389410" TotalTime="239" DiscNumber="0" TrackNumber="4" Year="2016" AverageBpm="163.99" DateAdded="2022-05-15" BitRate="1411" SampleRate="44100" Comments="5A - 4" PlayCount="3" Rating="0" Location="file://localhost/Users/zachvp/Music/DJ/Miyako%20Koda%20-%20Butter.aiff" Remixer="" Tonality="5A" Label="" Mix="">
      <TEMPO Inizio="0.311" Bpm="163.99" Metro="4/4" Battito="1" />
      <POSITION_MARK Name="" Type="0" Start="24.983" Num="-1" />
    </TRACK>
    <TRACK TrackID="129593760" Name="Io (Chee Shimizu re-edit)" Artist="Miyako Koda" Composer="" Album="in the shadow of jupiter" Grouping="" Genre="Lounge/" Kind="AIFF File" Size="79455672" TotalTime="449" DiscNumber="0" TrackNumber="2" Year="2016" AverageBpm="87.99" DateAdded="2022-05-15" BitRate="1411" SampleRate="44100" Comments="11A - 3" PlayCount="1" Rating="0" Location="file://localhost/Users/zachvp/Music/DJ/Miyako%20Koda%20-%20Io%20-%20Chee%20Shimizu%20re-edit.aiff" Remixer="" Tonality="11A" Label="" Mix="">
      <TEMPO Inizio="0.581" Bpm="87.99" Metro="4/4" Battito="1" />
    </TRACK>
    <TRACK TrackID="7513560" Name="Ndembu (Jordan GCZ re-edit)" Artist="Miyako Koda" Composer="" Album="in the shadow of jupiter" Grouping="" Genre="Lounge/" Kind="AIFF File" Size="69285484" TotalTime="392" DiscNumber="0" TrackNumber="3" Year="2016" AverageBpm="107.99" DateAdded="2022-05-15" BitRate="1411" SampleRate="44100" Comments="7A - 4" PlayCount="2" Rating="0" Location="file://localhost/Users/zachvp/Music/DJ/Miyako%20Koda%20-%20Ndembu%20-%20Jordan%20GCZ%20re-edit.aiff" Remixer="" Tonality="7A" Label="" Mix="">
      <TEMPO Inizio="0.187" Bpm="107.99" Metro="4/4" Battito="1" />
    </TRACK>
    <TRACK TrackID="225063936" Name="Sleep in Peace (in the shadow remix)" Artist="Miyako Koda" Composer="" Album="in the shadow of jupiter" Grouping="" Genre="Lounge/" Kind="AIFF File" Size="80894910" TotalTime="457" DiscNumber="0" TrackNumber="5" Year="2016" AverageBpm="91.06" DateAdded="2022-05-15" BitRate="1411" SampleRate="44100" Comments="7A - 3" PlayCount="3" Rating="0" Location="file://localhost/Users/zachvp/Music/DJ/Miyako%20Koda%20-%20Sleep%20in%20Peace%20-%20in%20the%20shadow%20remix.aiff" Remixer="" Tonality="7A" Label="" Mix="">
      <TEMPO Inizio="0.428" Bpm="91.06" Metro="4/4" Battito="2" />
    </TRACK>
    <TRACK TrackID="95223426" Name="Until Eternity" Artist="moonbooter" Composer="" Album="Still Alive" Grouping="" Genre="zzz" Kind="AIFF File" Size="101365268" TotalTime="573" DiscNumber="0" TrackNumber="1" Year="2014" AverageBpm="120.12" DateAdded="2022-05-15" BitRate="1411" SampleRate="44100" Comments="7A - 6" PlayCount="0" Rating="0" Location="file://localhost/Users/zachvp/Music/DJ/moonbooter%20-%20Still%20Alive%20-%2001%20Until%20Eternity.aiff" Remixer="" Tonality="7A" Label="" Mix="">
      <TEMPO Inizio="0.018" Bpm="120.12" Metro="4/4" Battito="4" />
    </TRACK>
    <TRACK TrackID="202974905" Name="Dont move" Artist="moonbooter" Composer="" Album="Still Alive" Grouping="" Genre="zzz" Kind="AIFF File" Size="74015682" TotalTime="418" DiscNumber="0" TrackNumber="2" Year="2014" AverageBpm="123.00" DateAdded="2022-05-15" BitRate="1411" SampleRate="44100" Comments="5A - 5" PlayCount="0" Rating="0" Location="file://localhost/Users/zachvp/Music/DJ/moonbooter%20-%20Still%20Alive%20-%2002%20Dont%20move.aiff" Remixer="" Tonality="5A" Label="" Mix="">
      <TEMPO Inizio="0.008" Bpm="123.00" Metro="4/4" Battito="1" />
    </TRACK>
    <TRACK TrackID="47960899" Name="Number 43" Artist="moonbooter" Composer="" Album="Still Alive" Grouping="" Genre="zzz" Kind="AIFF File" Size="53068146" TotalTime="300" DiscNumber="0" TrackNumber="3" Year="2014" AverageBpm="99.98" DateAdded="2022-05-15" BitRate="1411" SampleRate="44100" Comments="4A - 4" PlayCount="0" Rating="0" Location="file://localhost/Users/zachvp/Music/DJ/moonbooter%20-%20Still%20Alive%20-%2003%20Number%2043.aiff" Remixer="" Tonality="4A" Label="" Mix="">
      <TEMPO Inizio="0.259" Bpm="99.98" Metro="4/4" Battito="1" />
      <TEMPO Inizio="17.063" Bpm="99.98" Metro="4/4" Battito="1" />
      <TEMPO Inizio="33.867" Bpm="99.98" Metro="4/4" Battito="1" />
      <TEMPO Inizio="50.671" Bpm="99.98" Metro="4/4" Battito="1" />
      <TEMPO Inizio="67.475" Bpm="99.98" Metro="4/4" Battito="1" />
      <TEMPO Inizio="84.279" Bpm="99.98" Metro="4/4" Battito="1" />
      <TEMPO Inizio="101.683" Bpm="99.98" Metro="4/4" Battito="2" />
      <TEMPO Inizio="118.487" Bpm="99.98" Metro="4/4" Battito="2" />
      <TEMPO Inizio="135.291" Bpm="99.98" Metro="4/4" Battito="2" />
      <TEMPO Inizio="152.095" Bpm="99.98" Metro="4/4" Battito="2" />
      <TEMPO Inizio="168.899" Bpm="99.98" Metro="4/4" Battito="2" />
      <TEMPO Inizio="185.703" Bpm="99.98" Metro="4/4" Battito="2" />
      <TEMPO Inizio="203.107" Bpm="99.98" Metro="4/4" Battito="3" />
      <TEMPO Inizio="219.911" Bpm="99.98" Metro="4/4" Battito="3" />
      <TEMPO Inizio="236.715" Bpm="99.98" Metro="4/4" Battito="3" />
      <TEMPO Inizio="253.519" Bpm="99.98" Metro="4/4" Battito="3" />
      <TEMPO Inizio="270.923" Bpm="99.98" Metro="4/4" Battito="4" />
      <TEMPO Inizio="287.727" Bpm="99.98" Metro="4/4" Battito="4" />
    </TRACK>
    <TRACK TrackID="201202714" Name="Eternized in Crystal" Artist="moonbooter" Composer="" Album="Still Alive" Grouping="" Genre="zzz" Kind="AIFF File" Size="84010744" TotalTime="475" DiscNumber="0" TrackNumber="4" Year="2014" AverageBpm="120.00" DateAdded="2022-05-15" BitRate="1411" SampleRate="44100" Comments="8B - 5" PlayCount="0" Rating="0" Location="file://localhost/Users/zachvp/Music/DJ/moonbooter%20-%20Still%20Alive%20-%2004%20Eternized%20in%20Crystal.aiff" Remixer="" Tonality="8B" Label="" Mix="">
      <TEMPO Inizio="0.003" Bpm="120.00" Metro="4/4" Battito="3" />
      <TEMPO Inizio="259.002" Bpm="120.00" Metro="4/4" Battito="1" />
    </TRACK>
    <TRACK TrackID="33394457" Name="Impact of Mind" Artist="moonbooter" Composer="" Album="Still Alive" Grouping="" Genre="House/Tech/Indie/Retro" Kind="AIFF File" Size="68757840" TotalTime="389" DiscNumber="0" TrackNumber="5" Year="2014" AverageBpm="121.99" DateAdded="2022-05-15" BitRate="1411" SampleRate="44100" Comments="4A - 5" PlayCount="1" Rating="0" Location="file://localhost/Users/zachvp/Music/DJ/moonbooter%20-%20Still%20Alive%20-%2005%20Impact%20of%20Mind.aiff" Remixer="" Tonality="4A" Label="" Mix="">
      <TEMPO Inizio="0.218" Bpm="121.99" Metro="4/4" Battito="1" />
      <POSITION_MARK Name="" Type="0" Start="193.009" Num="-1" />
      <POSITION_MARK Name="" Type="0" Start="208.741" Num="-1" />
    </TRACK>
    <TRACK TrackID="58129632" Name="Transition" Artist="moonbooter" Composer="" Album="Still Alive" Grouping="" Genre="zzz" Kind="AIFF File" Size="64581960" TotalTime="365" DiscNumber="0" TrackNumber="6" Year="2014" AverageBpm="126.80" DateAdded="2022-05-15" BitRate="1411" SampleRate="44100" Comments="8A - 2" PlayCount="0" Rating="0" Location="file://localhost/Users/zachvp/Music/DJ/moonbooter%20-%20Still%20Alive%20-%2006%20Transition.aiff" Remixer="" Tonality="8A" Label="" Mix="">
      <TEMPO Inizio="0.239" Bpm="126.80" Metro="4/4" Battito="2" />
      <TEMPO Inizio="4.025" Bpm="126.80" Metro="4/4" Battito="2" />
      <TEMPO Inizio="25.319" Bpm="126.80" Metro="4/4" Battito="3" />
      <TEMPO Inizio="49.452" Bpm="126.80" Metro="4/4" Battito="2" />
      <TEMPO Inizio="73.112" Bpm="126.80" Metro="4/4" Battito="4" />
      <TEMPO Inizio="97.245" Bpm="126.80" Metro="4/4" Battito="3" />
      <TEMPO Inizio="121.378" Bpm="126.80" Metro="4/4" Battito="2" />
      <TEMPO Inizio="140.306" Bpm="126.80" Metro="4/4" Battito="2" />
      <TEMPO Inizio="159.234" Bpm="126.80" Metro="4/4" Battito="2" />
      <TEMPO Inizio="183.367" Bpm="126.80" Metro="4/4" Battito="1" />
      <TEMPO Inizio="202.295" Bpm="126.80" Metro="4/4" Battito="1" />
      <TEMPO Inizio="221.223" Bpm="126.80" Metro="4/4" Battito="1" />
      <TEMPO Inizio="245.356" Bpm="126.80" Metro="4/4" Battito="4" />
      <TEMPO Inizio="269.016" Bpm="126.80" Metro="4/4" Battito="2" />
      <TEMPO Inizio="293.149" Bpm="126.80" Metro="4/4" Battito="1" />
      <TEMPO Inizio="312.077" Bpm="126.80" Metro="4/4" Battito="1" />
      <TEMPO Inizio="336.210" Bpm="126.80" Metro="4/4" Battito="4" />
      <TEMPO Inizio="355.138" Bpm="126.80" Metro="4/4" Battito="4" />
    </TRACK>
    <TRACK TrackID="202562174" Name="Still Alive" Artist="moonbooter" Composer="" Album="Still Alive" Grouping="" Genre="zzz" Kind="AIFF File" Size="84908326" TotalTime="480" DiscNumber="0" TrackNumber="7" Year="2014" AverageBpm="144.00" DateAdded="2022-05-15" BitRate="1411" SampleRate="44100" Comments="7A - 7" PlayCount="0" Rating="0" Location="file://localhost/Users/zachvp/Music/DJ/moonbooter%20-%20Still%20Alive%20-%2007%20Still%20Alive.aiff" Remixer="" Tonality="7A" Label="" Mix="">
      <TEMPO Inizio="0.077" Bpm="144.00" Metro="4/4" Battito="1" />
    </TRACK>
    <TRACK TrackID="205282490" Name="Automode" Artist="moonbooter" Composer="" Album="Still Alive" Grouping="" Genre="zzz" Kind="AIFF File" Size="79045352" TotalTime="447" DiscNumber="0" TrackNumber="8" Year="2014" AverageBpm="80.00" DateAdded="2022-05-15" BitRate="1411" SampleRate="44100" Comments="4A - 4" PlayCount="0" Rating="0" Location="file://localhost/Users/zachvp/Music/DJ/moonbooter%20-%20Still%20Alive%20-%2008%20Automode.aiff" Remixer="" Tonality="4A" Label="" Mix="">
      <TEMPO Inizio="0.150" Bpm="80.00" Metro="4/4" Battito="1" />
      <TEMPO Inizio="124.649" Bpm="80.00" Metro="4/4" Battito="3" />
      <TEMPO Inizio="125.400" Bpm="80.00" Metro="4/4" Battito="4" />
      <TEMPO Inizio="126.899" Bpm="80.00" Metro="4/4" Battito="2" />
      <TEMPO Inizio="128.400" Bpm="80.00" Metro="4/4" Battito="4" />
      <TEMPO Inizio="129.899" Bpm="80.00" Metro="4/4" Battito="2" />
      <TEMPO Inizio="131.400" Bpm="80.00" Metro="4/4" Battito="4" />
      <TEMPO Inizio="132.149" Bpm="80.00" Metro="4/4" Battito="1" />
      <TEMPO Inizio="274.648" Bpm="80.00" Metro="4/4" Battito="3" />
      <TEMPO Inizio="275.399" Bpm="80.00" Metro="4/4" Battito="4" />
      <TEMPO Inizio="276.898" Bpm="80.00" Metro="4/4" Battito="2" />
      <TEMPO Inizio="278.399" Bpm="80.00" Metro="4/4" Battito="4" />
      <TEMPO Inizio="279.898" Bpm="80.00" Metro="4/4" Battito="2" />
      <TEMPO Inizio="281.399" Bpm="80.00" Metro="4/4" Battito="4" />
      <TEMPO Inizio="282.148" Bpm="80.00" Metro="4/4" Battito="1" />
      <TEMPO Inizio="424.647" Bpm="80.00" Metro="4/4" Battito="3" />
      <TEMPO Inizio="425.398" Bpm="80.00" Metro="4/4" Battito="4" />
      <TEMPO Inizio="427.647" Bpm="80.00" Metro="4/4" Battito="3" />
      <TEMPO Inizio="428.398" Bpm="80.00" Metro="4/4" Battito="4" />
      <TEMPO Inizio="429.897" Bpm="80.00" Metro="4/4" Battito="2" />
      <TEMPO Inizio="431.398" Bpm="80.00" Metro="4/4" Battito="4" />
      <TEMPO Inizio="432.147" Bpm="80.00" Metro="4/4" Battito="1" />
    </TRACK>
    <TRACK TrackID="210238741" Name="Jobbet" Artist="Porn Sword Tobacco" Composer="" Album="Magnifik Botanik" Grouping="" Genre="House/Deep/Tech/Dubby" Kind="AIFF File" Size="159138786" TotalTime="550" DiscNumber="0" TrackNumber="3" Year="2015" AverageBpm="122.47" DateAdded="2022-05-15" BitRate="2304" SampleRate="48000" Comments="3A - 4" PlayCount="2" Rating="0" Location="file://localhost/Users/zachvp/Music/DJ/3Jobbet-Porn-Sword-Tobacco.aiff" Remixer="" Tonality="3A" Label="" Mix="">
      <TEMPO Inizio="0.287" Bpm="122.47" Metro="4/4" Battito="4" />
    </TRACK>
    <TRACK TrackID="214952963" Name="Forever Alone" Artist="Kris Davis" Composer="" Album="" Grouping="" Genre="House/Deep/Melodic" Kind="MP3 File" Size="13622213" TotalTime="340" DiscNumber="0" TrackNumber="0" Year="0" AverageBpm="120.17" DateAdded="2022-05-15" BitRate="320" SampleRate="44100" Comments="8A - 5" PlayCount="13" Rating="0" Location="file://localhost/Users/zachvp/Music/DJ/B1%20-%20Kris%20Davis%20-%20Forever%20Alone%20%5bMASTER%5d.mp3" Remixer="" Tonality="8A" Label="" Mix="">
      <TEMPO Inizio="0.028" Bpm="120.17" Metro="4/4" Battito="1" />
      <TEMPO Inizio="35.976" Bpm="120.17" Metro="4/4" Battito="1" />
      <TEMPO Inizio="66.931" Bpm="120.17" Metro="4/4" Battito="3" />
      <TEMPO Inizio="97.886" Bpm="120.17" Metro="4/4" Battito="1" />
      <TEMPO Inizio="128.841" Bpm="120.17" Metro="4/4" Battito="3" />
      <TEMPO Inizio="161.294" Bpm="120.17" Metro="4/4" Battito="4" />
      <TEMPO Inizio="185.259" Bpm="120.17" Metro="4/4" Battito="4" />
      <TEMPO Inizio="216.214" Bpm="120.17" Metro="4/4" Battito="2" />
      <TEMPO Inizio="248.667" Bpm="120.17" Metro="4/4" Battito="3" />
      <TEMPO Inizio="272.632" Bpm="120.17" Metro="4/4" Battito="3" />
      <TEMPO Inizio="303.587" Bpm="120.17" Metro="4/4" Battito="1" />
      <TEMPO Inizio="336.040" Bpm="120.17" Metro="4/4" Battito="2" />
      <POSITION_MARK Name="" Type="0" Start="256.026" Num="-1" />
    </TRACK>
    <TRACK TrackID="81663797" Name="Enkel Disko För Hand" Artist="Porn Sword Tobacco" Composer="" Album="Magnifik Botanik" Grouping="" Genre="House/Deep/Tech/Spacey" Kind="AIFF File" Size="120790684" TotalTime="417" DiscNumber="0" TrackNumber="5" Year="2015" AverageBpm="126.16" DateAdded="2022-05-15" BitRate="2304" SampleRate="48000" Comments="6A - 4" PlayCount="8" Rating="0" Location="file://localhost/Users/zachvp/Music/DJ/5Enkel-Disko-F%c3%b6r-Hand-Porn-Sword-Tobacco.aiff" Remixer="" Tonality="6A" Label="" Mix="">
      <TEMPO Inizio="0.023" Bpm="126.16" Metro="4/4" Battito="4" />
      <POSITION_MARK Name="" Type="0" Start="30.935" Num="-1" />
    </TRACK>
    <TRACK TrackID="109058700" Name="Magnifik Botanik" Artist="Porn Sword Tobacco" Composer="" Album="Magnifik Botanik" Grouping="" Genre="Lounge/Ambient" Kind="AIFF File" Size="161602074" TotalTime="559" DiscNumber="0" TrackNumber="1" Year="2015" AverageBpm="129.35" DateAdded="2022-05-15" BitRate="2304" SampleRate="48000" Comments="6B - 4" PlayCount="1" Rating="0" Location="file://localhost/Users/zachvp/Music/DJ/1Magnifik-Botanik-Porn-Sword-Tobacco.aiff" Remixer="" Tonality="6B" Label="" Mix="">
      <TEMPO Inizio="0.260" Bpm="129.35" Metro="4/4" Battito="1" />
    </TRACK>
    <TRACK TrackID="72924460" Name="House of Balloons, Glass Table Girls" Artist="The Weeknd" Composer="" Album="House of Balloons" Grouping="" Genre="Lounge/Indie" Kind="AIFF File" Size="71991332" TotalTime="407" DiscNumber="0" TrackNumber="3" Year="2011" AverageBpm="89.00" DateAdded="2022-05-15" BitRate="1411" SampleRate="44100" Comments="9A - 6" PlayCount="3" Rating="0" Location="file://localhost/Users/zachvp/Music/DJ/The%20Weeknd%20-%20House%20of%20Balloons%20-%20Glass%20Table%20Girls.aiff" Remixer="" Tonality="9A" Label="" Mix="">
      <TEMPO Inizio="0.076" Bpm="89.00" Metro="4/4" Battito="1" />
      <TEMPO Inizio="207.717" Bpm="89.00" Metro="4/4" Battito="1" />
      <POSITION_MARK Name="" Type="0" Start="204.966" Num="0" Red="40" Green="226" Blue="20" />
    </TRACK>
    <TRACK TrackID="7570980" Name="Haze (Original Mix)" Artist="Alberto Ruiz, Hugo Bianco" Composer="" Album="Haze EP" Grouping="" Genre="House/Tech/Groove" Kind="AIFF File" Size="66960342" TotalTime="379" DiscNumber="0" TrackNumber="1" Year="2014" AverageBpm="124.00" DateAdded="2022-05-15" BitRate="1411" SampleRate="44100" Comments="6A - 6" PlayCount="13" Rating="0" Location="file://localhost/Users/zachvp/Music/DJ/5700962_Haze_(Original_Mix).aiff" Remixer="" Tonality="6A" Label="Be One Records" Mix="">
      <TEMPO Inizio="0.001" Bpm="124.00" Metro="4/4" Battito="1" />
      <POSITION_MARK Name="" Type="0" Start="247.732" Num="-1" />
    </TRACK>
    <TRACK TrackID="265421339" Name="Let's Dance" Artist="David Bowie" Composer="" Album="Let's Dance (2018 Remaster)" Grouping="" Genre="Lounge/" Kind="AIFF File" Size="80946178" TotalTime="457" DiscNumber="0" TrackNumber="3" Year="2019" AverageBpm="115.22" DateAdded="2022-05-27" BitRate="1411" SampleRate="44100" Comments="3A - 7" PlayCount="2" Rating="0" Location="file://localhost/Users/zachvp/Music/DJ/3-David_Bowie_-_Let%27s_Dance.aif" Remixer="" Tonality="3A" Label="Parlophone UK" Mix="">
      <TEMPO Inizio="0.046" Bpm="115.22" Metro="4/4" Battito="1" />
    </TRACK>
    <TRACK TrackID="137356458" Name="Wet Glue" Artist="Michael Bibi" Composer="" Album="Youth Culture EP" Grouping="" Genre="House/Deep/Tech/" Kind="AIFF File" Size="68053550" TotalTime="385" DiscNumber="0" TrackNumber="2" Year="2018" AverageBpm="125.00" DateAdded="2022-05-27" BitRate="1411" SampleRate="44100" Comments="5A - 6" PlayCount="5" Rating="0" Location="file://localhost/Users/zachvp/Music/DJ/2-Michael_Bibi_-_Wet_Glue.aif" Remixer="" Tonality="5A" Label="Solid Grooves Raw" Mix="">
      <TEMPO Inizio="0.003" Bpm="125.00" Metro="4/4" Battito="1" />
      <TEMPO Inizio="175.682" Bpm="125.00" Metro="4/4" Battito="3" />
    </TRACK>
    <TRACK TrackID="42979874" Name="Dangerous" Artist="Kid Enigma" Composer="" Album="Defected In The House Croatia" Grouping="" Genre="House/Tech/Groove" Kind="AIFF File" Size="57417530" TotalTime="325" DiscNumber="0" TrackNumber="16" Year="2016" AverageBpm="124.00" DateAdded="2022-05-27" BitRate="1411" SampleRate="44100" Comments="6A - 5" PlayCount="3" Rating="0" Location="file://localhost/Users/zachvp/Music/DJ/16-Kid_Enigma_-_Dangerous.aif" Remixer="" Tonality="6A" Label="Defected" Mix="">
      <TEMPO Inizio="0.030" Bpm="124.00" Metro="4/4" Battito="1" />
    </TRACK>
    <TRACK TrackID="63514943" Name="Mesopotamia (1990 remix)" Artist="The B 52s" Composer="" Album="Nude On The Moon The B 52 s Anthology" Grouping="" Genre="Lounge/Indie" Kind="AIFF File" Size="40828808" TotalTime="230" DiscNumber="0" TrackNumber="13" Year="2015" AverageBpm="119.01" DateAdded="2022-06-19" BitRate="1411" SampleRate="44100" Comments="7A - 7" PlayCount="4" Rating="0" Location="file://localhost/Users/zachvp/Music/DJ/13-The_B-52%27s_-_Mesopotamia_(1990_remix).aif" Remixer="" Tonality="7A" Label="Rhino/Warner Bros" Mix="">
      <TEMPO Inizio="0.240" Bpm="119.01" Metro="4/4" Battito="2" />
      <TEMPO Inizio="23.432" Bpm="119.01" Metro="4/4" Battito="4" />
      <TEMPO Inizio="43.599" Bpm="119.01" Metro="4/4" Battito="4" />
      <TEMPO Inizio="63.766" Bpm="119.01" Metro="4/4" Battito="4" />
      <TEMPO Inizio="80.908" Bpm="119.01" Metro="4/4" Battito="2" />
      <TEMPO Inizio="101.075" Bpm="119.01" Metro="4/4" Battito="2" />
      <TEMPO Inizio="124.267" Bpm="119.01" Metro="4/4" Battito="4" />
      <TEMPO Inizio="144.434" Bpm="119.01" Metro="4/4" Battito="4" />
      <TEMPO Inizio="167.626" Bpm="119.01" Metro="4/4" Battito="2" />
      <TEMPO Inizio="187.793" Bpm="119.01" Metro="4/4" Battito="2" />
      <TEMPO Inizio="207.960" Bpm="119.01" Metro="4/4" Battito="2" />
      <TEMPO Inizio="225.102" Bpm="119.01" Metro="4/4" Battito="4" />
    </TRACK>
    <TRACK TrackID="145472685" Name="Fantasy (Remix feat ODB)" Artist="Mariah Carey" Composer="" Album="The Definitive Ol' Dirty Bastard Story" Grouping="" Genre="Lounge/" Kind="AIFF File" Size="49304632" TotalTime="278" DiscNumber="0" TrackNumber="15" Year="2011" AverageBpm="102.62" DateAdded="2022-06-19" BitRate="1411" SampleRate="44100" Comments="9A - 8" PlayCount="1" Rating="0" Location="file://localhost/Users/zachvp/Music/DJ/15-Ol%27_Dirty_Bastard_-_Fantasy_(feat_ODB_-_remix_Mariah_Carey).aif" Remixer="" Tonality="9A" Label="Rhino/Elektra" Mix="">
      <TEMPO Inizio="0.503" Bpm="102.62" Metro="4/4" Battito="3" />
      <POSITION_MARK Name="" Type="0" Start="44.361" Num="-1" />
      <POSITION_MARK Name="" Type="0" Start="177.073" Num="-1" />
    </TRACK>
    <TRACK TrackID="54404332" Name="Cada Vez (Grant Nelson vocal remix)" Artist="Negrocan" Composer="" Album="Cada Vez: Ultimate Mix Collection" Grouping="" Genre="House/Tech/Organic" Kind="AIFF File" Size="79695076" TotalTime="450" DiscNumber="0" TrackNumber="3" Year="2015" AverageBpm="124.99" DateAdded="2022-06-19" BitRate="1411" SampleRate="44100" Comments="5A - 6" PlayCount="6" Rating="0" Location="file://localhost/Users/zachvp/Music/DJ/3-Negrocan_-_Cada_Vez_(Grant_Nelson_vocal_remix).aif" Remixer="" Tonality="5A" Label="Viceroy Music" Mix="">
      <TEMPO Inizio="0.089" Bpm="124.99" Metro="4/4" Battito="2" />
      <TEMPO Inizio="6.330" Bpm="124.99" Metro="4/4" Battito="3" />
      <TEMPO Inizio="36.093" Bpm="124.99" Metro="4/4" Battito="1" />
      <TEMPO Inizio="66.336" Bpm="124.99" Metro="4/4" Battito="4" />
      <TEMPO Inizio="96.099" Bpm="124.99" Metro="4/4" Battito="2" />
      <TEMPO Inizio="125.862" Bpm="124.99" Metro="4/4" Battito="4" />
      <TEMPO Inizio="156.105" Bpm="124.99" Metro="4/4" Battito="3" />
      <TEMPO Inizio="185.868" Bpm="124.99" Metro="4/4" Battito="1" />
      <TEMPO Inizio="216.111" Bpm="124.99" Metro="4/4" Battito="4" />
      <TEMPO Inizio="245.874" Bpm="124.99" Metro="4/4" Battito="2" />
      <TEMPO Inizio="275.637" Bpm="124.99" Metro="4/4" Battito="4" />
      <TEMPO Inizio="305.880" Bpm="124.99" Metro="4/4" Battito="3" />
      <TEMPO Inizio="336.603" Bpm="124.99" Metro="4/4" Battito="3" />
      <TEMPO Inizio="366.366" Bpm="124.99" Metro="4/4" Battito="1" />
      <TEMPO Inizio="396.609" Bpm="124.99" Metro="4/4" Battito="4" />
      <TEMPO Inizio="426.372" Bpm="124.99" Metro="4/4" Battito="2" />
      <POSITION_MARK Name="" Type="0" Start="1.999" Num="-1" />
      <POSITION_MARK Name="" Type="0" Start="262.672" Num="-1" />
      <POSITION_MARK Name="" Type="0" Start="324.126" Num="-1" />
      <POSITION_MARK Name="" Type="0" Start="385.583" Num="-1" />
      <POSITION_MARK Name="" Type="0" Start="47.611" Num="-1" />
    </TRACK>
    <TRACK TrackID="210380146" Name="Billie Jean (Magnums extended mix)" Artist="Michael Jackson" Composer="" Album="" Grouping="" Genre="Lounge/Indie" Kind="AIFF File" Size="104775512" TotalTime="593" DiscNumber="0" TrackNumber="0" Year="2022" AverageBpm="117.48" DateAdded="2022-06-19" BitRate="2116" SampleRate="44100" Comments="11A - 6" PlayCount="1" Rating="0" Location="file://localhost/Users/zachvp/Music/DJ/magnum71mixes%20-%20Michael%20Jackson%20-%20Billie%20Jean%20-magnums%20extended%20mix-.aiff" Remixer="" Tonality="11A" Label="" Mix="">
      <TEMPO Inizio="0.306" Bpm="117.48" Metro="4/4" Battito="4" />
    </TRACK>
    <TRACK TrackID="262614937" Name="Grounded" Artist="Terranova" Composer="" Album="Digital Tenderness" Grouping="" Genre="Lounge/Indie" Kind="AIFF File" Size="68149624" TotalTime="255" DiscNumber="1" TrackNumber="1" Year="2004" AverageBpm="121.00" DateAdded="2022-07-25" BitRate="1411" SampleRate="44100" Comments="7A - 7" PlayCount="6" Rating="0" Location="file://localhost/Users/zachvp/Music/DJ/Terranova%20-%2001%20Grounded.aiff" Remixer="" Tonality="7A" Label="" Mix="">
      <TEMPO Inizio="0.006" Bpm="121.00" Metro="4/4" Battito="1" />
    </TRACK>
    <TRACK TrackID="247462045" Name="vocals - out of my mind" Artist="Bingo Players" Composer="" Album="Out Of My Mind" Grouping="" Genre="Samples" Kind="AIFF File" Size="11883114" TotalTime="44" DiscNumber="0" TrackNumber="1" Year="2012" AverageBpm="0.00" DateAdded="2022-07-25" BitRate="2116" SampleRate="44100" Comments="2A - 4" PlayCount="0" Rating="0" Location="file://localhost/Users/zachvp/Music/DJ/vocals%20-%20out%20of%20my%20mind.aiff" Remixer="" Tonality="2A" Label="" Mix="" />
    <TRACK TrackID="29133072" Name="State Trooper" Artist="Bruce Springsteen" Composer="B. Springsteen" Album="Nebraska" Grouping="" Genre="Lounge/Acoustic" Kind="AIFF File" Size="34764833" TotalTime="197" DiscNumber="1" TrackNumber="6" Year="1982" AverageBpm="121.65" DateAdded="2022-07-25" BitRate="1411" SampleRate="44100" Comments="8A - 3" PlayCount="2" Rating="0" Location="file://localhost/Users/zachvp/Music/DJ/06%20State%20Trooper.aif" Remixer="" Tonality="8A" Label="" Mix="">
      <TEMPO Inizio="0.217" Bpm="121.65" Metro="4/4" Battito="3" />
      <TEMPO Inizio="1.204" Bpm="121.65" Metro="4/4" Battito="1" />
      <TEMPO Inizio="40.662" Bpm="121.65" Metro="4/4" Battito="1" />
      <TEMPO Inizio="91.464" Bpm="121.65" Metro="4/4" Battito="4" />
      <TEMPO Inizio="142.266" Bpm="121.65" Metro="4/4" Battito="3" />
      <TEMPO Inizio="193.068" Bpm="121.65" Metro="4/4" Battito="2" />
    </TRACK>
    <TRACK TrackID="136459994" Name="Clint Eastwood" Artist="Gorillaz" Composer="" Album="The Singles Collection 2001-2011" Grouping="" Genre="Lounge/Indie" Kind="AIFF File" Size="91994084" TotalTime="340" DiscNumber="1" TrackNumber="2" Year="2014" AverageBpm="168.02" DateAdded="2022-07-25" BitRate="2116" SampleRate="44100" Comments="2A - 5" PlayCount="0" Rating="0" Location="file://localhost/Users/zachvp/Music/DJ/02%20-%20Clint%20Eastwood.aiff" Remixer="" Tonality="2A" Label="" Mix="">
      <TEMPO Inizio="0.278" Bpm="168.02" Metro="4/4" Battito="3" />
      <TEMPO Inizio="85.981" Bpm="168.02" Metro="4/4" Battito="3" />
      <TEMPO Inizio="153.829" Bpm="168.02" Metro="4/4" Battito="1" />
      <TEMPO Inizio="225.605" Bpm="168.02" Metro="4/4" Battito="2" />
      <TEMPO Inizio="289.882" Bpm="168.02" Metro="4/4" Battito="2" />
    </TRACK>
    <TRACK TrackID="27652301" Name="Kids with Guns" Artist="Gorillaz" Composer="" Album="The Singles Collection 2001-2011" Grouping="" Genre="Lounge/Indie" Kind="AIFF File" Size="61526276" TotalTime="225" DiscNumber="1" TrackNumber="8" Year="2014" AverageBpm="106.27" DateAdded="2022-07-25" BitRate="2116" SampleRate="44100" Comments="10A - 6" PlayCount="0" Rating="0" Location="file://localhost/Users/zachvp/Music/DJ/08%20-%20Kids%20with%20Guns.aiff" Remixer="" Tonality="10A" Label="" Mix="">
      <TEMPO Inizio="0.346" Bpm="106.27" Metro="4/4" Battito="1" />
    </TRACK>
    <TRACK TrackID="195557276" Name="19-2000 (Soulchild Remix)" Artist="Gorillaz" Composer="" Album="The Singles Collection 2001-2011" Grouping="" Genre="Lounge/Indie" Kind="AIFF File" Size="57190376" TotalTime="209" DiscNumber="1" TrackNumber="15" Year="2014" AverageBpm="102.00" DateAdded="2022-07-25" BitRate="2116" SampleRate="44100" Comments="6A - 7" PlayCount="1" Rating="0" Location="file://localhost/Users/zachvp/Music/DJ/15%20-%2019-2000%20(Soulchild%20Remix).aiff" Remixer="" Tonality="6A" Label="" Mix="">
      <TEMPO Inizio="0.343" Bpm="102.00" Metro="4/4" Battito="3" />
      <TEMPO Inizio="1.520" Bpm="102.00" Metro="4/4" Battito="1" />
      <TEMPO Inizio="121.519" Bpm="102.00" Metro="4/4" Battito="1" />
    </TRACK>
    <TRACK TrackID="120749359" Name="Just a Touch of Love" Artist="Slave" Composer="Adams, Arrington, Hicks, Lockett, Turner, Webster, Young" Album="Just A Touch Of Love" Grouping="" Genre="Lounge/" Kind="AIFF File" Size="105012526" TotalTime="392" DiscNumber="1" TrackNumber="1" Year="2014" AverageBpm="109.07" DateAdded="2022-07-25" BitRate="2116" SampleRate="44100" Comments="8A - 7" PlayCount="2" Rating="0" Location="file://localhost/Users/zachvp/Music/DJ/01%20-%20Just%20a%20Touch%20of%20Love.aiff" Remixer="" Tonality="8A" Label="" Mix="">
      <TEMPO Inizio="0.241" Bpm="109.07" Metro="4/4" Battito="3" />
      <TEMPO Inizio="1.342" Bpm="109.07" Metro="4/4" Battito="1" />
      <TEMPO Inizio="116.313" Bpm="109.07" Metro="4/4" Battito="2" />
      <TEMPO Inizio="241.736" Bpm="109.07" Metro="4/4" Battito="2" />
      <TEMPO Inizio="367.159" Bpm="109.07" Metro="4/4" Battito="2" />
      <POSITION_MARK Name="" Type="0" Start="0.573" Num="-1" />
    </TRACK>
    <TRACK TrackID="173091716" Name="Kids with Guns (Hot Chip Remix)" Artist="Gorillaz" Composer="" Album="D-Sides" Grouping="" Genre="Lounge/Indie" Kind="AIFF File" Size="114576156" TotalTime="429" DiscNumber="1" TrackNumber="18" Year="2016" AverageBpm="113.99" DateAdded="2022-07-25" BitRate="2116" SampleRate="44100" Comments="10A - 6" PlayCount="0" Rating="0" Location="file://localhost/Users/zachvp/Music/DJ/18%20-%20Kids%20with%20Guns%20(Hot%20Chip%20Remix).aiff" Remixer="" Tonality="10A" Label="" Mix="">
      <TEMPO Inizio="0.161" Bpm="113.99" Metro="4/4" Battito="1" />
      <TEMPO Inizio="24.899" Bpm="113.99" Metro="4/4" Battito="4" />
      <TEMPO Inizio="49.637" Bpm="113.99" Metro="4/4" Battito="3" />
      <TEMPO Inizio="81.744" Bpm="113.99" Metro="4/4" Battito="4" />
      <TEMPO Inizio="106.482" Bpm="113.99" Metro="4/4" Battito="3" />
      <TEMPO Inizio="131.220" Bpm="113.99" Metro="4/4" Battito="2" />
      <TEMPO Inizio="155.958" Bpm="113.99" Metro="4/4" Battito="1" />
      <TEMPO Inizio="188.065" Bpm="113.99" Metro="4/4" Battito="2" />
      <TEMPO Inizio="212.803" Bpm="113.99" Metro="4/4" Battito="1" />
      <TEMPO Inizio="237.541" Bpm="113.99" Metro="4/4" Battito="4" />
      <TEMPO Inizio="262.279" Bpm="113.99" Metro="4/4" Battito="3" />
      <TEMPO Inizio="294.386" Bpm="113.99" Metro="4/4" Battito="4" />
      <TEMPO Inizio="319.124" Bpm="113.99" Metro="4/4" Battito="3" />
      <TEMPO Inizio="343.862" Bpm="113.99" Metro="4/4" Battito="2" />
      <TEMPO Inizio="375.969" Bpm="113.99" Metro="4/4" Battito="3" />
      <TEMPO Inizio="400.707" Bpm="113.99" Metro="4/4" Battito="2" />
      <TEMPO Inizio="425.445" Bpm="113.99" Metro="4/4" Battito="1" />
    </TRACK>
    <TRACK TrackID="204746744" Name="Ground of Original Nature" Artist="Terranova" Composer="" Album="Digital Tenderness" Grouping="" Genre="Lounge/Indie" Kind="AIFF File" Size="64349734" TotalTime="241" DiscNumber="1" TrackNumber="12" Year="2004" AverageBpm="104.81" DateAdded="2022-07-25" BitRate="1411" SampleRate="44100" Comments="7A - 5" PlayCount="0" Rating="0" Location="file://localhost/Users/zachvp/Music/DJ/Terranova%20-%2012%20Ground%20of%20Original%20Nature.aiff" Remixer="" Tonality="7A" Label="" Mix="" />
    <TRACK TrackID="22302909" Name="Stylo (feat. Mos Def and Bobby Womack)" Artist="Gorillaz" Composer="" Album="The Singles Collection 2001-2011" Grouping="" Genre="Lounge/Indie" Kind="AIFF File" Size="63547844" TotalTime="233" DiscNumber="1" TrackNumber="10" Year="2014" AverageBpm="100.21" DateAdded="2022-07-25" BitRate="1411" SampleRate="44100" Comments="5A - 6" PlayCount="1" Rating="0" Location="file://localhost/Users/zachvp/Music/DJ/10%20-%20Stylo%20(feat%20%20Mos%20Def%20and%20Bobby%20Womack).aiff" Remixer="" Tonality="5A" Label="" Mix="">
      <TEMPO Inizio="0.066" Bpm="100.21" Metro="4/4" Battito="1" />
    </TRACK>
    <TRACK TrackID="35893377" Name="DARE (Junior Sanchez Remix)" Artist="Gorillaz" Composer="" Album="D-Sides" Grouping="" Genre="zzz" Kind="AIFF File" Size="87244736" TotalTime="326" DiscNumber="1" TrackNumber="20" Year="2016" AverageBpm="120.00" DateAdded="2022-07-25" BitRate="2116" SampleRate="44100" Comments="6A - 7" PlayCount="0" Rating="0" Location="file://localhost/Users/zachvp/Music/DJ/20%20-%20DARE%20(Junior%20Sanchez%20Remix).aiff" Remixer="" Tonality="6A" Label="" Mix="">
      <TEMPO Inizio="0.089" Bpm="120.00" Metro="4/4" Battito="1" />
      <TEMPO Inizio="318.590" Bpm="120.00" Metro="4/4" Battito="2" />
      <TEMPO Inizio="319.089" Bpm="120.00" Metro="4/4" Battito="3" />
      <TEMPO Inizio="319.590" Bpm="120.00" Metro="4/4" Battito="4" />
      <TEMPO Inizio="320.089" Bpm="120.00" Metro="4/4" Battito="1" />
      <TEMPO Inizio="320.590" Bpm="120.00" Metro="4/4" Battito="2" />
      <TEMPO Inizio="321.089" Bpm="120.00" Metro="4/4" Battito="3" />
      <TEMPO Inizio="321.590" Bpm="120.00" Metro="4/4" Battito="4" />
      <TEMPO Inizio="322.089" Bpm="120.00" Metro="4/4" Battito="1" />
      <TEMPO Inizio="322.590" Bpm="120.00" Metro="4/4" Battito="2" />
      <TEMPO Inizio="323.089" Bpm="120.00" Metro="4/4" Battito="3" />
      <TEMPO Inizio="323.590" Bpm="120.00" Metro="4/4" Battito="4" />
      <TEMPO Inizio="324.089" Bpm="120.00" Metro="4/4" Battito="1" />
      <TEMPO Inizio="324.590" Bpm="120.00" Metro="4/4" Battito="2" />
      <TEMPO Inizio="325.089" Bpm="120.00" Metro="4/4" Battito="3" />
      <TEMPO Inizio="325.590" Bpm="120.00" Metro="4/4" Battito="4" />
    </TRACK>
    <TRACK TrackID="74942189" Name="Doncamatic (feat. Daley)" Artist="Gorillaz" Composer="" Album="The Singles Collection 2001-2011" Grouping="" Genre="Lounge/Indie" Kind="AIFF File" Size="55253502" TotalTime="202" DiscNumber="1" TrackNumber="13" Year="2014" AverageBpm="124.00" DateAdded="2022-07-25" BitRate="1411" SampleRate="44100" Comments="10A - 8" PlayCount="1" Rating="0" Location="file://localhost/Users/zachvp/Music/DJ/13%20-%20Doncamatic%20(feat%20%20Daley).aiff" Remixer="" Tonality="10A" Label="" Mix="">
      <TEMPO Inizio="0.280" Bpm="124.00" Metro="4/4" Battito="4" />
      <POSITION_MARK Name="" Type="0" Start="0.963" Num="-1" />
    </TRACK>
    <TRACK TrackID="26710129" Name="Feel Good Inc." Artist="Gorillaz" Composer="David Jolicoeur" Album="The Singles Collection 2001-2011" Grouping="" Genre="Lounge/Indie" Kind="AIFF File" Size="60697228" TotalTime="222" DiscNumber="1" TrackNumber="5" Year="2014" AverageBpm="138.52" DateAdded="2022-07-25" BitRate="2116" SampleRate="44100" Comments="2A - 7" PlayCount="0" Rating="0" Location="file://localhost/Users/zachvp/Music/DJ/05%20-%20Feel%20Good%20Inc.aiff" Remixer="" Tonality="2A" Label="" Mix="">
      <TEMPO Inizio="0.007" Bpm="138.52" Metro="4/4" Battito="1" />
      <TEMPO Inizio="0.874" Bpm="138.52" Metro="4/4" Battito="3" />
      <TEMPO Inizio="35.525" Bpm="138.52" Metro="4/4" Battito="3" />
      <TEMPO Inizio="70.176" Bpm="138.52" Metro="4/4" Battito="3" />
      <TEMPO Inizio="107.859" Bpm="138.52" Metro="4/4" Battito="2" />
      <TEMPO Inizio="148.574" Bpm="138.52" Metro="4/4" Battito="4" />
      <TEMPO Inizio="186.257" Bpm="138.52" Metro="4/4" Battito="3" />
    </TRACK>
    <TRACK TrackID="23210349" Name="On Melancholy Hill" Artist="Gorillaz" Composer="" Album="The Singles Collection 2001-2011" Grouping="" Genre="Lounge/Indie" Kind="AIFF File" Size="57028080" TotalTime="208" DiscNumber="1" TrackNumber="12" Year="2014" AverageBpm="120.41" DateAdded="2022-07-25" BitRate="2116" SampleRate="44100" Comments="10B - 7" PlayCount="0" Rating="0" Location="file://localhost/Users/zachvp/Music/DJ/12%20-%20On%20Melancholy%20Hill.aiff" Remixer="" Tonality="10B" Label="" Mix="">
      <TEMPO Inizio="0.464" Bpm="120.41" Metro="4/4" Battito="1" />
      <TEMPO Inizio="2.956" Bpm="120.41" Metro="4/4" Battito="2" />
      <TEMPO Inizio="57.271" Bpm="120.41" Metro="4/4" Battito="3" />
      <TEMPO Inizio="111.586" Bpm="120.41" Metro="4/4" Battito="4" />
      <TEMPO Inizio="160.918" Bpm="120.41" Metro="4/4" Battito="3" />
    </TRACK>
    <TRACK TrackID="121851179" Name="Superfast Jellyfish (feat. Gruff Rhys and De La Soul)" Artist="Gorillaz" Composer="" Album="The Singles Collection 2001-2011" Grouping="" Genre="Lounge/Indie" Kind="AIFF File" Size="48056412" TotalTime="174" DiscNumber="1" TrackNumber="11" Year="2014" AverageBpm="80.77" DateAdded="2022-07-25" BitRate="2116" SampleRate="44100" Comments="9B - 7" PlayCount="0" Rating="0" Location="file://localhost/Users/zachvp/Music/DJ/11%20-%20Superfast%20Jellyfish%20(feat%20%20Gruff%20Rhys%20and%20De%20La%20Soul).aiff" Remixer="" Tonality="9B" Label="" Mix="">
      <TEMPO Inizio="0.633" Bpm="80.77" Metro="4/4" Battito="4" />
    </TRACK>
    <TRACK TrackID="221009351" Name="El Mañana" Artist="Gorillaz" Composer="" Album="The Singles Collection 2001-2011" Grouping="" Genre="Lounge/Indie" Kind="AIFF File" Size="64359256" TotalTime="236" DiscNumber="1" TrackNumber="9" Year="2014" AverageBpm="132.49" DateAdded="2022-07-25" BitRate="1411" SampleRate="44100" Comments="8A - 7" PlayCount="1" Rating="0" Location="file://localhost/Users/zachvp/Music/DJ/09%20-%20El%20Ma%c3%b1ana.aiff" Remixer="" Tonality="8A" Label="" Mix="">
      <TEMPO Inizio="0.208" Bpm="132.49" Metro="4/4" Battito="3" />
    </TRACK>
    <TRACK TrackID="228468213" Name="Hongkongaton" Artist="Gorillaz" Composer="" Album="D-Sides" Grouping="" Genre="Lounge/Indie" Kind="AIFF File" Size="57390784" TotalTime="213" DiscNumber="1" TrackNumber="3" Year="2016" AverageBpm="144.00" DateAdded="2022-07-25" BitRate="2116" SampleRate="44100" Comments="8A - 6" PlayCount="2" Rating="0" Location="file://localhost/Users/zachvp/Music/DJ/03%20-%20Hongkongaton.aiff" Remixer="" Tonality="8A" Label="" Mix="">
      <TEMPO Inizio="0.159" Bpm="144.00" Metro="4/4" Battito="2" />
    </TRACK>
    <TRACK TrackID="141555756" Name="Dirty Harry" Artist="Gorillaz" Composer="" Album="The Singles Collection 2001-2011" Grouping="" Genre="Lounge/Indie" Kind="AIFF File" Size="62915464" TotalTime="231" DiscNumber="1" TrackNumber="7" Year="2014" AverageBpm="96.19" DateAdded="2022-07-25" BitRate="1411" SampleRate="44100" Comments="3A - 6" PlayCount="1" Rating="0" Location="file://localhost/Users/zachvp/Music/DJ/07%20-%20Dirty%20Harry.aiff" Remixer="" Tonality="3A" Label="" Mix="">
      <TEMPO Inizio="0.489" Bpm="96.19" Metro="4/4" Battito="2" />
    </TRACK>
    <TRACK TrackID="6524196" Name="Vildvuxen Galax w/ SVN" Artist="Porn Sword Tobacco" Composer="" Album="Magnifik Botanik" Grouping="" Genre="House/Deep/Tech/Dubby" Kind="AIFF File" Size="165398832" TotalTime="572" DiscNumber="0" TrackNumber="2" Year="2015" AverageBpm="123.39" DateAdded="2022-07-25" BitRate="2304" SampleRate="48000" Comments="6A - 4" PlayCount="0" Rating="0" Location="file://localhost/Users/zachvp/Music/DJ/2Vildvuxen-Galax-Porn-Sword-Tobacco-SVN.aiff" Remixer="" Tonality="6A" Label="" Mix="">
      <TEMPO Inizio="0.110" Bpm="123.39" Metro="4/4" Battito="4" />
      <TEMPO Inizio="29.771" Bpm="123.39" Metro="4/4" Battito="1" />
      <TEMPO Inizio="59.918" Bpm="123.39" Metro="4/4" Battito="3" />
      <TEMPO Inizio="89.579" Bpm="123.39" Metro="4/4" Battito="4" />
      <TEMPO Inizio="119.240" Bpm="123.39" Metro="4/4" Battito="1" />
      <TEMPO Inizio="148.901" Bpm="123.39" Metro="4/4" Battito="2" />
      <TEMPO Inizio="178.562" Bpm="123.39" Metro="4/4" Battito="3" />
      <TEMPO Inizio="208.223" Bpm="123.39" Metro="4/4" Battito="4" />
      <TEMPO Inizio="237.884" Bpm="123.39" Metro="4/4" Battito="1" />
      <TEMPO Inizio="267.545" Bpm="123.39" Metro="4/4" Battito="2" />
      <TEMPO Inizio="297.206" Bpm="123.39" Metro="4/4" Battito="3" />
      <TEMPO Inizio="326.867" Bpm="123.39" Metro="4/4" Battito="4" />
      <TEMPO Inizio="356.528" Bpm="123.39" Metro="4/4" Battito="1" />
      <TEMPO Inizio="386.189" Bpm="123.39" Metro="4/4" Battito="2" />
      <TEMPO Inizio="416.336" Bpm="123.39" Metro="4/4" Battito="4" />
      <TEMPO Inizio="445.997" Bpm="123.39" Metro="4/4" Battito="1" />
      <TEMPO Inizio="475.658" Bpm="123.39" Metro="4/4" Battito="2" />
      <TEMPO Inizio="505.319" Bpm="123.39" Metro="4/4" Battito="3" />
      <TEMPO Inizio="534.980" Bpm="123.39" Metro="4/4" Battito="4" />
      <TEMPO Inizio="564.641" Bpm="123.39" Metro="4/4" Battito="1" />
    </TRACK>
    <TRACK TrackID="265263362" Name="Starvue" Artist="Starvue" Composer="" Album="STARVUE - Upward Bound (1980)" Grouping="" Genre="zzz" Kind="AIFF File" Size="27434386" TotalTime="154" DiscNumber="0" TrackNumber="4" Year="0" AverageBpm="133.72" DateAdded="2022-07-25" BitRate="2116" SampleRate="44100" Comments="9A - 7" PlayCount="0" Rating="0" Location="file://localhost/Users/zachvp/Music/DJ/Everland%20Music%20-%20STARVUE%20-%20Upward%20Bound%20(1980)%20-%2004%20Starvue.aiff" Remixer="" Tonality="9A" Label="" Mix="">
      <TEMPO Inizio="0.323" Bpm="133.72" Metro="4/4" Battito="1" />
    </TRACK>
    <TRACK TrackID="238071345" Name="(Tiger) Dance" Artist="Top Secret Robot Alliance" Composer="" Album="God's Gift II Dance" Grouping="" Genre="House/Tech/Indie/" Kind="AIFF File" Size="35891184" TotalTime="203" DiscNumber="0" TrackNumber="3" Year="0" AverageBpm="92.46" DateAdded="2022-07-25" BitRate="1411" SampleRate="44100" Comments="9A - 7" PlayCount="1" Rating="0" Location="file://localhost/Users/zachvp/Music/DJ/Top%20Secret%20Robot%20Alliance%20-%20(Tiger)%20Dance.aiff" Remixer="" Tonality="9A" Label="" Mix="">
      <TEMPO Inizio="0.508" Bpm="92.46" Metro="4/4" Battito="4" />
    </TRACK>
    <TRACK TrackID="198930475" Name="You And Me" Artist="Starvue" Composer="" Album="STARVUE - Upward Bound (1980)" Grouping="" Genre="zzz" Kind="AIFF File" Size="59397336" TotalTime="335" DiscNumber="0" TrackNumber="7" Year="0" AverageBpm="129.57" DateAdded="2022-07-25" BitRate="2116" SampleRate="44100" Comments="12A - 7" PlayCount="0" Rating="0" Location="file://localhost/Users/zachvp/Music/DJ/Everland%20Music%20-%20STARVUE%20-%20Upward%20Bound%20(1980)%20-%2007%20You%20And%20Me.aiff" Remixer="" Tonality="12A" Label="" Mix="">
      <TEMPO Inizio="0.397" Bpm="129.57" Metro="4/4" Battito="1" />
      <TEMPO Inizio="1.787" Bpm="129.57" Metro="4/4" Battito="4" />
      <TEMPO Inizio="35.590" Bpm="129.57" Metro="4/4" Battito="1" />
      <TEMPO Inizio="69.393" Bpm="129.57" Metro="4/4" Battito="2" />
      <TEMPO Inizio="104.585" Bpm="129.57" Metro="4/4" Battito="2" />
      <TEMPO Inizio="138.388" Bpm="129.57" Metro="4/4" Battito="3" />
      <TEMPO Inizio="172.191" Bpm="129.57" Metro="4/4" Battito="4" />
      <TEMPO Inizio="206.920" Bpm="129.57" Metro="4/4" Battito="3" />
      <TEMPO Inizio="241.186" Bpm="129.57" Metro="4/4" Battito="1" />
      <TEMPO Inizio="274.989" Bpm="129.57" Metro="4/4" Battito="2" />
      <TEMPO Inizio="309.718" Bpm="129.57" Metro="4/4" Battito="1" />
    </TRACK>
    <TRACK TrackID="239864276" Name="Love Struck" Artist="Starvue" Composer="" Album="STARVUE - Upward Bound (1980)" Grouping="" Genre="House/Tech/Indie/Disco" Kind="AIFF File" Size="51204294" TotalTime="289" DiscNumber="0" TrackNumber="6" Year="0" AverageBpm="122.11" DateAdded="2022-07-25" BitRate="2116" SampleRate="44100" Comments="9A - 5" PlayCount="0" Rating="0" Location="file://localhost/Users/zachvp/Music/DJ/Everland%20Music%20-%20STARVUE%20-%20Upward%20Bound%20(1980)%20-%2006%20Love%20Struck.aiff" Remixer="" Tonality="9A" Label="" Mix="">
      <TEMPO Inizio="0.294" Bpm="122.11" Metro="4/4" Battito="1" />
      <TEMPO Inizio="14.544" Bpm="122.11" Metro="4/4" Battito="2" />
      <TEMPO Inizio="34.199" Bpm="122.11" Metro="4/4" Battito="2" />
      <TEMPO Inizio="52.380" Bpm="122.11" Metro="4/4" Battito="3" />
      <TEMPO Inizio="70.561" Bpm="122.11" Metro="4/4" Battito="4" />
      <TEMPO Inizio="90.216" Bpm="122.11" Metro="4/4" Battito="4" />
      <TEMPO Inizio="104.466" Bpm="122.11" Metro="4/4" Battito="1" />
      <TEMPO Inizio="124.121" Bpm="122.11" Metro="4/4" Battito="1" />
      <TEMPO Inizio="142.302" Bpm="122.11" Metro="4/4" Battito="2" />
      <TEMPO Inizio="160.483" Bpm="122.11" Metro="4/4" Battito="3" />
      <TEMPO Inizio="180.138" Bpm="122.11" Metro="4/4" Battito="3" />
      <TEMPO Inizio="194.388" Bpm="122.11" Metro="4/4" Battito="4" />
      <TEMPO Inizio="214.043" Bpm="122.11" Metro="4/4" Battito="4" />
      <TEMPO Inizio="228.293" Bpm="122.11" Metro="4/4" Battito="1" />
      <TEMPO Inizio="246.474" Bpm="122.11" Metro="4/4" Battito="2" />
      <TEMPO Inizio="266.129" Bpm="122.11" Metro="4/4" Battito="2" />
      <TEMPO Inizio="284.310" Bpm="122.11" Metro="4/4" Battito="3" />
    </TRACK>
    <TRACK TrackID="140537535" Name="Put The BS Aside" Artist="Starvue" Composer="" Album="STARVUE - Upward Bound (1980)" Grouping="" Genre="zzz" Kind="AIFF File" Size="49848232" TotalTime="281" DiscNumber="0" TrackNumber="5" Year="0" AverageBpm="103.10" DateAdded="2022-07-25" BitRate="1411" SampleRate="44100" Comments="5A - 4" PlayCount="0" Rating="0" Location="file://localhost/Users/zachvp/Music/DJ/Everland%20Music%20-%20STARVUE%20-%20Upward%20Bound%20(1980)%20-%2005%20Put%20The%20BS%20Aside.aiff" Remixer="" Tonality="5A" Label="" Mix="">
      <TEMPO Inizio="0.405" Bpm="103.10" Metro="4/4" Battito="1" />
    </TRACK>
    <TRACK TrackID="265029158" Name="Body Fusion" Artist="Starvue" Composer="" Album="STARVUE - Upward Bound (1980)" Grouping="" Genre="Lounge/" Kind="AIFF File" Size="61545746" TotalTime="348" DiscNumber="0" TrackNumber="3" Year="0" AverageBpm="80.48" DateAdded="2022-07-25" BitRate="2116" SampleRate="44100" Comments="6A - 4" PlayCount="1" Rating="0" Location="file://localhost/Users/zachvp/Music/DJ/Everland%20Music%20-%20STARVUE%20-%20Upward%20Bound%20(1980)%20-%2003%20Body%20Fusion.aiff" Remixer="" Tonality="6A" Label="" Mix="">
      <TEMPO Inizio="0.018" Bpm="80.48" Metro="4/4" Battito="3" />
    </TRACK>
    <TRACK TrackID="167899919" Name="Love Affair" Artist="Starvue" Composer="" Album="STARVUE - Upward Bound (1980)" Grouping="" Genre="House/Tech/Indie/Disco" Kind="AIFF File" Size="76253094" TotalTime="431" DiscNumber="0" TrackNumber="2" Year="0" AverageBpm="121.01" DateAdded="2022-07-25" BitRate="2116" SampleRate="44100" Comments="1A - 7" PlayCount="1" Rating="0" Location="file://localhost/Users/zachvp/Music/DJ/Everland%20Music%20-%20STARVUE%20-%20Upward%20Bound%20(1980)%20-%2002%20Love%20Affair.aiff" Remixer="" Tonality="1A" Label="" Mix="">
      <TEMPO Inizio="0.411" Bpm="121.01" Metro="4/4" Battito="1" />
    </TRACK>
    <TRACK TrackID="43155720" Name="Upward Bound" Artist="Starvue" Composer="" Album="STARVUE - Upward Bound (1980)" Grouping="" Genre="zzz" Kind="AIFF File" Size="48007044" TotalTime="271" DiscNumber="0" TrackNumber="1" Year="0" AverageBpm="117.42" DateAdded="2022-07-25" BitRate="2116" SampleRate="44100" Comments="9A - 7" PlayCount="0" Rating="0" Location="file://localhost/Users/zachvp/Music/DJ/Everland%20Music%20-%20STARVUE%20-%20Upward%20Bound%20(1980)%20-%2001%20Upward%20Bound.aiff" Remixer="" Tonality="9A" Label="" Mix="">
      <TEMPO Inizio="0.390" Bpm="117.42" Metro="4/4" Battito="4" />
      <TEMPO Inizio="110.759" Bpm="117.42" Metro="4/4" Battito="4" />
      <TEMPO Inizio="197.112" Bpm="117.42" Metro="4/4" Battito="1" />
    </TRACK>
    <TRACK TrackID="112951145" Name="Psychotic Girl" Artist="The Black Keys" Composer="" Album="Attack &amp; Release" Grouping="" Genre="Lounge/Rock" Kind="AIFF File" Size="66740978" TotalTime="250" DiscNumber="1" TrackNumber="4" Year="2008" AverageBpm="162.00" DateAdded="2022-07-25" BitRate="1411" SampleRate="44100" Comments="8A - 4" PlayCount="1" Rating="0" Location="file://localhost/Users/zachvp/Music/DJ/04%20-%20Psychotic%20Girl.aiff" Remixer="" Tonality="8A" Label="" Mix="">
      <TEMPO Inizio="0.097" Bpm="162.00" Metro="4/4" Battito="1" />
      <TEMPO Inizio="1.579" Bpm="162.00" Metro="4/4" Battito="1" />
      <TEMPO Inizio="16.024" Bpm="162.00" Metro="4/4" Battito="4" />
      <TEMPO Inizio="36.395" Bpm="162.00" Metro="4/4" Battito="3" />
      <TEMPO Inizio="57.877" Bpm="162.00" Metro="4/4" Battito="1" />
      <TEMPO Inizio="69.359" Bpm="162.00" Metro="4/4" Battito="4" />
      <TEMPO Inizio="90.841" Bpm="162.00" Metro="4/4" Battito="2" />
      <TEMPO Inizio="108.249" Bpm="162.00" Metro="4/4" Battito="1" />
      <TEMPO Inizio="128.620" Bpm="162.00" Metro="4/4" Battito="4" />
      <TEMPO Inizio="146.028" Bpm="162.00" Metro="4/4" Battito="3" />
      <TEMPO Inizio="166.399" Bpm="162.00" Metro="4/4" Battito="2" />
      <TEMPO Inizio="187.881" Bpm="162.00" Metro="4/4" Battito="4" />
      <TEMPO Inizio="205.289" Bpm="162.00" Metro="4/4" Battito="3" />
      <TEMPO Inizio="222.697" Bpm="162.00" Metro="4/4" Battito="2" />
      <TEMPO Inizio="243.068" Bpm="162.00" Metro="4/4" Battito="1" />
    </TRACK>
    <TRACK TrackID="254045693" Name="How To Be A Millionaire (Album Version)" Artist="ABC" Composer="" Album="How To Be A Zillionaire" Grouping="" Genre="Lounge/Indie" Kind="AIFF File" Size="57734274" TotalTime="215" DiscNumber="1" TrackNumber="7" Year="1985" AverageBpm="121.64" DateAdded="2022-07-25" BitRate="2116" SampleRate="44100" Comments="8A - 7" PlayCount="6" Rating="0" Location="file://localhost/Users/zachvp/Music/DJ/07%20-%20How%20To%20Be%20A%20Millionaire%20(Album%20Version).aiff" Remixer="" Tonality="8A" Label="" Mix="">
      <TEMPO Inizio="0.247" Bpm="121.64" Metro="4/4" Battito="3" />
      <TEMPO Inizio="0.741" Bpm="121.64" Metro="4/4" Battito="4" />
      <TEMPO Inizio="99.885" Bpm="121.64" Metro="4/4" Battito="1" />
      <TEMPO Inizio="199.029" Bpm="121.64" Metro="4/4" Battito="2" />
      <POSITION_MARK Name="" Type="0" Start="160.055" Num="-1" />
      <POSITION_MARK Name="" Type="0" Start="27.858" Num="-1" />
    </TRACK>
    <TRACK TrackID="100930758" Name="We'd Like to Thank Jeff Bezos" Artist="Christian Smalls" Composer="" Album="" Grouping="" Genre="Samples" Kind="AIFF File" Size="1523914" TotalTime="5" DiscNumber="0" TrackNumber="0" Year="0" AverageBpm="0.00" DateAdded="2022-07-27" BitRate="2116" SampleRate="44100" Comments="5A - 2" PlayCount="0" Rating="0" Location="file://localhost/Users/zachvp/Music/DJ/ty-jeff-b.aiff" Remixer="" Tonality="5A" Label="" Mix="" />
    <TRACK TrackID="28970428" Name="I'd Like to Thank Every Amazon Employee" Artist="Jeff Bezos" Composer="" Album="" Grouping="" Genre="Samples" Kind="AIFF File" Size="7397604" TotalTime="33" DiscNumber="0" TrackNumber="0" Year="0" AverageBpm="0.00" DateAdded="2022-07-27" BitRate="2116" SampleRate="44100" Comments="3A - 4" PlayCount="9" Rating="0" Location="file://localhost/Users/zachvp/Music/DJ/jeff-b-ty.aiff" Remixer="" Tonality="3A" Label="" Mix="" />
    <TRACK TrackID="60480606" Name="Grassroots, Worker-led Movement" Artist="Christian Smalls" Composer="" Album="" Grouping="" Genre="Samples" Kind="AIFF File" Size="1167584" TotalTime="4" DiscNumber="0" TrackNumber="0" Year="0" AverageBpm="0.00" DateAdded="2022-07-27" BitRate="2116" SampleRate="44100" Comments="8A - 2" PlayCount="0" Rating="0" Location="file://localhost/Users/zachvp/Music/DJ/grassroots-worker-led.aiff" Remixer="" Tonality="8A" Label="" Mix="">
      <POSITION_MARK Name="" Type="0" Start="0.242" Num="-1" />
    </TRACK>
    <TRACK TrackID="161727464" Name="ALU Movement Blueprint" Artist="Christian Smalls" Composer="" Album="" Grouping="" Genre="Samples" Kind="AIFF File" Size="14340296" TotalTime="54" DiscNumber="0" TrackNumber="0" Year="0" AverageBpm="149.19" DateAdded="2022-07-27" BitRate="2116" SampleRate="44100" Comments="9A - 3" PlayCount="4" Rating="0" Location="file://localhost/Users/zachvp/Music/DJ/amazon-unionized-summary.aiff" Remixer="" Tonality="9A" Label="" Mix="">
      <TEMPO Inizio="0.313" Bpm="149.19" Metro="4/4" Battito="1" />
      <TEMPO Inizio="0.716" Bpm="149.19" Metro="4/4" Battito="2" />
    </TRACK>
    <TRACK TrackID="152385526" Name="Barbara Allen (Live)" Artist="Pete Seeger" Composer="" Album="The Essential Pete Seeger" Grouping="" Genre="zzz" Kind="AIFF File" Size="71681056" TotalTime="269" DiscNumber="2" TrackNumber="12" Year="2013" AverageBpm="159.68" DateAdded="2022-07-27" BitRate="1411" SampleRate="44100" Comments="6B - 2" PlayCount="0" Rating="0" Location="file://localhost/Users/zachvp/Music/DJ/Pete%20Seeger%20-%20212%20Barbara%20Allen%20(Live)%20(Live).aiff" Remixer="" Tonality="6B" Label="" Mix="">
      <TEMPO Inizio="0.082" Bpm="159.68" Metro="4/4" Battito="3" />
    </TRACK>
    <TRACK TrackID="214317253" Name="Come All Ye Fair And Tender Ladies" Artist="Pete Seeger" Composer="" Album="The Essential Pete Seeger" Grouping="" Genre="zzz" Kind="AIFF File" Size="63093918" TotalTime="237" DiscNumber="2" TrackNumber="13" Year="2013" AverageBpm="129.48" DateAdded="2022-07-27" BitRate="1411" SampleRate="44100" Comments="9B - 3" PlayCount="0" Rating="0" Location="file://localhost/Users/zachvp/Music/DJ/Pete%20Seeger%20-%20213%20Come%20All%20Ye%20Fair%20And%20Tender%20Ladies.aiff" Remixer="" Tonality="9B" Label="" Mix="" />
    <TRACK TrackID="255214961" Name="Abiyoyo" Artist="Pete Seeger" Composer="" Album="The Essential Pete Seeger" Grouping="" Genre="zzz" Kind="AIFF File" Size="82794244" TotalTime="311" DiscNumber="2" TrackNumber="14" Year="2013" AverageBpm="77.81" DateAdded="2022-07-27" BitRate="2116" SampleRate="44100" Comments="7A - 3" PlayCount="0" Rating="0" Location="file://localhost/Users/zachvp/Music/DJ/Pete%20Seeger%20-%20214%20Abiyoyo%20(Live)%20(Live).aiff" Remixer="" Tonality="7A" Label="" Mix="">
      <TEMPO Inizio="0.477" Bpm="77.81" Metro="4/4" Battito="2" />
      <TEMPO Inizio="24.382" Bpm="77.81" Metro="4/4" Battito="1" />
      <TEMPO Inizio="55.998" Bpm="77.81" Metro="4/4" Battito="2" />
      <TEMPO Inizio="80.674" Bpm="77.81" Metro="4/4" Battito="2" />
      <TEMPO Inizio="112.290" Bpm="77.81" Metro="4/4" Battito="3" />
      <TEMPO Inizio="143.906" Bpm="77.81" Metro="4/4" Battito="4" />
      <TEMPO Inizio="175.522" Bpm="77.81" Metro="4/4" Battito="1" />
      <TEMPO Inizio="200.198" Bpm="77.81" Metro="4/4" Battito="1" />
      <TEMPO Inizio="238.754" Bpm="77.81" Metro="4/4" Battito="3" />
      <TEMPO Inizio="263.430" Bpm="77.81" Metro="4/4" Battito="3" />
      <TEMPO Inizio="301.986" Bpm="77.81" Metro="4/4" Battito="1" />
    </TRACK>
    <TRACK TrackID="22744219" Name="Wimoweh (Mbube) (Live)" Artist="Pete Seeger" Composer="" Album="The Essential Pete Seeger" Grouping="" Genre="zzz" Kind="AIFF File" Size="28561842" TotalTime="106" DiscNumber="2" TrackNumber="15" Year="2013" AverageBpm="121.05" DateAdded="2022-07-27" BitRate="2116" SampleRate="44100" Comments="7B - 4" PlayCount="0" Rating="0" Location="file://localhost/Users/zachvp/Music/DJ/Pete%20Seeger%20-%20215%20Wimoweh%20(Mbube)%20(Live)%20(Live).aiff" Remixer="" Tonality="7B" Label="" Mix="">
      <TEMPO Inizio="0.205" Bpm="121.05" Metro="4/4" Battito="4" />
    </TRACK>
    <TRACK TrackID="24027253" Name="Michael, Row The Boat Ashore (Live)" Artist="Pete Seeger" Composer="" Album="The Essential Pete Seeger" Grouping="" Genre="zzz" Kind="AIFF File" Size="33391688" TotalTime="124" DiscNumber="2" TrackNumber="16" Year="2013" AverageBpm="137.22" DateAdded="2022-07-27" BitRate="2116" SampleRate="44100" Comments="10B - 3" PlayCount="0" Rating="0" Location="file://localhost/Users/zachvp/Music/DJ/Pete%20Seeger%20-%20216%20Michael,%20Row%20The%20Boat%20Ashore%20(Live)%20.aiff" Remixer="" Tonality="10B" Label="" Mix="">
      <TEMPO Inizio="0.017" Bpm="137.23" Metro="4/4" Battito="1" />
      <TEMPO Inizio="36.307" Bpm="137.23" Metro="4/4" Battito="4" />
      <TEMPO Inizio="68.662" Bpm="137.23" Metro="4/4" Battito="2" />
      <TEMPO Inizio="104.952" Bpm="137.23" Metro="4/4" Battito="1" />
    </TRACK>
    <TRACK TrackID="193223394" Name="This Land Is Your Land (Live)" Artist="Pete Seeger" Composer="" Album="The Essential Pete Seeger" Grouping="" Genre="zzz" Kind="AIFF File" Size="48008190" TotalTime="180" DiscNumber="2" TrackNumber="17" Year="2013" AverageBpm="82.68" DateAdded="2022-07-27" BitRate="1411" SampleRate="44100" Comments="3A - 3" PlayCount="0" Rating="0" Location="file://localhost/Users/zachvp/Music/DJ/Pete%20Seeger%20-%20217%20This%20Land%20Is%20Your%20Land%20(Live)%20(Live).aiff" Remixer="" Tonality="3A" Label="" Mix="">
      <TEMPO Inizio="0.459" Bpm="82.68" Metro="4/4" Battito="1" />
    </TRACK>
    <TRACK TrackID="29762628" Name="My Dirty Stream (The Hudson River Song)" Artist="Pete Seeger" Composer="" Album="The Essential Pete Seeger" Grouping="" Genre="zzz" Kind="AIFF File" Size="40066668" TotalTime="149" DiscNumber="2" TrackNumber="18" Year="2013" AverageBpm="167.14" DateAdded="2022-07-27" BitRate="2116" SampleRate="44100" Comments="7B - 3" PlayCount="0" Rating="0" Location="file://localhost/Users/zachvp/Music/DJ/Pete%20Seeger%20-%20218%20My%20Dirty%20Stream%20(The%20Hudson%20River%20So.aiff" Remixer="" Tonality="7B" Label="" Mix="">
      <TEMPO Inizio="0.018" Bpm="167.14" Metro="4/4" Battito="1" />
    </TRACK>
    <TRACK TrackID="173012042" Name="Where Have All the Flowers Gone? (Live)" Artist="Pete Seeger" Composer="" Album="The Essential Pete Seeger" Grouping="" Genre="zzz" Kind="AIFF File" Size="30601042" TotalTime="114" DiscNumber="1" TrackNumber="10" Year="2013" AverageBpm="0.00" DateAdded="2022-07-27" BitRate="2116" SampleRate="44100" Comments="6B - 2" PlayCount="0" Rating="0" Location="file://localhost/Users/zachvp/Music/DJ/Pete%20Seeger%20-%2010%20Where%20Have%20All%20the%20Flowers%20Gone_%20(Liv.aiff" Remixer="" Tonality="6B" Label="" Mix="" />
    <TRACK TrackID="184640515" Name="The Bells of Rhymney (Live)" Artist="Pete Seeger" Composer="" Album="The Essential Pete Seeger" Grouping="" Genre="zzz" Kind="AIFF File" Size="84657054" TotalTime="318" DiscNumber="1" TrackNumber="11" Year="2013" AverageBpm="142.02" DateAdded="2022-07-27" BitRate="2116" SampleRate="44100" Comments="11B - 3" PlayCount="0" Rating="0" Location="file://localhost/Users/zachvp/Music/DJ/Pete%20Seeger%20-%2011%20The%20Bells%20of%20Rhymney%20(Live)%20(Live).aiff" Remixer="" Tonality="11B" Label="" Mix="">
      <TEMPO Inizio="0.408" Bpm="142.02" Metro="4/4" Battito="2" />
      <TEMPO Inizio="0.831" Bpm="142.02" Metro="4/4" Battito="3" />
      <TEMPO Inizio="49.837" Bpm="142.02" Metro="4/4" Battito="3" />
      <TEMPO Inizio="100.533" Bpm="142.02" Metro="4/4" Battito="3" />
      <TEMPO Inizio="151.229" Bpm="142.02" Metro="4/4" Battito="3" />
      <TEMPO Inizio="201.080" Bpm="142.02" Metro="4/4" Battito="1" />
      <TEMPO Inizio="251.776" Bpm="142.02" Metro="4/4" Battito="1" />
      <TEMPO Inizio="302.472" Bpm="142.02" Metro="4/4" Battito="1" />
    </TRACK>
    <TRACK TrackID="160397081" Name="Turn! Turn! Turn! (To Everything There  Is a Season) (Live)" Artist="Pete Seeger" Composer="" Album="The Essential Pete Seeger" Grouping="" Genre="zzz" Kind="AIFF File" Size="50622464" TotalTime="189" DiscNumber="1" TrackNumber="12" Year="2013" AverageBpm="156.78" DateAdded="2022-07-27" BitRate="1411" SampleRate="44100" Comments="6B - 3" PlayCount="0" Rating="0" Location="file://localhost/Users/zachvp/Music/DJ/Pete%20Seeger%20-%2012%20Turn!%20Turn!%20Turn!%20(To%20Everything%20Ther.aiff" Remixer="" Tonality="6B" Label="" Mix="" />
    <TRACK TrackID="218246982" Name="Guantanamera (Live)" Artist="Pete Seeger" Composer="" Album="The Essential Pete Seeger" Grouping="" Genre="zzz" Kind="AIFF File" Size="73861360" TotalTime="277" DiscNumber="1" TrackNumber="13" Year="2013" AverageBpm="106.29" DateAdded="2022-07-27" BitRate="1411" SampleRate="44100" Comments="3B - 3" PlayCount="0" Rating="0" Location="file://localhost/Users/zachvp/Music/DJ/Pete%20Seeger%20-%2013%20Guantanamera%20(Live)%20(Live).aiff" Remixer="" Tonality="3B" Label="" Mix="">
      <TEMPO Inizio="0.513" Bpm="106.29" Metro="4/4" Battito="1" />
      <TEMPO Inizio="32.688" Bpm="106.29" Metro="4/4" Battito="2" />
      <TEMPO Inizio="72.766" Bpm="106.29" Metro="4/4" Battito="1" />
      <TEMPO Inizio="113.973" Bpm="106.29" Metro="4/4" Battito="2" />
      <TEMPO Inizio="155.180" Bpm="106.29" Metro="4/4" Battito="3" />
      <TEMPO Inizio="197.516" Bpm="106.29" Metro="4/4" Battito="2" />
      <TEMPO Inizio="239.852" Bpm="106.29" Metro="4/4" Battito="1" />
    </TRACK>
    <TRACK TrackID="195091615" Name="If I Had a Hammer (Live)" Artist="Pete Seeger" Composer="" Album="The Essential Pete Seeger" Grouping="" Genre="zzz" Kind="AIFF File" Size="45901964" TotalTime="172" DiscNumber="1" TrackNumber="14" Year="2013" AverageBpm="148.21" DateAdded="2022-07-27" BitRate="1411" SampleRate="44100" Comments="3B - 4" PlayCount="0" Rating="0" Location="file://localhost/Users/zachvp/Music/DJ/Pete%20Seeger%20-%2014%20If%20I%20Had%20a%20Hammer%20(Live)%20(Live).aiff" Remixer="" Tonality="3B" Label="" Mix="">
      <TEMPO Inizio="0.173" Bpm="148.21" Metro="4/4" Battito="1" />
    </TRACK>
    <TRACK TrackID="177381854" Name="Keep Your Eyes On The Prize (Album Version)" Artist="Pete Seeger" Composer="" Album="The Essential Pete Seeger" Grouping="" Genre="zzz" Kind="AIFF File" Size="32128672" TotalTime="119" DiscNumber="1" TrackNumber="15" Year="2013" AverageBpm="122.40" DateAdded="2022-07-27" BitRate="2116" SampleRate="44100" Comments="10A - 4" PlayCount="0" Rating="0" Location="file://localhost/Users/zachvp/Music/DJ/Pete%20Seeger%20-%2015%20Keep%20Your%20Eyes%20On%20The%20Prize%20(Album%20Ve.aiff" Remixer="" Tonality="10A" Label="" Mix="">
      <TEMPO Inizio="0.071" Bpm="122.40" Metro="4/4" Battito="4" />
      <TEMPO Inizio="1.052" Bpm="122.40" Metro="4/4" Battito="2" />
      <TEMPO Inizio="64.778" Bpm="122.40" Metro="4/4" Battito="4" />
    </TRACK>
    <TRACK TrackID="142237677" Name="We Shall Overcome" Artist="Pete Seeger" Composer="" Album="The Essential Pete Seeger" Grouping="" Genre="zzz" Kind="AIFF File" Size="94690668" TotalTime="356" DiscNumber="1" TrackNumber="16" Year="2013" AverageBpm="83.93" DateAdded="2022-07-27" BitRate="2116" SampleRate="44100" Comments="1B - 4" PlayCount="0" Rating="0" Location="file://localhost/Users/zachvp/Music/DJ/Pete%20Seeger%20-%2016%20We%20Shall%20Overcome%20(Live)%20(Live).aiff" Remixer="" Tonality="1B" Label="" Mix="">
      <TEMPO Inizio="0.329" Bpm="83.93" Metro="4/4" Battito="1" />
    </TRACK>
    <TRACK TrackID="234229763" Name="Those Three Are On My Mind" Artist="Pete Seeger" Composer="" Album="The Essential Pete Seeger" Grouping="" Genre="zzz" Kind="AIFF File" Size="48798454" TotalTime="182" DiscNumber="1" TrackNumber="17" Year="2013" AverageBpm="154.19" DateAdded="2022-07-27" BitRate="1411" SampleRate="44100" Comments="10B - 3" PlayCount="0" Rating="0" Location="file://localhost/Users/zachvp/Music/DJ/Pete%20Seeger%20-%2017%20Those%20Three%20Are%20On%20My%20Mind.aiff" Remixer="" Tonality="10B" Label="" Mix="">
      <TEMPO Inizio="0.050" Bpm="154.19" Metro="4/4" Battito="2" />
    </TRACK>
    <TRACK TrackID="193678889" Name="Living In The Country" Artist="Pete Seeger" Composer="" Album="The Essential Pete Seeger" Grouping="" Genre="zzz" Kind="AIFF File" Size="33328168" TotalTime="124" DiscNumber="1" TrackNumber="18" Year="2013" AverageBpm="105.34" DateAdded="2022-07-27" BitRate="2116" SampleRate="44100" Comments="10B - 3" PlayCount="0" Rating="0" Location="file://localhost/Users/zachvp/Music/DJ/Pete%20Seeger%20-%2018%20Living%20In%20The%20Country%20(Live)%20(Live).aiff" Remixer="" Tonality="10B" Label="" Mix="">
      <TEMPO Inizio="0.181" Bpm="105.34" Metro="4/4" Battito="4" />
    </TRACK>
    <TRACK TrackID="109472100" Name="Last Night I Had the Strangest Dream" Artist="Pete Seeger" Composer="" Album="The Essential Pete Seeger" Grouping="" Genre="zzz" Kind="AIFF File" Size="45647958" TotalTime="171" DiscNumber="2" TrackNumber="1" Year="2013" AverageBpm="79.18" DateAdded="2022-07-27" BitRate="1411" SampleRate="44100" Comments="1B - 4" PlayCount="0" Rating="0" Location="file://localhost/Users/zachvp/Music/DJ/Pete%20Seeger%20-%20201%20Last%20Night%20I%20Had%20the%20Strangest%20Dream.aiff" Remixer="" Tonality="1B" Label="" Mix="">
      <TEMPO Inizio="0.732" Bpm="79.18" Metro="4/4" Battito="1" />
    </TRACK>
    <TRACK TrackID="44439363" Name="Both Sides Now" Artist="Pete Seeger" Composer="" Album="The Essential Pete Seeger" Grouping="" Genre="zzz" Kind="AIFF File" Size="69289064" TotalTime="260" DiscNumber="2" TrackNumber="2" Year="2013" AverageBpm="146.12" DateAdded="2022-07-27" BitRate="1411" SampleRate="44100" Comments="6A - 3" PlayCount="0" Rating="0" Location="file://localhost/Users/zachvp/Music/DJ/Pete%20Seeger%20-%20202%20Both%20Sides%20Now.aiff" Remixer="" Tonality="6A" Label="" Mix="">
      <TEMPO Inizio="0.113" Bpm="146.12" Metro="4/4" Battito="1" />
    </TRACK>
    <TRACK TrackID="146379051" Name="The Pill" Artist="Pete Seeger" Composer="" Album="The Essential Pete Seeger" Grouping="" Genre="zzz" Kind="AIFF File" Size="37628788" TotalTime="140" DiscNumber="2" TrackNumber="3" Year="2013" AverageBpm="124.69" DateAdded="2022-07-27" BitRate="2116" SampleRate="44100" Comments="1B - 3" PlayCount="0" Rating="0" Location="file://localhost/Users/zachvp/Music/DJ/Pete%20Seeger%20-%20203%20The%20Pill.aiff" Remixer="" Tonality="1B" Label="" Mix="">
      <TEMPO Inizio="0.221" Bpm="124.69" Metro="4/4" Battito="3" />
      <TEMPO Inizio="0.703" Bpm="124.69" Metro="4/4" Battito="4" />
    </TRACK>
    <TRACK TrackID="21331416" Name="Coal Creek March" Artist="Pete Seeger" Composer="" Album="The Essential Pete Seeger" Grouping="" Genre="zzz" Kind="AIFF File" Size="20271036" TotalTime="75" DiscNumber="2" TrackNumber="4" Year="2013" AverageBpm="139.19" DateAdded="2022-07-27" BitRate="2116" SampleRate="44100" Comments="12B - 3" PlayCount="0" Rating="0" Location="file://localhost/Users/zachvp/Music/DJ/Pete%20Seeger%20-%20204%20Coal%20Creek%20March.aiff" Remixer="" Tonality="12B" Label="" Mix="">
      <TEMPO Inizio="0.366" Bpm="139.19" Metro="4/4" Battito="1" />
      <TEMPO Inizio="0.798" Bpm="139.19" Metro="4/4" Battito="2" />
      <TEMPO Inizio="30.111" Bpm="139.19" Metro="4/4" Battito="2" />
      <TEMPO Inizio="66.321" Bpm="139.19" Metro="4/4" Battito="2" />
    </TRACK>
    <TRACK TrackID="54401662" Name="Jesse James (Album Version)" Artist="Pete Seeger" Composer="" Album="The Essential Pete Seeger" Grouping="" Genre="zzz" Kind="AIFF File" Size="73466230" TotalTime="276" DiscNumber="2" TrackNumber="5" Year="2013" AverageBpm="116.03" DateAdded="2022-07-27" BitRate="1411" SampleRate="44100" Comments="7B - 4" PlayCount="0" Rating="0" Location="file://localhost/Users/zachvp/Music/DJ/Pete%20Seeger%20-%20205%20Jesse%20James%20(Album%20Version)%20(Album%20V.aiff" Remixer="" Tonality="7B" Label="" Mix="">
      <TEMPO Inizio="0.191" Bpm="116.03" Metro="4/4" Battito="3" />
      <TEMPO Inizio="1.743" Bpm="116.03" Metro="4/4" Battito="2" />
      <TEMPO Inizio="18.291" Bpm="116.03" Metro="4/4" Battito="2" />
      <TEMPO Inizio="34.839" Bpm="116.03" Metro="4/4" Battito="2" />
      <TEMPO Inizio="51.387" Bpm="116.03" Metro="4/4" Battito="2" />
      <TEMPO Inizio="67.935" Bpm="116.03" Metro="4/4" Battito="2" />
      <TEMPO Inizio="84.483" Bpm="116.03" Metro="4/4" Battito="2" />
      <TEMPO Inizio="101.031" Bpm="116.03" Metro="4/4" Battito="2" />
      <TEMPO Inizio="117.579" Bpm="116.03" Metro="4/4" Battito="2" />
      <TEMPO Inizio="129.473" Bpm="116.03" Metro="4/4" Battito="1" />
      <TEMPO Inizio="150.158" Bpm="116.03" Metro="4/4" Battito="1" />
      <TEMPO Inizio="166.706" Bpm="116.03" Metro="4/4" Battito="1" />
      <TEMPO Inizio="187.391" Bpm="116.03" Metro="4/4" Battito="1" />
      <TEMPO Inizio="203.939" Bpm="116.03" Metro="4/4" Battito="1" />
      <TEMPO Inizio="224.624" Bpm="116.03" Metro="4/4" Battito="1" />
      <TEMPO Inizio="241.172" Bpm="116.03" Metro="4/4" Battito="1" />
      <TEMPO Inizio="257.720" Bpm="116.03" Metro="4/4" Battito="1" />
      <TEMPO Inizio="274.268" Bpm="116.03" Metro="4/4" Battito="1" />
    </TRACK>
    <TRACK TrackID="209044882" Name="Talking Union" Artist="Pete Seeger" Composer="" Album="The Essential Pete Seeger" Grouping="" Genre="zzz" Kind="AIFF File" Size="61922600" TotalTime="232" DiscNumber="2" TrackNumber="6" Year="2013" AverageBpm="112.95" DateAdded="2022-07-27" BitRate="1411" SampleRate="44100" Comments="4A - 3" PlayCount="0" Rating="0" Location="file://localhost/Users/zachvp/Music/DJ/Pete%20Seeger%20-%20206%20Talking%20Union.aiff" Remixer="" Tonality="4A" Label="" Mix="">
      <TEMPO Inizio="0.424" Bpm="112.95" Metro="4/4" Battito="1" />
      <TEMPO Inizio="4.143" Bpm="112.95" Metro="4/4" Battito="4" />
      <TEMPO Inizio="30.704" Bpm="112.95" Metro="4/4" Battito="2" />
      <TEMPO Inizio="57.265" Bpm="112.95" Metro="4/4" Battito="4" />
      <TEMPO Inizio="86.482" Bpm="112.95" Metro="4/4" Battito="3" />
      <TEMPO Inizio="115.699" Bpm="112.95" Metro="4/4" Battito="2" />
      <TEMPO Inizio="142.260" Bpm="112.95" Metro="4/4" Battito="4" />
      <TEMPO Inizio="171.477" Bpm="112.95" Metro="4/4" Battito="3" />
      <TEMPO Inizio="198.038" Bpm="112.95" Metro="4/4" Battito="1" />
      <TEMPO Inizio="224.599" Bpm="112.95" Metro="4/4" Battito="3" />
    </TRACK>
    <TRACK TrackID="56046255" Name="Which Side Are You On" Artist="Pete Seeger" Composer="" Album="The Essential Pete Seeger" Grouping="" Genre="Lounge/" Kind="AIFF File" Size="44261440" TotalTime="165" DiscNumber="2" TrackNumber="7" Year="2013" AverageBpm="133.80" DateAdded="2022-07-27" BitRate="2116" SampleRate="44100" Comments="7A - 3" PlayCount="3" Rating="0" Location="file://localhost/Users/zachvp/Music/DJ/Pete%20Seeger%20-%20207%20Which%20Side%20Are%20You%20On.aiff" Remixer="" Tonality="7A" Label="" Mix="">
      <TEMPO Inizio="0.107" Bpm="133.80" Metro="4/4" Battito="1" />
      <TEMPO Inizio="0.556" Bpm="133.80" Metro="4/4" Battito="2" />
      <TEMPO Inizio="116.700" Bpm="133.80" Metro="4/4" Battito="1" />
    </TRACK>
    <TRACK TrackID="61591362" Name="Harry Simms" Artist="Pete Seeger" Composer="" Album="The Essential Pete Seeger" Grouping="" Genre="zzz" Kind="AIFF File" Size="33084726" TotalTime="123" DiscNumber="2" TrackNumber="8" Year="2013" AverageBpm="140.38" DateAdded="2022-07-27" BitRate="2116" SampleRate="44100" Comments="7A - 4" PlayCount="0" Rating="0" Location="file://localhost/Users/zachvp/Music/DJ/Pete%20Seeger%20-%20208%20Harry%20Simms.aiff" Remixer="" Tonality="7A" Label="" Mix="">
      <TEMPO Inizio="0.073" Bpm="140.38" Metro="4/4" Battito="4" />
      <TEMPO Inizio="0.501" Bpm="140.38" Metro="4/4" Battito="1" />
      <TEMPO Inizio="17.598" Bpm="140.38" Metro="4/4" Battito="1" />
      <TEMPO Inizio="49.227" Bpm="140.38" Metro="4/4" Battito="3" />
      <TEMPO Inizio="73.590" Bpm="140.38" Metro="4/4" Battito="4" />
      <TEMPO Inizio="97.953" Bpm="140.38" Metro="4/4" Battito="1" />
      <TEMPO Inizio="122.316" Bpm="140.38" Metro="4/4" Battito="2" />
    </TRACK>
    <TRACK TrackID="158853725" Name="Little Boxes (Live)" Artist="Pete Seeger" Composer="" Album="The Essential Pete Seeger" Grouping="" Genre="Lounge/" Kind="AIFF File" Size="29898950" TotalTime="111" DiscNumber="2" TrackNumber="9" Year="2013" AverageBpm="156.32" DateAdded="2022-07-27" BitRate="2116" SampleRate="44100" Comments="11B - 2" PlayCount="0" Rating="0" Location="file://localhost/Users/zachvp/Music/DJ/Pete%20Seeger%20-%20209%20Little%20Boxes%20(Live)%20(Live).aiff" Remixer="" Tonality="11B" Label="" Mix="">
      <TEMPO Inizio="0.119" Bpm="156.32" Metro="4/4" Battito="4" />
    </TRACK>
    <TRACK TrackID="263410688" Name="My Oklahoma Home Blowed Away" Artist="Pete Seeger" Composer="" Album="The Essential Pete Seeger" Grouping="" Genre="zzz" Kind="AIFF File" Size="75276096" TotalTime="283" DiscNumber="2" TrackNumber="10" Year="2013" AverageBpm="126.40" DateAdded="2022-07-27" BitRate="2116" SampleRate="44100" Comments="5B - 2" PlayCount="0" Rating="0" Location="file://localhost/Users/zachvp/Music/DJ/Pete%20Seeger%20-%20210%20My%20Oklahoma%20Home%20Blowed%20Away%20(Live)%20.aiff" Remixer="" Tonality="5B" Label="" Mix="">
      <TEMPO Inizio="0.415" Bpm="126.40" Metro="4/4" Battito="1" />
    </TRACK>
    <TRACK TrackID="14504723" Name="Darling Corey" Artist="Pete Seeger" Composer="" Album="The Essential Pete Seeger" Grouping="" Genre="zzz" Kind="AIFF File" Size="44653042" TotalTime="167" DiscNumber="2" TrackNumber="11" Year="2013" AverageBpm="146.85" DateAdded="2022-07-27" BitRate="2116" SampleRate="44100" Comments="4A - 4" PlayCount="0" Rating="0" Location="file://localhost/Users/zachvp/Music/DJ/Pete%20Seeger%20-%20211%20Darling%20Corey.aiff" Remixer="" Tonality="4A" Label="" Mix="">
      <TEMPO Inizio="0.231" Bpm="146.85" Metro="4/4" Battito="4" />
    </TRACK>
    <TRACK TrackID="63351943" Name="Last Train to Nuremberg" Artist="Pete Seeger" Composer="" Album="The Essential Pete Seeger" Grouping="" Genre="zzz" Kind="AIFF File" Size="43340634" TotalTime="162" DiscNumber="1" TrackNumber="1" Year="2013" AverageBpm="97.00" DateAdded="2022-07-27" BitRate="2116" SampleRate="44100" Comments="2A - 3" PlayCount="0" Rating="0" Location="file://localhost/Users/zachvp/Music/DJ/Pete%20Seeger%20-%2001%20Last%20Train%20to%20Nuremberg.aiff" Remixer="" Tonality="2A" Label="" Mix="">
      <TEMPO Inizio="0.236" Bpm="97.00" Metro="4/4" Battito="4" />
    </TRACK>
    <TRACK TrackID="150305588" Name="John Henry (Live)" Artist="Pete Seeger" Composer="" Album="The Essential Pete Seeger" Grouping="" Genre="zzz" Kind="AIFF File" Size="66561924" TotalTime="250" DiscNumber="1" TrackNumber="3" Year="2013" AverageBpm="161.15" DateAdded="2022-07-27" BitRate="1411" SampleRate="44100" Comments="3B - 4" PlayCount="0" Rating="0" Location="file://localhost/Users/zachvp/Music/DJ/Pete%20Seeger%20-%2003%20John%20Henry%20(Live)%20(Live).aiff" Remixer="" Tonality="3B" Label="" Mix="">
      <TEMPO Inizio="0.096" Bpm="161.15" Metro="4/4" Battito="4" />
      <TEMPO Inizio="20.202" Bpm="161.15" Metro="4/4" Battito="2" />
      <TEMPO Inizio="40.308" Bpm="161.15" Metro="4/4" Battito="4" />
      <TEMPO Inizio="60.414" Bpm="161.15" Metro="4/4" Battito="2" />
      <TEMPO Inizio="80.520" Bpm="161.15" Metro="4/4" Battito="4" />
      <TEMPO Inizio="100.626" Bpm="161.15" Metro="4/4" Battito="2" />
      <TEMPO Inizio="120.360" Bpm="161.15" Metro="4/4" Battito="3" />
      <TEMPO Inizio="140.466" Bpm="161.15" Metro="4/4" Battito="1" />
      <TEMPO Inizio="165.040" Bpm="161.15" Metro="4/4" Battito="3" />
      <TEMPO Inizio="185.146" Bpm="161.15" Metro="4/4" Battito="1" />
      <TEMPO Inizio="205.252" Bpm="161.15" Metro="4/4" Battito="3" />
      <TEMPO Inizio="225.358" Bpm="161.15" Metro="4/4" Battito="1" />
      <TEMPO Inizio="245.464" Bpm="161.15" Metro="4/4" Battito="3" />
    </TRACK>
    <TRACK TrackID="162499795" Name="The Sinking of the Reuben James" Artist="Pete Seeger" Composer="" Album="The Essential Pete Seeger" Grouping="" Genre="zzz" Kind="AIFF File" Size="43287722" TotalTime="162" DiscNumber="1" TrackNumber="4" Year="2013" AverageBpm="155.07" DateAdded="2022-07-27" BitRate="2116" SampleRate="44100" Comments="11B - 4" PlayCount="0" Rating="0" Location="file://localhost/Users/zachvp/Music/DJ/Pete%20Seeger%20-%2004%20The%20Sinking%20of%20the%20Reuben%20James.aiff" Remixer="" Tonality="11B" Label="" Mix="">
      <TEMPO Inizio="0.298" Bpm="155.07" Metro="4/4" Battito="2" />
    </TRACK>
    <TRACK TrackID="160200389" Name="East Virginia" Artist="Pete Seeger" Composer="" Album="The Essential Pete Seeger" Grouping="" Genre="zzz" Kind="AIFF File" Size="41202656" TotalTime="154" DiscNumber="1" TrackNumber="5" Year="2013" AverageBpm="159.69" DateAdded="2022-07-27" BitRate="2116" SampleRate="44100" Comments="4A - 4" PlayCount="0" Rating="0" Location="file://localhost/Users/zachvp/Music/DJ/Pete%20Seeger%20-%2005%20East%20Virginia.aiff" Remixer="" Tonality="4A" Label="" Mix="">
      <TEMPO Inizio="0.343" Bpm="159.70" Metro="4/4" Battito="3" />
    </TRACK>
    <TRACK TrackID="60730707" Name="Hobo's Lullaby" Artist="Pete Seeger" Composer="" Album="The Essential Pete Seeger" Grouping="" Genre="zzz" Kind="AIFF File" Size="54101026" TotalTime="203" DiscNumber="1" TrackNumber="6" Year="2013" AverageBpm="133.93" DateAdded="2022-07-27" BitRate="1411" SampleRate="44100" Comments="10B - 2" PlayCount="0" Rating="0" Location="file://localhost/Users/zachvp/Music/DJ/Pete%20Seeger%20-%2006%20Hobo%27s%20Lullaby.aiff" Remixer="" Tonality="10B" Label="" Mix="" />
    <TRACK TrackID="42936640" Name="Waist Deep In The Big Muddy" Artist="Pete Seeger" Composer="" Album="The Essential Pete Seeger" Grouping="" Genre="zzz" Kind="AIFF File" Size="46738102" TotalTime="175" DiscNumber="1" TrackNumber="7" Year="2013" AverageBpm="122.41" DateAdded="2022-07-27" BitRate="1411" SampleRate="44100" Comments="5A - 3" PlayCount="0" Rating="0" Location="file://localhost/Users/zachvp/Music/DJ/Pete%20Seeger%20-%2007%20Waist%20Deep%20In%20The%20Big%20Muddy%20(Live)%20(L.aiff" Remixer="" Tonality="5A" Label="" Mix="">
      <TEMPO Inizio="0.411" Bpm="122.41" Metro="4/4" Battito="2" />
      <TEMPO Inizio="0.902" Bpm="122.41" Metro="4/4" Battito="3" />
      <TEMPO Inizio="45.015" Bpm="122.41" Metro="4/4" Battito="1" />
      <TEMPO Inizio="95.500" Bpm="122.41" Metro="4/4" Battito="4" />
      <TEMPO Inizio="139.613" Bpm="122.41" Metro="4/4" Battito="2" />
    </TRACK>
    <TRACK TrackID="94776438" Name="Draft Dodger Rag (Album Version)" Artist="Pete Seeger" Composer="" Album="The Essential Pete Seeger" Grouping="" Genre="zzz" Kind="AIFF File" Size="34340716" TotalTime="128" DiscNumber="1" TrackNumber="8" Year="2013" AverageBpm="113.61" DateAdded="2022-07-27" BitRate="2116" SampleRate="44100" Comments="9B - 4" PlayCount="0" Rating="0" Location="file://localhost/Users/zachvp/Music/DJ/Pete%20Seeger%20-%2008%20Draft%20Dodger%20Rag%20(Album%20Version)%20(Alb.aiff" Remixer="" Tonality="9B" Label="" Mix="">
      <TEMPO Inizio="0.162" Bpm="113.61" Metro="4/4" Battito="4" />
      <TEMPO Inizio="6.500" Bpm="113.61" Metro="4/4" Battito="4" />
      <TEMPO Inizio="25.513" Bpm="113.61" Metro="4/4" Battito="4" />
      <TEMPO Inizio="48.751" Bpm="113.61" Metro="4/4" Battito="4" />
      <TEMPO Inizio="71.989" Bpm="113.61" Metro="4/4" Battito="4" />
      <TEMPO Inizio="91.002" Bpm="113.61" Metro="4/4" Battito="4" />
      <TEMPO Inizio="110.015" Bpm="113.61" Metro="4/4" Battito="4" />
    </TRACK>
    <TRACK TrackID="183908936" Name="Pretty Boy Floyd" Artist="Pete Seeger" Composer="" Album="The Essential Pete Seeger" Grouping="" Genre="zzz" Kind="AIFF File" Size="44134428" TotalTime="165" DiscNumber="1" TrackNumber="9" Year="2013" AverageBpm="105.07" DateAdded="2022-07-27" BitRate="2116" SampleRate="44100" Comments="12B - 3" PlayCount="0" Rating="0" Location="file://localhost/Users/zachvp/Music/DJ/Pete%20Seeger%20-%2009%20Pretty%20Boy%20Floyd%20(Live)%20(Live).aiff" Remixer="" Tonality="12B" Label="" Mix="">
      <TEMPO Inizio="0.124" Bpm="105.07" Metro="4/4" Battito="4" />
      <TEMPO Inizio="1.267" Bpm="105.07" Metro="4/4" Battito="2" />
      <TEMPO Inizio="18.399" Bpm="105.07" Metro="4/4" Battito="4" />
      <TEMPO Inizio="45.239" Bpm="105.07" Metro="4/4" Battito="3" />
      <TEMPO Inizio="62.942" Bpm="105.07" Metro="4/4" Battito="2" />
      <TEMPO Inizio="80.074" Bpm="105.07" Metro="4/4" Battito="4" />
      <TEMPO Inizio="97.777" Bpm="105.07" Metro="4/4" Battito="3" />
      <TEMPO Inizio="115.480" Bpm="105.07" Metro="4/4" Battito="2" />
      <TEMPO Inizio="133.183" Bpm="105.07" Metro="4/4" Battito="1" />
      <TEMPO Inizio="150.315" Bpm="105.07" Metro="4/4" Battito="3" />
    </TRACK>
    <TRACK TrackID="199089305" Name="placeholder" Artist="placeholder" Composer="" Album="" Grouping="" Genre="Tools" Kind="AIFF File" Size="8439726" TotalTime="29" DiscNumber="0" TrackNumber="0" Year="0" AverageBpm="150.47" DateAdded="2022-07-28" BitRate="2304" SampleRate="48000" Comments="7A - 3" PlayCount="0" Rating="0" Location="file://localhost/Users/zachvp/Music/DJ/tool-placeholder.aiff" Remixer="" Tonality="7A" Label="" Mix="">
      <TEMPO Inizio="0.267" Bpm="150.48" Metro="4/4" Battito="1" />
    </TRACK>
    <TRACK TrackID="127726740" Name="placeholder - going home" Artist="Patrick Cowley" Composer="" Album="" Grouping="" Genre="Tools" Kind="AIFF File" Size="8439730" TotalTime="29" DiscNumber="0" TrackNumber="0" Year="0" AverageBpm="150.47" DateAdded="2022-07-28" BitRate="2304" SampleRate="48000" Comments="7A - 3" PlayCount="0" Rating="0" Location="file://localhost/Users/zachvp/Music/DJ/tool-placeholder-gh.aiff" Remixer="" Tonality="7A" Label="" Mix="">
      <TEMPO Inizio="0.267" Bpm="150.48" Metro="4/4" Battito="1" />
    </TRACK>
    <TRACK TrackID="5648257" Name="Punkb*Tch" Artist="3OH!3" Composer="" Album="WANT (Deluxe)" Grouping="" Genre="zzz" Kind="AIFF File" Size="61571964" TotalTime="231" DiscNumber="1" TrackNumber="2" Year="2009" AverageBpm="146.00" DateAdded="2022-07-28" BitRate="2116" SampleRate="44100" Comments="7A - 7" PlayCount="0" Rating="0" Location="file://localhost/Users/zachvp/Music/DJ/02%20-%20PUNKB%20TCH.aiff" Remixer="" Tonality="7A" Label="" Mix="">
      <TEMPO Inizio="0.197" Bpm="146.00" Metro="4/4" Battito="1" />
    </TRACK>
    <TRACK TrackID="225479420" Name="Donttrustme" Artist="3OH!3" Composer="" Album="WANT (Deluxe)" Grouping="" Genre="Lounge/Indie" Kind="AIFF File" Size="51400742" TotalTime="192" DiscNumber="1" TrackNumber="3" Year="2009" AverageBpm="130.00" DateAdded="2022-07-28" BitRate="1411" SampleRate="44100" Comments="6A - 8" PlayCount="1" Rating="0" Location="file://localhost/Users/zachvp/Music/DJ/03%20-%20DONTTRUSTME.aiff" Remixer="" Tonality="6A" Label="" Mix="">
      <TEMPO Inizio="0.207" Bpm="130.00" Metro="4/4" Battito="1" />
      <POSITION_MARK Name="" Type="0" Start="0.187" Num="-1" />
      <POSITION_MARK Name="" Type="0" Start="140.511" Num="-1" />
      <POSITION_MARK Name="" Type="0" Start="118.350" Num="-1" />
    </TRACK>
    <TRACK TrackID="27711443" Name="Chokechain" Artist="3OH!3" Composer="" Album="WANT (Deluxe)" Grouping="" Genre="Lounge/Indie/Trap" Kind="AIFF File" Size="56456364" TotalTime="211" DiscNumber="1" TrackNumber="4" Year="2009" AverageBpm="146.00" DateAdded="2022-07-28" BitRate="2116" SampleRate="44100" Comments="8A - 8" PlayCount="0" Rating="0" Location="file://localhost/Users/zachvp/Music/DJ/04%20-%20CHOKECHAIN.aiff" Remixer="" Tonality="8A" Label="" Mix="">
      <TEMPO Inizio="0.014" Bpm="146.00" Metro="4/4" Battito="4" />
    </TRACK>
    <TRACK TrackID="31841658" Name="Imnotyourboyfriendbaby" Artist="3OH!3" Composer="" Album="WANT (Deluxe)" Grouping="" Genre="zzz" Kind="AIFF File" Size="59903234" TotalTime="224" DiscNumber="1" TrackNumber="5" Year="2009" AverageBpm="140.00" DateAdded="2022-07-28" BitRate="1411" SampleRate="44100" Comments="5A - 8" PlayCount="0" Rating="0" Location="file://localhost/Users/zachvp/Music/DJ/05%20-%20IMNOTYOURBOYFRIENDBABY.aiff" Remixer="" Tonality="5A" Label="" Mix="">
      <TEMPO Inizio="0.058" Bpm="140.00" Metro="4/4" Battito="3" />
    </TRACK>
    <TRACK TrackID="91226835" Name="Icantdoitalone" Artist="3OH!3" Composer="" Album="WANT (Deluxe)" Grouping="" Genre="zzz" Kind="AIFF File" Size="48253770" TotalTime="180" DiscNumber="1" TrackNumber="6" Year="2009" AverageBpm="160.00" DateAdded="2022-07-28" BitRate="1411" SampleRate="44100" Comments="9A - 8" PlayCount="0" Rating="0" Location="file://localhost/Users/zachvp/Music/DJ/06%20-%20ICANTDOITALONE.aiff" Remixer="" Tonality="9A" Label="" Mix="">
      <TEMPO Inizio="0.001" Bpm="160.00" Metro="4/4" Battito="1" />
    </TRACK>
    <TRACK TrackID="110428896" Name="Starstrukk" Artist="3OH!3" Composer="" Album="WANT (Deluxe)" Grouping="" Genre="zzz" Kind="AIFF File" Size="49537958" TotalTime="185" DiscNumber="1" TrackNumber="7" Year="2009" AverageBpm="140.00" DateAdded="2022-07-28" BitRate="1411" SampleRate="44100" Comments="7A - 8" PlayCount="0" Rating="0" Location="file://localhost/Users/zachvp/Music/DJ/07%20-%20STARSTRUKK.aiff" Remixer="" Tonality="7A" Label="" Mix="">
      <TEMPO Inizio="0.308" Bpm="140.00" Metro="4/4" Battito="1" />
    </TRACK>
    <TRACK TrackID="213312876" Name="Richman" Artist="3OH!3" Composer="" Album="WANT (Deluxe)" Grouping="" Genre="zzz" Kind="AIFF File" Size="53259994" TotalTime="199" DiscNumber="1" TrackNumber="8" Year="2009" AverageBpm="81.00" DateAdded="2022-07-28" BitRate="1411" SampleRate="44100" Comments="6A - 7" PlayCount="0" Rating="0" Location="file://localhost/Users/zachvp/Music/DJ/08%20-%20RICHMAN.aiff" Remixer="" Tonality="6A" Label="" Mix="" />
    <TRACK TrackID="9237679" Name="Stillaround" Artist="3OH!3" Composer="" Album="WANT (Deluxe)" Grouping="" Genre="zzz" Kind="AIFF File" Size="50162416" TotalTime="187" DiscNumber="1" TrackNumber="10" Year="2009" AverageBpm="74.00" DateAdded="2022-07-28" BitRate="2116" SampleRate="44100" Comments="6B - 5" PlayCount="0" Rating="0" Location="file://localhost/Users/zachvp/Music/DJ/10%20-%20STILLAROUND.aiff" Remixer="" Tonality="6B" Label="" Mix="">
      <TEMPO Inizio="0.143" Bpm="74.00" Metro="4/4" Battito="1" />
    </TRACK>
    <TRACK TrackID="250159161" Name="Hollertilyoupassout" Artist="3OH!3" Composer="" Album="WANT (Deluxe)" Grouping="" Genre="zzz" Kind="AIFF File" Size="66775776" TotalTime="250" DiscNumber="1" TrackNumber="11" Year="2009" AverageBpm="150.00" DateAdded="2022-07-28" BitRate="1411" SampleRate="44100" Comments="9A - 7" PlayCount="0" Rating="0" Location="file://localhost/Users/zachvp/Music/DJ/11%20-%20HOLLERTILYOUPASSOUT.aiff" Remixer="" Tonality="9A" Label="" Mix="">
      <TEMPO Inizio="0.137" Bpm="150.00" Metro="4/4" Battito="1" />
      <TEMPO Inizio="93.738" Bpm="150.00" Metro="4/4" Battito="3" />
    </TRACK>
    <TRACK TrackID="105700146" Name="Coloradosunrise" Artist="3OH!3" Composer="" Album="WANT (Deluxe)" Grouping="" Genre="Lounge/Indie" Kind="AIFF File" Size="54078500" TotalTime="202" DiscNumber="1" TrackNumber="12" Year="2009" AverageBpm="150.00" DateAdded="2022-07-28" BitRate="1411" SampleRate="44100" Comments="2A - 7" PlayCount="4" Rating="0" Location="file://localhost/Users/zachvp/Music/DJ/12%20-%20COLORADOSUNRISE.aiff" Remixer="" Tonality="2A" Label="" Mix="">
      <TEMPO Inizio="0.154" Bpm="150.00" Metro="4/4" Battito="1" />
      <TEMPO Inizio="89.355" Bpm="150.00" Metro="4/4" Battito="4" />
      <POSITION_MARK Name="" Type="0" Start="0.151" Num="-1" />
    </TRACK>
    <TRACK TrackID="123049025" Name="Starstrukk (Feat. Katyperry)" Artist="3OH!3" Composer="" Album="WANT (Deluxe)" Grouping="" Genre="Lounge/Indie" Kind="AIFF File" Size="54184352" TotalTime="203" DiscNumber="1" TrackNumber="13" Year="2009" AverageBpm="140.00" DateAdded="2022-07-28" BitRate="1411" SampleRate="44100" Comments="7A - 8" PlayCount="0" Rating="0" Location="file://localhost/Users/zachvp/Music/DJ/13%20-%20STARSTRUKK%20(feat%20%20KATYPERRY).aiff" Remixer="" Tonality="7A" Label="" Mix="">
      <TEMPO Inizio="0.121" Bpm="140.00" Metro="4/4" Battito="1" />
    </TRACK>
    <TRACK TrackID="105690795" Name="Donttrustme (Feat. Kidcudi) [Bennyblancoremix]" Artist="3OH!3" Composer="" Album="WANT (Deluxe)" Grouping="" Genre="zzz" Kind="AIFF File" Size="52381562" TotalTime="196" DiscNumber="1" TrackNumber="14" Year="2009" AverageBpm="130.00" DateAdded="2022-07-28" BitRate="1411" SampleRate="44100" Comments="6A - 7" PlayCount="0" Rating="0" Location="file://localhost/Users/zachvp/Music/DJ/14%20-%20DONTTRUSTME%20(feat%20%20KIDCUDI)%20%20BENNYBLANCOREMIX.aiff" Remixer="" Tonality="6A" Label="" Mix="">
      <TEMPO Inizio="0.058" Bpm="130.00" Metro="4/4" Battito="4" />
    </TRACK>
    <TRACK TrackID="203475962" Name="Stillaround (Bigmix)" Artist="3OH!3" Composer="" Album="WANT (Deluxe)" Grouping="" Genre="zzz" Kind="AIFF File" Size="54904056" TotalTime="205" DiscNumber="1" TrackNumber="15" Year="2009" AverageBpm="148.00" DateAdded="2022-07-28" BitRate="1411" SampleRate="44100" Comments="6B - 7" PlayCount="0" Rating="0" Location="file://localhost/Users/zachvp/Music/DJ/15%20-%20STILLAROUND%20(BIGMIX).aiff" Remixer="" Tonality="6B" Label="" Mix="">
      <TEMPO Inizio="0.045" Bpm="148.00" Metro="4/4" Battito="1" />
      <TEMPO Inizio="0.451" Bpm="148.00" Metro="4/4" Battito="2" />
      <TEMPO Inizio="64.911" Bpm="148.00" Metro="4/4" Battito="1" />
    </TRACK>
    <TRACK TrackID="134438264" Name="Grateful Bezos (Christian Smalls Clapback)" Artist="sol_reason" Composer="" Album="Unknown Album" Grouping="" Genre="Samples" Kind="AIFF File" Size="13231326" TotalTime="50" DiscNumber="0" TrackNumber="0" Year="0" AverageBpm="0.00" DateAdded="2022-08-01" BitRate="2116" SampleRate="44100" Comments="10A - 4" PlayCount="1" Rating="0" Location="file://localhost/Users/zachvp/Music/DJ/bezos-great-take.aiff" Remixer="" Tonality="10A" Label="" Mix="" />
    <TRACK TrackID="251050936" Name="Nimble Girl" Artist="Hotel Eden" Composer="" Album="Rewind (full album)" Grouping="" Genre="Lounge/Indie" Kind="AIFF File" Size="47406701" TotalTime="263" DiscNumber="0" TrackNumber="1" Year="0" AverageBpm="87.00" DateAdded="2022-08-11" BitRate="1411" SampleRate="44100" Comments="10B - 4" PlayCount="3" Rating="0" Location="file://localhost/Users/zachvp/Music/DJ/01%20Nimble%20Girl.aif" Remixer="" Tonality="10B" Label="" Mix="">
      <TEMPO Inizio="0.132" Bpm="87.00" Metro="4/4" Battito="3" />
    </TRACK>
    <TRACK TrackID="20323508" Name="Photofinnish" Artist="3OH!3" Composer="" Album="WANT (Deluxe)" Grouping="" Genre="zzz" Kind="AIFF File" Size="41850885" TotalTime="234" DiscNumber="1" TrackNumber="9" Year="2009" AverageBpm="137.00" DateAdded="2022-08-11" BitRate="1411" SampleRate="44100" Comments="6A - 8" PlayCount="0" Rating="0" Location="file://localhost/Users/zachvp/Music/DJ/09%20PHOTOFINNISH.aif" Remixer="" Tonality="6A" Label="" Mix="">
      <TEMPO Inizio="0.206" Bpm="137.00" Metro="4/4" Battito="1" />
    </TRACK>
    <TRACK TrackID="181812438" Name="Over" Artist="Kathy Diamond" Composer="" Album="Miss Diamond To You" Grouping="" Genre="zzz" Kind="AIFF File" Size="61706978" TotalTime="349" DiscNumber="1" TrackNumber="8" Year="2006" AverageBpm="110.00" DateAdded="2022-08-14" BitRate="1411" SampleRate="44100" Comments="12A - 6" PlayCount="0" Rating="0" Location="file://localhost/Users/zachvp/Music/DJ/08%20Over.aif" Remixer="" Tonality="12A" Label="" Mix="">
      <TEMPO Inizio="0.018" Bpm="110.00" Metro="4/4" Battito="1" />
      <TEMPO Inizio="0.564" Bpm="110.00" Metro="4/4" Battito="2" />
    </TRACK>
    <TRACK TrackID="170579158" Name="H20gate Blues" Artist="Gil Scott-Heron" Composer="Gil Scott-Heron" Album="The Best Of Gil Scott-Heron" Grouping="" Genre="Lounge/" Kind="AIFF File" Size="89053715" TotalTime="504" DiscNumber="1" TrackNumber="15" Year="1975" AverageBpm="151.94" DateAdded="2022-08-14" BitRate="1411" SampleRate="44100" Comments="8A - 3" PlayCount="0" Rating="0" Location="file://localhost/Users/zachvp/Music/DJ/15%20H20gate%20Blues.aif" Remixer="" Tonality="8A" Label="" Mix="">
      <TEMPO Inizio="0.204" Bpm="151.94" Metro="4/4" Battito="4" />
    </TRACK>
    <TRACK TrackID="145357357" Name="Blue Collar" Artist="Gil Scott-Heron" Composer="Gil Scott-Heron" Album="The Best Of Gil Scott-Heron" Grouping="" Genre="Lounge/" Kind="AIFF File" Size="61196625" TotalTime="346" DiscNumber="1" TrackNumber="14" Year="1982" AverageBpm="90.79" DateAdded="2022-08-14" BitRate="1411" SampleRate="44100" Comments="8A - 5" PlayCount="4" Rating="0" Location="file://localhost/Users/zachvp/Music/DJ/14%20Blue%20Collar.aif" Remixer="" Tonality="8A" Label="" Mix="">
      <TEMPO Inizio="0.244" Bpm="90.79" Metro="4/4" Battito="2" />
    </TRACK>
    <TRACK TrackID="205103771" Name="'b' Movie (Intro, Poem, Song)" Artist="Gil Scott-Heron" Composer="Gil Scott-Heron" Album="The Best Of Gil Scott-Heron" Grouping="" Genre="Lounge/" Kind="AIFF File" Size="129616323" TotalTime="734" DiscNumber="1" TrackNumber="13" Year="1981" AverageBpm="95.17" DateAdded="2022-08-14" BitRate="1411" SampleRate="44100" Comments="8A - 6" PlayCount="0" Rating="0" Location="file://localhost/Users/zachvp/Music/DJ/13%20%27b%27%20Movie%20(Intro,%20Poem,%20Song).aif" Remixer="" Tonality="8A" Label="" Mix="">
      <TEMPO Inizio="0.616" Bpm="95.17" Metro="4/4" Battito="1" />
      <TEMPO Inizio="1.247" Bpm="95.17" Metro="4/4" Battito="2" />
      <TEMPO Inizio="8.813" Bpm="95.17" Metro="4/4" Battito="2" />
      <TEMPO Inizio="22.053" Bpm="95.17" Metro="4/4" Battito="3" />
      <TEMPO Inizio="35.293" Bpm="95.17" Metro="4/4" Battito="4" />
      <TEMPO Inizio="42.859" Bpm="95.17" Metro="4/4" Battito="4" />
      <TEMPO Inizio="56.099" Bpm="95.17" Metro="4/4" Battito="1" />
      <TEMPO Inizio="69.339" Bpm="95.17" Metro="4/4" Battito="2" />
      <TEMPO Inizio="82.579" Bpm="95.17" Metro="4/4" Battito="3" />
      <TEMPO Inizio="95.819" Bpm="95.17" Metro="4/4" Battito="4" />
      <TEMPO Inizio="103.385" Bpm="95.17" Metro="4/4" Battito="4" />
      <TEMPO Inizio="116.625" Bpm="95.17" Metro="4/4" Battito="1" />
      <TEMPO Inizio="129.865" Bpm="95.17" Metro="4/4" Battito="2" />
      <TEMPO Inizio="143.105" Bpm="95.17" Metro="4/4" Battito="3" />
      <TEMPO Inizio="156.345" Bpm="95.17" Metro="4/4" Battito="4" />
      <TEMPO Inizio="163.911" Bpm="95.17" Metro="4/4" Battito="4" />
      <TEMPO Inizio="177.151" Bpm="95.17" Metro="4/4" Battito="1" />
      <TEMPO Inizio="190.391" Bpm="95.17" Metro="4/4" Battito="2" />
      <TEMPO Inizio="203.631" Bpm="95.17" Metro="4/4" Battito="3" />
      <TEMPO Inizio="216.871" Bpm="95.17" Metro="4/4" Battito="4" />
      <TEMPO Inizio="224.437" Bpm="95.17" Metro="4/4" Battito="4" />
      <TEMPO Inizio="237.677" Bpm="95.17" Metro="4/4" Battito="1" />
      <TEMPO Inizio="250.917" Bpm="95.17" Metro="4/4" Battito="2" />
      <TEMPO Inizio="264.157" Bpm="95.17" Metro="4/4" Battito="3" />
      <TEMPO Inizio="277.397" Bpm="95.17" Metro="4/4" Battito="4" />
      <TEMPO Inizio="290.637" Bpm="95.17" Metro="4/4" Battito="1" />
      <TEMPO Inizio="299.464" Bpm="95.17" Metro="4/4" Battito="3" />
      <TEMPO Inizio="312.704" Bpm="95.17" Metro="4/4" Battito="4" />
      <TEMPO Inizio="325.944" Bpm="95.17" Metro="4/4" Battito="1" />
      <TEMPO Inizio="339.184" Bpm="95.17" Metro="4/4" Battito="2" />
      <TEMPO Inizio="352.424" Bpm="95.17" Metro="4/4" Battito="3" />
      <TEMPO Inizio="359.990" Bpm="95.17" Metro="4/4" Battito="3" />
      <TEMPO Inizio="373.230" Bpm="95.17" Metro="4/4" Battito="4" />
      <TEMPO Inizio="386.470" Bpm="95.17" Metro="4/4" Battito="1" />
      <TEMPO Inizio="399.710" Bpm="95.17" Metro="4/4" Battito="2" />
      <TEMPO Inizio="412.950" Bpm="95.17" Metro="4/4" Battito="3" />
      <TEMPO Inizio="426.190" Bpm="95.17" Metro="4/4" Battito="4" />
      <TEMPO Inizio="433.756" Bpm="95.17" Metro="4/4" Battito="4" />
      <TEMPO Inizio="446.996" Bpm="95.17" Metro="4/4" Battito="1" />
      <TEMPO Inizio="460.236" Bpm="95.17" Metro="4/4" Battito="2" />
      <TEMPO Inizio="473.476" Bpm="95.17" Metro="4/4" Battito="3" />
      <TEMPO Inizio="486.716" Bpm="95.17" Metro="4/4" Battito="4" />
      <TEMPO Inizio="499.956" Bpm="95.17" Metro="4/4" Battito="1" />
      <TEMPO Inizio="507.522" Bpm="95.17" Metro="4/4" Battito="1" />
      <TEMPO Inizio="520.762" Bpm="95.17" Metro="4/4" Battito="2" />
      <TEMPO Inizio="534.002" Bpm="95.17" Metro="4/4" Battito="3" />
      <TEMPO Inizio="547.242" Bpm="95.17" Metro="4/4" Battito="4" />
      <TEMPO Inizio="560.482" Bpm="95.17" Metro="4/4" Battito="1" />
      <TEMPO Inizio="568.048" Bpm="95.17" Metro="4/4" Battito="1" />
      <TEMPO Inizio="581.288" Bpm="95.17" Metro="4/4" Battito="2" />
      <TEMPO Inizio="594.528" Bpm="95.17" Metro="4/4" Battito="3" />
      <TEMPO Inizio="607.768" Bpm="95.17" Metro="4/4" Battito="4" />
      <TEMPO Inizio="621.008" Bpm="95.17" Metro="4/4" Battito="1" />
      <TEMPO Inizio="628.574" Bpm="95.17" Metro="4/4" Battito="1" />
      <TEMPO Inizio="641.814" Bpm="95.17" Metro="4/4" Battito="2" />
      <TEMPO Inizio="655.054" Bpm="95.17" Metro="4/4" Battito="3" />
      <TEMPO Inizio="668.294" Bpm="95.17" Metro="4/4" Battito="4" />
      <TEMPO Inizio="681.534" Bpm="95.17" Metro="4/4" Battito="1" />
      <TEMPO Inizio="689.100" Bpm="95.17" Metro="4/4" Battito="1" />
      <TEMPO Inizio="702.340" Bpm="95.17" Metro="4/4" Battito="2" />
      <TEMPO Inizio="715.580" Bpm="95.17" Metro="4/4" Battito="3" />
      <TEMPO Inizio="728.820" Bpm="95.17" Metro="4/4" Battito="4" />
    </TRACK>
    <TRACK TrackID="249113927" Name="Back Home" Artist="Gil Scott-Heron" Composer="Gil Scott-Heron &amp; Brian Jackson" Album="The Best Of Gil Scott-Heron" Grouping="" Genre="Lounge/" Kind="AIFF File" Size="30368975" TotalTime="172" DiscNumber="1" TrackNumber="12" Year="1975" AverageBpm="113.70" DateAdded="2022-08-14" BitRate="1411" SampleRate="44100" Comments="10B - 4" PlayCount="0" Rating="0" Location="file://localhost/Users/zachvp/Music/DJ/12%20Back%20Home.aif" Remixer="" Tonality="10B" Label="" Mix="">
      <TEMPO Inizio="0.081" Bpm="113.70" Metro="4/4" Battito="1" />
    </TRACK>
    <TRACK TrackID="152233044" Name="Did You Hear What They Said?" Artist="Gil Scott-Heron" Composer="Gil Scott-Heron &amp; Brian Jackson" Album="The Best Of Gil Scott-Heron" Grouping="" Genre="Lounge/" Kind="AIFF File" Size="37147458" TotalTime="210" DiscNumber="1" TrackNumber="11" Year="1972" AverageBpm="137.52" DateAdded="2022-08-14" BitRate="1411" SampleRate="44100" Comments="9A - 4" PlayCount="0" Rating="0" Location="file://localhost/Users/zachvp/Music/DJ/11%20Did%20You%20Hear%20What%20They%20Said_.aif" Remixer="" Tonality="9A" Label="" Mix="">
      <TEMPO Inizio="0.009" Bpm="137.52" Metro="4/4" Battito="3" />
      <TEMPO Inizio="0.446" Bpm="137.52" Metro="4/4" Battito="4" />
      <TEMPO Inizio="12.663" Bpm="137.52" Metro="4/4" Battito="4" />
      <TEMPO Inizio="33.606" Bpm="137.52" Metro="4/4" Battito="4" />
      <TEMPO Inizio="50.186" Bpm="137.52" Metro="4/4" Battito="2" />
      <TEMPO Inizio="66.766" Bpm="137.52" Metro="4/4" Battito="4" />
      <TEMPO Inizio="83.346" Bpm="137.52" Metro="4/4" Battito="2" />
      <TEMPO Inizio="104.289" Bpm="137.52" Metro="4/4" Battito="2" />
      <TEMPO Inizio="120.869" Bpm="137.52" Metro="4/4" Battito="4" />
      <TEMPO Inizio="137.449" Bpm="137.52" Metro="4/4" Battito="2" />
      <TEMPO Inizio="154.029" Bpm="137.52" Metro="4/4" Battito="4" />
      <TEMPO Inizio="174.972" Bpm="137.52" Metro="4/4" Battito="4" />
      <TEMPO Inizio="191.552" Bpm="137.52" Metro="4/4" Battito="2" />
      <TEMPO Inizio="208.132" Bpm="137.52" Metro="4/4" Battito="4" />
    </TRACK>
    <TRACK TrackID="220125967" Name="Home Is Where The Hatred Is" Artist="Gil Scott-Heron" Composer="Gil Scott-Heron" Album="The Best Of Gil Scott-Heron" Grouping="" Genre="Lounge/" Kind="AIFF File" Size="35569249" TotalTime="201" DiscNumber="1" TrackNumber="10" Year="1971" AverageBpm="98.31" DateAdded="2022-08-14" BitRate="1411" SampleRate="44100" Comments="7A - 4" PlayCount="0" Rating="0" Location="file://localhost/Users/zachvp/Music/DJ/10%20Home%20Is%20Where%20The%20Hatred%20Is.aif" Remixer="" Tonality="7A" Label="" Mix="">
      <TEMPO Inizio="0.496" Bpm="98.31" Metro="4/4" Battito="1" />
      <TEMPO Inizio="6.600" Bpm="98.31" Metro="4/4" Battito="3" />
      <TEMPO Inizio="23.079" Bpm="98.31" Metro="4/4" Battito="2" />
      <TEMPO Inizio="29.793" Bpm="98.31" Metro="4/4" Battito="1" />
      <TEMPO Inizio="42.000" Bpm="98.31" Metro="4/4" Battito="1" />
      <TEMPO Inizio="58.479" Bpm="98.31" Metro="4/4" Battito="4" />
      <TEMPO Inizio="65.193" Bpm="98.31" Metro="4/4" Battito="3" />
      <TEMPO Inizio="81.672" Bpm="98.31" Metro="4/4" Battito="2" />
      <TEMPO Inizio="88.386" Bpm="98.31" Metro="4/4" Battito="1" />
      <TEMPO Inizio="104.865" Bpm="98.31" Metro="4/4" Battito="4" />
      <TEMPO Inizio="111.579" Bpm="98.31" Metro="4/4" Battito="3" />
      <TEMPO Inizio="123.786" Bpm="98.31" Metro="4/4" Battito="3" />
      <TEMPO Inizio="140.265" Bpm="98.31" Metro="4/4" Battito="2" />
      <TEMPO Inizio="146.979" Bpm="98.31" Metro="4/4" Battito="1" />
      <TEMPO Inizio="163.458" Bpm="98.31" Metro="4/4" Battito="4" />
      <TEMPO Inizio="170.172" Bpm="98.31" Metro="4/4" Battito="3" />
      <TEMPO Inizio="186.651" Bpm="98.31" Metro="4/4" Battito="2" />
      <TEMPO Inizio="193.365" Bpm="98.31" Metro="4/4" Battito="1" />
    </TRACK>
    <TRACK TrackID="25461634" Name="Pieces Of A Man" Artist="Gil Scott-Heron" Composer="Gil Scott-Heron &amp; Brian Jackson" Album="The Best Of Gil Scott-Heron" Grouping="" Genre="Lounge/" Kind="AIFF File" Size="52233172" TotalTime="296" DiscNumber="1" TrackNumber="9" Year="1971" AverageBpm="139.44" DateAdded="2022-08-14" BitRate="1411" SampleRate="44100" Comments="8B - 3" PlayCount="0" Rating="0" Location="file://localhost/Users/zachvp/Music/DJ/09%20Pieces%20Of%20A%20Man.aif" Remixer="" Tonality="8B" Label="" Mix="">
      <TEMPO Inizio="0.422" Bpm="139.45" Metro="4/4" Battito="1" />
      <TEMPO Inizio="0.853" Bpm="139.45" Metro="4/4" Battito="2" />
      <TEMPO Inizio="27.960" Bpm="139.45" Metro="4/4" Battito="1" />
      <TEMPO Inizio="91.209" Bpm="139.45" Metro="4/4" Battito="4" />
      <TEMPO Inizio="136.387" Bpm="139.45" Metro="4/4" Battito="1" />
      <TEMPO Inizio="196.194" Bpm="139.45" Metro="4/4" Battito="4" />
      <TEMPO Inizio="259.443" Bpm="139.45" Metro="4/4" Battito="3" />
    </TRACK>
    <TRACK TrackID="189687521" Name="Free Will" Artist="Gil Scott-Heron" Composer="Gil Scott-Heron &amp; Brian Jackson" Album="The Best Of Gil Scott-Heron" Grouping="" Genre="Lounge/" Kind="AIFF File" Size="39111358" TotalTime="221" DiscNumber="1" TrackNumber="8" Year="1972" AverageBpm="80.52" DateAdded="2022-08-14" BitRate="1411" SampleRate="44100" Comments="8A - 4" PlayCount="0" Rating="0" Location="file://localhost/Users/zachvp/Music/DJ/08%20Free%20Will.aif" Remixer="" Tonality="8A" Label="" Mix="">
      <TEMPO Inizio="0.509" Bpm="80.52" Metro="4/4" Battito="1" />
      <TEMPO Inizio="2.745" Bpm="80.52" Metro="4/4" Battito="4" />
      <TEMPO Inizio="22.118" Bpm="80.52" Metro="4/4" Battito="2" />
      <TEMPO Inizio="41.491" Bpm="80.52" Metro="4/4" Battito="4" />
      <TEMPO Inizio="66.825" Bpm="80.52" Metro="4/4" Battito="2" />
      <TEMPO Inizio="86.198" Bpm="80.52" Metro="4/4" Battito="4" />
      <TEMPO Inizio="105.571" Bpm="80.52" Metro="4/4" Battito="2" />
      <TEMPO Inizio="130.905" Bpm="80.52" Metro="4/4" Battito="4" />
      <TEMPO Inizio="150.278" Bpm="80.52" Metro="4/4" Battito="2" />
      <TEMPO Inizio="169.651" Bpm="80.52" Metro="4/4" Battito="4" />
      <TEMPO Inizio="194.985" Bpm="80.52" Metro="4/4" Battito="2" />
      <TEMPO Inizio="214.358" Bpm="80.52" Metro="4/4" Battito="4" />
    </TRACK>
    <TRACK TrackID="56495100" Name="No Exit" Artist="Gil Scott-Heron" Composer="Gil Scott-Heron" Album="The Best Of Gil Scott-Heron" Grouping="" Genre="Lounge/" Kind="AIFF File" Size="43533100" TotalTime="246" DiscNumber="1" TrackNumber="7" Year="1982" AverageBpm="121.67" DateAdded="2022-08-14" BitRate="1411" SampleRate="44100" Comments="7A - 7" PlayCount="0" Rating="0" Location="file://localhost/Users/zachvp/Music/DJ/07%20No%20Exit.aif" Remixer="" Tonality="7A" Label="" Mix="">
      <TEMPO Inizio="0.135" Bpm="121.67" Metro="4/4" Battito="1" />
      <TEMPO Inizio="111.583" Bpm="121.67" Metro="4/4" Battito="3" />
      <TEMPO Inizio="183.580" Bpm="121.67" Metro="4/4" Battito="1" />
    </TRACK>
    <TRACK TrackID="212617937" Name="Storm Music" Artist="Gil Scott-Heron" Composer="Gil Scott-Heron" Album="The Best Of Gil Scott-Heron" Grouping="" Genre="Lounge/" Kind="AIFF File" Size="51915632" TotalTime="294" DiscNumber="1" TrackNumber="6" Year="1981" AverageBpm="127.57" DateAdded="2022-08-14" BitRate="1411" SampleRate="44100" Comments="7A - 5" PlayCount="0" Rating="0" Location="file://localhost/Users/zachvp/Music/DJ/06%20Storm%20Music.aif" Remixer="" Tonality="7A" Label="" Mix="">
      <TEMPO Inizio="0.152" Bpm="127.57" Metro="4/4" Battito="3" />
      <TEMPO Inizio="0.623" Bpm="127.57" Metro="4/4" Battito="4" />
      <TEMPO Inizio="25.551" Bpm="127.57" Metro="4/4" Battito="1" />
      <TEMPO Inizio="58.945" Bpm="127.57" Metro="4/4" Battito="4" />
      <TEMPO Inizio="105.038" Bpm="127.57" Metro="4/4" Battito="2" />
      <TEMPO Inizio="149.720" Bpm="127.57" Metro="4/4" Battito="1" />
      <TEMPO Inizio="198.635" Bpm="127.57" Metro="4/4" Battito="1" />
      <TEMPO Inizio="247.550" Bpm="127.57" Metro="4/4" Battito="1" />
    </TRACK>
    <TRACK TrackID="162434191" Name="The Get Out Of The Getto Blues" Artist="Gil Scott-Heron" Composer="Gil Scott-Heron &amp; Brian Jackson" Album="The Best Of Gil Scott-Heron" Grouping="" Genre="Lounge/" Kind="AIFF File" Size="54578131" TotalTime="309" DiscNumber="1" TrackNumber="5" Year="1972" AverageBpm="98.62" DateAdded="2022-08-14" BitRate="1411" SampleRate="44100" Comments="9B - 4" PlayCount="0" Rating="0" Location="file://localhost/Users/zachvp/Music/DJ/05%20The%20Get%20Out%20Of%20The%20Getto%20Blues.aif" Remixer="" Tonality="9B" Label="" Mix="">
      <TEMPO Inizio="0.010" Bpm="98.62" Metro="4/4" Battito="4" />
      <TEMPO Inizio="75.450" Bpm="98.62" Metro="4/4" Battito="4" />
      <TEMPO Inizio="127.771" Bpm="98.62" Metro="4/4" Battito="2" />
      <TEMPO Inizio="183.134" Bpm="98.62" Metro="4/4" Battito="1" />
      <TEMPO Inizio="238.497" Bpm="98.62" Metro="4/4" Battito="4" />
      <TEMPO Inizio="290.818" Bpm="98.62" Metro="4/4" Battito="2" />
    </TRACK>
    <TRACK TrackID="225640920" Name="Washington D.C." Artist="Gil Scott-Heron" Composer="Gil Scott-Heron" Album="The Best Of Gil Scott-Heron" Grouping="" Genre="Lounge/" Kind="AIFF File" Size="46188516" TotalTime="261" DiscNumber="1" TrackNumber="4" Year="1982" AverageBpm="103.02" DateAdded="2022-08-14" BitRate="1411" SampleRate="44100" Comments="7A - 5" PlayCount="0" Rating="0" Location="file://localhost/Users/zachvp/Music/DJ/04%20Washington%20D.C..aif" Remixer="" Tonality="7A" Label="" Mix="">
      <TEMPO Inizio="0.485" Bpm="103.02" Metro="4/4" Battito="1" />
      <TEMPO Inizio="52.901" Bpm="103.02" Metro="4/4" Battito="3" />
      <TEMPO Inizio="105.317" Bpm="103.02" Metro="4/4" Battito="1" />
      <TEMPO Inizio="153.656" Bpm="103.02" Metro="4/4" Battito="4" />
      <TEMPO Inizio="206.072" Bpm="103.02" Metro="4/4" Battito="2" />
      <TEMPO Inizio="254.411" Bpm="103.02" Metro="4/4" Battito="1" />
    </TRACK>
    <TRACK TrackID="189930003" Name="Lady Day &amp; John Coltrane" Artist="Gil Scott-Heron" Composer="Gil Scott-Heron" Album="The Best Of Gil Scott-Heron" Grouping="" Genre="Lounge/" Kind="AIFF File" Size="38241117" TotalTime="216" DiscNumber="1" TrackNumber="3" Year="1971" AverageBpm="149.59" DateAdded="2022-08-14" BitRate="1411" SampleRate="44100" Comments="5A - 4" PlayCount="3" Rating="0" Location="file://localhost/Users/zachvp/Music/DJ/03%20Lady%20Day%20%26%20John%20Coltrane.aif" Remixer="" Tonality="5A" Label="" Mix="">
      <TEMPO Inizio="0.207" Bpm="149.59" Metro="4/4" Battito="1" />
      <TEMPO Inizio="1.411" Bpm="149.59" Metro="4/4" Battito="4" />
      <POSITION_MARK Name="" Type="0" Start="0.225" Num="-1" />
    </TRACK>
    <TRACK TrackID="176143524" Name="The Revolution Will Not Be Televised" Artist="Gil Scott-Heron" Composer="Gil Scott-Heron" Album="The Best Of Gil Scott-Heron" Grouping="" Genre="Lounge/" Kind="AIFF File" Size="33276057" TotalTime="188" DiscNumber="1" TrackNumber="2" Year="1971" AverageBpm="87.78" DateAdded="2022-08-14" BitRate="1411" SampleRate="44100" Comments="12A - 4" PlayCount="1" Rating="0" Location="file://localhost/Users/zachvp/Music/DJ/02%20The%20Revolution%20Will%20Not%20Be%20Televised.aif" Remixer="" Tonality="12A" Label="" Mix="">
      <TEMPO Inizio="0.448" Bpm="87.78" Metro="4/4" Battito="1" />
    </TRACK>
    <TRACK TrackID="60603979" Name="The Bottle" Artist="Gil Scott-Heron" Composer="Gil Scott-Heron" Album="The Best Of Gil Scott-Heron" Grouping="" Genre="Lounge/" Kind="AIFF File" Size="55827007" TotalTime="316" DiscNumber="1" TrackNumber="1" Year="1974" AverageBpm="113.08" DateAdded="2022-08-14" BitRate="1411" SampleRate="44100" Comments="8A - 5" PlayCount="1" Rating="0" Location="file://localhost/Users/zachvp/Music/DJ/01%20The%20Bottle.aif" Remixer="" Tonality="8A" Label="" Mix="">
      <TEMPO Inizio="0.479" Bpm="113.08" Metro="4/4" Battito="1" />
    </TRACK>
    <TRACK TrackID="72373921" Name="Year Of Tha Boomerang" Artist="Rage Against The Machine" Composer="Rage Against The Machine" Album="Evil Empire" Grouping="" Genre="Lounge/Rock" Kind="AIFF File" Size="42274797" TotalTime="239" DiscNumber="1" TrackNumber="11" Year="1996" AverageBpm="86.57" DateAdded="2022-08-14" BitRate="1411" SampleRate="44100" Comments="9A - 5" PlayCount="3" Rating="0" Location="file://localhost/Users/zachvp/Music/DJ/11%20Year%20Of%20Tha%20Boomerang.aif" Remixer="" Tonality="9A" Label="" Mix="">
      <TEMPO Inizio="0.158" Bpm="86.57" Metro="4/4" Battito="2" />
      <TEMPO Inizio="4.317" Bpm="86.57" Metro="4/4" Battito="4" />
      <TEMPO Inizio="16.100" Bpm="86.57" Metro="4/4" Battito="1" />
      <TEMPO Inizio="28.576" Bpm="86.57" Metro="4/4" Battito="3" />
      <TEMPO Inizio="40.359" Bpm="86.57" Metro="4/4" Battito="4" />
      <TEMPO Inizio="52.142" Bpm="86.57" Metro="4/4" Battito="1" />
      <TEMPO Inizio="64.618" Bpm="86.57" Metro="4/4" Battito="3" />
      <TEMPO Inizio="76.401" Bpm="86.57" Metro="4/4" Battito="4" />
      <TEMPO Inizio="88.184" Bpm="86.57" Metro="4/4" Battito="1" />
      <TEMPO Inizio="100.660" Bpm="86.57" Metro="4/4" Battito="3" />
      <TEMPO Inizio="111.750" Bpm="86.57" Metro="4/4" Battito="3" />
      <TEMPO Inizio="124.226" Bpm="86.57" Metro="4/4" Battito="1" />
      <TEMPO Inizio="136.009" Bpm="86.57" Metro="4/4" Battito="2" />
      <TEMPO Inizio="147.792" Bpm="86.57" Metro="4/4" Battito="3" />
      <TEMPO Inizio="160.268" Bpm="86.57" Metro="4/4" Battito="1" />
      <TEMPO Inizio="172.051" Bpm="86.57" Metro="4/4" Battito="2" />
      <TEMPO Inizio="183.834" Bpm="86.57" Metro="4/4" Battito="3" />
      <TEMPO Inizio="196.310" Bpm="86.57" Metro="4/4" Battito="1" />
      <TEMPO Inizio="207.400" Bpm="86.57" Metro="4/4" Battito="1" />
      <TEMPO Inizio="219.876" Bpm="86.57" Metro="4/4" Battito="3" />
      <TEMPO Inizio="231.659" Bpm="86.57" Metro="4/4" Battito="4" />
      <POSITION_MARK Name="" Type="0" Start="43.793" Num="-1" />
    </TRACK>
    <TRACK TrackID="122483973" Name="Roll Right" Artist="Rage Against The Machine" Composer="Rage Against The Machine" Album="Evil Empire" Grouping="" Genre="Lounge/Rock" Kind="AIFF File" Size="46313170" TotalTime="262" DiscNumber="1" TrackNumber="10" Year="1996" AverageBpm="86.39" DateAdded="2022-08-14" BitRate="1411" SampleRate="44100" Comments="9A - 5" PlayCount="0" Rating="0" Location="file://localhost/Users/zachvp/Music/DJ/10%20Roll%20Right.aif" Remixer="" Tonality="9A" Label="" Mix="">
      <TEMPO Inizio="0.335" Bpm="86.39" Metro="4/4" Battito="1" />
    </TRACK>
    <TRACK TrackID="128619253" Name="Wind Below" Artist="Rage Against The Machine" Composer="Rage Against The Machine" Album="Evil Empire" Grouping="" Genre="Lounge/Rock" Kind="AIFF File" Size="61817553" TotalTime="350" DiscNumber="1" TrackNumber="9" Year="1996" AverageBpm="138.79" DateAdded="2022-08-14" BitRate="1411" SampleRate="44100" Comments="9A - 6" PlayCount="1" Rating="0" Location="file://localhost/Users/zachvp/Music/DJ/09%20Wind%20Below.aif" Remixer="" Tonality="9A" Label="" Mix="">
      <TEMPO Inizio="0.151" Bpm="138.79" Metro="4/4" Battito="3" />
      <TEMPO Inizio="26.090" Bpm="138.79" Metro="4/4" Battito="3" />
      <TEMPO Inizio="46.409" Bpm="138.79" Metro="4/4" Battito="2" />
      <TEMPO Inizio="66.728" Bpm="138.79" Metro="4/4" Battito="1" />
      <TEMPO Inizio="92.667" Bpm="138.79" Metro="4/4" Battito="1" />
      <TEMPO Inizio="118.606" Bpm="138.79" Metro="4/4" Battito="1" />
      <TEMPO Inizio="138.925" Bpm="138.79" Metro="4/4" Battito="4" />
      <TEMPO Inizio="159.244" Bpm="138.79" Metro="4/4" Battito="3" />
      <TEMPO Inizio="185.183" Bpm="138.79" Metro="4/4" Battito="3" />
      <TEMPO Inizio="205.502" Bpm="138.79" Metro="4/4" Battito="2" />
      <TEMPO Inizio="225.821" Bpm="138.79" Metro="4/4" Battito="1" />
      <TEMPO Inizio="251.760" Bpm="138.79" Metro="4/4" Battito="1" />
      <TEMPO Inizio="277.699" Bpm="138.79" Metro="4/4" Battito="1" />
      <TEMPO Inizio="298.018" Bpm="138.79" Metro="4/4" Battito="4" />
      <TEMPO Inizio="318.337" Bpm="138.79" Metro="4/4" Battito="3" />
      <TEMPO Inizio="344.276" Bpm="138.79" Metro="4/4" Battito="3" />
    </TRACK>
    <TRACK TrackID="97761769" Name="Without A Face" Artist="Rage Against The Machine" Composer="Rage Against The Machine" Album="Evil Empire" Grouping="" Genre="Lounge/Rock" Kind="AIFF File" Size="38264629" TotalTime="216" DiscNumber="1" TrackNumber="8" Year="1996" AverageBpm="91.75" DateAdded="2022-08-14" BitRate="1411" SampleRate="44100" Comments="6A - 5" PlayCount="6" Rating="0" Location="file://localhost/Users/zachvp/Music/DJ/08%20Without%20A%20Face.aif" Remixer="" Tonality="6A" Label="" Mix="">
      <TEMPO Inizio="0.277" Bpm="91.75" Metro="4/4" Battito="1" />
      <POSITION_MARK Name="" Type="0" Start="0.137" Num="-1" />
      <POSITION_MARK Name="" Type="0" Start="110.776" Num="-1" />
    </TRACK>
    <TRACK TrackID="162843380" Name="Down Rodeo" Artist="Rage Against The Machine" Composer="Rage Against The Machine" Album="Evil Empire" Grouping="" Genre="Lounge/Rock" Kind="AIFF File" Size="56560833" TotalTime="320" DiscNumber="1" TrackNumber="7" Year="1996" AverageBpm="85.48" DateAdded="2022-08-14" BitRate="1411" SampleRate="44100" Comments="9A - 6" PlayCount="0" Rating="0" Location="file://localhost/Users/zachvp/Music/DJ/07%20Down%20Rodeo.aif" Remixer="" Tonality="9A" Label="" Mix="">
      <TEMPO Inizio="0.167" Bpm="85.48" Metro="4/4" Battito="1" />
    </TRACK>
    <TRACK TrackID="76682789" Name="Tire Me" Artist="Rage Against The Machine" Composer="Rage Against The Machine" Album="Evil Empire" Grouping="" Genre="Lounge/Rock" Kind="AIFF File" Size="31796622" TotalTime="180" DiscNumber="1" TrackNumber="6" Year="1996" AverageBpm="164.05" DateAdded="2022-08-14" BitRate="1411" SampleRate="44100" Comments="7A - 5" PlayCount="0" Rating="0" Location="file://localhost/Users/zachvp/Music/DJ/06%20Tire%20Me.aif" Remixer="" Tonality="7A" Label="" Mix="">
      <TEMPO Inizio="0.285" Bpm="164.05" Metro="4/4" Battito="4" />
    </TRACK>
    <TRACK TrackID="226769642" Name="Snake Charmer" Artist="Rage Against The Machine" Composer="Rage Against The Machine" Album="Evil Empire" Grouping="" Genre="Lounge/Rock" Kind="AIFF File" Size="41773812" TotalTime="236" DiscNumber="1" TrackNumber="5" Year="1996" AverageBpm="136.71" DateAdded="2022-08-14" BitRate="1411" SampleRate="44100" Comments="7A - 7" PlayCount="0" Rating="0" Location="file://localhost/Users/zachvp/Music/DJ/05%20Snake%20Charmer.aif" Remixer="" Tonality="7A" Label="" Mix="" />
    <TRACK TrackID="151664508" Name="Revolver" Artist="Rage Against The Machine" Composer="Rage Against The Machine" Album="Evil Empire" Grouping="" Genre="Lounge/Rock" Kind="AIFF File" Size="58037887" TotalTime="328" DiscNumber="1" TrackNumber="4" Year="1996" AverageBpm="141.44" DateAdded="2022-08-14" BitRate="1411" SampleRate="44100" Comments="7A - 5" PlayCount="0" Rating="0" Location="file://localhost/Users/zachvp/Music/DJ/04%20Revolver.aif" Remixer="" Tonality="7A" Label="" Mix="">
      <TEMPO Inizio="0.059" Bpm="141.44" Metro="4/4" Battito="3" />
      <TEMPO Inizio="15.331" Bpm="141.44" Metro="4/4" Battito="3" />
      <TEMPO Inizio="36.542" Bpm="141.44" Metro="4/4" Battito="1" />
      <TEMPO Inizio="57.753" Bpm="141.44" Metro="4/4" Battito="3" />
      <TEMPO Inizio="73.025" Bpm="141.44" Metro="4/4" Battito="3" />
      <TEMPO Inizio="96.357" Bpm="141.44" Metro="4/4" Battito="2" />
      <TEMPO Inizio="117.568" Bpm="141.44" Metro="4/4" Battito="4" />
      <TEMPO Inizio="136.658" Bpm="141.44" Metro="4/4" Battito="1" />
      <TEMPO Inizio="159.990" Bpm="141.44" Metro="4/4" Battito="4" />
      <TEMPO Inizio="175.262" Bpm="141.44" Metro="4/4" Battito="4" />
      <TEMPO Inizio="198.594" Bpm="141.44" Metro="4/4" Battito="3" />
      <TEMPO Inizio="213.866" Bpm="141.44" Metro="4/4" Battito="3" />
      <TEMPO Inizio="235.077" Bpm="141.44" Metro="4/4" Battito="1" />
      <TEMPO Inizio="256.288" Bpm="141.44" Metro="4/4" Battito="3" />
      <TEMPO Inizio="277.499" Bpm="141.44" Metro="4/4" Battito="1" />
      <TEMPO Inizio="298.710" Bpm="141.44" Metro="4/4" Battito="3" />
      <TEMPO Inizio="313.982" Bpm="141.44" Metro="4/4" Battito="3" />
    </TRACK>
    <TRACK TrackID="80112053" Name="Vietnow" Artist="Rage Against The Machine" Composer="Rage Against The Machine" Album="Evil Empire" Grouping="" Genre="Lounge/Rock" Kind="AIFF File" Size="49281390" TotalTime="279" DiscNumber="1" TrackNumber="3" Year="1996" AverageBpm="107.49" DateAdded="2022-08-14" BitRate="1411" SampleRate="44100" Comments="11A - 7" PlayCount="1" Rating="0" Location="file://localhost/Users/zachvp/Music/DJ/03%20Vietnow.aif" Remixer="" Tonality="11A" Label="" Mix="">
      <TEMPO Inizio="0.260" Bpm="107.49" Metro="4/4" Battito="1" />
      <TEMPO Inizio="7.517" Bpm="107.49" Metro="4/4" Battito="2" />
      <TEMPO Inizio="28.729" Bpm="107.49" Metro="4/4" Battito="4" />
      <TEMPO Inizio="50.499" Bpm="107.49" Metro="4/4" Battito="3" />
      <TEMPO Inizio="68.920" Bpm="107.49" Metro="4/4" Battito="4" />
      <TEMPO Inizio="90.690" Bpm="107.49" Metro="4/4" Battito="3" />
      <TEMPO Inizio="106.320" Bpm="107.49" Metro="4/4" Battito="3" />
      <TEMPO Inizio="128.090" Bpm="107.49" Metro="4/4" Battito="2" />
      <TEMPO Inizio="149.302" Bpm="107.49" Metro="4/4" Battito="4" />
      <TEMPO Inizio="171.072" Bpm="107.49" Metro="4/4" Battito="3" />
      <TEMPO Inizio="192.284" Bpm="107.49" Metro="4/4" Battito="1" />
      <TEMPO Inizio="214.054" Bpm="107.49" Metro="4/4" Battito="4" />
      <TEMPO Inizio="232.475" Bpm="107.49" Metro="4/4" Battito="1" />
      <TEMPO Inizio="254.245" Bpm="107.49" Metro="4/4" Battito="4" />
      <TEMPO Inizio="269.875" Bpm="107.49" Metro="4/4" Battito="4" />
    </TRACK>
    <TRACK TrackID="2435248" Name="Bulls On Parade" Artist="Rage Against The Machine" Composer="Rage Against The Machine" Album="Evil Empire" Grouping="" Genre="Lounge/Rock" Kind="AIFF File" Size="40809494" TotalTime="231" DiscNumber="1" TrackNumber="2" Year="1996" AverageBpm="85.13" DateAdded="2022-08-14" BitRate="1411" SampleRate="44100" Comments="4A - 6" PlayCount="0" Rating="0" Location="file://localhost/Users/zachvp/Music/DJ/02%20Bulls%20On%20Parade.aif" Remixer="" Tonality="4A" Label="" Mix="">
      <TEMPO Inizio="0.447" Bpm="85.13" Metro="4/4" Battito="1" />
    </TRACK>
    <TRACK TrackID="130267621" Name="People Of The Sun" Artist="Rage Against The Machine" Composer="Rage Against The Machine" Album="Evil Empire" Grouping="" Genre="Lounge/Rock" Kind="AIFF File" Size="26474056" TotalTime="150" DiscNumber="1" TrackNumber="1" Year="1996" AverageBpm="93.80" DateAdded="2022-08-14" BitRate="1411" SampleRate="44100" Comments="8A - 6" PlayCount="0" Rating="0" Location="file://localhost/Users/zachvp/Music/DJ/01%20People%20Of%20The%20Sun.aif" Remixer="" Tonality="8A" Label="" Mix="">
      <TEMPO Inizio="0.407" Bpm="93.80" Metro="4/4" Battito="1" />
    </TRACK>
    <TRACK TrackID="48483623" Name="Another Life (Original)" Artist="Kathy Diamond" Composer="" Album="Miss Diamond To You" Grouping="" Genre="zzz" Kind="AIFF File" Size="59686630" TotalTime="338" DiscNumber="1" TrackNumber="14" Year="2006" AverageBpm="108.50" DateAdded="2022-08-14" BitRate="1411" SampleRate="44100" Comments="3A - 5" PlayCount="0" Rating="0" Location="file://localhost/Users/zachvp/Music/DJ/14%20Another%20Life%20(Original).aif" Remixer="" Tonality="3A" Label="" Mix="">
      <TEMPO Inizio="0.223" Bpm="108.50" Metro="4/4" Battito="3" />
      <TEMPO Inizio="81.514" Bpm="108.50" Metro="4/4" Battito="2" />
      <TEMPO Inizio="305.478" Bpm="108.50" Metro="4/4" Battito="3" />
    </TRACK>
    <TRACK TrackID="132969750" Name="I Need You" Artist="Kathy Diamond" Composer="" Album="Miss Diamond To You" Grouping="" Genre="Lounge/" Kind="AIFF File" Size="56083353" TotalTime="317" DiscNumber="1" TrackNumber="13" Year="2006" AverageBpm="110.00" DateAdded="2022-08-14" BitRate="1411" SampleRate="44100" Comments="1A - 5" PlayCount="7" Rating="0" Location="file://localhost/Users/zachvp/Music/DJ/13%20I%20Need%20You.aif" Remixer="" Tonality="1A" Label="" Mix="">
      <TEMPO Inizio="0.064" Bpm="110.00" Metro="4/4" Battito="1" />
      <TEMPO Inizio="0.610" Bpm="110.00" Metro="4/4" Battito="2" />
      <TEMPO Inizio="187.156" Bpm="110.00" Metro="4/4" Battito="4" />
      <POSITION_MARK Name="" Type="0" Start="0.037" Num="-1" />
    </TRACK>
    <TRACK TrackID="222497000" Name="On &amp; On" Artist="Kathy Diamond" Composer="" Album="Miss Diamond To You" Grouping="" Genre="zzz" Kind="AIFF File" Size="61881030" TotalTime="350" DiscNumber="1" TrackNumber="12" Year="2006" AverageBpm="94.00" DateAdded="2022-08-14" BitRate="1411" SampleRate="44100" Comments="11A - 5" PlayCount="0" Rating="0" Location="file://localhost/Users/zachvp/Music/DJ/12%20On%20%26%20On.aif" Remixer="" Tonality="11A" Label="" Mix="">
      <TEMPO Inizio="0.140" Bpm="94.00" Metro="4/4" Battito="4" />
      <TEMPO Inizio="0.779" Bpm="94.00" Metro="4/4" Battito="1" />
    </TRACK>
    <TRACK TrackID="249248191" Name="Another Life" Artist="Kathy Diamond" Composer="" Album="Miss Diamond To You" Grouping="" Genre="Lounge/Indie" Kind="AIFF File" Size="72356843" TotalTime="410" DiscNumber="1" TrackNumber="11" Year="2006" AverageBpm="114.26" DateAdded="2022-08-14" BitRate="1411" SampleRate="44100" Comments="9A - 6" PlayCount="0" Rating="0" Location="file://localhost/Users/zachvp/Music/DJ/11%20Another%20Life.aif" Remixer="" Tonality="9A" Label="" Mix="">
      <TEMPO Inizio="0.181" Bpm="114.26" Metro="4/4" Battito="4" />
      <TEMPO Inizio="44.815" Bpm="114.26" Metro="4/4" Battito="1" />
      <TEMPO Inizio="76.846" Bpm="114.26" Metro="4/4" Battito="2" />
      <TEMPO Inizio="108.352" Bpm="114.26" Metro="4/4" Battito="2" />
      <TEMPO Inizio="139.858" Bpm="114.26" Metro="4/4" Battito="2" />
      <TEMPO Inizio="171.889" Bpm="114.26" Metro="4/4" Battito="3" />
      <TEMPO Inizio="208.646" Bpm="114.26" Metro="4/4" Battito="1" />
      <TEMPO Inizio="240.152" Bpm="114.26" Metro="4/4" Battito="1" />
      <TEMPO Inizio="266.932" Bpm="114.26" Metro="4/4" Battito="4" />
      <TEMPO Inizio="303.689" Bpm="114.26" Metro="4/4" Battito="2" />
      <TEMPO Inizio="335.195" Bpm="114.26" Metro="4/4" Battito="2" />
      <TEMPO Inizio="366.701" Bpm="114.26" Metro="4/4" Battito="2" />
      <TEMPO Inizio="398.732" Bpm="114.26" Metro="4/4" Battito="3" />
    </TRACK>
    <TRACK TrackID="138004659" Name="Racing Thru Time" Artist="Kathy Diamond" Composer="" Album="Miss Diamond To You" Grouping="" Genre="zzz" Kind="AIFF File" Size="58531791" TotalTime="331" DiscNumber="1" TrackNumber="10" Year="2006" AverageBpm="100.00" DateAdded="2022-08-14" BitRate="1411" SampleRate="44100" Comments="10A - 4" PlayCount="0" Rating="0" Location="file://localhost/Users/zachvp/Music/DJ/10%20Racing%20Thru%20Time.aif" Remixer="" Tonality="10A" Label="" Mix="">
      <TEMPO Inizio="0.364" Bpm="100.00" Metro="4/4" Battito="1" />
      <TEMPO Inizio="267.965" Bpm="100.00" Metro="4/4" Battito="3" />
    </TRACK>
    <TRACK TrackID="83644399" Name="However You Get Here" Artist="Kathy Diamond" Composer="" Album="Miss Diamond To You" Grouping="" Genre="Samples" Kind="AIFF File" Size="3457362" TotalTime="19" DiscNumber="1" TrackNumber="9" Year="2006" AverageBpm="0.00" DateAdded="2022-08-14" BitRate="1411" SampleRate="44100" Comments="2A - 4" PlayCount="0" Rating="0" Location="file://localhost/Users/zachvp/Music/DJ/09%20However%20You%20Get%20Here.aif" Remixer="" Tonality="2A" Label="" Mix="" />
    <TRACK TrackID="96191035" Name="The Moment" Artist="Kathy Diamond" Composer="" Album="Miss Diamond To You" Grouping="" Genre="zzz" Kind="AIFF File" Size="66211064" TotalTime="375" DiscNumber="1" TrackNumber="7" Year="2006" AverageBpm="110.00" DateAdded="2022-08-14" BitRate="1411" SampleRate="44100" Comments="3B - 5" PlayCount="0" Rating="0" Location="file://localhost/Users/zachvp/Music/DJ/07%20The%20Moment.aif" Remixer="" Tonality="3B" Label="" Mix="">
      <TEMPO Inizio="0.064" Bpm="110.00" Metro="4/4" Battito="1" />
    </TRACK>
    <TRACK TrackID="30121102" Name="Create &amp; Enhance" Artist="Kathy Diamond" Composer="" Album="Miss Diamond To You" Grouping="" Genre="zzz" Kind="AIFF File" Size="6293870" TotalTime="35" DiscNumber="1" TrackNumber="6" Year="2006" AverageBpm="157.88" DateAdded="2022-08-14" BitRate="1411" SampleRate="44100" Comments="9A - 2" PlayCount="0" Rating="0" Location="file://localhost/Users/zachvp/Music/DJ/06%20Create%20%26%20Enhance.aif" Remixer="" Tonality="9A" Label="" Mix="">
      <TEMPO Inizio="0.067" Bpm="157.89" Metro="4/4" Battito="1" />
      <TEMPO Inizio="4.628" Bpm="157.89" Metro="4/4" Battito="1" />
      <TEMPO Inizio="5.007" Bpm="157.89" Metro="4/4" Battito="2" />
      <TEMPO Inizio="5.388" Bpm="157.89" Metro="4/4" Battito="3" />
      <TEMPO Inizio="5.767" Bpm="157.89" Metro="4/4" Battito="4" />
      <TEMPO Inizio="6.148" Bpm="157.89" Metro="4/4" Battito="1" />
      <TEMPO Inizio="6.527" Bpm="157.89" Metro="4/4" Battito="2" />
      <TEMPO Inizio="6.908" Bpm="157.89" Metro="4/4" Battito="3" />
      <TEMPO Inizio="7.287" Bpm="157.89" Metro="4/4" Battito="4" />
      <TEMPO Inizio="7.668" Bpm="157.89" Metro="4/4" Battito="1" />
      <TEMPO Inizio="8.047" Bpm="157.89" Metro="4/4" Battito="2" />
      <TEMPO Inizio="8.428" Bpm="157.89" Metro="4/4" Battito="3" />
    </TRACK>
    <TRACK TrackID="144834508" Name="Until The Sun Goes Down" Artist="Kathy Diamond" Composer="" Album="Miss Diamond To You" Grouping="" Genre="zzz" Kind="AIFF File" Size="58103733" TotalTime="329" DiscNumber="1" TrackNumber="5" Year="2006" AverageBpm="128.00" DateAdded="2022-08-14" BitRate="1411" SampleRate="44100" Comments="8A - 4" PlayCount="0" Rating="0" Location="file://localhost/Users/zachvp/Music/DJ/05%20Until%20The%20Sun%20Goes%20Down.aif" Remixer="" Tonality="8A" Label="" Mix="">
      <TEMPO Inizio="0.382" Bpm="128.00" Metro="4/4" Battito="1" />
    </TRACK>
    <TRACK TrackID="245846842" Name="I Need You Here Right Now" Artist="Kathy Diamond" Composer="" Album="Miss Diamond To You" Grouping="" Genre="zzz" Kind="AIFF File" Size="3539687" TotalTime="20" DiscNumber="1" TrackNumber="4" Year="2006" AverageBpm="0.00" DateAdded="2022-08-14" BitRate="1411" SampleRate="44100" Comments="2A - 4" PlayCount="0" Rating="0" Location="file://localhost/Users/zachvp/Music/DJ/04%20I%20Need%20You%20Here%20Right%20Now.aif" Remixer="" Tonality="2A" Label="" Mix="" />
    <TRACK TrackID="37561984" Name="All Woman" Artist="Kathy Diamond" Composer="" Album="Miss Diamond To You" Grouping="" Genre="zzz" Kind="AIFF File" Size="64856311" TotalTime="367" DiscNumber="1" TrackNumber="3" Year="2006" AverageBpm="112.00" DateAdded="2022-08-14" BitRate="1411" SampleRate="44100" Comments="4A - 6" PlayCount="0" Rating="0" Location="file://localhost/Users/zachvp/Music/DJ/03%20All%20Woman.aif" Remixer="" Tonality="4A" Label="" Mix="">
      <TEMPO Inizio="0.196" Bpm="112.00" Metro="4/4" Battito="4" />
    </TRACK>
    <TRACK TrackID="202880203" Name="In All You See A Woman" Artist="Kathy Diamond" Composer="" Album="Miss Diamond To You" Grouping="" Genre="zzz" Kind="AIFF File" Size="3172772" TotalTime="17" DiscNumber="1" TrackNumber="2" Year="2006" AverageBpm="0.00" DateAdded="2022-08-14" BitRate="1411" SampleRate="44100" Comments="1A - 4" PlayCount="0" Rating="0" Location="file://localhost/Users/zachvp/Music/DJ/02%20In%20All%20You%20See%20A%20Woman.aif" Remixer="" Tonality="1A" Label="" Mix="" />
    <TRACK TrackID="112213929" Name="Between The Lines" Artist="Kathy Diamond" Composer="" Album="Miss Diamond To You" Grouping="" Genre="Lounge/" Kind="AIFF File" Size="65959407" TotalTime="373" DiscNumber="1" TrackNumber="1" Year="2006" AverageBpm="100.00" DateAdded="2022-08-14" BitRate="1411" SampleRate="44100" Comments="9A - 5" PlayCount="5" Rating="0" Location="file://localhost/Users/zachvp/Music/DJ/01%20Between%20The%20Lines.aif" Remixer="" Tonality="9A" Label="" Mix="">
      <TEMPO Inizio="0.082" Bpm="100.00" Metro="4/4" Battito="1" />
      <POSITION_MARK Name="" Type="0" Start="14.460" Num="-1" />
      <POSITION_MARK Name="" Type="0" Start="43.307" Num="-1" />
      <POSITION_MARK Name="" Type="0" Start="216.073" Num="-1" />
    </TRACK>
    <TRACK TrackID="247856579" Name="Take You Back (Street Corner Song From Rocky)" Artist="Valentine" Composer="" Album="Rocky Soundtrack" Grouping="" Genre="Lounge/" Kind="AIFF File" Size="38043868" TotalTime="215" DiscNumber="0" TrackNumber="0" Year="0" AverageBpm="149.69" DateAdded="2022-08-28" BitRate="1411" SampleRate="44100" Comments="10A - 3" PlayCount="4" Rating="0" Location="file://localhost/Users/zachvp/Music/DJ/take%20you%20back-01.aiff" Remixer="" Tonality="10A" Label="" Mix="">
      <TEMPO Inizio="0.304" Bpm="149.69" Metro="4/4" Battito="4" />
      <POSITION_MARK Name="" Type="0" Start="2.311" Num="-1" />
    </TRACK>
    <TRACK TrackID="214340978" Name="Frozen Bread Snaps (Original Mix)" Artist="Martyn" Composer="" Album="3024-FYE4" Grouping="" Genre="House/Tech/Breaks" Kind="AIFF File" Size="55227412" TotalTime="312" DiscNumber="0" TrackNumber="1" Year="2019" AverageBpm="134.96" DateAdded="2022-09-27" BitRate="1411" SampleRate="44100" Comments="7A - 5" PlayCount="2" Rating="0" Location="file://localhost/Users/zachvp/Music/DJ/12366617_Frozen_Bread_Snaps_(Original_Mix).aiff" Remixer="" Tonality="7A" Label="3024" Mix="">
      <TEMPO Inizio="0.194" Bpm="134.96" Metro="4/4" Battito="3" />
    </TRACK>
    <TRACK TrackID="244426580" Name="Phenomenon (Main Mix)" Artist="Redlight" Composer="" Album="Phenomenon" Grouping="" Genre="House/Tech/Breaks" Kind="AIFF File" Size="46106408" TotalTime="261" DiscNumber="0" TrackNumber="1" Year="2020" AverageBpm="126.00" DateAdded="2022-09-27" BitRate="1411" SampleRate="44100" Comments="11A - 7" PlayCount="1" Rating="0" Location="file://localhost/Users/zachvp/Music/DJ/13508135_Phenomenon_(Main_Mix).aiff" Remixer="" Tonality="11A" Label="Lobster Boy (2)" Mix="">
      <TEMPO Inizio="0.005" Bpm="126.00" Metro="4/4" Battito="1" />
      <TEMPO Inizio="46.196" Bpm="126.00" Metro="4/4" Battito="2" />
    </TRACK>
    <TRACK TrackID="153045044" Name="Into The Past (Reboot) (Original Mix)" Artist="Nero" Composer="" Album="Between II Worlds" Grouping="" Genre="Lounge/Indie" Kind="AIFF File" Size="45655070" TotalTime="254" DiscNumber="0" TrackNumber="10" Year="2015" AverageBpm="127.88" DateAdded="2022-09-27" BitRate="1411" SampleRate="44100" Comments="5A - 6" PlayCount="1" Rating="0" Location="file://localhost/Users/zachvp/Music/DJ/15711168_Into_The_Past_(Reboot)_(Original_Mix).aiff" Remixer="" Tonality="5A" Label="EMI" Mix="">
      <TEMPO Inizio="0.231" Bpm="127.88" Metro="4/4" Battito="1" />
      <TEMPO Inizio="0.701" Bpm="127.88" Metro="4/4" Battito="2" />
      <TEMPO Inizio="35.420" Bpm="127.88" Metro="4/4" Battito="4" />
      <TEMPO Inizio="70.139" Bpm="127.88" Metro="4/4" Battito="2" />
      <TEMPO Inizio="104.858" Bpm="127.88" Metro="4/4" Battito="4" />
      <TEMPO Inizio="139.577" Bpm="127.88" Metro="4/4" Battito="2" />
      <TEMPO Inizio="174.296" Bpm="127.88" Metro="4/4" Battito="4" />
      <TEMPO Inizio="209.015" Bpm="127.88" Metro="4/4" Battito="2" />
      <TEMPO Inizio="243.734" Bpm="127.88" Metro="4/4" Battito="4" />
    </TRACK>
    <TRACK TrackID="60454744" Name="Wildfire (Original Mix)" Artist="Little Dragon, SBTRKT" Composer="" Album="SBTRKT" Grouping="" Genre="Lounge/Indie" Kind="AIFF File" Size="36191374" TotalTime="200" DiscNumber="0" TrackNumber="3" Year="2011" AverageBpm="139.97" DateAdded="2022-09-27" BitRate="1411" SampleRate="44100" Comments="5A - 7" PlayCount="2" Rating="0" Location="file://localhost/Users/zachvp/Music/DJ/1972072_Wildfire_(Original_Mix).aiff" Remixer="" Tonality="5A" Label="Young" Mix="">
      <TEMPO Inizio="0.012" Bpm="139.98" Metro="4/4" Battito="1" />
    </TRACK>
    <TRACK TrackID="25573671" Name="Just Ride (Original Mix)" Artist="Dave Clarke" Composer="" Album="Devil's Advocate" Grouping="" Genre="House/Techno/Hype" Kind="AIFF File" Size="53930830" TotalTime="305" DiscNumber="0" TrackNumber="7" Year="2003" AverageBpm="135.72" DateAdded="2022-09-27" BitRate="1411" SampleRate="44100" Comments="5A - 7" PlayCount="0" Rating="0" Location="file://localhost/Users/zachvp/Music/DJ/8315360_Just_Ride_(Original_Mix).aiff" Remixer="" Tonality="5A" Label="Skint Records" Mix="">
      <TEMPO Inizio="0.162" Bpm="135.73" Metro="4/4" Battito="1" />
      <TEMPO Inizio="12.098" Bpm="135.73" Metro="4/4" Battito="4" />
      <TEMPO Inizio="89.458" Bpm="135.73" Metro="4/4" Battito="3" />
      <TEMPO Inizio="166.818" Bpm="135.73" Metro="4/4" Battito="2" />
      <TEMPO Inizio="244.178" Bpm="135.73" Metro="4/4" Battito="1" />
    </TRACK>
    <TRACK TrackID="177928574" Name="Oh Yes (Extended Version)" Artist="Tammi Terrell, Marvin Gaye, Paris Green" Composer="" Album="Oh Yes" Grouping="" Genre="House/Deep/Tech/Jazzy" Kind="AIFF File" Size="52812180" TotalTime="299" DiscNumber="0" TrackNumber="1" Year="2020" AverageBpm="123.00" DateAdded="2022-09-27" BitRate="1411" SampleRate="44100" Comments="3A - 5" PlayCount="2" Rating="0" Location="file://localhost/Users/zachvp/Music/DJ/13962928_Oh_Yes_(Extended_Version).aiff" Remixer="" Tonality="3A" Label="Positiva / Astralwerks / Motown Records" Mix="">
      <TEMPO Inizio="0.150" Bpm="123.00" Metro="4/4" Battito="1" />
    </TRACK>
    <TRACK TrackID="85747489" Name="Bakerman (Soul Clap Remix)" Artist="Laid Back" Composer="" Album="Cocaine Cool / Bakerman" Grouping="" Genre="House/Deep/Tech/Jazzy" Kind="AIFF File" Size="95093734" TotalTime="539" DiscNumber="0" TrackNumber="3" Year="2011" AverageBpm="122.00" DateAdded="2022-09-27" BitRate="1411" SampleRate="44100" Comments="8B - 5" PlayCount="1" Rating="0" Location="file://localhost/Users/zachvp/Music/DJ/1853199_Bakerman_(Soul_Clap_Remix).aiff" Remixer="" Tonality="8B" Label="Brother Music" Mix="">
      <TEMPO Inizio="0.163" Bpm="122.00" Metro="4/4" Battito="1" />
    </TRACK>
    <TRACK TrackID="146961709" Name="Say (Original Mix)" Artist="Ivory (IT)" Composer="" Album="Rain EP" Grouping="" Genre="House/Tech/Indie/" Kind="AIFF File" Size="67555510" TotalTime="379" DiscNumber="0" TrackNumber="3" Year="2022" AverageBpm="122.00" DateAdded="2022-09-27" BitRate="1411" SampleRate="44100" Comments="3A - 7" PlayCount="2" Rating="0" Location="file://localhost/Users/zachvp/Music/DJ/16715696_Say_(Original_Mix).aiff" Remixer="" Tonality="3A" Label="Exit Strategy" Mix="">
      <TEMPO Inizio="0.409" Bpm="122.00" Metro="4/4" Battito="1" />
    </TRACK>
    <TRACK TrackID="105275337" Name="I Say (Original Mix)" Artist="Dj Dep" Composer="" Album="Barcelona 2016" Grouping="" Genre="House/Tech/Organic" Kind="AIFF File" Size="78434594" TotalTime="441" DiscNumber="0" TrackNumber="19" Year="2016" AverageBpm="124.00" DateAdded="2022-09-27" BitRate="1411" SampleRate="44100" Comments="8A - 6" PlayCount="1" Rating="0" Location="file://localhost/Users/zachvp/Music/DJ/8010399_I_Say_(Original_Mix).aiff" Remixer="" Tonality="8A" Label="Stereo Productions" Mix="">
      <TEMPO Inizio="0.000" Bpm="124.00" Metro="4/4" Battito="1" />
    </TRACK>
    <TRACK TrackID="94837302" Name="Perpetuo Feat. Yaccelil (Original)" Artist="Nick Curly, Yaccelil" Composer="" Album="Berlin Afterhour, Vol. 8 (From Minimal to Techno / From Electro to House)" Grouping="" Genre="House/Tech/Organic" Kind="AIFF File" Size="80802172" TotalTime="457" DiscNumber="0" TrackNumber="29" Year="2016" AverageBpm="126.00" DateAdded="2022-09-27" BitRate="1411" SampleRate="44100" Comments="5A - 6" PlayCount="1" Rating="0" Location="file://localhost/Users/zachvp/Music/DJ/8451571_Perpetuo_feat._Yaccelil_(Original).aiff" Remixer="" Tonality="5A" Label="KNM" Mix="">
      <TEMPO Inizio="0.219" Bpm="126.00" Metro="4/4" Battito="1" />
      <TEMPO Inizio="1.172" Bpm="126.00" Metro="4/4" Battito="3" />
    </TRACK>
    <TRACK TrackID="15657676" Name="You Prefer Cocaine (Original Mix)" Artist="Vitalic" Composer="" Album="Poney" Grouping="" Genre="House/Tech/Indie/Retro" Kind="AIFF File" Size="60317122" TotalTime="341" DiscNumber="0" TrackNumber="4" Year="2014" AverageBpm="136.99" DateAdded="2022-09-27" BitRate="1411" SampleRate="44100" Comments="6A - 7" PlayCount="1" Rating="0" Location="file://localhost/Users/zachvp/Music/DJ/5188046_You_Prefer_Cocaine_(Original_Mix).aiff" Remixer="" Tonality="6A" Label="Different" Mix="">
      <TEMPO Inizio="0.179" Bpm="136.99" Metro="4/4" Battito="1" />
      <TEMPO Inizio="109.240" Bpm="136.99" Metro="4/4" Battito="2" />
      <TEMPO Inizio="275.240" Bpm="136.99" Metro="4/4" Battito="1" />
      <POSITION_MARK Name="" Type="0" Start="28.221" Num="-1" />
      <POSITION_MARK Name="" Type="0" Start="189.396" Num="-1" />
      <POSITION_MARK Name="" Type="0" Start="203.427" Num="-1" />
      <POSITION_MARK Name="" Type="0" Start="266.454" Num="-1" />
    </TRACK>
    <TRACK TrackID="115149027" Name="Some House (Dub Mix)" Artist="Alden Tyrell" Composer="" Album="Some House" Grouping="" Genre="House/Tech/Groove" Kind="AIFF File" Size="61584024" TotalTime="348" DiscNumber="0" TrackNumber="2" Year="2013" AverageBpm="127.00" DateAdded="2022-09-27" BitRate="1411" SampleRate="44100" Comments="10A - 5" PlayCount="1" Rating="0" Location="file://localhost/Users/zachvp/Music/DJ/4901278_Some_House_(Dub_Mix).aiff" Remixer="" Tonality="10A" Label="Clone Jack For Daze Serie" Mix="">
      <TEMPO Inizio="0.249" Bpm="127.00" Metro="4/4" Battito="1" />
      <TEMPO Inizio="0.722" Bpm="127.00" Metro="4/4" Battito="2" />
    </TRACK>
    <TRACK TrackID="68088091" Name="Fashion (Original Mix)" Artist="Ohmme" Composer="" Album="Fashion" Grouping="" Genre="House/Tech/Groove" Kind="AIFF File" Size="77205212" TotalTime="436" DiscNumber="0" TrackNumber="1" Year="2018" AverageBpm="125.00" DateAdded="2022-09-27" BitRate="1411" SampleRate="44100" Comments="4A - 6" PlayCount="1" Rating="0" Location="file://localhost/Users/zachvp/Music/DJ/10764797_Fashion_(Original_Mix).aiff" Remixer="" Tonality="4A" Label="NOEXCUSE Limited" Mix="">
      <TEMPO Inizio="0.240" Bpm="125.00" Metro="4/4" Battito="1" />
      <TEMPO Inizio="286.321" Bpm="125.00" Metro="4/4" Battito="1" />
    </TRACK>
    <TRACK TrackID="154286358" Name="Gkii feat. CERPINTXT (Martin Buttrich Class A Edition)" Artist="Stevie R" Composer="" Album="Melt {The Editions}: Part I" Grouping="" Genre="House/Deep/Tech/" Kind="AIFF File" Size="69712294" TotalTime="390" DiscNumber="0" TrackNumber="3" Year="2019" AverageBpm="126.00" DateAdded="2022-09-27" BitRate="1411" SampleRate="44100" Comments="3A - 6" PlayCount="4" Rating="0" Location="file://localhost/Users/zachvp/Music/DJ/12710014_Gkii_feat._CERPINTXT_(Martin_Buttrich_Class_A_Edition).aiff" Remixer="" Tonality="3A" Label="Chapter 24 Records" Mix="">
      <TEMPO Inizio="0.115" Bpm="126.00" Metro="4/4" Battito="1" />
    </TRACK>
    <TRACK TrackID="42521279" Name="Rome (Original Mix)" Artist="Redshape" Composer="" Album="Best Of Live Vol. 1" Grouping="" Genre="House/Tech/Indie/Retro" Kind="AIFF File" Size="66167494" TotalTime="374" DiscNumber="0" TrackNumber="2" Year="2016" AverageBpm="123.00" DateAdded="2022-09-27" BitRate="1411" SampleRate="44100" Comments="9A - 6" PlayCount="0" Rating="0" Location="file://localhost/Users/zachvp/Music/DJ/8182447_Rome_(Original_Mix).aiff" Remixer="" Tonality="9A" Label="Running Back" Mix="">
      <TEMPO Inizio="0.198" Bpm="123.00" Metro="4/4" Battito="1" />
      <POSITION_MARK Name="" Type="0" Start="0.224" Num="-1" />
      <POSITION_MARK Name="" Type="0" Start="93.873" Num="-1" />
      <POSITION_MARK Name="" Type="0" Start="281.138" Num="-1" />
    </TRACK>
    <TRACK TrackID="145105733" Name="Lighthouse (Original Mix)" Artist="Fond Of Rules" Composer="" Album="Navigate" Grouping="" Genre="House/Deep/Tech/" Kind="AIFF File" Size="73130696" TotalTime="403" DiscNumber="0" TrackNumber="3" Year="2021" AverageBpm="125.00" DateAdded="2022-09-27" BitRate="1411" SampleRate="44100" Comments="4A - 5" PlayCount="2" Rating="0" Location="file://localhost/Users/zachvp/Music/DJ/15642828_Lighthouse_(Original_Mix).aiff" Remixer="" Tonality="4A" Label="Tied" Mix="">
      <TEMPO Inizio="0.253" Bpm="125.00" Metro="4/4" Battito="1" />
      <TEMPO Inizio="384.252" Bpm="125.00" Metro="4/4" Battito="1" />
    </TRACK>
    <TRACK TrackID="92656679" Name="So U Kno (Original Mix)" Artist="Overmono" Composer="" Album="BMW Track / So U Kno" Grouping="" Genre="House/Tech/Breaks" Kind="AIFF File" Size="60838642" TotalTime="343" DiscNumber="0" TrackNumber="2" Year="2021" AverageBpm="130.00" DateAdded="2022-09-27" BitRate="1411" SampleRate="44100" Comments="6A - 6" PlayCount="2" Rating="0" Location="file://localhost/Users/zachvp/Music/DJ/15280353_So_U_Kno_(Original_Mix).aiff" Remixer="" Tonality="6A" Label="Poly Kicks" Mix="">
      <TEMPO Inizio="0.000" Bpm="130.00" Metro="4/4" Battito="1" />
      <POSITION_MARK Name="" Type="0" Start="14.765" Num="-1" />
      <POSITION_MARK Name="" Type="0" Start="295.387" Num="-1" />
    </TRACK>
    <TRACK TrackID="9856670" Name="Cheeba (Original Mix)" Artist="Cosmin Horatiu, Tomi&amp;Kesh" Composer="" Album="Space Stomper EP" Grouping="" Genre="House/Tech/Groove" Kind="AIFF File" Size="72824710" TotalTime="403" DiscNumber="0" TrackNumber="2" Year="2021" AverageBpm="126.00" DateAdded="2022-09-27" BitRate="1411" SampleRate="44100" Comments="8A - 6" PlayCount="1" Rating="0" Location="file://localhost/Users/zachvp/Music/DJ/15006355_Cheeba_(Original_Mix).aiff" Remixer="" Tonality="8A" Label="Libero Records" Mix="">
      <TEMPO Inizio="0.057" Bpm="126.00" Metro="4/4" Battito="4" />
      <TEMPO Inizio="116.248" Bpm="126.00" Metro="4/4" Battito="4" />
    </TRACK>
    <TRACK TrackID="129207059" Name="Acid 672 (Original Mix)" Artist="Tobias Schmid" Composer="" Album="The FU EP" Grouping="" Genre="House/Deep/Tech/Jazzy" Kind="AIFF File" Size="74416832" TotalTime="420" DiscNumber="0" TrackNumber="1" Year="2021" AverageBpm="125.00" DateAdded="2022-09-27" BitRate="1411" SampleRate="44100" Comments="12A - 4" PlayCount="2" Rating="0" Location="file://localhost/Users/zachvp/Music/DJ/14845915_Acid_672_(Original_Mix).aiff" Remixer="" Tonality="12A" Label="andmusic" Mix="">
      <TEMPO Inizio="0.196" Bpm="125.00" Metro="4/4" Battito="1" />
      <TEMPO Inizio="48.677" Bpm="125.00" Metro="4/4" Battito="2" />
      <TEMPO Inizio="284.358" Bpm="125.00" Metro="4/4" Battito="1" />
    </TRACK>
    <TRACK TrackID="47943217" Name="Overdrive (Extended Mix)" Artist="Lifelike" Composer="" Album="Overdrive" Grouping="" Genre="House/Tech/Indie/Retro" Kind="AIFF File" Size="79667218" TotalTime="451" DiscNumber="0" TrackNumber="1" Year="2019" AverageBpm="118.00" DateAdded="2022-09-27" BitRate="1411" SampleRate="44100" Comments="9A - 7" PlayCount="2" Rating="0" Location="file://localhost/Users/zachvp/Music/DJ/12000949_Overdrive_(Extended_Mix).aiff" Remixer="" Tonality="9A" Label="Club Sweat" Mix="">
      <TEMPO Inizio="0.002" Bpm="118.00" Metro="4/4" Battito="1" />
      <TEMPO Inizio="270.511" Bpm="118.00" Metro="4/4" Battito="1" />
    </TRACK>
    <TRACK TrackID="249753630" Name="Agile Movements (Original Mix)" Artist="Reeko" Composer="" Album="Prophets And Diviners" Grouping="" Genre="House/Techno/Hype" Kind="AIFF File" Size="64161092" TotalTime="363" DiscNumber="0" TrackNumber="1" Year="2010" AverageBpm="135.00" DateAdded="2022-09-27" BitRate="1411" SampleRate="44100" Comments="8A - 6" PlayCount="0" Rating="0" Location="file://localhost/Users/zachvp/Music/DJ/1579906_Agile_Movements_(Original_Mix).aiff" Remixer="" Tonality="8A" Label="Theory" Mix="">
      <TEMPO Inizio="0.121" Bpm="135.00" Metro="4/4" Battito="1" />
      <TEMPO Inizio="48.566" Bpm="135.00" Metro="4/4" Battito="2" />
      <TEMPO Inizio="165.011" Bpm="135.00" Metro="4/4" Battito="4" />
      <TEMPO Inizio="277.456" Bpm="135.00" Metro="4/4" Battito="1" />
    </TRACK>
    <TRACK TrackID="232258162" Name="Deep Inside Me (Dandi &amp; Ugo Remix)" Artist="Deborah De Luca" Composer="" Album="Deep Inside Me / Bella M'briana (The Remixes)" Grouping="" Genre="House/Techno/Sinister" Kind="AIFF File" Size="78006264" TotalTime="441" DiscNumber="0" TrackNumber="1" Year="2017" AverageBpm="126.00" DateAdded="2022-09-27" BitRate="1411" SampleRate="44100" Comments="5A - 6" PlayCount="1" Rating="0" Location="file://localhost/Users/zachvp/Music/DJ/8911728_Deep_inside_me_(Dandi_%26_Ugo_Remix).aiff" Remixer="" Tonality="5A" Label="Solamente" Mix="">
      <TEMPO Inizio="0.023" Bpm="126.00" Metro="4/4" Battito="1" />
      <TEMPO Inizio="26.214" Bpm="126.00" Metro="4/4" Battito="4" />
      <TEMPO Inizio="182.405" Bpm="126.00" Metro="4/4" Battito="4" />
      <TEMPO Inizio="338.596" Bpm="126.00" Metro="4/4" Battito="4" />
      <POSITION_MARK Name="" Type="0" Start="182.862" Num="-1" />
      <POSITION_MARK Name="" Type="0" Start="259.060" Num="1" Red="40" Green="226" Blue="20" />
      <POSITION_MARK Name="" Type="0" Start="274.306" Num="2" Red="40" Green="226" Blue="20" />
    </TRACK>
    <TRACK TrackID="245009883" Name="Now More Than Ever (Original Mix)" Artist="Eddie C" Composer="" Album="Eddie C/on The Shore" Grouping="" Genre="House/Deep/Tech/Jazzy" Kind="AIFF File" Size="57059368" TotalTime="321" DiscNumber="0" TrackNumber="7" Year="2016" AverageBpm="118.00" DateAdded="2022-09-27" BitRate="1411" SampleRate="44100" Comments="1A - 5" PlayCount="4" Rating="0" Location="file://localhost/Users/zachvp/Music/DJ/8165294_Now_More_Than_Ever_(Original_Mix).aiff" Remixer="" Tonality="1A" Label="Endless Flight" Mix="">
      <TEMPO Inizio="0.202" Bpm="118.00" Metro="4/4" Battito="1" />
      <TEMPO Inizio="0.711" Bpm="118.00" Metro="4/4" Battito="2" />
      <TEMPO Inizio="240.710" Bpm="118.00" Metro="4/4" Battito="2" />
    </TRACK>
    <TRACK TrackID="62813603" Name="Subdivision State (Original Mix)" Artist="Deep Square" Composer="" Album="003" Grouping="" Genre="House/Deep/Tech/" Kind="AIFF File" Size="71025816" TotalTime="402" DiscNumber="0" TrackNumber="3" Year="2020" AverageBpm="124.00" DateAdded="2022-09-27" BitRate="1411" SampleRate="44100" Comments="12A - 6" PlayCount="2" Rating="0" Location="file://localhost/Users/zachvp/Music/DJ/13189647_Subdivision_State_(Original_Mix).aiff" Remixer="" Tonality="12A" Label="Raro Music" Mix="">
      <TEMPO Inizio="0.000" Bpm="124.00" Metro="4/4" Battito="1" />
    </TRACK>
    <TRACK TrackID="150342799" Name="Lullaby (Original Mix)" Artist="Leonardo Gonnelli, Prok &amp; Fitch" Composer="" Album="Lullaby" Grouping="" Genre="House/Deep/Tech/" Kind="AIFF File" Size="64183752" TotalTime="362" DiscNumber="0" TrackNumber="1" Year="2021" AverageBpm="128.00" DateAdded="2022-09-27" BitRate="1411" SampleRate="44100" Comments="4A - 5" PlayCount="3" Rating="0" Location="file://localhost/Users/zachvp/Music/DJ/15368537_Lullaby_(Original_Mix).aiff" Remixer="" Tonality="4A" Label="8Bit" Mix="">
      <TEMPO Inizio="0.018" Bpm="128.00" Metro="4/4" Battito="1" />
    </TRACK>
    <TRACK TrackID="101796926" Name="Don't Call Me Baby (Original Mix)" Artist="Madison Avenue" Composer="" Album="Don't Call Me Baby" Grouping="" Genre="Lounge/Indie" Kind="AIFF File" Size="40285054" TotalTime="228" DiscNumber="0" TrackNumber="1" Year="2017" AverageBpm="125.00" DateAdded="2022-09-27" BitRate="1411" SampleRate="44100" Comments="3A - 6" PlayCount="0" Rating="0" Location="file://localhost/Users/zachvp/Music/DJ/9335303_Don_t_Call_Me_Baby_(Original_Mix).aiff" Remixer="" Tonality="3A" Label="Vicious" Mix="">
      <TEMPO Inizio="0.164" Bpm="125.00" Metro="4/4" Battito="2" />
      <TEMPO Inizio="13.605" Bpm="125.00" Metro="4/4" Battito="2" />
    </TRACK>
    <TRACK TrackID="43774283" Name="Take Me Out (Original Mix)" Artist="Franz Ferdinand" Composer="" Album="Franz Ferdinand" Grouping="" Genre="Lounge/Indie" Kind="AIFF File" Size="42253148" TotalTime="237" DiscNumber="0" TrackNumber="3" Year="2004" AverageBpm="105.29" DateAdded="2022-09-27" BitRate="1411" SampleRate="44100" Comments="9A - 6" PlayCount="2" Rating="0" Location="file://localhost/Users/zachvp/Music/DJ/14846179_Take_Me_Out_(Original_Mix).aiff" Remixer="" Tonality="9A" Label="Domino" Mix="">
      <TEMPO Inizio="0.064" Bpm="105.29" Metro="4/4" Battito="1" />
    </TRACK>
    <TRACK TrackID="192541774" Name="Canned Heat (Original Mix)" Artist="Jamiroquai" Composer="" Album="Synkronized" Grouping="" Genre="House/Tech/Indie/Disco" Kind="AIFF File" Size="58552908" TotalTime="331" DiscNumber="0" TrackNumber="1" Year="1999" AverageBpm="128.00" DateAdded="2022-09-27" BitRate="1411" SampleRate="44100" Comments="7A - 7" PlayCount="2" Rating="0" Location="file://localhost/Users/zachvp/Music/DJ/4722752_Canned_Heat_(Original_Mix).aiff" Remixer="" Tonality="7A" Label="S2" Mix="">
      <TEMPO Inizio="0.449" Bpm="128.00" Metro="4/4" Battito="1" />
      <POSITION_MARK Name="" Type="0" Start="206.936" Num="-1" />
    </TRACK>
    <TRACK TrackID="127009622" Name="So Far (Rasmus Faber's Farplane Dub) (Rasmus Faber's Farplane Dub)" Artist="Miguel Migs" Composer="" Album="So Far" Grouping="" Genre="House/Tech/Indie/" Kind="AIFF File" Size="63466740" TotalTime="359" DiscNumber="0" TrackNumber="2" Year="2007" AverageBpm="126.00" DateAdded="2022-09-27" BitRate="1411" SampleRate="44100" Comments="7A - 6" PlayCount="1" Rating="0" Location="file://localhost/Users/zachvp/Music/DJ/291377_So_Far_(Rasmus_Faber%27s_Farplane_Dub)_(Rasmus_Faber%27s_Farplane_Dub).aiff" Remixer="" Tonality="7A" Label="Salted Music" Mix="">
      <TEMPO Inizio="0.337" Bpm="126.00" Metro="4/4" Battito="1" />
      <TEMPO Inizio="0.814" Bpm="126.00" Metro="4/4" Battito="2" />
    </TRACK>
    <TRACK TrackID="187040142" Name="Love Reaction" Artist="Lovelock" Composer="" Album="Burning Feeling" Grouping="" Genre="House/Tech/Indie/Retro" Kind="AIFF File" Size="78009780" TotalTime="294" DiscNumber="0" TrackNumber="7" Year="2012" AverageBpm="124.00" DateAdded="2022-09-27" BitRate="2116" SampleRate="44100" Comments="10A - 7" PlayCount="11" Rating="0" Location="file://localhost/Users/zachvp/Music/DJ/Lovelock%20-%20Love%20Reaction.aiff" Remixer="" Tonality="10A" Label="" Mix="">
      <TEMPO Inizio="0.035" Bpm="124.00" Metro="4/4" Battito="1" />
      <POSITION_MARK Name="" Type="0" Start="263.258" Num="-1" />
      <POSITION_MARK Name="" Type="0" Start="7.785" Num="-1" />
    </TRACK>
    <TRACK TrackID="137892992" Name="Broadway" Artist="Rayko/Em Vee" Composer="" Album="Lumberjacks In Hell 002" Grouping="" Genre="Lounge/" Kind="AIFF File" Size="67892852" TotalTime="384" DiscNumber="0" TrackNumber="1" Year="2011" AverageBpm="100.00" DateAdded="2022-09-27" BitRate="1411" SampleRate="44100" Comments="9A - 7" PlayCount="4" Rating="0" Location="file://localhost/Users/zachvp/Music/DJ/1-Rayko_Em_Vee_-_Broadway.aif" Remixer="" Tonality="9A" Label="Lumberjacks In Hell" Mix="">
      <TEMPO Inizio="0.076" Bpm="100.00" Metro="4/4" Battito="1" />
      <TEMPO Inizio="241.877" Bpm="100.00" Metro="4/4" Battito="4" />
      <POSITION_MARK Name="" Type="0" Start="76.865" Num="-1" />
      <POSITION_MARK Name="" Type="0" Start="153.767" Num="-1" />
    </TRACK>
    <TRACK TrackID="28067974" Name="Atman" Artist="Yokoo &amp; Atish" Composer="" Album="Atman" Grouping="" Genre="House/Deep/Tech/Spacey" Kind="AIFF File" Size="126511484" TotalTime="477" DiscNumber="0" TrackNumber="2" Year="2021" AverageBpm="125.00" DateAdded="2022-09-27" BitRate="2116" SampleRate="44100" Comments="5A - 5" PlayCount="2" Rating="0" Location="file://localhost/Users/zachvp/Music/DJ/YokoO%20%26%20Atish%20-%20Atman.aiff" Remixer="" Tonality="5A" Label="" Mix="">
      <TEMPO Inizio="0.207" Bpm="125.00" Metro="4/4" Battito="1" />
    </TRACK>
    <TRACK TrackID="183592012" Name="Inner Labyrinth" Artist="Yokoo &amp; Atish" Composer="" Album="Atman" Grouping="" Genre="House/Deep/Tech/" Kind="AIFF File" Size="113301882" TotalTime="427" DiscNumber="0" TrackNumber="1" Year="2021" AverageBpm="125.00" DateAdded="2022-09-27" BitRate="2116" SampleRate="44100" Comments="3A - 6" PlayCount="1" Rating="0" Location="file://localhost/Users/zachvp/Music/DJ/YokoO%20%26%20Atish%20-%20Inner%20Labyrinth.aiff" Remixer="" Tonality="3A" Label="" Mix="">
      <TEMPO Inizio="0.444" Bpm="125.00" Metro="4/4" Battito="4" />
      <TEMPO Inizio="261.565" Bpm="125.00" Metro="4/4" Battito="4" />
    </TRACK>
    <TRACK TrackID="15640572" Name="Glint" Artist="Gorge &amp; Markus Homm" Composer="" Album="Holos" Grouping="" Genre="House/Deep/Tech/Spacey" Kind="AIFF File" Size="82353476" TotalTime="466" DiscNumber="0" TrackNumber="2" Year="2021" AverageBpm="124.00" DateAdded="2022-09-27" BitRate="1411" SampleRate="44100" Comments="3A - 6" PlayCount="2" Rating="0" Location="file://localhost/Users/zachvp/Music/DJ/2-Gorge___Markus_Homm_-_Glint.aif" Remixer="" Tonality="3A" Label="Poker Flat Germany" Mix="">
      <TEMPO Inizio="0.307" Bpm="124.00" Metro="4/4" Battito="1" />
    </TRACK>
    <TRACK TrackID="168957855" Name="Figures In Brine (Truncate Repaint)" Artist="Nastia Reigel" Composer="" Album="Figures in Brine" Grouping="" Genre="House/Techno/Sinister" Kind="AIFF File" Size="58252126" TotalTime="329" DiscNumber="0" TrackNumber="4" Year="2016" AverageBpm="130.00" DateAdded="2022-09-27" BitRate="1411" SampleRate="44100" Comments="1A - 4" PlayCount="1" Rating="0" Location="file://localhost/Users/zachvp/Music/DJ/Nastia%20Reigel%20-%20Figures%20in%20Brine%20-%20Truncate%20Repaint.aiff" Remixer="" Tonality="1A" Label="" Mix="">
      <TEMPO Inizio="0.140" Bpm="130.00" Metro="4/4" Battito="3" />
    </TRACK>
    <TRACK TrackID="55701780" Name="Incapable (The Reflex Revision)" Artist="Roisin Murphy" Composer="" Album="Future Disco: Mirrorball Motel (unmixed Tracks)" Grouping="" Genre="House/Tech/Indie/" Kind="AIFF File" Size="79049272" TotalTime="447" DiscNumber="0" TrackNumber="1" Year="2022" AverageBpm="118.00" DateAdded="2022-09-27" BitRate="1411" SampleRate="44100" Comments="6A - 6" PlayCount="4" Rating="0" Location="file://localhost/Users/zachvp/Music/DJ/1-Roisin_Murphy_-_Incapable_(The_Reflex_Revision).aif" Remixer="" Tonality="6A" Label="Future Disco" Mix="">
      <TEMPO Inizio="0.004" Bpm="118.00" Metro="4/4" Battito="1" />
      <TEMPO Inizio="390.003" Bpm="118.00" Metro="4/4" Battito="4" />
      <POSITION_MARK Name="" Type="0" Start="2.027" Num="-1" />
      <POSITION_MARK Name="" Type="0" Start="124.066" Num="-1" />
    </TRACK>
    <TRACK TrackID="133648206" Name="Paris (Original Mix)" Artist="Hardy Heller &amp; Alex Connors, Mihai Popoviciu" Composer="" Album="The French Connection EP - Part 1 (incl. Mihai Popoviciu Remix)" Grouping="" Genre="House/Deep/Tech/" Kind="AIFF File" Size="76618432" TotalTime="433" DiscNumber="0" TrackNumber="1" Year="2020" AverageBpm="124.00" DateAdded="2022-09-27" BitRate="1411" SampleRate="44100" Comments="1A - 6" PlayCount="4" Rating="0" Location="file://localhost/Users/zachvp/Music/DJ/Hardy%20Heller%20%26%20Alex%20Connors,%20Mihai%20Popoviciu%20-%20Paris%20(Original%20Mix).aiff" Remixer="" Tonality="1A" Label="" Mix="">
      <TEMPO Inizio="0.003" Bpm="124.00" Metro="4/4" Battito="1" />
    </TRACK>
    <TRACK TrackID="213195918" Name="Jah Nuh Dead (Forest Drive West Rmx)" Artist="Babe Roots" Composer="" Album="Remixes EP" Grouping="" Genre="House/Deep/Tech/Dubby" Kind="AIFF File" Size="78508534" TotalTime="444" DiscNumber="0" TrackNumber="3" Year="2019" AverageBpm="124.00" DateAdded="2022-09-27" BitRate="1411" SampleRate="44100" Comments="2A - 5" PlayCount="3" Rating="0" Location="file://localhost/Users/zachvp/Music/DJ/Babe%20Roots%20-%20Jah%20Nuh%20Dead%20(forest%20drive%20west%20rmx).aiff" Remixer="" Tonality="2A" Label="" Mix="">
      <TEMPO Inizio="0.463" Bpm="124.00" Metro="4/4" Battito="1" />
    </TRACK>
    <TRACK TrackID="87103770" Name="Rainbows" Artist="16Bl" Composer="" Album="Anjunadeep 08" Grouping="" Genre="House/Deep/Melodic" Kind="AIFF File" Size="50877436" TotalTime="287" DiscNumber="0" TrackNumber="27" Year="2016" AverageBpm="120.00" DateAdded="2022-09-27" BitRate="1411" SampleRate="44100" Comments="2A - 6" PlayCount="2" Rating="0" Location="file://localhost/Users/zachvp/Music/DJ/16BL%20-%20Rainbows.aiff" Remixer="" Tonality="2A" Label="" Mix="">
      <TEMPO Inizio="0.013" Bpm="120.00" Metro="4/4" Battito="1" />
      <TEMPO Inizio="69.514" Bpm="120.00" Metro="4/4" Battito="4" />
      <TEMPO Inizio="70.013" Bpm="120.00" Metro="4/4" Battito="1" />
      <TEMPO Inizio="70.514" Bpm="120.00" Metro="4/4" Battito="2" />
      <TEMPO Inizio="71.013" Bpm="120.00" Metro="4/4" Battito="3" />
      <TEMPO Inizio="71.514" Bpm="120.00" Metro="4/4" Battito="4" />
      <TEMPO Inizio="72.013" Bpm="120.00" Metro="4/4" Battito="1" />
      <TEMPO Inizio="72.514" Bpm="120.00" Metro="4/4" Battito="2" />
      <TEMPO Inizio="73.013" Bpm="120.00" Metro="4/4" Battito="3" />
      <TEMPO Inizio="73.514" Bpm="120.00" Metro="4/4" Battito="4" />
      <TEMPO Inizio="74.013" Bpm="120.00" Metro="4/4" Battito="1" />
      <TEMPO Inizio="74.514" Bpm="120.00" Metro="4/4" Battito="2" />
      <TEMPO Inizio="75.013" Bpm="120.00" Metro="4/4" Battito="3" />
      <TEMPO Inizio="75.514" Bpm="120.00" Metro="4/4" Battito="4" />
      <TEMPO Inizio="196.515" Bpm="120.00" Metro="4/4" Battito="2" />
      <TEMPO Inizio="197.014" Bpm="120.00" Metro="4/4" Battito="3" />
      <TEMPO Inizio="197.515" Bpm="120.00" Metro="4/4" Battito="4" />
      <TEMPO Inizio="198.014" Bpm="120.00" Metro="4/4" Battito="1" />
      <TEMPO Inizio="198.515" Bpm="120.00" Metro="4/4" Battito="2" />
      <TEMPO Inizio="199.014" Bpm="120.00" Metro="4/4" Battito="3" />
      <TEMPO Inizio="199.515" Bpm="120.00" Metro="4/4" Battito="4" />
      <TEMPO Inizio="200.014" Bpm="120.00" Metro="4/4" Battito="1" />
      <TEMPO Inizio="200.515" Bpm="120.00" Metro="4/4" Battito="2" />
      <TEMPO Inizio="201.014" Bpm="120.00" Metro="4/4" Battito="3" />
      <TEMPO Inizio="201.515" Bpm="120.00" Metro="4/4" Battito="4" />
      <TEMPO Inizio="202.014" Bpm="120.00" Metro="4/4" Battito="1" />
      <TEMPO Inizio="202.515" Bpm="120.00" Metro="4/4" Battito="2" />
    </TRACK>
    <TRACK TrackID="196568640" Name="Thread" Artist="James Welsh" Composer="" Album="Thread / North" Grouping="" Genre="House/Tech/Indie/Retro" Kind="AIFF File" Size="82983824" TotalTime="313" DiscNumber="0" TrackNumber="1" Year="2017" AverageBpm="120.00" DateAdded="2022-09-27" BitRate="2116" SampleRate="44100" Comments="11A - 5" PlayCount="10" Rating="0" Location="file://localhost/Users/zachvp/Music/DJ/James%20Welsh%20-%20Thread.aiff" Remixer="" Tonality="11A" Label="" Mix="">
      <TEMPO Inizio="0.128" Bpm="120.00" Metro="4/4" Battito="1" />
      <TEMPO Inizio="210.127" Bpm="120.00" Metro="4/4" Battito="1" />
      <TEMPO Inizio="210.628" Bpm="120.00" Metro="4/4" Battito="2" />
      <TEMPO Inizio="211.127" Bpm="120.00" Metro="4/4" Battito="3" />
      <TEMPO Inizio="211.628" Bpm="120.00" Metro="4/4" Battito="4" />
      <TEMPO Inizio="212.127" Bpm="120.00" Metro="4/4" Battito="1" />
      <TEMPO Inizio="212.628" Bpm="120.00" Metro="4/4" Battito="2" />
      <TEMPO Inizio="213.127" Bpm="120.00" Metro="4/4" Battito="3" />
      <TEMPO Inizio="213.628" Bpm="120.00" Metro="4/4" Battito="4" />
      <TEMPO Inizio="214.127" Bpm="120.00" Metro="4/4" Battito="1" />
      <TEMPO Inizio="214.628" Bpm="120.00" Metro="4/4" Battito="2" />
      <TEMPO Inizio="215.127" Bpm="120.00" Metro="4/4" Battito="3" />
      <TEMPO Inizio="215.628" Bpm="120.00" Metro="4/4" Battito="4" />
      <TEMPO Inizio="216.127" Bpm="120.00" Metro="4/4" Battito="1" />
      <TEMPO Inizio="216.628" Bpm="120.00" Metro="4/4" Battito="2" />
      <TEMPO Inizio="217.127" Bpm="120.00" Metro="4/4" Battito="3" />
      <TEMPO Inizio="217.628" Bpm="120.00" Metro="4/4" Battito="4" />
      <TEMPO Inizio="218.127" Bpm="120.00" Metro="4/4" Battito="1" />
      <TEMPO Inizio="218.628" Bpm="120.00" Metro="4/4" Battito="2" />
      <TEMPO Inizio="219.127" Bpm="120.00" Metro="4/4" Battito="3" />
      <TEMPO Inizio="219.628" Bpm="120.00" Metro="4/4" Battito="4" />
      <TEMPO Inizio="220.127" Bpm="120.00" Metro="4/4" Battito="1" />
      <TEMPO Inizio="220.628" Bpm="120.00" Metro="4/4" Battito="2" />
      <TEMPO Inizio="221.127" Bpm="120.00" Metro="4/4" Battito="3" />
      <TEMPO Inizio="221.628" Bpm="120.00" Metro="4/4" Battito="4" />
      <TEMPO Inizio="222.127" Bpm="120.00" Metro="4/4" Battito="1" />
      <TEMPO Inizio="222.628" Bpm="120.00" Metro="4/4" Battito="2" />
      <TEMPO Inizio="223.127" Bpm="120.00" Metro="4/4" Battito="3" />
      <TEMPO Inizio="223.628" Bpm="120.00" Metro="4/4" Battito="4" />
      <TEMPO Inizio="224.127" Bpm="120.00" Metro="4/4" Battito="1" />
      <TEMPO Inizio="224.628" Bpm="120.00" Metro="4/4" Battito="2" />
      <TEMPO Inizio="225.127" Bpm="120.00" Metro="4/4" Battito="3" />
      <POSITION_MARK Name="" Type="0" Start="74.114" Num="-1" />
      <POSITION_MARK Name="" Type="0" Start="14.138" Num="-1" />
      <POSITION_MARK Name="" Type="0" Start="286.107" Num="-1" />
    </TRACK>
    <TRACK TrackID="50708835" Name="Workinonit" Artist="J Dilla" Composer="" Album="Donuts" Grouping="" Genre="Lounge/Indie" Kind="AIFF File" Size="31348372" TotalTime="177" DiscNumber="0" TrackNumber="2" Year="2006" AverageBpm="92.48" DateAdded="2022-09-27" BitRate="1411" SampleRate="44100" Comments="9A - 5" PlayCount="1" Rating="0" Location="file://localhost/Users/zachvp/Music/DJ/J%20Dilla%20-%20Workinonit.aiff" Remixer="" Tonality="9A" Label="" Mix="">
      <TEMPO Inizio="0.022" Bpm="92.48" Metro="4/4" Battito="1" />
    </TRACK>
    <TRACK TrackID="76590057" Name="Bass &amp; Trumpet" Artist="Coki Feat Trixx" Composer="" Album="Heights EP" Grouping="" Genre="Lounge/" Kind="AIFF File" Size="51443318" TotalTime="291" DiscNumber="0" TrackNumber="4" Year="2017" AverageBpm="145.00" DateAdded="2022-09-27" BitRate="1411" SampleRate="44100" Comments="3A - 7" PlayCount="1" Rating="0" Location="file://localhost/Users/zachvp/Music/DJ/4-Coki_feat_Trixx_-_Bass___Trumpet.aif" Remixer="" Tonality="3A" Label="Don't Get It Twisted" Mix="">
      <TEMPO Inizio="0.411" Bpm="145.00" Metro="4/4" Battito="1" />
    </TRACK>
    <TRACK TrackID="10469539" Name="Two Can Win" Artist="J Dilla" Composer="" Album="Donuts" Grouping="" Genre="Lounge/Indie" Kind="AIFF File" Size="19030952" TotalTime="107" DiscNumber="0" TrackNumber="17" Year="2006" AverageBpm="92.57" DateAdded="2022-09-27" BitRate="1411" SampleRate="44100" Comments="7A - 6" PlayCount="1" Rating="0" Location="file://localhost/Users/zachvp/Music/DJ/J%20Dilla%20-%20Two%20Can%20Win.aiff" Remixer="" Tonality="7A" Label="" Mix="">
      <TEMPO Inizio="0.050" Bpm="92.57" Metro="4/4" Battito="1" />
      <TEMPO Inizio="29.216" Bpm="92.57" Metro="4/4" Battito="2" />
      <TEMPO Inizio="54.493" Bpm="92.57" Metro="4/4" Battito="1" />
      <TEMPO Inizio="80.418" Bpm="92.57" Metro="4/4" Battito="1" />
      <TEMPO Inizio="105.695" Bpm="92.57" Metro="4/4" Battito="4" />
    </TRACK>
    <TRACK TrackID="15091075" Name="Limits Of Real (Colombia M.I.L.Y 2019)" Artist="P?r Grindvik" Composer="" Album="Fabric Presents: Amelie Lens" Grouping="" Genre="House/Techno/Sinister" Kind="AIFF File" Size="62866884" TotalTime="355" DiscNumber="0" TrackNumber="2" Year="2019" AverageBpm="133.00" DateAdded="2022-09-27" BitRate="1411" SampleRate="44100" Comments="8A - 5" PlayCount="3" Rating="0" Location="file://localhost/Users/zachvp/Music/DJ/2-P_r_Grindvik_-_Limits_Of_Real_(Colombia_M.I.L.Y_2019).aif" Remixer="" Tonality="8A" Label="Fabric" Mix="">
      <TEMPO Inizio="0.049" Bpm="133.00" Metro="4/4" Battito="1" />
      <TEMPO Inizio="1.403" Bpm="133.00" Metro="4/4" Battito="4" />
      <TEMPO Inizio="82.605" Bpm="133.00" Metro="4/4" Battito="4" />
      <TEMPO Inizio="163.807" Bpm="133.00" Metro="4/4" Battito="4" />
      <TEMPO Inizio="245.009" Bpm="133.00" Metro="4/4" Battito="4" />
      <TEMPO Inizio="326.662" Bpm="133.00" Metro="4/4" Battito="1" />
    </TRACK>
    <TRACK TrackID="241540875" Name="Do It Til Ya Get The Message" Artist="Tony Johns Reworks" Composer="" Album="Tony Johns Reworks" Grouping="" Genre="Lounge/" Kind="AIFF File" Size="53150684" TotalTime="300" DiscNumber="0" TrackNumber="5" Year="2022" AverageBpm="105.00" DateAdded="2022-09-27" BitRate="1411" SampleRate="44100" Comments="5A - 7" PlayCount="3" Rating="0" Location="file://localhost/Users/zachvp/Music/DJ/5-Tony_Johns_Reworks_-_Do_It_Til_Ya_Get_The_Message.aif" Remixer="" Tonality="5A" Label="Tony Johns Edits" Mix="">
      <TEMPO Inizio="0.017" Bpm="105.00" Metro="4/4" Battito="1" />
      <TEMPO Inizio="0.589" Bpm="105.00" Metro="4/4" Battito="2" />
      <TEMPO Inizio="129.161" Bpm="105.00" Metro="4/4" Battito="3" />
      <TEMPO Inizio="245.733" Bpm="105.00" Metro="4/4" Battito="3" />
      <POSITION_MARK Name="" Type="0" Start="36.572" Num="-1" />
      <POSITION_MARK Name="" Type="0" Start="0.000" Num="-1" />
    </TRACK>
    <TRACK TrackID="178431487" Name="All Over (Future Disco Edit)" Artist="Italoconnection" Composer="" Album="Future Disco: Mirrorball Motel (unmixed Tracks)" Grouping="" Genre="House/Tech/Indie/Retro" Kind="AIFF File" Size="56803434" TotalTime="321" DiscNumber="0" TrackNumber="12" Year="2022" AverageBpm="127.00" DateAdded="2022-09-27" BitRate="1411" SampleRate="44100" Comments="12A - 6" PlayCount="9" Rating="0" Location="file://localhost/Users/zachvp/Music/DJ/12-Italoconnection_-_All_Over_(Future_Disco_edit).aif" Remixer="" Tonality="12A" Label="Future Disco" Mix="">
      <TEMPO Inizio="0.004" Bpm="127.00" Metro="4/4" Battito="1" />
      <TEMPO Inizio="0.477" Bpm="127.00" Metro="4/4" Battito="2" />
      <TEMPO Inizio="44.413" Bpm="127.00" Metro="4/4" Battito="3" />
      <TEMPO Inizio="100.160" Bpm="127.00" Metro="4/4" Battito="1" />
      <TEMPO Inizio="167.718" Bpm="127.00" Metro="4/4" Battito="4" />
      <TEMPO Inizio="223.465" Bpm="127.00" Metro="4/4" Battito="2" />
      <TEMPO Inizio="286.771" Bpm="127.00" Metro="4/4" Battito="4" />
      <POSITION_MARK Name="" Type="0" Start="211.655" Num="-1" />
      <POSITION_MARK Name="" Type="0" Start="75.594" Num="-1" />
    </TRACK>
    <TRACK TrackID="22586086" Name="Keep It Up" Artist="WRIGHT, Milton" Composer="" Album="Complete Friends &amp;amp; Buddies" Grouping="" Genre="Lounge/" Kind="AIFF File" Size="44545460" TotalTime="252" DiscNumber="0" TrackNumber="13" Year="2015" AverageBpm="93.33" DateAdded="2022-09-27" BitRate="1411" SampleRate="44100" Comments="8A - 5" PlayCount="2" Rating="0" Location="file://localhost/Users/zachvp/Music/DJ/13-Milton_Wright_-_Keep_It_Up.aif" Remixer="" Tonality="8A" Label="Kudos Records" Mix="">
      <TEMPO Inizio="0.280" Bpm="93.33" Metro="4/4" Battito="1" />
      <POSITION_MARK Name="" Type="0" Start="0.298" Num="-1" />
    </TRACK>
    <TRACK TrackID="106018215" Name="Kharmalion" Artist="Bossa Nostra" Composer="Carrara" Album="60 Top Lounge Elegance" Grouping="" Genre="Lounge/" Kind="AIFF File" Size="49591170" TotalTime="280" DiscNumber="0" TrackNumber="32" Year="2011" AverageBpm="99.01" DateAdded="2022-09-27" BitRate="1411" SampleRate="44100" Comments="8A - 6" PlayCount="3" Rating="0" Location="file://localhost/Users/zachvp/Music/DJ/32-Bossa_Nostra_-_Kharmalion.aif" Remixer="" Tonality="8A" Label="Pyramide" Mix="">
      <TEMPO Inizio="0.318" Bpm="99.01" Metro="4/4" Battito="2" />
      <POSITION_MARK Name="" Type="0" Start="0.235" Num="-1" />
    </TRACK>
    <TRACK TrackID="84553951" Name="One True Light" Artist="Crazy P" Composer="" Album="Truelight EP" Grouping="" Genre="House/Deep/Tech/Jazzy" Kind="AIFF File" Size="64998954" TotalTime="368" DiscNumber="0" TrackNumber="2" Year="2017" AverageBpm="120.00" DateAdded="2022-09-27" BitRate="1411" SampleRate="44100" Comments="9A - 6" PlayCount="2" Rating="0" Location="file://localhost/Users/zachvp/Music/DJ/Crazy%20P%20-%20One%20True%20Light.aiff" Remixer="" Tonality="9A" Label="" Mix="">
      <TEMPO Inizio="0.027" Bpm="120.00" Metro="4/4" Battito="1" />
      <TEMPO Inizio="74.526" Bpm="120.00" Metro="4/4" Battito="2" />
      <TEMPO Inizio="75.027" Bpm="120.00" Metro="4/4" Battito="3" />
      <TEMPO Inizio="75.526" Bpm="120.00" Metro="4/4" Battito="4" />
      <TEMPO Inizio="76.027" Bpm="120.00" Metro="4/4" Battito="1" />
      <TEMPO Inizio="76.526" Bpm="120.00" Metro="4/4" Battito="2" />
      <TEMPO Inizio="77.027" Bpm="120.00" Metro="4/4" Battito="3" />
      <TEMPO Inizio="77.526" Bpm="120.00" Metro="4/4" Battito="4" />
      <TEMPO Inizio="78.027" Bpm="120.00" Metro="4/4" Battito="1" />
      <TEMPO Inizio="78.526" Bpm="120.00" Metro="4/4" Battito="2" />
      <TEMPO Inizio="79.027" Bpm="120.00" Metro="4/4" Battito="3" />
      <TEMPO Inizio="79.526" Bpm="120.00" Metro="4/4" Battito="4" />
      <TEMPO Inizio="80.027" Bpm="120.00" Metro="4/4" Battito="1" />
      <TEMPO Inizio="80.526" Bpm="120.00" Metro="4/4" Battito="2" />
      <TEMPO Inizio="81.027" Bpm="120.00" Metro="4/4" Battito="3" />
      <TEMPO Inizio="81.526" Bpm="120.00" Metro="4/4" Battito="4" />
      <TEMPO Inizio="82.027" Bpm="120.00" Metro="4/4" Battito="1" />
      <TEMPO Inizio="82.526" Bpm="120.00" Metro="4/4" Battito="2" />
      <TEMPO Inizio="83.027" Bpm="120.00" Metro="4/4" Battito="3" />
      <TEMPO Inizio="83.526" Bpm="120.00" Metro="4/4" Battito="4" />
      <TEMPO Inizio="84.027" Bpm="120.00" Metro="4/4" Battito="1" />
      <TEMPO Inizio="84.526" Bpm="120.00" Metro="4/4" Battito="2" />
      <TEMPO Inizio="85.027" Bpm="120.00" Metro="4/4" Battito="3" />
      <TEMPO Inizio="85.526" Bpm="120.00" Metro="4/4" Battito="4" />
      <TEMPO Inizio="344.525" Bpm="120.00" Metro="4/4" Battito="2" />
      <TEMPO Inizio="345.026" Bpm="120.00" Metro="4/4" Battito="3" />
      <TEMPO Inizio="345.525" Bpm="120.00" Metro="4/4" Battito="4" />
      <TEMPO Inizio="346.026" Bpm="120.00" Metro="4/4" Battito="1" />
      <TEMPO Inizio="346.525" Bpm="120.00" Metro="4/4" Battito="2" />
      <TEMPO Inizio="347.026" Bpm="120.00" Metro="4/4" Battito="3" />
      <TEMPO Inizio="347.525" Bpm="120.00" Metro="4/4" Battito="4" />
      <TEMPO Inizio="348.026" Bpm="120.00" Metro="4/4" Battito="1" />
      <TEMPO Inizio="348.525" Bpm="120.00" Metro="4/4" Battito="2" />
      <TEMPO Inizio="349.026" Bpm="120.00" Metro="4/4" Battito="3" />
      <TEMPO Inizio="349.525" Bpm="120.00" Metro="4/4" Battito="4" />
      <TEMPO Inizio="350.026" Bpm="120.00" Metro="4/4" Battito="1" />
      <TEMPO Inizio="350.525" Bpm="120.00" Metro="4/4" Battito="2" />
      <TEMPO Inizio="351.026" Bpm="120.00" Metro="4/4" Battito="3" />
      <TEMPO Inizio="351.525" Bpm="120.00" Metro="4/4" Battito="4" />
      <TEMPO Inizio="352.026" Bpm="120.00" Metro="4/4" Battito="1" />
      <TEMPO Inizio="352.525" Bpm="120.00" Metro="4/4" Battito="2" />
      <TEMPO Inizio="353.026" Bpm="120.00" Metro="4/4" Battito="3" />
      <TEMPO Inizio="353.525" Bpm="120.00" Metro="4/4" Battito="4" />
      <TEMPO Inizio="354.026" Bpm="120.00" Metro="4/4" Battito="1" />
      <TEMPO Inizio="354.525" Bpm="120.00" Metro="4/4" Battito="2" />
      <TEMPO Inizio="355.026" Bpm="120.00" Metro="4/4" Battito="3" />
      <TEMPO Inizio="355.525" Bpm="120.00" Metro="4/4" Battito="4" />
      <TEMPO Inizio="356.026" Bpm="120.00" Metro="4/4" Battito="1" />
      <TEMPO Inizio="356.525" Bpm="120.00" Metro="4/4" Battito="2" />
    </TRACK>
    <TRACK TrackID="246184401" Name="El Sueño" Artist="Dennis Cruz" Composer="" Album="El Sueño (MHD036)" Grouping="" Genre="House/Tech/Organic" Kind="AIFF File" Size="70111826" TotalTime="397" DiscNumber="0" TrackNumber="1" Year="2018" AverageBpm="124.00" DateAdded="2022-09-27" BitRate="1411" SampleRate="44100" Comments="10A - 6" PlayCount="1" Rating="0" Location="file://localhost/Users/zachvp/Music/DJ/Dennis%20Cruz%20-%20El%20Sue%c3%b1o.aiff" Remixer="" Tonality="10A" Label="" Mix="">
      <TEMPO Inizio="0.012" Bpm="124.00" Metro="4/4" Battito="1" />
    </TRACK>
    <TRACK TrackID="258907859" Name="Nothin' But A Journal Thang" Artist="Dr. Dre &amp; Snoop vs Class Actress" Composer="" Album="" Grouping="" Genre="Lounge/Indie" Kind="AIFF File" Size="37552464" TotalTime="212" DiscNumber="0" TrackNumber="0" Year="0" AverageBpm="97.00" DateAdded="2022-09-27" BitRate="1411" SampleRate="44100" Comments="12A - 6" PlayCount="1" Rating="0" Location="file://localhost/Users/zachvp/Music/DJ/Dr.%20Dre%20%26%20Snoop%20vs%20Class%20Actress%20-%20Nothin%27%20But%20A%20Journal%20Thang.aiff" Remixer="" Tonality="12A" Label="" Mix="">
      <TEMPO Inizio="0.183" Bpm="97.00" Metro="4/4" Battito="1" />
    </TRACK>
    <TRACK TrackID="184959499" Name="One" Artist="Falcon Black Ops" Composer="" Album="Vol.1" Grouping="" Genre="House/Tech/Organic" Kind="AIFF File" Size="52616652" TotalTime="297" DiscNumber="0" TrackNumber="3" Year="2018" AverageBpm="131.00" DateAdded="2022-09-27" BitRate="1411" SampleRate="44100" Comments="8A - 6" PlayCount="15" Rating="0" Location="file://localhost/Users/zachvp/Music/DJ/Falcon%20Black%20Ops%20-%20One.aiff" Remixer="" Tonality="8A" Label="" Mix="">
      <TEMPO Inizio="0.003" Bpm="131.00" Metro="4/4" Battito="1" />
      <TEMPO Inizio="11.912" Bpm="131.00" Metro="4/4" Battito="3" />
      <POSITION_MARK Name="" Type="0" Start="29.325" Num="-1" />
    </TRACK>
    <TRACK TrackID="82308400" Name="Blue Sky And The Time To Enjoy It" Artist="Fred P" Composer="" Album="Joy Peace Happiness" Grouping="" Genre="House/Deep/Tech/Dubby" Kind="AIFF File" Size="61056176" TotalTime="345" DiscNumber="0" TrackNumber="9" Year="2021" AverageBpm="125.00" DateAdded="2022-09-27" BitRate="1411" SampleRate="44100" Comments="8A - 5" PlayCount="2" Rating="0" Location="file://localhost/Users/zachvp/Music/DJ/Fred%20P%20-%20Blue%20Sky%20And%20The%20Time%20To%20Enjoy%20It.aiff" Remixer="" Tonality="8A" Label="" Mix="">
      <TEMPO Inizio="0.000" Bpm="125.00" Metro="4/4" Battito="1" />
    </TRACK>
    <TRACK TrackID="169553438" Name="Enter The Dancefloor" Artist="Fred P" Composer="" Album="Enter the Dancefloor" Grouping="" Genre="House/Deep/Tech/Spacey" Kind="AIFF File" Size="53508662" TotalTime="302" DiscNumber="0" TrackNumber="1" Year="2020" AverageBpm="127.00" DateAdded="2022-09-27" BitRate="1411" SampleRate="44100" Comments="6A - 6" PlayCount="2" Rating="0" Location="file://localhost/Users/zachvp/Music/DJ/Fred%20P%20-%20Enter%20the%20Dancefloor%20-%2001%20Enter%20the%20Dancefloor.aiff" Remixer="" Tonality="6A" Label="" Mix="">
      <TEMPO Inizio="0.163" Bpm="127.00" Metro="4/4" Battito="1" />
      <TEMPO Inizio="0.636" Bpm="127.00" Metro="4/4" Battito="2" />
      <POSITION_MARK Name="" Type="0" Start="0.162" Num="-1" />
    </TRACK>
    <TRACK TrackID="163635808" Name="In The Mood" Artist="Fred P" Composer="" Album="Enter the Dancefloor" Grouping="" Genre="House/Deep/Tech/" Kind="AIFF File" Size="55676274" TotalTime="314" DiscNumber="0" TrackNumber="2" Year="2020" AverageBpm="128.00" DateAdded="2022-09-27" BitRate="1411" SampleRate="44100" Comments="9A - 5" PlayCount="1" Rating="0" Location="file://localhost/Users/zachvp/Music/DJ/Fred%20P%20-%20Enter%20the%20Dancefloor%20-%2002%20In%20the%20Mood.aiff" Remixer="" Tonality="9A" Label="" Mix="">
      <TEMPO Inizio="0.048" Bpm="128.00" Metro="4/4" Battito="1" />
    </TRACK>
    <TRACK TrackID="226436542" Name="Vibes" Artist="Fred P" Composer="" Album="Enter the Dancefloor" Grouping="" Genre="House/Deep/Tech/Jazzy" Kind="AIFF File" Size="52200912" TotalTime="295" DiscNumber="0" TrackNumber="3" Year="2020" AverageBpm="127.00" DateAdded="2022-09-27" BitRate="1411" SampleRate="44100" Comments="9A - 6" PlayCount="1" Rating="0" Location="file://localhost/Users/zachvp/Music/DJ/Fred%20P%20-%20Enter%20the%20Dancefloor%20-%2003%20Vibes.aiff" Remixer="" Tonality="9A" Label="" Mix="">
      <TEMPO Inizio="0.106" Bpm="127.00" Metro="4/4" Battito="1" />
      <TEMPO Inizio="100.264" Bpm="127.00" Metro="4/4" Battito="1" />
      <POSITION_MARK Name="" Type="0" Start="60.583" Num="-1" />
      <POSITION_MARK Name="" Type="0" Start="257.109" Num="-1" />
      <POSITION_MARK Name="" Type="0" Start="0.093" Num="-1" />
    </TRACK>
    <TRACK TrackID="101231104" Name="Feel It" Artist="Fred P" Composer="" Album="Enter the Dancefloor" Grouping="" Genre="House/Deep/Tech/" Kind="AIFF File" Size="52980282" TotalTime="299" DiscNumber="0" TrackNumber="4" Year="2020" AverageBpm="125.00" DateAdded="2022-09-27" BitRate="1411" SampleRate="44100" Comments="5A - 5" PlayCount="3" Rating="0" Location="file://localhost/Users/zachvp/Music/DJ/Fred%20P%20-%20Enter%20the%20Dancefloor%20-%2004%20Feel%20It.aiff" Remixer="" Tonality="5A" Label="" Mix="">
      <TEMPO Inizio="0.043" Bpm="125.00" Metro="4/4" Battito="1" />
    </TRACK>
    <TRACK TrackID="94230216" Name="Grateful For Today" Artist="Fred P" Composer="" Album="Deeper Sounds 2" Grouping="" Genre="House/Deep/Tech/" Kind="AIFF File" Size="60145942" TotalTime="340" DiscNumber="0" TrackNumber="3" Year="2020" AverageBpm="128.00" DateAdded="2022-09-27" BitRate="1411" SampleRate="44100" Comments="4A - 6" PlayCount="1" Rating="0" Location="file://localhost/Users/zachvp/Music/DJ/Fred%20P%20-%20Grateful%20For%20Today.aiff" Remixer="" Tonality="4A" Label="" Mix="">
      <TEMPO Inizio="0.000" Bpm="128.00" Metro="4/4" Battito="1" />
    </TRACK>
    <TRACK TrackID="124518555" Name="Basic Math" Artist="Innerzone Orchestra" Composer="" Album="Programmed" Grouping="" Genre="Lounge/" Kind="AIFF File" Size="93365194" TotalTime="529" DiscNumber="0" TrackNumber="9" Year="2012" AverageBpm="113.38" DateAdded="2022-09-27" BitRate="1411" SampleRate="44100" Comments="4A - 4" PlayCount="1" Rating="0" Location="file://localhost/Users/zachvp/Music/DJ/Innerzone%20Orchestra%20-%20Basic%20Math.aiff" Remixer="" Tonality="4A" Label="" Mix="">
      <TEMPO Inizio="0.249" Bpm="113.38" Metro="4/4" Battito="4" />
      <TEMPO Inizio="44.171" Bpm="113.38" Metro="4/4" Battito="3" />
      <TEMPO Inizio="74.334" Bpm="113.38" Metro="4/4" Battito="4" />
      <TEMPO Inizio="107.143" Bpm="113.38" Metro="4/4" Battito="2" />
      <TEMPO Inizio="139.952" Bpm="113.38" Metro="4/4" Battito="4" />
      <TEMPO Inizio="172.761" Bpm="113.38" Metro="4/4" Battito="2" />
      <TEMPO Inizio="205.570" Bpm="113.38" Metro="4/4" Battito="4" />
      <TEMPO Inizio="235.733" Bpm="113.38" Metro="4/4" Battito="1" />
      <TEMPO Inizio="268.542" Bpm="113.38" Metro="4/4" Battito="3" />
      <TEMPO Inizio="301.351" Bpm="113.38" Metro="4/4" Battito="1" />
      <TEMPO Inizio="334.160" Bpm="113.38" Metro="4/4" Battito="3" />
      <TEMPO Inizio="372.790" Bpm="113.38" Metro="4/4" Battito="4" />
      <TEMPO Inizio="405.599" Bpm="113.38" Metro="4/4" Battito="2" />
      <TEMPO Inizio="438.408" Bpm="113.38" Metro="4/4" Battito="4" />
      <TEMPO Inizio="468.571" Bpm="113.38" Metro="4/4" Battito="1" />
      <TEMPO Inizio="501.380" Bpm="113.38" Metro="4/4" Battito="3" />
    </TRACK>
    <TRACK TrackID="94465425" Name="Taboo [Molecular 24]" Artist="Marco Lenzi, Oliver Ho" Composer="" Album="Marco Lenzi ‎– Taboo [Molecular 24]" Grouping="" Genre="House/Tech/Organic" Kind="AIFF File" Size="71761182" TotalTime="406" DiscNumber="0" TrackNumber="1" Year="2021" AverageBpm="132.99" DateAdded="2022-09-27" BitRate="1411" SampleRate="44100" Comments="12A - 6" PlayCount="3" Rating="0" Location="file://localhost/Users/zachvp/Music/DJ/Marco%20Lenzi,%20Oliver%20Ho%20-%20Marco%20Lenzi%20%e2%80%8e%e2%80%93%20Taboo%20-Molecular%2024-.aiff" Remixer="" Tonality="12A" Label="" Mix="">
      <TEMPO Inizio="0.013" Bpm="132.99" Metro="4/4" Battito="1" />
      <TEMPO Inizio="75.356" Bpm="132.99" Metro="4/4" Battito="4" />
      <TEMPO Inizio="131.299" Bpm="132.99" Metro="4/4" Battito="4" />
      <TEMPO Inizio="187.242" Bpm="132.99" Metro="4/4" Battito="4" />
      <TEMPO Inizio="243.185" Bpm="132.99" Metro="4/4" Battito="4" />
      <TEMPO Inizio="301.835" Bpm="132.99" Metro="4/4" Battito="2" />
      <TEMPO Inizio="357.778" Bpm="132.99" Metro="4/4" Battito="2" />
    </TRACK>
    <TRACK TrackID="258604599" Name="Do Wrong" Artist="Moodymann" Composer="" Album="TAKEN AWAY" Grouping="" Genre="Lounge/Indie" Kind="AIFF File" Size="72714092" TotalTime="274" DiscNumber="0" TrackNumber="1" Year="2020" AverageBpm="98.00" DateAdded="2022-09-27" BitRate="1411" SampleRate="44100" Comments="1A - 5" PlayCount="1" Rating="0" Location="file://localhost/Users/zachvp/Music/DJ/Moodymann%20-%20Do%20Wrong.aiff" Remixer="" Tonality="1A" Label="" Mix="">
      <TEMPO Inizio="0.607" Bpm="98.00" Metro="4/4" Battito="2" />
      <TEMPO Inizio="1.832" Bpm="98.00" Metro="4/4" Battito="4" />
    </TRACK>
    <TRACK TrackID="56159905" Name="Taken Away" Artist="Moodymann" Composer="" Album="TAKEN AWAY" Grouping="" Genre="House/Deep/Tech/Jazzy" Kind="AIFF File" Size="69230568" TotalTime="391" DiscNumber="0" TrackNumber="2" Year="2020" AverageBpm="125.00" DateAdded="2022-09-27" BitRate="1411" SampleRate="44100" Comments="2A - 8" PlayCount="3" Rating="0" Location="file://localhost/Users/zachvp/Music/DJ/Moodymann%20-%20Taken%20Away.aiff" Remixer="" Tonality="2A" Label="" Mix="">
      <TEMPO Inizio="0.158" Bpm="125.00" Metro="4/4" Battito="1" />
    </TRACK>
    <TRACK TrackID="247961953" Name="Rou Leed Wild Side" Artist="Neverdogs &amp; Matteo Gatti Edit" Composer="" Album="" Grouping="" Genre="House/Deep/Tech/" Kind="AIFF File" Size="97078190" TotalTime="366" DiscNumber="0" TrackNumber="0" Year="2022" AverageBpm="126.00" DateAdded="2022-09-27" BitRate="2116" SampleRate="44100" Comments="5A - 6" PlayCount="2" Rating="0" Location="file://localhost/Users/zachvp/Music/DJ/Neverdogs%20%26%20Matteo%20Gatti%20Edit%20-%20Rou%20Leed%20Wild%20Side.aiff" Remixer="" Tonality="5A" Label="" Mix="">
      <TEMPO Inizio="0.086" Bpm="126.00" Metro="4/4" Battito="1" />
      <TEMPO Inizio="0.563" Bpm="126.00" Metro="4/4" Battito="2" />
    </TRACK>
    <TRACK TrackID="239486090" Name="Get Tough (Dj Andy Smith Disco Wonderland Re-Edit)" Artist="Kleeer" Composer="" Album="" Grouping="" Genre="House/Tech/Indie/" Kind="AIFF File" Size="109071430" TotalTime="411" DiscNumber="0" TrackNumber="0" Year="2019" AverageBpm="120.00" DateAdded="2022-09-27" BitRate="2116" SampleRate="44100" Comments="8A - 6" PlayCount="3" Rating="0" Location="file://localhost/Users/zachvp/Music/DJ/Reach%20Up%20-%20Get%20Tough%20-%20Kleeer%20(DJ%20Andy%20Smith%20Reach%20Up%20-%20Disco%20Wonderland%20Re%20Edit).aiff" Remixer="" Tonality="8A" Label="" Mix="">
      <TEMPO Inizio="0.001" Bpm="120.00" Metro="4/4" Battito="1" />
      <POSITION_MARK Name="" Type="0" Start="72.000" Num="-1" />
      <POSITION_MARK Name="" Type="0" Start="247.996" Num="-1" />
      <POSITION_MARK Name="" Type="0" Start="295.996" Num="-1" />
      <POSITION_MARK Name="" Type="0" Start="343.997" Num="-1" />
    </TRACK>
    <TRACK TrackID="171139996" Name="Chillin (Original Mix)" Artist="Reelow" Composer="" Album="Pim Pam Pum EP" Grouping="" Genre="House/Tech/Groove" Kind="AIFF File" Size="68245198" TotalTime="386" DiscNumber="0" TrackNumber="3" Year="2022" AverageBpm="127.00" DateAdded="2022-09-27" BitRate="1411" SampleRate="44100" Comments="2A - 5" PlayCount="2" Rating="0" Location="file://localhost/Users/zachvp/Music/DJ/Reelow%20-%20Chillin%20(Original%20Mix).aiff" Remixer="" Tonality="2A" Label="" Mix="">
      <TEMPO Inizio="0.002" Bpm="127.00" Metro="4/4" Battito="3" />
      <TEMPO Inizio="0.475" Bpm="127.00" Metro="4/4" Battito="4" />
      <TEMPO Inizio="33.074" Bpm="127.00" Metro="4/4" Battito="1" />
      <TEMPO Inizio="193.232" Bpm="127.00" Metro="4/4" Battito="4" />
      <TEMPO Inizio="341.579" Bpm="127.00" Metro="4/4" Battito="2" />
    </TRACK>
    <TRACK TrackID="136365270" Name="Chord Cluster (Cassy Full On Dub Mix)" Artist="Steve Bug &amp; Langenberg" Composer="" Album="Paradise Sold Remixes" Grouping="" Genre="House/Deep/Tech/Spacey" Kind="AIFF File" Size="77610562" TotalTime="438" DiscNumber="0" TrackNumber="3" Year="2018" AverageBpm="122.00" DateAdded="2022-09-27" BitRate="1411" SampleRate="44100" Comments="2A - 5" PlayCount="6" Rating="0" Location="file://localhost/Users/zachvp/Music/DJ/Steve%20Bug%20%26%20Langenberg%20-%20Chord%20Cluster%20(Cassy%20Full%20On%20Dub%20Mix).aiff" Remixer="" Tonality="2A" Label="" Mix="">
      <TEMPO Inizio="0.126" Bpm="122.00" Metro="4/4" Battito="1" />
    </TRACK>
    <TRACK TrackID="165515363" Name="African Fantasy (Lay-Far Disco-Dub Remix)" Artist="Valique" Composer="" Album="The Flute" Grouping="" Genre="House/Deep/Tech/Jazzy" Kind="AIFF File" Size="84790924" TotalTime="479" DiscNumber="0" TrackNumber="2" Year="2019" AverageBpm="122.00" DateAdded="2022-09-27" BitRate="1411" SampleRate="44100" Comments="7A - 6" PlayCount="1" Rating="0" Location="file://localhost/Users/zachvp/Music/DJ/Valique%20-%20African%20Fantasy%20(Lay-Far%20Disco-Dub%20remix).aiff" Remixer="" Tonality="7A" Label="" Mix="">
      <TEMPO Inizio="0.013" Bpm="122.00" Metro="4/4" Battito="1" />
      <POSITION_MARK Name="" Type="0" Start="15.758" Num="-1" />
      <POSITION_MARK Name="" Type="0" Start="422.952" Num="-1" />
    </TRACK>
    <TRACK TrackID="251748324" Name="Dubbiz" Artist="Werner Niedermeier" Composer="" Album="Dubbiz" Grouping="" Genre="House/Deep/Tech/Dubby" Kind="AIFF File" Size="80243138" TotalTime="454" DiscNumber="0" TrackNumber="1" Year="2020" AverageBpm="123.00" DateAdded="2022-09-27" BitRate="1411" SampleRate="44100" Comments="2A - 4" PlayCount="3" Rating="0" Location="file://localhost/Users/zachvp/Music/DJ/Werner%20Niedermeier%20-%20Dubbiz.aiff" Remixer="" Tonality="2A" Label="" Mix="">
      <TEMPO Inizio="0.128" Bpm="123.00" Metro="4/4" Battito="1" />
    </TRACK>
    <TRACK TrackID="21091295" Name="Don't Call Me Baby (Original 12&quot; Mix)" Artist="Madison Avenue" Composer="" Album="Don't Call Me Baby" Grouping="" Genre="House/Tech/Indie/" Kind="AIFF File" Size="82401108" TotalTime="466" DiscNumber="0" TrackNumber="4" Year="2017" AverageBpm="124.51" DateAdded="2022-09-27" BitRate="1411" SampleRate="44100" Comments="3A - 7" PlayCount="3" Rating="0" Location="file://localhost/Users/zachvp/Music/DJ/9335306_Don_t_Call_Me_Baby_(Original_12__Mix).aiff" Remixer="" Tonality="3A" Label="Vicious" Mix="">
      <TEMPO Inizio="0.220" Bpm="124.51" Metro="4/4" Battito="1" />
      <POSITION_MARK Name="" Type="0" Start="246.956" Num="-1" />
      <POSITION_MARK Name="" Type="0" Start="308.629" Num="-1" />
      <POSITION_MARK Name="" Type="0" Start="15.640" Num="-1" />
      <POSITION_MARK Name="" Type="0" Start="123.578" Num="-1" />
      <POSITION_MARK Name="" Type="0" Start="61.897" Num="-1" />
    </TRACK>
    <TRACK TrackID="252765551" Name="Escaping" Artist="Jamie Leather" Composer="" Album="" Grouping="" Genre="House/Tech/Breaks" Kind="AIFF File" Size="61230794" TotalTime="347" DiscNumber="0" TrackNumber="0" Year="0" AverageBpm="128.00" DateAdded="2022-09-27" BitRate="1411" SampleRate="44100" Comments="9A - 5" PlayCount="2" Rating="0" Location="file://localhost/Users/zachvp/Music/DJ/Jamie%20Leather%20-%2003%20Escaping%20-%20OMK003.aif" Remixer="" Tonality="9A" Label="" Mix="">
      <TEMPO Inizio="0.207" Bpm="128.00" Metro="4/4" Battito="1" />
      <POSITION_MARK Name="" Type="0" Start="0.193" Num="-1" />
    </TRACK>
    <TRACK TrackID="57367478" Name="Spinner (Original Mix)" Artist="Mihai Popoviciu" Composer="" Album="Recalculat EP" Grouping="" Genre="House/Deep/Tech/" Kind="AIFF File" Size="81153165" TotalTime="458" DiscNumber="0" TrackNumber="1" Year="2021" AverageBpm="126.00" DateAdded="2022-10-03" BitRate="1411" SampleRate="44100" Comments="5A - 5" PlayCount="16" Rating="0" Location="file://localhost/Users/zachvp/Music/DJ/01%20Spinner%20(Original%20Mix).aif" Remixer="" Tonality="5A" Label="" Mix="">
      <TEMPO Inizio="0.475" Bpm="126.00" Metro="4/4" Battito="2" />
      <TEMPO Inizio="0.952" Bpm="126.00" Metro="4/4" Battito="3" />
      <TEMPO Inizio="197.143" Bpm="126.00" Metro="4/4" Battito="3" />
      <TEMPO Inizio="453.334" Bpm="126.00" Metro="4/4" Battito="1" />
      <POSITION_MARK Name="" Type="0" Start="244.285" Num="-1" />
    </TRACK>
    <TRACK TrackID="200422437" Name="Little Helper 340-6 (Original Mix)" Artist="Chad B, Dylan Griffin" Composer="" Album="Little Helpers 340" Grouping="" Genre="House/Deep/Tech/" Kind="AIFF File" Size="72830686" TotalTime="410" DiscNumber="0" TrackNumber="6" Year="2019" AverageBpm="124.00" DateAdded="2022-10-04" BitRate="1411" SampleRate="44100" Comments="7A - 6" PlayCount="1" Rating="0" Location="file://localhost/Users/zachvp/Music/DJ/11170746_Little_Helper_340-6_(Original_Mix).aiff" Remixer="" Tonality="7A" Label="Little Helpers" Mix="">
      <TEMPO Inizio="0.001" Bpm="124.00" Metro="4/4" Battito="1" />
    </TRACK>
    <TRACK TrackID="95743719" Name="Kristallisering" Artist="Porn Sword Tobacco" Composer="" Album="Magnifik Botanik" Grouping="" Genre="House/Deep/Tech/Jazzy" Kind="AIFF File" Size="118513836" TotalTime="409" DiscNumber="0" TrackNumber="4" Year="2015" AverageBpm="123.26" DateAdded="2022-10-04" BitRate="2304" SampleRate="48000" Comments="9A - 6" PlayCount="0" Rating="0" Location="file://localhost/Users/zachvp/Music/DJ/4Kristallisering-Porn-Sword-Tobacco.aiff" Remixer="" Tonality="9A" Label="" Mix="">
      <TEMPO Inizio="0.234" Bpm="123.26" Metro="4/4" Battito="4" />
    </TRACK>
    <TRACK TrackID="197142471" Name="Money" Artist="Pink Floyd" Composer="Roger Waters" Album="The Dark Side of the Moon" Grouping="" Genre="Lounge/Rock" Kind="AIFF File" Size="67220049" TotalTime="380" DiscNumber="1" TrackNumber="6" Year="2021" AverageBpm="126.52" DateAdded="2022-10-04" BitRate="1411" SampleRate="44100" Comments="10A - 6" PlayCount="1" Rating="0" Location="file://localhost/Users/zachvp/Music/DJ/06%20Money.aif" Remixer="" Tonality="10A" Label="" Mix="">
      <TEMPO Inizio="0.100" Bpm="126.52" Metro="4/4" Battito="4" />
      <TEMPO Inizio="34.718" Bpm="126.52" Metro="4/4" Battito="1" />
      <TEMPO Inizio="67.439" Bpm="126.52" Metro="4/4" Battito="2" />
      <TEMPO Inizio="100.160" Bpm="126.52" Metro="4/4" Battito="3" />
      <TEMPO Inizio="132.881" Bpm="126.52" Metro="4/4" Battito="4" />
      <TEMPO Inizio="167.499" Bpm="126.52" Metro="4/4" Battito="1" />
      <TEMPO Inizio="200.220" Bpm="126.52" Metro="4/4" Battito="2" />
      <TEMPO Inizio="232.941" Bpm="126.52" Metro="4/4" Battito="3" />
      <TEMPO Inizio="265.662" Bpm="126.52" Metro="4/4" Battito="4" />
      <TEMPO Inizio="300.280" Bpm="126.52" Metro="4/4" Battito="1" />
      <TEMPO Inizio="333.001" Bpm="126.52" Metro="4/4" Battito="2" />
      <TEMPO Inizio="365.722" Bpm="126.52" Metro="4/4" Battito="3" />
    </TRACK>
    <TRACK TrackID="45149251" Name="Time" Artist="Pink Floyd" Composer="Roger Waters, David Gilmour, Nick Mason, Richard Wright" Album="The Dark Side of the Moon" Grouping="" Genre="Lounge/Rock" Kind="AIFF File" Size="74765307" TotalTime="422" DiscNumber="1" TrackNumber="4" Year="2021" AverageBpm="119.51" DateAdded="2022-10-04" BitRate="1411" SampleRate="44100" Comments="11A - 4" PlayCount="0" Rating="0" Location="file://localhost/Users/zachvp/Music/DJ/04%20Time.aif" Remixer="" Tonality="11A" Label="" Mix="">
      <TEMPO Inizio="0.143" Bpm="119.51" Metro="4/4" Battito="4" />
      <TEMPO Inizio="50.347" Bpm="119.51" Metro="4/4" Battito="4" />
      <TEMPO Inizio="91.514" Bpm="119.51" Metro="4/4" Battito="2" />
      <TEMPO Inizio="133.183" Bpm="119.51" Metro="4/4" Battito="1" />
      <TEMPO Inizio="174.350" Bpm="119.51" Metro="4/4" Battito="3" />
      <TEMPO Inizio="174.851" Bpm="119.51" Metro="4/4" Battito="4" />
      <TEMPO Inizio="175.354" Bpm="119.51" Metro="4/4" Battito="1" />
      <TEMPO Inizio="217.023" Bpm="119.51" Metro="4/4" Battito="4" />
      <TEMPO Inizio="258.190" Bpm="119.51" Metro="4/4" Battito="2" />
      <TEMPO Inizio="299.357" Bpm="119.51" Metro="4/4" Battito="4" />
      <TEMPO Inizio="341.026" Bpm="119.51" Metro="4/4" Battito="3" />
      <TEMPO Inizio="354.580" Bpm="119.51" Metro="4/4" Battito="2" />
      <TEMPO Inizio="355.585" Bpm="119.51" Metro="4/4" Battito="4" />
      <TEMPO Inizio="396.752" Bpm="119.51" Metro="4/4" Battito="2" />
    </TRACK>
    <TRACK TrackID="196093425" Name="Absolute Zero" Artist="Hoover" Composer="" Album="Sad About The Times" Grouping="" Genre="Lounge/Acoustic" Kind="AIFF File" Size="38711076" TotalTime="215" DiscNumber="0" TrackNumber="9" Year="2019" AverageBpm="81.44" DateAdded="2022-10-04" BitRate="1411" SampleRate="44100" Comments="5A - 2" PlayCount="0" Rating="0" Location="file://localhost/Users/zachvp/Music/DJ/09%20Absolute%20Zero.aif" Remixer="" Tonality="5A" Label="" Mix="">
      <TEMPO Inizio="0.501" Bpm="81.44" Metro="4/4" Battito="2" />
    </TRACK>
    <TRACK TrackID="226038262" Name="Any Colour You Like" Artist="Pink Floyd" Composer="David Gilmour, Nick Mason, Richard Wright" Album="The Dark Side of the Moon" Grouping="" Genre="Lounge/" Kind="AIFF File" Size="36472390" TotalTime="205" DiscNumber="1" TrackNumber="8" Year="2021" AverageBpm="156.13" DateAdded="2022-10-04" BitRate="1411" SampleRate="44100" Comments="7A - 4" PlayCount="0" Rating="0" Location="file://localhost/Users/zachvp/Music/DJ/08%20Any%20Colour%20You%20Like.aif" Remixer="" Tonality="7A" Label="" Mix="">
      <TEMPO Inizio="0.063" Bpm="156.14" Metro="4/4" Battito="1" />
      <TEMPO Inizio="1.985" Bpm="156.14" Metro="4/4" Battito="2" />
    </TRACK>
    <TRACK TrackID="86368542" Name="Big Time" Artist="Peter Gabriel" Composer="" Album="So" Grouping="" Genre="Lounge/Indie" Kind="AIFF File" Size="47754230" TotalTime="269" DiscNumber="0" TrackNumber="6" Year="1986" AverageBpm="116.05" DateAdded="2022-10-04" BitRate="1411" SampleRate="44100" Comments="1A - 8" PlayCount="2" Rating="0" Location="file://localhost/Users/zachvp/Music/DJ/06%20Big%20Time.aif" Remixer="" Tonality="1A" Label="" Mix="">
      <TEMPO Inizio="0.488" Bpm="116.05" Metro="4/4" Battito="3" />
      <TEMPO Inizio="2.040" Bpm="116.05" Metro="4/4" Battito="2" />
      <TEMPO Inizio="34.096" Bpm="116.05" Metro="4/4" Battito="4" />
      <TEMPO Inizio="66.152" Bpm="116.05" Metro="4/4" Battito="2" />
      <TEMPO Inizio="98.208" Bpm="116.05" Metro="4/4" Battito="4" />
      <TEMPO Inizio="130.264" Bpm="116.05" Metro="4/4" Battito="2" />
      <TEMPO Inizio="162.320" Bpm="116.05" Metro="4/4" Battito="4" />
      <TEMPO Inizio="194.376" Bpm="116.05" Metro="4/4" Battito="2" />
      <TEMPO Inizio="226.949" Bpm="116.05" Metro="4/4" Battito="1" />
      <TEMPO Inizio="258.488" Bpm="116.05" Metro="4/4" Battito="2" />
      <POSITION_MARK Name="" Type="0" Start="208.008" Num="-1" />
    </TRACK>
    <TRACK TrackID="117643975" Name="Brain Damage" Artist="Pink Floyd" Composer="Roger Waters" Album="The Dark Side of the Moon" Grouping="" Genre="zzz" Kind="AIFF File" Size="40832960" TotalTime="230" DiscNumber="1" TrackNumber="9" Year="2021" AverageBpm="131.68" DateAdded="2022-10-04" BitRate="1411" SampleRate="44100" Comments="10B - 4" PlayCount="0" Rating="0" Location="file://localhost/Users/zachvp/Music/DJ/09%20Brain%20Damage.aif" Remixer="" Tonality="10B" Label="" Mix="">
      <TEMPO Inizio="0.093" Bpm="131.68" Metro="4/4" Battito="1" />
    </TRACK>
    <TRACK TrackID="237754123" Name="Breathe (In the Air)" Artist="Pink Floyd" Composer="Roger Waters, Richard Wright, David Gilmour" Album="The Dark Side of the Moon" Grouping="" Genre="zzz" Kind="AIFF File" Size="30084362" TotalTime="169" DiscNumber="1" TrackNumber="2" Year="2021" AverageBpm="127.83" DateAdded="2022-10-04" BitRate="1411" SampleRate="44100" Comments="8A - 3" PlayCount="0" Rating="0" Location="file://localhost/Users/zachvp/Music/DJ/02%20Breathe%20(In%20the%20Air).aif" Remixer="" Tonality="8A" Label="" Mix="">
      <TEMPO Inizio="0.316" Bpm="127.83" Metro="4/4" Battito="1" />
      <TEMPO Inizio="0.786" Bpm="127.83" Metro="4/4" Battito="2" />
      <TEMPO Inizio="28.949" Bpm="127.83" Metro="4/4" Battito="2" />
      <TEMPO Inizio="81.050" Bpm="127.83" Metro="4/4" Battito="1" />
      <TEMPO Inizio="136.906" Bpm="127.83" Metro="4/4" Battito="4" />
    </TRACK>
    <TRACK TrackID="27860306" Name="Eclipse" Artist="Pink Floyd" Composer="Roger Waters" Album="The Dark Side of the Moon" Grouping="" Genre="zzz" Kind="AIFF File" Size="22527339" TotalTime="126" DiscNumber="1" TrackNumber="10" Year="2021" AverageBpm="120.02" DateAdded="2022-10-04" BitRate="1411" SampleRate="44100" Comments="7A - 4" PlayCount="0" Rating="0" Location="file://localhost/Users/zachvp/Music/DJ/10%20Eclipse.aif" Remixer="" Tonality="7A" Label="" Mix="">
      <TEMPO Inizio="0.067" Bpm="120.02" Metro="4/4" Battito="1" />
    </TRACK>
    <TRACK TrackID="145276479" Name="On the Run" Artist="Pink Floyd" Composer="David Gilmour, Roger Waters" Album="The Dark Side of the Moon" Grouping="" Genre="zzz" Kind="AIFF File" Size="38295164" TotalTime="216" DiscNumber="1" TrackNumber="3" Year="2021" AverageBpm="165.38" DateAdded="2022-10-04" BitRate="1411" SampleRate="44100" Comments="9A - 4" PlayCount="0" Rating="0" Location="file://localhost/Users/zachvp/Music/DJ/03%20On%20the%20Run.aif" Remixer="" Tonality="9A" Label="" Mix="">
      <TEMPO Inizio="0.071" Bpm="165.38" Metro="4/4" Battito="1" />
    </TRACK>
    <TRACK TrackID="230651378" Name="Porcelain" Artist="Nadine" Composer="" Album="Indigo + Porcelain" Grouping="" Genre="Lounge/Acoustic" Kind="AIFF File" Size="30297881" TotalTime="171" DiscNumber="0" TrackNumber="2" Year="2021" AverageBpm="80.00" DateAdded="2022-10-04" BitRate="1411" SampleRate="44100" Comments="11B - 2" PlayCount="2" Rating="0" Location="file://localhost/Users/zachvp/Music/DJ/02%20Porcelain.aif" Remixer="" Tonality="11B" Label="" Mix="">
      <TEMPO Inizio="0.016" Bpm="80.00" Metro="4/4" Battito="1" />
      <TEMPO Inizio="106.517" Bpm="80.00" Metro="4/4" Battito="3" />
      <TEMPO Inizio="107.266" Bpm="80.00" Metro="4/4" Battito="4" />
      <TEMPO Inizio="109.517" Bpm="80.00" Metro="4/4" Battito="3" />
      <TEMPO Inizio="111.016" Bpm="80.00" Metro="4/4" Battito="1" />
      <TEMPO Inizio="112.517" Bpm="80.00" Metro="4/4" Battito="3" />
      <TEMPO Inizio="114.766" Bpm="80.00" Metro="4/4" Battito="2" />
      <TEMPO Inizio="115.517" Bpm="80.00" Metro="4/4" Battito="3" />
    </TRACK>
    <TRACK TrackID="224688362" Name="Printer Song" Artist="Moraga Volcanics" Composer="" Album="Freeze-Thaw" Grouping="" Genre="Lounge/Indie" Kind="AIFF File" Size="45201238" TotalTime="251" DiscNumber="0" TrackNumber="8" Year="0" AverageBpm="117.99" DateAdded="2022-10-04" BitRate="1411" SampleRate="44100" Comments="5A - 5" PlayCount="3" Rating="0" Location="file://localhost/Users/zachvp/Music/DJ/08%20Printer%20Song.aif" Remixer="" Tonality="5A" Label="" Mix="">
      <TEMPO Inizio="0.055" Bpm="117.99" Metro="4/4" Battito="1" />
    </TRACK>
    <TRACK TrackID="221826014" Name="The Great Gig in the Sky (ft Clare Torry)" Artist="Pink Floyd" Composer="Richard Wright, Clare Torry" Album="The Dark Side of the Moon" Grouping="" Genre="Lounge/" Kind="AIFF File" Size="50344494" TotalTime="284" DiscNumber="1" TrackNumber="5" Year="2021" AverageBpm="125.36" DateAdded="2022-10-04" BitRate="1411" SampleRate="44100" Comments="6A - 4" PlayCount="0" Rating="0" Location="file://localhost/Users/zachvp/Music/DJ/05%20The%20Great%20Gig%20in%20the%20Sky%20(ft%20Clare%20Torry).aif" Remixer="" Tonality="6A" Label="" Mix="">
      <TEMPO Inizio="0.318" Bpm="125.36" Metro="4/4" Battito="1" />
    </TRACK>
    <TRACK TrackID="19770170" Name="Sixteen Tons" Artist="Tennessee Ernie Ford" Composer="" Album="Capitol Collectors Series" Grouping="" Genre="Lounge/" Kind="AIFF File" Size="28334252" TotalTime="155" DiscNumber="1" TrackNumber="25" Year="1991" AverageBpm="143.09" DateAdded="2022-10-18" BitRate="1411" SampleRate="44100" Comments="10A - 3" PlayCount="1" Rating="0" Location="file://localhost/Users/zachvp/Music/DJ/Tennessee%20Ernie%20Ford%20-%2025.%20Sixteen%20Tons.aiff" Remixer="" Tonality="10A" Label="" Mix="">
      <TEMPO Inizio="0.074" Bpm="143.09" Metro="4/4" Battito="1" />
      <TEMPO Inizio="0.494" Bpm="143.09" Metro="4/4" Battito="2" />
    </TRACK>
    <TRACK TrackID="126469716" Name="Mary Jane Kelley" Artist="AKUFEN" Composer="" Album="Mary Jane Kelley EP" Grouping="" Genre="House/Deep/Tech/Dubby" Kind="AIFF File" Size="81136526" TotalTime="459" DiscNumber="0" TrackNumber="1" Year="0" AverageBpm="127.00" DateAdded="2022-11-02" BitRate="1411" SampleRate="44100" Comments="9A - 5" PlayCount="2" Rating="0" Location="file://localhost/Users/zachvp/Music/DJ/01_AKUFEN_Mary_Jane_Kelley.aiff" Remixer="" Tonality="9A" Label="" Mix="">
      <TEMPO Inizio="0.061" Bpm="127.00" Metro="4/4" Battito="1" />
      <TEMPO Inizio="24.156" Bpm="127.00" Metro="4/4" Battito="4" />
    </TRACK>
    <TRACK TrackID="100584685" Name="Cloudy" Artist="Daphni" Composer="" Album="Cloudy" Grouping="" Genre="House/Deep/Tech/Jazzy" Kind="AIFF File" Size="72934550" TotalTime="411" DiscNumber="0" TrackNumber="1" Year="0" AverageBpm="128.00" DateAdded="2022-11-02" BitRate="1411" SampleRate="44100" Comments="5A - 5" PlayCount="2" Rating="0" Location="file://localhost/Users/zachvp/Music/DJ/01_daphni_cloudy.aiff" Remixer="" Tonality="5A" Label="" Mix="">
      <TEMPO Inizio="0.000" Bpm="128.00" Metro="4/4" Battito="1" />
    </TRACK>
    <TRACK TrackID="130867480" Name="boom boom (Trentemøller Remix)" Artist="jennylee" Composer="" Album="boom boom (Trentemøller Remix)" Grouping="" Genre="Lounge/Indie" Kind="AIFF File" Size="57351468" TotalTime="307" DiscNumber="1" TrackNumber="1" Year="2016" AverageBpm="110.00" DateAdded="2022-11-02" BitRate="1411" SampleRate="44100" Comments="12A - 6" PlayCount="1" Rating="0" Location="file://localhost/Users/zachvp/Music/DJ/01_jennylee_boom_boom__Trentem_ller_Remix_.aiff" Remixer="" Tonality="12A" Label="" Mix="">
      <TEMPO Inizio="0.047" Bpm="110.00" Metro="4/4" Battito="1" />
      <TEMPO Inizio="0.593" Bpm="110.00" Metro="4/4" Battito="2" />
      <TEMPO Inizio="49.139" Bpm="110.00" Metro="4/4" Battito="3" />
      <TEMPO Inizio="103.685" Bpm="110.00" Metro="4/4" Battito="3" />
      <TEMPO Inizio="164.231" Bpm="110.00" Metro="4/4" Battito="2" />
      <TEMPO Inizio="218.777" Bpm="110.00" Metro="4/4" Battito="2" />
      <TEMPO Inizio="273.323" Bpm="110.00" Metro="4/4" Battito="2" />
    </TRACK>
    <TRACK TrackID="114381635" Name="Your Life (Wamdue Vocal Mix 2)" Artist="Charles Webster" Composer="" Album="Your Life - Wamdue Mixes" Grouping="" Genre="House/Deep/Tech/Jazzy" Kind="AIFF File" Size="106186528" TotalTime="601" DiscNumber="0" TrackNumber="3" Year="2020" AverageBpm="123.00" DateAdded="2022-11-02" BitRate="1411" SampleRate="44100" Comments="1A - 6" PlayCount="1" Rating="0" Location="file://localhost/Users/zachvp/Music/DJ/03%20Your%20Life%20(Wamdue%20Vocal%20Mix%202).aif" Remixer="" Tonality="1A" Label="" Mix="">
      <TEMPO Inizio="0.329" Bpm="123.00" Metro="4/4" Battito="3" />
    </TRACK>
    <TRACK TrackID="258451760" Name="Running From It" Artist="QRTR" Composer="" Album="infina ad nausea" Grouping="" Genre="House/Tech/Indie/" Kind="AIFF File" Size="49735781" TotalTime="281" DiscNumber="0" TrackNumber="4" Year="2021" AverageBpm="119.00" DateAdded="2022-11-02" BitRate="1411" SampleRate="44100" Comments="8A - 6" PlayCount="1" Rating="0" Location="file://localhost/Users/zachvp/Music/DJ/04%20Running%20From%20It.aif" Remixer="" Tonality="8A" Label="" Mix="">
      <TEMPO Inizio="0.034" Bpm="119.00" Metro="4/4" Battito="1" />
      <TEMPO Inizio="0.539" Bpm="119.00" Metro="4/4" Battito="2" />
    </TRACK>
    <TRACK TrackID="142437591" Name="Train Track" Artist="Wheelman" Composer="" Album="Reaching For A Higher Place" Grouping="" Genre="House/Deep/Tech/" Kind="AIFF File" Size="73697438" TotalTime="417" DiscNumber="0" TrackNumber="4" Year="2021" AverageBpm="127.00" DateAdded="2022-11-02" BitRate="1411" SampleRate="44100" Comments="7A - 6" PlayCount="4" Rating="0" Location="file://localhost/Users/zachvp/Music/DJ/04%20Train%20Track.aif" Remixer="" Tonality="7A" Label="" Mix="">
      <TEMPO Inizio="0.187" Bpm="127.00" Metro="4/4" Battito="1" />
      <TEMPO Inizio="0.660" Bpm="127.00" Metro="4/4" Battito="2" />
      <POSITION_MARK Name="" Type="0" Start="0.192" Num="-1" />
    </TRACK>
    <TRACK TrackID="126815522" Name="Dreamworld" Artist="Rilo Kiley" Composer="" Album="Under the Blacklight" Grouping="" Genre="House/Tech/Indie/" Kind="AIFF File" Size="50331416" TotalTime="285" DiscNumber="0" TrackNumber="6" Year="2007" AverageBpm="120.00" DateAdded="2022-11-02" BitRate="1411" SampleRate="44100" Comments="6B - 5" PlayCount="3" Rating="0" Location="file://localhost/Users/zachvp/Music/DJ/6.Dreamworld.aiff" Remixer="" Tonality="6B" Label="" Mix="">
      <TEMPO Inizio="0.101" Bpm="120.00" Metro="4/4" Battito="1" />
      <TEMPO Inizio="0.600" Bpm="120.00" Metro="4/4" Battito="2" />
      <TEMPO Inizio="1.101" Bpm="120.00" Metro="4/4" Battito="3" />
      <TEMPO Inizio="1.600" Bpm="120.00" Metro="4/4" Battito="4" />
      <TEMPO Inizio="2.101" Bpm="120.00" Metro="4/4" Battito="1" />
      <TEMPO Inizio="2.600" Bpm="120.00" Metro="4/4" Battito="2" />
      <TEMPO Inizio="3.101" Bpm="120.00" Metro="4/4" Battito="3" />
      <TEMPO Inizio="3.600" Bpm="120.00" Metro="4/4" Battito="4" />
      <TEMPO Inizio="77.099" Bpm="120.00" Metro="4/4" Battito="3" />
      <TEMPO Inizio="77.600" Bpm="120.00" Metro="4/4" Battito="4" />
      <TEMPO Inizio="78.099" Bpm="120.00" Metro="4/4" Battito="1" />
      <TEMPO Inizio="78.600" Bpm="120.00" Metro="4/4" Battito="2" />
      <TEMPO Inizio="79.099" Bpm="120.00" Metro="4/4" Battito="3" />
      <TEMPO Inizio="79.600" Bpm="120.00" Metro="4/4" Battito="4" />
      <TEMPO Inizio="80.099" Bpm="120.00" Metro="4/4" Battito="1" />
      <TEMPO Inizio="151.098" Bpm="120.00" Metro="4/4" Battito="3" />
      <TEMPO Inizio="151.599" Bpm="120.00" Metro="4/4" Battito="4" />
      <TEMPO Inizio="152.098" Bpm="120.00" Metro="4/4" Battito="1" />
      <TEMPO Inizio="152.599" Bpm="120.00" Metro="4/4" Battito="2" />
      <TEMPO Inizio="153.098" Bpm="120.00" Metro="4/4" Battito="3" />
      <TEMPO Inizio="224.097" Bpm="120.00" Metro="4/4" Battito="1" />
      <TEMPO Inizio="224.598" Bpm="120.00" Metro="4/4" Battito="2" />
      <TEMPO Inizio="225.097" Bpm="120.00" Metro="4/4" Battito="3" />
      <TEMPO Inizio="225.598" Bpm="120.00" Metro="4/4" Battito="4" />
      <TEMPO Inizio="226.097" Bpm="120.00" Metro="4/4" Battito="1" />
      <TEMPO Inizio="226.598" Bpm="120.00" Metro="4/4" Battito="2" />
      <TEMPO Inizio="227.097" Bpm="120.00" Metro="4/4" Battito="3" />
    </TRACK>
    <TRACK TrackID="5797664" Name="Reel 7 Break 1 (Live Studio Sessions)" Artist="Pretty Lights" Composer="" Album="A Color Map of the Sun" Grouping="" Genre="Lounge/" Kind="AIFF File" Size="33543226" TotalTime="189" DiscNumber="0" TrackNumber="26" Year="2013" AverageBpm="88.33" DateAdded="2022-11-02" BitRate="1411" SampleRate="44100" Comments="12B - 5" PlayCount="1" Rating="0" Location="file://localhost/Users/zachvp/Music/DJ/26%20Reel%207%20Break%201%20(Live%20Studio%20Sessions).aif" Remixer="" Tonality="12B" Label="" Mix="">
      <TEMPO Inizio="0.099" Bpm="88.33" Metro="4/4" Battito="4" />
      <TEMPO Inizio="13.685" Bpm="88.33" Metro="4/4" Battito="4" />
      <TEMPO Inizio="27.271" Bpm="88.33" Metro="4/4" Battito="4" />
      <TEMPO Inizio="40.857" Bpm="88.33" Metro="4/4" Battito="4" />
      <TEMPO Inizio="59.198" Bpm="88.33" Metro="4/4" Battito="3" />
      <TEMPO Inizio="77.539" Bpm="88.33" Metro="4/4" Battito="2" />
      <TEMPO Inizio="95.880" Bpm="88.33" Metro="4/4" Battito="1" />
      <TEMPO Inizio="109.466" Bpm="88.33" Metro="4/4" Battito="1" />
      <TEMPO Inizio="127.807" Bpm="88.33" Metro="4/4" Battito="4" />
      <TEMPO Inizio="146.148" Bpm="88.33" Metro="4/4" Battito="3" />
      <TEMPO Inizio="164.489" Bpm="88.33" Metro="4/4" Battito="2" />
      <TEMPO Inizio="178.075" Bpm="88.33" Metro="4/4" Battito="2" />
    </TRACK>
    <TRACK TrackID="33908216" Name="Orbit 1.3 (Original Mix)" Artist="Second Hand Satellites" Composer="" Album="Multiple Mirrors" Grouping="" Genre="House/Tech/Breaks" Kind="AIFF File" Size="96049352" TotalTime="544" DiscNumber="0" TrackNumber="1" Year="2003" AverageBpm="127.94" DateAdded="2022-11-02" BitRate="1411" SampleRate="44100" Comments="2A - 5" PlayCount="1" Rating="0" Location="file://localhost/Users/zachvp/Music/DJ/6698_Orbit_1.3_(Original_Mix).aiff" Remixer="" Tonality="2A" Label="Shaboom" Mix="">
      <TEMPO Inizio="0.311" Bpm="127.94" Metro="4/4" Battito="2" />
    </TRACK>
    <TRACK TrackID="267773372" Name="Moody feat. DM Binxter (The Beloved Remix)" Artist="BPT" Composer="" Album="Moody UK Remixes" Grouping="" Genre="House/Tech/Groove" Kind="AIFF File" Size="82581796" TotalTime="467" DiscNumber="0" TrackNumber="1" Year="2006" AverageBpm="128.00" DateAdded="2022-11-02" BitRate="1411" SampleRate="44100" Comments="9A - 6" PlayCount="2" Rating="0" Location="file://localhost/Users/zachvp/Music/DJ/129886_Moody_feat._DM_Binxter_(The_Beloved_Remix).aiff" Remixer="" Tonality="9A" Label="KULT" Mix="">
      <TEMPO Inizio="0.014" Bpm="128.00" Metro="4/4" Battito="1" />
    </TRACK>
    <TRACK TrackID="264896211" Name="Another World (Invitation Only Mix)" Artist="Kevin Yost, Peter Funk" Composer="" Album="Another World" Grouping="" Genre="House/Deep/Tech/" Kind="AIFF File" Size="75959886" TotalTime="430" DiscNumber="0" TrackNumber="3" Year="2007" AverageBpm="124.01" DateAdded="2022-11-02" BitRate="1411" SampleRate="44100" Comments="4A - 7" PlayCount="1" Rating="0" Location="file://localhost/Users/zachvp/Music/DJ/461363_Another_World_(Invitation_Only_Mix).aiff" Remixer="" Tonality="4A" Label="I Records" Mix="">
      <TEMPO Inizio="0.023" Bpm="124.01" Metro="4/4" Battito="1" />
      <POSITION_MARK Name="" Type="0" Start="348.401" Num="-1" />
    </TRACK>
    <TRACK TrackID="252609961" Name="Helen Cornell (2000 And One Dub)" Artist="Marc Romboy, Chelonis R. Jones" Composer="" Album="Helen Cornell (The Remixes)" Grouping="" Genre="House/Tech/Groove" Kind="AIFF File" Size="105871378" TotalTime="600" DiscNumber="0" TrackNumber="1" Year="2008" AverageBpm="126.00" DateAdded="2022-11-02" BitRate="1411" SampleRate="44100" Comments="2A - 5" PlayCount="2" Rating="0" Location="file://localhost/Users/zachvp/Music/DJ/561228_Helen_Cornell_(2000_And_One_Dub).aiff" Remixer="" Tonality="2A" Label="Systematic Recordings" Mix="">
      <TEMPO Inizio="0.003" Bpm="126.00" Metro="4/4" Battito="1" />
    </TRACK>
    <TRACK TrackID="177263729" Name="Oasis One (Original Mix)" Artist="Oasis" Composer="" Album="Oasis Collaborating" Grouping="" Genre="House/Deep/Tech/Spacey" Kind="AIFF File" Size="87514968" TotalTime="495" DiscNumber="0" TrackNumber="3" Year="2009" AverageBpm="122.00" DateAdded="2022-11-02" BitRate="1411" SampleRate="44100" Comments="9A - 5" PlayCount="2" Rating="0" Location="file://localhost/Users/zachvp/Music/DJ/782645_Oasis_One_(Original_Mix).aiff" Remixer="" Tonality="9A" Label="FXHE Records" Mix="">
      <TEMPO Inizio="0.033" Bpm="122.00" Metro="4/4" Battito="1" />
    </TRACK>
    <TRACK TrackID="80159847" Name="Gallian (Original Mix)" Artist="SIS" Composer="" Album="Gallian / Machiste" Grouping="" Genre="House/Deep/Tech/" Kind="AIFF File" Size="111058982" TotalTime="629" DiscNumber="0" TrackNumber="1" Year="2011" AverageBpm="128.00" DateAdded="2022-11-02" BitRate="1411" SampleRate="44100" Comments="4A - 7" PlayCount="2" Rating="0" Location="file://localhost/Users/zachvp/Music/DJ/1682924_Gallian_(Original_Mix).aiff" Remixer="" Tonality="4A" Label="Rebellion" Mix="">
      <TEMPO Inizio="0.416" Bpm="128.00" Metro="4/4" Battito="2" />
      <POSITION_MARK Name="" Type="0" Start="1.819" Num="-1" />
    </TRACK>
    <TRACK TrackID="42002366" Name="Nightime (Crazy P Remix)" Artist="Greg Paulus" Composer="" Album="Nightime" Grouping="" Genre="House/Deep/Tech/Jazzy" Kind="AIFF File" Size="89065368" TotalTime="504" DiscNumber="0" TrackNumber="3" Year="2011" AverageBpm="118.00" DateAdded="2022-11-02" BitRate="1411" SampleRate="44100" Comments="10A - 6" PlayCount="2" Rating="0" Location="file://localhost/Users/zachvp/Music/DJ/1785958_Nightime_(Crazy_P_Remix).aiff" Remixer="" Tonality="10A" Label="Wolf + Lamb Records" Mix="">
      <TEMPO Inizio="0.002" Bpm="118.00" Metro="4/4" Battito="1" />
      <TEMPO Inizio="0.511" Bpm="118.00" Metro="4/4" Battito="2" />
      <TEMPO Inizio="111.359" Bpm="118.00" Metro="4/4" Battito="4" />
      <TEMPO Inizio="261.868" Bpm="118.00" Metro="4/4" Battito="4" />
      <TEMPO Inizio="382.377" Bpm="118.00" Metro="4/4" Battito="1" />
    </TRACK>
    <TRACK TrackID="208419419" Name="El Mercado (Original Mix)" Artist="Barou" Composer="" Album="Smooth Vibes - Selected Deep Grooves" Grouping="" Genre="House/Deep/Tech/Jazzy" Kind="AIFF File" Size="88955446" TotalTime="503" DiscNumber="0" TrackNumber="9" Year="2011" AverageBpm="123.00" DateAdded="2022-11-02" BitRate="1411" SampleRate="44100" Comments="8A - 6" PlayCount="4" Rating="0" Location="file://localhost/Users/zachvp/Music/DJ/1789757_El_Mercado_(Original_Mix).aiff" Remixer="" Tonality="8A" Label="Variety Music" Mix="">
      <TEMPO Inizio="0.479" Bpm="123.00" Metro="4/4" Battito="1" />
      <POSITION_MARK Name="" Type="0" Start="125.348" Num="-1" />
      <POSITION_MARK Name="" Type="0" Start="312.667" Num="-1" />
      <POSITION_MARK Name="" Type="0" Start="343.890" Num="-1" />
      <POSITION_MARK Name="" Type="0" Start="437.548" Num="-1" />
      <POSITION_MARK Name="" Type="0" Start="0.453" Num="-1" />
    </TRACK>
    <TRACK TrackID="230237561" Name="Can't Leave You (Original Mix)" Artist="Maceo Plex" Composer="" Album="Sweating Tears EP" Grouping="" Genre="House/Tech/Indie/" Kind="AIFF File" Size="94543056" TotalTime="535" DiscNumber="0" TrackNumber="1" Year="2011" AverageBpm="122.00" DateAdded="2022-11-02" BitRate="1411" SampleRate="44100" Comments="7A - 6" PlayCount="2" Rating="0" Location="file://localhost/Users/zachvp/Music/DJ/2677237_Can_t_Leave_You_(Original_Mix).aiff" Remixer="" Tonality="7A" Label="Crosstown Rebels" Mix="">
      <TEMPO Inizio="0.019" Bpm="122.00" Metro="4/4" Battito="1" />
    </TRACK>
    <TRACK TrackID="245576731" Name="I Refuse (What You Want) (Industry Standard Club Mix)" Artist="Somore, Damon Trueitt" Composer="" Album="I Refuse (What You Want) Collected Vol.1" Grouping="" Genre="House/Deep/Tech/" Kind="AIFF File" Size="72063358" TotalTime="408" DiscNumber="0" TrackNumber="5" Year="2012" AverageBpm="127.87" DateAdded="2022-11-02" BitRate="1411" SampleRate="44100" Comments="4A - 6" PlayCount="2" Rating="0" Location="file://localhost/Users/zachvp/Music/DJ/3814413_I_Refuse_(What_You_Want)_(Industry_Standard_Club_Mix).aiff" Remixer="" Tonality="4A" Label="I Records Black" Mix="">
      <TEMPO Inizio="0.466" Bpm="127.87" Metro="4/4" Battito="1" />
      <TEMPO Inizio="11.728" Bpm="127.87" Metro="4/4" Battito="1" />
      <TEMPO Inizio="27.213" Bpm="127.87" Metro="4/4" Battito="2" />
      <TEMPO Inizio="42.698" Bpm="127.87" Metro="4/4" Battito="3" />
      <TEMPO Inizio="53.960" Bpm="127.87" Metro="4/4" Battito="3" />
      <TEMPO Inizio="69.445" Bpm="127.87" Metro="4/4" Battito="4" />
      <TEMPO Inizio="84.930" Bpm="127.87" Metro="4/4" Battito="1" />
      <TEMPO Inizio="100.415" Bpm="127.87" Metro="4/4" Battito="2" />
      <TEMPO Inizio="111.677" Bpm="127.87" Metro="4/4" Battito="2" />
      <TEMPO Inizio="129.039" Bpm="127.87" Metro="4/4" Battito="3" />
      <TEMPO Inizio="148.278" Bpm="127.87" Metro="4/4" Battito="4" />
      <TEMPO Inizio="165.640" Bpm="127.87" Metro="4/4" Battito="1" />
      <TEMPO Inizio="184.879" Bpm="127.87" Metro="4/4" Battito="2" />
      <TEMPO Inizio="204.118" Bpm="127.87" Metro="4/4" Battito="3" />
      <TEMPO Inizio="221.480" Bpm="127.87" Metro="4/4" Battito="4" />
      <TEMPO Inizio="240.719" Bpm="127.87" Metro="4/4" Battito="1" />
      <TEMPO Inizio="259.958" Bpm="127.87" Metro="4/4" Battito="2" />
      <TEMPO Inizio="277.320" Bpm="127.87" Metro="4/4" Battito="3" />
      <TEMPO Inizio="296.559" Bpm="127.87" Metro="4/4" Battito="4" />
      <TEMPO Inizio="315.798" Bpm="127.87" Metro="4/4" Battito="1" />
      <TEMPO Inizio="333.160" Bpm="127.87" Metro="4/4" Battito="2" />
      <TEMPO Inizio="352.399" Bpm="127.87" Metro="4/4" Battito="3" />
      <TEMPO Inizio="371.638" Bpm="127.87" Metro="4/4" Battito="4" />
      <TEMPO Inizio="389.000" Bpm="127.87" Metro="4/4" Battito="1" />
    </TRACK>
    <TRACK TrackID="251961212" Name="Greed Insanity (Original Mix)" Artist="Fur Coat" Composer="" Album="Day Zero - The Sound of The Mayan Spirit (compiled by Damian Lazarus)" Grouping="" Genre="House/Tech/Groove" Kind="AIFF File" Size="78383984" TotalTime="444" DiscNumber="0" TrackNumber="6" Year="2012" AverageBpm="122.00" DateAdded="2022-11-02" BitRate="1411" SampleRate="44100" Comments="5A - 5" PlayCount="2" Rating="0" Location="file://localhost/Users/zachvp/Music/DJ/3933112_Greed_Insanity_(Original_Mix).aiff" Remixer="" Tonality="5A" Label="Crosstown Rebels" Mix="">
      <TEMPO Inizio="0.004" Bpm="122.00" Metro="4/4" Battito="1" />
      <POSITION_MARK Name="" Type="0" Start="0.006" Num="-1" />
    </TRACK>
    <TRACK TrackID="265952956" Name="Love (Love Ride Mix)" Artist="Classic Man" Composer="" Album="Nervous: The First 50 Releases" Grouping="" Genre="House/Deep/Tech/Jazzy" Kind="AIFF File" Size="60920126" TotalTime="345" DiscNumber="0" TrackNumber="11" Year="2012" AverageBpm="124.22" DateAdded="2022-11-02" BitRate="1411" SampleRate="44100" Comments="5A - 5" PlayCount="0" Rating="0" Location="file://localhost/Users/zachvp/Music/DJ/4033263_Love_(Love_Ride_Mix).aiff" Remixer="" Tonality="5A" Label="Nervous Records" Mix="">
      <TEMPO Inizio="0.140" Bpm="124.22" Metro="4/4" Battito="1" />
      <TEMPO Inizio="151.807" Bpm="124.22" Metro="4/4" Battito="3" />
      <TEMPO Inizio="305.406" Bpm="124.22" Metro="4/4" Battito="1" />
    </TRACK>
    <TRACK TrackID="201361402" Name="Fifth Street Orchestration (Club Mix)" Artist="Classic Man" Composer="" Album="Nervous: The First 50 Releases" Grouping="" Genre="House/Deep/Tech/Jazzy" Kind="AIFF File" Size="63699124" TotalTime="360" DiscNumber="0" TrackNumber="26" Year="2012" AverageBpm="123.19" DateAdded="2022-11-02" BitRate="1411" SampleRate="44100" Comments="5A - 4" PlayCount="1" Rating="0" Location="file://localhost/Users/zachvp/Music/DJ/4033278_Fifth_Street_Orchestration_(Club_Mix).aiff" Remixer="" Tonality="5A" Label="Nervous Records" Mix="">
      <TEMPO Inizio="0.163" Bpm="123.19" Metro="4/4" Battito="2" />
      <TEMPO Inizio="13.314" Bpm="123.19" Metro="4/4" Battito="1" />
      <TEMPO Inizio="35.232" Bpm="123.19" Metro="4/4" Battito="2" />
      <TEMPO Inizio="57.637" Bpm="123.19" Metro="4/4" Battito="4" />
      <TEMPO Inizio="80.529" Bpm="123.19" Metro="4/4" Battito="3" />
      <TEMPO Inizio="102.934" Bpm="123.19" Metro="4/4" Battito="1" />
      <TEMPO Inizio="124.852" Bpm="123.19" Metro="4/4" Battito="2" />
      <TEMPO Inizio="147.257" Bpm="123.19" Metro="4/4" Battito="4" />
      <TEMPO Inizio="169.662" Bpm="123.19" Metro="4/4" Battito="2" />
      <TEMPO Inizio="192.067" Bpm="123.19" Metro="4/4" Battito="4" />
      <TEMPO Inizio="213.985" Bpm="123.19" Metro="4/4" Battito="1" />
      <TEMPO Inizio="236.390" Bpm="123.19" Metro="4/4" Battito="3" />
      <TEMPO Inizio="258.795" Bpm="123.19" Metro="4/4" Battito="1" />
      <TEMPO Inizio="281.200" Bpm="123.19" Metro="4/4" Battito="3" />
      <TEMPO Inizio="303.118" Bpm="123.19" Metro="4/4" Battito="4" />
      <TEMPO Inizio="326.010" Bpm="123.19" Metro="4/4" Battito="3" />
      <TEMPO Inizio="348.415" Bpm="123.19" Metro="4/4" Battito="1" />
    </TRACK>
    <TRACK TrackID="237262512" Name="Dropped (Original Mix)" Artist="Atoms For Peace" Composer="" Album="AMOK" Grouping="" Genre="Lounge/Indie" Kind="AIFF File" Size="52571596" TotalTime="297" DiscNumber="0" TrackNumber="4" Year="2013" AverageBpm="86.92" DateAdded="2022-11-02" BitRate="1411" SampleRate="44100" Comments="4A - 4" PlayCount="1" Rating="0" Location="file://localhost/Users/zachvp/Music/DJ/4172414_Dropped_(Original_Mix).aiff" Remixer="" Tonality="4A" Label="XL Recordings" Mix="">
      <TEMPO Inizio="0.232" Bpm="86.92" Metro="4/4" Battito="1" />
      <TEMPO Inizio="47.861" Bpm="86.92" Metro="4/4" Battito="2" />
      <TEMPO Inizio="95.490" Bpm="86.92" Metro="4/4" Battito="3" />
      <TEMPO Inizio="141.048" Bpm="86.92" Metro="4/4" Battito="1" />
      <TEMPO Inizio="188.677" Bpm="86.92" Metro="4/4" Battito="2" />
      <TEMPO Inizio="236.306" Bpm="86.92" Metro="4/4" Battito="3" />
      <TEMPO Inizio="283.935" Bpm="86.92" Metro="4/4" Battito="4" />
    </TRACK>
    <TRACK TrackID="104023456" Name="This Is What You Want (Iron Curtis Remix)" Artist="Whim-ee" Composer="" Album="This Is What You Want" Grouping="" Genre="House/Deep/Tech/" Kind="AIFF File" Size="91276822" TotalTime="515" DiscNumber="0" TrackNumber="2" Year="2013" AverageBpm="123.00" DateAdded="2022-11-02" BitRate="1411" SampleRate="44100" Comments="3A - 5" PlayCount="1" Rating="0" Location="file://localhost/Users/zachvp/Music/DJ/4669452_This_Is_What_You_Want_(Iron_Curtis_Remix).aiff" Remixer="" Tonality="3A" Label="Nite Grooves" Mix="">
      <TEMPO Inizio="0.040" Bpm="123.00" Metro="4/4" Battito="1" />
    </TRACK>
    <TRACK TrackID="146134645" Name="Rise For Love (Original Mix)" Artist="Dusky" Composer="" Album="Careless EP" Grouping="" Genre="House/Tech/Groove" Kind="AIFF File" Size="70820134" TotalTime="401" DiscNumber="0" TrackNumber="2" Year="2013" AverageBpm="124.99" DateAdded="2022-11-02" BitRate="1411" SampleRate="44100" Comments="11A - 6" PlayCount="2" Rating="0" Location="file://localhost/Users/zachvp/Music/DJ/4731086_Rise_For_Love_(Original_Mix).aiff" Remixer="" Tonality="11A" Label="Aus Music" Mix="">
      <TEMPO Inizio="0.072" Bpm="124.99" Metro="4/4" Battito="1" />
      <TEMPO Inizio="75.917" Bpm="124.99" Metro="4/4" Battito="3" />
      <TEMPO Inizio="141.201" Bpm="124.99" Metro="4/4" Battito="3" />
      <TEMPO Inizio="206.005" Bpm="124.99" Metro="4/4" Battito="2" />
      <TEMPO Inizio="270.329" Bpm="124.99" Metro="4/4" Battito="4" />
      <TEMPO Inizio="335.613" Bpm="124.99" Metro="4/4" Battito="4" />
      <TEMPO Inizio="399.937" Bpm="124.99" Metro="4/4" Battito="2" />
    </TRACK>
    <TRACK TrackID="87716942" Name="I Feel Like (LondonGround Remix)" Artist="Beat Factory" Composer="" Album="I Feel Like" Grouping="" Genre="House/Deep/Tech/Jazzy" Kind="AIFF File" Size="77789190" TotalTime="440" DiscNumber="0" TrackNumber="3" Year="2014" AverageBpm="122.00" DateAdded="2022-11-02" BitRate="1411" SampleRate="44100" Comments="1A - 5" PlayCount="5" Rating="0" Location="file://localhost/Users/zachvp/Music/DJ/5213261_Beat_Factory_-_I_Feel_Like_(LondonGround_Remix).aiff" Remixer="" Tonality="1A" Label="Color House Records" Mix="">
      <TEMPO Inizio="0.002" Bpm="122.00" Metro="4/4" Battito="1" />
    </TRACK>
    <TRACK TrackID="195237982" Name="Jodye (Original Mix)" Artist="Kevin Over" Composer="" Album="Memorize" Grouping="" Genre="House/Deep/Tech/" Kind="AIFF File" Size="67689060" TotalTime="383" DiscNumber="0" TrackNumber="1" Year="2014" AverageBpm="124.00" DateAdded="2022-11-02" BitRate="1411" SampleRate="44100" Comments="8A - 6" PlayCount="1" Rating="0" Location="file://localhost/Users/zachvp/Music/DJ/5488997_Jodye_(Original_Mix).aiff" Remixer="" Tonality="8A" Label="Noir Music" Mix="">
      <TEMPO Inizio="0.026" Bpm="124.00" Metro="4/4" Battito="1" />
    </TRACK>
    <TRACK TrackID="201726170" Name="Right Shoulder (Original Mix)" Artist="Juliche Hernandez" Composer="" Album="V.A. Pura Premiere Vol.2" Grouping="" Genre="House/Deep/Tech/" Kind="AIFF File" Size="75096566" TotalTime="425" DiscNumber="0" TrackNumber="8" Year="2012" AverageBpm="122.00" DateAdded="2022-11-02" BitRate="1411" SampleRate="44100" Comments="9A - 5" PlayCount="3" Rating="0" Location="file://localhost/Users/zachvp/Music/DJ/6070974_Right_Shoulder_(Original_Mix).aiff" Remixer="" Tonality="9A" Label="Pura Music" Mix="">
      <TEMPO Inizio="0.106" Bpm="122.00" Metro="4/4" Battito="1" />
    </TRACK>
    <TRACK TrackID="220227037" Name="If You Have A Doubt (Argy Vocal Mix)" Artist="Overnite, Hollis P Monroe" Composer="" Album="Songs" Grouping="" Genre="House/Tech/Groove" Kind="AIFF File" Size="61947540" TotalTime="348" DiscNumber="0" TrackNumber="17" Year="2014" AverageBpm="123.00" DateAdded="2022-11-02" BitRate="1411" SampleRate="44100" Comments="5A - 5" PlayCount="2" Rating="0" Location="file://localhost/Users/zachvp/Music/DJ/6118881_If_You_Have_A_Doubt_(Argy_Vocal_Mix).aiff" Remixer="" Tonality="5A" Label="Noir Music" Mix="">
      <TEMPO Inizio="0.426" Bpm="123.00" Metro="4/4" Battito="1" />
    </TRACK>
    <TRACK TrackID="40326235" Name="Exaltation (Deeper Mix)" Artist="Phlash And Friends" Composer="" Album="Runnin" Grouping="" Genre="House/Deep/Tech/Jazzy" Kind="AIFF File" Size="89637632" TotalTime="507" DiscNumber="0" TrackNumber="3" Year="2015" AverageBpm="126.00" DateAdded="2022-11-02" BitRate="1411" SampleRate="44100" Comments="12A - 6" PlayCount="6" Rating="0" Location="file://localhost/Users/zachvp/Music/DJ/6212341_Exaltation_(Deeper_Mix).aiff" Remixer="" Tonality="12A" Label="Archive Records" Mix="">
      <TEMPO Inizio="0.193" Bpm="126.00" Metro="4/4" Battito="1" />
      <TEMPO Inizio="0.670" Bpm="126.00" Metro="4/4" Battito="2" />
      <TEMPO Inizio="398.288" Bpm="126.00" Metro="4/4" Battito="1" />
      <POSITION_MARK Name="" Type="0" Start="122.091" Num="-1" />
      <POSITION_MARK Name="" Type="0" Start="91.615" Num="-1" />
    </TRACK>
    <TRACK TrackID="219454540" Name="Cerberus (Original Mix)" Artist="Festiva" Composer="" Album="The Amazon" Grouping="" Genre="House/Techno/Sinister" Kind="AIFF File" Size="67821426" TotalTime="383" DiscNumber="0" TrackNumber="2" Year="2015" AverageBpm="125.00" DateAdded="2022-11-02" BitRate="1411" SampleRate="44100" Comments="3A - 6" PlayCount="1" Rating="0" Location="file://localhost/Users/zachvp/Music/DJ/6263509_Cerberus_(Original_Mix).aiff" Remixer="" Tonality="3A" Label="Elikonas Records" Mix="">
      <TEMPO Inizio="0.008" Bpm="125.00" Metro="4/4" Battito="1" />
      <TEMPO Inizio="161.289" Bpm="125.00" Metro="4/4" Battito="1" />
    </TRACK>
    <TRACK TrackID="169960111" Name="Montara (Jerome.c Remix)" Artist="Adam Touch, Podime" Composer="" Album="Montara" Grouping="" Genre="House/Deep/Tech/" Kind="AIFF File" Size="84436012" TotalTime="476" DiscNumber="0" TrackNumber="3" Year="2015" AverageBpm="123.00" DateAdded="2022-11-02" BitRate="1411" SampleRate="44100" Comments="6A - 6" PlayCount="6" Rating="0" Location="file://localhost/Users/zachvp/Music/DJ/6517555_Montara_(Jerome.c_Remix).aiff" Remixer="" Tonality="6A" Label="Amazing Music" Mix="">
      <TEMPO Inizio="0.003" Bpm="123.00" Metro="4/4" Battito="1" />
      <POSITION_MARK Name="" Type="0" Start="429.268" Num="-1" />
      <POSITION_MARK Name="" Type="0" Start="46.823" Num="-1" />
    </TRACK>
    <TRACK TrackID="183709003" Name="Dark Days (Original Mix)" Artist="Bart Skils" Composer="" Album="Lost Boys" Grouping="" Genre="House/Techno/Sinister" Kind="AIFF File" Size="97091358" TotalTime="549" DiscNumber="0" TrackNumber="4" Year="2015" AverageBpm="126.00" DateAdded="2022-11-02" BitRate="1411" SampleRate="44100" Comments="6A - 5" PlayCount="1" Rating="0" Location="file://localhost/Users/zachvp/Music/DJ/6742813_Dark_Days_(Original_Mix).aiff" Remixer="" Tonality="6A" Label="Drumcode" Mix="">
      <TEMPO Inizio="0.001" Bpm="126.00" Metro="4/4" Battito="1" />
      <TEMPO Inizio="0.954" Bpm="126.00" Metro="4/4" Battito="3" />
      <TEMPO Inizio="378.572" Bpm="126.00" Metro="4/4" Battito="4" />
    </TRACK>
    <TRACK TrackID="13683912" Name="The Stalker (Afterhours Mix)" Artist="Junior Sanchez" Composer="" Album="The Stalker" Grouping="" Genre="House/Tech/Groove" Kind="AIFF File" Size="65590958" TotalTime="370" DiscNumber="0" TrackNumber="2" Year="2015" AverageBpm="126.00" DateAdded="2022-11-02" BitRate="1411" SampleRate="44100" Comments="2A - 6" PlayCount="1" Rating="0" Location="file://localhost/Users/zachvp/Music/DJ/6768669_The_Stalker_(Afterhours_Mix).aiff" Remixer="" Tonality="2A" Label="Murk Records" Mix="">
      <TEMPO Inizio="0.061" Bpm="126.00" Metro="4/4" Battito="1" />
      <TEMPO Inizio="0.538" Bpm="126.00" Metro="4/4" Battito="2" />
    </TRACK>
    <TRACK TrackID="194653222" Name="Cassandra (Original Mix)" Artist="Donato Dozzy" Composer="" Album="Cassandra" Grouping="" Genre="House/Deep/Tech/" Kind="AIFF File" Size="79398646" TotalTime="449" DiscNumber="0" TrackNumber="1" Year="2015" AverageBpm="124.00" DateAdded="2022-11-02" BitRate="1411" SampleRate="44100" Comments="3A - 6" PlayCount="1" Rating="0" Location="file://localhost/Users/zachvp/Music/DJ/7088198_Cassandra_(Original_Mix).aiff" Remixer="" Tonality="3A" Label="Claque Musique" Mix="">
      <TEMPO Inizio="0.025" Bpm="124.00" Metro="4/4" Battito="4" />
    </TRACK>
    <TRACK TrackID="196256755" Name="Ego Tripping (Guy J Remix)" Artist="Pedro Aguiar" Composer="" Album="Guy J Remixes" Grouping="" Genre="House/Deep/Tech/Spacey" Kind="AIFF File" Size="83273068" TotalTime="470" DiscNumber="0" TrackNumber="3" Year="2016" AverageBpm="123.00" DateAdded="2022-11-02" BitRate="1411" SampleRate="44100" Comments="8A - 6" PlayCount="6" Rating="0" Location="file://localhost/Users/zachvp/Music/DJ/7854819_Ego_Tripping_(Guy_J_Remix).aiff" Remixer="" Tonality="8A" Label="Lost &amp; Found" Mix="">
      <TEMPO Inizio="0.078" Bpm="123.00" Metro="4/4" Battito="1" />
      <POSITION_MARK Name="" Type="0" Start="31.256" Num="-1" />
    </TRACK>
    <TRACK TrackID="101767969" Name="Rampage (Original Mix)" Artist="Jonathan Calvo" Composer="" Album="Rampage" Grouping="" Genre="House/Techno/Downtempo" Kind="AIFF File" Size="73164576" TotalTime="414" DiscNumber="0" TrackNumber="1" Year="2016" AverageBpm="124.00" DateAdded="2022-11-02" BitRate="1411" SampleRate="44100" Comments="1A - 5" PlayCount="1" Rating="0" Location="file://localhost/Users/zachvp/Music/DJ/7938263_Rampage_(Original_Mix).aiff" Remixer="" Tonality="1A" Label="Steel Ground Records" Mix="">
      <TEMPO Inizio="0.003" Bpm="124.00" Metro="4/4" Battito="1" />
    </TRACK>
    <TRACK TrackID="134285308" Name="All Indians, No Chiefs (Original Mix)" Artist="Pleasurekraft" Composer="" Album="All Indians, No Chiefs" Grouping="" Genre="House/Techno/Sinister" Kind="AIFF File" Size="77723902" TotalTime="438" DiscNumber="0" TrackNumber="1" Year="2016" AverageBpm="125.00" DateAdded="2022-11-02" BitRate="1411" SampleRate="44100" Comments="12A - 6" PlayCount="2" Rating="0" Location="file://localhost/Users/zachvp/Music/DJ/8335795_All_Indians,_No_Chiefs_(Original_Mix).aiff" Remixer="" Tonality="12A" Label="Octopus Records" Mix="">
      <TEMPO Inizio="0.388" Bpm="125.00" Metro="4/4" Battito="1" />
    </TRACK>
    <TRACK TrackID="196884574" Name="Familiar Feeling (Timo Maas Main Mix)" Artist="Moloko" Composer="" Album="All Back to the Mine: Volume II - A Collection of Remixes" Grouping="" Genre="House/Tech/Indie/" Kind="AIFF File" Size="99460852" TotalTime="560" DiscNumber="0" TrackNumber="6" Year="2016" AverageBpm="129.01" DateAdded="2022-11-02" BitRate="1411" SampleRate="44100" Comments="9A - 6" PlayCount="3" Rating="0" Location="file://localhost/Users/zachvp/Music/DJ/8602166_Familiar_Feeling_(Timo_Maas_Main_Mix).aiff" Remixer="" Tonality="9A" Label="Echo" Mix="">
      <TEMPO Inizio="0.026" Bpm="129.01" Metro="4/4" Battito="3" />
      <TEMPO Inizio="19.560" Bpm="129.01" Metro="4/4" Battito="1" />
      <TEMPO Inizio="33.978" Bpm="129.01" Metro="4/4" Battito="4" />
      <TEMPO Inizio="48.396" Bpm="129.01" Metro="4/4" Battito="3" />
      <TEMPO Inizio="62.814" Bpm="129.01" Metro="4/4" Battito="2" />
      <TEMPO Inizio="77.232" Bpm="129.01" Metro="4/4" Battito="1" />
      <TEMPO Inizio="96.766" Bpm="129.01" Metro="4/4" Battito="3" />
      <TEMPO Inizio="111.184" Bpm="129.01" Metro="4/4" Battito="2" />
      <TEMPO Inizio="130.718" Bpm="129.01" Metro="4/4" Battito="4" />
      <TEMPO Inizio="145.136" Bpm="129.01" Metro="4/4" Battito="3" />
      <TEMPO Inizio="159.554" Bpm="129.01" Metro="4/4" Battito="2" />
      <TEMPO Inizio="179.088" Bpm="129.01" Metro="4/4" Battito="4" />
      <TEMPO Inizio="193.506" Bpm="129.01" Metro="4/4" Battito="3" />
      <TEMPO Inizio="207.924" Bpm="129.01" Metro="4/4" Battito="2" />
      <TEMPO Inizio="222.342" Bpm="129.01" Metro="4/4" Battito="1" />
      <TEMPO Inizio="236.760" Bpm="129.01" Metro="4/4" Battito="4" />
      <TEMPO Inizio="256.294" Bpm="129.01" Metro="4/4" Battito="2" />
      <TEMPO Inizio="270.712" Bpm="129.01" Metro="4/4" Battito="1" />
      <TEMPO Inizio="290.246" Bpm="129.01" Metro="4/4" Battito="3" />
      <TEMPO Inizio="304.199" Bpm="129.01" Metro="4/4" Battito="1" />
      <TEMPO Inizio="324.198" Bpm="129.01" Metro="4/4" Battito="4" />
      <TEMPO Inizio="338.151" Bpm="129.01" Metro="4/4" Battito="2" />
      <TEMPO Inizio="358.150" Bpm="129.01" Metro="4/4" Battito="1" />
      <TEMPO Inizio="372.103" Bpm="129.01" Metro="4/4" Battito="3" />
      <TEMPO Inizio="391.637" Bpm="129.01" Metro="4/4" Battito="1" />
      <TEMPO Inizio="406.055" Bpm="129.01" Metro="4/4" Battito="4" />
      <TEMPO Inizio="420.473" Bpm="129.01" Metro="4/4" Battito="3" />
      <TEMPO Inizio="440.007" Bpm="129.01" Metro="4/4" Battito="1" />
      <TEMPO Inizio="454.425" Bpm="129.01" Metro="4/4" Battito="4" />
      <TEMPO Inizio="473.959" Bpm="129.01" Metro="4/4" Battito="2" />
      <TEMPO Inizio="488.377" Bpm="129.01" Metro="4/4" Battito="1" />
      <TEMPO Inizio="502.795" Bpm="129.01" Metro="4/4" Battito="4" />
      <TEMPO Inizio="517.213" Bpm="129.01" Metro="4/4" Battito="3" />
      <TEMPO Inizio="531.631" Bpm="129.01" Metro="4/4" Battito="2" />
      <TEMPO Inizio="551.165" Bpm="129.01" Metro="4/4" Battito="4" />
      <POSITION_MARK Name="" Type="0" Start="97.701" Num="-1" />
      <POSITION_MARK Name="" Type="0" Start="410.266" Num="-1" />
      <POSITION_MARK Name="" Type="0" Start="529.307" Num="-1" />
      <POSITION_MARK Name="" Type="0" Start="365.586" Num="-1" />
    </TRACK>
    <TRACK TrackID="99354430" Name="Familiar Feeling (Martin Buttrich Instrumental)" Artist="Moloko" Composer="" Album="All Back to the Mine: Volume II - A Collection of Remixes" Grouping="" Genre="House/Deep/Tech/Jazzy" Kind="AIFF File" Size="65164934" TotalTime="366" DiscNumber="0" TrackNumber="23" Year="2016" AverageBpm="127.00" DateAdded="2022-11-02" BitRate="1411" SampleRate="44100" Comments="9A - 5" PlayCount="4" Rating="0" Location="file://localhost/Users/zachvp/Music/DJ/8602176_Familiar_Feeling_(Martin_Buttrich_Instrumental).aiff" Remixer="" Tonality="9A" Label="Echo" Mix="">
      <TEMPO Inizio="0.345" Bpm="127.00" Metro="4/4" Battito="1" />
      <TEMPO Inizio="0.818" Bpm="127.00" Metro="4/4" Battito="2" />
      <TEMPO Inizio="57.039" Bpm="127.00" Metro="4/4" Battito="1" />
      <TEMPO Inizio="145.386" Bpm="127.00" Metro="4/4" Battito="4" />
      <TEMPO Inizio="242.237" Bpm="127.00" Metro="4/4" Battito="1" />
      <TEMPO Inizio="342.395" Bpm="127.00" Metro="4/4" Battito="1" />
    </TRACK>
    <TRACK TrackID="57955319" Name="Touchdown (Original Mix)" Artist="Paul C, Paolo Martini" Composer="" Album="Snatch! OFF 041" Grouping="" Genre="House/Tech/Groove" Kind="AIFF File" Size="66082232" TotalTime="373" DiscNumber="0" TrackNumber="1" Year="2017" AverageBpm="124.00" DateAdded="2022-11-02" BitRate="1411" SampleRate="44100" Comments="4A - 6" PlayCount="1" Rating="0" Location="file://localhost/Users/zachvp/Music/DJ/8879391_Touchdown_(Original_Mix).aiff" Remixer="" Tonality="4A" Label="Snatch! Records" Mix="">
      <TEMPO Inizio="0.025" Bpm="124.00" Metro="4/4" Battito="1" />
    </TRACK>
    <TRACK TrackID="35209418" Name="T'Raenon (Original Mix)" Artist="Photek" Composer="" Album="T'Raenon (Remastered Edition)" Grouping="" Genre="Lounge/Indie" Kind="AIFF File" Size="77233010" TotalTime="437" DiscNumber="0" TrackNumber="1" Year="2017" AverageBpm="80.02" DateAdded="2022-11-02" BitRate="1411" SampleRate="44100" Comments="11A - 4" PlayCount="2" Rating="0" Location="file://localhost/Users/zachvp/Music/DJ/9275842_T_Raenon_(Original_Mix).aiff" Remixer="" Tonality="11A" Label="Applied Rhythmic Technology (ART)" Mix="">
      <TEMPO Inizio="0.557" Bpm="80.02" Metro="4/4" Battito="1" />
    </TRACK>
    <TRACK TrackID="172045860" Name="Letter For Poly (Original Mix)" Artist="Cornucopia" Composer="" Album="Letter For Poly" Grouping="" Genre="House/Deep/Tech/Spacey" Kind="AIFF File" Size="94004406" TotalTime="532" DiscNumber="0" TrackNumber="1" Year="2017" AverageBpm="120.00" DateAdded="2022-11-02" BitRate="1411" SampleRate="44100" Comments="12A - 5" PlayCount="1" Rating="0" Location="file://localhost/Users/zachvp/Music/DJ/9585755_Letter_For_Poly_(Original_Mix).aiff" Remixer="" Tonality="12A" Label="Tale &amp; Tone" Mix="">
      <TEMPO Inizio="0.062" Bpm="120.00" Metro="4/4" Battito="1" />
    </TRACK>
    <TRACK TrackID="226479156" Name="Rock &amp; Roll (Original Mix)" Artist="Dennis Cruz" Composer="" Album="Rock &amp; Roll EP" Grouping="" Genre="House/Tech/Groove" Kind="AIFF File" Size="68755270" TotalTime="388" DiscNumber="0" TrackNumber="1" Year="2017" AverageBpm="124.00" DateAdded="2022-11-02" BitRate="1411" SampleRate="44100" Comments="9A - 6" PlayCount="1" Rating="0" Location="file://localhost/Users/zachvp/Music/DJ/9826418_Rock_%26_Roll_(Original_Mix).aiff" Remixer="" Tonality="9A" Label="Solid Grooves Records" Mix="">
      <TEMPO Inizio="0.049" Bpm="124.00" Metro="4/4" Battito="1" />
    </TRACK>
    <TRACK TrackID="174078330" Name="Fame Award (Rock &amp; Roll Mix)" Artist="Rone White, Diego Lima, Alessandro Diruggiero" Composer="" Album="ADE 2018 Sampler" Grouping="" Genre="House/Tech/Groove" Kind="AIFF File" Size="69112894" TotalTime="390" DiscNumber="0" TrackNumber="3" Year="2018" AverageBpm="123.00" DateAdded="2022-11-02" BitRate="1411" SampleRate="44100" Comments="9A - 5" PlayCount="1" Rating="0" Location="file://localhost/Users/zachvp/Music/DJ/11149788_Fame_Award_(Rock_%26_Roll_Mix).aiff" Remixer="" Tonality="9A" Label="NOEXCUSE Limited" Mix="">
      <TEMPO Inizio="0.005" Bpm="123.00" Metro="4/4" Battito="1" />
    </TRACK>
    <TRACK TrackID="16155057" Name="Selah (Original Mix)" Artist="Al Wootton" Composer="" Album="Selah" Grouping="" Genre="House/Tech/Breaks" Kind="AIFF File" Size="61343808" TotalTime="347" DiscNumber="0" TrackNumber="1" Year="2019" AverageBpm="130.00" DateAdded="2022-11-02" BitRate="1411" SampleRate="44100" Comments="6A - 7" PlayCount="2" Rating="0" Location="file://localhost/Users/zachvp/Music/DJ/11490449_Selah_(Original_Mix).aiff" Remixer="" Tonality="6A" Label="TRULE" Mix="">
      <TEMPO Inizio="0.003" Bpm="130.00" Metro="4/4" Battito="1" />
    </TRACK>
    <TRACK TrackID="164403823" Name="Rahma (Original Mix)" Artist="Al Wootton" Composer="" Album="Natural Forward" Grouping="" Genre="House/Tech/Breaks" Kind="AIFF File" Size="57711380" TotalTime="324" DiscNumber="0" TrackNumber="2" Year="2019" AverageBpm="134.00" DateAdded="2022-11-02" BitRate="1411" SampleRate="44100" Comments="6A - 6" PlayCount="7" Rating="0" Location="file://localhost/Users/zachvp/Music/DJ/11920064_Rahma_(Original_Mix).aiff" Remixer="" Tonality="6A" Label="TRULE" Mix="">
      <TEMPO Inizio="0.003" Bpm="134.00" Metro="4/4" Battito="1" />
    </TRACK>
    <TRACK TrackID="173537188" Name="Dub (Original Mix)" Artist="Joeski" Composer="" Album="Dub" Grouping="" Genre="House/Tech/Groove" Kind="AIFF File" Size="69488916" TotalTime="392" DiscNumber="0" TrackNumber="1" Year="2019" AverageBpm="125.00" DateAdded="2022-11-02" BitRate="1411" SampleRate="44100" Comments="3A - 6" PlayCount="2" Rating="0" Location="file://localhost/Users/zachvp/Music/DJ/12198378_Dub_(Original_Mix).aiff" Remixer="" Tonality="3A" Label="Maya Records" Mix="">
      <TEMPO Inizio="0.011" Bpm="125.00" Metro="4/4" Battito="1" />
    </TRACK>
    <TRACK TrackID="42638908" Name="To each his own (Shaf Huse Remix)" Artist="Blackchild (ITA)" Composer="" Album="To each his own" Grouping="" Genre="House/Deep/Tech/Jazzy" Kind="AIFF File" Size="64737474" TotalTime="365" DiscNumber="0" TrackNumber="2" Year="2019" AverageBpm="129.00" DateAdded="2022-11-02" BitRate="1411" SampleRate="44100" Comments="4A - 6" PlayCount="8" Rating="0" Location="file://localhost/Users/zachvp/Music/DJ/12206850_To_each_his_own_(Shaf_Huse_Remix).aiff" Remixer="" Tonality="4A" Label="Dirtyclub Music" Mix="">
      <TEMPO Inizio="0.003" Bpm="129.00" Metro="4/4" Battito="4" />
      <TEMPO Inizio="280.002" Bpm="129.00" Metro="4/4" Battito="2" />
      <POSITION_MARK Name="" Type="0" Start="119.536" Num="-1" />
    </TRACK>
    <TRACK TrackID="68306519" Name="Dreamworld (Original Mix)" Artist="Franc Spangler" Composer="" Album="Next To You" Grouping="" Genre="House/Deep/Tech/Jazzy" Kind="AIFF File" Size="59077114" TotalTime="333" DiscNumber="0" TrackNumber="3" Year="2019" AverageBpm="112.79" DateAdded="2022-11-02" BitRate="1411" SampleRate="44100" Comments="7A - 6" PlayCount="3" Rating="0" Location="file://localhost/Users/zachvp/Music/DJ/12345231_Dreamworld_(Original_Mix).aiff" Remixer="" Tonality="7A" Label="Delusions Of Grandeur" Mix="">
      <TEMPO Inizio="0.026" Bpm="112.79" Metro="4/4" Battito="1" />
      <POSITION_MARK Name="" Type="0" Start="204.303" Num="-1" />
      <POSITION_MARK Name="" Type="0" Start="238.342" Num="-1" />
    </TRACK>
    <TRACK TrackID="249251933" Name="Click Time (Van Czar Remix)" Artist="Sirius Brown" Composer="" Album="Click Time" Grouping="" Genre="House/Tech/Groove" Kind="AIFF File" Size="77604294" TotalTime="439" DiscNumber="0" TrackNumber="2" Year="2019" AverageBpm="126.00" DateAdded="2022-11-02" BitRate="1411" SampleRate="44100" Comments="6A - 6" PlayCount="3" Rating="0" Location="file://localhost/Users/zachvp/Music/DJ/12851631_Click_Time_(Van_Czar_Remix).aiff" Remixer="" Tonality="6A" Label="Bonzai Back Catalogue" Mix="">
      <TEMPO Inizio="0.002" Bpm="126.00" Metro="4/4" Battito="1" />
      <TEMPO Inizio="0.479" Bpm="126.00" Metro="4/4" Battito="2" />
      <TEMPO Inizio="286.670" Bpm="126.00" Metro="4/4" Battito="3" />
    </TRACK>
    <TRACK TrackID="210671887" Name="Jubilee (Al Wootton Remix)" Artist="Julio Bashmore, Bash" Composer="" Album="Jubilee" Grouping="" Genre="House/Tech/Breaks" Kind="AIFF File" Size="58980330" TotalTime="334" DiscNumber="0" TrackNumber="2" Year="2019" AverageBpm="135.00" DateAdded="2022-11-02" BitRate="1411" SampleRate="44100" Comments="1A - 6" PlayCount="0" Rating="0" Location="file://localhost/Users/zachvp/Music/DJ/12851714_Jubilee_(Al_Wootton_Remix).aiff" Remixer="" Tonality="1A" Label="TRULE" Mix="">
      <TEMPO Inizio="0.004" Bpm="135.00" Metro="4/4" Battito="1" />
    </TRACK>
    <TRACK TrackID="228212111" Name="Resistance (Original Mix)" Artist="Callisto" Composer="" Album="Guidance Is Internal 2" Grouping="" Genre="House/Deep/Tech/" Kind="AIFF File" Size="70671904" TotalTime="394" DiscNumber="0" TrackNumber="4" Year="2020" AverageBpm="130.00" DateAdded="2022-11-02" BitRate="1411" SampleRate="44100" Comments="9A - 6" PlayCount="3" Rating="0" Location="file://localhost/Users/zachvp/Music/DJ/13092048_Resistance_(Original_Mix).aiff" Remixer="" Tonality="9A" Label="Guidance Recordings" Mix="">
      <TEMPO Inizio="0.027" Bpm="130.00" Metro="4/4" Battito="1" />
    </TRACK>
    <TRACK TrackID="102786452" Name="A Clean Heart (Original Mix)" Artist="Al Wootton" Composer="" Album="Witness" Grouping="" Genre="House/Tech/Breaks" Kind="AIFF File" Size="40945404" TotalTime="231" DiscNumber="0" TrackNumber="6" Year="2020" AverageBpm="126.00" DateAdded="2022-11-02" BitRate="1411" SampleRate="44100" Comments="8A - 6" PlayCount="5" Rating="0" Location="file://localhost/Users/zachvp/Music/DJ/13689422_A_Clean_Heart_(Original_Mix).aiff" Remixer="" Tonality="8A" Label="TRULE" Mix="">
      <TEMPO Inizio="0.037" Bpm="126.00" Metro="4/4" Battito="1" />
      <TEMPO Inizio="206.228" Bpm="126.00" Metro="4/4" Battito="2" />
    </TRACK>
    <TRACK TrackID="28456232" Name="When Is Deep (Thor &amp; Octal Industries Remix)" Artist="Anton Kubikov" Composer="" Album="When Is Deep" Grouping="" Genre="House/Deep/Tech/Dubby" Kind="AIFF File" Size="76806812" TotalTime="435" DiscNumber="0" TrackNumber="4" Year="2020" AverageBpm="122.00" DateAdded="2022-11-02" BitRate="1411" SampleRate="44100" Comments="7A - 6" PlayCount="6" Rating="0" Location="file://localhost/Users/zachvp/Music/DJ/14293042_When_Is_Deep_(Thor_%26_Octal_Industries_Remix).aiff" Remixer="" Tonality="7A" Label="AE Recordings" Mix="">
      <TEMPO Inizio="0.029" Bpm="122.00" Metro="4/4" Battito="1" />
    </TRACK>
    <TRACK TrackID="180435749" Name="Oh My Good (Original Mix)" Artist="Mata Jones" Composer="" Album="Junky" Grouping="" Genre="House/Tech/Groove" Kind="AIFF File" Size="69052230" TotalTime="390" DiscNumber="0" TrackNumber="3" Year="2020" AverageBpm="125.00" DateAdded="2022-11-02" BitRate="1411" SampleRate="44100" Comments="7A - 6" PlayCount="5" Rating="0" Location="file://localhost/Users/zachvp/Music/DJ/14517357_Oh_My_Good_(Original_Mix).aiff" Remixer="" Tonality="7A" Label="Pure Enjoyment Recording" Mix="">
      <TEMPO Inizio="0.001" Bpm="125.00" Metro="4/4" Battito="1" />
      <TEMPO Inizio="54.722" Bpm="125.00" Metro="4/4" Battito="3" />
    </TRACK>
    <TRACK TrackID="18132952" Name="Shallow (Edwin Oosterwal Remix)" Artist="Joris Voorn" Composer="" Album="Four (Remixes Pt. 5)" Grouping="" Genre="House/Deep/Tech/Spacey" Kind="AIFF File" Size="59805146" TotalTime="337" DiscNumber="0" TrackNumber="2" Year="2020" AverageBpm="128.00" DateAdded="2022-11-02" BitRate="1411" SampleRate="44100" Comments="3A - 5" PlayCount="1" Rating="0" Location="file://localhost/Users/zachvp/Music/DJ/14554479_Shallow_(Edwin_Oosterwal_Remix).aiff" Remixer="" Tonality="3A" Label="Spectrum (NL)" Mix="">
      <TEMPO Inizio="0.203" Bpm="128.00" Metro="4/4" Battito="3" />
    </TRACK>
    <TRACK TrackID="96906268" Name="Electrifying (Original Mix)" Artist="YORY" Composer="" Album="Base" Grouping="" Genre="House/Deep/Tech/" Kind="AIFF File" Size="64409016" TotalTime="364" DiscNumber="0" TrackNumber="3" Year="2020" AverageBpm="123.00" DateAdded="2022-11-02" BitRate="1411" SampleRate="44100" Comments="7A - 5" PlayCount="1" Rating="0" Location="file://localhost/Users/zachvp/Music/DJ/14718854_Electrifying_(Original_Mix).aiff" Remixer="" Tonality="7A" Label="THANQ" Mix="">
      <TEMPO Inizio="0.363" Bpm="123.00" Metro="4/4" Battito="1" />
    </TRACK>
    <TRACK TrackID="67631950" Name="Alder (Original Mix)" Artist="Al Wootton" Composer="" Album="Maenads" Grouping="" Genre="House/Tech/Breaks" Kind="AIFF File" Size="63538414" TotalTime="345" DiscNumber="0" TrackNumber="2" Year="2021" AverageBpm="137.00" DateAdded="2022-11-02" BitRate="1411" SampleRate="44100" Comments="10A - 6" PlayCount="0" Rating="0" Location="file://localhost/Users/zachvp/Music/DJ/14754481_Alder_(Original_Mix).aiff" Remixer="" Tonality="10A" Label="TRULE" Mix="">
      <TEMPO Inizio="0.004" Bpm="137.00" Metro="4/4" Battito="1" />
      <TEMPO Inizio="335.480" Bpm="137.00" Metro="4/4" Battito="3" />
    </TRACK>
    <TRACK TrackID="141967885" Name="Love In London (Original Mix)" Artist="Dino Lenny" Composer="" Album="Love In London" Grouping="" Genre="House/Tech/Indie/Retro" Kind="AIFF File" Size="86428118" TotalTime="476" DiscNumber="0" TrackNumber="1" Year="2021" AverageBpm="124.00" DateAdded="2022-11-02" BitRate="1411" SampleRate="44100" Comments="5A - 5" PlayCount="0" Rating="0" Location="file://localhost/Users/zachvp/Music/DJ/15805826_Love_In_London_(Original_Mix).aiff" Remixer="" Tonality="5A" Label="Fine Human Records" Mix="">
      <TEMPO Inizio="0.053" Bpm="124.00" Metro="4/4" Battito="1" />
    </TRACK>
    <TRACK TrackID="86872462" Name="Vol Drome (Original Mix)" Artist="Ucha" Composer="" Album="Kesendirian" Grouping="" Genre="House/Deep/Tech/" Kind="AIFF File" Size="65774804" TotalTime="364" DiscNumber="0" TrackNumber="2" Year="2021" AverageBpm="117.00" DateAdded="2022-11-02" BitRate="1411" SampleRate="44100" Comments="11A - 5" PlayCount="1" Rating="0" Location="file://localhost/Users/zachvp/Music/DJ/15929795_Vol_Drome_(Original_Mix).aiff" Remixer="" Tonality="11A" Label="TOR" Mix="">
      <TEMPO Inizio="0.201" Bpm="117.00" Metro="4/4" Battito="1" />
    </TRACK>
    <TRACK TrackID="82746898" Name="Do It (Original Mix)" Artist="HNQO" Composer="" Album="Do It" Grouping="" Genre="House/Deep/Tech/Jazzy" Kind="AIFF File" Size="49787442" TotalTime="273" DiscNumber="0" TrackNumber="1" Year="2022" AverageBpm="128.00" DateAdded="2022-11-02" BitRate="1411" SampleRate="44100" Comments="10A - 6" PlayCount="2" Rating="0" Location="file://localhost/Users/zachvp/Music/DJ/16464943_Do_It_(Original_Mix).aiff" Remixer="" Tonality="10A" Label="NastyFunk Records" Mix="">
      <TEMPO Inizio="0.252" Bpm="128.00" Metro="4/4" Battito="4" />
    </TRACK>
    <TRACK TrackID="58678700" Name="278 Dub (Al Wootton Remix)" Artist="Big Hands, Abraham Parker" Composer="" Album="Aria Aperta" Grouping="" Genre="House/Tech/Breaks" Kind="AIFF File" Size="81779786" TotalTime="457" DiscNumber="0" TrackNumber="4" Year="2022" AverageBpm="130.00" DateAdded="2022-11-02" BitRate="1411" SampleRate="44100" Comments="4A - 6" PlayCount="0" Rating="0" Location="file://localhost/Users/zachvp/Music/DJ/16486954_278_Dub_(Al_Wootton_Remix).aiff" Remixer="" Tonality="4A" Label="TRULE" Mix="">
      <TEMPO Inizio="0.239" Bpm="130.00" Metro="4/4" Battito="1" />
    </TRACK>
    <TRACK TrackID="204038381" Name="Now U Got Me Hooked" Artist="Against All Logic" Composer="" Album="2012 - 2017" Grouping="" Genre="Lounge/" Kind="AIFF File" Size="62051692" TotalTime="351" DiscNumber="0" TrackNumber="8" Year="2018" AverageBpm="100.50" DateAdded="2022-11-02" BitRate="1411" SampleRate="44100" Comments="7A - 7" PlayCount="1" Rating="0" Location="file://localhost/Users/zachvp/Music/DJ/Against%20All%20Logic%20-%20Now%20U%20Got%20Me%20Hooked.aiff" Remixer="" Tonality="7A" Label="" Mix="">
      <TEMPO Inizio="0.006" Bpm="100.50" Metro="4/4" Battito="1" />
    </TRACK>
    <TRACK TrackID="113418940" Name="Cephas" Artist="Al Wootton" Composer="" Album="Witness" Grouping="" Genre="House/Tech/Breaks" Kind="AIFF File" Size="60247538" TotalTime="341" DiscNumber="0" TrackNumber="8" Year="2020" AverageBpm="135.00" DateAdded="2022-11-02" BitRate="1411" SampleRate="44100" Comments="7A - 6" PlayCount="6" Rating="0" Location="file://localhost/Users/zachvp/Music/DJ/Al%20Wootton%20-%20Cephas.aiff" Remixer="" Tonality="7A" Label="" Mix="">
      <TEMPO Inizio="0.023" Bpm="135.00" Metro="4/4" Battito="1" />
      <TEMPO Inizio="0.468" Bpm="135.00" Metro="4/4" Battito="2" />
      <TEMPO Inizio="48.913" Bpm="135.00" Metro="4/4" Battito="3" />
      <TEMPO Inizio="241.358" Bpm="135.00" Metro="4/4" Battito="4" />
    </TRACK>
    <TRACK TrackID="40261846" Name="Acid FM" Artist="Alexkid" Composer="" Album="RAWAX-S012" Grouping="" Genre="House/Deep/Tech/" Kind="AIFF File" Size="111070876" TotalTime="419" DiscNumber="0" TrackNumber="1" Year="2018" AverageBpm="126.00" DateAdded="2022-11-02" BitRate="2116" SampleRate="44100" Comments="5A - 5" PlayCount="1" Rating="0" Location="file://localhost/Users/zachvp/Music/DJ/Alexkid%20-%20Acid%20FM.aiff" Remixer="" Tonality="5A" Label="" Mix="">
      <TEMPO Inizio="0.011" Bpm="126.00" Metro="4/4" Battito="1" />
      <TEMPO Inizio="256.202" Bpm="126.00" Metro="4/4" Battito="3" />
    </TRACK>
    <TRACK TrackID="245974587" Name="Off N On N Off N On" Artist="Analias" Composer="" Album="Variables EP" Grouping="" Genre="House/Tech/Breaks" Kind="AIFF File" Size="66637316" TotalTime="377" DiscNumber="0" TrackNumber="2" Year="2022" AverageBpm="82.00" DateAdded="2022-11-02" BitRate="1411" SampleRate="44100" Comments="5A - 6" PlayCount="2" Rating="0" Location="file://localhost/Users/zachvp/Music/DJ/ANALIAS%20-%20OFF%20N%20ON%20N%20OFF%20N%20ON.aiff" Remixer="" Tonality="5A" Label="" Mix="">
      <TEMPO Inizio="0.550" Bpm="82.00" Metro="4/4" Battito="2" />
    </TRACK>
    <TRACK TrackID="150634820" Name="Bulder" Artist="Arnodd" Composer="" Album="Bulder" Grouping="" Genre="House/Deep/Tech/" Kind="AIFF File" Size="52946168" TotalTime="299" DiscNumber="0" TrackNumber="1" Year="2021" AverageBpm="124.00" DateAdded="2022-11-02" BitRate="1411" SampleRate="44100" Comments="5A - 5" PlayCount="0" Rating="0" Location="file://localhost/Users/zachvp/Music/DJ/Arnodd%20-%20Bulder.aiff" Remixer="" Tonality="5A" Label="" Mix="">
      <TEMPO Inizio="0.057" Bpm="124.00" Metro="4/4" Battito="1" />
    </TRACK>
    <TRACK TrackID="142302436" Name="Salvation" Artist="atish + Vridian" Composer="" Album="Instant Transmission" Grouping="" Genre="House/Tech/Breaks" Kind="AIFF File" Size="67549440" TotalTime="381" DiscNumber="0" TrackNumber="3" Year="2022" AverageBpm="123.00" DateAdded="2022-11-02" BitRate="1411" SampleRate="44100" Comments="5A - 6" PlayCount="2" Rating="0" Location="file://localhost/Users/zachvp/Music/DJ/atish%20+%20Vridian%20-%20Salvation.aiff" Remixer="" Tonality="5A" Label="" Mix="">
      <TEMPO Inizio="0.198" Bpm="123.00" Metro="4/4" Battito="1" />
      <POSITION_MARK Name="" Type="0" Start="15.797" Num="-1" />
    </TRACK>
    <TRACK TrackID="43398424" Name="Some Things To Keep" Artist="Autarkic" Composer="" Album="Heavy Dreamer" Grouping="" Genre="House/Tech/Indie/Retro" Kind="AIFF File" Size="66173098" TotalTime="374" DiscNumber="0" TrackNumber="1" Year="2018" AverageBpm="120.00" DateAdded="2022-11-02" BitRate="1411" SampleRate="44100" Comments="1A - 6" PlayCount="8" Rating="0" Location="file://localhost/Users/zachvp/Music/DJ/Autarkic%20-%20Some%20Things%20To%20Keep.aiff" Remixer="" Tonality="1A" Label="" Mix="">
      <TEMPO Inizio="0.177" Bpm="120.00" Metro="4/4" Battito="1" />
      <POSITION_MARK Name="" Type="0" Start="112.184" Num="-1" />
      <POSITION_MARK Name="" Type="0" Start="176.167" Num="-1" />
      <POSITION_MARK Name="" Type="0" Start="324.183" Num="-1" />
    </TRACK>
    <TRACK TrackID="148672490" Name="Celeste" Artist="Bicep" Composer="" Album="Just EP" Grouping="" Genre="House/Tech/Breaks" Kind="AIFF File" Size="64175252" TotalTime="363" DiscNumber="0" TrackNumber="2" Year="2015" AverageBpm="125.00" DateAdded="2022-11-02" BitRate="1411" SampleRate="44100" Comments="7A - 6" PlayCount="1" Rating="0" Location="file://localhost/Users/zachvp/Music/DJ/Bicep%20-%20Celeste.aiff" Remixer="" Tonality="7A" Label="" Mix="">
      <TEMPO Inizio="0.046" Bpm="125.00" Metro="4/4" Battito="1" />
      <TEMPO Inizio="228.045" Bpm="125.00" Metro="4/4" Battito="4" />
    </TRACK>
    <TRACK TrackID="53872894" Name="Heat" Artist="Boddika" Composer="" Album="Swampshit" Grouping="" Genre="House/Tech/Breaks" Kind="AIFF File" Size="57380522" TotalTime="324" DiscNumber="0" TrackNumber="1" Year="2021" AverageBpm="125.00" DateAdded="2022-11-02" BitRate="1411" SampleRate="44100" Comments="3A - 6" PlayCount="3" Rating="0" Location="file://localhost/Users/zachvp/Music/DJ/Boddika%20-%20Heat.aiff" Remixer="" Tonality="3A" Label="" Mix="">
      <TEMPO Inizio="0.467" Bpm="125.00" Metro="4/4" Battito="2" />
      <TEMPO Inizio="208.788" Bpm="125.00" Metro="4/4" Battito="4" />
      <POSITION_MARK Name="" Type="0" Start="1.916" Num="-1" />
      <POSITION_MARK Name="" Type="0" Start="46.064" Num="-1" />
      <POSITION_MARK Name="" Type="0" Start="199.658" Num="-1" />
    </TRACK>
    <TRACK TrackID="100973823" Name="Myself When I Am Real" Artist="Charles Mingus" Composer="" Album="Mingus Plays Piano" Grouping="" Genre="Lounge/" Kind="AIFF File" Size="81251562" TotalTime="455" DiscNumber="1" TrackNumber="1" Year="1997" AverageBpm="150.94" DateAdded="2022-11-02" BitRate="1411" SampleRate="44100" Comments="3A - 2" PlayCount="2" Rating="0" Location="file://localhost/Users/zachvp/Music/DJ/Charles%20Mingus%20-%2001.%20Myself%20When%20I%20Am%20Real.aiff" Remixer="" Tonality="3A" Label="" Mix="">
      <TEMPO Inizio="0.247" Bpm="150.95" Metro="4/4" Battito="1" />
      <TEMPO Inizio="0.645" Bpm="150.95" Metro="4/4" Battito="2" />
      <TEMPO Inizio="31.250" Bpm="150.95" Metro="4/4" Battito="3" />
      <TEMPO Inizio="63.445" Bpm="150.95" Metro="4/4" Battito="4" />
      <TEMPO Inizio="97.230" Bpm="150.95" Metro="4/4" Battito="1" />
      <TEMPO Inizio="129.425" Bpm="150.95" Metro="4/4" Battito="2" />
      <TEMPO Inizio="162.415" Bpm="150.95" Metro="4/4" Battito="1" />
      <TEMPO Inizio="194.610" Bpm="150.95" Metro="4/4" Battito="2" />
      <TEMPO Inizio="227.600" Bpm="150.95" Metro="4/4" Battito="1" />
      <TEMPO Inizio="260.590" Bpm="150.95" Metro="4/4" Battito="4" />
      <TEMPO Inizio="293.580" Bpm="150.95" Metro="4/4" Battito="3" />
      <TEMPO Inizio="325.775" Bpm="150.95" Metro="4/4" Battito="4" />
      <TEMPO Inizio="358.765" Bpm="150.95" Metro="4/4" Battito="3" />
      <TEMPO Inizio="390.960" Bpm="150.95" Metro="4/4" Battito="4" />
      <TEMPO Inizio="424.745" Bpm="150.95" Metro="4/4" Battito="1" />
    </TRACK>
    <TRACK TrackID="42293442" Name="Inception [ZBR033]" Artist="Cilviu" Composer="" Album="" Grouping="" Genre="House/Deep/Tech/" Kind="AIFF File" Size="160924460" TotalTime="607" DiscNumber="0" TrackNumber="0" Year="2020" AverageBpm="125.00" DateAdded="2022-11-02" BitRate="2116" SampleRate="44100" Comments="5A - 5" PlayCount="1" Rating="0" Location="file://localhost/Users/zachvp/Music/DJ/Cilviu%20-%20Inception%20-ZBR033-.aiff" Remixer="" Tonality="5A" Label="" Mix="">
      <TEMPO Inizio="0.002" Bpm="125.00" Metro="4/4" Battito="1" />
      <TEMPO Inizio="120.001" Bpm="125.00" Metro="4/4" Battito="3" />
      <TEMPO Inizio="295.200" Bpm="125.00" Metro="4/4" Battito="4" />
      <TEMPO Inizio="486.719" Bpm="125.00" Metro="4/4" Battito="3" />
    </TRACK>
    <TRACK TrackID="75628941" Name="Hiding Away" Artist="Suntrust" Composer="" Album="Revolutions 2 - CYC0020.2" Grouping="" Genre="House/Deep/Tech/Jazzy" Kind="AIFF File" Size="80297900" TotalTime="454" DiscNumber="0" TrackNumber="9" Year="2000" AverageBpm="128.02" DateAdded="2022-11-02" BitRate="1411" SampleRate="44100" Comments="7A - 6" PlayCount="1" Rating="0" Location="file://localhost/Users/zachvp/Music/DJ/Cyclo%20-%20Suntrust%20-Hiding%20Away-.aiff" Remixer="" Tonality="7A" Label="" Mix="">
      <TEMPO Inizio="0.065" Bpm="128.02" Metro="4/4" Battito="1" />
    </TRACK>
    <TRACK TrackID="220020938" Name="Portal From Mars" Artist="Dance Spirit + Adisyn" Composer="" Album="Kinships" Grouping="" Genre="House/Deep/Tech/" Kind="AIFF File" Size="81411504" TotalTime="459" DiscNumber="0" TrackNumber="2" Year="2019" AverageBpm="122.00" DateAdded="2022-11-02" BitRate="1411" SampleRate="44100" Comments="8A - 6" PlayCount="3" Rating="0" Location="file://localhost/Users/zachvp/Music/DJ/Dance%20Spirit%20+%20Adisyn%20-%20Portal%20From%20Mars.aiff" Remixer="" Tonality="8A" Label="" Mix="">
      <TEMPO Inizio="0.016" Bpm="122.00" Metro="4/4" Battito="1" />
    </TRACK>
    <TRACK TrackID="16169219" Name="Orleans" Artist="David Crosby" Composer="" Album="Late Night Tales: David Holmes" Grouping="" Genre="Lounge/Acoustic" Kind="AIFF File" Size="31767270" TotalTime="119" DiscNumber="0" TrackNumber="6" Year="2016" AverageBpm="83.85" DateAdded="2022-11-02" BitRate="2116" SampleRate="44100" Comments="9A - 3" PlayCount="3" Rating="0" Location="file://localhost/Users/zachvp/Music/DJ/David%20Crosby%20-%20Orleans.aiff" Remixer="" Tonality="9A" Label="" Mix="">
      <TEMPO Inizio="0.340" Bpm="83.85" Metro="4/4" Battito="3" />
    </TRACK>
    <TRACK TrackID="203714550" Name="Don't Be Afraid (Extended)" Artist="Diplo &amp; Damian Lazarus" Composer="" Album="Diplo (Deluxe) [Extended]" Grouping="" Genre="House/Tech/Indie/" Kind="AIFF File" Size="44028216" TotalTime="248" DiscNumber="0" TrackNumber="11" Year="2022" AverageBpm="125.00" DateAdded="2022-11-02" BitRate="1411" SampleRate="44100" Comments="4A - 6" PlayCount="3" Rating="0" Location="file://localhost/Users/zachvp/Music/DJ/Diplo%20%26%20Damian%20Lazarus%20-%20Don%27t%20Be%20Afraid%20(Extended).aiff" Remixer="" Tonality="4A" Label="" Mix="">
      <TEMPO Inizio="0.004" Bpm="125.00" Metro="4/4" Battito="3" />
      <POSITION_MARK Name="" Type="0" Start="0.965" Num="-1" />
    </TRACK>
    <TRACK TrackID="80770672" Name="On The Way (Original Mix)" Artist="Dirty Channels" Composer="" Album="Above The City 2" Grouping="" Genre="House/Deep/Tech/" Kind="AIFF File" Size="106447932" TotalTime="401" DiscNumber="0" TrackNumber="8" Year="2012" AverageBpm="125.00" DateAdded="2022-11-02" BitRate="2116" SampleRate="44100" Comments="9A - 5" PlayCount="4" Rating="0" Location="file://localhost/Users/zachvp/Music/DJ/Dirty%20Channels%20-%20On%20The%20Way%20(Original%20Mix).aiff" Remixer="" Tonality="9A" Label="" Mix="">
      <TEMPO Inizio="0.137" Bpm="125.00" Metro="4/4" Battito="1" />
      <TEMPO Inizio="99.498" Bpm="125.00" Metro="4/4" Battito="4" />
      <POSITION_MARK Name="" Type="0" Start="0.128" Num="-1" />
    </TRACK>
    <TRACK TrackID="244087662" Name="Sunshine's Theme (Sunshine's Remix)" Artist="Dubtribe Sound System" Composer="" Album="Virtual Dreams: Ambient Explorations In The House &amp; Techno Age, 1993-1997 (digital version)" Grouping="" Genre="Lounge/Indie" Kind="AIFF File" Size="86471402" TotalTime="489" DiscNumber="0" TrackNumber="13" Year="2021" AverageBpm="104.49" DateAdded="2022-11-02" BitRate="1411" SampleRate="44100" Comments="6B - 6" PlayCount="1" Rating="0" Location="file://localhost/Users/zachvp/Music/DJ/Dubtribe%20Sound%20System%20-%20Sunshine%27s%20Theme%20(Sunshine%27s%20Remix).aiff" Remixer="" Tonality="6B" Label="" Mix="">
      <TEMPO Inizio="0.112" Bpm="104.49" Metro="4/4" Battito="1" />
      <TEMPO Inizio="9.300" Bpm="104.49" Metro="4/4" Battito="1" />
      <TEMPO Inizio="28.824" Bpm="104.49" Metro="4/4" Battito="3" />
      <TEMPO Inizio="48.348" Bpm="104.49" Metro="4/4" Battito="1" />
      <TEMPO Inizio="67.872" Bpm="104.49" Metro="4/4" Battito="3" />
      <TEMPO Inizio="90.267" Bpm="104.49" Metro="4/4" Battito="2" />
      <TEMPO Inizio="104.623" Bpm="104.49" Metro="4/4" Battito="3" />
      <TEMPO Inizio="124.147" Bpm="104.49" Metro="4/4" Battito="1" />
      <TEMPO Inizio="143.671" Bpm="104.49" Metro="4/4" Battito="3" />
      <TEMPO Inizio="166.066" Bpm="104.49" Metro="4/4" Battito="2" />
      <TEMPO Inizio="180.422" Bpm="104.49" Metro="4/4" Battito="3" />
      <TEMPO Inizio="202.817" Bpm="104.49" Metro="4/4" Battito="2" />
      <TEMPO Inizio="222.341" Bpm="104.49" Metro="4/4" Battito="4" />
      <TEMPO Inizio="241.865" Bpm="104.49" Metro="4/4" Battito="2" />
      <TEMPO Inizio="261.389" Bpm="104.49" Metro="4/4" Battito="4" />
      <TEMPO Inizio="280.913" Bpm="104.49" Metro="4/4" Battito="2" />
      <TEMPO Inizio="303.308" Bpm="104.49" Metro="4/4" Battito="1" />
      <TEMPO Inizio="317.664" Bpm="104.49" Metro="4/4" Battito="2" />
      <TEMPO Inizio="337.188" Bpm="104.49" Metro="4/4" Battito="4" />
      <TEMPO Inizio="359.583" Bpm="104.49" Metro="4/4" Battito="3" />
      <TEMPO Inizio="373.939" Bpm="104.49" Metro="4/4" Battito="4" />
      <TEMPO Inizio="396.334" Bpm="104.49" Metro="4/4" Battito="3" />
      <TEMPO Inizio="415.858" Bpm="104.49" Metro="4/4" Battito="1" />
      <TEMPO Inizio="435.382" Bpm="104.49" Metro="4/4" Battito="3" />
      <TEMPO Inizio="454.906" Bpm="104.49" Metro="4/4" Battito="1" />
      <TEMPO Inizio="474.430" Bpm="104.49" Metro="4/4" Battito="3" />
    </TRACK>
    <TRACK TrackID="120324478" Name="Sing" Artist="East End Dubs" Composer="" Album="" Grouping="" Genre="House/Deep/Tech/Jazzy" Kind="AIFF File" Size="96200146" TotalTime="544" DiscNumber="0" TrackNumber="0" Year="2021" AverageBpm="127.00" DateAdded="2022-11-02" BitRate="1411" SampleRate="44100" Comments="5A - 5" PlayCount="2" Rating="0" Location="file://localhost/Users/zachvp/Music/DJ/East%20End%20Dubs%20-%20Sing.aiff" Remixer="" Tonality="5A" Label="" Mix="">
      <TEMPO Inizio="0.009" Bpm="127.00" Metro="4/4" Battito="1" />
      <TEMPO Inizio="0.482" Bpm="127.00" Metro="4/4" Battito="2" />
      <TEMPO Inizio="388.355" Bpm="127.00" Metro="4/4" Battito="3" />
      <POSITION_MARK Name="" Type="0" Start="60.485" Num="-1" />
      <POSITION_MARK Name="" Type="0" Start="362.839" Num="-1" />
    </TRACK>
    <TRACK TrackID="30119326" Name="Burn This" Artist="Flight mode &amp; Joel Brittain" Composer="" Album="Burn This" Grouping="" Genre="House/Deep/Tech/Jazzy" Kind="AIFF File" Size="106149924" TotalTime="601" DiscNumber="0" TrackNumber="1" Year="2019" AverageBpm="127.94" DateAdded="2022-11-02" BitRate="1411" SampleRate="44100" Comments="5A - 7" PlayCount="2" Rating="0" Location="file://localhost/Users/zachvp/Music/DJ/Flight%20mode%20%26%20Joel%20Brittain%20-%20Burn%20This.aiff" Remixer="" Tonality="5A" Label="" Mix="">
      <TEMPO Inizio="0.004" Bpm="127.94" Metro="4/4" Battito="3" />
    </TRACK>
    <TRACK TrackID="41323411" Name="Next To You" Artist="Franc Spangler" Composer="" Album="Next To You EP" Grouping="" Genre="House/Tech/Indie/" Kind="AIFF File" Size="67355978" TotalTime="381" DiscNumber="0" TrackNumber="1" Year="2019" AverageBpm="122.00" DateAdded="2022-11-02" BitRate="1411" SampleRate="44100" Comments="1A - 6" PlayCount="5" Rating="0" Location="file://localhost/Users/zachvp/Music/DJ/Franc%20Spangler%20-%20Next%20To%20You.aiff" Remixer="" Tonality="1A" Label="" Mix="">
      <TEMPO Inizio="0.082" Bpm="122.00" Metro="4/4" Battito="1" />
    </TRACK>
    <TRACK TrackID="71665598" Name="Halina" Artist="Frankey &amp; Sandrino" Composer="" Album="Sigma" Grouping="" Genre="House/Deep/Tech/Spacey" Kind="AIFF File" Size="87439138" TotalTime="495" DiscNumber="0" TrackNumber="2" Year="2019" AverageBpm="121.00" DateAdded="2022-11-02" BitRate="1411" SampleRate="44100" Comments="7A - 6" PlayCount="1" Rating="0" Location="file://localhost/Users/zachvp/Music/DJ/Frankey%20%26%20Sandrino%20-%20Halina.aiff" Remixer="" Tonality="7A" Label="" Mix="">
      <TEMPO Inizio="0.125" Bpm="121.00" Metro="4/4" Battito="1" />
    </TRACK>
    <TRACK TrackID="172458358" Name="Lover Guide" Artist="Fred P" Composer="" Album="Joy Peace Happiness" Grouping="" Genre="House/Deep/Tech/Jazzy" Kind="AIFF File" Size="56570732" TotalTime="320" DiscNumber="0" TrackNumber="7" Year="2021" AverageBpm="120.00" DateAdded="2022-11-02" BitRate="1411" SampleRate="44100" Comments="3A - 5" PlayCount="1" Rating="0" Location="file://localhost/Users/zachvp/Music/DJ/Fred%20P%20-%20Lover%20Guide.aiff" Remixer="" Tonality="3A" Label="" Mix="">
      <TEMPO Inizio="0.005" Bpm="120.00" Metro="4/4" Battito="1" />
    </TRACK>
    <TRACK TrackID="140512964" Name="Venice (Headman Rework Dub)" Artist="State of the Art" Composer="" Album="Reworks" Grouping="" Genre="House/Tech/Indie/" Kind="AIFF File" Size="62105118" TotalTime="351" DiscNumber="0" TrackNumber="9" Year="2016" AverageBpm="129.00" DateAdded="2022-11-02" BitRate="1411" SampleRate="44100" Comments="9A - 7" PlayCount="11" Rating="0" Location="file://localhost/Users/zachvp/Music/DJ/Headman%20-%20Robi%20Insinna%20-%20State%20of%20the%20Art%20-%20Venice%20(Headman%20Rework%20Dub).aiff" Remixer="" Tonality="9A" Label="" Mix="">
      <TEMPO Inizio="0.141" Bpm="129.00" Metro="4/4" Battito="1" />
      <TEMPO Inizio="1.072" Bpm="129.00" Metro="4/4" Battito="3" />
      <POSITION_MARK Name="" Type="0" Start="7.582" Num="-1" />
      <POSITION_MARK Name="" Type="0" Start="349.916" Num="-1" />
      <POSITION_MARK Name="" Type="0" Start="275.435" Num="-1" />
      <POSITION_MARK Name="" Type="0" Start="238.226" Num="-1" />
    </TRACK>
    <TRACK TrackID="74768756" Name="Yaju" Artist="I Gemin" Composer="" Album="Green Light EP" Grouping="" Genre="Lounge/" Kind="AIFF File" Size="28442458" TotalTime="160" DiscNumber="0" TrackNumber="4" Year="2022" AverageBpm="85.00" DateAdded="2022-11-02" BitRate="1411" SampleRate="44100" Comments="6A - 6" PlayCount="6" Rating="0" Location="file://localhost/Users/zachvp/Music/DJ/I%20Gemin%20-%20Yaju.aiff" Remixer="" Tonality="6A" Label="" Mix="">
      <TEMPO Inizio="0.036" Bpm="85.00" Metro="4/4" Battito="1" />
      <POSITION_MARK Name="" Type="0" Start="4.873" Num="-1" />
    </TRACK>
    <TRACK TrackID="250255610" Name="Sixth Sense (Shlomi Aber Hidden In The Dark Remix)" Artist="Josh Wink feat. Ursula Rucker" Composer="" Album="Sixth Sense Remixes" Grouping="" Genre="House/Techno/Downtempo" Kind="AIFF File" Size="90957844" TotalTime="343" DiscNumber="0" TrackNumber="5" Year="2020" AverageBpm="129.00" DateAdded="2022-11-02" BitRate="2116" SampleRate="44100" Comments="12A - 5" PlayCount="1" Rating="0" Location="file://localhost/Users/zachvp/Music/DJ/Josh%20Wink%20feat%20Ursula%20Rucker%20-%20Sixth%20Sense%20(Shlomi%20Aber%20Hidden%20In%20The%20Dark%20Remix).aiff" Remixer="" Tonality="12A" Label="" Mix="">
      <TEMPO Inizio="0.024" Bpm="129.00" Metro="4/4" Battito="1" />
    </TRACK>
    <TRACK TrackID="2253007" Name="4wrd Motion" Artist="Kyle Hall" Composer="" Album="Equanimity" Grouping="" Genre="House/Tech/Breaks" Kind="AIFF File" Size="43668714" TotalTime="247" DiscNumber="0" TrackNumber="2" Year="2020" AverageBpm="120.00" DateAdded="2022-11-02" BitRate="1411" SampleRate="44100" Comments="4A - 5" PlayCount="1" Rating="0" Location="file://localhost/Users/zachvp/Music/DJ/Kyle%20Hall%20-%204wrd%20Motion.aiff" Remixer="" Tonality="4A" Label="" Mix="">
      <TEMPO Inizio="0.003" Bpm="120.00" Metro="4/4" Battito="1" />
      <TEMPO Inizio="90.002" Bpm="120.00" Metro="4/4" Battito="1" />
      <TEMPO Inizio="90.503" Bpm="120.00" Metro="4/4" Battito="2" />
      <TEMPO Inizio="91.002" Bpm="120.00" Metro="4/4" Battito="3" />
      <TEMPO Inizio="91.503" Bpm="120.00" Metro="4/4" Battito="4" />
      <TEMPO Inizio="92.002" Bpm="120.00" Metro="4/4" Battito="1" />
      <TEMPO Inizio="92.503" Bpm="120.00" Metro="4/4" Battito="2" />
      <TEMPO Inizio="93.002" Bpm="120.00" Metro="4/4" Battito="3" />
      <TEMPO Inizio="93.503" Bpm="120.00" Metro="4/4" Battito="4" />
      <TEMPO Inizio="94.002" Bpm="120.00" Metro="4/4" Battito="1" />
      <TEMPO Inizio="94.503" Bpm="120.00" Metro="4/4" Battito="2" />
      <TEMPO Inizio="95.002" Bpm="120.00" Metro="4/4" Battito="3" />
      <TEMPO Inizio="95.503" Bpm="120.00" Metro="4/4" Battito="4" />
      <TEMPO Inizio="96.002" Bpm="120.00" Metro="4/4" Battito="1" />
      <TEMPO Inizio="96.503" Bpm="120.00" Metro="4/4" Battito="2" />
      <TEMPO Inizio="97.002" Bpm="120.00" Metro="4/4" Battito="3" />
      <TEMPO Inizio="97.503" Bpm="120.00" Metro="4/4" Battito="4" />
      <TEMPO Inizio="98.002" Bpm="120.00" Metro="4/4" Battito="1" />
      <TEMPO Inizio="98.503" Bpm="120.00" Metro="4/4" Battito="2" />
      <TEMPO Inizio="99.002" Bpm="120.00" Metro="4/4" Battito="3" />
      <TEMPO Inizio="99.503" Bpm="120.00" Metro="4/4" Battito="4" />
      <TEMPO Inizio="100.002" Bpm="120.00" Metro="4/4" Battito="1" />
      <TEMPO Inizio="100.503" Bpm="120.00" Metro="4/4" Battito="2" />
      <TEMPO Inizio="101.002" Bpm="120.00" Metro="4/4" Battito="3" />
      <TEMPO Inizio="101.503" Bpm="120.00" Metro="4/4" Battito="4" />
      <TEMPO Inizio="102.002" Bpm="120.00" Metro="4/4" Battito="1" />
      <TEMPO Inizio="102.503" Bpm="120.00" Metro="4/4" Battito="2" />
      <TEMPO Inizio="103.002" Bpm="120.00" Metro="4/4" Battito="3" />
      <TEMPO Inizio="103.503" Bpm="120.00" Metro="4/4" Battito="4" />
      <TEMPO Inizio="104.002" Bpm="120.00" Metro="4/4" Battito="1" />
    </TRACK>
    <TRACK TrackID="14189714" Name="All Pervading" Artist="Laraaji" Composer="" Album="Celestial Vibration" Grouping="" Genre="Lounge/" Kind="AIFF File" Size="386077240" TotalTime="1458" DiscNumber="0" TrackNumber="2" Year="2022" AverageBpm="133.26" DateAdded="2022-11-02" BitRate="2116" SampleRate="44100" Comments="" PlayCount="1" Rating="0" Location="file://localhost/Users/zachvp/Music/DJ/Laraaji%20-%20All%20Pervading.aiff" Remixer="" Tonality="" Label="" Mix="">
      <TEMPO Inizio="0.073" Bpm="133.26" Metro="4/4" Battito="4" />
      <TEMPO Inizio="32.940" Bpm="133.26" Metro="4/4" Battito="1" />
      <TEMPO Inizio="69.409" Bpm="133.26" Metro="4/4" Battito="2" />
      <TEMPO Inizio="105.878" Bpm="133.26" Metro="4/4" Battito="3" />
      <TEMPO Inizio="142.347" Bpm="133.26" Metro="4/4" Battito="4" />
      <TEMPO Inizio="180.617" Bpm="133.26" Metro="4/4" Battito="1" />
      <TEMPO Inizio="217.086" Bpm="133.26" Metro="4/4" Battito="2" />
      <TEMPO Inizio="253.555" Bpm="133.26" Metro="4/4" Battito="3" />
      <TEMPO Inizio="293.626" Bpm="133.26" Metro="4/4" Battito="4" />
      <TEMPO Inizio="330.095" Bpm="133.26" Metro="4/4" Battito="1" />
      <TEMPO Inizio="364.763" Bpm="133.26" Metro="4/4" Battito="2" />
      <TEMPO Inizio="401.232" Bpm="133.26" Metro="4/4" Battito="3" />
      <TEMPO Inizio="441.303" Bpm="133.26" Metro="4/4" Battito="4" />
      <TEMPO Inizio="477.772" Bpm="133.26" Metro="4/4" Battito="1" />
      <TEMPO Inizio="514.241" Bpm="133.26" Metro="4/4" Battito="2" />
      <TEMPO Inizio="548.909" Bpm="133.26" Metro="4/4" Battito="3" />
      <TEMPO Inizio="588.980" Bpm="133.26" Metro="4/4" Battito="4" />
      <TEMPO Inizio="625.449" Bpm="133.26" Metro="4/4" Battito="1" />
      <TEMPO Inizio="661.918" Bpm="133.26" Metro="4/4" Battito="2" />
      <TEMPO Inizio="698.387" Bpm="133.26" Metro="4/4" Battito="3" />
      <TEMPO Inizio="736.657" Bpm="133.26" Metro="4/4" Battito="4" />
      <TEMPO Inizio="773.126" Bpm="133.26" Metro="4/4" Battito="1" />
      <TEMPO Inizio="809.595" Bpm="133.26" Metro="4/4" Battito="2" />
      <TEMPO Inizio="847.865" Bpm="133.26" Metro="4/4" Battito="3" />
      <TEMPO Inizio="884.334" Bpm="133.26" Metro="4/4" Battito="4" />
      <TEMPO Inizio="920.803" Bpm="133.26" Metro="4/4" Battito="1" />
      <TEMPO Inizio="957.272" Bpm="133.26" Metro="4/4" Battito="2" />
      <TEMPO Inizio="995.542" Bpm="133.26" Metro="4/4" Battito="3" />
      <TEMPO Inizio="1032.011" Bpm="133.26" Metro="4/4" Battito="4" />
      <TEMPO Inizio="1068.480" Bpm="133.26" Metro="4/4" Battito="1" />
      <TEMPO Inizio="1104.949" Bpm="133.26" Metro="4/4" Battito="2" />
      <TEMPO Inizio="1143.219" Bpm="133.26" Metro="4/4" Battito="3" />
      <TEMPO Inizio="1179.688" Bpm="133.26" Metro="4/4" Battito="4" />
      <TEMPO Inizio="1216.157" Bpm="133.26" Metro="4/4" Battito="1" />
      <TEMPO Inizio="1252.626" Bpm="133.26" Metro="4/4" Battito="2" />
      <TEMPO Inizio="1290.896" Bpm="133.26" Metro="4/4" Battito="3" />
      <TEMPO Inizio="1327.365" Bpm="133.26" Metro="4/4" Battito="4" />
      <TEMPO Inizio="1363.834" Bpm="133.26" Metro="4/4" Battito="1" />
      <TEMPO Inizio="1403.905" Bpm="133.26" Metro="4/4" Battito="2" />
      <TEMPO Inizio="1440.374" Bpm="133.26" Metro="4/4" Battito="3" />
      <POSITION_MARK Name="" Type="0" Start="0.000" Num="-1" />
      <POSITION_MARK Name="" Type="0" Start="561.617" Num="-1" />
    </TRACK>
    <TRACK TrackID="197859633" Name="El Ritmo De Verdad (Extended)" Artist="Lego" Composer="" Album="El Ritmo De Verdad" Grouping="" Genre="House/Tech/Organic" Kind="AIFF File" Size="68598496" TotalTime="388" DiscNumber="0" TrackNumber="1" Year="2017" AverageBpm="123.99" DateAdded="2022-11-02" BitRate="1411" SampleRate="44100" Comments="5A - 6" PlayCount="2" Rating="0" Location="file://localhost/Users/zachvp/Music/DJ/Lego%20-%20El%20Ritmo%20De%20Verdad%20(Extended).aiff" Remixer="" Tonality="5A" Label="" Mix="">
      <TEMPO Inizio="0.040" Bpm="123.99" Metro="4/4" Battito="1" />
    </TRACK>
    <TRACK TrackID="177378836" Name="Road of the Lonely Ones" Artist="Madlib" Composer="" Album="" Grouping="" Genre="Lounge/" Kind="AIFF File" Size="38714786" TotalTime="218" DiscNumber="0" TrackNumber="0" Year="2020" AverageBpm="96.03" DateAdded="2022-11-02" BitRate="1411" SampleRate="44100" Comments="9A - 3" PlayCount="1" Rating="0" Location="file://localhost/Users/zachvp/Music/DJ/Madlib%20-%20Road%20of%20the%20Lonely%20Ones.aiff" Remixer="" Tonality="9A" Label="" Mix="">
      <TEMPO Inizio="0.243" Bpm="96.03" Metro="4/4" Battito="4" />
    </TRACK>
    <TRACK TrackID="61636796" Name="An Hour In The Morning" Artist="Mano Le Tough" Composer="" Album="Heavy Rotations Vol. 1" Grouping="" Genre="House/Deep/Tech/" Kind="AIFF File" Size="173013070" TotalTime="653" DiscNumber="0" TrackNumber="9" Year="2018" AverageBpm="125.00" DateAdded="2022-11-02" BitRate="2116" SampleRate="44100" Comments="8A - 6" PlayCount="1" Rating="0" Location="file://localhost/Users/zachvp/Music/DJ/Mano%20Le%20Tough%20-%20An%20Hour%20In%20The%20Morning.aiff" Remixer="" Tonality="8A" Label="" Mix="">
      <TEMPO Inizio="0.106" Bpm="125.00" Metro="4/4" Battito="1" />
    </TRACK>
    <TRACK TrackID="10809226" Name="Ecouter" Artist="Mariano Mellino &amp; Interaxxis" Composer="" Album="Ecouter/Woodland" Grouping="" Genre="House/Techno/Downtempo" Kind="AIFF File" Size="89892926" TotalTime="509" DiscNumber="0" TrackNumber="1" Year="2017" AverageBpm="122.00" DateAdded="2022-11-02" BitRate="1411" SampleRate="44100" Comments="6A - 6" PlayCount="2" Rating="0" Location="file://localhost/Users/zachvp/Music/DJ/Mariano%20Mellino%20%26%20Interaxxis%20-%20Ecouter.aiff" Remixer="" Tonality="6A" Label="" Mix="">
      <TEMPO Inizio="0.130" Bpm="122.00" Metro="4/4" Battito="1" />
      <POSITION_MARK Name="" Type="0" Start="0.121" Num="-1" />
    </TRACK>
    <TRACK TrackID="87763821" Name="Woodwork" Artist="Marley Carroll" Composer="" Album="Woodwork" Grouping="" Genre="House/Tech/Breaks" Kind="AIFF File" Size="71595486" TotalTime="270" DiscNumber="0" TrackNumber="1" Year="2012" AverageBpm="145.85" DateAdded="2022-11-02" BitRate="1411" SampleRate="44100" Comments="4A - 5" PlayCount="1" Rating="0" Location="file://localhost/Users/zachvp/Music/DJ/Marley%20Carroll%20-%20Woodwork.aiff" Remixer="" Tonality="4A" Label="" Mix="">
      <TEMPO Inizio="0.266" Bpm="145.85" Metro="4/4" Battito="3" />
      <TEMPO Inizio="40.169" Bpm="145.85" Metro="4/4" Battito="4" />
      <TEMPO Inizio="88.711" Bpm="145.85" Metro="4/4" Battito="2" />
      <TEMPO Inizio="137.253" Bpm="145.85" Metro="4/4" Battito="4" />
      <TEMPO Inizio="194.434" Bpm="145.85" Metro="4/4" Battito="3" />
      <TEMPO Inizio="242.976" Bpm="145.85" Metro="4/4" Battito="1" />
    </TRACK>
    <TRACK TrackID="253113557" Name="Kawaba (DJ Koze's Kosi-san Remix)" Artist="Mathias Kaden" Composer="" Album="Vakant Remixes" Grouping="" Genre="House/Deep/Tech/" Kind="AIFF File" Size="100959786" TotalTime="571" DiscNumber="0" TrackNumber="1" Year="2019" AverageBpm="119.00" DateAdded="2022-11-02" BitRate="1411" SampleRate="44100" Comments="3A - 5" PlayCount="1" Rating="0" Location="file://localhost/Users/zachvp/Music/DJ/Mathias%20Kaden%20-%20Kawaba%20(DJ%20Koze%27s%20Kosi-san%20Remix).aiff" Remixer="" Tonality="3A" Label="" Mix="">
      <TEMPO Inizio="0.208" Bpm="119.00" Metro="4/4" Battito="1" />
      <TEMPO Inizio="0.713" Bpm="119.00" Metro="4/4" Battito="2" />
      <TEMPO Inizio="134.327" Bpm="119.00" Metro="4/4" Battito="3" />
      <TEMPO Inizio="270.462" Bpm="119.00" Metro="4/4" Battito="1" />
      <TEMPO Inizio="406.597" Bpm="119.00" Metro="4/4" Battito="3" />
      <TEMPO Inizio="552.816" Bpm="119.00" Metro="4/4" Battito="1" />
    </TRACK>
    <TRACK TrackID="86984329" Name="Ridgewood" Artist="Mella Dee" Composer="" Album="WM012_Ridgewood EP" Grouping="" Genre="House/Tech/Indie/" Kind="AIFF File" Size="109414916" TotalTime="413" DiscNumber="0" TrackNumber="1" Year="2020" AverageBpm="133.00" DateAdded="2022-11-02" BitRate="2116" SampleRate="44100" Comments="3A - 5" PlayCount="1" Rating="0" Location="file://localhost/Users/zachvp/Music/DJ/Mella%20Dee%20-%20Ridgewood.aiff" Remixer="" Tonality="3A" Label="" Mix="">
      <TEMPO Inizio="0.006" Bpm="133.00" Metro="4/4" Battito="1" />
      <TEMPO Inizio="216.999" Bpm="133.00" Metro="4/4" Battito="2" />
    </TRACK>
    <TRACK TrackID="217049574" Name="Burning Sage Deep Cleansing Beat Mix" Artist="Mikki Afflick" Composer="" Album="Burning Sage" Grouping="" Genre="House/Tech/Organic" Kind="AIFF File" Size="105050724" TotalTime="396" DiscNumber="0" TrackNumber="3" Year="2020" AverageBpm="126.00" DateAdded="2022-11-02" BitRate="2116" SampleRate="44100" Comments="5A - 6" PlayCount="3" Rating="0" Location="file://localhost/Users/zachvp/Music/DJ/Mikki%20Afflick%20-%20Burning%20Sage%20Deep%20Cleansing%20Beat%20Mix.aiff" Remixer="" Tonality="5A" Label="" Mix="">
      <TEMPO Inizio="0.000" Bpm="126.00" Metro="4/4" Battito="1" />
      <TEMPO Inizio="0.953" Bpm="126.00" Metro="4/4" Battito="3" />
      <TEMPO Inizio="247.144" Bpm="126.00" Metro="4/4" Battito="4" />
      <POSITION_MARK Name="" Type="0" Start="0.000" Num="-1" />
    </TRACK>
    <TRACK TrackID="213045728" Name="Paradise (7&quot; Mix)" Artist="Miro" Composer="" Album="Paradise" Grouping="" Genre="House/Tech/Indie/Progressive" Kind="AIFF File" Size="42885688" TotalTime="242" DiscNumber="0" TrackNumber="1" Year="1998" AverageBpm="132.08" DateAdded="2022-11-02" BitRate="1411" SampleRate="44100" Comments="8A - 7" PlayCount="1" Rating="0" Location="file://localhost/Users/zachvp/Music/DJ/Miro%20-%20Paradise%20(7-%20Mix).aiff" Remixer="" Tonality="8A" Label="" Mix="">
      <TEMPO Inizio="0.157" Bpm="132.08" Metro="4/4" Battito="3" />
      <TEMPO Inizio="2.429" Bpm="132.08" Metro="4/4" Battito="4" />
      <TEMPO Inizio="46.948" Bpm="132.08" Metro="4/4" Battito="2" />
      <TEMPO Inizio="101.461" Bpm="132.08" Metro="4/4" Battito="2" />
      <TEMPO Inizio="155.974" Bpm="132.08" Metro="4/4" Battito="2" />
      <TEMPO Inizio="205.490" Bpm="132.08" Metro="4/4" Battito="3" />
    </TRACK>
    <TRACK TrackID="14251742" Name="Paradise (Miro Dub)" Artist="Miro" Composer="" Album="Paradise" Grouping="" Genre="House/Tech/Indie/Progressive" Kind="AIFF File" Size="77836412" TotalTime="440" DiscNumber="0" TrackNumber="4" Year="1998" AverageBpm="132.03" DateAdded="2022-11-02" BitRate="1411" SampleRate="44100" Comments="8A - 6" PlayCount="3" Rating="0" Location="file://localhost/Users/zachvp/Music/DJ/Miro%20-%20Paradise%20(Miro%20Dub).aiff" Remixer="" Tonality="8A" Label="" Mix="">
      <TEMPO Inizio="0.273" Bpm="132.03" Metro="4/4" Battito="1" />
      <TEMPO Inizio="4.818" Bpm="132.03" Metro="4/4" Battito="3" />
      <TEMPO Inizio="20.724" Bpm="132.03" Metro="4/4" Battito="2" />
      <TEMPO Inizio="36.630" Bpm="132.03" Metro="4/4" Battito="1" />
      <TEMPO Inizio="52.536" Bpm="132.03" Metro="4/4" Battito="4" />
      <TEMPO Inizio="64.352" Bpm="132.03" Metro="4/4" Battito="2" />
      <TEMPO Inizio="80.258" Bpm="132.03" Metro="4/4" Battito="1" />
      <TEMPO Inizio="96.164" Bpm="132.03" Metro="4/4" Battito="4" />
      <TEMPO Inizio="112.070" Bpm="132.03" Metro="4/4" Battito="3" />
      <TEMPO Inizio="127.976" Bpm="132.03" Metro="4/4" Battito="2" />
      <TEMPO Inizio="139.792" Bpm="132.03" Metro="4/4" Battito="4" />
      <TEMPO Inizio="159.788" Bpm="132.03" Metro="4/4" Battito="4" />
      <TEMPO Inizio="175.694" Bpm="132.03" Metro="4/4" Battito="3" />
      <TEMPO Inizio="187.510" Bpm="132.03" Metro="4/4" Battito="1" />
      <TEMPO Inizio="203.416" Bpm="132.03" Metro="4/4" Battito="4" />
      <TEMPO Inizio="219.322" Bpm="132.03" Metro="4/4" Battito="3" />
      <TEMPO Inizio="235.228" Bpm="132.03" Metro="4/4" Battito="2" />
      <TEMPO Inizio="251.134" Bpm="132.03" Metro="4/4" Battito="1" />
      <TEMPO Inizio="262.950" Bpm="132.03" Metro="4/4" Battito="3" />
      <TEMPO Inizio="278.856" Bpm="132.03" Metro="4/4" Battito="2" />
      <TEMPO Inizio="294.762" Bpm="132.03" Metro="4/4" Battito="1" />
      <TEMPO Inizio="310.668" Bpm="132.03" Metro="4/4" Battito="4" />
      <TEMPO Inizio="326.574" Bpm="132.03" Metro="4/4" Battito="3" />
      <TEMPO Inizio="338.390" Bpm="132.03" Metro="4/4" Battito="1" />
      <TEMPO Inizio="354.296" Bpm="132.03" Metro="4/4" Battito="4" />
      <TEMPO Inizio="374.292" Bpm="132.03" Metro="4/4" Battito="4" />
      <TEMPO Inizio="386.108" Bpm="132.03" Metro="4/4" Battito="2" />
      <TEMPO Inizio="402.014" Bpm="132.03" Metro="4/4" Battito="1" />
      <TEMPO Inizio="413.830" Bpm="132.03" Metro="4/4" Battito="3" />
      <TEMPO Inizio="433.826" Bpm="132.03" Metro="4/4" Battito="3" />
    </TRACK>
    <TRACK TrackID="13122665" Name="Double Dance Lover (Radio Version)" Artist="Mount Liberation Unlimited" Composer="" Album="Double Dance Lover" Grouping="" Genre="House/Tech/Indie/" Kind="AIFF File" Size="82515732" TotalTime="466" DiscNumber="0" TrackNumber="1" Year="2017" AverageBpm="121.51" DateAdded="2022-11-02" BitRate="1411" SampleRate="44100" Comments="5A - 7" PlayCount="2" Rating="0" Location="file://localhost/Users/zachvp/Music/DJ/Mount%20Liberation%20Unlimited%20-%20Double%20Dance%20Lover%20(Radio%20Version).aiff" Remixer="" Tonality="5A" Label="" Mix="">
      <TEMPO Inizio="0.204" Bpm="121.51" Metro="4/4" Battito="1" />
    </TRACK>
    <TRACK TrackID="213527956" Name="The Glitch" Artist="Mr. Tophat &amp; Art Alfie" Composer="" Album="KVK900" Grouping="" Genre="House/Tech/Groove" Kind="AIFF File" Size="115445362" TotalTime="654" DiscNumber="0" TrackNumber="2" Year="2020" AverageBpm="124.00" DateAdded="2022-11-02" BitRate="1411" SampleRate="44100" Comments="7A - 5" PlayCount="5" Rating="0" Location="file://localhost/Users/zachvp/Music/DJ/Mr.%20Tophat%20%26%20Art%20Alfie%20-%20The%20Glitch.aiff" Remixer="" Tonality="7A" Label="" Mix="">
      <TEMPO Inizio="0.434" Bpm="124.00" Metro="4/4" Battito="1" />
    </TRACK>
    <TRACK TrackID="63252021" Name="Fade To Grey (Partner Music Edit)" Artist="Visage" Composer="" Album="" Grouping="" Genre="House/Tech/Indie/" Kind="AIFF File" Size="58929870" TotalTime="333" DiscNumber="0" TrackNumber="0" Year="2020" AverageBpm="115.00" DateAdded="2022-11-02" BitRate="1411" SampleRate="44100" Comments="8A - 7" PlayCount="0" Rating="0" Location="file://localhost/Users/zachvp/Music/DJ/Naughty%20Finger%20Recordings%20-%20Visage%20-%20Fade%20To%20Grey%20(Partner%20Music%20Edit).aiff" Remixer="" Tonality="8A" Label="" Mix="">
      <TEMPO Inizio="0.005" Bpm="115.00" Metro="4/4" Battito="1" />
    </TRACK>
    <TRACK TrackID="168205285" Name="Mariposa (Original Mix)" Artist="Nickodemus" Composer="" Album="Mariposa" Grouping="" Genre="Lounge/" Kind="AIFF File" Size="50855276" TotalTime="287" DiscNumber="0" TrackNumber="1" Year="2001" AverageBpm="96.50" DateAdded="2022-11-02" BitRate="1411" SampleRate="44100" Comments="5A - 6" PlayCount="3" Rating="0" Location="file://localhost/Users/zachvp/Music/DJ/Nickodemus%20-%20Mariposa%20(Original%20Mix).aiff" Remixer="" Tonality="5A" Label="" Mix="">
      <TEMPO Inizio="0.399" Bpm="96.50" Metro="4/4" Battito="2" />
      <POSITION_MARK Name="" Type="0" Start="0.428" Num="-1" />
    </TRACK>
    <TRACK TrackID="11946807" Name="Imagineering" Artist="Nightmares On Wax" Composer="" Album="" Grouping="" Genre="Lounge/" Kind="AIFF File" Size="48589904" TotalTime="274" DiscNumber="0" TrackNumber="0" Year="2021" AverageBpm="146.31" DateAdded="2022-11-02" BitRate="1411" SampleRate="44100" Comments="7A - 3" PlayCount="2" Rating="0" Location="file://localhost/Users/zachvp/Music/DJ/Nightmares%20On%20Wax%20-%20Imagineering.aiff" Remixer="" Tonality="7A" Label="" Mix="">
      <TEMPO Inizio="0.286" Bpm="146.31" Metro="4/4" Battito="1" />
      <TEMPO Inizio="60.978" Bpm="146.31" Metro="4/4" Battito="1" />
      <TEMPO Inizio="108.137" Bpm="146.31" Metro="4/4" Battito="4" />
      <TEMPO Inizio="150.375" Bpm="146.31" Metro="4/4" Battito="3" />
      <TEMPO Inizio="197.534" Bpm="146.31" Metro="4/4" Battito="2" />
      <TEMPO Inizio="244.693" Bpm="146.31" Metro="4/4" Battito="1" />
    </TRACK>
    <TRACK TrackID="2545839" Name="Big Kahuna" Artist="Nois Land" Composer="" Album="BIG KAHUNA" Grouping="" Genre="Lounge/Indie" Kind="AIFF File" Size="130835430" TotalTime="740" DiscNumber="0" TrackNumber="1" Year="2016" AverageBpm="108.00" DateAdded="2022-11-02" BitRate="1411" SampleRate="44100" Comments="5A - 6" PlayCount="1" Rating="0" Location="file://localhost/Users/zachvp/Music/DJ/NOIS%20LAND%20-%20BIG%20KAHUNA.aiff" Remixer="" Tonality="5A" Label="" Mix="">
      <TEMPO Inizio="0.003" Bpm="108.00" Metro="4/4" Battito="1" />
      <POSITION_MARK Name="" Type="0" Start="497.768" Num="0" Red="40" Green="226" Blue="20" />
    </TRACK>
    <TRACK TrackID="93083460" Name="Egg Sandwich (8 Mile Grill)" Artist="Nois Land" Composer="" Album="BIG KAHUNA" Grouping="" Genre="Lounge/Indie" Kind="AIFF File" Size="51338876" TotalTime="290" DiscNumber="0" TrackNumber="4" Year="2016" AverageBpm="100.00" DateAdded="2022-11-02" BitRate="1411" SampleRate="44100" Comments="3A - 6" PlayCount="4" Rating="0" Location="file://localhost/Users/zachvp/Music/DJ/NOIS%20LAND%20-%20EGG%20SANDWICH%20(8%20MILE%20GRILL).aiff" Remixer="" Tonality="3A" Label="" Mix="">
      <TEMPO Inizio="0.000" Bpm="100.00" Metro="4/4" Battito="1" />
      <TEMPO Inizio="128.999" Bpm="100.00" Metro="4/4" Battito="4" />
    </TRACK>
    <TRACK TrackID="79951400" Name="Good To Me" Artist="Oscar Mike" Composer="" Album="Good To Me EP" Grouping="" Genre="House/Deep/Tech/Dubby" Kind="AIFF File" Size="72051520" TotalTime="407" DiscNumber="0" TrackNumber="3" Year="2020" AverageBpm="124.00" DateAdded="2022-11-02" BitRate="1411" SampleRate="44100" Comments="6A - 5" PlayCount="6" Rating="0" Location="file://localhost/Users/zachvp/Music/DJ/Oscar%20Mike%20-%20Good%20To%20Me.aiff" Remixer="" Tonality="6A" Label="" Mix="">
      <TEMPO Inizio="0.011" Bpm="124.00" Metro="4/4" Battito="1" />
    </TRACK>
    <TRACK TrackID="179691031" Name="Why Didn't You Save Me (Dave Harrington Remix)" Artist="Nicolas Jaar" Composer="" Album="Trust" Grouping="" Genre="Lounge/Indie" Kind="AIFF File" Size="41467774" TotalTime="234" DiscNumber="0" TrackNumber="12" Year="2013" AverageBpm="100.00" DateAdded="2022-11-02" BitRate="1411" SampleRate="44100" Comments="10A - 7" PlayCount="1" Rating="0" Location="file://localhost/Users/zachvp/Music/DJ/Other%20People%20-%20Nicolas%20Jaar%20-%20Why%20Didn%27t%20You%20Save%20Me%20(Dave%20Harrington%20Remix).aiff" Remixer="" Tonality="10A" Label="" Mix="">
      <TEMPO Inizio="0.042" Bpm="100.00" Metro="4/4" Battito="1" />
      <TEMPO Inizio="132.641" Bpm="100.00" Metro="4/4" Battito="2" />
      <POSITION_MARK Name="" Type="0" Start="103.237" Num="-1" />
    </TRACK>
    <TRACK TrackID="249316167" Name="Paulor's Blues" Artist="Paulor" Composer="" Album="Paulor" Grouping="" Genre="House/Tech/Indie/" Kind="AIFF File" Size="84978570" TotalTime="481" DiscNumber="0" TrackNumber="2" Year="2017" AverageBpm="121.00" DateAdded="2022-11-02" BitRate="1411" SampleRate="44100" Comments="2A - 6" PlayCount="1" Rating="0" Location="file://localhost/Users/zachvp/Music/DJ/Paulor%20-%20Paulor%27s%20Blues.aiff" Remixer="" Tonality="2A" Label="" Mix="">
      <TEMPO Inizio="0.013" Bpm="121.00" Metro="4/4" Battito="1" />
    </TRACK>
    <TRACK TrackID="224455846" Name="Coyote Ghost Melodies" Artist="Peaking Lights" Composer="" Album="The Fifth State of Consciousness (double album)" Grouping="" Genre="Lounge/Indie" Kind="AIFF File" Size="77309390" TotalTime="437" DiscNumber="0" TrackNumber="2" Year="2017" AverageBpm="84.00" DateAdded="2022-11-02" BitRate="1411" SampleRate="44100" Comments="7A - 5" PlayCount="3" Rating="0" Location="file://localhost/Users/zachvp/Music/DJ/Peaking%20Lights%20-%20Coyote%20Ghost%20Melodies.aiff" Remixer="" Tonality="7A" Label="" Mix="">
      <TEMPO Inizio="0.001" Bpm="84.00" Metro="4/4" Battito="1" />
      <TEMPO Inizio="0.716" Bpm="84.00" Metro="4/4" Battito="2" />
      <TEMPO Inizio="64.288" Bpm="84.00" Metro="4/4" Battito="3" />
      <TEMPO Inizio="172.860" Bpm="84.00" Metro="4/4" Battito="3" />
      <TEMPO Inizio="281.432" Bpm="84.00" Metro="4/4" Battito="3" />
      <TEMPO Inizio="405.004" Bpm="84.00" Metro="4/4" Battito="4" />
      <POSITION_MARK Name="" Type="0" Start="222.848" Num="-1" />
    </TRACK>
    <TRACK TrackID="244235798" Name="Bodies (Unreleased Dokument)" Artist="Plus Instruments" Composer="" Album="Bodies" Grouping="" Genre="Lounge/Indie" Kind="AIFF File" Size="53666064" TotalTime="303" DiscNumber="0" TrackNumber="3" Year="2015" AverageBpm="114.71" DateAdded="2022-11-02" BitRate="1411" SampleRate="44100" Comments="8A - 5" PlayCount="0" Rating="0" Location="file://localhost/Users/zachvp/Music/DJ/Plus%20Instruments%20-%20Bodies%20(Unreleased%20Dokument).aiff" Remixer="" Tonality="8A" Label="" Mix="">
      <TEMPO Inizio="0.401" Bpm="114.71" Metro="4/4" Battito="1" />
      <TEMPO Inizio="4.586" Bpm="114.71" Metro="4/4" Battito="1" />
      <TEMPO Inizio="17.663" Bpm="114.71" Metro="4/4" Battito="2" />
      <TEMPO Inizio="38.063" Bpm="114.71" Metro="4/4" Battito="1" />
      <TEMPO Inizio="58.463" Bpm="114.71" Metro="4/4" Battito="4" />
      <TEMPO Inizio="78.863" Bpm="114.71" Metro="4/4" Battito="3" />
      <TEMPO Inizio="99.263" Bpm="114.71" Metro="4/4" Battito="2" />
      <TEMPO Inizio="119.663" Bpm="114.71" Metro="4/4" Battito="1" />
      <TEMPO Inizio="140.063" Bpm="114.71" Metro="4/4" Battito="4" />
      <TEMPO Inizio="160.463" Bpm="114.71" Metro="4/4" Battito="3" />
      <TEMPO Inizio="180.863" Bpm="114.71" Metro="4/4" Battito="2" />
      <TEMPO Inizio="201.263" Bpm="114.71" Metro="4/4" Battito="1" />
      <TEMPO Inizio="221.663" Bpm="114.71" Metro="4/4" Battito="4" />
      <TEMPO Inizio="241.540" Bpm="114.71" Metro="4/4" Battito="2" />
      <TEMPO Inizio="261.940" Bpm="114.71" Metro="4/4" Battito="1" />
      <TEMPO Inizio="282.340" Bpm="114.71" Metro="4/4" Battito="4" />
      <TEMPO Inizio="302.740" Bpm="114.71" Metro="4/4" Battito="3" />
    </TRACK>
    <TRACK TrackID="189468955" Name="Some Lights" Artist="Red Axes" Composer="" Album="Some Lights EP [PH108]" Grouping="" Genre="House/Tech/Groove" Kind="AIFF File" Size="60511416" TotalTime="342" DiscNumber="0" TrackNumber="1" Year="2021" AverageBpm="122.00" DateAdded="2022-11-02" BitRate="1411" SampleRate="44100" Comments="4A - 6" PlayCount="3" Rating="0" Location="file://localhost/Users/zachvp/Music/DJ/Red%20Axes%20-%20Some%20Lights.aiff" Remixer="" Tonality="4A" Label="" Mix="">
      <TEMPO Inizio="0.022" Bpm="122.00" Metro="4/4" Battito="1" />
      <POSITION_MARK Name="" Type="0" Start="214.448" Num="-1" />
    </TRACK>
    <TRACK TrackID="191066435" Name="Hang On to Your Love (Saeed Younan Poolside House Edit)" Artist="SADE" Composer="" Album="" Grouping="" Genre="House/Deep/Tech/Jazzy" Kind="AIFF File" Size="63899838" TotalTime="361" DiscNumber="0" TrackNumber="0" Year="2022" AverageBpm="124.00" DateAdded="2022-11-02" BitRate="1411" SampleRate="44100" Comments="8A - 7" PlayCount="1" Rating="0" Location="file://localhost/Users/zachvp/Music/DJ/SAEED%20YOUNAN%20-%20SADE%20-%20Hang%20On%20to%20Your%20Love%20(Saeed%20Younan%20Poolside%20House%20Edit)%20DJ%20Tool.aiff" Remixer="" Tonality="8A" Label="" Mix="">
      <TEMPO Inizio="0.465" Bpm="124.00" Metro="4/4" Battito="2" />
    </TRACK>
    <TRACK TrackID="249405976" Name="MZ" Artist="Sascha Funke" Composer="" Album="IFA" Grouping="" Genre="House/Tech/Indie/" Kind="AIFF File" Size="67455548" TotalTime="381" DiscNumber="0" TrackNumber="3" Year="2017" AverageBpm="120.00" DateAdded="2022-11-02" BitRate="1411" SampleRate="44100" Comments="4A - 6" PlayCount="0" Rating="0" Location="file://localhost/Users/zachvp/Music/DJ/Sascha%20Funke%20-%20MZ.aiff" Remixer="" Tonality="4A" Label="" Mix="">
      <TEMPO Inizio="0.109" Bpm="120.00" Metro="4/4" Battito="1" />
      <TEMPO Inizio="161.110" Bpm="120.00" Metro="4/4" Battito="3" />
      <TEMPO Inizio="161.609" Bpm="120.00" Metro="4/4" Battito="4" />
      <TEMPO Inizio="162.110" Bpm="120.00" Metro="4/4" Battito="1" />
      <TEMPO Inizio="162.609" Bpm="120.00" Metro="4/4" Battito="2" />
      <TEMPO Inizio="163.110" Bpm="120.00" Metro="4/4" Battito="3" />
      <TEMPO Inizio="163.609" Bpm="120.00" Metro="4/4" Battito="4" />
      <TEMPO Inizio="164.110" Bpm="120.00" Metro="4/4" Battito="1" />
      <TEMPO Inizio="164.609" Bpm="120.00" Metro="4/4" Battito="2" />
      <TEMPO Inizio="165.110" Bpm="120.00" Metro="4/4" Battito="3" />
      <TEMPO Inizio="165.609" Bpm="120.00" Metro="4/4" Battito="4" />
      <TEMPO Inizio="166.110" Bpm="120.00" Metro="4/4" Battito="1" />
      <TEMPO Inizio="166.609" Bpm="120.00" Metro="4/4" Battito="2" />
      <TEMPO Inizio="167.110" Bpm="120.00" Metro="4/4" Battito="3" />
      <TEMPO Inizio="167.609" Bpm="120.00" Metro="4/4" Battito="4" />
      <TEMPO Inizio="168.110" Bpm="120.00" Metro="4/4" Battito="1" />
      <TEMPO Inizio="168.609" Bpm="120.00" Metro="4/4" Battito="2" />
      <TEMPO Inizio="169.110" Bpm="120.00" Metro="4/4" Battito="3" />
      <TEMPO Inizio="169.609" Bpm="120.00" Metro="4/4" Battito="4" />
      <TEMPO Inizio="170.110" Bpm="120.00" Metro="4/4" Battito="1" />
      <TEMPO Inizio="170.609" Bpm="120.00" Metro="4/4" Battito="2" />
      <TEMPO Inizio="171.110" Bpm="120.00" Metro="4/4" Battito="3" />
    </TRACK>
    <TRACK TrackID="97811176" Name="A1 Schatzi Vol 9 SHTZ09" Artist="Schatzi Edits" Composer="" Album="Schatzi Vol 9" Grouping="" Genre="House/Tech/Indie/Disco" Kind="AIFF File" Size="111092878" TotalTime="419" DiscNumber="0" TrackNumber="1" Year="2022" AverageBpm="120.00" DateAdded="2022-11-02" BitRate="1411" SampleRate="44100" Comments="9A - 6" PlayCount="4" Rating="0" Location="file://localhost/Users/zachvp/Music/DJ/Schatzi%20Edits%20-%20A1%20Schatzi%20Vol%209%20SHTZ09.aiff" Remixer="" Tonality="9A" Label="" Mix="">
      <TEMPO Inizio="0.003" Bpm="120.00" Metro="4/4" Battito="1" />
      <TEMPO Inizio="85.002" Bpm="120.00" Metro="4/4" Battito="3" />
      <TEMPO Inizio="85.503" Bpm="120.00" Metro="4/4" Battito="4" />
      <TEMPO Inizio="86.002" Bpm="120.00" Metro="4/4" Battito="1" />
      <TEMPO Inizio="86.503" Bpm="120.00" Metro="4/4" Battito="2" />
      <TEMPO Inizio="87.002" Bpm="120.00" Metro="4/4" Battito="3" />
      <TEMPO Inizio="87.503" Bpm="120.00" Metro="4/4" Battito="4" />
      <TEMPO Inizio="88.002" Bpm="120.00" Metro="4/4" Battito="1" />
      <TEMPO Inizio="88.503" Bpm="120.00" Metro="4/4" Battito="2" />
      <TEMPO Inizio="89.002" Bpm="120.00" Metro="4/4" Battito="3" />
      <TEMPO Inizio="89.503" Bpm="120.00" Metro="4/4" Battito="4" />
      <TEMPO Inizio="90.002" Bpm="120.00" Metro="4/4" Battito="1" />
      <TEMPO Inizio="90.503" Bpm="120.00" Metro="4/4" Battito="2" />
      <TEMPO Inizio="91.002" Bpm="120.00" Metro="4/4" Battito="3" />
      <TEMPO Inizio="238.001" Bpm="120.00" Metro="4/4" Battito="1" />
      <TEMPO Inizio="238.502" Bpm="120.00" Metro="4/4" Battito="2" />
      <TEMPO Inizio="239.001" Bpm="120.00" Metro="4/4" Battito="3" />
      <TEMPO Inizio="239.502" Bpm="120.00" Metro="4/4" Battito="4" />
      <TEMPO Inizio="240.001" Bpm="120.00" Metro="4/4" Battito="1" />
      <TEMPO Inizio="240.502" Bpm="120.00" Metro="4/4" Battito="2" />
      <TEMPO Inizio="241.001" Bpm="120.00" Metro="4/4" Battito="3" />
      <TEMPO Inizio="241.502" Bpm="120.00" Metro="4/4" Battito="4" />
      <TEMPO Inizio="242.001" Bpm="120.00" Metro="4/4" Battito="1" />
      <TEMPO Inizio="242.502" Bpm="120.00" Metro="4/4" Battito="2" />
      <TEMPO Inizio="243.001" Bpm="120.00" Metro="4/4" Battito="3" />
      <TEMPO Inizio="243.502" Bpm="120.00" Metro="4/4" Battito="4" />
      <TEMPO Inizio="244.001" Bpm="120.00" Metro="4/4" Battito="1" />
      <TEMPO Inizio="391.000" Bpm="120.00" Metro="4/4" Battito="3" />
      <TEMPO Inizio="391.501" Bpm="120.00" Metro="4/4" Battito="4" />
      <TEMPO Inizio="392.000" Bpm="120.00" Metro="4/4" Battito="1" />
      <TEMPO Inizio="392.501" Bpm="120.00" Metro="4/4" Battito="2" />
      <TEMPO Inizio="393.000" Bpm="120.00" Metro="4/4" Battito="3" />
      <TEMPO Inizio="393.501" Bpm="120.00" Metro="4/4" Battito="4" />
      <TEMPO Inizio="394.000" Bpm="120.00" Metro="4/4" Battito="1" />
      <TEMPO Inizio="394.501" Bpm="120.00" Metro="4/4" Battito="2" />
      <TEMPO Inizio="395.000" Bpm="120.00" Metro="4/4" Battito="3" />
      <TEMPO Inizio="395.501" Bpm="120.00" Metro="4/4" Battito="4" />
      <TEMPO Inizio="396.000" Bpm="120.00" Metro="4/4" Battito="1" />
      <TEMPO Inizio="396.501" Bpm="120.00" Metro="4/4" Battito="2" />
      <TEMPO Inizio="397.000" Bpm="120.00" Metro="4/4" Battito="3" />
      <TEMPO Inizio="397.501" Bpm="120.00" Metro="4/4" Battito="4" />
      <TEMPO Inizio="398.000" Bpm="120.00" Metro="4/4" Battito="1" />
    </TRACK>
    <TRACK TrackID="1568604" Name="A2 Schatzi Vol 9 SHTZ09" Artist="Schatzi Edits" Composer="" Album="Schatzi Vol 9" Grouping="" Genre="House/Tech/Indie/Disco" Kind="AIFF File" Size="107893600" TotalTime="407" DiscNumber="0" TrackNumber="2" Year="2022" AverageBpm="126.00" DateAdded="2022-11-02" BitRate="2116" SampleRate="44100" Comments="11A - 7" PlayCount="3" Rating="0" Location="file://localhost/Users/zachvp/Music/DJ/Schatzi%20Edits%20-%20A2%20Schatzi%20Vol%209%20SHTZ09.aiff" Remixer="" Tonality="11A" Label="" Mix="">
      <TEMPO Inizio="0.005" Bpm="126.00" Metro="4/4" Battito="1" />
      <TEMPO Inizio="97.623" Bpm="126.00" Metro="4/4" Battito="2" />
      <TEMPO Inizio="185.241" Bpm="126.00" Metro="4/4" Battito="2" />
      <TEMPO Inizio="272.859" Bpm="126.00" Metro="4/4" Battito="2" />
      <TEMPO Inizio="360.477" Bpm="126.00" Metro="4/4" Battito="2" />
      <POSITION_MARK Name="" Type="0" Start="45.717" Num="-1" />
      <POSITION_MARK Name="" Type="0" Start="262.856" Num="-1" />
      <POSITION_MARK Name="" Type="0" Start="167.623" Num="-1" />
    </TRACK>
    <TRACK TrackID="135521909" Name="Black Rose (Jon Dixon Remix)" Artist="Small Creatures" Composer="" Album="" Grouping="" Genre="House/Deep/Tech/Jazzy" Kind="AIFF File" Size="94918638" TotalTime="358" DiscNumber="0" TrackNumber="0" Year="2020" AverageBpm="126.00" DateAdded="2022-11-02" BitRate="2116" SampleRate="44100" Comments="9A - 5" PlayCount="5" Rating="0" Location="file://localhost/Users/zachvp/Music/DJ/Small%20Creatures%20-%20Black%20Rose%20(Jon%20Dixon%20Remix).aiff" Remixer="" Tonality="9A" Label="" Mix="">
      <TEMPO Inizio="0.000" Bpm="126.00" Metro="4/4" Battito="1" />
      <TEMPO Inizio="76.191" Bpm="126.00" Metro="4/4" Battito="1" />
    </TRACK>
    <TRACK TrackID="21719473" Name="Telesto (Martin Buttrich Remix)" Artist="Stephan Bodzin &amp; Marc Romboy" Composer="" Album="Luna" Grouping="" Genre="House/Deep/Tech/Dubby" Kind="AIFF File" Size="72864470" TotalTime="412" DiscNumber="0" TrackNumber="16" Year="2011" AverageBpm="127.00" DateAdded="2022-11-02" BitRate="1411" SampleRate="44100" Comments="7A - 5" PlayCount="2" Rating="0" Location="file://localhost/Users/zachvp/Music/DJ/Stephan%20Bodzin%20%26%20Marc%20Romboy%20-%20Telesto%20(Martin%20Buttrich%20Remix).aiff" Remixer="" Tonality="7A" Label="" Mix="">
      <TEMPO Inizio="0.117" Bpm="127.00" Metro="4/4" Battito="4" />
      <TEMPO Inizio="68.149" Bpm="127.00" Metro="4/4" Battito="4" />
      <TEMPO Inizio="168.307" Bpm="127.00" Metro="4/4" Battito="4" />
      <TEMPO Inizio="256.654" Bpm="127.00" Metro="4/4" Battito="3" />
      <TEMPO Inizio="340.749" Bpm="127.00" Metro="4/4" Battito="1" />
    </TRACK>
    <TRACK TrackID="217569918" Name="Telesto" Artist="Stephan Bodzin &amp; Marc Romboy" Composer="" Album="Luna" Grouping="" Genre="zzz" Kind="AIFF File" Size="84201754" TotalTime="476" DiscNumber="0" TrackNumber="10" Year="2011" AverageBpm="125.00" DateAdded="2022-11-02" BitRate="1411" SampleRate="44100" Comments="6A - 5" PlayCount="0" Rating="0" Location="file://localhost/Users/zachvp/Music/DJ/Stephan%20Bodzin%20%26%20Marc%20Romboy%20-%20Telesto.aiff" Remixer="" Tonality="6A" Label="" Mix="">
      <TEMPO Inizio="0.129" Bpm="125.00" Metro="4/4" Battito="1" />
    </TRACK>
    <TRACK TrackID="71104704" Name="Like It Should Be feat. Gigi (Ribn’s Translucent Vox Remix)" Artist="Steve Bug" Composer="" Album="Collaboratory Remixes Vol. 1" Grouping="" Genre="House/Deep/Tech/Dubby" Kind="AIFF File" Size="92378560" TotalTime="522" DiscNumber="0" TrackNumber="1" Year="2009" AverageBpm="126.00" DateAdded="2022-11-02" BitRate="1411" SampleRate="44100" Comments="4A - 6" PlayCount="2" Rating="0" Location="file://localhost/Users/zachvp/Music/DJ/Steve%20Bug%20-%20Like%20It%20Should%20Be%20feat.%20Gigi%20(Ribn%e2%80%99s%20Translucent%20Vox%20Remix).aiff" Remixer="" Tonality="4A" Label="" Mix="">
      <TEMPO Inizio="0.109" Bpm="126.00" Metro="4/4" Battito="1" />
      <TEMPO Inizio="267.727" Bpm="126.00" Metro="4/4" Battito="3" />
      <TEMPO Inizio="482.964" Bpm="126.00" Metro="4/4" Battito="3" />
    </TRACK>
    <TRACK TrackID="9806061" Name="Misleading (Original Mix)" Artist="Subb-an feat Anomaly Jonez &amp; Anomaly Jonez" Composer="" Album="Misleading" Grouping="" Genre="House/Deep/Tech/" Kind="AIFF File" Size="95705024" TotalTime="541" DiscNumber="0" TrackNumber="1" Year="2011" AverageBpm="124.00" DateAdded="2022-11-02" BitRate="1411" SampleRate="44100" Comments="11A - 7" PlayCount="1" Rating="0" Location="file://localhost/Users/zachvp/Music/DJ/Subb-an%20feat%20Anomaly%20Jonez%20%26%20Anomaly%20Jonez%20-%20Misleading%20(Original%20Mix).aiff" Remixer="" Tonality="11A" Label="" Mix="">
      <TEMPO Inizio="0.004" Bpm="124.00" Metro="4/4" Battito="4" />
    </TRACK>
    <TRACK TrackID="205638600" Name="Terra" Artist="The Palmer Initiative" Composer="" Album="Terra" Grouping="" Genre="House/Tech/Breaks" Kind="AIFF File" Size="55107442" TotalTime="310" DiscNumber="0" TrackNumber="1" Year="2021" AverageBpm="126.00" DateAdded="2022-11-02" BitRate="1411" SampleRate="44100" Comments="7A - 6" PlayCount="2" Rating="0" Location="file://localhost/Users/zachvp/Music/DJ/The%20Palmer%20Initiative%20-%20Terra.aiff" Remixer="" Tonality="7A" Label="" Mix="">
      <TEMPO Inizio="0.253" Bpm="126.00" Metro="4/4" Battito="1" />
    </TRACK>
    <TRACK TrackID="130019218" Name="Colin (Uffe Remix)" Artist="The/Das" Composer="" Album="KKT007 – Mind Speak Remixes" Grouping="" Genre="House/Deep/Tech/Jazzy" Kind="AIFF File" Size="72008932" TotalTime="407" DiscNumber="0" TrackNumber="1" Year="2013" AverageBpm="120.00" DateAdded="2022-11-02" BitRate="1411" SampleRate="44100" Comments="7A - 6" PlayCount="1" Rating="0" Location="file://localhost/Users/zachvp/Music/DJ/The-Das%20-%20Colin%20(Uffe%20Remix).aiff" Remixer="" Tonality="7A" Label="" Mix="">
      <TEMPO Inizio="0.004" Bpm="120.00" Metro="4/4" Battito="1" />
      <TEMPO Inizio="0.505" Bpm="120.00" Metro="4/4" Battito="2" />
      <TEMPO Inizio="1.004" Bpm="120.00" Metro="4/4" Battito="3" />
      <TEMPO Inizio="1.505" Bpm="120.00" Metro="4/4" Battito="4" />
      <TEMPO Inizio="2.004" Bpm="120.00" Metro="4/4" Battito="1" />
      <TEMPO Inizio="2.505" Bpm="120.00" Metro="4/4" Battito="2" />
      <TEMPO Inizio="3.004" Bpm="120.00" Metro="4/4" Battito="3" />
      <TEMPO Inizio="3.505" Bpm="120.00" Metro="4/4" Battito="4" />
      <TEMPO Inizio="4.004" Bpm="120.00" Metro="4/4" Battito="1" />
      <TEMPO Inizio="4.505" Bpm="120.00" Metro="4/4" Battito="2" />
      <TEMPO Inizio="5.004" Bpm="120.00" Metro="4/4" Battito="3" />
      <TEMPO Inizio="5.505" Bpm="120.00" Metro="4/4" Battito="4" />
      <TEMPO Inizio="6.004" Bpm="120.00" Metro="4/4" Battito="1" />
      <TEMPO Inizio="6.505" Bpm="120.00" Metro="4/4" Battito="2" />
      <TEMPO Inizio="7.004" Bpm="120.00" Metro="4/4" Battito="3" />
      <TEMPO Inizio="7.505" Bpm="120.00" Metro="4/4" Battito="4" />
      <TEMPO Inizio="8.004" Bpm="120.00" Metro="4/4" Battito="1" />
      <TEMPO Inizio="8.505" Bpm="120.00" Metro="4/4" Battito="2" />
      <TEMPO Inizio="9.004" Bpm="120.00" Metro="4/4" Battito="3" />
      <TEMPO Inizio="9.505" Bpm="120.00" Metro="4/4" Battito="4" />
      <TEMPO Inizio="10.004" Bpm="120.00" Metro="4/4" Battito="1" />
      <TEMPO Inizio="10.505" Bpm="120.00" Metro="4/4" Battito="2" />
      <TEMPO Inizio="11.004" Bpm="120.00" Metro="4/4" Battito="3" />
      <TEMPO Inizio="11.505" Bpm="120.00" Metro="4/4" Battito="4" />
      <TEMPO Inizio="12.004" Bpm="120.00" Metro="4/4" Battito="1" />
      <TEMPO Inizio="12.505" Bpm="120.00" Metro="4/4" Battito="2" />
      <TEMPO Inizio="13.004" Bpm="120.00" Metro="4/4" Battito="3" />
      <TEMPO Inizio="13.505" Bpm="120.00" Metro="4/4" Battito="4" />
      <TEMPO Inizio="14.004" Bpm="120.00" Metro="4/4" Battito="1" />
      <TEMPO Inizio="14.505" Bpm="120.00" Metro="4/4" Battito="2" />
      <TEMPO Inizio="15.004" Bpm="120.00" Metro="4/4" Battito="3" />
      <TEMPO Inizio="15.505" Bpm="120.00" Metro="4/4" Battito="4" />
      <TEMPO Inizio="16.004" Bpm="120.00" Metro="4/4" Battito="1" />
      <TEMPO Inizio="16.505" Bpm="120.00" Metro="4/4" Battito="2" />
      <TEMPO Inizio="17.004" Bpm="120.00" Metro="4/4" Battito="3" />
      <TEMPO Inizio="17.505" Bpm="120.00" Metro="4/4" Battito="4" />
      <TEMPO Inizio="18.004" Bpm="120.00" Metro="4/4" Battito="1" />
      <TEMPO Inizio="18.505" Bpm="120.00" Metro="4/4" Battito="2" />
      <TEMPO Inizio="19.004" Bpm="120.00" Metro="4/4" Battito="3" />
      <TEMPO Inizio="19.505" Bpm="120.00" Metro="4/4" Battito="4" />
      <TEMPO Inizio="20.004" Bpm="120.00" Metro="4/4" Battito="1" />
      <TEMPO Inizio="20.505" Bpm="120.00" Metro="4/4" Battito="2" />
      <TEMPO Inizio="21.004" Bpm="120.00" Metro="4/4" Battito="3" />
      <TEMPO Inizio="21.505" Bpm="120.00" Metro="4/4" Battito="4" />
      <TEMPO Inizio="22.004" Bpm="120.00" Metro="4/4" Battito="1" />
      <TEMPO Inizio="22.505" Bpm="120.00" Metro="4/4" Battito="2" />
      <TEMPO Inizio="23.004" Bpm="120.00" Metro="4/4" Battito="3" />
      <TEMPO Inizio="23.505" Bpm="120.00" Metro="4/4" Battito="4" />
      <TEMPO Inizio="24.004" Bpm="120.00" Metro="4/4" Battito="1" />
      <TEMPO Inizio="24.505" Bpm="120.00" Metro="4/4" Battito="2" />
      <TEMPO Inizio="25.004" Bpm="120.00" Metro="4/4" Battito="3" />
      <TEMPO Inizio="25.505" Bpm="120.00" Metro="4/4" Battito="4" />
      <TEMPO Inizio="26.004" Bpm="120.00" Metro="4/4" Battito="1" />
      <TEMPO Inizio="26.505" Bpm="120.00" Metro="4/4" Battito="2" />
      <TEMPO Inizio="27.004" Bpm="120.00" Metro="4/4" Battito="3" />
      <TEMPO Inizio="27.505" Bpm="120.00" Metro="4/4" Battito="4" />
      <TEMPO Inizio="28.004" Bpm="120.00" Metro="4/4" Battito="1" />
      <TEMPO Inizio="28.505" Bpm="120.00" Metro="4/4" Battito="2" />
      <TEMPO Inizio="29.004" Bpm="120.00" Metro="4/4" Battito="3" />
      <TEMPO Inizio="29.505" Bpm="120.00" Metro="4/4" Battito="4" />
      <TEMPO Inizio="30.004" Bpm="120.00" Metro="4/4" Battito="1" />
      <TEMPO Inizio="30.505" Bpm="120.00" Metro="4/4" Battito="2" />
      <TEMPO Inizio="31.004" Bpm="120.00" Metro="4/4" Battito="3" />
      <TEMPO Inizio="31.505" Bpm="120.00" Metro="4/4" Battito="4" />
      <TEMPO Inizio="32.004" Bpm="120.00" Metro="4/4" Battito="1" />
      <TEMPO Inizio="32.505" Bpm="120.00" Metro="4/4" Battito="2" />
      <TEMPO Inizio="33.004" Bpm="120.00" Metro="4/4" Battito="3" />
      <TEMPO Inizio="33.505" Bpm="120.00" Metro="4/4" Battito="4" />
      <TEMPO Inizio="34.004" Bpm="120.00" Metro="4/4" Battito="1" />
      <TEMPO Inizio="34.505" Bpm="120.00" Metro="4/4" Battito="2" />
      <TEMPO Inizio="35.004" Bpm="120.00" Metro="4/4" Battito="3" />
      <TEMPO Inizio="35.505" Bpm="120.00" Metro="4/4" Battito="4" />
      <TEMPO Inizio="36.004" Bpm="120.00" Metro="4/4" Battito="1" />
      <TEMPO Inizio="36.505" Bpm="120.00" Metro="4/4" Battito="2" />
      <TEMPO Inizio="37.004" Bpm="120.00" Metro="4/4" Battito="3" />
      <TEMPO Inizio="37.505" Bpm="120.00" Metro="4/4" Battito="4" />
      <TEMPO Inizio="38.004" Bpm="120.00" Metro="4/4" Battito="1" />
      <TEMPO Inizio="38.505" Bpm="120.00" Metro="4/4" Battito="2" />
      <TEMPO Inizio="39.004" Bpm="120.00" Metro="4/4" Battito="3" />
      <TEMPO Inizio="39.505" Bpm="120.00" Metro="4/4" Battito="4" />
    </TRACK>
    <TRACK TrackID="230752589" Name="A Dream I have" Artist="Totally Enormous Extinct Dinosaurs" Composer="" Album="The Distance" Grouping="" Genre="House/Tech/Indie/" Kind="AIFF File" Size="48391748" TotalTime="273" DiscNumber="0" TrackNumber="2" Year="2021" AverageBpm="123.00" DateAdded="2022-11-02" BitRate="1411" SampleRate="44100" Comments="10A - 6" PlayCount="3" Rating="0" Location="file://localhost/Users/zachvp/Music/DJ/Totally%20Enormous%20Extinct%20Dinosaurs%20-%20A%20Dream%20I%20have.aiff" Remixer="" Tonality="10A" Label="" Mix="">
      <TEMPO Inizio="0.116" Bpm="123.00" Metro="4/4" Battito="1" />
      <POSITION_MARK Name="" Type="0" Start="0.125" Num="-1" />
    </TRACK>
    <TRACK TrackID="15248581" Name="A Walk" Artist="Tycho" Composer="" Album="Dive" Grouping="" Genre="Lounge/Indie" Kind="AIFF File" Size="55989826" TotalTime="316" DiscNumber="0" TrackNumber="1" Year="2011" AverageBpm="140.00" DateAdded="2022-11-02" BitRate="1411" SampleRate="44100" Comments="11B - 5" PlayCount="1" Rating="0" Location="file://localhost/Users/zachvp/Music/DJ/Tycho%20-%20A%20Walk.aiff" Remixer="" Tonality="11B" Label="" Mix="">
      <TEMPO Inizio="0.160" Bpm="140.00" Metro="4/4" Battito="1" />
    </TRACK>
    <TRACK TrackID="20539078" Name="Awake" Artist="Tycho" Composer="" Album="Awake" Grouping="" Genre="Lounge/Indie" Kind="AIFF File" Size="50053308" TotalTime="283" DiscNumber="0" TrackNumber="1" Year="2014" AverageBpm="88.00" DateAdded="2022-11-02" BitRate="1411" SampleRate="44100" Comments="3A - 5" PlayCount="0" Rating="0" Location="file://localhost/Users/zachvp/Music/DJ/Tycho%20-%20Awake.aiff" Remixer="" Tonality="3A" Label="" Mix="">
      <TEMPO Inizio="0.676" Bpm="88.00" Metro="4/4" Battito="1" />
    </TRACK>
    <TRACK TrackID="212010229" Name="Khwatta Ceremony (Original Mix)" Artist="Umeme, Hamza, Farhan Rehman, Stalvart John, Troja, Oma, Nigel Perera, Priyesh Patil, Thee J Johanz" Composer="" Album="VA - Neon Grooves" Grouping="" Genre="House/Tech/Indie/" Kind="AIFF File" Size="80703244" TotalTime="456" DiscNumber="0" TrackNumber="3" Year="2017" AverageBpm="119.00" DateAdded="2022-11-02" BitRate="1411" SampleRate="44100" Comments="6A - 6" PlayCount="0" Rating="0" Location="file://localhost/Users/zachvp/Music/DJ/Umeme,%20Hamza,%20Farhan%20Rehman,%20Stalvart%20John,%20Troja,%20Oma,%20Nigel%20Perera,%20Priyesh%20Patil,%20Thee%20J%20Johanz%20-%20Farhan%20Rehman,%20Stalvart%20John%20-%20Khwatta%20Ceremony%20(Original%20Mix).aiff" Remixer="" Tonality="6A" Label="" Mix="">
      <TEMPO Inizio="0.005" Bpm="119.00" Metro="4/4" Battito="1" />
      <TEMPO Inizio="1.014" Bpm="119.00" Metro="4/4" Battito="3" />
    </TRACK>
    <TRACK TrackID="51818472" Name="The Cure" Artist="UNDERHER x Midnight Workouts" Composer="" Album="UNDERHER x Midnight Workouts - The Cure" Grouping="" Genre="House/Deep/Tech/" Kind="AIFF File" Size="50147488" TotalTime="283" DiscNumber="0" TrackNumber="1" Year="2021" AverageBpm="116.00" DateAdded="2022-11-02" BitRate="1411" SampleRate="44100" Comments="12A - 6" PlayCount="1" Rating="0" Location="file://localhost/Users/zachvp/Music/DJ/UNDERHER%20x%20Midnight%20Workouts%20-%20UNDERHER%20x%20Midnight%20Workouts%20-%20The%20Cure.aiff" Remixer="" Tonality="12A" Label="" Mix="">
      <TEMPO Inizio="0.201" Bpm="116.00" Metro="4/4" Battito="1" />
      <TEMPO Inizio="1.236" Bpm="116.00" Metro="4/4" Battito="3" />
    </TRACK>
    <TRACK TrackID="138318784" Name="Up To You (Fulltone Remix)" Artist="UNDERHER x Midnight Workouts" Composer="" Album="UNDERHER x Midnight Workouts - The Cure" Grouping="" Genre="House/Deep/Melodic" Kind="AIFF File" Size="73536076" TotalTime="416" DiscNumber="0" TrackNumber="3" Year="2021" AverageBpm="121.00" DateAdded="2022-11-02" BitRate="1411" SampleRate="44100" Comments="10A - 5" PlayCount="2" Rating="0" Location="file://localhost/Users/zachvp/Music/DJ/UNDERHER%20x%20Midnight%20Workouts%20-%20UNDERHER%20x%20Midnight%20Workouts%20-%20Up%20To%20You%20(Fulltone%20Remix).aiff" Remixer="" Tonality="10A" Label="" Mix="">
      <TEMPO Inizio="0.200" Bpm="121.00" Metro="4/4" Battito="1" />
    </TRACK>
    <TRACK TrackID="33102769" Name="Otoponoz (Improved Mix)" Artist="Giovanni Molinaro" Composer="" Album="Sequence" Grouping="" Genre="House/Deep/Tech/" Kind="AIFF File" Size="74346054" TotalTime="420" DiscNumber="0" TrackNumber="3" Year="2017" AverageBpm="124.00" DateAdded="2022-11-02" BitRate="1411" SampleRate="44100" Comments="4A - 6" PlayCount="3" Rating="0" Location="file://localhost/Users/zachvp/Music/DJ/Various%20Artists%20-%20Giovanni%20Molinaro%20-%20Otoponoz%20(Improved%20Mix).aiff" Remixer="" Tonality="4A" Label="" Mix="">
      <TEMPO Inizio="0.251" Bpm="124.00" Metro="4/4" Battito="1" />
      <POSITION_MARK Name="" Type="0" Start="31.228" Num="-1" />
      <POSITION_MARK Name="" Type="0" Start="333.155" Num="-1" />
    </TRACK>
    <TRACK TrackID="138628874" Name="Velluto Grigio (Improved Mix)" Artist="LetKolben" Composer="" Album="Sequence" Grouping="" Genre="House/Deep/Melodic" Kind="AIFF File" Size="103804850" TotalTime="587" DiscNumber="0" TrackNumber="1" Year="2017" AverageBpm="125.00" DateAdded="2022-11-02" BitRate="1411" SampleRate="44100" Comments="7A - 5" PlayCount="2" Rating="0" Location="file://localhost/Users/zachvp/Music/DJ/Various%20Artists%20-%20LetKolben%20-%20Velluto%20Grigio%20(Improved%20Mix).aiff" Remixer="" Tonality="7A" Label="" Mix="">
      <TEMPO Inizio="0.249" Bpm="125.00" Metro="4/4" Battito="1" />
      <TEMPO Inizio="153.850" Bpm="125.00" Metro="4/4" Battito="1" />
      <TEMPO Inizio="413.051" Bpm="125.00" Metro="4/4" Battito="1" />
    </TRACK>
    <TRACK TrackID="158151860" Name="Fade To Grey (Extended Version)" Artist="Visage" Composer="" Album="Fade To Grey (Orchestral)" Grouping="" Genre="House/Tech/Indie/" Kind="AIFF File" Size="91335986" TotalTime="517" DiscNumber="0" TrackNumber="3" Year="2014" AverageBpm="112.81" DateAdded="2022-11-02" BitRate="1411" SampleRate="44100" Comments="8A - 8" PlayCount="1" Rating="0" Location="file://localhost/Users/zachvp/Music/DJ/Visage%20-%20Fade%20To%20Grey%20(Extended%20Version).aiff" Remixer="" Tonality="8A" Label="" Mix="">
      <TEMPO Inizio="0.145" Bpm="112.81" Metro="4/4" Battito="1" />
    </TRACK>
    <TRACK TrackID="15195376" Name="Same Little Thing (Michael Mayer Remix)" Artist="Weval" Composer="" Album="The Weight Remixe" Grouping="" Genre="House/Deep/Melodic" Kind="AIFF File" Size="78646098" TotalTime="445" DiscNumber="0" TrackNumber="1" Year="2019" AverageBpm="119.00" DateAdded="2022-11-02" BitRate="1411" SampleRate="44100" Comments="4A - 6" PlayCount="1" Rating="0" Location="file://localhost/Users/zachvp/Music/DJ/Weval%20-%20Same%20Little%20Thing%20(Michael%20Mayer%20Remix).aiff" Remixer="" Tonality="4A" Label="" Mix="">
      <TEMPO Inizio="0.030" Bpm="119.00" Metro="4/4" Battito="1" />
    </TRACK>
    <TRACK TrackID="44294490" Name="Don't Call It Love (12&quot; Version)" Artist="Zero 7," Composer="" Album="On My Own" Grouping="" Genre="House/Tech/Indie/" Kind="AIFF File" Size="102191770" TotalTime="385" DiscNumber="0" TrackNumber="2" Year="2013" AverageBpm="118.01" DateAdded="2022-11-02" BitRate="2116" SampleRate="44100" Comments="3A - 6" PlayCount="3" Rating="0" Location="file://localhost/Users/zachvp/Music/DJ/Zero%207,%20-%20Don%27t%20Call%20It%20Love%20-%2012-%20Version.aiff" Remixer="" Tonality="3A" Label="" Mix="">
      <TEMPO Inizio="0.012" Bpm="118.01" Metro="4/4" Battito="4" />
      <TEMPO Inizio="0.521" Bpm="118.01" Metro="4/4" Battito="1" />
      <TEMPO Inizio="11.707" Bpm="118.01" Metro="4/4" Battito="3" />
      <TEMPO Inizio="48.823" Bpm="118.01" Metro="4/4" Battito="4" />
      <TEMPO Inizio="85.939" Bpm="118.01" Metro="4/4" Battito="1" />
      <TEMPO Inizio="123.055" Bpm="118.01" Metro="4/4" Battito="2" />
      <TEMPO Inizio="160.171" Bpm="118.01" Metro="4/4" Battito="3" />
      <TEMPO Inizio="197.287" Bpm="118.01" Metro="4/4" Battito="4" />
      <TEMPO Inizio="234.403" Bpm="118.01" Metro="4/4" Battito="1" />
      <TEMPO Inizio="267.960" Bpm="118.01" Metro="4/4" Battito="3" />
      <TEMPO Inizio="301.517" Bpm="118.01" Metro="4/4" Battito="1" />
      <TEMPO Inizio="338.633" Bpm="118.01" Metro="4/4" Battito="2" />
      <TEMPO Inizio="375.749" Bpm="118.01" Metro="4/4" Battito="3" />
    </TRACK>
    <TRACK TrackID="131054141" Name="Intro" Artist="Babe Roots" Composer="" Album="Babe Roots LP" Grouping="" Genre="Lounge/Ambient" Kind="AIFF File" Size="35812838" TotalTime="202" DiscNumber="0" TrackNumber="1" Year="2017" AverageBpm="141.78" DateAdded="2022-11-02" BitRate="1411" SampleRate="44100" Comments="5A - 4" PlayCount="1" Rating="0" Location="file://localhost/Users/zachvp/Music/DJ/Babe%20Roots%20-%20Babe%20Roots%20LP%20-%2001%20Intro.aiff" Remixer="" Tonality="5A" Label="" Mix="">
      <TEMPO Inizio="0.392" Bpm="141.78" Metro="4/4" Battito="1" />
      <TEMPO Inizio="55.829" Bpm="141.78" Metro="4/4" Battito="4" />
      <TEMPO Inizio="120.153" Bpm="141.78" Metro="4/4" Battito="4" />
      <TEMPO Inizio="182.361" Bpm="141.78" Metro="4/4" Battito="3" />
    </TRACK>
    <TRACK TrackID="195094890" Name="Falling feat Milly James" Artist="Babe Roots" Composer="" Album="Babe Roots LP" Grouping="" Genre="Lounge/Indie" Kind="AIFF File" Size="41870892" TotalTime="236" DiscNumber="0" TrackNumber="2" Year="2017" AverageBpm="133.00" DateAdded="2022-11-02" BitRate="1411" SampleRate="44100" Comments="4A - 4" PlayCount="2" Rating="0" Location="file://localhost/Users/zachvp/Music/DJ/Babe%20Roots%20-%20Babe%20Roots%20LP%20-%2002%20Falling%20feat%20Milly%20James.aiff" Remixer="" Tonality="4A" Label="" Mix="">
      <TEMPO Inizio="0.169" Bpm="133.00" Metro="4/4" Battito="1" />
    </TRACK>
    <TRACK TrackID="118370083" Name="Jah Nuh Dead feat Stephanie Wright" Artist="Babe Roots" Composer="" Album="Babe Roots LP" Grouping="" Genre="Lounge/" Kind="AIFF File" Size="49778872" TotalTime="281" DiscNumber="0" TrackNumber="3" Year="2017" AverageBpm="108.00" DateAdded="2022-11-02" BitRate="1411" SampleRate="44100" Comments="2A - 3" PlayCount="0" Rating="0" Location="file://localhost/Users/zachvp/Music/DJ/Babe%20Roots%20-%20Babe%20Roots%20LP%20-%2003%20Jah%20Nuh%20Dead%20feat%20Stephanie%20Wright.aiff" Remixer="" Tonality="2A" Label="" Mix="">
      <TEMPO Inizio="0.446" Bpm="108.00" Metro="4/4" Battito="2" />
    </TRACK>
    <TRACK TrackID="256437348" Name="Sun Is Shining feat Milly James" Artist="Babe Roots" Composer="" Album="Babe Roots LP" Grouping="" Genre="Lounge/" Kind="AIFF File" Size="36465708" TotalTime="205" DiscNumber="0" TrackNumber="4" Year="2017" AverageBpm="134.00" DateAdded="2022-11-02" BitRate="1411" SampleRate="44100" Comments="9A - 4" PlayCount="0" Rating="0" Location="file://localhost/Users/zachvp/Music/DJ/Babe%20Roots%20-%20Babe%20Roots%20LP%20-%2004%20Sun%20Is%20Shining%20feat%20Milly%20James.aiff" Remixer="" Tonality="9A" Label="" Mix="">
      <TEMPO Inizio="0.382" Bpm="134.00" Metro="4/4" Battito="1" />
    </TRACK>
    <TRACK TrackID="18411445" Name="Bless Me feat Baba Ras" Artist="Babe Roots" Composer="" Album="Babe Roots LP" Grouping="" Genre="Lounge/" Kind="AIFF File" Size="32720766" TotalTime="184" DiscNumber="0" TrackNumber="5" Year="2017" AverageBpm="130.00" DateAdded="2022-11-02" BitRate="1411" SampleRate="44100" Comments="9A - 6" PlayCount="0" Rating="0" Location="file://localhost/Users/zachvp/Music/DJ/Babe%20Roots%20-%20Babe%20Roots%20LP%20-%2005%20Bless%20Me%20feat%20Baba%20Ras.aiff" Remixer="" Tonality="9A" Label="" Mix="">
      <TEMPO Inizio="0.033" Bpm="130.00" Metro="4/4" Battito="4" />
    </TRACK>
    <TRACK TrackID="61676653" Name="Sufferation Time feat Kojo Neatness" Artist="Babe Roots" Composer="" Album="Babe Roots LP" Grouping="" Genre="Lounge/" Kind="AIFF File" Size="43974252" TotalTime="248" DiscNumber="0" TrackNumber="6" Year="2017" AverageBpm="110.00" DateAdded="2022-11-02" BitRate="1411" SampleRate="44100" Comments="6A - 4" PlayCount="2" Rating="0" Location="file://localhost/Users/zachvp/Music/DJ/Babe%20Roots%20-%20Babe%20Roots%20LP%20-%2006%20Sufferation%20Time%20feat%20Kojo%20Neatness.aiff" Remixer="" Tonality="6A" Label="" Mix="">
      <TEMPO Inizio="0.229" Bpm="110.00" Metro="4/4" Battito="1" />
      <TEMPO Inizio="0.775" Bpm="110.00" Metro="4/4" Battito="2" />
      <TEMPO Inizio="180.774" Bpm="110.00" Metro="4/4" Battito="4" />
    </TRACK>
    <TRACK TrackID="236687429" Name="Peace, Love and Unity feat Baba Ras" Artist="Babe Roots" Composer="" Album="Babe Roots LP" Grouping="" Genre="Lounge/" Kind="AIFF File" Size="26546664" TotalTime="149" DiscNumber="0" TrackNumber="7" Year="2017" AverageBpm="135.00" DateAdded="2022-11-02" BitRate="1411" SampleRate="44100" Comments="8A - 6" PlayCount="0" Rating="0" Location="file://localhost/Users/zachvp/Music/DJ/Babe%20Roots%20-%20Babe%20Roots%20LP%20-%2007%20Peace,%20Love%20and%20Unity%20feat%20Baba%20Ras.aiff" Remixer="" Tonality="8A" Label="" Mix="">
      <TEMPO Inizio="0.360" Bpm="135.00" Metro="4/4" Battito="4" />
      <TEMPO Inizio="135.470" Bpm="135.00" Metro="4/4" Battito="4" />
    </TRACK>
    <TRACK TrackID="13007613" Name="Work Hard feat Kojo Neatness" Artist="Babe Roots" Composer="" Album="Babe Roots LP" Grouping="" Genre="Lounge/" Kind="AIFF File" Size="47396402" TotalTime="267" DiscNumber="0" TrackNumber="8" Year="2017" AverageBpm="138.00" DateAdded="2022-11-02" BitRate="1411" SampleRate="44100" Comments="6A - 6" PlayCount="1" Rating="0" Location="file://localhost/Users/zachvp/Music/DJ/Babe%20Roots%20-%20Babe%20Roots%20LP%20-%2008%20Work%20Hard%20feat%20Kojo%20Neatness.aiff" Remixer="" Tonality="6A" Label="" Mix="">
      <TEMPO Inizio="0.400" Bpm="138.00" Metro="4/4" Battito="1" />
      <POSITION_MARK Name="" Type="0" Start="20.900" Num="-1" />
    </TRACK>
    <TRACK TrackID="154107460" Name="Jah Nuh Dead feat Another Channel" Artist="Babe Roots" Composer="" Album="Babe Roots LP" Grouping="" Genre="Lounge/" Kind="AIFF File" Size="57201582" TotalTime="215" DiscNumber="0" TrackNumber="9" Year="2017" AverageBpm="108.00" DateAdded="2022-11-02" BitRate="2116" SampleRate="44100" Comments="2A - 3" PlayCount="7" Rating="0" Location="file://localhost/Users/zachvp/Music/DJ/Babe%20Roots%20-%20Babe%20Roots%20LP%20-%2009%20Jah%20Nuh%20Dead%20feat%20Another%20Channel.aiff" Remixer="" Tonality="2A" Label="" Mix="">
      <TEMPO Inizio="0.384" Bpm="108.00" Metro="4/4" Battito="4" />
      <POSITION_MARK Name="" Type="0" Start="0.933" Num="-1" />
    </TRACK>
    <TRACK TrackID="11826103" Name="In The Pocket (Valique rework)" Artist="Dick Dickson" Composer="" Album="Beaumonde Remixed" Grouping="" Genre="House/Tech/Indie/" Kind="AIFF File" Size="54464874" TotalTime="308" DiscNumber="0" TrackNumber="4" Year="0" AverageBpm="110.00" DateAdded="2022-11-02" BitRate="1411" SampleRate="44100" Comments="6A - 6" PlayCount="2" Rating="0" Location="file://localhost/Users/zachvp/Music/DJ/Dick%20Dickson%20-%20In%20The%20Pocket%20(Valique%20rework).aiff" Remixer="" Tonality="6A" Label="" Mix="">
      <TEMPO Inizio="0.016" Bpm="110.00" Metro="4/4" Battito="3" />
      <TEMPO Inizio="12.562" Bpm="110.00" Metro="4/4" Battito="2" />
      <TEMPO Inizio="145.108" Bpm="110.00" Metro="4/4" Battito="1" />
      <TEMPO Inizio="283.654" Bpm="110.00" Metro="4/4" Battito="3" />
    </TRACK>
    <TRACK TrackID="186077342" Name="Destination Hell (Eagles &amp; Butterflies Sunrise Remix)" Artist="Woolfy vs Projections" Composer="" Album="Destination Hell (Eagles &amp; Butterflies Remixes)" Grouping="" Genre="House/Tech/Indie/" Kind="AIFF File" Size="78552622" TotalTime="444" DiscNumber="0" TrackNumber="2" Year="2020" AverageBpm="122.00" DateAdded="2022-11-02" BitRate="1411" SampleRate="44100" Comments="11A - 7" PlayCount="3" Rating="0" Location="file://localhost/Users/zachvp/Music/DJ/Woolfy%20vs%20Projections%20-%20Destination%20Hell%20(Eagles%20%26%20Butterflies%20Remixes)%20-%2002%20Destination%20Hell%20(Eagles%20%26%20Butterflies%20Sunrise%20Remix).aiff" Remixer="" Tonality="11A" Label="" Mix="">
      <TEMPO Inizio="0.226" Bpm="122.00" Metro="4/4" Battito="1" />
      <POSITION_MARK Name="" Type="0" Start="0.227" Num="-1" />
    </TRACK>
    <TRACK TrackID="160793721" Name="Destination Hell (Eagles &amp; Butterflies Unplugged Version)" Artist="Woolfy vs Projections" Composer="" Album="Destination Hell (Eagles &amp; Butterflies Remixes)" Grouping="" Genre="House/Tech/Indie/" Kind="AIFF File" Size="48718350" TotalTime="275" DiscNumber="0" TrackNumber="3" Year="2020" AverageBpm="122.00" DateAdded="2022-11-02" BitRate="1411" SampleRate="44100" Comments="11A - 4" PlayCount="2" Rating="0" Location="file://localhost/Users/zachvp/Music/DJ/Woolfy%20vs%20Projections%20-%20Destination%20Hell%20(Eagles%20%26%20Butterflies%20Remixes)%20-%2003%20Destination%20Hell%20(Eagles%20%26%20Butterflies%20Unplugged%20Version).aiff" Remixer="" Tonality="11A" Label="" Mix="">
      <TEMPO Inizio="0.219" Bpm="122.00" Metro="4/4" Battito="1" />
    </TRACK>
    <TRACK TrackID="184853804" Name="Prologue / Love, Love" Artist="Julian Priester Pepo Mtoto" Composer="" Album="Love, Love" Grouping="" Genre="Lounge/" Kind="MP3 File" Size="15348779" TotalTime="383" DiscNumber="1" TrackNumber="1" Year="1974" AverageBpm="102.51" DateAdded="2022-11-02" BitRate="320" SampleRate="44100" Comments="8A - 4" PlayCount="1" Rating="0" Location="file://localhost/Users/zachvp/Music/DJ/Julian%20Priester%20Pepo%20Mtoto%20-%2001.%20Prologue%20_%20Love,%20Love.mp3" Remixer="" Tonality="8A" Label="" Mix="">
      <TEMPO Inizio="0.113" Bpm="102.51" Metro="4/4" Battito="4" />
      <TEMPO Inizio="0.699" Bpm="102.51" Metro="4/4" Battito="1" />
      <TEMPO Inizio="48.108" Bpm="102.51" Metro="4/4" Battito="2" />
      <TEMPO Inizio="118.344" Bpm="102.51" Metro="4/4" Battito="2" />
      <TEMPO Inizio="188.580" Bpm="102.51" Metro="4/4" Battito="2" />
      <TEMPO Inizio="251.207" Bpm="102.51" Metro="4/4" Battito="1" />
      <TEMPO Inizio="313.834" Bpm="102.51" Metro="4/4" Battito="4" />
      <POSITION_MARK Name="" Type="0" Start="11.977" Num="-1" />
    </TRACK>
    <TRACK TrackID="53999504" Name="JL (Original Mix)" Artist="Al Wootton" Composer="" Album="JL" Grouping="" Genre="House/Tech/Breaks" Kind="AIFF File" Size="63811942" TotalTime="360" DiscNumber="0" TrackNumber="1" Year="2020" AverageBpm="127.00" DateAdded="2022-11-10" BitRate="1411" SampleRate="44100" Comments="4A - 6" PlayCount="2" Rating="0" Location="file://localhost/Users/zachvp/Music/DJ/01%20JL%20(Original%20Mix).aif" Remixer="" Tonality="4A" Label="" Mix="">
      <TEMPO Inizio="0.245" Bpm="127.00" Metro="4/4" Battito="1" />
      <TEMPO Inizio="0.718" Bpm="127.00" Metro="4/4" Battito="2" />
    </TRACK>
    <TRACK TrackID="17905277" Name="Destination Hell (Eagles &amp; Butterflies Main Remix)" Artist="Woolfy vs Projections" Composer="" Album="Destination Hell (Eagles &amp; Butterflies Remixes)" Grouping="" Genre="House/Tech/Indie/" Kind="AIFF File" Size="79057906" TotalTime="447" DiscNumber="0" TrackNumber="1" Year="2020" AverageBpm="122.00" DateAdded="2022-11-10" BitRate="1411" SampleRate="44100" Comments="11A - 6" PlayCount="0" Rating="0" Location="file://localhost/Users/zachvp/Music/DJ/01%20Destination%20Hell%20(Eagles%20%26%20Butterflies%20Main%20Remix).aif" Remixer="" Tonality="11A" Label="" Mix="">
      <TEMPO Inizio="0.208" Bpm="122.00" Metro="4/4" Battito="1" />
    </TRACK>
    <TRACK TrackID="196322297" Name="You Know I Need You" Artist="Analias" Composer="" Album="Variables EP" Grouping="" Genre="House/Tech/Breaks" Kind="AIFF File" Size="78521203" TotalTime="444" DiscNumber="0" TrackNumber="4" Year="2022" AverageBpm="82.00" DateAdded="2022-11-10" BitRate="1411" SampleRate="44100" Comments="6A - 6" PlayCount="1" Rating="0" Location="file://localhost/Users/zachvp/Music/DJ/04%20You%20Know%20I%20Need%20You.aif" Remixer="" Tonality="6A" Label="" Mix="">
      <TEMPO Inizio="0.368" Bpm="82.00" Metro="4/4" Battito="4" />
    </TRACK>
    <TRACK TrackID="186162561" Name="Technopoly" Artist="Neil Postman" Composer="" Album="" Grouping="" Genre="Samples" Kind="AIFF File" Size="9926828" TotalTime="56" DiscNumber="0" TrackNumber="0" Year="0" AverageBpm="115.59" DateAdded="2022-12-21" BitRate="1411" SampleRate="44100" Comments="8A - 2" PlayCount="1" Rating="0" Location="file://localhost/Users/zachvp/Music/DJ/neil%20postman%20-%20technopoly.aiff" Remixer="" Tonality="8A" Label="" Mix="">
      <TEMPO Inizio="0.371" Bpm="115.59" Metro="4/4" Battito="1" />
      <TEMPO Inizio="2.448" Bpm="115.59" Metro="4/4" Battito="1" />
    </TRACK>
    <TRACK TrackID="31969126" Name="Goosebumps (Bjarki Pandemix)" Artist="Travis Scott" Composer="" Album="" Grouping="" Genre="House/Tech/Breaks" Kind="AIFF File" Size="37611306" TotalTime="213" DiscNumber="0" TrackNumber="0" Year="0" AverageBpm="147.91" DateAdded="2023-01-23" BitRate="1411" SampleRate="44100" Comments="12A - 6" PlayCount="3" Rating="0" Location="file://localhost/Users/zachvp/Music/DJ/travis%20scott%20-%20goosebumps%20(bjarki%20pandemix).aiff" Remixer="" Tonality="12A" Label="" Mix="">
      <TEMPO Inizio="0.074" Bpm="147.92" Metro="4/4" Battito="2" />
      <POSITION_MARK Name="" Type="0" Start="43.482" Num="-1" />
      <POSITION_MARK Name="" Type="0" Start="4.954" Num="-1" />
      <POSITION_MARK Name="" Type="0" Start="51.949" Num="-1" />
      <POSITION_MARK Name="" Type="0" Start="147.318" Num="-1" />
    </TRACK>
    <TRACK TrackID="136088325" Name="Chez A Untitled" Artist="Chez Damier" Composer="" Album="Untitled EP" Grouping="" Genre="House/Deep/Tech/" Kind="AIFF File" Size="56413412" TotalTime="319" DiscNumber="0" TrackNumber="1" Year="2017" AverageBpm="122.31" DateAdded="2023-01-23" BitRate="1411" SampleRate="44100" Comments="11A - 6" PlayCount="2" Rating="0" Location="file://localhost/Users/zachvp/Music/DJ/1-Chez_Damier_-_Chez_A_Untitled.aif" Remixer="" Tonality="11A" Label="KMS" Mix="">
      <TEMPO Inizio="0.482" Bpm="122.31" Metro="4/4" Battito="1" />
    </TRACK>
    <TRACK TrackID="7050828" Name="Once Again (Henriks Version)" Artist="Schwarz, Henrik/Kuniyuki" Composer="" Album="Once Again" Grouping="" Genre="House/Deep/Tech/Jazzy" Kind="AIFF File" Size="92655458" TotalTime="525" DiscNumber="0" TrackNumber="1" Year="2010" AverageBpm="121.92" DateAdded="2023-01-23" BitRate="1411" SampleRate="44100" Comments="8A - 4" PlayCount="0" Rating="0" Location="file://localhost/Users/zachvp/Music/DJ/1-Henrik_Schwarz_Kuniyuki_-_Once_Again_(Henriks_version).aif" Remixer="" Tonality="8A" Label="Mule Musiq Japan" Mix="">
      <TEMPO Inizio="0.057" Bpm="121.92" Metro="4/4" Battito="1" />
      <TEMPO Inizio="29.093" Bpm="121.92" Metro="4/4" Battito="4" />
      <TEMPO Inizio="54.192" Bpm="121.92" Metro="4/4" Battito="3" />
      <TEMPO Inizio="79.291" Bpm="121.92" Metro="4/4" Battito="2" />
      <TEMPO Inizio="104.390" Bpm="121.92" Metro="4/4" Battito="1" />
      <TEMPO Inizio="129.489" Bpm="121.92" Metro="4/4" Battito="4" />
      <TEMPO Inizio="154.588" Bpm="121.92" Metro="4/4" Battito="3" />
      <TEMPO Inizio="179.687" Bpm="121.92" Metro="4/4" Battito="2" />
      <TEMPO Inizio="204.786" Bpm="121.92" Metro="4/4" Battito="1" />
      <TEMPO Inizio="229.885" Bpm="121.92" Metro="4/4" Battito="4" />
      <TEMPO Inizio="258.921" Bpm="121.92" Metro="4/4" Battito="3" />
      <TEMPO Inizio="284.020" Bpm="121.92" Metro="4/4" Battito="2" />
      <TEMPO Inizio="309.119" Bpm="121.92" Metro="4/4" Battito="1" />
      <TEMPO Inizio="334.218" Bpm="121.92" Metro="4/4" Battito="4" />
      <TEMPO Inizio="359.317" Bpm="121.92" Metro="4/4" Battito="3" />
      <TEMPO Inizio="384.416" Bpm="121.92" Metro="4/4" Battito="2" />
      <TEMPO Inizio="409.515" Bpm="121.92" Metro="4/4" Battito="1" />
      <TEMPO Inizio="434.614" Bpm="121.92" Metro="4/4" Battito="4" />
      <TEMPO Inizio="459.713" Bpm="121.92" Metro="4/4" Battito="3" />
      <TEMPO Inizio="488.749" Bpm="121.92" Metro="4/4" Battito="2" />
      <TEMPO Inizio="513.848" Bpm="121.92" Metro="4/4" Battito="1" />
    </TRACK>
    <TRACK TrackID="18109150" Name="Everlasting Light" Artist="The Black Keys" Composer="" Album="Brothers (Deluxe Remastered Anniversary Edition)" Grouping="" Genre="Lounge/Rock" Kind="AIFF File" Size="36337982" TotalTime="205" DiscNumber="0" TrackNumber="1" Year="2021" AverageBpm="90.49" DateAdded="2023-01-23" BitRate="1411" SampleRate="44100" Comments="12B - 5" PlayCount="0" Rating="0" Location="file://localhost/Users/zachvp/Music/DJ/1-The_Black_Keys_-_Everlasting_Light.aif" Remixer="" Tonality="12B" Label="Nonesuch" Mix="">
      <TEMPO Inizio="0.458" Bpm="90.49" Metro="4/4" Battito="1" />
      <TEMPO Inizio="1.122" Bpm="90.49" Metro="4/4" Battito="2" />
      <TEMPO Inizio="27.643" Bpm="90.49" Metro="4/4" Battito="2" />
      <TEMPO Inizio="54.164" Bpm="90.49" Metro="4/4" Battito="2" />
      <TEMPO Inizio="54.826" Bpm="90.49" Metro="4/4" Battito="3" />
      <TEMPO Inizio="55.490" Bpm="90.49" Metro="4/4" Battito="4" />
      <TEMPO Inizio="82.011" Bpm="90.49" Metro="4/4" Battito="4" />
      <TEMPO Inizio="109.195" Bpm="90.49" Metro="4/4" Battito="1" />
      <TEMPO Inizio="135.716" Bpm="90.49" Metro="4/4" Battito="1" />
      <TEMPO Inizio="136.378" Bpm="90.49" Metro="4/4" Battito="2" />
      <TEMPO Inizio="137.042" Bpm="90.49" Metro="4/4" Battito="3" />
      <TEMPO Inizio="163.563" Bpm="90.49" Metro="4/4" Battito="3" />
      <TEMPO Inizio="190.084" Bpm="90.49" Metro="4/4" Battito="3" />
    </TRACK>
    <TRACK TrackID="145940678" Name="Once Again (Kuniyuki Version)" Artist="Schwarz, Henrik/Kuniyuki" Composer="" Album="Once Again" Grouping="" Genre="House/Deep/Tech/Jazzy" Kind="AIFF File" Size="91390086" TotalTime="517" DiscNumber="0" TrackNumber="2" Year="2010" AverageBpm="121.00" DateAdded="2023-01-23" BitRate="1411" SampleRate="44100" Comments="8A - 5" PlayCount="0" Rating="0" Location="file://localhost/Users/zachvp/Music/DJ/2-Henrik_Schwarz_Kuniyuki_-_Once_Again_(Kuniyuki_version).aif" Remixer="" Tonality="8A" Label="Mule Musiq Japan" Mix="">
      <TEMPO Inizio="0.104" Bpm="121.00" Metro="4/4" Battito="1" />
    </TRACK>
    <TRACK TrackID="58758513" Name="Next Girl" Artist="The Black Keys" Composer="" Album="Brothers (Deluxe Remastered Anniversary Edition)" Grouping="" Genre="Lounge/Rock" Kind="AIFF File" Size="35028306" TotalTime="197" DiscNumber="0" TrackNumber="2" Year="2021" AverageBpm="87.11" DateAdded="2023-01-23" BitRate="1411" SampleRate="44100" Comments="12A - 7" PlayCount="0" Rating="0" Location="file://localhost/Users/zachvp/Music/DJ/2-The_Black_Keys_-_Next_Girl.aif" Remixer="" Tonality="12A" Label="Nonesuch" Mix="">
      <TEMPO Inizio="0.172" Bpm="87.11" Metro="4/4" Battito="1" />
    </TRACK>
    <TRACK TrackID="189316338" Name="Chez C Untitled" Artist="Chez Damier" Composer="" Album="Untitled EP" Grouping="" Genre="House/Deep/Tech/Jazzy" Kind="AIFF File" Size="50862080" TotalTime="287" DiscNumber="0" TrackNumber="3" Year="2017" AverageBpm="126.95" DateAdded="2023-01-23" BitRate="1411" SampleRate="44100" Comments="1A - 6" PlayCount="4" Rating="0" Location="file://localhost/Users/zachvp/Music/DJ/3-Chez_Damier_-_Chez_C_Untitled.aif" Remixer="" Tonality="1A" Label="KMS" Mix="">
      <TEMPO Inizio="0.435" Bpm="126.95" Metro="4/4" Battito="1" />
    </TRACK>
    <TRACK TrackID="242307821" Name="Tighten Up" Artist="The Black Keys" Composer="" Album="Brothers (Deluxe Remastered Anniversary Edition)" Grouping="" Genre="Lounge/Rock" Kind="AIFF File" Size="37385874" TotalTime="211" DiscNumber="0" TrackNumber="3" Year="2021" AverageBpm="109.33" DateAdded="2023-01-23" BitRate="1411" SampleRate="44100" Comments="11A - 7" PlayCount="0" Rating="0" Location="file://localhost/Users/zachvp/Music/DJ/3-The_Black_Keys_-_Tighten_Up.aif" Remixer="" Tonality="11A" Label="Nonesuch" Mix="">
      <TEMPO Inizio="0.352" Bpm="109.33" Metro="4/4" Battito="1" />
    </TRACK>
    <TRACK TrackID="193934532" Name="The Rub" Artist="George McCrae &amp; Gwen McCrae" Composer="" Album="Miami Funk Vol 4" Grouping="" Genre="Lounge/" Kind="AIFF File" Size="37455788" TotalTime="211" DiscNumber="0" TrackNumber="4" Year="2008" AverageBpm="111.09" DateAdded="2023-01-23" BitRate="1411" SampleRate="44100" Comments="8A - 5" PlayCount="2" Rating="0" Location="file://localhost/Users/zachvp/Music/DJ/4-George_McCrae___Gwen_McCrae_-_The_Rub.aif" Remixer="" Tonality="8A" Label="Stone Music Family" Mix="">
      <TEMPO Inizio="0.045" Bpm="111.09" Metro="4/4" Battito="1" />
      <TEMPO Inizio="116.166" Bpm="111.09" Metro="4/4" Battito="4" />
      <TEMPO Inizio="200.961" Bpm="111.09" Metro="4/4" Battito="1" />
      <POSITION_MARK Name="" Type="0" Start="0.091" Num="-1" />
    </TRACK>
    <TRACK TrackID="104138278" Name="Howlin' For You" Artist="The Black Keys" Composer="" Album="Brothers (Deluxe Remastered Anniversary Edition)" Grouping="" Genre="Lounge/Rock" Kind="AIFF File" Size="33967218" TotalTime="191" DiscNumber="0" TrackNumber="4" Year="2021" AverageBpm="133.05" DateAdded="2023-01-23" BitRate="1411" SampleRate="44100" Comments="9A - 7" PlayCount="0" Rating="0" Location="file://localhost/Users/zachvp/Music/DJ/4-The_Black_Keys_-_Howlin%27_For_You.aif" Remixer="" Tonality="9A" Label="Nonesuch" Mix="">
      <TEMPO Inizio="0.378" Bpm="133.05" Metro="4/4" Battito="1" />
    </TRACK>
    <TRACK TrackID="267014610" Name="She's Long Gone" Artist="The Black Keys" Composer="" Album="Brothers (Deluxe Remastered Anniversary Edition)" Grouping="" Genre="Lounge/Rock" Kind="AIFF File" Size="32916814" TotalTime="186" DiscNumber="0" TrackNumber="5" Year="2021" AverageBpm="84.10" DateAdded="2023-01-23" BitRate="1411" SampleRate="44100" Comments="9A - 5" PlayCount="0" Rating="0" Location="file://localhost/Users/zachvp/Music/DJ/5-The_Black_Keys_-_She%27s_Long_Gone.aif" Remixer="" Tonality="9A" Label="Nonesuch" Mix="">
      <TEMPO Inizio="0.256" Bpm="84.10" Metro="4/4" Battito="3" />
      <TEMPO Inizio="55.903" Bpm="84.10" Metro="4/4" Battito="1" />
      <TEMPO Inizio="122.965" Bpm="84.10" Metro="4/4" Battito="3" />
      <TEMPO Inizio="178.612" Bpm="84.10" Metro="4/4" Battito="1" />
    </TRACK>
    <TRACK TrackID="60220002" Name="Black Mud" Artist="The Black Keys" Composer="" Album="Brothers (Deluxe Remastered Anniversary Edition)" Grouping="" Genre="Lounge/Rock" Kind="AIFF File" Size="22944886" TotalTime="129" DiscNumber="0" TrackNumber="6" Year="2021" AverageBpm="143.91" DateAdded="2023-01-23" BitRate="1411" SampleRate="44100" Comments="9A - 4" PlayCount="0" Rating="0" Location="file://localhost/Users/zachvp/Music/DJ/6-The_Black_Keys_-_Black_Mud.aif" Remixer="" Tonality="9A" Label="Nonesuch" Mix="">
      <TEMPO Inizio="0.410" Bpm="143.92" Metro="4/4" Battito="3" />
    </TRACK>
    <TRACK TrackID="231350655" Name="The Only One" Artist="The Black Keys" Composer="" Album="Brothers (Deluxe Remastered Anniversary Edition)" Grouping="" Genre="Lounge/Rock" Kind="AIFF File" Size="53134018" TotalTime="300" DiscNumber="0" TrackNumber="7" Year="2021" AverageBpm="106.66" DateAdded="2023-01-23" BitRate="1411" SampleRate="44100" Comments="11A - 5" PlayCount="0" Rating="0" Location="file://localhost/Users/zachvp/Music/DJ/7-The_Black_Keys_-_The_Only_One.aif" Remixer="" Tonality="11A" Label="Nonesuch" Mix="">
      <TEMPO Inizio="0.337" Bpm="106.66" Metro="4/4" Battito="1" />
    </TRACK>
    <TRACK TrackID="100561755" Name="Too Afraid To Love You" Artist="The Black Keys" Composer="" Album="Brothers (Deluxe Remastered Anniversary Edition)" Grouping="" Genre="Lounge/Rock" Kind="AIFF File" Size="36274806" TotalTime="205" DiscNumber="0" TrackNumber="8" Year="2021" AverageBpm="137.30" DateAdded="2023-01-23" BitRate="1411" SampleRate="44100" Comments="9A - 6" PlayCount="1" Rating="0" Location="file://localhost/Users/zachvp/Music/DJ/8-The_Black_Keys_-_Too_Afraid_To_Love_You.aif" Remixer="" Tonality="9A" Label="Nonesuch" Mix="">
      <TEMPO Inizio="0.222" Bpm="137.30" Metro="4/4" Battito="3" />
      <TEMPO Inizio="19.451" Bpm="137.30" Metro="4/4" Battito="3" />
      <TEMPO Inizio="50.479" Bpm="137.30" Metro="4/4" Battito="2" />
      <TEMPO Inizio="80.196" Bpm="137.30" Metro="4/4" Battito="2" />
      <TEMPO Inizio="112.972" Bpm="137.30" Metro="4/4" Battito="1" />
      <TEMPO Inizio="144.000" Bpm="137.30" Metro="4/4" Battito="4" />
      <TEMPO Inizio="173.280" Bpm="137.30" Metro="4/4" Battito="3" />
    </TRACK>
    <TRACK TrackID="37199145" Name="Tracey In My Room (Lazy Dog Bootleg vocal mix)" Artist="Everything But The Girl" Composer="" Album="Like The Deserts Miss The Rain" Grouping="" Genre="House/Tech/Indie/" Kind="AIFF File" Size="60610602" TotalTime="342" DiscNumber="0" TrackNumber="9" Year="2017" AverageBpm="124.99" DateAdded="2023-01-23" BitRate="1411" SampleRate="44100" Comments="3A - 7" PlayCount="1" Rating="0" Location="file://localhost/Users/zachvp/Music/DJ/9-Everything_But_The_Girl_-_Tracey_In_My_Room_(Lazy_Dog_Bootleg_vocal_mix).aif" Remixer="" Tonality="3A" Label="Chrysalis" Mix="">
      <TEMPO Inizio="0.138" Bpm="124.99" Metro="4/4" Battito="1" />
      <TEMPO Inizio="60.141" Bpm="124.99" Metro="4/4" Battito="2" />
      <TEMPO Inizio="104.303" Bpm="124.99" Metro="4/4" Battito="2" />
      <TEMPO Inizio="148.945" Bpm="124.99" Metro="4/4" Battito="3" />
      <TEMPO Inizio="193.587" Bpm="124.99" Metro="4/4" Battito="4" />
      <TEMPO Inizio="237.749" Bpm="124.99" Metro="4/4" Battito="4" />
      <TEMPO Inizio="282.391" Bpm="124.99" Metro="4/4" Battito="1" />
      <TEMPO Inizio="326.553" Bpm="124.99" Metro="4/4" Battito="1" />
    </TRACK>
    <TRACK TrackID="21713318" Name="Ten Cent Pistol" Artist="The Black Keys" Composer="" Album="Brothers (Deluxe Remastered Anniversary Edition)" Grouping="" Genre="Lounge/Rock" Kind="AIFF File" Size="47704006" TotalTime="269" DiscNumber="0" TrackNumber="9" Year="2021" AverageBpm="106.34" DateAdded="2023-01-23" BitRate="1411" SampleRate="44100" Comments="6A - 4" PlayCount="0" Rating="0" Location="file://localhost/Users/zachvp/Music/DJ/9-The_Black_Keys_-_Ten_Cent_Pistol.aif" Remixer="" Tonality="6A" Label="Nonesuch" Mix="">
      <TEMPO Inizio="0.271" Bpm="106.34" Metro="4/4" Battito="4" />
      <TEMPO Inizio="1.400" Bpm="106.34" Metro="4/4" Battito="2" />
      <TEMPO Inizio="31.303" Bpm="106.34" Metro="4/4" Battito="3" />
      <TEMPO Inizio="56.128" Bpm="106.34" Metro="4/4" Battito="3" />
      <TEMPO Inizio="86.031" Bpm="106.34" Metro="4/4" Battito="4" />
      <TEMPO Inizio="115.934" Bpm="106.34" Metro="4/4" Battito="1" />
      <TEMPO Inizio="145.837" Bpm="106.34" Metro="4/4" Battito="2" />
      <TEMPO Inizio="170.662" Bpm="106.34" Metro="4/4" Battito="2" />
      <TEMPO Inizio="200.565" Bpm="106.34" Metro="4/4" Battito="3" />
      <TEMPO Inizio="228.211" Bpm="106.34" Metro="4/4" Battito="4" />
      <TEMPO Inizio="260.935" Bpm="106.34" Metro="4/4" Battito="2" />
    </TRACK>
    <TRACK TrackID="21288995" Name="Sinister Kid" Artist="The Black Keys" Composer="" Album="Brothers (Deluxe Remastered Anniversary Edition)" Grouping="" Genre="Lounge/Rock" Kind="AIFF File" Size="39687096" TotalTime="224" DiscNumber="0" TrackNumber="10" Year="2021" AverageBpm="139.95" DateAdded="2023-01-23" BitRate="1411" SampleRate="44100" Comments="8A - 7" PlayCount="0" Rating="0" Location="file://localhost/Users/zachvp/Music/DJ/10-The_Black_Keys_-_Sinister_Kid.aif" Remixer="" Tonality="8A" Label="Nonesuch" Mix="">
      <TEMPO Inizio="0.351" Bpm="139.95" Metro="4/4" Battito="1" />
    </TRACK>
    <TRACK TrackID="205915449" Name="The Go Getter" Artist="The Black Keys" Composer="" Album="Brothers (Deluxe Remastered Anniversary Edition)" Grouping="" Genre="Lounge/Rock" Kind="AIFF File" Size="38423538" TotalTime="217" DiscNumber="0" TrackNumber="11" Year="2021" AverageBpm="79.47" DateAdded="2023-01-23" BitRate="1411" SampleRate="44100" Comments="5A - 6" PlayCount="0" Rating="0" Location="file://localhost/Users/zachvp/Music/DJ/11-The_Black_Keys_-_The_Go_Getter.aif" Remixer="" Tonality="5A" Label="Nonesuch" Mix="">
      <TEMPO Inizio="0.479" Bpm="79.47" Metro="4/4" Battito="1" />
      <TEMPO Inizio="17.090" Bpm="79.47" Metro="4/4" Battito="3" />
      <TEMPO Inizio="35.211" Bpm="79.47" Metro="4/4" Battito="3" />
      <TEMPO Inizio="53.332" Bpm="79.47" Metro="4/4" Battito="3" />
      <TEMPO Inizio="72.208" Bpm="79.47" Metro="4/4" Battito="4" />
      <TEMPO Inizio="90.329" Bpm="79.47" Metro="4/4" Battito="4" />
      <TEMPO Inizio="108.450" Bpm="79.47" Metro="4/4" Battito="4" />
      <TEMPO Inizio="126.571" Bpm="79.47" Metro="4/4" Battito="4" />
      <TEMPO Inizio="144.692" Bpm="79.47" Metro="4/4" Battito="4" />
      <TEMPO Inizio="163.568" Bpm="79.47" Metro="4/4" Battito="1" />
      <TEMPO Inizio="181.689" Bpm="79.47" Metro="4/4" Battito="1" />
      <TEMPO Inizio="199.810" Bpm="79.47" Metro="4/4" Battito="1" />
    </TRACK>
    <TRACK TrackID="163113815" Name="I'm Not The One" Artist="The Black Keys" Composer="" Album="Brothers (Deluxe Remastered Anniversary Edition)" Grouping="" Genre="Lounge/Rock" Kind="AIFF File" Size="40525306" TotalTime="229" DiscNumber="0" TrackNumber="12" Year="2021" AverageBpm="139.89" DateAdded="2023-01-23" BitRate="1411" SampleRate="44100" Comments="7A - 4" PlayCount="0" Rating="0" Location="file://localhost/Users/zachvp/Music/DJ/12-The_Black_Keys_-_I%27m_Not_The_One.aif" Remixer="" Tonality="7A" Label="Nonesuch" Mix="">
      <TEMPO Inizio="0.235" Bpm="139.89" Metro="4/4" Battito="1" />
    </TRACK>
    <TRACK TrackID="122902312" Name="Unknown Brother" Artist="The Black Keys" Composer="" Album="Brothers (Deluxe Remastered Anniversary Edition)" Grouping="" Genre="Lounge/Rock" Kind="AIFF File" Size="42461506" TotalTime="240" DiscNumber="0" TrackNumber="13" Year="2021" AverageBpm="168.14" DateAdded="2023-01-23" BitRate="1411" SampleRate="44100" Comments="11A - 4" PlayCount="0" Rating="0" Location="file://localhost/Users/zachvp/Music/DJ/13-The_Black_Keys_-_Unknown_Brother.aif" Remixer="" Tonality="11A" Label="Nonesuch" Mix="">
      <TEMPO Inizio="0.006" Bpm="168.14" Metro="4/4" Battito="4" />
    </TRACK>
    <TRACK TrackID="229420978" Name="Never Gonna Give You Up" Artist="The Black Keys" Composer="" Album="Brothers (Deluxe Remastered Anniversary Edition)" Grouping="" Genre="Lounge/Rock" Kind="AIFF File" Size="38797338" TotalTime="219" DiscNumber="0" TrackNumber="14" Year="2021" AverageBpm="152.47" DateAdded="2023-01-23" BitRate="1411" SampleRate="44100" Comments="10A - 4" PlayCount="0" Rating="0" Location="file://localhost/Users/zachvp/Music/DJ/14-The_Black_Keys_-_Never_Gonna_Give_You_Up.aif" Remixer="" Tonality="10A" Label="Nonesuch" Mix="">
      <TEMPO Inizio="0.160" Bpm="152.47" Metro="4/4" Battito="3" />
    </TRACK>
    <TRACK TrackID="165275876" Name="These Days" Artist="The Black Keys" Composer="" Album="Brothers (Deluxe Remastered Anniversary Edition)" Grouping="" Genre="Lounge/Rock" Kind="AIFF File" Size="55160520" TotalTime="312" DiscNumber="0" TrackNumber="15" Year="2021" AverageBpm="116.04" DateAdded="2023-01-23" BitRate="1411" SampleRate="44100" Comments="9B - 3" PlayCount="0" Rating="0" Location="file://localhost/Users/zachvp/Music/DJ/15-The_Black_Keys_-_These_Days.aif" Remixer="" Tonality="9B" Label="Nonesuch" Mix="">
      <TEMPO Inizio="0.325" Bpm="116.04" Metro="4/4" Battito="2" />
      <TEMPO Inizio="3.428" Bpm="116.04" Metro="4/4" Battito="4" />
      <TEMPO Inizio="30.833" Bpm="116.04" Metro="4/4" Battito="1" />
      <TEMPO Inizio="58.238" Bpm="116.04" Metro="4/4" Battito="2" />
      <TEMPO Inizio="86.160" Bpm="116.04" Metro="4/4" Battito="4" />
      <TEMPO Inizio="106.326" Bpm="116.04" Metro="4/4" Battito="3" />
      <TEMPO Inizio="133.731" Bpm="116.04" Metro="4/4" Battito="4" />
      <TEMPO Inizio="153.897" Bpm="116.04" Metro="4/4" Battito="3" />
      <TEMPO Inizio="181.302" Bpm="116.04" Metro="4/4" Battito="4" />
      <TEMPO Inizio="208.707" Bpm="116.04" Metro="4/4" Battito="1" />
      <TEMPO Inizio="228.873" Bpm="116.04" Metro="4/4" Battito="4" />
      <TEMPO Inizio="256.278" Bpm="116.04" Metro="4/4" Battito="1" />
      <TEMPO Inizio="284.200" Bpm="116.04" Metro="4/4" Battito="3" />
      <TEMPO Inizio="304.366" Bpm="116.04" Metro="4/4" Battito="2" />
    </TRACK>
    <TRACK TrackID="210714658" Name="Chop &amp; Change" Artist="The Black Keys" Composer="" Album="Brothers (Deluxe Remastered Anniversary Edition)" Grouping="" Genre="Lounge/Rock" Kind="AIFF File" Size="25853338" TotalTime="145" DiscNumber="0" TrackNumber="16" Year="2021" AverageBpm="100.43" DateAdded="2023-01-23" BitRate="1411" SampleRate="44100" Comments="4A - 6" PlayCount="2" Rating="0" Location="file://localhost/Users/zachvp/Music/DJ/16-The_Black_Keys_-_Chop___Change.aif" Remixer="" Tonality="4A" Label="Nonesuch" Mix="">
      <TEMPO Inizio="0.439" Bpm="100.43" Metro="4/4" Battito="1" />
      <TEMPO Inizio="1.037" Bpm="100.43" Metro="4/4" Battito="2" />
      <TEMPO Inizio="9.999" Bpm="100.43" Metro="4/4" Battito="1" />
      <TEMPO Inizio="28.520" Bpm="100.43" Metro="4/4" Battito="4" />
      <TEMPO Inizio="51.223" Bpm="100.43" Metro="4/4" Battito="2" />
      <TEMPO Inizio="78.108" Bpm="100.43" Metro="4/4" Battito="3" />
      <TEMPO Inizio="91.252" Bpm="100.43" Metro="4/4" Battito="1" />
      <TEMPO Inizio="113.955" Bpm="100.43" Metro="4/4" Battito="3" />
      <TEMPO Inizio="136.658" Bpm="100.43" Metro="4/4" Battito="1" />
    </TRACK>
    <TRACK TrackID="9156047" Name="Keep My Name Outta Your Mouth" Artist="The Black Keys" Composer="" Album="Brothers (Deluxe Remastered Anniversary Edition)" Grouping="" Genre="Lounge/Rock" Kind="AIFF File" Size="33508754" TotalTime="189" DiscNumber="0" TrackNumber="17" Year="2021" AverageBpm="82.86" DateAdded="2023-01-23" BitRate="1411" SampleRate="44100" Comments="3A - 5" PlayCount="2" Rating="0" Location="file://localhost/Users/zachvp/Music/DJ/17-The_Black_Keys_-_Keep_My_Name_Outta_Your_Mouth.aif" Remixer="" Tonality="3A" Label="Nonesuch" Mix="">
      <TEMPO Inizio="0.387" Bpm="82.86" Metro="4/4" Battito="1" />
      <TEMPO Inizio="1.112" Bpm="82.86" Metro="4/4" Battito="2" />
      <TEMPO Inizio="10.526" Bpm="82.86" Metro="4/4" Battito="3" />
      <TEMPO Inizio="19.940" Bpm="82.86" Metro="4/4" Battito="4" />
      <TEMPO Inizio="29.354" Bpm="82.86" Metro="4/4" Battito="1" />
      <TEMPO Inizio="43.837" Bpm="82.86" Metro="4/4" Battito="1" />
      <TEMPO Inizio="58.320" Bpm="82.86" Metro="4/4" Battito="1" />
      <TEMPO Inizio="67.734" Bpm="82.86" Metro="4/4" Battito="2" />
      <TEMPO Inizio="77.148" Bpm="82.86" Metro="4/4" Battito="3" />
      <TEMPO Inizio="91.631" Bpm="82.86" Metro="4/4" Battito="3" />
      <TEMPO Inizio="106.114" Bpm="82.86" Metro="4/4" Battito="3" />
      <TEMPO Inizio="120.597" Bpm="82.86" Metro="4/4" Battito="3" />
      <TEMPO Inizio="130.011" Bpm="82.86" Metro="4/4" Battito="4" />
      <TEMPO Inizio="139.425" Bpm="82.86" Metro="4/4" Battito="1" />
      <TEMPO Inizio="148.839" Bpm="82.86" Metro="4/4" Battito="2" />
      <TEMPO Inizio="164.046" Bpm="82.86" Metro="4/4" Battito="3" />
      <TEMPO Inizio="173.460" Bpm="82.86" Metro="4/4" Battito="4" />
      <TEMPO Inizio="182.874" Bpm="82.86" Metro="4/4" Battito="1" />
    </TRACK>
    <TRACK TrackID="37709460" Name="Black Mud (part 2)" Artist="The Black Keys" Composer="" Album="Brothers (Deluxe Remastered Anniversary Edition)" Grouping="" Genre="Lounge/Rock" Kind="AIFF File" Size="28188712" TotalTime="159" DiscNumber="0" TrackNumber="18" Year="2021" AverageBpm="86.18" DateAdded="2023-01-23" BitRate="1411" SampleRate="44100" Comments="12A - 4" PlayCount="1" Rating="0" Location="file://localhost/Users/zachvp/Music/DJ/18-The_Black_Keys_-_Black_Mud_(part_2).aif" Remixer="" Tonality="12A" Label="Nonesuch" Mix="">
      <TEMPO Inizio="0.626" Bpm="86.18" Metro="4/4" Battito="1" />
      <TEMPO Inizio="74.424" Bpm="86.18" Metro="4/4" Battito="3" />
      <TEMPO Inizio="148.222" Bpm="86.18" Metro="4/4" Battito="1" />
    </TRACK>
    <TRACK TrackID="69257376" Name="Blue Monday" Artist="New Order" Composer="" Album="Factory Records: Communications 1978-92" Grouping="" Genre="House/Tech/Indie/Retro" Kind="AIFF File" Size="79566322" TotalTime="450" DiscNumber="0" TrackNumber="29" Year="2019" AverageBpm="130.41" DateAdded="2023-01-23" BitRate="1411" SampleRate="44100" Comments="7A - 7" PlayCount="0" Rating="0" Location="file://localhost/Users/zachvp/Music/DJ/29-New_Order_-_Blue_Monday.aif" Remixer="" Tonality="7A" Label="Rhino" Mix="">
      <TEMPO Inizio="0.235" Bpm="130.42" Metro="4/4" Battito="1" />
      <TEMPO Inizio="20.478" Bpm="130.42" Metro="4/4" Battito="1" />
      <TEMPO Inizio="41.181" Bpm="130.42" Metro="4/4" Battito="2" />
      <TEMPO Inizio="61.424" Bpm="130.42" Metro="4/4" Battito="2" />
      <TEMPO Inizio="82.127" Bpm="130.42" Metro="4/4" Battito="3" />
      <TEMPO Inizio="102.370" Bpm="130.42" Metro="4/4" Battito="3" />
      <TEMPO Inizio="123.073" Bpm="130.42" Metro="4/4" Battito="4" />
      <TEMPO Inizio="143.316" Bpm="130.42" Metro="4/4" Battito="4" />
      <TEMPO Inizio="163.559" Bpm="130.42" Metro="4/4" Battito="4" />
      <TEMPO Inizio="184.262" Bpm="130.42" Metro="4/4" Battito="1" />
      <TEMPO Inizio="204.505" Bpm="130.42" Metro="4/4" Battito="1" />
      <TEMPO Inizio="224.748" Bpm="130.42" Metro="4/4" Battito="1" />
      <TEMPO Inizio="244.991" Bpm="130.42" Metro="4/4" Battito="1" />
      <TEMPO Inizio="265.694" Bpm="130.42" Metro="4/4" Battito="2" />
      <TEMPO Inizio="285.937" Bpm="130.42" Metro="4/4" Battito="2" />
      <TEMPO Inizio="306.640" Bpm="130.42" Metro="4/4" Battito="3" />
      <TEMPO Inizio="327.343" Bpm="130.42" Metro="4/4" Battito="4" />
      <TEMPO Inizio="340.225" Bpm="130.42" Metro="4/4" Battito="4" />
      <TEMPO Inizio="360.928" Bpm="130.42" Metro="4/4" Battito="1" />
      <TEMPO Inizio="381.631" Bpm="130.42" Metro="4/4" Battito="2" />
      <TEMPO Inizio="401.874" Bpm="130.42" Metro="4/4" Battito="2" />
      <TEMPO Inizio="422.117" Bpm="130.42" Metro="4/4" Battito="2" />
      <TEMPO Inizio="442.360" Bpm="130.42" Metro="4/4" Battito="2" />
    </TRACK>
    <TRACK TrackID="85989222" Name="Playing Games (Original Mix)" Artist="Dano" Composer="" Album="Aural Report Vol. 1" Grouping="" Genre="House/Deep/Tech/Jazzy" Kind="AIFF File" Size="65954958" TotalTime="373" DiscNumber="0" TrackNumber="1" Year="2002" AverageBpm="127.00" DateAdded="2023-01-23" BitRate="1411" SampleRate="44100" Comments="5A - 6" PlayCount="1" Rating="0" Location="file://localhost/Users/zachvp/Music/DJ/10131_Playing_Games_(Original_Mix).aiff" Remixer="" Tonality="5A" Label="Red Melon Records" Mix="">
      <TEMPO Inizio="0.008" Bpm="127.00" Metro="4/4" Battito="1" />
      <TEMPO Inizio="323.629" Bpm="127.00" Metro="4/4" Battito="2" />
    </TRACK>
    <TRACK TrackID="10386739" Name="Ruff Way (Original Mix)" Artist="Rhythm &amp; Sound, Paul St. Hilaire" Composer="" Album="Showcase" Grouping="" Genre="House/Deep/Tech/Dubby" Kind="AIFF File" Size="62956570" TotalTime="355" DiscNumber="0" TrackNumber="5" Year="2004" AverageBpm="114.00" DateAdded="2023-01-23" BitRate="1411" SampleRate="44100" Comments="4A - 5" PlayCount="7" Rating="0" Location="file://localhost/Users/zachvp/Music/DJ/35896_Ruff_Way_(Original_Mix).aiff" Remixer="" Tonality="4A" Label="Burial Mix" Mix="">
      <TEMPO Inizio="0.360" Bpm="114.00" Metro="4/4" Battito="2" />
      <TEMPO Inizio="0.887" Bpm="114.00" Metro="4/4" Battito="3" />
      <TEMPO Inizio="36.677" Bpm="114.00" Metro="4/4" Battito="3" />
      <TEMPO Inizio="82.467" Bpm="114.00" Metro="4/4" Battito="2" />
      <TEMPO Inizio="128.257" Bpm="114.00" Metro="4/4" Battito="1" />
      <TEMPO Inizio="174.047" Bpm="114.00" Metro="4/4" Battito="4" />
      <TEMPO Inizio="209.837" Bpm="114.00" Metro="4/4" Battito="4" />
      <TEMPO Inizio="245.627" Bpm="114.00" Metro="4/4" Battito="4" />
      <TEMPO Inizio="291.417" Bpm="114.00" Metro="4/4" Battito="3" />
      <TEMPO Inizio="337.207" Bpm="114.00" Metro="4/4" Battito="2" />
    </TRACK>
    <TRACK TrackID="88711175" Name="Second (Original Mix)" Artist="DJ Loutka" Composer="" Album="Second" Grouping="" Genre="House/Tech/Indie/" Kind="AIFF File" Size="84726588" TotalTime="480" DiscNumber="0" TrackNumber="1" Year="2005" AverageBpm="128.00" DateAdded="2023-01-23" BitRate="1411" SampleRate="44100" Comments="7A - 6" PlayCount="0" Rating="0" Location="file://localhost/Users/zachvp/Music/DJ/65311_Second_(Original_Mix).aiff" Remixer="" Tonality="7A" Label="Solstice" Mix="">
      <TEMPO Inizio="0.150" Bpm="128.00" Metro="4/4" Battito="1" />
    </TRACK>
    <TRACK TrackID="91984034" Name="Sensual featuring Twanna X (Lets Work Mix)" Artist="Twanna X, Strong Souls" Composer="" Album="Sensual / Original Ground" Grouping="" Genre="House/Deep/Tech/Jazzy" Kind="AIFF File" Size="61579652" TotalTime="348" DiscNumber="0" TrackNumber="1" Year="2020" AverageBpm="122.01" DateAdded="2023-01-23" BitRate="1411" SampleRate="44100" Comments="10A - 6" PlayCount="2" Rating="0" Location="file://localhost/Users/zachvp/Music/DJ/430409_Sensual_featuring_Twanna_X_(Lets_Work_Mix).aiff" Remixer="" Tonality="10A" Label="Alleviated Records" Mix="">
      <TEMPO Inizio="0.159" Bpm="122.01" Metro="4/4" Battito="1" />
    </TRACK>
    <TRACK TrackID="231060634" Name="Rushlight (Original Mix)" Artist="WFMO (World Famous Martinez Orchestra)" Composer="" Album="Claudio Coccoluto Refresh" Grouping="" Genre="House/Deep/Tech/Jazzy" Kind="AIFF File" Size="73066636" TotalTime="413" DiscNumber="0" TrackNumber="10" Year="2008" AverageBpm="126.00" DateAdded="2023-01-23" BitRate="1411" SampleRate="44100" Comments="6A - 7" PlayCount="2" Rating="0" Location="file://localhost/Users/zachvp/Music/DJ/624841_Rushlight_(Original_Mix).aiff" Remixer="" Tonality="6A" Label="JE | Just Entertainment" Mix="">
      <TEMPO Inizio="0.115" Bpm="126.00" Metro="4/4" Battito="3" />
      <TEMPO Inizio="16.306" Bpm="126.00" Metro="4/4" Battito="1" />
      <TEMPO Inizio="62.497" Bpm="126.00" Metro="4/4" Battito="2" />
      <TEMPO Inizio="108.688" Bpm="126.00" Metro="4/4" Battito="3" />
      <TEMPO Inizio="144.879" Bpm="126.00" Metro="4/4" Battito="3" />
      <TEMPO Inizio="191.070" Bpm="126.00" Metro="4/4" Battito="4" />
      <TEMPO Inizio="237.261" Bpm="126.00" Metro="4/4" Battito="1" />
      <TEMPO Inizio="283.452" Bpm="126.00" Metro="4/4" Battito="2" />
      <TEMPO Inizio="329.643" Bpm="126.00" Metro="4/4" Battito="3" />
      <TEMPO Inizio="365.834" Bpm="126.00" Metro="4/4" Battito="3" />
      <TEMPO Inizio="412.025" Bpm="126.00" Metro="4/4" Battito="4" />
    </TRACK>
    <TRACK TrackID="165546143" Name="Jazz Funk Freedom (Original Mix)" Artist="Ron Trent" Composer="" Album="Jazz Funk Freedom" Grouping="" Genre="House/Deep/Tech/Jazzy" Kind="AIFF File" Size="91759348" TotalTime="519" DiscNumber="0" TrackNumber="1" Year="2008" AverageBpm="123.00" DateAdded="2023-01-23" BitRate="1411" SampleRate="44100" Comments="7A - 6" PlayCount="2" Rating="0" Location="file://localhost/Users/zachvp/Music/DJ/739590_Jazz_Funk_Freedom_(Original_Mix).aiff" Remixer="" Tonality="7A" Label="Future Vision Records" Mix="">
      <TEMPO Inizio="0.042" Bpm="123.00" Metro="4/4" Battito="4" />
    </TRACK>
    <TRACK TrackID="188560307" Name="(It's Gonna Be) Alright (Dirk Leyers Remix)" Artist="Justus Kohncke" Composer="" Album="Don't Go" Grouping="" Genre="House/Deep/Tech/Spacey" Kind="AIFF File" Size="105602600" TotalTime="598" DiscNumber="0" TrackNumber="2" Year="2009" AverageBpm="121.00" DateAdded="2023-01-23" BitRate="1411" SampleRate="44100" Comments="3A - 6" PlayCount="1" Rating="0" Location="file://localhost/Users/zachvp/Music/DJ/844343_(It_s_Gonna_Be)Alright_(Dirk_Leyers_Remix).aiff" Remixer="" Tonality="3A" Label="Kompakt" Mix="">
      <TEMPO Inizio="0.043" Bpm="121.00" Metro="4/4" Battito="1" />
      <POSITION_MARK Name="" Type="0" Start="2.019" Num="-1" />
    </TRACK>
    <TRACK TrackID="62299422" Name="Doiicie A (Original Mix)" Artist="Minilogue" Composer="" Album="Haiti Appeal Project" Grouping="" Genre="House/Deep/Tech/" Kind="AIFF File" Size="86641622" TotalTime="490" DiscNumber="0" TrackNumber="23" Year="2010" AverageBpm="127.00" DateAdded="2023-01-23" BitRate="1411" SampleRate="44100" Comments="8A - 5" PlayCount="5" Rating="0" Location="file://localhost/Users/zachvp/Music/DJ/1175350_Doiicie_A_(Original_Mix).aiff" Remixer="" Tonality="8A" Label="Organic Records" Mix="">
      <TEMPO Inizio="0.003" Bpm="127.00" Metro="4/4" Battito="1" />
      <POSITION_MARK Name="" Type="0" Start="60.470" Num="-1" />
    </TRACK>
    <TRACK TrackID="267141772" Name="Mindgames (Original Mix)" Artist="Martin Patino" Composer="" Album="Hommage A La Sodomie" Grouping="" Genre="House/Deep/Tech/Jazzy" Kind="AIFF File" Size="73478092" TotalTime="416" DiscNumber="0" TrackNumber="2" Year="2011" AverageBpm="125.00" DateAdded="2023-01-23" BitRate="1411" SampleRate="44100" Comments="6B - 6" PlayCount="1" Rating="0" Location="file://localhost/Users/zachvp/Music/DJ/3060381_Mindgames_(Original_Mix).aiff" Remixer="" Tonality="6B" Label="Suara" Mix="">
      <TEMPO Inizio="0.053" Bpm="125.00" Metro="4/4" Battito="1" />
    </TRACK>
    <TRACK TrackID="162429262" Name="Fight for Freedom (Charles Webster Mix)" Artist="Charles Webster, Thandi Draai" Composer="" Album="Fight for Freedom" Grouping="" Genre="House/Deep/Tech/Jazzy" Kind="AIFF File" Size="91090812" TotalTime="515" DiscNumber="0" TrackNumber="2" Year="2011" AverageBpm="124.00" DateAdded="2023-01-23" BitRate="1411" SampleRate="44100" Comments="6A - 6" PlayCount="0" Rating="0" Location="file://localhost/Users/zachvp/Music/DJ/3081729_Fight_for_Freedom_(Charles_Webster_Mix).aiff" Remixer="" Tonality="6A" Label="Miso" Mix="">
      <TEMPO Inizio="0.007" Bpm="124.00" Metro="4/4" Battito="1" />
    </TRACK>
    <TRACK TrackID="149962740" Name="This Dream (YokoO's Can Only Become Reality Remix)" Artist="Alexkid, Trinity &amp; Beyond" Composer="" Album="This Dream" Grouping="" Genre="House/Deep/Tech/Spacey" Kind="AIFF File" Size="70341030" TotalTime="398" DiscNumber="0" TrackNumber="3" Year="2012" AverageBpm="118.00" DateAdded="2023-01-23" BitRate="1411" SampleRate="44100" Comments="12A - 6" PlayCount="2" Rating="0" Location="file://localhost/Users/zachvp/Music/DJ/3757215_This_Dream_(YokoO_s_Can_Only_Become_Reality_Remix).aiff" Remixer="" Tonality="12A" Label="Moodmusic" Mix="">
      <TEMPO Inizio="0.137" Bpm="118.00" Metro="4/4" Battito="4" />
      <TEMPO Inizio="0.646" Bpm="118.00" Metro="4/4" Battito="1" />
      <TEMPO Inizio="61.155" Bpm="118.00" Metro="4/4" Battito="4" />
      <TEMPO Inizio="241.664" Bpm="118.00" Metro="4/4" Battito="3" />
    </TRACK>
    <TRACK TrackID="144693978" Name="How Do You Do? (Todd Terje remix)" Artist="Hot Chip" Composer="" Album="How Do You Do?" Grouping="" Genre="House/Tech/Indie/" Kind="AIFF File" Size="96912188" TotalTime="549" DiscNumber="0" TrackNumber="2" Year="2012" AverageBpm="120.00" DateAdded="2023-01-23" BitRate="1411" SampleRate="44100" Comments="10A - 6" PlayCount="3" Rating="0" Location="file://localhost/Users/zachvp/Music/DJ/3774295_How_Do_You_Do__(Todd_Terje_remix).aiff" Remixer="" Tonality="10A" Label="Domino" Mix="">
      <TEMPO Inizio="0.029" Bpm="120.00" Metro="4/4" Battito="1" />
      <TEMPO Inizio="110.030" Bpm="120.00" Metro="4/4" Battito="1" />
      <POSITION_MARK Name="" Type="0" Start="304.008" Num="-1" />
      <POSITION_MARK Name="" Type="0" Start="352.026" Num="-1" />
    </TRACK>
    <TRACK TrackID="149806258" Name="Big Bad Belly (Original Mix)" Artist="Mariano Mateljan" Composer="" Album="Big Bad Belly" Grouping="" Genre="House/Deep/Tech/" Kind="AIFF File" Size="78517096" TotalTime="444" DiscNumber="0" TrackNumber="1" Year="2012" AverageBpm="123.00" DateAdded="2023-01-23" BitRate="1411" SampleRate="44100" Comments="5A - 5" PlayCount="5" Rating="0" Location="file://localhost/Users/zachvp/Music/DJ/3818403_Big_Bad_Belly_(Original_Mix).aiff" Remixer="" Tonality="5A" Label="Pins and Needles " Mix="">
      <TEMPO Inizio="0.000" Bpm="123.00" Metro="4/4" Battito="1" />
    </TRACK>
    <TRACK TrackID="54534507" Name="Get Up In My Head (Original Mix)" Artist="Tom Budden, Forrest" Composer="" Album="Some Kind Of Friend EP" Grouping="" Genre="House/Tech/Groove" Kind="AIFF File" Size="71318448" TotalTime="404" DiscNumber="0" TrackNumber="1" Year="2013" AverageBpm="124.00" DateAdded="2023-01-23" BitRate="1411" SampleRate="44100" Comments="3A - 6" PlayCount="2" Rating="0" Location="file://localhost/Users/zachvp/Music/DJ/4822311_Get_Up_In_My_Head_(Original_Mix).aiff" Remixer="" Tonality="3A" Label="Alive Recordings" Mix="">
      <TEMPO Inizio="0.015" Bpm="124.00" Metro="4/4" Battito="3" />
    </TRACK>
    <TRACK TrackID="160287166" Name="Dios (Original Mix)" Artist="Dubfire, Oliver Huntemann" Composer="" Album="Oliver Huntemann Presents 5unf - Five Years Ideal Audio" Grouping="" Genre="House/Techno/Downtempo" Kind="AIFF File" Size="104948402" TotalTime="594" DiscNumber="0" TrackNumber="18" Year="2013" AverageBpm="126.00" DateAdded="2023-01-23" BitRate="1411" SampleRate="44100" Comments="2A - 5" PlayCount="0" Rating="0" Location="file://localhost/Users/zachvp/Music/DJ/4837836_Dios_(Original_Mix).aiff" Remixer="" Tonality="2A" Label="Ideal Audio" Mix="">
      <TEMPO Inizio="0.057" Bpm="126.00" Metro="4/4" Battito="1" />
      <TEMPO Inizio="86.248" Bpm="126.00" Metro="4/4" Battito="2" />
      <TEMPO Inizio="392.439" Bpm="126.00" Metro="4/4" Battito="1" />
    </TRACK>
    <TRACK TrackID="26288430" Name="One In Three (Original Mix)" Artist="Maxxi Soundsystem, Name One" Composer="" Album="One In Three" Grouping="" Genre="House/Deep/Tech/Jazzy" Kind="AIFF File" Size="60098934" TotalTime="340" DiscNumber="0" TrackNumber="1" Year="2013" AverageBpm="122.00" DateAdded="2023-01-23" BitRate="1411" SampleRate="44100" Comments="8A - 6" PlayCount="4" Rating="0" Location="file://localhost/Users/zachvp/Music/DJ/4873829_One_In_Three_(Original_Mix).aiff" Remixer="" Tonality="8A" Label="Defected" Mix="">
      <TEMPO Inizio="0.030" Bpm="122.00" Metro="4/4" Battito="1" />
    </TRACK>
    <TRACK TrackID="49246148" Name="Dark Site (Original Mix)" Artist="Inaki Cerqueira" Composer="" Album="White Air" Grouping="" Genre="House/Deep/Tech/" Kind="AIFF File" Size="58979972" TotalTime="334" DiscNumber="0" TrackNumber="3" Year="2014" AverageBpm="125.00" DateAdded="2023-01-23" BitRate="1411" SampleRate="44100" Comments="11A - 5" PlayCount="1" Rating="0" Location="file://localhost/Users/zachvp/Music/DJ/5430785_Dark_Site_(Original_Mix).aiff" Remixer="" Tonality="11A" Label="Lonely Owl Records" Mix="">
      <TEMPO Inizio="0.095" Bpm="125.00" Metro="4/4" Battito="1" />
      <TEMPO Inizio="152.256" Bpm="125.00" Metro="4/4" Battito="2" />
    </TRACK>
    <TRACK TrackID="61283758" Name="Midian (Original Mix)" Artist="Dubfire" Composer="" Album="Exit" Grouping="" Genre="House/Techno/Downtempo" Kind="AIFF File" Size="92182764" TotalTime="522" DiscNumber="0" TrackNumber="3" Year="2014" AverageBpm="126.00" DateAdded="2023-01-23" BitRate="1411" SampleRate="44100" Comments="12A - 6" PlayCount="0" Rating="0" Location="file://localhost/Users/zachvp/Music/DJ/5529629_Midian_(Original_Mix).aiff" Remixer="" Tonality="12A" Label="SCI+TEC" Mix="">
      <TEMPO Inizio="0.095" Bpm="126.00" Metro="4/4" Battito="1" />
      <TEMPO Inizio="26.286" Bpm="126.00" Metro="4/4" Battito="4" />
      <TEMPO Inizio="52.477" Bpm="126.00" Metro="4/4" Battito="3" />
      <TEMPO Inizio="78.668" Bpm="126.00" Metro="4/4" Battito="2" />
      <TEMPO Inizio="97.240" Bpm="126.00" Metro="4/4" Battito="1" />
      <TEMPO Inizio="123.431" Bpm="126.00" Metro="4/4" Battito="4" />
      <TEMPO Inizio="149.622" Bpm="126.00" Metro="4/4" Battito="3" />
      <TEMPO Inizio="175.813" Bpm="126.00" Metro="4/4" Battito="2" />
      <TEMPO Inizio="202.004" Bpm="126.00" Metro="4/4" Battito="1" />
      <TEMPO Inizio="228.195" Bpm="126.00" Metro="4/4" Battito="4" />
      <TEMPO Inizio="254.386" Bpm="126.00" Metro="4/4" Battito="3" />
      <TEMPO Inizio="272.958" Bpm="126.00" Metro="4/4" Battito="2" />
      <TEMPO Inizio="299.149" Bpm="126.00" Metro="4/4" Battito="1" />
      <TEMPO Inizio="325.340" Bpm="126.00" Metro="4/4" Battito="4" />
      <TEMPO Inizio="351.531" Bpm="126.00" Metro="4/4" Battito="3" />
      <TEMPO Inizio="377.722" Bpm="126.00" Metro="4/4" Battito="2" />
      <TEMPO Inizio="403.913" Bpm="126.00" Metro="4/4" Battito="1" />
      <TEMPO Inizio="430.104" Bpm="126.00" Metro="4/4" Battito="4" />
      <TEMPO Inizio="448.676" Bpm="126.00" Metro="4/4" Battito="3" />
      <TEMPO Inizio="474.867" Bpm="126.00" Metro="4/4" Battito="2" />
      <TEMPO Inizio="501.058" Bpm="126.00" Metro="4/4" Battito="1" />
    </TRACK>
    <TRACK TrackID="209444421" Name="PR007A (Original Mix)" Artist="Pattern Repeat" Composer="" Album="Pattern Repeat 07" Grouping="" Genre="House/Deep/Tech/" Kind="AIFF File" Size="77241032" TotalTime="437" DiscNumber="0" TrackNumber="1" Year="2014" AverageBpm="125.00" DateAdded="2023-01-23" BitRate="1411" SampleRate="44100" Comments="6A - 6" PlayCount="1" Rating="0" Location="file://localhost/Users/zachvp/Music/DJ/5550250_PR007A_(Original_Mix).aiff" Remixer="" Tonality="6A" Label="Pattern Repeat" Mix="">
      <TEMPO Inizio="0.098" Bpm="125.00" Metro="4/4" Battito="1" />
      <TEMPO Inizio="146.497" Bpm="125.00" Metro="4/4" Battito="2" />
    </TRACK>
    <TRACK TrackID="247229421" Name="PMA (Original Mix)" Artist="Greg Beato" Composer="" Album="PMA" Grouping="" Genre="House/Deep/Tech/" Kind="AIFF File" Size="92338102" TotalTime="523" DiscNumber="0" TrackNumber="1" Year="2014" AverageBpm="124.13" DateAdded="2023-01-23" BitRate="1411" SampleRate="44100" Comments="1A - 7" PlayCount="1" Rating="0" Location="file://localhost/Users/zachvp/Music/DJ/5568737_PMA_(Original_Mix).aiff" Remixer="" Tonality="1A" Label="L.I.E.S. Records" Mix="">
      <TEMPO Inizio="0.468" Bpm="124.13" Metro="4/4" Battito="1" />
      <TEMPO Inizio="0.952" Bpm="124.13" Metro="4/4" Battito="2" />
      <TEMPO Inizio="435.012" Bpm="124.13" Metro="4/4" Battito="4" />
    </TRACK>
    <TRACK TrackID="202675775" Name="Emissions (Original Mix)" Artist="Dubfire" Composer="" Album="Minus #BeatportDecade Minimal" Grouping="" Genre="House/Techno/Downtempo" Kind="AIFF File" Size="82465456" TotalTime="467" DiscNumber="0" TrackNumber="6" Year="2014" AverageBpm="125.98" DateAdded="2023-01-23" BitRate="1411" SampleRate="44100" Comments="3A - 6" PlayCount="1" Rating="0" Location="file://localhost/Users/zachvp/Music/DJ/5789615_Emissions_(Original_Mix).aiff" Remixer="" Tonality="3A" Label="Minus" Mix="">
      <TEMPO Inizio="0.209" Bpm="125.98" Metro="4/4" Battito="1" />
      <TEMPO Inizio="37.833" Bpm="125.98" Metro="4/4" Battito="4" />
      <TEMPO Inizio="64.979" Bpm="125.98" Metro="4/4" Battito="1" />
      <TEMPO Inizio="95.459" Bpm="125.98" Metro="4/4" Battito="1" />
      <TEMPO Inizio="125.939" Bpm="125.98" Metro="4/4" Battito="1" />
      <TEMPO Inizio="156.419" Bpm="125.98" Metro="4/4" Battito="1" />
      <TEMPO Inizio="186.899" Bpm="125.98" Metro="4/4" Battito="1" />
      <TEMPO Inizio="210.235" Bpm="125.98" Metro="4/4" Battito="2" />
      <TEMPO Inizio="240.715" Bpm="125.98" Metro="4/4" Battito="2" />
      <TEMPO Inizio="271.195" Bpm="125.98" Metro="4/4" Battito="2" />
      <TEMPO Inizio="301.675" Bpm="125.98" Metro="4/4" Battito="2" />
      <TEMPO Inizio="328.821" Bpm="125.98" Metro="4/4" Battito="3" />
      <TEMPO Inizio="359.301" Bpm="125.98" Metro="4/4" Battito="3" />
      <TEMPO Inizio="389.781" Bpm="125.98" Metro="4/4" Battito="3" />
      <TEMPO Inizio="420.261" Bpm="125.98" Metro="4/4" Battito="3" />
      <TEMPO Inizio="451.217" Bpm="125.98" Metro="4/4" Battito="4" />
    </TRACK>
    <TRACK TrackID="68671712" Name="RibCage (Original Mix)" Artist="Dubfire" Composer="" Album="Desolat #BeatportDecade Techno" Grouping="" Genre="House/Deep/Tech/" Kind="AIFF File" Size="131520130" TotalTime="745" DiscNumber="0" TrackNumber="1" Year="2014" AverageBpm="125.00" DateAdded="2023-01-23" BitRate="1411" SampleRate="44100" Comments="11A - 6" PlayCount="0" Rating="0" Location="file://localhost/Users/zachvp/Music/DJ/5791410_RibCage_(Original_Mix).aiff" Remixer="" Tonality="11A" Label="Desolat" Mix="">
      <TEMPO Inizio="0.256" Bpm="125.00" Metro="4/4" Battito="1" />
      <TEMPO Inizio="396.735" Bpm="125.00" Metro="4/4" Battito="3" />
    </TRACK>
    <TRACK TrackID="232620180" Name="Dirty Talk (Original Mix)" Artist="Sante Sansone" Composer="" Album="Serotonin Digital Presents: 4 Years" Grouping="" Genre="House/Deep/Tech/" Kind="AIFF File" Size="61761120" TotalTime="349" DiscNumber="0" TrackNumber="6" Year="2015" AverageBpm="124.00" DateAdded="2023-01-23" BitRate="1411" SampleRate="44100" Comments="8A - 6" PlayCount="5" Rating="0" Location="file://localhost/Users/zachvp/Music/DJ/6126005_Dirty_Talk_(Original_Mix).aiff" Remixer="" Tonality="8A" Label="Serotonin Digital" Mix="">
      <TEMPO Inizio="0.001" Bpm="124.00" Metro="4/4" Battito="1" />
    </TRACK>
    <TRACK TrackID="149282708" Name="Quo Vadis (Original Mix)" Artist="G-Man" Composer="" Album="Fries With That?" Grouping="" Genre="House/Deep/Tech/" Kind="AIFF File" Size="94094798" TotalTime="532" DiscNumber="0" TrackNumber="22" Year="2015" AverageBpm="131.99" DateAdded="2023-01-23" BitRate="1411" SampleRate="44100" Comments="8A - 6" PlayCount="0" Rating="0" Location="file://localhost/Users/zachvp/Music/DJ/6132376_Quo_Vadis_(Original_Mix).aiff" Remixer="" Tonality="8A" Label="Hypercolour" Mix="">
      <TEMPO Inizio="0.244" Bpm="131.99" Metro="4/4" Battito="1" />
    </TRACK>
    <TRACK TrackID="171821928" Name="Music's My Only Drug (Chez Damier Sankeys Edit)" Artist="Bhunu Brill, Patrick Khuzwayo, Darian Crouse" Composer="" Album="Atal Music A Year In Review Volume 5" Grouping="" Genre="House/Deep/Tech/Jazzy" Kind="AIFF File" Size="79051482" TotalTime="447" DiscNumber="0" TrackNumber="8" Year="2014" AverageBpm="120.00" DateAdded="2023-01-23" BitRate="1411" SampleRate="44100" Comments="2A - 5" PlayCount="5" Rating="0" Location="file://localhost/Users/zachvp/Music/DJ/6154795_Music_s_My_Only_Drug_(Chez_Damier_Sankeys_Edit).aiff" Remixer="" Tonality="2A" Label="Atal Music" Mix="">
      <TEMPO Inizio="0.498" Bpm="120.00" Metro="4/4" Battito="2" />
      <TEMPO Inizio="8.999" Bpm="120.00" Metro="4/4" Battito="3" />
      <TEMPO Inizio="340.000" Bpm="120.00" Metro="4/4" Battito="1" />
    </TRACK>
    <TRACK TrackID="22437635" Name="Scie Chimiche (Original Mix)" Artist="Ricky Tenaglia" Composer="" Album="High Pressure Secret Sampler Vol 4" Grouping="" Genre="House/Tech/Groove" Kind="AIFF File" Size="66493092" TotalTime="376" DiscNumber="0" TrackNumber="2" Year="2015" AverageBpm="123.00" DateAdded="2023-01-23" BitRate="1411" SampleRate="44100" Comments="8A - 6" PlayCount="0" Rating="0" Location="file://localhost/Users/zachvp/Music/DJ/6232993_Scie_Chimiche_(Original_Mix).aiff" Remixer="" Tonality="8A" Label="High Pressure Music" Mix="">
      <TEMPO Inizio="0.000" Bpm="123.00" Metro="4/4" Battito="3" />
    </TRACK>
    <TRACK TrackID="6189139" Name="Don't Test/Wu Stallion (Original Mix)" Artist="Suga Bang Bang" Composer="" Album="Ghost Dog: The Way of the Samurai - The Album" Grouping="" Genre="Lounge/" Kind="AIFF File" Size="56355126" TotalTime="318" DiscNumber="0" TrackNumber="8" Year="2000" AverageBpm="138.04" DateAdded="2023-01-23" BitRate="1411" SampleRate="44100" Comments="8A - 3" PlayCount="1" Rating="0" Location="file://localhost/Users/zachvp/Music/DJ/6404802_Don_t_Test_Wu_Stallion_(Original_Mix).aiff" Remixer="" Tonality="8A" Label="Epic/Razor Sharp/Sony Music Soundtrax" Mix="">
      <TEMPO Inizio="0.147" Bpm="138.04" Metro="4/4" Battito="1" />
      <POSITION_MARK Name="" Type="0" Start="0.095" Num="-1" />
    </TRACK>
    <TRACK TrackID="228671588" Name="Perron (Wehbba Remix)" Artist="Marc Marzenit" Composer="" Album="Marc Marzenit - Perron (Remixes)" Grouping="" Genre="House/Tech/" Kind="AIFF File" Size="66036116" TotalTime="373" DiscNumber="0" TrackNumber="1" Year="2015" AverageBpm="124.00" DateAdded="2023-01-23" BitRate="1411" SampleRate="44100" Comments="5A - 6" PlayCount="0" Rating="0" Location="file://localhost/Users/zachvp/Music/DJ/6653951_Perron_(Wehbba_Remix).aiff" Remixer="" Tonality="5A" Label="Tronic" Mix="">
      <TEMPO Inizio="0.371" Bpm="124.00" Metro="4/4" Battito="1" />
    </TRACK>
    <TRACK TrackID="116834309" Name="Plastic Jungle (Chus &amp; Ceballos Remix)" Artist="Supernova" Composer="" Album="Plastic Jungle" Grouping="" Genre="House/Deep/Melodic" Kind="AIFF File" Size="81666054" TotalTime="460" DiscNumber="0" TrackNumber="2" Year="2015" AverageBpm="124.00" DateAdded="2023-01-23" BitRate="1411" SampleRate="44100" Comments="1A - 6" PlayCount="1" Rating="0" Location="file://localhost/Users/zachvp/Music/DJ/7016173_Plastic_Jungle_(Chus_%26_Ceballos_Remix).aiff" Remixer="" Tonality="1A" Label="Stereo Productions" Mix="">
      <TEMPO Inizio="0.016" Bpm="124.00" Metro="4/4" Battito="1" />
    </TRACK>
    <TRACK TrackID="218088419" Name="A.W.G (Original Mix)" Artist="Tom Langusi" Composer="" Album="Infestus EP" Grouping="" Genre="House/Deep/Tech/" Kind="AIFF File" Size="73666152" TotalTime="415" DiscNumber="0" TrackNumber="1" Year="2015" AverageBpm="122.00" DateAdded="2023-01-23" BitRate="1411" SampleRate="44100" Comments="8A - 5" PlayCount="4" Rating="0" Location="file://localhost/Users/zachvp/Music/DJ/7361700_A.W.G_(Original_Mix).aiff" Remixer="" Tonality="8A" Label="Malicious Smile LTD" Mix="">
      <TEMPO Inizio="0.002" Bpm="122.00" Metro="4/4" Battito="1" />
    </TRACK>
    <TRACK TrackID="150213631" Name="Japan Girls (Original Mix)" Artist="Victor Polo" Composer="" Album="Japan Girls" Grouping="" Genre="House/Deep/Tech/" Kind="AIFF File" Size="65799230" TotalTime="371" DiscNumber="0" TrackNumber="1" Year="2015" AverageBpm="120.00" DateAdded="2023-01-23" BitRate="1411" SampleRate="44100" Comments="6A - 6" PlayCount="2" Rating="0" Location="file://localhost/Users/zachvp/Music/DJ/7369337_Japan_Girls_(Original_Mix).aiff" Remixer="" Tonality="6A" Label="Psicodelica" Mix="">
      <TEMPO Inizio="0.003" Bpm="120.00" Metro="4/4" Battito="1" />
    </TRACK>
    <TRACK TrackID="212060926" Name="23IV (Original Mix)" Artist="Victor Polo" Composer="" Album="Japan Girls" Grouping="" Genre="House/Deep/Tech/" Kind="AIFF File" Size="74475146" TotalTime="421" DiscNumber="0" TrackNumber="2" Year="2015" AverageBpm="124.00" DateAdded="2023-01-23" BitRate="1411" SampleRate="44100" Comments="4A - 6" PlayCount="2" Rating="0" Location="file://localhost/Users/zachvp/Music/DJ/7369340_23IV_(Original_Mix).aiff" Remixer="" Tonality="4A" Label="Psicodelica" Mix="">
      <TEMPO Inizio="0.003" Bpm="124.00" Metro="4/4" Battito="1" />
    </TRACK>
    <TRACK TrackID="178543840" Name="Nightwalker (Original Mix)" Artist="Trentemoller" Composer="" Album="The Last Resort" Grouping="" Genre="House/Deep/Tech/Dubby" Kind="AIFF File" Size="62049632" TotalTime="349" DiscNumber="0" TrackNumber="6" Year="2006" AverageBpm="118.00" DateAdded="2023-01-23" BitRate="1411" SampleRate="44100" Comments="7A - 4" PlayCount="4" Rating="0" Location="file://localhost/Users/zachvp/Music/DJ/7642192_Nightwalker_(Original_Mix).aiff" Remixer="" Tonality="7A" Label="Poker Flat Recordings" Mix="">
      <TEMPO Inizio="0.177" Bpm="118.00" Metro="4/4" Battito="1" />
      <TEMPO Inizio="0.686" Bpm="118.00" Metro="4/4" Battito="2" />
    </TRACK>
    <TRACK TrackID="110135808" Name="Optical (Original Mix)" Artist="Gel Abril" Composer="" Album="Raver" Grouping="" Genre="House/Tech/Progressive" Kind="AIFF File" Size="74682060" TotalTime="422" DiscNumber="0" TrackNumber="2" Year="2016" AverageBpm="128.00" DateAdded="2023-01-23" BitRate="1411" SampleRate="44100" Comments="9A - 5" PlayCount="0" Rating="0" Location="file://localhost/Users/zachvp/Music/DJ/7999914_Optical_(Original_Mix).aiff" Remixer="" Tonality="9A" Label="Ovum Recordings" Mix="">
      <TEMPO Inizio="0.292" Bpm="128.00" Metro="4/4" Battito="1" />
    </TRACK>
    <TRACK TrackID="145343544" Name="Dusty Palace (Original Mix)" Artist="Allen (Italy), Filix" Composer="" Album="Dusty Palace E.P." Grouping="" Genre="House/Deep/Tech/" Kind="AIFF File" Size="73304362" TotalTime="413" DiscNumber="0" TrackNumber="2" Year="2016" AverageBpm="124.00" DateAdded="2023-01-23" BitRate="1411" SampleRate="44100" Comments="5A - 6" PlayCount="1" Rating="0" Location="file://localhost/Users/zachvp/Music/DJ/8175857_Dusty_Palace_(Original_Mix).aiff" Remixer="" Tonality="5A" Label="D.Traffik Limited" Mix="">
      <TEMPO Inizio="0.147" Bpm="124.00" Metro="4/4" Battito="1" />
    </TRACK>
    <TRACK TrackID="149069641" Name="Needs (Original Mix)" Artist="John Haden" Composer="" Album="Needs" Grouping="" Genre="House/Techno/Downtempo" Kind="AIFF File" Size="80215584" TotalTime="452" DiscNumber="0" TrackNumber="1" Year="2016" AverageBpm="125.00" DateAdded="2023-01-23" BitRate="1411" SampleRate="44100" Comments="7A - 5" PlayCount="3" Rating="0" Location="file://localhost/Users/zachvp/Music/DJ/8613230_Needs_(Original_Mix).aiff" Remixer="" Tonality="7A" Label="Evil Flow." Mix="">
      <TEMPO Inizio="0.002" Bpm="125.00" Metro="4/4" Battito="1" />
      <TEMPO Inizio="92.641" Bpm="125.00" Metro="4/4" Battito="2" />
    </TRACK>
    <TRACK TrackID="185301627" Name="Hanging Out (Original Mix)" Artist="Alexander M (IT)" Composer="" Album="Groove Animals 10" Grouping="" Genre="House/Deep/Tech/" Kind="AIFF File" Size="65693742" TotalTime="371" DiscNumber="0" TrackNumber="1" Year="2017" AverageBpm="124.00" DateAdded="2023-01-23" BitRate="1411" SampleRate="44100" Comments="7A - 6" PlayCount="2" Rating="0" Location="file://localhost/Users/zachvp/Music/DJ/9146644_Hanging_Out_(Original_Mix).aiff" Remixer="" Tonality="7A" Label="Datagroove Music" Mix="">
      <TEMPO Inizio="0.002" Bpm="124.00" Metro="4/4" Battito="1" />
    </TRACK>
    <TRACK TrackID="157816460" Name="Ancient (Original Mix)" Artist="Kian MC" Composer="" Album="Groove Animals 10" Grouping="" Genre="House/Deep/Tech/" Kind="AIFF File" Size="60754516" TotalTime="343" DiscNumber="0" TrackNumber="6" Year="2017" AverageBpm="123.00" DateAdded="2023-01-23" BitRate="1411" SampleRate="44100" Comments="8A - 6" PlayCount="0" Rating="0" Location="file://localhost/Users/zachvp/Music/DJ/9146649_Ancient_(Original_Mix).aiff" Remixer="" Tonality="8A" Label="Datagroove Music" Mix="">
      <TEMPO Inizio="0.005" Bpm="123.00" Metro="4/4" Battito="1" />
    </TRACK>
    <TRACK TrackID="71465224" Name="Violent Delights (Comunica Remix)" Artist="DI.CAPA" Composer="" Album="Violent Delights" Grouping="" Genre="House/Techno/Sinister" Kind="AIFF File" Size="86236150" TotalTime="488" DiscNumber="0" TrackNumber="2" Year="2017" AverageBpm="126.00" DateAdded="2023-01-23" BitRate="1411" SampleRate="44100" Comments="9A - 6" PlayCount="2" Rating="0" Location="file://localhost/Users/zachvp/Music/DJ/9218317_Violent_Delights_(Comunica_Remix).aiff" Remixer="" Tonality="9A" Label="Comunica" Mix="">
      <TEMPO Inizio="0.211" Bpm="126.00" Metro="4/4" Battito="1" />
      <TEMPO Inizio="196.402" Bpm="126.00" Metro="4/4" Battito="1" />
      <TEMPO Inizio="442.593" Bpm="126.00" Metro="4/4" Battito="2" />
    </TRACK>
    <TRACK TrackID="90532631" Name="Deputy (Original Mix)" Artist="Cratebug" Composer="" Album="Cratebug Edits, Vol. 1" Grouping="" Genre="House/Deep/Tech/Jazzy" Kind="AIFF File" Size="92549038" TotalTime="524" DiscNumber="0" TrackNumber="4" Year="2017" AverageBpm="125.00" DateAdded="2023-01-23" BitRate="1411" SampleRate="44100" Comments="5A - 7" PlayCount="2" Rating="0" Location="file://localhost/Users/zachvp/Music/DJ/9261060_Deputy_(Original_Mix).aiff" Remixer="" Tonality="5A" Label="Cratebug Edits" Mix="">
      <TEMPO Inizio="0.312" Bpm="125.00" Metro="4/4" Battito="1" />
      <TEMPO Inizio="186.551" Bpm="125.00" Metro="4/4" Battito="1" />
      <TEMPO Inizio="381.430" Bpm="125.00" Metro="4/4" Battito="3" />
      <POSITION_MARK Name="" Type="0" Start="7.992" Num="-1" />
      <POSITION_MARK Name="" Type="0" Start="165.433" Num="-1" />
      <POSITION_MARK Name="" Type="0" Start="54.075" Num="-1" />
      <POSITION_MARK Name="" Type="0" Start="73.275" Num="-1" />
      <POSITION_MARK Name="" Type="0" Start="251.822" Num="-1" />
      <POSITION_MARK Name="" Type="0" Start="374.710" Num="-1" />
    </TRACK>
    <TRACK TrackID="204967448" Name="In Sfera (Original Mix)" Artist="Premiesku" Composer="" Album="In Sfera EP" Grouping="" Genre="House/Tech/Indie/" Kind="AIFF File" Size="86116418" TotalTime="487" DiscNumber="0" TrackNumber="1" Year="2017" AverageBpm="126.00" DateAdded="2023-01-23" BitRate="1411" SampleRate="44100" Comments="7A - 6" PlayCount="6" Rating="0" Location="file://localhost/Users/zachvp/Music/DJ/9343468_In_Sfera_(Original_Mix).aiff" Remixer="" Tonality="7A" Label="20/20 Vision" Mix="">
      <TEMPO Inizio="0.021" Bpm="126.00" Metro="4/4" Battito="1" />
      <TEMPO Inizio="6.212" Bpm="126.00" Metro="4/4" Battito="2" />
    </TRACK>
    <TRACK TrackID="159698227" Name="Mushroom Mountain (Original Mix)" Artist="Junior Gee" Composer="" Album="Innervated Creations Vol. 8" Grouping="" Genre="House/Deep/Tech/Spacey" Kind="AIFF File" Size="80913006" TotalTime="458" DiscNumber="0" TrackNumber="3" Year="2017" AverageBpm="126.00" DateAdded="2023-01-23" BitRate="1411" SampleRate="44100" Comments="6A - 6" PlayCount="0" Rating="0" Location="file://localhost/Users/zachvp/Music/DJ/9460381_Mushroom_Mountain_(Original_Mix).aiff" Remixer="" Tonality="6A" Label="Variety Music" Mix="">
      <TEMPO Inizio="0.199" Bpm="126.00" Metro="4/4" Battito="1" />
    </TRACK>
    <TRACK TrackID="147319149" Name="Third Moon (Salz Remix)" Artist="Stanny Franssen, Ortin Cam" Composer="" Album="Slapback 1" Grouping="" Genre="House/Deep/Tech/Dubby" Kind="AIFF File" Size="68824764" TotalTime="390" DiscNumber="0" TrackNumber="17" Year="2017" AverageBpm="127.02" DateAdded="2023-01-23" BitRate="1411" SampleRate="44100" Comments="11A - 5" PlayCount="1" Rating="0" Location="file://localhost/Users/zachvp/Music/DJ/9509759_Third_Moon_(Salz_Remix).aiff" Remixer="" Tonality="11A" Label="Telrae" Mix="">
      <TEMPO Inizio="0.068" Bpm="127.02" Metro="4/4" Battito="1" />
      <TEMPO Inizio="1.958" Bpm="127.02" Metro="4/4" Battito="1" />
      <TEMPO Inizio="26.520" Bpm="127.02" Metro="4/4" Battito="1" />
      <TEMPO Inizio="65.253" Bpm="127.02" Metro="4/4" Battito="3" />
      <TEMPO Inizio="98.790" Bpm="127.02" Metro="4/4" Battito="2" />
      <TEMPO Inizio="132.327" Bpm="127.02" Metro="4/4" Battito="1" />
      <TEMPO Inizio="165.864" Bpm="127.02" Metro="4/4" Battito="4" />
      <TEMPO Inizio="199.401" Bpm="127.02" Metro="4/4" Battito="3" />
      <TEMPO Inizio="238.134" Bpm="127.02" Metro="4/4" Battito="1" />
      <TEMPO Inizio="271.671" Bpm="127.02" Metro="4/4" Battito="4" />
      <TEMPO Inizio="305.208" Bpm="127.02" Metro="4/4" Battito="3" />
      <TEMPO Inizio="343.941" Bpm="127.02" Metro="4/4" Battito="1" />
      <TEMPO Inizio="377.478" Bpm="127.02" Metro="4/4" Battito="4" />
    </TRACK>
    <TRACK TrackID="11990709" Name="No Takers (Original)" Artist="Nick Curly" Composer="" Album="No Takers EP" Grouping="" Genre="House/Tech/Groove" Kind="AIFF File" Size="73254962" TotalTime="414" DiscNumber="0" TrackNumber="1" Year="2017" AverageBpm="125.00" DateAdded="2023-01-23" BitRate="1411" SampleRate="44100" Comments="3A - 6" PlayCount="1" Rating="0" Location="file://localhost/Users/zachvp/Music/DJ/9918112_No_Takers_(Original).aiff" Remixer="" Tonality="3A" Label="8Bit" Mix="">
      <TEMPO Inizio="0.223" Bpm="125.00" Metro="4/4" Battito="1" />
    </TRACK>
    <TRACK TrackID="111583617" Name="Songs Of Praise + Worship (Part 1)" Artist="Citizenn" Composer="" Album="Songs Of Praise + Worship" Grouping="" Genre="House/Tech/Groove" Kind="AIFF File" Size="83252164" TotalTime="470" DiscNumber="0" TrackNumber="1" Year="2017" AverageBpm="126.00" DateAdded="2023-01-23" BitRate="1411" SampleRate="44100" Comments="12A - 6" PlayCount="2" Rating="0" Location="file://localhost/Users/zachvp/Music/DJ/10136879_Songs_Of_Praise_+_Worship_(Part_1).aiff" Remixer="" Tonality="12A" Label="W&amp;O Street Tracks" Mix="">
      <TEMPO Inizio="0.044" Bpm="126.00" Metro="4/4" Battito="3" />
      <TEMPO Inizio="317.662" Bpm="126.00" Metro="4/4" Battito="2" />
    </TRACK>
    <TRACK TrackID="100541682" Name="Songs Of Praise + Worship (Part 2)" Artist="Citizenn" Composer="" Album="Songs Of Praise + Worship" Grouping="" Genre="House/Deep/Tech/Jazzy" Kind="AIFF File" Size="82209692" TotalTime="464" DiscNumber="0" TrackNumber="2" Year="2017" AverageBpm="125.00" DateAdded="2023-01-23" BitRate="1411" SampleRate="44100" Comments="8A - 6" PlayCount="1" Rating="0" Location="file://localhost/Users/zachvp/Music/DJ/10136880_Songs_Of_Praise_+_Worship_(Part_2).aiff" Remixer="" Tonality="8A" Label="W&amp;O Street Tracks" Mix="">
      <TEMPO Inizio="0.035" Bpm="125.00" Metro="4/4" Battito="1" />
      <TEMPO Inizio="365.794" Bpm="125.00" Metro="4/4" Battito="3" />
      <POSITION_MARK Name="" Type="0" Start="46.093" Num="-1" />
      <POSITION_MARK Name="" Type="0" Start="122.908" Num="-1" />
      <POSITION_MARK Name="" Type="0" Start="253.499" Num="-1" />
      <POSITION_MARK Name="" Type="0" Start="307.245" Num="-1" />
    </TRACK>
    <TRACK TrackID="75858341" Name="Reach Your Soul (Original Mix)" Artist="Greg Parker" Composer="" Album="Exposed Society, Vol. 2" Grouping="" Genre="House/Deep/Tech/" Kind="AIFF File" Size="93904278" TotalTime="529" DiscNumber="0" TrackNumber="17" Year="2018" AverageBpm="126.00" DateAdded="2023-01-23" BitRate="1411" SampleRate="44100" Comments="1A - 6" PlayCount="10" Rating="0" Location="file://localhost/Users/zachvp/Music/DJ/10189875_Reach_Your_Soul_(Original_Mix).aiff" Remixer="" Tonality="1A" Label="Tronic Soundz" Mix="">
      <TEMPO Inizio="0.007" Bpm="126.00" Metro="4/4" Battito="1" />
      <TEMPO Inizio="156.198" Bpm="126.00" Metro="4/4" Battito="1" />
    </TRACK>
    <TRACK TrackID="224009498" Name="Nightcrawler (Mihai Popoviciu Remix)" Artist="Gregory S, Peter Makto" Composer="" Album="Nightcrawler" Grouping="" Genre="House/Deep/Tech/Dubby" Kind="AIFF File" Size="88374554" TotalTime="500" DiscNumber="0" TrackNumber="2" Year="2018" AverageBpm="123.00" DateAdded="2023-01-23" BitRate="1411" SampleRate="44100" Comments="9A - 5" PlayCount="2" Rating="0" Location="file://localhost/Users/zachvp/Music/DJ/10488241_Nightcrawler_(Mihai_Popoviciu_Remix).aiff" Remixer="" Tonality="9A" Label="Truesounds Music" Mix="">
      <TEMPO Inizio="0.002" Bpm="123.00" Metro="4/4" Battito="1" />
    </TRACK>
    <TRACK TrackID="28854799" Name="After All (feat. Mandel Turner) (D'julz Main Remix)" Artist="Franck Roger, Mandel Turner" Composer="" Album="After All (feat. Mandel Turner)" Grouping="" Genre="House/Deep/Tech/" Kind="AIFF File" Size="77306798" TotalTime="436" DiscNumber="0" TrackNumber="4" Year="2018" AverageBpm="124.00" DateAdded="2023-01-23" BitRate="1411" SampleRate="44100" Comments="1A - 5" PlayCount="3" Rating="0" Location="file://localhost/Users/zachvp/Music/DJ/11318528_After_All_(feat._Mandel_Turner)_(D_julz_Main_Remix).aiff" Remixer="" Tonality="1A" Label="Home Invasion" Mix="">
      <TEMPO Inizio="0.062" Bpm="124.00" Metro="4/4" Battito="1" />
    </TRACK>
    <TRACK TrackID="258390793" Name="Close Call (Original Mix)" Artist="DJOKO" Composer="" Album="Close Call" Grouping="" Genre="House/Deep/Tech/" Kind="AIFF File" Size="94084812" TotalTime="533" DiscNumber="0" TrackNumber="1" Year="2019" AverageBpm="127.00" DateAdded="2023-01-23" BitRate="1411" SampleRate="44100" Comments="9A - 6" PlayCount="0" Rating="0" Location="file://localhost/Users/zachvp/Music/DJ/11743326_Close_Call_(Original_Mix).aiff" Remixer="" Tonality="9A" Label="Rawsome Recordings" Mix="">
      <TEMPO Inizio="0.020" Bpm="127.00" Metro="4/4" Battito="1" />
      <TEMPO Inizio="0.493" Bpm="127.00" Metro="4/4" Battito="2" />
      <TEMPO Inizio="49.155" Bpm="127.00" Metro="4/4" Battito="1" />
      <TEMPO Inizio="233.880" Bpm="127.00" Metro="4/4" Battito="4" />
      <TEMPO Inizio="414.353" Bpm="127.00" Metro="4/4" Battito="2" />
    </TRACK>
    <TRACK TrackID="148428162" Name="Do Your Thing (Original Mix)" Artist="Ben Rau" Composer="" Album="Ad Astra EP" Grouping="" Genre="House/Deep/Tech/" Kind="AIFF File" Size="83250682" TotalTime="469" DiscNumber="0" TrackNumber="2" Year="2019" AverageBpm="125.00" DateAdded="2023-01-23" BitRate="1411" SampleRate="44100" Comments="7A - 6" PlayCount="2" Rating="0" Location="file://localhost/Users/zachvp/Music/DJ/12349408_Do_Your_Thing_(Original_Mix).aiff" Remixer="" Tonality="7A" Label="INKAL" Mix="">
      <TEMPO Inizio="0.020" Bpm="125.00" Metro="4/4" Battito="3" />
      <POSITION_MARK Name="" Type="0" Start="0.492" Num="-1" />
    </TRACK>
    <TRACK TrackID="121422691" Name="Run Free (Sean McCabe Vocal Remix)" Artist="Dennis Ferrer" Composer="" Album="Street King presents Amsterdam 2019" Grouping="" Genre="House/Deep/Tech/Jazzy" Kind="AIFF File" Size="88028864" TotalTime="498" DiscNumber="0" TrackNumber="34" Year="2019" AverageBpm="126.00" DateAdded="2023-01-23" BitRate="1411" SampleRate="44100" Comments="4A - 7" PlayCount="0" Rating="0" Location="file://localhost/Users/zachvp/Music/DJ/12508939_Run_Free_(Sean_McCabe_Vocal_Remix).aiff" Remixer="" Tonality="4A" Label="Street King" Mix="">
      <TEMPO Inizio="0.224" Bpm="126.00" Metro="4/4" Battito="1" />
      <TEMPO Inizio="6.415" Bpm="126.00" Metro="4/4" Battito="2" />
    </TRACK>
    <TRACK TrackID="146089188" Name="Gravity (Dub Instrumental)" Artist="Selan" Composer="" Album="Vega Records Instrumental, Vol. 1" Grouping="" Genre="House/Deep/Tech/Jazzy" Kind="AIFF File" Size="94649210" TotalTime="536" DiscNumber="0" TrackNumber="9" Year="2008" AverageBpm="126.99" DateAdded="2023-01-23" BitRate="1411" SampleRate="44100" Comments="4A - 6" PlayCount="1" Rating="0" Location="file://localhost/Users/zachvp/Music/DJ/12575200_Gravity_(Dub_Instrumental).aiff" Remixer="" Tonality="4A" Label="Vega Records" Mix="">
      <TEMPO Inizio="0.204" Bpm="126.99" Metro="4/4" Battito="1" />
      <TEMPO Inizio="0.677" Bpm="126.99" Metro="4/4" Battito="2" />
      <TEMPO Inizio="32.332" Bpm="126.99" Metro="4/4" Battito="1" />
      <TEMPO Inizio="72.964" Bpm="126.99" Metro="4/4" Battito="3" />
      <TEMPO Inizio="113.596" Bpm="126.99" Metro="4/4" Battito="1" />
      <TEMPO Inizio="155.173" Bpm="126.99" Metro="4/4" Battito="1" />
      <TEMPO Inizio="195.805" Bpm="126.99" Metro="4/4" Battito="3" />
      <TEMPO Inizio="238.327" Bpm="126.99" Metro="4/4" Battito="1" />
      <TEMPO Inizio="278.959" Bpm="126.99" Metro="4/4" Battito="3" />
      <TEMPO Inizio="320.536" Bpm="126.99" Metro="4/4" Battito="3" />
      <TEMPO Inizio="361.168" Bpm="126.99" Metro="4/4" Battito="1" />
      <TEMPO Inizio="401.800" Bpm="126.99" Metro="4/4" Battito="3" />
      <TEMPO Inizio="444.322" Bpm="126.99" Metro="4/4" Battito="1" />
      <TEMPO Inizio="484.954" Bpm="126.99" Metro="4/4" Battito="3" />
      <TEMPO Inizio="526.531" Bpm="126.99" Metro="4/4" Battito="3" />
    </TRACK>
    <TRACK TrackID="190800410" Name="Choose Sides (Original Mix)" Artist="Michael Zucker" Composer="" Album="Draw Closer" Grouping="" Genre="House/Deep/Tech/Spacey" Kind="AIFF File" Size="69181550" TotalTime="391" DiscNumber="0" TrackNumber="2" Year="2019" AverageBpm="120.00" DateAdded="2023-01-23" BitRate="1411" SampleRate="44100" Comments="8A - 5" PlayCount="1" Rating="0" Location="file://localhost/Users/zachvp/Music/DJ/12616853_Choose_Sides_(Original_Mix).aiff" Remixer="" Tonality="8A" Label="Finale Sessions" Mix="">
      <TEMPO Inizio="0.001" Bpm="120.00" Metro="4/4" Battito="1" />
      <TEMPO Inizio="153.502" Bpm="120.00" Metro="4/4" Battito="4" />
      <TEMPO Inizio="154.001" Bpm="120.00" Metro="4/4" Battito="1" />
      <TEMPO Inizio="154.502" Bpm="120.00" Metro="4/4" Battito="2" />
      <TEMPO Inizio="155.001" Bpm="120.00" Metro="4/4" Battito="3" />
      <TEMPO Inizio="155.502" Bpm="120.00" Metro="4/4" Battito="4" />
      <TEMPO Inizio="156.001" Bpm="120.00" Metro="4/4" Battito="1" />
      <TEMPO Inizio="156.502" Bpm="120.00" Metro="4/4" Battito="2" />
      <TEMPO Inizio="157.001" Bpm="120.00" Metro="4/4" Battito="3" />
      <TEMPO Inizio="157.502" Bpm="120.00" Metro="4/4" Battito="4" />
      <TEMPO Inizio="158.001" Bpm="120.00" Metro="4/4" Battito="1" />
      <TEMPO Inizio="158.502" Bpm="120.00" Metro="4/4" Battito="2" />
      <TEMPO Inizio="159.001" Bpm="120.00" Metro="4/4" Battito="3" />
      <TEMPO Inizio="159.502" Bpm="120.00" Metro="4/4" Battito="4" />
      <TEMPO Inizio="160.001" Bpm="120.00" Metro="4/4" Battito="1" />
      <TEMPO Inizio="160.502" Bpm="120.00" Metro="4/4" Battito="2" />
      <TEMPO Inizio="161.001" Bpm="120.00" Metro="4/4" Battito="3" />
      <TEMPO Inizio="161.502" Bpm="120.00" Metro="4/4" Battito="4" />
      <TEMPO Inizio="162.001" Bpm="120.00" Metro="4/4" Battito="1" />
      <TEMPO Inizio="162.502" Bpm="120.00" Metro="4/4" Battito="2" />
      <TEMPO Inizio="163.001" Bpm="120.00" Metro="4/4" Battito="3" />
      <TEMPO Inizio="163.502" Bpm="120.00" Metro="4/4" Battito="4" />
      <TEMPO Inizio="377.503" Bpm="120.00" Metro="4/4" Battito="4" />
      <TEMPO Inizio="378.002" Bpm="120.00" Metro="4/4" Battito="1" />
      <TEMPO Inizio="378.503" Bpm="120.00" Metro="4/4" Battito="2" />
      <TEMPO Inizio="379.002" Bpm="120.00" Metro="4/4" Battito="3" />
      <TEMPO Inizio="379.503" Bpm="120.00" Metro="4/4" Battito="4" />
      <TEMPO Inizio="380.002" Bpm="120.00" Metro="4/4" Battito="1" />
      <TEMPO Inizio="380.503" Bpm="120.00" Metro="4/4" Battito="2" />
      <TEMPO Inizio="381.002" Bpm="120.00" Metro="4/4" Battito="3" />
      <TEMPO Inizio="381.503" Bpm="120.00" Metro="4/4" Battito="4" />
      <TEMPO Inizio="382.002" Bpm="120.00" Metro="4/4" Battito="1" />
      <TEMPO Inizio="382.503" Bpm="120.00" Metro="4/4" Battito="2" />
      <TEMPO Inizio="383.002" Bpm="120.00" Metro="4/4" Battito="3" />
      <TEMPO Inizio="383.503" Bpm="120.00" Metro="4/4" Battito="4" />
      <TEMPO Inizio="384.002" Bpm="120.00" Metro="4/4" Battito="1" />
      <TEMPO Inizio="384.503" Bpm="120.00" Metro="4/4" Battito="2" />
      <TEMPO Inizio="385.002" Bpm="120.00" Metro="4/4" Battito="3" />
      <TEMPO Inizio="385.503" Bpm="120.00" Metro="4/4" Battito="4" />
      <TEMPO Inizio="386.002" Bpm="120.00" Metro="4/4" Battito="1" />
      <TEMPO Inizio="386.503" Bpm="120.00" Metro="4/4" Battito="2" />
      <TEMPO Inizio="387.002" Bpm="120.00" Metro="4/4" Battito="3" />
      <TEMPO Inizio="387.503" Bpm="120.00" Metro="4/4" Battito="4" />
    </TRACK>
    <TRACK TrackID="150665234" Name="Binary House (Original Mix)" Artist="Davide Di Blasi" Composer="" Album="Roll On" Grouping="" Genre="House/Deep/Tech/" Kind="AIFF File" Size="80662356" TotalTime="456" DiscNumber="0" TrackNumber="2" Year="2019" AverageBpm="122.00" DateAdded="2023-01-23" BitRate="1411" SampleRate="44100" Comments="8A - 6" PlayCount="0" Rating="0" Location="file://localhost/Users/zachvp/Music/DJ/12677730_Binary_House_(Original_Mix).aiff" Remixer="" Tonality="8A" Label="Noze Music Recordings" Mix="">
      <TEMPO Inizio="0.001" Bpm="122.00" Metro="4/4" Battito="1" />
    </TRACK>
    <TRACK TrackID="3701926" Name="Black Flower (Original Mix)" Artist="Ezikiel, Federico Grazzini" Composer="" Album="Black Flower EP" Grouping="" Genre="House/Deep/Tech/" Kind="AIFF File" Size="92041268" TotalTime="520" DiscNumber="0" TrackNumber="1" Year="2019" AverageBpm="126.00" DateAdded="2023-01-23" BitRate="1411" SampleRate="44100" Comments="7A - 6" PlayCount="0" Rating="0" Location="file://localhost/Users/zachvp/Music/DJ/12725550_Black_Flower_(Original_Mix).aiff" Remixer="" Tonality="7A" Label="Moan" Mix="">
      <TEMPO Inizio="0.016" Bpm="126.00" Metro="4/4" Battito="1" />
    </TRACK>
    <TRACK TrackID="14549490" Name="Black Flower (Tripmastaz 7400 Dubb)" Artist="Ezikiel, Federico Grazzini" Composer="" Album="Black Flower EP" Grouping="" Genre="House/Tech/Organic" Kind="AIFF File" Size="85592668" TotalTime="483" DiscNumber="0" TrackNumber="2" Year="2019" AverageBpm="127.00" DateAdded="2023-01-23" BitRate="1411" SampleRate="44100" Comments="8A - 6" PlayCount="6" Rating="0" Location="file://localhost/Users/zachvp/Music/DJ/12725551_Black_Flower_(Tripmastaz_7400_Dubb).aiff" Remixer="" Tonality="8A" Label="Moan" Mix="">
      <TEMPO Inizio="0.062" Bpm="127.00" Metro="4/4" Battito="1" />
      <TEMPO Inizio="283.998" Bpm="127.00" Metro="4/4" Battito="2" />
      <POSITION_MARK Name="" Type="0" Start="60.547" Num="-1" />
    </TRACK>
    <TRACK TrackID="70297645" Name="Wetlands (Original Mix)" Artist="Otik" Composer="" Album="Wetlands" Grouping="" Genre="House/Tech/Breaks" Kind="AIFF File" Size="66693098" TotalTime="377" DiscNumber="0" TrackNumber="1" Year="2020" AverageBpm="128.00" DateAdded="2023-01-23" BitRate="1411" SampleRate="44100" Comments="11A - 7" PlayCount="3" Rating="0" Location="file://localhost/Users/zachvp/Music/DJ/13089112_Wetlands_(Original_Mix).aiff" Remixer="" Tonality="11A" Label="Intergraded" Mix="">
      <TEMPO Inizio="0.049" Bpm="128.00" Metro="4/4" Battito="1" />
      <POSITION_MARK Name="" Type="0" Start="15.049" Num="-1" />
      <POSITION_MARK Name="" Type="0" Start="135.048" Num="0" Red="40" Green="226" Blue="20" />
      <POSITION_MARK Name="" Type="0" Start="225.045" Num="-1" />
      <POSITION_MARK Name="" Type="0" Start="255.050" Num="-1" />
      <POSITION_MARK Name="" Type="0" Start="315.067" Num="-1" />
    </TRACK>
    <TRACK TrackID="39897784" Name="El Nuevo Misterio (Original Mix)" Artist="Luciano Garrido" Composer="" Album="10 Years of Amazing" Grouping="" Genre="House/Deep/Tech/" Kind="AIFF File" Size="73429498" TotalTime="409" DiscNumber="0" TrackNumber="1" Year="2021" AverageBpm="123.00" DateAdded="2023-01-23" BitRate="1411" SampleRate="44100" Comments="9A - 6" PlayCount="4" Rating="0" Location="file://localhost/Users/zachvp/Music/DJ/15015359_El_Nuevo_Misterio_(Original_Mix).aiff" Remixer="" Tonality="9A" Label="Amazing Music" Mix="">
      <TEMPO Inizio="0.034" Bpm="123.00" Metro="4/4" Battito="1" />
    </TRACK>
    <TRACK TrackID="92205760" Name="Girlanda (Original Mix)" Artist="Lowres" Composer="" Album="Semena" Grouping="" Genre="House/Deep/Tech/Jazzy" Kind="AIFF File" Size="50654014" TotalTime="282" DiscNumber="0" TrackNumber="3" Year="2021" AverageBpm="120.00" DateAdded="2023-01-23" BitRate="1411" SampleRate="44100" Comments="10A - 6" PlayCount="3" Rating="0" Location="file://localhost/Users/zachvp/Music/DJ/15141834_Girlanda_(Original_Mix).aiff" Remixer="" Tonality="10A" Label="Minor Notes Recordings" Mix="">
      <TEMPO Inizio="0.006" Bpm="120.00" Metro="4/4" Battito="1" />
      <TEMPO Inizio="223.507" Bpm="120.00" Metro="4/4" Battito="4" />
      <TEMPO Inizio="224.006" Bpm="120.00" Metro="4/4" Battito="1" />
      <TEMPO Inizio="224.507" Bpm="120.00" Metro="4/4" Battito="2" />
      <TEMPO Inizio="225.006" Bpm="120.00" Metro="4/4" Battito="3" />
      <TEMPO Inizio="225.507" Bpm="120.00" Metro="4/4" Battito="4" />
      <TEMPO Inizio="226.006" Bpm="120.00" Metro="4/4" Battito="1" />
      <TEMPO Inizio="226.507" Bpm="120.00" Metro="4/4" Battito="2" />
      <TEMPO Inizio="227.006" Bpm="120.00" Metro="4/4" Battito="3" />
      <TEMPO Inizio="227.507" Bpm="120.00" Metro="4/4" Battito="4" />
      <TEMPO Inizio="228.006" Bpm="120.00" Metro="4/4" Battito="1" />
      <TEMPO Inizio="228.507" Bpm="120.00" Metro="4/4" Battito="2" />
      <TEMPO Inizio="229.006" Bpm="120.00" Metro="4/4" Battito="3" />
      <TEMPO Inizio="229.507" Bpm="120.00" Metro="4/4" Battito="4" />
      <TEMPO Inizio="230.006" Bpm="120.00" Metro="4/4" Battito="1" />
      <TEMPO Inizio="230.507" Bpm="120.00" Metro="4/4" Battito="2" />
      <TEMPO Inizio="231.006" Bpm="120.00" Metro="4/4" Battito="3" />
      <TEMPO Inizio="231.507" Bpm="120.00" Metro="4/4" Battito="4" />
      <TEMPO Inizio="232.006" Bpm="120.00" Metro="4/4" Battito="1" />
      <TEMPO Inizio="232.507" Bpm="120.00" Metro="4/4" Battito="2" />
      <TEMPO Inizio="233.006" Bpm="120.00" Metro="4/4" Battito="3" />
      <TEMPO Inizio="233.507" Bpm="120.00" Metro="4/4" Battito="4" />
      <TEMPO Inizio="234.006" Bpm="120.00" Metro="4/4" Battito="1" />
      <TEMPO Inizio="234.507" Bpm="120.00" Metro="4/4" Battito="2" />
      <TEMPO Inizio="235.006" Bpm="120.00" Metro="4/4" Battito="3" />
      <TEMPO Inizio="235.507" Bpm="120.00" Metro="4/4" Battito="4" />
      <TEMPO Inizio="236.006" Bpm="120.00" Metro="4/4" Battito="1" />
      <TEMPO Inizio="236.507" Bpm="120.00" Metro="4/4" Battito="2" />
      <TEMPO Inizio="237.006" Bpm="120.00" Metro="4/4" Battito="3" />
      <TEMPO Inizio="237.507" Bpm="120.00" Metro="4/4" Battito="4" />
    </TRACK>
    <TRACK TrackID="86226515" Name="Hood Thang (Original Mix)" Artist="Hertz Collision, Gene Richards Jr" Composer="" Album="Hood Thang" Grouping="" Genre="House/Techno/" Kind="AIFF File" Size="64552158" TotalTime="364" DiscNumber="0" TrackNumber="1" Year="2021" AverageBpm="135.00" DateAdded="2023-01-23" BitRate="1411" SampleRate="44100" Comments="7A - 5" PlayCount="2" Rating="0" Location="file://localhost/Users/zachvp/Music/DJ/15155566_Hood_Thang_(Original_Mix).aiff" Remixer="" Tonality="7A" Label="Truncate" Mix="">
      <TEMPO Inizio="0.003" Bpm="135.00" Metro="4/4" Battito="1" />
      <TEMPO Inizio="0.448" Bpm="135.00" Metro="4/4" Battito="2" />
    </TRACK>
    <TRACK TrackID="258826264" Name="Come Now Sound Boy (Coco Bryce Remix)" Artist="Robert Lee" Composer="" Album="Come Now Sound Boy" Grouping="" Genre="House/Tech/Breaks" Kind="AIFF File" Size="63074850" TotalTime="346" DiscNumber="0" TrackNumber="2" Year="2021" AverageBpm="167.11" DateAdded="2023-01-23" BitRate="1411" SampleRate="44100" Comments="3A - 6" PlayCount="3" Rating="0" Location="file://localhost/Users/zachvp/Music/DJ/15784757_Come_Now_Sound_Boy_(Coco_Bryce_Remix).aiff" Remixer="" Tonality="3A" Label="Rhythm Discs!" Mix="">
      <TEMPO Inizio="0.032" Bpm="167.11" Metro="4/4" Battito="1" />
      <TEMPO Inizio="2.187" Bpm="167.11" Metro="4/4" Battito="3" />
      <POSITION_MARK Name="" Type="0" Start="45.987" Num="-1" />
    </TRACK>
    <TRACK TrackID="29549828" Name="Lavander (Original Mix)" Artist="Never Alone In A Dark Room" Composer="" Album="1st. Year Anniversary VA" Grouping="" Genre="House/Deep/Tech/" Kind="AIFF File" Size="121516964" TotalTime="686" DiscNumber="0" TrackNumber="2" Year="2021" AverageBpm="123.00" DateAdded="2023-01-23" BitRate="1411" SampleRate="44100" Comments="8A - 4" PlayCount="2" Rating="0" Location="file://localhost/Users/zachvp/Music/DJ/15968018_Lavander_(Original_Mix).aiff" Remixer="" Tonality="8A" Label="Microgarden lab." Mix="">
      <TEMPO Inizio="0.052" Bpm="123.00" Metro="4/4" Battito="1" />
    </TRACK>
    <TRACK TrackID="72021795" Name="Undelivered (Remix)" Artist="Martin Schulte, Giacomo Pellegrino" Composer="" Album="Night City" Grouping="" Genre="House/Deep/Tech/Dubby" Kind="AIFF File" Size="84587286" TotalTime="478" DiscNumber="0" TrackNumber="4" Year="2021" AverageBpm="120.00" DateAdded="2023-01-23" BitRate="1411" SampleRate="44100" Comments="9A - 5" PlayCount="0" Rating="0" Location="file://localhost/Users/zachvp/Music/DJ/16041150_Undelivered_(Remix).aiff" Remixer="" Tonality="9A" Label="spclnch" Mix="">
      <TEMPO Inizio="0.499" Bpm="120.00" Metro="4/4" Battito="2" />
      <TEMPO Inizio="380.000" Bpm="120.00" Metro="4/4" Battito="1" />
      <TEMPO Inizio="380.499" Bpm="120.00" Metro="4/4" Battito="2" />
      <TEMPO Inizio="381.000" Bpm="120.00" Metro="4/4" Battito="3" />
      <TEMPO Inizio="381.499" Bpm="120.00" Metro="4/4" Battito="4" />
      <TEMPO Inizio="382.000" Bpm="120.00" Metro="4/4" Battito="1" />
      <TEMPO Inizio="382.499" Bpm="120.00" Metro="4/4" Battito="2" />
      <TEMPO Inizio="383.000" Bpm="120.00" Metro="4/4" Battito="3" />
      <TEMPO Inizio="383.499" Bpm="120.00" Metro="4/4" Battito="4" />
      <TEMPO Inizio="384.000" Bpm="120.00" Metro="4/4" Battito="1" />
      <TEMPO Inizio="384.499" Bpm="120.00" Metro="4/4" Battito="2" />
      <TEMPO Inizio="385.000" Bpm="120.00" Metro="4/4" Battito="3" />
      <TEMPO Inizio="385.499" Bpm="120.00" Metro="4/4" Battito="4" />
      <TEMPO Inizio="386.000" Bpm="120.00" Metro="4/4" Battito="1" />
      <TEMPO Inizio="386.499" Bpm="120.00" Metro="4/4" Battito="2" />
      <TEMPO Inizio="387.000" Bpm="120.00" Metro="4/4" Battito="3" />
      <TEMPO Inizio="387.499" Bpm="120.00" Metro="4/4" Battito="4" />
      <TEMPO Inizio="388.000" Bpm="120.00" Metro="4/4" Battito="1" />
      <TEMPO Inizio="388.499" Bpm="120.00" Metro="4/4" Battito="2" />
      <TEMPO Inizio="389.000" Bpm="120.00" Metro="4/4" Battito="3" />
      <TEMPO Inizio="389.499" Bpm="120.00" Metro="4/4" Battito="4" />
      <TEMPO Inizio="390.000" Bpm="120.00" Metro="4/4" Battito="1" />
      <TEMPO Inizio="390.499" Bpm="120.00" Metro="4/4" Battito="2" />
      <TEMPO Inizio="391.000" Bpm="120.00" Metro="4/4" Battito="3" />
      <TEMPO Inizio="391.499" Bpm="120.00" Metro="4/4" Battito="4" />
      <TEMPO Inizio="392.000" Bpm="120.00" Metro="4/4" Battito="1" />
      <TEMPO Inizio="392.499" Bpm="120.00" Metro="4/4" Battito="2" />
      <TEMPO Inizio="393.000" Bpm="120.00" Metro="4/4" Battito="3" />
      <TEMPO Inizio="393.499" Bpm="120.00" Metro="4/4" Battito="4" />
      <TEMPO Inizio="394.000" Bpm="120.00" Metro="4/4" Battito="1" />
      <TEMPO Inizio="394.499" Bpm="120.00" Metro="4/4" Battito="2" />
      <TEMPO Inizio="395.000" Bpm="120.00" Metro="4/4" Battito="3" />
      <TEMPO Inizio="395.499" Bpm="120.00" Metro="4/4" Battito="4" />
      <TEMPO Inizio="396.000" Bpm="120.00" Metro="4/4" Battito="1" />
      <TEMPO Inizio="396.499" Bpm="120.00" Metro="4/4" Battito="2" />
      <TEMPO Inizio="397.000" Bpm="120.00" Metro="4/4" Battito="3" />
      <TEMPO Inizio="397.499" Bpm="120.00" Metro="4/4" Battito="4" />
      <TEMPO Inizio="398.000" Bpm="120.00" Metro="4/4" Battito="1" />
      <TEMPO Inizio="398.499" Bpm="120.00" Metro="4/4" Battito="2" />
      <TEMPO Inizio="399.000" Bpm="120.00" Metro="4/4" Battito="3" />
      <TEMPO Inizio="399.499" Bpm="120.00" Metro="4/4" Battito="4" />
      <TEMPO Inizio="400.000" Bpm="120.00" Metro="4/4" Battito="1" />
      <TEMPO Inizio="400.499" Bpm="120.00" Metro="4/4" Battito="2" />
      <TEMPO Inizio="401.000" Bpm="120.00" Metro="4/4" Battito="3" />
      <TEMPO Inizio="401.499" Bpm="120.00" Metro="4/4" Battito="4" />
      <TEMPO Inizio="402.000" Bpm="120.00" Metro="4/4" Battito="1" />
      <TEMPO Inizio="402.499" Bpm="120.00" Metro="4/4" Battito="2" />
      <TEMPO Inizio="403.000" Bpm="120.00" Metro="4/4" Battito="3" />
      <TEMPO Inizio="403.499" Bpm="120.00" Metro="4/4" Battito="4" />
      <TEMPO Inizio="404.000" Bpm="120.00" Metro="4/4" Battito="1" />
      <TEMPO Inizio="404.499" Bpm="120.00" Metro="4/4" Battito="2" />
      <TEMPO Inizio="405.000" Bpm="120.00" Metro="4/4" Battito="3" />
      <TEMPO Inizio="405.499" Bpm="120.00" Metro="4/4" Battito="4" />
      <TEMPO Inizio="406.000" Bpm="120.00" Metro="4/4" Battito="1" />
      <TEMPO Inizio="406.499" Bpm="120.00" Metro="4/4" Battito="2" />
      <TEMPO Inizio="407.000" Bpm="120.00" Metro="4/4" Battito="3" />
      <TEMPO Inizio="407.499" Bpm="120.00" Metro="4/4" Battito="4" />
      <TEMPO Inizio="408.000" Bpm="120.00" Metro="4/4" Battito="1" />
      <TEMPO Inizio="408.499" Bpm="120.00" Metro="4/4" Battito="2" />
      <TEMPO Inizio="409.000" Bpm="120.00" Metro="4/4" Battito="3" />
      <TEMPO Inizio="409.499" Bpm="120.00" Metro="4/4" Battito="4" />
      <TEMPO Inizio="410.000" Bpm="120.00" Metro="4/4" Battito="1" />
      <TEMPO Inizio="410.499" Bpm="120.00" Metro="4/4" Battito="2" />
      <TEMPO Inizio="411.000" Bpm="120.00" Metro="4/4" Battito="3" />
      <TEMPO Inizio="411.499" Bpm="120.00" Metro="4/4" Battito="4" />
      <TEMPO Inizio="412.000" Bpm="120.00" Metro="4/4" Battito="1" />
      <TEMPO Inizio="412.499" Bpm="120.00" Metro="4/4" Battito="2" />
      <TEMPO Inizio="413.000" Bpm="120.00" Metro="4/4" Battito="3" />
      <TEMPO Inizio="413.499" Bpm="120.00" Metro="4/4" Battito="4" />
      <TEMPO Inizio="414.000" Bpm="120.00" Metro="4/4" Battito="1" />
      <TEMPO Inizio="414.499" Bpm="120.00" Metro="4/4" Battito="2" />
      <TEMPO Inizio="415.000" Bpm="120.00" Metro="4/4" Battito="3" />
      <TEMPO Inizio="415.499" Bpm="120.00" Metro="4/4" Battito="4" />
      <TEMPO Inizio="416.000" Bpm="120.00" Metro="4/4" Battito="1" />
      <TEMPO Inizio="416.499" Bpm="120.00" Metro="4/4" Battito="2" />
      <TEMPO Inizio="417.000" Bpm="120.00" Metro="4/4" Battito="3" />
      <TEMPO Inizio="417.499" Bpm="120.00" Metro="4/4" Battito="4" />
      <TEMPO Inizio="418.000" Bpm="120.00" Metro="4/4" Battito="1" />
      <TEMPO Inizio="418.499" Bpm="120.00" Metro="4/4" Battito="2" />
      <TEMPO Inizio="419.000" Bpm="120.00" Metro="4/4" Battito="3" />
      <TEMPO Inizio="419.499" Bpm="120.00" Metro="4/4" Battito="4" />
      <TEMPO Inizio="420.000" Bpm="120.00" Metro="4/4" Battito="1" />
      <TEMPO Inizio="420.499" Bpm="120.00" Metro="4/4" Battito="2" />
      <TEMPO Inizio="421.000" Bpm="120.00" Metro="4/4" Battito="3" />
      <TEMPO Inizio="421.499" Bpm="120.00" Metro="4/4" Battito="4" />
      <TEMPO Inizio="422.000" Bpm="120.00" Metro="4/4" Battito="1" />
      <TEMPO Inizio="422.499" Bpm="120.00" Metro="4/4" Battito="2" />
      <TEMPO Inizio="423.000" Bpm="120.00" Metro="4/4" Battito="3" />
      <TEMPO Inizio="423.499" Bpm="120.00" Metro="4/4" Battito="4" />
      <TEMPO Inizio="424.000" Bpm="120.00" Metro="4/4" Battito="1" />
      <TEMPO Inizio="424.499" Bpm="120.00" Metro="4/4" Battito="2" />
      <TEMPO Inizio="425.000" Bpm="120.00" Metro="4/4" Battito="3" />
      <TEMPO Inizio="425.499" Bpm="120.00" Metro="4/4" Battito="4" />
      <TEMPO Inizio="426.000" Bpm="120.00" Metro="4/4" Battito="1" />
      <TEMPO Inizio="426.499" Bpm="120.00" Metro="4/4" Battito="2" />
      <TEMPO Inizio="427.000" Bpm="120.00" Metro="4/4" Battito="3" />
      <TEMPO Inizio="427.499" Bpm="120.00" Metro="4/4" Battito="4" />
      <TEMPO Inizio="428.000" Bpm="120.00" Metro="4/4" Battito="1" />
      <TEMPO Inizio="428.499" Bpm="120.00" Metro="4/4" Battito="2" />
      <TEMPO Inizio="429.000" Bpm="120.00" Metro="4/4" Battito="3" />
      <TEMPO Inizio="429.499" Bpm="120.00" Metro="4/4" Battito="4" />
      <TEMPO Inizio="430.000" Bpm="120.00" Metro="4/4" Battito="1" />
      <TEMPO Inizio="430.499" Bpm="120.00" Metro="4/4" Battito="2" />
      <TEMPO Inizio="431.000" Bpm="120.00" Metro="4/4" Battito="3" />
      <TEMPO Inizio="431.499" Bpm="120.00" Metro="4/4" Battito="4" />
      <TEMPO Inizio="432.000" Bpm="120.00" Metro="4/4" Battito="1" />
      <TEMPO Inizio="432.499" Bpm="120.00" Metro="4/4" Battito="2" />
      <TEMPO Inizio="433.000" Bpm="120.00" Metro="4/4" Battito="3" />
      <TEMPO Inizio="433.499" Bpm="120.00" Metro="4/4" Battito="4" />
      <TEMPO Inizio="434.000" Bpm="120.00" Metro="4/4" Battito="1" />
    </TRACK>
    <TRACK TrackID="183275210" Name="Saga (Original Mix)" Artist="Tal Fussman" Composer="" Album="The Unknown" Grouping="" Genre="House/Tech/Indie/Retro" Kind="AIFF File" Size="66516898" TotalTime="368" DiscNumber="0" TrackNumber="4" Year="2022" AverageBpm="120.00" DateAdded="2023-01-23" BitRate="1411" SampleRate="44100" Comments="9A - 6" PlayCount="10" Rating="0" Location="file://localhost/Users/zachvp/Music/DJ/16055790_Saga_(Original_Mix).aiff" Remixer="" Tonality="9A" Label="Diynamic" Mix="">
      <TEMPO Inizio="0.253" Bpm="120.00" Metro="4/4" Battito="1" />
      <POSITION_MARK Name="" Type="0" Start="48.246" Num="-1" />
    </TRACK>
    <TRACK TrackID="204089857" Name="256 (Original Mix)" Artist="Levi Verspeek" Composer="" Album="ZNA001" Grouping="" Genre="House/Deep/Tech/Jazzy" Kind="AIFF File" Size="108172622" TotalTime="604" DiscNumber="0" TrackNumber="1" Year="2022" AverageBpm="128.00" DateAdded="2023-01-23" BitRate="1411" SampleRate="44100" Comments="5A - 5" PlayCount="2" Rating="0" Location="file://localhost/Users/zachvp/Music/DJ/16074876_256_(Original_Mix).aiff" Remixer="" Tonality="5A" Label="Lyssna Records" Mix="">
      <TEMPO Inizio="0.010" Bpm="128.00" Metro="4/4" Battito="3" />
      <POSITION_MARK Name="" Type="0" Start="90.936" Num="-1" />
    </TRACK>
    <TRACK TrackID="82614300" Name="Inner (Sakdat Remix)" Artist="Cody (Ro)" Composer="" Album="Select RO Minimal 2" Grouping="" Genre="House/Deep/Tech/" Kind="AIFF File" Size="76495846" TotalTime="426" DiscNumber="0" TrackNumber="5" Year="2022" AverageBpm="126.00" DateAdded="2023-01-23" BitRate="1411" SampleRate="44100" Comments="12A - 5" PlayCount="1" Rating="0" Location="file://localhost/Users/zachvp/Music/DJ/16679010_Inner_(Sakdat_Remix).aiff" Remixer="" Tonality="12A" Label="Selectro" Mix="">
      <TEMPO Inizio="0.118" Bpm="126.00" Metro="4/4" Battito="1" />
      <TEMPO Inizio="0.595" Bpm="126.00" Metro="4/4" Battito="2" />
    </TRACK>
    <TRACK TrackID="189749873" Name="Change feat. Wayne Snow (Original Mix)" Artist="Supershy" Composer="" Album="Change / Take My Time" Grouping="" Genre="House/Deep/Tech/Jazzy" Kind="AIFF File" Size="52869536" TotalTime="290" DiscNumber="0" TrackNumber="1" Year="2022" AverageBpm="120.00" DateAdded="2023-01-23" BitRate="1411" SampleRate="44100" Comments="5A - 6" PlayCount="1" Rating="0" Location="file://localhost/Users/zachvp/Music/DJ/16694358_Change_feat._Wayne_Snow_(Original_Mix).aiff" Remixer="" Tonality="5A" Label="Beyond The Groove" Mix="">
      <TEMPO Inizio="0.140" Bpm="120.00" Metro="4/4" Battito="1" />
      <TEMPO Inizio="2.139" Bpm="120.00" Metro="4/4" Battito="1" />
      <TEMPO Inizio="2.640" Bpm="120.00" Metro="4/4" Battito="2" />
      <TEMPO Inizio="3.139" Bpm="120.00" Metro="4/4" Battito="3" />
      <TEMPO Inizio="29.138" Bpm="120.00" Metro="4/4" Battito="3" />
      <TEMPO Inizio="29.639" Bpm="120.00" Metro="4/4" Battito="4" />
      <TEMPO Inizio="30.138" Bpm="120.00" Metro="4/4" Battito="1" />
      <TEMPO Inizio="57.137" Bpm="120.00" Metro="4/4" Battito="3" />
      <TEMPO Inizio="57.638" Bpm="120.00" Metro="4/4" Battito="4" />
      <TEMPO Inizio="58.137" Bpm="120.00" Metro="4/4" Battito="1" />
      <TEMPO Inizio="84.136" Bpm="120.00" Metro="4/4" Battito="1" />
      <TEMPO Inizio="84.637" Bpm="120.00" Metro="4/4" Battito="2" />
      <TEMPO Inizio="85.136" Bpm="120.00" Metro="4/4" Battito="3" />
      <TEMPO Inizio="112.135" Bpm="120.00" Metro="4/4" Battito="1" />
      <TEMPO Inizio="112.636" Bpm="120.00" Metro="4/4" Battito="2" />
      <TEMPO Inizio="113.135" Bpm="120.00" Metro="4/4" Battito="3" />
      <TEMPO Inizio="140.134" Bpm="120.00" Metro="4/4" Battito="1" />
      <TEMPO Inizio="167.133" Bpm="120.00" Metro="4/4" Battito="3" />
      <TEMPO Inizio="167.634" Bpm="120.00" Metro="4/4" Battito="4" />
      <TEMPO Inizio="168.133" Bpm="120.00" Metro="4/4" Battito="1" />
      <TEMPO Inizio="195.132" Bpm="120.00" Metro="4/4" Battito="3" />
      <TEMPO Inizio="222.131" Bpm="120.00" Metro="4/4" Battito="1" />
      <TEMPO Inizio="222.632" Bpm="120.00" Metro="4/4" Battito="2" />
      <TEMPO Inizio="223.131" Bpm="120.00" Metro="4/4" Battito="3" />
      <TEMPO Inizio="250.130" Bpm="120.00" Metro="4/4" Battito="1" />
      <TEMPO Inizio="250.631" Bpm="120.00" Metro="4/4" Battito="2" />
      <TEMPO Inizio="251.130" Bpm="120.00" Metro="4/4" Battito="3" />
      <TEMPO Inizio="277.129" Bpm="120.00" Metro="4/4" Battito="3" />
      <TEMPO Inizio="277.630" Bpm="120.00" Metro="4/4" Battito="4" />
      <TEMPO Inizio="278.129" Bpm="120.00" Metro="4/4" Battito="1" />
      <POSITION_MARK Name="" Type="0" Start="0.142" Num="-1" />
    </TRACK>
    <TRACK TrackID="72096066" Name="Trained To Be Ghosts (Original Mix)" Artist="Rhythm Factory" Composer="" Album="Infinity E.P." Grouping="" Genre="House/Deep/Tech/Spacey" Kind="AIFF File" Size="79290258" TotalTime="433" DiscNumber="0" TrackNumber="1" Year="2022" AverageBpm="126.00" DateAdded="2023-01-23" BitRate="1411" SampleRate="44100" Comments="4A - 5" PlayCount="2" Rating="0" Location="file://localhost/Users/zachvp/Music/DJ/16802559_Trained_To_Be_Ghosts_(Original_Mix).aiff" Remixer="" Tonality="4A" Label="La Pena" Mix="">
      <TEMPO Inizio="0.205" Bpm="126.00" Metro="4/4" Battito="1" />
      <TEMPO Inizio="106.396" Bpm="126.00" Metro="4/4" Battito="4" />
      <TEMPO Inizio="262.587" Bpm="126.00" Metro="4/4" Battito="4" />
      <TEMPO Inizio="418.778" Bpm="126.00" Metro="4/4" Battito="4" />
    </TRACK>
    <TRACK TrackID="122738451" Name="Tears of the Vale (Havantepe Remix)" Artist="Sarp Ozaydin" Composer="" Album="Cosmic Breeze" Grouping="" Genre="House/Deep/Tech/" Kind="AIFF File" Size="73517118" TotalTime="414" DiscNumber="0" TrackNumber="4" Year="2022" AverageBpm="126.00" DateAdded="2023-01-23" BitRate="1411" SampleRate="44100" Comments="5A - 6" PlayCount="4" Rating="0" Location="file://localhost/Users/zachvp/Music/DJ/16804741_Tears_of_the_Vale_(Havantepe_Remix).aiff" Remixer="" Tonality="5A" Label="Petra Digital Recordings" Mix="">
      <TEMPO Inizio="0.022" Bpm="126.00" Metro="4/4" Battito="1" />
      <TEMPO Inizio="0.975" Bpm="126.00" Metro="4/4" Battito="3" />
    </TRACK>
    <TRACK TrackID="185601439" Name="Dream State feat. Derrick Carter (Original Mix)" Artist="Derrick Carter, Cajmere" Composer="" Album="Only 4 U: The Sound Of Cajmere &amp; Cajual Records 1992-2012" Grouping="" Genre="House/Deep/Tech/" Kind="AIFF File" Size="74917674" TotalTime="422" DiscNumber="0" TrackNumber="5" Year="2012" AverageBpm="124.98" DateAdded="2023-01-23" BitRate="1411" SampleRate="44100" Comments="5A - 6" PlayCount="1" Rating="0" Location="file://localhost/Users/zachvp/Music/DJ/17106372_Dream_State_feat._Derrick_Carter_(Original_Mix).aiff" Remixer="" Tonality="5A" Label="Strut" Mix="">
      <TEMPO Inizio="0.020" Bpm="124.98" Metro="4/4" Battito="3" />
      <TEMPO Inizio="2.421" Bpm="124.98" Metro="4/4" Battito="4" />
      <TEMPO Inizio="161.327" Bpm="124.98" Metro="4/4" Battito="3" />
      <TEMPO Inizio="307.751" Bpm="124.98" Metro="4/4" Battito="4" />
    </TRACK>
    <TRACK TrackID="230171305" Name="Prettiest Virgin" Artist="Agar Agar" Composer="" Album="" Grouping="" Genre="Lounge/Indie" Kind="AIFF File" Size="66240830" TotalTime="374" DiscNumber="0" TrackNumber="0" Year="2016" AverageBpm="120.00" DateAdded="2023-01-23" BitRate="1411" SampleRate="44100" Comments="5A - 5" PlayCount="3" Rating="0" Location="file://localhost/Users/zachvp/Music/DJ/Agar%20Agar%20-%20Prettiest%20Virgin.aiff" Remixer="" Tonality="5A" Label="" Mix="">
      <TEMPO Inizio="0.120" Bpm="120.00" Metro="4/4" Battito="3" />
      <TEMPO Inizio="138.119" Bpm="120.00" Metro="4/4" Battito="3" />
      <POSITION_MARK Name="" Type="0" Start="17.127" Num="-1" />
      <POSITION_MARK Name="" Type="0" Start="1.123" Num="-1" />
    </TRACK>
    <TRACK TrackID="207608025" Name="Unravel In The Designated Zone" Artist="Anz" Composer="" Album="OTMI001" Grouping="" Genre="House/Tech/Indie/Retro" Kind="AIFF File" Size="76344832" TotalTime="287" DiscNumber="0" TrackNumber="1" Year="2021" AverageBpm="130.11" DateAdded="2023-01-23" BitRate="2116" SampleRate="44100" Comments="2A - 6" PlayCount="8" Rating="0" Location="file://localhost/Users/zachvp/Music/DJ/Anz%20-%20Unravel%20In%20The%20Designated%20Zone.aiff" Remixer="" Tonality="2A" Label="" Mix="">
      <TEMPO Inizio="0.008" Bpm="130.11" Metro="4/4" Battito="1" />
      <TEMPO Inizio="270.701" Bpm="130.11" Metro="4/4" Battito="4" />
      <POSITION_MARK Name="" Type="0" Start="59.054" Num="-1" />
    </TRACK>
    <TRACK TrackID="36560481" Name="Forster Funk" Artist="Black Loops" Composer="" Album="15 Years Of Hudd Traxx - Here &amp; Now" Grouping="" Genre="House/Deep/Tech/Jazzy" Kind="AIFF File" Size="69005498" TotalTime="389" DiscNumber="0" TrackNumber="1" Year="2021" AverageBpm="130.00" DateAdded="2023-01-23" BitRate="1411" SampleRate="44100" Comments="6A - 5" PlayCount="5" Rating="0" Location="file://localhost/Users/zachvp/Music/DJ/Black%20Loops%20-%20Forster%20Funk.aiff" Remixer="" Tonality="6A" Label="" Mix="">
      <TEMPO Inizio="0.002" Bpm="130.00" Metro="4/4" Battito="1" />
      <POSITION_MARK Name="" Type="0" Start="59.080" Num="-1" />
      <POSITION_MARK Name="" Type="0" Start="288.022" Num="-1" />
    </TRACK>
    <TRACK TrackID="147933498" Name="Moth" Artist="Burial + Four Tet" Composer="" Album="Nova/Moth" Grouping="" Genre="House/Deep/Tech/Spacey" Kind="AIFF File" Size="148423388" TotalTime="560" DiscNumber="0" TrackNumber="2" Year="2022" AverageBpm="117.50" DateAdded="2023-01-23" BitRate="2116" SampleRate="44100" Comments="10B - 3" PlayCount="1" Rating="0" Location="file://localhost/Users/zachvp/Music/DJ/Burial%20+%20Four%20Tet%20-%20Moth.aiff" Remixer="" Tonality="10B" Label="" Mix="">
      <TEMPO Inizio="0.002" Bpm="117.50" Metro="4/4" Battito="1" />
    </TRACK>
    <TRACK TrackID="29042186" Name="Czas Poczeka (Chyba) (Fred Everything Remix)" Artist="Catz 'n Dogz" Composer="" Album="Catz 'n Dogz - Basic Colour Theory Remixed [PETS064]" Grouping="" Genre="House/Deep/Tech/Jazzy" Kind="AIFF File" Size="71533008" TotalTime="404" DiscNumber="0" TrackNumber="4" Year="2016" AverageBpm="125.00" DateAdded="2023-01-23" BitRate="1411" SampleRate="44100" Comments="9A - 6" PlayCount="3" Rating="0" Location="file://localhost/Users/zachvp/Music/DJ/catz%20%27n%20dogz,%20maurice%20fulton,%20eats%20everything,%20skudge,%20fred%20everything,%20jamie%20jones,%20matthew%20herbert%20-%20Catz%20%27n%20Dogz%20-%20Czas%20Poczeka%20(Chyba)%20(Fred%20Everything%20Remix).aiff" Remixer="" Tonality="9A" Label="" Mix="">
      <TEMPO Inizio="0.002" Bpm="125.00" Metro="4/4" Battito="1" />
    </TRACK>
    <TRACK TrackID="178341715" Name="Get It Right (Feat. Tanika) (Skudge Remix)" Artist="Catz 'n Dogz" Composer="" Album="Catz 'n Dogz - Basic Colour Theory Remixed [PETS064]" Grouping="" Genre="House/Techno/" Kind="AIFF File" Size="116378230" TotalTime="438" DiscNumber="0" TrackNumber="10" Year="2016" AverageBpm="130.00" DateAdded="2023-01-23" BitRate="2116" SampleRate="44100" Comments="9A - 5" PlayCount="1" Rating="0" Location="file://localhost/Users/zachvp/Music/DJ/catz%20%27n%20dogz,%20maurice%20fulton,%20eats%20everything,%20skudge,%20fred%20everything,%20jamie%20jones,%20matthew%20herbert%20-%20Catz%20%27n%20Dogz%20-%20Get%20It%20Right%20(Feat%20Tanika)%20(Skudge%20Remix).aiff" Remixer="" Tonality="9A" Label="" Mix="">
      <TEMPO Inizio="0.078" Bpm="130.00" Metro="4/4" Battito="1" />
    </TRACK>
    <TRACK TrackID="236955408" Name="Soul Minimal (Stephan Hoellermann RMX)" Artist="Chez Damier feat. Leroy Burgess, Ron Trent" Composer="" Album="MJ004" Grouping="" Genre="House/Deep/Tech/Jazzy" Kind="AIFF File" Size="67044960" TotalTime="379" DiscNumber="0" TrackNumber="3" Year="2021" AverageBpm="122.00" DateAdded="2023-01-23" BitRate="1411" SampleRate="44100" Comments="4A - 6" PlayCount="3" Rating="0" Location="file://localhost/Users/zachvp/Music/DJ/Chez%20Damier%20feat.%20Leroy%20Burgess,%20Ron%20Trent%20%26%20Chez%20Damier%20-%20Chez%20Damier%20-%20Soul%20Minimal%20(Stephan%20Hoellermann%20RMX).aiff" Remixer="" Tonality="4A" Label="" Mix="">
      <TEMPO Inizio="0.098" Bpm="122.00" Metro="4/4" Battito="1" />
    </TRACK>
    <TRACK TrackID="229999356" Name="Your Love (Dj Aly RMX)" Artist="Chez Damier feat. Leroy Burgess, Ron Trent" Composer="" Album="MJ004" Grouping="" Genre="House/Deep/Tech/Jazzy" Kind="AIFF File" Size="86990424" TotalTime="492" DiscNumber="0" TrackNumber="2" Year="2021" AverageBpm="122.35" DateAdded="2023-01-23" BitRate="1411" SampleRate="44100" Comments="2B - 6" PlayCount="4" Rating="0" Location="file://localhost/Users/zachvp/Music/DJ/Chez%20Damier%20feat.%20Leroy%20Burgess,%20Ron%20Trent%20%26%20Chez%20Damier%20-%20Chez%20Damier%20feat.%20Leroy%20Burgess%20-Your%20Love%20-%20Dj%20Aly%20RMX.aiff" Remixer="" Tonality="2B" Label="" Mix="">
      <TEMPO Inizio="0.034" Bpm="122.35" Metro="4/4" Battito="1" />
      <TEMPO Inizio="127.536" Bpm="122.35" Metro="4/4" Battito="1" />
      <TEMPO Inizio="314.376" Bpm="122.35" Metro="4/4" Battito="2" />
      <POSITION_MARK Name="" Type="0" Start="94.180" Num="-1" />
      <POSITION_MARK Name="" Type="0" Start="360.967" Num="-1" />
      <POSITION_MARK Name="" Type="0" Start="0.000" Num="-1" />
    </TRACK>
    <TRACK TrackID="76902479" Name="Journal of Ardency" Artist="Class Actress" Composer="" Album="Journal of Ardency" Grouping="" Genre="Lounge/Indie" Kind="AIFF File" Size="40682340" TotalTime="225" DiscNumber="1" TrackNumber="2" Year="2010" AverageBpm="97.00" DateAdded="2023-01-23" BitRate="1411" SampleRate="44100" Comments="12A - 7" PlayCount="2" Rating="0" Location="file://localhost/Users/zachvp/Music/DJ/Class%20Actress%20-%2002.%20Journal%20of%20Ardency.aiff" Remixer="" Tonality="12A" Label="" Mix="">
      <TEMPO Inizio="0.301" Bpm="97.00" Metro="4/4" Battito="1" />
    </TRACK>
    <TRACK TrackID="174552190" Name="Paribbean Disco" Artist="Cotonete" Composer="" Album="Cotonete x Dimitri from Paris &quot;Paribbean disco&quot;" Grouping="" Genre="House/Tech/Indie/Disco" Kind="AIFF File" Size="127964770" TotalTime="483" DiscNumber="0" TrackNumber="1" Year="2017" AverageBpm="125.00" DateAdded="2023-01-23" BitRate="2116" SampleRate="44100" Comments="5A - 7" PlayCount="0" Rating="0" Location="file://localhost/Users/zachvp/Music/DJ/Cotonete%20-%20Paribbean%20Disco.aiff" Remixer="" Tonality="5A" Label="" Mix="">
      <TEMPO Inizio="0.292" Bpm="125.00" Metro="4/4" Battito="3" />
      <TEMPO Inizio="243.171" Bpm="125.00" Metro="4/4" Battito="1" />
      <POSITION_MARK Name="" Type="0" Start="62.683" Num="-1" />
      <POSITION_MARK Name="" Type="0" Start="415.971" Num="-1" />
    </TRACK>
    <TRACK TrackID="19018425" Name="Venty" Artist="Cuartero" Composer="" Album="Muna Musik 010" Grouping="" Genre="House/Deep/Tech/" Kind="AIFF File" Size="64363666" TotalTime="363" DiscNumber="0" TrackNumber="1" Year="2019" AverageBpm="127.00" DateAdded="2023-01-23" BitRate="1411" SampleRate="44100" Comments="1A - 6" PlayCount="4" Rating="0" Location="file://localhost/Users/zachvp/Music/DJ/Cuartero%20-%20Venty.aiff" Remixer="" Tonality="1A" Label="" Mix="">
      <TEMPO Inizio="0.104" Bpm="127.00" Metro="4/4" Battito="1" />
      <TEMPO Inizio="284.040" Bpm="127.00" Metro="4/4" Battito="2" />
    </TRACK>
    <TRACK TrackID="225656245" Name="Do Your Own Thing" Artist="De Frank's Band" Composer="" Album="Afrobeat Airways 2 - Return Flight To Ghana 1974-1983 (Analog Africa Nr. 14)" Grouping="" Genre="Lounge/" Kind="AIFF File" Size="60433372" TotalTime="341" DiscNumber="0" TrackNumber="3" Year="2013" AverageBpm="117.39" DateAdded="2023-01-23" BitRate="1411" SampleRate="44100" Comments="10A - 3" PlayCount="3" Rating="0" Location="file://localhost/Users/zachvp/Music/DJ/De%20Frank%27s%20Band%20-%20Do%20Your%20Own%20Thing.aiff" Remixer="" Tonality="10A" Label="" Mix="">
      <TEMPO Inizio="0.247" Bpm="117.39" Metro="4/4" Battito="1" />
      <TEMPO Inizio="24.270" Bpm="117.39" Metro="4/4" Battito="4" />
      <TEMPO Inizio="148.983" Bpm="117.39" Metro="4/4" Battito="4" />
      <TEMPO Inizio="273.696" Bpm="117.39" Metro="4/4" Battito="4" />
    </TRACK>
    <TRACK TrackID="260371613" Name="Free To Explore (Interpreted By Makam)" Artist="Delano Smith" Composer="" Album="Cascade" Grouping="" Genre="House/Deep/Tech/Dubby" Kind="AIFF File" Size="135931390" TotalTime="513" DiscNumber="0" TrackNumber="1" Year="2021" AverageBpm="128.00" DateAdded="2023-01-23" BitRate="1411" SampleRate="44100" Comments="7A - 6" PlayCount="3" Rating="0" Location="file://localhost/Users/zachvp/Music/DJ/Delano%20Smith%20-%20Free%20To%20Explore%20(Interpreted%20By%20Makam).aiff" Remixer="" Tonality="7A" Label="" Mix="">
      <TEMPO Inizio="0.003" Bpm="128.00" Metro="4/4" Battito="1" />
    </TRACK>
    <TRACK TrackID="158033338" Name="Old Yella" Artist="Dennis Ferrer &amp; Skream" Composer="" Album="Old Yella" Grouping="" Genre="House/Deep/Tech/" Kind="AIFF File" Size="72649660" TotalTime="411" DiscNumber="0" TrackNumber="1" Year="2018" AverageBpm="125.00" DateAdded="2023-01-23" BitRate="1411" SampleRate="44100" Comments="5A - 6" PlayCount="0" Rating="0" Location="file://localhost/Users/zachvp/Music/DJ/Dennis%20Ferrer%20%26%20Skream%20-%20Old%20Yella%20-%2001%20Old%20Yella.aiff" Remixer="" Tonality="5A" Label="" Mix="">
      <TEMPO Inizio="0.026" Bpm="125.00" Metro="4/4" Battito="1" />
    </TRACK>
    <TRACK TrackID="222503974" Name="It’s My House" Artist="Diana Ross" Composer="" Album="" Grouping="" Genre="Lounge/" Kind="AIFF File" Size="37899922" TotalTime="214" DiscNumber="0" TrackNumber="0" Year="2022" AverageBpm="101.31" DateAdded="2023-01-23" BitRate="1411" SampleRate="44100" Comments="7A - 5" PlayCount="2" Rating="0" Location="file://localhost/Users/zachvp/Music/DJ/DIANA%20ROSS%20-%20DIANA%20ROSS%20-%20it%e2%80%99s%20my%20house.aiff" Remixer="" Tonality="7A" Label="" Mix="">
      <TEMPO Inizio="0.580" Bpm="101.31" Metro="4/4" Battito="4" />
      <TEMPO Inizio="69.279" Bpm="101.31" Metro="4/4" Battito="4" />
      <TEMPO Inizio="133.240" Bpm="101.31" Metro="4/4" Battito="4" />
      <TEMPO Inizio="197.201" Bpm="101.31" Metro="4/4" Battito="4" />
      <POSITION_MARK Name="" Type="0" Start="0.507" Num="-1" />
    </TRACK>
    <TRACK TrackID="187481026" Name="Struggle 2" Artist="DJ Bone" Composer="" Album="Struggle" Grouping="" Genre="House/Techno/" Kind="AIFF File" Size="55990344" TotalTime="317" DiscNumber="0" TrackNumber="2" Year="2019" AverageBpm="131.88" DateAdded="2023-01-23" BitRate="1411" SampleRate="44100" Comments="5A - 5" PlayCount="2" Rating="0" Location="file://localhost/Users/zachvp/Music/DJ/DJ%20Bone%20-%20Struggle%202.aiff" Remixer="" Tonality="5A" Label="" Mix="">
      <TEMPO Inizio="0.128" Bpm="131.88" Metro="4/4" Battito="1" />
      <POSITION_MARK Name="" Type="0" Start="214.873" Num="-1" />
      <POSITION_MARK Name="" Type="0" Start="103.839" Num="-1" />
    </TRACK>
    <TRACK TrackID="74527428" Name="Flation" Artist="DJ Rendo" Composer="" Album="" Grouping="" Genre="House/Deep/Tech/Jazzy" Kind="AIFF File" Size="78385902" TotalTime="407" DiscNumber="0" TrackNumber="0" Year="2021" AverageBpm="122.03" DateAdded="2023-01-23" BitRate="1536" SampleRate="48000" Comments="10A - 6" PlayCount="3" Rating="0" Location="file://localhost/Users/zachvp/Music/DJ/DJ%20Rendo%20-%20Flation.aiff" Remixer="" Tonality="10A" Label="" Mix="">
      <TEMPO Inizio="0.034" Bpm="122.03" Metro="4/4" Battito="1" />
      <POSITION_MARK Name="" Type="0" Start="0.024" Num="-1" />
      <POSITION_MARK Name="" Type="0" Start="92.476" Num="-1" />
      <POSITION_MARK Name="" Type="0" Start="318.651" Num="-1" />
      <POSITION_MARK Name="" Type="0" Start="194.746" Num="-1" />
      <POSITION_MARK Name="" Type="0" Start="350.124" Num="-1" />
    </TRACK>
    <TRACK TrackID="233808139" Name="Nur" Artist="East End Dubs" Composer="" Album="TOOLS Vol. 9" Grouping="" Genre="House/Deep/Tech/" Kind="AIFF File" Size="112539712" TotalTime="425" DiscNumber="0" TrackNumber="1" Year="2021" AverageBpm="127.00" DateAdded="2023-01-23" BitRate="2116" SampleRate="44100" Comments="11A - 5" PlayCount="1" Rating="0" Location="file://localhost/Users/zachvp/Music/DJ/East%20End%20Dubs%20-%20Nur.aiff" Remixer="" Tonality="11A" Label="" Mix="">
      <TEMPO Inizio="0.011" Bpm="127.00" Metro="4/4" Battito="1" />
    </TRACK>
    <TRACK TrackID="203182159" Name="Fade (Original Mix)" Artist="Emanuel Satie feat. Nanghiti &amp; Nanghiti" Composer="" Album="Crosstown Rebels present SPIRITS II" Grouping="" Genre="House/Tech/Groove" Kind="AIFF File" Size="81946010" TotalTime="463" DiscNumber="0" TrackNumber="10" Year="2018" AverageBpm="124.00" DateAdded="2023-01-23" BitRate="1411" SampleRate="44100" Comments="4A - 7" PlayCount="0" Rating="0" Location="file://localhost/Users/zachvp/Music/DJ/Emanuel%20Satie%20feat.%20Nanghiti%20%26%20Nanghiti%20-%20Fade%20(Original%20Mix).aiff" Remixer="" Tonality="4A" Label="" Mix="">
      <TEMPO Inizio="0.244" Bpm="124.00" Metro="4/4" Battito="1" />
    </TRACK>
    <TRACK TrackID="243244699" Name="Foreal (Seb Zito Remix)" Artist="Enzo Siragusa, Nima Gorji" Composer="" Album="Foreal EP" Grouping="" Genre="House/Deep/Tech/" Kind="AIFF File" Size="112355250" TotalTime="424" DiscNumber="0" TrackNumber="2" Year="2018" AverageBpm="127.00" DateAdded="2023-01-23" BitRate="2116" SampleRate="44100" Comments="5A - 5" PlayCount="2" Rating="0" Location="file://localhost/Users/zachvp/Music/DJ/Enzo%20Siragusa,%20Nima%20Gorji%20-%20Foreal%20(Seb%20Zito%20Remix).aiff" Remixer="" Tonality="5A" Label="" Mix="">
      <TEMPO Inizio="0.444" Bpm="127.00" Metro="4/4" Battito="4" />
    </TRACK>
    <TRACK TrackID="257754260" Name="Riesling (Dubfire Remix)" Artist="Figueroa &amp; Obando, Dubfire" Composer="" Album="HYBRID: A Decade Of Dubfire" Grouping="" Genre="House/Techno/Downtempo" Kind="AIFF File" Size="141926194" TotalTime="804" DiscNumber="0" TrackNumber="36" Year="2017" AverageBpm="126.00" DateAdded="2023-01-23" BitRate="1411" SampleRate="44100" Comments="11A - 6" PlayCount="0" Rating="0" Location="file://localhost/Users/zachvp/Music/DJ/Figueroa%20%26%20Obando%20-%20Riesling%20(Dubfire%20Remix).aiff" Remixer="" Tonality="11A" Label="SCI+TEC" Mix="">
      <TEMPO Inizio="0.000" Bpm="126.00" Metro="4/4" Battito="1" />
      <TEMPO Inizio="0.477" Bpm="126.00" Metro="4/4" Battito="2" />
    </TRACK>
    <TRACK TrackID="82062565" Name="Dance Moves" Artist="Franc Moody" Composer="" Album="Dance Moves EP" Grouping="" Genre="House/Tech/Indie/" Kind="AIFF File" Size="53389546" TotalTime="201" DiscNumber="0" TrackNumber="2" Year="2018" AverageBpm="115.99" DateAdded="2023-01-23" BitRate="1411" SampleRate="44100" Comments="3A - 7" PlayCount="2" Rating="0" Location="file://localhost/Users/zachvp/Music/DJ/Franc%20Moody%20-%20Dance%20Moves.aiff" Remixer="" Tonality="3A" Label="" Mix="">
      <TEMPO Inizio="0.010" Bpm="115.99" Metro="4/4" Battito="2" />
      <TEMPO Inizio="28.977" Bpm="115.99" Metro="4/4" Battito="2" />
      <TEMPO Inizio="54.323" Bpm="115.99" Metro="4/4" Battito="3" />
      <TEMPO Inizio="79.669" Bpm="115.99" Metro="4/4" Battito="4" />
      <TEMPO Inizio="105.015" Bpm="115.99" Metro="4/4" Battito="1" />
      <TEMPO Inizio="130.361" Bpm="115.99" Metro="4/4" Battito="2" />
      <TEMPO Inizio="159.328" Bpm="115.99" Metro="4/4" Battito="2" />
      <TEMPO Inizio="184.674" Bpm="115.99" Metro="4/4" Battito="3" />
    </TRACK>
    <TRACK TrackID="140165835" Name="Mooji" Artist="Franck Roger" Composer="" Album="" Grouping="" Genre="House/Deep/Tech/Jazzy" Kind="AIFF File" Size="72210388" TotalTime="408" DiscNumber="0" TrackNumber="0" Year="2022" AverageBpm="124.00" DateAdded="2023-01-23" BitRate="1411" SampleRate="44100" Comments="1A - 5" PlayCount="5" Rating="0" Location="file://localhost/Users/zachvp/Music/DJ/Franck%20Roger%20-%20Mooji.aiff" Remixer="" Tonality="1A" Label="" Mix="">
      <TEMPO Inizio="0.109" Bpm="124.00" Metro="4/4" Battito="1" />
      <POSITION_MARK Name="" Type="0" Start="38.823" Num="-1" />
      <POSITION_MARK Name="" Type="0" Start="294.316" Num="-1" />
      <POSITION_MARK Name="" Type="0" Start="0.099" Num="-1" />
    </TRACK>
    <TRACK TrackID="68152146" Name="You Can Dance" Artist="Gonzales" Composer="" Album="Ivory Tower" Grouping="" Genre="House/Tech/Indie/" Kind="AIFF File" Size="54149882" TotalTime="306" DiscNumber="0" TrackNumber="9" Year="2010" AverageBpm="125.00" DateAdded="2023-01-23" BitRate="1411" SampleRate="44100" Comments="8A - 6" PlayCount="2" Rating="0" Location="file://localhost/Users/zachvp/Music/DJ/Gonzales%20-%20You%20Can%20Dance.aiff" Remixer="" Tonality="8A" Label="Boysnoize Records" Mix="">
      <TEMPO Inizio="0.164" Bpm="125.00" Metro="4/4" Battito="3" />
      <TEMPO Inizio="67.845" Bpm="125.00" Metro="4/4" Battito="4" />
      <POSITION_MARK Name="" Type="0" Start="14.561" Num="-1" />
      <POSITION_MARK Name="" Type="0" Start="13.785" Num="-1" />
      <POSITION_MARK Name="" Type="0" Start="162.406" Num="-1" />
      <POSITION_MARK Name="" Type="0" Start="22.232" Num="-1" />
    </TRACK>
    <TRACK TrackID="152283800" Name="Gliding Again" Artist="Gramrcy" Composer="" Album="Gliding Again" Grouping="" Genre="House/Tech/Indie/" Kind="AIFF File" Size="104967716" TotalTime="396" DiscNumber="0" TrackNumber="1" Year="2022" AverageBpm="138.00" DateAdded="2023-01-23" BitRate="2116" SampleRate="44100" Comments="9B - 6" PlayCount="0" Rating="0" Location="file://localhost/Users/zachvp/Music/DJ/Gramrcy%20-%20Gliding%20Again.aiff" Remixer="" Tonality="9B" Label="" Mix="">
      <TEMPO Inizio="0.000" Bpm="138.00" Metro="4/4" Battito="1" />
    </TRACK>
    <TRACK TrackID="111894605" Name="Close to Me" Artist="Greg Greene" Composer="" Album="New Life" Grouping="" Genre="House/Deep/Tech/Jazzy" Kind="AIFF File" Size="55955352" TotalTime="316" DiscNumber="0" TrackNumber="1" Year="2022" AverageBpm="127.05" DateAdded="2023-01-23" BitRate="1411" SampleRate="44100" Comments="10A - 6" PlayCount="1" Rating="0" Location="file://localhost/Users/zachvp/Music/DJ/Greg%20Greene%20-%20Close%20to%20Me.aiff" Remixer="" Tonality="10A" Label="" Mix="">
      <TEMPO Inizio="0.076" Bpm="127.05" Metro="4/4" Battito="1" />
      <TEMPO Inizio="0.549" Bpm="127.05" Metro="4/4" Battito="2" />
      <TEMPO Inizio="237.620" Bpm="127.05" Metro="4/4" Battito="4" />
      <POSITION_MARK Name="" Type="0" Start="64.305" Num="-1" />
      <POSITION_MARK Name="" Type="0" Start="260.748" Num="-1" />
    </TRACK>
    <TRACK TrackID="235784489" Name="Swing Thing" Artist="Greg Greene" Composer="" Album="New Life" Grouping="" Genre="House/Deep/Tech/" Kind="AIFF File" Size="75095960" TotalTime="425" DiscNumber="0" TrackNumber="2" Year="2022" AverageBpm="128.05" DateAdded="2023-01-23" BitRate="1411" SampleRate="44100" Comments="8A - 6" PlayCount="3" Rating="0" Location="file://localhost/Users/zachvp/Music/DJ/Greg%20Greene%20-%20Swing%20Thing.aiff" Remixer="" Tonality="8A" Label="" Mix="">
      <TEMPO Inizio="0.017" Bpm="128.05" Metro="4/4" Battito="1" />
    </TRACK>
    <TRACK TrackID="131016222" Name="Soul Vibration" Artist="J-Walk" Composer="" Album="A Night On The Rocks" Grouping="" Genre="Lounge/" Kind="AIFF File" Size="39688248" TotalTime="224" DiscNumber="0" TrackNumber="3" Year="2002" AverageBpm="96.20" DateAdded="2023-01-23" BitRate="1411" SampleRate="44100" Comments="3A - 6" PlayCount="1" Rating="0" Location="file://localhost/Users/zachvp/Music/DJ/J-Walk%20-%20Soul%20Vibration.aiff" Remixer="" Tonality="3A" Label="" Mix="">
      <TEMPO Inizio="0.557" Bpm="96.20" Metro="4/4" Battito="1" />
    </TRACK>
    <TRACK TrackID="160026307" Name="Stutter Feat. Notelle" Artist="Jansons" Composer="" Album="Stutter EP" Grouping="" Genre="House/Techno/Downtempo" Kind="AIFF File" Size="65021174" TotalTime="367" DiscNumber="0" TrackNumber="1" Year="2022" AverageBpm="126.00" DateAdded="2023-01-23" BitRate="1411" SampleRate="44100" Comments="1A - 6" PlayCount="1" Rating="0" Location="file://localhost/Users/zachvp/Music/DJ/Jansons%20-%20Stutter%20Feat.%20Notelle.aiff" Remixer="" Tonality="1A" Label="" Mix="">
      <TEMPO Inizio="0.001" Bpm="126.00" Metro="4/4" Battito="1" />
      <TEMPO Inizio="6.192" Bpm="126.00" Metro="4/4" Battito="2" />
    </TRACK>
    <TRACK TrackID="105410206" Name="Closer (Your Body Next To Mine)" Artist="Johannes Albert" Composer="" Album="Closer (Your Body Next To Mine)" Grouping="" Genre="House/Tech/Indie/Retro" Kind="AIFF File" Size="59418406" TotalTime="336" DiscNumber="0" TrackNumber="1" Year="2021" AverageBpm="125.00" DateAdded="2023-01-23" BitRate="1411" SampleRate="44100" Comments="1A - 6" PlayCount="3" Rating="0" Location="file://localhost/Users/zachvp/Music/DJ/Johannes%20Albert%20-%20Closer%20(Your%20Body%20Next%20To%20Mine).aiff" Remixer="" Tonality="1A" Label="" Mix="">
      <TEMPO Inizio="0.201" Bpm="125.00" Metro="4/4" Battito="1" />
      <TEMPO Inizio="171.562" Bpm="125.00" Metro="4/4" Battito="2" />
      <POSITION_MARK Name="" Type="0" Start="30.945" Num="-1" />
      <POSITION_MARK Name="" Type="0" Start="284.378" Num="-1" />
      <POSITION_MARK Name="" Type="0" Start="207.560" Num="-1" />
      <POSITION_MARK Name="" Type="0" Start="238.275" Num="-1" />
      <POSITION_MARK Name="" Type="0" Start="331.754" Num="0" Red="40" Green="226" Blue="20" />
    </TRACK>
    <TRACK TrackID="133890484" Name="Body N Deep (Jovonn Fabric Mix)" Artist="Jovonn" Composer="" Album="" Grouping="" Genre="House/Deep/Tech/Jazzy" Kind="AIFF File" Size="65637592" TotalTime="371" DiscNumber="0" TrackNumber="0" Year="2022" AverageBpm="124.00" DateAdded="2023-01-23" BitRate="1411" SampleRate="44100" Comments="8A - 6" PlayCount="2" Rating="0" Location="file://localhost/Users/zachvp/Music/DJ/jovonn%20-%20Body%20N%20Deep%20(Jovonn%20Fabric%20Mix).aiff" Remixer="" Tonality="8A" Label="" Mix="">
      <TEMPO Inizio="0.062" Bpm="124.00" Metro="4/4" Battito="1" />
      <POSITION_MARK Name="" Type="0" Start="31.031" Num="-1" />
      <POSITION_MARK Name="" Type="0" Start="154.874" Num="-1" />
      <POSITION_MARK Name="" Type="0" Start="247.800" Num="-1" />
      <POSITION_MARK Name="" Type="0" Start="201.340" Num="-1" />
      <POSITION_MARK Name="" Type="0" Start="309.753" Num="-1" />
    </TRACK>
    <TRACK TrackID="96229329" Name="Movin Piano" Artist="Jovonn" Composer="" Album="JOVONN Lost traxx ep" Grouping="" Genre="House/Deep/Tech/Jazzy" Kind="AIFF File" Size="77080760" TotalTime="436" DiscNumber="0" TrackNumber="1" Year="2022" AverageBpm="124.75" DateAdded="2023-01-23" BitRate="1411" SampleRate="44100" Comments="8A - 5" PlayCount="2" Rating="0" Location="file://localhost/Users/zachvp/Music/DJ/JOVONN%20-%20Movin%20Piano.aiff" Remixer="" Tonality="8A" Label="" Mix="">
      <TEMPO Inizio="0.038" Bpm="124.75" Metro="4/4" Battito="2" />
    </TRACK>
    <TRACK TrackID="189106683" Name="Catatumbo" Artist="Magitman" Composer="" Album="Weather Scene" Grouping="" Genre="House/Deep/Tech/Jazzy" Kind="AIFF File" Size="69029958" TotalTime="390" DiscNumber="0" TrackNumber="1" Year="2021" AverageBpm="120.00" DateAdded="2023-01-23" BitRate="1411" SampleRate="44100" Comments="3A - 6" PlayCount="3" Rating="0" Location="file://localhost/Users/zachvp/Music/DJ/Magitman%20-%20Weather%20Scene%20-%2001%20Catatumbo.aiff" Remixer="" Tonality="3A" Label="" Mix="">
      <TEMPO Inizio="0.136" Bpm="120.00" Metro="4/4" Battito="1" />
      <TEMPO Inizio="96.637" Bpm="120.00" Metro="4/4" Battito="2" />
      <TEMPO Inizio="97.136" Bpm="120.00" Metro="4/4" Battito="3" />
      <TEMPO Inizio="97.637" Bpm="120.00" Metro="4/4" Battito="4" />
      <TEMPO Inizio="98.136" Bpm="120.00" Metro="4/4" Battito="1" />
      <TEMPO Inizio="98.637" Bpm="120.00" Metro="4/4" Battito="2" />
      <TEMPO Inizio="99.136" Bpm="120.00" Metro="4/4" Battito="3" />
      <TEMPO Inizio="99.637" Bpm="120.00" Metro="4/4" Battito="4" />
      <TEMPO Inizio="100.136" Bpm="120.00" Metro="4/4" Battito="1" />
      <TEMPO Inizio="100.637" Bpm="120.00" Metro="4/4" Battito="2" />
      <TEMPO Inizio="101.136" Bpm="120.00" Metro="4/4" Battito="3" />
      <TEMPO Inizio="101.637" Bpm="120.00" Metro="4/4" Battito="4" />
      <TEMPO Inizio="102.136" Bpm="120.00" Metro="4/4" Battito="1" />
      <TEMPO Inizio="102.637" Bpm="120.00" Metro="4/4" Battito="2" />
      <TEMPO Inizio="103.136" Bpm="120.00" Metro="4/4" Battito="3" />
      <TEMPO Inizio="103.637" Bpm="120.00" Metro="4/4" Battito="4" />
      <TEMPO Inizio="104.136" Bpm="120.00" Metro="4/4" Battito="1" />
      <TEMPO Inizio="104.637" Bpm="120.00" Metro="4/4" Battito="2" />
      <TEMPO Inizio="105.136" Bpm="120.00" Metro="4/4" Battito="3" />
      <TEMPO Inizio="105.637" Bpm="120.00" Metro="4/4" Battito="4" />
      <TEMPO Inizio="106.136" Bpm="120.00" Metro="4/4" Battito="1" />
      <TEMPO Inizio="106.637" Bpm="120.00" Metro="4/4" Battito="2" />
      <TEMPO Inizio="107.136" Bpm="120.00" Metro="4/4" Battito="3" />
      <TEMPO Inizio="107.637" Bpm="120.00" Metro="4/4" Battito="4" />
      <TEMPO Inizio="108.136" Bpm="120.00" Metro="4/4" Battito="1" />
      <TEMPO Inizio="108.637" Bpm="120.00" Metro="4/4" Battito="2" />
      <TEMPO Inizio="362.638" Bpm="120.00" Metro="4/4" Battito="2" />
      <TEMPO Inizio="363.137" Bpm="120.00" Metro="4/4" Battito="3" />
      <TEMPO Inizio="363.638" Bpm="120.00" Metro="4/4" Battito="4" />
      <TEMPO Inizio="364.137" Bpm="120.00" Metro="4/4" Battito="1" />
      <TEMPO Inizio="364.638" Bpm="120.00" Metro="4/4" Battito="2" />
      <TEMPO Inizio="365.137" Bpm="120.00" Metro="4/4" Battito="3" />
      <TEMPO Inizio="365.638" Bpm="120.00" Metro="4/4" Battito="4" />
      <TEMPO Inizio="366.137" Bpm="120.00" Metro="4/4" Battito="1" />
      <TEMPO Inizio="366.638" Bpm="120.00" Metro="4/4" Battito="2" />
      <TEMPO Inizio="367.137" Bpm="120.00" Metro="4/4" Battito="3" />
      <TEMPO Inizio="367.638" Bpm="120.00" Metro="4/4" Battito="4" />
      <TEMPO Inizio="368.137" Bpm="120.00" Metro="4/4" Battito="1" />
      <TEMPO Inizio="368.638" Bpm="120.00" Metro="4/4" Battito="2" />
      <TEMPO Inizio="369.137" Bpm="120.00" Metro="4/4" Battito="3" />
      <TEMPO Inizio="369.638" Bpm="120.00" Metro="4/4" Battito="4" />
      <TEMPO Inizio="370.137" Bpm="120.00" Metro="4/4" Battito="1" />
      <TEMPO Inizio="370.638" Bpm="120.00" Metro="4/4" Battito="2" />
      <TEMPO Inizio="371.137" Bpm="120.00" Metro="4/4" Battito="3" />
      <TEMPO Inizio="371.638" Bpm="120.00" Metro="4/4" Battito="4" />
      <TEMPO Inizio="372.137" Bpm="120.00" Metro="4/4" Battito="1" />
      <TEMPO Inizio="372.638" Bpm="120.00" Metro="4/4" Battito="2" />
      <TEMPO Inizio="373.137" Bpm="120.00" Metro="4/4" Battito="3" />
      <TEMPO Inizio="373.638" Bpm="120.00" Metro="4/4" Battito="4" />
      <POSITION_MARK Name="" Type="0" Start="0.123" Num="-1" />
    </TRACK>
    <TRACK TrackID="87266231" Name="Waterspout" Artist="Magitman" Composer="" Album="Weather Scene" Grouping="" Genre="House/Deep/Tech/Jazzy" Kind="AIFF File" Size="65537308" TotalTime="370" DiscNumber="0" TrackNumber="2" Year="2021" AverageBpm="118.00" DateAdded="2023-01-23" BitRate="1411" SampleRate="44100" Comments="8A - 6" PlayCount="3" Rating="0" Location="file://localhost/Users/zachvp/Music/DJ/Magitman%20-%20Weather%20Scene%20-%2002%20Waterspout.aiff" Remixer="" Tonality="8A" Label="" Mix="">
      <TEMPO Inizio="0.169" Bpm="118.00" Metro="4/4" Battito="1" />
      <TEMPO Inizio="369.829" Bpm="118.00" Metro="4/4" Battito="4" />
    </TRACK>
    <TRACK TrackID="217647925" Name="Nightfall" Artist="Martin Schulte &amp; Giacomo Pellegrino" Composer="" Album="Night City" Grouping="" Genre="House/Deep/Tech/Dubby" Kind="AIFF File" Size="103908480" TotalTime="392" DiscNumber="0" TrackNumber="1" Year="2021" AverageBpm="123.00" DateAdded="2023-01-23" BitRate="2116" SampleRate="44100" Comments="10A - 5" PlayCount="1" Rating="0" Location="file://localhost/Users/zachvp/Music/DJ/Martin%20Schulte%20%26%20Giacomo%20Pellegrino%20-%20Night%20City%20-%2001%20Nightfall.aiff" Remixer="" Tonality="10A" Label="" Mix="">
      <TEMPO Inizio="0.250" Bpm="123.00" Metro="4/4" Battito="1" />
    </TRACK>
    <TRACK TrackID="105895896" Name="Undelivered" Artist="Martin Schulte &amp; Giacomo Pellegrino" Composer="" Album="Night City" Grouping="" Genre="House/Deep/Tech/Dubby" Kind="AIFF File" Size="111765310" TotalTime="422" DiscNumber="0" TrackNumber="2" Year="2021" AverageBpm="120.00" DateAdded="2023-01-23" BitRate="2116" SampleRate="44100" Comments="10A - 4" PlayCount="0" Rating="0" Location="file://localhost/Users/zachvp/Music/DJ/Martin%20Schulte%20%26%20Giacomo%20Pellegrino%20-%20Night%20City%20-%2002%20Undelivered.aiff" Remixer="" Tonality="10A" Label="" Mix="">
      <TEMPO Inizio="0.004" Bpm="120.00" Metro="4/4" Battito="1" />
      <TEMPO Inizio="1.003" Bpm="120.00" Metro="4/4" Battito="3" />
      <TEMPO Inizio="1.504" Bpm="120.00" Metro="4/4" Battito="4" />
      <TEMPO Inizio="2.003" Bpm="120.00" Metro="4/4" Battito="1" />
      <TEMPO Inizio="2.504" Bpm="120.00" Metro="4/4" Battito="2" />
      <TEMPO Inizio="3.003" Bpm="120.00" Metro="4/4" Battito="3" />
      <TEMPO Inizio="3.504" Bpm="120.00" Metro="4/4" Battito="4" />
      <TEMPO Inizio="4.003" Bpm="120.00" Metro="4/4" Battito="1" />
      <TEMPO Inizio="4.504" Bpm="120.00" Metro="4/4" Battito="2" />
      <TEMPO Inizio="5.003" Bpm="120.00" Metro="4/4" Battito="3" />
      <TEMPO Inizio="5.504" Bpm="120.00" Metro="4/4" Battito="4" />
      <TEMPO Inizio="6.003" Bpm="120.00" Metro="4/4" Battito="1" />
      <TEMPO Inizio="6.504" Bpm="120.00" Metro="4/4" Battito="2" />
      <TEMPO Inizio="7.003" Bpm="120.00" Metro="4/4" Battito="3" />
      <TEMPO Inizio="7.504" Bpm="120.00" Metro="4/4" Battito="4" />
      <TEMPO Inizio="8.003" Bpm="120.00" Metro="4/4" Battito="1" />
      <TEMPO Inizio="8.504" Bpm="120.00" Metro="4/4" Battito="2" />
      <TEMPO Inizio="9.003" Bpm="120.00" Metro="4/4" Battito="3" />
      <TEMPO Inizio="9.504" Bpm="120.00" Metro="4/4" Battito="4" />
      <TEMPO Inizio="10.003" Bpm="120.00" Metro="4/4" Battito="1" />
      <TEMPO Inizio="10.504" Bpm="120.00" Metro="4/4" Battito="2" />
      <TEMPO Inizio="11.003" Bpm="120.00" Metro="4/4" Battito="3" />
      <TEMPO Inizio="11.504" Bpm="120.00" Metro="4/4" Battito="4" />
      <TEMPO Inizio="12.003" Bpm="120.00" Metro="4/4" Battito="1" />
      <TEMPO Inizio="12.504" Bpm="120.00" Metro="4/4" Battito="2" />
      <TEMPO Inizio="13.003" Bpm="120.00" Metro="4/4" Battito="3" />
      <TEMPO Inizio="13.504" Bpm="120.00" Metro="4/4" Battito="4" />
      <TEMPO Inizio="14.003" Bpm="120.00" Metro="4/4" Battito="1" />
      <TEMPO Inizio="14.504" Bpm="120.00" Metro="4/4" Battito="2" />
      <TEMPO Inizio="15.003" Bpm="120.00" Metro="4/4" Battito="3" />
      <TEMPO Inizio="15.504" Bpm="120.00" Metro="4/4" Battito="4" />
      <TEMPO Inizio="16.003" Bpm="120.00" Metro="4/4" Battito="1" />
      <TEMPO Inizio="16.504" Bpm="120.00" Metro="4/4" Battito="2" />
      <TEMPO Inizio="17.003" Bpm="120.00" Metro="4/4" Battito="3" />
      <TEMPO Inizio="17.504" Bpm="120.00" Metro="4/4" Battito="4" />
      <TEMPO Inizio="18.003" Bpm="120.00" Metro="4/4" Battito="1" />
      <TEMPO Inizio="18.504" Bpm="120.00" Metro="4/4" Battito="2" />
      <TEMPO Inizio="19.003" Bpm="120.00" Metro="4/4" Battito="3" />
      <TEMPO Inizio="19.504" Bpm="120.00" Metro="4/4" Battito="4" />
      <TEMPO Inizio="20.003" Bpm="120.00" Metro="4/4" Battito="1" />
      <TEMPO Inizio="20.504" Bpm="120.00" Metro="4/4" Battito="2" />
      <TEMPO Inizio="21.003" Bpm="120.00" Metro="4/4" Battito="3" />
      <TEMPO Inizio="21.504" Bpm="120.00" Metro="4/4" Battito="4" />
      <TEMPO Inizio="22.003" Bpm="120.00" Metro="4/4" Battito="1" />
      <TEMPO Inizio="22.504" Bpm="120.00" Metro="4/4" Battito="2" />
      <TEMPO Inizio="23.003" Bpm="120.00" Metro="4/4" Battito="3" />
      <TEMPO Inizio="23.504" Bpm="120.00" Metro="4/4" Battito="4" />
      <TEMPO Inizio="24.003" Bpm="120.00" Metro="4/4" Battito="1" />
      <TEMPO Inizio="24.504" Bpm="120.00" Metro="4/4" Battito="2" />
      <TEMPO Inizio="25.003" Bpm="120.00" Metro="4/4" Battito="3" />
    </TRACK>
    <TRACK TrackID="15975914" Name="Nightfall (Basicnoise remix)" Artist="Martin Schulte &amp; Giacomo Pellegrino" Composer="" Album="Night City" Grouping="" Genre="zzz" Kind="AIFF File" Size="102016100" TotalTime="385" DiscNumber="0" TrackNumber="3" Year="2021" AverageBpm="123.00" DateAdded="2023-01-23" BitRate="1411" SampleRate="44100" Comments="10A - 4" PlayCount="0" Rating="0" Location="file://localhost/Users/zachvp/Music/DJ/Martin%20Schulte%20%26%20Giacomo%20Pellegrino%20-%20Night%20City%20-%2003%20Nightfall%20(Basicnoise%20remix).aiff" Remixer="" Tonality="10A" Label="" Mix="" />
    <TRACK TrackID="183188447" Name="Undelivered (Dive Craft remix)" Artist="Martin Schulte &amp; Giacomo Pellegrino" Composer="" Album="Night City" Grouping="" Genre="House/Deep/Tech/Dubby" Kind="AIFF File" Size="126581568" TotalTime="478" DiscNumber="0" TrackNumber="4" Year="2021" AverageBpm="120.00" DateAdded="2023-01-23" BitRate="2116" SampleRate="44100" Comments="9A - 5" PlayCount="8" Rating="0" Location="file://localhost/Users/zachvp/Music/DJ/Martin%20Schulte%20%26%20Giacomo%20Pellegrino%20-%20Night%20City%20-%2004%20Undelivered%20(Dive%20Craft%20remix).aiff" Remixer="" Tonality="9A" Label="" Mix="">
      <TEMPO Inizio="0.499" Bpm="120.00" Metro="4/4" Battito="2" />
      <TEMPO Inizio="380.000" Bpm="120.00" Metro="4/4" Battito="1" />
      <TEMPO Inizio="380.499" Bpm="120.00" Metro="4/4" Battito="2" />
      <TEMPO Inizio="381.000" Bpm="120.00" Metro="4/4" Battito="3" />
      <TEMPO Inizio="381.499" Bpm="120.00" Metro="4/4" Battito="4" />
      <TEMPO Inizio="382.000" Bpm="120.00" Metro="4/4" Battito="1" />
      <TEMPO Inizio="382.499" Bpm="120.00" Metro="4/4" Battito="2" />
      <TEMPO Inizio="383.000" Bpm="120.00" Metro="4/4" Battito="3" />
      <TEMPO Inizio="383.499" Bpm="120.00" Metro="4/4" Battito="4" />
      <TEMPO Inizio="384.000" Bpm="120.00" Metro="4/4" Battito="1" />
      <TEMPO Inizio="384.499" Bpm="120.00" Metro="4/4" Battito="2" />
      <TEMPO Inizio="385.000" Bpm="120.00" Metro="4/4" Battito="3" />
      <TEMPO Inizio="385.499" Bpm="120.00" Metro="4/4" Battito="4" />
      <TEMPO Inizio="386.000" Bpm="120.00" Metro="4/4" Battito="1" />
      <TEMPO Inizio="386.499" Bpm="120.00" Metro="4/4" Battito="2" />
      <TEMPO Inizio="387.000" Bpm="120.00" Metro="4/4" Battito="3" />
      <TEMPO Inizio="387.499" Bpm="120.00" Metro="4/4" Battito="4" />
      <TEMPO Inizio="388.000" Bpm="120.00" Metro="4/4" Battito="1" />
      <TEMPO Inizio="388.499" Bpm="120.00" Metro="4/4" Battito="2" />
      <TEMPO Inizio="389.000" Bpm="120.00" Metro="4/4" Battito="3" />
      <TEMPO Inizio="389.499" Bpm="120.00" Metro="4/4" Battito="4" />
      <TEMPO Inizio="390.000" Bpm="120.00" Metro="4/4" Battito="1" />
      <TEMPO Inizio="390.499" Bpm="120.00" Metro="4/4" Battito="2" />
      <TEMPO Inizio="391.000" Bpm="120.00" Metro="4/4" Battito="3" />
      <TEMPO Inizio="391.499" Bpm="120.00" Metro="4/4" Battito="4" />
      <TEMPO Inizio="392.000" Bpm="120.00" Metro="4/4" Battito="1" />
      <TEMPO Inizio="392.499" Bpm="120.00" Metro="4/4" Battito="2" />
      <TEMPO Inizio="393.000" Bpm="120.00" Metro="4/4" Battito="3" />
      <TEMPO Inizio="393.499" Bpm="120.00" Metro="4/4" Battito="4" />
      <TEMPO Inizio="394.000" Bpm="120.00" Metro="4/4" Battito="1" />
      <TEMPO Inizio="394.499" Bpm="120.00" Metro="4/4" Battito="2" />
      <TEMPO Inizio="395.000" Bpm="120.00" Metro="4/4" Battito="3" />
      <TEMPO Inizio="395.499" Bpm="120.00" Metro="4/4" Battito="4" />
      <TEMPO Inizio="396.000" Bpm="120.00" Metro="4/4" Battito="1" />
      <TEMPO Inizio="396.499" Bpm="120.00" Metro="4/4" Battito="2" />
      <TEMPO Inizio="397.000" Bpm="120.00" Metro="4/4" Battito="3" />
      <TEMPO Inizio="397.499" Bpm="120.00" Metro="4/4" Battito="4" />
      <TEMPO Inizio="398.000" Bpm="120.00" Metro="4/4" Battito="1" />
      <TEMPO Inizio="398.499" Bpm="120.00" Metro="4/4" Battito="2" />
      <TEMPO Inizio="399.000" Bpm="120.00" Metro="4/4" Battito="3" />
      <TEMPO Inizio="399.499" Bpm="120.00" Metro="4/4" Battito="4" />
      <TEMPO Inizio="400.000" Bpm="120.00" Metro="4/4" Battito="1" />
      <TEMPO Inizio="400.499" Bpm="120.00" Metro="4/4" Battito="2" />
      <TEMPO Inizio="401.000" Bpm="120.00" Metro="4/4" Battito="3" />
      <TEMPO Inizio="401.499" Bpm="120.00" Metro="4/4" Battito="4" />
      <TEMPO Inizio="402.000" Bpm="120.00" Metro="4/4" Battito="1" />
      <TEMPO Inizio="402.499" Bpm="120.00" Metro="4/4" Battito="2" />
      <TEMPO Inizio="403.000" Bpm="120.00" Metro="4/4" Battito="3" />
      <TEMPO Inizio="403.499" Bpm="120.00" Metro="4/4" Battito="4" />
      <TEMPO Inizio="404.000" Bpm="120.00" Metro="4/4" Battito="1" />
      <TEMPO Inizio="404.499" Bpm="120.00" Metro="4/4" Battito="2" />
      <TEMPO Inizio="405.000" Bpm="120.00" Metro="4/4" Battito="3" />
      <TEMPO Inizio="405.499" Bpm="120.00" Metro="4/4" Battito="4" />
      <TEMPO Inizio="406.000" Bpm="120.00" Metro="4/4" Battito="1" />
      <TEMPO Inizio="406.499" Bpm="120.00" Metro="4/4" Battito="2" />
      <TEMPO Inizio="407.000" Bpm="120.00" Metro="4/4" Battito="3" />
      <TEMPO Inizio="407.499" Bpm="120.00" Metro="4/4" Battito="4" />
      <TEMPO Inizio="408.000" Bpm="120.00" Metro="4/4" Battito="1" />
      <TEMPO Inizio="408.499" Bpm="120.00" Metro="4/4" Battito="2" />
      <TEMPO Inizio="409.000" Bpm="120.00" Metro="4/4" Battito="3" />
      <TEMPO Inizio="409.499" Bpm="120.00" Metro="4/4" Battito="4" />
      <TEMPO Inizio="410.000" Bpm="120.00" Metro="4/4" Battito="1" />
      <TEMPO Inizio="410.499" Bpm="120.00" Metro="4/4" Battito="2" />
      <TEMPO Inizio="411.000" Bpm="120.00" Metro="4/4" Battito="3" />
      <TEMPO Inizio="411.499" Bpm="120.00" Metro="4/4" Battito="4" />
      <TEMPO Inizio="412.000" Bpm="120.00" Metro="4/4" Battito="1" />
      <TEMPO Inizio="412.499" Bpm="120.00" Metro="4/4" Battito="2" />
      <TEMPO Inizio="413.000" Bpm="120.00" Metro="4/4" Battito="3" />
      <TEMPO Inizio="413.499" Bpm="120.00" Metro="4/4" Battito="4" />
      <TEMPO Inizio="414.000" Bpm="120.00" Metro="4/4" Battito="1" />
      <TEMPO Inizio="414.499" Bpm="120.00" Metro="4/4" Battito="2" />
      <TEMPO Inizio="415.000" Bpm="120.00" Metro="4/4" Battito="3" />
      <TEMPO Inizio="415.499" Bpm="120.00" Metro="4/4" Battito="4" />
      <TEMPO Inizio="416.000" Bpm="120.00" Metro="4/4" Battito="1" />
      <TEMPO Inizio="416.499" Bpm="120.00" Metro="4/4" Battito="2" />
      <TEMPO Inizio="417.000" Bpm="120.00" Metro="4/4" Battito="3" />
      <TEMPO Inizio="417.499" Bpm="120.00" Metro="4/4" Battito="4" />
      <TEMPO Inizio="418.000" Bpm="120.00" Metro="4/4" Battito="1" />
      <TEMPO Inizio="418.499" Bpm="120.00" Metro="4/4" Battito="2" />
      <TEMPO Inizio="419.000" Bpm="120.00" Metro="4/4" Battito="3" />
      <TEMPO Inizio="419.499" Bpm="120.00" Metro="4/4" Battito="4" />
      <TEMPO Inizio="420.000" Bpm="120.00" Metro="4/4" Battito="1" />
      <TEMPO Inizio="420.499" Bpm="120.00" Metro="4/4" Battito="2" />
      <TEMPO Inizio="421.000" Bpm="120.00" Metro="4/4" Battito="3" />
      <TEMPO Inizio="421.499" Bpm="120.00" Metro="4/4" Battito="4" />
      <TEMPO Inizio="422.000" Bpm="120.00" Metro="4/4" Battito="1" />
      <TEMPO Inizio="422.499" Bpm="120.00" Metro="4/4" Battito="2" />
      <TEMPO Inizio="423.000" Bpm="120.00" Metro="4/4" Battito="3" />
      <TEMPO Inizio="423.499" Bpm="120.00" Metro="4/4" Battito="4" />
      <TEMPO Inizio="424.000" Bpm="120.00" Metro="4/4" Battito="1" />
      <TEMPO Inizio="424.499" Bpm="120.00" Metro="4/4" Battito="2" />
      <TEMPO Inizio="425.000" Bpm="120.00" Metro="4/4" Battito="3" />
      <TEMPO Inizio="425.499" Bpm="120.00" Metro="4/4" Battito="4" />
      <TEMPO Inizio="426.000" Bpm="120.00" Metro="4/4" Battito="1" />
      <TEMPO Inizio="426.499" Bpm="120.00" Metro="4/4" Battito="2" />
      <TEMPO Inizio="427.000" Bpm="120.00" Metro="4/4" Battito="3" />
      <TEMPO Inizio="427.499" Bpm="120.00" Metro="4/4" Battito="4" />
      <TEMPO Inizio="428.000" Bpm="120.00" Metro="4/4" Battito="1" />
      <TEMPO Inizio="428.499" Bpm="120.00" Metro="4/4" Battito="2" />
      <TEMPO Inizio="429.000" Bpm="120.00" Metro="4/4" Battito="3" />
      <TEMPO Inizio="429.499" Bpm="120.00" Metro="4/4" Battito="4" />
      <TEMPO Inizio="430.000" Bpm="120.00" Metro="4/4" Battito="1" />
      <TEMPO Inizio="430.499" Bpm="120.00" Metro="4/4" Battito="2" />
      <TEMPO Inizio="431.000" Bpm="120.00" Metro="4/4" Battito="3" />
      <TEMPO Inizio="431.499" Bpm="120.00" Metro="4/4" Battito="4" />
      <TEMPO Inizio="432.000" Bpm="120.00" Metro="4/4" Battito="1" />
      <TEMPO Inizio="432.499" Bpm="120.00" Metro="4/4" Battito="2" />
      <TEMPO Inizio="433.000" Bpm="120.00" Metro="4/4" Battito="3" />
      <TEMPO Inizio="433.499" Bpm="120.00" Metro="4/4" Battito="4" />
      <TEMPO Inizio="434.000" Bpm="120.00" Metro="4/4" Battito="1" />
      <POSITION_MARK Name="" Type="0" Start="30.006" Num="-1" />
      <POSITION_MARK Name="" Type="0" Start="126.020" Num="-1" />
    </TRACK>
    <TRACK TrackID="167090067" Name="Guidance (Reprise) (Len Faki Hardspace Mix)" Artist="Mr. G" Composer="" Album="LF RMX 010" Grouping="" Genre="House/Deep/Tech/" Kind="AIFF File" Size="55713346" TotalTime="315" DiscNumber="0" TrackNumber="1" Year="2018" AverageBpm="129.00" DateAdded="2023-01-23" BitRate="1411" SampleRate="44100" Comments="8A - 5" PlayCount="13" Rating="0" Location="file://localhost/Users/zachvp/Music/DJ/Mr.%20G%20-%20Guidance%20(Reprise)%20(Len%20Faki%20Hardspace%20Mix).aiff" Remixer="" Tonality="8A" Label="" Mix="">
      <TEMPO Inizio="0.028" Bpm="129.00" Metro="4/4" Battito="3" />
      <POSITION_MARK Name="" Type="0" Start="30.746" Num="-1" />
    </TRACK>
    <TRACK TrackID="60048440" Name="Stop Talking (Original Mix)" Artist="Neverdogs" Composer="" Album="Underground Activity Ep" Grouping="" Genre="House/Deep/Tech/" Kind="AIFF File" Size="70396104" TotalTime="398" DiscNumber="0" TrackNumber="3" Year="2019" AverageBpm="127.00" DateAdded="2023-01-23" BitRate="1411" SampleRate="44100" Comments="11A - 6" PlayCount="5" Rating="0" Location="file://localhost/Users/zachvp/Music/DJ/Neverdogs%20-%20Stop%20Talking%20(Original%20Mix).aiff" Remixer="" Tonality="11A" Label="" Mix="">
      <TEMPO Inizio="0.001" Bpm="127.00" Metro="4/4" Battito="1" />
      <TEMPO Inizio="8.033" Bpm="127.00" Metro="4/4" Battito="2" />
    </TRACK>
    <TRACK TrackID="199837275" Name="Summer Daze" Artist="Nick Holder" Composer="" Album="Sumer Daze 99" Grouping="" Genre="House/Deep/Tech/Jazzy" Kind="AIFF File" Size="82632840" TotalTime="467" DiscNumber="0" TrackNumber="2" Year="2022" AverageBpm="122.10" DateAdded="2023-01-23" BitRate="1411" SampleRate="44100" Comments="1A - 7" PlayCount="3" Rating="0" Location="file://localhost/Users/zachvp/Music/DJ/Nick%20Holder%20-%20Summer%20Daze.aiff" Remixer="" Tonality="1A" Label="" Mix="">
      <TEMPO Inizio="0.192" Bpm="122.10" Metro="4/4" Battito="1" />
      <TEMPO Inizio="0.684" Bpm="122.10" Metro="4/4" Battito="2" />
      <TEMPO Inizio="38.031" Bpm="122.10" Metro="4/4" Battito="2" />
      <TEMPO Inizio="87.663" Bpm="122.10" Metro="4/4" Battito="3" />
      <TEMPO Inizio="134.838" Bpm="122.10" Metro="4/4" Battito="3" />
      <TEMPO Inizio="184.470" Bpm="122.10" Metro="4/4" Battito="4" />
      <TEMPO Inizio="234.102" Bpm="122.10" Metro="4/4" Battito="1" />
      <TEMPO Inizio="281.277" Bpm="122.10" Metro="4/4" Battito="1" />
      <TEMPO Inizio="325.995" Bpm="122.10" Metro="4/4" Battito="4" />
      <TEMPO Inizio="375.627" Bpm="122.10" Metro="4/4" Battito="1" />
      <TEMPO Inizio="427.716" Bpm="122.10" Metro="4/4" Battito="3" />
      <POSITION_MARK Name="" Type="0" Start="55.229" Num="-1" />
    </TRACK>
    <TRACK TrackID="235510649" Name="Here Inside" Artist="Noel Nanton" Composer="" Album="People in the back #2" Grouping="" Genre="House/Deep/Tech/Jazzy" Kind="AIFF File" Size="52241948" TotalTime="295" DiscNumber="0" TrackNumber="3" Year="2022" AverageBpm="126.03" DateAdded="2023-01-23" BitRate="1411" SampleRate="44100" Comments="9A - 6" PlayCount="1" Rating="0" Location="file://localhost/Users/zachvp/Music/DJ/Noel%20Nanton%20-%20Here%20Inside.aiff" Remixer="" Tonality="9A" Label="" Mix="">
      <TEMPO Inizio="0.110" Bpm="126.03" Metro="4/4" Battito="1" />
      <TEMPO Inizio="8.680" Bpm="126.03" Metro="4/4" Battito="3" />
      <TEMPO Inizio="42.006" Bpm="126.03" Metro="4/4" Battito="1" />
      <TEMPO Inizio="69.619" Bpm="126.03" Metro="4/4" Battito="3" />
      <TEMPO Inizio="97.232" Bpm="126.03" Metro="4/4" Battito="1" />
      <TEMPO Inizio="130.558" Bpm="126.03" Metro="4/4" Battito="3" />
      <TEMPO Inizio="164.360" Bpm="126.03" Metro="4/4" Battito="2" />
      <TEMPO Inizio="191.497" Bpm="126.03" Metro="4/4" Battito="3" />
      <TEMPO Inizio="219.110" Bpm="126.03" Metro="4/4" Battito="1" />
      <TEMPO Inizio="252.436" Bpm="126.03" Metro="4/4" Battito="3" />
      <TEMPO Inizio="286.238" Bpm="126.03" Metro="4/4" Battito="2" />
    </TRACK>
    <TRACK TrackID="158127143" Name="North of Houston (Dub)" Artist="Noel Nanton" Composer="" Album="People in the back #2" Grouping="" Genre="House/Deep/Tech/Jazzy" Kind="AIFF File" Size="63404650" TotalTime="358" DiscNumber="0" TrackNumber="2" Year="2022" AverageBpm="126.02" DateAdded="2023-01-23" BitRate="1411" SampleRate="44100" Comments="6A - 6" PlayCount="3" Rating="0" Location="file://localhost/Users/zachvp/Music/DJ/Noel%20Nanton%20-%20North%20of%20Houston%20(Dub).aiff" Remixer="" Tonality="6A" Label="" Mix="">
      <TEMPO Inizio="0.029" Bpm="126.02" Metro="4/4" Battito="1" />
      <TEMPO Inizio="37.641" Bpm="126.02" Metro="4/4" Battito="4" />
      <TEMPO Inizio="75.253" Bpm="126.02" Metro="4/4" Battito="3" />
      <TEMPO Inizio="108.580" Bpm="126.02" Metro="4/4" Battito="1" />
      <TEMPO Inizio="141.907" Bpm="126.02" Metro="4/4" Battito="3" />
      <TEMPO Inizio="179.519" Bpm="126.02" Metro="4/4" Battito="2" />
      <TEMPO Inizio="208.561" Bpm="126.02" Metro="4/4" Battito="3" />
      <TEMPO Inizio="241.888" Bpm="126.02" Metro="4/4" Battito="1" />
      <TEMPO Inizio="279.500" Bpm="126.02" Metro="4/4" Battito="4" />
      <TEMPO Inizio="312.827" Bpm="126.02" Metro="4/4" Battito="2" />
      <TEMPO Inizio="346.154" Bpm="126.02" Metro="4/4" Battito="4" />
    </TRACK>
    <TRACK TrackID="142901065" Name="It’s Happening Again" Artist="Pete Bandit" Composer="" Album="Wild Feelings EP" Grouping="" Genre="House/Deep/Tech/Jazzy" Kind="AIFF File" Size="98805030" TotalTime="372" DiscNumber="0" TrackNumber="2" Year="2022" AverageBpm="124.00" DateAdded="2023-01-23" BitRate="2116" SampleRate="44100" Comments="8A - 6" PlayCount="2" Rating="0" Location="file://localhost/Users/zachvp/Music/DJ/Pete%20Bandit%20-%20It%e2%80%99s%20Happening%20Again.aiff" Remixer="" Tonality="8A" Label="" Mix="">
      <TEMPO Inizio="0.114" Bpm="124.00" Metro="4/4" Battito="1" />
    </TRACK>
    <TRACK TrackID="159601667" Name="Luv Your Body" Artist="Pete Bandit" Composer="" Album="Wild Feelings EP" Grouping="" Genre="House/Deep/Tech/Jazzy" Kind="AIFF File" Size="106481854" TotalTime="401" DiscNumber="0" TrackNumber="4" Year="2022" AverageBpm="126.00" DateAdded="2023-01-23" BitRate="2116" SampleRate="44100" Comments="12B - 5" PlayCount="2" Rating="0" Location="file://localhost/Users/zachvp/Music/DJ/Pete%20Bandit%20-%20Luv%20Your%20Body.aiff" Remixer="" Tonality="12B" Label="" Mix="">
      <TEMPO Inizio="0.098" Bpm="126.00" Metro="4/4" Battito="1" />
      <TEMPO Inizio="0.575" Bpm="126.00" Metro="4/4" Battito="2" />
      <TEMPO Inizio="285.812" Bpm="126.00" Metro="4/4" Battito="1" />
    </TRACK>
    <TRACK TrackID="44986300" Name="Another Day (Toro Mix)" Artist="Riley Reinhold, Steve Barnes" Composer="" Album="Another Day" Grouping="" Genre="House/Deep/Tech/" Kind="AIFF File" Size="79279226" TotalTime="449" DiscNumber="0" TrackNumber="1" Year="2006" AverageBpm="120.03" DateAdded="2023-01-23" BitRate="1411" SampleRate="44100" Comments="8A - 5" PlayCount="2" Rating="0" Location="file://localhost/Users/zachvp/Music/DJ/Riley%20Reinhold,%20Steve%20Barnes%20-%20Another%20Day%20(Toro%20Mix).aiff" Remixer="" Tonality="8A" Label="My Best Friend LTD" Mix="">
      <TEMPO Inizio="0.035" Bpm="120.03" Metro="4/4" Battito="1" />
      <POSITION_MARK Name="" Type="0" Start="127.993" Num="-1" />
    </TRACK>
    <TRACK TrackID="6516224" Name="Bluenote" Artist="DJ Rasoul" Composer="" Album="Phil Weeks Presents Crate Diggin’ Vol.2" Grouping="" Genre="House/Deep/Tech/Jazzy" Kind="AIFF File" Size="74974824" TotalTime="424" DiscNumber="0" TrackNumber="3" Year="2013" AverageBpm="123.00" DateAdded="2023-01-23" BitRate="1411" SampleRate="44100" Comments="5A - 6" PlayCount="1" Rating="0" Location="file://localhost/Users/zachvp/Music/DJ/Robsoul%20Recordings%20-%20DJ%20Rasoul%20%e2%80%93%20Bluenote.aiff" Remixer="" Tonality="5A" Label="" Mix="">
      <TEMPO Inizio="0.251" Bpm="123.00" Metro="4/4" Battito="2" />
    </TRACK>
    <TRACK TrackID="100902049" Name="Disko Biscuit" Artist="Method Men" Composer="" Album="Phil Weeks Presents Crate Diggin’ Vol.2" Grouping="" Genre="House/Deep/Tech/Jazzy" Kind="AIFF File" Size="96675956" TotalTime="547" DiscNumber="0" TrackNumber="7" Year="2013" AverageBpm="127.97" DateAdded="2023-01-23" BitRate="1411" SampleRate="44100" Comments="4A - 6" PlayCount="1" Rating="0" Location="file://localhost/Users/zachvp/Music/DJ/Robsoul%20Recordings%20-%20Method%20Men%20%e2%80%93%20Disko%20Biscuit.aiff" Remixer="" Tonality="4A" Label="" Mix="">
      <TEMPO Inizio="0.190" Bpm="127.97" Metro="4/4" Battito="1" />
    </TRACK>
    <TRACK TrackID="94245508" Name="Soul Patrol (Migs Transporters Vibe)" Artist="Miguel Migs" Composer="" Album="Phil Weeks Presents Crate Diggin’ Vol.2" Grouping="" Genre="House/Deep/Tech/Jazzy" Kind="AIFF File" Size="60438178" TotalTime="342" DiscNumber="0" TrackNumber="8" Year="2013" AverageBpm="124.01" DateAdded="2023-01-23" BitRate="1411" SampleRate="44100" Comments="11A - 7" PlayCount="3" Rating="0" Location="file://localhost/Users/zachvp/Music/DJ/Robsoul%20Recordings%20-%20Miguel%20Migs-%20Soul%20Patrol%20(Migs%20Transporters%20Vibe).aiff" Remixer="" Tonality="11A" Label="" Mix="">
      <TEMPO Inizio="0.352" Bpm="124.01" Metro="4/4" Battito="1" />
    </TRACK>
    <TRACK TrackID="169873206" Name="Blue Rawls (Original Mix)" Artist="Seth Troxler &amp; Phil Moffa" Composer="" Album="Rogue Music" Grouping="" Genre="House/Deep/Tech/" Kind="AIFF File" Size="84521330" TotalTime="478" DiscNumber="0" TrackNumber="1" Year="2015" AverageBpm="125.00" DateAdded="2023-01-23" BitRate="1411" SampleRate="44100" Comments="7A - 5" PlayCount="3" Rating="0" Location="file://localhost/Users/zachvp/Music/DJ/Seth%20Troxler%20%26%20Phil%20Moffa%20-%20Blue%20Rawls%20(Original%20Mix).aiff" Remixer="" Tonality="7A" Label="" Mix="">
      <TEMPO Inizio="0.064" Bpm="125.00" Metro="4/4" Battito="1" />
      <TEMPO Inizio="36.543" Bpm="125.00" Metro="4/4" Battito="1" />
    </TRACK>
    <TRACK TrackID="12948563" Name="Trust" Artist="Facundo Mohrr &amp; Valdovinos" Composer="" Album="Season Journeys" Grouping="" Genre="House/Deep/Tech/Spacey" Kind="AIFF File" Size="90522124" TotalTime="512" DiscNumber="0" TrackNumber="2" Year="2020" AverageBpm="121.00" DateAdded="2023-01-23" BitRate="1411" SampleRate="44100" Comments="9A - 6" PlayCount="1" Rating="0" Location="file://localhost/Users/zachvp/Music/DJ/Shanti%20Radio%20-%20Facundo%20Mohrr%20%26%20Valdovinos%20-%20Trust.aiff" Remixer="" Tonality="9A" Label="" Mix="">
      <TEMPO Inizio="0.037" Bpm="121.00" Metro="4/4" Battito="3" />
    </TRACK>
    <TRACK TrackID="135605957" Name="Late Night" Artist="Sibling, grad_u" Composer="" Album="Shadows LP (Inc. grad_u Reconstruction) [SKBLK008]" Grouping="" Genre="House/Deep/Tech/Dubby" Kind="AIFF File" Size="88699908" TotalTime="502" DiscNumber="0" TrackNumber="1" Year="2017" AverageBpm="118.00" DateAdded="2023-01-23" BitRate="1411" SampleRate="44100" Comments="2A - 5" PlayCount="1" Rating="0" Location="file://localhost/Users/zachvp/Music/DJ/Sibling,%20grad_u%20-%20Shadows%20LP%20(Inc.%20grad_u%20Reconstruction)%20-SKBLK008-%20-%2001%20Sibling%20-%20Late%20Night%20-SKBLK008-.aiff" Remixer="" Tonality="2A" Label="" Mix="">
      <TEMPO Inizio="0.006" Bpm="118.00" Metro="4/4" Battito="1" />
      <TEMPO Inizio="0.515" Bpm="118.00" Metro="4/4" Battito="2" />
      <TEMPO Inizio="360.514" Bpm="118.00" Metro="4/4" Battito="2" />
    </TRACK>
    <TRACK TrackID="60778247" Name="Off World" Artist="Sibling, grad_u" Composer="" Album="Shadows LP (Inc. grad_u Reconstruction) [SKBLK008]" Grouping="" Genre="House/Deep/Tech/Dubby" Kind="AIFF File" Size="78060298" TotalTime="442" DiscNumber="0" TrackNumber="2" Year="2017" AverageBpm="115.00" DateAdded="2023-01-23" BitRate="1411" SampleRate="44100" Comments="8A - 5" PlayCount="5" Rating="0" Location="file://localhost/Users/zachvp/Music/DJ/Sibling,%20grad_u%20-%20Shadows%20LP%20(Inc.%20grad_u%20Reconstruction)%20-SKBLK008-%20-%2002%20Sibling%20-%20Off%20World%20-SKBLK008-.aiff" Remixer="" Tonality="8A" Label="" Mix="">
      <TEMPO Inizio="0.016" Bpm="115.00" Metro="4/4" Battito="1" />
    </TRACK>
    <TRACK TrackID="165361364" Name="Mirage" Artist="Sibling, grad_u" Composer="" Album="Shadows LP (Inc. grad_u Reconstruction) [SKBLK008]" Grouping="" Genre="House/Deep/Tech/Dubby" Kind="AIFF File" Size="87875076" TotalTime="497" DiscNumber="0" TrackNumber="3" Year="2017" AverageBpm="118.00" DateAdded="2023-01-23" BitRate="1411" SampleRate="44100" Comments="3A - 5" PlayCount="0" Rating="0" Location="file://localhost/Users/zachvp/Music/DJ/Sibling,%20grad_u%20-%20Shadows%20LP%20(Inc.%20grad_u%20Reconstruction)%20-SKBLK008-%20-%2003%20Sibling%20-%20Mirage%20-SKBLK008-.aiff" Remixer="" Tonality="3A" Label="" Mix="">
      <TEMPO Inizio="0.007" Bpm="118.00" Metro="4/4" Battito="1" />
      <TEMPO Inizio="0.516" Bpm="118.00" Metro="4/4" Battito="2" />
      <TEMPO Inizio="150.515" Bpm="118.00" Metro="4/4" Battito="1" />
      <TEMPO Inizio="349.836" Bpm="118.00" Metro="4/4" Battito="1" />
    </TRACK>
    <TRACK TrackID="128864940" Name="Interaction" Artist="Sibling, grad_u" Composer="" Album="Shadows LP (Inc. grad_u Reconstruction) [SKBLK008]" Grouping="" Genre="House/Deep/Tech/Dubby" Kind="AIFF File" Size="96526734" TotalTime="546" DiscNumber="0" TrackNumber="4" Year="2017" AverageBpm="122.00" DateAdded="2023-01-23" BitRate="1411" SampleRate="44100" Comments="11A - 5" PlayCount="1" Rating="0" Location="file://localhost/Users/zachvp/Music/DJ/Sibling,%20grad_u%20-%20Shadows%20LP%20(Inc.%20grad_u%20Reconstruction)%20-SKBLK008-%20-%2004%20Sibling%20-%20Interaction%20-SKBLK008-.aiff" Remixer="" Tonality="11A" Label="" Mix="">
      <TEMPO Inizio="0.006" Bpm="122.00" Metro="4/4" Battito="1" />
    </TRACK>
    <TRACK TrackID="121063775" Name="Interaction (grad_u Reconstruction)" Artist="Sibling, grad_u" Composer="" Album="Shadows LP (Inc. grad_u Reconstruction) [SKBLK008]" Grouping="" Genre="House/Techno/Downtempo" Kind="AIFF File" Size="132729662" TotalTime="752" DiscNumber="0" TrackNumber="5" Year="2017" AverageBpm="123.99" DateAdded="2023-01-23" BitRate="1411" SampleRate="44100" Comments="10A - 5" PlayCount="0" Rating="0" Location="file://localhost/Users/zachvp/Music/DJ/Sibling,%20grad_u%20-%20Shadows%20LP%20(Inc.%20grad_u%20Reconstruction)%20-SKBLK008-%20-%2005%20Sibling%20-%20Interaction%20(grad_u%20Reconstruction)%20-SKBLK008-.aiff" Remixer="" Tonality="10A" Label="" Mix="">
      <TEMPO Inizio="0.011" Bpm="123.99" Metro="4/4" Battito="3" />
    </TRACK>
    <TRACK TrackID="192931483" Name="Clockwork" Artist="Sibling, grad_u" Composer="" Album="Shadows LP (Inc. grad_u Reconstruction) [SKBLK008]" Grouping="" Genre="House/Techno/Downtempo" Kind="AIFF File" Size="87891210" TotalTime="497" DiscNumber="0" TrackNumber="6" Year="2017" AverageBpm="121.00" DateAdded="2023-01-23" BitRate="1411" SampleRate="44100" Comments="8A - 6" PlayCount="1" Rating="0" Location="file://localhost/Users/zachvp/Music/DJ/Sibling,%20grad_u%20-%20Shadows%20LP%20(Inc.%20grad_u%20Reconstruction)%20-SKBLK008-%20-%2006%20Sibling%20-%20Clockwork%20-SKBLK008-.aiff" Remixer="" Tonality="8A" Label="" Mix="">
      <TEMPO Inizio="0.005" Bpm="121.00" Metro="4/4" Battito="1" />
    </TRACK>
    <TRACK TrackID="124751333" Name="Shadows (Light Mix)" Artist="Sibling, grad_u" Composer="" Album="Shadows LP (Inc. grad_u Reconstruction) [SKBLK008]" Grouping="" Genre="House/Deep/Tech/Dubby" Kind="AIFF File" Size="81912302" TotalTime="464" DiscNumber="0" TrackNumber="7" Year="2017" AverageBpm="114.00" DateAdded="2023-01-23" BitRate="1411" SampleRate="44100" Comments="12A - 5" PlayCount="1" Rating="0" Location="file://localhost/Users/zachvp/Music/DJ/Sibling,%20grad_u%20-%20Shadows%20LP%20(Inc.%20grad_u%20Reconstruction)%20-SKBLK008-%20-%2007%20Sibling%20-%20Shadows%20(Light%20Mix)%20-SKBLK008-.aiff" Remixer="" Tonality="12A" Label="" Mix="">
      <TEMPO Inizio="0.022" Bpm="114.00" Metro="4/4" Battito="1" />
      <TEMPO Inizio="300.021" Bpm="114.00" Metro="4/4" Battito="3" />
    </TRACK>
    <TRACK TrackID="200549165" Name="Shadows (Dark Mix)" Artist="Sibling, grad_u" Composer="" Album="Shadows LP (Inc. grad_u Reconstruction) [SKBLK008]" Grouping="" Genre="zzz" Kind="AIFF File" Size="85128432" TotalTime="482" DiscNumber="0" TrackNumber="8" Year="2017" AverageBpm="114.00" DateAdded="2023-01-23" BitRate="1411" SampleRate="44100" Comments="6A - 5" PlayCount="0" Rating="0" Location="file://localhost/Users/zachvp/Music/DJ/Sibling,%20grad_u%20-%20Shadows%20LP%20(Inc.%20grad_u%20Reconstruction)%20-SKBLK008-%20-%2008%20Sibling%20-%20Shadows%20(Dark%20Mix)%20-SKBLK008-.aiff" Remixer="" Tonality="6A" Label="" Mix="">
      <TEMPO Inizio="0.007" Bpm="114.00" Metro="4/4" Battito="1" />
      <TEMPO Inizio="0.534" Bpm="114.00" Metro="4/4" Battito="2" />
      <TEMPO Inizio="410.533" Bpm="114.00" Metro="4/4" Battito="1" />
    </TRACK>
    <TRACK TrackID="256241420" Name="Outro" Artist="Sibling, grad_u" Composer="" Album="Shadows LP (Inc. grad_u Reconstruction) [SKBLK008]" Grouping="" Genre="House/Deep/Tech/Dubby" Kind="AIFF File" Size="36957998" TotalTime="209" DiscNumber="0" TrackNumber="9" Year="2017" AverageBpm="120.00" DateAdded="2023-01-23" BitRate="1411" SampleRate="44100" Comments="8A - 6" PlayCount="0" Rating="0" Location="file://localhost/Users/zachvp/Music/DJ/Sibling,%20grad_u%20-%20Shadows%20LP%20(Inc.%20grad_u%20Reconstruction)%20-SKBLK008-%20-%2009%20Sibling%20-%20Outro%20-SKBLK008-.aiff" Remixer="" Tonality="8A" Label="" Mix="">
      <TEMPO Inizio="0.277" Bpm="120.00" Metro="4/4" Battito="4" />
    </TRACK>
    <TRACK TrackID="159834485" Name="Melodrama" Artist="Skudge" Composer="" Album="SKUDGE 002" Grouping="" Genre="House/Deep/Tech/" Kind="AIFF File" Size="74630400" TotalTime="421" DiscNumber="0" TrackNumber="1" Year="2010" AverageBpm="128.00" DateAdded="2023-01-23" BitRate="1411" SampleRate="44100" Comments="8A - 6" PlayCount="1" Rating="0" Location="file://localhost/Users/zachvp/Music/DJ/Skudge%20-%20Melodrama.aiff" Remixer="" Tonality="8A" Label="" Mix="">
      <TEMPO Inizio="0.205" Bpm="128.00" Metro="4/4" Battito="1" />
    </TRACK>
    <TRACK TrackID="171340986" Name="Re-Entry" Artist="Lisene" Composer="" Album="Adam Pits &amp; Lisene Present: Space Cadets" Grouping="" Genre="House/Deep/Tech/Spacey" Kind="AIFF File" Size="87163764" TotalTime="302" DiscNumber="0" TrackNumber="3" Year="2019" AverageBpm="136.00" DateAdded="2023-01-23" BitRate="2304" SampleRate="48000" Comments="12A - 6" PlayCount="1" Rating="0" Location="file://localhost/Users/zachvp/Music/DJ/Space%20Cadets%20-%20Lisene%20-%20Re-Entry.aiff" Remixer="" Tonality="12A" Label="" Mix="">
      <TEMPO Inizio="0.246" Bpm="136.00" Metro="4/4" Battito="1" />
    </TRACK>
    <TRACK TrackID="200081706" Name="Wipeout" Artist="The Juan MacLean" Composer="" Album="I Want The Night" Grouping="" Genre="House/Tech/Indie/Retro" Kind="AIFF File" Size="69423778" TotalTime="392" DiscNumber="0" TrackNumber="2" Year="2021" AverageBpm="120.00" DateAdded="2023-01-23" BitRate="1411" SampleRate="44100" Comments="5A - 6" PlayCount="7" Rating="0" Location="file://localhost/Users/zachvp/Music/DJ/The%20Juan%20MacLean%20-%20Wipeout.aiff" Remixer="" Tonality="5A" Label="" Mix="">
      <TEMPO Inizio="0.287" Bpm="120.00" Metro="4/4" Battito="1" />
      <TEMPO Inizio="114.286" Bpm="120.00" Metro="4/4" Battito="1" />
      <POSITION_MARK Name="" Type="0" Start="96.264" Num="-1" />
    </TRACK>
    <TRACK TrackID="193853853" Name="Issshhh (Beats)" Artist="The Martinez Brothers" Composer="" Album="Issshhh EP" Grouping="" Genre="House/Deep/Tech/" Kind="AIFF File" Size="74174234" TotalTime="419" DiscNumber="0" TrackNumber="2" Year="2011" AverageBpm="126.00" DateAdded="2023-01-23" BitRate="1411" SampleRate="44100" Comments="12A - 6" PlayCount="1" Rating="0" Location="file://localhost/Users/zachvp/Music/DJ/The%20Martinez%20Brothers%20-%20Issshhh%20(Beats).aiff" Remixer="" Tonality="12A" Label="" Mix="">
      <TEMPO Inizio="0.266" Bpm="126.00" Metro="4/4" Battito="1" />
    </TRACK>
    <TRACK TrackID="113117449" Name="The Causeway" Artist="The Martinez Brothers" Composer="" Album="Issshhh EP" Grouping="" Genre="House/Deep/Tech/" Kind="AIFF File" Size="70730276" TotalTime="400" DiscNumber="0" TrackNumber="3" Year="2011" AverageBpm="125.00" DateAdded="2023-01-23" BitRate="1411" SampleRate="44100" Comments="6A - 6" PlayCount="8" Rating="0" Location="file://localhost/Users/zachvp/Music/DJ/The%20Martinez%20Brothers%20-%20The%20Causeway.aiff" Remixer="" Tonality="6A" Label="" Mix="">
      <TEMPO Inizio="0.297" Bpm="125.00" Metro="4/4" Battito="1" />
      <TEMPO Inizio="229.258" Bpm="125.00" Metro="4/4" Battito="2" />
    </TRACK>
    <TRACK TrackID="239346798" Name="Sands of Time" Artist="Next Evidence" Composer="" Album="New York 2 &quot;tha&quot; Bone" Grouping="" Genre="House/Deep/Tech/Jazzy" Kind="MP3 File" Size="20575759" TotalTime="512" DiscNumber="1" TrackNumber="3" Year="2007" AverageBpm="124.65" DateAdded="2023-01-23" BitRate="320" SampleRate="44100" Comments="7A - 6" PlayCount="3" Rating="0" Location="file://localhost/Users/zachvp/Music/DJ/Leon%20Koronis_%20various%20artists%20-%2003.%20Sands%20of%20Time.mp3" Remixer="" Tonality="7A" Label="" Mix="">
      <TEMPO Inizio="0.016" Bpm="124.65" Metro="4/4" Battito="1" />
      <TEMPO Inizio="3.386" Bpm="124.65" Metro="4/4" Battito="4" />
      <TEMPO Inizio="41.413" Bpm="124.65" Metro="4/4" Battito="3" />
      <TEMPO Inizio="76.552" Bpm="124.65" Metro="4/4" Battito="4" />
      <TEMPO Inizio="113.135" Bpm="124.65" Metro="4/4" Battito="4" />
      <TEMPO Inizio="148.274" Bpm="124.65" Metro="4/4" Battito="1" />
      <TEMPO Inizio="184.857" Bpm="124.65" Metro="4/4" Battito="1" />
      <TEMPO Inizio="219.996" Bpm="124.65" Metro="4/4" Battito="2" />
      <TEMPO Inizio="258.023" Bpm="124.65" Metro="4/4" Battito="1" />
      <TEMPO Inizio="294.606" Bpm="124.65" Metro="4/4" Battito="1" />
      <TEMPO Inizio="329.745" Bpm="124.65" Metro="4/4" Battito="2" />
      <TEMPO Inizio="366.328" Bpm="124.65" Metro="4/4" Battito="2" />
      <TEMPO Inizio="401.467" Bpm="124.65" Metro="4/4" Battito="3" />
      <TEMPO Inizio="439.494" Bpm="124.65" Metro="4/4" Battito="2" />
      <TEMPO Inizio="474.633" Bpm="124.65" Metro="4/4" Battito="3" />
      <TEMPO Inizio="511.216" Bpm="124.65" Metro="4/4" Battito="3" />
    </TRACK>
    <TRACK TrackID="217534431" Name="I Believe" Artist="Tripio X" Composer="" Album="" Grouping="" Genre="House/Deep/Tech/" Kind="MP3 File" Size="15804914" TotalTime="394" DiscNumber="0" TrackNumber="0" Year="0" AverageBpm="122.00" DateAdded="2023-01-23" BitRate="320" SampleRate="44100" Comments="10A - 5" PlayCount="2" Rating="0" Location="file://localhost/Users/zachvp/Music/DJ/Tripio%20X%20-%20I%20Believe%20(FREE%20DOWNLOAD).mp3" Remixer="" Tonality="10A" Label="" Mix="">
      <TEMPO Inizio="0.462" Bpm="122.00" Metro="4/4" Battito="1" />
    </TRACK>
    <TRACK TrackID="116229114" Name="Lover" Artist="Blas D'Moure" Composer="" Album="Underground House Party Vol. 2" Grouping="" Genre="House/Tech/Indie/" Kind="MP3 File" Size="14905337" TotalTime="370" DiscNumber="1" TrackNumber="11" Year="2018" AverageBpm="120.00" DateAdded="2023-01-23" BitRate="320" SampleRate="44100" Comments="6A - 7" PlayCount="3" Rating="0" Location="file://localhost/Users/zachvp/Music/DJ/Various%20Artists%20-%2011.%20Lover.mp3" Remixer="" Tonality="6A" Label="" Mix="">
      <TEMPO Inizio="0.067" Bpm="120.00" Metro="4/4" Battito="1" />
      <TEMPO Inizio="64.068" Bpm="120.00" Metro="4/4" Battito="1" />
      <TEMPO Inizio="64.567" Bpm="120.00" Metro="4/4" Battito="2" />
      <TEMPO Inizio="65.068" Bpm="120.00" Metro="4/4" Battito="3" />
      <TEMPO Inizio="65.567" Bpm="120.00" Metro="4/4" Battito="4" />
      <TEMPO Inizio="66.068" Bpm="120.00" Metro="4/4" Battito="1" />
      <TEMPO Inizio="130.069" Bpm="120.00" Metro="4/4" Battito="1" />
      <TEMPO Inizio="130.568" Bpm="120.00" Metro="4/4" Battito="2" />
      <TEMPO Inizio="131.069" Bpm="120.00" Metro="4/4" Battito="3" />
      <TEMPO Inizio="131.568" Bpm="120.00" Metro="4/4" Battito="4" />
      <TEMPO Inizio="132.069" Bpm="120.00" Metro="4/4" Battito="1" />
      <TEMPO Inizio="196.070" Bpm="120.00" Metro="4/4" Battito="1" />
      <TEMPO Inizio="196.569" Bpm="120.00" Metro="4/4" Battito="2" />
      <TEMPO Inizio="197.070" Bpm="120.00" Metro="4/4" Battito="3" />
      <TEMPO Inizio="197.569" Bpm="120.00" Metro="4/4" Battito="4" />
      <TEMPO Inizio="198.070" Bpm="120.00" Metro="4/4" Battito="1" />
      <TEMPO Inizio="198.569" Bpm="120.00" Metro="4/4" Battito="2" />
      <TEMPO Inizio="199.070" Bpm="120.00" Metro="4/4" Battito="3" />
      <TEMPO Inizio="262.071" Bpm="120.00" Metro="4/4" Battito="1" />
      <TEMPO Inizio="262.570" Bpm="120.00" Metro="4/4" Battito="2" />
      <TEMPO Inizio="263.071" Bpm="120.00" Metro="4/4" Battito="3" />
      <TEMPO Inizio="263.570" Bpm="120.00" Metro="4/4" Battito="4" />
      <TEMPO Inizio="264.071" Bpm="120.00" Metro="4/4" Battito="1" />
      <TEMPO Inizio="264.570" Bpm="120.00" Metro="4/4" Battito="2" />
      <TEMPO Inizio="265.071" Bpm="120.00" Metro="4/4" Battito="3" />
      <TEMPO Inizio="329.072" Bpm="120.00" Metro="4/4" Battito="3" />
      <TEMPO Inizio="329.571" Bpm="120.00" Metro="4/4" Battito="4" />
      <TEMPO Inizio="330.072" Bpm="120.00" Metro="4/4" Battito="1" />
      <TEMPO Inizio="330.571" Bpm="120.00" Metro="4/4" Battito="2" />
      <TEMPO Inizio="331.072" Bpm="120.00" Metro="4/4" Battito="3" />
    </TRACK>
    <TRACK TrackID="189119029" Name="Feelings" Artist="KH" Composer="" Album="" Grouping="" Genre="House/Tech/Indie/" Kind="AIFF File" Size="72064510" TotalTime="271" DiscNumber="0" TrackNumber="0" Year="2022" AverageBpm="129.00" DateAdded="2023-01-23" BitRate="1411" SampleRate="44100" Comments="8A - 6" PlayCount="3" Rating="0" Location="file://localhost/Users/zachvp/Music/DJ/KH%20-%20Feelings.aiff" Remixer="" Tonality="8A" Label="" Mix="">
      <TEMPO Inizio="0.015" Bpm="129.00" Metro="4/4" Battito="1" />
      <TEMPO Inizio="181.876" Bpm="129.00" Metro="4/4" Battito="4" />
    </TRACK>
    <TRACK TrackID="152037647" Name="Pickup (Original Mix)" Artist="Jamback" Composer="" Album="Roaring 20's" Grouping="" Genre="House/Deep/Tech/Jazzy" Kind="AIFF File" Size="62103320" TotalTime="348" DiscNumber="0" TrackNumber="3" Year="2022" AverageBpm="128.00" DateAdded="2023-02-26" BitRate="1411" SampleRate="44100" Comments="4A - 6" PlayCount="1" Rating="0" Location="file://localhost/Users/zachvp/Music/DJ/16287003_Pickup_(Original_Mix).aiff" Remixer="" Tonality="4A" Label="PIV" Mix="">
      <TEMPO Inizio="0.003" Bpm="128.00" Metro="4/4" Battito="1" />
    </TRACK>
    <TRACK TrackID="45902548" Name="'95 Dub (Original Mix)" Artist="Shanks" Composer="" Album="Skull &amp; Bones EP" Grouping="" Genre="House/Tech/Breaks" Kind="AIFF File" Size="43753212" TotalTime="245" DiscNumber="0" TrackNumber="4" Year="2022" AverageBpm="174.00" DateAdded="2023-02-26" BitRate="1411" SampleRate="44100" Comments="11A - 6" PlayCount="3" Rating="0" Location="file://localhost/Users/zachvp/Music/DJ/16549969__95_Dub_(Original_Mix).aiff" Remixer="" Tonality="11A" Label="Program" Mix="">
      <TEMPO Inizio="0.002" Bpm="174.00" Metro="4/4" Battito="1" />
      <POSITION_MARK Name="" Type="0" Start="44.139" Num="-1" />
      <POSITION_MARK Name="" Type="0" Start="154.486" Num="-1" />
    </TRACK>
    <TRACK TrackID="38616731" Name="Rbot" Artist="Battilani" Composer="" Album="Rbot" Grouping="" Genre="House/Tech/Indie/Retro" Kind="AIFF File" Size="63676540" TotalTime="360" DiscNumber="0" TrackNumber="1" Year="2022" AverageBpm="118.00" DateAdded="2023-02-26" BitRate="1411" SampleRate="44100" Comments="7A - 6" PlayCount="5" Rating="0" Location="file://localhost/Users/zachvp/Music/DJ/Battilani%20-%20Rbot.aiff" Remixer="" Tonality="7A" Label="" Mix="">
      <TEMPO Inizio="0.003" Bpm="118.00" Metro="4/4" Battito="1" />
      <TEMPO Inizio="0.512" Bpm="118.00" Metro="4/4" Battito="2" />
      <TEMPO Inizio="310.172" Bpm="118.00" Metro="4/4" Battito="3" />
      <POSITION_MARK Name="" Type="0" Start="260.329" Num="-1" />
    </TRACK>
    <TRACK TrackID="166644000" Name="Silent Storm (Original Mix)" Artist="Dive Craft" Composer="" Album="Archive B" Grouping="" Genre="House/Deep/Tech/Dubby" Kind="AIFF File" Size="66296462" TotalTime="374" DiscNumber="0" TrackNumber="11" Year="2022" AverageBpm="118.00" DateAdded="2023-02-26" BitRate="1411" SampleRate="44100" Comments="12A - 4" PlayCount="1" Rating="0" Location="file://localhost/Users/zachvp/Music/DJ/16400779_Silent_Storm_(Original_Mix).aiff" Remixer="" Tonality="12A" Label="spclnch" Mix="">
      <TEMPO Inizio="0.016" Bpm="118.00" Metro="4/4" Battito="1" />
      <TEMPO Inizio="160.186" Bpm="118.00" Metro="4/4" Battito="4" />
      <TEMPO Inizio="350.356" Bpm="118.00" Metro="4/4" Battito="2" />
    </TRACK>
    <TRACK TrackID="266155510" Name="In The Flow" Artist="Fred P" Composer="" Album="States Of Bliss" Grouping="" Genre="House/Deep/Tech/Jazzy" Kind="AIFF File" Size="58827638" TotalTime="332" DiscNumber="0" TrackNumber="1" Year="2023" AverageBpm="127.00" DateAdded="2023-02-26" BitRate="1411" SampleRate="44100" Comments="6A - 6" PlayCount="1" Rating="0" Location="file://localhost/Users/zachvp/Music/DJ/Fred%20P%20-%20In%20The%20Flow.aiff" Remixer="" Tonality="6A" Label="" Mix="">
      <TEMPO Inizio="0.002" Bpm="127.00" Metro="4/4" Battito="1" />
      <TEMPO Inizio="8.034" Bpm="127.00" Metro="4/4" Battito="2" />
    </TRACK>
    <TRACK TrackID="89339824" Name="Carte Blanch (Myth Remix)" Artist="NC-17" Composer="" Album="Carte Blanche Remixed" Grouping="" Genre="House/Tech/Breaks" Kind="AIFF File" Size="49049620" TotalTime="275" DiscNumber="0" TrackNumber="2" Year="2022" AverageBpm="174.00" DateAdded="2023-02-26" BitRate="1411" SampleRate="44100" Comments="3A - 6" PlayCount="5" Rating="0" Location="file://localhost/Users/zachvp/Music/DJ/16594201_Carte_Blanch_(Myth_Remix).aiff" Remixer="" Tonality="3A" Label="Rebel Music" Mix="">
      <TEMPO Inizio="0.001" Bpm="87.00" Metro="4/4" Battito="1" />
      <POSITION_MARK Name="" Type="0" Start="55.161" Num="-1" />
      <POSITION_MARK Name="" Type="0" Start="110.342" Num="-1" />
      <POSITION_MARK Name="" Type="0" Start="174.474" Num="-1" />
      <POSITION_MARK Name="" Type="0" Start="193.101" Num="-1" />
    </TRACK>
    <TRACK TrackID="11905887" Name="My Darling (Original Mix)" Artist="Thule, Danescu" Composer="" Album="Select RO Minimal 2" Grouping="" Genre="House/Deep/Tech/" Kind="AIFF File" Size="84541226" TotalTime="472" DiscNumber="0" TrackNumber="4" Year="2022" AverageBpm="122.00" DateAdded="2023-02-26" BitRate="1411" SampleRate="44100" Comments="7A - 5" PlayCount="2" Rating="0" Location="file://localhost/Users/zachvp/Music/DJ/16679005_My_Darling_(Original_Mix).aiff" Remixer="" Tonality="7A" Label="Selectro" Mix="">
      <TEMPO Inizio="0.003" Bpm="122.00" Metro="4/4" Battito="1" />
    </TRACK>
    <TRACK TrackID="234039958" Name="Transformation (Microlot Rmx)" Artist="Nae:Tek, DeepNorth" Composer="" Album="Transformation (The Remixes)" Grouping="" Genre="House/Deep/Tech/Spacey" Kind="AIFF File" Size="77578080" TotalTime="437" DiscNumber="0" TrackNumber="1" Year="2022" AverageBpm="115.00" DateAdded="2023-02-26" BitRate="1411" SampleRate="44100" Comments="6A - 6" PlayCount="0" Rating="0" Location="file://localhost/Users/zachvp/Music/DJ/16560232_Transformation_(Microlot_Rmx).aiff" Remixer="" Tonality="6A" Label="Superordinate Dub Waves" Mix="">
      <TEMPO Inizio="0.000" Bpm="115.00" Metro="4/4" Battito="1" />
    </TRACK>
    <TRACK TrackID="156058564" Name="Musubi (Original Mix)" Artist="Afternoon Bike Ride" Composer="" Album="Glossover" Grouping="" Genre="Lounge/Ambient" Kind="AIFF File" Size="14956414" TotalTime="83" DiscNumber="0" TrackNumber="1" Year="2023" AverageBpm="107.52" DateAdded="2023-02-26" BitRate="1411" SampleRate="44100" Comments="7B - 2" PlayCount="1" Rating="0" Location="file://localhost/Users/zachvp/Music/DJ/16751785_Musubi_(Original_Mix).aiff" Remixer="" Tonality="7B" Label="Friends of Friends Music" Mix="">
      <TEMPO Inizio="0.265" Bpm="107.52" Metro="4/4" Battito="2" />
      <TEMPO Inizio="7.520" Bpm="107.52" Metro="4/4" Battito="3" />
      <TEMPO Inizio="30.958" Bpm="107.52" Metro="4/4" Battito="1" />
      <POSITION_MARK Name="" Type="0" Start="36.834" Num="-1" />
    </TRACK>
    <TRACK TrackID="225126378" Name="Summertime (Original Mix)" Artist="Afternoon Bike Ride" Composer="" Album="Glossover" Grouping="" Genre="House/Tech/Indie/" Kind="AIFF File" Size="37186988" TotalTime="209" DiscNumber="0" TrackNumber="3" Year="2023" AverageBpm="120.00" DateAdded="2023-02-26" BitRate="1411" SampleRate="44100" Comments="10B - 4" PlayCount="4" Rating="0" Location="file://localhost/Users/zachvp/Music/DJ/16751787_Summertime_(Original_Mix).aiff" Remixer="" Tonality="10B" Label="Friends of Friends Music" Mix="">
      <TEMPO Inizio="0.050" Bpm="120.00" Metro="4/4" Battito="1" />
      <TEMPO Inizio="186.551" Bpm="120.00" Metro="4/4" Battito="2" />
      <TEMPO Inizio="187.050" Bpm="120.00" Metro="4/4" Battito="3" />
      <TEMPO Inizio="187.551" Bpm="120.00" Metro="4/4" Battito="4" />
      <TEMPO Inizio="188.050" Bpm="120.00" Metro="4/4" Battito="1" />
      <TEMPO Inizio="188.551" Bpm="120.00" Metro="4/4" Battito="2" />
      <TEMPO Inizio="189.050" Bpm="120.00" Metro="4/4" Battito="3" />
      <TEMPO Inizio="189.551" Bpm="120.00" Metro="4/4" Battito="4" />
      <TEMPO Inizio="190.050" Bpm="120.00" Metro="4/4" Battito="1" />
      <TEMPO Inizio="190.551" Bpm="120.00" Metro="4/4" Battito="2" />
      <TEMPO Inizio="191.050" Bpm="120.00" Metro="4/4" Battito="3" />
      <TEMPO Inizio="191.551" Bpm="120.00" Metro="4/4" Battito="4" />
      <TEMPO Inizio="192.050" Bpm="120.00" Metro="4/4" Battito="1" />
      <TEMPO Inizio="192.551" Bpm="120.00" Metro="4/4" Battito="2" />
      <TEMPO Inizio="193.050" Bpm="120.00" Metro="4/4" Battito="3" />
      <TEMPO Inizio="193.551" Bpm="120.00" Metro="4/4" Battito="4" />
      <TEMPO Inizio="194.050" Bpm="120.00" Metro="4/4" Battito="1" />
      <TEMPO Inizio="194.551" Bpm="120.00" Metro="4/4" Battito="2" />
      <TEMPO Inizio="195.050" Bpm="120.00" Metro="4/4" Battito="3" />
      <TEMPO Inizio="195.551" Bpm="120.00" Metro="4/4" Battito="4" />
    </TRACK>
    <TRACK TrackID="155348068" Name="Infinity (Original Mix)" Artist="Rhythm Factory" Composer="" Album="Infinity E.P." Grouping="" Genre="House/Deep/Tech/Dubby" Kind="AIFF File" Size="162410924" TotalTime="904" DiscNumber="0" TrackNumber="3" Year="2022" AverageBpm="125.00" DateAdded="2023-02-26" BitRate="1411" SampleRate="44100" Comments="5A - 5" PlayCount="3" Rating="0" Location="file://localhost/Users/zachvp/Music/DJ/16802562_Infinity_(Original_Mix).aiff" Remixer="" Tonality="5A" Label="La Pena" Mix="">
      <TEMPO Inizio="0.210" Bpm="125.00" Metro="4/4" Battito="1" />
      <TEMPO Inizio="256.049" Bpm="125.00" Metro="4/4" Battito="2" />
      <TEMPO Inizio="688.528" Bpm="125.00" Metro="4/4" Battito="3" />
    </TRACK>
    <TRACK TrackID="106087682" Name="Time To Smoke (Original Mix)" Artist="ANOTR, Sebastian Kamae" Composer="" Album="Time To Smoke" Grouping="" Genre="House/Deep/Tech/Jazzy" Kind="AIFF File" Size="93163130" TotalTime="526" DiscNumber="0" TrackNumber="1" Year="2022" AverageBpm="130.00" DateAdded="2023-02-26" BitRate="1411" SampleRate="44100" Comments="11A - 5" PlayCount="4" Rating="0" Location="file://localhost/Users/zachvp/Music/DJ/16836949_Time_To_Smoke_(Original_Mix).aiff" Remixer="" Tonality="11A" Label="NO ART" Mix="">
      <TEMPO Inizio="0.218" Bpm="130.00" Metro="4/4" Battito="1" />
    </TRACK>
    <TRACK TrackID="30094263" Name="Relax My Eyes (Original Mix)" Artist="ANOTR, Abel Balder" Composer="" Album="Relax My Eyes" Grouping="" Genre="House/Deep/Tech/Jazzy" Kind="AIFF File" Size="70090980" TotalTime="396" DiscNumber="0" TrackNumber="1" Year="2022" AverageBpm="132.00" DateAdded="2023-02-26" BitRate="1411" SampleRate="44100" Comments="3A - 6" PlayCount="2" Rating="0" Location="file://localhost/Users/zachvp/Music/DJ/17034755_Relax_My_Eyes_(Original_Mix).aiff" Remixer="" Tonality="3A" Label="NO ART" Mix="">
      <TEMPO Inizio="0.215" Bpm="132.00" Metro="4/4" Battito="1" />
      <POSITION_MARK Name="" Type="0" Start="0.203" Num="-1" />
    </TRACK>
    <TRACK TrackID="84594697" Name="Hugo Knows More (Original Mix)" Artist="Alexander Koning" Composer="" Album="Plastic Society" Grouping="" Genre="House/Deep/Tech/Jazzy" Kind="AIFF File" Size="59822164" TotalTime="330" DiscNumber="0" TrackNumber="10" Year="2023" AverageBpm="125.00" DateAdded="2023-02-26" BitRate="1411" SampleRate="44100" Comments="1A - 5" PlayCount="4" Rating="0" Location="file://localhost/Users/zachvp/Music/DJ/17086983_Hugo_Knows_More_(Original_Mix).aiff" Remixer="" Tonality="1A" Label="Percep-tion" Mix="">
      <TEMPO Inizio="0.072" Bpm="125.00" Metro="4/4" Battito="1" />
      <TEMPO Inizio="26.471" Bpm="125.00" Metro="4/4" Battito="4" />
    </TRACK>
    <TRACK TrackID="202103003" Name="The Dangerous Feedback (Original Mix)" Artist="Nektar Agu" Composer="" Album="|||" Grouping="" Genre="House/Deep/Tech/" Kind="AIFF File" Size="93987736" TotalTime="532" DiscNumber="0" TrackNumber="7" Year="2022" AverageBpm="125.00" DateAdded="2023-02-26" BitRate="1411" SampleRate="44100" Comments="4A - 5" PlayCount="2" Rating="0" Location="file://localhost/Users/zachvp/Music/DJ/17142613_The_Dangerous_Feedback_(Original_Mix).aiff" Remixer="" Tonality="4A" Label="Jiyu" Mix="">
      <TEMPO Inizio="0.001" Bpm="125.00" Metro="4/4" Battito="1" />
      <TEMPO Inizio="54.720" Bpm="125.00" Metro="4/4" Battito="3" />
      <TEMPO Inizio="198.239" Bpm="125.00" Metro="4/4" Battito="2" />
      <TEMPO Inizio="330.238" Bpm="125.00" Metro="4/4" Battito="1" />
      <TEMPO Inizio="461.757" Bpm="125.00" Metro="4/4" Battito="3" />
    </TRACK>
    <TRACK TrackID="48104200" Name="Traumcab (Original Mix)" Artist="Rush, Zebra Rec." Composer="" Album="Moose Ritual" Grouping="" Genre="House/Deep/Tech/" Kind="AIFF File" Size="68629712" TotalTime="384" DiscNumber="0" TrackNumber="2" Year="2022" AverageBpm="126.00" DateAdded="2023-02-26" BitRate="1411" SampleRate="44100" Comments="2A - 6" PlayCount="3" Rating="0" Location="file://localhost/Users/zachvp/Music/DJ/17158424_Traumcab_(Original_Mix).aiff" Remixer="" Tonality="2A" Label="Zebra Rec." Mix="">
      <TEMPO Inizio="0.009" Bpm="126.00" Metro="4/4" Battito="1" />
    </TRACK>
    <TRACK TrackID="166570064" Name="Virus Ruff Mutes (Sax Dub)" Artist="Masters At Work" Composer="" Album="MAW Lost Tapes 1" Grouping="" Genre="House/Deep/Tech/Jazzy" Kind="AIFF File" Size="67164882" TotalTime="378" DiscNumber="0" TrackNumber="2" Year="2023" AverageBpm="125.00" DateAdded="2023-02-26" BitRate="1411" SampleRate="44100" Comments="9A - 6" PlayCount="2" Rating="0" Location="file://localhost/Users/zachvp/Music/DJ/17293761_Virus_Ruff_Mutes_(Sax_Dub).aiff" Remixer="" Tonality="9A" Label="MAW Records" Mix="">
      <TEMPO Inizio="0.121" Bpm="125.00" Metro="4/4" Battito="1" />
      <TEMPO Inizio="33.240" Bpm="125.00" Metro="4/4" Battito="2" />
      <TEMPO Inizio="181.079" Bpm="125.00" Metro="4/4" Battito="2" />
      <TEMPO Inizio="325.558" Bpm="125.00" Metro="4/4" Battito="3" />
    </TRACK>
    <TRACK TrackID="10959901" Name="Doubletap (Original Mix)" Artist="Aaron Martin" Composer="" Album="Doubletap" Grouping="" Genre="House/Deep/Tech/" Kind="AIFF File" Size="68591496" TotalTime="377" DiscNumber="0" TrackNumber="1" Year="2023" AverageBpm="128.00" DateAdded="2023-02-26" BitRate="1411" SampleRate="44100" Comments="11A - 5" PlayCount="3" Rating="0" Location="file://localhost/Users/zachvp/Music/DJ/17295754_Doubletap_(Original_Mix).aiff" Remixer="" Tonality="11A" Label="Roush Label" Mix="">
      <TEMPO Inizio="0.127" Bpm="128.00" Metro="4/4" Battito="1" />
    </TRACK>
    <TRACK TrackID="193748959" Name="Mamboleo (Original Mix)" Artist="Aaron Martin" Composer="" Album="Doubletap" Grouping="" Genre="House/Deep/Tech/" Kind="AIFF File" Size="63297854" TotalTime="347" DiscNumber="0" TrackNumber="2" Year="2023" AverageBpm="128.00" DateAdded="2023-02-26" BitRate="1411" SampleRate="44100" Comments="8A - 5" PlayCount="1" Rating="0" Location="file://localhost/Users/zachvp/Music/DJ/17295755_Mamboleo_(Original_Mix).aiff" Remixer="" Tonality="8A" Label="Roush Label" Mix="">
      <TEMPO Inizio="0.127" Bpm="128.00" Metro="4/4" Battito="1" />
    </TRACK>
    <TRACK TrackID="264730178" Name="SmoG (Original Mix)" Artist="0010X0010" Composer="" Album="Simply Techno, Vol. 08" Grouping="" Genre="House/Techno/" Kind="AIFF File" Size="58571484" TotalTime="330" DiscNumber="0" TrackNumber="3" Year="2023" AverageBpm="140.00" DateAdded="2023-02-26" BitRate="1411" SampleRate="44100" Comments="8A - 6" PlayCount="1" Rating="0" Location="file://localhost/Users/zachvp/Music/DJ/17307848_SmoG_(Original_Mix).aiff" Remixer="" Tonality="8A" Label="LW Recordings" Mix="">
      <TEMPO Inizio="0.001" Bpm="140.00" Metro="4/4" Battito="1" />
    </TRACK>
    <TRACK TrackID="120780090" Name="The Truth (Original Mix)" Artist="Daitack" Composer="" Album="Simply Techno, Vol. 08" Grouping="" Genre="House/Techno/Hype" Kind="AIFF File" Size="59098342" TotalTime="333" DiscNumber="0" TrackNumber="21" Year="2023" AverageBpm="133.00" DateAdded="2023-02-26" BitRate="1411" SampleRate="44100" Comments="8A - 6" PlayCount="1" Rating="0" Location="file://localhost/Users/zachvp/Music/DJ/17307909_The_Truth_(Original_Mix).aiff" Remixer="" Tonality="8A" Label="LW Recordings" Mix="">
      <TEMPO Inizio="0.003" Bpm="133.00" Metro="4/4" Battito="1" />
      <TEMPO Inizio="75.793" Bpm="133.00" Metro="4/4" Battito="1" />
      <TEMPO Inizio="253.989" Bpm="133.00" Metro="4/4" Battito="4" />
    </TRACK>
    <TRACK TrackID="256654019" Name="Square 1.0 (Original Mix)" Artist="Cyborgmax" Composer="" Album="Square 01" Grouping="" Genre="House/Techno/Sinister" Kind="AIFF File" Size="66648346" TotalTime="371" DiscNumber="0" TrackNumber="1" Year="2023" AverageBpm="136.00" DateAdded="2023-02-26" BitRate="1411" SampleRate="44100" Comments="8A - 6" PlayCount="1" Rating="0" Location="file://localhost/Users/zachvp/Music/DJ/17308051_Square_1.0_(Original_Mix).aiff" Remixer="" Tonality="8A" Label="Globox" Mix="">
      <TEMPO Inizio="0.109" Bpm="136.00" Metro="4/4" Battito="1" />
      <TEMPO Inizio="0.992" Bpm="136.00" Metro="4/4" Battito="3" />
      <TEMPO Inizio="89.669" Bpm="136.00" Metro="4/4" Battito="4" />
      <TEMPO Inizio="215.846" Bpm="136.00" Metro="4/4" Battito="2" />
      <TEMPO Inizio="349.523" Bpm="136.00" Metro="4/4" Battito="1" />
    </TRACK>
    <TRACK TrackID="250444996" Name="Distance Dub (Extended Mix)" Artist="Selep (MED)" Composer="" Album="Simply Deep Tech, Vol. 08" Grouping="" Genre="House/Deep/Tech/" Kind="AIFF File" Size="73673446" TotalTime="415" DiscNumber="0" TrackNumber="5" Year="2023" AverageBpm="130.00" DateAdded="2023-02-26" BitRate="1411" SampleRate="44100" Comments="5A - 6" PlayCount="4" Rating="0" Location="file://localhost/Users/zachvp/Music/DJ/17309014_Distance_Dub_(Extended_Mix).aiff" Remixer="" Tonality="5A" Label="LW Recordings" Mix="">
      <TEMPO Inizio="0.001" Bpm="130.00" Metro="4/4" Battito="1" />
    </TRACK>
    <TRACK TrackID="175754804" Name="Vuk Vuk" Artist="Amor Satyr, Same O" Composer="" Album="Amor Satyr - Vuk Vuk EP" Grouping="" Genre="House/Tech/Breaks" Kind="AIFF File" Size="85675300" TotalTime="323" DiscNumber="0" TrackNumber="1" Year="2023" AverageBpm="150.00" DateAdded="2023-02-26" BitRate="2116" SampleRate="44100" Comments="10A - 6" PlayCount="3" Rating="0" Location="file://localhost/Users/zachvp/Music/DJ/Amor%20Satyr,%20Same%20O%20-%20Amor%20Satyr%20-%20Vuk%20Vuk%20EP%20-%2001%20Vuk%20Vuk.aiff" Remixer="" Tonality="10A" Label="" Mix="">
      <TEMPO Inizio="0.005" Bpm="150.00" Metro="4/4" Battito="1" />
      <POSITION_MARK Name="" Type="0" Start="51.218" Num="-1" />
    </TRACK>
    <TRACK TrackID="183385046" Name="Barbosa" Artist="Amor Satyr, Same O" Composer="" Album="Amor Satyr - Vuk Vuk EP" Grouping="" Genre="House/Tech/Breaks" Kind="AIFF File" Size="89114508" TotalTime="336" DiscNumber="0" TrackNumber="3" Year="2023" AverageBpm="155.00" DateAdded="2023-02-26" BitRate="2116" SampleRate="44100" Comments="4A - 7" PlayCount="0" Rating="0" Location="file://localhost/Users/zachvp/Music/DJ/Amor%20Satyr,%20Same%20O%20-%20Amor%20Satyr%20-%20Vuk%20Vuk%20EP%20-%2003%20Barbosa.aiff" Remixer="" Tonality="4A" Label="" Mix="">
      <TEMPO Inizio="0.004" Bpm="155.00" Metro="4/4" Battito="1" />
      <TEMPO Inizio="253.940" Bpm="155.00" Metro="4/4" Battito="1" />
    </TRACK>
    <TRACK TrackID="149831868" Name="Braba" Artist="Amor Satyr, Same O" Composer="" Album="Amor Satyr - Vuk Vuk EP" Grouping="" Genre="House/Tech/Breaks" Kind="AIFF File" Size="85990622" TotalTime="324" DiscNumber="0" TrackNumber="4" Year="2023" AverageBpm="144.00" DateAdded="2023-02-26" BitRate="2116" SampleRate="44100" Comments="8A - 7" PlayCount="3" Rating="0" Location="file://localhost/Users/zachvp/Music/DJ/Amor%20Satyr,%20Same%20O%20-%20Amor%20Satyr%20-%20Vuk%20Vuk%20EP%20-%2004%20Braba.aiff" Remixer="" Tonality="8A" Label="" Mix="">
      <TEMPO Inizio="0.407" Bpm="144.00" Metro="4/4" Battito="2" />
      <POSITION_MARK Name="" Type="0" Start="239.988" Num="-1" />
      <POSITION_MARK Name="" Type="0" Start="26.681" Num="-1" />
    </TRACK>
    <TRACK TrackID="233661522" Name="Absolutely, Positively, Baby" Artist="Benny Johnson" Composer="" Album="Visions of Paradise" Grouping="" Genre="Lounge/" Kind="AIFF File" Size="47404286" TotalTime="268" DiscNumber="0" TrackNumber="2" Year="2023" AverageBpm="121.35" DateAdded="2023-02-26" BitRate="1411" SampleRate="44100" Comments="5A - 4" PlayCount="2" Rating="0" Location="file://localhost/Users/zachvp/Music/DJ/Benny%20Johnson%20-%20Absolutely,%20Positively,%20Baby.aiff" Remixer="" Tonality="5A" Label="" Mix="">
      <TEMPO Inizio="0.130" Bpm="121.35" Metro="4/4" Battito="4" />
      <TEMPO Inizio="0.625" Bpm="121.35" Metro="4/4" Battito="1" />
      <TEMPO Inizio="9.031" Bpm="121.35" Metro="4/4" Battito="2" />
      <TEMPO Inizio="25.348" Bpm="121.35" Metro="4/4" Battito="3" />
      <TEMPO Inizio="33.754" Bpm="121.35" Metro="4/4" Battito="4" />
      <TEMPO Inizio="50.071" Bpm="121.35" Metro="4/4" Battito="1" />
      <TEMPO Inizio="66.388" Bpm="121.35" Metro="4/4" Battito="2" />
      <TEMPO Inizio="74.794" Bpm="121.35" Metro="4/4" Battito="3" />
      <TEMPO Inizio="91.111" Bpm="121.35" Metro="4/4" Battito="4" />
      <TEMPO Inizio="107.428" Bpm="121.35" Metro="4/4" Battito="1" />
      <TEMPO Inizio="120.284" Bpm="121.35" Metro="4/4" Battito="3" />
      <TEMPO Inizio="136.601" Bpm="121.35" Metro="4/4" Battito="4" />
      <TEMPO Inizio="149.457" Bpm="121.35" Metro="4/4" Battito="2" />
      <TEMPO Inizio="162.313" Bpm="121.35" Metro="4/4" Battito="4" />
      <TEMPO Inizio="178.630" Bpm="121.35" Metro="4/4" Battito="1" />
      <TEMPO Inizio="194.947" Bpm="121.35" Metro="4/4" Battito="2" />
      <TEMPO Inizio="207.803" Bpm="121.35" Metro="4/4" Battito="4" />
      <TEMPO Inizio="224.120" Bpm="121.35" Metro="4/4" Battito="1" />
      <TEMPO Inizio="236.976" Bpm="121.35" Metro="4/4" Battito="3" />
      <TEMPO Inizio="253.293" Bpm="121.35" Metro="4/4" Battito="4" />
      <TEMPO Inizio="266.149" Bpm="121.35" Metro="4/4" Battito="2" />
      <POSITION_MARK Name="" Type="0" Start="0.856" Num="-1" />
    </TRACK>
    <TRACK TrackID="177081350" Name="Transmission" Artist="eb_flow" Composer="" Album="Transmission" Grouping="" Genre="House/Deep/Tech/Jazzy" Kind="AIFF File" Size="80459148" TotalTime="455" DiscNumber="0" TrackNumber="1" Year="2022" AverageBpm="127.00" DateAdded="2023-02-26" BitRate="1411" SampleRate="44100" Comments="3A - 5" PlayCount="3" Rating="0" Location="file://localhost/Users/zachvp/Music/DJ/eb_flow%20-%20Transmission%20-%2001%20Transmission.aiff" Remixer="" Tonality="3A" Label="" Mix="">
      <TEMPO Inizio="0.326" Bpm="127.00" Metro="4/4" Battito="2" />
    </TRACK>
    <TRACK TrackID="27856388" Name="Show Me" Artist="eb_flow" Composer="" Album="Transmission" Grouping="" Genre="House/Deep/Tech/" Kind="AIFF File" Size="59430806" TotalTime="336" DiscNumber="0" TrackNumber="2" Year="2022" AverageBpm="126.00" DateAdded="2023-02-26" BitRate="1411" SampleRate="44100" Comments="12A - 6" PlayCount="1" Rating="0" Location="file://localhost/Users/zachvp/Music/DJ/eb_flow%20-%20Transmission%20-%2002%20Show%20Me.aiff" Remixer="" Tonality="12A" Label="" Mix="">
      <TEMPO Inizio="0.175" Bpm="126.00" Metro="4/4" Battito="1" />
      <TEMPO Inizio="0.652" Bpm="126.00" Metro="4/4" Battito="2" />
    </TRACK>
    <TRACK TrackID="127669656" Name="The Phantom Saint (feat. Because We Can)" Artist="Keep Shelly in Athens" Composer="" Album="The Phantom Saint (feat. Because We Can)" Grouping="" Genre="Lounge/Indie" Kind="AIFF File" Size="42033792" TotalTime="237" DiscNumber="0" TrackNumber="1" Year="2023" AverageBpm="96.00" DateAdded="2023-02-26" BitRate="1411" SampleRate="44100" Comments="1A - 7" PlayCount="1" Rating="0" Location="file://localhost/Users/zachvp/Music/DJ/Keep%20Shelly%20in%20Athens%20-%20The%20Phantom%20Saint%20(feat.%20Because%20We%20Can).aiff" Remixer="" Tonality="1A" Label="" Mix="">
      <TEMPO Inizio="0.106" Bpm="96.00" Metro="4/4" Battito="1" />
    </TRACK>
    <TRACK TrackID="164144671" Name="Sun Country (40 Thieves Discomix)" Artist="King Sporty &amp; Fashion Funktion" Composer="" Album="Sun Country" Grouping="" Genre="Lounge/Indie" Kind="AIFF File" Size="149735288" TotalTime="565" DiscNumber="0" TrackNumber="3" Year="2023" AverageBpm="113.00" DateAdded="2023-02-26" BitRate="2116" SampleRate="44100" Comments="3A - 6" PlayCount="0" Rating="0" Location="file://localhost/Users/zachvp/Music/DJ/King%20Sporty%20%26%20Fashion%20Funktion%20-%20Sun%20Country%20(40%20Thieves%20Discomix).aiff" Remixer="" Tonality="3A" Label="" Mix="">
      <TEMPO Inizio="0.502" Bpm="113.00" Metro="4/4" Battito="2" />
      <POSITION_MARK Name="" Type="0" Start="116.670" Num="-1" />
      <POSITION_MARK Name="" Type="0" Start="16.962" Num="-1" />
      <POSITION_MARK Name="" Type="0" Start="441.730" Num="-1" />
    </TRACK>
    <TRACK TrackID="251750109" Name="Sun Country" Artist="King Sporty &amp; Fashion Funktion" Composer="" Album="Sun Country" Grouping="" Genre="Lounge/Indie" Kind="AIFF File" Size="78553760" TotalTime="296" DiscNumber="0" TrackNumber="1" Year="2023" AverageBpm="113.18" DateAdded="2023-02-26" BitRate="2116" SampleRate="44100" Comments="3A - 7" PlayCount="1" Rating="0" Location="file://localhost/Users/zachvp/Music/DJ/King%20Sporty%20%26%20Fashion%20Funktion%20-%20Sun%20Country.aiff" Remixer="" Tonality="3A" Label="" Mix="">
      <TEMPO Inizio="0.152" Bpm="113.18" Metro="4/4" Battito="1" />
      <TEMPO Inizio="1.213" Bpm="113.18" Metro="4/4" Battito="3" />
      <TEMPO Inizio="48.395" Bpm="113.18" Metro="4/4" Battito="4" />
      <TEMPO Inizio="103.529" Bpm="113.18" Metro="4/4" Battito="4" />
      <TEMPO Inizio="162.904" Bpm="113.18" Metro="4/4" Battito="4" />
      <TEMPO Inizio="205.845" Bpm="113.18" Metro="4/4" Battito="1" />
      <TEMPO Inizio="265.220" Bpm="113.18" Metro="4/4" Battito="1" />
    </TRACK>
    <TRACK TrackID="11148970" Name="Knot Theory" Artist="Klint" Composer="" Album="Klint - Knot Theory [Molecular 34]" Grouping="" Genre="House/Techno/Sinister" Kind="AIFF File" Size="87688014" TotalTime="330" DiscNumber="0" TrackNumber="1" Year="2023" AverageBpm="140.00" DateAdded="2023-02-26" BitRate="2116" SampleRate="44100" Comments="6A - 6" PlayCount="2" Rating="0" Location="file://localhost/Users/zachvp/Music/DJ/Klint%20-%20Klint%20-%20Knot%20Theory%20-Molecular%2034-.aiff" Remixer="" Tonality="6A" Label="" Mix="">
      <TEMPO Inizio="0.121" Bpm="140.00" Metro="4/4" Battito="3" />
      <POSITION_MARK Name="" Type="0" Start="0.978" Num="-1" />
      <POSITION_MARK Name="" Type="0" Start="83.253" Num="-1" />
    </TRACK>
    <TRACK TrackID="223691181" Name="Samurai Sword" Artist="Klint" Composer="" Album="Klint - Knot Theory [Molecular 34]" Grouping="" Genre="House/Techno/" Kind="AIFF File" Size="87687902" TotalTime="330" DiscNumber="0" TrackNumber="2" Year="2023" AverageBpm="140.00" DateAdded="2023-02-26" BitRate="2116" SampleRate="44100" Comments="5A - 6" PlayCount="0" Rating="0" Location="file://localhost/Users/zachvp/Music/DJ/Klint%20-%20Klint%20-%20Samurai%20Sword%20-Molecular%2034-.aiff" Remixer="" Tonality="5A" Label="" Mix="">
      <TEMPO Inizio="0.998" Bpm="140.00" Metro="4/4" Battito="4" />
    </TRACK>
    <TRACK TrackID="209359547" Name="No Gravity" Artist="Marco Lys" Composer="" Album="No Gravity EP" Grouping="" Genre="House/Tech/Organic" Kind="AIFF File" Size="76112856" TotalTime="430" DiscNumber="0" TrackNumber="1" Year="2023" AverageBpm="126.00" DateAdded="2023-02-26" BitRate="1411" SampleRate="44100" Comments="6A - 6" PlayCount="0" Rating="0" Location="file://localhost/Users/zachvp/Music/DJ/Marco%20Lys%20-%20No%20Gravity.aiff" Remixer="" Tonality="6A" Label="" Mix="">
      <TEMPO Inizio="0.000" Bpm="126.00" Metro="4/4" Battito="1" />
    </TRACK>
    <TRACK TrackID="206559366" Name="Lovers (Roy Davis &amp; DJ Skull Mix)" Artist="Modal" Composer="" Album="SO17" Grouping="" Genre="House/Deep/Tech/" Kind="AIFF File" Size="146630444" TotalTime="553" DiscNumber="0" TrackNumber="1" Year="2023" AverageBpm="127.99" DateAdded="2023-02-26" BitRate="2116" SampleRate="44100" Comments="9A - 5" PlayCount="2" Rating="0" Location="file://localhost/Users/zachvp/Music/DJ/Modal%20-%20Lovers%20(Roy%20Davis%20%26%20DJ%20Skull%20Mix).aiff" Remixer="" Tonality="9A" Label="" Mix="">
      <TEMPO Inizio="0.435" Bpm="127.99" Metro="4/4" Battito="1" />
    </TRACK>
    <TRACK TrackID="132506013" Name="Bubuj Bulan" Artist="Orkes Sendja Meraju" Composer="" Album="Padang Moonrise: The Birth of the Modern Indonesian Recording Industry (1955-69)奔剅" Grouping="" Genre="Lounge/" Kind="AIFF File" Size="28579153" TotalTime="161" DiscNumber="0" TrackNumber="23" Year="0" AverageBpm="83.62" DateAdded="2023-02-26" BitRate="1411" SampleRate="44100" Comments="11A - 2" PlayCount="1" Rating="0" Location="file://localhost/Users/zachvp/Music/DJ/23%20Bubuj%20Bulan.aif" Remixer="" Tonality="11A" Label="" Mix="">
      <TEMPO Inizio="0.279" Bpm="83.62" Metro="4/4" Battito="4" />
    </TRACK>
    <TRACK TrackID="128600682" Name="Closer" Artist="Mikey V" Composer="" Album="Mikey V - Closer" Grouping="" Genre="House/Tech/Groove" Kind="AIFF File" Size="120940298" TotalTime="456" DiscNumber="0" TrackNumber="1" Year="2023" AverageBpm="124.00" DateAdded="2023-02-26" BitRate="2116" SampleRate="44100" Comments="3A - 6" PlayCount="1" Rating="0" Location="file://localhost/Users/zachvp/Music/DJ/Robsoul%20Recordings%20-%20Closer%20-%20Mikey%20V.aiff" Remixer="" Tonality="3A" Label="" Mix="">
      <TEMPO Inizio="0.042" Bpm="124.00" Metro="4/4" Battito="1" />
    </TRACK>
    <TRACK TrackID="265914049" Name="OK feat. Elif Biçer" Artist="Ben Klock" Composer="" Album="" Grouping="" Genre="House/Deep/Tech/" Kind="AIFF File" Size="63294064" TotalTime="358" DiscNumber="0" TrackNumber="0" Year="0" AverageBpm="124.00" DateAdded="2023-02-26" BitRate="1411" SampleRate="44100" Comments="4A - 4" PlayCount="2" Rating="0" Location="file://localhost/Users/zachvp/Music/DJ/Ben%20Klock%20-%20OK%20feat.%20Elif%20Bi%c3%a7er.aiff" Remixer="" Tonality="4A" Label="" Mix="">
      <TEMPO Inizio="0.127" Bpm="124.00" Metro="4/4" Battito="2" />
    </TRACK>
    <TRACK TrackID="62132048" Name="Good Touch (Feat. Eglė Sirvydytė)" Artist="Catz 'n Dogz vs. Phil Weeks" Composer="" Album="" Grouping="" Genre="House/Deep/Tech/Jazzy" Kind="AIFF File" Size="64940128" TotalTime="367" DiscNumber="0" TrackNumber="0" Year="0" AverageBpm="120.00" DateAdded="2023-02-26" BitRate="1411" SampleRate="44100" Comments="9A - 6" PlayCount="1" Rating="0" Location="file://localhost/Users/zachvp/Music/DJ/Catz%20%27n%20Dogz%20-%20Good%20Touch%20(Feat.%20Egl%c4%97%20Sirvydyt%c4%97)%20(Catz%20%27n%20Dogz%20vs.%20Phil%20Weeks).aiff" Remixer="" Tonality="9A" Label="" Mix="">
      <TEMPO Inizio="0.002" Bpm="120.00" Metro="4/4" Battito="1" />
      <TEMPO Inizio="33.001" Bpm="120.00" Metro="4/4" Battito="3" />
    </TRACK>
    <TRACK TrackID="111346778" Name="Yambú (Sacred Rhythm Mix)" Artist="Joe Claussell feat. Daymé Arocena" Composer="" Album="" Grouping="" Genre="House/Tech/Organic" Kind="AIFF File" Size="95125712" TotalTime="539" DiscNumber="0" TrackNumber="0" Year="0" AverageBpm="128.00" DateAdded="2023-02-26" BitRate="1411" SampleRate="44100" Comments="1A - 6" PlayCount="6" Rating="0" Location="file://localhost/Users/zachvp/Music/DJ/Joe%20Claussell%20feat.%20Daym%c3%a9%20Arocena%20-%20Yamb%c3%ba%20(Sacred%20Rhythm%20Mix).aiff" Remixer="" Tonality="1A" Label="" Mix="">
      <TEMPO Inizio="0.275" Bpm="128.00" Metro="4/4" Battito="4" />
      <POSITION_MARK Name="" Type="0" Start="253.870" Num="-1" />
      <POSITION_MARK Name="" Type="0" Start="320.669" Num="-1" />
      <POSITION_MARK Name="" Type="0" Start="475.113" Num="-1" />
      <POSITION_MARK Name="" Type="0" Start="441.361" Num="-1" />
      <POSITION_MARK Name="" Type="0" Start="535.101" Num="-1" />
      <POSITION_MARK Name="" Type="0" Start="0.743" Num="-1" />
      <POSITION_MARK Name="" Type="0" Start="30.740" Num="-1" />
    </TRACK>
    <TRACK TrackID="189491612" Name="Enter the Next of Kin Dragon Showdown (Instrumental)" Artist="Das Mortal" Composer="" Album="" Grouping="" Genre="House/Tech/Indie/Retro" Kind="AIFF File" Size="38748828" TotalTime="201" DiscNumber="0" TrackNumber="0" Year="0" AverageBpm="142.00" DateAdded="2023-03-03" BitRate="1411" SampleRate="44100" Comments="12A - 6" PlayCount="7" Rating="0" Location="file://localhost/Users/zachvp/Music/DJ/enter%20the%20next%20of%20kin%20dragon%20showdown-instrumental-1.aiff" Remixer="" Tonality="12A" Label="" Mix="">
      <TEMPO Inizio="0.360" Bpm="142.00" Metro="4/4" Battito="3" />
      <POSITION_MARK Name="" Type="0" Start="26.772" Num="-1" />
    </TRACK>
    <TRACK TrackID="177569159" Name="Sample-James Welsh - Thread_vocals_(Split_by_LALAL.AI)" Artist="" Composer="" Album="" Grouping="" Genre="Samples" Kind="MP3 File" Size="701654" TotalTime="29" DiscNumber="0" TrackNumber="0" Year="0" AverageBpm="124.00" DateAdded="2023-03-28" BitRate="192" SampleRate="44100" Comments="3A - 4" PlayCount="2" Rating="0" Location="file://localhost/Users/zachvp/Music/DJ/Sample-James%20Welsh%20-%20Thread_vocals_split_by_lalalai.mp3" Remixer="" Tonality="3A" Label="" Mix="">
      <TEMPO Inizio="0.390" Bpm="124.00" Metro="4/4" Battito="1" />
      <POSITION_MARK Name="" Type="0" Start="9.785" Num="-1" />
      <POSITION_MARK Name="" Type="0" Start="17.809" Num="-1" />
      <POSITION_MARK Name="" Type="0" Start="9.785" Num="0" Red="40" Green="226" Blue="20" />
      <POSITION_MARK Name="" Type="0" Start="17.809" Num="1" Red="40" Green="226" Blue="20" />
    </TRACK>
    <TRACK TrackID="231043495" Name="sample-11994720_Vortex_(Original_Mix)_vocals_(Split_by_LALAL.AI)" Artist="" Composer="" Album="" Grouping="" Genre="Samples" Kind="MP3 File" Size="694141" TotalTime="28" DiscNumber="0" TrackNumber="0" Year="0" AverageBpm="0.00" DateAdded="2023-03-28" BitRate="192" SampleRate="44100" Comments="9A - 4" PlayCount="0" Rating="0" Location="file://localhost/Users/zachvp/Music/DJ/sample-11994720_Vortex_(Original_Mix)_vocals_split_by_lalalai.mp3" Remixer="" Tonality="9A" Label="" Mix="">
      <TEMPO Inizio="0.000" Bpm="124.00" Metro="4/4" Battito="1" />
      <POSITION_MARK Name="" Type="0" Start="1.158" Num="-1" />
    </TRACK>
    <TRACK TrackID="52432551" Name="Enter the dragon opening monologue-Intro" Artist="Bruce Lee, Michael Allin" Composer="" Album="" Grouping="" Genre="Samples" Kind="AIFF File" Size="15747824" TotalTime="82" DiscNumber="0" TrackNumber="0" Year="0" AverageBpm="115.79" DateAdded="2023-03-28" BitRate="1536" SampleRate="48000" Comments="9A - 3" PlayCount="3" Rating="0" Location="file://localhost/Users/zachvp/Music/DJ/normalized-enter%20the%20dragon%20opening%20dialogue.aiff" Remixer="" Tonality="9A" Label="" Mix="">
      <TEMPO Inizio="0.403" Bpm="115.79" Metro="4/4" Battito="1" />
      <TEMPO Inizio="55.329" Bpm="115.79" Metro="4/4" Battito="3" />
      <POSITION_MARK Name="" Type="0" Start="10.166" Num="-1" />
    </TRACK>
    <TRACK TrackID="99704245" Name="Enter the Next of Kin Dragon Showdown" Artist="Das Mortal &amp; Bruce Lee" Composer="" Album="" Grouping="" Genre="House/Tech/Indie/Retro" Kind="AIFF File" Size="21547894" TotalTime="112" DiscNumber="0" TrackNumber="0" Year="0" AverageBpm="0.00" DateAdded="2023-03-28" BitRate="1536" SampleRate="48000" Comments="6A - 4" PlayCount="3" Rating="0" Location="file://localhost/Users/zachvp/Music/DJ/normalized-enter%20the%20next%20of%20kind%20dragon%20showdown.aiff" Remixer="" Tonality="6A" Label="" Mix="" />
    <TRACK TrackID="19762023" Name="Doin’ It" Artist="The Lahaar" Composer="" Album="The Lahaar" Grouping="" Genre="House/Deep/Tech/Jazzy" Kind="AIFF File" Size="152636176" TotalTime="576" DiscNumber="0" TrackNumber="1" Year="2023" AverageBpm="117.25" DateAdded="2023-03-28" BitRate="2116" SampleRate="44100" Comments="8A - 5" PlayCount="6" Rating="0" Location="file://localhost/Users/zachvp/Music/DJ/The%20Lahaar%20-%20Doin%e2%80%99%20It.aiff" Remixer="" Tonality="8A" Label="" Mix="">
      <TEMPO Inizio="0.184" Bpm="117.25" Metro="4/4" Battito="1" />
      <POSITION_MARK Name="" Type="0" Start="0.206" Num="-1" />
    </TRACK>
    <TRACK TrackID="160407081" Name="Walking On Eggshells" Artist="Martin Jarl" Composer="" Album="Archive D" Grouping="" Genre="House/Deep/Tech/Spacey" Kind="AIFF File" Size="100114996" TotalTime="377" DiscNumber="0" TrackNumber="1" Year="2023" AverageBpm="127.00" DateAdded="2023-03-28" BitRate="2116" SampleRate="44100" Comments="5A - 4" PlayCount="1" Rating="0" Location="file://localhost/Users/zachvp/Music/DJ/Martin%20Jarl%20-%20Archive%20D%20-%2001%20Walking%20On%20Eggshells.aiff" Remixer="" Tonality="5A" Label="" Mix="">
      <TEMPO Inizio="0.000" Bpm="127.00" Metro="4/4" Battito="1" />
    </TRACK>
    <TRACK TrackID="87005598" Name="Amber" Artist="Om Unit" Composer="" Album="Atlantis" Grouping="" Genre="House/Deep/Tech/Breaks" Kind="AIFF File" Size="50524570" TotalTime="285" DiscNumber="0" TrackNumber="4" Year="2023" AverageBpm="138.00" DateAdded="2023-03-28" BitRate="1411" SampleRate="44100" Comments="4A - 7" PlayCount="2" Rating="0" Location="file://localhost/Users/zachvp/Music/DJ/Om%20Unit%20-%20Amber.aiff" Remixer="" Tonality="4A" Label="" Mix="">
      <TEMPO Inizio="0.001" Bpm="138.00" Metro="4/4" Battito="1" />
    </TRACK>
    <TRACK TrackID="102807766" Name="Neuron" Artist="Federsen" Composer="" Album="Archive D" Grouping="" Genre="House/Deep/Tech/Dubby" Kind="AIFF File" Size="126335772" TotalTime="477" DiscNumber="0" TrackNumber="2" Year="2023" AverageBpm="128.00" DateAdded="2023-03-28" BitRate="2116" SampleRate="44100" Comments="1A - 5" PlayCount="0" Rating="0" Location="file://localhost/Users/zachvp/Music/DJ/Federsen%20-%20Archive%20D%20-%2002%20Neuron.aiff" Remixer="" Tonality="1A" Label="" Mix="">
      <TEMPO Inizio="0.059" Bpm="128.00" Metro="4/4" Battito="1" />
    </TRACK>
    <TRACK TrackID="44615631" Name="Rumblings" Artist="Altone" Composer="" Album="Archive D" Grouping="" Genre="House/Deep/Tech/Dubby" Kind="AIFF File" Size="122273132" TotalTime="461" DiscNumber="0" TrackNumber="3" Year="2023" AverageBpm="118.00" DateAdded="2023-03-28" BitRate="2116" SampleRate="44100" Comments="4A - 4" PlayCount="0" Rating="0" Location="file://localhost/Users/zachvp/Music/DJ/Altone%20-%20Archive%20D%20-%2003%20Rumblings.aiff" Remixer="" Tonality="4A" Label="" Mix="">
      <TEMPO Inizio="0.004" Bpm="118.00" Metro="4/4" Battito="1" />
      <TEMPO Inizio="139.325" Bpm="118.00" Metro="4/4" Battito="3" />
      <TEMPO Inizio="349.324" Bpm="118.00" Metro="4/4" Battito="4" />
    </TRACK>
    <TRACK TrackID="5315024" Name="In Our Space" Artist="Nicolas Barnes" Composer="" Album="Archive D" Grouping="" Genre="House/Deep/Tech/Dubby" Kind="AIFF File" Size="105779340" TotalTime="399" DiscNumber="0" TrackNumber="4" Year="2023" AverageBpm="125.00" DateAdded="2023-03-28" BitRate="1411" SampleRate="44100" Comments="5A - 5" PlayCount="2" Rating="0" Location="file://localhost/Users/zachvp/Music/DJ/Nicolas%20Barnes%20-%20Archive%20D%20-%2004%20In%20Our%20Space.aiff" Remixer="" Tonality="5A" Label="" Mix="">
      <TEMPO Inizio="0.001" Bpm="125.00" Metro="4/4" Battito="1" />
      <TEMPO Inizio="164.642" Bpm="125.00" Metro="4/4" Battito="4" />
    </TRACK>
    <TRACK TrackID="176637764" Name="Blurred Memories" Artist="Moodeep" Composer="" Album="Archive D" Grouping="" Genre="House/Deep/Tech/Dubby" Kind="AIFF File" Size="101727678" TotalTime="384" DiscNumber="0" TrackNumber="5" Year="2023" AverageBpm="105.00" DateAdded="2023-03-28" BitRate="2116" SampleRate="44100" Comments="7A - 4" PlayCount="0" Rating="0" Location="file://localhost/Users/zachvp/Music/DJ/Moodeep%20-%20Archive%20D%20-%2005%20Blurred%20Memories.aiff" Remixer="" Tonality="7A" Label="" Mix="">
      <TEMPO Inizio="0.569" Bpm="105.00" Metro="4/4" Battito="2" />
      <TEMPO Inizio="151.425" Bpm="105.00" Metro="4/4" Battito="2" />
      <TEMPO Inizio="327.424" Bpm="105.00" Metro="4/4" Battito="2" />
    </TRACK>
    <TRACK TrackID="268012378" Name="In The Gaps" Artist="Upwellings" Composer="" Album="Archive D" Grouping="" Genre="House/Deep/Tech/Dubby" Kind="AIFF File" Size="94073942" TotalTime="355" DiscNumber="0" TrackNumber="6" Year="2023" AverageBpm="126.00" DateAdded="2023-03-28" BitRate="2116" SampleRate="44100" Comments="7A - 4" PlayCount="0" Rating="0" Location="file://localhost/Users/zachvp/Music/DJ/Upwellings%20-%20Archive%20D%20-%2006%20In%20The%20Gaps.aiff" Remixer="" Tonality="7A" Label="" Mix="">
      <TEMPO Inizio="0.024" Bpm="126.00" Metro="4/4" Battito="1" />
      <TEMPO Inizio="347.642" Bpm="126.00" Metro="4/4" Battito="3" />
    </TRACK>
    <TRACK TrackID="248159164" Name="Sanssouci" Artist="Dott. Santafeo" Composer="" Album="Archive D" Grouping="" Genre="House/Deep/Tech/Dubby" Kind="AIFF File" Size="96853050" TotalTime="365" DiscNumber="0" TrackNumber="7" Year="2023" AverageBpm="128.00" DateAdded="2023-03-28" BitRate="2116" SampleRate="44100" Comments="6A - 5" PlayCount="0" Rating="0" Location="file://localhost/Users/zachvp/Music/DJ/Dott%20Santafeo%20-%20Archive%20D%20-%2007%20Sanssouci.aiff" Remixer="" Tonality="6A" Label="" Mix="">
      <TEMPO Inizio="0.000" Bpm="128.00" Metro="4/4" Battito="1" />
    </TRACK>
    <TRACK TrackID="124762853" Name="Misty Night" Artist="Le Code" Composer="" Album="Archive D" Grouping="" Genre="House/Deep/Tech/Dubby" Kind="AIFF File" Size="86348672" TotalTime="325" DiscNumber="0" TrackNumber="8" Year="2023" AverageBpm="81.00" DateAdded="2023-03-28" BitRate="2116" SampleRate="44100" Comments="5A - 5" PlayCount="3" Rating="0" Location="file://localhost/Users/zachvp/Music/DJ/Le%20Code%20-%20Archive%20D%20-%2008%20Misty%20Night.aiff" Remixer="" Tonality="5A" Label="" Mix="">
      <TEMPO Inizio="0.004" Bpm="81.00" Metro="4/4" Battito="1" />
    </TRACK>
    <TRACK TrackID="235596722" Name="Play On The Moon" Artist="Tersi Maison" Composer="" Album="Archive D" Grouping="" Genre="House/Deep/Tech/Breaks" Kind="AIFF File" Size="139617478" TotalTime="527" DiscNumber="0" TrackNumber="9" Year="2023" AverageBpm="127.00" DateAdded="2023-03-28" BitRate="2116" SampleRate="44100" Comments="5A - 5" PlayCount="1" Rating="0" Location="file://localhost/Users/zachvp/Music/DJ/Tersi%20Maison%20-%20Archive%20D%20-%2009%20Play%20On%20The%20Moon.aiff" Remixer="" Tonality="5A" Label="" Mix="">
      <TEMPO Inizio="0.004" Bpm="127.00" Metro="4/4" Battito="1" />
      <TEMPO Inizio="68.036" Bpm="127.00" Metro="4/4" Battito="1" />
      <TEMPO Inizio="316.068" Bpm="127.00" Metro="4/4" Battito="2" />
    </TRACK>
    <TRACK TrackID="10180974" Name="Presence Of Absence" Artist="re:fraction" Composer="" Album="Archive D" Grouping="" Genre="House/Deep/Tech/Dubby" Kind="AIFF File" Size="139852438" TotalTime="528" DiscNumber="0" TrackNumber="10" Year="2023" AverageBpm="114.02" DateAdded="2023-03-28" BitRate="2116" SampleRate="44100" Comments="12A - 4" PlayCount="1" Rating="0" Location="file://localhost/Users/zachvp/Music/DJ/re-fraction%20-%20Archive%20D%20-%2010%20Presence%20Of%20Absence.aiff" Remixer="" Tonality="12A" Label="" Mix="">
      <TEMPO Inizio="0.263" Bpm="114.02" Metro="4/4" Battito="1" />
      <TEMPO Inizio="10.788" Bpm="114.02" Metro="4/4" Battito="1" />
      <TEMPO Inizio="30.785" Bpm="114.02" Metro="4/4" Battito="3" />
      <TEMPO Inizio="50.782" Bpm="114.02" Metro="4/4" Battito="1" />
      <TEMPO Inizio="70.779" Bpm="114.02" Metro="4/4" Battito="3" />
      <TEMPO Inizio="90.776" Bpm="114.02" Metro="4/4" Battito="1" />
      <TEMPO Inizio="110.773" Bpm="114.02" Metro="4/4" Battito="3" />
      <TEMPO Inizio="130.770" Bpm="114.02" Metro="4/4" Battito="1" />
      <TEMPO Inizio="150.767" Bpm="114.02" Metro="4/4" Battito="3" />
      <TEMPO Inizio="177.605" Bpm="114.02" Metro="4/4" Battito="2" />
      <TEMPO Inizio="197.602" Bpm="114.02" Metro="4/4" Battito="4" />
      <TEMPO Inizio="217.599" Bpm="114.02" Metro="4/4" Battito="2" />
      <TEMPO Inizio="237.596" Bpm="114.02" Metro="4/4" Battito="4" />
      <TEMPO Inizio="257.593" Bpm="114.02" Metro="4/4" Battito="2" />
      <TEMPO Inizio="277.590" Bpm="114.02" Metro="4/4" Battito="4" />
      <TEMPO Inizio="297.587" Bpm="114.02" Metro="4/4" Battito="2" />
      <TEMPO Inizio="317.584" Bpm="114.02" Metro="4/4" Battito="4" />
      <TEMPO Inizio="344.422" Bpm="114.02" Metro="4/4" Battito="3" />
      <TEMPO Inizio="364.419" Bpm="114.02" Metro="4/4" Battito="1" />
      <TEMPO Inizio="384.416" Bpm="114.02" Metro="4/4" Battito="3" />
      <TEMPO Inizio="411.254" Bpm="114.02" Metro="4/4" Battito="2" />
      <TEMPO Inizio="431.251" Bpm="114.02" Metro="4/4" Battito="4" />
      <TEMPO Inizio="451.248" Bpm="114.02" Metro="4/4" Battito="2" />
      <TEMPO Inizio="471.245" Bpm="114.02" Metro="4/4" Battito="4" />
      <TEMPO Inizio="498.083" Bpm="114.02" Metro="4/4" Battito="3" />
      <TEMPO Inizio="518.080" Bpm="114.02" Metro="4/4" Battito="1" />
    </TRACK>
    <TRACK TrackID="39109757" Name="Selecta" Artist="Special Zip" Composer="" Album="Archive D" Grouping="" Genre="House/Deep/Tech/" Kind="AIFF File" Size="88252222" TotalTime="333" DiscNumber="0" TrackNumber="11" Year="2023" AverageBpm="125.00" DateAdded="2023-03-28" BitRate="2116" SampleRate="44100" Comments="10A - 6" PlayCount="2" Rating="0" Location="file://localhost/Users/zachvp/Music/DJ/Special%20Zip%20-%20Archive%20D%20-%2011%20Selecta.aiff" Remixer="" Tonality="10A" Label="" Mix="">
      <TEMPO Inizio="0.015" Bpm="125.00" Metro="4/4" Battito="3" />
      <TEMPO Inizio="96.494" Bpm="125.00" Metro="4/4" Battito="4" />
    </TRACK>
    <TRACK TrackID="5641720" Name="Raindrops" Artist="Cold Out" Composer="" Album="Archive D" Grouping="" Genre="House/Deep/Tech/Dubby" Kind="AIFF File" Size="98892668" TotalTime="373" DiscNumber="0" TrackNumber="12" Year="2023" AverageBpm="108.00" DateAdded="2023-03-28" BitRate="2116" SampleRate="44100" Comments="6A - 4" PlayCount="0" Rating="0" Location="file://localhost/Users/zachvp/Music/DJ/Cold%20Out%20-%20Archive%20D%20-%2012%20Raindrops.aiff" Remixer="" Tonality="6A" Label="" Mix="">
      <TEMPO Inizio="0.001" Bpm="108.00" Metro="4/4" Battito="1" />
    </TRACK>
    <TRACK TrackID="34430177" Name="Window Between Worlds" Artist="Trance Boy" Composer="" Album="Archive D" Grouping="" Genre="House/Deep/Tech/Spacey" Kind="AIFF File" Size="130424196" TotalTime="492" DiscNumber="0" TrackNumber="13" Year="2023" AverageBpm="128.00" DateAdded="2023-03-28" BitRate="2116" SampleRate="44100" Comments="5A - 5" PlayCount="1" Rating="0" Location="file://localhost/Users/zachvp/Music/DJ/Trance%20Boy%20-%20Archive%20D%20-%2013%20Window%20Between%20Worlds.aiff" Remixer="" Tonality="5A" Label="" Mix="">
      <TEMPO Inizio="0.032" Bpm="128.00" Metro="4/4" Battito="4" />
    </TRACK>
    <TRACK TrackID="229359115" Name="One Love Rasta Dub" Artist="Mantsche" Composer="" Album="Archive D" Grouping="" Genre="House/Deep/Tech/Dubby" Kind="AIFF File" Size="105589910" TotalTime="398" DiscNumber="0" TrackNumber="14" Year="2023" AverageBpm="118.00" DateAdded="2023-03-28" BitRate="2116" SampleRate="44100" Comments="9A - 4" PlayCount="2" Rating="0" Location="file://localhost/Users/zachvp/Music/DJ/Mantsche%20-%20Archive%20D%20-%2014%20One%20Love%20Rasta%20Dub.aiff" Remixer="" Tonality="9A" Label="" Mix="">
      <TEMPO Inizio="0.009" Bpm="118.00" Metro="4/4" Battito="1" />
      <TEMPO Inizio="150.518" Bpm="118.00" Metro="4/4" Battito="1" />
      <TEMPO Inizio="331.027" Bpm="118.00" Metro="4/4" Battito="4" />
    </TRACK>
    <TRACK TrackID="175224594" Name="Obscuro Venis" Artist="IZA" Composer="" Album="Archive D" Grouping="" Genre="House/Tech/Breaks" Kind="AIFF File" Size="111615690" TotalTime="421" DiscNumber="0" TrackNumber="15" Year="2023" AverageBpm="127.00" DateAdded="2023-03-28" BitRate="2116" SampleRate="44100" Comments="8A - 6" PlayCount="1" Rating="0" Location="file://localhost/Users/zachvp/Music/DJ/IZA%20-%20Archive%20D%20-%2015%20Obscuro%20Venis.aiff" Remixer="" Tonality="8A" Label="" Mix="">
      <TEMPO Inizio="0.002" Bpm="127.00" Metro="4/4" Battito="1" />
    </TRACK>
    <TRACK TrackID="165928237" Name="Love on the Run" Artist="Justin Joe" Composer="" Album="Justin Joe - Love on the Run" Grouping="" Genre="House/Tech/Indie/" Kind="AIFF File" Size="82742078" TotalTime="312" DiscNumber="0" TrackNumber="2" Year="2023" AverageBpm="127.00" DateAdded="2023-03-28" BitRate="2116" SampleRate="44100" Comments="2A - 7" PlayCount="2" Rating="0" Location="file://localhost/Users/zachvp/Music/DJ/Robsoul%20Recordings%20-%20Love%20on%20the%20Run%20-%20Justin%20Joe.aiff" Remixer="" Tonality="2A" Label="" Mix="">
      <TEMPO Inizio="0.353" Bpm="127.00" Metro="4/4" Battito="1" />
      <TEMPO Inizio="160.511" Bpm="127.00" Metro="4/4" Battito="4" />
    </TRACK>
    <TRACK TrackID="131722133" Name="Shore Apart feat. Raveen" Artist="GAYANCE" Composer="" Album="Mascarade" Grouping="" Genre="House/Deep/Tech/Jazzy" Kind="AIFF File" Size="41693944" TotalTime="157" DiscNumber="0" TrackNumber="5" Year="2023" AverageBpm="122.00" DateAdded="2023-03-28" BitRate="2116" SampleRate="44100" Comments="3A - 6" PlayCount="4" Rating="0" Location="file://localhost/Users/zachvp/Music/DJ/GAYANCE%20-%20Shore%20Apart%20feat%20Raveen.aiff" Remixer="" Tonality="3A" Label="" Mix="">
      <TEMPO Inizio="0.105" Bpm="122.00" Metro="4/4" Battito="2" />
      <POSITION_MARK Name="" Type="0" Start="0.092" Num="-1" />
    </TRACK>
    <TRACK TrackID="242538221" Name="Futuristic Archetypes" Artist="Wave Particle Singularity" Composer="" Album="Jungian Therapy EP" Grouping="" Genre="House/Tech/Indie/" Kind="AIFF File" Size="78074870" TotalTime="441" DiscNumber="0" TrackNumber="2" Year="2023" AverageBpm="127.00" DateAdded="2023-03-28" BitRate="1411" SampleRate="44100" Comments="2A - 6" PlayCount="2" Rating="0" Location="file://localhost/Users/zachvp/Music/DJ/Wave%20Particle%20Singularity%20-%20Futuristic%20Archetypes.aiff" Remixer="" Tonality="2A" Label="" Mix="">
      <TEMPO Inizio="0.472" Bpm="127.00" Metro="4/4" Battito="1" />
      <TEMPO Inizio="128.504" Bpm="127.00" Metro="4/4" Battito="4" />
    </TRACK>
    <TRACK TrackID="144854855" Name="Believe" Artist="SY" Composer="" Album="RWX-EWAX002" Grouping="" Genre="House/Deep/Tech/Jazzy" Kind="AIFF File" Size="96554540" TotalTime="364" DiscNumber="0" TrackNumber="2" Year="2023" AverageBpm="129.00" DateAdded="2023-03-28" BitRate="2116" SampleRate="44100" Comments="7A - 5" PlayCount="1" Rating="0" Location="file://localhost/Users/zachvp/Music/DJ/SY%20-%20Believe.aiff" Remixer="" Tonality="7A" Label="" Mix="">
      <TEMPO Inizio="0.003" Bpm="129.00" Metro="4/4" Battito="1" />
    </TRACK>
    <TRACK TrackID="235798908" Name="In love" Artist="Nick Holder" Composer="" Album="Summer Daze Vol.3" Grouping="" Genre="House/Deep/Tech/Jazzy" Kind="AIFF File" Size="75158942" TotalTime="425" DiscNumber="0" TrackNumber="1" Year="2023" AverageBpm="122.02" DateAdded="2023-03-28" BitRate="1411" SampleRate="44100" Comments="8A - 6" PlayCount="1" Rating="0" Location="file://localhost/Users/zachvp/Music/DJ/Nick%20Holder%20-%20In%20love.aiff" Remixer="" Tonality="8A" Label="" Mix="">
      <TEMPO Inizio="0.022" Bpm="122.02" Metro="4/4" Battito="1" />
    </TRACK>
    <TRACK TrackID="2264066" Name="Im Norden (Krissky Remix)" Artist="Pablo Bolivar &amp; Sensual Physics" Composer="" Album="Remixed Details" Grouping="" Genre="House/Deep/Tech/Dubby" Kind="AIFF File" Size="74744800" TotalTime="423" DiscNumber="0" TrackNumber="2" Year="2023" AverageBpm="118.00" DateAdded="2023-03-28" BitRate="1411" SampleRate="44100" Comments="10A - 5" PlayCount="4" Rating="0" Location="file://localhost/Users/zachvp/Music/DJ/Pablo%20Bolivar%20%26%20Sensual%20Physics%20-%20Im%20Norden%20(Krissky%20Remix).aiff" Remixer="" Tonality="10A" Label="" Mix="">
      <TEMPO Inizio="0.252" Bpm="118.00" Metro="4/4" Battito="1" />
      <TEMPO Inizio="0.761" Bpm="118.00" Metro="4/4" Battito="2" />
      <TEMPO Inizio="230.082" Bpm="118.00" Metro="4/4" Battito="1" />
    </TRACK>
    <TRACK TrackID="70063215" Name="Crazy Days" Artist="Forest" Composer="" Album="Once Again We Are The Children Of The Sun compiled by Paul Hillery" Grouping="" Genre="Lounge/" Kind="AIFF File" Size="83226078" TotalTime="314" DiscNumber="0" TrackNumber="2" Year="2023" AverageBpm="103.85" DateAdded="2023-03-28" BitRate="2116" SampleRate="44100" Comments="7A - 5" PlayCount="2" Rating="0" Location="file://localhost/Users/zachvp/Music/DJ/Forest%20-%20Crazy%20Days.aiff" Remixer="" Tonality="7A" Label="" Mix="">
      <TEMPO Inizio="0.285" Bpm="103.85" Metro="4/4" Battito="1" />
    </TRACK>
    <TRACK TrackID="88566982" Name="Matta" Artist="Shadow Dancer" Composer="" Album="Hydrate EP" Grouping="" Genre="House/Tech/Acid" Kind="AIFF File" Size="40690698" TotalTime="229" DiscNumber="0" TrackNumber="2" Year="2013" AverageBpm="120.00" DateAdded="2023-03-28" BitRate="1411" SampleRate="44100" Comments="7A - 6" PlayCount="7" Rating="0" Location="file://localhost/Users/zachvp/Music/DJ/Shadow%20Dancer%20-%20Matta.aiff" Remixer="" Tonality="7A" Label="" Mix="">
      <TEMPO Inizio="0.499" Bpm="120.00" Metro="4/4" Battito="2" />
      <POSITION_MARK Name="" Type="0" Start="21.994" Num="0" Red="40" Green="226" Blue="20" />
      <POSITION_MARK Name="" Type="0" Start="22.966" Num="1" Red="40" Green="226" Blue="20" />
      <POSITION_MARK Name="" Type="0" Start="1.023" Num="-1" />
      <POSITION_MARK Name="" Type="0" Start="21.986" Num="-1" />
    </TRACK>
    <TRACK TrackID="161688398" Name="Let It Frea" Artist="DJ Rendo" Composer="" Album="Housology 1" Grouping="" Genre="House/Tech/Indie/" Kind="AIFF File" Size="77607104" TotalTime="439" DiscNumber="0" TrackNumber="1" Year="2022" AverageBpm="130.00" DateAdded="2023-03-28" BitRate="1411" SampleRate="44100" Comments="3A - 7" PlayCount="2" Rating="0" Location="file://localhost/Users/zachvp/Music/DJ/DJ%20Rendo%20-%20Let%20It%20Frea.aiff" Remixer="" Tonality="3A" Label="" Mix="">
      <TEMPO Inizio="0.091" Bpm="130.00" Metro="4/4" Battito="1" />
    </TRACK>
    <TRACK TrackID="184881384" Name="Forty-Nine Reasons" Artist="Julius Brockington" Composer="" Album="The United Chair" Grouping="" Genre="Lounge/" Kind="AIFF File" Size="82938838" TotalTime="469" DiscNumber="0" TrackNumber="7" Year="2023" AverageBpm="100.72" DateAdded="2023-03-28" BitRate="1411" SampleRate="44100" Comments="9A - 3" PlayCount="2" Rating="0" Location="file://localhost/Users/zachvp/Music/DJ/Julius%20Brockington%20-%20Forty-Nine%20Reasons.aiff" Remixer="" Tonality="9A" Label="" Mix="">
      <TEMPO Inizio="0.293" Bpm="100.72" Metro="4/4" Battito="4" />
      <POSITION_MARK Name="" Type="0" Start="4.656" Num="-1" />
    </TRACK>
    <TRACK TrackID="143290688" Name="Relief" Artist="Loure" Composer="" Album="Translucid Transit" Grouping="" Genre="House/Tech/Breaks" Kind="AIFF File" Size="127789020" TotalTime="443" DiscNumber="0" TrackNumber="2" Year="2023" AverageBpm="132.00" DateAdded="2023-03-28" BitRate="2304" SampleRate="48000" Comments="9A - 6" PlayCount="1" Rating="0" Location="file://localhost/Users/zachvp/Music/DJ/Loure%20-%20Relief.aiff" Remixer="" Tonality="9A" Label="" Mix="">
      <TEMPO Inizio="0.046" Bpm="132.00" Metro="4/4" Battito="3" />
    </TRACK>
    <TRACK TrackID="160284089" Name="Bonsai" Artist="RR" Composer="" Album="EWX-02" Grouping="" Genre="House/Tech/Breaks" Kind="AIFF File" Size="74044822" TotalTime="279" DiscNumber="0" TrackNumber="1" Year="2023" AverageBpm="135.00" DateAdded="2023-03-28" BitRate="1411" SampleRate="44100" Comments="6A - 6" PlayCount="1" Rating="0" Location="file://localhost/Users/zachvp/Music/DJ/RR%20-%20Bonsai.aiff" Remixer="" Tonality="6A" Label="" Mix="">
      <TEMPO Inizio="0.014" Bpm="135.00" Metro="4/4" Battito="1" />
      <TEMPO Inizio="0.459" Bpm="135.00" Metro="4/4" Battito="2" />
      <TEMPO Inizio="235.569" Bpm="135.00" Metro="4/4" Battito="3" />
    </TRACK>
    <TRACK TrackID="222845961" Name="Werk 12.1" Artist="RR" Composer="" Album="EWX-02" Grouping="" Genre="House/Tech/Breaks" Kind="AIFF File" Size="67901596" TotalTime="256" DiscNumber="0" TrackNumber="5" Year="2023" AverageBpm="136.00" DateAdded="2023-03-28" BitRate="2116" SampleRate="44100" Comments="5A - 7" PlayCount="7" Rating="0" Location="file://localhost/Users/zachvp/Music/DJ/RR%20-%20Werk%20121.aiff" Remixer="" Tonality="5A" Label="" Mix="">
      <TEMPO Inizio="0.232" Bpm="136.00" Metro="4/4" Battito="1" />
      <TEMPO Inizio="1.115" Bpm="136.00" Metro="4/4" Battito="3" />
      <POSITION_MARK Name="" Type="0" Start="142.941" Num="-1" />
      <POSITION_MARK Name="" Type="0" Start="171.182" Num="-1" />
      <POSITION_MARK Name="" Type="0" Start="178.236" Num="-1" />
      <POSITION_MARK Name="" Type="0" Start="234.701" Num="-1" />
    </TRACK>
    <TRACK TrackID="71061324" Name="Fruit Of Love (Hallelujah Club Remix)" Artist="Transformer 2" Composer="" Album="Fruit Of Love (Hallelujah Club Remix)" Grouping="" Genre="House/Tech/Indie/Retro" Kind="AIFF File" Size="54807856" TotalTime="309" DiscNumber="0" TrackNumber="2" Year="2023" AverageBpm="132.00" DateAdded="2023-03-28" BitRate="1411" SampleRate="44100" Comments="7A - 6" PlayCount="6" Rating="0" Location="file://localhost/Users/zachvp/Music/DJ/Transformer%202%20-%20Fruit%20Of%20Love%20(Hallelujah%20Club%20Remix).aiff" Remixer="" Tonality="7A" Label="" Mix="">
      <TEMPO Inizio="0.202" Bpm="132.00" Metro="4/4" Battito="1" />
      <POSITION_MARK Name="" Type="0" Start="232.943" Num="-1" />
      <POSITION_MARK Name="" Type="0" Start="247.479" Num="-1" />
      <POSITION_MARK Name="" Type="0" Start="276.551" Num="-1" />
    </TRACK>
    <TRACK TrackID="156758332" Name="The Infinite Loop" Artist="Kosh" Composer="" Album="The World Inside" Grouping="" Genre="House/Tech/Progressive" Kind="AIFF File" Size="72209002" TotalTime="409" DiscNumber="0" TrackNumber="4" Year="2021" AverageBpm="134.00" DateAdded="2023-03-28" BitRate="1411" SampleRate="44100" Comments="5A - 6" PlayCount="3" Rating="0" Location="file://localhost/Users/zachvp/Music/DJ/Kosh%20-%20The%20Infinite%20Loop.aiff" Remixer="" Tonality="5A" Label="" Mix="">
      <TEMPO Inizio="0.199" Bpm="134.00" Metro="4/4" Battito="1" />
    </TRACK>
    <TRACK TrackID="210014140" Name="Relations" Artist="Ian Pooley" Composer="" Album="CCE037" Grouping="" Genre="House/Tech/Progressive" Kind="AIFF File" Size="177259100" TotalTime="669" DiscNumber="0" TrackNumber="1" Year="2023" AverageBpm="127.46" DateAdded="2023-03-28" BitRate="2116" SampleRate="44100" Comments="3A - 7" PlayCount="6" Rating="0" Location="file://localhost/Users/zachvp/Music/DJ/Ian%20Pooley%20-%20Relations.aiff" Remixer="" Tonality="3A" Label="" Mix="">
      <TEMPO Inizio="0.181" Bpm="127.46" Metro="4/4" Battito="1" />
    </TRACK>
    <TRACK TrackID="185901973" Name="Re-Linked" Artist="Ian Pooley" Composer="" Album="CCE037" Grouping="" Genre="House/Tech/Acid" Kind="AIFF File" Size="100476848" TotalTime="379" DiscNumber="0" TrackNumber="8" Year="2023" AverageBpm="126.41" DateAdded="2023-03-28" BitRate="2116" SampleRate="44100" Comments="9A - 6" PlayCount="6" Rating="0" Location="file://localhost/Users/zachvp/Music/DJ/Ian%20Pooley%20-%20Re-Linked.aiff" Remixer="" Tonality="9A" Label="" Mix="">
      <TEMPO Inizio="0.003" Bpm="126.41" Metro="4/4" Battito="4" />
      <POSITION_MARK Name="" Type="0" Start="91.705" Num="-1" />
      <POSITION_MARK Name="" Type="0" Start="0.557" Num="-1" />
    </TRACK>
    <TRACK TrackID="693349" Name="Sandman" Artist="Animist" Composer="" Album="Animist - Sandman" Grouping="" Genre="House/Tech/Indie/" Kind="AIFF File" Size="100472724" TotalTime="379" DiscNumber="0" TrackNumber="1" Year="2023" AverageBpm="124.00" DateAdded="2023-03-28" BitRate="2116" SampleRate="44100" Comments="12A - 7" PlayCount="5" Rating="0" Location="file://localhost/Users/zachvp/Music/DJ/Robsoul%20Recordings%20-%20Animist%20-%20Sandman%20-%2001%20Sandman%20-%20Animist.aiff" Remixer="" Tonality="12A" Label="" Mix="">
      <TEMPO Inizio="0.121" Bpm="124.00" Metro="4/4" Battito="1" />
      <POSITION_MARK Name="" Type="0" Start="31.074" Num="-1" />
      <POSITION_MARK Name="" Type="0" Start="247.849" Num="-1" />
      <POSITION_MARK Name="" Type="0" Start="216.911" Num="-1" />
      <POSITION_MARK Name="" Type="0" Start="309.804" Num="-1" />
    </TRACK>
    <TRACK TrackID="47087636" Name="Too Much" Artist="Animist" Composer="" Album="Animist - Sandman" Grouping="" Genre="House/Deep/Tech/Jazzy" Kind="AIFF File" Size="92154320" TotalTime="348" DiscNumber="0" TrackNumber="2" Year="2023" AverageBpm="124.00" DateAdded="2023-03-28" BitRate="2116" SampleRate="44100" Comments="10A - 6" PlayCount="1" Rating="0" Location="file://localhost/Users/zachvp/Music/DJ/Robsoul%20Recordings%20-%20Animist%20-%20Sandman%20-%2002%20Too%20Much%20-%20Animist.aiff" Remixer="" Tonality="10A" Label="" Mix="">
      <TEMPO Inizio="0.119" Bpm="124.00" Metro="4/4" Battito="1" />
      <POSITION_MARK Name="" Type="0" Start="154.962" Num="-1" />
    </TRACK>
    <TRACK TrackID="50885786" Name="Brand New Day (Original Mix)" Artist="Emanuil Hristov" Composer="" Album="Underground Techno, Vol. 18" Grouping="" Genre="House/Tech/Acid" Kind="AIFF File" Size="78341266" TotalTime="443" DiscNumber="0" TrackNumber="3" Year="2023" AverageBpm="130.00" DateAdded="2023-03-28" BitRate="1411" SampleRate="44100" Comments="4A - 6" PlayCount="4" Rating="0" Location="file://localhost/Users/zachvp/Music/DJ/17439590_Brand_New_Day_(Original_Mix).aiff" Remixer="" Tonality="4A" Label="LW Recordings" Mix="">
      <TEMPO Inizio="0.017" Bpm="130.00" Metro="4/4" Battito="1" />
      <POSITION_MARK Name="" Type="0" Start="88.624" Num="-1" />
      <POSITION_MARK Name="" Type="0" Start="317.550" Num="-1" />
    </TRACK>
    <TRACK TrackID="219194368" Name="EquinoX (Original Mix)" Artist="Bob Ray" Composer="" Album="Underground Techno, Vol. 18" Grouping="" Genre="House/Techno/Sinister" Kind="AIFF File" Size="66849478" TotalTime="377" DiscNumber="0" TrackNumber="10" Year="2023" AverageBpm="127.00" DateAdded="2023-03-28" BitRate="1411" SampleRate="44100" Comments="8A - 6" PlayCount="0" Rating="0" Location="file://localhost/Users/zachvp/Music/DJ/17439605_EquinoX_(Original_Mix).aiff" Remixer="" Tonality="8A" Label="LW Recordings" Mix="">
      <TEMPO Inizio="0.032" Bpm="127.00" Metro="4/4" Battito="1" />
      <TEMPO Inizio="0.505" Bpm="127.00" Metro="4/4" Battito="2" />
      <TEMPO Inizio="176.726" Bpm="127.00" Metro="4/4" Battito="3" />
      <TEMPO Inizio="364.758" Bpm="127.00" Metro="4/4" Battito="1" />
    </TRACK>
    <TRACK TrackID="125373562" Name="Hammond (Original Mix)" Artist="Peter Mac" Composer="" Album="Deep House Chill 023" Grouping="" Genre="House/Deep/Tech/Jazzy" Kind="AIFF File" Size="61754298" TotalTime="348" DiscNumber="0" TrackNumber="19" Year="2023" AverageBpm="122.00" DateAdded="2023-03-28" BitRate="1411" SampleRate="44100" Comments="2A - 6" PlayCount="3" Rating="0" Location="file://localhost/Users/zachvp/Music/DJ/17432689_Hammond_(Original_Mix).aiff" Remixer="" Tonality="2A" Label="LW Recordings" Mix="">
      <TEMPO Inizio="0.023" Bpm="122.00" Metro="4/4" Battito="4" />
      <POSITION_MARK Name="" Type="0" Start="16.201" Num="-1" />
    </TRACK>
    <TRACK TrackID="241051730" Name="Wake Up (Original Mix)" Artist="Dubman F." Composer="" Album="Wake Up" Grouping="" Genre="House/Tech/Indie/" Kind="AIFF File" Size="85560108" TotalTime="476" DiscNumber="0" TrackNumber="1" Year="2023" AverageBpm="123.00" DateAdded="2023-03-28" BitRate="1411" SampleRate="44100" Comments="6A - 6" PlayCount="2" Rating="0" Location="file://localhost/Users/zachvp/Music/DJ/17427924_Wake_Up_(Original_Mix).aiff" Remixer="" Tonality="6A" Label="Bosh Recordings" Mix="">
      <TEMPO Inizio="0.015" Bpm="123.00" Metro="4/4" Battito="1" />
    </TRACK>
    <TRACK TrackID="153311838" Name="Speed Walker (Original Mix)" Artist="The Fellas (US)" Composer="" Album="Speed Walker / Crowd Lover" Grouping="" Genre="House/Deep/Tech/" Kind="AIFF File" Size="72139706" TotalTime="403" DiscNumber="0" TrackNumber="1" Year="2023" AverageBpm="131.00" DateAdded="2023-03-28" BitRate="1411" SampleRate="44100" Comments="8A - 6" PlayCount="3" Rating="0" Location="file://localhost/Users/zachvp/Music/DJ/17494024_Speed_Walker_(Original_Mix).aiff" Remixer="" Tonality="8A" Label="Nervous Records" Mix="">
      <TEMPO Inizio="0.001" Bpm="131.00" Metro="4/4" Battito="1" />
      <TEMPO Inizio="1.376" Bpm="131.00" Metro="4/4" Battito="4" />
      <TEMPO Inizio="225.804" Bpm="131.00" Metro="4/4" Battito="2" />
    </TRACK>
    <TRACK TrackID="175829926" Name="Un, Due, Tres, Ah (Mattia Rossi Remix)" Artist="DJ Beens" Composer="" Album="Un, Due, Tres, Ah" Grouping="" Genre="House/Tech/Organic" Kind="AIFF File" Size="60296376" TotalTime="335" DiscNumber="0" TrackNumber="2" Year="2023" AverageBpm="132.00" DateAdded="2023-03-28" BitRate="1411" SampleRate="44100" Comments="3A - 6" PlayCount="2" Rating="0" Location="file://localhost/Users/zachvp/Music/DJ/17494007_Un,_Due,_Tres,_Ah_(Mattia_Rossi_Remix).aiff" Remixer="" Tonality="3A" Label="Nervous Records" Mix="">
      <TEMPO Inizio="0.454" Bpm="132.00" Metro="4/4" Battito="2" />
    </TRACK>
    <TRACK TrackID="43224325" Name="Intolerance (ANNĒ Remix)" Artist="PUSHMANN" Composer="" Album="Fever EP" Grouping="" Genre="House/Tech/Breaks" Kind="AIFF File" Size="53844214" TotalTime="298" DiscNumber="0" TrackNumber="4" Year="2023" AverageBpm="145.00" DateAdded="2023-03-28" BitRate="1411" SampleRate="44100" Comments="3A - 6" PlayCount="3" Rating="0" Location="file://localhost/Users/zachvp/Music/DJ/17486526_Intolerance_(ANN%c4%92_Remix).aiff" Remixer="" Tonality="3A" Label="Suara" Mix="">
      <TEMPO Inizio="0.000" Bpm="145.00" Metro="4/4" Battito="1" />
    </TRACK>
    <TRACK TrackID="266784587" Name="A Part Of (Riva Starr Extended Saturn Mix)" Artist="Larse" Composer="" Album="A Part Of - Riva Starr Extended Saturn Mix" Grouping="" Genre="House/Tech/Groove" Kind="AIFF File" Size="61788524" TotalTime="347" DiscNumber="0" TrackNumber="1" Year="2023" AverageBpm="126.00" DateAdded="2023-03-28" BitRate="1411" SampleRate="44100" Comments="7A - 6" PlayCount="1" Rating="0" Location="file://localhost/Users/zachvp/Music/DJ/17493385_A_Part_Of_(Riva_Starr_Extended_Saturn_Mix).aiff" Remixer="" Tonality="7A" Label="Defected" Mix="">
      <TEMPO Inizio="0.077" Bpm="126.00" Metro="4/4" Battito="1" />
      <TEMPO Inizio="1.030" Bpm="126.00" Metro="4/4" Battito="3" />
    </TRACK>
    <TRACK TrackID="62287944" Name="Fever (Original Mix)" Artist="PUSHMANN" Composer="" Album="Fever EP" Grouping="" Genre="House/Tech/Breaks" Kind="AIFF File" Size="58553014" TotalTime="325" DiscNumber="0" TrackNumber="1" Year="2023" AverageBpm="142.00" DateAdded="2023-03-28" BitRate="1411" SampleRate="44100" Comments="3A - 6" PlayCount="3" Rating="0" Location="file://localhost/Users/zachvp/Music/DJ/17486523_Fever_(Original_Mix).aiff" Remixer="" Tonality="3A" Label="Suara" Mix="">
      <TEMPO Inizio="0.024" Bpm="142.00" Metro="4/4" Battito="1" />
    </TRACK>
    <TRACK TrackID="32613712" Name="Deeper Connection (Zaren Remix)" Artist="Al-Fernandez, DJ Marika" Composer="" Album="Deeper Connection - Remixes" Grouping="" Genre="House/Tech/Groove" Kind="AIFF File" Size="61850382" TotalTime="347" DiscNumber="0" TrackNumber="2" Year="2023" AverageBpm="127.00" DateAdded="2023-03-28" BitRate="1411" SampleRate="44100" Comments="3A - 6" PlayCount="3" Rating="0" Location="file://localhost/Users/zachvp/Music/DJ/17491546_Deeper_Connection_-_Remixes_(Zaren_Remix).aiff" Remixer="" Tonality="3A" Label="Selectro" Mix="">
      <TEMPO Inizio="0.000" Bpm="127.00" Metro="4/4" Battito="1" />
      <POSITION_MARK Name="" Type="0" Start="60.476" Num="-1" />
      <POSITION_MARK Name="" Type="0" Start="151.165" Num="-1" />
    </TRACK>
    <TRACK TrackID="178089095" Name="Keeping (Original Mix)" Artist="JONATAS C" Composer="" Album="Payback" Grouping="" Genre="House/Tech/Groove" Kind="AIFF File" Size="56668592" TotalTime="313" DiscNumber="0" TrackNumber="2" Year="2023" AverageBpm="130.00" DateAdded="2023-03-28" BitRate="1411" SampleRate="44100" Comments="5A - 6" PlayCount="2" Rating="0" Location="file://localhost/Users/zachvp/Music/DJ/17481951_Keeping_(Original_Mix).aiff" Remixer="" Tonality="5A" Label="303Lovers" Mix="">
      <TEMPO Inizio="0.001" Bpm="130.00" Metro="4/4" Battito="1" />
    </TRACK>
    <TRACK TrackID="257439871" Name="Birmingham (Original Mix)" Artist="Rocket Empire" Composer="" Album="Todas Partes (Preview 2)" Grouping="" Genre="House/Tech/Breaks" Kind="AIFF File" Size="53278856" TotalTime="299" DiscNumber="0" TrackNumber="2" Year="2023" AverageBpm="120.00" DateAdded="2023-03-28" BitRate="1411" SampleRate="44100" Comments="1A - 6" PlayCount="1" Rating="0" Location="file://localhost/Users/zachvp/Music/DJ/17477889_Birmingham_(Original_Mix).aiff" Remixer="" Tonality="1A" Label="OM Records" Mix="">
      <TEMPO Inizio="0.136" Bpm="120.00" Metro="4/4" Battito="1" />
    </TRACK>
    <TRACK TrackID="142236617" Name="Nice (Original Mix)" Artist="Eddie Fowlkes" Composer="" Album="Forever EP" Grouping="" Genre="House/Tech/Groove" Kind="AIFF File" Size="58939118" TotalTime="330" DiscNumber="0" TrackNumber="4" Year="2023" AverageBpm="127.95" DateAdded="2023-03-28" BitRate="1411" SampleRate="44100" Comments="9A - 5" PlayCount="4" Rating="0" Location="file://localhost/Users/zachvp/Music/DJ/17471106_Nice_(Original_Mix).aiff" Remixer="" Tonality="9A" Label="Rekids" Mix="">
      <TEMPO Inizio="0.002" Bpm="127.95" Metro="4/4" Battito="1" />
    </TRACK>
    <TRACK TrackID="103443629" Name="Sandman (Original Mix)" Artist="Mary Droppinz" Composer="" Album="Sandman" Grouping="" Genre="House/Tech/Breaks" Kind="AIFF File" Size="47543236" TotalTime="262" DiscNumber="0" TrackNumber="1" Year="2023" AverageBpm="127.00" DateAdded="2023-03-28" BitRate="1411" SampleRate="44100" Comments="12A - 7" PlayCount="1" Rating="0" Location="file://localhost/Users/zachvp/Music/DJ/17469063_Sandman_(Original_Mix).aiff" Remixer="" Tonality="12A" Label="Repopulate Mars" Mix="">
      <TEMPO Inizio="0.002" Bpm="127.00" Metro="4/4" Battito="1" />
      <TEMPO Inizio="0.475" Bpm="127.00" Metro="4/4" Battito="2" />
      <TEMPO Inizio="160.633" Bpm="127.00" Metro="4/4" Battito="1" />
      <POSITION_MARK Name="" Type="0" Start="175.043" Num="0" Red="40" Green="226" Blue="20" />
      <POSITION_MARK Name="" Type="0" Start="181.424" Num="1" Red="40" Green="226" Blue="20" />
    </TRACK>
    <TRACK TrackID="49842339" Name="Last Night (Honeycomb Instrumental)" Artist="Honeysweet" Composer="" Album="Exodus" Grouping="" Genre="House/Tech/Indie/Disco" Kind="AIFF File" Size="82818052" TotalTime="467" DiscNumber="0" TrackNumber="7" Year="2023" AverageBpm="124.00" DateAdded="2023-03-28" BitRate="1411" SampleRate="44100" Comments="3A - 6" PlayCount="2" Rating="0" Location="file://localhost/Users/zachvp/Music/DJ/17462317_Last_Night_(Honeycomb_Instrumental).aiff" Remixer="" Tonality="3A" Label="Vega Records" Mix="">
      <TEMPO Inizio="0.073" Bpm="124.00" Metro="4/4" Battito="1" />
    </TRACK>
    <TRACK TrackID="109649935" Name="Back in My Space (Airport Society Remix)" Artist="Andrés" Composer="" Album="Back in My Space EP" Grouping="" Genre="House/Deep/Tech/Jazzy" Kind="AIFF File" Size="65254968" TotalTime="363" DiscNumber="0" TrackNumber="3" Year="2023" AverageBpm="122.00" DateAdded="2023-03-28" BitRate="1411" SampleRate="44100" Comments="7A - 5" PlayCount="5" Rating="0" Location="file://localhost/Users/zachvp/Music/DJ/17375942_Back_in_My_Space_(Airport_Society_Remix).aiff" Remixer="" Tonality="7A" Label="Beretta Music" Mix="">
      <TEMPO Inizio="0.003" Bpm="122.00" Metro="4/4" Battito="1" />
    </TRACK>
    <TRACK TrackID="55717367" Name="It's Time (Extended Mix)" Artist="CJ Cooper" Composer="" Album="It's Time" Grouping="" Genre="House/Deep/Tech/Spacey" Kind="AIFF File" Size="70851424" TotalTime="387" DiscNumber="0" TrackNumber="1" Year="2023" AverageBpm="120.00" DateAdded="2023-03-28" BitRate="1411" SampleRate="44100" Comments="3A - 6" PlayCount="2" Rating="0" Location="file://localhost/Users/zachvp/Music/DJ/17427904_It_s_Time_(Extended_Mix).aiff" Remixer="" Tonality="3A" Label="SoSure Music" Mix="">
      <TEMPO Inizio="0.499" Bpm="120.00" Metro="4/4" Battito="2" />
    </TRACK>
    <TRACK TrackID="149142989" Name="'Never Again' (Original Mix)" Artist="VALL" Composer="" Album="Deep House Selections, Vol. 18" Grouping="" Genre="House/Deep/Tech/Jazzy" Kind="AIFF File" Size="79632874" TotalTime="447" DiscNumber="0" TrackNumber="22" Year="2023" AverageBpm="120.00" DateAdded="2023-03-28" BitRate="1411" SampleRate="44100" Comments="5A - 6" PlayCount="2" Rating="0" Location="file://localhost/Users/zachvp/Music/DJ/17427256__Never_Again__(Original_Mix).aiff" Remixer="" Tonality="5A" Label="LW Recordings" Mix="">
      <TEMPO Inizio="0.499" Bpm="120.00" Metro="4/4" Battito="2" />
      <TEMPO Inizio="39.000" Bpm="120.00" Metro="4/4" Battito="3" />
      <TEMPO Inizio="39.499" Bpm="120.00" Metro="4/4" Battito="4" />
      <TEMPO Inizio="40.000" Bpm="120.00" Metro="4/4" Battito="1" />
      <TEMPO Inizio="40.499" Bpm="120.00" Metro="4/4" Battito="2" />
      <TEMPO Inizio="41.000" Bpm="120.00" Metro="4/4" Battito="3" />
      <TEMPO Inizio="41.499" Bpm="120.00" Metro="4/4" Battito="4" />
      <TEMPO Inizio="42.000" Bpm="120.00" Metro="4/4" Battito="1" />
      <TEMPO Inizio="42.499" Bpm="120.00" Metro="4/4" Battito="2" />
      <TEMPO Inizio="43.000" Bpm="120.00" Metro="4/4" Battito="3" />
      <TEMPO Inizio="137.501" Bpm="120.00" Metro="4/4" Battito="4" />
      <TEMPO Inizio="138.000" Bpm="120.00" Metro="4/4" Battito="1" />
      <TEMPO Inizio="138.501" Bpm="120.00" Metro="4/4" Battito="2" />
      <TEMPO Inizio="139.000" Bpm="120.00" Metro="4/4" Battito="3" />
      <TEMPO Inizio="139.501" Bpm="120.00" Metro="4/4" Battito="4" />
      <TEMPO Inizio="140.000" Bpm="120.00" Metro="4/4" Battito="1" />
      <TEMPO Inizio="140.501" Bpm="120.00" Metro="4/4" Battito="2" />
      <TEMPO Inizio="230.502" Bpm="120.00" Metro="4/4" Battito="2" />
      <TEMPO Inizio="231.001" Bpm="120.00" Metro="4/4" Battito="3" />
      <TEMPO Inizio="231.502" Bpm="120.00" Metro="4/4" Battito="4" />
      <TEMPO Inizio="232.001" Bpm="120.00" Metro="4/4" Battito="1" />
      <TEMPO Inizio="232.502" Bpm="120.00" Metro="4/4" Battito="2" />
      <TEMPO Inizio="233.001" Bpm="120.00" Metro="4/4" Battito="3" />
      <TEMPO Inizio="233.502" Bpm="120.00" Metro="4/4" Battito="4" />
      <TEMPO Inizio="234.001" Bpm="120.00" Metro="4/4" Battito="1" />
      <TEMPO Inizio="234.502" Bpm="120.00" Metro="4/4" Battito="2" />
      <TEMPO Inizio="324.503" Bpm="120.00" Metro="4/4" Battito="2" />
      <TEMPO Inizio="325.002" Bpm="120.00" Metro="4/4" Battito="3" />
      <TEMPO Inizio="325.503" Bpm="120.00" Metro="4/4" Battito="4" />
      <TEMPO Inizio="326.002" Bpm="120.00" Metro="4/4" Battito="1" />
      <TEMPO Inizio="326.503" Bpm="120.00" Metro="4/4" Battito="2" />
      <TEMPO Inizio="327.002" Bpm="120.00" Metro="4/4" Battito="3" />
      <TEMPO Inizio="327.503" Bpm="120.00" Metro="4/4" Battito="4" />
      <TEMPO Inizio="328.002" Bpm="120.00" Metro="4/4" Battito="1" />
      <TEMPO Inizio="328.503" Bpm="120.00" Metro="4/4" Battito="2" />
      <TEMPO Inizio="418.504" Bpm="120.00" Metro="4/4" Battito="2" />
      <TEMPO Inizio="419.003" Bpm="120.00" Metro="4/4" Battito="3" />
      <TEMPO Inizio="419.504" Bpm="120.00" Metro="4/4" Battito="4" />
      <TEMPO Inizio="420.003" Bpm="120.00" Metro="4/4" Battito="1" />
      <TEMPO Inizio="420.504" Bpm="120.00" Metro="4/4" Battito="2" />
      <TEMPO Inizio="421.003" Bpm="120.00" Metro="4/4" Battito="3" />
      <TEMPO Inizio="421.504" Bpm="120.00" Metro="4/4" Battito="4" />
      <TEMPO Inizio="422.003" Bpm="120.00" Metro="4/4" Battito="1" />
      <TEMPO Inizio="422.504" Bpm="120.00" Metro="4/4" Battito="2" />
    </TRACK>
    <TRACK TrackID="34624454" Name="Noodle King (Original Mix)" Artist="Jesse Bru" Composer="" Album="Deep House Selections, Vol. 18" Grouping="" Genre="House/Deep/Tech/Jazzy" Kind="AIFF File" Size="62894440" TotalTime="353" DiscNumber="0" TrackNumber="24" Year="2023" AverageBpm="125.00" DateAdded="2023-03-28" BitRate="1411" SampleRate="44100" Comments="7A - 7" PlayCount="2" Rating="0" Location="file://localhost/Users/zachvp/Music/DJ/17427258_Noodle_King_(Original_Mix).aiff" Remixer="" Tonality="7A" Label="LW Recordings" Mix="">
      <TEMPO Inizio="0.207" Bpm="125.00" Metro="4/4" Battito="1" />
      <TEMPO Inizio="177.806" Bpm="125.00" Metro="4/4" Battito="3" />
    </TRACK>
    <TRACK TrackID="124702411" Name="Sure Shot (Original Mix)" Artist="Phil Weeks, Joss Moog" Composer="" Album="Robsoul 300" Grouping="" Genre="House/Deep/Tech/Jazzy" Kind="AIFF File" Size="59642706" TotalTime="336" DiscNumber="0" TrackNumber="3" Year="2023" AverageBpm="120.00" DateAdded="2023-03-28" BitRate="1411" SampleRate="44100" Comments="5A - 5" PlayCount="2" Rating="0" Location="file://localhost/Users/zachvp/Music/DJ/17420181_Sure_Shot_(Original_Mix).aiff" Remixer="" Tonality="5A" Label="Robsoul Recordings" Mix="">
      <TEMPO Inizio="0.027" Bpm="120.00" Metro="4/4" Battito="1" />
    </TRACK>
    <TRACK TrackID="145431932" Name="Escanox (Original mix)" Artist="Le_Mind" Composer="" Album="Sagitta EP" Grouping="" Genre="House/Techno/Sinister" Kind="AIFF File" Size="72876510" TotalTime="407" DiscNumber="0" TrackNumber="3" Year="2023" AverageBpm="133.00" DateAdded="2023-03-28" BitRate="1411" SampleRate="44100" Comments="8A - 6" PlayCount="1" Rating="0" Location="file://localhost/Users/zachvp/Music/DJ/17270143_Escanox_(Original_mix).aiff" Remixer="" Tonality="8A" Label="Natura Viva Black" Mix="">
      <TEMPO Inizio="0.007" Bpm="133.00" Metro="4/4" Battito="1" />
      <TEMPO Inizio="0.459" Bpm="133.00" Metro="4/4" Battito="2" />
      <POSITION_MARK Name="" Type="0" Start="129.929" Num="-1" />
      <POSITION_MARK Name="" Type="0" Start="332.024" Num="-1" />
    </TRACK>
    <TRACK TrackID="175233727" Name="Pitch (Original Mix)" Artist="Janeret" Composer="" Album="Quasar" Grouping="" Genre="House/Tech/Progressive" Kind="AIFF File" Size="79029026" TotalTime="443" DiscNumber="0" TrackNumber="4" Year="2023" AverageBpm="130.00" DateAdded="2023-03-28" BitRate="1411" SampleRate="44100" Comments="9A - 6" PlayCount="3" Rating="0" Location="file://localhost/Users/zachvp/Music/DJ/17114430_Pitch_(Original_Mix).aiff" Remixer="" Tonality="9A" Label="Fuse London" Mix="">
      <TEMPO Inizio="0.194" Bpm="130.00" Metro="4/4" Battito="4" />
    </TRACK>
    <TRACK TrackID="67166508" Name="Vice Versa (Max Chapman 1990 Mix)" Artist="Ammo Avenue" Composer="" Album="Vice Versa EP" Grouping="" Genre="House/Tech/Groove" Kind="AIFF File" Size="59341692" TotalTime="334" DiscNumber="0" TrackNumber="4" Year="2023" AverageBpm="129.00" DateAdded="2023-03-28" BitRate="1411" SampleRate="44100" Comments="9A - 7" PlayCount="7" Rating="0" Location="file://localhost/Users/zachvp/Music/DJ/17293461_Vice_Versa_(Max_Chapman_1990_Mix).aiff" Remixer="" Tonality="9A" Label="VIVa LIMITED" Mix="">
      <TEMPO Inizio="0.000" Bpm="129.00" Metro="4/4" Battito="1" />
      <TEMPO Inizio="0.466" Bpm="129.00" Metro="4/4" Battito="2" />
      <POSITION_MARK Name="" Type="0" Start="29.769" Num="-1" />
      <POSITION_MARK Name="" Type="0" Start="193.478" Num="-1" />
      <POSITION_MARK Name="" Type="0" Start="238.140" Num="-1" />
    </TRACK>
    <TRACK TrackID="140531990" Name="MAW Apes Groove (Original Mix)" Artist="Masters At Work" Composer="" Album="MAW Lost Tapes 1" Grouping="" Genre="House/Deep/Tech/Jazzy" Kind="AIFF File" Size="67822160" TotalTime="382" DiscNumber="0" TrackNumber="1" Year="2023" AverageBpm="123.92" DateAdded="2023-03-28" BitRate="1411" SampleRate="44100" Comments="2A - 6" PlayCount="1" Rating="0" Location="file://localhost/Users/zachvp/Music/DJ/17293758_MAW_Apes_Groove_(Original_Mix).aiff" Remixer="" Tonality="2A" Label="MAW Records" Mix="">
      <TEMPO Inizio="0.377" Bpm="123.92" Metro="4/4" Battito="2" />
      <TEMPO Inizio="29.427" Bpm="123.92" Metro="4/4" Battito="2" />
      <TEMPO Inizio="61.382" Bpm="123.92" Metro="4/4" Battito="4" />
      <TEMPO Inizio="95.758" Bpm="123.92" Metro="4/4" Battito="3" />
      <TEMPO Inizio="124.808" Bpm="123.92" Metro="4/4" Battito="3" />
      <TEMPO Inizio="153.858" Bpm="123.92" Metro="4/4" Battito="3" />
      <TEMPO Inizio="185.813" Bpm="123.92" Metro="4/4" Battito="1" />
      <TEMPO Inizio="220.189" Bpm="123.92" Metro="4/4" Battito="4" />
      <TEMPO Inizio="249.239" Bpm="123.92" Metro="4/4" Battito="4" />
      <TEMPO Inizio="278.289" Bpm="123.92" Metro="4/4" Battito="4" />
      <TEMPO Inizio="312.665" Bpm="123.92" Metro="4/4" Battito="3" />
      <TEMPO Inizio="341.715" Bpm="123.92" Metro="4/4" Battito="3" />
      <TEMPO Inizio="370.765" Bpm="123.92" Metro="4/4" Battito="3" />
      <POSITION_MARK Name="" Type="0" Start="30.872" Num="-1" />
    </TRACK>
    <TRACK TrackID="158775201" Name="Eyes Contact (Original Mix)" Artist="Max Cohle" Composer="" Album="Focus" Grouping="" Genre="House/Deep/Tech/Spacey" Kind="AIFF File" Size="74940350" TotalTime="423" DiscNumber="0" TrackNumber="2" Year="2023" AverageBpm="128.00" DateAdded="2023-03-28" BitRate="1411" SampleRate="44100" Comments="8A - 6" PlayCount="2" Rating="0" Location="file://localhost/Users/zachvp/Music/DJ/17297085_Eyes_Contact_(Original_Mix).aiff" Remixer="" Tonality="8A" Label="Microdrive" Mix="">
      <TEMPO Inizio="0.117" Bpm="128.00" Metro="4/4" Battito="1" />
    </TRACK>
    <TRACK TrackID="11084878" Name="Night Cruise (Original Mix)" Artist="Berzingue" Composer="" Album="Night Cruise" Grouping="" Genre="House/Deep/Tech/Jazzy" Kind="AIFF File" Size="63553800" TotalTime="345" DiscNumber="0" TrackNumber="1" Year="2023" AverageBpm="123.00" DateAdded="2023-03-28" BitRate="1411" SampleRate="44100" Comments="11A - 5" PlayCount="1" Rating="0" Location="file://localhost/Users/zachvp/Music/DJ/17309083_Night_Cruise_(Original_Mix).aiff" Remixer="" Tonality="11A" Label="Pont Neuf Records" Mix="">
      <TEMPO Inizio="0.332" Bpm="123.00" Metro="4/4" Battito="4" />
    </TRACK>
    <TRACK TrackID="256135072" Name="Hoje (Extended Mix)" Artist="Gueds, bewav" Composer="" Album="Hoje" Grouping="" Genre="House/Tech/Groove" Kind="AIFF File" Size="63944866" TotalTime="359" DiscNumber="0" TrackNumber="1" Year="2023" AverageBpm="128.00" DateAdded="2023-03-28" BitRate="1411" SampleRate="44100" Comments="11A - 6" PlayCount="6" Rating="0" Location="file://localhost/Users/zachvp/Music/DJ/17310523_Hoje_(Extended_Mix).aiff" Remixer="" Tonality="11A" Label="Virgin Music Label And Artist Services (S&amp;D)" Mix="">
      <TEMPO Inizio="0.053" Bpm="128.00" Metro="4/4" Battito="1" />
    </TRACK>
    <TRACK TrackID="231052413" Name="On The Floor (Original Mix)" Artist="RILEY (UK)" Composer="" Album="Club Soul EP" Grouping="" Genre="House/Tech/Groove" Kind="AIFF File" Size="66895654" TotalTime="375" DiscNumber="0" TrackNumber="3" Year="2023" AverageBpm="128.00" DateAdded="2023-03-28" BitRate="1411" SampleRate="44100" Comments="3A - 6" PlayCount="3" Rating="0" Location="file://localhost/Users/zachvp/Music/DJ/17330344_On_The_Floor_(Original_Mix).aiff" Remixer="" Tonality="3A" Label="Deeperfect" Mix="">
      <TEMPO Inizio="0.081" Bpm="128.00" Metro="4/4" Battito="1" />
    </TRACK>
    <TRACK TrackID="155018837" Name="The Sky (Extended Mix)" Artist="Neverdogs" Composer="" Album="Revolution / The Sky" Grouping="" Genre="House/Tech/Groove" Kind="AIFF File" Size="76136348" TotalTime="429" DiscNumber="0" TrackNumber="2" Year="2023" AverageBpm="128.00" DateAdded="2023-03-28" BitRate="1411" SampleRate="44100" Comments="4A - 6" PlayCount="9" Rating="0" Location="file://localhost/Users/zachvp/Music/DJ/17344543_The_Sky_(Extended_Mix).aiff" Remixer="" Tonality="4A" Label="VIVa MUSiC" Mix="">
      <TEMPO Inizio="0.000" Bpm="128.00" Metro="4/4" Battito="4" />
      <POSITION_MARK Name="" Type="0" Start="292.969" Num="-1" />
      <POSITION_MARK Name="" Type="0" Start="352.965" Num="-1" />
      <POSITION_MARK Name="" Type="0" Start="0.470" Num="-1" />
    </TRACK>
    <TRACK TrackID="10610653" Name="Magellank (Original Mix)" Artist="Parsec (UK)" Composer="" Album="Magellank" Grouping="" Genre="House/Tech/Groove" Kind="AIFF File" Size="74307970" TotalTime="419" DiscNumber="0" TrackNumber="1" Year="2023" AverageBpm="130.00" DateAdded="2023-03-28" BitRate="1411" SampleRate="44100" Comments="8A - 6" PlayCount="6" Rating="0" Location="file://localhost/Users/zachvp/Music/DJ/17344686_Magellank_(Original_Mix).aiff" Remixer="" Tonality="8A" Label="Inermu" Mix="">
      <TEMPO Inizio="0.010" Bpm="130.00" Metro="4/4" Battito="1" />
      <POSITION_MARK Name="" Type="0" Start="29.544" Num="-1" />
      <POSITION_MARK Name="" Type="0" Start="88.624" Num="-1" />
    </TRACK>
    <TRACK TrackID="32111793" Name="Hip Hap Music (Original Mix)" Artist="BRTS" Composer="" Album="Roots Of Style" Grouping="" Genre="House/Tech/Groove" Kind="AIFF File" Size="60914782" TotalTime="343" DiscNumber="0" TrackNumber="1" Year="2023" AverageBpm="134.00" DateAdded="2023-03-28" BitRate="1411" SampleRate="44100" Comments="11B - 6" PlayCount="4" Rating="0" Location="file://localhost/Users/zachvp/Music/DJ/17345436_Hip_Hap_Music_(Original_Mix).aiff" Remixer="" Tonality="11B" Label="Hustler Trax" Mix="">
      <TEMPO Inizio="0.009" Bpm="134.00" Metro="4/4" Battito="1" />
      <POSITION_MARK Name="" Type="0" Start="42.975" Num="-1" />
      <POSITION_MARK Name="" Type="0" Start="229.260" Num="-1" />
      <POSITION_MARK Name="" Type="0" Start="243.602" Num="-1" />
    </TRACK>
    <TRACK TrackID="141141020" Name="You Know (Original Mix)" Artist="HOSSAM" Composer="" Album="You Know EP" Grouping="" Genre="House/Deep/Tech/" Kind="AIFF File" Size="73926820" TotalTime="418" DiscNumber="0" TrackNumber="1" Year="2023" AverageBpm="130.00" DateAdded="2023-03-28" BitRate="1411" SampleRate="44100" Comments="11A - 6" PlayCount="1" Rating="0" Location="file://localhost/Users/zachvp/Music/DJ/17345588_You_Know_(Original_Mix).aiff" Remixer="" Tonality="11A" Label="Reecords" Mix="">
      <TEMPO Inizio="0.000" Bpm="130.00" Metro="4/4" Battito="1" />
    </TRACK>
    <TRACK TrackID="248929023" Name="Just Show (Alma &amp; Mater Remix)" Artist="Popnoname" Composer="" Album="Horizons Remixes II" Grouping="" Genre="House/Deep/Tech/Spacey" Kind="AIFF File" Size="73673552" TotalTime="413" DiscNumber="0" TrackNumber="2" Year="2023" AverageBpm="122.00" DateAdded="2023-03-28" BitRate="1411" SampleRate="44100" Comments="6A - 6" PlayCount="1" Rating="0" Location="file://localhost/Users/zachvp/Music/DJ/17352588_Just_Show_(Alma_%26_Mater_Remix).aiff" Remixer="" Tonality="6A" Label="Feines Tier" Mix="">
      <TEMPO Inizio="0.200" Bpm="122.00" Metro="4/4" Battito="1" />
    </TRACK>
    <TRACK TrackID="42396418" Name="Music Control (Original Mix)" Artist="Matheo Velez" Composer="" Album="Turn up the Bass" Grouping="" Genre="House/Tech/Groove" Kind="AIFF File" Size="64636734" TotalTime="361" DiscNumber="0" TrackNumber="3" Year="2023" AverageBpm="130.00" DateAdded="2023-03-28" BitRate="1411" SampleRate="44100" Comments="5A - 7" PlayCount="4" Rating="0" Location="file://localhost/Users/zachvp/Music/DJ/17361279_Music_Control_(Original_Mix).aiff" Remixer="" Tonality="5A" Label="Inmotion Music" Mix="">
      <TEMPO Inizio="0.000" Bpm="130.00" Metro="4/4" Battito="1" />
    </TRACK>
    <TRACK TrackID="249437777" Name="AHYEE (Extended Mix)" Artist="Eddie Fowlkes" Composer="" Album="AHYEE / Blow" Grouping="" Genre="House/Deep/Tech/Jazzy" Kind="AIFF File" Size="55721848" TotalTime="313" DiscNumber="0" TrackNumber="1" Year="2023" AverageBpm="128.00" DateAdded="2023-03-28" BitRate="1411" SampleRate="44100" Comments="8A - 5" PlayCount="3" Rating="0" Location="file://localhost/Users/zachvp/Music/DJ/17400326_AHYEE_(Extended_Mix).aiff" Remixer="" Tonality="8A" Label="Classic Music Company" Mix="">
      <TEMPO Inizio="0.021" Bpm="128.00" Metro="4/4" Battito="1" />
    </TRACK>
    <TRACK TrackID="245530754" Name="Us and Them" Artist="Pink Floyd" Composer="Roger Waters, Richard Wright" Album="The Dark Side of the Moon" Grouping="" Genre="Lounge/" Kind="AIFF File" Size="83563322" TotalTime="472" DiscNumber="1" TrackNumber="7" Year="2021" AverageBpm="144.76" DateAdded="2023-03-31" BitRate="1411" SampleRate="44100" Comments="10B - 3" PlayCount="0" Rating="0" Location="file://localhost/Users/zachvp/Music/DJ/07%20Us%20and%20Them.aif" Remixer="" Tonality="10B" Label="" Mix="">
      <TEMPO Inizio="0.237" Bpm="144.76" Metro="4/4" Battito="3" />
      <TEMPO Inizio="0.652" Bpm="144.76" Metro="4/4" Battito="4" />
      <TEMPO Inizio="37.954" Bpm="144.76" Metro="4/4" Battito="2" />
      <TEMPO Inizio="84.789" Bpm="144.76" Metro="4/4" Battito="3" />
      <TEMPO Inizio="123.749" Bpm="144.76" Metro="4/4" Battito="1" />
      <TEMPO Inizio="162.709" Bpm="144.76" Metro="4/4" Battito="3" />
      <TEMPO Inizio="208.715" Bpm="144.76" Metro="4/4" Battito="2" />
      <TEMPO Inizio="255.550" Bpm="144.76" Metro="4/4" Battito="3" />
      <TEMPO Inizio="294.510" Bpm="144.76" Metro="4/4" Battito="1" />
      <TEMPO Inizio="333.470" Bpm="144.76" Metro="4/4" Battito="3" />
      <TEMPO Inizio="380.305" Bpm="144.76" Metro="4/4" Battito="4" />
      <TEMPO Inizio="419.265" Bpm="144.76" Metro="4/4" Battito="2" />
      <TEMPO Inizio="458.225" Bpm="144.76" Metro="4/4" Battito="4" />
      <TEMPO Inizio="458.640" Bpm="144.76" Metro="4/4" Battito="1" />
    </TRACK>
    <TRACK TrackID="53329350" Name="Hold On To Love (Micky More &amp; Andy Tee Remix Instrumental)" Artist="Sarah Jane Morris, Papik" Composer="" Album="Hold On To Love - Micky More &amp; Andy Tee Remix" Grouping="" Genre="Lounge/" Kind="AIFF File" Size="67578960" TotalTime="379" DiscNumber="0" TrackNumber="3" Year="2022" AverageBpm="99.00" DateAdded="2023-03-31" BitRate="1411" SampleRate="44100" Comments="11A - 6" PlayCount="5" Rating="0" Location="file://localhost/Users/zachvp/Music/DJ/16249488_Hold_On_To_Love_(Micky_More_%26_Andy_Tee_Remix_Instrumental).aiff" Remixer="" Tonality="11A" Label="Irma Records" Mix="">
      <TEMPO Inizio="0.049" Bpm="99.00" Metro="4/4" Battito="2" />
      <TEMPO Inizio="173.381" Bpm="99.00" Metro="4/4" Battito="4" />
      <TEMPO Inizio="173.988" Bpm="99.00" Metro="4/4" Battito="1" />
      <TEMPO Inizio="225.502" Bpm="99.00" Metro="4/4" Battito="2" />
      <TEMPO Inizio="226.109" Bpm="99.00" Metro="4/4" Battito="3" />
      <TEMPO Inizio="277.623" Bpm="99.00" Metro="4/4" Battito="4" />
      <TEMPO Inizio="278.230" Bpm="99.00" Metro="4/4" Battito="1" />
      <POSITION_MARK Name="" Type="0" Start="38.834" Num="-1" />
    </TRACK>
    <TRACK TrackID="75355819" Name="Roots Dub" Artist="The Deep Space Rhythm Section" Composer="" Album="New York 2 &quot;tha&quot; Bone" Grouping="" Genre="House/Deep/Tech/Breaks" Kind="MP3 File" Size="20829918" TotalTime="517" DiscNumber="1" TrackNumber="2" Year="2007" AverageBpm="124.15" DateAdded="2023-03-31" BitRate="320" SampleRate="44100" Comments="4A - 6" PlayCount="2" Rating="0" Location="file://localhost/Users/zachvp/Music/DJ/Leon%20Koronis_%20various%20artists%20-%2002.%20Roots%20Dub.mp3" Remixer="" Tonality="4A" Label="" Mix="">
      <TEMPO Inizio="0.051" Bpm="124.15" Metro="4/4" Battito="3" />
      <TEMPO Inizio="37.263" Bpm="124.15" Metro="4/4" Battito="4" />
      <TEMPO Inizio="64.326" Bpm="124.15" Metro="4/4" Battito="4" />
      <TEMPO Inizio="98.155" Bpm="124.15" Metro="4/4" Battito="2" />
      <TEMPO Inizio="128.601" Bpm="124.15" Metro="4/4" Battito="1" />
      <TEMPO Inizio="159.047" Bpm="124.15" Metro="4/4" Battito="4" />
      <TEMPO Inizio="189.493" Bpm="124.15" Metro="4/4" Battito="3" />
      <TEMPO Inizio="223.322" Bpm="124.15" Metro="4/4" Battito="1" />
      <TEMPO Inizio="253.768" Bpm="124.15" Metro="4/4" Battito="4" />
      <TEMPO Inizio="284.214" Bpm="124.15" Metro="4/4" Battito="3" />
      <TEMPO Inizio="314.660" Bpm="124.15" Metro="4/4" Battito="2" />
      <TEMPO Inizio="348.489" Bpm="124.15" Metro="4/4" Battito="4" />
      <TEMPO Inizio="378.935" Bpm="124.15" Metro="4/4" Battito="3" />
      <TEMPO Inizio="409.381" Bpm="124.15" Metro="4/4" Battito="2" />
      <TEMPO Inizio="443.210" Bpm="124.15" Metro="4/4" Battito="4" />
      <TEMPO Inizio="473.656" Bpm="124.15" Metro="4/4" Battito="3" />
      <TEMPO Inizio="504.102" Bpm="124.15" Metro="4/4" Battito="2" />
    </TRACK>
    <TRACK TrackID="16991190" Name="Tuka" Artist="Amor Satyr &amp; Same O" Composer="" Album="Amor Satyr - Vuk Vuk EP" Grouping="" Genre="House/Tech/Breaks" Kind="AIFF File" Size="93782988" TotalTime="353" DiscNumber="0" TrackNumber="2" Year="2023" AverageBpm="155.00" DateAdded="2023-03-31" BitRate="2116" SampleRate="44100" Comments="12A - 6" PlayCount="0" Rating="0" Location="file://localhost/Users/zachvp/Music/DJ/Amor%20Satyr%20%26%20Same%20O%20-%20Amor%20Satyr%20-%20Vuk%20Vuk%20EP%20-%2002%20Tuka.aiff" Remixer="" Tonality="12A" Label="" Mix="">
      <TEMPO Inizio="0.009" Bpm="155.00" Metro="4/4" Battito="3" />
      <TEMPO Inizio="1.558" Bpm="155.00" Metro="4/4" Battito="3" />
      <TEMPO Inizio="337.557" Bpm="155.00" Metro="4/4" Battito="3" />
    </TRACK>
    <TRACK TrackID="215128131" Name="Forever (Original Mix)" Artist="Eddie Fowlkes" Composer="" Album="Forever EP" Grouping="" Genre="House/Tech/Groove" Kind="AIFF File" Size="58676928" TotalTime="329" DiscNumber="0" TrackNumber="1" Year="2023" AverageBpm="129.00" DateAdded="2023-03-31" BitRate="1411" SampleRate="44100" Comments="9A - 6" PlayCount="5" Rating="0" Location="file://localhost/Users/zachvp/Music/DJ/17471099_Forever_(Original_Mix).aiff" Remixer="" Tonality="9A" Label="Rekids" Mix="">
      <TEMPO Inizio="0.003" Bpm="129.00" Metro="4/4" Battito="1" />
      <TEMPO Inizio="21.864" Bpm="129.00" Metro="4/4" Battito="4" />
      <TEMPO Inizio="51.632" Bpm="129.00" Metro="4/4" Battito="4" />
      <TEMPO Inizio="81.400" Bpm="129.00" Metro="4/4" Battito="4" />
      <TEMPO Inizio="115.354" Bpm="129.00" Metro="4/4" Battito="1" />
      <TEMPO Inizio="145.122" Bpm="129.00" Metro="4/4" Battito="1" />
      <TEMPO Inizio="174.890" Bpm="129.00" Metro="4/4" Battito="1" />
      <TEMPO Inizio="204.658" Bpm="129.00" Metro="4/4" Battito="1" />
      <TEMPO Inizio="234.426" Bpm="129.00" Metro="4/4" Battito="1" />
      <TEMPO Inizio="264.194" Bpm="129.00" Metro="4/4" Battito="1" />
      <TEMPO Inizio="298.148" Bpm="129.00" Metro="4/4" Battito="2" />
      <TEMPO Inizio="327.916" Bpm="129.00" Metro="4/4" Battito="2" />
      <POSITION_MARK Name="" Type="0" Start="44.636" Num="-1" />
      <POSITION_MARK Name="" Type="0" Start="223.256" Num="-1" />
    </TRACK>
    <TRACK TrackID="240552044" Name="Aura (Planetary Assault Systems Remix)" Artist="Alan Fitzpatrick" Composer="" Album="Aura / Distance (Remixes)" Grouping="" Genre="House/Techno/Hype" Kind="AIFF File" Size="76562904" TotalTime="426" DiscNumber="0" TrackNumber="1" Year="2023" AverageBpm="138.00" DateAdded="2023-03-31" BitRate="1411" SampleRate="44100" Comments="5A - 6" PlayCount="0" Rating="0" Location="file://localhost/Users/zachvp/Music/DJ/17379459_Aura_(Planetary_Assault_Systems_Remix).aiff" Remixer="" Tonality="5A" Label="We Are The Brave" Mix="">
      <TEMPO Inizio="0.008" Bpm="138.00" Metro="4/4" Battito="1" />
    </TRACK>
    <TRACK TrackID="134673693" Name="You Got What It Takes (Instrumental)" Artist="Bobby Thurston" Composer="" Album="You Got What It Takes (The Reflex Revision)" Grouping="" Genre="House/Tech/Indie/Disco" Kind="AIFF File" Size="82704862" TotalTime="462" DiscNumber="0" TrackNumber="3" Year="2023" AverageBpm="119.66" DateAdded="2023-03-31" BitRate="1411" SampleRate="44100" Comments="1A - 7" PlayCount="2" Rating="0" Location="file://localhost/Users/zachvp/Music/DJ/17348533_You_Got_What_It_Takes_(Instrumental).aiff" Remixer="" Tonality="1A" Label="Unidisc Music" Mix="">
      <TEMPO Inizio="0.418" Bpm="119.66" Metro="4/4" Battito="3" />
      <TEMPO Inizio="4.430" Bpm="119.66" Metro="4/4" Battito="3" />
      <TEMPO Inizio="20.476" Bpm="119.66" Metro="4/4" Battito="3" />
      <TEMPO Inizio="36.522" Bpm="119.66" Metro="4/4" Battito="3" />
      <TEMPO Inizio="52.568" Bpm="119.66" Metro="4/4" Battito="3" />
      <TEMPO Inizio="72.124" Bpm="119.66" Metro="4/4" Battito="2" />
      <TEMPO Inizio="88.170" Bpm="119.66" Metro="4/4" Battito="2" />
      <TEMPO Inizio="104.216" Bpm="119.66" Metro="4/4" Battito="2" />
      <TEMPO Inizio="120.262" Bpm="119.66" Metro="4/4" Battito="2" />
      <TEMPO Inizio="136.308" Bpm="119.66" Metro="4/4" Battito="2" />
      <TEMPO Inizio="152.354" Bpm="119.66" Metro="4/4" Battito="2" />
      <TEMPO Inizio="168.400" Bpm="119.66" Metro="4/4" Battito="2" />
      <TEMPO Inizio="184.446" Bpm="119.66" Metro="4/4" Battito="2" />
      <TEMPO Inizio="200.492" Bpm="119.66" Metro="4/4" Battito="2" />
      <TEMPO Inizio="220.048" Bpm="119.66" Metro="4/4" Battito="1" />
      <TEMPO Inizio="236.094" Bpm="119.66" Metro="4/4" Battito="1" />
      <TEMPO Inizio="252.140" Bpm="119.66" Metro="4/4" Battito="1" />
      <TEMPO Inizio="268.186" Bpm="119.66" Metro="4/4" Battito="1" />
      <TEMPO Inizio="284.232" Bpm="119.66" Metro="4/4" Battito="1" />
      <TEMPO Inizio="300.278" Bpm="119.66" Metro="4/4" Battito="1" />
      <TEMPO Inizio="316.324" Bpm="119.66" Metro="4/4" Battito="1" />
      <TEMPO Inizio="332.370" Bpm="119.66" Metro="4/4" Battito="1" />
      <TEMPO Inizio="351.926" Bpm="119.66" Metro="4/4" Battito="4" />
      <TEMPO Inizio="367.972" Bpm="119.66" Metro="4/4" Battito="4" />
      <TEMPO Inizio="384.018" Bpm="119.66" Metro="4/4" Battito="4" />
      <TEMPO Inizio="400.064" Bpm="119.66" Metro="4/4" Battito="4" />
      <TEMPO Inizio="416.110" Bpm="119.66" Metro="4/4" Battito="4" />
      <TEMPO Inizio="432.156" Bpm="119.66" Metro="4/4" Battito="4" />
      <TEMPO Inizio="448.202" Bpm="119.66" Metro="4/4" Battito="4" />
      <POSITION_MARK Name="" Type="0" Start="1.421" Num="-1" />
      <POSITION_MARK Name="" Type="0" Start="227.516" Num="-1" />
    </TRACK>
    <TRACK TrackID="168835705" Name="Look At The Sky (Original Mix)" Artist="Eddy M" Composer="" Album="Look At The Sky" Grouping="" Genre="House/Tech/Groove" Kind="AIFF File" Size="59143338" TotalTime="333" DiscNumber="0" TrackNumber="1" Year="2023" AverageBpm="128.00" DateAdded="2023-03-31" BitRate="1411" SampleRate="44100" Comments="3A - 5" PlayCount="1" Rating="0" Location="file://localhost/Users/zachvp/Music/DJ/17344534_Look_At_The_Sky_(Original_Mix).aiff" Remixer="" Tonality="3A" Label="MUSE" Mix="">
      <TEMPO Inizio="0.468" Bpm="128.00" Metro="4/4" Battito="2" />
    </TRACK>
    <TRACK TrackID="221713710" Name="You Found Me" Artist="Animist, Chubz &amp; Nukem" Composer="" Album="Animist - Sandman" Grouping="" Genre="House/Deep/Tech/Jazzy" Kind="AIFF File" Size="107973704" TotalTime="407" DiscNumber="0" TrackNumber="3" Year="2023" AverageBpm="126.00" DateAdded="2023-04-03" BitRate="2116" SampleRate="44100" Comments="8A - 6" PlayCount="0" Rating="0" Location="file://localhost/Users/zachvp/Music/DJ/Robsoul%20Recordings%20-%20Animist%20-%20Sandman%20-%2003%20You%20Found%20Me%20-%20Animist,%20Chubz%20%26%20Nukem.aiff" Remixer="" Tonality="8A" Label="" Mix="">
      <TEMPO Inizio="0.088" Bpm="126.00" Metro="4/4" Battito="1" />
      <TEMPO Inizio="36.279" Bpm="126.00" Metro="4/4" Battito="1" />
    </TRACK>
    <TRACK TrackID="115489950" Name="All Part Of The Plan (Original Mix)" Artist="Darren Marshall, James Juke" Composer="" Album="All Part Of The Plan" Grouping="" Genre="House/Deep/Tech/Jazzy" Kind="AIFF File" Size="63871326" TotalTime="360" DiscNumber="0" TrackNumber="1" Year="2023" AverageBpm="128.00" DateAdded="2023-04-03" BitRate="1411" SampleRate="44100" Comments="11A - 6" PlayCount="1" Rating="0" Location="file://localhost/Users/zachvp/Music/DJ/17346075_All_Part_Of_The_Plan_(Original_Mix).aiff" Remixer="" Tonality="11A" Label="Jack City Records" Mix="">
      <TEMPO Inizio="0.001" Bpm="128.00" Metro="4/4" Battito="1" />
    </TRACK>
    <TRACK TrackID="20018691" Name="Rave Pt. 2" Artist="Alex Bau" Composer="" Album="Rave Series Part 2" Grouping="" Genre="House/Techno/Hype" Kind="AIFF File" Size="73406184" TotalTime="415" DiscNumber="0" TrackNumber="1" Year="2023" AverageBpm="135.00" DateAdded="2023-04-27" BitRate="1411" SampleRate="44100" Comments="4A - 7" PlayCount="0" Rating="0" Location="file://localhost/Users/zachvp/Music/DJ/Alex%20Bau%20-%20Rave%20Pt.%202.aiff" Remixer="" Tonality="4A" Label="" Mix="">
      <TEMPO Inizio="0.005" Bpm="135.00" Metro="4/4" Battito="1" />
    </TRACK>
    <TRACK TrackID="39670031" Name="Insularum" Artist="Jancen" Composer="" Album="11th Hour" Grouping="" Genre="House/Techno/" Kind="AIFF File" Size="59119204" TotalTime="334" DiscNumber="0" TrackNumber="2" Year="2023" AverageBpm="138.00" DateAdded="2023-04-27" BitRate="1411" SampleRate="44100" Comments="1A - 5" PlayCount="0" Rating="0" Location="file://localhost/Users/zachvp/Music/DJ/Jancen%20-%20Insularum.aiff" Remixer="" Tonality="1A" Label="" Mix="">
      <TEMPO Inizio="0.005" Bpm="138.00" Metro="4/4" Battito="1" />
    </TRACK>
    <TRACK TrackID="50615478" Name="U" Artist="MTEUS" Composer="" Album="11th Hour" Grouping="" Genre="House/Techno/" Kind="AIFF File" Size="77700052" TotalTime="439" DiscNumber="0" TrackNumber="3" Year="2023" AverageBpm="139.99" DateAdded="2023-04-27" BitRate="1411" SampleRate="44100" Comments="9A - 6" PlayCount="1" Rating="0" Location="file://localhost/Users/zachvp/Music/DJ/MTEUS%20-%20U.aiff" Remixer="" Tonality="9A" Label="" Mix="">
      <TEMPO Inizio="0.021" Bpm="139.99" Metro="4/4" Battito="1" />
    </TRACK>
    <TRACK TrackID="54511532" Name="Space Traxx" Artist="MoMA Ready" Composer="" Album="Faith In Us" Grouping="" Genre="House/Deep/Tech/Spacey" Kind="AIFF File" Size="69397078" TotalTime="392" DiscNumber="0" TrackNumber="3" Year="2023" AverageBpm="135.00" DateAdded="2023-04-27" BitRate="1411" SampleRate="44100" Comments="6A - 6" PlayCount="1" Rating="0" Location="file://localhost/Users/zachvp/Music/DJ/MoMA%20Ready%20-%20Faith%20In%20Us%20-%2003%20Space%20Traxx.aiff" Remixer="" Tonality="6A" Label="" Mix="">
      <TEMPO Inizio="0.000" Bpm="135.00" Metro="4/4" Battito="1" />
      <TEMPO Inizio="224.445" Bpm="135.00" Metro="4/4" Battito="2" />
    </TRACK>
    <TRACK TrackID="140545657" Name="A Graceful Landing" Artist="MoMA Ready" Composer="" Album="Faith In Us" Grouping="" Genre="House/Deep/Tech/Spacey" Kind="AIFF File" Size="55594194" TotalTime="314" DiscNumber="0" TrackNumber="1" Year="2023" AverageBpm="135.00" DateAdded="2023-04-27" BitRate="1411" SampleRate="44100" Comments="10A - 6" PlayCount="1" Rating="0" Location="file://localhost/Users/zachvp/Music/DJ/MoMA%20Ready%20-%20Faith%20In%20Us%20-%2001%20A%20Graceful%20Landing.aiff" Remixer="" Tonality="10A" Label="" Mix="">
      <TEMPO Inizio="0.003" Bpm="135.00" Metro="4/4" Battito="1" />
    </TRACK>
    <TRACK TrackID="91728213" Name="That Brooklyn Track" Artist="MoMA Ready" Composer="" Album="Faith In Us" Grouping="" Genre="House/Deep/Tech/Spacey" Kind="AIFF File" Size="53398250" TotalTime="302" DiscNumber="0" TrackNumber="2" Year="2023" AverageBpm="135.00" DateAdded="2023-04-27" BitRate="1411" SampleRate="44100" Comments="11A - 6" PlayCount="1" Rating="0" Location="file://localhost/Users/zachvp/Music/DJ/MoMA%20Ready%20-%20Faith%20In%20Us%20-%2002%20That%20Brooklyn%20Track.aiff" Remixer="" Tonality="11A" Label="" Mix="">
      <TEMPO Inizio="0.004" Bpm="135.00" Metro="4/4" Battito="1" />
      <POSITION_MARK Name="" Type="0" Start="28.432" Num="-1" />
    </TRACK>
    <TRACK TrackID="199891413" Name="Myrtle Ave UFO (Take Me With You)" Artist="MoMA Ready" Composer="" Album="Faith In Us" Grouping="" Genre="House/Deep/Tech/Spacey" Kind="AIFF File" Size="63436780" TotalTime="359" DiscNumber="0" TrackNumber="4" Year="2023" AverageBpm="135.00" DateAdded="2023-04-27" BitRate="1411" SampleRate="44100" Comments="4A - 5" PlayCount="3" Rating="0" Location="file://localhost/Users/zachvp/Music/DJ/MoMA%20Ready%20-%20Faith%20In%20Us%20-%2004%20Myrtle%20Ave%20UFO%20(Take%20Me%20With%20You).aiff" Remixer="" Tonality="4A" Label="" Mix="">
      <TEMPO Inizio="0.001" Bpm="135.00" Metro="4/4" Battito="1" />
      <TEMPO Inizio="0.446" Bpm="135.00" Metro="4/4" Battito="2" />
    </TRACK>
    <TRACK TrackID="188127276" Name="Bushwick Bop" Artist="MoMA Ready" Composer="" Album="Faith In Us" Grouping="" Genre="House/Deep/Tech/Spacey" Kind="AIFF File" Size="60569356" TotalTime="342" DiscNumber="0" TrackNumber="5" Year="2023" AverageBpm="140.00" DateAdded="2023-04-27" BitRate="1411" SampleRate="44100" Comments="1A - 5" PlayCount="2" Rating="0" Location="file://localhost/Users/zachvp/Music/DJ/MoMA%20Ready%20-%20Faith%20In%20Us%20-%2005%20Bushwick%20Bop.aiff" Remixer="" Tonality="1A" Label="" Mix="">
      <TEMPO Inizio="0.000" Bpm="140.00" Metro="4/4" Battito="1" />
    </TRACK>
    <TRACK TrackID="43793217" Name="Faith In Us" Artist="MoMA Ready" Composer="" Album="Faith In Us" Grouping="" Genre="House/Deep/Tech/Spacey" Kind="AIFF File" Size="60569338" TotalTime="342" DiscNumber="0" TrackNumber="7" Year="2023" AverageBpm="140.00" DateAdded="2023-04-27" BitRate="1411" SampleRate="44100" Comments="9A - 6" PlayCount="1" Rating="0" Location="file://localhost/Users/zachvp/Music/DJ/MoMA%20Ready%20-%20Faith%20In%20Us%20-%2007%20Faith%20In%20Us.aiff" Remixer="" Tonality="9A" Label="" Mix="">
      <TEMPO Inizio="0.107" Bpm="140.00" Metro="4/4" Battito="1" />
    </TRACK>
    <TRACK TrackID="264147912" Name="Move For Me" Artist="MoMA Ready" Composer="" Album="Faith In Us" Grouping="" Genre="House/Deep/Tech/Spacey" Kind="AIFF File" Size="51191806" TotalTime="289" DiscNumber="0" TrackNumber="8" Year="2023" AverageBpm="140.00" DateAdded="2023-04-27" BitRate="1411" SampleRate="44100" Comments="5A - 6" PlayCount="1" Rating="0" Location="file://localhost/Users/zachvp/Music/DJ/MoMA%20Ready%20-%20Faith%20In%20Us%20-%2008%20Move%20For%20Me.aiff" Remixer="" Tonality="5A" Label="" Mix="">
      <TEMPO Inizio="0.002" Bpm="140.00" Metro="4/4" Battito="1" />
    </TRACK>
    <TRACK TrackID="167029225" Name="Involved" Artist="MoMA Ready" Composer="" Album="Faith In Us" Grouping="" Genre="House/Deep/Tech/Spacey" Kind="AIFF File" Size="66014376" TotalTime="373" DiscNumber="0" TrackNumber="9" Year="2023" AverageBpm="140.00" DateAdded="2023-04-27" BitRate="1411" SampleRate="44100" Comments="11A - 5" PlayCount="1" Rating="0" Location="file://localhost/Users/zachvp/Music/DJ/MoMA%20Ready%20-%20Faith%20In%20Us%20-%2009%20Involved.aiff" Remixer="" Tonality="11A" Label="" Mix="">
      <TEMPO Inizio="0.002" Bpm="140.00" Metro="4/4" Battito="1" />
    </TRACK>
    <TRACK TrackID="96248528" Name="The Yo" Artist="MoMA Ready" Composer="" Album="Faith In Us" Grouping="" Genre="House/Deep/Tech/Spacey" Kind="AIFF File" Size="46200458" TotalTime="261" DiscNumber="0" TrackNumber="10" Year="2023" AverageBpm="140.00" DateAdded="2023-04-27" BitRate="1411" SampleRate="44100" Comments="3A - 6" PlayCount="2" Rating="0" Location="file://localhost/Users/zachvp/Music/DJ/MoMA%20Ready%20-%20Faith%20In%20Us%20-%2010%20The%20Yo.aiff" Remixer="" Tonality="3A" Label="" Mix="">
      <TEMPO Inizio="0.003" Bpm="140.00" Metro="4/4" Battito="1" />
    </TRACK>
    <TRACK TrackID="47120140" Name="Elevated (Original Mix)" Artist="Janeret" Composer="" Album="Quasar" Grouping="" Genre="House/Deep/Tech/" Kind="AIFF File" Size="78885946" TotalTime="442" DiscNumber="0" TrackNumber="2" Year="2023" AverageBpm="129.00" DateAdded="2023-04-27" BitRate="1411" SampleRate="44100" Comments="6A - 6" PlayCount="7" Rating="0" Location="file://localhost/Users/zachvp/Music/DJ/17114427_Elevated_(Original_Mix).aiff" Remixer="" Tonality="6A" Label="Fuse London" Mix="">
      <TEMPO Inizio="0.132" Bpm="129.00" Metro="4/4" Battito="1" />
      <TEMPO Inizio="0.598" Bpm="129.00" Metro="4/4" Battito="2" />
      <POSITION_MARK Name="" Type="0" Start="238.289" Num="-1" />
      <POSITION_MARK Name="" Type="0" Start="387.100" Num="-1" />
    </TRACK>
    <TRACK TrackID="49932491" Name="Sected Phase (Original Mix)" Artist="Marco Effe" Composer="" Album="Derived Synthesis EP" Grouping="" Genre="House/Techno/Acid" Kind="AIFF File" Size="52289436" TotalTime="293" DiscNumber="0" TrackNumber="4" Year="2023" AverageBpm="138.00" DateAdded="2023-04-27" BitRate="1411" SampleRate="44100" Comments="4A - 6" PlayCount="0" Rating="0" Location="file://localhost/Users/zachvp/Music/DJ/17311413_Sected_Phase_(Original_Mix).aiff" Remixer="" Tonality="4A" Label="Planet Rhythm" Mix="">
      <TEMPO Inizio="0.006" Bpm="138.00" Metro="4/4" Battito="1" />
    </TRACK>
    <TRACK TrackID="122918768" Name="Spire (Original Mix)" Artist="Janeret" Composer="" Album="Quasar" Grouping="" Genre="House/Deep/Tech/Spacey" Kind="AIFF File" Size="76705250" TotalTime="430" DiscNumber="0" TrackNumber="3" Year="2023" AverageBpm="126.00" DateAdded="2023-04-27" BitRate="1411" SampleRate="44100" Comments="12B - 6" PlayCount="3" Rating="0" Location="file://localhost/Users/zachvp/Music/DJ/17114428_Spire_(Original_Mix).aiff" Remixer="" Tonality="12B" Label="Fuse London" Mix="">
      <TEMPO Inizio="0.093" Bpm="126.00" Metro="4/4" Battito="1" />
      <TEMPO Inizio="0.570" Bpm="126.00" Metro="4/4" Battito="2" />
      <TEMPO Inizio="385.807" Bpm="126.00" Metro="4/4" Battito="3" />
    </TRACK>
    <TRACK TrackID="204142793" Name="Personal Question (Original Mix)" Artist="Bontan" Composer="" Album="The First Time" Grouping="" Genre="House/Deep/Tech/" Kind="AIFF File" Size="67690580" TotalTime="381" DiscNumber="0" TrackNumber="2" Year="2017" AverageBpm="125.00" DateAdded="2023-04-27" BitRate="1411" SampleRate="44100" Comments="1A - 6" PlayCount="5" Rating="0" Location="file://localhost/Users/zachvp/Music/DJ/9103475_Personal_Question_(Original_Mix).aiff" Remixer="" Tonality="1A" Label="Hot Creations" Mix="">
      <TEMPO Inizio="0.479" Bpm="125.00" Metro="4/4" Battito="2" />
      <TEMPO Inizio="86.880" Bpm="125.00" Metro="4/4" Battito="2" />
      <TEMPO Inizio="318.241" Bpm="125.00" Metro="4/4" Battito="4" />
    </TRACK>
    <TRACK TrackID="35338933" Name="Rain (Gerd Janson Extended Remix)" Artist="MOAT" Composer="" Album="Armada Electronic Elements, 2023 - Extended Versions" Grouping="" Genre="House/Tech/Indie/Retro" Kind="AIFF File" Size="67569174" TotalTime="377" DiscNumber="0" TrackNumber="23" Year="2023" AverageBpm="124.00" DateAdded="2023-04-27" BitRate="1411" SampleRate="44100" Comments="7A - 6" PlayCount="5" Rating="0" Location="file://localhost/Users/zachvp/Music/DJ/17407427_Rain_(Gerd_Janson_Extended_Remix).aiff" Remixer="" Tonality="7A" Label="Armada Electronic Elements" Mix="">
      <TEMPO Inizio="0.201" Bpm="124.00" Metro="4/4" Battito="3" />
      <POSITION_MARK Name="" Type="0" Start="4.074" Num="-1" />
    </TRACK>
    <TRACK TrackID="89445535" Name="Antisocial Disorder (Original Mix)" Artist="Stanny Abram" Composer="" Album="Nothing But... Electro Vibes, Vol. 19" Grouping="" Genre="House/Tech/Indie/Retro" Kind="AIFF File" Size="64718512" TotalTime="357" DiscNumber="0" TrackNumber="5" Year="2023" AverageBpm="130.00" DateAdded="2023-04-27" BitRate="1411" SampleRate="44100" Comments="7A - 5" PlayCount="0" Rating="0" Location="file://localhost/Users/zachvp/Music/DJ/17532067_Antisocial_Disorder_(Original_Mix).aiff" Remixer="" Tonality="7A" Label="Nothing But" Mix="">
      <TEMPO Inizio="0.001" Bpm="130.00" Metro="4/4" Battito="1" />
    </TRACK>
    <TRACK TrackID="248471148" Name="Nothing Left To Lose (Four Tet Instrumental)" Artist="Everything But The Girl" Composer="" Album="Nothing Left To Lose" Grouping="" Genre="House/Tech/Indie/" Kind="AIFF File" Size="50420884" TotalTime="273" DiscNumber="0" TrackNumber="2" Year="2023" AverageBpm="128.00" DateAdded="2023-04-27" BitRate="1411" SampleRate="44100" Comments="3A - 7" PlayCount="1" Rating="0" Location="file://localhost/Users/zachvp/Music/DJ/17564252_Nothing_Left_To_Lose_(Four_Tet_Instrumental).aiff" Remixer="" Tonality="3A" Label="Buzzin' Fly Records, under exclusive license to Virgin Music Group" Mix="">
      <TEMPO Inizio="0.018" Bpm="128.00" Metro="4/4" Battito="1" />
    </TRACK>
    <TRACK TrackID="227252432" Name="Take You Higher (Original Mix)" Artist="Demarzo" Composer="" Album="Take You Higher EP" Grouping="" Genre="House/Deep/Tech/" Kind="AIFF File" Size="70762480" TotalTime="396" DiscNumber="0" TrackNumber="1" Year="2023" AverageBpm="127.00" DateAdded="2023-04-27" BitRate="1411" SampleRate="44100" Comments="11A - 5" PlayCount="4" Rating="0" Location="file://localhost/Users/zachvp/Music/DJ/17531505_Take_You_Higher_(Original_Mix).aiff" Remixer="" Tonality="11A" Label="Deeperfect" Mix="">
      <TEMPO Inizio="0.083" Bpm="127.00" Metro="4/4" Battito="1" />
      <POSITION_MARK Name="" Type="0" Start="0.073" Num="-1" />
    </TRACK>
    <TRACK TrackID="111836395" Name="Wild Life (Disco Mix)" Artist="Radio Slave" Composer="" Album="Wild Life" Grouping="" Genre="House/Deep/Tech/Jazzy" Kind="AIFF File" Size="119121336" TotalTime="669" DiscNumber="0" TrackNumber="1" Year="2023" AverageBpm="126.00" DateAdded="2023-04-27" BitRate="1411" SampleRate="44100" Comments="10A - 6" PlayCount="5" Rating="0" Location="file://localhost/Users/zachvp/Music/DJ/17515417_Wild_Life_(Disco_Mix).aiff" Remixer="" Tonality="10A" Label="Rekids" Mix="">
      <TEMPO Inizio="0.009" Bpm="126.00" Metro="4/4" Battito="1" />
      <TEMPO Inizio="0.962" Bpm="126.00" Metro="4/4" Battito="3" />
      <POSITION_MARK Name="" Type="0" Start="30.469" Num="-1" />
      <POSITION_MARK Name="" Type="0" Start="60.963" Num="-1" />
    </TRACK>
    <TRACK TrackID="159125510" Name="On My Face (Original Mix)" Artist="Carlo Lio" Composer="" Album="Bailando" Grouping="" Genre="House/Tech/Groove" Kind="AIFF File" Size="67018188" TotalTime="370" DiscNumber="0" TrackNumber="2" Year="2023" AverageBpm="131.00" DateAdded="2023-04-27" BitRate="1411" SampleRate="44100" Comments="4A - 6" PlayCount="2" Rating="0" Location="file://localhost/Users/zachvp/Music/DJ/17514461_On_My_Face_(Original_Mix).aiff" Remixer="" Tonality="4A" Label="BANDIDOS" Mix="">
      <TEMPO Inizio="0.004" Bpm="131.00" Metro="4/4" Battito="1" />
      <TEMPO Inizio="42.600" Bpm="131.00" Metro="4/4" Battito="2" />
      <TEMPO Inizio="43.057" Bpm="131.00" Metro="4/4" Battito="3" />
      <TEMPO Inizio="43.516" Bpm="131.00" Metro="4/4" Battito="4" />
      <TEMPO Inizio="236.799" Bpm="131.00" Metro="4/4" Battito="2" />
      <TEMPO Inizio="237.256" Bpm="131.00" Metro="4/4" Battito="3" />
      <TEMPO Inizio="237.715" Bpm="131.00" Metro="4/4" Battito="4" />
      <POSITION_MARK Name="" Type="0" Start="131.912" Num="-1" />
      <POSITION_MARK Name="" Type="0" Start="161.205" Num="-1" />
      <POSITION_MARK Name="" Type="0" Start="219.871" Num="-1" />
      <POSITION_MARK Name="" Type="0" Start="73.285" Num="-1" />
      <POSITION_MARK Name="" Type="0" Start="307.790" Num="-1" />
      <POSITION_MARK Name="" Type="0" Start="249.154" Num="-1" />
    </TRACK>
    <TRACK TrackID="245426178" Name="Summer Song (Original Mix)" Artist="Barney Osborn" Composer="" Album="Summer Song" Grouping="" Genre="House/Deep/Tech/Jazzy" Kind="AIFF File" Size="69875970" TotalTime="388" DiscNumber="0" TrackNumber="1" Year="2023" AverageBpm="126.00" DateAdded="2023-04-27" BitRate="1411" SampleRate="44100" Comments="5A - 6" PlayCount="2" Rating="0" Location="file://localhost/Users/zachvp/Music/DJ/17508452_Summer_Song_(Original_Mix).aiff" Remixer="" Tonality="5A" Label="Purveyor Underground" Mix="">
      <TEMPO Inizio="0.001" Bpm="126.00" Metro="4/4" Battito="1" />
      <TEMPO Inizio="0.478" Bpm="126.00" Metro="4/4" Battito="2" />
    </TRACK>
    <TRACK TrackID="86903919" Name="In Your Mind (Original Mix)" Artist="Mateo Dufour" Composer="" Album="Inside the Game" Grouping="" Genre="House/Deep/Tech/" Kind="AIFF File" Size="72832190" TotalTime="411" DiscNumber="0" TrackNumber="3" Year="2023" AverageBpm="128.00" DateAdded="2023-04-27" BitRate="1411" SampleRate="44100" Comments="9A - 6" PlayCount="5" Rating="0" Location="file://localhost/Users/zachvp/Music/DJ/17506578_In_Your_Mind_(Original_Mix).aiff" Remixer="" Tonality="9A" Label="Djebali" Mix="">
      <TEMPO Inizio="0.173" Bpm="128.00" Metro="4/4" Battito="1" />
    </TRACK>
    <TRACK TrackID="55156676" Name="Ground Check (Caliti Remix)" Artist="Geco" Composer="" Album="Ground Check" Grouping="" Genre="House/Tech/Groove" Kind="AIFF File" Size="81847104" TotalTime="463" DiscNumber="0" TrackNumber="2" Year="2023" AverageBpm="126.00" DateAdded="2023-04-27" BitRate="1411" SampleRate="44100" Comments="6A - 5" PlayCount="4" Rating="0" Location="file://localhost/Users/zachvp/Music/DJ/17491903_Ground_Check_(Caliti_Remix).aiff" Remixer="" Tonality="6A" Label="Interfonic" Mix="">
      <TEMPO Inizio="0.064" Bpm="126.00" Metro="4/4" Battito="1" />
      <POSITION_MARK Name="" Type="0" Start="61.020" Num="-1" />
      <POSITION_MARK Name="" Type="0" Start="365.774" Num="-1" />
    </TRACK>
    <TRACK TrackID="33089314" Name="You must Pay (Original Mix)" Artist="Demuir" Composer="" Album="Return to Paris" Grouping="" Genre="House/Deep/Tech/Jazzy" Kind="AIFF File" Size="69572846" TotalTime="390" DiscNumber="0" TrackNumber="2" Year="2023" AverageBpm="126.00" DateAdded="2023-04-27" BitRate="1411" SampleRate="44100" Comments="9A - 6" PlayCount="5" Rating="0" Location="file://localhost/Users/zachvp/Music/DJ/17487980_You_must_Pay_(Original_Mix).aiff" Remixer="" Tonality="9A" Label="Frappé" Mix="">
      <TEMPO Inizio="0.100" Bpm="126.00" Metro="4/4" Battito="1" />
      <TEMPO Inizio="0.577" Bpm="126.00" Metro="4/4" Battito="2" />
      <TEMPO Inizio="236.768" Bpm="126.00" Metro="4/4" Battito="2" />
      <POSITION_MARK Name="" Type="0" Start="30.570" Num="-1" />
    </TRACK>
    <TRACK TrackID="210472868" Name="Pvssy feat. DEEVIOUS (Original Mix)" Artist="Boys Noize, Pilo" Composer="" Album="Pvssy" Grouping="" Genre="House/Tech/Breaks" Kind="AIFF File" Size="33594962" TotalTime="188" DiscNumber="0" TrackNumber="1" Year="2023" AverageBpm="134.00" DateAdded="2023-04-27" BitRate="1411" SampleRate="44100" Comments="4A - 7" PlayCount="2" Rating="0" Location="file://localhost/Users/zachvp/Music/DJ/17480668_Pvssy_(Original_Mix).aiff" Remixer="" Tonality="4A" Label="Boysnoize Records" Mix="">
      <TEMPO Inizio="0.028" Bpm="134.00" Metro="4/4" Battito="1" />
      <POSITION_MARK Name="" Type="0" Start="171.961" Num="-1" />
    </TRACK>
    <TRACK TrackID="116353629" Name="What About Us (Original Mix)" Artist="Eddie Fowlkes" Composer="" Album="Forever EP" Grouping="" Genre="House/Deep/Tech/Jazzy" Kind="AIFF File" Size="64226936" TotalTime="360" DiscNumber="0" TrackNumber="3" Year="2023" AverageBpm="128.00" DateAdded="2023-04-27" BitRate="1411" SampleRate="44100" Comments="5A - 6" PlayCount="2" Rating="0" Location="file://localhost/Users/zachvp/Music/DJ/17471104_What_About_Us_(Original_Mix).aiff" Remixer="" Tonality="5A" Label="Rekids" Mix="">
      <TEMPO Inizio="0.042" Bpm="128.00" Metro="4/4" Battito="1" />
      <POSITION_MARK Name="" Type="0" Start="90.021" Num="-1" />
      <POSITION_MARK Name="" Type="0" Start="217.543" Num="-1" />
      <POSITION_MARK Name="" Type="0" Start="292.543" Num="-1" />
    </TRACK>
    <TRACK TrackID="198695440" Name="Shake Your Hips (Original Mix)" Artist="Eddie Fowlkes" Composer="" Album="Forever EP" Grouping="" Genre="House/Deep/Tech/Spacey" Kind="AIFF File" Size="63178402" TotalTime="354" DiscNumber="0" TrackNumber="2" Year="2023" AverageBpm="130.00" DateAdded="2023-04-27" BitRate="1411" SampleRate="44100" Comments="5A - 5" PlayCount="1" Rating="0" Location="file://localhost/Users/zachvp/Music/DJ/17471102_Shake_Your_Hips_(Original_Mix).aiff" Remixer="" Tonality="5A" Label="Rekids" Mix="">
      <TEMPO Inizio="0.018" Bpm="130.00" Metro="4/4" Battito="1" />
    </TRACK>
    <TRACK TrackID="131603854" Name="Morning Sun (Original Mix)" Artist="Santos" Composer="" Album="Déjà Vu Ep" Grouping="" Genre="House/Deep/Tech/Jazzy" Kind="AIFF File" Size="68250154" TotalTime="385" DiscNumber="0" TrackNumber="1" Year="2023" AverageBpm="125.00" DateAdded="2023-04-27" BitRate="1411" SampleRate="44100" Comments="8A - 6" PlayCount="2" Rating="0" Location="file://localhost/Users/zachvp/Music/DJ/17467760_Morning_Sun_(Original_Mix).aiff" Remixer="" Tonality="8A" Label="Let Me Understand Records" Mix="">
      <TEMPO Inizio="0.107" Bpm="125.00" Metro="4/4" Battito="1" />
      <POSITION_MARK Name="" Type="0" Start="46.207" Num="-1" />
      <POSITION_MARK Name="" Type="0" Start="293.881" Num="-1" />
    </TRACK>
    <TRACK TrackID="1060126" Name="Carefree (Original Mix)" Artist="Darby" Composer="" Album="Procrastinator" Grouping="" Genre="House/Deep/Tech/Spacey" Kind="AIFF File" Size="46202292" TotalTime="260" DiscNumber="0" TrackNumber="4" Year="2023" AverageBpm="128.00" DateAdded="2023-04-27" BitRate="1411" SampleRate="44100" Comments="4A - 6" PlayCount="1" Rating="0" Location="file://localhost/Users/zachvp/Music/DJ/17467770_Carefree_(Original_Mix).aiff" Remixer="" Tonality="4A" Label="Whoyostro White" Mix="">
      <TEMPO Inizio="0.007" Bpm="128.00" Metro="4/4" Battito="1" />
    </TRACK>
    <TRACK TrackID="204895249" Name="I Got The Funky (Original Mix)" Artist="Esther Bronchal" Composer="" Album="MUSE: Miami Music Week" Grouping="" Genre="House/Deep/Tech/" Kind="AIFF File" Size="58741934" TotalTime="326" DiscNumber="0" TrackNumber="7" Year="2023" AverageBpm="128.00" DateAdded="2023-04-27" BitRate="1411" SampleRate="44100" Comments="4A - 5" PlayCount="1" Rating="0" Location="file://localhost/Users/zachvp/Music/DJ/17467855_I_Got_The_Funky_(Original_Mix).aiff" Remixer="" Tonality="4A" Label="MUSE" Mix="">
      <TEMPO Inizio="0.040" Bpm="128.00" Metro="4/4" Battito="1" />
    </TRACK>
    <TRACK TrackID="193581993" Name="Motionetta (Original Mix)" Artist="Sam Warner" Composer="" Album="MUSE: Miami Music Week" Grouping="" Genre="House/Deep/Tech/" Kind="AIFF File" Size="64259388" TotalTime="357" DiscNumber="0" TrackNumber="8" Year="2023" AverageBpm="129.00" DateAdded="2023-04-27" BitRate="1411" SampleRate="44100" Comments="4A - 5" PlayCount="2" Rating="0" Location="file://localhost/Users/zachvp/Music/DJ/17467857_Motionetta_(Original_Mix).aiff" Remixer="" Tonality="4A" Label="MUSE" Mix="">
      <TEMPO Inizio="0.026" Bpm="129.00" Metro="4/4" Battito="1" />
      <TEMPO Inizio="0.492" Bpm="129.00" Metro="4/4" Battito="2" />
      <POSITION_MARK Name="" Type="0" Start="133.984" Num="-1" />
      <POSITION_MARK Name="" Type="0" Start="238.161" Num="-1" />
    </TRACK>
    <TRACK TrackID="24305667" Name="Stress (Original Mix)" Artist="Lebedev (RU), Rythmique" Composer="" Album="Without Words EP" Grouping="" Genre="House/Deep/Tech/Jazzy" Kind="AIFF File" Size="64696956" TotalTime="360" DiscNumber="0" TrackNumber="1" Year="2023" AverageBpm="124.00" DateAdded="2023-04-27" BitRate="1411" SampleRate="44100" Comments="9A - 6" PlayCount="2" Rating="0" Location="file://localhost/Users/zachvp/Music/DJ/17465482_Stress_(Original_Mix).aiff" Remixer="" Tonality="9A" Label="Rhythm Section" Mix="">
      <TEMPO Inizio="0.289" Bpm="124.00" Metro="4/4" Battito="2" />
      <POSITION_MARK Name="" Type="0" Start="61.967" Num="-1" />
      <POSITION_MARK Name="" Type="0" Start="154.634" Num="-1" />
      <POSITION_MARK Name="" Type="0" Start="294.003" Num="-1" />
    </TRACK>
    <TRACK TrackID="226771137" Name="The Gillmen (Original Mix)" Artist="Valo, Lekebusch" Composer="" Album="The Gillmen" Grouping="" Genre="House/Techno/Sinister" Kind="AIFF File" Size="74427624" TotalTime="421" DiscNumber="0" TrackNumber="2" Year="2023" AverageBpm="128.00" DateAdded="2023-04-27" BitRate="1411" SampleRate="44100" Comments="5A - 5" PlayCount="2" Rating="0" Location="file://localhost/Users/zachvp/Music/DJ/17463411_The_Gillmen_(Original_Mix).aiff" Remixer="" Tonality="5A" Label="H-Productions" Mix="">
      <TEMPO Inizio="0.001" Bpm="128.00" Metro="4/4" Battito="1" />
      <POSITION_MARK Name="" Type="0" Start="105.001" Num="-1" />
      <POSITION_MARK Name="" Type="0" Start="273.742" Num="-1" />
      <POSITION_MARK Name="" Type="0" Start="311.247" Num="-1" />
    </TRACK>
    <TRACK TrackID="240220521" Name="Dynamic (Original Mix)" Artist="Kevin Yost, Peter Funk" Composer="" Album="One 2 One" Grouping="" Genre="House/Deep/Tech/Jazzy" Kind="AIFF File" Size="97127454" TotalTime="549" DiscNumber="0" TrackNumber="4" Year="2023" AverageBpm="124.00" DateAdded="2023-04-27" BitRate="1411" SampleRate="44100" Comments="8A - 6" PlayCount="3" Rating="0" Location="file://localhost/Users/zachvp/Music/DJ/17452332_Dynamic_(Original_Mix).aiff" Remixer="" Tonality="8A" Label="I Records Classics" Mix="">
      <TEMPO Inizio="0.024" Bpm="124.00" Metro="4/4" Battito="1" />
    </TRACK>
    <TRACK TrackID="182276569" Name="Urban Hustle (Extended Mix)" Artist="Soledrifter" Composer="" Album="Soledrifter" Grouping="" Genre="House/Deep/Tech/Jazzy" Kind="AIFF File" Size="55884434" TotalTime="315" DiscNumber="0" TrackNumber="1" Year="2023" AverageBpm="120.00" DateAdded="2023-04-27" BitRate="1411" SampleRate="44100" Comments="9B - 6" PlayCount="5" Rating="0" Location="file://localhost/Users/zachvp/Music/DJ/17451572_Urban_Hustle_(Extended_Mix).aiff" Remixer="" Tonality="9B" Label="Nite Grooves" Mix="">
      <TEMPO Inizio="0.006" Bpm="120.00" Metro="4/4" Battito="1" />
    </TRACK>
    <TRACK TrackID="5236881" Name="True House (Extended Mix)" Artist="Tommyboy, Shadd" Composer="" Album="True House (Extended Mix)" Grouping="" Genre="House/Deep/Tech/Spacey" Kind="AIFF File" Size="68037294" TotalTime="381" DiscNumber="0" TrackNumber="1" Year="2023" AverageBpm="122.00" DateAdded="2023-04-27" BitRate="1411" SampleRate="44100" Comments="10A - 6" PlayCount="1" Rating="0" Location="file://localhost/Users/zachvp/Music/DJ/17451269_True_House_(Extended_Mix).aiff" Remixer="" Tonality="10A" Label="Housematic Recordings" Mix="">
      <TEMPO Inizio="0.014" Bpm="122.00" Metro="4/4" Battito="1" />
    </TRACK>
    <TRACK TrackID="55500426" Name="Babalua (GruuvElement's Remix)" Artist="DJ Wady, MoonDark" Composer="" Album="Babalua (incl. GruuvElement's remix)" Grouping="" Genre="House/Deep/Tech/" Kind="AIFF File" Size="62622402" TotalTime="353" DiscNumber="0" TrackNumber="2" Year="2023" AverageBpm="125.00" DateAdded="2023-04-27" BitRate="1411" SampleRate="44100" Comments="6A - 7" PlayCount="1" Rating="0" Location="file://localhost/Users/zachvp/Music/DJ/17450512_Babalua_(GruuvElement_s_Remix).aiff" Remixer="" Tonality="6A" Label="Safe Music" Mix="">
      <TEMPO Inizio="0.243" Bpm="125.00" Metro="4/4" Battito="1" />
      <TEMPO Inizio="95.764" Bpm="125.00" Metro="4/4" Battito="4" />
    </TRACK>
    <TRACK TrackID="103353845" Name="Departures (Original Mix)" Artist="Orion" Composer="" Album="Scandinavian Funk I" Grouping="" Genre="House/Tech/Breaks" Kind="AIFF File" Size="51106226" TotalTime="279" DiscNumber="0" TrackNumber="3" Year="2023" AverageBpm="138.00" DateAdded="2023-04-27" BitRate="1411" SampleRate="44100" Comments="1A - 6" PlayCount="3" Rating="0" Location="file://localhost/Users/zachvp/Music/DJ/17449368_Departures_(Original_Mix).aiff" Remixer="" Tonality="1A" Label="Absence of Facts" Mix="">
      <TEMPO Inizio="0.000" Bpm="138.00" Metro="4/4" Battito="1" />
    </TRACK>
    <TRACK TrackID="170641296" Name="Invisible Scarf (Original Mix)" Artist="Stanny Abram" Composer="" Album="Invisible Scarf EP" Grouping="" Genre="House/Deep/Tech/Breaks" Kind="AIFF File" Size="63186214" TotalTime="357" DiscNumber="0" TrackNumber="1" Year="2023" AverageBpm="130.00" DateAdded="2023-04-27" BitRate="1411" SampleRate="44100" Comments="8A - 5" PlayCount="1" Rating="0" Location="file://localhost/Users/zachvp/Music/DJ/17448192_Invisible_Scarf_(Original_Mix).aiff" Remixer="" Tonality="8A" Label="Eichtal Recordings" Mix="">
      <TEMPO Inizio="0.001" Bpm="130.00" Metro="4/4" Battito="3" />
    </TRACK>
    <TRACK TrackID="66799335" Name="Noise (Cromby Remix)" Artist="Half Cut" Composer="" Album="Here In Full" Grouping="" Genre="House/Tech/Groove" Kind="AIFF File" Size="59442534" TotalTime="333" DiscNumber="0" TrackNumber="5" Year="2023" AverageBpm="134.00" DateAdded="2023-04-27" BitRate="1411" SampleRate="44100" Comments="6A - 6" PlayCount="5" Rating="0" Location="file://localhost/Users/zachvp/Music/DJ/17448044_Noise_(Cromby_Remix).aiff" Remixer="" Tonality="6A" Label="HOMAGE" Mix="">
      <TEMPO Inizio="0.250" Bpm="134.00" Metro="4/4" Battito="1" />
      <POSITION_MARK Name="" Type="0" Start="0.239" Num="-1" />
      <POSITION_MARK Name="" Type="0" Start="43.219" Num="-1" />
      <POSITION_MARK Name="" Type="0" Start="172.179" Num="-1" />
      <POSITION_MARK Name="" Type="0" Start="272.494" Num="-1" />
    </TRACK>
    <TRACK TrackID="131206383" Name="Exoticus lll (Original Mix)" Artist="Mathew Ferness" Composer="" Album="Exoticus" Grouping="" Genre="House/Deep/Tech/Jazzy" Kind="AIFF File" Size="59302658" TotalTime="335" DiscNumber="0" TrackNumber="4" Year="2023" AverageBpm="126.07" DateAdded="2023-04-27" BitRate="1411" SampleRate="44100" Comments="5A - 5" PlayCount="3" Rating="0" Location="file://localhost/Users/zachvp/Music/DJ/17448023_Exoticus_lll_(Original_Mix).aiff" Remixer="" Tonality="5A" Label="Hustler Trax" Mix="">
      <TEMPO Inizio="0.000" Bpm="126.07" Metro="4/4" Battito="1" />
      <POSITION_MARK Name="" Type="0" Start="64.752" Num="-1" />
      <POSITION_MARK Name="" Type="0" Start="152.293" Num="-1" />
    </TRACK>
    <TRACK TrackID="74398685" Name="Bring It Back (Original Mix)" Artist="LeBaron James" Composer="" Album="Bring It Back" Grouping="" Genre="House/Deep/Tech/Jazzy" Kind="AIFF File" Size="73997196" TotalTime="417" DiscNumber="0" TrackNumber="1" Year="2023" AverageBpm="122.00" DateAdded="2023-04-27" BitRate="1411" SampleRate="44100" Comments="5A - 6" PlayCount="1" Rating="0" Location="file://localhost/Users/zachvp/Music/DJ/17436268_Bring_It_Back_(Original_Mix).aiff" Remixer="" Tonality="5A" Label="J &amp; M Music Co." Mix="">
      <TEMPO Inizio="0.023" Bpm="122.00" Metro="4/4" Battito="1" />
    </TRACK>
    <TRACK TrackID="13516001" Name="Shiny Things (Original Mix)" Artist="Tyrek" Composer="" Album="Shiny Things" Grouping="" Genre="House/Deep/Tech/Spacey" Kind="AIFF File" Size="94611382" TotalTime="524" DiscNumber="0" TrackNumber="1" Year="2023" AverageBpm="125.00" DateAdded="2023-04-27" BitRate="1411" SampleRate="44100" Comments="1A - 6" PlayCount="3" Rating="0" Location="file://localhost/Users/zachvp/Music/DJ/17434802_Shiny_Things_(Original_Mix).aiff" Remixer="" Tonality="1A" Label="Midtown House" Mix="">
      <TEMPO Inizio="0.167" Bpm="125.00" Metro="4/4" Battito="1" />
    </TRACK>
    <TRACK TrackID="114039386" Name="Intense Acid (Original Mix)" Artist="Shift+X" Composer="" Album="Intense Acid" Grouping="" Genre="House/Tech/Breaks" Kind="AIFF File" Size="54032718" TotalTime="302" DiscNumber="0" TrackNumber="1" Year="2023" AverageBpm="130.00" DateAdded="2023-04-27" BitRate="1411" SampleRate="44100" Comments="9A - 6" PlayCount="2" Rating="0" Location="file://localhost/Users/zachvp/Music/DJ/17434289_Intense_Acid_(Original_Mix).aiff" Remixer="" Tonality="9A" Label="83" Mix="">
      <TEMPO Inizio="0.007" Bpm="130.00" Metro="4/4" Battito="1" />
      <POSITION_MARK Name="" Type="0" Start="59.076" Num="-1" />
    </TRACK>
    <TRACK TrackID="151464915" Name="Lets Get Away (Original Mix)" Artist="Tony Lionni" Composer="" Album="Deep House Chill 023" Grouping="" Genre="House/Deep/Tech/Spacey" Kind="AIFF File" Size="77893214" TotalTime="440" DiscNumber="0" TrackNumber="2" Year="2023" AverageBpm="121.00" DateAdded="2023-04-27" BitRate="1411" SampleRate="44100" Comments="6A - 6" PlayCount="4" Rating="0" Location="file://localhost/Users/zachvp/Music/DJ/17432667_Lets_Get_Away_(Original_Mix).aiff" Remixer="" Tonality="6A" Label="LW Recordings" Mix="">
      <TEMPO Inizio="0.011" Bpm="121.00" Metro="4/4" Battito="3" />
      <POSITION_MARK Name="" Type="0" Start="34.722" Num="-1" />
      <POSITION_MARK Name="" Type="0" Start="2.963" Num="-1" />
      <POSITION_MARK Name="" Type="0" Start="325.285" Num="-1" />
    </TRACK>
    <TRACK TrackID="117674760" Name="Kerma (Original Mix)" Artist="Reggie Dokes" Composer="" Album="Kerma" Grouping="" Genre="House/Deep/Tech/Jazzy" Kind="AIFF File" Size="59232866" TotalTime="322" DiscNumber="0" TrackNumber="1" Year="2023" AverageBpm="125.00" DateAdded="2023-04-27" BitRate="1411" SampleRate="44100" Comments="10A - 4" PlayCount="1" Rating="0" Location="file://localhost/Users/zachvp/Music/DJ/17465150_Kerma_(Original_Mix).aiff" Remixer="" Tonality="10A" Label="Symphonic Distribution" Mix="">
      <TEMPO Inizio="0.005" Bpm="125.00" Metro="4/4" Battito="1" />
      <TEMPO Inizio="264.966" Bpm="125.00" Metro="4/4" Battito="1" />
    </TRACK>
    <TRACK TrackID="67266760" Name="Deffufa (Original Mix)" Artist="Reggie Dokes" Composer="" Album="Kerma" Grouping="" Genre="House/Deep/Tech/Jazzy" Kind="AIFF File" Size="94465732" TotalTime="522" DiscNumber="0" TrackNumber="2" Year="2023" AverageBpm="125.00" DateAdded="2023-04-27" BitRate="1411" SampleRate="44100" Comments="6A - 4" PlayCount="9" Rating="0" Location="file://localhost/Users/zachvp/Music/DJ/17465151_Deffufa_(Original_Mix).aiff" Remixer="" Tonality="6A" Label="Symphonic Distribution" Mix="">
      <TEMPO Inizio="0.037" Bpm="125.00" Metro="4/4" Battito="1" />
      <POSITION_MARK Name="" Type="0" Start="23.050" Num="-1" />
    </TRACK>
    <TRACK TrackID="216312920" Name="Shabtis (Original Mix)" Artist="Reggie Dokes" Composer="" Album="Kerma" Grouping="" Genre="House/Deep/Tech/Jazzy" Kind="AIFF File" Size="81366264" TotalTime="447" DiscNumber="0" TrackNumber="3" Year="2023" AverageBpm="120.00" DateAdded="2023-04-27" BitRate="1411" SampleRate="44100" Comments="2A - 4" PlayCount="1" Rating="0" Location="file://localhost/Users/zachvp/Music/DJ/17465152_Shabtis_(Original_Mix).aiff" Remixer="" Tonality="2A" Label="Symphonic Distribution" Mix="">
      <TEMPO Inizio="0.024" Bpm="120.00" Metro="4/4" Battito="1" />
    </TRACK>
    <TRACK TrackID="149742830" Name="Drop The Bass" Artist="Saoirse" Composer="" Album="Trust EP" Grouping="" Genre="House/Tech/Acid" Kind="AIFF File" Size="97190128" TotalTime="367" DiscNumber="0" TrackNumber="3" Year="2021" AverageBpm="140.00" DateAdded="2023-04-27" BitRate="2116" SampleRate="44100" Comments="7A - 6" PlayCount="2" Rating="0" Location="file://localhost/Users/zachvp/Music/DJ/Saoirse%20-%20Drop%20The%20Bass.aiff" Remixer="" Tonality="7A" Label="" Mix="">
      <TEMPO Inizio="0.201" Bpm="140.00" Metro="4/4" Battito="1" />
      <POSITION_MARK Name="" Type="0" Start="41.332" Num="-1" />
      <POSITION_MARK Name="" Type="0" Start="329.339" Num="-1" />
      <POSITION_MARK Name="" Type="0" Start="247.054" Num="-1" />
    </TRACK>
    <TRACK TrackID="129716087" Name="Ronak" Artist="Juri Heidemann" Composer="" Album="Infinite Method" Grouping="" Genre="House/Techno/" Kind="AIFF File" Size="63536458" TotalTime="359" DiscNumber="0" TrackNumber="2" Year="2023" AverageBpm="141.00" DateAdded="2023-04-27" BitRate="1411" SampleRate="44100" Comments="9A - 6" PlayCount="2" Rating="0" Location="file://localhost/Users/zachvp/Music/DJ/Juri%20Heidemann%20-%20Ronak.aiff" Remixer="" Tonality="9A" Label="" Mix="">
      <TEMPO Inizio="0.090" Bpm="141.00" Metro="4/4" Battito="1" />
      <POSITION_MARK Name="" Type="0" Start="109.024" Num="-1" />
      <POSITION_MARK Name="" Type="0" Start="272.428" Num="-1" />
    </TRACK>
    <TRACK TrackID="194844808" Name="Semere" Artist="Juri Heidemann" Composer="" Album="Infinite Method" Grouping="" Genre="House/Techno/" Kind="AIFF File" Size="61251298" TotalTime="346" DiscNumber="0" TrackNumber="5" Year="2023" AverageBpm="145.00" DateAdded="2023-04-27" BitRate="1411" SampleRate="44100" Comments="9A - 6" PlayCount="2" Rating="0" Location="file://localhost/Users/zachvp/Music/DJ/Juri%20Heidemann%20-%20Semere.aiff" Remixer="" Tonality="9A" Label="" Mix="">
      <TEMPO Inizio="0.105" Bpm="145.00" Metro="4/4" Battito="1" />
      <POSITION_MARK Name="" Type="0" Start="211.961" Num="-1" />
      <POSITION_MARK Name="" Type="0" Start="106.040" Num="-1" />
    </TRACK>
    <TRACK TrackID="241182311" Name="Ambushed" Artist="Boo Williams" Composer="" Album="CHIWAX037" Grouping="" Genre="House/Deep/Tech/Jazzy" Kind="AIFF File" Size="110718124" TotalTime="418" DiscNumber="0" TrackNumber="1" Year="2023" AverageBpm="124.00" DateAdded="2023-04-27" BitRate="2116" SampleRate="44100" Comments="7A - 6" PlayCount="5" Rating="0" Location="file://localhost/Users/zachvp/Music/DJ/Boo%20Williams%20-%20Ambushed.aiff" Remixer="" Tonality="7A" Label="" Mix="">
      <TEMPO Inizio="0.010" Bpm="124.00" Metro="4/4" Battito="1" />
      <POSITION_MARK Name="" Type="0" Start="15.495" Num="-1" />
      <POSITION_MARK Name="" Type="0" Start="280.652" Num="-1" />
    </TRACK>
    <TRACK TrackID="66623683" Name="Rhythm Now" Artist="Spencer Parker" Composer="" Album="Rhythm Now" Grouping="" Genre="House/Tech/Groove" Kind="AIFF File" Size="94173962" TotalTime="355" DiscNumber="0" TrackNumber="1" Year="2023" AverageBpm="127.00" DateAdded="2023-04-27" BitRate="2116" SampleRate="44100" Comments="6A - 5" PlayCount="2" Rating="0" Location="file://localhost/Users/zachvp/Music/DJ/Spencer%20Parker%20-%20Rhythm%20Now.aiff" Remixer="" Tonality="6A" Label="" Mix="">
      <TEMPO Inizio="0.076" Bpm="127.00" Metro="4/4" Battito="1" />
      <POSITION_MARK Name="" Type="0" Start="45.423" Num="-1" />
      <POSITION_MARK Name="" Type="0" Start="226.846" Num="-1" />
      <POSITION_MARK Name="" Type="0" Start="279.744" Num="-1" />
    </TRACK>
    <TRACK TrackID="229845600" Name="Roadtrip To Paris" Artist="SameSame" Composer="" Album="PLZD005" Grouping="" Genre="House/Deep/Tech/" Kind="AIFF File" Size="77138190" TotalTime="401" DiscNumber="0" TrackNumber="2" Year="2023" AverageBpm="125.00" DateAdded="2023-04-27" BitRate="1536" SampleRate="48000" Comments="10A - 5" PlayCount="1" Rating="0" Location="file://localhost/Users/zachvp/Music/DJ/SameSame%20-%20Roadtrip%20To%20Paris.aiff" Remixer="" Tonality="10A" Label="" Mix="">
      <TEMPO Inizio="0.126" Bpm="125.00" Metro="4/4" Battito="1" />
      <TEMPO Inizio="25.085" Bpm="125.00" Metro="4/4" Battito="1" />
      <TEMPO Inizio="222.844" Bpm="125.00" Metro="4/4" Battito="1" />
    </TRACK>
    <TRACK TrackID="160870507" Name="Reborn Sounds Of Childhood Dreams" Artist="Mick Wilson &amp; August Artier" Composer="" Album="RWXD033" Grouping="" Genre="House/Deep/Tech/Breaks" Kind="AIFF File" Size="69668754" TotalTime="394" DiscNumber="0" TrackNumber="3" Year="2023" AverageBpm="129.00" DateAdded="2023-04-27" BitRate="1411" SampleRate="44100" Comments="9A - 5" PlayCount="2" Rating="0" Location="file://localhost/Users/zachvp/Music/DJ/Mick%20Wilson%20%26%20August%20Artier%20-%20Reborn%20Sounds%20Of%20Childhood%20Dreams.aiff" Remixer="" Tonality="9A" Label="" Mix="">
      <TEMPO Inizio="0.155" Bpm="129.00" Metro="4/4" Battito="1" />
    </TRACK>
    <TRACK TrackID="213648668" Name="花と鳥と山" Artist="haircuts for men" Composer="" Album="京都コネクション" Grouping="" Genre="Lounge/Ambient" Kind="AIFF File" Size="84226278" TotalTime="476" DiscNumber="0" TrackNumber="5" Year="2023" AverageBpm="134.00" DateAdded="2023-04-27" BitRate="1411" SampleRate="44100" Comments="8A - 1" PlayCount="1" Rating="0" Location="file://localhost/Users/zachvp/Music/DJ/haircuts%20for%20men%20-%20%e8%8a%b1%e3%81%a8%e9%b3%a5%e3%81%a8%e5%b1%b1.aiff" Remixer="" Tonality="8A" Label="" Mix="">
      <TEMPO Inizio="0.126" Bpm="134.00" Metro="4/4" Battito="1" />
    </TRACK>
    <TRACK TrackID="203952944" Name="Black Dog" Artist="Led Zeppelin" Composer="" Album="Box Set (Disc 2)" Grouping="" Genre="Lounge/Rock" Kind="MP3 File" Size="11810798" TotalTime="295" DiscNumber="0" TrackNumber="1" Year="1990" AverageBpm="163.66" DateAdded="2023-05-27" BitRate="320" SampleRate="44100" Comments="8A - 4" PlayCount="0" Rating="0" Location="file://localhost/Users/zachvp/Music/DJ/_parental%20jams/01%20-%20black%20dog.mp3" Remixer="" Tonality="8A" Label="" Mix="">
      <TEMPO Inizio="0.165" Bpm="163.66" Metro="4/4" Battito="3" />
    </TRACK>
    <TRACK TrackID="135554983" Name="(Da Le) Yaleo" Artist="Carlos Santana" Composer="" Album="Supernatural" Grouping="" Genre="Lounge/Rock" Kind="MP3 File" Size="14149390" TotalTime="353" DiscNumber="0" TrackNumber="1" Year="0" AverageBpm="126.77" DateAdded="2023-05-27" BitRate="320" SampleRate="44100" Comments="9A - 5" PlayCount="1" Rating="0" Location="file://localhost/Users/zachvp/Music/DJ/_parental%20jams/01%20(Da%20Le)%20Yaleo.mp3" Remixer="" Tonality="9A" Label="" Mix="">
      <TEMPO Inizio="0.437" Bpm="126.77" Metro="4/4" Battito="1" />
      <TEMPO Inizio="40.193" Bpm="126.77" Metro="4/4" Battito="1" />
      <TEMPO Inizio="75.216" Bpm="126.77" Metro="4/4" Battito="3" />
      <TEMPO Inizio="110.239" Bpm="126.77" Metro="4/4" Battito="1" />
      <TEMPO Inizio="145.262" Bpm="126.77" Metro="4/4" Battito="3" />
      <TEMPO Inizio="180.285" Bpm="126.77" Metro="4/4" Battito="1" />
      <TEMPO Inizio="215.308" Bpm="126.77" Metro="4/4" Battito="3" />
      <TEMPO Inizio="250.331" Bpm="126.77" Metro="4/4" Battito="1" />
      <TEMPO Inizio="285.354" Bpm="126.77" Metro="4/4" Battito="3" />
      <TEMPO Inizio="318.957" Bpm="126.77" Metro="4/4" Battito="2" />
    </TRACK>
    <TRACK TrackID="28114585" Name="All I Ever Wanted" Artist="Train" Composer="Pat Monahan" Album="For Me, It's You" Grouping="" Genre="Lounge/Rock" Kind="MP3 File" Size="9826592" TotalTime="245" DiscNumber="1" TrackNumber="1" Year="2006" AverageBpm="85.06" DateAdded="2023-05-27" BitRate="320" SampleRate="44100" Comments="10B - 6" PlayCount="0" Rating="0" Location="file://localhost/Users/zachvp/Music/DJ/_parental%20jams/01%20All%20I%20Ever%20Wanted.mp3" Remixer="" Tonality="10B" Label="" Mix="">
      <TEMPO Inizio="0.404" Bpm="85.06" Metro="4/4" Battito="1" />
      <TEMPO Inizio="6.753" Bpm="85.06" Metro="4/4" Battito="2" />
      <TEMPO Inizio="22.272" Bpm="85.06" Metro="4/4" Battito="4" />
      <TEMPO Inizio="50.488" Bpm="85.06" Metro="4/4" Battito="4" />
      <TEMPO Inizio="75.177" Bpm="85.06" Metro="4/4" Battito="3" />
      <TEMPO Inizio="99.866" Bpm="85.06" Metro="4/4" Battito="2" />
      <TEMPO Inizio="122.439" Bpm="85.06" Metro="4/4" Battito="2" />
      <TEMPO Inizio="150.655" Bpm="85.06" Metro="4/4" Battito="2" />
      <TEMPO Inizio="175.344" Bpm="85.06" Metro="4/4" Battito="1" />
      <TEMPO Inizio="200.033" Bpm="85.06" Metro="4/4" Battito="4" />
      <TEMPO Inizio="219.079" Bpm="85.06" Metro="4/4" Battito="3" />
    </TRACK>
    <TRACK TrackID="119110640" Name="Baba O'Riley" Artist="The Who" Composer="Pete Townshend" Album="Who's Next" Grouping="" Genre="Lounge/Rock" Kind="MP3 File" Size="12025051" TotalTime="300" DiscNumber="1" TrackNumber="1" Year="1971" AverageBpm="115.50" DateAdded="2023-05-27" BitRate="320" SampleRate="44100" Comments="7B - 4" PlayCount="1" Rating="0" Location="file://localhost/Users/zachvp/Music/DJ/_parental%20jams/01%20Baba%20O%27Riley.mp3" Remixer="" Tonality="7B" Label="" Mix="">
      <TEMPO Inizio="0.181" Bpm="115.50" Metro="4/4" Battito="2" />
      <TEMPO Inizio="187.714" Bpm="115.50" Metro="4/4" Battito="3" />
      <POSITION_MARK Name="" Type="0" Start="254.207" Num="-1" />
    </TRACK>
    <TRACK TrackID="26152879" Name="Clampdown" Artist="Indigo Girls" Composer="Joe Strummer, Mick Jones" Album="Rarities" Grouping="" Genre="Lounge/Rock" Kind="MP3 File" Size="7894580" TotalTime="197" DiscNumber="1" TrackNumber="1" Year="2005" AverageBpm="133.06" DateAdded="2023-05-27" BitRate="320" SampleRate="44100" Comments="10B - 4" PlayCount="1" Rating="0" Location="file://localhost/Users/zachvp/Music/DJ/_parental%20jams/01%20Clampdown.mp3" Remixer="" Tonality="10B" Label="" Mix="">
      <TEMPO Inizio="0.256" Bpm="133.06" Metro="4/4" Battito="1" />
    </TRACK>
    <TRACK TrackID="130625238" Name="Day Job" Artist="Gin Blossoms" Composer="Bill Leen/Jesse Valenzuela/Phillip Rhodes/Robin Wilson/Scott A. Johnson" Album="Congratulations I'm Sorry" Grouping="" Genre="Lounge/Rock" Kind="MP3 File" Size="9266622" TotalTime="231" DiscNumber="1" TrackNumber="1" Year="1996" AverageBpm="154.61" DateAdded="2023-05-27" BitRate="320" SampleRate="44100" Comments="11A - 7" PlayCount="0" Rating="0" Location="file://localhost/Users/zachvp/Music/DJ/_parental%20jams/01%20Day%20Job.mp3" Remixer="" Tonality="11A" Label="" Mix="">
      <TEMPO Inizio="0.205" Bpm="154.61" Metro="4/4" Battito="4" />
      <TEMPO Inizio="0.594" Bpm="154.61" Metro="4/4" Battito="1" />
      <TEMPO Inizio="59.192" Bpm="154.61" Metro="4/4" Battito="4" />
      <TEMPO Inizio="117.790" Bpm="154.61" Metro="4/4" Battito="3" />
      <TEMPO Inizio="181.433" Bpm="154.61" Metro="4/4" Battito="3" />
    </TRACK>
    <TRACK TrackID="13849387" Name="Dead Leaves and the Dirty Ground" Artist="The White Stripes" Composer="" Album="White Blood Cells" Grouping="" Genre="Lounge/Rock" Kind="MP3 File" Size="7740158" TotalTime="184" DiscNumber="1" TrackNumber="1" Year="2002" AverageBpm="162.52" DateAdded="2023-05-27" BitRate="320" SampleRate="44100" Comments="8A - 4" PlayCount="0" Rating="0" Location="file://localhost/Users/zachvp/Music/DJ/_parental%20jams/01%20Dead%20Leaves%20and%20the%20Dirty%20Ground.mp3" Remixer="" Tonality="8A" Label="" Mix="">
      <TEMPO Inizio="0.311" Bpm="162.52" Metro="4/4" Battito="1" />
      <TEMPO Inizio="1.050" Bpm="162.52" Metro="4/4" Battito="3" />
      <TEMPO Inizio="29.847" Bpm="162.52" Metro="4/4" Battito="1" />
      <TEMPO Inizio="62.705" Bpm="162.52" Metro="4/4" Battito="2" />
      <TEMPO Inizio="101.470" Bpm="162.52" Metro="4/4" Battito="3" />
      <TEMPO Inizio="130.267" Bpm="162.52" Metro="4/4" Battito="1" />
      <TEMPO Inizio="169.032" Bpm="162.52" Metro="4/4" Battito="2" />
    </TRACK>
    <TRACK TrackID="101001031" Name="Evil Ways" Artist="Santana" Composer="S. Henry" Album="Greatest Hits" Grouping="" Genre="Lounge/Rock" Kind="MP3 File" Size="7313601" TotalTime="182" DiscNumber="1" TrackNumber="1" Year="1969" AverageBpm="117.57" DateAdded="2023-05-27" BitRate="320" SampleRate="44100" Comments="6A - 4" PlayCount="1" Rating="0" Location="file://localhost/Users/zachvp/Music/DJ/_parental%20jams/01%20Evil%20Ways.mp3" Remixer="" Tonality="6A" Label="" Mix="">
      <TEMPO Inizio="0.226" Bpm="117.57" Metro="4/4" Battito="1" />
      <TEMPO Inizio="0.737" Bpm="117.57" Metro="4/4" Battito="2" />
      <TEMPO Inizio="29.825" Bpm="117.57" Metro="4/4" Battito="3" />
      <TEMPO Inizio="61.975" Bpm="117.57" Metro="4/4" Battito="2" />
      <TEMPO Inizio="94.125" Bpm="117.57" Metro="4/4" Battito="1" />
      <TEMPO Inizio="126.275" Bpm="117.57" Metro="4/4" Battito="4" />
      <TEMPO Inizio="158.425" Bpm="117.57" Metro="4/4" Battito="3" />
    </TRACK>
    <TRACK TrackID="250670098" Name="Evil Woman" Artist="Electric Light Orchestra" Composer="Jeff Lynne" Album="Greatest Hits" Grouping="" Genre="Lounge/Rock" Kind="MP3 File" Size="10178731" TotalTime="254" DiscNumber="1" TrackNumber="1" Year="1975" AverageBpm="119.80" DateAdded="2023-05-27" BitRate="320" SampleRate="44100" Comments="8A - 6" PlayCount="0" Rating="0" Location="file://localhost/Users/zachvp/Music/DJ/_parental%20jams/01%20Evil%20Woman.mp3" Remixer="" Tonality="8A" Label="" Mix="">
      <TEMPO Inizio="0.316" Bpm="119.80" Metro="4/4" Battito="4" />
    </TRACK>
    <TRACK TrackID="256862996" Name="Gloria" Artist="U2" Composer="Adam Clayton/Bono/Larry Mullen Jr/The Edge" Album="October" Grouping="" Genre="Lounge/Rock" Kind="MP3 File" Size="10098274" TotalTime="252" DiscNumber="1" TrackNumber="1" Year="1981" AverageBpm="145.75" DateAdded="2023-05-27" BitRate="320" SampleRate="44100" Comments="2A - 4" PlayCount="0" Rating="0" Location="file://localhost/Users/zachvp/Music/DJ/_parental%20jams/01%20Gloria.mp3" Remixer="" Tonality="2A" Label="" Mix="">
      <TEMPO Inizio="0.283" Bpm="145.75" Metro="4/4" Battito="3" />
    </TRACK>
    <TRACK TrackID="179587042" Name="Guns In The Sky" Artist="INXS" Composer="Michael Hutchence" Album="Kick" Grouping="" Genre="Lounge/Rock" Kind="MP3 File" Size="5642812" TotalTime="141" DiscNumber="1" TrackNumber="1" Year="1987" AverageBpm="101.02" DateAdded="2023-05-27" BitRate="320" SampleRate="44100" Comments="8A - 6" PlayCount="1" Rating="0" Location="file://localhost/Users/zachvp/Music/DJ/_parental%20jams/01%20Guns%20In%20The%20Sky.mp3" Remixer="" Tonality="8A" Label="" Mix="">
      <TEMPO Inizio="0.225" Bpm="101.02" Metro="4/4" Battito="1" />
    </TRACK>
    <TRACK TrackID="236424077" Name="Icky Thump" Artist="The White Stripes" Composer="Jack White" Album="Icky Thump - Single" Grouping="" Genre="Lounge/Rock" Kind="MP3 File" Size="10859972" TotalTime="271" DiscNumber="0" TrackNumber="1" Year="2007" AverageBpm="98.46" DateAdded="2023-05-27" BitRate="320" SampleRate="44100" Comments="9A - 5" PlayCount="0" Rating="0" Location="file://localhost/Users/zachvp/Music/DJ/_parental%20jams/01%20Icky%20Thump.mp3" Remixer="" Tonality="9A" Label="" Mix="">
      <TEMPO Inizio="0.440" Bpm="98.46" Metro="4/4" Battito="3" />
      <TEMPO Inizio="1.050" Bpm="98.46" Metro="4/4" Battito="4" />
      <TEMPO Inizio="14.457" Bpm="98.46" Metro="4/4" Battito="2" />
      <TEMPO Inizio="35.786" Bpm="98.46" Metro="4/4" Battito="1" />
      <TEMPO Inizio="57.115" Bpm="98.46" Metro="4/4" Battito="4" />
      <TEMPO Inizio="78.444" Bpm="98.46" Metro="4/4" Battito="3" />
      <TEMPO Inizio="99.773" Bpm="98.46" Metro="4/4" Battito="2" />
      <TEMPO Inizio="113.180" Bpm="98.46" Metro="4/4" Battito="4" />
      <TEMPO Inizio="134.509" Bpm="98.46" Metro="4/4" Battito="3" />
      <TEMPO Inizio="155.838" Bpm="98.46" Metro="4/4" Battito="2" />
      <TEMPO Inizio="177.167" Bpm="98.46" Metro="4/4" Battito="1" />
      <TEMPO Inizio="198.496" Bpm="98.46" Metro="4/4" Battito="4" />
      <TEMPO Inizio="214.950" Bpm="98.46" Metro="4/4" Battito="3" />
      <TEMPO Inizio="236.279" Bpm="98.46" Metro="4/4" Battito="2" />
      <TEMPO Inizio="257.608" Bpm="98.46" Metro="4/4" Battito="1" />
    </TRACK>
    <TRACK TrackID="122424409" Name="If I'd Been The One" Artist=".38 Special" Composer="" Album="Tour De Force" Grouping="" Genre="Lounge/Rock" Kind="MP3 File" Size="9429513" TotalTime="235" DiscNumber="1" TrackNumber="1" Year="1983" AverageBpm="142.93" DateAdded="2023-05-27" BitRate="320" SampleRate="44100" Comments="9B - 7" PlayCount="1" Rating="0" Location="file://localhost/Users/zachvp/Music/DJ/_parental%20jams/01%20If%20I%27d%20Been%20The%20One.mp3" Remixer="" Tonality="9B" Label="" Mix="">
      <TEMPO Inizio="0.392" Bpm="142.93" Metro="4/4" Battito="1" />
    </TRACK>
    <TRACK TrackID="216749217" Name="It's Only Love" Artist="ZZ Top" Composer="Hill/Beard" Album="Tejas" Grouping="" Genre="Lounge/Rock" Kind="MP3 File" Size="10512031" TotalTime="262" DiscNumber="1" TrackNumber="1" Year="1976" AverageBpm="110.53" DateAdded="2023-05-27" BitRate="320" SampleRate="44100" Comments="11A - 5" PlayCount="0" Rating="0" Location="file://localhost/Users/zachvp/Music/DJ/_parental%20jams/01%20It%27s%20Only%20Love.mp3" Remixer="" Tonality="11A" Label="" Mix="">
      <TEMPO Inizio="0.113" Bpm="110.53" Metro="4/4" Battito="1" />
    </TRACK>
    <TRACK TrackID="151126947" Name="Monday Morning" Artist="Fleetwood Mac" Composer="Lindsey Buckingham" Album="Fleetwood Mac" Grouping="" Genre="Lounge/Rock" Kind="MP3 File" Size="6726389" TotalTime="168" DiscNumber="1" TrackNumber="1" Year="1975" AverageBpm="106.83" DateAdded="2023-05-27" BitRate="320" SampleRate="44100" Comments="8B - 6" PlayCount="0" Rating="0" Location="file://localhost/Users/zachvp/Music/DJ/_parental%20jams/01%20Monday%20Morning.mp3" Remixer="" Tonality="8B" Label="" Mix="">
      <TEMPO Inizio="0.169" Bpm="106.83" Metro="4/4" Battito="3" />
    </TRACK>
    <TRACK TrackID="258678403" Name="Straight Up" Artist="Paula Abdul" Composer="" Album="Greatest Hits" Grouping="" Genre="Lounge/Rock" Kind="MP3 File" Size="9716571" TotalTime="234" DiscNumber="1" TrackNumber="1" Year="2000" AverageBpm="95.89" DateAdded="2023-05-27" BitRate="320" SampleRate="44100" Comments="7A - 7" PlayCount="1" Rating="0" Location="file://localhost/Users/zachvp/Music/DJ/_parental%20jams/01%20Paula%20Abdul%20-%20Straight%20Up.mp3" Remixer="" Tonality="7A" Label="" Mix="">
      <TEMPO Inizio="0.351" Bpm="95.89" Metro="4/4" Battito="1" />
    </TRACK>
    <TRACK TrackID="262095771" Name="Saving Grace" Artist="Tom Petty" Composer="" Album="Highway Companion" Grouping="" Genre="Lounge/Rock" Kind="MP3 File" Size="9120219" TotalTime="227" DiscNumber="1" TrackNumber="1" Year="2006" AverageBpm="142.29" DateAdded="2023-05-27" BitRate="320" SampleRate="44100" Comments="9A - 7" PlayCount="1" Rating="0" Location="file://localhost/Users/zachvp/Music/DJ/_parental%20jams/01%20Saving%20Grace.mp3" Remixer="" Tonality="9A" Label="" Mix="">
      <TEMPO Inizio="0.324" Bpm="142.29" Metro="4/4" Battito="1" />
    </TRACK>
    <TRACK TrackID="137070202" Name="Don't Stop 'til You Get Enough" Artist="Michael Jackson" Composer="" Album="Off The Wall CDM" Grouping="" Genre="Lounge/Rock" Kind="MP3 File" Size="14601762" TotalTime="365" DiscNumber="0" TrackNumber="0" Year="1979" AverageBpm="118.90" DateAdded="2023-05-27" BitRate="320" SampleRate="44100" Comments="1B - 6" PlayCount="1" Rating="0" Location="file://localhost/Users/zachvp/Music/DJ/_parental%20jams/01_dont_stop_til_you_get_enough-faf.mp3" Remixer="" Tonality="1B" Label="" Mix="">
      <TEMPO Inizio="0.423" Bpm="118.90" Metro="4/4" Battito="3" />
    </TRACK>
    <TRACK TrackID="223811511" Name="Walk Like an Egyptian" Artist="Various Artists" Composer="" Album="Nur No.1 Hits" Grouping="" Genre="Lounge/Rock" Kind="MP3 File" Size="8688408" TotalTime="204" DiscNumber="1" TrackNumber="1" Year="1996" AverageBpm="103.13" DateAdded="2023-05-27" BitRate="320" SampleRate="44100" Comments="1B - 6" PlayCount="1" Rating="0" Location="file://localhost/Users/zachvp/Music/DJ/_parental%20jams/1-01%20The%20Bangles%20-%20Walk%20Like%20an%20Egyptian.mp3" Remixer="" Tonality="1B" Label="" Mix="">
      <TEMPO Inizio="0.355" Bpm="103.13" Metro="4/4" Battito="1" />
    </TRACK>
    <TRACK TrackID="61792081" Name="Gimme Shelter" Artist="The Rolling Stones" Composer="Keith Richards/Mick Jagger" Album="Forty Licks (Disc 1)" Grouping="" Genre="Lounge/Rock" Kind="MP3 File" Size="11081631" TotalTime="277" DiscNumber="1" TrackNumber="2" Year="2002" AverageBpm="118.71" DateAdded="2023-05-27" BitRate="320" SampleRate="44100" Comments="12A - 5" PlayCount="0" Rating="0" Location="file://localhost/Users/zachvp/Music/DJ/_parental%20jams/1-02%20Gimme%20Shelter.mp3" Remixer="" Tonality="12A" Label="" Mix="">
      <TEMPO Inizio="0.081" Bpm="118.71" Metro="4/4" Battito="3" />
      <TEMPO Inizio="0.587" Bpm="118.71" Metro="4/4" Battito="4" />
      <TEMPO Inizio="24.343" Bpm="118.71" Metro="4/4" Battito="3" />
      <TEMPO Inizio="48.099" Bpm="118.71" Metro="4/4" Battito="2" />
      <TEMPO Inizio="67.306" Bpm="118.71" Metro="4/4" Battito="4" />
      <TEMPO Inizio="86.513" Bpm="118.71" Metro="4/4" Battito="2" />
      <TEMPO Inizio="102.182" Bpm="118.71" Metro="4/4" Battito="1" />
      <TEMPO Inizio="125.938" Bpm="118.71" Metro="4/4" Battito="4" />
      <TEMPO Inizio="145.145" Bpm="118.71" Metro="4/4" Battito="2" />
      <TEMPO Inizio="164.352" Bpm="118.71" Metro="4/4" Battito="4" />
      <TEMPO Inizio="183.559" Bpm="118.71" Metro="4/4" Battito="2" />
      <TEMPO Inizio="202.766" Bpm="118.71" Metro="4/4" Battito="4" />
      <TEMPO Inizio="221.973" Bpm="118.71" Metro="4/4" Battito="2" />
      <TEMPO Inizio="241.180" Bpm="118.71" Metro="4/4" Battito="4" />
      <TEMPO Inizio="256.849" Bpm="118.71" Metro="4/4" Battito="3" />
      <TEMPO Inizio="276.056" Bpm="118.71" Metro="4/4" Battito="1" />
    </TRACK>
    <TRACK TrackID="193917912" Name="Heartbreaker" Artist="Led Zeppelin" Composer="Jimmy Page, Robert Plant, John Paul Jones &amp; John Bonham" Album="Led Zeppelin [Disc 1]" Grouping="" Genre="Lounge/Rock" Kind="MP3 File" Size="10168325" TotalTime="254" DiscNumber="1" TrackNumber="2" Year="1969" AverageBpm="105.25" DateAdded="2023-05-27" BitRate="320" SampleRate="44100" Comments="8A - 5" PlayCount="0" Rating="0" Location="file://localhost/Users/zachvp/Music/DJ/_parental%20jams/1-02%20Heartbreaker.mp3" Remixer="" Tonality="8A" Label="" Mix="">
      <TEMPO Inizio="0.019" Bpm="105.25" Metro="4/4" Battito="1" />
      <TEMPO Inizio="43.915" Bpm="105.25" Metro="4/4" Battito="2" />
      <TEMPO Inizio="111.754" Bpm="105.25" Metro="4/4" Battito="1" />
      <TEMPO Inizio="179.593" Bpm="105.25" Metro="4/4" Battito="4" />
      <TEMPO Inizio="247.432" Bpm="105.25" Metro="4/4" Battito="3" />
    </TRACK>
    <TRACK TrackID="165829991" Name="Love Will Tear Us Apart" Artist="Various Artists" Composer="" Album="BBC Radio 1's Chris Coco &amp; Rob Da Bank Present: Blue Balearic" Grouping="" Genre="Lounge/Rock" Kind="MP3 File" Size="7928052" TotalTime="198" DiscNumber="1" TrackNumber="2" Year="2004" AverageBpm="129.99" DateAdded="2023-05-27" BitRate="320" SampleRate="44100" Comments="10A - 4" PlayCount="1" Rating="0" Location="file://localhost/Users/zachvp/Music/DJ/_parental%20jams/1-02%20Nouvelle%20Vague%20-%20Love%20Will%20Tear%20Us%20Apart.mp3" Remixer="" Tonality="10A" Label="" Mix="">
      <TEMPO Inizio="0.292" Bpm="129.99" Metro="4/4" Battito="3" />
    </TRACK>
    <TRACK TrackID="90207417" Name="Middle of the Road" Artist="Various Artists" Composer="" Album="Greenpeace: Rainbow Warriors" Grouping="" Genre="Lounge/Rock" Kind="MP3 File" Size="10299620" TotalTime="254" DiscNumber="1" TrackNumber="2" Year="1989" AverageBpm="166.76" DateAdded="2023-05-27" BitRate="320" SampleRate="44100" Comments="8A - 7" PlayCount="1" Rating="0" Location="file://localhost/Users/zachvp/Music/DJ/_parental%20jams/1-02%20The%20Pretenders%20-%20Middle%20of%20the%20Road.mp3" Remixer="" Tonality="8A" Label="" Mix="">
      <TEMPO Inizio="0.174" Bpm="166.76" Metro="4/4" Battito="1" />
    </TRACK>
    <TRACK TrackID="196732816" Name="The Twist" Artist="Various Artists" Composer="" Album="Beat, Twist &amp; Rock ’n’ Roll 2" Grouping="" Genre="Lounge/Rock" Kind="MP3 File" Size="6849356" TotalTime="159" DiscNumber="1" TrackNumber="3" Year="1990" AverageBpm="155.40" DateAdded="2023-05-27" BitRate="320" SampleRate="44100" Comments="12B - 8" PlayCount="1" Rating="0" Location="file://localhost/Users/zachvp/Music/DJ/_parental%20jams/1-03%20Chubby%20Checker%20-%20The%20Twist.mp3" Remixer="" Tonality="12B" Label="" Mix="">
      <TEMPO Inizio="0.297" Bpm="155.40" Metro="4/4" Battito="2" />
      <TEMPO Inizio="1.456" Bpm="155.40" Metro="4/4" Battito="1" />
      <TEMPO Inizio="63.231" Bpm="155.40" Metro="4/4" Battito="1" />
      <TEMPO Inizio="125.006" Bpm="155.40" Metro="4/4" Battito="1" />
    </TRACK>
    <TRACK TrackID="120542445" Name="Beds Are Burning" Artist="Various Artists" Composer="" Album="Aria Awards 20th Anniversary" Grouping="" Genre="Lounge/Rock" Kind="MP3 File" Size="10498211" TotalTime="258" DiscNumber="1" TrackNumber="3" Year="2006" AverageBpm="119.21" DateAdded="2023-05-27" BitRate="320" SampleRate="44100" Comments="9A - 6" PlayCount="0" Rating="0" Location="file://localhost/Users/zachvp/Music/DJ/_parental%20jams/1-03%20Midnight%20Oil%20-%20Beds%20Are%20Burning.mp3" Remixer="" Tonality="9A" Label="" Mix="">
      <TEMPO Inizio="0.212" Bpm="119.21" Metro="4/4" Battito="4" />
      <TEMPO Inizio="5.749" Bpm="119.21" Metro="4/4" Battito="3" />
      <TEMPO Inizio="27.392" Bpm="119.21" Metro="4/4" Battito="2" />
      <TEMPO Inizio="49.035" Bpm="119.21" Metro="4/4" Battito="1" />
      <TEMPO Inizio="70.678" Bpm="119.21" Metro="4/4" Battito="4" />
      <TEMPO Inizio="100.374" Bpm="119.21" Metro="4/4" Battito="3" />
      <TEMPO Inizio="122.017" Bpm="119.21" Metro="4/4" Battito="2" />
      <TEMPO Inizio="143.660" Bpm="119.21" Metro="4/4" Battito="1" />
      <TEMPO Inizio="165.303" Bpm="119.21" Metro="4/4" Battito="4" />
      <TEMPO Inizio="194.999" Bpm="119.21" Metro="4/4" Battito="3" />
      <TEMPO Inizio="216.642" Bpm="119.21" Metro="4/4" Battito="2" />
      <TEMPO Inizio="238.285" Bpm="119.21" Metro="4/4" Battito="1" />
    </TRACK>
    <TRACK TrackID="74194290" Name="That's the Way of the World" Artist="Earth, Wind &amp; Fire" Composer="" Album="The Essential Earth, Wind &amp; Fire" Grouping="" Genre="Lounge/Rock" Kind="MP3 File" Size="14031815" TotalTime="343" DiscNumber="1" TrackNumber="7" Year="2002" AverageBpm="81.84" DateAdded="2023-05-27" BitRate="320" SampleRate="44100" Comments="3B - 4" PlayCount="1" Rating="0" Location="file://localhost/Users/zachvp/Music/DJ/_parental%20jams/1-07%20Earth,%20Wind%20%26%20Fire%20-%20That%27s%20the%20Way%20of%20the%20World.mp3" Remixer="" Tonality="3B" Label="" Mix="">
      <TEMPO Inizio="0.203" Bpm="81.84" Metro="4/4" Battito="4" />
      <TEMPO Inizio="1.670" Bpm="81.84" Metro="4/4" Battito="2" />
      <TEMPO Inizio="14.134" Bpm="81.84" Metro="4/4" Battito="3" />
      <TEMPO Inizio="26.598" Bpm="81.84" Metro="4/4" Battito="4" />
      <TEMPO Inizio="39.062" Bpm="81.84" Metro="4/4" Battito="1" />
      <TEMPO Inizio="51.526" Bpm="81.84" Metro="4/4" Battito="2" />
      <TEMPO Inizio="63.990" Bpm="81.84" Metro="4/4" Battito="3" />
      <TEMPO Inizio="76.454" Bpm="81.84" Metro="4/4" Battito="4" />
      <TEMPO Inizio="88.918" Bpm="81.84" Metro="4/4" Battito="1" />
      <TEMPO Inizio="101.382" Bpm="81.84" Metro="4/4" Battito="2" />
      <TEMPO Inizio="113.846" Bpm="81.84" Metro="4/4" Battito="3" />
      <TEMPO Inizio="126.310" Bpm="81.84" Metro="4/4" Battito="4" />
      <TEMPO Inizio="138.774" Bpm="81.84" Metro="4/4" Battito="1" />
      <TEMPO Inizio="151.238" Bpm="81.84" Metro="4/4" Battito="2" />
      <TEMPO Inizio="163.702" Bpm="81.84" Metro="4/4" Battito="3" />
      <TEMPO Inizio="176.166" Bpm="81.84" Metro="4/4" Battito="4" />
      <TEMPO Inizio="188.630" Bpm="81.84" Metro="4/4" Battito="1" />
      <TEMPO Inizio="201.094" Bpm="81.84" Metro="4/4" Battito="2" />
      <TEMPO Inizio="213.558" Bpm="81.84" Metro="4/4" Battito="3" />
      <TEMPO Inizio="226.022" Bpm="81.84" Metro="4/4" Battito="4" />
      <TEMPO Inizio="238.486" Bpm="81.84" Metro="4/4" Battito="1" />
      <TEMPO Inizio="250.950" Bpm="81.84" Metro="4/4" Battito="2" />
      <TEMPO Inizio="263.414" Bpm="81.84" Metro="4/4" Battito="3" />
      <TEMPO Inizio="275.878" Bpm="81.84" Metro="4/4" Battito="4" />
      <TEMPO Inizio="288.342" Bpm="81.84" Metro="4/4" Battito="1" />
      <TEMPO Inizio="300.806" Bpm="81.84" Metro="4/4" Battito="2" />
      <TEMPO Inizio="313.270" Bpm="81.84" Metro="4/4" Battito="3" />
      <TEMPO Inizio="325.734" Bpm="81.84" Metro="4/4" Battito="4" />
      <TEMPO Inizio="338.198" Bpm="81.84" Metro="4/4" Battito="1" />
    </TRACK>
    <TRACK TrackID="88021223" Name="Velvet Curtain / Feeling That Way" Artist="Journey" Composer="" Album="Time³" Grouping="" Genre="Lounge/Rock" Kind="MP3 File" Size="11404041" TotalTime="273" DiscNumber="1" TrackNumber="7" Year="1992" AverageBpm="143.95" DateAdded="2023-05-27" BitRate="320" SampleRate="44100" Comments="8B - 5" PlayCount="0" Rating="0" Location="file://localhost/Users/zachvp/Music/DJ/_parental%20jams/1-07%20Velvet%20Curtain%20_%20Feeling%20That%20Way.mp3" Remixer="" Tonality="8B" Label="" Mix="">
      <TEMPO Inizio="0.156" Bpm="143.95" Metro="4/4" Battito="4" />
    </TRACK>
    <TRACK TrackID="91995242" Name="Dazed And Confused" Artist="Led Zeppelin" Composer="Jimmy Page" Album="Led Zeppelin [Disc 1]" Grouping="" Genre="Lounge/Rock" Kind="MP3 File" Size="15448155" TotalTime="386" DiscNumber="1" TrackNumber="8" Year="1969" AverageBpm="93.41" DateAdded="2023-05-27" BitRate="320" SampleRate="44100" Comments="9A - 5" PlayCount="0" Rating="0" Location="file://localhost/Users/zachvp/Music/DJ/_parental%20jams/1-08%20Dazed%20And%20Confused.mp3" Remixer="" Tonality="9A" Label="" Mix="">
      <TEMPO Inizio="0.304" Bpm="93.41" Metro="4/4" Battito="1" />
      <TEMPO Inizio="49.120" Bpm="93.41" Metro="4/4" Battito="1" />
      <TEMPO Inizio="84.447" Bpm="93.41" Metro="4/4" Battito="4" />
      <TEMPO Inizio="125.555" Bpm="93.41" Metro="4/4" Battito="4" />
      <TEMPO Inizio="162.809" Bpm="93.41" Metro="4/4" Battito="2" />
      <TEMPO Inizio="201.990" Bpm="93.41" Metro="4/4" Battito="3" />
      <TEMPO Inizio="239.244" Bpm="93.41" Metro="4/4" Battito="1" />
      <TEMPO Inizio="280.352" Bpm="93.41" Metro="4/4" Battito="1" />
      <TEMPO Inizio="317.606" Bpm="93.41" Metro="4/4" Battito="3" />
      <TEMPO Inizio="356.787" Bpm="93.41" Metro="4/4" Battito="4" />
    </TRACK>
    <TRACK TrackID="16547106" Name="Wanna Be Startin' Somethin'" Artist="Michael Jackson" Composer="Michael Jackson/Various" Album="HIStory: Greatest Hits, Vol. 1 [Disc 1]" Grouping="" Genre="Lounge/Rock" Kind="MP3 File" Size="14569440" TotalTime="364" DiscNumber="1" TrackNumber="14" Year="1982" AverageBpm="122.20" DateAdded="2023-05-27" BitRate="320" SampleRate="44100" Comments="10B - 7" PlayCount="0" Rating="0" Location="file://localhost/Users/zachvp/Music/DJ/_parental%20jams/1-14%20Wanna%20Be%20Startin%27%20Somethin%27.mp3" Remixer="" Tonality="10B" Label="" Mix="">
      <TEMPO Inizio="0.243" Bpm="122.20" Metro="4/4" Battito="3" />
      <TEMPO Inizio="55.233" Bpm="122.20" Metro="4/4" Battito="3" />
      <TEMPO Inizio="125.934" Bpm="122.20" Metro="4/4" Battito="3" />
      <TEMPO Inizio="246.715" Bpm="122.20" Metro="4/4" Battito="1" />
      <TEMPO Inizio="317.416" Bpm="122.20" Metro="4/4" Battito="1" />
    </TRACK>
    <TRACK TrackID="225434452" Name="The Zephyr Song" Artist="Red Hot Chili Peppers" Composer="" Album="The Zephyr Song-CDM1" Grouping="" Genre="Lounge/Rock" Kind="MP3 File" Size="9330258" TotalTime="233" DiscNumber="0" TrackNumber="1" Year="2002" AverageBpm="117.36" DateAdded="2023-05-27" BitRate="320" SampleRate="44100" Comments="10B - 7" PlayCount="0" Rating="0" Location="file://localhost/Users/zachvp/Music/DJ/_parental%20jams/01-red_hot_chili_peppers-the_zephyr_song-ph.mp3" Remixer="" Tonality="10B" Label="" Mix="">
      <TEMPO Inizio="0.417" Bpm="117.36" Metro="4/4" Battito="1" />
      <TEMPO Inizio="41.827" Bpm="117.36" Metro="4/4" Battito="2" />
      <TEMPO Inizio="81.192" Bpm="117.36" Metro="4/4" Battito="3" />
      <TEMPO Inizio="120.557" Bpm="117.36" Metro="4/4" Battito="4" />
      <TEMPO Inizio="159.922" Bpm="117.36" Metro="4/4" Battito="1" />
      <TEMPO Inizio="201.332" Bpm="117.36" Metro="4/4" Battito="2" />
    </TRACK>
    <TRACK TrackID="259177212" Name="A. Immigrant Song" Artist="Led Zeppelin" Composer="" Album="BBC Sessions Disc 2" Grouping="" Genre="Lounge/Rock" Kind="MP3 File" Size="8023137" TotalTime="200" DiscNumber="0" TrackNumber="1" Year="0" AverageBpm="119.01" DateAdded="2023-05-27" BitRate="320" SampleRate="44100" Comments="11A - 7" PlayCount="0" Rating="0" Location="file://localhost/Users/zachvp/Music/DJ/_parental%20jams/01.%20A.%20Immigrant%20Song.mp3" Remixer="" Tonality="11A" Label="" Mix="">
      <TEMPO Inizio="0.097" Bpm="119.01" Metro="4/4" Battito="3" />
      <TEMPO Inizio="0.602" Bpm="119.01" Metro="4/4" Battito="4" />
      <TEMPO Inizio="23.794" Bpm="119.01" Metro="4/4" Battito="2" />
      <TEMPO Inizio="50.515" Bpm="119.01" Metro="4/4" Battito="3" />
      <TEMPO Inizio="74.211" Bpm="119.01" Metro="4/4" Battito="2" />
      <TEMPO Inizio="97.907" Bpm="119.01" Metro="4/4" Battito="1" />
      <TEMPO Inizio="121.603" Bpm="119.01" Metro="4/4" Battito="4" />
      <TEMPO Inizio="145.299" Bpm="119.01" Metro="4/4" Battito="3" />
      <TEMPO Inizio="168.995" Bpm="119.01" Metro="4/4" Battito="2" />
      <TEMPO Inizio="192.187" Bpm="119.01" Metro="4/4" Battito="4" />
      <POSITION_MARK Name="" Type="0" Start="9.160" Num="-1" />
    </TRACK>
    <TRACK TrackID="189562107" Name="Down To The Waterline" Artist="Dire Straits" Composer="Mark Knopfler" Album="Money For Nothing" Grouping="" Genre="Lounge/Rock" Kind="MP3 File" Size="9643749" TotalTime="241" DiscNumber="1" TrackNumber="2" Year="1978" AverageBpm="138.84" DateAdded="2023-05-27" BitRate="320" SampleRate="44100" Comments="10A - 4" PlayCount="1" Rating="0" Location="file://localhost/Users/zachvp/Music/DJ/_parental%20jams/02%20Down%20To%20The%20Waterline.mp3" Remixer="" Tonality="10A" Label="" Mix="">
      <TEMPO Inizio="0.189" Bpm="138.84" Metro="4/4" Battito="4" />
      <TEMPO Inizio="1.054" Bpm="138.84" Metro="4/4" Battito="2" />
      <TEMPO Inizio="32.600" Bpm="138.84" Metro="4/4" Battito="3" />
      <TEMPO Inizio="66.739" Bpm="138.84" Metro="4/4" Battito="2" />
      <TEMPO Inizio="100.878" Bpm="138.84" Metro="4/4" Battito="1" />
      <TEMPO Inizio="135.017" Bpm="138.84" Metro="4/4" Battito="4" />
      <TEMPO Inizio="169.588" Bpm="138.84" Metro="4/4" Battito="4" />
      <TEMPO Inizio="206.752" Bpm="138.84" Metro="4/4" Battito="2" />
    </TRACK>
    <TRACK TrackID="17087132" Name="Fire" Artist="Jimi Hendrix" Composer="Jimi Hendrix" Album="Experience Hendrix: The Best of Jimi Hendrix" Grouping="" Genre="Lounge/Rock" Kind="MP3 File" Size="6551909" TotalTime="163" DiscNumber="0" TrackNumber="2" Year="1998" AverageBpm="154.94" DateAdded="2023-05-27" BitRate="320" SampleRate="44100" Comments="7A - 6" PlayCount="1" Rating="0" Location="file://localhost/Users/zachvp/Music/DJ/_parental%20jams/02%20Fire%20Experience%20Hendrix-%20The%20Best%20of%20Jimi%20Hendrix%20Jimi%20Hendrix.mp3" Remixer="" Tonality="7A" Label="" Mix="">
      <TEMPO Inizio="0.252" Bpm="154.95" Metro="4/4" Battito="3" />
      <TEMPO Inizio="0.640" Bpm="154.95" Metro="4/4" Battito="4" />
      <POSITION_MARK Name="" Type="0" Start="23.025" Num="-1" />
    </TRACK>
    <TRACK TrackID="77873423" Name="Jump" Artist="Van Halen" Composer="" Album="" Grouping="" Genre="Lounge/Rock" Kind="MP3 File" Size="9740840" TotalTime="243" DiscNumber="0" TrackNumber="2" Year="1984" AverageBpm="129.81" DateAdded="2023-05-27" BitRate="320" SampleRate="44100" Comments="8B - 7" PlayCount="0" Rating="0" Location="file://localhost/Users/zachvp/Music/DJ/_parental%20jams/02%20Jump.mp3" Remixer="" Tonality="8B" Label="" Mix="">
      <TEMPO Inizio="0.315" Bpm="129.81" Metro="4/4" Battito="1" />
      <TEMPO Inizio="60.864" Bpm="129.81" Metro="4/4" Battito="4" />
      <TEMPO Inizio="127.884" Bpm="129.81" Metro="4/4" Battito="1" />
      <TEMPO Inizio="188.433" Bpm="129.81" Metro="4/4" Battito="4" />
    </TRACK>
    <TRACK TrackID="71983823" Name="Jungle Love" Artist="Steve Miller Band" Composer="David Denny/Lonnie Turner &amp; Greg Douglass" Album="Greatest Hits 1974-78" Grouping="" Genre="Lounge/Rock" Kind="MP3 File" Size="7578013" TotalTime="189" DiscNumber="1" TrackNumber="2" Year="1978" AverageBpm="144.48" DateAdded="2023-05-27" BitRate="320" SampleRate="44100" Comments="6A - 6" PlayCount="0" Rating="0" Location="file://localhost/Users/zachvp/Music/DJ/_parental%20jams/02%20Jungle%20Love.mp3" Remixer="" Tonality="6A" Label="" Mix="">
      <TEMPO Inizio="0.272" Bpm="144.48" Metro="4/4" Battito="3" />
      <TEMPO Inizio="99.525" Bpm="144.48" Metro="4/4" Battito="2" />
    </TRACK>
    <TRACK TrackID="81581686" Name="New Sensation" Artist="INXS" Composer="Andrew Farriss, Michael Hutchence" Album="Kick" Grouping="" Genre="Lounge/Rock" Kind="MP3 File" Size="8817226" TotalTime="220" DiscNumber="1" TrackNumber="2" Year="1987" AverageBpm="115.44" DateAdded="2023-05-27" BitRate="320" SampleRate="44100" Comments="12B - 6" PlayCount="0" Rating="0" Location="file://localhost/Users/zachvp/Music/DJ/_parental%20jams/02%20New%20Sensation.mp3" Remixer="" Tonality="12B" Label="" Mix="">
      <TEMPO Inizio="0.107" Bpm="115.44" Metro="4/4" Battito="1" />
    </TRACK>
    <TRACK TrackID="97746594" Name="Our Lips Are Sealed" Artist="The Go‐Go’s" Composer="" Album="VH1 Behind the Music: Go-Go’s Collection" Grouping="" Genre="Lounge/Rock" Kind="MP3 File" Size="6967879" TotalTime="163" DiscNumber="1" TrackNumber="2" Year="2000" AverageBpm="130.40" DateAdded="2023-05-27" BitRate="320" SampleRate="44100" Comments="4B - 7" PlayCount="0" Rating="0" Location="file://localhost/Users/zachvp/Music/DJ/_parental%20jams/02%20Our%20Lips%20Are%20Sealed.mp3" Remixer="" Tonality="4B" Label="" Mix="">
      <TEMPO Inizio="0.436" Bpm="130.40" Metro="4/4" Battito="1" />
      <TEMPO Inizio="1.357" Bpm="130.40" Metro="4/4" Battito="3" />
      <TEMPO Inizio="29.425" Bpm="130.40" Metro="4/4" Battito="4" />
      <TEMPO Inizio="64.855" Bpm="130.40" Metro="4/4" Battito="1" />
      <TEMPO Inizio="100.285" Bpm="130.40" Metro="4/4" Battito="2" />
      <TEMPO Inizio="128.353" Bpm="130.40" Metro="4/4" Battito="3" />
    </TRACK>
    <TRACK TrackID="132669969" Name="Shine It All Around" Artist="Various Artists" Composer="" Album="Hard as a Rock" Grouping="" Genre="Lounge/Rock" Kind="MP3 File" Size="9815086" TotalTime="245" DiscNumber="1" TrackNumber="2" Year="2005" AverageBpm="80.44" DateAdded="2023-05-27" BitRate="320" SampleRate="44100" Comments="11A - 5" PlayCount="0" Rating="0" Location="file://localhost/Users/zachvp/Music/DJ/_parental%20jams/02%20Robert%20Plant%20and%20the%20Strange%20Sensation%20-%20Shine%20It%20All%20Around.mp3" Remixer="" Tonality="11A" Label="" Mix="">
      <TEMPO Inizio="0.391" Bpm="80.44" Metro="4/4" Battito="4" />
    </TRACK>
    <TRACK TrackID="152004463" Name="The Low Spark Of High-Heeled Boys" Artist="Traffic" Composer="Steve Winwood/Jim Capaldi" Album="The Low Spark Of High Heeled Boys" Grouping="" Genre="Lounge/Rock" Kind="MP3 File" Size="27985922" TotalTime="699" DiscNumber="1" TrackNumber="2" Year="1971" AverageBpm="107.31" DateAdded="2023-05-27" BitRate="320" SampleRate="44100" Comments="7A - 4" PlayCount="1" Rating="0" Location="file://localhost/Users/zachvp/Music/DJ/_parental%20jams/02%20The%20Low%20Spark%20Of%20High-Heeled%20Boys.mp3" Remixer="" Tonality="7A" Label="" Mix="">
      <TEMPO Inizio="0.154" Bpm="107.31" Metro="4/4" Battito="3" />
      <TEMPO Inizio="10.778" Bpm="107.31" Metro="4/4" Battito="2" />
      <TEMPO Inizio="25.875" Bpm="107.31" Metro="4/4" Battito="1" />
      <TEMPO Inizio="40.972" Bpm="107.31" Metro="4/4" Battito="4" />
      <TEMPO Inizio="51.596" Bpm="107.31" Metro="4/4" Battito="3" />
      <TEMPO Inizio="66.693" Bpm="107.31" Metro="4/4" Battito="2" />
      <TEMPO Inizio="81.790" Bpm="107.31" Metro="4/4" Battito="1" />
      <TEMPO Inizio="96.887" Bpm="107.31" Metro="4/4" Battito="4" />
      <TEMPO Inizio="111.425" Bpm="107.31" Metro="4/4" Battito="2" />
      <TEMPO Inizio="126.522" Bpm="107.31" Metro="4/4" Battito="1" />
      <TEMPO Inizio="141.619" Bpm="107.31" Metro="4/4" Battito="4" />
      <TEMPO Inizio="156.157" Bpm="107.31" Metro="4/4" Battito="2" />
      <TEMPO Inizio="171.254" Bpm="107.31" Metro="4/4" Battito="1" />
      <TEMPO Inizio="186.351" Bpm="107.31" Metro="4/4" Battito="4" />
      <TEMPO Inizio="201.448" Bpm="107.31" Metro="4/4" Battito="3" />
      <TEMPO Inizio="212.072" Bpm="107.31" Metro="4/4" Battito="2" />
      <TEMPO Inizio="227.169" Bpm="107.31" Metro="4/4" Battito="1" />
      <TEMPO Inizio="242.266" Bpm="107.31" Metro="4/4" Battito="4" />
      <TEMPO Inizio="257.363" Bpm="107.31" Metro="4/4" Battito="3" />
      <TEMPO Inizio="271.901" Bpm="107.31" Metro="4/4" Battito="1" />
      <TEMPO Inizio="286.998" Bpm="107.31" Metro="4/4" Battito="4" />
      <TEMPO Inizio="302.095" Bpm="107.31" Metro="4/4" Battito="3" />
      <TEMPO Inizio="312.719" Bpm="107.31" Metro="4/4" Battito="2" />
      <TEMPO Inizio="331.730" Bpm="107.31" Metro="4/4" Battito="4" />
      <TEMPO Inizio="346.827" Bpm="107.31" Metro="4/4" Battito="3" />
      <TEMPO Inizio="361.924" Bpm="107.31" Metro="4/4" Battito="2" />
      <TEMPO Inizio="372.548" Bpm="107.31" Metro="4/4" Battito="1" />
      <TEMPO Inizio="387.645" Bpm="107.31" Metro="4/4" Battito="4" />
      <TEMPO Inizio="402.742" Bpm="107.31" Metro="4/4" Battito="3" />
      <TEMPO Inizio="417.280" Bpm="107.31" Metro="4/4" Battito="1" />
      <TEMPO Inizio="432.377" Bpm="107.31" Metro="4/4" Battito="4" />
      <TEMPO Inizio="447.474" Bpm="107.31" Metro="4/4" Battito="3" />
      <TEMPO Inizio="462.571" Bpm="107.31" Metro="4/4" Battito="2" />
      <TEMPO Inizio="477.109" Bpm="107.31" Metro="4/4" Battito="4" />
      <TEMPO Inizio="492.206" Bpm="107.31" Metro="4/4" Battito="3" />
      <TEMPO Inizio="507.303" Bpm="107.31" Metro="4/4" Battito="2" />
      <TEMPO Inizio="522.400" Bpm="107.31" Metro="4/4" Battito="1" />
      <TEMPO Inizio="533.024" Bpm="107.31" Metro="4/4" Battito="4" />
      <TEMPO Inizio="552.035" Bpm="107.31" Metro="4/4" Battito="2" />
      <TEMPO Inizio="567.132" Bpm="107.31" Metro="4/4" Battito="1" />
      <TEMPO Inizio="577.756" Bpm="107.31" Metro="4/4" Battito="4" />
      <TEMPO Inizio="592.853" Bpm="107.31" Metro="4/4" Battito="3" />
      <TEMPO Inizio="607.950" Bpm="107.31" Metro="4/4" Battito="2" />
      <TEMPO Inizio="623.047" Bpm="107.31" Metro="4/4" Battito="1" />
      <TEMPO Inizio="637.585" Bpm="107.31" Metro="4/4" Battito="3" />
      <TEMPO Inizio="652.682" Bpm="107.31" Metro="4/4" Battito="2" />
      <TEMPO Inizio="667.779" Bpm="107.31" Metro="4/4" Battito="1" />
      <TEMPO Inizio="682.317" Bpm="107.31" Metro="4/4" Battito="3" />
      <TEMPO Inizio="697.414" Bpm="107.31" Metro="4/4" Battito="2" />
    </TRACK>
    <TRACK TrackID="4998614" Name="Dreams" Artist="Fleetwood Mac" Composer="" Album="Rumors" Grouping="" Genre="Lounge/Rock" Kind="MP3 File" Size="10238232" TotalTime="255" DiscNumber="0" TrackNumber="0" Year="1977" AverageBpm="120.29" DateAdded="2023-05-27" BitRate="320" SampleRate="44100" Comments="8B - 5" PlayCount="1" Rating="0" Location="file://localhost/Users/zachvp/Music/DJ/_parental%20jams/02_dreams-faf.mp3" Remixer="" Tonality="8B" Label="" Mix="">
      <TEMPO Inizio="0.039" Bpm="120.29" Metro="4/4" Battito="3" />
    </TRACK>
    <TRACK TrackID="88950418" Name="Rip this Joint" Artist="The Rolling Stones" Composer="Keith Richards/Mick Jagger" Album="Exile On Main St" Grouping="" Genre="Lounge/Rock" Kind="MP3 File" Size="5653297" TotalTime="141" DiscNumber="0" TrackNumber="2" Year="1972" AverageBpm="98.27" DateAdded="2023-05-27" BitRate="320" SampleRate="44100" Comments="10B - 4" PlayCount="1" Rating="0" Location="file://localhost/Users/zachvp/Music/DJ/_parental%20jams/02_the_rolling_stones_rip_this_joint-faf.mp3" Remixer="" Tonality="10B" Label="" Mix="">
      <TEMPO Inizio="0.227" Bpm="98.27" Metro="4/4" Battito="1" />
    </TRACK>
    <TRACK TrackID="257256891" Name="Setting Me Up" Artist="Eric Clapton" Composer="Mark Knopfler/Knopfler" Album="Just One Night [Disc 2]" Grouping="" Genre="Lounge/Rock" Kind="MP3 File" Size="11089894" TotalTime="277" DiscNumber="2" TrackNumber="2" Year="1980" AverageBpm="112.77" DateAdded="2023-05-27" BitRate="320" SampleRate="44100" Comments="10B - 5" PlayCount="0" Rating="0" Location="file://localhost/Users/zachvp/Music/DJ/_parental%20jams/2-02%20Setting%20Me%20Up.mp3" Remixer="" Tonality="10B" Label="" Mix="">
      <TEMPO Inizio="0.018" Bpm="112.77" Metro="4/4" Battito="4" />
      <TEMPO Inizio="12.788" Bpm="112.77" Metro="4/4" Battito="4" />
      <TEMPO Inizio="34.071" Bpm="112.77" Metro="4/4" Battito="4" />
      <TEMPO Inizio="55.886" Bpm="112.77" Metro="4/4" Battito="1" />
      <TEMPO Inizio="78.233" Bpm="112.77" Metro="4/4" Battito="3" />
      <TEMPO Inizio="100.048" Bpm="112.77" Metro="4/4" Battito="4" />
      <TEMPO Inizio="122.395" Bpm="112.77" Metro="4/4" Battito="2" />
      <TEMPO Inizio="143.678" Bpm="112.77" Metro="4/4" Battito="2" />
      <TEMPO Inizio="165.493" Bpm="112.77" Metro="4/4" Battito="3" />
      <TEMPO Inizio="187.840" Bpm="112.77" Metro="4/4" Battito="1" />
      <TEMPO Inizio="210.187" Bpm="112.77" Metro="4/4" Battito="3" />
      <TEMPO Inizio="232.002" Bpm="112.77" Metro="4/4" Battito="4" />
      <TEMPO Inizio="253.285" Bpm="112.77" Metro="4/4" Battito="4" />
      <TEMPO Inizio="275.632" Bpm="112.77" Metro="4/4" Battito="2" />
    </TRACK>
    <TRACK TrackID="80934398" Name="Walking on Sunshine" Artist="Various Artists" Composer="" Album="Michael Juul Sørensens 80'er favoritter" Grouping="" Genre="Lounge/Rock" Kind="MP3 File" Size="9405512" TotalTime="235" DiscNumber="2" TrackNumber="8" Year="2001" AverageBpm="109.84" DateAdded="2023-05-27" BitRate="320" SampleRate="44100" Comments="6B - 7" PlayCount="0" Rating="0" Location="file://localhost/Users/zachvp/Music/DJ/_parental%20jams/2-08%20Katrina%20and%20the%20Waves%20-%20Walking%20on%20Sunshine.mp3" Remixer="" Tonality="6B" Label="" Mix="">
      <TEMPO Inizio="0.533" Bpm="109.84" Metro="4/4" Battito="1" />
      <TEMPO Inizio="1.080" Bpm="109.84" Metro="4/4" Battito="2" />
      <TEMPO Inizio="13.098" Bpm="109.84" Metro="4/4" Battito="4" />
      <TEMPO Inizio="31.671" Bpm="109.84" Metro="4/4" Battito="2" />
      <TEMPO Inizio="52.429" Bpm="109.84" Metro="4/4" Battito="4" />
      <TEMPO Inizio="73.187" Bpm="109.84" Metro="4/4" Battito="2" />
      <TEMPO Inizio="91.760" Bpm="109.84" Metro="4/4" Battito="4" />
      <TEMPO Inizio="108.148" Bpm="109.84" Metro="4/4" Battito="2" />
      <TEMPO Inizio="128.906" Bpm="109.84" Metro="4/4" Battito="4" />
      <TEMPO Inizio="147.479" Bpm="109.84" Metro="4/4" Battito="2" />
      <TEMPO Inizio="168.237" Bpm="109.84" Metro="4/4" Battito="4" />
      <TEMPO Inizio="184.625" Bpm="109.84" Metro="4/4" Battito="2" />
      <TEMPO Inizio="203.198" Bpm="109.84" Metro="4/4" Battito="4" />
      <TEMPO Inizio="223.956" Bpm="109.84" Metro="4/4" Battito="2" />
    </TRACK>
    <TRACK TrackID="141444052" Name="Wheel in the Sky" Artist="Journey" Composer="" Album="Time³" Grouping="" Genre="Lounge/Rock" Kind="MP3 File" Size="13042425" TotalTime="314" DiscNumber="2" TrackNumber="10" Year="1992" AverageBpm="118.16" DateAdded="2023-05-27" BitRate="320" SampleRate="44100" Comments="7A - 7" PlayCount="0" Rating="0" Location="file://localhost/Users/zachvp/Music/DJ/_parental%20jams/2-10%20Wheel%20in%20the%20Sky.mp3" Remixer="" Tonality="7A" Label="" Mix="">
      <TEMPO Inizio="0.039" Bpm="118.16" Metro="4/4" Battito="3" />
    </TRACK>
    <TRACK TrackID="202811863" Name="Rock With You" Artist="Michael Jackson" Composer="" Album="Number Ones" Grouping="" Genre="Lounge/Rock" Kind="MP3 File" Size="8839138" TotalTime="220" DiscNumber="0" TrackNumber="2" Year="2003" AverageBpm="114.33" DateAdded="2023-05-27" BitRate="320" SampleRate="44100" Comments="1A - 7" PlayCount="2" Rating="0" Location="file://localhost/Users/zachvp/Music/DJ/_parental%20jams/02-michael_jackson-rock_with_you-rns.mp3" Remixer="" Tonality="1A" Label="" Mix="">
      <TEMPO Inizio="0.171" Bpm="114.33" Metro="4/4" Battito="1" />
      <POSITION_MARK Name="" Type="0" Start="0.141" Num="-1" />
    </TRACK>
    <TRACK TrackID="179986654" Name="Aeroplane" Artist="Red Hot Chili Peppers" Composer="" Album="One Hot Minute" Grouping="" Genre="Lounge/Rock" Kind="MP3 File" Size="11407579" TotalTime="285" DiscNumber="0" TrackNumber="2" Year="0" AverageBpm="101.48" DateAdded="2023-05-27" BitRate="320" SampleRate="44100" Comments="8B - 6" PlayCount="0" Rating="0" Location="file://localhost/Users/zachvp/Music/DJ/_parental%20jams/02.%20Aeroplane.mp3" Remixer="" Tonality="8B" Label="" Mix="">
      <TEMPO Inizio="0.544" Bpm="101.48" Metro="4/4" Battito="4" />
    </TRACK>
    <TRACK TrackID="218764311" Name="Couldn't stand the weather" Artist="Stevie Ray Vaughan" Composer="" Album="Couldn't stand the weather" Grouping="" Genre="Lounge/Rock" Kind="MP3 File" Size="11264415" TotalTime="281" DiscNumber="0" TrackNumber="2" Year="0" AverageBpm="121.88" DateAdded="2023-05-27" BitRate="320" SampleRate="44100" Comments="12A - 5" PlayCount="0" Rating="0" Location="file://localhost/Users/zachvp/Music/DJ/_parental%20jams/02.%20Couldn%27t%20stand%20the%20weat.mp3" Remixer="" Tonality="12A" Label="" Mix="">
      <TEMPO Inizio="0.169" Bpm="121.88" Metro="4/4" Battito="1" />
      <TEMPO Inizio="0.662" Bpm="121.88" Metro="4/4" Battito="2" />
      <TEMPO Inizio="16.908" Bpm="121.88" Metro="4/4" Battito="3" />
      <TEMPO Inizio="33.154" Bpm="121.88" Metro="4/4" Battito="4" />
      <TEMPO Inizio="49.400" Bpm="121.88" Metro="4/4" Battito="1" />
      <TEMPO Inizio="65.646" Bpm="121.88" Metro="4/4" Battito="2" />
      <TEMPO Inizio="81.892" Bpm="121.88" Metro="4/4" Battito="3" />
      <TEMPO Inizio="98.138" Bpm="121.88" Metro="4/4" Battito="4" />
      <TEMPO Inizio="114.384" Bpm="121.88" Metro="4/4" Battito="1" />
      <TEMPO Inizio="130.630" Bpm="121.88" Metro="4/4" Battito="2" />
      <TEMPO Inizio="146.876" Bpm="121.88" Metro="4/4" Battito="3" />
      <TEMPO Inizio="159.676" Bpm="121.88" Metro="4/4" Battito="1" />
      <TEMPO Inizio="179.368" Bpm="121.88" Metro="4/4" Battito="1" />
      <TEMPO Inizio="195.614" Bpm="121.88" Metro="4/4" Battito="2" />
      <TEMPO Inizio="211.860" Bpm="121.88" Metro="4/4" Battito="3" />
      <TEMPO Inizio="224.660" Bpm="121.88" Metro="4/4" Battito="1" />
      <TEMPO Inizio="240.906" Bpm="121.88" Metro="4/4" Battito="2" />
      <TEMPO Inizio="257.152" Bpm="121.88" Metro="4/4" Battito="3" />
      <TEMPO Inizio="273.398" Bpm="121.88" Metro="4/4" Battito="4" />
    </TRACK>
    <TRACK TrackID="211651573" Name="Evil - Derek and the Dominos" Artist="Eric Clapton" Composer="" Album="Crossroads" Grouping="" Genre="Lounge/Rock" Kind="MP3 File" Size="10629156" TotalTime="265" DiscNumber="0" TrackNumber="2" Year="0" AverageBpm="97.21" DateAdded="2023-05-27" BitRate="320" SampleRate="44100" Comments="9A - 7" PlayCount="1" Rating="0" Location="file://localhost/Users/zachvp/Music/DJ/_parental%20jams/02.%20Evil%20-%20Derek%20and%20the%20Do.mp3" Remixer="" Tonality="9A" Label="" Mix="">
      <TEMPO Inizio="0.190" Bpm="97.21" Metro="4/4" Battito="1" />
      <TEMPO Inizio="0.808" Bpm="97.21" Metro="4/4" Battito="2" />
      <TEMPO Inizio="21.794" Bpm="97.21" Metro="4/4" Battito="4" />
      <TEMPO Inizio="42.780" Bpm="97.21" Metro="4/4" Battito="2" />
      <TEMPO Inizio="69.321" Bpm="97.21" Metro="4/4" Battito="1" />
      <TEMPO Inizio="90.307" Bpm="97.21" Metro="4/4" Battito="3" />
      <TEMPO Inizio="116.848" Bpm="97.21" Metro="4/4" Battito="2" />
      <TEMPO Inizio="137.834" Bpm="97.21" Metro="4/4" Battito="4" />
      <TEMPO Inizio="164.375" Bpm="97.21" Metro="4/4" Battito="3" />
      <TEMPO Inizio="190.916" Bpm="97.21" Metro="4/4" Battito="2" />
      <TEMPO Inizio="211.902" Bpm="97.21" Metro="4/4" Battito="4" />
      <TEMPO Inizio="238.443" Bpm="97.21" Metro="4/4" Battito="3" />
      <TEMPO Inizio="259.429" Bpm="97.21" Metro="4/4" Battito="1" />
    </TRACK>
    <TRACK TrackID="144643831" Name="Beer Drinkers &amp; Hell Raisers" Artist="ZZ Top" Composer="Hill/Beard" Album="Tres Hombres" Grouping="" Genre="Lounge/Rock" Kind="MP3 File" Size="8285375" TotalTime="207" DiscNumber="1" TrackNumber="3" Year="1973" AverageBpm="134.12" DateAdded="2023-05-27" BitRate="320" SampleRate="44100" Comments="6A - 7" PlayCount="1" Rating="0" Location="file://localhost/Users/zachvp/Music/DJ/_parental%20jams/03%20Beer%20Drinkers%20%26%20Hell%20Raisers.mp3" Remixer="" Tonality="6A" Label="" Mix="">
      <TEMPO Inizio="0.059" Bpm="134.12" Metro="4/4" Battito="3" />
      <TEMPO Inizio="0.507" Bpm="134.12" Metro="4/4" Battito="4" />
      <TEMPO Inizio="50.163" Bpm="134.12" Metro="4/4" Battito="3" />
      <TEMPO Inizio="99.819" Bpm="134.12" Metro="4/4" Battito="2" />
      <TEMPO Inizio="149.475" Bpm="134.12" Metro="4/4" Battito="1" />
      <TEMPO Inizio="199.131" Bpm="134.12" Metro="4/4" Battito="4" />
    </TRACK>
    <TRACK TrackID="88731573" Name="Crazy on You" Artist="Heart" Composer="" Album="Greatest Hits" Grouping="" Genre="Lounge/Rock" Kind="MP3 File" Size="12269626" TotalTime="295" DiscNumber="1" TrackNumber="3" Year="1986" AverageBpm="131.15" DateAdded="2023-05-27" BitRate="320" SampleRate="44100" Comments="8A - 6" PlayCount="1" Rating="0" Location="file://localhost/Users/zachvp/Music/DJ/_parental%20jams/03%20Crazy%20on%20You.mp3" Remixer="" Tonality="8A" Label="" Mix="">
      <TEMPO Inizio="0.220" Bpm="131.15" Metro="4/4" Battito="3" />
      <TEMPO Inizio="0.678" Bpm="131.15" Metro="4/4" Battito="4" />
      <TEMPO Inizio="54.205" Bpm="131.15" Metro="4/4" Battito="1" />
      <TEMPO Inizio="81.655" Bpm="131.15" Metro="4/4" Battito="1" />
      <TEMPO Inizio="109.105" Bpm="131.15" Metro="4/4" Battito="1" />
      <TEMPO Inizio="136.555" Bpm="131.15" Metro="4/4" Battito="1" />
      <TEMPO Inizio="164.005" Bpm="131.15" Metro="4/4" Battito="1" />
      <TEMPO Inizio="194.200" Bpm="131.15" Metro="4/4" Battito="3" />
      <TEMPO Inizio="247.727" Bpm="131.15" Metro="4/4" Battito="4" />
      <TEMPO Inizio="275.177" Bpm="131.15" Metro="4/4" Battito="4" />
    </TRACK>
    <TRACK TrackID="156952590" Name="Darlington County" Artist="Bruce Springsteen" Composer="" Album="Born In The U.S.A." Grouping="" Genre="Lounge/Rock" Kind="MP3 File" Size="11615450" TotalTime="290" DiscNumber="1" TrackNumber="3" Year="1984" AverageBpm="118.83" DateAdded="2023-05-27" BitRate="320" SampleRate="44100" Comments="9B - 7" PlayCount="1" Rating="0" Location="file://localhost/Users/zachvp/Music/DJ/_parental%20jams/03%20Darlington%20County.mp3" Remixer="" Tonality="9B" Label="" Mix="">
      <TEMPO Inizio="0.403" Bpm="118.83" Metro="4/4" Battito="1" />
    </TRACK>
    <TRACK TrackID="259975230" Name="Elevation" Artist="U2" Composer="Adam Clayton/Bono/Larry Mullen/The Edge" Album="All That You Can't Leave Behind" Grouping="" Genre="Lounge/Rock" Kind="MP3 File" Size="9103555" TotalTime="227" DiscNumber="1" TrackNumber="3" Year="2000" AverageBpm="110.01" DateAdded="2023-05-27" BitRate="320" SampleRate="44100" Comments="9A - 7" PlayCount="0" Rating="0" Location="file://localhost/Users/zachvp/Music/DJ/_parental%20jams/03%20Elevation.mp3" Remixer="" Tonality="9A" Label="" Mix="">
      <TEMPO Inizio="0.303" Bpm="110.01" Metro="4/4" Battito="1" />
      <TEMPO Inizio="0.849" Bpm="110.01" Metro="4/4" Battito="2" />
      <TEMPO Inizio="23.755" Bpm="110.01" Metro="4/4" Battito="4" />
      <TEMPO Inizio="52.115" Bpm="110.01" Metro="4/4" Battito="4" />
      <TEMPO Inizio="80.475" Bpm="110.01" Metro="4/4" Battito="4" />
      <TEMPO Inizio="111.562" Bpm="110.01" Metro="4/4" Battito="1" />
      <TEMPO Inizio="139.922" Bpm="110.01" Metro="4/4" Battito="1" />
      <TEMPO Inizio="171.009" Bpm="110.01" Metro="4/4" Battito="2" />
      <TEMPO Inizio="202.096" Bpm="110.01" Metro="4/4" Battito="3" />
    </TRACK>
    <TRACK TrackID="245708774" Name="Flirting With Time" Artist="Tom Petty" Composer="" Album="Highway Companion" Grouping="" Genre="Lounge/Rock" Kind="MP3 File" Size="7831866" TotalTime="195" DiscNumber="1" TrackNumber="3" Year="2006" AverageBpm="119.20" DateAdded="2023-05-27" BitRate="320" SampleRate="44100" Comments="9B - 7" PlayCount="0" Rating="0" Location="file://localhost/Users/zachvp/Music/DJ/_parental%20jams/03%20Flirting%20With%20Time.mp3" Remixer="" Tonality="9B" Label="" Mix="">
      <TEMPO Inizio="0.232" Bpm="119.20" Metro="4/4" Battito="1" />
      <TEMPO Inizio="0.736" Bpm="119.20" Metro="4/4" Battito="2" />
      <TEMPO Inizio="26.911" Bpm="119.20" Metro="4/4" Battito="2" />
      <TEMPO Inizio="81.274" Bpm="119.20" Metro="4/4" Battito="2" />
      <TEMPO Inizio="135.637" Bpm="119.20" Metro="4/4" Battito="2" />
      <TEMPO Inizio="191.510" Bpm="119.20" Metro="4/4" Battito="1" />
    </TRACK>
    <TRACK TrackID="120829808" Name="God Put A Smile Upon Your Face" Artist="Coldplay" Composer="Guy Berryman, Jon Buckland, Will Champion, Chris Martin" Album="A Rush Of Blood To The Head" Grouping="" Genre="Lounge/Rock" Kind="MP3 File" Size="11973958" TotalTime="299" DiscNumber="1" TrackNumber="3" Year="2002" AverageBpm="126.50" DateAdded="2023-05-27" BitRate="320" SampleRate="44100" Comments="12A - 6" PlayCount="0" Rating="0" Location="file://localhost/Users/zachvp/Music/DJ/_parental%20jams/03%20God%20Put%20A%20Smile%20Upon%20Your%20Face.mp3" Remixer="" Tonality="12A" Label="" Mix="">
      <TEMPO Inizio="0.001" Bpm="126.50" Metro="4/4" Battito="1" />
      <TEMPO Inizio="3.796" Bpm="126.50" Metro="4/4" Battito="1" />
      <TEMPO Inizio="19.923" Bpm="126.50" Metro="4/4" Battito="3" />
      <TEMPO Inizio="42.216" Bpm="126.50" Metro="4/4" Battito="2" />
      <TEMPO Inizio="58.343" Bpm="126.50" Metro="4/4" Battito="4" />
      <TEMPO Inizio="74.470" Bpm="126.50" Metro="4/4" Battito="2" />
      <TEMPO Inizio="90.597" Bpm="126.50" Metro="4/4" Battito="4" />
      <TEMPO Inizio="112.890" Bpm="126.50" Metro="4/4" Battito="3" />
      <TEMPO Inizio="129.017" Bpm="126.50" Metro="4/4" Battito="1" />
      <TEMPO Inizio="145.144" Bpm="126.50" Metro="4/4" Battito="3" />
      <TEMPO Inizio="161.271" Bpm="126.50" Metro="4/4" Battito="1" />
      <TEMPO Inizio="183.564" Bpm="126.50" Metro="4/4" Battito="4" />
      <TEMPO Inizio="199.691" Bpm="126.50" Metro="4/4" Battito="2" />
      <TEMPO Inizio="215.818" Bpm="126.50" Metro="4/4" Battito="4" />
      <TEMPO Inizio="231.945" Bpm="126.50" Metro="4/4" Battito="2" />
      <TEMPO Inizio="254.238" Bpm="126.50" Metro="4/4" Battito="1" />
      <TEMPO Inizio="270.365" Bpm="126.50" Metro="4/4" Battito="3" />
      <TEMPO Inizio="286.492" Bpm="126.50" Metro="4/4" Battito="1" />
    </TRACK>
    <TRACK TrackID="28276285" Name="Have A Cigar" Artist="Pink Floyd" Composer="" Album="Wish You Were Here" Grouping="" Genre="Lounge/Rock" Kind="MP3 File" Size="12994710" TotalTime="324" DiscNumber="0" TrackNumber="0" Year="1997" AverageBpm="118.13" DateAdded="2023-05-27" BitRate="320" SampleRate="44100" Comments="9A - 4" PlayCount="1" Rating="0" Location="file://localhost/Users/zachvp/Music/DJ/_parental%20jams/03%20Have%20a%20Cigar%20.mp3" Remixer="" Tonality="9A" Label="" Mix="">
      <TEMPO Inizio="0.129" Bpm="118.13" Metro="4/4" Battito="1" />
    </TRACK>
    <TRACK TrackID="136779678" Name="I Turn My Camera On" Artist="Spoon" Composer="Britt Daniel &amp; Jim Eno" Album="Gimme Fiction" Grouping="" Genre="Lounge/Rock" Kind="MP3 File" Size="8490194" TotalTime="212" DiscNumber="1" TrackNumber="3" Year="2005" AverageBpm="100.12" DateAdded="2023-05-27" BitRate="320" SampleRate="44100" Comments="8A - 6" PlayCount="0" Rating="0" Location="file://localhost/Users/zachvp/Music/DJ/_parental%20jams/03%20I%20Turn%20My%20Camera%20On.mp3" Remixer="" Tonality="8A" Label="" Mix="">
      <TEMPO Inizio="0.479" Bpm="100.12" Metro="4/4" Battito="1" />
      <TEMPO Inizio="1.079" Bpm="100.12" Metro="4/4" Battito="2" />
      <TEMPO Inizio="14.863" Bpm="100.12" Metro="4/4" Battito="1" />
      <TEMPO Inizio="32.842" Bpm="100.12" Metro="4/4" Battito="3" />
      <TEMPO Inizio="42.431" Bpm="100.12" Metro="4/4" Battito="3" />
      <TEMPO Inizio="60.410" Bpm="100.12" Metro="4/4" Battito="1" />
      <TEMPO Inizio="69.999" Bpm="100.12" Metro="4/4" Battito="1" />
      <TEMPO Inizio="87.978" Bpm="100.12" Metro="4/4" Battito="3" />
      <TEMPO Inizio="101.762" Bpm="100.12" Metro="4/4" Battito="2" />
      <TEMPO Inizio="115.546" Bpm="100.12" Metro="4/4" Battito="1" />
      <TEMPO Inizio="129.330" Bpm="100.12" Metro="4/4" Battito="4" />
      <TEMPO Inizio="143.114" Bpm="100.12" Metro="4/4" Battito="3" />
      <TEMPO Inizio="156.898" Bpm="100.12" Metro="4/4" Battito="2" />
      <TEMPO Inizio="174.877" Bpm="100.12" Metro="4/4" Battito="4" />
      <TEMPO Inizio="184.466" Bpm="100.12" Metro="4/4" Battito="4" />
      <TEMPO Inizio="202.445" Bpm="100.12" Metro="4/4" Battito="2" />
    </TRACK>
    <TRACK TrackID="64518244" Name="New Year's Day" Artist="U2" Composer="" Album="War" Grouping="" Genre="Lounge/Rock" Kind="MP3 File" Size="13430404" TotalTime="335" DiscNumber="1" TrackNumber="3" Year="1983" AverageBpm="133.36" DateAdded="2023-05-27" BitRate="320" SampleRate="44100" Comments="1A - 6" PlayCount="0" Rating="0" Location="file://localhost/Users/zachvp/Music/DJ/_parental%20jams/03%20New%20Year%27s%20Day.mp3" Remixer="" Tonality="1A" Label="" Mix="">
      <TEMPO Inizio="0.428" Bpm="133.36" Metro="4/4" Battito="3" />
    </TRACK>
    <TRACK TrackID="1472513" Name="Running Man's Bible (Album Version)" Artist="Tom Petty And The Heartbreakers" Composer="Composer Information Unavailable" Album="Mojo" Grouping="" Genre="Lounge/Rock" Kind="MP3 File" Size="14548120" TotalTime="361" DiscNumber="0" TrackNumber="3" Year="2010" AverageBpm="135.49" DateAdded="2023-05-27" BitRate="320" SampleRate="44100" Comments="8A - 7" PlayCount="0" Rating="0" Location="file://localhost/Users/zachvp/Music/DJ/_parental%20jams/03%20Running%20Mans%20Bible.mp3" Remixer="" Tonality="8A" Label="" Mix="">
      <TEMPO Inizio="0.306" Bpm="135.49" Metro="4/4" Battito="2" />
    </TRACK>
    <TRACK TrackID="262954609" Name="Shake Your Hips" Artist="The Rolling Stones" Composer="James Moore/Slim Harpo" Album="Exile On Main St" Grouping="" Genre="Lounge/Rock" Kind="MP3 File" Size="7026290" TotalTime="175" DiscNumber="0" TrackNumber="3" Year="1972" AverageBpm="90.27" DateAdded="2023-05-27" BitRate="320" SampleRate="44100" Comments="8A - 4" PlayCount="1" Rating="0" Location="file://localhost/Users/zachvp/Music/DJ/_parental%20jams/03_the_rolling_stones_shake_your_hips-faf.mp3" Remixer="" Tonality="8A" Label="" Mix="">
      <TEMPO Inizio="0.319" Bpm="90.27" Metro="4/4" Battito="1" />
    </TRACK>
    <TRACK TrackID="7690467" Name="Whip It" Artist="DEVO" Composer="" Album="The Ultra DEVO-lux Ltd. Edition" Grouping="" Genre="Lounge/Rock" Kind="MP3 File" Size="7052964" TotalTime="164" DiscNumber="3" TrackNumber="3" Year="2009" AverageBpm="157.93" DateAdded="2023-05-27" BitRate="320" SampleRate="44100" Comments="9A - 7" PlayCount="2" Rating="0" Location="file://localhost/Users/zachvp/Music/DJ/_parental%20jams/3-03%20Whip%20It.mp3" Remixer="" Tonality="9A" Label="" Mix="">
      <TEMPO Inizio="0.014" Bpm="157.93" Metro="4/4" Battito="3" />
    </TRACK>
    <TRACK TrackID="94666222" Name="Super Freak" Artist="Rick James" Composer="" Album="Motown 50: Yesterday, Today, Forever" Grouping="" Genre="Lounge/Rock" Kind="MP3 File" Size="8570561" TotalTime="204" DiscNumber="3" TrackNumber="4" Year="2008" AverageBpm="132.44" DateAdded="2023-05-27" BitRate="320" SampleRate="44100" Comments="8A - 7" PlayCount="1" Rating="0" Location="file://localhost/Users/zachvp/Music/DJ/_parental%20jams/3-04%20Rick%20James%20-%20Super%20Freak.mp3" Remixer="" Tonality="8A" Label="" Mix="">
      <TEMPO Inizio="0.406" Bpm="132.44" Metro="4/4" Battito="1" />
      <TEMPO Inizio="4.937" Bpm="132.44" Metro="4/4" Battito="3" />
      <TEMPO Inizio="23.059" Bpm="132.44" Metro="4/4" Battito="3" />
      <TEMPO Inizio="41.181" Bpm="132.44" Metro="4/4" Battito="3" />
      <TEMPO Inizio="59.303" Bpm="132.44" Metro="4/4" Battito="3" />
      <TEMPO Inizio="77.425" Bpm="132.44" Metro="4/4" Battito="3" />
      <TEMPO Inizio="95.547" Bpm="132.44" Metro="4/4" Battito="3" />
      <TEMPO Inizio="113.669" Bpm="132.44" Metro="4/4" Battito="3" />
      <TEMPO Inizio="131.791" Bpm="132.44" Metro="4/4" Battito="3" />
      <TEMPO Inizio="149.460" Bpm="132.44" Metro="4/4" Battito="2" />
      <TEMPO Inizio="167.582" Bpm="132.44" Metro="4/4" Battito="2" />
      <TEMPO Inizio="185.704" Bpm="132.44" Metro="4/4" Battito="2" />
      <TEMPO Inizio="203.826" Bpm="132.44" Metro="4/4" Battito="2" />
    </TRACK>
    <TRACK TrackID="54866826" Name="Mi swing es tropical" Artist="Various Artists" Composer="" Album="Lounge Anthology" Grouping="" Genre="Lounge/Rock" Kind="MP3 File" Size="8976036" TotalTime="224" DiscNumber="3" TrackNumber="5" Year="2012" AverageBpm="100.01" DateAdded="2023-05-27" BitRate="320" SampleRate="44100" Comments="2B - 6" PlayCount="0" Rating="0" Location="file://localhost/Users/zachvp/Music/DJ/_parental%20jams/3-05%20Quantic%20%26%20Nickodemus%20-%20Mi%20swing%20es%20tropical.mp3" Remixer="" Tonality="2B" Label="" Mix="">
      <TEMPO Inizio="0.043" Bpm="100.01" Metro="4/4" Battito="4" />
    </TRACK>
    <TRACK TrackID="122369524" Name="Love Shack" Artist="Various Artists" Composer="" Album="Drivetime" Grouping="" Genre="Lounge/Rock" Kind="MP3 File" Size="13398262" TotalTime="324" DiscNumber="3" TrackNumber="8" Year="2005" AverageBpm="133.59" DateAdded="2023-05-27" BitRate="320" SampleRate="44100" Comments="5A - 7" PlayCount="0" Rating="0" Location="file://localhost/Users/zachvp/Music/DJ/_parental%20jams/3-08%20The%20B%e2%80%9052s%20-%20Love%20Shack.mp3" Remixer="" Tonality="5A" Label="" Mix="">
      <TEMPO Inizio="0.301" Bpm="133.59" Metro="4/4" Battito="2" />
      <TEMPO Inizio="21.860" Bpm="133.59" Metro="4/4" Battito="2" />
      <TEMPO Inizio="36.682" Bpm="133.59" Metro="4/4" Battito="3" />
      <TEMPO Inizio="57.792" Bpm="133.59" Metro="4/4" Battito="2" />
      <TEMPO Inizio="75.758" Bpm="133.59" Metro="4/4" Battito="2" />
      <TEMPO Inizio="97.317" Bpm="133.59" Metro="4/4" Battito="2" />
      <TEMPO Inizio="112.139" Bpm="133.59" Metro="4/4" Battito="3" />
      <TEMPO Inizio="133.698" Bpm="133.59" Metro="4/4" Battito="3" />
      <TEMPO Inizio="148.520" Bpm="133.59" Metro="4/4" Battito="4" />
      <TEMPO Inizio="169.630" Bpm="133.59" Metro="4/4" Battito="3" />
      <TEMPO Inizio="191.189" Bpm="133.59" Metro="4/4" Battito="3" />
      <TEMPO Inizio="206.011" Bpm="133.59" Metro="4/4" Battito="4" />
      <TEMPO Inizio="227.570" Bpm="133.59" Metro="4/4" Battito="4" />
      <TEMPO Inizio="242.392" Bpm="133.59" Metro="4/4" Battito="1" />
      <TEMPO Inizio="260.358" Bpm="133.59" Metro="4/4" Battito="1" />
      <TEMPO Inizio="281.917" Bpm="133.59" Metro="4/4" Battito="1" />
      <TEMPO Inizio="296.739" Bpm="133.59" Metro="4/4" Battito="2" />
      <TEMPO Inizio="318.298" Bpm="133.59" Metro="4/4" Battito="2" />
    </TRACK>
    <TRACK TrackID="17677016" Name="Sledgehammer" Artist="Peter Gabriel" Composer="" Album="Hit-ADVANCE" Grouping="" Genre="Lounge/Rock" Kind="MP3 File" Size="11668732" TotalTime="291" DiscNumber="0" TrackNumber="3" Year="2003" AverageBpm="96.39" DateAdded="2023-05-27" BitRate="320" SampleRate="44100" Comments="2A - 7" PlayCount="0" Rating="0" Location="file://localhost/Users/zachvp/Music/DJ/_parental%20jams/03-peter_gabriel-sledgehammer-esc.mp3" Remixer="" Tonality="2A" Label="" Mix="">
      <TEMPO Inizio="0.001" Bpm="96.39" Metro="4/4" Battito="3" />
      <TEMPO Inizio="0.624" Bpm="96.39" Metro="4/4" Battito="4" />
      <TEMPO Inizio="65.360" Bpm="96.39" Metro="4/4" Battito="4" />
      <TEMPO Inizio="160.597" Bpm="96.39" Metro="4/4" Battito="1" />
      <TEMPO Inizio="246.497" Bpm="96.39" Metro="4/4" Battito="3" />
    </TRACK>
    <TRACK TrackID="198833258" Name="Mercury Blues" Artist="Steve Miller Band" Composer="" Album="Box Set (Disc #3)" Grouping="" Genre="Lounge/Rock" Kind="MP3 File" Size="8924931" TotalTime="223" DiscNumber="0" TrackNumber="3" Year="0" AverageBpm="98.78" DateAdded="2023-05-27" BitRate="320" SampleRate="44100" Comments="11A - 4" PlayCount="0" Rating="0" Location="file://localhost/Users/zachvp/Music/DJ/_parental%20jams/03.%20Mercury%20Blues.mp3" Remixer="" Tonality="11A" Label="" Mix="">
      <TEMPO Inizio="0.198" Bpm="98.78" Metro="4/4" Battito="3" />
      <TEMPO Inizio="47.575" Bpm="98.78" Metro="4/4" Battito="1" />
      <TEMPO Inizio="94.952" Bpm="98.78" Metro="4/4" Battito="3" />
      <TEMPO Inizio="142.329" Bpm="98.78" Metro="4/4" Battito="1" />
      <TEMPO Inizio="189.706" Bpm="98.78" Metro="4/4" Battito="3" />
    </TRACK>
    <TRACK TrackID="37767632" Name="Rock Me Baby (With Eric Clapton)" Artist="B.B. King" Composer="" Album="Deuces Wild" Grouping="" Genre="Lounge/Rock" Kind="MP3 File" Size="15929904" TotalTime="398" DiscNumber="0" TrackNumber="3" Year="0" AverageBpm="83.89" DateAdded="2023-05-27" BitRate="320" SampleRate="44100" Comments="8A - 6" PlayCount="0" Rating="0" Location="file://localhost/Users/zachvp/Music/DJ/_parental%20jams/03.%20Rock%20Me%20Baby%20(With%20Eric.mp3" Remixer="" Tonality="8A" Label="" Mix="">
      <TEMPO Inizio="0.453" Bpm="83.89" Metro="4/4" Battito="1" />
      <TEMPO Inizio="180.688" Bpm="83.89" Metro="4/4" Battito="1" />
    </TRACK>
    <TRACK TrackID="392005" Name="Texas Flood" Artist="Stevie Ray Vaughan" Composer="" Album="Texas Flood" Grouping="" Genre="Lounge/Rock" Kind="MP3 File" Size="12864175" TotalTime="321" DiscNumber="0" TrackNumber="3" Year="0" AverageBpm="114.63" DateAdded="2023-05-27" BitRate="320" SampleRate="44100" Comments="11A - 5" PlayCount="1" Rating="0" Location="file://localhost/Users/zachvp/Music/DJ/_parental%20jams/03.%20Texas%20Flood.mp3" Remixer="" Tonality="11A" Label="" Mix="">
      <TEMPO Inizio="0.437" Bpm="114.63" Metro="4/4" Battito="2" />
      <TEMPO Inizio="78.426" Bpm="114.63" Metro="4/4" Battito="3" />
      <TEMPO Inizio="160.079" Bpm="114.63" Metro="4/4" Battito="3" />
      <TEMPO Inizio="241.732" Bpm="114.63" Metro="4/4" Battito="3" />
    </TRACK>
    <TRACK TrackID="239131338" Name="Babe I'm Gonna Leave You" Artist="Led Zeppelin" Composer="" Album="Box Set (Disc 1)" Grouping="" Genre="Lounge/Rock" Kind="MP3 File" Size="16038471" TotalTime="400" DiscNumber="0" TrackNumber="4" Year="1990" AverageBpm="135.41" DateAdded="2023-05-27" BitRate="320" SampleRate="44100" Comments="8A - 5" PlayCount="1" Rating="0" Location="file://localhost/Users/zachvp/Music/DJ/_parental%20jams/04%20-%20babe%20i%27m%20gonna%20leave%20you.mp3" Remixer="" Tonality="8A" Label="" Mix="">
      <TEMPO Inizio="0.000" Bpm="135.42" Metro="4/4" Battito="1" />
      <TEMPO Inizio="56.713" Bpm="135.42" Metro="4/4" Battito="1" />
      <TEMPO Inizio="106.780" Bpm="135.42" Metro="4/4" Battito="2" />
      <TEMPO Inizio="163.493" Bpm="135.42" Metro="4/4" Battito="2" />
      <TEMPO Inizio="213.560" Bpm="135.42" Metro="4/4" Battito="3" />
      <TEMPO Inizio="270.273" Bpm="135.42" Metro="4/4" Battito="3" />
      <TEMPO Inizio="326.986" Bpm="135.42" Metro="4/4" Battito="3" />
      <TEMPO Inizio="383.699" Bpm="135.42" Metro="4/4" Battito="3" />
    </TRACK>
    <TRACK TrackID="173004808" Name="Pyramid" Artist="Wolfmother" Composer="Andrew Stockdale/Chris Ross/Myles Heskett" Album="Wolfmother (Australia)" Grouping="" Genre="Lounge/Rock" Kind="MP3 File" Size="10745057" TotalTime="268" DiscNumber="0" TrackNumber="4" Year="2005" AverageBpm="146.92" DateAdded="2023-05-27" BitRate="320" SampleRate="44100" Comments="6A - 6" PlayCount="0" Rating="0" Location="file://localhost/Users/zachvp/Music/DJ/_parental%20jams/04%20-%20Pyramid.mp3" Remixer="" Tonality="6A" Label="" Mix="">
      <TEMPO Inizio="0.008" Bpm="146.92" Metro="4/4" Battito="4" />
      <TEMPO Inizio="0.417" Bpm="146.92" Metro="4/4" Battito="1" />
      <TEMPO Inizio="14.711" Bpm="146.92" Metro="4/4" Battito="4" />
      <TEMPO Inizio="29.005" Bpm="146.92" Metro="4/4" Battito="3" />
      <TEMPO Inizio="43.299" Bpm="146.92" Metro="4/4" Battito="2" />
      <TEMPO Inizio="57.593" Bpm="146.92" Metro="4/4" Battito="1" />
      <TEMPO Inizio="71.887" Bpm="146.92" Metro="4/4" Battito="4" />
      <TEMPO Inizio="86.181" Bpm="146.92" Metro="4/4" Battito="3" />
      <TEMPO Inizio="100.475" Bpm="146.92" Metro="4/4" Battito="2" />
      <TEMPO Inizio="122.120" Bpm="146.92" Metro="4/4" Battito="3" />
      <TEMPO Inizio="136.414" Bpm="146.92" Metro="4/4" Battito="2" />
      <TEMPO Inizio="150.708" Bpm="146.92" Metro="4/4" Battito="1" />
      <TEMPO Inizio="165.002" Bpm="146.92" Metro="4/4" Battito="4" />
      <TEMPO Inizio="179.296" Bpm="146.92" Metro="4/4" Battito="3" />
      <TEMPO Inizio="193.590" Bpm="146.92" Metro="4/4" Battito="2" />
      <TEMPO Inizio="215.235" Bpm="146.92" Metro="4/4" Battito="3" />
      <TEMPO Inizio="229.529" Bpm="146.92" Metro="4/4" Battito="2" />
      <TEMPO Inizio="243.823" Bpm="146.92" Metro="4/4" Battito="1" />
      <TEMPO Inizio="258.117" Bpm="146.92" Metro="4/4" Battito="4" />
    </TRACK>
    <TRACK TrackID="250635503" Name="Africa Bamba" Artist="Carlos Santana" Composer="" Album="Supernatural" Grouping="" Genre="Lounge/Rock" Kind="MP3 File" Size="11306222" TotalTime="282" DiscNumber="0" TrackNumber="4" Year="0" AverageBpm="99.40" DateAdded="2023-05-27" BitRate="320" SampleRate="44100" Comments="8A - 4" PlayCount="1" Rating="0" Location="file://localhost/Users/zachvp/Music/DJ/_parental%20jams/04%20Africa%20Bamba.mp3" Remixer="" Tonality="8A" Label="" Mix="">
      <TEMPO Inizio="0.124" Bpm="99.40" Metro="4/4" Battito="1" />
    </TRACK>
    <TRACK TrackID="152881597" Name="Dosed" Artist="Red Hot Chili Peppers" Composer="Flea/Frusciante/Kiedis/Smith" Album="By The Way" Grouping="" Genre="Lounge/Rock" Kind="MP3 File" Size="12486917" TotalTime="312" DiscNumber="1" TrackNumber="4" Year="2002" AverageBpm="104.55" DateAdded="2023-05-27" BitRate="320" SampleRate="44100" Comments="9B - 4" PlayCount="1" Rating="0" Location="file://localhost/Users/zachvp/Music/DJ/_parental%20jams/04%20Dosed.mp3" Remixer="" Tonality="9B" Label="" Mix="">
      <TEMPO Inizio="0.521" Bpm="104.55" Metro="4/4" Battito="3" />
    </TRACK>
    <TRACK TrackID="109047515" Name="I'm A Believer" Artist="The Monkees" Composer="Neil Diamond" Album="The Monkees Greatest Hits" Grouping="" Genre="Lounge/Rock" Kind="MP3 File" Size="6672058" TotalTime="166" DiscNumber="1" TrackNumber="4" Year="1966" AverageBpm="160.03" DateAdded="2023-05-27" BitRate="320" SampleRate="44100" Comments="9B - 5" PlayCount="0" Rating="0" Location="file://localhost/Users/zachvp/Music/DJ/_parental%20jams/04%20I%27m%20A%20Believer.mp3" Remixer="" Tonality="9B" Label="" Mix="">
      <TEMPO Inizio="0.312" Bpm="160.03" Metro="4/4" Battito="1" />
    </TRACK>
    <TRACK TrackID="125676245" Name="La Do Da" Artist="Journey" Composer="" Album="Infinity" Grouping="" Genre="Lounge/Rock" Kind="MP3 File" Size="7227894" TotalTime="180" DiscNumber="1" TrackNumber="4" Year="1978" AverageBpm="149.11" DateAdded="2023-05-27" BitRate="320" SampleRate="44100" Comments="12B - 7" PlayCount="0" Rating="0" Location="file://localhost/Users/zachvp/Music/DJ/_parental%20jams/04%20La%20Do%20Da.mp3" Remixer="" Tonality="12B" Label="" Mix="">
      <TEMPO Inizio="0.027" Bpm="149.11" Metro="4/4" Battito="1" />
      <TEMPO Inizio="0.430" Bpm="149.11" Metro="4/4" Battito="2" />
      <TEMPO Inizio="68.030" Bpm="149.11" Metro="4/4" Battito="2" />
      <TEMPO Inizio="137.642" Bpm="149.11" Metro="4/4" Battito="3" />
    </TRACK>
    <TRACK TrackID="235795914" Name="Need You Tonight" Artist="INXS" Composer="Andrew Farriss, Michael Hutchence" Album="Kick" Grouping="" Genre="Lounge/Rock" Kind="MP3 File" Size="7429604" TotalTime="185" DiscNumber="1" TrackNumber="4" Year="1987" AverageBpm="108.66" DateAdded="2023-05-27" BitRate="320" SampleRate="44100" Comments="5A - 6" PlayCount="0" Rating="0" Location="file://localhost/Users/zachvp/Music/DJ/_parental%20jams/04%20Need%20You%20Tonight.mp3" Remixer="" Tonality="5A" Label="" Mix="">
      <TEMPO Inizio="0.210" Bpm="108.66" Metro="4/4" Battito="1" />
      <TEMPO Inizio="46.040" Bpm="108.66" Metro="4/4" Battito="4" />
      <TEMPO Inizio="79.722" Bpm="108.66" Metro="4/4" Battito="1" />
      <TEMPO Inizio="113.404" Bpm="108.66" Metro="4/4" Battito="2" />
      <TEMPO Inizio="147.638" Bpm="108.66" Metro="4/4" Battito="4" />
      <TEMPO Inizio="181.320" Bpm="108.66" Metro="4/4" Battito="1" />
    </TRACK>
    <TRACK TrackID="185932103" Name="Rhiannon" Artist="Fleetwood Mac" Composer="Stevie Nicks" Album="Fleetwood Mac" Grouping="" Genre="Lounge/Rock" Kind="MP3 File" Size="10067961" TotalTime="251" DiscNumber="1" TrackNumber="4" Year="1975" AverageBpm="128.91" DateAdded="2023-05-27" BitRate="320" SampleRate="44100" Comments="8B - 5" PlayCount="1" Rating="0" Location="file://localhost/Users/zachvp/Music/DJ/_parental%20jams/04%20Rhiannon.mp3" Remixer="" Tonality="8B" Label="" Mix="" />
    <TRACK TrackID="172596746" Name="Rock N Roll Band" Artist="Boston" Composer="Tom Scholz" Album="Boston" Grouping="" Genre="Lounge/Rock" Kind="MP3 File" Size="7227919" TotalTime="180" DiscNumber="1" TrackNumber="4" Year="1976" AverageBpm="136.75" DateAdded="2023-05-27" BitRate="320" SampleRate="44100" Comments="12B - 7" PlayCount="1" Rating="0" Location="file://localhost/Users/zachvp/Music/DJ/_parental%20jams/04%20Rock%20N%20Roll%20Band.mp3" Remixer="" Tonality="12B" Label="" Mix="">
      <TEMPO Inizio="0.133" Bpm="136.75" Metro="4/4" Battito="1" />
    </TRACK>
    <TRACK TrackID="249002560" Name="Showdown" Artist="Electric Light Orchestra" Composer="Jeff Lynne" Album="Greatest Hits" Grouping="" Genre="Lounge/Rock" Kind="MP3 File" Size="9456704" TotalTime="236" DiscNumber="1" TrackNumber="4" Year="1973" AverageBpm="113.73" DateAdded="2023-05-27" BitRate="320" SampleRate="44100" Comments="5A - 6" PlayCount="0" Rating="0" Location="file://localhost/Users/zachvp/Music/DJ/_parental%20jams/04%20Showdown.mp3" Remixer="" Tonality="5A" Label="" Mix="">
      <TEMPO Inizio="0.047" Bpm="113.73" Metro="4/4" Battito="3" />
    </TRACK>
    <TRACK TrackID="126140260" Name="Six Blade Knife" Artist="Dire Straits" Composer="Knopfler, Mark" Album="Dire Straits" Grouping="" Genre="Lounge/Rock" Kind="MP3 File" Size="10110807" TotalTime="252" DiscNumber="1" TrackNumber="4" Year="1978" AverageBpm="117.78" DateAdded="2023-05-27" BitRate="320" SampleRate="44100" Comments="8A - 2" PlayCount="1" Rating="0" Location="file://localhost/Users/zachvp/Music/DJ/_parental%20jams/04%20Six%20Blade%20Knife.mp3" Remixer="" Tonality="8A" Label="" Mix="">
      <TEMPO Inizio="0.004" Bpm="117.78" Metro="4/4" Battito="3" />
      <TEMPO Inizio="33.625" Bpm="117.78" Metro="4/4" Battito="1" />
      <TEMPO Inizio="73.359" Bpm="117.78" Metro="4/4" Battito="3" />
      <TEMPO Inizio="116.659" Bpm="117.78" Metro="4/4" Battito="4" />
      <TEMPO Inizio="159.959" Bpm="117.78" Metro="4/4" Battito="1" />
      <TEMPO Inizio="203.259" Bpm="117.78" Metro="4/4" Battito="2" />
      <TEMPO Inizio="242.993" Bpm="117.78" Metro="4/4" Battito="4" />
    </TRACK>
    <TRACK TrackID="46767600" Name="Slide" Artist="Goo Goo Dolls" Composer="John Reznik" Album="Greatest Hits, Vol. 1: The Singles" Grouping="" Genre="Lounge/Rock" Kind="MP3 File" Size="8537202" TotalTime="213" DiscNumber="1" TrackNumber="4" Year="1998" AverageBpm="112.35" DateAdded="2023-05-27" BitRate="320" SampleRate="44100" Comments="4B - 6" PlayCount="0" Rating="0" Location="file://localhost/Users/zachvp/Music/DJ/_parental%20jams/04%20Slide.mp3" Remixer="" Tonality="4B" Label="" Mix="">
      <TEMPO Inizio="0.499" Bpm="112.35" Metro="4/4" Battito="3" />
      <TEMPO Inizio="13.849" Bpm="112.35" Metro="4/4" Battito="4" />
      <TEMPO Inizio="14.384" Bpm="112.35" Metro="4/4" Battito="1" />
      <TEMPO Inizio="47.493" Bpm="112.35" Metro="4/4" Battito="3" />
      <TEMPO Inizio="48.028" Bpm="112.35" Metro="4/4" Battito="4" />
      <TEMPO Inizio="98.227" Bpm="112.35" Metro="4/4" Battito="2" />
      <TEMPO Inizio="98.760" Bpm="112.35" Metro="4/4" Battito="3" />
      <TEMPO Inizio="99.295" Bpm="112.35" Metro="4/4" Battito="4" />
      <TEMPO Inizio="148.960" Bpm="112.35" Metro="4/4" Battito="1" />
      <TEMPO Inizio="149.493" Bpm="112.35" Metro="4/4" Battito="2" />
      <TEMPO Inizio="150.028" Bpm="112.35" Metro="4/4" Battito="3" />
      <TEMPO Inizio="200.227" Bpm="112.35" Metro="4/4" Battito="1" />
      <TEMPO Inizio="200.760" Bpm="112.35" Metro="4/4" Battito="2" />
      <TEMPO Inizio="201.295" Bpm="112.35" Metro="4/4" Battito="3" />
    </TRACK>
    <TRACK TrackID="59199606" Name="Solsbury Hill" Artist="Peter Gabriel" Composer="Peter Gabriel" Album="Vanilla Sky" Grouping="" Genre="Lounge/Rock" Kind="MP3 File" Size="10628695" TotalTime="263" DiscNumber="0" TrackNumber="4" Year="2001" AverageBpm="102.19" DateAdded="2023-05-27" BitRate="320" SampleRate="44100" Comments="1B - 5" PlayCount="0" Rating="0" Location="file://localhost/Users/zachvp/Music/DJ/_parental%20jams/04%20Solsbury%20Hill%20Vanilla%20Sky%20Peter%20Gabriel.mp3" Remixer="" Tonality="1B" Label="" Mix="">
      <TEMPO Inizio="0.060" Bpm="102.19" Metro="4/4" Battito="1" />
      <TEMPO Inizio="14.152" Bpm="102.19" Metro="4/4" Battito="1" />
      <TEMPO Inizio="28.244" Bpm="102.19" Metro="4/4" Battito="1" />
      <TEMPO Inizio="42.336" Bpm="102.19" Metro="4/4" Battito="1" />
      <TEMPO Inizio="56.428" Bpm="102.19" Metro="4/4" Battito="1" />
      <TEMPO Inizio="70.520" Bpm="102.19" Metro="4/4" Battito="1" />
      <TEMPO Inizio="84.612" Bpm="102.19" Metro="4/4" Battito="1" />
      <TEMPO Inizio="98.704" Bpm="102.19" Metro="4/4" Battito="1" />
      <TEMPO Inizio="112.796" Bpm="102.19" Metro="4/4" Battito="1" />
      <TEMPO Inizio="126.888" Bpm="102.19" Metro="4/4" Battito="1" />
      <TEMPO Inizio="140.980" Bpm="102.19" Metro="4/4" Battito="1" />
      <TEMPO Inizio="155.072" Bpm="102.19" Metro="4/4" Battito="1" />
      <TEMPO Inizio="173.274" Bpm="102.19" Metro="4/4" Battito="4" />
      <TEMPO Inizio="187.366" Bpm="102.19" Metro="4/4" Battito="4" />
      <TEMPO Inizio="197.348" Bpm="102.19" Metro="4/4" Battito="1" />
      <TEMPO Inizio="211.440" Bpm="102.19" Metro="4/4" Battito="1" />
      <TEMPO Inizio="229.642" Bpm="102.19" Metro="4/4" Battito="4" />
      <TEMPO Inizio="243.734" Bpm="102.19" Metro="4/4" Battito="4" />
      <TEMPO Inizio="257.826" Bpm="102.19" Metro="4/4" Battito="4" />
    </TRACK>
    <TRACK TrackID="210271335" Name="The Trip To Pirate's Cove (Album Version)" Artist="Tom Petty And The Heartbreakers" Composer="Composer Information Unavailable" Album="Mojo" Grouping="" Genre="Lounge/Rock" Kind="MP3 File" Size="12061269" TotalTime="299" DiscNumber="0" TrackNumber="4" Year="2010" AverageBpm="87.86" DateAdded="2023-05-27" BitRate="320" SampleRate="44100" Comments="9A - 3" PlayCount="1" Rating="0" Location="file://localhost/Users/zachvp/Music/DJ/_parental%20jams/04%20The%20Trip%20To%20Pirates%20Cove.mp3" Remixer="" Tonality="9A" Label="" Mix="">
      <TEMPO Inizio="0.353" Bpm="87.86" Metro="4/4" Battito="3" />
    </TRACK>
    <TRACK TrackID="139689740" Name="Track 04" Artist="" Composer="" Album="" Grouping="" Genre="Lounge/Rock" Kind="MP3 File" Size="7007355" TotalTime="175" DiscNumber="0" TrackNumber="4" Year="0" AverageBpm="132.35" DateAdded="2023-05-27" BitRate="320" SampleRate="44100" Comments="8A - 7" PlayCount="0" Rating="0" Location="file://localhost/Users/zachvp/Music/DJ/_parental%20jams/04%20Track%2004.mp3" Remixer="" Tonality="8A" Label="" Mix="">
      <TEMPO Inizio="0.080" Bpm="132.35" Metro="4/4" Battito="4" />
      <TEMPO Inizio="46.320" Bpm="132.35" Metro="4/4" Battito="2" />
      <TEMPO Inizio="74.426" Bpm="132.35" Metro="4/4" Battito="4" />
      <TEMPO Inizio="104.799" Bpm="132.35" Metro="4/4" Battito="3" />
      <TEMPO Inizio="135.172" Bpm="132.35" Metro="4/4" Battito="2" />
      <TEMPO Inizio="165.545" Bpm="132.35" Metro="4/4" Battito="1" />
    </TRACK>
    <TRACK TrackID="126542209" Name="Get on the Floor" Artist="Michael Jackson" Composer="" Album="Off The Wall CDM" Grouping="" Genre="Lounge/Rock" Kind="MP3 File" Size="11133732" TotalTime="278" DiscNumber="0" TrackNumber="0" Year="1979" AverageBpm="124.41" DateAdded="2023-05-27" BitRate="320" SampleRate="44100" Comments="7B - 7" PlayCount="1" Rating="0" Location="file://localhost/Users/zachvp/Music/DJ/_parental%20jams/04_get_on_the_floor-faf.mp3" Remixer="" Tonality="7B" Label="" Mix="">
      <TEMPO Inizio="0.183" Bpm="124.41" Metro="4/4" Battito="4" />
      <TEMPO Inizio="27.191" Bpm="124.41" Metro="4/4" Battito="4" />
      <TEMPO Inizio="62.880" Bpm="124.41" Metro="4/4" Battito="2" />
      <TEMPO Inizio="103.874" Bpm="124.41" Metro="4/4" Battito="3" />
      <TEMPO Inizio="144.868" Bpm="124.41" Metro="4/4" Battito="4" />
      <TEMPO Inizio="180.557" Bpm="124.41" Metro="4/4" Battito="2" />
      <TEMPO Inizio="221.551" Bpm="124.41" Metro="4/4" Battito="3" />
      <TEMPO Inizio="262.545" Bpm="124.41" Metro="4/4" Battito="4" />
    </TRACK>
    <TRACK TrackID="96215267" Name="Casino Boogie" Artist="The Rolling Stones" Composer="Keith Richards/Mick Jagger" Album="Exile On Main St" Grouping="" Genre="Lounge/Rock" Kind="MP3 File" Size="8402422" TotalTime="210" DiscNumber="0" TrackNumber="4" Year="1972" AverageBpm="117.03" DateAdded="2023-05-27" BitRate="320" SampleRate="44100" Comments="11B - 5" PlayCount="0" Rating="0" Location="file://localhost/Users/zachvp/Music/DJ/_parental%20jams/04_the_rolling_stones_casino_boogie-faf.mp3" Remixer="" Tonality="11B" Label="" Mix="">
      <TEMPO Inizio="0.421" Bpm="117.03" Metro="4/4" Battito="1" />
    </TRACK>
    <TRACK TrackID="134072674" Name="Rock Me" Artist="Various Artists" Composer="" Album="The Heavy Metal Box" Grouping="" Genre="Lounge/Rock" Kind="MP3 File" Size="17873587" TotalTime="441" DiscNumber="4" TrackNumber="2" Year="2007" AverageBpm="140.59" DateAdded="2023-05-27" BitRate="320" SampleRate="44100" Comments="11A - 6" PlayCount="1" Rating="0" Location="file://localhost/Users/zachvp/Music/DJ/_parental%20jams/4-02%20Great%20White%20-%20Rock%20Me.mp3" Remixer="" Tonality="11A" Label="" Mix="">
      <TEMPO Inizio="0.044" Bpm="140.59" Metro="4/4" Battito="3" />
    </TRACK>
    <TRACK TrackID="159540191" Name="Fool In The Rain" Artist="Led Zeppelin" Composer="Jimmy Page, Robert Plant &amp; John Paul Jones" Album="Led Zeppelin [Disc 4]" Grouping="" Genre="Lounge/Rock" Kind="MP3 File" Size="14938275" TotalTime="373" DiscNumber="4" TrackNumber="9" Year="1979" AverageBpm="128.82" DateAdded="2023-05-27" BitRate="320" SampleRate="44100" Comments="8B - 6" PlayCount="1" Rating="0" Location="file://localhost/Users/zachvp/Music/DJ/_parental%20jams/4-09%20Fool%20In%20The%20Rain.mp3" Remixer="" Tonality="8B" Label="" Mix="">
      <TEMPO Inizio="0.305" Bpm="128.82" Metro="4/4" Battito="1" />
    </TRACK>
    <TRACK TrackID="130292659" Name="Beat It" Artist="Michael Jackson" Composer="" Album="Number Ones" Grouping="" Genre="Lounge/Rock" Kind="MP3 File" Size="10340650" TotalTime="258" DiscNumber="0" TrackNumber="4" Year="2003" AverageBpm="138.82" DateAdded="2023-05-27" BitRate="320" SampleRate="44100" Comments="2A - 7" PlayCount="0" Rating="0" Location="file://localhost/Users/zachvp/Music/DJ/_parental%20jams/04-michael_jackson-beat_it-rns.mp3" Remixer="" Tonality="2A" Label="" Mix="" />
    <TRACK TrackID="103052822" Name="The Lovin' Cup" Artist="Steve Miller Band" Composer="" Album="Box Set (Disc #3)" Grouping="" Genre="Lounge/Rock" Kind="MP3 File" Size="5253161" TotalTime="131" DiscNumber="0" TrackNumber="4" Year="0" AverageBpm="134.63" DateAdded="2023-05-27" BitRate="320" SampleRate="44100" Comments="11B - 4" PlayCount="0" Rating="0" Location="file://localhost/Users/zachvp/Music/DJ/_parental%20jams/04.%20The%20Lovin%27%20Cup.mp3" Remixer="" Tonality="11B" Label="" Mix="">
      <TEMPO Inizio="0.363" Bpm="134.63" Metro="4/4" Battito="1" />
    </TRACK>
    <TRACK TrackID="106235757" Name="'39" Artist="Queen" Composer="Brian May" Album="A Night At The Opera" Grouping="" Genre="Lounge/Rock" Kind="MP3 File" Size="8438956" TotalTime="210" DiscNumber="1" TrackNumber="5" Year="1991" AverageBpm="101.52" DateAdded="2023-05-27" BitRate="320" SampleRate="44100" Comments="4B - 5" PlayCount="0" Rating="0" Location="file://localhost/Users/zachvp/Music/DJ/_parental%20jams/05%20%2739%201.mp3" Remixer="" Tonality="4B" Label="" Mix="">
      <TEMPO Inizio="0.317" Bpm="101.52" Metro="4/4" Battito="1" />
      <TEMPO Inizio="8.592" Bpm="101.52" Metro="4/4" Battito="3" />
      <TEMPO Inizio="49.964" Bpm="101.52" Metro="4/4" Battito="1" />
      <TEMPO Inizio="90.154" Bpm="101.52" Metro="4/4" Battito="1" />
      <TEMPO Inizio="132.117" Bpm="101.52" Metro="4/4" Battito="4" />
      <TEMPO Inizio="174.080" Bpm="101.52" Metro="4/4" Battito="3" />
    </TRACK>
    <TRACK TrackID="204548185" Name="1 2 3" Artist="Indigo Girls" Composer="Ray, Amy; McGuire, Chris; Seay, Cooper; Lilje, Bryan &amp; Bland, Scott" Album="Nomads Indians Saints" Grouping="" Genre="Lounge/Rock" Kind="MP3 File" Size="10258191" TotalTime="256" DiscNumber="1" TrackNumber="5" Year="1990" AverageBpm="127.05" DateAdded="2023-05-27" BitRate="320" SampleRate="44100" Comments="9A - 5" PlayCount="1" Rating="0" Location="file://localhost/Users/zachvp/Music/DJ/_parental%20jams/05%201%202%203.mp3" Remixer="" Tonality="9A" Label="" Mix="">
      <TEMPO Inizio="0.388" Bpm="127.05" Metro="4/4" Battito="1" />
      <TEMPO Inizio="0.861" Bpm="127.05" Metro="4/4" Battito="2" />
      <TEMPO Inizio="20.224" Bpm="127.05" Metro="4/4" Battito="3" />
      <TEMPO Inizio="52.338" Bpm="127.05" Metro="4/4" Battito="3" />
      <TEMPO Inizio="75.479" Bpm="127.05" Metro="4/4" Battito="4" />
      <TEMPO Inizio="107.593" Bpm="127.05" Metro="4/4" Battito="4" />
      <TEMPO Inizio="141.596" Bpm="127.05" Metro="4/4" Battito="4" />
      <TEMPO Inizio="173.710" Bpm="127.05" Metro="4/4" Battito="4" />
      <TEMPO Inizio="207.713" Bpm="127.05" Metro="4/4" Battito="4" />
      <TEMPO Inizio="239.827" Bpm="127.05" Metro="4/4" Battito="4" />
    </TRACK>
    <TRACK TrackID="45300315" Name="Am I Reaching You Now" Artist="Train" Composer="Pat Monahan" Album="For Me, It's You" Grouping="" Genre="Lounge/Rock" Kind="MP3 File" Size="8964555" TotalTime="224" DiscNumber="1" TrackNumber="5" Year="2006" AverageBpm="97.81" DateAdded="2023-05-27" BitRate="320" SampleRate="44100" Comments="9B - 7" PlayCount="1" Rating="0" Location="file://localhost/Users/zachvp/Music/DJ/_parental%20jams/05%20Am%20I%20Reaching%20You%20Now.mp3" Remixer="" Tonality="9B" Label="" Mix="">
      <TEMPO Inizio="0.390" Bpm="97.81" Metro="4/4" Battito="1" />
      <TEMPO Inizio="1.004" Bpm="97.81" Metro="4/4" Battito="2" />
      <TEMPO Inizio="11.433" Bpm="97.81" Metro="4/4" Battito="3" />
      <TEMPO Inizio="26.156" Bpm="97.81" Metro="4/4" Battito="3" />
      <TEMPO Inizio="36.585" Bpm="97.81" Metro="4/4" Battito="4" />
      <TEMPO Inizio="51.308" Bpm="97.81" Metro="4/4" Battito="4" />
      <TEMPO Inizio="61.737" Bpm="97.81" Metro="4/4" Battito="1" />
      <TEMPO Inizio="76.460" Bpm="97.81" Metro="4/4" Battito="1" />
      <TEMPO Inizio="86.889" Bpm="97.81" Metro="4/4" Battito="2" />
      <TEMPO Inizio="101.612" Bpm="97.81" Metro="4/4" Battito="2" />
      <TEMPO Inizio="112.041" Bpm="97.81" Metro="4/4" Battito="3" />
      <TEMPO Inizio="126.764" Bpm="97.81" Metro="4/4" Battito="3" />
      <TEMPO Inizio="137.193" Bpm="97.81" Metro="4/4" Battito="4" />
      <TEMPO Inizio="151.916" Bpm="97.81" Metro="4/4" Battito="4" />
      <TEMPO Inizio="162.345" Bpm="97.81" Metro="4/4" Battito="1" />
      <TEMPO Inizio="177.068" Bpm="97.81" Metro="4/4" Battito="1" />
      <TEMPO Inizio="187.497" Bpm="97.81" Metro="4/4" Battito="2" />
      <TEMPO Inizio="202.220" Bpm="97.81" Metro="4/4" Battito="2" />
      <TEMPO Inizio="216.943" Bpm="97.81" Metro="4/4" Battito="2" />
    </TRACK>
    <TRACK TrackID="144379004" Name="Jack" Artist="Tom Petty" Composer="" Album="Highway Companion" Grouping="" Genre="Lounge/Rock" Kind="MP3 File" Size="5947901" TotalTime="148" DiscNumber="1" TrackNumber="5" Year="2006" AverageBpm="115.22" DateAdded="2023-05-27" BitRate="320" SampleRate="44100" Comments="8A - 6" PlayCount="1" Rating="0" Location="file://localhost/Users/zachvp/Music/DJ/_parental%20jams/05%20Jack.mp3" Remixer="" Tonality="8A" Label="" Mix="">
      <TEMPO Inizio="0.225" Bpm="115.22" Metro="4/4" Battito="1" />
    </TRACK>
    <TRACK TrackID="60117414" Name="Only A Fool Would Say That" Artist="Steely Dan" Composer="Walter Becker &amp; Donald Fagen" Album="Can't Buy A Thrill" Grouping="" Genre="Lounge/Rock" Kind="MP3 File" Size="7110935" TotalTime="177" DiscNumber="1" TrackNumber="5" Year="1972" AverageBpm="129.90" DateAdded="2023-05-27" BitRate="320" SampleRate="44100" Comments="8A - 3" PlayCount="0" Rating="0" Location="file://localhost/Users/zachvp/Music/DJ/_parental%20jams/05%20Only%20A%20Fool%20Would%20Say%20That.mp3" Remixer="" Tonality="8A" Label="" Mix="">
      <TEMPO Inizio="0.205" Bpm="129.90" Metro="4/4" Battito="1" />
    </TRACK>
    <TRACK TrackID="230353939" Name="Roll With The Changes [Live]" Artist="REO Speedwagon" Composer="Kevin Cronin" Album="The Second Decade Of Rock And Roll, 1981 To 1991" Grouping="" Genre="Lounge/Rock" Kind="MP3 File" Size="12925813" TotalTime="323" DiscNumber="1" TrackNumber="5" Year="1991" AverageBpm="99.95" DateAdded="2023-05-27" BitRate="320" SampleRate="44100" Comments="8B - 6" PlayCount="0" Rating="0" Location="file://localhost/Users/zachvp/Music/DJ/_parental%20jams/05%20Roll%20With%20The%20Changes%20%5bLive%5d.mp3" Remixer="" Tonality="8B" Label="" Mix="">
      <TEMPO Inizio="0.460" Bpm="99.95" Metro="4/4" Battito="1" />
    </TRACK>
    <TRACK TrackID="29504222" Name="Smokin" Artist="Boston" Composer="Brad Delp; Tom Scholz" Album="Boston" Grouping="" Genre="Lounge/Rock" Kind="MP3 File" Size="10463969" TotalTime="261" DiscNumber="1" TrackNumber="5" Year="1976" AverageBpm="88.86" DateAdded="2023-05-27" BitRate="320" SampleRate="44100" Comments="8A - 6" PlayCount="1" Rating="0" Location="file://localhost/Users/zachvp/Music/DJ/_parental%20jams/05%20Smokin.mp3" Remixer="" Tonality="8A" Label="" Mix="">
      <TEMPO Inizio="0.539" Bpm="88.86" Metro="4/4" Battito="3" />
      <TEMPO Inizio="25.521" Bpm="88.86" Metro="4/4" Battito="4" />
      <TEMPO Inizio="56.580" Bpm="88.86" Metro="4/4" Battito="2" />
      <TEMPO Inizio="78.186" Bpm="88.86" Metro="4/4" Battito="2" />
      <TEMPO Inizio="109.920" Bpm="88.86" Metro="4/4" Battito="1" />
      <TEMPO Inizio="138.278" Bpm="88.86" Metro="4/4" Battito="3" />
      <TEMPO Inizio="166.636" Bpm="88.86" Metro="4/4" Battito="1" />
      <TEMPO Inizio="198.370" Bpm="88.86" Metro="4/4" Battito="4" />
      <TEMPO Inizio="229.429" Bpm="88.86" Metro="4/4" Battito="2" />
      <TEMPO Inizio="251.035" Bpm="88.86" Metro="4/4" Battito="2" />
    </TRACK>
    <TRACK TrackID="233030484" Name="Would I Lie To You?" Artist="Eurythmics" Composer="" Album="Eurythmics Greatest Hits" Grouping="" Genre="Lounge/Rock" Kind="MP3 File" Size="10681391" TotalTime="266" DiscNumber="0" TrackNumber="5" Year="0" AverageBpm="132.37" DateAdded="2023-05-27" BitRate="320" SampleRate="44100" Comments="8A - 7" PlayCount="1" Rating="0" Location="file://localhost/Users/zachvp/Music/DJ/_parental%20jams/05%20Would%20I%20Lie%20To%20You_.mp3" Remixer="" Tonality="8A" Label="" Mix="">
      <TEMPO Inizio="0.213" Bpm="132.37" Metro="4/4" Battito="4" />
      <TEMPO Inizio="56.418" Bpm="132.37" Metro="4/4" Battito="4" />
      <TEMPO Inizio="120.782" Bpm="132.37" Metro="4/4" Battito="2" />
      <TEMPO Inizio="185.146" Bpm="132.37" Metro="4/4" Battito="4" />
      <TEMPO Inizio="249.510" Bpm="132.37" Metro="4/4" Battito="2" />
    </TRACK>
    <TRACK TrackID="227389920" Name="Stevie Wonder Higher Ground" Artist="Stevie Wonder" Composer="" Album="Innervisions" Grouping="" Genre="Lounge/Rock" Kind="MP3 File" Size="8830781" TotalTime="220" DiscNumber="0" TrackNumber="0" Year="1973" AverageBpm="124.94" DateAdded="2023-05-27" BitRate="320" SampleRate="44100" Comments="2A - 7" PlayCount="0" Rating="0" Location="file://localhost/Users/zachvp/Music/DJ/_parental%20jams/05_stevie_wonder_higher_ground-faf.mp3" Remixer="" Tonality="2A" Label="" Mix="">
      <TEMPO Inizio="0.160" Bpm="124.94" Metro="4/4" Battito="1" />
      <TEMPO Inizio="35.696" Bpm="124.94" Metro="4/4" Battito="3" />
      <TEMPO Inizio="64.989" Bpm="124.94" Metro="4/4" Battito="4" />
      <TEMPO Inizio="92.361" Bpm="124.94" Metro="4/4" Battito="1" />
      <TEMPO Inizio="121.654" Bpm="124.94" Metro="4/4" Battito="2" />
      <TEMPO Inizio="149.026" Bpm="124.94" Metro="4/4" Battito="3" />
      <TEMPO Inizio="178.319" Bpm="124.94" Metro="4/4" Battito="4" />
      <TEMPO Inizio="201.369" Bpm="124.94" Metro="4/4" Battito="4" />
    </TRACK>
    <TRACK TrackID="254684901" Name="Cheap Sunglasses" Artist="Various Artists" Composer="" Album="Revolutions in Sound: Warner Bros. Records: The First Fifty Years" Grouping="" Genre="Lounge/Rock" Kind="MP3 File" Size="11928526" TotalTime="290" DiscNumber="5" TrackNumber="1" Year="2008" AverageBpm="92.57" DateAdded="2023-05-27" BitRate="320" SampleRate="44100" Comments="6A - 5" PlayCount="0" Rating="0" Location="file://localhost/Users/zachvp/Music/DJ/_parental%20jams/05-01%20ZZ%20Top%20-%20Cheap%20Sunglasses.mp3" Remixer="" Tonality="6A" Label="" Mix="">
      <TEMPO Inizio="0.481" Bpm="92.57" Metro="4/4" Battito="1" />
      <TEMPO Inizio="1.130" Bpm="92.57" Metro="4/4" Battito="2" />
      <TEMPO Inizio="46.500" Bpm="92.57" Metro="4/4" Battito="4" />
      <TEMPO Inizio="95.759" Bpm="92.57" Metro="4/4" Battito="4" />
      <TEMPO Inizio="141.129" Bpm="92.57" Metro="4/4" Battito="2" />
      <TEMPO Inizio="186.499" Bpm="92.57" Metro="4/4" Battito="4" />
      <TEMPO Inizio="235.758" Bpm="92.57" Metro="4/4" Battito="4" />
      <TEMPO Inizio="285.665" Bpm="92.57" Metro="4/4" Battito="1" />
    </TRACK>
    <TRACK TrackID="179263675" Name="Brick House" Artist="Various Artists" Composer="" Album="20th Century Disco" Grouping="" Genre="Lounge/Rock" Kind="MP3 File" Size="8796512" TotalTime="207" DiscNumber="5" TrackNumber="13" Year="1999" AverageBpm="107.95" DateAdded="2023-05-27" BitRate="320" SampleRate="44100" Comments="8A - 6" PlayCount="0" Rating="0" Location="file://localhost/Users/zachvp/Music/DJ/_parental%20jams/5-13%20Commodores%20-%20Brick%20House.mp3" Remixer="" Tonality="8A" Label="" Mix="">
      <TEMPO Inizio="0.289" Bpm="107.95" Metro="4/4" Battito="3" />
    </TRACK>
    <TRACK TrackID="138019252" Name="Behind The Barn" Artist="Steve Miller Band" Composer="" Album="Box Set (Disc #3)" Grouping="" Genre="Lounge/Rock" Kind="MP3 File" Size="8782827" TotalTime="219" DiscNumber="0" TrackNumber="5" Year="0" AverageBpm="174.19" DateAdded="2023-05-27" BitRate="320" SampleRate="44100" Comments="6B - 5" PlayCount="0" Rating="0" Location="file://localhost/Users/zachvp/Music/DJ/_parental%20jams/05.%20Behind%20The%20Barn.mp3" Remixer="" Tonality="6B" Label="" Mix="">
      <TEMPO Inizio="0.249" Bpm="174.19" Metro="4/4" Battito="3" />
      <TEMPO Inizio="60.527" Bpm="174.19" Metro="4/4" Battito="2" />
      <TEMPO Inizio="130.794" Bpm="174.19" Metro="4/4" Battito="2" />
      <TEMPO Inizio="201.750" Bpm="174.19" Metro="4/4" Battito="4" />
    </TRACK>
    <TRACK TrackID="139632885" Name="Blue Jean Blues" Artist="ZZ Top" Composer="" Album="Fandango" Grouping="" Genre="Lounge/Rock" Kind="MP3 File" Size="11425297" TotalTime="285" DiscNumber="0" TrackNumber="5" Year="0" AverageBpm="90.91" DateAdded="2023-05-27" BitRate="320" SampleRate="44100" Comments="10A - 3" PlayCount="1" Rating="0" Location="file://localhost/Users/zachvp/Music/DJ/_parental%20jams/05.%20Blue%20Jean%20Blues.mp3" Remixer="" Tonality="10A" Label="" Mix="">
      <TEMPO Inizio="0.325" Bpm="90.91" Metro="4/4" Battito="1" />
      <TEMPO Inizio="70.942" Bpm="90.91" Metro="4/4" Battito="4" />
      <TEMPO Inizio="159.378" Bpm="90.91" Metro="4/4" Battito="2" />
      <TEMPO Inizio="225.375" Bpm="90.91" Metro="4/4" Battito="2" />
    </TRACK>
    <TRACK TrackID="73656477" Name="Cold shot" Artist="Stevie Ray Vaughan" Composer="" Album="Couldn't stand the weather" Grouping="" Genre="Lounge/Rock" Kind="MP3 File" Size="9622863" TotalTime="240" DiscNumber="0" TrackNumber="5" Year="0" AverageBpm="112.49" DateAdded="2023-05-27" BitRate="320" SampleRate="44100" Comments="1A - 5" PlayCount="0" Rating="0" Location="file://localhost/Users/zachvp/Music/DJ/_parental%20jams/05.%20Cold%20shot.mp3" Remixer="" Tonality="1A" Label="" Mix="">
      <TEMPO Inizio="0.433" Bpm="112.49" Metro="4/4" Battito="1" />
      <TEMPO Inizio="38.302" Bpm="112.49" Metro="4/4" Battito="4" />
      <TEMPO Inizio="87.372" Bpm="112.49" Metro="4/4" Battito="4" />
      <TEMPO Inizio="136.442" Bpm="112.49" Metro="4/4" Battito="4" />
      <TEMPO Inizio="185.512" Bpm="112.49" Metro="4/4" Battito="4" />
      <TEMPO Inizio="234.582" Bpm="112.49" Metro="4/4" Battito="4" />
    </TRACK>
    <TRACK TrackID="51271251" Name="Driftin' Blues (live)" Artist="Eric Clapton" Composer="" Album="Crossroads 2 (Live In The Seventies) [2]" Grouping="" Genre="Lounge/Rock" Kind="MP3 File" Size="16743851" TotalTime="418" DiscNumber="0" TrackNumber="5" Year="0" AverageBpm="121.18" DateAdded="2023-05-27" BitRate="320" SampleRate="44100" Comments="9A - 4" PlayCount="1" Rating="0" Location="file://localhost/Users/zachvp/Music/DJ/_parental%20jams/05.%20Driftin%27%20Blues%20(live).mp3" Remixer="" Tonality="9A" Label="" Mix="">
      <TEMPO Inizio="0.457" Bpm="121.18" Metro="4/4" Battito="3" />
      <TEMPO Inizio="20.758" Bpm="121.18" Metro="4/4" Battito="4" />
      <TEMPO Inizio="48.981" Bpm="121.18" Metro="4/4" Battito="1" />
      <TEMPO Inizio="73.243" Bpm="121.18" Metro="4/4" Battito="2" />
      <TEMPO Inizio="97.505" Bpm="121.18" Metro="4/4" Battito="3" />
      <TEMPO Inizio="125.233" Bpm="121.18" Metro="4/4" Battito="3" />
      <TEMPO Inizio="153.456" Bpm="121.18" Metro="4/4" Battito="4" />
      <TEMPO Inizio="177.718" Bpm="121.18" Metro="4/4" Battito="1" />
      <TEMPO Inizio="201.980" Bpm="121.18" Metro="4/4" Battito="2" />
      <TEMPO Inizio="229.708" Bpm="121.18" Metro="4/4" Battito="2" />
      <TEMPO Inizio="257.931" Bpm="121.18" Metro="4/4" Battito="3" />
      <TEMPO Inizio="282.193" Bpm="121.18" Metro="4/4" Battito="4" />
      <TEMPO Inizio="306.455" Bpm="121.18" Metro="4/4" Battito="1" />
      <TEMPO Inizio="330.717" Bpm="121.18" Metro="4/4" Battito="2" />
      <TEMPO Inizio="358.940" Bpm="121.18" Metro="4/4" Battito="3" />
      <TEMPO Inizio="383.202" Bpm="121.18" Metro="4/4" Battito="4" />
      <TEMPO Inizio="407.464" Bpm="121.18" Metro="4/4" Battito="1" />
    </TRACK>
    <TRACK TrackID="26030641" Name="Joker &amp; The Thief" Artist="Wolfmother" Composer="Andrew Stockdale/Chris Ross/Myles Heskett" Album="Wolfmother (Australia)" Grouping="" Genre="Lounge/Rock" Kind="MP3 File" Size="11192283" TotalTime="279" DiscNumber="0" TrackNumber="6" Year="2005" AverageBpm="155.64" DateAdded="2023-05-27" BitRate="320" SampleRate="44100" Comments="7A - 7" PlayCount="0" Rating="0" Location="file://localhost/Users/zachvp/Music/DJ/_parental%20jams/06%20-%20Joker%20%26%20The%20Thief.mp3" Remixer="" Tonality="7A" Label="" Mix="">
      <TEMPO Inizio="0.074" Bpm="155.64" Metro="4/4" Battito="1" />
    </TRACK>
    <TRACK TrackID="76748165" Name="Apologies To Pearly" Artist="ZZ Top" Composer="Beard/Hill/Ham" Album="Rio Grande Mud" Grouping="" Genre="Lounge/Rock" Kind="MP3 File" Size="6687723" TotalTime="167" DiscNumber="1" TrackNumber="6" Year="1972" AverageBpm="142.84" DateAdded="2023-05-27" BitRate="320" SampleRate="44100" Comments="9A - 6" PlayCount="1" Rating="0" Location="file://localhost/Users/zachvp/Music/DJ/_parental%20jams/06%20Apologies%20To%20Pearly.mp3" Remixer="" Tonality="9A" Label="" Mix="">
      <TEMPO Inizio="0.344" Bpm="142.84" Metro="4/4" Battito="1" />
    </TRACK>
    <TRACK TrackID="81123461" Name="Cajun Song" Artist="Gin Blossoms" Composer="Jesse Valenzuela" Album="New Miserable Experience" Grouping="" Genre="Lounge/Rock" Kind="MP3 File" Size="7077508" TotalTime="176" DiscNumber="1" TrackNumber="6" Year="1992" AverageBpm="132.72" DateAdded="2023-05-27" BitRate="320" SampleRate="44100" Comments="11B - 7" PlayCount="0" Rating="0" Location="file://localhost/Users/zachvp/Music/DJ/_parental%20jams/06%20Cajun%20Song.mp3" Remixer="" Tonality="11B" Label="" Mix="">
      <TEMPO Inizio="0.191" Bpm="132.72" Metro="4/4" Battito="3" />
      <TEMPO Inizio="2.000" Bpm="132.72" Metro="4/4" Battito="3" />
      <TEMPO Inizio="21.440" Bpm="132.72" Metro="4/4" Battito="2" />
      <TEMPO Inizio="46.305" Bpm="132.72" Metro="4/4" Battito="1" />
      <TEMPO Inizio="65.745" Bpm="132.72" Metro="4/4" Battito="4" />
      <TEMPO Inizio="90.158" Bpm="132.72" Metro="4/4" Battito="2" />
      <TEMPO Inizio="115.023" Bpm="132.72" Metro="4/4" Battito="1" />
      <TEMPO Inizio="139.436" Bpm="132.72" Metro="4/4" Battito="3" />
      <TEMPO Inizio="164.301" Bpm="132.72" Metro="4/4" Battito="2" />
    </TRACK>
    <TRACK TrackID="82393757" Name="Fooling Yourself (The Angry Young Man)" Artist="Styx" Composer="Shaw, T" Album="Greatest Hits" Grouping="" Genre="Lounge/Rock" Kind="MP3 File" Size="13158785" TotalTime="328" DiscNumber="1" TrackNumber="6" Year="1995" AverageBpm="102.35" DateAdded="2023-05-27" BitRate="320" SampleRate="44100" Comments="10B - 6" PlayCount="0" Rating="0" Location="file://localhost/Users/zachvp/Music/DJ/_parental%20jams/06%20Fooling%20Yourself%20(The%20Angry%20Young.mp3" Remixer="" Tonality="10B" Label="" Mix="">
      <TEMPO Inizio="0.144" Bpm="102.35" Metro="4/4" Battito="1" />
      <TEMPO Inizio="31.799" Bpm="102.35" Metro="4/4" Battito="3" />
      <TEMPO Inizio="63.454" Bpm="102.35" Metro="4/4" Battito="1" />
      <TEMPO Inizio="89.833" Bpm="102.35" Metro="4/4" Battito="2" />
      <TEMPO Inizio="121.488" Bpm="102.35" Metro="4/4" Battito="4" />
      <TEMPO Inizio="153.143" Bpm="102.35" Metro="4/4" Battito="2" />
      <TEMPO Inizio="179.522" Bpm="102.35" Metro="4/4" Battito="3" />
      <TEMPO Inizio="211.177" Bpm="102.35" Metro="4/4" Battito="1" />
      <TEMPO Inizio="242.832" Bpm="102.35" Metro="4/4" Battito="3" />
      <TEMPO Inizio="269.211" Bpm="102.35" Metro="4/4" Battito="4" />
      <TEMPO Inizio="300.866" Bpm="102.35" Metro="4/4" Battito="2" />
      <POSITION_MARK Name="" Type="0" Start="77.411" Num="-1" />
    </TRACK>
    <TRACK TrackID="171602883" Name="Gone Fishin'" Artist="Lynyrd Skynyrd" Composer="" Album="Then And Now" Grouping="" Genre="Lounge/Rock" Kind="MP3 File" Size="10512023" TotalTime="262" DiscNumber="1" TrackNumber="6" Year="1999" AverageBpm="87.54" DateAdded="2023-05-27" BitRate="320" SampleRate="44100" Comments="9A - 6" PlayCount="1" Rating="0" Location="file://localhost/Users/zachvp/Music/DJ/_parental%20jams/06%20Gone%20Fishin%27.mp3" Remixer="" Tonality="9A" Label="" Mix="">
      <TEMPO Inizio="0.221" Bpm="87.54" Metro="4/4" Battito="3" />
      <TEMPO Inizio="31.063" Bpm="87.54" Metro="4/4" Battito="4" />
      <TEMPO Inizio="51.624" Bpm="87.54" Metro="4/4" Battito="2" />
      <TEMPO Inizio="75.612" Bpm="87.54" Metro="4/4" Battito="1" />
      <TEMPO Inizio="99.600" Bpm="87.54" Metro="4/4" Battito="4" />
      <TEMPO Inizio="123.588" Bpm="87.54" Metro="4/4" Battito="3" />
      <TEMPO Inizio="144.149" Bpm="87.54" Metro="4/4" Battito="1" />
      <TEMPO Inizio="168.137" Bpm="87.54" Metro="4/4" Battito="4" />
      <TEMPO Inizio="188.698" Bpm="87.54" Metro="4/4" Battito="2" />
      <TEMPO Inizio="212.686" Bpm="87.54" Metro="4/4" Battito="1" />
      <TEMPO Inizio="236.674" Bpm="87.54" Metro="4/4" Battito="4" />
      <TEMPO Inizio="260.662" Bpm="87.54" Metro="4/4" Battito="3" />
    </TRACK>
    <TRACK TrackID="213317637" Name="Hitch a Ride" Artist="Boston" Composer="Tom Scholz" Album="Boston" Grouping="" Genre="Lounge/Rock" Kind="MP3 File" Size="10072111" TotalTime="251" DiscNumber="0" TrackNumber="6" Year="1976" AverageBpm="116.00" DateAdded="2023-05-27" BitRate="320" SampleRate="44100" Comments="5B - 6" PlayCount="0" Rating="0" Location="file://localhost/Users/zachvp/Music/DJ/_parental%20jams/06%20Hitch%20a%20Ride%201.mp3" Remixer="" Tonality="5B" Label="" Mix="">
      <TEMPO Inizio="0.452" Bpm="116.00" Metro="4/4" Battito="1" />
      <TEMPO Inizio="28.382" Bpm="116.00" Metro="4/4" Battito="3" />
      <TEMPO Inizio="56.312" Bpm="116.00" Metro="4/4" Battito="1" />
      <TEMPO Inizio="84.242" Bpm="116.00" Metro="4/4" Battito="3" />
      <TEMPO Inizio="112.172" Bpm="116.00" Metro="4/4" Battito="1" />
      <TEMPO Inizio="140.102" Bpm="116.00" Metro="4/4" Battito="3" />
      <TEMPO Inizio="168.032" Bpm="116.00" Metro="4/4" Battito="1" />
      <TEMPO Inizio="195.962" Bpm="116.00" Metro="4/4" Battito="3" />
      <TEMPO Inizio="223.892" Bpm="116.00" Metro="4/4" Battito="1" />
      <TEMPO Inizio="251.822" Bpm="116.00" Metro="4/4" Battito="3" />
    </TRACK>
    <TRACK TrackID="61173112" Name="Turn This Car Around" Artist="Tom Petty" Composer="" Album="Highway Companion" Grouping="" Genre="Lounge/Rock" Kind="MP3 File" Size="9551770" TotalTime="238" DiscNumber="1" TrackNumber="6" Year="2006" AverageBpm="144.28" DateAdded="2023-05-27" BitRate="320" SampleRate="44100" Comments="9A - 7" PlayCount="0" Rating="0" Location="file://localhost/Users/zachvp/Music/DJ/_parental%20jams/06%20Turn%20This%20Car%20Around.mp3" Remixer="" Tonality="9A" Label="" Mix="">
      <TEMPO Inizio="0.147" Bpm="144.28" Metro="4/4" Battito="1" />
    </TRACK>
    <TRACK TrackID="208548250" Name="What I Like About You" Artist="The Romantics" Composer="" Album="Greatest Hits Of The 80's, Vol. 7" Grouping="" Genre="Lounge/Rock" Kind="MP3 File" Size="7094191" TotalTime="177" DiscNumber="1" TrackNumber="6" Year="1980" AverageBpm="159.88" DateAdded="2023-05-27" BitRate="320" SampleRate="44100" Comments="11B - 6" PlayCount="1" Rating="0" Location="file://localhost/Users/zachvp/Music/DJ/_parental%20jams/06%20What%20I%20Like%20About%20You.mp3" Remixer="" Tonality="11B" Label="" Mix="">
      <TEMPO Inizio="0.210" Bpm="159.88" Metro="4/4" Battito="1" />
      <TEMPO Inizio="2.087" Bpm="159.88" Metro="4/4" Battito="2" />
      <TEMPO Inizio="64.758" Bpm="159.88" Metro="4/4" Battito="1" />
      <TEMPO Inizio="139.438" Bpm="159.88" Metro="4/4" Battito="4" />
    </TRACK>
    <TRACK TrackID="15492258" Name="Everyday People" Artist="Sly and the Family Stone" Composer="" Album="Stand!" Grouping="" Genre="Lounge/Rock" Kind="MP3 File" Size="5584281" TotalTime="139" DiscNumber="0" TrackNumber="0" Year="1969" AverageBpm="115.08" DateAdded="2023-05-27" BitRate="320" SampleRate="44100" Comments="4B - 4" PlayCount="0" Rating="0" Location="file://localhost/Users/zachvp/Music/DJ/_parental%20jams/06_everyday_people-faf.mp3" Remixer="" Tonality="4B" Label="" Mix="">
      <TEMPO Inizio="0.322" Bpm="115.08" Metro="4/4" Battito="1" />
      <TEMPO Inizio="13.357" Bpm="115.08" Metro="4/4" Battito="2" />
      <TEMPO Inizio="43.076" Bpm="115.08" Metro="4/4" Battito="3" />
      <TEMPO Inizio="72.795" Bpm="115.08" Metro="4/4" Battito="4" />
      <TEMPO Inizio="102.514" Bpm="115.08" Metro="4/4" Battito="1" />
      <TEMPO Inizio="132.233" Bpm="115.08" Metro="4/4" Battito="2" />
    </TRACK>
    <TRACK TrackID="190970138" Name="Shining Star" Artist="Earth, Wind, &amp; Fire" Composer="" Album="Can You Dig It? The ’70s Soul Experience" Grouping="" Genre="Lounge/Rock" Kind="MP3 File" Size="7231984" TotalTime="172" DiscNumber="6" TrackNumber="1" Year="2001" AverageBpm="102.44" DateAdded="2023-05-27" BitRate="320" SampleRate="44100" Comments="9A - 4" PlayCount="0" Rating="0" Location="file://localhost/Users/zachvp/Music/DJ/_parental%20jams/6-01%20Earth,%20Wind%20%26%20Fire%20-%20Shining%20Star.mp3" Remixer="" Tonality="9A" Label="" Mix="">
      <TEMPO Inizio="0.287" Bpm="102.44" Metro="4/4" Battito="2" />
    </TRACK>
    <TRACK TrackID="183582342" Name="Losing My Religion" Artist="R.E.M." Composer="" Album="In Time-The Best Of REM 1988-2" Grouping="" Genre="Lounge/Rock" Kind="MP3 File" Size="10763859" TotalTime="269" DiscNumber="0" TrackNumber="6" Year="2003" AverageBpm="125.40" DateAdded="2023-05-27" BitRate="320" SampleRate="44100" Comments="8A - 6" PlayCount="0" Rating="0" Location="file://localhost/Users/zachvp/Music/DJ/_parental%20jams/06-rem-losing_my_religion-rns.mp3" Remixer="" Tonality="8A" Label="" Mix="">
      <TEMPO Inizio="0.047" Bpm="125.40" Metro="4/4" Battito="2" />
      <TEMPO Inizio="0.526" Bpm="125.40" Metro="4/4" Battito="3" />
      <TEMPO Inizio="31.147" Bpm="125.40" Metro="4/4" Battito="3" />
      <TEMPO Inizio="75.165" Bpm="125.40" Metro="4/4" Battito="3" />
      <TEMPO Inizio="120.140" Bpm="125.40" Metro="4/4" Battito="1" />
      <TEMPO Inizio="165.115" Bpm="125.40" Metro="4/4" Battito="3" />
      <TEMPO Inizio="209.133" Bpm="125.40" Metro="4/4" Battito="3" />
      <TEMPO Inizio="254.108" Bpm="125.40" Metro="4/4" Battito="1" />
    </TRACK>
    <TRACK TrackID="99008356" Name="Balinese" Artist="ZZ Top" Composer="" Album="Fandango" Grouping="" Genre="Lounge/Rock" Kind="MP3 File" Size="6339772" TotalTime="158" DiscNumber="0" TrackNumber="6" Year="0" AverageBpm="111.49" DateAdded="2023-05-27" BitRate="320" SampleRate="44100" Comments="8A - 6" PlayCount="0" Rating="0" Location="file://localhost/Users/zachvp/Music/DJ/_parental%20jams/06.%20Balinese.mp3" Remixer="" Tonality="8A" Label="" Mix="">
      <TEMPO Inizio="0.002" Bpm="111.49" Metro="4/4" Battito="3" />
      <TEMPO Inizio="60.277" Bpm="111.49" Metro="4/4" Battito="3" />
    </TRACK>
    <TRACK TrackID="153011519" Name="Fight From The Inside" Artist="Queen" Composer="" Album="News Of The World" Grouping="" Genre="Lounge/Rock" Kind="MP3 File" Size="7349184" TotalTime="183" DiscNumber="0" TrackNumber="6" Year="0" AverageBpm="89.85" DateAdded="2023-05-27" BitRate="320" SampleRate="44100" Comments="9A - 5" PlayCount="0" Rating="0" Location="file://localhost/Users/zachvp/Music/DJ/_parental%20jams/06.%20Fight%20From%20The%20Inside.mp3" Remixer="" Tonality="9A" Label="" Mix="">
      <TEMPO Inizio="0.100" Bpm="89.85" Metro="4/4" Battito="4" />
    </TRACK>
    <TRACK TrackID="128557275" Name="Easily" Artist="Red Hot Chili Peppers" Composer="Anthony Kiedis/Chad Smith/Flea/John Frusciante" Album="Californication" Grouping="" Genre="Lounge/Rock" Kind="MP3 File" Size="9259221" TotalTime="231" DiscNumber="0" TrackNumber="7" Year="1999" AverageBpm="126.25" DateAdded="2023-05-27" BitRate="320" SampleRate="44100" Comments="8A - 6" PlayCount="0" Rating="0" Location="file://localhost/Users/zachvp/Music/DJ/_parental%20jams/07%20-%20Easily.mp3" Remixer="" Tonality="8A" Label="" Mix="">
      <TEMPO Inizio="0.370" Bpm="126.25" Metro="4/4" Battito="1" />
      <TEMPO Inizio="14.628" Bpm="126.25" Metro="4/4" Battito="3" />
      <TEMPO Inizio="34.589" Bpm="126.25" Metro="4/4" Battito="1" />
      <TEMPO Inizio="58.352" Bpm="126.25" Metro="4/4" Battito="3" />
      <TEMPO Inizio="78.313" Bpm="126.25" Metro="4/4" Battito="1" />
      <TEMPO Inizio="98.274" Bpm="126.25" Metro="4/4" Battito="3" />
      <TEMPO Inizio="118.235" Bpm="126.25" Metro="4/4" Battito="1" />
      <TEMPO Inizio="138.196" Bpm="126.25" Metro="4/4" Battito="3" />
      <TEMPO Inizio="163.860" Bpm="126.25" Metro="4/4" Battito="1" />
      <TEMPO Inizio="183.821" Bpm="126.25" Metro="4/4" Battito="3" />
      <TEMPO Inizio="203.782" Bpm="126.25" Metro="4/4" Battito="1" />
      <TEMPO Inizio="223.743" Bpm="126.25" Metro="4/4" Battito="3" />
    </TRACK>
    <TRACK TrackID="174145434" Name="What I Am" Artist="Various Artists" Composer="" Album="VH1 Classic: The Cuts" Grouping="" Genre="Lounge/Rock" Kind="MP3 File" Size="12304412" TotalTime="300" DiscNumber="1" TrackNumber="7" Year="2003" AverageBpm="88.97" DateAdded="2023-05-27" BitRate="320" SampleRate="44100" Comments="10A - 4" PlayCount="0" Rating="0" Location="file://localhost/Users/zachvp/Music/DJ/_parental%20jams/07%20Edie%20Brickell%20%26%20New%20Bohemians%20-%20What%20I%20Am.mp3" Remixer="" Tonality="10A" Label="" Mix="">
      <TEMPO Inizio="0.547" Bpm="88.97" Metro="4/4" Battito="1" />
      <TEMPO Inizio="6.617" Bpm="88.97" Metro="4/4" Battito="2" />
      <TEMPO Inizio="21.454" Bpm="88.97" Metro="4/4" Battito="4" />
      <TEMPO Inizio="45.058" Bpm="88.97" Metro="4/4" Battito="3" />
      <TEMPO Inizio="59.895" Bpm="88.97" Metro="4/4" Battito="1" />
      <TEMPO Inizio="74.732" Bpm="88.97" Metro="4/4" Battito="3" />
      <TEMPO Inizio="89.569" Bpm="88.97" Metro="4/4" Battito="1" />
      <TEMPO Inizio="113.173" Bpm="88.97" Metro="4/4" Battito="4" />
      <TEMPO Inizio="128.010" Bpm="88.97" Metro="4/4" Battito="2" />
      <TEMPO Inizio="142.847" Bpm="88.97" Metro="4/4" Battito="4" />
      <TEMPO Inizio="161.056" Bpm="88.97" Metro="4/4" Battito="3" />
      <TEMPO Inizio="184.660" Bpm="88.97" Metro="4/4" Battito="2" />
      <TEMPO Inizio="199.497" Bpm="88.97" Metro="4/4" Battito="4" />
      <TEMPO Inizio="214.334" Bpm="88.97" Metro="4/4" Battito="2" />
      <TEMPO Inizio="237.938" Bpm="88.97" Metro="4/4" Battito="1" />
      <TEMPO Inizio="252.775" Bpm="88.97" Metro="4/4" Battito="3" />
      <TEMPO Inizio="267.612" Bpm="88.97" Metro="4/4" Battito="1" />
      <TEMPO Inizio="282.449" Bpm="88.97" Metro="4/4" Battito="3" />
    </TRACK>
    <TRACK TrackID="217675785" Name="Hands Are Tied" Artist="Gin Blossoms" Composer="Jesse Valenzuela" Album="New Miserable Experience" Grouping="" Genre="Lounge/Rock" Kind="MP3 File" Size="7925969" TotalTime="198" DiscNumber="1" TrackNumber="7" Year="1992" AverageBpm="73.36" DateAdded="2023-05-27" BitRate="320" SampleRate="44100" Comments="8A - 7" PlayCount="1" Rating="0" Location="file://localhost/Users/zachvp/Music/DJ/_parental%20jams/07%20Hands%20Are%20Tied.mp3" Remixer="" Tonality="8A" Label="" Mix="">
      <TEMPO Inizio="0.700" Bpm="73.36" Metro="4/4" Battito="1" />
    </TRACK>
    <TRACK TrackID="196891962" Name="Honey Bee" Artist="Tom Petty" Composer="Tom Petty" Album="Wildflowers" Grouping="" Genre="Lounge/Rock" Kind="MP3 File" Size="11947724" TotalTime="298" DiscNumber="1" TrackNumber="7" Year="1994" AverageBpm="93.43" DateAdded="2023-05-27" BitRate="320" SampleRate="44100" Comments="8A - 6" PlayCount="1" Rating="0" Location="file://localhost/Users/zachvp/Music/DJ/_parental%20jams/07%20Honey%20Bee.mp3" Remixer="" Tonality="8A" Label="" Mix="">
      <TEMPO Inizio="0.127" Bpm="93.43" Metro="4/4" Battito="3" />
      <TEMPO Inizio="0.770" Bpm="93.43" Metro="4/4" Battito="4" />
      <TEMPO Inizio="9.119" Bpm="93.43" Metro="4/4" Battito="1" />
      <TEMPO Inizio="20.679" Bpm="93.43" Metro="4/4" Battito="3" />
      <TEMPO Inizio="32.239" Bpm="93.43" Metro="4/4" Battito="1" />
      <TEMPO Inizio="50.221" Bpm="93.43" Metro="4/4" Battito="1" />
      <TEMPO Inizio="61.781" Bpm="93.43" Metro="4/4" Battito="3" />
      <TEMPO Inizio="73.341" Bpm="93.43" Metro="4/4" Battito="1" />
      <TEMPO Inizio="88.112" Bpm="93.43" Metro="4/4" Battito="4" />
      <TEMPO Inizio="99.672" Bpm="93.43" Metro="4/4" Battito="2" />
      <TEMPO Inizio="114.443" Bpm="93.43" Metro="4/4" Battito="1" />
      <TEMPO Inizio="129.214" Bpm="93.43" Metro="4/4" Battito="4" />
      <TEMPO Inizio="140.774" Bpm="93.43" Metro="4/4" Battito="2" />
      <TEMPO Inizio="152.334" Bpm="93.43" Metro="4/4" Battito="4" />
      <TEMPO Inizio="167.105" Bpm="93.43" Metro="4/4" Battito="3" />
      <TEMPO Inizio="178.665" Bpm="93.43" Metro="4/4" Battito="1" />
      <TEMPO Inizio="193.436" Bpm="93.43" Metro="4/4" Battito="4" />
      <TEMPO Inizio="204.996" Bpm="93.43" Metro="4/4" Battito="2" />
      <TEMPO Inizio="216.556" Bpm="93.43" Metro="4/4" Battito="4" />
      <TEMPO Inizio="234.538" Bpm="93.43" Metro="4/4" Battito="4" />
      <TEMPO Inizio="246.098" Bpm="93.43" Metro="4/4" Battito="2" />
      <TEMPO Inizio="257.658" Bpm="93.43" Metro="4/4" Battito="4" />
      <TEMPO Inizio="272.429" Bpm="93.43" Metro="4/4" Battito="3" />
      <TEMPO Inizio="283.989" Bpm="93.43" Metro="4/4" Battito="1" />
    </TRACK>
    <TRACK TrackID="21557305" Name="Drive" Artist="Various Artists" Composer="" Album="Platinum Hits 2003" Grouping="" Genre="Lounge/Rock" Kind="MP3 File" Size="9534079" TotalTime="234" DiscNumber="1" TrackNumber="7" Year="2002" AverageBpm="90.56" DateAdded="2023-05-27" BitRate="320" SampleRate="44100" Comments="9A - 4" PlayCount="0" Rating="0" Location="file://localhost/Users/zachvp/Music/DJ/_parental%20jams/07%20Incubus%20-%20Drive.mp3" Remixer="" Tonality="9A" Label="" Mix="">
      <TEMPO Inizio="0.125" Bpm="90.56" Metro="4/4" Battito="1" />
    </TRACK>
    <TRACK TrackID="240708615" Name="Magic Man" Artist="Heart" Composer="" Album="Greatest Hits" Grouping="" Genre="Lounge/Rock" Kind="MP3 File" Size="13666652" TotalTime="330" DiscNumber="1" TrackNumber="7" Year="1986" AverageBpm="103.31" DateAdded="2023-05-27" BitRate="320" SampleRate="44100" Comments="6A - 5" PlayCount="1" Rating="0" Location="file://localhost/Users/zachvp/Music/DJ/_parental%20jams/07%20Magic%20Man.mp3" Remixer="" Tonality="6A" Label="" Mix="">
      <TEMPO Inizio="0.401" Bpm="103.31" Metro="4/4" Battito="1" />
    </TRACK>
    <TRACK TrackID="18074234" Name="Young Blood" Artist="Bad Company" Composer="" Album="Run With The Pack" Grouping="" Genre="Lounge/Rock" Kind="MP3 File" Size="6473494" TotalTime="161" DiscNumber="1" TrackNumber="7" Year="1976" AverageBpm="86.58" DateAdded="2023-05-27" BitRate="320" SampleRate="44100" Comments="11B - 6" PlayCount="1" Rating="0" Location="file://localhost/Users/zachvp/Music/DJ/_parental%20jams/07%20Young%20Blood.mp3" Remixer="" Tonality="11B" Label="" Mix="">
      <TEMPO Inizio="0.439" Bpm="86.58" Metro="4/4" Battito="4" />
      <TEMPO Inizio="12.221" Bpm="86.58" Metro="4/4" Battito="1" />
      <TEMPO Inizio="29.547" Bpm="86.58" Metro="4/4" Battito="2" />
      <TEMPO Inizio="46.873" Bpm="86.58" Metro="4/4" Battito="3" />
      <TEMPO Inizio="64.199" Bpm="86.58" Metro="4/4" Battito="4" />
      <TEMPO Inizio="82.218" Bpm="86.58" Metro="4/4" Battito="2" />
      <TEMPO Inizio="99.544" Bpm="86.58" Metro="4/4" Battito="3" />
      <TEMPO Inizio="116.870" Bpm="86.58" Metro="4/4" Battito="4" />
      <TEMPO Inizio="134.196" Bpm="86.58" Metro="4/4" Battito="1" />
      <TEMPO Inizio="152.215" Bpm="86.58" Metro="4/4" Battito="3" />
    </TRACK>
    <TRACK TrackID="152124754" Name="The Chain" Artist="Fleetwood Mac" Composer="" Album="Rumors" Grouping="" Genre="Lounge/Rock" Kind="MP3 File" Size="10750235" TotalTime="268" DiscNumber="0" TrackNumber="0" Year="1977" AverageBpm="151.83" DateAdded="2023-05-27" BitRate="320" SampleRate="44100" Comments="9A - 6" PlayCount="0" Rating="0" Location="file://localhost/Users/zachvp/Music/DJ/_parental%20jams/07_the_chain-faf.mp3" Remixer="" Tonality="9A" Label="" Mix="">
      <TEMPO Inizio="0.061" Bpm="151.83" Metro="4/4" Battito="1" />
      <TEMPO Inizio="32.071" Bpm="151.83" Metro="4/4" Battito="2" />
      <TEMPO Inizio="90.558" Bpm="151.83" Metro="4/4" Battito="2" />
      <TEMPO Inizio="160.110" Bpm="151.83" Metro="4/4" Battito="2" />
      <TEMPO Inizio="218.597" Bpm="151.83" Metro="4/4" Battito="2" />
    </TRACK>
    <TRACK TrackID="240774088" Name="Bonzo's Montreux" Artist="Led Zeppelin" Composer="" Album="Coda" Grouping="" Genre="Lounge/Rock" Kind="MP3 File" Size="10352211" TotalTime="258" DiscNumber="0" TrackNumber="7" Year="0" AverageBpm="90.90" DateAdded="2023-05-27" BitRate="320" SampleRate="44100" Comments="8A - 7" PlayCount="1" Rating="0" Location="file://localhost/Users/zachvp/Music/DJ/_parental%20jams/07.%20Bonzo%27s%20Montreux.mp3" Remixer="" Tonality="8A" Label="" Mix="">
      <TEMPO Inizio="0.317" Bpm="90.90" Metro="4/4" Battito="1" />
      <TEMPO Inizio="46.520" Bpm="90.90" Metro="4/4" Battito="3" />
      <TEMPO Inizio="81.502" Bpm="90.90" Metro="4/4" Battito="4" />
      <TEMPO Inizio="115.824" Bpm="90.90" Metro="4/4" Battito="4" />
      <TEMPO Inizio="150.146" Bpm="90.90" Metro="4/4" Battito="4" />
      <TEMPO Inizio="184.468" Bpm="90.90" Metro="4/4" Battito="4" />
      <TEMPO Inizio="218.790" Bpm="90.90" Metro="4/4" Battito="4" />
      <TEMPO Inizio="253.112" Bpm="90.90" Metro="4/4" Battito="4" />
    </TRACK>
    <TRACK TrackID="203800822" Name="I'm Bad, I'm Nationwide" Artist="ZZ Top" Composer="" Album="Greatest Hits" Grouping="" Genre="Lounge/Rock" Kind="MP3 File" Size="11465080" TotalTime="286" DiscNumber="0" TrackNumber="7" Year="0" AverageBpm="103.04" DateAdded="2023-05-27" BitRate="320" SampleRate="44100" Comments="5A - 5" PlayCount="0" Rating="0" Location="file://localhost/Users/zachvp/Music/DJ/_parental%20jams/07.%20I%27m%20Bad,%20I%27m%20Nationwide.mp3" Remixer="" Tonality="5A" Label="" Mix="">
      <TEMPO Inizio="0.045" Bpm="103.04" Metro="4/4" Battito="1" />
      <TEMPO Inizio="48.957" Bpm="103.04" Metro="4/4" Battito="1" />
      <TEMPO Inizio="86.223" Bpm="103.04" Metro="4/4" Battito="1" />
      <TEMPO Inizio="129.312" Bpm="103.04" Metro="4/4" Battito="3" />
      <TEMPO Inizio="170.654" Bpm="103.04" Metro="4/4" Battito="2" />
      <TEMPO Inizio="213.743" Bpm="103.04" Metro="4/4" Battito="4" />
      <TEMPO Inizio="255.085" Bpm="103.04" Metro="4/4" Battito="3" />
    </TRACK>
    <TRACK TrackID="132163905" Name="Livin' In The U.S.A." Artist="Steve Miller Band" Composer="" Album="Box Set (Disc #1)" Grouping="" Genre="Lounge/Rock" Kind="MP3 File" Size="9724337" TotalTime="243" DiscNumber="0" TrackNumber="7" Year="0" AverageBpm="164.20" DateAdded="2023-05-27" BitRate="320" SampleRate="44100" Comments="8A - 6" PlayCount="0" Rating="0" Location="file://localhost/Users/zachvp/Music/DJ/_parental%20jams/07.%20Livin%27%20In%20The%20U.S.A..mp3" Remixer="" Tonality="8A" Label="" Mix="">
      <TEMPO Inizio="0.024" Bpm="164.20" Metro="4/4" Battito="3" />
      <TEMPO Inizio="12.083" Bpm="164.20" Metro="4/4" Battito="4" />
      <TEMPO Inizio="34.008" Bpm="164.20" Metro="4/4" Battito="4" />
      <TEMPO Inizio="55.933" Bpm="164.20" Metro="4/4" Battito="4" />
      <TEMPO Inizio="82.243" Bpm="164.20" Metro="4/4" Battito="4" />
      <TEMPO Inizio="104.168" Bpm="164.20" Metro="4/4" Battito="4" />
      <TEMPO Inizio="126.093" Bpm="164.20" Metro="4/4" Battito="4" />
      <TEMPO Inizio="154.230" Bpm="164.20" Metro="4/4" Battito="1" />
      <TEMPO Inizio="176.155" Bpm="164.20" Metro="4/4" Battito="1" />
      <TEMPO Inizio="196.253" Bpm="164.20" Metro="4/4" Battito="4" />
      <TEMPO Inizio="224.390" Bpm="164.20" Metro="4/4" Battito="1" />
    </TRACK>
    <TRACK TrackID="13712651" Name="Mary Had A Little Lamb" Artist="Stevie Ray Vaughan" Composer="" Album="Texas Flood" Grouping="" Genre="Lounge/Rock" Kind="MP3 File" Size="6696153" TotalTime="167" DiscNumber="0" TrackNumber="7" Year="0" AverageBpm="122.83" DateAdded="2023-05-27" BitRate="320" SampleRate="44100" Comments="2A - 5" PlayCount="1" Rating="0" Location="file://localhost/Users/zachvp/Music/DJ/_parental%20jams/07.%20Mary%20Had%20A%20Little%20Lamb.mp3" Remixer="" Tonality="2A" Label="" Mix="">
      <TEMPO Inizio="0.449" Bpm="122.83" Metro="4/4" Battito="3" />
      <TEMPO Inizio="0.938" Bpm="122.83" Metro="4/4" Battito="4" />
      <TEMPO Inizio="72.255" Bpm="122.83" Metro="4/4" Battito="2" />
      <TEMPO Inizio="155.784" Bpm="122.83" Metro="4/4" Battito="1" />
    </TRACK>
    <TRACK TrackID="215923804" Name="Rock 'N' Roll Fantasy" Artist="Bad Company" Composer="" Album="10 from 6" Grouping="" Genre="Lounge/Rock" Kind="MP3 File" Size="7989693" TotalTime="199" DiscNumber="0" TrackNumber="7" Year="0" AverageBpm="112.33" DateAdded="2023-05-27" BitRate="320" SampleRate="44100" Comments="11B - 7" PlayCount="0" Rating="0" Location="file://localhost/Users/zachvp/Music/DJ/_parental%20jams/07.%20Rock%20%27N%27%20Roll%20Fantasy.mp3" Remixer="" Tonality="11B" Label="" Mix="">
      <TEMPO Inizio="0.020" Bpm="112.33" Metro="4/4" Battito="1" />
      <TEMPO Inizio="0.555" Bpm="112.33" Metro="4/4" Battito="2" />
      <TEMPO Inizio="190.708" Bpm="112.33" Metro="4/4" Battito="2" />
    </TRACK>
    <TRACK TrackID="256129871" Name="Sacrifice" Artist="Steve Miller Band" Composer="" Album="Box Set (Disc #3)" Grouping="" Genre="Lounge/Rock" Kind="MP3 File" Size="7233237" TotalTime="180" DiscNumber="0" TrackNumber="7" Year="0" AverageBpm="135.34" DateAdded="2023-05-27" BitRate="320" SampleRate="44100" Comments="4A - 5" PlayCount="1" Rating="0" Location="file://localhost/Users/zachvp/Music/DJ/_parental%20jams/07.%20Sacrifice.mp3" Remixer="" Tonality="4A" Label="" Mix="">
      <TEMPO Inizio="0.132" Bpm="135.34" Metro="4/4" Battito="3" />
      <TEMPO Inizio="14.319" Bpm="135.34" Metro="4/4" Battito="3" />
      <TEMPO Inizio="28.506" Bpm="135.34" Metro="4/4" Battito="3" />
      <TEMPO Inizio="69.736" Bpm="135.34" Metro="4/4" Battito="4" />
      <TEMPO Inizio="87.913" Bpm="135.34" Metro="4/4" Battito="1" />
      <TEMPO Inizio="129.143" Bpm="135.34" Metro="4/4" Battito="2" />
      <TEMPO Inizio="147.320" Bpm="135.34" Metro="4/4" Battito="3" />
    </TRACK>
    <TRACK TrackID="248115434" Name="Found Out About You" Artist="Gin Blossoms" Composer="Doug Hopkins" Album="New Miserable Experience" Grouping="" Genre="Lounge/Rock" Kind="MP3 File" Size="9339717" TotalTime="233" DiscNumber="1" TrackNumber="8" Year="1992" AverageBpm="134.69" DateAdded="2023-05-27" BitRate="320" SampleRate="44100" Comments="9B - 7" PlayCount="1" Rating="0" Location="file://localhost/Users/zachvp/Music/DJ/_parental%20jams/08%20Found%20Out%20About%20You.mp3" Remixer="" Tonality="9B" Label="" Mix="">
      <TEMPO Inizio="0.024" Bpm="134.69" Metro="4/4" Battito="4" />
      <TEMPO Inizio="47.688" Bpm="134.69" Metro="4/4" Battito="3" />
      <TEMPO Inizio="102.034" Bpm="134.69" Metro="4/4" Battito="1" />
      <TEMPO Inizio="155.489" Bpm="134.69" Metro="4/4" Battito="1" />
      <TEMPO Inizio="209.835" Bpm="134.69" Metro="4/4" Battito="3" />
    </TRACK>
    <TRACK TrackID="181942983" Name="In The Light Of Day" Artist="Steve Winwood" Composer="Steve Winwood" Album="Refugees Of The Heart" Grouping="" Genre="Lounge/Rock" Kind="MP3 File" Size="23353857" TotalTime="583" DiscNumber="1" TrackNumber="8" Year="1990" AverageBpm="93.00" DateAdded="2023-05-27" BitRate="320" SampleRate="44100" Comments="7A - 6" PlayCount="1" Rating="0" Location="file://localhost/Users/zachvp/Music/DJ/_parental%20jams/08%20In%20The%20Light%20Of%20Day.mp3" Remixer="" Tonality="7A" Label="" Mix="">
      <TEMPO Inizio="0.337" Bpm="93.00" Metro="4/4" Battito="1" />
      <TEMPO Inizio="1.628" Bpm="93.00" Metro="4/4" Battito="3" />
      <TEMPO Inizio="35.177" Bpm="93.00" Metro="4/4" Battito="3" />
      <TEMPO Inizio="72.597" Bpm="93.00" Metro="4/4" Battito="1" />
      <TEMPO Inizio="102.275" Bpm="93.00" Metro="4/4" Battito="3" />
      <TEMPO Inizio="139.695" Bpm="93.00" Metro="4/4" Battito="1" />
      <TEMPO Inizio="177.115" Bpm="93.00" Metro="4/4" Battito="3" />
      <TEMPO Inizio="206.793" Bpm="93.00" Metro="4/4" Battito="1" />
      <TEMPO Inizio="244.213" Bpm="93.00" Metro="4/4" Battito="3" />
      <TEMPO Inizio="281.633" Bpm="93.00" Metro="4/4" Battito="1" />
      <TEMPO Inizio="307.440" Bpm="93.00" Metro="4/4" Battito="1" />
      <TEMPO Inizio="348.731" Bpm="93.00" Metro="4/4" Battito="1" />
      <TEMPO Inizio="382.280" Bpm="93.00" Metro="4/4" Battito="1" />
      <TEMPO Inizio="411.958" Bpm="93.00" Metro="4/4" Battito="3" />
      <TEMPO Inizio="453.249" Bpm="93.00" Metro="4/4" Battito="3" />
      <TEMPO Inizio="486.798" Bpm="93.00" Metro="4/4" Battito="3" />
      <TEMPO Inizio="516.476" Bpm="93.00" Metro="4/4" Battito="1" />
      <TEMPO Inizio="557.767" Bpm="93.00" Metro="4/4" Battito="1" />
    </TRACK>
    <TRACK TrackID="50214777" Name="Mysterious Ways" Artist="U2" Composer="U2" Album="Achtung Baby" Grouping="" Genre="Lounge/Rock" Kind="MP3 File" Size="9747162" TotalTime="243" DiscNumber="1" TrackNumber="8" Year="1991" AverageBpm="99.74" DateAdded="2023-05-27" BitRate="320" SampleRate="44100" Comments="3A - 7" PlayCount="0" Rating="0" Location="file://localhost/Users/zachvp/Music/DJ/_parental%20jams/08%20Mysterious%20Ways.mp3" Remixer="" Tonality="3A" Label="" Mix="">
      <TEMPO Inizio="0.222" Bpm="99.74" Metro="4/4" Battito="3" />
    </TRACK>
    <TRACK TrackID="158128149" Name="One Of The Lonely Ones" Artist=".38 Special" Composer="" Album="Tour De Force" Grouping="" Genre="Lounge/Rock" Kind="MP3 File" Size="9665663" TotalTime="241" DiscNumber="1" TrackNumber="8" Year="1983" AverageBpm="125.41" DateAdded="2023-05-27" BitRate="320" SampleRate="44100" Comments="10B - 7" PlayCount="0" Rating="0" Location="file://localhost/Users/zachvp/Music/DJ/_parental%20jams/08%20One%20Of%20The%20Lonely%20Ones.mp3" Remixer="" Tonality="10B" Label="" Mix="">
      <TEMPO Inizio="0.371" Bpm="125.41" Metro="4/4" Battito="1" />
      <TEMPO Inizio="0.850" Bpm="125.41" Metro="4/4" Battito="2" />
      <TEMPO Inizio="38.645" Bpm="125.41" Metro="4/4" Battito="1" />
      <TEMPO Inizio="86.487" Bpm="125.41" Metro="4/4" Battito="1" />
      <TEMPO Inizio="130.980" Bpm="125.41" Metro="4/4" Battito="2" />
      <TEMPO Inizio="172.124" Bpm="125.41" Metro="4/4" Battito="4" />
      <TEMPO Inizio="219.966" Bpm="125.41" Metro="4/4" Battito="4" />
    </TRACK>
    <TRACK TrackID="64810362" Name="Out Of The Blue" Artist="Elton John" Composer="Elton John and Bernie Taupin" Album="Blue Moves" Grouping="" Genre="Lounge/Rock" Kind="MP3 File" Size="14876598" TotalTime="371" DiscNumber="1" TrackNumber="8" Year="1976" AverageBpm="159.83" DateAdded="2023-05-27" BitRate="320" SampleRate="44100" Comments="9A - 6" PlayCount="0" Rating="0" Location="file://localhost/Users/zachvp/Music/DJ/_parental%20jams/08%20Out%20Of%20The%20Blue.mp3" Remixer="" Tonality="9A" Label="" Mix="">
      <TEMPO Inizio="0.093" Bpm="159.83" Metro="4/4" Battito="1" />
      <TEMPO Inizio="11.731" Bpm="159.83" Metro="4/4" Battito="4" />
      <TEMPO Inizio="44.016" Bpm="159.83" Metro="4/4" Battito="2" />
      <TEMPO Inizio="76.301" Bpm="159.83" Metro="4/4" Battito="4" />
      <TEMPO Inizio="106.709" Bpm="159.83" Metro="4/4" Battito="1" />
      <TEMPO Inizio="138.994" Bpm="159.83" Metro="4/4" Battito="3" />
      <TEMPO Inizio="171.279" Bpm="159.83" Metro="4/4" Battito="1" />
      <TEMPO Inizio="204.690" Bpm="159.83" Metro="4/4" Battito="2" />
      <TEMPO Inizio="227.590" Bpm="159.83" Metro="4/4" Battito="3" />
      <TEMPO Inizio="257.998" Bpm="159.83" Metro="4/4" Battito="4" />
      <TEMPO Inizio="291.409" Bpm="159.83" Metro="4/4" Battito="1" />
      <TEMPO Inizio="314.309" Bpm="159.83" Metro="4/4" Battito="2" />
      <TEMPO Inizio="346.594" Bpm="159.83" Metro="4/4" Battito="4" />
    </TRACK>
    <TRACK TrackID="14003588" Name="Red Light" Artist="U2" Composer="" Album="War" Grouping="" Genre="Lounge/Rock" Kind="MP3 File" Size="9059591" TotalTime="226" DiscNumber="1" TrackNumber="8" Year="1983" AverageBpm="128.64" DateAdded="2023-05-27" BitRate="320" SampleRate="44100" Comments="1A - 5" PlayCount="0" Rating="0" Location="file://localhost/Users/zachvp/Music/DJ/_parental%20jams/08%20Red%20Light.mp3" Remixer="" Tonality="1A" Label="" Mix="">
      <TEMPO Inizio="0.000" Bpm="128.64" Metro="4/4" Battito="3" />
      <TEMPO Inizio="0.467" Bpm="128.64" Metro="4/4" Battito="4" />
      <TEMPO Inizio="31.716" Bpm="128.64" Metro="4/4" Battito="3" />
      <TEMPO Inizio="65.297" Bpm="128.64" Metro="4/4" Battito="3" />
      <TEMPO Inizio="98.878" Bpm="128.64" Metro="4/4" Battito="3" />
      <TEMPO Inizio="135.724" Bpm="128.64" Metro="4/4" Battito="2" />
      <TEMPO Inizio="171.637" Bpm="128.64" Metro="4/4" Battito="3" />
      <TEMPO Inizio="208.483" Bpm="128.64" Metro="4/4" Battito="2" />
    </TRACK>
    <TRACK TrackID="264133959" Name="Under My Thumb" Artist="The Rolling Stones" Composer="Mick Jagger/Keith Richards" Album="Forty Licks" Grouping="" Genre="Lounge/Rock" Kind="MP3 File" Size="8895633" TotalTime="222" DiscNumber="0" TrackNumber="8" Year="2003" AverageBpm="126.48" DateAdded="2023-05-27" BitRate="320" SampleRate="44100" Comments="11B - 5" PlayCount="1" Rating="0" Location="file://localhost/Users/zachvp/Music/DJ/_parental%20jams/08%20Under%20My%20Thumb.mp3" Remixer="" Tonality="11B" Label="" Mix="">
      <TEMPO Inizio="0.316" Bpm="126.48" Metro="4/4" Battito="3" />
      <TEMPO Inizio="20.715" Bpm="126.48" Metro="4/4" Battito="2" />
      <TEMPO Inizio="41.114" Bpm="126.48" Metro="4/4" Battito="1" />
      <TEMPO Inizio="61.513" Bpm="126.48" Metro="4/4" Battito="4" />
      <TEMPO Inizio="81.912" Bpm="126.48" Metro="4/4" Battito="3" />
      <TEMPO Inizio="102.311" Bpm="126.48" Metro="4/4" Battito="2" />
      <TEMPO Inizio="116.543" Bpm="126.48" Metro="4/4" Battito="4" />
      <TEMPO Inizio="136.942" Bpm="126.48" Metro="4/4" Battito="3" />
      <TEMPO Inizio="157.341" Bpm="126.48" Metro="4/4" Battito="2" />
      <TEMPO Inizio="177.740" Bpm="126.48" Metro="4/4" Battito="1" />
      <TEMPO Inizio="198.139" Bpm="126.48" Metro="4/4" Battito="4" />
      <TEMPO Inizio="218.538" Bpm="126.48" Metro="4/4" Battito="3" />
    </TRACK>
    <TRACK TrackID="263945025" Name="U.S. 41 (Album Version)" Artist="Tom Petty And The Heartbreakers" Composer="Composer Information Unavailable" Album="Mojo" Grouping="" Genre="Lounge/Rock" Kind="MP3 File" Size="7305920" TotalTime="180" DiscNumber="0" TrackNumber="8" Year="2010" AverageBpm="97.85" DateAdded="2023-05-27" BitRate="320" SampleRate="44100" Comments="6A - 5" PlayCount="1" Rating="0" Location="file://localhost/Users/zachvp/Music/DJ/_parental%20jams/08%20US.mp3" Remixer="" Tonality="6A" Label="" Mix="">
      <TEMPO Inizio="0.526" Bpm="97.85" Metro="4/4" Battito="4" />
      <TEMPO Inizio="5.432" Bpm="97.85" Metro="4/4" Battito="4" />
      <TEMPO Inizio="48.967" Bpm="97.85" Metro="4/4" Battito="3" />
      <TEMPO Inizio="99.247" Bpm="97.85" Metro="4/4" Battito="1" />
      <TEMPO Inizio="149.527" Bpm="97.85" Metro="4/4" Battito="3" />
    </TRACK>
    <TRACK TrackID="190916520" Name="I Can't Help it" Artist="Michael Jackson" Composer="" Album="Off The Wall CDM" Grouping="" Genre="Lounge/Rock" Kind="MP3 File" Size="10748163" TotalTime="268" DiscNumber="0" TrackNumber="0" Year="1979" AverageBpm="100.01" DateAdded="2023-05-27" BitRate="320" SampleRate="44100" Comments="2A - 4" PlayCount="0" Rating="0" Location="file://localhost/Users/zachvp/Music/DJ/_parental%20jams/08_i_cant_help_it-faf.mp3" Remixer="" Tonality="2A" Label="" Mix="">
      <TEMPO Inizio="0.275" Bpm="100.01" Metro="4/4" Battito="4" />
    </TRACK>
    <TRACK TrackID="50105741" Name="Ball And Biscuit" Artist="The White Stripes" Composer="" Album="Elephant" Grouping="" Genre="Lounge/Rock" Kind="MP3 File" Size="17567172" TotalTime="439" DiscNumber="0" TrackNumber="8" Year="2003" AverageBpm="78.94" DateAdded="2023-05-27" BitRate="320" SampleRate="44100" Comments="9A - 5" PlayCount="1" Rating="0" Location="file://localhost/Users/zachvp/Music/DJ/_parental%20jams/08-ball_and_biscuit-ube.mp3" Remixer="" Tonality="9A" Label="" Mix="">
      <TEMPO Inizio="0.039" Bpm="78.94" Metro="4/4" Battito="3" />
      <TEMPO Inizio="101.129" Bpm="78.94" Metro="4/4" Battito="4" />
      <TEMPO Inizio="213.620" Bpm="78.94" Metro="4/4" Battito="4" />
      <TEMPO Inizio="347.393" Bpm="78.94" Metro="4/4" Battito="4" />
    </TRACK>
    <TRACK TrackID="249349418" Name="Dirty Pool" Artist="Stevie Ray Vaughan" Composer="" Album="Texas Flood" Grouping="" Genre="Lounge/Rock" Kind="MP3 File" Size="12103488" TotalTime="302" DiscNumber="0" TrackNumber="8" Year="0" AverageBpm="145.88" DateAdded="2023-05-27" BitRate="320" SampleRate="44100" Comments="12A - 3" PlayCount="1" Rating="0" Location="file://localhost/Users/zachvp/Music/DJ/_parental%20jams/08.%20Dirty%20Pool.mp3" Remixer="" Tonality="12A" Label="" Mix="">
      <TEMPO Inizio="0.143" Bpm="145.89" Metro="4/4" Battito="1" />
      <TEMPO Inizio="2.200" Bpm="145.89" Metro="4/4" Battito="2" />
    </TRACK>
    <TRACK TrackID="112311297" Name="Bring It on Home" Artist="Led Zeppelin" Composer="Jimmy Page/Robert Plant" Album="Led Zeppelin II" Grouping="" Genre="Lounge/Rock" Kind="MP3 File" Size="10441083" TotalTime="260" DiscNumber="0" TrackNumber="9" Year="1969" AverageBpm="97.93" DateAdded="2023-05-27" BitRate="320" SampleRate="44100" Comments="9A - 4" PlayCount="1" Rating="0" Location="file://localhost/Users/zachvp/Music/DJ/_parental%20jams/09%20Bring%20It%20on%20Home%20Led%20Zeppelin%20II%20Led%20Zeppelin.mp3" Remixer="" Tonality="9A" Label="" Mix="">
      <TEMPO Inizio="0.004" Bpm="97.93" Metro="4/4" Battito="3" />
    </TRACK>
    <TRACK TrackID="86565531" Name="Can Do" Artist="Journey" Composer="" Album="Infinity" Grouping="" Genre="Lounge/Rock" Kind="MP3 File" Size="6373165" TotalTime="159" DiscNumber="1" TrackNumber="9" Year="1978" AverageBpm="97.66" DateAdded="2023-05-27" BitRate="320" SampleRate="44100" Comments="11B - 6" PlayCount="1" Rating="0" Location="file://localhost/Users/zachvp/Music/DJ/_parental%20jams/09%20Can%20Do.mp3" Remixer="" Tonality="11B" Label="" Mix="">
      <TEMPO Inizio="0.356" Bpm="97.66" Metro="4/4" Battito="1" />
      <TEMPO Inizio="67.322" Bpm="97.66" Metro="4/4" Battito="2" />
      <TEMPO Inizio="124.458" Bpm="97.66" Metro="4/4" Battito="3" />
    </TRACK>
    <TRACK TrackID="193032591" Name="She's a Bad Mama Jama" Artist="Various Artists" Composer="" Album="Funk Classics: The 80's" Grouping="" Genre="Lounge/Rock" Kind="MP3 File" Size="9533798" TotalTime="237" DiscNumber="1" TrackNumber="9" Year="1996" AverageBpm="114.17" DateAdded="2023-05-27" BitRate="320" SampleRate="44100" Comments="8A - 7" PlayCount="1" Rating="0" Location="file://localhost/Users/zachvp/Music/DJ/_parental%20jams/09%20Carl%20Carlton%20-%20She%27s%20a%20Bad%20Mama%20Jama.mp3" Remixer="" Tonality="8A" Label="" Mix="">
      <TEMPO Inizio="0.298" Bpm="114.17" Metro="4/4" Battito="1" />
    </TRACK>
    <TRACK TrackID="128095176" Name="Come Sail Away" Artist="Styx" Composer="DeYoung, D" Album="Greatest Hits" Grouping="" Genre="Lounge/Rock" Kind="MP3 File" Size="14608037" TotalTime="365" DiscNumber="1" TrackNumber="9" Year="1995" AverageBpm="146.29" DateAdded="2023-05-27" BitRate="320" SampleRate="44100" Comments="8B - 5" PlayCount="0" Rating="0" Location="file://localhost/Users/zachvp/Music/DJ/_parental%20jams/09%20Come%20Sail%20Away.mp3" Remixer="" Tonality="8B" Label="" Mix="">
      <TEMPO Inizio="0.378" Bpm="146.29" Metro="4/4" Battito="2" />
    </TRACK>
    <TRACK TrackID="160432052" Name="I'm Goin' Down" Artist="Bruce Springsteen" Composer="" Album="Born In The U.S.A." Grouping="" Genre="Lounge/Rock" Kind="MP3 File" Size="8481798" TotalTime="212" DiscNumber="1" TrackNumber="9" Year="1984" AverageBpm="132.66" DateAdded="2023-05-27" BitRate="320" SampleRate="44100" Comments="6B - 7" PlayCount="1" Rating="0" Location="file://localhost/Users/zachvp/Music/DJ/_parental%20jams/09%20I%27m%20Goin%27%20Down.mp3" Remixer="" Tonality="6B" Label="" Mix="">
      <TEMPO Inizio="0.429" Bpm="132.67" Metro="4/4" Battito="4" />
      <TEMPO Inizio="10.379" Bpm="132.67" Metro="4/4" Battito="2" />
      <TEMPO Inizio="23.947" Bpm="132.67" Metro="4/4" Battito="4" />
      <TEMPO Inizio="35.706" Bpm="132.67" Metro="4/4" Battito="2" />
      <TEMPO Inizio="49.274" Bpm="132.67" Metro="4/4" Battito="4" />
      <TEMPO Inizio="64.651" Bpm="132.67" Metro="4/4" Battito="2" />
      <TEMPO Inizio="78.219" Bpm="132.67" Metro="4/4" Battito="4" />
      <TEMPO Inizio="91.787" Bpm="132.67" Metro="4/4" Battito="2" />
      <TEMPO Inizio="105.355" Bpm="132.67" Metro="4/4" Battito="4" />
      <TEMPO Inizio="117.114" Bpm="132.67" Metro="4/4" Battito="2" />
      <TEMPO Inizio="132.491" Bpm="132.67" Metro="4/4" Battito="4" />
      <TEMPO Inizio="146.059" Bpm="132.67" Metro="4/4" Battito="2" />
      <TEMPO Inizio="159.627" Bpm="132.67" Metro="4/4" Battito="4" />
      <TEMPO Inizio="173.195" Bpm="132.67" Metro="4/4" Battito="2" />
      <TEMPO Inizio="188.572" Bpm="132.67" Metro="4/4" Battito="4" />
      <TEMPO Inizio="200.331" Bpm="132.67" Metro="4/4" Battito="2" />
    </TRACK>
    <TRACK TrackID="98828182" Name="Money for Nothing" Artist="Dire Straits" Composer="Mark Knopfler/Sting" Album="Sultans of Swing: The Very Best of Dire Straits" Grouping="" Genre="Lounge/Rock" Kind="MP3 File" Size="9992806" TotalTime="249" DiscNumber="0" TrackNumber="9" Year="1998" AverageBpm="134.18" DateAdded="2023-05-27" BitRate="320" SampleRate="44100" Comments="6A - 6" PlayCount="1" Rating="0" Location="file://localhost/Users/zachvp/Music/DJ/_parental%20jams/09%20Money%20for%20Nothing.mp3" Remixer="" Tonality="6A" Label="" Mix="">
      <TEMPO Inizio="0.438" Bpm="134.18" Metro="4/4" Battito="3" />
      <TEMPO Inizio="1.780" Bpm="134.18" Metro="4/4" Battito="2" />
      <TEMPO Inizio="35.316" Bpm="134.18" Metro="4/4" Battito="1" />
      <TEMPO Inizio="68.852" Bpm="134.18" Metro="4/4" Battito="4" />
      <TEMPO Inizio="102.388" Bpm="134.18" Metro="4/4" Battito="3" />
      <TEMPO Inizio="138.607" Bpm="134.18" Metro="4/4" Battito="4" />
      <TEMPO Inizio="172.143" Bpm="134.18" Metro="4/4" Battito="3" />
      <TEMPO Inizio="205.679" Bpm="134.18" Metro="4/4" Battito="2" />
      <TEMPO Inizio="239.215" Bpm="134.18" Metro="4/4" Battito="1" />
    </TRACK>
    <TRACK TrackID="100657084" Name="Sheik" Artist="ZZ Top" Composer="Hill" Album="Tres Hombres" Grouping="" Genre="Lounge/Rock" Kind="MP3 File" Size="9798358" TotalTime="244" DiscNumber="1" TrackNumber="9" Year="1973" AverageBpm="108.31" DateAdded="2023-05-27" BitRate="320" SampleRate="44100" Comments="6A - 4" PlayCount="1" Rating="0" Location="file://localhost/Users/zachvp/Music/DJ/_parental%20jams/09%20Sheik.mp3" Remixer="" Tonality="6A" Label="" Mix="">
      <TEMPO Inizio="0.359" Bpm="108.31" Metro="4/4" Battito="1" />
      <TEMPO Inizio="96.197" Bpm="108.31" Metro="4/4" Battito="2" />
      <TEMPO Inizio="224.719" Bpm="108.31" Metro="4/4" Battito="2" />
    </TRACK>
    <TRACK TrackID="190156347" Name="Won't Get Fooled Again" Artist="The Who" Composer="Pete Townshend" Album="Who's Next" Grouping="" Genre="Lounge/Rock" Kind="MP3 File" Size="20559787" TotalTime="513" DiscNumber="1" TrackNumber="9" Year="1971" AverageBpm="135.19" DateAdded="2023-05-27" BitRate="320" SampleRate="44100" Comments="11B - 7" PlayCount="0" Rating="0" Location="file://localhost/Users/zachvp/Music/DJ/_parental%20jams/09%20Won%27t%20Get%20Fooled%20Again.mp3" Remixer="" Tonality="11B" Label="" Mix="">
      <TEMPO Inizio="0.035" Bpm="135.19" Metro="4/4" Battito="1" />
    </TRACK>
    <TRACK TrackID="124967281" Name="Young Lust" Artist="Pink Floyd" Composer="" Album="The Wall CD1" Grouping="" Genre="Lounge/Rock" Kind="MP3 File" Size="8476527" TotalTime="211" DiscNumber="0" TrackNumber="9" Year="0" AverageBpm="95.32" DateAdded="2023-05-27" BitRate="320" SampleRate="44100" Comments="9A - 6" PlayCount="0" Rating="0" Location="file://localhost/Users/zachvp/Music/DJ/_parental%20jams/09%20Young%20Lust.mp3" Remixer="" Tonality="9A" Label="" Mix="">
      <TEMPO Inizio="0.521" Bpm="95.32" Metro="4/4" Battito="1" />
      <TEMPO Inizio="1.151" Bpm="95.32" Metro="4/4" Battito="2" />
      <TEMPO Inizio="46.471" Bpm="95.32" Metro="4/4" Battito="2" />
      <TEMPO Inizio="91.791" Bpm="95.32" Metro="4/4" Battito="2" />
      <TEMPO Inizio="137.111" Bpm="95.32" Metro="4/4" Battito="2" />
      <TEMPO Inizio="182.431" Bpm="95.32" Metro="4/4" Battito="2" />
    </TRACK>
    <TRACK TrackID="202819583" Name="Aretha Franklin" Artist="Respect" Composer="" Album="Forrest Gump Soundtrack - CD 1" Grouping="" Genre="Lounge/Pop" Kind="MP3 File" Size="5979359" TotalTime="149" DiscNumber="0" TrackNumber="9" Year="0" AverageBpm="114.48" DateAdded="2023-05-27" BitRate="320" SampleRate="44100" Comments="8B - 4" PlayCount="0" Rating="0" Location="file://localhost/Users/zachvp/Music/DJ/_parental%20jams/09.%20Aretha%20Franklin.mp3" Remixer="" Tonality="8B" Label="" Mix="">
      <TEMPO Inizio="0.130" Bpm="114.48" Metro="4/4" Battito="4" />
      <TEMPO Inizio="43.630" Bpm="114.48" Metro="4/4" Battito="3" />
      <TEMPO Inizio="82.937" Bpm="114.48" Metro="4/4" Battito="2" />
      <TEMPO Inizio="117.003" Bpm="114.48" Metro="4/4" Battito="3" />
    </TRACK>
    <TRACK TrackID="9113845" Name="Bron-Yr-Aur" Artist="Led Zeppelin" Composer="" Album="Box Set 2" Grouping="" Genre="Lounge/Rock" Kind="MP3 File" Size="5059832" TotalTime="126" DiscNumber="0" TrackNumber="9" Year="0" AverageBpm="85.53" DateAdded="2023-05-27" BitRate="320" SampleRate="44100" Comments="8B - 4" PlayCount="1" Rating="0" Location="file://localhost/Users/zachvp/Music/DJ/_parental%20jams/09.%20Bron-Yr-Aur.mp3" Remixer="" Tonality="8B" Label="" Mix="">
      <TEMPO Inizio="0.323" Bpm="85.53" Metro="4/4" Battito="3" />
    </TRACK>
    <TRACK TrackID="65761714" Name="Double Trouble" Artist="Eric Clapton" Composer="" Album="Crossroads" Grouping="" Genre="Lounge/Rock" Kind="MP3 File" Size="19294488" TotalTime="482" DiscNumber="0" TrackNumber="9" Year="0" AverageBpm="99.47" DateAdded="2023-05-27" BitRate="320" SampleRate="44100" Comments="5A - 4" PlayCount="1" Rating="0" Location="file://localhost/Users/zachvp/Music/DJ/_parental%20jams/09.%20Double%20Trouble.mp3" Remixer="" Tonality="5A" Label="" Mix="">
      <TEMPO Inizio="0.291" Bpm="99.47" Metro="4/4" Battito="4" />
      <TEMPO Inizio="55.784" Bpm="99.47" Metro="4/4" Battito="4" />
      <TEMPO Inizio="92.578" Bpm="99.47" Metro="4/4" Battito="1" />
      <TEMPO Inizio="129.372" Bpm="99.47" Metro="4/4" Battito="2" />
      <TEMPO Inizio="163.150" Bpm="99.47" Metro="4/4" Battito="2" />
      <TEMPO Inizio="196.928" Bpm="99.47" Metro="4/4" Battito="2" />
      <TEMPO Inizio="240.357" Bpm="99.47" Metro="4/4" Battito="2" />
      <TEMPO Inizio="277.151" Bpm="99.47" Metro="4/4" Battito="3" />
      <TEMPO Inizio="310.929" Bpm="99.47" Metro="4/4" Battito="3" />
      <TEMPO Inizio="347.723" Bpm="99.47" Metro="4/4" Battito="4" />
      <TEMPO Inizio="384.517" Bpm="99.47" Metro="4/4" Battito="1" />
      <TEMPO Inizio="418.295" Bpm="99.47" Metro="4/4" Battito="1" />
      <TEMPO Inizio="455.089" Bpm="99.47" Metro="4/4" Battito="2" />
    </TRACK>
    <TRACK TrackID="15544183" Name="Seperate Ways ( Worlds Apart )" Artist="Journey" Composer="" Album="Journey's Greatest Hits" Grouping="" Genre="Lounge/Rock" Kind="MP3 File" Size="13049143" TotalTime="326" DiscNumber="0" TrackNumber="9" Year="0" AverageBpm="131.22" DateAdded="2023-05-27" BitRate="320" SampleRate="44100" Comments="9A - 7" PlayCount="0" Rating="0" Location="file://localhost/Users/zachvp/Music/DJ/_parental%20jams/09.%20Seperate%20Ways%20(%20Worlds.mp3" Remixer="" Tonality="9A" Label="" Mix="">
      <TEMPO Inizio="0.287" Bpm="131.22" Metro="4/4" Battito="1" />
      <TEMPO Inizio="170.382" Bpm="131.22" Metro="4/4" Battito="1" />
    </TRACK>
    <TRACK TrackID="141713656" Name="&quot;40&quot;" Artist="U2" Composer="" Album="War" Grouping="" Genre="Lounge/Rock" Kind="MP3 File" Size="6307326" TotalTime="157" DiscNumber="1" TrackNumber="10" Year="1983" AverageBpm="150.18" DateAdded="2023-05-27" BitRate="320" SampleRate="44100" Comments="4B - 4" PlayCount="1" Rating="0" Location="file://localhost/Users/zachvp/Music/DJ/_parental%20jams/10%20_40_.mp3" Remixer="" Tonality="4B" Label="" Mix="">
      <TEMPO Inizio="0.170" Bpm="150.18" Metro="4/4" Battito="1" />
    </TRACK>
    <TRACK TrackID="162405921" Name="Cabin Down Below" Artist="Tom Petty" Composer="Tom Petty" Album="Wildflowers" Grouping="" Genre="Lounge/Rock" Kind="MP3 File" Size="6853855" TotalTime="171" DiscNumber="1" TrackNumber="10" Year="1994" AverageBpm="123.16" DateAdded="2023-05-27" BitRate="320" SampleRate="44100" Comments="9A - 6" PlayCount="1" Rating="0" Location="file://localhost/Users/zachvp/Music/DJ/_parental%20jams/10%20Cabin%20Down%20Below.mp3" Remixer="" Tonality="9A" Label="" Mix="">
      <TEMPO Inizio="0.044" Bpm="123.16" Metro="4/4" Battito="1" />
    </TRACK>
    <TRACK TrackID="221684978" Name="Compromise" Artist="Indigo Girls" Composer="Amy Ray" Album="Come On Now Social" Grouping="" Genre="Lounge/Rock" Kind="MP3 File" Size="6806836" TotalTime="170" DiscNumber="1" TrackNumber="10" Year="1999" AverageBpm="144.74" DateAdded="2023-05-27" BitRate="320" SampleRate="44100" Comments="11A - 4" PlayCount="1" Rating="0" Location="file://localhost/Users/zachvp/Music/DJ/_parental%20jams/10%20Compromise.mp3" Remixer="" Tonality="11A" Label="" Mix="">
      <TEMPO Inizio="0.077" Bpm="144.74" Metro="4/4" Battito="1" />
    </TRACK>
    <TRACK TrackID="34866303" Name="Kalimba Story Sing A Message" Artist="Earth Wind &amp; Fire" Composer="Maurice White &amp; Verdine White" Album="Earth, Wind And Fire: Greatest Hits" Grouping="" Genre="Lounge/Rock" Kind="MP3 File" Size="9633347" TotalTime="240" DiscNumber="1" TrackNumber="10" Year="1998" AverageBpm="107.60" DateAdded="2023-05-27" BitRate="320" SampleRate="44100" Comments="8A - 5" PlayCount="1" Rating="0" Location="file://localhost/Users/zachvp/Music/DJ/_parental%20jams/10%20Kalimba%20Story%20Sing%20A%20Message.mp3" Remixer="" Tonality="8A" Label="" Mix="">
      <TEMPO Inizio="0.132" Bpm="107.60" Metro="4/4" Battito="1" />
    </TRACK>
    <TRACK TrackID="224410954" Name="Let Yourself Go (Album Version)" Artist="Tom Petty And The Heartbreakers" Composer="Composer Information Unavailable" Album="Mojo" Grouping="" Genre="Lounge/Rock" Kind="MP3 File" Size="8200362" TotalTime="202" DiscNumber="0" TrackNumber="10" Year="2010" AverageBpm="83.62" DateAdded="2023-05-27" BitRate="320" SampleRate="44100" Comments="6A - 4" PlayCount="1" Rating="0" Location="file://localhost/Users/zachvp/Music/DJ/_parental%20jams/10%20Let%20Yourself%20Go.mp3" Remixer="" Tonality="6A" Label="" Mix="">
      <TEMPO Inizio="0.312" Bpm="83.62" Metro="4/4" Battito="1" />
    </TRACK>
    <TRACK TrackID="100421594" Name="Open Your Heart" Artist="Madonna" Composer="Gardner Cole, Madonna, Peter Rafelson/Billy Steinberg, Tom Kelly" Album="The Immaculate Collection" Grouping="" Genre="Lounge/Pop" Kind="MP3 File" Size="9249872" TotalTime="231" DiscNumber="1" TrackNumber="10" Year="1986" AverageBpm="113.12" DateAdded="2023-05-27" BitRate="320" SampleRate="44100" Comments="7B - 7" PlayCount="1" Rating="0" Location="file://localhost/Users/zachvp/Music/DJ/_parental%20jams/10%20Open%20Your%20Heart.mp3" Remixer="" Tonality="7B" Label="" Mix="">
      <TEMPO Inizio="0.220" Bpm="113.12" Metro="4/4" Battito="2" />
      <TEMPO Inizio="0.751" Bpm="113.12" Metro="4/4" Battito="3" />
      <TEMPO Inizio="86.146" Bpm="113.12" Metro="4/4" Battito="4" />
      <TEMPO Inizio="192.227" Bpm="113.12" Metro="4/4" Battito="4" />
    </TRACK>
    <TRACK TrackID="83358626" Name="Offend in Every Way" Artist="White Stripes" Composer="" Album="White Blood Cells" Grouping="" Genre="Lounge/Rock" Kind="MP3 File" Size="7453678" TotalTime="186" DiscNumber="0" TrackNumber="10" Year="0" AverageBpm="91.43" DateAdded="2023-05-27" BitRate="320" SampleRate="44100" Comments="6A - 4" PlayCount="0" Rating="0" Location="file://localhost/Users/zachvp/Music/DJ/_parental%20jams/10_Offend_in_Every_Way.mp3" Remixer="" Tonality="6A" Label="" Mix="">
      <TEMPO Inizio="0.369" Bpm="91.43" Metro="4/4" Battito="4" />
      <TEMPO Inizio="4.307" Bpm="91.43" Metro="4/4" Battito="2" />
      <TEMPO Inizio="16.120" Bpm="91.43" Metro="4/4" Battito="4" />
      <TEMPO Inizio="30.558" Bpm="91.43" Metro="4/4" Battito="2" />
      <TEMPO Inizio="44.996" Bpm="91.43" Metro="4/4" Battito="4" />
      <TEMPO Inizio="62.059" Bpm="91.43" Metro="4/4" Battito="2" />
      <TEMPO Inizio="76.497" Bpm="91.43" Metro="4/4" Battito="4" />
      <TEMPO Inizio="90.935" Bpm="91.43" Metro="4/4" Battito="2" />
      <TEMPO Inizio="105.373" Bpm="91.43" Metro="4/4" Battito="4" />
      <TEMPO Inizio="119.811" Bpm="91.43" Metro="4/4" Battito="2" />
      <TEMPO Inizio="134.249" Bpm="91.43" Metro="4/4" Battito="4" />
      <TEMPO Inizio="151.312" Bpm="91.43" Metro="4/4" Battito="2" />
      <TEMPO Inizio="165.750" Bpm="91.43" Metro="4/4" Battito="4" />
      <TEMPO Inizio="180.188" Bpm="91.43" Metro="4/4" Battito="2" />
    </TRACK>
    <TRACK TrackID="101491028" Name="Lenny" Artist="Stevie Ray Vaughan" Composer="" Album="Texas Flood" Grouping="" Genre="Lounge/Rock" Kind="MP3 File" Size="12291565" TotalTime="307" DiscNumber="0" TrackNumber="10" Year="0" AverageBpm="120.64" DateAdded="2023-05-27" BitRate="320" SampleRate="44100" Comments="5B - 3" PlayCount="2" Rating="0" Location="file://localhost/Users/zachvp/Music/DJ/_parental%20jams/10.%20Lenny.mp3" Remixer="" Tonality="5B" Label="" Mix="">
      <TEMPO Inizio="0.083" Bpm="120.64" Metro="4/4" Battito="3" />
      <TEMPO Inizio="0.581" Bpm="120.64" Metro="4/4" Battito="4" />
      <TEMPO Inizio="47.828" Bpm="120.64" Metro="4/4" Battito="3" />
      <TEMPO Inizio="106.514" Bpm="120.64" Metro="4/4" Battito="1" />
      <TEMPO Inizio="165.200" Bpm="120.64" Metro="4/4" Battito="3" />
      <TEMPO Inizio="213.939" Bpm="120.64" Metro="4/4" Battito="1" />
      <TEMPO Inizio="272.625" Bpm="120.64" Metro="4/4" Battito="3" />
    </TRACK>
    <TRACK TrackID="212402754" Name="Ankle Deep" Artist="Tom Petty" Composer="" Album="Highway Companion" Grouping="" Genre="Lounge/Rock" Kind="MP3 File" Size="8151598" TotalTime="203" DiscNumber="1" TrackNumber="11" Year="2006" AverageBpm="120.21" DateAdded="2023-05-27" BitRate="320" SampleRate="44100" Comments="8B - 6" PlayCount="0" Rating="0" Location="file://localhost/Users/zachvp/Music/DJ/_parental%20jams/11%20Ankle%20Deep.mp3" Remixer="" Tonality="8B" Label="" Mix="">
      <TEMPO Inizio="0.229" Bpm="120.21" Metro="4/4" Battito="1" />
      <TEMPO Inizio="5.720" Bpm="120.21" Metro="4/4" Battito="4" />
      <TEMPO Inizio="31.176" Bpm="120.21" Metro="4/4" Battito="3" />
      <TEMPO Inizio="52.639" Bpm="120.21" Metro="4/4" Battito="2" />
      <TEMPO Inizio="82.088" Bpm="120.21" Metro="4/4" Battito="1" />
      <TEMPO Inizio="103.551" Bpm="120.21" Metro="4/4" Battito="4" />
      <TEMPO Inizio="133.000" Bpm="120.21" Metro="4/4" Battito="3" />
      <TEMPO Inizio="154.463" Bpm="120.21" Metro="4/4" Battito="2" />
      <TEMPO Inizio="179.919" Bpm="120.21" Metro="4/4" Battito="1" />
    </TRACK>
    <TRACK TrackID="112713465" Name="Don't Pull Me Over (Album Version)" Artist="Tom Petty And The Heartbreakers" Composer="Composer Information Unavailable" Album="Mojo" Grouping="" Genre="Lounge/Rock" Kind="MP3 File" Size="9872202" TotalTime="244" DiscNumber="0" TrackNumber="11" Year="2010" AverageBpm="153.63" DateAdded="2023-05-27" BitRate="320" SampleRate="44100" Comments="11A - 5" PlayCount="1" Rating="0" Location="file://localhost/Users/zachvp/Music/DJ/_parental%20jams/11%20Dont%20Pull%20Me%20Over.mp3" Remixer="" Tonality="11A" Label="" Mix="">
      <TEMPO Inizio="0.014" Bpm="153.63" Metro="4/4" Battito="2" />
    </TRACK>
    <TRACK TrackID="140404022" Name="Hypnotize" Artist="The White Stripes" Composer="Jack White" Album="Elephant" Grouping="" Genre="Lounge/Rock" Kind="MP3 File" Size="4342993" TotalTime="108" DiscNumber="1" TrackNumber="11" Year="2003" AverageBpm="93.67" DateAdded="2023-05-27" BitRate="320" SampleRate="44100" Comments="8A - 5" PlayCount="3" Rating="0" Location="file://localhost/Users/zachvp/Music/DJ/_parental%20jams/11%20Hypnotize.mp3" Remixer="" Tonality="8A" Label="" Mix="">
      <TEMPO Inizio="0.016" Bpm="93.67" Metro="4/4" Battito="3" />
      <POSITION_MARK Name="" Type="0" Start="0.600" Num="-1" />
    </TRACK>
    <TRACK TrackID="116484277" Name="Mr. Blue Sky" Artist="Electric Light Orchestra" Composer="Jeff Lynne" Album="Greatest Hits" Grouping="" Genre="Lounge/Rock" Kind="MP3 File" Size="12211060" TotalTime="305" DiscNumber="1" TrackNumber="11" Year="1977" AverageBpm="88.86" DateAdded="2023-05-27" BitRate="320" SampleRate="44100" Comments="7B - 5" PlayCount="1" Rating="0" Location="file://localhost/Users/zachvp/Music/DJ/_parental%20jams/11%20Mr.%20Blue%20Sky.mp3" Remixer="" Tonality="7B" Label="" Mix="">
      <TEMPO Inizio="0.514" Bpm="88.86" Metro="4/4" Battito="1" />
      <TEMPO Inizio="7.942" Bpm="88.86" Metro="4/4" Battito="4" />
      <TEMPO Inizio="21.447" Bpm="88.86" Metro="4/4" Battito="4" />
      <TEMPO Inizio="34.952" Bpm="88.86" Metro="4/4" Battito="4" />
      <TEMPO Inizio="51.833" Bpm="88.86" Metro="4/4" Battito="1" />
      <TEMPO Inizio="65.338" Bpm="88.86" Metro="4/4" Battito="1" />
      <TEMPO Inizio="78.843" Bpm="88.86" Metro="4/4" Battito="1" />
      <TEMPO Inizio="95.049" Bpm="88.86" Metro="4/4" Battito="1" />
      <TEMPO Inizio="111.930" Bpm="88.86" Metro="4/4" Battito="2" />
      <TEMPO Inizio="125.435" Bpm="88.86" Metro="4/4" Battito="2" />
      <TEMPO Inizio="138.940" Bpm="88.86" Metro="4/4" Battito="2" />
      <TEMPO Inizio="152.445" Bpm="88.86" Metro="4/4" Battito="2" />
      <TEMPO Inizio="169.326" Bpm="88.86" Metro="4/4" Battito="3" />
      <TEMPO Inizio="182.831" Bpm="88.86" Metro="4/4" Battito="3" />
      <TEMPO Inizio="196.336" Bpm="88.86" Metro="4/4" Battito="3" />
      <TEMPO Inizio="213.217" Bpm="88.86" Metro="4/4" Battito="4" />
      <TEMPO Inizio="226.722" Bpm="88.86" Metro="4/4" Battito="4" />
      <TEMPO Inizio="240.227" Bpm="88.86" Metro="4/4" Battito="4" />
      <TEMPO Inizio="253.732" Bpm="88.86" Metro="4/4" Battito="4" />
      <TEMPO Inizio="270.613" Bpm="88.86" Metro="4/4" Battito="1" />
      <TEMPO Inizio="284.118" Bpm="88.86" Metro="4/4" Battito="1" />
      <TEMPO Inizio="297.623" Bpm="88.86" Metro="4/4" Battito="1" />
    </TRACK>
    <TRACK TrackID="75578243" Name="Caress Me Baby" Artist="Steve Miller Band" Composer="" Album="Box Set (Disc #3)" Grouping="" Genre="Lounge/Rock" Kind="MP3 File" Size="7982435" TotalTime="199" DiscNumber="0" TrackNumber="11" Year="0" AverageBpm="124.58" DateAdded="2023-05-27" BitRate="320" SampleRate="44100" Comments="8A - 4" PlayCount="1" Rating="0" Location="file://localhost/Users/zachvp/Music/DJ/_parental%20jams/11.%20Caress%20Me%20Baby.mp3" Remixer="" Tonality="8A" Label="" Mix="">
      <TEMPO Inizio="0.093" Bpm="124.58" Metro="4/4" Battito="3" />
    </TRACK>
    <TRACK TrackID="36886376" Name="SRV Speaks" Artist="Stevie Ray Vaughan" Composer="" Album="Texas Flood" Grouping="" Genre="Samples" Kind="MP3 File" Size="1507179" TotalTime="37" DiscNumber="0" TrackNumber="11" Year="0" AverageBpm="0.00" DateAdded="2023-05-27" BitRate="320" SampleRate="44100" Comments="8A - 3" PlayCount="2" Rating="0" Location="file://localhost/Users/zachvp/Music/DJ/_parental%20jams/11.%20SRV%20Speaks.mp3" Remixer="" Tonality="8A" Label="" Mix="" />
    <TRACK TrackID="203100630" Name="Savior" Artist="Red Hot Chili Peppers" Composer="Anthony Kiedis/Chad Smith/Flea/John Frusciante" Album="Californication" Grouping="" Genre="Lounge/Rock" Kind="MP3 File" Size="11702193" TotalTime="292" DiscNumber="0" TrackNumber="12" Year="1999" AverageBpm="166.95" DateAdded="2023-05-27" BitRate="320" SampleRate="44100" Comments="9B - 6" PlayCount="0" Rating="0" Location="file://localhost/Users/zachvp/Music/DJ/_parental%20jams/12%20-%20Savior.mp3" Remixer="" Tonality="9B" Label="" Mix="">
      <TEMPO Inizio="0.265" Bpm="166.95" Metro="4/4" Battito="3" />
      <TEMPO Inizio="0.625" Bpm="166.95" Metro="4/4" Battito="4" />
      <TEMPO Inizio="12.126" Bpm="166.95" Metro="4/4" Battito="4" />
      <TEMPO Inizio="36.565" Bpm="166.95" Metro="4/4" Battito="4" />
      <TEMPO Inizio="61.004" Bpm="166.95" Metro="4/4" Battito="4" />
      <TEMPO Inizio="85.443" Bpm="166.95" Metro="4/4" Battito="4" />
      <TEMPO Inizio="109.882" Bpm="166.95" Metro="4/4" Battito="4" />
      <TEMPO Inizio="134.321" Bpm="166.95" Metro="4/4" Battito="4" />
      <TEMPO Inizio="158.760" Bpm="166.95" Metro="4/4" Battito="4" />
      <TEMPO Inizio="183.199" Bpm="166.95" Metro="4/4" Battito="4" />
      <TEMPO Inizio="207.638" Bpm="166.95" Metro="4/4" Battito="4" />
      <TEMPO Inizio="232.077" Bpm="166.95" Metro="4/4" Battito="4" />
      <TEMPO Inizio="256.516" Bpm="166.95" Metro="4/4" Battito="4" />
      <TEMPO Inizio="280.955" Bpm="166.95" Metro="4/4" Battito="4" />
    </TRACK>
    <TRACK TrackID="211614356" Name="Vagabond" Artist="Wolfmother" Composer="" Album="Wolfmother (Australia)" Grouping="" Genre="Lounge/Rock" Kind="MP3 File" Size="9085709" TotalTime="227" DiscNumber="0" TrackNumber="12" Year="2005" AverageBpm="101.61" DateAdded="2023-05-27" BitRate="320" SampleRate="44100" Comments="11B - 4" PlayCount="0" Rating="0" Location="file://localhost/Users/zachvp/Music/DJ/_parental%20jams/12%20-%20Vagabond.mp3" Remixer="" Tonality="11B" Label="" Mix="">
      <TEMPO Inizio="0.407" Bpm="101.61" Metro="4/4" Battito="3" />
      <TEMPO Inizio="3.360" Bpm="101.61" Metro="4/4" Battito="4" />
      <TEMPO Inizio="21.666" Bpm="101.61" Metro="4/4" Battito="3" />
      <TEMPO Inizio="41.153" Bpm="101.61" Metro="4/4" Battito="4" />
      <TEMPO Inizio="60.640" Bpm="101.61" Metro="4/4" Battito="1" />
      <TEMPO Inizio="81.308" Bpm="101.61" Metro="4/4" Battito="4" />
      <TEMPO Inizio="98.433" Bpm="101.61" Metro="4/4" Battito="1" />
      <TEMPO Inizio="117.920" Bpm="101.61" Metro="4/4" Battito="2" />
      <TEMPO Inizio="138.588" Bpm="101.61" Metro="4/4" Battito="1" />
      <TEMPO Inizio="158.075" Bpm="101.61" Metro="4/4" Battito="2" />
      <TEMPO Inizio="175.200" Bpm="101.61" Metro="4/4" Battito="3" />
      <TEMPO Inizio="195.868" Bpm="101.61" Metro="4/4" Battito="2" />
      <TEMPO Inizio="215.355" Bpm="101.61" Metro="4/4" Battito="3" />
    </TRACK>
    <TRACK TrackID="53596999" Name="A Higher Place" Artist="Tom Petty" Composer="Tom Petty" Album="Wildflowers" Grouping="" Genre="Lounge/Rock" Kind="MP3 File" Size="9451469" TotalTime="236" DiscNumber="1" TrackNumber="12" Year="1994" AverageBpm="129.08" DateAdded="2023-05-27" BitRate="320" SampleRate="44100" Comments="11B - 6" PlayCount="0" Rating="0" Location="file://localhost/Users/zachvp/Music/DJ/_parental%20jams/12%20A%20Higher%20Place.mp3" Remixer="" Tonality="11B" Label="" Mix="">
      <TEMPO Inizio="0.229" Bpm="129.08" Metro="4/4" Battito="3" />
    </TRACK>
    <TRACK TrackID="26597938" Name="C# Blues (People, people,people)" Artist="Jimi Hendrix" Composer="" Album="Last Experience" Grouping="" Genre="Lounge/Rock" Kind="MP3 File" Size="20499256" TotalTime="512" DiscNumber="0" TrackNumber="12" Year="0" AverageBpm="93.08" DateAdded="2023-05-27" BitRate="320" SampleRate="44100" Comments="5A - 3" PlayCount="1" Rating="0" Location="file://localhost/Users/zachvp/Music/DJ/_parental%20jams/12%20C#%20Blues%20(People,%20people,people).mp3" Remixer="" Tonality="5A" Label="" Mix="">
      <TEMPO Inizio="0.626" Bpm="93.08" Metro="4/4" Battito="1" />
    </TRACK>
    <TRACK TrackID="10340070" Name="Primavera" Artist="Carlos Santana" Composer="" Album="Supernatural" Grouping="" Genre="Lounge/Rock" Kind="MP3 File" Size="15154579" TotalTime="378" DiscNumber="0" TrackNumber="12" Year="0" AverageBpm="129.94" DateAdded="2023-05-27" BitRate="320" SampleRate="44100" Comments="6A - 5" PlayCount="1" Rating="0" Location="file://localhost/Users/zachvp/Music/DJ/_parental%20jams/12%20Primavera.mp3" Remixer="" Tonality="6A" Label="" Mix="">
      <TEMPO Inizio="0.037" Bpm="129.95" Metro="4/4" Battito="3" />
    </TRACK>
    <TRACK TrackID="31124499" Name="Track 12" Artist="" Composer="" Album="" Grouping="" Genre="Lounge/Rock" Kind="MP3 File" Size="8173462" TotalTime="204" DiscNumber="0" TrackNumber="12" Year="0" AverageBpm="124.83" DateAdded="2023-05-27" BitRate="320" SampleRate="44100" Comments="12B - 6" PlayCount="0" Rating="0" Location="file://localhost/Users/zachvp/Music/DJ/_parental%20jams/12%20Track%2012.mp3" Remixer="" Tonality="12B" Label="" Mix="">
      <TEMPO Inizio="0.011" Bpm="124.83" Metro="4/4" Battito="1" />
    </TRACK>
    <TRACK TrackID="11325239" Name="Express Yourself" Artist="Madonna" Composer="Madonna, Stephen Bray/Billy Steinberg, Tom Kelly" Album="The Immaculate Collection" Grouping="" Genre="Lounge/Rock" Kind="MP3 File" Size="9770216" TotalTime="244" DiscNumber="1" TrackNumber="13" Year="1989" AverageBpm="115.54" DateAdded="2023-05-27" BitRate="320" SampleRate="44100" Comments="9B - 7" PlayCount="1" Rating="0" Location="file://localhost/Users/zachvp/Music/DJ/_parental%20jams/13%20Express%20Yourself.mp3" Remixer="" Tonality="9B" Label="" Mix="">
      <TEMPO Inizio="0.215" Bpm="115.54" Metro="4/4" Battito="1" />
      <TEMPO Inizio="66.686" Bpm="115.54" Metro="4/4" Battito="1" />
      <TEMPO Inizio="176.259" Bpm="115.54" Metro="4/4" Battito="4" />
    </TRACK>
    <TRACK TrackID="134064940" Name="High In The Morning (Album Version)" Artist="Tom Petty And The Heartbreakers" Composer="Composer Information Unavailable" Album="Mojo" Grouping="" Genre="Lounge/Rock" Kind="MP3 File" Size="8719680" TotalTime="215" DiscNumber="0" TrackNumber="13" Year="2010" AverageBpm="118.76" DateAdded="2023-05-27" BitRate="320" SampleRate="44100" Comments="8A - 4" PlayCount="1" Rating="0" Location="file://localhost/Users/zachvp/Music/DJ/_parental%20jams/13%20High%20In%20The%20Morning.mp3" Remixer="" Tonality="8A" Label="" Mix="">
      <TEMPO Inizio="0.074" Bpm="118.76" Metro="4/4" Battito="4" />
      <TEMPO Inizio="5.632" Bpm="118.76" Metro="4/4" Battito="3" />
      <TEMPO Inizio="20.284" Bpm="118.76" Metro="4/4" Battito="4" />
      <TEMPO Inizio="39.483" Bpm="118.76" Metro="4/4" Battito="2" />
      <TEMPO Inizio="58.682" Bpm="118.76" Metro="4/4" Battito="4" />
      <TEMPO Inizio="77.881" Bpm="118.76" Metro="4/4" Battito="2" />
      <TEMPO Inizio="97.080" Bpm="118.76" Metro="4/4" Battito="4" />
      <TEMPO Inizio="116.279" Bpm="118.76" Metro="4/4" Battito="2" />
      <TEMPO Inizio="135.478" Bpm="118.76" Metro="4/4" Battito="4" />
      <TEMPO Inizio="154.677" Bpm="118.76" Metro="4/4" Battito="2" />
      <TEMPO Inizio="173.876" Bpm="118.76" Metro="4/4" Battito="4" />
      <TEMPO Inizio="188.528" Bpm="118.76" Metro="4/4" Battito="1" />
      <TEMPO Inizio="207.727" Bpm="118.76" Metro="4/4" Battito="3" />
    </TRACK>
    <TRACK TrackID="54290726" Name="She'S A Rainbow" Artist="The Rolling Stones" Composer="Mick Jagger/Keith Richards" Album="Forty Licks" Grouping="" Genre="Lounge/Rock" Kind="MP3 File" Size="10128615" TotalTime="253" DiscNumber="0" TrackNumber="13" Year="2003" AverageBpm="108.81" DateAdded="2023-05-27" BitRate="320" SampleRate="44100" Comments="6B - 6" PlayCount="0" Rating="0" Location="file://localhost/Users/zachvp/Music/DJ/_parental%20jams/13%20She%27s%20A%20Rainbow.mp3" Remixer="" Tonality="6B" Label="" Mix="">
      <TEMPO Inizio="0.154" Bpm="108.81" Metro="4/4" Battito="3" />
      <TEMPO Inizio="24.417" Bpm="108.81" Metro="4/4" Battito="3" />
      <TEMPO Inizio="48.680" Bpm="108.81" Metro="4/4" Battito="3" />
      <TEMPO Inizio="62.466" Bpm="108.81" Metro="4/4" Battito="4" />
      <TEMPO Inizio="86.729" Bpm="108.81" Metro="4/4" Battito="4" />
      <TEMPO Inizio="108.235" Bpm="108.81" Metro="4/4" Battito="3" />
      <TEMPO Inizio="132.498" Bpm="108.81" Metro="4/4" Battito="3" />
      <TEMPO Inizio="156.761" Bpm="108.81" Metro="4/4" Battito="3" />
      <TEMPO Inizio="178.267" Bpm="108.81" Metro="4/4" Battito="2" />
      <TEMPO Inizio="202.530" Bpm="108.81" Metro="4/4" Battito="2" />
      <TEMPO Inizio="224.036" Bpm="108.81" Metro="4/4" Battito="1" />
      <TEMPO Inizio="248.299" Bpm="108.81" Metro="4/4" Battito="1" />
    </TRACK>
    <TRACK TrackID="213970971" Name="The Calling (feat. Eric Clapton)" Artist="Carlos Santana" Composer="" Album="Supernatural" Grouping="" Genre="Lounge/Rock" Kind="MP3 File" Size="29917965" TotalTime="747" DiscNumber="0" TrackNumber="13" Year="0" AverageBpm="97.07" DateAdded="2023-05-27" BitRate="320" SampleRate="44100" Comments="7A - 5" PlayCount="1" Rating="0" Location="file://localhost/Users/zachvp/Music/DJ/_parental%20jams/13%20The%20Calling%20(feat.%20Eric%20Clapton).mp3" Remixer="" Tonality="7A" Label="" Mix="">
      <TEMPO Inizio="0.510" Bpm="97.07" Metro="4/4" Battito="2" />
      <TEMPO Inizio="51.194" Bpm="97.07" Metro="4/4" Battito="4" />
      <TEMPO Inizio="90.752" Bpm="97.07" Metro="4/4" Battito="4" />
      <TEMPO Inizio="124.747" Bpm="97.07" Metro="4/4" Battito="3" />
      <TEMPO Inizio="164.305" Bpm="97.07" Metro="4/4" Battito="3" />
      <TEMPO Inizio="203.863" Bpm="97.07" Metro="4/4" Battito="3" />
      <TEMPO Inizio="243.421" Bpm="97.07" Metro="4/4" Battito="3" />
      <TEMPO Inizio="283.597" Bpm="97.07" Metro="4/4" Battito="4" />
      <TEMPO Inizio="323.155" Bpm="97.07" Metro="4/4" Battito="4" />
      <TEMPO Inizio="362.713" Bpm="97.07" Metro="4/4" Battito="4" />
      <TEMPO Inizio="396.708" Bpm="97.07" Metro="4/4" Battito="3" />
      <TEMPO Inizio="436.266" Bpm="97.07" Metro="4/4" Battito="3" />
      <TEMPO Inizio="475.824" Bpm="97.07" Metro="4/4" Battito="3" />
      <TEMPO Inizio="515.382" Bpm="97.07" Metro="4/4" Battito="3" />
      <TEMPO Inizio="555.558" Bpm="97.07" Metro="4/4" Battito="4" />
      <TEMPO Inizio="595.116" Bpm="97.07" Metro="4/4" Battito="4" />
      <TEMPO Inizio="634.674" Bpm="97.07" Metro="4/4" Battito="4" />
      <TEMPO Inizio="668.669" Bpm="97.07" Metro="4/4" Battito="3" />
      <TEMPO Inizio="708.227" Bpm="97.07" Metro="4/4" Battito="3" />
      <POSITION_MARK Name="" Type="0" Start="481.288" Num="-1" />
    </TRACK>
    <TRACK TrackID="129685055" Name="Airport" Artist="Tom Petty &amp; The Heartbreakers" Composer="Tom Petty" Album="She's The One" Grouping="" Genre="Lounge/Rock" Kind="MP3 File" Size="2310650" TotalTime="57" DiscNumber="1" TrackNumber="15" Year="1996" AverageBpm="125.15" DateAdded="2023-05-27" BitRate="320" SampleRate="44100" Comments="7A - 3" PlayCount="1" Rating="0" Location="file://localhost/Users/zachvp/Music/DJ/_parental%20jams/15%20Airport.mp3" Remixer="" Tonality="7A" Label="" Mix="">
      <TEMPO Inizio="0.435" Bpm="125.15" Metro="4/4" Battito="1" />
      <TEMPO Inizio="0.915" Bpm="125.15" Metro="4/4" Battito="2" />
    </TRACK>
    <TRACK TrackID="127141065" Name="Wild Horses" Artist="The Rolling Stones" Composer="Mick Jagger/Keith Richards" Album="Forty Licks" Grouping="" Genre="Lounge/Rock" Kind="MP3 File" Size="13804562" TotalTime="345" DiscNumber="0" TrackNumber="15" Year="2003" AverageBpm="147.06" DateAdded="2023-05-27" BitRate="320" SampleRate="44100" Comments="9B - 4" PlayCount="1" Rating="0" Location="file://localhost/Users/zachvp/Music/DJ/_parental%20jams/15%20Wild%20Horses.mp3" Remixer="" Tonality="9B" Label="" Mix="">
      <TEMPO Inizio="0.383" Bpm="147.06" Metro="4/4" Battito="4" />
      <TEMPO Inizio="1.200" Bpm="147.06" Metro="4/4" Battito="2" />
      <TEMPO Inizio="43.633" Bpm="147.06" Metro="4/4" Battito="2" />
      <TEMPO Inizio="86.066" Bpm="147.06" Metro="4/4" Battito="2" />
      <TEMPO Inizio="126.867" Bpm="147.06" Metro="4/4" Battito="2" />
      <TEMPO Inizio="168.076" Bpm="147.06" Metro="4/4" Battito="3" />
      <TEMPO Inizio="210.509" Bpm="147.06" Metro="4/4" Battito="3" />
      <TEMPO Inizio="251.310" Bpm="147.06" Metro="4/4" Battito="3" />
      <TEMPO Inizio="292.519" Bpm="147.06" Metro="4/4" Battito="4" />
      <TEMPO Inizio="334.952" Bpm="147.06" Metro="4/4" Battito="4" />
    </TRACK>
    <TRACK TrackID="7975789" Name="Abracadabra" Artist="Steve Miller Band" Composer="" Album="Box Set - Disc 2" Grouping="" Genre="Lounge/Rock" Kind="MP3 File" Size="12301026" TotalTime="307" DiscNumber="0" TrackNumber="15" Year="0" AverageBpm="127.36" DateAdded="2023-05-27" BitRate="320" SampleRate="44100" Comments="8A - 6" PlayCount="0" Rating="0" Location="file://localhost/Users/zachvp/Music/DJ/_parental%20jams/15.%20Abracadabra.mp3" Remixer="" Tonality="8A" Label="" Mix="">
      <TEMPO Inizio="0.189" Bpm="127.36" Metro="4/4" Battito="1" />
      <TEMPO Inizio="0.661" Bpm="127.36" Metro="4/4" Battito="2" />
      <TEMPO Inizio="41.175" Bpm="127.36" Metro="4/4" Battito="4" />
      <TEMPO Inizio="86.400" Bpm="127.36" Metro="4/4" Battito="4" />
      <TEMPO Inizio="126.914" Bpm="127.36" Metro="4/4" Battito="2" />
      <TEMPO Inizio="171.668" Bpm="127.36" Metro="4/4" Battito="1" />
      <TEMPO Inizio="212.182" Bpm="127.36" Metro="4/4" Battito="3" />
      <TEMPO Inizio="252.696" Bpm="127.36" Metro="4/4" Battito="1" />
      <TEMPO Inizio="297.921" Bpm="127.36" Metro="4/4" Battito="1" />
      <POSITION_MARK Name="" Type="0" Start="42.677" Num="-1" />
    </TRACK>
    <TRACK TrackID="148438972" Name="Murder Incorporated" Artist="Bruce Springsteen" Composer="" Album="Greatest Hits" Grouping="" Genre="Lounge/Rock" Kind="MP3 File" Size="9519386" TotalTime="237" DiscNumber="0" TrackNumber="16" Year="1995" AverageBpm="113.55" DateAdded="2023-05-27" BitRate="320" SampleRate="44100" Comments="9A - 4" PlayCount="1" Rating="0" Location="file://localhost/Users/zachvp/Music/DJ/_parental%20jams/16%20Murder%20Incorporated.mp3" Remixer="" Tonality="9A" Label="" Mix="">
      <TEMPO Inizio="0.256" Bpm="113.55" Metro="4/4" Battito="1" />
      <TEMPO Inizio="13.995" Bpm="113.55" Metro="4/4" Battito="3" />
      <TEMPO Inizio="25.092" Bpm="113.55" Metro="4/4" Battito="4" />
      <TEMPO Inizio="41.473" Bpm="113.55" Metro="4/4" Battito="3" />
      <TEMPO Inizio="52.570" Bpm="113.55" Metro="4/4" Battito="4" />
      <TEMPO Inizio="66.309" Bpm="113.55" Metro="4/4" Battito="2" />
      <TEMPO Inizio="80.048" Bpm="113.55" Metro="4/4" Battito="4" />
      <TEMPO Inizio="93.787" Bpm="113.55" Metro="4/4" Battito="2" />
      <TEMPO Inizio="107.526" Bpm="113.55" Metro="4/4" Battito="4" />
      <TEMPO Inizio="121.265" Bpm="113.55" Metro="4/4" Battito="2" />
      <TEMPO Inizio="132.362" Bpm="113.55" Metro="4/4" Battito="3" />
      <TEMPO Inizio="148.743" Bpm="113.55" Metro="4/4" Battito="2" />
      <TEMPO Inizio="159.840" Bpm="113.55" Metro="4/4" Battito="3" />
      <TEMPO Inizio="173.579" Bpm="113.55" Metro="4/4" Battito="1" />
      <TEMPO Inizio="187.318" Bpm="113.55" Metro="4/4" Battito="3" />
      <TEMPO Inizio="201.057" Bpm="113.55" Metro="4/4" Battito="1" />
      <TEMPO Inizio="214.796" Bpm="113.55" Metro="4/4" Battito="3" />
      <TEMPO Inizio="225.893" Bpm="113.55" Metro="4/4" Battito="4" />
    </TRACK>
    <TRACK TrackID="150767533" Name="White Wedding" Artist="Billy Idol" Composer="" Album="Blackpool" Grouping="" Genre="Lounge/Rock" Kind="MP3 File" Size="10066897" TotalTime="251" DiscNumber="1" TrackNumber="18" Year="2004" AverageBpm="147.30" DateAdded="2023-05-27" BitRate="320" SampleRate="44100" Comments="10A - 7" PlayCount="1" Rating="0" Location="file://localhost/Users/zachvp/Music/DJ/_parental%20jams/18%20Billy%20Idol%20-%20White%20Wedding.mp3" Remixer="" Tonality="10A" Label="" Mix="">
      <TEMPO Inizio="0.322" Bpm="147.30" Metro="4/4" Battito="4" />
      <TEMPO Inizio="54.496" Bpm="147.30" Metro="4/4" Battito="1" />
      <TEMPO Inizio="106.226" Bpm="147.30" Metro="4/4" Battito="4" />
      <TEMPO Inizio="156.734" Bpm="147.30" Metro="4/4" Battito="4" />
      <TEMPO Inizio="210.908" Bpm="147.30" Metro="4/4" Battito="1" />
    </TRACK>
    <TRACK TrackID="88459709" Name="Caught Up In You" Artist="38 Special" Composer="" Album="" Grouping="" Genre="Lounge/Rock" Kind="MP3 File" Size="11047975" TotalTime="276" DiscNumber="0" TrackNumber="0" Year="1982" AverageBpm="133.53" DateAdded="2023-05-27" BitRate="320" SampleRate="44100" Comments="12A - 6" PlayCount="0" Rating="0" Location="file://localhost/Users/zachvp/Music/DJ/_parental%20jams/38%20Special%20-%20Caught%20Up%20In%20You%20-%2010%201982.mp3" Remixer="" Tonality="12A" Label="" Mix="">
      <TEMPO Inizio="0.030" Bpm="133.53" Metro="4/4" Battito="1" />
      <TEMPO Inizio="231.887" Bpm="133.53" Metro="4/4" Battito="1" />
    </TRACK>
    <TRACK TrackID="71522830" Name="51st Anniversary" Artist="Jimi Hendrix" Composer="" Album="The Singles Album Volume 1" Grouping="" Genre="Lounge/Rock" Kind="MP3 File" Size="7909182" TotalTime="197" DiscNumber="0" TrackNumber="0" Year="1983" AverageBpm="135.21" DateAdded="2023-05-27" BitRate="320" SampleRate="44100" Comments="10A - 4" PlayCount="1" Rating="0" Location="file://localhost/Users/zachvp/Music/DJ/_parental%20jams/104_51st_Anniversary-TtR.mp3" Remixer="" Tonality="10A" Label="" Mix="">
      <TEMPO Inizio="0.298" Bpm="135.21" Metro="4/4" Battito="1" />
    </TRACK>
    <TRACK TrackID="111150792" Name="desperado" Artist="Eagles" Composer="" Album="The Complete Greatest Hits" Grouping="" Genre="Lounge/Rock" Kind="MP3 File" Size="8542376" TotalTime="213" DiscNumber="0" TrackNumber="0" Year="2003" AverageBpm="121.09" DateAdded="2023-05-27" BitRate="320" SampleRate="44100" Comments="9B - 3" PlayCount="1" Rating="0" Location="file://localhost/Users/zachvp/Music/DJ/_parental%20jams/104-eagles-desperado-swe.mp3" Remixer="" Tonality="9B" Label="" Mix="">
      <TEMPO Inizio="0.476" Bpm="121.09" Metro="4/4" Battito="4" />
      <TEMPO Inizio="30.700" Bpm="121.09" Metro="4/4" Battito="1" />
      <TEMPO Inizio="75.789" Bpm="121.09" Metro="4/4" Battito="4" />
      <TEMPO Inizio="118.896" Bpm="121.09" Metro="4/4" Battito="3" />
      <TEMPO Inizio="119.392" Bpm="121.09" Metro="4/4" Battito="4" />
      <TEMPO Inizio="148.625" Bpm="121.09" Metro="4/4" Battito="3" />
      <TEMPO Inizio="194.705" Bpm="121.09" Metro="4/4" Battito="4" />
    </TRACK>
    <TRACK TrackID="100479550" Name="Let Me Light Your Fire" Artist="Jimi Hendrix" Composer="" Album="The Singles Album Volume 1" Grouping="" Genre="Lounge/Rock" Kind="MP3 File" Size="6260339" TotalTime="156" DiscNumber="0" TrackNumber="0" Year="1983" AverageBpm="155.55" DateAdded="2023-05-27" BitRate="320" SampleRate="44100" Comments="7A - 7" PlayCount="0" Rating="0" Location="file://localhost/Users/zachvp/Music/DJ/_parental%20jams/112_Let_Me_Light_Your_Fire-TtR.mp3" Remixer="" Tonality="7A" Label="" Mix="">
      <TEMPO Inizio="0.128" Bpm="155.55" Metro="4/4" Battito="1" />
      <POSITION_MARK Name="" Type="0" Start="22.602" Num="-1" />
    </TRACK>
    <TRACK TrackID="145752144" Name="3rd Stone form the Sun" Artist="Jimi Hendrix" Composer="" Album="The Singles Album Volume 2" Grouping="" Genre="Lounge/Rock" Kind="MP3 File" Size="16063572" TotalTime="401" DiscNumber="0" TrackNumber="0" Year="1983" AverageBpm="115.36" DateAdded="2023-05-27" BitRate="320" SampleRate="44100" Comments="9A - 4" PlayCount="0" Rating="0" Location="file://localhost/Users/zachvp/Music/DJ/_parental%20jams/210_3rd_Stone_form_the_Sun-TtR.mp3" Remixer="" Tonality="9A" Label="" Mix="">
      <TEMPO Inizio="0.030" Bpm="115.36" Metro="4/4" Battito="3" />
      <TEMPO Inizio="328.219" Bpm="115.36" Metro="4/4" Battito="2" />
    </TRACK>
    <TRACK TrackID="227658036" Name="Action This Day" Artist="Queen" Composer="" Album="Hot Space" Grouping="" Genre="Lounge/Rock" Kind="MP3 File" Size="8423265" TotalTime="210" DiscNumber="0" TrackNumber="0" Year="1982" AverageBpm="166.30" DateAdded="2023-05-27" BitRate="320" SampleRate="44100" Comments="9A - 7" PlayCount="1" Rating="0" Location="file://localhost/Users/zachvp/Music/DJ/_parental%20jams/Action%20This%20Day.mp3" Remixer="" Tonality="9A" Label="" Mix="">
      <TEMPO Inizio="0.339" Bpm="166.30" Metro="4/4" Battito="1" />
    </TRACK>
    <TRACK TrackID="222895795" Name="Ain't No Mountain High Enough" Artist="Gaye, Marvin" Composer="" Album="" Grouping="" Genre="Lounge/Pop" Kind="MP3 File" Size="5984475" TotalTime="149" DiscNumber="0" TrackNumber="0" Year="1967" AverageBpm="129.24" DateAdded="2023-05-27" BitRate="320" SampleRate="44100" Comments="9A - 4" PlayCount="1" Rating="0" Location="file://localhost/Users/zachvp/Music/DJ/_parental%20jams/Ain%27t%20No%20Mountain%20High%20Enough.mp3" Remixer="" Tonality="9A" Label="" Mix="">
      <TEMPO Inizio="0.153" Bpm="129.24" Metro="4/4" Battito="1" />
      <TEMPO Inizio="37.292" Bpm="129.24" Metro="4/4" Battito="1" />
      <TEMPO Inizio="78.145" Bpm="129.24" Metro="4/4" Battito="1" />
      <TEMPO Inizio="122.712" Bpm="129.24" Metro="4/4" Battito="1" />
    </TRACK>
    <TRACK TrackID="35473517" Name="Jingle Jangle" Artist="Archies" Composer="" Album="" Grouping="" Genre="Lounge/Rock" Kind="MP3 File" Size="6607170" TotalTime="165" DiscNumber="0" TrackNumber="0" Year="1970" AverageBpm="108.73" DateAdded="2023-05-27" BitRate="320" SampleRate="44100" Comments="11B - 4" PlayCount="0" Rating="0" Location="file://localhost/Users/zachvp/Music/DJ/_parental%20jams/Archies%20-%20Jingle%20Jangle%20-%2010%201970.mp3" Remixer="" Tonality="11B" Label="" Mix="">
      <TEMPO Inizio="0.428" Bpm="108.73" Metro="4/4" Battito="1" />
    </TRACK>
    <TRACK TrackID="151432376" Name="Sugar, Sugar" Artist="Archies" Composer="" Album="" Grouping="" Genre="Lounge/Rock" Kind="MP3 File" Size="6890356" TotalTime="172" DiscNumber="0" TrackNumber="1" Year="0" AverageBpm="122.23" DateAdded="2023-05-27" BitRate="320" SampleRate="44100" Comments="10B - 5" PlayCount="2" Rating="0" Location="file://localhost/Users/zachvp/Music/DJ/_parental%20jams/ARCHIES%20-%20SUGAR,%20SUGAR%20(1969%20#1-4).mp3" Remixer="" Tonality="10B" Label="" Mix="">
      <TEMPO Inizio="0.106" Bpm="122.23" Metro="4/4" Battito="1" />
    </TRACK>
    <TRACK TrackID="154877213" Name="Call Me" Artist="Aretha Franklin" Composer="" Album="" Grouping="" Genre="Lounge/Rock" Kind="MP3 File" Size="9444098" TotalTime="236" DiscNumber="0" TrackNumber="16" Year="1970" AverageBpm="118.33" DateAdded="2023-05-27" BitRate="320" SampleRate="44100" Comments="9A - 4" PlayCount="1" Rating="0" Location="file://localhost/Users/zachvp/Music/DJ/_parental%20jams/Aretha%20Franklin%20-%20Call%20Me%20-%2013%201970.mp3" Remixer="" Tonality="9A" Label="" Mix="">
      <TEMPO Inizio="0.294" Bpm="118.33" Metro="4/4" Battito="4" />
      <TEMPO Inizio="13.478" Bpm="118.33" Metro="4/4" Battito="2" />
      <TEMPO Inizio="35.789" Bpm="118.33" Metro="4/4" Battito="2" />
      <TEMPO Inizio="57.593" Bpm="118.33" Metro="4/4" Battito="1" />
      <TEMPO Inizio="79.397" Bpm="118.33" Metro="4/4" Battito="4" />
      <TEMPO Inizio="101.201" Bpm="118.33" Metro="4/4" Battito="3" />
      <TEMPO Inizio="123.005" Bpm="118.33" Metro="4/4" Battito="2" />
      <TEMPO Inizio="144.302" Bpm="118.33" Metro="4/4" Battito="4" />
      <TEMPO Inizio="166.106" Bpm="118.33" Metro="4/4" Battito="3" />
      <TEMPO Inizio="187.910" Bpm="118.33" Metro="4/4" Battito="2" />
      <TEMPO Inizio="209.714" Bpm="118.33" Metro="4/4" Battito="1" />
      <TEMPO Inizio="231.518" Bpm="118.33" Metro="4/4" Battito="4" />
    </TRACK>
    <TRACK TrackID="58954069" Name="Love Shack" Artist="B-52's" Composer="" Album="Cosmic Thing" Grouping="" Genre="Lounge/Rock" Kind="MP3 File" Size="12867126" TotalTime="321" DiscNumber="0" TrackNumber="0" Year="1989" AverageBpm="133.59" DateAdded="2023-05-27" BitRate="320" SampleRate="44100" Comments="5A - 7" PlayCount="1" Rating="0" Location="file://localhost/Users/zachvp/Music/DJ/_parental%20jams/B-52%27s%20-%20Love%20Shack%20-%203%201989.mp3" Remixer="" Tonality="5A" Label="" Mix="">
      <TEMPO Inizio="0.346" Bpm="133.59" Metro="4/4" Battito="3" />
      <TEMPO Inizio="90.172" Bpm="133.59" Metro="4/4" Battito="3" />
      <TEMPO Inizio="149.906" Bpm="133.59" Metro="4/4" Battito="4" />
      <TEMPO Inizio="209.640" Bpm="133.59" Metro="4/4" Battito="1" />
      <TEMPO Inizio="269.374" Bpm="133.59" Metro="4/4" Battito="2" />
    </TRACK>
    <TRACK TrackID="172615458" Name="Rock Lobster" Artist="B-52's" Composer="" Album="" Grouping="" Genre="Lounge/Rock" Kind="MP3 File" Size="11781485" TotalTime="294" DiscNumber="0" TrackNumber="0" Year="1980" AverageBpm="90.11" DateAdded="2023-05-27" BitRate="320" SampleRate="44100" Comments="5A - 6" PlayCount="1" Rating="0" Location="file://localhost/Users/zachvp/Music/DJ/_parental%20jams/B-52%27s%20-%20Rock%20Lobster%20-%2056%201980.mp3" Remixer="" Tonality="5A" Label="" Mix="">
      <TEMPO Inizio="0.504" Bpm="90.11" Metro="4/4" Battito="1" />
    </TRACK>
    <TRACK TrackID="11099" Name="Back Chat" Artist="Queen" Composer="" Album="Hot Space" Grouping="" Genre="Lounge/Rock" Kind="MP3 File" Size="10877725" TotalTime="271" DiscNumber="0" TrackNumber="0" Year="1982" AverageBpm="118.90" DateAdded="2023-05-27" BitRate="320" SampleRate="44100" Comments="8A - 7" PlayCount="1" Rating="0" Location="file://localhost/Users/zachvp/Music/DJ/_parental%20jams/Back%20Chat.mp3" Remixer="" Tonality="8A" Label="" Mix="">
      <TEMPO Inizio="0.299" Bpm="118.90" Metro="4/4" Battito="3" />
    </TRACK>
    <TRACK TrackID="265708257" Name="Holy Water" Artist="Bad Company" Composer="" Album="" Grouping="" Genre="Lounge/Rock" Kind="MP3 File" Size="9923660" TotalTime="248" DiscNumber="0" TrackNumber="0" Year="1990" AverageBpm="83.04" DateAdded="2023-05-27" BitRate="320" SampleRate="44100" Comments="9A - 6" PlayCount="1" Rating="0" Location="file://localhost/Users/zachvp/Music/DJ/_parental%20jams/Bad%20Company%20-%20Holy%20Water%20-%201(2)%20rock%201990.mp3" Remixer="" Tonality="9A" Label="" Mix="">
      <TEMPO Inizio="0.112" Bpm="83.04" Metro="4/4" Battito="3" />
    </TRACK>
    <TRACK TrackID="18725426" Name="Come And Get It" Artist="Badfinger" Composer="" Album="" Grouping="" Genre="Lounge/Rock" Kind="MP3 File" Size="5709634" TotalTime="142" DiscNumber="0" TrackNumber="1" Year="1970" AverageBpm="93.50" DateAdded="2023-05-27" BitRate="320" SampleRate="44100" Comments="2A - 6" PlayCount="0" Rating="0" Location="file://localhost/Users/zachvp/Music/DJ/_parental%20jams/Badfinger%20-%20Come%20And%20Get%20It%20-%207%201970.mp3" Remixer="" Tonality="2A" Label="" Mix="">
      <TEMPO Inizio="0.545" Bpm="93.50" Metro="4/4" Battito="4" />
    </TRACK>
    <TRACK TrackID="193108564" Name="No Matter What" Artist="Badfinger" Composer="" Album="" Grouping="" Genre="Lounge/Rock" Kind="MP3 File" Size="7245633" TotalTime="181" DiscNumber="0" TrackNumber="5" Year="1970" AverageBpm="116.73" DateAdded="2023-05-27" BitRate="320" SampleRate="44100" Comments="11B - 4" PlayCount="1" Rating="0" Location="file://localhost/Users/zachvp/Music/DJ/_parental%20jams/Badfinger%20-%20No%20Matter%20What%20-%208%20-%201970.mp3" Remixer="" Tonality="11B" Label="" Mix="">
      <TEMPO Inizio="0.356" Bpm="116.73" Metro="4/4" Battito="1" />
      <TEMPO Inizio="112.921" Bpm="116.73" Metro="4/4" Battito="4" />
      <TEMPO Inizio="113.436" Bpm="116.73" Metro="4/4" Battito="1" />
      <TEMPO Inizio="115.491" Bpm="116.73" Metro="4/4" Battito="1" />
      <TEMPO Inizio="116.520" Bpm="116.73" Metro="4/4" Battito="3" />
      <TEMPO Inizio="118.575" Bpm="116.73" Metro="4/4" Battito="3" />
      <TEMPO Inizio="120.118" Bpm="116.73" Metro="4/4" Battito="2" />
      <TEMPO Inizio="121.145" Bpm="116.73" Metro="4/4" Battito="4" />
    </TRACK>
    <TRACK TrackID="56932021" Name="Bargain" Artist="The Who" Composer="" Album="Who's Next" Grouping="" Genre="Lounge/Rock" Kind="MP3 File" Size="13268457" TotalTime="331" DiscNumber="0" TrackNumber="2" Year="1971" AverageBpm="135.22" DateAdded="2023-05-27" BitRate="320" SampleRate="44100" Comments="3A - 5" PlayCount="0" Rating="0" Location="file://localhost/Users/zachvp/Music/DJ/_parental%20jams/Bargain.mp3" Remixer="" Tonality="3A" Label="" Mix="">
      <TEMPO Inizio="0.255" Bpm="135.22" Metro="4/4" Battito="3" />
    </TRACK>
    <TRACK TrackID="155841673" Name="I.o.i.o." Artist="Bee Gees" Composer="" Album="" Grouping="" Genre="Lounge/Rock" Kind="MP3 File" Size="6727312" TotalTime="168" DiscNumber="0" TrackNumber="0" Year="1970" AverageBpm="132.31" DateAdded="2023-05-27" BitRate="320" SampleRate="44100" Comments="7B - 4" PlayCount="1" Rating="0" Location="file://localhost/Users/zachvp/Music/DJ/_parental%20jams/Bee%20Gees%20-%20I.O.I.O.%20-%2094%201970.mp3" Remixer="" Tonality="7B" Label="" Mix="">
      <TEMPO Inizio="0.062" Bpm="132.31" Metro="4/4" Battito="3" />
      <TEMPO Inizio="0.516" Bpm="132.31" Metro="4/4" Battito="4" />
      <TEMPO Inizio="24.551" Bpm="132.31" Metro="4/4" Battito="1" />
      <TEMPO Inizio="48.586" Bpm="132.31" Metro="4/4" Battito="2" />
      <TEMPO Inizio="72.621" Bpm="132.31" Metro="4/4" Battito="3" />
      <TEMPO Inizio="96.656" Bpm="132.31" Metro="4/4" Battito="4" />
      <TEMPO Inizio="120.691" Bpm="132.31" Metro="4/4" Battito="1" />
      <TEMPO Inizio="144.726" Bpm="132.31" Metro="4/4" Battito="2" />
    </TRACK>
    <TRACK TrackID="203261494" Name="Black Betty" Artist="Ram Jam" Composer="" Album="" Grouping="" Genre="Lounge/Rock" Kind="MP3 File" Size="9482710" TotalTime="237" DiscNumber="0" TrackNumber="0" Year="1977" AverageBpm="117.81" DateAdded="2023-05-27" BitRate="320" SampleRate="44100" Comments="10A - 6" PlayCount="0" Rating="0" Location="file://localhost/Users/zachvp/Music/DJ/_parental%20jams/Black%20Betty.mp3" Remixer="" Tonality="10A" Label="" Mix="">
      <TEMPO Inizio="0.221" Bpm="117.81" Metro="4/4" Battito="1" />
      <TEMPO Inizio="0.731" Bpm="117.81" Metro="4/4" Battito="2" />
      <TEMPO Inizio="11.936" Bpm="117.81" Metro="4/4" Battito="4" />
      <TEMPO Inizio="23.141" Bpm="117.81" Metro="4/4" Battito="2" />
      <TEMPO Inizio="34.346" Bpm="117.81" Metro="4/4" Battito="4" />
      <TEMPO Inizio="45.551" Bpm="117.81" Metro="4/4" Battito="2" />
      <TEMPO Inizio="61.849" Bpm="117.81" Metro="4/4" Battito="2" />
      <TEMPO Inizio="73.054" Bpm="117.81" Metro="4/4" Battito="4" />
      <TEMPO Inizio="89.352" Bpm="117.81" Metro="4/4" Battito="4" />
      <TEMPO Inizio="100.557" Bpm="117.81" Metro="4/4" Battito="2" />
      <TEMPO Inizio="116.855" Bpm="117.81" Metro="4/4" Battito="2" />
      <TEMPO Inizio="128.060" Bpm="117.81" Metro="4/4" Battito="4" />
      <TEMPO Inizio="144.358" Bpm="117.81" Metro="4/4" Battito="4" />
      <TEMPO Inizio="155.563" Bpm="117.81" Metro="4/4" Battito="2" />
      <TEMPO Inizio="171.861" Bpm="117.81" Metro="4/4" Battito="2" />
      <TEMPO Inizio="183.066" Bpm="117.81" Metro="4/4" Battito="4" />
      <TEMPO Inizio="194.271" Bpm="117.81" Metro="4/4" Battito="2" />
      <TEMPO Inizio="210.569" Bpm="117.81" Metro="4/4" Battito="2" />
      <TEMPO Inizio="221.774" Bpm="117.81" Metro="4/4" Battito="4" />
    </TRACK>
    <TRACK TrackID="226626430" Name="Brandy (You're A Fine Girl)" Artist="Looking Glass" Composer="" Album="" Grouping="" Genre="Lounge/Rock" Kind="MP3 File" Size="7519369" TotalTime="187" DiscNumber="0" TrackNumber="0" Year="1972" AverageBpm="124.78" DateAdded="2023-05-27" BitRate="320" SampleRate="44100" Comments="12B - 6" PlayCount="1" Rating="0" Location="file://localhost/Users/zachvp/Music/DJ/_parental%20jams/Brandy%20(You%27re%20A%20Fine%20Girl).mp3" Remixer="" Tonality="12B" Label="" Mix="">
      <TEMPO Inizio="0.279" Bpm="124.78" Metro="4/4" Battito="4" />
    </TRACK>
    <TRACK TrackID="130842463" Name="Brick House" Artist="Commodores" Composer="" Album="" Grouping="" Genre="Lounge/Rock" Kind="MP3 File" Size="8540215" TotalTime="213" DiscNumber="0" TrackNumber="0" Year="1977" AverageBpm="107.87" DateAdded="2023-05-27" BitRate="320" SampleRate="44100" Comments="8A - 6" PlayCount="1" Rating="0" Location="file://localhost/Users/zachvp/Music/DJ/_parental%20jams/Brick%20House.mp3" Remixer="" Tonality="8A" Label="" Mix="">
      <TEMPO Inizio="0.228" Bpm="107.87" Metro="4/4" Battito="1" />
      <TEMPO Inizio="23.590" Bpm="107.87" Metro="4/4" Battito="3" />
      <TEMPO Inizio="51.958" Bpm="107.87" Metro="4/4" Battito="2" />
      <TEMPO Inizio="87.557" Bpm="107.87" Metro="4/4" Battito="2" />
      <TEMPO Inizio="115.925" Bpm="107.87" Metro="4/4" Battito="1" />
      <TEMPO Inizio="144.293" Bpm="107.87" Metro="4/4" Battito="4" />
      <TEMPO Inizio="172.661" Bpm="107.87" Metro="4/4" Battito="3" />
      <TEMPO Inizio="201.029" Bpm="107.87" Metro="4/4" Battito="2" />
    </TRACK>
    <TRACK TrackID="107939275" Name="Brighton Rock" Artist="Queen" Composer="" Album="Sheer Heart Attack" Grouping="" Genre="Lounge/Rock" Kind="MP3 File" Size="12341640" TotalTime="308" DiscNumber="0" TrackNumber="0" Year="1974" AverageBpm="140.41" DateAdded="2023-05-27" BitRate="320" SampleRate="44100" Comments="12B - 5" PlayCount="0" Rating="0" Location="file://localhost/Users/zachvp/Music/DJ/_parental%20jams/Brighton%20Rock.mp3" Remixer="" Tonality="12B" Label="" Mix="">
      <TEMPO Inizio="0.219" Bpm="140.41" Metro="4/4" Battito="1" />
      <TEMPO Inizio="0.647" Bpm="140.41" Metro="4/4" Battito="2" />
      <TEMPO Inizio="17.313" Bpm="140.41" Metro="4/4" Battito="1" />
      <TEMPO Inizio="33.979" Bpm="140.41" Metro="4/4" Battito="4" />
      <TEMPO Inizio="50.645" Bpm="140.41" Metro="4/4" Battito="3" />
      <TEMPO Inizio="67.311" Bpm="140.41" Metro="4/4" Battito="2" />
      <TEMPO Inizio="83.977" Bpm="140.41" Metro="4/4" Battito="1" />
      <TEMPO Inizio="89.960" Bpm="140.41" Metro="4/4" Battito="3" />
      <TEMPO Inizio="106.626" Bpm="140.41" Metro="4/4" Battito="2" />
      <TEMPO Inizio="123.292" Bpm="140.41" Metro="4/4" Battito="1" />
      <TEMPO Inizio="139.958" Bpm="140.41" Metro="4/4" Battito="4" />
      <TEMPO Inizio="156.624" Bpm="140.41" Metro="4/4" Battito="3" />
      <TEMPO Inizio="173.290" Bpm="140.41" Metro="4/4" Battito="2" />
      <TEMPO Inizio="189.956" Bpm="140.41" Metro="4/4" Battito="1" />
      <TEMPO Inizio="206.622" Bpm="140.41" Metro="4/4" Battito="4" />
      <TEMPO Inizio="212.605" Bpm="140.41" Metro="4/4" Battito="2" />
      <TEMPO Inizio="229.271" Bpm="140.41" Metro="4/4" Battito="1" />
      <TEMPO Inizio="245.937" Bpm="140.41" Metro="4/4" Battito="4" />
      <TEMPO Inizio="262.603" Bpm="140.41" Metro="4/4" Battito="3" />
      <TEMPO Inizio="279.269" Bpm="140.41" Metro="4/4" Battito="2" />
      <TEMPO Inizio="295.935" Bpm="140.41" Metro="4/4" Battito="1" />
    </TRACK>
    <TRACK TrackID="221208759" Name="Can You See Me" Artist="The Jimi Hendrix Experience" Composer="" Album="Are You Experienced" Grouping="" Genre="Lounge/Rock" Kind="MP3 File" Size="6116151" TotalTime="152" DiscNumber="0" TrackNumber="0" Year="1967" AverageBpm="132.71" DateAdded="2023-05-27" BitRate="320" SampleRate="44100" Comments="11A - 5" PlayCount="0" Rating="0" Location="file://localhost/Users/zachvp/Music/DJ/_parental%20jams/Can%20You%20See%20Me.mp3" Remixer="" Tonality="11A" Label="" Mix="">
      <TEMPO Inizio="0.427" Bpm="132.71" Metro="4/4" Battito="3" />
      <TEMPO Inizio="123.853" Bpm="132.71" Metro="4/4" Battito="4" />
    </TRACK>
    <TRACK TrackID="190161243" Name="Express Yourself" Artist="Charles Wright &amp; Watts" Composer="" Album="" Grouping="" Genre="Lounge/Rock" Kind="MP3 File" Size="9340624" TotalTime="233" DiscNumber="0" TrackNumber="0" Year="1970" AverageBpm="93.52" DateAdded="2023-05-27" BitRate="320" SampleRate="44100" Comments="5B - 5" PlayCount="1" Rating="0" Location="file://localhost/Users/zachvp/Music/DJ/_parental%20jams/Charles%20Wright%20%26%20Watts%20-%20Express%20Yourself%20-%2012%201970.mp3" Remixer="" Tonality="5B" Label="" Mix="">
      <TEMPO Inizio="0.501" Bpm="93.52" Metro="4/4" Battito="1" />
    </TRACK>
    <TRACK TrackID="232314306" Name="Cochise" Artist="Audioslave" Composer="Audioslave/Chris Cornell" Album="Audioslave" Grouping="" Genre="Lounge/Rock" Kind="MP3 File" Size="9207193" TotalTime="228" DiscNumber="0" TrackNumber="1" Year="2002" AverageBpm="80.96" DateAdded="2023-05-27" BitRate="320" SampleRate="44100" Comments="9A - 5" PlayCount="0" Rating="0" Location="file://localhost/Users/zachvp/Music/DJ/_parental%20jams/Cochise.mp3" Remixer="" Tonality="9A" Label="" Mix="">
      <TEMPO Inizio="0.508" Bpm="80.96" Metro="4/4" Battito="1" />
      <TEMPO Inizio="1.991" Bpm="80.96" Metro="4/4" Battito="3" />
      <TEMPO Inizio="12.367" Bpm="80.96" Metro="4/4" Battito="1" />
      <TEMPO Inizio="28.672" Bpm="80.96" Metro="4/4" Battito="3" />
      <TEMPO Inizio="39.048" Bpm="80.96" Metro="4/4" Battito="1" />
      <TEMPO Inizio="55.353" Bpm="80.96" Metro="4/4" Battito="3" />
      <TEMPO Inizio="70.917" Bpm="80.96" Metro="4/4" Battito="4" />
      <TEMPO Inizio="87.222" Bpm="80.96" Metro="4/4" Battito="2" />
      <TEMPO Inizio="103.527" Bpm="80.96" Metro="4/4" Battito="4" />
      <TEMPO Inizio="113.903" Bpm="80.96" Metro="4/4" Battito="2" />
      <TEMPO Inizio="130.208" Bpm="80.96" Metro="4/4" Battito="4" />
      <TEMPO Inizio="146.513" Bpm="80.96" Metro="4/4" Battito="2" />
      <TEMPO Inizio="162.077" Bpm="80.96" Metro="4/4" Battito="3" />
      <TEMPO Inizio="178.382" Bpm="80.96" Metro="4/4" Battito="1" />
      <TEMPO Inizio="188.758" Bpm="80.96" Metro="4/4" Battito="3" />
      <TEMPO Inizio="205.063" Bpm="80.96" Metro="4/4" Battito="1" />
      <TEMPO Inizio="221.368" Bpm="80.96" Metro="4/4" Battito="3" />
    </TRACK>
    <TRACK TrackID="136838489" Name="Come Together" Artist="Beatles" Composer="" Album="1967-1970 (Disc 2)" Grouping="" Genre="Lounge/Rock" Kind="MP3 File" Size="10369885" TotalTime="259" DiscNumber="0" TrackNumber="9" Year="1993" AverageBpm="164.80" DateAdded="2023-05-27" BitRate="320" SampleRate="44100" Comments="7A - 6" PlayCount="1" Rating="0" Location="file://localhost/Users/zachvp/Music/DJ/_parental%20jams/Come%20Together.mp3" Remixer="" Tonality="7A" Label="" Mix="">
      <TEMPO Inizio="0.216" Bpm="164.80" Metro="4/4" Battito="3" />
      <TEMPO Inizio="7.134" Bpm="164.80" Metro="4/4" Battito="2" />
      <TEMPO Inizio="32.620" Bpm="164.80" Metro="4/4" Battito="4" />
      <TEMPO Inizio="58.106" Bpm="164.80" Metro="4/4" Battito="2" />
      <TEMPO Inizio="83.592" Bpm="164.80" Metro="4/4" Battito="4" />
      <TEMPO Inizio="109.078" Bpm="164.80" Metro="4/4" Battito="2" />
      <TEMPO Inizio="138.933" Bpm="164.80" Metro="4/4" Battito="4" />
      <TEMPO Inizio="164.419" Bpm="164.80" Metro="4/4" Battito="2" />
      <TEMPO Inizio="189.905" Bpm="164.80" Metro="4/4" Battito="4" />
      <TEMPO Inizio="215.391" Bpm="164.80" Metro="4/4" Battito="2" />
      <TEMPO Inizio="240.877" Bpm="164.80" Metro="4/4" Battito="4" />
    </TRACK>
    <TRACK TrackID="226409800" Name="Cool Cat" Artist="Queen" Composer="" Album="Hot Space" Grouping="" Genre="Lounge/Rock" Kind="MP3 File" Size="8234132" TotalTime="205" DiscNumber="0" TrackNumber="0" Year="1982" AverageBpm="73.77" DateAdded="2023-05-27" BitRate="320" SampleRate="44100" Comments="12B - 5" PlayCount="0" Rating="0" Location="file://localhost/Users/zachvp/Music/DJ/_parental%20jams/Cool%20Cat.mp3" Remixer="" Tonality="12B" Label="" Mix="">
      <TEMPO Inizio="0.314" Bpm="73.77" Metro="4/4" Battito="1" />
      <TEMPO Inizio="66.195" Bpm="73.77" Metro="4/4" Battito="2" />
      <TEMPO Inizio="139.396" Bpm="73.77" Metro="4/4" Battito="4" />
    </TRACK>
    <TRACK TrackID="3162285" Name="Cult Of Personality" Artist="Living Colour" Composer="" Album="" Grouping="" Genre="Lounge/Rock" Kind="MP3 File" Size="11792993" TotalTime="294" DiscNumber="0" TrackNumber="0" Year="1989" AverageBpm="92.08" DateAdded="2023-05-27" BitRate="320" SampleRate="44100" Comments="9B - 6" PlayCount="1" Rating="0" Location="file://localhost/Users/zachvp/Music/DJ/_parental%20jams/Cult%20Of%20Personality.mp3" Remixer="" Tonality="9B" Label="" Mix="">
      <TEMPO Inizio="0.469" Bpm="92.08" Metro="4/4" Battito="4" />
    </TRACK>
    <TRACK TrackID="143522426" Name="Dancer" Artist="Queen" Composer="" Album="Hot Space" Grouping="" Genre="Lounge/Rock" Kind="MP3 File" Size="9054375" TotalTime="226" DiscNumber="0" TrackNumber="0" Year="1982" AverageBpm="100.13" DateAdded="2023-05-27" BitRate="320" SampleRate="44100" Comments="9A - 7" PlayCount="1" Rating="0" Location="file://localhost/Users/zachvp/Music/DJ/_parental%20jams/Dancer.mp3" Remixer="" Tonality="9A" Label="" Mix="">
      <TEMPO Inizio="0.330" Bpm="100.13" Metro="4/4" Battito="1" />
      <TEMPO Inizio="6.922" Bpm="100.13" Metro="4/4" Battito="4" />
      <TEMPO Inizio="24.300" Bpm="100.13" Metro="4/4" Battito="1" />
      <TEMPO Inizio="41.678" Bpm="100.13" Metro="4/4" Battito="2" />
      <TEMPO Inizio="69.842" Bpm="100.13" Metro="4/4" Battito="1" />
      <TEMPO Inizio="87.220" Bpm="100.13" Metro="4/4" Battito="2" />
      <TEMPO Inizio="104.598" Bpm="100.13" Metro="4/4" Battito="3" />
      <TEMPO Inizio="127.369" Bpm="100.13" Metro="4/4" Battito="1" />
      <TEMPO Inizio="150.140" Bpm="100.13" Metro="4/4" Battito="3" />
      <TEMPO Inizio="167.518" Bpm="100.13" Metro="4/4" Battito="4" />
      <TEMPO Inizio="190.289" Bpm="100.13" Metro="4/4" Battito="2" />
      <TEMPO Inizio="213.060" Bpm="100.13" Metro="4/4" Battito="4" />
    </TRACK>
    <TRACK TrackID="115473712" Name="Only You Know And I Know" Artist="Dave Mason" Composer="" Album="Alone Together" Grouping="" Genre="Lounge/Rock" Kind="MP3 File" Size="9893371" TotalTime="247" DiscNumber="0" TrackNumber="0" Year="1970" AverageBpm="116.68" DateAdded="2023-05-27" BitRate="320" SampleRate="44100" Comments="7B - 6" PlayCount="1" Rating="0" Location="file://localhost/Users/zachvp/Music/DJ/_parental%20jams/Dave%20Mason%20-%20Only%20You%20Know%20And%20I%20Know%20-%2042%201970.mp3" Remixer="" Tonality="7B" Label="" Mix="">
      <TEMPO Inizio="0.259" Bpm="116.68" Metro="4/4" Battito="3" />
      <TEMPO Inizio="0.774" Bpm="116.68" Metro="4/4" Battito="4" />
      <TEMPO Inizio="48.596" Bpm="116.68" Metro="4/4" Battito="1" />
      <TEMPO Inizio="91.790" Bpm="116.68" Metro="4/4" Battito="1" />
      <TEMPO Inizio="134.984" Bpm="116.68" Metro="4/4" Battito="1" />
      <TEMPO Inizio="184.863" Bpm="116.68" Metro="4/4" Battito="2" />
      <TEMPO Inizio="223.429" Bpm="116.68" Metro="4/4" Battito="1" />
    </TRACK>
    <TRACK TrackID="133854414" Name="Don't Lose Your Head" Artist="Queen" Composer="" Album="A Kind Of Magic" Grouping="" Genre="Lounge/Rock" Kind="MP3 File" Size="10902819" TotalTime="272" DiscNumber="0" TrackNumber="0" Year="1986" AverageBpm="120.04" DateAdded="2023-05-27" BitRate="320" SampleRate="44100" Comments="8A - 7" PlayCount="1" Rating="0" Location="file://localhost/Users/zachvp/Music/DJ/_parental%20jams/Don%27t%20Lose%20Your%20Head.mp3" Remixer="" Tonality="8A" Label="" Mix="">
      <TEMPO Inizio="0.342" Bpm="120.04" Metro="4/4" Battito="1" />
    </TRACK>
    <TRACK TrackID="97087512" Name="Roadhouse Blues" Artist="Doors" Composer="" Album="" Grouping="" Genre="Lounge/Rock" Kind="MP3 File" Size="9750206" TotalTime="243" DiscNumber="0" TrackNumber="0" Year="1970" AverageBpm="121.26" DateAdded="2023-05-27" BitRate="320" SampleRate="44100" Comments="9A - 7" PlayCount="1" Rating="0" Location="file://localhost/Users/zachvp/Music/DJ/_parental%20jams/Doors%20-%20Roadhouse%20Blues%20-%2050%201970.mp3" Remixer="" Tonality="9A" Label="" Mix="">
      <TEMPO Inizio="0.395" Bpm="121.26" Metro="4/4" Battito="1" />
    </TRACK>
    <TRACK TrackID="103339839" Name="Lets Groove" Artist="Earth Wind &amp; Fire" Composer="" Album="" Grouping="" Genre="Lounge/Rock" Kind="MP3 File" Size="13520205" TotalTime="337" DiscNumber="0" TrackNumber="0" Year="1981" AverageBpm="125.55" DateAdded="2023-05-27" BitRate="320" SampleRate="44100" Comments="10A - 6" PlayCount="1" Rating="0" Location="file://localhost/Users/zachvp/Music/DJ/_parental%20jams/Earth%20Wind%20%26%20Fire%20-%20Lets%20Groove%20-%203%201981.mp3" Remixer="" Tonality="10A" Label="" Mix="">
      <TEMPO Inizio="0.128" Bpm="125.55" Metro="4/4" Battito="1" />
    </TRACK>
    <TRACK TrackID="207706444" Name="War" Artist="Edwin Starr" Composer="" Album="War &amp; Peace" Grouping="" Genre="Lounge/Rock" Kind="MP3 File" Size="8078363" TotalTime="201" DiscNumber="0" TrackNumber="0" Year="1970" AverageBpm="107.03" DateAdded="2023-05-27" BitRate="320" SampleRate="44100" Comments="2B - 8" PlayCount="0" Rating="0" Location="file://localhost/Users/zachvp/Music/DJ/_parental%20jams/Edwin%20Starr%20-%20War%20-%201(3)%201970.mp3" Remixer="" Tonality="2B" Label="" Mix="">
      <TEMPO Inizio="0.471" Bpm="107.03" Metro="4/4" Battito="1" />
    </TRACK>
    <TRACK TrackID="215775566" Name="Bennie &amp; The Jets" Artist="Elton John" Composer="" Album="" Grouping="" Genre="Lounge/Rock" Kind="MP3 File" Size="12535911" TotalTime="313" DiscNumber="0" TrackNumber="0" Year="1974" AverageBpm="131.72" DateAdded="2023-05-27" BitRate="320" SampleRate="44100" Comments="9B - 5" PlayCount="0" Rating="0" Location="file://localhost/Users/zachvp/Music/DJ/_parental%20jams/Elton%20John%20-%20Bennie%20%26%20The%20Jets%20-%201(1)%201974.mp3" Remixer="" Tonality="9B" Label="" Mix="">
      <TEMPO Inizio="0.313" Bpm="131.72" Metro="4/4" Battito="1" />
    </TRACK>
    <TRACK TrackID="120513173" Name="Spill The Wine" Artist="Eric Burdon &amp; War" Composer="" Album="" Grouping="" Genre="Lounge/Rock" Kind="MP3 File" Size="11653007" TotalTime="291" DiscNumber="0" TrackNumber="0" Year="1970" AverageBpm="119.85" DateAdded="2023-05-27" BitRate="320" SampleRate="44100" Comments="5A - 5" PlayCount="1" Rating="0" Location="file://localhost/Users/zachvp/Music/DJ/_parental%20jams/Eric%20Burdon%20%26%20War%20-%20Spill%20The%20Wine%20-%203%201970.mp3" Remixer="" Tonality="5A" Label="" Mix="">
      <TEMPO Inizio="0.248" Bpm="119.85" Metro="4/4" Battito="1" />
    </TRACK>
    <TRACK TrackID="46215272" Name="After Midnight" Artist="Eric Clapton" Composer="" Album="" Grouping="" Genre="Lounge/Rock" Kind="MP3 File" Size="6917493" TotalTime="172" DiscNumber="0" TrackNumber="0" Year="1970" AverageBpm="126.75" DateAdded="2023-05-27" BitRate="320" SampleRate="44100" Comments="8B - 6" PlayCount="0" Rating="0" Location="file://localhost/Users/zachvp/Music/DJ/_parental%20jams/Eric%20Clapton%20-%20After%20Midnight%20-%2018%201970.mp3" Remixer="" Tonality="8B" Label="" Mix="">
      <TEMPO Inizio="0.131" Bpm="126.75" Metro="4/4" Battito="3" />
      <TEMPO Inizio="2.025" Bpm="126.75" Metro="4/4" Battito="3" />
      <TEMPO Inizio="31.848" Bpm="126.75" Metro="4/4" Battito="2" />
      <TEMPO Inizio="61.671" Bpm="126.75" Metro="4/4" Battito="1" />
      <TEMPO Inizio="91.494" Bpm="126.75" Metro="4/4" Battito="4" />
      <TEMPO Inizio="121.317" Bpm="126.75" Metro="4/4" Battito="3" />
      <TEMPO Inizio="151.140" Bpm="126.75" Metro="4/4" Battito="2" />
    </TRACK>
    <TRACK TrackID="204373033" Name="I'm Tore Down" Artist="Clapton, Eric" Composer="" Album="" Grouping="" Genre="Lounge/Rock" Kind="MP3 File" Size="7303062" TotalTime="182" DiscNumber="0" TrackNumber="0" Year="1994" AverageBpm="132.44" DateAdded="2023-05-27" BitRate="320" SampleRate="44100" Comments="8B - 6" PlayCount="1" Rating="0" Location="file://localhost/Users/zachvp/Music/DJ/_parental%20jams/Eric%20Clapton%20-%20I%27m%20Tore%20Down%20-%205%20rock%201994.mp3" Remixer="" Tonality="8B" Label="" Mix="">
      <TEMPO Inizio="0.043" Bpm="132.44" Metro="4/4" Battito="3" />
      <TEMPO Inizio="17.712" Bpm="132.44" Metro="4/4" Battito="2" />
      <TEMPO Inizio="18.164" Bpm="132.44" Metro="4/4" Battito="3" />
      <TEMPO Inizio="18.618" Bpm="132.44" Metro="4/4" Battito="4" />
      <TEMPO Inizio="47.160" Bpm="132.44" Metro="4/4" Battito="3" />
      <TEMPO Inizio="47.612" Bpm="132.44" Metro="4/4" Battito="4" />
      <TEMPO Inizio="48.066" Bpm="132.44" Metro="4/4" Battito="1" />
      <TEMPO Inizio="77.514" Bpm="132.44" Metro="4/4" Battito="2" />
      <TEMPO Inizio="107.415" Bpm="132.44" Metro="4/4" Battito="4" />
      <TEMPO Inizio="136.863" Bpm="132.44" Metro="4/4" Battito="1" />
      <TEMPO Inizio="166.311" Bpm="132.44" Metro="4/4" Battito="2" />
    </TRACK>
    <TRACK TrackID="16686384" Name="Knock on Wood" Artist="Eric Clapton" Composer="" Album="Behind the Sun" Grouping="" Genre="Lounge/Rock" Kind="MP3 File" Size="8040466" TotalTime="199" DiscNumber="0" TrackNumber="4" Year="0" AverageBpm="107.07" DateAdded="2023-05-27" BitRate="320" SampleRate="44100" Comments="12B - 5" PlayCount="1" Rating="0" Location="file://localhost/Users/zachvp/Music/DJ/_parental%20jams/Eric%20Clapton%20-%20Knock%20on%20Wood.mp3" Remixer="" Tonality="12B" Label="" Mix="">
      <TEMPO Inizio="0.304" Bpm="107.07" Metro="4/4" Battito="1" />
      <TEMPO Inizio="17.116" Bpm="107.07" Metro="4/4" Battito="3" />
      <TEMPO Inizio="38.411" Bpm="107.07" Metro="4/4" Battito="1" />
      <TEMPO Inizio="55.223" Bpm="107.07" Metro="4/4" Battito="3" />
      <TEMPO Inizio="76.518" Bpm="107.07" Metro="4/4" Battito="1" />
      <TEMPO Inizio="97.813" Bpm="107.07" Metro="4/4" Battito="3" />
      <TEMPO Inizio="114.625" Bpm="107.07" Metro="4/4" Battito="1" />
      <TEMPO Inizio="135.920" Bpm="107.07" Metro="4/4" Battito="3" />
      <TEMPO Inizio="157.215" Bpm="107.07" Metro="4/4" Battito="1" />
      <TEMPO Inizio="174.027" Bpm="107.07" Metro="4/4" Battito="3" />
      <TEMPO Inizio="195.322" Bpm="107.07" Metro="4/4" Battito="1" />
    </TRACK>
    <TRACK TrackID="228257462" Name="Eruption" Artist="Van Halen" Composer="Edward Van Halen, Alex Van Halen, Michael Anthony and David Lee Roth" Album="Van Halen" Grouping="" Genre="Lounge/Rock" Kind="MP3 File" Size="4108956" TotalTime="102" DiscNumber="1" TrackNumber="2" Year="1978" AverageBpm="179.62" DateAdded="2023-05-27" BitRate="320" SampleRate="44100" Comments="2A - 4" PlayCount="0" Rating="0" Location="file://localhost/Users/zachvp/Music/DJ/_parental%20jams/Eruption.mp3" Remixer="" Tonality="2A" Label="" Mix="">
      <TEMPO Inizio="0.117" Bpm="179.62" Metro="4/4" Battito="3" />
      <TEMPO Inizio="57.570" Bpm="179.62" Metro="4/4" Battito="3" />
      <TEMPO Inizio="57.905" Bpm="179.62" Metro="4/4" Battito="4" />
      <TEMPO Inizio="67.925" Bpm="179.62" Metro="4/4" Battito="2" />
      <TEMPO Inizio="68.260" Bpm="179.62" Metro="4/4" Battito="3" />
      <TEMPO Inizio="78.280" Bpm="179.62" Metro="4/4" Battito="1" />
      <TEMPO Inizio="78.615" Bpm="179.62" Metro="4/4" Battito="2" />
    </TRACK>
    <TRACK TrackID="98837941" Name="Get On Your Feet" Artist="Estefan, Gloria" Composer="" Album="" Grouping="" Genre="Lounge/Rock" Kind="MP3 File" Size="8781597" TotalTime="219" DiscNumber="0" TrackNumber="0" Year="1989" AverageBpm="123.89" DateAdded="2023-05-27" BitRate="320" SampleRate="44100" Comments="8A - 7" PlayCount="1" Rating="0" Location="file://localhost/Users/zachvp/Music/DJ/_parental%20jams/Get%20On%20Your%20Feet.mp3" Remixer="" Tonality="8A" Label="" Mix="">
      <TEMPO Inizio="0.033" Bpm="123.89" Metro="4/4" Battito="3" />
      <TEMPO Inizio="0.518" Bpm="123.89" Metro="4/4" Battito="4" />
      <TEMPO Inizio="34.418" Bpm="123.89" Metro="4/4" Battito="2" />
      <TEMPO Inizio="73.161" Bpm="123.89" Metro="4/4" Battito="2" />
      <TEMPO Inizio="107.061" Bpm="123.89" Metro="4/4" Battito="4" />
      <TEMPO Inizio="145.804" Bpm="123.89" Metro="4/4" Battito="4" />
      <TEMPO Inizio="179.704" Bpm="123.89" Metro="4/4" Battito="2" />
      <TEMPO Inizio="218.447" Bpm="123.89" Metro="4/4" Battito="2" />
    </TRACK>
    <TRACK TrackID="18104380" Name="American Woman" Artist="Guess Who" Composer="" Album="" Grouping="" Genre="Lounge/Rock" Kind="MP3 File" Size="12200494" TotalTime="304" DiscNumber="0" TrackNumber="0" Year="1970" AverageBpm="92.76" DateAdded="2023-05-27" BitRate="320" SampleRate="44100" Comments="9A - 4" PlayCount="1" Rating="0" Location="file://localhost/Users/zachvp/Music/DJ/_parental%20jams/Guess%20Who%20-%20American%20Woman%20-%201(3)%201970.mp3" Remixer="" Tonality="9A" Label="" Mix="">
      <TEMPO Inizio="0.016" Bpm="92.76" Metro="4/4" Battito="1" />
    </TRACK>
    <TRACK TrackID="172358500" Name="If 6 Was 9" Artist="Jimi Hendrix" Composer="Jimi Hendrix" Album="Experience Hendrix: The Best Of Jimi Hendrix" Grouping="" Genre="Lounge/Rock" Kind="MP3 File" Size="13398082" TotalTime="334" DiscNumber="1" TrackNumber="10" Year="1967" AverageBpm="151.22" DateAdded="2023-05-27" BitRate="320" SampleRate="44100" Comments="2A - 5" PlayCount="0" Rating="0" Location="file://localhost/Users/zachvp/Music/DJ/_parental%20jams/If%206%20Was%209.mp3" Remixer="" Tonality="2A" Label="" Mix="">
      <TEMPO Inizio="0.195" Bpm="151.23" Metro="4/4" Battito="3" />
    </TRACK>
    <TRACK TrackID="15738139" Name="Is There Anybody Out There?" Artist="Pink Floyd" Composer="Roger Waters" Album="The Wall [Disc 2]" Grouping="" Genre="Lounge/Rock" Kind="MP3 File" Size="7114142" TotalTime="177" DiscNumber="2" TrackNumber="2" Year="1979" AverageBpm="116.21" DateAdded="2023-05-27" BitRate="320" SampleRate="44100" Comments="8A - 2" PlayCount="2" Rating="0" Location="file://localhost/Users/zachvp/Music/DJ/_parental%20jams/Is%20There%20Anybody%20Out%20There.mp3" Remixer="" Tonality="8A" Label="" Mix="">
      <TEMPO Inizio="0.070" Bpm="116.21" Metro="4/4" Battito="4" />
      <TEMPO Inizio="32.080" Bpm="116.21" Metro="4/4" Battito="2" />
      <TEMPO Inizio="64.090" Bpm="116.21" Metro="4/4" Battito="4" />
      <TEMPO Inizio="96.100" Bpm="116.21" Metro="4/4" Battito="2" />
      <TEMPO Inizio="121.398" Bpm="116.21" Metro="4/4" Battito="3" />
      <TEMPO Inizio="153.408" Bpm="116.21" Metro="4/4" Battito="1" />
    </TRACK>
    <TRACK TrackID="227773719" Name="Jerk It Out" Artist="Caesars" Composer="" Album="" Grouping="" Genre="Lounge/Rock" Kind="MP3 File" Size="7930095" TotalTime="198" DiscNumber="0" TrackNumber="1" Year="0" AverageBpm="134.00" DateAdded="2023-05-27" BitRate="320" SampleRate="44100" Comments="1A - 7" PlayCount="0" Rating="0" Location="file://localhost/Users/zachvp/Music/DJ/_parental%20jams/Jerk%20It%20Out.mp3" Remixer="" Tonality="1A" Label="" Mix="">
      <TEMPO Inizio="0.022" Bpm="134.00" Metro="4/4" Battito="4" />
    </TRACK>
    <TRACK TrackID="27178283" Name="Cherokee Mist" Artist="Jimi Hendrix" Composer="" Album="The Jimi Hendrix Experience (Disc 4 of 4)" Grouping="" Genre="Lounge/Rock" Kind="MP3 File" Size="14518161" TotalTime="362" DiscNumber="0" TrackNumber="9" Year="0" AverageBpm="85.64" DateAdded="2023-05-27" BitRate="320" SampleRate="44100" Comments="3A - 5" PlayCount="1" Rating="0" Location="file://localhost/Users/zachvp/Music/DJ/_parental%20jams/Jimi%20Hendrix%20-%20Cherokee%20Mist.mp3" Remixer="" Tonality="3A" Label="" Mix="">
      <TEMPO Inizio="0.573" Bpm="85.64" Metro="4/4" Battito="3" />
    </TRACK>
    <TRACK TrackID="188293276" Name="Ezy Ryder" Artist="Jimi Hendrix" Composer="" Album="The Jimi Hendrix Experience (Disc 4 of 4)" Grouping="" Genre="Lounge/Rock" Kind="MP3 File" Size="8951987" TotalTime="223" DiscNumber="0" TrackNumber="12" Year="0" AverageBpm="124.91" DateAdded="2023-05-27" BitRate="320" SampleRate="44100" Comments="2A - 5" PlayCount="0" Rating="0" Location="file://localhost/Users/zachvp/Music/DJ/_parental%20jams/Jimi%20Hendrix%20-%20Ezy%20Ryder.mp3" Remixer="" Tonality="2A" Label="" Mix="">
      <TEMPO Inizio="0.243" Bpm="124.91" Metro="4/4" Battito="3" />
      <TEMPO Inizio="51.639" Bpm="124.91" Metro="4/4" Battito="2" />
      <TEMPO Inizio="78.057" Bpm="124.91" Metro="4/4" Battito="1" />
      <TEMPO Inizio="113.121" Bpm="124.91" Metro="4/4" Battito="2" />
      <TEMPO Inizio="152.028" Bpm="124.91" Metro="4/4" Battito="3" />
      <TEMPO Inizio="178.446" Bpm="124.91" Metro="4/4" Battito="2" />
      <TEMPO Inizio="217.353" Bpm="124.91" Metro="4/4" Battito="3" />
    </TRACK>
    <TRACK TrackID="23780590" Name="Hear My Train A Comin'" Artist="Jimi Hendrix" Composer="" Album="The Jimi Hendrix Experience (Disc 3 of 4)" Grouping="" Genre="Lounge/Rock" Kind="MP3 File" Size="16745892" TotalTime="418" DiscNumber="0" TrackNumber="3" Year="0" AverageBpm="147.18" DateAdded="2023-05-27" BitRate="320" SampleRate="44100" Comments="2A - 5" PlayCount="0" Rating="0" Location="file://localhost/Users/zachvp/Music/DJ/_parental%20jams/Jimi%20Hendrix%20-%20Hear%20My%20Train%20A%20Comin%27.mp3" Remixer="" Tonality="2A" Label="" Mix="">
      <TEMPO Inizio="0.255" Bpm="147.18" Metro="4/4" Battito="1" />
    </TRACK>
    <TRACK TrackID="263184743" Name="Anytime" Artist="Journey" Composer="" Album="Time 3 (1 of 3)" Grouping="" Genre="Lounge/Rock" Kind="MP3 File" Size="8423816" TotalTime="208" DiscNumber="0" TrackNumber="8" Year="0" AverageBpm="145.31" DateAdded="2023-05-27" BitRate="320" SampleRate="44100" Comments="11B - 6" PlayCount="0" Rating="0" Location="file://localhost/Users/zachvp/Music/DJ/_parental%20jams/Journey%20-%20Anytime.mp3" Remixer="" Tonality="11B" Label="" Mix="">
      <TEMPO Inizio="0.280" Bpm="145.31" Metro="4/4" Battito="3" />
      <POSITION_MARK Name="" Type="0" Start="6.880" Num="1" Red="40" Green="226" Blue="20" />
      <POSITION_MARK Name="" Type="0" Start="0.178" Num="0" Red="40" Green="226" Blue="20" />
    </TRACK>
    <TRACK TrackID="131683768" Name="Keep on Runnin'" Artist="Journey" Composer="Jonathan Cain/Neal Schon/Steve Perry" Album="Time 3 Disc 2" Grouping="" Genre="Lounge/Rock" Kind="MP3 File" Size="8905579" TotalTime="220" DiscNumber="0" TrackNumber="14" Year="1992" AverageBpm="82.98" DateAdded="2023-05-27" BitRate="320" SampleRate="44100" Comments="10B - 7" PlayCount="0" Rating="0" Location="file://localhost/Users/zachvp/Music/DJ/_parental%20jams/Journey%20-%20Keep%20on%20Runnin%27.mp3" Remixer="" Tonality="10B" Label="" Mix="">
      <TEMPO Inizio="0.480" Bpm="82.98" Metro="4/4" Battito="1" />
      <TEMPO Inizio="4.819" Bpm="82.98" Metro="4/4" Battito="3" />
    </TRACK>
    <TRACK TrackID="219576732" Name="Line of Fire" Artist="Journey" Composer="Neal Schon/Steve Perry" Album="Time 3 Disc 2" Grouping="" Genre="Lounge/Rock" Kind="MP3 File" Size="7543014" TotalTime="186" DiscNumber="0" TrackNumber="2" Year="1992" AverageBpm="84.32" DateAdded="2023-05-27" BitRate="320" SampleRate="44100" Comments="10A - 7" PlayCount="0" Rating="0" Location="file://localhost/Users/zachvp/Music/DJ/_parental%20jams/Journey%20-%20Line%20of%20Fire.mp3" Remixer="" Tonality="10A" Label="" Mix="">
      <TEMPO Inizio="0.238" Bpm="84.32" Metro="4/4" Battito="1" />
    </TRACK>
    <TRACK TrackID="184728663" Name="With a Tear [#]" Artist="Journey" Composer="Jonathan Cain/Neal Schon/Steve Perry" Album="Time 3 Disc 3" Grouping="" Genre="Lounge/Rock" Kind="MP3 File" Size="8348648" TotalTime="206" DiscNumber="0" TrackNumber="16" Year="1992" AverageBpm="104.78" DateAdded="2023-05-27" BitRate="320" SampleRate="44100" Comments="10B - 6" PlayCount="0" Rating="0" Location="file://localhost/Users/zachvp/Music/DJ/_parental%20jams/Journey%20-%20With%20a%20Tear.mp3" Remixer="" Tonality="10B" Label="" Mix="">
      <TEMPO Inizio="0.357" Bpm="104.78" Metro="4/4" Battito="1" />
    </TRACK>
    <TRACK TrackID="267589985" Name="Hey Hey What Can I Do" Artist="Led Zeppelin" Composer="" Album="Led Zeppelin [Boxed Set CD 1]   " Grouping="" Genre="Lounge/Rock" Kind="MP3 File" Size="9434811" TotalTime="235" DiscNumber="0" TrackNumber="14" Year="1990" AverageBpm="154.17" DateAdded="2023-05-27" BitRate="320" SampleRate="44100" Comments="3B - 5" PlayCount="1" Rating="0" Location="file://localhost/Users/zachvp/Music/DJ/_parental%20jams/Led%20Zeppelin%20-%20Led%20Zeppelin%20%5bBoxed%20Set%20CD%201%5d%20-%2014%20-%20Hey%20Hey%20What%20Can%20I%20Do.mp3" Remixer="" Tonality="3B" Label="" Mix="">
      <TEMPO Inizio="0.282" Bpm="154.17" Metro="4/4" Battito="3" />
      <TEMPO Inizio="1.061" Bpm="154.17" Metro="4/4" Battito="1" />
      <TEMPO Inizio="33.362" Bpm="154.17" Metro="4/4" Battito="4" />
      <TEMPO Inizio="72.279" Bpm="154.17" Metro="4/4" Battito="4" />
      <TEMPO Inizio="111.196" Bpm="154.17" Metro="4/4" Battito="4" />
      <TEMPO Inizio="150.113" Bpm="154.17" Metro="4/4" Battito="4" />
      <TEMPO Inizio="184.749" Bpm="154.17" Metro="4/4" Battito="1" />
      <TEMPO Inizio="223.666" Bpm="154.17" Metro="4/4" Battito="1" />
    </TRACK>
    <TRACK TrackID="42283178" Name="Locomotive Breath" Artist="Jethro Tull" Composer="" Album="The Anniversary Collection" Grouping="" Genre="Lounge/Rock" Kind="MP3 File" Size="10531900" TotalTime="263" DiscNumber="1" TrackNumber="4" Year="1998" AverageBpm="124.60" DateAdded="2023-05-27" BitRate="320" SampleRate="44100" Comments="9A - 7" PlayCount="0" Rating="0" Location="file://localhost/Users/zachvp/Music/DJ/_parental%20jams/Locomotive%20Breath.mp3" Remixer="" Tonality="9A" Label="" Mix="">
      <TEMPO Inizio="0.322" Bpm="124.60" Metro="4/4" Battito="4" />
    </TRACK>
    <TRACK TrackID="187415166" Name="In the Closet" Artist="Michael Jackson" Composer="" Album="Dangerous" Grouping="" Genre="Lounge/Rock" Kind="MP3 File" Size="15792580" TotalTime="392" DiscNumber="0" TrackNumber="3" Year="0" AverageBpm="110.32" DateAdded="2023-05-27" BitRate="320" SampleRate="44100" Comments="10A - 6" PlayCount="0" Rating="0" Location="file://localhost/Users/zachvp/Music/DJ/_parental%20jams/Michael%20Jackson%20-%20In%20the%20Closet.mp3" Remixer="" Tonality="10A" Label="" Mix="">
      <TEMPO Inizio="0.478" Bpm="110.32" Metro="4/4" Battito="4" />
    </TRACK>
    <TRACK TrackID="128497131" Name="It's Gonna Be Me" Artist="N' Sync" Composer="" Album="" Grouping="" Genre="Lounge/Rock" Kind="MP3 File" Size="7701164" TotalTime="192" DiscNumber="0" TrackNumber="0" Year="2000" AverageBpm="165.09" DateAdded="2023-05-27" BitRate="320" SampleRate="44100" Comments="5A - 7" PlayCount="1" Rating="0" Location="file://localhost/Users/zachvp/Music/DJ/_parental%20jams/N%20Sync%20-%20It%27s%20Gonna%20Be%20Me%20-%201(2)%202000.mp3" Remixer="" Tonality="5A" Label="" Mix="">
      <TEMPO Inizio="0.271" Bpm="165.09" Metro="4/4" Battito="3" />
      <TEMPO Inizio="12.265" Bpm="165.09" Metro="4/4" Battito="4" />
      <TEMPO Inizio="35.889" Bpm="165.09" Metro="4/4" Battito="1" />
      <TEMPO Inizio="59.513" Bpm="165.09" Metro="4/4" Battito="2" />
      <TEMPO Inizio="88.952" Bpm="165.09" Metro="4/4" Battito="3" />
      <TEMPO Inizio="118.391" Bpm="165.09" Metro="4/4" Battito="4" />
      <TEMPO Inizio="142.015" Bpm="165.09" Metro="4/4" Battito="1" />
      <TEMPO Inizio="165.639" Bpm="165.09" Metro="4/4" Battito="2" />
    </TRACK>
    <TRACK TrackID="256140867" Name="Orange Crush" Artist="R.E.M." Composer="" Album="In Time-The Best Of REM 1988-2" Grouping="" Genre="Lounge/Rock" Kind="MP3 File" Size="9310400" TotalTime="232" DiscNumber="0" TrackNumber="8" Year="2003" AverageBpm="120.63" DateAdded="2023-05-27" BitRate="320" SampleRate="44100" Comments="9A - 6" PlayCount="0" Rating="0" Location="file://localhost/Users/zachvp/Music/DJ/_parental%20jams/Orange%20Crush.mp3" Remixer="" Tonality="9A" Label="" Mix="">
      <TEMPO Inizio="0.441" Bpm="120.63" Metro="4/4" Battito="1" />
      <TEMPO Inizio="33.765" Bpm="120.63" Metro="4/4" Battito="4" />
      <TEMPO Inizio="58.136" Bpm="120.63" Metro="4/4" Battito="1" />
      <TEMPO Inizio="82.507" Bpm="120.63" Metro="4/4" Battito="2" />
      <TEMPO Inizio="113.344" Bpm="120.63" Metro="4/4" Battito="4" />
      <TEMPO Inizio="137.715" Bpm="120.63" Metro="4/4" Battito="1" />
      <TEMPO Inizio="162.086" Bpm="120.63" Metro="4/4" Battito="2" />
      <TEMPO Inizio="190.436" Bpm="120.63" Metro="4/4" Battito="3" />
      <TEMPO Inizio="214.807" Bpm="120.63" Metro="4/4" Battito="4" />
    </TRACK>
    <TRACK TrackID="121105520" Name="Games Without Frontiers" Artist="Gabriel, Peter" Composer="" Album="Melt" Grouping="" Genre="Lounge/Rock" Kind="MP3 File" Size="9494224" TotalTime="237" DiscNumber="0" TrackNumber="0" Year="1980" AverageBpm="96.09" DateAdded="2023-05-27" BitRate="320" SampleRate="44100" Comments="2A - 4" PlayCount="1" Rating="0" Location="file://localhost/Users/zachvp/Music/DJ/_parental%20jams/Peter%20Gabriel%20-%20Games%20Without%20Frontiers%20-%2048%201980.mp3" Remixer="" Tonality="2A" Label="" Mix="">
      <TEMPO Inizio="0.371" Bpm="96.09" Metro="4/4" Battito="1" />
      <TEMPO Inizio="0.996" Bpm="96.09" Metro="4/4" Battito="2" />
      <TEMPO Inizio="63.438" Bpm="96.09" Metro="4/4" Battito="2" />
      <TEMPO Inizio="143.988" Bpm="96.09" Metro="4/4" Battito="3" />
      <TEMPO Inizio="224.538" Bpm="96.09" Metro="4/4" Battito="4" />
    </TRACK>
    <TRACK TrackID="3965299" Name="Good Old Fashioned Lover Boy" Artist="Queen" Composer="" Album="Greatest Hits" Grouping="" Genre="Lounge/Rock" Kind="MP3 File" Size="7068137" TotalTime="175" DiscNumber="0" TrackNumber="16" Year="0" AverageBpm="95.77" DateAdded="2023-05-27" BitRate="320" SampleRate="44100" Comments="5B - 5" PlayCount="0" Rating="0" Location="file://localhost/Users/zachvp/Music/DJ/_parental%20jams/Queen%20-%20Good%20Old%20Fashioned%20Lover%20Boy.mp3" Remixer="" Tonality="5B" Label="" Mix="">
      <TEMPO Inizio="0.485" Bpm="95.77" Metro="4/4" Battito="1" />
    </TRACK>
    <TRACK TrackID="169640066" Name="Funky Monks" Artist="Red Hot Chili Peppers Discography" Composer="" Album="Blood Sugar Sex Magik" Grouping="" Genre="Lounge/Rock" Kind="MP3 File" Size="12937266" TotalTime="323" DiscNumber="0" TrackNumber="4" Year="1991" AverageBpm="90.00" DateAdded="2023-05-27" BitRate="320" SampleRate="44100" Comments="6A - 7" PlayCount="0" Rating="0" Location="file://localhost/Users/zachvp/Music/DJ/_parental%20jams/Red%20Hot%20Chili%20Peppers%20Discography%20-%20Funky%20Monks.mp3" Remixer="" Tonality="6A" Label="" Mix="">
      <TEMPO Inizio="0.378" Bpm="90.00" Metro="4/4" Battito="1" />
    </TRACK>
    <TRACK TrackID="69151531" Name="Throw Away Your Television" Artist="Red Hot Chili Peppers Discography" Composer="Anthony Kiedis/Chad Smith/Flea/John Frusciante" Album="By the Way" Grouping="" Genre="Lounge/Rock" Kind="MP3 File" Size="8994929" TotalTime="224" DiscNumber="0" TrackNumber="10" Year="2002" AverageBpm="120.53" DateAdded="2023-05-27" BitRate="320" SampleRate="44100" Comments="8A - 6" PlayCount="0" Rating="0" Location="file://localhost/Users/zachvp/Music/DJ/_parental%20jams/Red%20Hot%20Chili%20Peppers%20Discography%20-%20Throw%20Away%20Your%20Television.mp3" Remixer="" Tonality="8A" Label="" Mix="">
      <TEMPO Inizio="0.477" Bpm="120.53" Metro="4/4" Battito="1" />
    </TRACK>
    <TRACK TrackID="3291433" Name="Bang And Blame" Artist="Rem" Composer="" Album="" Grouping="" Genre="Lounge/Rock" Kind="MP3 File" Size="13241207" TotalTime="330" DiscNumber="0" TrackNumber="0" Year="1995" AverageBpm="121.51" DateAdded="2023-05-27" BitRate="320" SampleRate="44100" Comments="8A - 5" PlayCount="1" Rating="0" Location="file://localhost/Users/zachvp/Music/DJ/_parental%20jams/REM%20-%20Bang%20And%20Blame%20-%2019%201995.mp3" Remixer="" Tonality="8A" Label="" Mix="">
      <TEMPO Inizio="0.038" Bpm="121.51" Metro="4/4" Battito="4" />
    </TRACK>
    <TRACK TrackID="242372949" Name="Saturday Nite" Artist="Earth Wind &amp; Fire" Composer="" Album="" Grouping="" Genre="Lounge/Rock" Kind="MP3 File" Size="9672893" TotalTime="241" DiscNumber="0" TrackNumber="0" Year="1977" AverageBpm="106.05" DateAdded="2023-05-27" BitRate="320" SampleRate="44100" Comments="1B - 7" PlayCount="1" Rating="0" Location="file://localhost/Users/zachvp/Music/DJ/_parental%20jams/Saturday%20Nite.mp3" Remixer="" Tonality="1B" Label="" Mix="">
      <TEMPO Inizio="0.018" Bpm="106.05" Metro="4/4" Battito="2" />
    </TRACK>
    <TRACK TrackID="125415822" Name="Shiver" Artist="Coldplay" Composer="" Album="" Grouping="" Genre="Lounge/Rock" Kind="MP3 File" Size="12097052" TotalTime="302" DiscNumber="0" TrackNumber="1" Year="0" AverageBpm="156.12" DateAdded="2023-05-27" BitRate="320" SampleRate="44100" Comments="1B - 5" PlayCount="0" Rating="0" Location="file://localhost/Users/zachvp/Music/DJ/_parental%20jams/Shiver.mp3" Remixer="" Tonality="1B" Label="" Mix="">
      <TEMPO Inizio="0.135" Bpm="156.12" Metro="4/4" Battito="3" />
      <TEMPO Inizio="44.715" Bpm="156.12" Metro="4/4" Battito="3" />
      <TEMPO Inizio="80.840" Bpm="156.12" Metro="4/4" Battito="1" />
      <TEMPO Inizio="116.965" Bpm="156.12" Metro="4/4" Battito="3" />
      <TEMPO Inizio="153.090" Bpm="156.12" Metro="4/4" Battito="1" />
      <TEMPO Inizio="189.215" Bpm="156.12" Metro="4/4" Battito="3" />
      <TEMPO Inizio="224.187" Bpm="156.12" Metro="4/4" Battito="2" />
      <TEMPO Inizio="259.159" Bpm="156.12" Metro="4/4" Battito="1" />
      <TEMPO Inizio="295.284" Bpm="156.12" Metro="4/4" Battito="3" />
    </TRACK>
    <TRACK TrackID="140781224" Name="Roll With It" Artist="Winwood, Steve" Composer="" Album="" Grouping="" Genre="Lounge/Rock" Kind="MP3 File" Size="12751160" TotalTime="318" DiscNumber="0" TrackNumber="0" Year="1988" AverageBpm="117.27" DateAdded="2023-05-27" BitRate="320" SampleRate="44100" Comments="9B - 7" PlayCount="0" Rating="0" Location="file://localhost/Users/zachvp/Music/DJ/_parental%20jams/Steve%20Winwood%20-%20Roll%20With%20it%20-%201(4)%201988.mp3" Remixer="" Tonality="9B" Label="" Mix="">
      <TEMPO Inizio="0.314" Bpm="117.27" Metro="4/4" Battito="3" />
    </TRACK>
    <TRACK TrackID="236646375" Name="Sweet Emotion" Artist="Aerosmith" Composer="" Album="" Grouping="" Genre="Lounge/Rock" Kind="MP3 File" Size="11008370" TotalTime="275" DiscNumber="0" TrackNumber="7" Year="0" AverageBpm="99.76" DateAdded="2023-05-27" BitRate="320" SampleRate="44100" Comments="11B - 6" PlayCount="0" Rating="0" Location="file://localhost/Users/zachvp/Music/DJ/_parental%20jams/Sweet%20Emotion.mp3" Remixer="" Tonality="11B" Label="" Mix="">
      <TEMPO Inizio="0.487" Bpm="99.76" Metro="4/4" Battito="1" />
      <TEMPO Inizio="1.089" Bpm="99.76" Metro="4/4" Battito="2" />
      <TEMPO Inizio="7.104" Bpm="99.76" Metro="4/4" Battito="4" />
      <TEMPO Inizio="23.945" Bpm="99.76" Metro="4/4" Battito="4" />
      <TEMPO Inizio="40.786" Bpm="99.76" Metro="4/4" Battito="4" />
      <TEMPO Inizio="57.627" Bpm="99.76" Metro="4/4" Battito="4" />
      <TEMPO Inizio="74.468" Bpm="99.76" Metro="4/4" Battito="4" />
      <TEMPO Inizio="91.309" Bpm="99.76" Metro="4/4" Battito="4" />
      <TEMPO Inizio="108.150" Bpm="99.76" Metro="4/4" Battito="4" />
      <TEMPO Inizio="119.578" Bpm="99.76" Metro="4/4" Battito="3" />
      <TEMPO Inizio="136.419" Bpm="99.76" Metro="4/4" Battito="3" />
      <TEMPO Inizio="153.260" Bpm="99.76" Metro="4/4" Battito="3" />
      <TEMPO Inizio="170.101" Bpm="99.76" Metro="4/4" Battito="3" />
      <TEMPO Inizio="186.942" Bpm="99.76" Metro="4/4" Battito="3" />
      <TEMPO Inizio="203.783" Bpm="99.76" Metro="4/4" Battito="3" />
      <TEMPO Inizio="220.624" Bpm="99.76" Metro="4/4" Battito="3" />
      <TEMPO Inizio="237.465" Bpm="99.76" Metro="4/4" Battito="3" />
      <TEMPO Inizio="248.893" Bpm="99.76" Metro="4/4" Battito="2" />
      <TEMPO Inizio="265.734" Bpm="99.76" Metro="4/4" Battito="2" />
    </TRACK>
    <TRACK TrackID="202714475" Name="Burning Down The House" Artist="Talking Heads" Composer="" Album="" Grouping="" Genre="Lounge/Rock" Kind="MP3 File" Size="9707380" TotalTime="242" DiscNumber="0" TrackNumber="0" Year="1983" AverageBpm="103.00" DateAdded="2023-05-27" BitRate="320" SampleRate="44100" Comments="6A - 6" PlayCount="1" Rating="0" Location="file://localhost/Users/zachvp/Music/DJ/_parental%20jams/TALKING%20HEADS%20-%20BURNING%20DOWN%20THE%20HOUSE%20-%209%201983.mp3" Remixer="" Tonality="6A" Label="" Mix="" />
    <TRACK TrackID="233012899" Name="Take Me to the River" Artist="Talking Heads" Composer="" Album="Stop Making Sense" Grouping="" Genre="Lounge/Rock" Kind="MP3 File" Size="14467371" TotalTime="360" DiscNumber="0" TrackNumber="9" Year="0" AverageBpm="119.28" DateAdded="2023-05-27" BitRate="320" SampleRate="44100" Comments="9A - 5" PlayCount="0" Rating="0" Location="file://localhost/Users/zachvp/Music/DJ/_parental%20jams/Talking%20Heads%20-%20Take%20Me%20to%20the%20River.mp3" Remixer="" Tonality="9A" Label="" Mix="">
      <TEMPO Inizio="0.499" Bpm="119.28" Metro="4/4" Battito="3" />
      <TEMPO Inizio="182.081" Bpm="119.28" Metro="4/4" Battito="4" />
      <TEMPO Inizio="182.585" Bpm="119.28" Metro="4/4" Battito="1" />
      <TEMPO Inizio="185.602" Bpm="119.28" Metro="4/4" Battito="3" />
      <TEMPO Inizio="186.106" Bpm="119.28" Metro="4/4" Battito="4" />
      <TEMPO Inizio="186.608" Bpm="119.28" Metro="4/4" Battito="1" />
      <TEMPO Inizio="187.112" Bpm="119.28" Metro="4/4" Battito="2" />
      <TEMPO Inizio="189.123" Bpm="119.28" Metro="4/4" Battito="2" />
      <TEMPO Inizio="189.627" Bpm="119.28" Metro="4/4" Battito="3" />
      <TEMPO Inizio="190.129" Bpm="119.28" Metro="4/4" Battito="4" />
      <TEMPO Inizio="190.633" Bpm="119.28" Metro="4/4" Battito="1" />
      <TEMPO Inizio="191.135" Bpm="119.28" Metro="4/4" Battito="2" />
      <TEMPO Inizio="191.639" Bpm="119.28" Metro="4/4" Battito="3" />
      <TEMPO Inizio="192.644" Bpm="119.28" Metro="4/4" Battito="1" />
      <TEMPO Inizio="193.148" Bpm="119.28" Metro="4/4" Battito="2" />
      <TEMPO Inizio="193.650" Bpm="119.28" Metro="4/4" Battito="3" />
      <TEMPO Inizio="194.154" Bpm="119.28" Metro="4/4" Battito="4" />
      <TEMPO Inizio="194.656" Bpm="119.28" Metro="4/4" Battito="1" />
      <TEMPO Inizio="195.160" Bpm="119.28" Metro="4/4" Battito="2" />
      <TEMPO Inizio="195.662" Bpm="119.28" Metro="4/4" Battito="3" />
      <TEMPO Inizio="196.669" Bpm="119.28" Metro="4/4" Battito="1" />
      <TEMPO Inizio="197.171" Bpm="119.28" Metro="4/4" Battito="2" />
      <TEMPO Inizio="197.675" Bpm="119.28" Metro="4/4" Battito="3" />
      <TEMPO Inizio="198.177" Bpm="119.28" Metro="4/4" Battito="4" />
      <TEMPO Inizio="201.196" Bpm="119.28" Metro="4/4" Battito="2" />
      <TEMPO Inizio="201.698" Bpm="119.28" Metro="4/4" Battito="3" />
    </TRACK>
    <TRACK TrackID="70521060" Name="Teacher" Artist="Jethro Tull" Composer="" Album="The Anniversary Collection" Grouping="" Genre="Lounge/Rock" Kind="MP3 File" Size="9542372" TotalTime="238" DiscNumber="1" TrackNumber="8" Year="1998" AverageBpm="125.08" DateAdded="2023-05-27" BitRate="320" SampleRate="44100" Comments="9A - 6" PlayCount="0" Rating="0" Location="file://localhost/Users/zachvp/Music/DJ/_parental%20jams/Teacher.mp3" Remixer="" Tonality="9A" Label="" Mix="">
      <TEMPO Inizio="0.142" Bpm="125.08" Metro="4/4" Battito="1" />
    </TRACK>
    <TRACK TrackID="35357325" Name="Cold, Cold Night" Artist="The White Stripes" Composer="Jack White" Album="Elephant" Grouping="" Genre="Lounge/Rock" Kind="MP3 File" Size="7142241" TotalTime="178" DiscNumber="0" TrackNumber="5" Year="2003" AverageBpm="108.85" DateAdded="2023-05-27" BitRate="320" SampleRate="44100" Comments="7A - 3" PlayCount="1" Rating="0" Location="file://localhost/Users/zachvp/Music/DJ/_parental%20jams/The%20White%20Stripes%20-%20Cold,%20Cold%20Night.mp3" Remixer="" Tonality="7A" Label="" Mix="">
      <TEMPO Inizio="0.213" Bpm="108.85" Metro="4/4" Battito="4" />
      <TEMPO Inizio="28.324" Bpm="108.85" Metro="4/4" Battito="3" />
      <TEMPO Inizio="61.396" Bpm="108.85" Metro="4/4" Battito="3" />
      <TEMPO Inizio="94.468" Bpm="108.85" Metro="4/4" Battito="3" />
      <TEMPO Inizio="127.540" Bpm="108.85" Metro="4/4" Battito="3" />
      <TEMPO Inizio="155.651" Bpm="108.85" Metro="4/4" Battito="2" />
    </TRACK>
    <TRACK TrackID="212228114" Name="To Cry You A Song" Artist="Jethro Tull" Composer="" Album="The Anniversary Collection" Grouping="" Genre="Lounge/Rock" Kind="MP3 File" Size="14785680" TotalTime="369" DiscNumber="1" TrackNumber="7" Year="1998" AverageBpm="88.58" DateAdded="2023-05-27" BitRate="320" SampleRate="44100" Comments="6A - 5" PlayCount="0" Rating="0" Location="file://localhost/Users/zachvp/Music/DJ/_parental%20jams/To%20Cry%20You%20A%20Song.mp3" Remixer="" Tonality="6A" Label="" Mix="">
      <TEMPO Inizio="0.374" Bpm="88.58" Metro="4/4" Battito="3" />
      <TEMPO Inizio="37.629" Bpm="88.58" Metro="4/4" Battito="2" />
      <TEMPO Inizio="130.427" Bpm="88.58" Metro="4/4" Battito="3" />
      <TEMPO Inizio="223.225" Bpm="88.58" Metro="4/4" Battito="4" />
      <TEMPO Inizio="313.991" Bpm="88.58" Metro="4/4" Battito="2" />
    </TRACK>
    <TRACK TrackID="152929914" Name="Without Love (There Is Nothing" Artist="Tom Jones" Composer="" Album="" Grouping="" Genre="Lounge/Rock" Kind="MP3 File" Size="9067906" TotalTime="226" DiscNumber="0" TrackNumber="0" Year="1970" AverageBpm="154.86" DateAdded="2023-05-27" BitRate="320" SampleRate="44100" Comments="7B - 4" PlayCount="0" Rating="0" Location="file://localhost/Users/zachvp/Music/DJ/_parental%20jams/Tom%20Jones%20-%20Without%20Love%20(There%20Is%20Nothing)%20-%205%201970.mp3" Remixer="" Tonality="7B" Label="" Mix="">
      <TEMPO Inizio="0.208" Bpm="154.86" Metro="4/4" Battito="1" />
      <TEMPO Inizio="0.596" Bpm="154.86" Metro="4/4" Battito="2" />
      <TEMPO Inizio="116.829" Bpm="154.86" Metro="4/4" Battito="2" />
    </TRACK>
    <TRACK TrackID="232308402" Name="It's Good to Be King" Artist="Tom Petty" Composer="" Album="Wildflowers" Grouping="" Genre="Lounge/Rock" Kind="MP3 File" Size="12503866" TotalTime="311" DiscNumber="0" TrackNumber="5" Year="0" AverageBpm="147.56" DateAdded="2023-05-27" BitRate="320" SampleRate="44100" Comments="9A - 5" PlayCount="1" Rating="0" Location="file://localhost/Users/zachvp/Music/DJ/_parental%20jams/Tom%20Petty%20-%20It%27s%20Good%20to%20Be%20King.mp3" Remixer="" Tonality="9A" Label="" Mix="">
      <TEMPO Inizio="0.169" Bpm="147.56" Metro="4/4" Battito="4" />
    </TRACK>
    <TRACK TrackID="70051369" Name="You Wreck Me" Artist="Tom Petty" Composer="" Album="Wildflowers" Grouping="" Genre="Lounge/Rock" Kind="MP3 File" Size="8183205" TotalTime="202" DiscNumber="0" TrackNumber="4" Year="0" AverageBpm="164.31" DateAdded="2023-05-27" BitRate="320" SampleRate="44100" Comments="4A - 6" PlayCount="1" Rating="0" Location="file://localhost/Users/zachvp/Music/DJ/_parental%20jams/Tom%20Petty%20-%20You%20Wreck%20Me.mp3" Remixer="" Tonality="4A" Label="" Mix="">
      <TEMPO Inizio="0.239" Bpm="164.31" Metro="4/4" Battito="1" />
      <TEMPO Inizio="0.970" Bpm="164.31" Metro="4/4" Battito="3" />
      <TEMPO Inizio="41.502" Bpm="164.31" Metro="4/4" Battito="2" />
      <TEMPO Inizio="86.416" Bpm="164.31" Metro="4/4" Battito="1" />
      <TEMPO Inizio="129.139" Bpm="164.31" Metro="4/4" Battito="2" />
      <TEMPO Inizio="174.053" Bpm="164.31" Metro="4/4" Battito="1" />
    </TRACK>
    <TRACK TrackID="94820724" Name="Eggplant" Artist="Train" Composer="Train" Album="Train" Grouping="" Genre="Lounge/Rock" Kind="MP3 File" Size="7676160" TotalTime="191" DiscNumber="0" TrackNumber="7" Year="1998" AverageBpm="82.02" DateAdded="2023-05-27" BitRate="320" SampleRate="44100" Comments="10B - 4" PlayCount="1" Rating="0" Location="file://localhost/Users/zachvp/Music/DJ/_parental%20jams/Train%20-%20Eggplant.mp3" Remixer="" Tonality="10B" Label="" Mix="">
      <TEMPO Inizio="0.263" Bpm="82.02" Metro="4/4" Battito="1" />
    </TRACK>
    <TRACK TrackID="123687857" Name="Free" Artist="Train" Composer="Train" Album="Train" Grouping="" Genre="Lounge/Rock" Kind="MP3 File" Size="9548613" TotalTime="238" DiscNumber="0" TrackNumber="5" Year="1998" AverageBpm="90.66" DateAdded="2023-05-27" BitRate="320" SampleRate="44100" Comments="10B - 6" PlayCount="1" Rating="0" Location="file://localhost/Users/zachvp/Music/DJ/_parental%20jams/Train%20-%20Free.mp3" Remixer="" Tonality="10B" Label="" Mix="" />
    <TRACK TrackID="204880493" Name="Voodoo Child (Slight Return)" Artist="Jimi Hendrix" Composer="Jimi Hendrix" Album="Experience Hendrix: The Best Of Jimi Hendrix" Grouping="" Genre="Lounge/Rock" Kind="MP3 File" Size="12499488" TotalTime="312" DiscNumber="1" TrackNumber="15" Year="1968" AverageBpm="174.82" DateAdded="2023-05-27" BitRate="320" SampleRate="44100" Comments="2A - 4" PlayCount="1" Rating="0" Location="file://localhost/Users/zachvp/Music/DJ/_parental%20jams/Voodoo%20Child%20(Slight%20Return).mp3" Remixer="" Tonality="2A" Label="" Mix="">
      <TEMPO Inizio="0.193" Bpm="174.82" Metro="4/4" Battito="1" />
      <TEMPO Inizio="0.537" Bpm="174.82" Metro="4/4" Battito="2" />
      <TEMPO Inizio="75.699" Bpm="174.82" Metro="4/4" Battito="1" />
      <TEMPO Inizio="157.382" Bpm="174.82" Metro="4/4" Battito="3" />
      <TEMPO Inizio="232.544" Bpm="174.82" Metro="4/4" Battito="2" />
      <TEMPO Inizio="307.706" Bpm="174.82" Metro="4/4" Battito="1" />
    </TRACK>
    <TRACK TrackID="28849204" Name="Whole Lotta Love" Artist="Led Zeppelin" Composer="" Album="Mothership" Grouping="" Genre="Lounge/Rock" Kind="MP3 File" Size="13474335" TotalTime="336" DiscNumber="0" TrackNumber="1" Year="0" AverageBpm="87.97" DateAdded="2023-05-27" BitRate="320" SampleRate="44100" Comments="9A - 5" PlayCount="1" Rating="0" Location="file://localhost/Users/zachvp/Music/DJ/_parental%20jams/Whole%20Lotta%20Love.mp3" Remixer="" Tonality="9A" Label="" Mix="">
      <TEMPO Inizio="0.664" Bpm="87.97" Metro="4/4" Battito="1" />
      <TEMPO Inizio="58.636" Bpm="87.97" Metro="4/4" Battito="2" />
      <TEMPO Inizio="60.681" Bpm="87.97" Metro="4/4" Battito="1" />
      <TEMPO Inizio="61.364" Bpm="87.97" Metro="4/4" Battito="2" />
      <TEMPO Inizio="96.829" Bpm="87.97" Metro="4/4" Battito="2" />
      <TEMPO Inizio="135.022" Bpm="87.97" Metro="4/4" Battito="2" />
      <TEMPO Inizio="173.215" Bpm="87.97" Metro="4/4" Battito="2" />
      <TEMPO Inizio="208.680" Bpm="87.97" Metro="4/4" Battito="2" />
      <TEMPO Inizio="209.361" Bpm="87.97" Metro="4/4" Battito="3" />
      <TEMPO Inizio="211.408" Bpm="87.97" Metro="4/4" Battito="2" />
      <TEMPO Inizio="246.873" Bpm="87.97" Metro="4/4" Battito="2" />
      <TEMPO Inizio="285.066" Bpm="87.97" Metro="4/4" Battito="2" />
      <TEMPO Inizio="322.577" Bpm="87.97" Metro="4/4" Battito="1" />
      <POSITION_MARK Name="" Type="0" Start="182.351" Num="-1" />
    </TRACK>
    <TRACK TrackID="253816335" Name="Engine Number Nine" Artist="Wilson Pickett" Composer="" Album="" Grouping="" Genre="Lounge/Rock" Kind="MP3 File" Size="15393712" TotalTime="384" DiscNumber="0" TrackNumber="0" Year="1970" AverageBpm="96.89" DateAdded="2023-05-27" BitRate="320" SampleRate="44100" Comments="2A - 4" PlayCount="1" Rating="0" Location="file://localhost/Users/zachvp/Music/DJ/_parental%20jams/Wilson%20Pickett%20-%20Engine%20Number%20Nine%20-%2014%201970.mp3" Remixer="" Tonality="2A" Label="" Mix="">
      <TEMPO Inizio="0.497" Bpm="96.89" Metro="4/4" Battito="3" />
      <TEMPO Inizio="1.117" Bpm="96.89" Metro="4/4" Battito="4" />
      <TEMPO Inizio="53.753" Bpm="96.89" Metro="4/4" Battito="1" />
      <TEMPO Inizio="89.669" Bpm="96.89" Metro="4/4" Battito="3" />
      <TEMPO Inizio="142.305" Bpm="96.89" Metro="4/4" Battito="4" />
      <TEMPO Inizio="194.941" Bpm="96.89" Metro="4/4" Battito="1" />
      <TEMPO Inizio="240.765" Bpm="96.89" Metro="4/4" Battito="3" />
      <TEMPO Inizio="293.401" Bpm="96.89" Metro="4/4" Battito="4" />
      <TEMPO Inizio="341.702" Bpm="96.89" Metro="4/4" Battito="2" />
    </TRACK>
    <TRACK TrackID="174029030" Name="Fever" Artist="East End Dubs" Composer="" Album="" Grouping="" Genre="House/Deep/Tech/Jazzy" Kind="AIFF File" Size="69821290" TotalTime="395" DiscNumber="0" TrackNumber="0" Year="2022" AverageBpm="127.00" DateAdded="2023-05-27" BitRate="1411" SampleRate="44100" Comments="8A - 5" PlayCount="4" Rating="0" Location="file://localhost/Users/zachvp/Music/DJ/East%20End%20Dubs%20-%20Fever.aiff" Remixer="" Tonality="8A" Label="" Mix="">
      <TEMPO Inizio="0.024" Bpm="127.00" Metro="4/4" Battito="1" />
      <TEMPO Inizio="0.497" Bpm="127.00" Metro="4/4" Battito="2" />
      <POSITION_MARK Name="" Type="0" Start="60.503" Num="-1" />
      <POSITION_MARK Name="" Type="0" Start="136.089" Num="-1" />
    </TRACK>
    <TRACK TrackID="128609052" Name="Agenda 21" Artist="Nick Holder" Composer="" Album="People in the Shadows" Grouping="" Genre="House/Deep/Tech/Jazzy" Kind="AIFF File" Size="70985376" TotalTime="401" DiscNumber="0" TrackNumber="1" Year="2023" AverageBpm="123.02" DateAdded="2023-05-27" BitRate="1411" SampleRate="44100" Comments="6A - 6" PlayCount="0" Rating="0" Location="file://localhost/Users/zachvp/Music/DJ/Nick%20Holder%20-%20Agenda%2021.aiff" Remixer="" Tonality="6A" Label="" Mix="">
      <TEMPO Inizio="0.105" Bpm="123.02" Metro="4/4" Battito="1" />
    </TRACK>
    <TRACK TrackID="87314127" Name="Dial Me In" Artist="Factory Floor" Composer="" Album="Dial Me In" Grouping="" Genre="House/Deep/Tech/" Kind="AIFF File" Size="114175040" TotalTime="396" DiscNumber="0" TrackNumber="1" Year="2016" AverageBpm="126.00" DateAdded="2023-05-27" BitRate="2304" SampleRate="48000" Comments="5A - 5" PlayCount="0" Rating="0" Location="file://localhost/Users/zachvp/Music/DJ/Factory%20Floor%20-%20Dial%20Me%20In%20-%2001%20Dial%20Me%20In.aiff" Remixer="" Tonality="5A" Label="" Mix="">
      <TEMPO Inizio="0.473" Bpm="126.00" Metro="4/4" Battito="1" />
      <TEMPO Inizio="1.426" Bpm="126.00" Metro="4/4" Battito="3" />
      <TEMPO Inizio="49.044" Bpm="126.00" Metro="4/4" Battito="3" />
      <TEMPO Inizio="94.281" Bpm="126.00" Metro="4/4" Battito="2" />
      <TEMPO Inizio="141.899" Bpm="126.00" Metro="4/4" Battito="2" />
      <TEMPO Inizio="187.136" Bpm="126.00" Metro="4/4" Battito="1" />
      <TEMPO Inizio="234.754" Bpm="126.00" Metro="4/4" Battito="1" />
      <TEMPO Inizio="279.991" Bpm="126.00" Metro="4/4" Battito="4" />
      <TEMPO Inizio="327.609" Bpm="126.00" Metro="4/4" Battito="4" />
      <TEMPO Inizio="372.846" Bpm="126.00" Metro="4/4" Battito="3" />
    </TRACK>
    <TRACK TrackID="203938075" Name="Dial Me In (Club Mix)" Artist="Factory Floor" Composer="" Album="Dial Me In" Grouping="" Genre="House/Deep/Tech/" Kind="AIFF File" Size="76676906" TotalTime="434" DiscNumber="0" TrackNumber="2" Year="2016" AverageBpm="126.00" DateAdded="2023-05-27" BitRate="1411" SampleRate="44100" Comments="6A - 5" PlayCount="3" Rating="0" Location="file://localhost/Users/zachvp/Music/DJ/Factory%20Floor%20-%20Dial%20Me%20In%20-%2002%20Dial%20Me%20In%20(Club%20Mix).aiff" Remixer="" Tonality="6A" Label="" Mix="">
      <TEMPO Inizio="0.002" Bpm="126.00" Metro="4/4" Battito="1" />
      <TEMPO Inizio="0.479" Bpm="126.00" Metro="4/4" Battito="2" />
      <TEMPO Inizio="228.097" Bpm="126.00" Metro="4/4" Battito="4" />
    </TRACK>
    <TRACK TrackID="34672153" Name="Work It Out" Artist="Factory Floor" Composer="" Album="Dial Me In" Grouping="" Genre="House/Deep/Tech/" Kind="AIFF File" Size="109285834" TotalTime="619" DiscNumber="0" TrackNumber="3" Year="2016" AverageBpm="124.00" DateAdded="2023-05-27" BitRate="1411" SampleRate="44100" Comments="5A - 5" PlayCount="2" Rating="0" Location="file://localhost/Users/zachvp/Music/DJ/Factory%20Floor%20-%20Dial%20Me%20In%20-%2003%20Work%20It%20Out.aiff" Remixer="" Tonality="5A" Label="" Mix="">
      <TEMPO Inizio="0.362" Bpm="124.00" Metro="4/4" Battito="1" />
    </TRACK>
    <TRACK TrackID="52338388" Name="Soul Size Love" Artist="Nick Holder" Composer="" Album="People in the Shadows" Grouping="" Genre="House/Deep/Tech/Jazzy" Kind="AIFF File" Size="83983230" TotalTime="475" DiscNumber="0" TrackNumber="2" Year="2023" AverageBpm="124.00" DateAdded="2023-05-27" BitRate="1411" SampleRate="44100" Comments="10A - 4" PlayCount="1" Rating="0" Location="file://localhost/Users/zachvp/Music/DJ/Nick%20Holder%20-%20Soul%20Size%20Love.aiff" Remixer="" Tonality="10A" Label="" Mix="">
      <TEMPO Inizio="0.011" Bpm="124.00" Metro="4/4" Battito="1" />
      <POSITION_MARK Name="" Type="0" Start="379.365" Num="-1" />
    </TRACK>
    <TRACK TrackID="259787033" Name="Idioteque" Artist="Radiohead" Composer="" Album="KID A MNESIA" Grouping="" Genre="Lounge/Indie" Kind="AIFF File" Size="54698294" TotalTime="309" DiscNumber="0" TrackNumber="8" Year="2021" AverageBpm="137.55" DateAdded="2023-05-27" BitRate="1411" SampleRate="44100" Comments="6A - 6" PlayCount="0" Rating="0" Location="file://localhost/Users/zachvp/Music/DJ/Radiohead%20-%20Idioteque.aiff" Remixer="" Tonality="6A" Label="" Mix="">
      <TEMPO Inizio="0.382" Bpm="137.55" Metro="4/4" Battito="1" />
      <TEMPO Inizio="1.255" Bpm="137.55" Metro="4/4" Battito="3" />
      <TEMPO Inizio="16.959" Bpm="137.55" Metro="4/4" Battito="3" />
      <TEMPO Inizio="39.206" Bpm="137.55" Metro="4/4" Battito="2" />
      <TEMPO Inizio="61.453" Bpm="137.55" Metro="4/4" Battito="1" />
      <TEMPO Inizio="85.881" Bpm="137.55" Metro="4/4" Battito="1" />
      <TEMPO Inizio="105.947" Bpm="137.55" Metro="4/4" Battito="3" />
      <TEMPO Inizio="128.194" Bpm="137.55" Metro="4/4" Battito="2" />
      <TEMPO Inizio="150.441" Bpm="137.55" Metro="4/4" Battito="1" />
      <TEMPO Inizio="172.688" Bpm="137.55" Metro="4/4" Battito="4" />
      <TEMPO Inizio="194.935" Bpm="137.55" Metro="4/4" Battito="3" />
      <TEMPO Inizio="217.182" Bpm="137.55" Metro="4/4" Battito="2" />
      <TEMPO Inizio="237.248" Bpm="137.55" Metro="4/4" Battito="4" />
      <TEMPO Inizio="259.495" Bpm="137.55" Metro="4/4" Battito="3" />
      <TEMPO Inizio="283.923" Bpm="137.55" Metro="4/4" Battito="3" />
      <TEMPO Inizio="306.170" Bpm="137.55" Metro="4/4" Battito="2" />
    </TRACK>
    <TRACK TrackID="135179908" Name="All Day, All Night (OurVinyl Sessions)" Artist="The California Honeydrops, OurVinyl" Composer="" Album="The California Honeydrops | OurVinyl Sessions" Grouping="" Genre="Lounge/Indie" Kind="AIFF File" Size="51442772" TotalTime="178" DiscNumber="0" TrackNumber="2" Year="2022" AverageBpm="161.30" DateAdded="2023-05-27" BitRate="1411" SampleRate="44100" Comments="12B - 4" PlayCount="3" Rating="0" Location="file://localhost/Users/zachvp/Music/DJ/The%20California%20Honeydrops,%20OurVinyl%20-%20All%20Day,%20All%20Night%20(OurVinyl%20Sessions).aiff" Remixer="" Tonality="12B" Label="" Mix="">
      <TEMPO Inizio="0.246" Bpm="161.30" Metro="4/4" Battito="4" />
      <POSITION_MARK Name="" Type="0" Start="0.234" Num="-1" />
    </TRACK>
    <TRACK TrackID="218622000" Name="Cry For Me (OurVinyl Sessions)" Artist="The California Honeydrops, OurVinyl" Composer="" Album="The California Honeydrops | OurVinyl Sessions" Grouping="" Genre="Lounge/Indie" Kind="AIFF File" Size="110007722" TotalTime="381" DiscNumber="0" TrackNumber="1" Year="2022" AverageBpm="98.62" DateAdded="2023-05-27" BitRate="2304" SampleRate="48000" Comments="4B - 6" PlayCount="8" Rating="0" Location="file://localhost/Users/zachvp/Music/DJ/The%20California%20Honeydrops,%20OurVinyl%20-%20Cry%20For%20Me%20(OurVinyl%20Sessions).aiff" Remixer="" Tonality="4B" Label="" Mix="">
      <TEMPO Inizio="0.438" Bpm="98.62" Metro="4/4" Battito="4" />
      <TEMPO Inizio="13.215" Bpm="98.62" Metro="4/4" Battito="1" />
      <TEMPO Inizio="36.943" Bpm="98.62" Metro="4/4" Battito="4" />
      <TEMPO Inizio="57.629" Bpm="98.62" Metro="4/4" Battito="2" />
      <TEMPO Inizio="78.315" Bpm="98.62" Metro="4/4" Battito="4" />
      <TEMPO Inizio="102.043" Bpm="98.62" Metro="4/4" Battito="3" />
      <TEMPO Inizio="122.729" Bpm="98.62" Metro="4/4" Battito="1" />
      <TEMPO Inizio="146.457" Bpm="98.62" Metro="4/4" Battito="4" />
      <TEMPO Inizio="167.143" Bpm="98.62" Metro="4/4" Battito="2" />
      <TEMPO Inizio="187.829" Bpm="98.62" Metro="4/4" Battito="4" />
      <TEMPO Inizio="211.557" Bpm="98.62" Metro="4/4" Battito="3" />
      <TEMPO Inizio="232.243" Bpm="98.62" Metro="4/4" Battito="1" />
      <TEMPO Inizio="255.971" Bpm="98.62" Metro="4/4" Battito="4" />
      <TEMPO Inizio="276.657" Bpm="98.62" Metro="4/4" Battito="2" />
      <TEMPO Inizio="297.343" Bpm="98.62" Metro="4/4" Battito="4" />
      <TEMPO Inizio="321.071" Bpm="98.62" Metro="4/4" Battito="3" />
      <TEMPO Inizio="341.757" Bpm="98.62" Metro="4/4" Battito="1" />
      <TEMPO Inizio="365.485" Bpm="98.62" Metro="4/4" Battito="4" />
      <POSITION_MARK Name="" Type="0" Start="176.252" Num="-1" />
      <POSITION_MARK Name="" Type="0" Start="213.751" Num="-1" />
      <POSITION_MARK Name="" Type="0" Start="0.141" Num="-1" />
    </TRACK>
    <TRACK TrackID="91909387" Name="River's Gonna Rise" Artist="Warren Haynes" Composer="" Album="Man in Motion" Grouping="" Genre="Lounge/Rock" Kind="AIFF File" Size="72613782" TotalTime="411" DiscNumber="0" TrackNumber="2" Year="2011" AverageBpm="119.50" DateAdded="2023-05-27" BitRate="1411" SampleRate="44100" Comments="6A - 5" PlayCount="0" Rating="0" Location="file://localhost/Users/zachvp/Music/DJ/Warren%20Haynes%20-%20River%27s%20Gonna%20Rise.aiff" Remixer="" Tonality="6A" Label="" Mix="">
      <TEMPO Inizio="0.192" Bpm="119.50" Metro="4/4" Battito="3" />
      <TEMPO Inizio="2.201" Bpm="119.50" Metro="4/4" Battito="3" />
      <TEMPO Inizio="73.497" Bpm="119.50" Metro="4/4" Battito="1" />
      <TEMPO Inizio="139.270" Bpm="119.50" Metro="4/4" Battito="4" />
      <TEMPO Inizio="205.043" Bpm="119.50" Metro="4/4" Battito="3" />
      <TEMPO Inizio="270.816" Bpm="119.50" Metro="4/4" Battito="2" />
      <TEMPO Inizio="336.589" Bpm="119.50" Metro="4/4" Battito="1" />
      <TEMPO Inizio="402.362" Bpm="119.50" Metro="4/4" Battito="4" />
    </TRACK>
    <TRACK TrackID="183226502" Name="Sick Of My Shadow (Demo)" Artist="Warren Haynes" Composer="" Album="Man in Motion" Grouping="" Genre="Lounge/Rock" Kind="AIFF File" Size="53663316" TotalTime="303" DiscNumber="0" TrackNumber="11" Year="2011" AverageBpm="87.99" DateAdded="2023-05-27" BitRate="1411" SampleRate="44100" Comments="8A - 4" PlayCount="1" Rating="0" Location="file://localhost/Users/zachvp/Music/DJ/Warren%20Haynes%20-%20Sick%20Of%20My%20Shadow%20(Demo).aiff" Remixer="" Tonality="8A" Label="" Mix="">
      <TEMPO Inizio="0.343" Bpm="87.99" Metro="4/4" Battito="1" />
    </TRACK>
    <TRACK TrackID="113561150" Name="Dancing in the Dark" Artist="Bruce Springsteen" Composer="" Album="" Grouping="" Genre="Lounge/Rock" Kind="MP3 File" Size="9709389" TotalTime="242" DiscNumber="0" TrackNumber="0" Year="0" AverageBpm="148.09" DateAdded="2023-05-28" BitRate="320" SampleRate="44100" Comments="1B - 7" PlayCount="1" Rating="0" Location="file://localhost/Users/zachvp/Music/DJ/_parental%20jams/07%20Dancing%20in%20the%20Dark.mp3" Remixer="" Tonality="1B" Label="" Mix="">
      <TEMPO Inizio="0.378" Bpm="148.09" Metro="4/4" Battito="1" />
      <TEMPO Inizio="19.421" Bpm="148.09" Metro="4/4" Battito="4" />
      <TEMPO Inizio="117.470" Bpm="148.09" Metro="4/4" Battito="2" />
      <TEMPO Inizio="197.692" Bpm="148.09" Metro="4/4" Battito="4" />
    </TRACK>
    <TRACK TrackID="8697550" Name="Marbletown" Artist="Mark Knopfler" Composer="" Album="" Grouping="" Genre="Lounge/Rock" Kind="MP3 File" Size="8534862" TotalTime="213" DiscNumber="0" TrackNumber="0" Year="0" AverageBpm="115.98" DateAdded="2023-05-28" BitRate="320" SampleRate="44100" Comments="6A - 4" PlayCount="1" Rating="0" Location="file://localhost/Users/zachvp/Music/DJ/_parental%20jams/07%20Marbletown.mp3" Remixer="" Tonality="6A" Label="" Mix="">
      <TEMPO Inizio="0.464" Bpm="115.98" Metro="4/4" Battito="1" />
      <TEMPO Inizio="5.638" Bpm="115.98" Metro="4/4" Battito="3" />
      <TEMPO Inizio="29.436" Bpm="115.98" Metro="4/4" Battito="1" />
      <TEMPO Inizio="53.234" Bpm="115.98" Metro="4/4" Battito="3" />
      <TEMPO Inizio="75.480" Bpm="115.98" Metro="4/4" Battito="2" />
      <TEMPO Inizio="99.278" Bpm="115.98" Metro="4/4" Battito="4" />
      <TEMPO Inizio="123.076" Bpm="115.98" Metro="4/4" Battito="2" />
      <TEMPO Inizio="146.874" Bpm="115.98" Metro="4/4" Battito="4" />
      <TEMPO Inizio="169.120" Bpm="115.98" Metro="4/4" Battito="3" />
      <TEMPO Inizio="192.918" Bpm="115.98" Metro="4/4" Battito="1" />
    </TRACK>
    <TRACK TrackID="166533717" Name="Swamp Music" Artist="Lynyrd Skynyrd" Composer="" Album="" Grouping="" Genre="Lounge/Rock" Kind="MP3 File" Size="8458587" TotalTime="211" DiscNumber="0" TrackNumber="0" Year="0" AverageBpm="94.59" DateAdded="2023-05-28" BitRate="320" SampleRate="44100" Comments="9A - 5" PlayCount="1" Rating="0" Location="file://localhost/Users/zachvp/Music/DJ/_parental%20jams/07%20Swamp%20Music.mp3" Remixer="" Tonality="9A" Label="" Mix="">
      <TEMPO Inizio="0.252" Bpm="94.59" Metro="4/4" Battito="3" />
      <TEMPO Inizio="0.887" Bpm="94.59" Metro="4/4" Battito="4" />
      <TEMPO Inizio="35.139" Bpm="94.59" Metro="4/4" Battito="2" />
      <TEMPO Inizio="71.294" Bpm="94.59" Metro="4/4" Battito="3" />
      <TEMPO Inizio="103.643" Bpm="94.59" Metro="4/4" Battito="2" />
      <TEMPO Inizio="139.798" Bpm="94.59" Metro="4/4" Battito="3" />
      <TEMPO Inizio="174.050" Bpm="94.59" Metro="4/4" Battito="1" />
      <TEMPO Inizio="208.302" Bpm="94.59" Metro="4/4" Battito="3" />
    </TRACK>
    <TRACK TrackID="61170138" Name="Bring It On" Artist="Lynyrd Skynyrd" Composer="" Album="" Grouping="" Genre="Lounge/Rock" Kind="MP3 File" Size="11824203" TotalTime="295" DiscNumber="0" TrackNumber="0" Year="0" AverageBpm="126.47" DateAdded="2023-05-28" BitRate="320" SampleRate="44100" Comments="12B - 7" PlayCount="0" Rating="0" Location="file://localhost/Users/zachvp/Music/DJ/_parental%20jams/08%20Bring%20It%20On.mp3" Remixer="" Tonality="12B" Label="" Mix="">
      <TEMPO Inizio="0.078" Bpm="126.47" Metro="4/4" Battito="1" />
      <TEMPO Inizio="66.023" Bpm="126.47" Metro="4/4" Battito="4" />
      <TEMPO Inizio="272.871" Bpm="126.47" Metro="4/4" Battito="4" />
    </TRACK>
    <TRACK TrackID="108459420" Name="Fare Thee Well Northumberland" Artist="Mark Knopfler" Composer="" Album="" Grouping="" Genre="Lounge/Rock" Kind="MP3 File" Size="15549335" TotalTime="388" DiscNumber="0" TrackNumber="0" Year="0" AverageBpm="77.25" DateAdded="2023-05-28" BitRate="320" SampleRate="44100" Comments="5A - 3" PlayCount="0" Rating="0" Location="file://localhost/Users/zachvp/Music/DJ/_parental%20jams/06%20Fare%20Thee%20Well%20Northumberland.mp3" Remixer="" Tonality="5A" Label="" Mix="">
      <TEMPO Inizio="0.126" Bpm="77.25" Metro="4/4" Battito="2" />
    </TRACK>
    <TRACK TrackID="165800215" Name="Embryonic Journey" Artist="Jefferson Airplane" Composer="" Album="" Grouping="" Genre="Lounge/Rock" Kind="MP3 File" Size="4551770" TotalTime="113" DiscNumber="0" TrackNumber="0" Year="0" AverageBpm="119.36" DateAdded="2023-05-28" BitRate="320" SampleRate="44100" Comments="10B - 3" PlayCount="0" Rating="0" Location="file://localhost/Users/zachvp/Music/DJ/_parental%20jams/09%20Embryonic%20Journey.mp3" Remixer="" Tonality="10B" Label="" Mix="">
      <TEMPO Inizio="0.502" Bpm="119.36" Metro="4/4" Battito="1" />
    </TRACK>
    <TRACK TrackID="11692382" Name="The Cage" Artist="Elton John" Composer="" Album="" Grouping="" Genre="Lounge/Rock" Kind="MP3 File" Size="8430398" TotalTime="210" DiscNumber="0" TrackNumber="0" Year="0" AverageBpm="124.47" DateAdded="2023-05-28" BitRate="320" SampleRate="44100" Comments="3A - 6" PlayCount="1" Rating="0" Location="file://localhost/Users/zachvp/Music/DJ/_parental%20jams/09%20The%20Cage.mp3" Remixer="" Tonality="3A" Label="" Mix="">
      <TEMPO Inizio="0.306" Bpm="124.47" Metro="4/4" Battito="1" />
      <TEMPO Inizio="60.560" Bpm="124.47" Metro="4/4" Battito="2" />
      <TEMPO Inizio="61.041" Bpm="124.47" Metro="4/4" Battito="3" />
      <TEMPO Inizio="62.006" Bpm="124.47" Metro="4/4" Battito="1" />
      <TEMPO Inizio="95.748" Bpm="124.47" Metro="4/4" Battito="3" />
      <TEMPO Inizio="130.936" Bpm="124.47" Metro="4/4" Battito="4" />
      <TEMPO Inizio="164.678" Bpm="124.47" Metro="4/4" Battito="2" />
      <TEMPO Inizio="199.384" Bpm="124.47" Metro="4/4" Battito="2" />
    </TRACK>
    <TRACK TrackID="55736672" Name="You Got the Rhythm" Artist="Lynyrd Skynyrd" Composer="" Album="" Grouping="" Genre="Lounge/Rock" Kind="MP3 File" Size="9920399" TotalTime="247" DiscNumber="0" TrackNumber="0" Year="0" AverageBpm="144.32" DateAdded="2023-05-28" BitRate="320" SampleRate="44100" Comments="7B - 7" PlayCount="0" Rating="0" Location="file://localhost/Users/zachvp/Music/DJ/_parental%20jams/09%20You%20Got%20the%20Rhythm.mp3" Remixer="" Tonality="7B" Label="" Mix="">
      <TEMPO Inizio="0.408" Bpm="144.32" Metro="4/4" Battito="1" />
    </TRACK>
    <TRACK TrackID="249842224" Name="Daddy's Gone to Knoxville" Artist="Mark Knopfler" Composer="" Album="" Grouping="" Genre="Lounge/Rock" Kind="MP3 File" Size="6721964" TotalTime="167" DiscNumber="0" TrackNumber="0" Year="0" AverageBpm="152.44" DateAdded="2023-05-28" BitRate="320" SampleRate="44100" Comments="9B - 3" PlayCount="0" Rating="0" Location="file://localhost/Users/zachvp/Music/DJ/_parental%20jams/11%20Daddy%27s%20Gone%20to%20Knoxville.mp3" Remixer="" Tonality="9B" Label="" Mix="">
      <TEMPO Inizio="0.077" Bpm="152.45" Metro="4/4" Battito="1" />
    </TRACK>
    <TRACK TrackID="199339225" Name="That Smell" Artist="Lynyrd Skynyrd" Composer="" Album="" Grouping="" Genre="Lounge/Rock" Kind="MP3 File" Size="14018489" TotalTime="350" DiscNumber="0" TrackNumber="0" Year="0" AverageBpm="117.48" DateAdded="2023-05-28" BitRate="320" SampleRate="44100" Comments="8A - 6" PlayCount="0" Rating="0" Location="file://localhost/Users/zachvp/Music/DJ/_parental%20jams/11%20That%20Smell.mp3" Remixer="" Tonality="8A" Label="" Mix="">
      <TEMPO Inizio="0.364" Bpm="117.48" Metro="4/4" Battito="3" />
    </TRACK>
    <TRACK TrackID="67656721" Name="Call Me the Breeze" Artist="Lynyrd Skynyrd" Composer="" Album="" Grouping="" Genre="Lounge/Rock" Kind="MP3 File" Size="12350832" TotalTime="308" DiscNumber="0" TrackNumber="0" Year="0" AverageBpm="94.69" DateAdded="2023-05-28" BitRate="320" SampleRate="44100" Comments="11B - 6" PlayCount="0" Rating="0" Location="file://localhost/Users/zachvp/Music/DJ/_parental%20jams/12%20Call%20Me%20the%20Breeze.mp3" Remixer="" Tonality="11B" Label="" Mix="">
      <TEMPO Inizio="0.113" Bpm="94.69" Metro="4/4" Battito="1" />
    </TRACK>
    <TRACK TrackID="137704825" Name="Calling Elvis" Artist="Dire Straits" Composer="" Album="" Grouping="" Genre="Lounge/Rock" Kind="MP3 File" Size="11254730" TotalTime="281" DiscNumber="0" TrackNumber="0" Year="0" AverageBpm="120.00" DateAdded="2023-05-28" BitRate="320" SampleRate="44100" Comments="1B - 5" PlayCount="0" Rating="0" Location="file://localhost/Users/zachvp/Music/DJ/_parental%20jams/12%20Calling%20Elvis.mp3" Remixer="" Tonality="1B" Label="" Mix="">
      <TEMPO Inizio="0.000" Bpm="120.00" Metro="4/4" Battito="3" />
      <TEMPO Inizio="255.501" Bpm="120.00" Metro="4/4" Battito="2" />
      <TEMPO Inizio="256.000" Bpm="120.00" Metro="4/4" Battito="3" />
      <TEMPO Inizio="256.501" Bpm="120.00" Metro="4/4" Battito="4" />
      <TEMPO Inizio="257.000" Bpm="120.00" Metro="4/4" Battito="1" />
      <TEMPO Inizio="257.501" Bpm="120.00" Metro="4/4" Battito="2" />
      <TEMPO Inizio="258.000" Bpm="120.00" Metro="4/4" Battito="3" />
      <TEMPO Inizio="258.501" Bpm="120.00" Metro="4/4" Battito="4" />
      <TEMPO Inizio="259.000" Bpm="120.00" Metro="4/4" Battito="1" />
      <TEMPO Inizio="259.501" Bpm="120.00" Metro="4/4" Battito="2" />
      <TEMPO Inizio="260.000" Bpm="120.00" Metro="4/4" Battito="3" />
      <TEMPO Inizio="260.501" Bpm="120.00" Metro="4/4" Battito="4" />
      <TEMPO Inizio="261.000" Bpm="120.00" Metro="4/4" Battito="1" />
      <TEMPO Inizio="261.501" Bpm="120.00" Metro="4/4" Battito="2" />
      <TEMPO Inizio="262.000" Bpm="120.00" Metro="4/4" Battito="3" />
      <TEMPO Inizio="262.501" Bpm="120.00" Metro="4/4" Battito="4" />
      <TEMPO Inizio="263.000" Bpm="120.00" Metro="4/4" Battito="1" />
      <TEMPO Inizio="263.501" Bpm="120.00" Metro="4/4" Battito="2" />
      <TEMPO Inizio="264.000" Bpm="120.00" Metro="4/4" Battito="3" />
      <TEMPO Inizio="264.501" Bpm="120.00" Metro="4/4" Battito="4" />
      <TEMPO Inizio="265.000" Bpm="120.00" Metro="4/4" Battito="1" />
      <TEMPO Inizio="265.501" Bpm="120.00" Metro="4/4" Battito="2" />
      <TEMPO Inizio="266.000" Bpm="120.00" Metro="4/4" Battito="3" />
      <TEMPO Inizio="266.501" Bpm="120.00" Metro="4/4" Battito="4" />
      <TEMPO Inizio="267.000" Bpm="120.00" Metro="4/4" Battito="1" />
      <TEMPO Inizio="267.501" Bpm="120.00" Metro="4/4" Battito="2" />
      <TEMPO Inizio="268.000" Bpm="120.00" Metro="4/4" Battito="3" />
      <TEMPO Inizio="268.501" Bpm="120.00" Metro="4/4" Battito="4" />
      <TEMPO Inizio="269.000" Bpm="120.00" Metro="4/4" Battito="1" />
      <TEMPO Inizio="269.501" Bpm="120.00" Metro="4/4" Battito="2" />
      <TEMPO Inizio="270.000" Bpm="120.00" Metro="4/4" Battito="3" />
      <TEMPO Inizio="270.501" Bpm="120.00" Metro="4/4" Battito="4" />
      <TEMPO Inizio="271.000" Bpm="120.00" Metro="4/4" Battito="1" />
      <TEMPO Inizio="271.501" Bpm="120.00" Metro="4/4" Battito="2" />
      <TEMPO Inizio="272.000" Bpm="120.00" Metro="4/4" Battito="3" />
      <TEMPO Inizio="272.501" Bpm="120.00" Metro="4/4" Battito="4" />
      <TEMPO Inizio="273.000" Bpm="120.00" Metro="4/4" Battito="1" />
      <TEMPO Inizio="273.501" Bpm="120.00" Metro="4/4" Battito="2" />
      <TEMPO Inizio="274.000" Bpm="120.00" Metro="4/4" Battito="3" />
      <TEMPO Inizio="274.501" Bpm="120.00" Metro="4/4" Battito="4" />
      <TEMPO Inizio="275.000" Bpm="120.00" Metro="4/4" Battito="1" />
      <TEMPO Inizio="275.501" Bpm="120.00" Metro="4/4" Battito="2" />
      <TEMPO Inizio="276.000" Bpm="120.00" Metro="4/4" Battito="3" />
      <TEMPO Inizio="276.501" Bpm="120.00" Metro="4/4" Battito="4" />
      <TEMPO Inizio="277.000" Bpm="120.00" Metro="4/4" Battito="1" />
      <TEMPO Inizio="277.501" Bpm="120.00" Metro="4/4" Battito="2" />
      <TEMPO Inizio="278.000" Bpm="120.00" Metro="4/4" Battito="3" />
      <TEMPO Inizio="278.501" Bpm="120.00" Metro="4/4" Battito="4" />
      <TEMPO Inizio="279.000" Bpm="120.00" Metro="4/4" Battito="1" />
      <TEMPO Inizio="279.501" Bpm="120.00" Metro="4/4" Battito="2" />
      <TEMPO Inizio="280.000" Bpm="120.00" Metro="4/4" Battito="3" />
      <TEMPO Inizio="280.501" Bpm="120.00" Metro="4/4" Battito="4" />
      <TEMPO Inizio="281.000" Bpm="120.00" Metro="4/4" Battito="1" />
    </TRACK>
    <TRACK TrackID="161192826" Name="Little Lies" Artist="Fleetwood Mac" Composer="" Album="" Grouping="" Genre="Lounge/Rock" Kind="MP3 File" Size="8687414" TotalTime="217" DiscNumber="0" TrackNumber="0" Year="0" AverageBpm="124.62" DateAdded="2023-05-28" BitRate="320" SampleRate="44100" Comments="11B - 6" PlayCount="1" Rating="0" Location="file://localhost/Users/zachvp/Music/DJ/_parental%20jams/12%20Little%20Lies.mp3" Remixer="" Tonality="11B" Label="" Mix="">
      <TEMPO Inizio="0.332" Bpm="124.62" Metro="4/4" Battito="3" />
      <TEMPO Inizio="7.073" Bpm="124.62" Metro="4/4" Battito="1" />
      <TEMPO Inizio="21.036" Bpm="124.62" Metro="4/4" Battito="2" />
      <TEMPO Inizio="34.999" Bpm="124.62" Metro="4/4" Battito="3" />
      <TEMPO Inizio="55.221" Bpm="124.62" Metro="4/4" Battito="1" />
      <TEMPO Inizio="69.184" Bpm="124.62" Metro="4/4" Battito="2" />
      <TEMPO Inizio="83.147" Bpm="124.62" Metro="4/4" Battito="3" />
      <TEMPO Inizio="97.110" Bpm="124.62" Metro="4/4" Battito="4" />
      <TEMPO Inizio="117.332" Bpm="124.62" Metro="4/4" Battito="2" />
      <TEMPO Inizio="131.295" Bpm="124.62" Metro="4/4" Battito="3" />
      <TEMPO Inizio="151.517" Bpm="124.62" Metro="4/4" Battito="1" />
      <TEMPO Inizio="165.480" Bpm="124.62" Metro="4/4" Battito="2" />
      <TEMPO Inizio="179.443" Bpm="124.62" Metro="4/4" Battito="3" />
      <TEMPO Inizio="199.665" Bpm="124.62" Metro="4/4" Battito="1" />
      <TEMPO Inizio="213.628" Bpm="124.62" Metro="4/4" Battito="2" />
    </TRACK>
    <TRACK TrackID="176759125" Name="Heavy Fuel" Artist="Dire Straits" Composer="" Album="" Grouping="" Genre="Lounge/Rock" Kind="MP3 File" Size="12057211" TotalTime="301" DiscNumber="0" TrackNumber="0" Year="0" AverageBpm="132.00" DateAdded="2023-05-28" BitRate="320" SampleRate="44100" Comments="9A - 7" PlayCount="1" Rating="0" Location="file://localhost/Users/zachvp/Music/DJ/_parental%20jams/13%20Heavy%20Fuel.mp3" Remixer="" Tonality="9A" Label="" Mix="">
      <TEMPO Inizio="0.116" Bpm="132.00" Metro="4/4" Battito="3" />
    </TRACK>
    <TRACK TrackID="217399549" Name="Ego Tripping Out" Artist="Marvin Gaye" Composer="" Album="" Grouping="" Genre="Lounge/Rock" Kind="MP3 File" Size="10094938" TotalTime="252" DiscNumber="0" TrackNumber="0" Year="0" AverageBpm="122.81" DateAdded="2023-05-28" BitRate="320" SampleRate="44100" Comments="8A - 5" PlayCount="4" Rating="0" Location="file://localhost/Users/zachvp/Music/DJ/_parental%20jams/16%20Ego%20Tripping%20Out.mp3" Remixer="" Tonality="8A" Label="" Mix="">
      <TEMPO Inizio="0.107" Bpm="122.81" Metro="4/4" Battito="2" />
      <POSITION_MARK Name="" Type="0" Start="0.611" Num="-1" />
    </TRACK>
    <TRACK TrackID="209450040" Name="I Ain't the One" Artist="Lynyrd Skynyrd" Composer="" Album="" Grouping="" Genre="Lounge/Rock" Kind="MP3 File" Size="9346795" TotalTime="233" DiscNumber="0" TrackNumber="0" Year="0" AverageBpm="93.41" DateAdded="2023-05-28" BitRate="320" SampleRate="44100" Comments="8A - 5" PlayCount="1" Rating="0" Location="file://localhost/Users/zachvp/Music/DJ/_parental%20jams/i%20ain%27t%20the%20one.mp3" Remixer="" Tonality="8A" Label="" Mix="">
      <TEMPO Inizio="0.142" Bpm="93.41" Metro="4/4" Battito="3" />
      <TEMPO Inizio="0.785" Bpm="93.41" Metro="4/4" Battito="4" />
      <TEMPO Inizio="30.975" Bpm="93.41" Metro="4/4" Battito="3" />
      <TEMPO Inizio="59.238" Bpm="93.41" Metro="4/4" Battito="3" />
      <TEMPO Inizio="87.501" Bpm="93.41" Metro="4/4" Battito="3" />
      <TEMPO Inizio="117.691" Bpm="93.41" Metro="4/4" Battito="2" />
      <TEMPO Inizio="145.954" Bpm="93.41" Metro="4/4" Battito="2" />
      <TEMPO Inizio="174.217" Bpm="93.41" Metro="4/4" Battito="2" />
      <TEMPO Inizio="202.480" Bpm="93.41" Metro="4/4" Battito="2" />
      <TEMPO Inizio="230.743" Bpm="93.41" Metro="4/4" Battito="2" />
    </TRACK>
    <TRACK TrackID="243370615" Name="Lady Writer" Artist="Dire Straits" Composer="" Album="" Grouping="" Genre="Lounge/Rock" Kind="MP3 File" Size="9144036" TotalTime="228" DiscNumber="0" TrackNumber="0" Year="0" AverageBpm="147.88" DateAdded="2023-05-28" BitRate="320" SampleRate="44100" Comments="12A - 6" PlayCount="0" Rating="0" Location="file://localhost/Users/zachvp/Music/DJ/_parental%20jams/lady%20writer.mp3" Remixer="" Tonality="12A" Label="" Mix="">
      <TEMPO Inizio="0.198" Bpm="147.88" Metro="4/4" Battito="3" />
    </TRACK>
    <TRACK TrackID="41905389" Name="Private Investigations" Artist="Dire Straits" Composer="" Album="Love Over Gold" Grouping="" Genre="Lounge/Rock" Kind="MP3 File" Size="14166860" TotalTime="354" DiscNumber="0" TrackNumber="0" Year="0" AverageBpm="84.65" DateAdded="2023-05-28" BitRate="320" SampleRate="44100" Comments="9A - 3" PlayCount="2" Rating="0" Location="file://localhost/Users/zachvp/Music/DJ/_parental%20jams/private%20investigations.mp3" Remixer="" Tonality="9A" Label="" Mix="">
      <TEMPO Inizio="0.480" Bpm="84.65" Metro="4/4" Battito="3" />
      <POSITION_MARK Name="" Type="0" Start="179.077" Num="-1" />
    </TRACK>
    <TRACK TrackID="220332884" Name="Southbound Again" Artist="Dire Straits" Composer="" Album="" Grouping="" Genre="Lounge/Rock" Kind="MP3 File" Size="7182762" TotalTime="179" DiscNumber="0" TrackNumber="0" Year="0" AverageBpm="106.47" DateAdded="2023-05-28" BitRate="320" SampleRate="44100" Comments="8A - 4" PlayCount="0" Rating="0" Location="file://localhost/Users/zachvp/Music/DJ/_parental%20jams/southbound%20again.mp3" Remixer="" Tonality="8A" Label="" Mix="">
      <TEMPO Inizio="0.480" Bpm="106.47" Metro="4/4" Battito="1" />
    </TRACK>
    <TRACK TrackID="114544755" Name="You Shook Me" Artist="Led Zeppelin" Composer="" Album="" Grouping="" Genre="Lounge/Rock" Kind="MP3 File" Size="15518997" TotalTime="387" DiscNumber="0" TrackNumber="0" Year="0" AverageBpm="154.08" DateAdded="2023-05-28" BitRate="320" SampleRate="44100" Comments="9A - 3" PlayCount="0" Rating="0" Location="file://localhost/Users/zachvp/Music/DJ/_parental%20jams/you%20shook%20me.mp3" Remixer="" Tonality="9A" Label="" Mix="">
      <TEMPO Inizio="0.082" Bpm="154.08" Metro="4/4" Battito="3" />
      <TEMPO Inizio="2.419" Bpm="154.08" Metro="4/4" Battito="1" />
      <TEMPO Inizio="91.594" Bpm="154.08" Metro="4/4" Battito="2" />
      <TEMPO Inizio="182.716" Bpm="154.08" Metro="4/4" Battito="4" />
      <TEMPO Inizio="254.757" Bpm="154.08" Metro="4/4" Battito="1" />
      <TEMPO Inizio="345.879" Bpm="154.08" Metro="4/4" Battito="3" />
    </TRACK>
    <TRACK TrackID="125818521" Name="Iron Mask (ft. WAYNE SNOW)" Artist="Laurence Guy" Composer="" Album="Iron Mask (ft. WAYNE SNOW) / The Sun" Grouping="" Genre="Lounge/Indie" Kind="AIFF File" Size="48517046" TotalTime="182" DiscNumber="0" TrackNumber="1" Year="2023" AverageBpm="69.00" DateAdded="2023-06-20" BitRate="2116" SampleRate="44100" Comments="11A - 4" PlayCount="3" Rating="0" Location="file://localhost/Users/zachvp/Music/DJ/Laurence%20Guy%20-%20Iron%20Mask%20(ft%20WAYNE%20SNOW).aiff" Remixer="" Tonality="11A" Label="" Mix="">
      <TEMPO Inizio="0.009" Bpm="69.00" Metro="4/4" Battito="1" />
    </TRACK>
    <TRACK TrackID="236515983" Name="The Adventures of Rain Dance Maggie" Artist="Red Hot Chili Peppers" Composer="" Album="I'm with You" Grouping="" Genre="Lounge/Rock" Kind="AIFF File" Size="49996056" TotalTime="282" DiscNumber="1" TrackNumber="7" Year="2011" AverageBpm="107.04" DateAdded="2023-06-20" BitRate="1411" SampleRate="44100" Comments="9A - 7" PlayCount="1" Rating="0" Location="file://localhost/Users/zachvp/Music/DJ/Red%20Hot%20Chili%20Peppers%20-%2007.%20The%20Adventures%20of%20Rain%20Danc.aiff" Remixer="" Tonality="9A" Label="" Mix="">
      <TEMPO Inizio="0.362" Bpm="107.04" Metro="4/4" Battito="1" />
    </TRACK>
    <TRACK TrackID="225304243" Name="Dragon Attack" Artist="Queen" Composer="" Album="The Game" Grouping="" Genre="Lounge/Rock" Kind="AIFF File" Size="46447810" TotalTime="258" DiscNumber="1" TrackNumber="2" Year="1991" AverageBpm="88.13" DateAdded="2023-06-20" BitRate="1411" SampleRate="44100" Comments="7A - 7" PlayCount="2" Rating="0" Location="file://localhost/Users/zachvp/Music/DJ/Queen%20-%2002.%20Dragon%20Attack.aiff" Remixer="" Tonality="7A" Label="" Mix="">
      <TEMPO Inizio="0.280" Bpm="88.13" Metro="4/4" Battito="1" />
    </TRACK>
    <TRACK TrackID="11044842" Name="Reciprocal Action" Artist="Ken’ichi Itoi" Composer="" Album="PLZD007" Grouping="" Genre="House/Deep/Tech/" Kind="AIFF File" Size="93144654" TotalTime="484" DiscNumber="0" TrackNumber="1" Year="2023" AverageBpm="124.00" DateAdded="2023-07-12" BitRate="1536" SampleRate="48000" Comments="6A - 5" PlayCount="1" Rating="0" Location="file://localhost/Users/zachvp/Music/DJ/Ken%e2%80%99ichi%20Itoi%20-%20PLZD007%20-%2001%20Reciprocal%20Action.aiff" Remixer="" Tonality="6A" Label="" Mix="">
      <TEMPO Inizio="0.018" Bpm="124.00" Metro="4/4" Battito="4" />
    </TRACK>
    <TRACK TrackID="173148150" Name="Do U" Artist="Mabel" Composer="" Album="Stagediver" Grouping="" Genre="House/Tech/Breaks" Kind="AIFF File" Size="83785046" TotalTime="316" DiscNumber="0" TrackNumber="2" Year="2022" AverageBpm="140.00" DateAdded="2023-07-12" BitRate="2116" SampleRate="44100" Comments="3A - 7" PlayCount="2" Rating="0" Location="file://localhost/Users/zachvp/Music/DJ/Mabel%20-%20Do%20U.aiff" Remixer="" Tonality="3A" Label="" Mix="">
      <TEMPO Inizio="0.001" Bpm="140.00" Metro="4/4" Battito="1" />
    </TRACK>
    <TRACK TrackID="17731522" Name="Keep Yo'Self (Original Version)" Artist="Franck Roger" Composer="" Album="Keep Yo'Self" Grouping="" Genre="House/Tech/Indie/" Kind="AIFF File" Size="82492654" TotalTime="466" DiscNumber="0" TrackNumber="1" Year="2023" AverageBpm="124.00" DateAdded="2023-07-12" BitRate="1411" SampleRate="44100" Comments="11A - 7" PlayCount="4" Rating="0" Location="file://localhost/Users/zachvp/Music/DJ/Franck%20Roger%20-%20Keep%20Yo%27Self%20-%2001%20Keep%20Yo%27Self%20(Original%20Version).aiff" Remixer="" Tonality="11A" Label="" Mix="">
      <TEMPO Inizio="0.212" Bpm="124.00" Metro="4/4" Battito="1" />
    </TRACK>
    <TRACK TrackID="154625944" Name="Repulsion" Artist="Ken’ichi Itoi" Composer="" Album="PLZD007" Grouping="" Genre="House/Deep/Tech/" Kind="AIFF File" Size="77400074" TotalTime="438" DiscNumber="0" TrackNumber="2" Year="2023" AverageBpm="124.00" DateAdded="2023-07-12" BitRate="1411" SampleRate="44100" Comments="12A - 5" PlayCount="2" Rating="0" Location="file://localhost/Users/zachvp/Music/DJ/Ken%e2%80%99ichi%20Itoi%20-%20PLZD007%20-%2002%20Repulsion.aiff" Remixer="" Tonality="12A" Label="" Mix="">
      <TEMPO Inizio="0.069" Bpm="124.00" Metro="4/4" Battito="4" />
      <POSITION_MARK Name="" Type="0" Start="2.499" Num="-1" />
    </TRACK>
    <TRACK TrackID="66733193" Name="Labyrinth Made of Labyrinths" Artist="Olga Wojciechowska" Composer="" Album="2020 | Label Compilation (mixed by ASIP)" Grouping="" Genre="Lounge/Ambient" Kind="AIFF File" Size="66003410" TotalTime="248" DiscNumber="0" TrackNumber="1" Year="2020" AverageBpm="76.36" DateAdded="2023-07-12" BitRate="1411" SampleRate="44100" Comments="9A - 2" PlayCount="5" Rating="0" Location="file://localhost/Users/zachvp/Music/DJ/A%20Strangely%20Isolated%20Place%20-%202020%20-%20Label%20Compilation%20(mixed%20by%20ASIP)%20-%2001%20Olga%20Wojciechowska%20-%20Labyrinth%20Made%20of%20Labyrinths.aiff" Remixer="" Tonality="9A" Label="" Mix="">
      <TEMPO Inizio="0.031" Bpm="76.36" Metro="4/4" Battito="4" />
      <POSITION_MARK Name="" Type="0" Start="3.580" Num="-1" />
    </TRACK>
    <TRACK TrackID="130695490" Name="Presumed Lost" Artist="Wanderwelle" Composer="" Album="2020 | Label Compilation (mixed by ASIP)" Grouping="" Genre="Lounge/Ambient" Kind="AIFF File" Size="83645754" TotalTime="315" DiscNumber="0" TrackNumber="2" Year="2020" AverageBpm="137.46" DateAdded="2023-07-12" BitRate="2116" SampleRate="44100" Comments="3A - 3" PlayCount="0" Rating="0" Location="file://localhost/Users/zachvp/Music/DJ/A%20Strangely%20Isolated%20Place%20-%202020%20-%20Label%20Compilation%20(mixed%20by%20ASIP)%20-%2002%20Wanderwelle%20-%20Presumed%20Lost.aiff" Remixer="" Tonality="3A" Label="" Mix="">
      <TEMPO Inizio="0.351" Bpm="137.46" Metro="4/4" Battito="3" />
      <TEMPO Inizio="0.788" Bpm="137.46" Metro="4/4" Battito="4" />
      <TEMPO Inizio="119.514" Bpm="137.46" Metro="4/4" Battito="4" />
      <TEMPO Inizio="283.635" Bpm="137.46" Metro="4/4" Battito="4" />
    </TRACK>
    <TRACK TrackID="181855582" Name="Metaphors For Things" Artist="Blinkar från Norr" Composer="" Album="2020 | Label Compilation (mixed by ASIP)" Grouping="" Genre="Lounge/Ambient" Kind="AIFF File" Size="98816984" TotalTime="373" DiscNumber="0" TrackNumber="3" Year="2020" AverageBpm="144.69" DateAdded="2023-07-12" BitRate="2116" SampleRate="44100" Comments="8A - 3" PlayCount="0" Rating="0" Location="file://localhost/Users/zachvp/Music/DJ/A%20Strangely%20Isolated%20Place%20-%202020%20-%20Label%20Compilation%20(mixed%20by%20ASIP)%20-%2003%20Blinkar%20fr%c3%a5n%20Norr%20-%20Metaphors%20For%20Things.aiff" Remixer="" Tonality="8A" Label="" Mix="">
      <TEMPO Inizio="0.071" Bpm="144.69" Metro="4/4" Battito="1" />
    </TRACK>
    <TRACK TrackID="50642981" Name="Cuando La Rutina Nos Toma Desprevenidos" Artist="Leandro Fresco &amp; Rafael Anton Irisarri" Composer="" Album="2020 | Label Compilation (mixed by ASIP)" Grouping="" Genre="Lounge/Ambient" Kind="AIFF File" Size="121780990" TotalTime="422" DiscNumber="0" TrackNumber="4" Year="2020" AverageBpm="151.22" DateAdded="2023-07-12" BitRate="2304" SampleRate="48000" Comments="8A - 4" PlayCount="1" Rating="0" Location="file://localhost/Users/zachvp/Music/DJ/A%20Strangely%20Isolated%20Place%20-%202020%20-%20Label%20Compilation%20(mixed%20by%20ASIP)%20-%2004%20Leandro%20Fresco%20%26%20Rafael%20Anton%20Irisarri%20-%20Cuando%20La%20Rutina%20Nos%20Toma%20Desprevenidos.aiff" Remixer="" Tonality="8A" Label="" Mix="">
      <TEMPO Inizio="0.243" Bpm="151.22" Metro="4/4" Battito="3" />
    </TRACK>
    <TRACK TrackID="173363234" Name="Track 8" Artist="Quiet Places" Composer="" Album="2020 | Label Compilation (mixed by ASIP)" Grouping="" Genre="Lounge/Ambient" Kind="AIFF File" Size="168321878" TotalTime="635" DiscNumber="0" TrackNumber="5" Year="2020" AverageBpm="94.87" DateAdded="2023-07-12" BitRate="2116" SampleRate="44100" Comments="5B - 3" PlayCount="0" Rating="0" Location="file://localhost/Users/zachvp/Music/DJ/A%20Strangely%20Isolated%20Place%20-%202020%20-%20Label%20Compilation%20(mixed%20by%20ASIP)%20-%2005%20Quiet%20Places%20-%20Track%208.aiff" Remixer="" Tonality="5B" Label="" Mix="" />
    <TRACK TrackID="134345365" Name="Dominions" Artist="Merrin Karras" Composer="" Album="2020 | Label Compilation (mixed by ASIP)" Grouping="" Genre="Lounge/Ambient" Kind="AIFF File" Size="154235114" TotalTime="582" DiscNumber="0" TrackNumber="6" Year="2020" AverageBpm="158.66" DateAdded="2023-07-12" BitRate="2116" SampleRate="44100" Comments="4A - 3" PlayCount="1" Rating="0" Location="file://localhost/Users/zachvp/Music/DJ/A%20Strangely%20Isolated%20Place%20-%202020%20-%20Label%20Compilation%20(mixed%20by%20ASIP)%20-%2006%20Merrin%20Karras%20-%20Dominions.aiff" Remixer="" Tonality="4A" Label="" Mix="">
      <TEMPO Inizio="0.136" Bpm="158.67" Metro="4/4" Battito="1" />
    </TRACK>
    <TRACK TrackID="169519807" Name="Rhein Valley" Artist="Damm" Composer="" Album="2020 | Label Compilation (mixed by ASIP)" Grouping="" Genre="Lounge/Ambient" Kind="AIFF File" Size="90466352" TotalTime="341" DiscNumber="0" TrackNumber="7" Year="2020" AverageBpm="105.00" DateAdded="2023-07-12" BitRate="2116" SampleRate="44100" Comments="9A - 4" PlayCount="2" Rating="0" Location="file://localhost/Users/zachvp/Music/DJ/A%20Strangely%20Isolated%20Place%20-%202020%20-%20Label%20Compilation%20(mixed%20by%20ASIP)%20-%2007%20Damm%20-%20Rhein%20Valley.aiff" Remixer="" Tonality="9A" Label="" Mix="">
      <TEMPO Inizio="0.101" Bpm="105.00" Metro="4/4" Battito="1" />
      <TEMPO Inizio="0.673" Bpm="105.00" Metro="4/4" Battito="2" />
    </TRACK>
    <TRACK TrackID="64647765" Name="Helios Flood" Artist="Christian Kleine" Composer="" Album="2020 | Label Compilation (mixed by ASIP)" Grouping="" Genre="Lounge/Ambient" Kind="AIFF File" Size="79824788" TotalTime="301" DiscNumber="0" TrackNumber="8" Year="2020" AverageBpm="103.00" DateAdded="2023-07-12" BitRate="2116" SampleRate="44100" Comments="2A - 4" PlayCount="3" Rating="0" Location="file://localhost/Users/zachvp/Music/DJ/A%20Strangely%20Isolated%20Place%20-%202020%20-%20Label%20Compilation%20(mixed%20by%20ASIP)%20-%2008%20Christian%20Kleine%20-%20Helios%20Flood.aiff" Remixer="" Tonality="2A" Label="" Mix="">
      <TEMPO Inizio="0.334" Bpm="103.00" Metro="4/4" Battito="1" />
    </TRACK>
    <TRACK TrackID="32923846" Name="Sur les traces des explorateurs" Artist="Gastón Arévalo" Composer="" Album="2020 | Label Compilation (mixed by ASIP)" Grouping="" Genre="Lounge/Ambient" Kind="AIFF File" Size="82542342" TotalTime="311" DiscNumber="0" TrackNumber="9" Year="2020" AverageBpm="152.66" DateAdded="2023-07-12" BitRate="2116" SampleRate="44100" Comments="3A - 2" PlayCount="2" Rating="0" Location="file://localhost/Users/zachvp/Music/DJ/A%20Strangely%20Isolated%20Place%20-%202020%20-%20Label%20Compilation%20(mixed%20by%20ASIP)%20-%2009%20Gast%c3%b3n%20Ar%c3%a9valo%20-%20Sur%20les%20traces%20des%20explorateurs.aiff" Remixer="" Tonality="3A" Label="" Mix="">
      <TEMPO Inizio="0.053" Bpm="152.66" Metro="4/4" Battito="3" />
      <TEMPO Inizio="52.718" Bpm="152.66" Metro="4/4" Battito="1" />
      <TEMPO Inizio="106.955" Bpm="152.66" Metro="4/4" Battito="3" />
      <TEMPO Inizio="160.799" Bpm="152.66" Metro="4/4" Battito="4" />
      <TEMPO Inizio="215.036" Bpm="152.66" Metro="4/4" Battito="2" />
      <TEMPO Inizio="270.845" Bpm="152.66" Metro="4/4" Battito="4" />
    </TRACK>
    <TRACK TrackID="82061933" Name="Life On A Tidally Locked Planet" Artist="Gadi Sassoon" Composer="" Album="2020 | Label Compilation (mixed by ASIP)" Grouping="" Genre="Lounge/Ambient" Kind="AIFF File" Size="41753110" TotalTime="236" DiscNumber="0" TrackNumber="10" Year="2020" AverageBpm="156.25" DateAdded="2023-07-12" BitRate="1411" SampleRate="44100" Comments="10B - 2" PlayCount="1" Rating="0" Location="file://localhost/Users/zachvp/Music/DJ/A%20Strangely%20Isolated%20Place%20-%202020%20-%20Label%20Compilation%20(mixed%20by%20ASIP)%20-%2010%20Gadi%20Sassoon%20-%20Life%20On%20A%20Tidally%20Locked%20Planet.aiff" Remixer="" Tonality="10B" Label="" Mix="">
      <TEMPO Inizio="0.304" Bpm="156.25" Metro="4/4" Battito="3" />
      <TEMPO Inizio="10.287" Bpm="156.25" Metro="4/4" Battito="1" />
      <TEMPO Inizio="10.672" Bpm="156.25" Metro="4/4" Battito="2" />
      <TEMPO Inizio="11.055" Bpm="156.25" Metro="4/4" Battito="3" />
      <TEMPO Inizio="11.440" Bpm="156.25" Metro="4/4" Battito="4" />
      <TEMPO Inizio="11.823" Bpm="156.25" Metro="4/4" Battito="1" />
      <TEMPO Inizio="42.542" Bpm="156.25" Metro="4/4" Battito="1" />
      <TEMPO Inizio="73.645" Bpm="156.25" Metro="4/4" Battito="2" />
      <TEMPO Inizio="74.030" Bpm="156.25" Metro="4/4" Battito="3" />
      <TEMPO Inizio="74.413" Bpm="156.25" Metro="4/4" Battito="4" />
      <TEMPO Inizio="74.798" Bpm="156.25" Metro="4/4" Battito="1" />
      <TEMPO Inizio="75.181" Bpm="156.25" Metro="4/4" Battito="2" />
      <TEMPO Inizio="106.284" Bpm="156.25" Metro="4/4" Battito="3" />
      <TEMPO Inizio="106.669" Bpm="156.25" Metro="4/4" Battito="4" />
      <TEMPO Inizio="107.052" Bpm="156.25" Metro="4/4" Battito="1" />
      <TEMPO Inizio="137.003" Bpm="156.25" Metro="4/4" Battito="3" />
      <TEMPO Inizio="137.388" Bpm="156.25" Metro="4/4" Battito="4" />
      <TEMPO Inizio="137.771" Bpm="156.25" Metro="4/4" Battito="1" />
      <TEMPO Inizio="138.156" Bpm="156.25" Metro="4/4" Battito="2" />
      <TEMPO Inizio="138.539" Bpm="156.25" Metro="4/4" Battito="3" />
      <TEMPO Inizio="169.642" Bpm="156.25" Metro="4/4" Battito="4" />
      <TEMPO Inizio="170.027" Bpm="156.25" Metro="4/4" Battito="1" />
      <TEMPO Inizio="170.410" Bpm="156.25" Metro="4/4" Battito="2" />
      <TEMPO Inizio="170.795" Bpm="156.25" Metro="4/4" Battito="3" />
      <TEMPO Inizio="171.178" Bpm="156.25" Metro="4/4" Battito="4" />
      <TEMPO Inizio="202.281" Bpm="156.25" Metro="4/4" Battito="1" />
      <TEMPO Inizio="233.000" Bpm="156.25" Metro="4/4" Battito="1" />
      <TEMPO Inizio="233.385" Bpm="156.25" Metro="4/4" Battito="2" />
      <TEMPO Inizio="233.768" Bpm="156.25" Metro="4/4" Battito="3" />
      <TEMPO Inizio="234.153" Bpm="156.25" Metro="4/4" Battito="4" />
      <TEMPO Inizio="234.536" Bpm="156.25" Metro="4/4" Battito="1" />
    </TRACK>
    <TRACK TrackID="112975344" Name="Keep Yo'Self (Dub Version)" Artist="Franck Roger" Composer="" Album="Keep Yo'Self" Grouping="" Genre="House/Tech/Indie/" Kind="AIFF File" Size="55000172" TotalTime="310" DiscNumber="0" TrackNumber="2" Year="2023" AverageBpm="124.00" DateAdded="2023-07-12" BitRate="1411" SampleRate="44100" Comments="8A - 7" PlayCount="1" Rating="0" Location="file://localhost/Users/zachvp/Music/DJ/Franck%20Roger%20-%20Keep%20Yo%27Self%20-%2002%20Keep%20Yo%27Self%20(Dub%20Version).aiff" Remixer="" Tonality="8A" Label="" Mix="">
      <TEMPO Inizio="0.212" Bpm="124.00" Metro="4/4" Battito="1" />
    </TRACK>
    <TRACK TrackID="39717700" Name="Singularity" Artist="Ken’ichi Itoi" Composer="" Album="PLZD007" Grouping="" Genre="House/Deep/Tech/" Kind="AIFF File" Size="88339454" TotalTime="500" DiscNumber="0" TrackNumber="3" Year="2023" AverageBpm="124.00" DateAdded="2023-07-12" BitRate="1411" SampleRate="44100" Comments="3A - 4" PlayCount="3" Rating="0" Location="file://localhost/Users/zachvp/Music/DJ/Ken%e2%80%99ichi%20Itoi%20-%20PLZD007%20-%2003%20Singularity.aiff" Remixer="" Tonality="3A" Label="" Mix="">
      <TEMPO Inizio="0.104" Bpm="124.00" Metro="4/4" Battito="4" />
    </TRACK>
    <TRACK TrackID="226454934" Name="In The Depths Of My Soul" Artist="Markus Masuhr" Composer="" Album="The Dub Theory &quot;Chapter Nine&quot;" Grouping="" Genre="House/Deep/Tech/Dubby" Kind="AIFF File" Size="183707270" TotalTime="637" DiscNumber="0" TrackNumber="1" Year="2023" AverageBpm="119.87" DateAdded="2023-07-12" BitRate="2304" SampleRate="48000" Comments="7A - 6" PlayCount="0" Rating="0" Location="file://localhost/Users/zachvp/Music/DJ/Markus%20Masuhr%20-%20The%20Dub%20Theory%20-Chapter%20Nine-%20-%2001%20In%20The%20Depths%20Of%20My%20Soul.aiff" Remixer="" Tonality="7A" Label="" Mix="">
      <TEMPO Inizio="0.193" Bpm="119.87" Metro="4/4" Battito="1" />
    </TRACK>
    <TRACK TrackID="161673534" Name="A Wide Open Sky" Artist="Markus Masuhr" Composer="" Album="The Dub Theory &quot;Chapter Nine&quot;" Grouping="" Genre="House/Deep/Tech/Dubby" Kind="AIFF File" Size="133493756" TotalTime="463" DiscNumber="0" TrackNumber="2" Year="2023" AverageBpm="120.00" DateAdded="2023-07-12" BitRate="2304" SampleRate="48000" Comments="9A - 5" PlayCount="0" Rating="0" Location="file://localhost/Users/zachvp/Music/DJ/Markus%20Masuhr%20-%20The%20Dub%20Theory%20-Chapter%20Nine-%20-%2002%20A%20Wide%20Open%20Sky.aiff" Remixer="" Tonality="9A" Label="" Mix="">
      <TEMPO Inizio="0.099" Bpm="120.00" Metro="4/4" Battito="2" />
      <TEMPO Inizio="16.600" Bpm="120.00" Metro="4/4" Battito="3" />
      <TEMPO Inizio="401.601" Bpm="120.00" Metro="4/4" Battito="1" />
    </TRACK>
    <TRACK TrackID="171114726" Name="Lost In The Forests" Artist="Markus Masuhr" Composer="" Album="The Dub Theory &quot;Chapter Nine&quot;" Grouping="" Genre="House/Deep/Tech/Dubby" Kind="AIFF File" Size="173059762" TotalTime="600" DiscNumber="0" TrackNumber="3" Year="2023" AverageBpm="120.00" DateAdded="2023-07-12" BitRate="2304" SampleRate="48000" Comments="2A - 5" PlayCount="0" Rating="0" Location="file://localhost/Users/zachvp/Music/DJ/Markus%20Masuhr%20-%20The%20Dub%20Theory%20-Chapter%20Nine-%20-%2003%20Lost%20In%20The%20Forests.aiff" Remixer="" Tonality="2A" Label="" Mix="">
      <TEMPO Inizio="0.169" Bpm="120.00" Metro="4/4" Battito="1" />
      <TEMPO Inizio="285.168" Bpm="120.00" Metro="4/4" Battito="3" />
    </TRACK>
    <TRACK TrackID="75846663" Name="The Mountain Calls Me Home" Artist="Markus Masuhr" Composer="" Album="The Dub Theory &quot;Chapter Nine&quot;" Grouping="" Genre="House/Deep/Tech/Dubby" Kind="AIFF File" Size="124810890" TotalTime="432" DiscNumber="0" TrackNumber="4" Year="2023" AverageBpm="120.00" DateAdded="2023-07-12" BitRate="2304" SampleRate="48000" Comments="8A - 6" PlayCount="1" Rating="0" Location="file://localhost/Users/zachvp/Music/DJ/Markus%20Masuhr%20-%20The%20Dub%20Theory%20-Chapter%20Nine-%20-%2004%20The%20Mountain%20Calls%20Me%20Home.aiff" Remixer="" Tonality="8A" Label="" Mix="">
      <TEMPO Inizio="0.091" Bpm="120.00" Metro="4/4" Battito="4" />
      <TEMPO Inizio="245.590" Bpm="120.00" Metro="4/4" Battito="3" />
    </TRACK>
    <TRACK TrackID="134623818" Name="Dancing In The Darkness" Artist="Markus Masuhr" Composer="" Album="The Dub Theory &quot;Chapter Nine&quot;" Grouping="" Genre="House/Deep/Tech/Dubby" Kind="AIFF File" Size="114837558" TotalTime="650" DiscNumber="0" TrackNumber="5" Year="2023" AverageBpm="120.00" DateAdded="2023-07-12" BitRate="1411" SampleRate="44100" Comments="7A - 6" PlayCount="0" Rating="0" Location="file://localhost/Users/zachvp/Music/DJ/Markus%20Masuhr%20-%20The%20Dub%20Theory%20-Chapter%20Nine-%20-%2005%20Dancing%20In%20The%20Darkness.aiff" Remixer="" Tonality="7A" Label="" Mix="">
      <TEMPO Inizio="0.366" Bpm="120.00" Metro="4/4" Battito="3" />
      <TEMPO Inizio="107.365" Bpm="120.00" Metro="4/4" Battito="1" />
      <TEMPO Inizio="107.866" Bpm="120.00" Metro="4/4" Battito="2" />
      <TEMPO Inizio="108.365" Bpm="120.00" Metro="4/4" Battito="3" />
      <TEMPO Inizio="108.866" Bpm="120.00" Metro="4/4" Battito="4" />
      <TEMPO Inizio="109.365" Bpm="120.00" Metro="4/4" Battito="1" />
      <TEMPO Inizio="109.866" Bpm="120.00" Metro="4/4" Battito="2" />
      <TEMPO Inizio="110.365" Bpm="120.00" Metro="4/4" Battito="3" />
      <TEMPO Inizio="110.866" Bpm="120.00" Metro="4/4" Battito="4" />
      <TEMPO Inizio="111.365" Bpm="120.00" Metro="4/4" Battito="1" />
      <TEMPO Inizio="111.866" Bpm="120.00" Metro="4/4" Battito="2" />
      <TEMPO Inizio="112.365" Bpm="120.00" Metro="4/4" Battito="3" />
      <TEMPO Inizio="112.866" Bpm="120.00" Metro="4/4" Battito="4" />
      <TEMPO Inizio="113.365" Bpm="120.00" Metro="4/4" Battito="1" />
      <TEMPO Inizio="113.866" Bpm="120.00" Metro="4/4" Battito="2" />
      <TEMPO Inizio="114.365" Bpm="120.00" Metro="4/4" Battito="3" />
      <TEMPO Inizio="114.866" Bpm="120.00" Metro="4/4" Battito="4" />
      <TEMPO Inizio="115.365" Bpm="120.00" Metro="4/4" Battito="1" />
      <TEMPO Inizio="115.866" Bpm="120.00" Metro="4/4" Battito="2" />
      <TEMPO Inizio="116.365" Bpm="120.00" Metro="4/4" Battito="3" />
      <TEMPO Inizio="116.866" Bpm="120.00" Metro="4/4" Battito="4" />
      <TEMPO Inizio="117.365" Bpm="120.00" Metro="4/4" Battito="1" />
      <TEMPO Inizio="117.866" Bpm="120.00" Metro="4/4" Battito="2" />
      <TEMPO Inizio="118.365" Bpm="120.00" Metro="4/4" Battito="3" />
      <TEMPO Inizio="367.364" Bpm="120.00" Metro="4/4" Battito="1" />
      <TEMPO Inizio="367.865" Bpm="120.00" Metro="4/4" Battito="2" />
      <TEMPO Inizio="368.364" Bpm="120.00" Metro="4/4" Battito="3" />
      <TEMPO Inizio="368.865" Bpm="120.00" Metro="4/4" Battito="4" />
      <TEMPO Inizio="369.364" Bpm="120.00" Metro="4/4" Battito="1" />
      <TEMPO Inizio="369.865" Bpm="120.00" Metro="4/4" Battito="2" />
      <TEMPO Inizio="370.364" Bpm="120.00" Metro="4/4" Battito="3" />
      <TEMPO Inizio="370.865" Bpm="120.00" Metro="4/4" Battito="4" />
      <TEMPO Inizio="371.364" Bpm="120.00" Metro="4/4" Battito="1" />
      <TEMPO Inizio="371.865" Bpm="120.00" Metro="4/4" Battito="2" />
      <TEMPO Inizio="372.364" Bpm="120.00" Metro="4/4" Battito="3" />
      <TEMPO Inizio="372.865" Bpm="120.00" Metro="4/4" Battito="4" />
      <TEMPO Inizio="373.364" Bpm="120.00" Metro="4/4" Battito="1" />
      <TEMPO Inizio="373.865" Bpm="120.00" Metro="4/4" Battito="2" />
      <TEMPO Inizio="374.364" Bpm="120.00" Metro="4/4" Battito="3" />
      <TEMPO Inizio="374.865" Bpm="120.00" Metro="4/4" Battito="4" />
      <TEMPO Inizio="375.364" Bpm="120.00" Metro="4/4" Battito="1" />
      <TEMPO Inizio="375.865" Bpm="120.00" Metro="4/4" Battito="2" />
      <TEMPO Inizio="376.364" Bpm="120.00" Metro="4/4" Battito="3" />
      <TEMPO Inizio="376.865" Bpm="120.00" Metro="4/4" Battito="4" />
      <TEMPO Inizio="377.364" Bpm="120.00" Metro="4/4" Battito="1" />
      <TEMPO Inizio="377.865" Bpm="120.00" Metro="4/4" Battito="2" />
      <TEMPO Inizio="378.364" Bpm="120.00" Metro="4/4" Battito="3" />
      <TEMPO Inizio="378.865" Bpm="120.00" Metro="4/4" Battito="4" />
      <TEMPO Inizio="379.364" Bpm="120.00" Metro="4/4" Battito="1" />
      <TEMPO Inizio="628.363" Bpm="120.00" Metro="4/4" Battito="3" />
      <TEMPO Inizio="628.864" Bpm="120.00" Metro="4/4" Battito="4" />
      <TEMPO Inizio="629.363" Bpm="120.00" Metro="4/4" Battito="1" />
      <TEMPO Inizio="629.864" Bpm="120.00" Metro="4/4" Battito="2" />
      <TEMPO Inizio="630.363" Bpm="120.00" Metro="4/4" Battito="3" />
      <TEMPO Inizio="630.864" Bpm="120.00" Metro="4/4" Battito="4" />
      <TEMPO Inizio="631.363" Bpm="120.00" Metro="4/4" Battito="1" />
      <TEMPO Inizio="631.864" Bpm="120.00" Metro="4/4" Battito="2" />
      <TEMPO Inizio="632.363" Bpm="120.00" Metro="4/4" Battito="3" />
      <TEMPO Inizio="632.864" Bpm="120.00" Metro="4/4" Battito="4" />
      <TEMPO Inizio="633.363" Bpm="120.00" Metro="4/4" Battito="1" />
      <TEMPO Inizio="633.864" Bpm="120.00" Metro="4/4" Battito="2" />
      <TEMPO Inizio="634.363" Bpm="120.00" Metro="4/4" Battito="3" />
      <TEMPO Inizio="634.864" Bpm="120.00" Metro="4/4" Battito="4" />
      <TEMPO Inizio="635.363" Bpm="120.00" Metro="4/4" Battito="1" />
      <TEMPO Inizio="635.864" Bpm="120.00" Metro="4/4" Battito="2" />
      <TEMPO Inizio="636.363" Bpm="120.00" Metro="4/4" Battito="3" />
      <TEMPO Inizio="636.864" Bpm="120.00" Metro="4/4" Battito="4" />
      <TEMPO Inizio="637.363" Bpm="120.00" Metro="4/4" Battito="1" />
      <TEMPO Inizio="637.864" Bpm="120.00" Metro="4/4" Battito="2" />
      <TEMPO Inizio="638.363" Bpm="120.00" Metro="4/4" Battito="3" />
      <TEMPO Inizio="638.864" Bpm="120.00" Metro="4/4" Battito="4" />
      <TEMPO Inizio="639.363" Bpm="120.00" Metro="4/4" Battito="1" />
    </TRACK>
    <TRACK TrackID="75753562" Name="Deepending Shadows" Artist="Markus Masuhr" Composer="" Album="The Dub Theory &quot;Chapter Nine&quot;" Grouping="" Genre="House/Deep/Tech/Dubby" Kind="AIFF File" Size="107985872" TotalTime="611" DiscNumber="0" TrackNumber="6" Year="2023" AverageBpm="120.00" DateAdded="2023-07-12" BitRate="1411" SampleRate="44100" Comments="2A - 6" PlayCount="0" Rating="0" Location="file://localhost/Users/zachvp/Music/DJ/Markus%20Masuhr%20-%20The%20Dub%20Theory%20-Chapter%20Nine-%20-%2006%20Deepending%20Shadows.aiff" Remixer="" Tonality="2A" Label="" Mix="">
      <TEMPO Inizio="0.088" Bpm="120.00" Metro="4/4" Battito="1" />
      <TEMPO Inizio="152.589" Bpm="120.00" Metro="4/4" Battito="2" />
      <TEMPO Inizio="153.088" Bpm="120.00" Metro="4/4" Battito="3" />
      <TEMPO Inizio="153.589" Bpm="120.00" Metro="4/4" Battito="4" />
      <TEMPO Inizio="154.088" Bpm="120.00" Metro="4/4" Battito="1" />
      <TEMPO Inizio="154.589" Bpm="120.00" Metro="4/4" Battito="2" />
      <TEMPO Inizio="155.088" Bpm="120.00" Metro="4/4" Battito="3" />
      <TEMPO Inizio="155.589" Bpm="120.00" Metro="4/4" Battito="4" />
      <TEMPO Inizio="156.088" Bpm="120.00" Metro="4/4" Battito="1" />
      <TEMPO Inizio="156.589" Bpm="120.00" Metro="4/4" Battito="2" />
      <TEMPO Inizio="157.088" Bpm="120.00" Metro="4/4" Battito="3" />
      <TEMPO Inizio="157.589" Bpm="120.00" Metro="4/4" Battito="4" />
      <TEMPO Inizio="158.088" Bpm="120.00" Metro="4/4" Battito="1" />
      <TEMPO Inizio="158.589" Bpm="120.00" Metro="4/4" Battito="2" />
      <TEMPO Inizio="159.088" Bpm="120.00" Metro="4/4" Battito="3" />
      <TEMPO Inizio="159.589" Bpm="120.00" Metro="4/4" Battito="4" />
      <TEMPO Inizio="160.088" Bpm="120.00" Metro="4/4" Battito="1" />
      <TEMPO Inizio="160.589" Bpm="120.00" Metro="4/4" Battito="2" />
      <TEMPO Inizio="161.088" Bpm="120.00" Metro="4/4" Battito="3" />
      <TEMPO Inizio="161.589" Bpm="120.00" Metro="4/4" Battito="4" />
      <TEMPO Inizio="162.088" Bpm="120.00" Metro="4/4" Battito="1" />
      <TEMPO Inizio="162.589" Bpm="120.00" Metro="4/4" Battito="2" />
      <TEMPO Inizio="163.088" Bpm="120.00" Metro="4/4" Battito="3" />
      <TEMPO Inizio="163.589" Bpm="120.00" Metro="4/4" Battito="4" />
      <TEMPO Inizio="164.088" Bpm="120.00" Metro="4/4" Battito="1" />
      <TEMPO Inizio="164.589" Bpm="120.00" Metro="4/4" Battito="2" />
      <TEMPO Inizio="165.088" Bpm="120.00" Metro="4/4" Battito="3" />
      <TEMPO Inizio="165.589" Bpm="120.00" Metro="4/4" Battito="4" />
      <TEMPO Inizio="166.088" Bpm="120.00" Metro="4/4" Battito="1" />
      <TEMPO Inizio="166.589" Bpm="120.00" Metro="4/4" Battito="2" />
      <TEMPO Inizio="485.590" Bpm="120.00" Metro="4/4" Battito="4" />
      <TEMPO Inizio="486.089" Bpm="120.00" Metro="4/4" Battito="1" />
      <TEMPO Inizio="486.590" Bpm="120.00" Metro="4/4" Battito="2" />
      <TEMPO Inizio="487.089" Bpm="120.00" Metro="4/4" Battito="3" />
      <TEMPO Inizio="487.590" Bpm="120.00" Metro="4/4" Battito="4" />
      <TEMPO Inizio="488.089" Bpm="120.00" Metro="4/4" Battito="1" />
      <TEMPO Inizio="488.590" Bpm="120.00" Metro="4/4" Battito="2" />
      <TEMPO Inizio="489.089" Bpm="120.00" Metro="4/4" Battito="3" />
      <TEMPO Inizio="489.590" Bpm="120.00" Metro="4/4" Battito="4" />
      <TEMPO Inizio="490.089" Bpm="120.00" Metro="4/4" Battito="1" />
      <TEMPO Inizio="490.590" Bpm="120.00" Metro="4/4" Battito="2" />
      <TEMPO Inizio="491.089" Bpm="120.00" Metro="4/4" Battito="3" />
      <TEMPO Inizio="491.590" Bpm="120.00" Metro="4/4" Battito="4" />
      <TEMPO Inizio="492.089" Bpm="120.00" Metro="4/4" Battito="1" />
      <TEMPO Inizio="492.590" Bpm="120.00" Metro="4/4" Battito="2" />
      <TEMPO Inizio="493.089" Bpm="120.00" Metro="4/4" Battito="3" />
      <TEMPO Inizio="493.590" Bpm="120.00" Metro="4/4" Battito="4" />
      <TEMPO Inizio="494.089" Bpm="120.00" Metro="4/4" Battito="1" />
      <TEMPO Inizio="494.590" Bpm="120.00" Metro="4/4" Battito="2" />
      <TEMPO Inizio="495.089" Bpm="120.00" Metro="4/4" Battito="3" />
      <TEMPO Inizio="495.590" Bpm="120.00" Metro="4/4" Battito="4" />
      <TEMPO Inizio="496.089" Bpm="120.00" Metro="4/4" Battito="1" />
      <TEMPO Inizio="496.590" Bpm="120.00" Metro="4/4" Battito="2" />
      <TEMPO Inizio="497.089" Bpm="120.00" Metro="4/4" Battito="3" />
      <TEMPO Inizio="497.590" Bpm="120.00" Metro="4/4" Battito="4" />
      <TEMPO Inizio="498.089" Bpm="120.00" Metro="4/4" Battito="1" />
      <TEMPO Inizio="498.590" Bpm="120.00" Metro="4/4" Battito="2" />
      <TEMPO Inizio="499.089" Bpm="120.00" Metro="4/4" Battito="3" />
      <TEMPO Inizio="499.590" Bpm="120.00" Metro="4/4" Battito="4" />
      <TEMPO Inizio="500.089" Bpm="120.00" Metro="4/4" Battito="1" />
      <TEMPO Inizio="500.590" Bpm="120.00" Metro="4/4" Battito="2" />
    </TRACK>
    <TRACK TrackID="20648692" Name="Echoes Of The Canyons" Artist="Markus Masuhr" Composer="" Album="The Dub Theory &quot;Chapter Nine&quot;" Grouping="" Genre="House/Deep/Tech/Dubby" Kind="AIFF File" Size="132007862" TotalTime="457" DiscNumber="0" TrackNumber="7" Year="2023" AverageBpm="120.00" DateAdded="2023-07-12" BitRate="2304" SampleRate="48000" Comments="11A - 6" PlayCount="0" Rating="0" Location="file://localhost/Users/zachvp/Music/DJ/Markus%20Masuhr%20-%20The%20Dub%20Theory%20-Chapter%20Nine-%20-%2007%20Echoes%20Of%20The%20Canyons.aiff" Remixer="" Tonality="11A" Label="" Mix="">
      <TEMPO Inizio="0.333" Bpm="120.00" Metro="4/4" Battito="3" />
    </TRACK>
    <TRACK TrackID="196278808" Name="Snowboys Special" Artist="Snowboy and the Latin Section" Composer="" Album="Communication" Grouping="" Genre="Lounge/" Kind="AIFF File" Size="52609284" TotalTime="297" DiscNumber="0" TrackNumber="1" Year="2008" AverageBpm="114.72" DateAdded="2023-07-12" BitRate="1411" SampleRate="44100" Comments="9B - 6" PlayCount="2" Rating="0" Location="file://localhost/Users/zachvp/Music/DJ/Snowboy%20and%20the%20Latin%20Section%20-%20Snowboys%20Special.aiff" Remixer="" Tonality="9B" Label="" Mix="">
      <TEMPO Inizio="0.402" Bpm="114.72" Metro="4/4" Battito="1" />
      <TEMPO Inizio="5.110" Bpm="114.72" Metro="4/4" Battito="2" />
      <TEMPO Inizio="21.847" Bpm="114.72" Metro="4/4" Battito="2" />
      <TEMPO Inizio="39.630" Bpm="114.72" Metro="4/4" Battito="4" />
      <TEMPO Inizio="56.367" Bpm="114.72" Metro="4/4" Battito="4" />
      <TEMPO Inizio="74.150" Bpm="114.72" Metro="4/4" Battito="2" />
      <TEMPO Inizio="90.887" Bpm="114.72" Metro="4/4" Battito="2" />
      <TEMPO Inizio="108.670" Bpm="114.72" Metro="4/4" Battito="4" />
      <TEMPO Inizio="125.407" Bpm="114.72" Metro="4/4" Battito="4" />
      <TEMPO Inizio="143.713" Bpm="114.72" Metro="4/4" Battito="3" />
      <TEMPO Inizio="159.927" Bpm="114.72" Metro="4/4" Battito="2" />
      <TEMPO Inizio="178.233" Bpm="114.72" Metro="4/4" Battito="1" />
      <TEMPO Inizio="194.447" Bpm="114.72" Metro="4/4" Battito="4" />
      <TEMPO Inizio="212.753" Bpm="114.72" Metro="4/4" Battito="3" />
      <TEMPO Inizio="229.490" Bpm="114.72" Metro="4/4" Battito="3" />
      <TEMPO Inizio="247.273" Bpm="114.72" Metro="4/4" Battito="1" />
      <TEMPO Inizio="264.010" Bpm="114.72" Metro="4/4" Battito="1" />
      <TEMPO Inizio="281.793" Bpm="114.72" Metro="4/4" Battito="3" />
    </TRACK>
    <TRACK TrackID="142338295" Name="Poverty's Paradise" Artist="24-Carat Black" Composer="" Album="Ghetto: Misfortune's Wealth" Grouping="" Genre="Lounge/" Kind="AIFF File" Size="879089040" TotalTime="763" DiscNumber="0" TrackNumber="2" Year="1973" AverageBpm="138.19" DateAdded="2023-08-13" BitRate="9216" SampleRate="192000" Comments="8A - 4" PlayCount="2" Rating="0" Location="file://localhost/Users/zachvp/Music/DJ/24-Carat%20Black%20-%20Poverty%27s%20Paradise.aiff" Remixer="" Tonality="8A" Label="" Mix="">
      <TEMPO Inizio="0.324" Bpm="138.20" Metro="4/4" Battito="2" />
      <TEMPO Inizio="0.759" Bpm="138.20" Metro="4/4" Battito="3" />
      <TEMPO Inizio="71.525" Bpm="138.20" Metro="4/4" Battito="2" />
      <TEMPO Inizio="142.291" Bpm="138.20" Metro="4/4" Battito="1" />
      <TEMPO Inizio="221.740" Bpm="138.20" Metro="4/4" Battito="4" />
      <TEMPO Inizio="292.506" Bpm="138.20" Metro="4/4" Battito="3" />
      <TEMPO Inizio="363.272" Bpm="138.20" Metro="4/4" Battito="2" />
      <TEMPO Inizio="442.721" Bpm="138.20" Metro="4/4" Battito="1" />
      <TEMPO Inizio="513.487" Bpm="138.20" Metro="4/4" Battito="4" />
      <TEMPO Inizio="584.253" Bpm="138.20" Metro="4/4" Battito="3" />
      <TEMPO Inizio="663.702" Bpm="138.20" Metro="4/4" Battito="2" />
      <TEMPO Inizio="734.468" Bpm="138.20" Metro="4/4" Battito="1" />
    </TRACK>
    <TRACK TrackID="175585571" Name="Creeper" Artist="Echo B" Composer="" Album="Nightworks Vol 1 | VA" Grouping="" Genre="House/Deep/Tech/" Kind="AIFF File" Size="145968988" TotalTime="506" DiscNumber="0" TrackNumber="3" Year="2023" AverageBpm="127.00" DateAdded="2023-08-13" BitRate="2304" SampleRate="48000" Comments="9A - 6" PlayCount="1" Rating="0" Location="file://localhost/Users/zachvp/Music/DJ/Echo%20B%20-%20Creeper.aiff" Remixer="" Tonality="9A" Label="" Mix="">
      <TEMPO Inizio="0.002" Bpm="127.00" Metro="4/4" Battito="1" />
      <TEMPO Inizio="223.938" Bpm="127.00" Metro="4/4" Battito="3" />
    </TRACK>
    <TRACK TrackID="65316936" Name="Motion Of Waves" Artist="Group Du Jour" Composer="" Album="Motion Of Waves" Grouping="" Genre="House/Deep/Tech/Jazzy" Kind="AIFF File" Size="82023596" TotalTime="464" DiscNumber="0" TrackNumber="1" Year="2023" AverageBpm="118.08" DateAdded="2023-08-13" BitRate="1411" SampleRate="44100" Comments="8A - 5" PlayCount="2" Rating="0" Location="file://localhost/Users/zachvp/Music/DJ/Group%20Du%20Jour%20-%20Motion%20Of%20Waves.aiff" Remixer="" Tonality="8A" Label="" Mix="">
      <TEMPO Inizio="0.173" Bpm="118.08" Metro="4/4" Battito="2" />
      <TEMPO Inizio="1.190" Bpm="118.08" Metro="4/4" Battito="4" />
      <TEMPO Inizio="290.315" Bpm="118.08" Metro="4/4" Battito="1" />
      <POSITION_MARK Name="" Type="0" Start="7.216" Num="-1" />
    </TRACK>
    <TRACK TrackID="23437087" Name="4 インビジブル・タッチ" Artist="haircuts for men" Composer="" Album="DELUXE '70 V4" Grouping="" Genre="Lounge/" Kind="AIFF File" Size="47768198" TotalTime="269" DiscNumber="0" TrackNumber="4" Year="2023" AverageBpm="97.00" DateAdded="2023-08-13" BitRate="1411" SampleRate="44100" Comments="7A - 5" PlayCount="2" Rating="0" Location="file://localhost/Users/zachvp/Music/DJ/haircuts%20for%20men%20-%204%20%e3%82%a4%e3%83%b3%e3%83%93%e3%82%b8%e3%83%96%e3%83%ab%e3%83%bb%e3%82%bf%e3%83%83%e3%83%81.aiff" Remixer="" Tonality="7A" Label="" Mix="">
      <TEMPO Inizio="0.502" Bpm="97.00" Metro="4/4" Battito="1" />
    </TRACK>
    <TRACK TrackID="155774417" Name="Special Assistance" Artist="Michaelis" Composer="" Album="Special Assistance" Grouping="" Genre="House/Deep/Tech/" Kind="AIFF File" Size="86180270" TotalTime="486" DiscNumber="0" TrackNumber="1" Year="2023" AverageBpm="124.00" DateAdded="2023-08-13" BitRate="1411" SampleRate="44100" Comments="2A - 5" PlayCount="3" Rating="0" Location="file://localhost/Users/zachvp/Music/DJ/Michaelis%20-%20Special%20Assistance.aiff" Remixer="" Tonality="2A" Label="" Mix="">
      <TEMPO Inizio="0.038" Bpm="124.00" Metro="4/4" Battito="3" />
      <POSITION_MARK Name="" Type="0" Start="1.012" Num="-1" />
    </TRACK>
    <TRACK TrackID="222305498" Name="Turnout" Artist="Pistaccio" Composer="" Album="Nightworks Vol 1 | VA" Grouping="" Genre="House/Deep/Tech/" Kind="AIFF File" Size="83617378" TotalTime="289" DiscNumber="0" TrackNumber="1" Year="2023" AverageBpm="126.00" DateAdded="2023-08-13" BitRate="2304" SampleRate="48000" Comments="6A - 6" PlayCount="1" Rating="0" Location="file://localhost/Users/zachvp/Music/DJ/Pistaccio%20-%20Turnout.aiff" Remixer="" Tonality="6A" Label="" Mix="">
      <TEMPO Inizio="0.003" Bpm="126.00" Metro="4/4" Battito="1" />
    </TRACK>
    <TRACK TrackID="209142567" Name="Making Me High" Artist="Midnight Riot" Composer="" Album="Groovemasta - Making Me High" Grouping="" Genre="House/Tech/Indie/Disco" Kind="AIFF File" Size="116537554" TotalTime="439" DiscNumber="0" TrackNumber="1" Year="2023" AverageBpm="120.00" DateAdded="2023-08-13" BitRate="2116" SampleRate="44100" Comments="10A - 7" PlayCount="5" Rating="0" Location="file://localhost/Users/zachvp/Music/DJ/Midnight%20Riot%20-%20Making%20Me%20High.aiff" Remixer="" Tonality="10A" Label="" Mix="">
      <TEMPO Inizio="0.001" Bpm="120.00" Metro="4/4" Battito="1" />
      <POSITION_MARK Name="" Type="0" Start="32.001" Num="-1" />
      <POSITION_MARK Name="" Type="0" Start="216.007" Num="-1" />
      <POSITION_MARK Name="" Type="0" Start="247.998" Num="-1" />
      <POSITION_MARK Name="" Type="0" Start="327.987" Num="-1" />
      <POSITION_MARK Name="" Type="0" Start="343.990" Num="-1" />
      <POSITION_MARK Name="" Type="0" Start="360.002" Num="-1" />
    </TRACK>
    <TRACK TrackID="33903968" Name="Synergy" Artist="Sully, Coco Bryce, Dwarde &amp; Tim Reaper" Composer="" Album="Synergy" Grouping="" Genre="House/Tech/Breaks" Kind="AIFF File" Size="55353294" TotalTime="312" DiscNumber="0" TrackNumber="1" Year="2023" AverageBpm="84.00" DateAdded="2023-08-13" BitRate="1411" SampleRate="44100" Comments="9A - 6" PlayCount="1" Rating="0" Location="file://localhost/Users/zachvp/Music/DJ/Sully,%20Coco%20Bryce,%20Dwarde%20%26%20Tim%20Reaper%20-%20Synergy.aiff" Remixer="" Tonality="9A" Label="" Mix="">
      <TEMPO Inizio="0.010" Bpm="84.00" Metro="4/4" Battito="1" />
      <TEMPO Inizio="0.725" Bpm="84.00" Metro="4/4" Battito="2" />
      <TEMPO Inizio="114.297" Bpm="84.00" Metro="4/4" Battito="1" />
      <TEMPO Inizio="262.869" Bpm="84.00" Metro="4/4" Battito="1" />
    </TRACK>
    <TRACK TrackID="137164894" Name="system shock - gov + corp (voice)" Artist="system shock" Composer="" Album="" Grouping="" Genre="Samples" Kind="MP3 File" Size="135389" TotalTime="5" DiscNumber="0" TrackNumber="0" Year="0" AverageBpm="0.00" DateAdded="2023-08-13" BitRate="192" SampleRate="44100" Comments="1A - 4" PlayCount="6" Rating="0" Location="file://localhost/Users/zachvp/Music/DJ/system%20shock%20-%20gov%20+%20corp_vocals_split_by_lalalai.mp3" Remixer="" Tonality="1A" Label="" Mix="">
      <POSITION_MARK Name="" Type="0" Start="0.588" Num="-1" />
      <POSITION_MARK Name="" Type="0" Start="0.588" Num="0" Red="40" Green="226" Blue="20" />
      <POSITION_MARK Name="" Type="0" Start="3.487" Num="2" Red="40" Green="226" Blue="20" />
      <POSITION_MARK Name="" Type="0" Start="1.654" Num="1" Red="40" Green="226" Blue="20" />
      <POSITION_MARK Name="" Type="0" Start="4.522" Num="3" Red="40" Green="226" Blue="20" />
    </TRACK>
    <TRACK TrackID="75900993" Name="Ramona" Artist="Fort Romeau" Composer="" Album="Ramona" Grouping="" Genre="House/Deep/Tech/" Kind="AIFF File" Size="74837248" TotalTime="423" DiscNumber="0" TrackNumber="1" Year="2021" AverageBpm="125.00" DateAdded="2023-09-29" BitRate="1411" SampleRate="44100" Comments="11A - 5" PlayCount="0" Rating="0" Location="file://localhost/Users/zachvp/Music/DJ/Fort%20Romeau%20-%20Ramona.aiff" Remixer="" Tonality="11A" Label="" Mix="">
      <TEMPO Inizio="0.203" Bpm="125.00" Metro="4/4" Battito="1" />
    </TRACK>
    <TRACK TrackID="128927096" Name="Just Give Me Time" Artist="Maara" Composer="" Album="The Ancient Truth" Grouping="" Genre="House/Deep/Tech/Breaks" Kind="AIFF File" Size="50741582" TotalTime="286" DiscNumber="0" TrackNumber="7" Year="2023" AverageBpm="168.00" DateAdded="2023-09-29" BitRate="1411" SampleRate="44100" Comments="11A - 5" PlayCount="3" Rating="0" Location="file://localhost/Users/zachvp/Music/DJ/07-Maara_-_Just_Give_Me_Time.aif" Remixer="" Tonality="11A" Label="Step Ball Chain" Mix="">
      <TEMPO Inizio="0.001" Bpm="168.00" Metro="4/4" Battito="1" />
      <TEMPO Inizio="0.716" Bpm="168.00" Metro="4/4" Battito="3" />
    </TRACK>
    <TRACK TrackID="224164794" Name="Element X (Priori Remix)" Artist="Adam Pits" Composer="" Album="Element X" Grouping="" Genre="House/Deep/Tech/Breaks" Kind="AIFF File" Size="108623618" TotalTime="410" DiscNumber="0" TrackNumber="5" Year="2021" AverageBpm="132.00" DateAdded="2023-09-29" BitRate="2116" SampleRate="44100" Comments="11A - 4" PlayCount="1" Rating="0" Location="file://localhost/Users/zachvp/Music/DJ/Adam%20Pits%20-%20Element%20X%20(Priori%20Remix).aiff" Remixer="" Tonality="11A" Label="" Mix="">
      <TEMPO Inizio="0.242" Bpm="132.00" Metro="4/4" Battito="1" />
    </TRACK>
    <TRACK TrackID="125604515" Name="Saudade" Artist="Ana Frango Elétrico" Composer="" Album="Hidden Waters: Strange and Sublime Sounds of Rio de Janeiro" Grouping="" Genre="Lounge/" Kind="AIFF File" Size="39449452" TotalTime="222" DiscNumber="0" TrackNumber="1" Year="2023" AverageBpm="175.42" DateAdded="2023-09-29" BitRate="1411" SampleRate="44100" Comments="1B - 4" PlayCount="3" Rating="0" Location="file://localhost/Users/zachvp/Music/DJ/Ana%20Frango%20El%c3%a9trico%20-%20Saudade.aiff" Remixer="" Tonality="1B" Label="" Mix="">
      <TEMPO Inizio="0.125" Bpm="175.42" Metro="4/4" Battito="4" />
      <TEMPO Inizio="104.103" Bpm="175.42" Metro="4/4" Battito="4" />
      <TEMPO Inizio="124.966" Bpm="175.42" Metro="4/4" Battito="1" />
      <TEMPO Inizio="125.309" Bpm="175.42" Metro="4/4" Battito="2" />
      <TEMPO Inizio="135.569" Bpm="175.42" Metro="4/4" Battito="4" />
      <TEMPO Inizio="136.254" Bpm="175.42" Metro="4/4" Battito="2" />
      <TEMPO Inizio="146.514" Bpm="175.42" Metro="4/4" Battito="4" />
      <TEMPO Inizio="146.857" Bpm="175.42" Metro="4/4" Battito="1" />
    </TRACK>
    <TRACK TrackID="216322755" Name="Detronic" Artist="Paradox" Composer="" Album="Breakbeater / Detronic" Grouping="" Genre="House/Deep/Tech/Breaks" Kind="AIFF File" Size="81355554" TotalTime="460" DiscNumber="0" TrackNumber="2" Year="2023" AverageBpm="117.96" DateAdded="2023-09-29" BitRate="1411" SampleRate="44100" Comments="12A - 6" PlayCount="2" Rating="0" Location="file://localhost/Users/zachvp/Music/DJ/Paradox%20-%20Detronic.aiff" Remixer="" Tonality="12A" Label="" Mix="">
      <TEMPO Inizio="0.067" Bpm="117.96" Metro="4/4" Battito="1" />
    </TRACK>
    <TRACK TrackID="145448230" Name="Gateway To Gaia" Artist="Bas Dobbelaer &amp; Vand" Composer="" Album="Laren" Grouping="" Genre="House/Deep/Tech/Dubby" Kind="AIFF File" Size="106214288" TotalTime="400" DiscNumber="0" TrackNumber="2" Year="2019" AverageBpm="125.00" DateAdded="2023-09-29" BitRate="1411" SampleRate="44100" Comments="5A - 5" PlayCount="1" Rating="0" Location="file://localhost/Users/zachvp/Music/DJ/Bas%20Dobbelaer%20%26%20Vand%20-%20Gateway%20To%20Gaia.aiff" Remixer="" Tonality="5A" Label="" Mix="">
      <TEMPO Inizio="0.011" Bpm="125.00" Metro="4/4" Battito="1" />
    </TRACK>
    <TRACK TrackID="262787071" Name="Trust The Keys (Original Mix)" Artist="Beat Soul" Composer="" Album="Trust The Keys" Grouping="" Genre="House/Deep/Tech/Jazzy" Kind="AIFF File" Size="118306794" TotalTime="446" DiscNumber="0" TrackNumber="1" Year="2020" AverageBpm="116.00" DateAdded="2023-09-29" BitRate="2116" SampleRate="44100" Comments="4A - 5" PlayCount="3" Rating="0" Location="file://localhost/Users/zachvp/Music/DJ/Beat%20Soul%20-%20Trust%20The%20Keys%20(Original%20Mix).aiff" Remixer="" Tonality="4A" Label="" Mix="">
      <TEMPO Inizio="0.516" Bpm="116.00" Metro="4/4" Battito="2" />
      <TEMPO Inizio="1.034" Bpm="116.00" Metro="4/4" Battito="3" />
    </TRACK>
    <TRACK TrackID="208776912" Name="Enter The Lovely" Artist="Bluetech" Composer="" Album="Sines And Singularities" Grouping="" Genre="House/Deep/Tech/Dubby" Kind="AIFF File" Size="94383204" TotalTime="490" DiscNumber="0" TrackNumber="1" Year="2005" AverageBpm="120.00" DateAdded="2023-09-29" BitRate="1536" SampleRate="48000" Comments="9A - 5" PlayCount="2" Rating="0" Location="file://localhost/Users/zachvp/Music/DJ/Bluetech%20-%20Enter%20The%20Lovely.aiff" Remixer="" Tonality="9A" Label="" Mix="">
      <TEMPO Inizio="0.033" Bpm="120.00" Metro="4/4" Battito="1" />
      <TEMPO Inizio="159.534" Bpm="120.00" Metro="4/4" Battito="4" />
    </TRACK>
    <TRACK TrackID="156507590" Name="Attenuator (Moritz von Oswald Dub)" Artist="Carl Craig &amp; Moritz von Oswald" Composer="" Album="Attenuator" Grouping="" Genre="House/Deep/Tech/Jazzy" Kind="AIFF File" Size="74089496" TotalTime="419" DiscNumber="0" TrackNumber="2" Year="2020" AverageBpm="127.00" DateAdded="2023-09-29" BitRate="1411" SampleRate="44100" Comments="4A - 7" PlayCount="2" Rating="0" Location="file://localhost/Users/zachvp/Music/DJ/Carl%20Craig%20%26%20Moritz%20von%20Oswald%20-%20Attenuator%20(Moritz%20von%20Oswald%20Dub).aiff" Remixer="" Tonality="4A" Label="" Mix="">
      <TEMPO Inizio="0.090" Bpm="127.00" Metro="4/4" Battito="1" />
      <POSITION_MARK Name="" Type="0" Start="37.859" Num="-1" />
      <POSITION_MARK Name="" Type="0" Start="87.041" Num="-1" />
    </TRACK>
    <TRACK TrackID="101589848" Name="Thankingtheearth LIVE (featuring Nate Mercereau and Josh Johnson)" Artist="Carlos Niño &amp; Friends" Composer="" Album="Thankingtheearth LIVE" Grouping="" Genre="Lounge/Ambient" Kind="AIFF File" Size="115363026" TotalTime="400" DiscNumber="0" TrackNumber="1" Year="2023" AverageBpm="126.06" DateAdded="2023-09-29" BitRate="2304" SampleRate="48000" Comments="1A - 3" PlayCount="2" Rating="0" Location="file://localhost/Users/zachvp/Music/DJ/Carlos%20Ni%c3%b1o%20%26%20Friends%20-%20Thankingtheearth%20LIVE%20-%2001%20Thankingtheearth%20LIVE%20(featuring%20Nate%20Mercereau%20and%20Josh%20Johnson).aiff" Remixer="" Tonality="1A" Label="" Mix="">
      <TEMPO Inizio="0.431" Bpm="126.06" Metro="4/4" Battito="4" />
    </TRACK>
    <TRACK TrackID="174641696" Name="Scooby Dub (Original Mix)" Artist="Coyu" Composer="" Album="Losdosmil EP" Grouping="" Genre="House/Techno/" Kind="AIFF File" Size="65903884" TotalTime="372" DiscNumber="0" TrackNumber="4" Year="2021" AverageBpm="138.00" DateAdded="2023-09-29" BitRate="1411" SampleRate="44100" Comments="8A - 7" PlayCount="0" Rating="0" Location="file://localhost/Users/zachvp/Music/DJ/Coyu%20-%20Scooby%20Dub%20(Original%20Mix).aiff" Remixer="" Tonality="8A" Label="" Mix="">
      <TEMPO Inizio="0.005" Bpm="138.00" Metro="4/4" Battito="1" />
    </TRACK>
    <TRACK TrackID="73795798" Name="Obsessed (Extended Mix)" Artist="Dunmore Brothers" Composer="" Album="" Grouping="" Genre="House/Tech/Groove" Kind="AIFF File" Size="76211192" TotalTime="430" DiscNumber="0" TrackNumber="0" Year="2021" AverageBpm="125.00" DateAdded="2023-09-29" BitRate="1411" SampleRate="44100" Comments="4A - 6" PlayCount="2" Rating="0" Location="file://localhost/Users/zachvp/Music/DJ/Dunmore%20Brothers%20-%20Obsessed%20(Extended%20Mix).aiff" Remixer="" Tonality="4A" Label="" Mix="">
      <TEMPO Inizio="0.256" Bpm="125.00" Metro="4/4" Battito="1" />
      <TEMPO Inizio="219.617" Bpm="125.00" Metro="4/4" Battito="2" />
      <POSITION_MARK Name="" Type="0" Start="30.983" Num="-1" />
    </TRACK>
    <TRACK TrackID="22268738" Name="Peace &amp; Tranquility" Artist="E00" Composer="" Album="E00 - Peace &amp; Tranquility" Grouping="" Genre="House/Deep/Tech/Spacey" Kind="AIFF File" Size="138464208" TotalTime="523" DiscNumber="0" TrackNumber="1" Year="2020" AverageBpm="126.00" DateAdded="2023-09-29" BitRate="2116" SampleRate="44100" Comments="11A - 6" PlayCount="0" Rating="0" Location="file://localhost/Users/zachvp/Music/DJ/E00%20-%20E00%20-%20Peace%20%26%20Tranquility%20-%2001%20Peace%20%26%20Tranquility.aiff" Remixer="" Tonality="11A" Label="" Mix="">
      <TEMPO Inizio="0.067" Bpm="126.00" Metro="4/4" Battito="1" />
      <TEMPO Inizio="6.258" Bpm="126.00" Metro="4/4" Battito="2" />
      <TEMPO Inizio="322.449" Bpm="126.00" Metro="4/4" Battito="2" />
    </TRACK>
    <TRACK TrackID="28487550" Name="Flexible Ground" Artist="E00" Composer="" Album="E00 - Peace &amp; Tranquility" Grouping="" Genre="Lounge/" Kind="AIFF File" Size="92466400" TotalTime="349" DiscNumber="0" TrackNumber="2" Year="2020" AverageBpm="98.00" DateAdded="2023-09-29" BitRate="2116" SampleRate="44100" Comments="7A - 6" PlayCount="1" Rating="0" Location="file://localhost/Users/zachvp/Music/DJ/E00%20-%20E00%20-%20Peace%20%26%20Tranquility%20-%2002%20Flexible%20Ground.aiff" Remixer="" Tonality="7A" Label="" Mix="">
      <TEMPO Inizio="0.035" Bpm="98.00" Metro="4/4" Battito="1" />
      <TEMPO Inizio="227.789" Bpm="98.00" Metro="4/4" Battito="1" />
    </TRACK>
    <TRACK TrackID="23315198" Name="Biosphere" Artist="E00" Composer="" Album="E00 - Peace &amp; Tranquility" Grouping="" Genre="House/Deep/Tech/Spacey" Kind="AIFF File" Size="129881938" TotalTime="490" DiscNumber="0" TrackNumber="3" Year="2020" AverageBpm="130.00" DateAdded="2023-09-29" BitRate="2116" SampleRate="44100" Comments="9A - 5" PlayCount="0" Rating="0" Location="file://localhost/Users/zachvp/Music/DJ/E00%20-%20E00%20-%20Peace%20%26%20Tranquility%20-%2003%20Biosphere.aiff" Remixer="" Tonality="9A" Label="" Mix="">
      <TEMPO Inizio="0.001" Bpm="130.00" Metro="4/4" Battito="1" />
    </TRACK>
    <TRACK TrackID="91945939" Name="Girl I Got You" Artist="Elisa Elisa" Composer="" Album="Girl I Got You" Grouping="" Genre="House/Tech/Acid" Kind="AIFF File" Size="94390102" TotalTime="356" DiscNumber="0" TrackNumber="1" Year="2023" AverageBpm="124.00" DateAdded="2023-09-29" BitRate="2116" SampleRate="44100" Comments="4A - 6" PlayCount="0" Rating="0" Location="file://localhost/Users/zachvp/Music/DJ/Elisa%20Elisa%20-%20Girl%20I%20Got%20You%20-%2001%20Girl%20I%20Got%20You.aiff" Remixer="" Tonality="4A" Label="" Mix="">
      <TEMPO Inizio="0.053" Bpm="124.00" Metro="4/4" Battito="1" />
    </TRACK>
    <TRACK TrackID="63841643" Name="Bassline In My Mind" Artist="Elisa Elisa" Composer="" Album="Girl I Got You" Grouping="" Genre="House/Tech/Acid" Kind="AIFF File" Size="87453164" TotalTime="330" DiscNumber="0" TrackNumber="2" Year="2023" AverageBpm="128.00" DateAdded="2023-09-29" BitRate="2116" SampleRate="44100" Comments="9A - 6" PlayCount="4" Rating="0" Location="file://localhost/Users/zachvp/Music/DJ/Elisa%20Elisa%20-%20Girl%20I%20Got%20You%20-%2002%20Bassline%20In%20My%20Mind.aiff" Remixer="" Tonality="9A" Label="" Mix="">
      <TEMPO Inizio="0.067" Bpm="128.00" Metro="4/4" Battito="1" />
      <POSITION_MARK Name="" Type="0" Start="0.056" Num="-1" />
      <POSITION_MARK Name="" Type="0" Start="270.060" Num="-1" />
      <POSITION_MARK Name="" Type="0" Start="240.068" Num="-1" />
    </TRACK>
    <TRACK TrackID="188512917" Name="Every Man Has Your Voice" Artist="Fort Romeau" Composer="" Album="" Grouping="" Genre="House/Deep/Tech/" Kind="AIFF File" Size="96798808" TotalTime="548" DiscNumber="0" TrackNumber="0" Year="2022" AverageBpm="123.00" DateAdded="2023-09-29" BitRate="1411" SampleRate="44100" Comments="9A - 5" PlayCount="6" Rating="0" Location="file://localhost/Users/zachvp/Music/DJ/Fort%20Romeau%20-%20Every%20Man%20Has%20Your%20Voice.aiff" Remixer="" Tonality="9A" Label="" Mix="">
      <TEMPO Inizio="0.200" Bpm="123.00" Metro="4/4" Battito="1" />
      <POSITION_MARK Name="" Type="0" Start="0.175" Num="-1" />
    </TRACK>
    <TRACK TrackID="195758750" Name="The Perfect Triangle (1985 version)" Artist="Group Du Jour" Composer="" Album="Official Bootleg #2" Grouping="" Genre="Lounge/Ambient" Kind="AIFF File" Size="75798984" TotalTime="429" DiscNumber="0" TrackNumber="1" Year="2017" AverageBpm="111.65" DateAdded="2023-09-29" BitRate="1411" SampleRate="44100" Comments="8A - 4" PlayCount="1" Rating="0" Location="file://localhost/Users/zachvp/Music/DJ/Group%20Du%20Jour%20-%20The%20Perfect%20Triangle%20(1985%20version).aiff" Remixer="" Tonality="8A" Label="" Mix="">
      <TEMPO Inizio="0.069" Bpm="111.65" Metro="4/4" Battito="1" />
      <TEMPO Inizio="0.607" Bpm="111.65" Metro="4/4" Battito="2" />
      <TEMPO Inizio="28.552" Bpm="111.65" Metro="4/4" Battito="2" />
      <TEMPO Inizio="41.450" Bpm="111.65" Metro="4/4" Battito="2" />
      <TEMPO Inizio="69.395" Bpm="111.65" Metro="4/4" Battito="2" />
      <TEMPO Inizio="93.041" Bpm="111.65" Metro="4/4" Battito="2" />
      <TEMPO Inizio="120.986" Bpm="111.65" Metro="4/4" Battito="2" />
      <TEMPO Inizio="147.319" Bpm="111.65" Metro="4/4" Battito="3" />
      <TEMPO Inizio="175.264" Bpm="111.65" Metro="4/4" Battito="3" />
      <TEMPO Inizio="198.910" Bpm="111.65" Metro="4/4" Battito="3" />
      <TEMPO Inizio="226.855" Bpm="111.65" Metro="4/4" Battito="3" />
      <TEMPO Inizio="245.127" Bpm="111.65" Metro="4/4" Battito="1" />
      <TEMPO Inizio="273.072" Bpm="111.65" Metro="4/4" Battito="1" />
      <TEMPO Inizio="299.405" Bpm="111.65" Metro="4/4" Battito="2" />
      <TEMPO Inizio="327.350" Bpm="111.65" Metro="4/4" Battito="2" />
      <TEMPO Inizio="350.996" Bpm="111.65" Metro="4/4" Battito="2" />
      <TEMPO Inizio="378.941" Bpm="111.65" Metro="4/4" Battito="2" />
      <TEMPO Inizio="402.587" Bpm="111.65" Metro="4/4" Battito="2" />
    </TRACK>
    <TRACK TrackID="49247520" Name="Over The Rain" Artist="Julian Perez" Composer="" Album="Cocoon Compilation N" Grouping="" Genre="House/Deep/Tech/Dubby" Kind="AIFF File" Size="121721400" TotalTime="459" DiscNumber="0" TrackNumber="2" Year="2014" AverageBpm="124.00" DateAdded="2023-09-29" BitRate="1411" SampleRate="44100" Comments="6A - 5" PlayCount="0" Rating="0" Location="file://localhost/Users/zachvp/Music/DJ/Julian%20Perez%20-%20Over%20The%20Rain.aiff" Remixer="" Tonality="6A" Label="" Mix="">
      <TEMPO Inizio="0.061" Bpm="124.00" Metro="4/4" Battito="3" />
    </TRACK>
    <TRACK TrackID="111746267" Name="All For You" Artist="Nick Holder" Composer="" Album="The Jump Off Ep" Grouping="" Genre="House/Deep/Tech/Jazzy" Kind="AIFF File" Size="69498268" TotalTime="393" DiscNumber="0" TrackNumber="3" Year="2023" AverageBpm="122.02" DateAdded="2023-09-29" BitRate="1411" SampleRate="44100" Comments="4A - 6" PlayCount="1" Rating="0" Location="file://localhost/Users/zachvp/Music/DJ/Nick%20Holder%20-%20All%20For%20You.aiff" Remixer="" Tonality="4A" Label="" Mix="">
      <TEMPO Inizio="0.272" Bpm="122.02" Metro="4/4" Battito="1" />
    </TRACK>
    <TRACK TrackID="183946952" Name="Lovin' You (Rework)" Artist="Nick Holder" Composer="" Album="" Grouping="" Genre="Lounge/" Kind="AIFF File" Size="56688414" TotalTime="320" DiscNumber="0" TrackNumber="0" Year="2023" AverageBpm="109.00" DateAdded="2023-09-29" BitRate="1411" SampleRate="44100" Comments="12A - 5" PlayCount="6" Rating="0" Location="file://localhost/Users/zachvp/Music/DJ/Nick%20Holder%20-%20Lovin%27%20You%20(Rework).aiff" Remixer="" Tonality="12A" Label="" Mix="">
      <TEMPO Inizio="0.054" Bpm="109.00" Metro="4/4" Battito="1" />
      <TEMPO Inizio="0.605" Bpm="109.00" Metro="4/4" Battito="2" />
      <TEMPO Inizio="46.292" Bpm="109.00" Metro="4/4" Battito="1" />
      <TEMPO Inizio="98.034" Bpm="109.00" Metro="4/4" Battito="3" />
      <TEMPO Inizio="150.877" Bpm="109.00" Metro="4/4" Battito="3" />
      <TEMPO Inizio="202.619" Bpm="109.00" Metro="4/4" Battito="1" />
      <TEMPO Inizio="254.361" Bpm="109.00" Metro="4/4" Battito="3" />
      <TEMPO Inizio="307.204" Bpm="109.00" Metro="4/4" Battito="3" />
    </TRACK>
    <TRACK TrackID="131637159" Name="Field of View" Artist="LAKEFKT" Composer="" Album="OHM Series # 9" Grouping="" Genre="House/Deep/Tech/Spacey" Kind="AIFF File" Size="118071950" TotalTime="445" DiscNumber="0" TrackNumber="5" Year="2023" AverageBpm="125.00" DateAdded="2023-09-29" BitRate="2116" SampleRate="44100" Comments="7A - 4" PlayCount="2" Rating="0" Location="file://localhost/Users/zachvp/Music/DJ/OHM%20Series%20-%20LAKEFKT%20-%20Field%20of%20View.aiff" Remixer="" Tonality="7A" Label="" Mix="">
      <TEMPO Inizio="0.001" Bpm="125.00" Metro="4/4" Battito="1" />
      <TEMPO Inizio="55.202" Bpm="125.00" Metro="4/4" Battito="4" />
      <TEMPO Inizio="296.163" Bpm="125.00" Metro="4/4" Battito="2" />
      <POSITION_MARK Name="" Type="0" Start="0.009" Num="-1" />
    </TRACK>
    <TRACK TrackID="37000837" Name="Ooh Say It Again" Artist="Star Slinger" Composer="" Album="" Grouping="" Genre="House/Tech/Indie/Disco" Kind="AIFF File" Size="31324724" TotalTime="176" DiscNumber="0" TrackNumber="0" Year="2023" AverageBpm="120.88" DateAdded="2023-09-29" BitRate="1411" SampleRate="44100" Comments="11A - 7" PlayCount="2" Rating="0" Location="file://localhost/Users/zachvp/Music/DJ/Star%20Slinger%20-%20Ooh%20Say%20It%20Again.aiff" Remixer="" Tonality="11A" Label="" Mix="">
      <TEMPO Inizio="0.020" Bpm="120.88" Metro="4/4" Battito="1" />
      <TEMPO Inizio="2.006" Bpm="120.88" Metro="4/4" Battito="1" />
      <TEMPO Inizio="85.395" Bpm="120.88" Metro="4/4" Battito="1" />
      <POSITION_MARK Name="" Type="0" Start="15.884" Num="-1" />
    </TRACK>
    <TRACK TrackID="254805289" Name="Downlink - Arrival (Remastered)" Artist="Steve O'Sullivan" Composer="" Album="Steve O'Sullivan - Mosaic Reshaped &amp; Unreleased" Grouping="" Genre="House/Deep/Tech/Breaks" Kind="AIFF File" Size="101217454" TotalTime="382" DiscNumber="0" TrackNumber="7" Year="2020" AverageBpm="131.53" DateAdded="2023-09-29" BitRate="2116" SampleRate="44100" Comments="1A - 4" PlayCount="1" Rating="0" Location="file://localhost/Users/zachvp/Music/DJ/Steve%20O%27Sullivan%20-%20Downlink%20-%20Arrival%20(Remastered).aiff" Remixer="" Tonality="1A" Label="" Mix="">
      <TEMPO Inizio="0.212" Bpm="131.53" Metro="4/4" Battito="1" />
      <TEMPO Inizio="29.862" Bpm="131.53" Metro="4/4" Battito="2" />
      <TEMPO Inizio="59.512" Bpm="131.53" Metro="4/4" Battito="3" />
      <TEMPO Inizio="91.899" Bpm="131.53" Metro="4/4" Battito="2" />
      <TEMPO Inizio="121.549" Bpm="131.53" Metro="4/4" Battito="3" />
      <TEMPO Inizio="151.199" Bpm="131.53" Metro="4/4" Battito="4" />
      <TEMPO Inizio="183.586" Bpm="131.53" Metro="4/4" Battito="3" />
      <TEMPO Inizio="213.236" Bpm="131.53" Metro="4/4" Battito="4" />
      <TEMPO Inizio="245.623" Bpm="131.53" Metro="4/4" Battito="3" />
      <TEMPO Inizio="275.273" Bpm="131.53" Metro="4/4" Battito="4" />
      <TEMPO Inizio="307.660" Bpm="131.53" Metro="4/4" Battito="3" />
      <TEMPO Inizio="337.310" Bpm="131.53" Metro="4/4" Battito="4" />
      <TEMPO Inizio="366.960" Bpm="131.53" Metro="4/4" Battito="1" />
    </TRACK>
    <TRACK TrackID="61643413" Name="Discodrums" Artist="Talaboman" Composer="" Album="TAB01 Discodrums / Flash Forward" Grouping="" Genre="House/Deep/Tech/Spacey" Kind="AIFF File" Size="118024550" TotalTime="668" DiscNumber="0" TrackNumber="1" Year="2019" AverageBpm="112.00" DateAdded="2023-09-29" BitRate="1411" SampleRate="44100" Comments="3A - 5" PlayCount="0" Rating="0" Location="file://localhost/Users/zachvp/Music/DJ/Talaboman%20-%20Discodrums.aiff" Remixer="" Tonality="3A" Label="" Mix="">
      <TEMPO Inizio="0.201" Bpm="112.00" Metro="4/4" Battito="1" />
    </TRACK>
    <TRACK TrackID="145626276" Name="W5" Artist="Tripmastaz" Composer="" Album="DOUBLE DOWN EP" Grouping="" Genre="House/Tech/Groove" Kind="AIFF File" Size="87517350" TotalTime="495" DiscNumber="0" TrackNumber="4" Year="2020" AverageBpm="124.00" DateAdded="2023-09-29" BitRate="1411" SampleRate="44100" Comments="6A - 5" PlayCount="4" Rating="0" Location="file://localhost/Users/zachvp/Music/DJ/Tripmastaz%20-%20W5.aiff" Remixer="" Tonality="6A" Label="" Mix="">
      <TEMPO Inizio="0.196" Bpm="124.00" Metro="4/4" Battito="1" />
      <POSITION_MARK Name="" Type="0" Start="124.084" Num="-1" />
    </TRACK>
    <TRACK TrackID="5399450" Name="Untitled A" Artist="Unknown Artist" Composer="" Album="HOSTOM003" Grouping="" Genre="House/Deep/Tech/" Kind="AIFF File" Size="98241202" TotalTime="556" DiscNumber="0" TrackNumber="1" Year="2020" AverageBpm="125.00" DateAdded="2023-09-29" BitRate="1411" SampleRate="44100" Comments="1A - 5" PlayCount="13" Rating="0" Location="file://localhost/Users/zachvp/Music/DJ/Unknown%20Artist%20-%20Untitled%20A.aiff" Remixer="" Tonality="1A" Label="" Mix="">
      <TEMPO Inizio="0.002" Bpm="125.00" Metro="4/4" Battito="1" />
      <TEMPO Inizio="253.441" Bpm="125.00" Metro="4/4" Battito="1" />
      <TEMPO Inizio="538.560" Bpm="125.00" Metro="4/4" Battito="3" />
    </TRACK>
    <TRACK TrackID="124114739" Name="Love Is The Answer" Artist="AFRICANISM/LIQUID PEOPLE" Composer="" Album="Love Is The Answer" Grouping="" Genre="House/Tech/Groove" Kind="AIFF File" Size="105385448" TotalTime="596" DiscNumber="0" TrackNumber="1" Year="2022" AverageBpm="126.00" DateAdded="2023-09-29" BitRate="1411" SampleRate="44100" Comments="1A - 7" PlayCount="6" Rating="0" Location="file://localhost/Users/zachvp/Music/DJ/01-Africanism_Liquid_People_-_Love_Is_The_Answer.aif" Remixer="" Tonality="1A" Label="Yellow Productions France" Mix="">
      <TEMPO Inizio="0.020" Bpm="126.00" Metro="4/4" Battito="1" />
      <TEMPO Inizio="107.638" Bpm="126.00" Metro="4/4" Battito="3" />
      <TEMPO Inizio="245.256" Bpm="126.00" Metro="4/4" Battito="4" />
      <TEMPO Inizio="380.493" Bpm="126.00" Metro="4/4" Battito="4" />
      <TEMPO Inizio="515.730" Bpm="126.00" Metro="4/4" Battito="4" />
      <POSITION_MARK Name="" Type="0" Start="106.686" Num="-1" />
    </TRACK>
    <TRACK TrackID="46076899" Name="I Keep Forgettin' (Every Time You're Near)" Artist="Michael McDonald" Composer="" Album="If That's What It Takes" Grouping="" Genre="Lounge/" Kind="AIFF File" Size="39336442" TotalTime="222" DiscNumber="0" TrackNumber="2" Year="2010" AverageBpm="95.24" DateAdded="2023-09-29" BitRate="1411" SampleRate="44100" Comments="9A - 4" PlayCount="2" Rating="0" Location="file://localhost/Users/zachvp/Music/DJ/02-Michael_McDonald_-_I_Keep_Forgettin%27_(Every_Time_You%27re_Near).aif" Remixer="" Tonality="9A" Label="Reprise" Mix="">
      <TEMPO Inizio="0.573" Bpm="95.24" Metro="4/4" Battito="1" />
      <TEMPO Inizio="49.713" Bpm="95.24" Metro="4/4" Battito="3" />
      <TEMPO Inizio="132.872" Bpm="95.24" Metro="4/4" Battito="3" />
      <TEMPO Inizio="216.031" Bpm="95.24" Metro="4/4" Battito="3" />
    </TRACK>
    <TRACK TrackID="83348602" Name="Moody" Artist="ESG" Composer="" Album="The Moody EP" Grouping="" Genre="Lounge/" Kind="AIFF File" Size="30060696" TotalTime="169" DiscNumber="0" TrackNumber="3" Year="2023" AverageBpm="122.90" DateAdded="2023-09-29" BitRate="1411" SampleRate="44100" Comments="1A - 7" PlayCount="4" Rating="0" Location="file://localhost/Users/zachvp/Music/DJ/03-ESG_-_Moody.aif" Remixer="" Tonality="1A" Label="Fire" Mix="">
      <TEMPO Inizio="0.399" Bpm="122.90" Metro="4/4" Battito="4" />
      <POSITION_MARK Name="" Type="0" Start="0.379" Num="-1" />
    </TRACK>
    <TRACK TrackID="240145845" Name="Different Morals (Clockwork remix)" Artist=":uca C, Brigante, Ali Love" Composer="Luca Cazal, Sebastiano Properzi" Album="Different Morals" Grouping="" Genre="House/Deep/Tech/" Kind="AIFF File" Size="70891660" TotalTime="401" DiscNumber="0" TrackNumber="3" Year="2011" AverageBpm="118.00" DateAdded="2023-09-29" BitRate="1411" SampleRate="44100" Comments="7A - 5" PlayCount="7" Rating="0" Location="file://localhost/Users/zachvp/Music/DJ/03-Luca_C_Brigante_Ali_Love_-_Different_Morals_(Clockwork_remix).aif" Remixer="" Tonality="7A" Label="Believe SAS" Mix="">
      <TEMPO Inizio="0.014" Bpm="118.00" Metro="4/4" Battito="3" />
      <TEMPO Inizio="0.523" Bpm="118.00" Metro="4/4" Battito="4" />
      <TEMPO Inizio="190.693" Bpm="118.00" Metro="4/4" Battito="2" />
      <POSITION_MARK Name="" Type="0" Start="1.027" Num="-1" />
      <POSITION_MARK Name="" Type="0" Start="65.103" Num="-1" />
    </TRACK>
    <TRACK TrackID="181019676" Name="Sunday Gathering (Dyed Soundorom remix)" Artist="Terence Terry &amp; Hanfry Martinez" Composer="Hanfry Martinez, Terence :Terry:" Album="Distraction Way EP" Grouping="" Genre="House/Deep/Tech/" Kind="AIFF File" Size="75520776" TotalTime="427" DiscNumber="0" TrackNumber="3" Year="2012" AverageBpm="123.00" DateAdded="2023-09-29" BitRate="1411" SampleRate="44100" Comments="10A - 6" PlayCount="7" Rating="0" Location="file://localhost/Users/zachvp/Music/DJ/03-Terence_Terry___Hanfry_Martinez_-_Sunday_Gathering_(Dyed_Soundorom_remix).aif" Remixer="" Tonality="10A" Label="La Vie En Rose France" Mix="">
      <TEMPO Inizio="0.332" Bpm="123.00" Metro="4/4" Battito="1" />
      <POSITION_MARK Name="" Type="4" Start="312.560" End="328.170" Num="-1" />
      <POSITION_MARK Name="" Type="0" Start="0.323" Num="-1" />
    </TRACK>
    <TRACK TrackID="29587103" Name="Cohesion" Artist="Minutemen" Composer="" Album="Double Nickels On The Dime" Grouping="" Genre="Lounge/Acoustic" Kind="MP3 File" Size="4815383" TotalTime="117" DiscNumber="1" TrackNumber="4" Year="2006" AverageBpm="98.88" DateAdded="2023-09-29" BitRate="320" SampleRate="44100" Comments="9A - 2" PlayCount="1" Rating="0" Location="file://localhost/Users/zachvp/Music/DJ/Minutemen%20-%2004.%20Cohesion.mp3" Remixer="" Tonality="9A" Label="" Mix="">
      <TEMPO Inizio="0.324" Bpm="98.88" Metro="4/4" Battito="4" />
    </TRACK>
    <TRACK TrackID="206434785" Name="Hattiesburg Hustle" Artist="Warren Haynes" Composer="" Album="Live At The Moody Theater" Grouping="" Genre="Lounge/Rock" Kind="AIFF File" Size="73081248" TotalTime="413" DiscNumber="0" TrackNumber="8" Year="2012" AverageBpm="118.18" DateAdded="2023-09-29" BitRate="1411" SampleRate="44100" Comments="11B - 4" PlayCount="0" Rating="0" Location="file://localhost/Users/zachvp/Music/DJ/Warren%20Haynes%20-%20Hattiesburg%20Hustle%202.aiff" Remixer="" Tonality="11B" Label="" Mix="">
      <TEMPO Inizio="0.239" Bpm="118.18" Metro="4/4" Battito="1" />
    </TRACK>
    <TRACK TrackID="134841213" Name="DARE (Soulwax Remix)" Artist="Gorillaz" Composer="" Album="D-Sides" Grouping="" Genre="House/Tech/Indie/" Kind="AIFF File" Size="61377464" TotalTime="342" DiscNumber="1" TrackNumber="17" Year="2016" AverageBpm="127.00" DateAdded="2023-10-08" BitRate="1411" SampleRate="44100" Comments="6A - 6" PlayCount="0" Rating="0" Location="file://localhost/Users/zachvp/Music/DJ/17%20-%20DARE%20(Soulwax%20Remix).aiff" Remixer="" Tonality="6A" Label="" Mix="">
      <TEMPO Inizio="0.108" Bpm="127.00" Metro="4/4" Battito="1" />
      <TEMPO Inizio="60.107" Bpm="127.00" Metro="4/4" Battito="4" />
      <TEMPO Inizio="131.917" Bpm="127.00" Metro="4/4" Battito="4" />
      <TEMPO Inizio="211.286" Bpm="127.00" Metro="4/4" Battito="4" />
      <TEMPO Inizio="294.907" Bpm="127.00" Metro="4/4" Battito="1" />
    </TRACK>
    <TRACK TrackID="124621195" Name="Hot City Bass" Artist="DJ Haus" Composer="" Album="Hot City Bass" Grouping="" Genre="House/Tech/Breaks" Kind="AIFF File" Size="53446614" TotalTime="299" DiscNumber="0" TrackNumber="1" Year="0" AverageBpm="127.00" DateAdded="2023-10-08" BitRate="1411" SampleRate="44100" Comments="3A - 8" PlayCount="2" Rating="0" Location="file://localhost/Users/zachvp/Music/DJ/DJ%20Haus%20-%20Hot%20City%20Bass.aiff" Remixer="" Tonality="3A" Label="" Mix="">
      <TEMPO Inizio="0.329" Bpm="127.00" Metro="4/4" Battito="1" />
      <TEMPO Inizio="132.139" Bpm="127.00" Metro="4/4" Battito="4" />
      <TEMPO Inizio="259.697" Bpm="127.00" Metro="4/4" Battito="2" />
      <POSITION_MARK Name="" Type="0" Start="60.810" Num="-1" />
      <POSITION_MARK Name="" Type="0" Start="200.664" Num="-1" />
      <POSITION_MARK Name="" Type="0" Start="223.317" Num="-1" />
    </TRACK>
    <TRACK TrackID="33941951" Name="Roads" Artist="Martin Buttrich" Composer="" Album="Desolat X-Sampler Blue" Grouping="" Genre="House/Deep/Tech/" Kind="AIFF File" Size="75548506" TotalTime="425" DiscNumber="0" TrackNumber="1" Year="0" AverageBpm="123.00" DateAdded="2023-10-08" BitRate="1411" SampleRate="44100" Comments="11A - 6" PlayCount="8" Rating="0" Location="file://localhost/Users/zachvp/Music/DJ/Martin%20Buttrich%20-%20Roads.aiff" Remixer="" Tonality="11A" Label="" Mix="">
      <TEMPO Inizio="0.263" Bpm="123.00" Metro="4/4" Battito="1" />
      <POSITION_MARK Name="" Type="0" Start="15.869" Num="-1" />
      <POSITION_MARK Name="" Type="0" Start="0.255" Num="-1" />
      <POSITION_MARK Name="" Type="0" Start="93.929" Num="-1" />
    </TRACK>
    <TRACK TrackID="114591453" Name="Resort Annexia" Artist="Redeye" Composer="" Album="A6A11" Grouping="" Genre="House/Deep/Tech/Spacey" Kind="AIFF File" Size="94154802" TotalTime="532" DiscNumber="0" TrackNumber="1" Year="0" AverageBpm="123.85" DateAdded="2023-10-08" BitRate="1411" SampleRate="44100" Comments="5A - 6" PlayCount="1" Rating="0" Location="file://localhost/Users/zachvp/Music/DJ/Redeye%20-%20Resort%20Annexia.aiff" Remixer="" Tonality="5A" Label="" Mix="">
      <TEMPO Inizio="0.321" Bpm="123.85" Metro="4/4" Battito="3" />
      <TEMPO Inizio="0.806" Bpm="123.85" Metro="4/4" Battito="4" />
      <TEMPO Inizio="23.090" Bpm="123.85" Metro="4/4" Battito="2" />
      <TEMPO Inizio="56.032" Bpm="123.85" Metro="4/4" Battito="2" />
      <TEMPO Inizio="83.645" Bpm="123.85" Metro="4/4" Battito="3" />
      <TEMPO Inizio="111.258" Bpm="123.85" Metro="4/4" Battito="4" />
      <TEMPO Inizio="144.200" Bpm="123.85" Metro="4/4" Battito="4" />
      <TEMPO Inizio="171.813" Bpm="123.85" Metro="4/4" Battito="1" />
      <TEMPO Inizio="199.426" Bpm="123.85" Metro="4/4" Battito="2" />
      <TEMPO Inizio="231.399" Bpm="123.85" Metro="4/4" Battito="4" />
      <TEMPO Inizio="259.012" Bpm="123.85" Metro="4/4" Battito="1" />
      <TEMPO Inizio="291.954" Bpm="123.85" Metro="4/4" Battito="1" />
      <TEMPO Inizio="319.567" Bpm="123.85" Metro="4/4" Battito="2" />
      <TEMPO Inizio="347.180" Bpm="123.85" Metro="4/4" Battito="3" />
      <TEMPO Inizio="379.153" Bpm="123.85" Metro="4/4" Battito="1" />
      <TEMPO Inizio="406.766" Bpm="123.85" Metro="4/4" Battito="2" />
      <TEMPO Inizio="438.739" Bpm="123.85" Metro="4/4" Battito="4" />
      <TEMPO Inizio="471.681" Bpm="123.85" Metro="4/4" Battito="4" />
      <TEMPO Inizio="499.294" Bpm="123.85" Metro="4/4" Battito="1" />
      <TEMPO Inizio="526.907" Bpm="123.85" Metro="4/4" Battito="2" />
      <POSITION_MARK Name="" Type="0" Start="1.282" Num="-1" />
    </TRACK>
    <TRACK TrackID="45872241" Name="Endless Abyss" Artist="Markus Masuhr" Composer="" Album="The Dub Theory &quot;Chapter Nine&quot;" Grouping="" Genre="House/Deep/Tech/Dubby" Kind="AIFF File" Size="84131022" TotalTime="474" DiscNumber="0" TrackNumber="8" Year="0" AverageBpm="120.00" DateAdded="2023-10-08" BitRate="1411" SampleRate="44100" Comments="1A - 6" PlayCount="0" Rating="0" Location="file://localhost/Users/zachvp/Music/DJ/Markus%20Masuhr%20-%20The%20Dub%20Theory%20-Chapter%20Nine-%20-%2008%20Endless%20Abyss.aiff" Remixer="" Tonality="1A" Label="" Mix="">
      <TEMPO Inizio="0.266" Bpm="120.00" Metro="4/4" Battito="3" />
      <TEMPO Inizio="40.267" Bpm="120.00" Metro="4/4" Battito="3" />
      <TEMPO Inizio="40.766" Bpm="120.00" Metro="4/4" Battito="4" />
      <TEMPO Inizio="41.267" Bpm="120.00" Metro="4/4" Battito="1" />
      <TEMPO Inizio="41.766" Bpm="120.00" Metro="4/4" Battito="2" />
      <TEMPO Inizio="42.267" Bpm="120.00" Metro="4/4" Battito="3" />
      <TEMPO Inizio="42.766" Bpm="120.00" Metro="4/4" Battito="4" />
      <TEMPO Inizio="43.267" Bpm="120.00" Metro="4/4" Battito="1" />
      <TEMPO Inizio="43.766" Bpm="120.00" Metro="4/4" Battito="2" />
      <TEMPO Inizio="44.267" Bpm="120.00" Metro="4/4" Battito="3" />
      <TEMPO Inizio="44.766" Bpm="120.00" Metro="4/4" Battito="4" />
      <TEMPO Inizio="45.267" Bpm="120.00" Metro="4/4" Battito="1" />
      <TEMPO Inizio="45.766" Bpm="120.00" Metro="4/4" Battito="2" />
      <TEMPO Inizio="46.267" Bpm="120.00" Metro="4/4" Battito="3" />
      <TEMPO Inizio="46.766" Bpm="120.00" Metro="4/4" Battito="4" />
      <TEMPO Inizio="47.267" Bpm="120.00" Metro="4/4" Battito="1" />
      <TEMPO Inizio="47.766" Bpm="120.00" Metro="4/4" Battito="2" />
      <TEMPO Inizio="48.267" Bpm="120.00" Metro="4/4" Battito="3" />
      <TEMPO Inizio="48.766" Bpm="120.00" Metro="4/4" Battito="4" />
      <TEMPO Inizio="49.267" Bpm="120.00" Metro="4/4" Battito="1" />
      <TEMPO Inizio="49.766" Bpm="120.00" Metro="4/4" Battito="2" />
      <TEMPO Inizio="50.267" Bpm="120.00" Metro="4/4" Battito="3" />
      <TEMPO Inizio="50.766" Bpm="120.00" Metro="4/4" Battito="4" />
      <TEMPO Inizio="51.267" Bpm="120.00" Metro="4/4" Battito="1" />
      <TEMPO Inizio="51.766" Bpm="120.00" Metro="4/4" Battito="2" />
      <TEMPO Inizio="52.267" Bpm="120.00" Metro="4/4" Battito="3" />
      <TEMPO Inizio="52.766" Bpm="120.00" Metro="4/4" Battito="4" />
      <TEMPO Inizio="53.267" Bpm="120.00" Metro="4/4" Battito="1" />
      <TEMPO Inizio="53.766" Bpm="120.00" Metro="4/4" Battito="2" />
      <TEMPO Inizio="54.267" Bpm="120.00" Metro="4/4" Battito="3" />
      <TEMPO Inizio="54.766" Bpm="120.00" Metro="4/4" Battito="4" />
      <TEMPO Inizio="55.267" Bpm="120.00" Metro="4/4" Battito="1" />
      <TEMPO Inizio="55.766" Bpm="120.00" Metro="4/4" Battito="2" />
      <TEMPO Inizio="56.267" Bpm="120.00" Metro="4/4" Battito="3" />
      <TEMPO Inizio="56.766" Bpm="120.00" Metro="4/4" Battito="4" />
      <TEMPO Inizio="57.267" Bpm="120.00" Metro="4/4" Battito="1" />
      <TEMPO Inizio="57.766" Bpm="120.00" Metro="4/4" Battito="2" />
      <TEMPO Inizio="58.267" Bpm="120.00" Metro="4/4" Battito="3" />
      <TEMPO Inizio="58.766" Bpm="120.00" Metro="4/4" Battito="4" />
      <TEMPO Inizio="59.267" Bpm="120.00" Metro="4/4" Battito="1" />
      <TEMPO Inizio="59.766" Bpm="120.00" Metro="4/4" Battito="2" />
      <TEMPO Inizio="60.267" Bpm="120.00" Metro="4/4" Battito="3" />
      <TEMPO Inizio="60.766" Bpm="120.00" Metro="4/4" Battito="4" />
      <TEMPO Inizio="61.267" Bpm="120.00" Metro="4/4" Battito="1" />
      <TEMPO Inizio="61.766" Bpm="120.00" Metro="4/4" Battito="2" />
      <TEMPO Inizio="62.267" Bpm="120.00" Metro="4/4" Battito="3" />
      <TEMPO Inizio="62.766" Bpm="120.00" Metro="4/4" Battito="4" />
      <TEMPO Inizio="63.267" Bpm="120.00" Metro="4/4" Battito="1" />
      <TEMPO Inizio="63.766" Bpm="120.00" Metro="4/4" Battito="2" />
      <TEMPO Inizio="64.267" Bpm="120.00" Metro="4/4" Battito="3" />
      <TEMPO Inizio="64.766" Bpm="120.00" Metro="4/4" Battito="4" />
      <TEMPO Inizio="65.267" Bpm="120.00" Metro="4/4" Battito="1" />
      <TEMPO Inizio="65.766" Bpm="120.00" Metro="4/4" Battito="2" />
      <TEMPO Inizio="66.267" Bpm="120.00" Metro="4/4" Battito="3" />
      <TEMPO Inizio="66.766" Bpm="120.00" Metro="4/4" Battito="4" />
      <TEMPO Inizio="67.267" Bpm="120.00" Metro="4/4" Battito="1" />
      <TEMPO Inizio="67.766" Bpm="120.00" Metro="4/4" Battito="2" />
      <TEMPO Inizio="68.267" Bpm="120.00" Metro="4/4" Battito="3" />
      <TEMPO Inizio="68.766" Bpm="120.00" Metro="4/4" Battito="4" />
      <TEMPO Inizio="69.267" Bpm="120.00" Metro="4/4" Battito="1" />
      <TEMPO Inizio="69.766" Bpm="120.00" Metro="4/4" Battito="2" />
      <TEMPO Inizio="70.267" Bpm="120.00" Metro="4/4" Battito="3" />
      <TEMPO Inizio="70.766" Bpm="120.00" Metro="4/4" Battito="4" />
      <TEMPO Inizio="71.267" Bpm="120.00" Metro="4/4" Battito="1" />
      <TEMPO Inizio="71.766" Bpm="120.00" Metro="4/4" Battito="2" />
      <TEMPO Inizio="72.267" Bpm="120.00" Metro="4/4" Battito="3" />
      <TEMPO Inizio="72.766" Bpm="120.00" Metro="4/4" Battito="4" />
      <TEMPO Inizio="73.267" Bpm="120.00" Metro="4/4" Battito="1" />
      <TEMPO Inizio="73.766" Bpm="120.00" Metro="4/4" Battito="2" />
      <TEMPO Inizio="74.267" Bpm="120.00" Metro="4/4" Battito="3" />
      <TEMPO Inizio="74.766" Bpm="120.00" Metro="4/4" Battito="4" />
      <TEMPO Inizio="75.267" Bpm="120.00" Metro="4/4" Battito="1" />
      <TEMPO Inizio="75.766" Bpm="120.00" Metro="4/4" Battito="2" />
      <TEMPO Inizio="76.267" Bpm="120.00" Metro="4/4" Battito="3" />
      <TEMPO Inizio="76.766" Bpm="120.00" Metro="4/4" Battito="4" />
      <TEMPO Inizio="77.267" Bpm="120.00" Metro="4/4" Battito="1" />
      <TEMPO Inizio="77.766" Bpm="120.00" Metro="4/4" Battito="2" />
      <TEMPO Inizio="78.267" Bpm="120.00" Metro="4/4" Battito="3" />
      <TEMPO Inizio="78.766" Bpm="120.00" Metro="4/4" Battito="4" />
      <TEMPO Inizio="79.267" Bpm="120.00" Metro="4/4" Battito="1" />
      <TEMPO Inizio="79.766" Bpm="120.00" Metro="4/4" Battito="2" />
      <TEMPO Inizio="80.267" Bpm="120.00" Metro="4/4" Battito="3" />
    </TRACK>
    <TRACK TrackID="45615714" Name="Any Further (Original Mix)" Artist="Beat Soul" Composer="" Album="Chasing Stars ep" Grouping="" Genre="House/Deep/Tech/Jazzy" Kind="AIFF File" Size="84104486" TotalTime="434" DiscNumber="0" TrackNumber="5" Year="0" AverageBpm="116.00" DateAdded="2023-10-08" BitRate="1536" SampleRate="48000" Comments="8A - 5" PlayCount="0" Rating="0" Location="file://localhost/Users/zachvp/Music/DJ/Beat%20Soul%20-%20Any%20Further%20(Original%20Mix).aiff" Remixer="" Tonality="8A" Label="" Mix="">
      <TEMPO Inizio="0.002" Bpm="116.00" Metro="4/4" Battito="1" />
      <TEMPO Inizio="1.037" Bpm="116.00" Metro="4/4" Battito="3" />
    </TRACK>
    <TRACK TrackID="10586260" Name="Parade" Artist="E00" Composer="" Album="E00 - Peace &amp; Tranquility" Grouping="" Genre="House/Deep/Tech/Breaks" Kind="AIFF File" Size="73744506" TotalTime="416" DiscNumber="0" TrackNumber="4" Year="0" AverageBpm="134.00" DateAdded="2023-10-08" BitRate="1411" SampleRate="44100" Comments="2A - 6" PlayCount="0" Rating="0" Location="file://localhost/Users/zachvp/Music/DJ/E00%20-%20E00%20-%20Peace%20%26%20Tranquility%20-%2004%20Parade.aiff" Remixer="" Tonality="2A" Label="" Mix="">
      <TEMPO Inizio="0.108" Bpm="134.00" Metro="4/4" Battito="1" />
    </TRACK>
    <TRACK TrackID="139122997" Name="Not Alone" Artist="Nick Holder" Composer="" Album="Back in the day Vol.2" Grouping="" Genre="House/Deep/Tech/Jazzy" Kind="AIFF File" Size="75802516" TotalTime="426" DiscNumber="0" TrackNumber="1" Year="0" AverageBpm="120.02" DateAdded="2023-10-08" BitRate="1411" SampleRate="44100" Comments="10A - 5" PlayCount="0" Rating="0" Location="file://localhost/Users/zachvp/Music/DJ/Nick%20Holder%20-%20Not%20Alone.aiff" Remixer="" Tonality="10A" Label="" Mix="">
      <TEMPO Inizio="0.017" Bpm="120.02" Metro="4/4" Battito="3" />
    </TRACK>
    <TRACK TrackID="259974521" Name="True Love Is My Destiny" Artist="James Wells" Composer="" Album="Disco 54 - The AVI Collection" Grouping="" Genre="House/Tech/Indie/Disco" Kind="MP3 File" Size="19571948" TotalTime="465" DiscNumber="1" TrackNumber="6" Year="1998" AverageBpm="122.91" DateAdded="2023-10-08" BitRate="320" SampleRate="44100" Comments="3A - 6" PlayCount="2" Rating="0" Location="file://localhost/Users/zachvp/Music/DJ/Various%20Artists%20-%2006.%20True%20Love%20Is%20My%20Destiny.mp3" Remixer="" Tonality="3A" Label="" Mix="">
      <TEMPO Inizio="0.343" Bpm="122.91" Metro="4/4" Battito="3" />
      <TEMPO Inizio="1.808" Bpm="122.91" Metro="4/4" Battito="2" />
      <TEMPO Inizio="29.144" Bpm="122.91" Metro="4/4" Battito="2" />
      <TEMPO Inizio="56.480" Bpm="122.91" Metro="4/4" Battito="2" />
      <TEMPO Inizio="83.816" Bpm="122.91" Metro="4/4" Battito="2" />
      <TEMPO Inizio="111.152" Bpm="122.91" Metro="4/4" Battito="2" />
      <TEMPO Inizio="138.488" Bpm="122.91" Metro="4/4" Battito="2" />
      <TEMPO Inizio="165.824" Bpm="122.91" Metro="4/4" Battito="2" />
      <TEMPO Inizio="193.160" Bpm="122.91" Metro="4/4" Battito="2" />
      <TEMPO Inizio="223.913" Bpm="122.91" Metro="4/4" Battito="1" />
      <TEMPO Inizio="254.666" Bpm="122.91" Metro="4/4" Battito="4" />
      <TEMPO Inizio="285.419" Bpm="122.91" Metro="4/4" Battito="3" />
      <TEMPO Inizio="315.684" Bpm="122.91" Metro="4/4" Battito="1" />
      <TEMPO Inizio="343.020" Bpm="122.91" Metro="4/4" Battito="1" />
      <TEMPO Inizio="370.356" Bpm="122.91" Metro="4/4" Battito="1" />
      <TEMPO Inizio="397.692" Bpm="122.91" Metro="4/4" Battito="1" />
      <TEMPO Inizio="425.028" Bpm="122.91" Metro="4/4" Battito="1" />
      <TEMPO Inizio="452.364" Bpm="122.91" Metro="4/4" Battito="1" />
      <POSITION_MARK Name="" Type="0" Start="1.333" Num="-1" />
      <POSITION_MARK Name="" Type="0" Start="205.154" Num="-1" />
    </TRACK>
    <TRACK TrackID="7686785" Name="Our Love" Artist="Fletch" Composer="" Album="Our Love EP" Grouping="" Genre="House/Tech/Groove" Kind="AIFF File" Size="70106410" TotalTime="396" DiscNumber="0" TrackNumber="1" Year="2023" AverageBpm="127.00" DateAdded="2023-10-08" BitRate="1411" SampleRate="44100" Comments="2A - 5" PlayCount="4" Rating="0" Location="file://localhost/Users/zachvp/Music/DJ/01-Fletch_-_Our_Love.aiff" Remixer="" Tonality="2A" Label="" Mix="">
      <TEMPO Inizio="0.472" Bpm="127.00" Metro="4/4" Battito="2" />
      <POSITION_MARK Name="" Type="0" Start="90.700" Num="-1" />
      <POSITION_MARK Name="" Type="0" Start="256.996" Num="-1" />
      <POSITION_MARK Name="" Type="0" Start="347.714" Num="-1" />
    </TRACK>
    <TRACK TrackID="201717456" Name="Stranger (Glad Eye mix)" Artist="YOUANDEWAN" Composer="" Album="Luna Via" Grouping="" Genre="House/Deep/Tech/Jazzy" Kind="AIFF File" Size="78778074" TotalTime="445" DiscNumber="0" TrackNumber="3" Year="2017" AverageBpm="121.00" DateAdded="2023-10-08" BitRate="1411" SampleRate="44100" Comments="7A - 6" PlayCount="0" Rating="0" Location="file://localhost/Users/zachvp/Music/DJ/03-Youandewan_-_Stranger_(Glad_Eye_mix).aiff" Remixer="" Tonality="7A" Label="" Mix="">
      <TEMPO Inizio="0.022" Bpm="121.00" Metro="4/4" Battito="4" />
    </TRACK>
    <TRACK TrackID="41334148" Name="(Edit) Songs Of Praise + Worship (Part 2)" Artist="Citizenn" Composer="" Album="Songs Of Praise + Worship" Grouping="" Genre="House/Deep/Tech/Jazzy" Kind="AIFF File" Size="76571444" TotalTime="434" DiscNumber="0" TrackNumber="2" Year="2017" AverageBpm="125.00" DateAdded="2023-10-24" BitRate="1411" SampleRate="44100" Comments="8A - 6" PlayCount="3" Rating="0" Location="file://localhost/Users/zachvp/Music/DJ/edit_10136880_Songs_Of_Praise_+_Worship_(Part_2).aiff" Remixer="" Tonality="8A" Label="W&amp;O Street Tracks" Mix="">
      <TEMPO Inizio="0.039" Bpm="125.00" Metro="4/4" Battito="1" />
      <TEMPO Inizio="81.158" Bpm="125.00" Metro="4/4" Battito="2" />
      <TEMPO Inizio="278.917" Bpm="125.00" Metro="4/4" Battito="2" />
      <POSITION_MARK Name="" Type="0" Start="46.115" Num="-1" />
      <POSITION_MARK Name="" Type="0" Start="122.919" Num="-1" />
      <POSITION_MARK Name="" Type="0" Start="253.476" Num="-1" />
      <POSITION_MARK Name="" Type="0" Start="276.525" Num="-1" />
      <POSITION_MARK Name="" Type="0" Start="361.008" Num="-1" />
    </TRACK>
    <TRACK TrackID="97548902" Name="sample_gov+corp" Artist="system shock" Composer="" Album="" Grouping="" Genre="Samples" Kind="AIFF File" Size="975658" TotalTime="5" DiscNumber="0" TrackNumber="0" Year="0" AverageBpm="0.00" DateAdded="2023-10-26" BitRate="1411" SampleRate="44100" Comments="12A - 4" PlayCount="0" Rating="0" Location="file://localhost/Users/zachvp/Music/DJ/sample_system%20shock%20-%20gov%20+%20corp.aiff" Remixer="" Tonality="12A" Label="" Mix="" />
    <TRACK TrackID="117415877" Name="EDIT-Get Up In My Head (Original Mix)" Artist="Tom Budden, Forrest" Composer="" Album="Some Kind Of Friend EP" Grouping="" Genre="House/Tech/Groove" Kind="AIFF File" Size="52516520" TotalTime="297" DiscNumber="0" TrackNumber="1" Year="2013" AverageBpm="124.00" DateAdded="2023-11-13" BitRate="1411" SampleRate="44100" Comments="4A - 6" PlayCount="0" Rating="0" Location="file://localhost/Users/zachvp/Music/DJ/(Edit)%204822311_Get_Up_In_My_Head_(Original_Mix).aiff" Remixer="" Tonality="4A" Label="Alive Recordings" Mix="">
      <TEMPO Inizio="0.007" Bpm="124.00" Metro="4/4" Battito="4" />
    </TRACK>
    <TRACK TrackID="254449617" Name="Tapp" Artist="3OH!3" Composer="" Album="WANT (Deluxe)" Grouping="" Genre="zzz" Kind="AIFF File" Size="16805168" TotalTime="61" DiscNumber="1" TrackNumber="1" Year="2009" AverageBpm="93.78" DateAdded="2022-07-28" BitRate="1411" SampleRate="44100" Comments="6A - 7" PlayCount="0" Rating="0" Location="file://localhost/Users/zachvp/Music/DJ/01%20-%20TAPP.aiff" Remixer="" Tonality="6A" Label="" Mix="" />
    <TRACK TrackID="247924371" Name="Mr. Banker" Artist="Lynyrd Skynyrd" Composer="" Album="Legend" Grouping="" Genre="Lounge/Rock" Kind="MP3 File" Size="12869101" TotalTime="321" DiscNumber="0" TrackNumber="0" Year="0" AverageBpm="157.69" DateAdded="2023-05-28" BitRate="320" SampleRate="44100" Comments="9A - 3" PlayCount="1" Rating="0" Location="file://localhost/Users/zachvp/Music/DJ/_parental%20jams/10%20Mr.%20Banker.mp3" Remixer="" Tonality="9A" Label="" Mix="">
      <TEMPO Inizio="0.146" Bpm="157.69" Metro="4/4" Battito="2" />
      <TEMPO Inizio="42.760" Bpm="157.69" Metro="4/4" Battito="2" />
      <TEMPO Inizio="97.550" Bpm="157.69" Metro="4/4" Battito="2" />
      <TEMPO Inizio="153.101" Bpm="157.69" Metro="4/4" Battito="4" />
      <TEMPO Inizio="209.413" Bpm="157.69" Metro="4/4" Battito="4" />
      <TEMPO Inizio="263.442" Bpm="157.69" Metro="4/4" Battito="2" />
      <TEMPO Inizio="318.232" Bpm="157.69" Metro="4/4" Battito="2" />
    </TRACK>
    <TRACK TrackID="220198174" Name="Don't Stop Feat. Cari Golden (Alan Fitzpatrick Remix)" Artist="Dimitri Nakov, Cari Golden, John Monkman" Composer="" Album="Don't Stop EP" Grouping="" Genre="House/Techno/Sinister" Kind="AIFF File" Size="81172668" TotalTime="459" DiscNumber="0" TrackNumber="2" Year="2014" AverageBpm="126.00" DateAdded="2020-02-29" BitRate="1411" SampleRate="44100" Comments="6A - 5" PlayCount="1" Rating="0" Location="file://localhost/Users/zachvp/Music/DJ/Cari%20Golden,%20Dimitri%20Nakov,%20John%20Monkman%20-%20.aiff" Remixer="Alan Fitzpatrick" Tonality="6A" Label="Suara" Mix="">
      <TEMPO Inizio="0.013" Bpm="126.00" Metro="4/4" Battito="1" />
      <TEMPO Inizio="0.966" Bpm="126.00" Metro="4/4" Battito="3" />
      <TEMPO Inizio="356.203" Bpm="126.00" Metro="4/4" Battito="1" />
    </TRACK>
    <TRACK TrackID="162703097" Name="Virgo (Fur Coat Remix)" Artist="Alex Niggemann" Composer="" Album="Virgo" Grouping="" Genre="House/Techno/Downtempo" Kind="AIFF File" Size="80922754" TotalTime="457" DiscNumber="0" TrackNumber="2" Year="2015" AverageBpm="123.00" DateAdded="2020-02-05" BitRate="1411" SampleRate="44100" Comments="6A - 5" PlayCount="0" Rating="0" Location="file://localhost/Users/zachvp/Music/DJ/Alex%20Niggemann%20-%20Virgo%20(Fur%20Coat%20Remix).aiff" Remixer="Fur Coat" Tonality="6A" Label="Last Night On Earth" Mix="">
      <TEMPO Inizio="0.011" Bpm="123.00" Metro="4/4" Battito="1" />
    </TRACK>
    <TRACK TrackID="215595789" Name="Wish (Original Mix)" Artist="Etai Tarazi" Composer="" Album="District 24" Grouping="" Genre="House/Techno/Downtempo" Kind="AIFF File" Size="68882280" TotalTime="390" DiscNumber="0" TrackNumber="5" Year="2016" AverageBpm="123.00" DateAdded="2020-02-08" BitRate="1411" SampleRate="44100" Comments="4A - 6" PlayCount="3" Rating="0" Location="file://localhost/Users/zachvp/Music/DJ/Etai%20Tarazi%20-%20Wish%20(Original%20Mix).aiff" Remixer="" Tonality="4A" Label="District Audio" Mix="">
      <TEMPO Inizio="0.001" Bpm="123.00" Metro="4/4" Battito="1" />
    </TRACK>
    <TRACK TrackID="17667725" Name="Another Time (Original Mix)" Artist="Aardy" Composer="" Album="Another Time" Grouping="" Genre="House/Techno/Sinister" Kind="AIFF File" Size="65255500" TotalTime="369" DiscNumber="0" TrackNumber="1" Year="2018" AverageBpm="126.00" DateAdded="2020-02-13" BitRate="1411" SampleRate="44100" Comments="3A - 5" PlayCount="1" Rating="0" Location="file://localhost/Users/zachvp/Music/DJ/Aardy%20-%20Another%20Time%20(Original%20Mix).aiff" Remixer="" Tonality="3A" Label="Hydrozoa" Mix="">
      <TEMPO Inizio="0.001" Bpm="126.00" Metro="4/4" Battito="1" />
      <TEMPO Inizio="0.954" Bpm="126.00" Metro="4/4" Battito="3" />
      <TEMPO Inizio="357.145" Bpm="126.00" Metro="4/4" Battito="3" />
    </TRACK>
    <TRACK TrackID="116544720" Name="Pay Back" Artist="Cleveland" Composer="" Album="Crystal Quest" Grouping="" Genre="House/Deep/Tech/Spacey" Kind="AIFF File" Size="91750822" TotalTime="519" DiscNumber="0" TrackNumber="1" Year="2017" AverageBpm="119.00" DateAdded="2020-03-21" BitRate="1411" SampleRate="44100" Comments="3A - 5" PlayCount="7" Rating="0" Location="file://localhost/Users/zachvp/Music/DJ/Cleveland%20-%20Pay%20Back.aiff" Remixer="" Tonality="3A" Label="Hivern Discs" Mix="">
      <TEMPO Inizio="0.315" Bpm="119.00" Metro="4/4" Battito="1" />
      <TEMPO Inizio="193.929" Bpm="119.00" Metro="4/4" Battito="1" />
      <TEMPO Inizio="447.543" Bpm="119.00" Metro="4/4" Battito="4" />
    </TRACK>
    <TRACK TrackID="31272410" Name="Montanha (Sainte Vie's Perspective)" Artist="Nillo, Sentidor" Composer="" Album="SIBÃ Revisited" Grouping="" Genre="Lounge/Indie" Kind="AIFF File" Size="63896378" TotalTime="361" DiscNumber="0" TrackNumber="7" Year="2016" AverageBpm="100.00" DateAdded="2020-10-26" BitRate="1411" SampleRate="44100" Comments="9A - 5" PlayCount="0" Rating="0" Location="file://localhost/Users/zachvp/Music/DJ/11214869_Montanha_(Sainte_Vie%27s_Perspective).aiff" Remixer="" Tonality="9A" Label="Sounds and Colours" Mix="">
      <TEMPO Inizio="0.080" Bpm="100.00" Metro="4/4" Battito="1" />
      <TEMPO Inizio="31.281" Bpm="100.00" Metro="4/4" Battito="1" />
      <TEMPO Inizio="67.282" Bpm="100.00" Metro="4/4" Battito="1" />
      <TEMPO Inizio="103.283" Bpm="100.00" Metro="4/4" Battito="1" />
      <TEMPO Inizio="139.284" Bpm="100.00" Metro="4/4" Battito="1" />
      <TEMPO Inizio="175.285" Bpm="100.00" Metro="4/4" Battito="1" />
      <TEMPO Inizio="210.686" Bpm="100.00" Metro="4/4" Battito="4" />
      <TEMPO Inizio="246.687" Bpm="100.00" Metro="4/4" Battito="4" />
      <TEMPO Inizio="282.688" Bpm="100.00" Metro="4/4" Battito="4" />
      <TEMPO Inizio="318.689" Bpm="100.00" Metro="4/4" Battito="4" />
      <TEMPO Inizio="354.690" Bpm="100.00" Metro="4/4" Battito="4" />
    </TRACK>
    <TRACK TrackID="42562922" Name="That's Love, That It Is (Extended Remix Version)" Artist="Blancmange" Composer="" Album="" Grouping="" Genre="House/Tech/Indie/" Kind="AIFF File" Size="88687390" TotalTime="461" DiscNumber="0" TrackNumber="0" Year="0" AverageBpm="141.45" DateAdded="2021-03-07" BitRate="1411" SampleRate="44100" Comments="9A - 7" PlayCount="0" Rating="0" Location="file://localhost/Users/zachvp/Music/DJ/That%27s%20Love,%20That%20It%20Is%20(Extended%20Remix%20Version).aiff" Remixer="" Tonality="9A" Label="" Mix="">
      <TEMPO Inizio="0.112" Bpm="141.45" Metro="4/4" Battito="2" />
      <TEMPO Inizio="10.717" Bpm="141.45" Metro="4/4" Battito="3" />
      <TEMPO Inizio="33.199" Bpm="141.45" Metro="4/4" Battito="4" />
      <TEMPO Inizio="55.681" Bpm="141.45" Metro="4/4" Battito="1" />
      <TEMPO Inizio="78.163" Bpm="141.45" Metro="4/4" Battito="2" />
      <TEMPO Inizio="100.645" Bpm="141.45" Metro="4/4" Battito="3" />
      <TEMPO Inizio="123.127" Bpm="141.45" Metro="4/4" Battito="4" />
      <TEMPO Inizio="150.275" Bpm="141.45" Metro="4/4" Battito="4" />
      <TEMPO Inizio="172.757" Bpm="141.45" Metro="4/4" Battito="1" />
      <TEMPO Inizio="195.239" Bpm="141.45" Metro="4/4" Battito="2" />
      <TEMPO Inizio="217.721" Bpm="141.45" Metro="4/4" Battito="3" />
      <TEMPO Inizio="240.203" Bpm="141.45" Metro="4/4" Battito="4" />
      <TEMPO Inizio="267.351" Bpm="141.45" Metro="4/4" Battito="4" />
      <TEMPO Inizio="289.833" Bpm="141.45" Metro="4/4" Battito="1" />
      <TEMPO Inizio="312.315" Bpm="141.45" Metro="4/4" Battito="2" />
      <TEMPO Inizio="334.797" Bpm="141.45" Metro="4/4" Battito="3" />
      <TEMPO Inizio="357.279" Bpm="141.45" Metro="4/4" Battito="4" />
      <TEMPO Inizio="379.761" Bpm="141.45" Metro="4/4" Battito="1" />
      <TEMPO Inizio="406.909" Bpm="141.45" Metro="4/4" Battito="1" />
      <TEMPO Inizio="429.391" Bpm="141.45" Metro="4/4" Battito="2" />
      <TEMPO Inizio="451.873" Bpm="141.45" Metro="4/4" Battito="3" />
    </TRACK>
    <TRACK TrackID="185582142" Name="Satan" Artist="Agoria &amp; Sacha Rudy" Composer="" Album="Lucky OST" Grouping="" Genre="Lounge/Ambient" Kind="AIFF File" Size="24716674" TotalTime="93" DiscNumber="0" TrackNumber="5" Year="2020" AverageBpm="136.00" DateAdded="2021-03-31" BitRate="1411" SampleRate="44100" Comments="7A - 5" PlayCount="0" Rating="0" Location="file://localhost/Users/zachvp/Music/DJ/Agoria%20%26%20Sacha%20Rudy%20-%20Lucky%20OST%20-%2005%20Satan.aiff" Remixer="" Tonality="7A" Label="" Mix="">
      <TEMPO Inizio="0.269" Bpm="136.00" Metro="4/4" Battito="1" />
    </TRACK>
    <TRACK TrackID="198497732" Name="Its Magic (Patrick Podage &amp; Nikola Kotevski Remix)" Artist="Stanny Abram" Composer="" Album="Its Magic" Grouping="" Genre="House/Deep/Tech/Jazzy" Kind="AIFF File" Size="78482992" TotalTime="444" DiscNumber="0" TrackNumber="2" Year="2012" AverageBpm="122.00" DateAdded="2022-03-22" BitRate="1411" SampleRate="44100" Comments="12A - 5" PlayCount="6" Rating="0" Location="file://localhost/Users/zachvp/Music/DJ/3284812_Its_Magic_(Patrick_Podage_%26_Nikola_Kotevski_Remix).aiff" Remixer="" Tonality="12A" Label="Savoir Faire Musique" Mix="">
      <TEMPO Inizio="0.004" Bpm="122.00" Metro="4/4" Battito="1" />
    </TRACK>
    <TRACK TrackID="185647687" Name="Endangered Species" Artist="Henrik Schwarz" Composer="" Album="99%" Grouping="" Genre="Lounge/Indie" Kind="AIFF File" Size="92866298" TotalTime="350" DiscNumber="0" TrackNumber="4" Year="2020" AverageBpm="116.00" DateAdded="2022-03-22" BitRate="1411" SampleRate="44100" Comments="2A - 7" PlayCount="2" Rating="0" Location="file://localhost/Users/zachvp/Music/DJ/Henrik%20Schwarz%20-%2099-%20-%2004%20Endangered%20Species.aiff" Remixer="" Tonality="2A" Label="" Mix="">
      <TEMPO Inizio="0.112" Bpm="116.00" Metro="4/4" Battito="1" />
      <TEMPO Inizio="0.630" Bpm="116.00" Metro="4/4" Battito="2" />
      <TEMPO Inizio="223.560" Bpm="116.00" Metro="4/4" Battito="1" />
      <POSITION_MARK Name="" Type="0" Start="16.657" Num="-1" />
      <POSITION_MARK Name="" Type="0" Start="33.209" Num="-1" />
      <POSITION_MARK Name="" Type="0" Start="165.614" Num="-1" />
      <POSITION_MARK Name="" Type="0" Start="198.739" Num="-1" />
      <POSITION_MARK Name="" Type="0" Start="231.834" Num="-1" />
      <POSITION_MARK Name="" Type="0" Start="314.590" Num="-1" />
      <POSITION_MARK Name="" Type="0" Start="331.147" Num="-1" />
    </TRACK>
    <TRACK TrackID="78241033" Name="Ohh" Artist="Mood II Swing feat. John Ciafone" Composer="" Album="DJ-Kicks (Seth Troxler)" Grouping="" Genre="House/Deep/Tech/Jazzy" Kind="AIFF File" Size="79072426" TotalTime="446" DiscNumber="0" TrackNumber="11" Year="2015" AverageBpm="123.00" DateAdded="2022-03-22" BitRate="1411" SampleRate="44100" Comments="9A - 6" PlayCount="0" Rating="0" Location="file://localhost/Users/zachvp/Music/DJ/Mood%20II%20Swing%20feat.%20John%20Ciafone%20-%20DJ-Kicks%20(Seth%20Troxler)%20-%2011%20Ohh.aiff" Remixer="" Tonality="9A" Label="" Mix="">
      <TEMPO Inizio="0.004" Bpm="123.00" Metro="4/4" Battito="1" />
    </TRACK>
    <TRACK TrackID="114092479" Name="Fake Livin" Artist="SLVN" Composer="" Album="BLTRSX - Connections (Compilation)" Grouping="" Genre="Lounge/Indie" Kind="AIFF File" Size="49293864" TotalTime="278" DiscNumber="0" TrackNumber="3" Year="2020" AverageBpm="105.00" DateAdded="2022-03-22" BitRate="1411" SampleRate="44100" Comments="5A - 5" PlayCount="1" Rating="0" Location="file://localhost/Users/zachvp/Music/DJ/Huntleys%20+%20Palmers%20-%20SLVN%20-%20Fake%20Livin.aiff" Remixer="" Tonality="5A" Label="" Mix="">
      <TEMPO Inizio="0.083" Bpm="105.00" Metro="4/4" Battito="1" />
      <POSITION_MARK Name="" Type="0" Start="36.572" Num="-1" />
    </TRACK>
    <TRACK TrackID="198695833" Name="Youth [The Memory Band Remix]" Artist="Soft Cell" Composer="" Album="Heat : The Remixes [Disc 1]" Grouping="" Genre="zzz" Kind="AIFF File" Size="46711240" TotalTime="264" DiscNumber="0" TrackNumber="4" Year="0" AverageBpm="80.25" DateAdded="2022-03-22" BitRate="1411" SampleRate="44100" Comments="7A - 4" PlayCount="0" Rating="0" Location="file://localhost/Users/zachvp/Music/DJ/04%20Youth%20%5bThe%20Memory%20Band%20Remix%5d.aiff" Remixer="" Tonality="7A" Label="" Mix="">
      <TEMPO Inizio="0.321" Bpm="80.25" Metro="4/4" Battito="1" />
    </TRACK>
    <TRACK TrackID="117434227" Name="One of a Kind" Artist="RJD2" Composer="" Album="The Fun Ones" Grouping="" Genre="zzz" Kind="AIFF File" Size="40428164" TotalTime="228" DiscNumber="0" TrackNumber="4" Year="2020" AverageBpm="96.00" DateAdded="2022-03-23" BitRate="1411" SampleRate="44100" Comments="9A - 6" PlayCount="0" Rating="0" Location="file://localhost/Users/zachvp/Music/DJ/RJD2%20-%20The%20Fun%20Ones%20-%2004%20One%20of%20a%20Kind.aiff" Remixer="" Tonality="9A" Label="" Mix="">
      <TEMPO Inizio="0.060" Bpm="96.00" Metro="4/4" Battito="4" />
      <TEMPO Inizio="39.436" Bpm="96.00" Metro="4/4" Battito="3" />
      <TEMPO Inizio="40.060" Bpm="96.00" Metro="4/4" Battito="4" />
      <TEMPO Inizio="41.311" Bpm="96.00" Metro="4/4" Battito="2" />
      <TEMPO Inizio="41.935" Bpm="96.00" Metro="4/4" Battito="3" />
      <TEMPO Inizio="43.186" Bpm="96.00" Metro="4/4" Battito="1" />
      <TEMPO Inizio="43.810" Bpm="96.00" Metro="4/4" Battito="2" />
      <TEMPO Inizio="44.436" Bpm="96.00" Metro="4/4" Battito="3" />
      <TEMPO Inizio="45.685" Bpm="96.00" Metro="4/4" Battito="1" />
      <TEMPO Inizio="46.311" Bpm="96.00" Metro="4/4" Battito="2" />
      <TEMPO Inizio="47.560" Bpm="96.00" Metro="4/4" Battito="4" />
      <TEMPO Inizio="48.186" Bpm="96.00" Metro="4/4" Battito="1" />
      <TEMPO Inizio="219.437" Bpm="96.00" Metro="4/4" Battito="3" />
      <TEMPO Inizio="220.061" Bpm="96.00" Metro="4/4" Battito="4" />
      <TEMPO Inizio="221.312" Bpm="96.00" Metro="4/4" Battito="2" />
      <TEMPO Inizio="221.936" Bpm="96.00" Metro="4/4" Battito="3" />
      <TEMPO Inizio="223.187" Bpm="96.00" Metro="4/4" Battito="1" />
      <TEMPO Inizio="223.811" Bpm="96.00" Metro="4/4" Battito="2" />
      <TEMPO Inizio="224.437" Bpm="96.00" Metro="4/4" Battito="3" />
      <TEMPO Inizio="225.686" Bpm="96.00" Metro="4/4" Battito="1" />
      <TEMPO Inizio="226.312" Bpm="96.00" Metro="4/4" Battito="2" />
      <TEMPO Inizio="227.561" Bpm="96.00" Metro="4/4" Battito="4" />
      <TEMPO Inizio="228.187" Bpm="96.00" Metro="4/4" Battito="1" />
    </TRACK>
    <TRACK TrackID="184951150" Name="My Eyes (Original Mix)" Artist="Nero (UK)" Composer="" Album="Welcome Reality" Grouping="" Genre="Dubstep" Kind="AIFF File" Size="49097538" TotalTime="277" DiscNumber="0" TrackNumber="3" Year="2011" AverageBpm="87.00" DateAdded="2022-03-31" BitRate="1411" SampleRate="44100" Comments="4A - 7" PlayCount="1" Rating="0" Location="file://localhost/Users/zachvp/Music/DJ/2430151_My_Eyes_(Original_Mix).aiff" Remixer="" Tonality="4A" Label="MTA Records" Mix="">
      <TEMPO Inizio="0.018" Bpm="87.00" Metro="4/4" Battito="1" />
    </TRACK>
    <TRACK TrackID="100045339" Name="Between Two Points (feat. Swan)" Artist="The Glitch Mob" Composer="" Album="Drink The Sea" Grouping="" Genre="Lounge/Indie" Kind="AIFF File" Size="58888296" TotalTime="333" DiscNumber="0" TrackNumber="6" Year="2010" AverageBpm="121.98" DateAdded="2022-03-31" BitRate="1411" SampleRate="44100" Comments="11A - 5" PlayCount="1" Rating="0" Location="file://localhost/Users/zachvp/Music/DJ/The%20Glitch%20Mob%20-%20Between%20Two%20Points%20(feat.%20Swan).aiff" Remixer="" Tonality="11A" Label="" Mix="">
      <TEMPO Inizio="0.289" Bpm="121.98" Metro="4/4" Battito="3" />
      <POSITION_MARK Name="" Type="0" Start="1.469" Num="-1" />
    </TRACK>
    <TRACK TrackID="266067934" Name="Required (Original Mix)" Artist="Interpolarm" Composer="" Album="Soft Gradient" Grouping="" Genre="House/Deep/Tech/" Kind="AIFF File" Size="68905174" TotalTime="390" DiscNumber="0" TrackNumber="2" Year="2017" AverageBpm="123.00" DateAdded="2022-05-15" BitRate="1411" SampleRate="44100" Comments="7A - 5" PlayCount="6" Rating="0" Location="file://localhost/Users/zachvp/Music/DJ/9717927_Required_(Original_Mix).aiff" Remixer="" Tonality="7A" Label="Cyclic Records" Mix="">
      <TEMPO Inizio="0.002" Bpm="123.00" Metro="4/4" Battito="1" />
    </TRACK>
    <TRACK TrackID="90552667" Name="Adieu!" Artist="moonbooter" Composer="" Album="Still Alive" Grouping="" Genre="zzz" Kind="AIFF File" Size="56625054" TotalTime="320" DiscNumber="0" TrackNumber="11" Year="2014" AverageBpm="100.00" DateAdded="2022-05-15" BitRate="1411" SampleRate="44100" Comments="8A - 6" PlayCount="0" Rating="0" Location="file://localhost/Users/zachvp/Music/DJ/moonbooter%20-%20Still%20Alive%20-%2011%20Adieu!.aiff" Remixer="" Tonality="8A" Label="" Mix="">
      <TEMPO Inizio="0.598" Bpm="100.00" Metro="4/4" Battito="1" />
      <TEMPO Inizio="103.199" Bpm="100.00" Metro="4/4" Battito="4" />
    </TRACK>
    <TRACK TrackID="160277348" Name="Very First Time (Vacuum Mix)" Artist="Unknown" Composer="" Album="Hot Like Jam / Very First time" Grouping="" Genre="House/Tech/Breaks" Kind="AIFF File" Size="96240210" TotalTime="363" DiscNumber="0" TrackNumber="3" Year="2018" AverageBpm="128.00" DateAdded="2022-05-15" BitRate="1411" SampleRate="44100" Comments="3A - 5" PlayCount="0" Rating="0" Location="file://localhost/Users/zachvp/Music/DJ/UNKNOWN%20-%20Hot%20Like%20Jam%20-%20Very%20First%20time%20-%2003%20Very%20First%20Time%20(Vacuum%20Mix).aiff" Remixer="" Tonality="3A" Label="" Mix="">
      <TEMPO Inizio="0.283" Bpm="128.00" Metro="4/4" Battito="1" />
    </TRACK>
    <TRACK TrackID="174072710" Name="Born" Artist="moonbooter" Composer="" Album="Still Alive" Grouping="" Genre="zzz" Kind="AIFF File" Size="49100664" TotalTime="277" DiscNumber="0" TrackNumber="9" Year="2014" AverageBpm="118.00" DateAdded="2022-05-15" BitRate="1411" SampleRate="44100" Comments="8A - 6" PlayCount="0" Rating="0" Location="file://localhost/Users/zachvp/Music/DJ/moonbooter%20-%20Still%20Alive%20-%2009%20Born.aiff" Remixer="" Tonality="8A" Label="" Mix="">
      <TEMPO Inizio="0.498" Bpm="118.00" Metro="4/4" Battito="1" />
    </TRACK>
    <TRACK TrackID="217131062" Name="On Your Mind (Extended Version)" Artist="Theo Kottis" Composer="" Album="On Your Mind" Grouping="" Genre="House/Tech/Indie/Retro" Kind="AIFF File" Size="65654316" TotalTime="371" DiscNumber="0" TrackNumber="1" Year="2022" AverageBpm="124.00" DateAdded="2022-06-19" BitRate="1411" SampleRate="44100" Comments="7A - 7" PlayCount="2" Rating="0" Location="file://localhost/Users/zachvp/Music/DJ/Theo%20Kottis%20-%20On%20Your%20Mind%20-%20Extended%20Version.aiff" Remixer="" Tonality="7A" Label="" Mix="">
      <TEMPO Inizio="0.201" Bpm="124.00" Metro="4/4" Battito="1" />
      <POSITION_MARK Name="" Type="0" Start="0.197" Num="-1" />
      <POSITION_MARK Name="" Type="0" Start="309.896" Num="-1" />
      <POSITION_MARK Name="" Type="0" Start="62.130" Num="-1" />
    </TRACK>
    <TRACK TrackID="211825193" Name="The Power And The Glory (Album Version)" Artist="Pete Seeger" Composer="" Album="The Essential Pete Seeger" Grouping="" Genre="zzz" Kind="AIFF File" Size="39917686" TotalTime="149" DiscNumber="1" TrackNumber="2" Year="2013" AverageBpm="97.96" DateAdded="2022-08-11" BitRate="1411" SampleRate="44100" Comments="3B - 3" PlayCount="0" Rating="0" Location="file://localhost/Users/zachvp/Music/DJ/Pete%20Seeger%20-%2002%20The%20Power%20And%20The%20Glory%20(Album%20Versio.aiff" Remixer="" Tonality="3B" Label="" Mix="">
      <TEMPO Inizio="0.292" Bpm="97.96" Metro="4/4" Battito="1" />
    </TRACK>
    <TRACK TrackID="145853658" Name="Communication Breakdown" Artist="Led Zeppelin" Composer="Jimmy Page, John Paul Jones &amp; John Bonham" Album="Led Zeppelin [Disc 1]" Grouping="" Genre="Lounge/Rock" Kind="MP3 File" Size="5940665" TotalTime="148" DiscNumber="1" TrackNumber="3" Year="1969" AverageBpm="175.23" DateAdded="2023-05-27" BitRate="320" SampleRate="44100" Comments="11B - 6" PlayCount="0" Rating="0" Location="file://localhost/Users/zachvp/Music/DJ/_parental%20jams/1-03%20Communication%20Breakdown.mp3" Remixer="" Tonality="11B" Label="" Mix="">
      <TEMPO Inizio="0.340" Bpm="175.23" Metro="4/4" Battito="1" />
      <TEMPO Inizio="2.395" Bpm="175.23" Metro="4/4" Battito="3" />
      <TEMPO Inizio="52.043" Bpm="175.23" Metro="4/4" Battito="4" />
      <TEMPO Inizio="120.181" Bpm="175.23" Metro="4/4" Battito="3" />
    </TRACK>
    <TRACK TrackID="181614403" Name="Come On Eileen" Artist="Various Artists" Composer="" Album="VH1: More of the Big 80's" Grouping="" Genre="Lounge/Rock" Kind="MP3 File" Size="10673406" TotalTime="254" DiscNumber="1" TrackNumber="2" Year="1997" AverageBpm="107.70" DateAdded="2023-05-27" BitRate="320" SampleRate="44100" Comments="8A - 7" PlayCount="1" Rating="0" Location="file://localhost/Users/zachvp/Music/DJ/_parental%20jams/02%20Dexys%20Midnight%20Runners%20-%20Come%20On%20Eileen.mp3" Remixer="" Tonality="8A" Label="" Mix="">
      <TEMPO Inizio="0.402" Bpm="107.70" Metro="4/4" Battito="3" />
      <TEMPO Inizio="0.960" Bpm="107.70" Metro="4/4" Battito="4" />
      <TEMPO Inizio="30.487" Bpm="107.70" Metro="4/4" Battito="1" />
      <TEMPO Inizio="65.028" Bpm="107.70" Metro="4/4" Battito="3" />
      <TEMPO Inizio="100.126" Bpm="107.70" Metro="4/4" Battito="2" />
      <TEMPO Inizio="134.667" Bpm="107.70" Metro="4/4" Battito="4" />
      <TEMPO Inizio="169.765" Bpm="107.70" Metro="4/4" Battito="3" />
      <TEMPO Inizio="204.306" Bpm="107.70" Metro="4/4" Battito="1" />
      <TEMPO Inizio="239.404" Bpm="107.70" Metro="4/4" Battito="4" />
    </TRACK>
    <TRACK TrackID="205695724" Name="Battle Of Evermore" Artist="Led Zeppelin" Composer="" Album="Box Set|Disc 2" Grouping="" Genre="Lounge/Rock" Kind="MP3 File" Size="14060589" TotalTime="351" DiscNumber="0" TrackNumber="4" Year="0" AverageBpm="145.29" DateAdded="2023-05-27" BitRate="320" SampleRate="44100" Comments="8A - 4" PlayCount="0" Rating="0" Location="file://localhost/Users/zachvp/Music/DJ/_parental%20jams/04.%20Battle%20Of%20Evermore.mp3" Remixer="" Tonality="8A" Label="" Mix="">
      <TEMPO Inizio="0.164" Bpm="145.29" Metro="4/4" Battito="4" />
    </TRACK>
    <TRACK TrackID="17911273" Name="Soul To Squeeze" Artist="Red Hot Chili Peppers" Composer="" Album="Greatest Hits" Grouping="" Genre="Lounge/Rock" Kind="MP3 File" Size="11622753" TotalTime="290" DiscNumber="0" TrackNumber="5" Year="2003" AverageBpm="88.50" DateAdded="2023-05-27" BitRate="320" SampleRate="44100" Comments="7A - 4" PlayCount="0" Rating="0" Location="file://localhost/Users/zachvp/Music/DJ/_parental%20jams/05%20-%20Soul%20To%20Squeeze.mp3" Remixer="" Tonality="7A" Label="" Mix="">
      <TEMPO Inizio="0.183" Bpm="88.50" Metro="4/4" Battito="3" />
      <TEMPO Inizio="76.119" Bpm="88.50" Metro="4/4" Battito="3" />
      <TEMPO Inizio="156.800" Bpm="88.50" Metro="4/4" Battito="2" />
    </TRACK>
    <TRACK TrackID="35455641" Name="99%" Artist="Henrik Schwarz" Composer="" Album="99%" Grouping="" Genre="Lounge/Indie" Kind="AIFF File" Size="72441674" TotalTime="273" DiscNumber="0" TrackNumber="2" Year="2020" AverageBpm="130.00" DateAdded="2022-03-22" BitRate="1411" SampleRate="44100" Comments="9A - 5" PlayCount="4" Rating="0" Location="file://localhost/Users/zachvp/Music/DJ/Henrik%20Schwarz%20-%2099-%20-%2002%2099-.aiff" Remixer="" Tonality="9A" Label="" Mix="">
      <TEMPO Inizio="0.356" Bpm="130.00" Metro="4/4" Battito="1" />
      <POSITION_MARK Name="" Type="0" Start="0.134" Num="-1" />
    </TRACK>
    <TRACK TrackID="136604316" Name="Asylum (Original Mix)" Artist="Samu.l" Composer="" Album="Matter EP" Grouping="" Genre="House/Deep/Tech/" Kind="AIFF File" Size="82271964" TotalTime="464" DiscNumber="0" TrackNumber="3" Year="2015" AverageBpm="125.00" DateAdded="2022-11-02" BitRate="1411" SampleRate="44100" Comments="9A - 5" PlayCount="4" Rating="0" Location="file://localhost/Users/zachvp/Music/DJ/6176524_Asylum_(Original_Mix).aiff" Remixer="" Tonality="9A" Label="Say What?" Mix="">
      <TEMPO Inizio="0.004" Bpm="125.00" Metro="4/4" Battito="1" />
      <TEMPO Inizio="60.485" Bpm="125.00" Metro="4/4" Battito="3" />
      <TEMPO Inizio="248.646" Bpm="125.00" Metro="4/4" Battito="3" />
      <TEMPO Inizio="436.807" Bpm="125.00" Metro="4/4" Battito="3" />
      <POSITION_MARK Name="" Type="0" Start="276.485" Num="-1" />
    </TRACK>
    <TRACK TrackID="76108242" Name="Minotaur (Original Mix)" Artist="Cosmic Boys" Composer="" Album="Minotaur" Grouping="" Genre="House/Techno/" Kind="AIFF File" Size="75574214" TotalTime="427" DiscNumber="0" TrackNumber="1" Year="2019" AverageBpm="126.00" DateAdded="2020-02-29" BitRate="1411" SampleRate="44100" Comments="6A - 6" PlayCount="1" Rating="0" Location="file://localhost/Users/zachvp/Music/DJ/Cosmic%20Boys%20-%20Minotaur%20(Original%20Mix).aiff" Remixer="" Tonality="6A" Label="Legend" Mix="">
      <TEMPO Inizio="0.000" Bpm="126.00" Metro="4/4" Battito="1" />
      <TEMPO Inizio="206.191" Bpm="126.00" Metro="4/4" Battito="2" />
    </TRACK>
    <TRACK TrackID="72531164" Name="The One You Left Behind feat. Vok (Yotto's Extended Mirage Mix)" Artist="Vok, Yotto" Composer="" Album="Hyperfall (Remixed)" Grouping="" Genre="House/Deep/Melodic" Kind="AIFF File" Size="88139396" TotalTime="498" DiscNumber="0" TrackNumber="7" Year="2019" AverageBpm="124.00" DateAdded="2020-10-12" BitRate="1411" SampleRate="44100" Comments="9A - 6" PlayCount="0" Rating="0" Location="file://localhost/Users/zachvp/Music/DJ/12045919_The_One_You_Left_Behind_feat__Vok_Yotto_s_Extended_Mirage_Mix.aiff" Remixer="Yotto" Tonality="9A" Label="Anjunadeep" Mix="">
      <TEMPO Inizio="0.254" Bpm="124.00" Metro="4/4" Battito="1" />
    </TRACK>
    <TRACK TrackID="231791212" Name="Tonight" Artist="DJ Genesis ft. Elveria" Composer="" Album="Dimitri From Paris IN THE HOUSE OF LOVE" Grouping="" Genre="House/Tech/Indie/Disco" Kind="AIFF File" Size="44377156" TotalTime="251" DiscNumber="0" TrackNumber="5" Year="0" AverageBpm="122.44" DateAdded="2021-03-07" BitRate="1411" SampleRate="44100" Comments="10A - 6" PlayCount="1" Rating="0" Location="file://localhost/Users/zachvp/Music/DJ/05%20Tonight.aiff" Remixer="" Tonality="10A" Label="" Mix="">
      <TEMPO Inizio="0.455" Bpm="122.44" Metro="4/4" Battito="4" />
      <TEMPO Inizio="0.946" Bpm="122.44" Metro="4/4" Battito="1" />
      <TEMPO Inizio="20.058" Bpm="122.44" Metro="4/4" Battito="4" />
      <TEMPO Inizio="38.190" Bpm="122.44" Metro="4/4" Battito="1" />
      <TEMPO Inizio="57.302" Bpm="122.44" Metro="4/4" Battito="4" />
      <TEMPO Inizio="76.414" Bpm="122.44" Metro="4/4" Battito="3" />
      <TEMPO Inizio="94.546" Bpm="122.44" Metro="4/4" Battito="4" />
      <TEMPO Inizio="113.658" Bpm="122.44" Metro="4/4" Battito="3" />
      <TEMPO Inizio="131.790" Bpm="122.44" Metro="4/4" Battito="4" />
      <TEMPO Inizio="150.902" Bpm="122.44" Metro="4/4" Battito="3" />
      <TEMPO Inizio="170.014" Bpm="122.44" Metro="4/4" Battito="2" />
      <TEMPO Inizio="188.146" Bpm="122.44" Metro="4/4" Battito="3" />
      <TEMPO Inizio="207.258" Bpm="122.44" Metro="4/4" Battito="2" />
      <TEMPO Inizio="225.390" Bpm="122.44" Metro="4/4" Battito="3" />
      <TEMPO Inizio="244.502" Bpm="122.44" Metro="4/4" Battito="2" />
    </TRACK>
    <TRACK TrackID="129760735" Name="You Are Wrong (Short Version)" Artist="Nina Kraviz" Composer="" Album="Pochuvstvui" Grouping="" Genre="zzz" Kind="AIFF File" Size="49841180" TotalTime="282" DiscNumber="0" TrackNumber="3" Year="2017" AverageBpm="130.00" DateAdded="2022-05-15" BitRate="1411" SampleRate="44100" Comments="1A - 6" PlayCount="0" Rating="0" Location="file://localhost/Users/zachvp/Music/DJ/Nina%20Kraviz%20-%20Pochuvstvui%20-%2003%20You%20Are%20Wrong%20(Short%20Version).aiff" Remixer="" Tonality="1A" Label="" Mix="">
      <TEMPO Inizio="0.000" Bpm="130.00" Metro="4/4" Battito="1" />
    </TRACK>
    <TRACK TrackID="237516755" Name="The Lark" Artist="Harvey Mandel" Composer="" Album="Cristo Redentor" Grouping="" Genre="Lounge/Acoustic" Kind="AIFF File" Size="49620236" TotalTime="280" DiscNumber="0" TrackNumber="8" Year="2017" AverageBpm="151.44" DateAdded="2022-05-15" BitRate="1411" SampleRate="44100" Comments="9A - 4" PlayCount="1" Rating="0" Location="file://localhost/Users/zachvp/Music/DJ/Harvey%20Mandel%20-%20Cristo%20Redentor%20-%2008%20The%20Lark.aiff" Remixer="" Tonality="9A" Label="" Mix="">
      <TEMPO Inizio="0.253" Bpm="151.44" Metro="4/4" Battito="1" />
      <TEMPO Inizio="13.328" Bpm="151.44" Metro="4/4" Battito="2" />
      <TEMPO Inizio="28.384" Bpm="151.44" Metro="4/4" Battito="4" />
      <TEMPO Inizio="49.383" Bpm="151.44" Metro="4/4" Battito="1" />
      <TEMPO Inizio="70.382" Bpm="151.44" Metro="4/4" Battito="2" />
      <TEMPO Inizio="89.400" Bpm="151.44" Metro="4/4" Battito="2" />
      <TEMPO Inizio="116.342" Bpm="151.44" Metro="4/4" Battito="2" />
      <TEMPO Inizio="135.360" Bpm="151.44" Metro="4/4" Battito="2" />
      <TEMPO Inizio="156.359" Bpm="151.44" Metro="4/4" Battito="3" />
      <TEMPO Inizio="177.358" Bpm="151.44" Metro="4/4" Battito="4" />
      <TEMPO Inizio="198.357" Bpm="151.44" Metro="4/4" Battito="1" />
      <TEMPO Inizio="223.318" Bpm="151.44" Metro="4/4" Battito="4" />
      <TEMPO Inizio="244.317" Bpm="151.44" Metro="4/4" Battito="1" />
      <TEMPO Inizio="265.316" Bpm="151.44" Metro="4/4" Battito="2" />
    </TRACK>
    <TRACK TrackID="90345462" Name="Thrill Is Gone" Artist="Bb King" Composer="" Album="" Grouping="" Genre="Lounge/Rock" Kind="MP3 File" Size="13083431" TotalTime="327" DiscNumber="0" TrackNumber="0" Year="1970" AverageBpm="90.71" DateAdded="2023-05-27" BitRate="320" SampleRate="44100" Comments="10A - 4" PlayCount="1" Rating="0" Location="file://localhost/Users/zachvp/Music/DJ/_parental%20jams/BB%20King%20-%20Thrill%20Is%20Gone%20-%2015%201970.mp3" Remixer="" Tonality="10A" Label="" Mix="">
      <TEMPO Inizio="0.615" Bpm="90.71" Metro="4/4" Battito="1" />
      <TEMPO Inizio="78.005" Bpm="90.71" Metro="4/4" Battito="2" />
      <TEMPO Inizio="187.806" Bpm="90.71" Metro="4/4" Battito="4" />
      <TEMPO Inizio="310.836" Bpm="90.71" Metro="4/4" Battito="2" />
    </TRACK>
    <TRACK TrackID="26728025" Name="Three Sided Shape" Artist="Scuba" Composer="" Album="20" Grouping="" Genre="House/Deep/Tech/Breaks" Kind="AIFF File" Size="58330932" TotalTime="330" DiscNumber="0" TrackNumber="11" Year="2023" AverageBpm="137.00" DateAdded="2023-09-29" BitRate="1411" SampleRate="44100" Comments="6A - 6" PlayCount="1" Rating="0" Location="file://localhost/Users/zachvp/Music/DJ/Various%20Artists%20-%20Scuba%20-%20Three%20Sided%20Shape.aiff" Remixer="" Tonality="6A" Label="" Mix="">
      <TEMPO Inizio="0.226" Bpm="137.00" Metro="4/4" Battito="1" />
      <TEMPO Inizio="186.359" Bpm="137.00" Metro="4/4" Battito="2" />
      <POSITION_MARK Name="" Type="0" Start="2.520" Num="-1" />
    </TRACK>
    <TRACK TrackID="84261125" Name="All Mine" Artist="James Wyler" Composer="" Album="All Mine" Grouping="" Genre="House/Deep/Tech/" Kind="AIFF File" Size="74744040" TotalTime="423" DiscNumber="0" TrackNumber="1" Year="2021" AverageBpm="127.00" DateAdded="2023-12-05" BitRate="1411" SampleRate="44100" Comments="1A - 6" PlayCount="2" Rating="0" Location="file://localhost/Users/zachvp/Music/DJ/01-James_Wyler_-_All_Mine.aif" Remixer="" Tonality="1A" Label="DPE" Mix="">
      <TEMPO Inizio="0.235" Bpm="127.00" Metro="4/4" Battito="1" />
      <TEMPO Inizio="339.919" Bpm="127.00" Metro="4/4" Battito="4" />
    </TRACK>
    <TRACK TrackID="217462040" Name="San Guine" Artist="Josh Wink" Composer="" Album="The Half Full EP" Grouping="" Genre="House/Deep/Tech/Jazzy" Kind="AIFF File" Size="78324904" TotalTime="443" DiscNumber="0" TrackNumber="3" Year="2023" AverageBpm="124.00" DateAdded="2023-12-05" BitRate="1411" SampleRate="44100" Comments="5A - 5" PlayCount="0" Rating="0" Location="file://localhost/Users/zachvp/Music/DJ/Josh%20Wink%20-%20San%20Guine.aiff" Remixer="" Tonality="5A" Label="" Mix="">
      <TEMPO Inizio="0.004" Bpm="124.00" Metro="4/4" Battito="1" />
    </TRACK>
    <TRACK TrackID="37885048" Name="Little Helper 407-1" Artist="Chillin Williams" Composer="" Album="Little Helpers 407" Grouping="" Genre="House/Deep/Tech/" Kind="AIFF File" Size="54256134" TotalTime="306" DiscNumber="0" TrackNumber="1" Year="2023" AverageBpm="126.00" DateAdded="2023-12-05" BitRate="1411" SampleRate="44100" Comments="9A - 4" PlayCount="3" Rating="0" Location="file://localhost/Users/zachvp/Music/DJ/01-Chillin_Williams_-_Little_Helper_407-1.aif" Remixer="" Tonality="9A" Label="Little Helpers" Mix="">
      <TEMPO Inizio="0.003" Bpm="126.00" Metro="4/4" Battito="1" />
      <TEMPO Inizio="0.956" Bpm="126.00" Metro="4/4" Battito="3" />
      <TEMPO Inizio="228.574" Bpm="126.00" Metro="4/4" Battito="1" />
    </TRACK>
    <TRACK TrackID="42675867" Name="Beyond The Sunset (original mix)" Artist="DaDa Sound Project" Composer="" Album="Beyond The Sunset" Grouping="" Genre="House/Deep/Melodic" Kind="AIFF File" Size="85980618" TotalTime="486" DiscNumber="0" TrackNumber="1" Year="2021" AverageBpm="120.00" DateAdded="2023-12-05" BitRate="1411" SampleRate="44100" Comments="8A - 6" PlayCount="0" Rating="0" Location="file://localhost/Users/zachvp/Music/DJ/01-DaDa_Sound_Project_-_Beyond_The_Sunset_(original_mix).aif" Remixer="" Tonality="8A" Label="LoFi Music" Mix="">
      <TEMPO Inizio="0.210" Bpm="120.00" Metro="4/4" Battito="3" />
      <TEMPO Inizio="116.711" Bpm="120.00" Metro="4/4" Battito="4" />
      <TEMPO Inizio="117.210" Bpm="120.00" Metro="4/4" Battito="1" />
      <TEMPO Inizio="117.711" Bpm="120.00" Metro="4/4" Battito="2" />
      <TEMPO Inizio="118.210" Bpm="120.00" Metro="4/4" Battito="3" />
      <TEMPO Inizio="118.711" Bpm="120.00" Metro="4/4" Battito="4" />
      <TEMPO Inizio="119.210" Bpm="120.00" Metro="4/4" Battito="1" />
      <TEMPO Inizio="119.711" Bpm="120.00" Metro="4/4" Battito="2" />
      <TEMPO Inizio="120.210" Bpm="120.00" Metro="4/4" Battito="3" />
      <TEMPO Inizio="120.711" Bpm="120.00" Metro="4/4" Battito="4" />
      <TEMPO Inizio="121.210" Bpm="120.00" Metro="4/4" Battito="1" />
      <TEMPO Inizio="121.711" Bpm="120.00" Metro="4/4" Battito="2" />
      <TEMPO Inizio="122.210" Bpm="120.00" Metro="4/4" Battito="3" />
      <TEMPO Inizio="122.711" Bpm="120.00" Metro="4/4" Battito="4" />
      <TEMPO Inizio="123.210" Bpm="120.00" Metro="4/4" Battito="1" />
      <TEMPO Inizio="123.711" Bpm="120.00" Metro="4/4" Battito="2" />
      <TEMPO Inizio="124.210" Bpm="120.00" Metro="4/4" Battito="3" />
      <TEMPO Inizio="124.711" Bpm="120.00" Metro="4/4" Battito="4" />
      <TEMPO Inizio="125.210" Bpm="120.00" Metro="4/4" Battito="1" />
      <TEMPO Inizio="125.711" Bpm="120.00" Metro="4/4" Battito="2" />
      <TEMPO Inizio="126.210" Bpm="120.00" Metro="4/4" Battito="3" />
      <TEMPO Inizio="126.711" Bpm="120.00" Metro="4/4" Battito="4" />
      <TEMPO Inizio="127.210" Bpm="120.00" Metro="4/4" Battito="1" />
      <TEMPO Inizio="127.711" Bpm="120.00" Metro="4/4" Battito="2" />
      <TEMPO Inizio="128.210" Bpm="120.00" Metro="4/4" Battito="3" />
      <TEMPO Inizio="128.711" Bpm="120.00" Metro="4/4" Battito="4" />
      <TEMPO Inizio="129.210" Bpm="120.00" Metro="4/4" Battito="1" />
      <TEMPO Inizio="129.711" Bpm="120.00" Metro="4/4" Battito="2" />
      <TEMPO Inizio="130.210" Bpm="120.00" Metro="4/4" Battito="3" />
      <TEMPO Inizio="130.711" Bpm="120.00" Metro="4/4" Battito="4" />
      <TEMPO Inizio="131.210" Bpm="120.00" Metro="4/4" Battito="1" />
      <TEMPO Inizio="131.711" Bpm="120.00" Metro="4/4" Battito="2" />
      <TEMPO Inizio="132.210" Bpm="120.00" Metro="4/4" Battito="3" />
      <TEMPO Inizio="132.711" Bpm="120.00" Metro="4/4" Battito="4" />
      <TEMPO Inizio="133.210" Bpm="120.00" Metro="4/4" Battito="1" />
      <TEMPO Inizio="133.711" Bpm="120.00" Metro="4/4" Battito="2" />
      <TEMPO Inizio="134.210" Bpm="120.00" Metro="4/4" Battito="3" />
      <TEMPO Inizio="134.711" Bpm="120.00" Metro="4/4" Battito="4" />
      <TEMPO Inizio="135.210" Bpm="120.00" Metro="4/4" Battito="1" />
      <TEMPO Inizio="135.711" Bpm="120.00" Metro="4/4" Battito="2" />
    </TRACK>
    <TRACK TrackID="40056360" Name="Nite Life (original mix)" Artist="Jansons" Composer="" Album="Nite Life" Grouping="" Genre="House/Tech/Groove" Kind="AIFF File" Size="53169302" TotalTime="300" DiscNumber="0" TrackNumber="1" Year="2023" AverageBpm="128.00" DateAdded="2023-12-05" BitRate="1411" SampleRate="44100" Comments="11B - 6" PlayCount="0" Rating="0" Location="file://localhost/Users/zachvp/Music/DJ/01-Jansons_-_Nite_Life_(original_mix).aif" Remixer="" Tonality="11B" Label="PIV" Mix="">
      <TEMPO Inizio="0.000" Bpm="128.00" Metro="4/4" Battito="1" />
    </TRACK>
    <TRACK TrackID="161675759" Name="Illusion" Artist="Kinky Movement" Composer="" Album="Hit &amp; Dip EP" Grouping="" Genre="House/Deep/Tech/Jazzy" Kind="AIFF File" Size="66195904" TotalTime="374" DiscNumber="0" TrackNumber="1" Year="2007" AverageBpm="125.00" DateAdded="2023-12-05" BitRate="1411" SampleRate="44100" Comments="4A - 6" PlayCount="0" Rating="0" Location="file://localhost/Users/zachvp/Music/DJ/01-Kinky_Movement_-_Illusion.aif" Remixer="" Tonality="4A" Label="Drop Music" Mix="">
      <TEMPO Inizio="0.255" Bpm="125.00" Metro="4/4" Battito="1" />
      <TEMPO Inizio="247.936" Bpm="125.00" Metro="4/4" Battito="1" />
    </TRACK>
    <TRACK TrackID="161601339" Name="Incredible" Artist="Prince Vulcano" Composer="" Album="Incredible" Grouping="" Genre="House/Deep/Tech/" Kind="AIFF File" Size="89349640" TotalTime="506" DiscNumber="0" TrackNumber="1" Year="2023" AverageBpm="125.00" DateAdded="2023-12-05" BitRate="1411" SampleRate="44100" Comments="4A - 6" PlayCount="3" Rating="0" Location="file://localhost/Users/zachvp/Music/DJ/01-Prince_Vulcano_-_Incredible.aif" Remixer="" Tonality="4A" Label="Calumnia" Mix="">
      <TEMPO Inizio="0.194" Bpm="125.00" Metro="4/4" Battito="1" />
      <TEMPO Inizio="469.155" Bpm="125.00" Metro="4/4" Battito="2" />
    </TRACK>
    <TRACK TrackID="223075630" Name="B.T.L.C" Artist="Modular II" Composer="" Album="The Thing EP" Grouping="" Genre="House/Deep/Tech/Breaks" Kind="AIFF File" Size="86745670" TotalTime="491" DiscNumber="0" TrackNumber="3" Year="2023" AverageBpm="85.00" DateAdded="2023-12-05" BitRate="1411" SampleRate="44100" Comments="9A - 5" PlayCount="1" Rating="0" Location="file://localhost/Users/zachvp/Music/DJ/Modular%20II%20-%20B.T.L.C.aiff" Remixer="" Tonality="9A" Label="" Mix="">
      <TEMPO Inizio="0.005" Bpm="85.00" Metro="4/4" Battito="1" />
    </TRACK>
    <TRACK TrackID="128106555" Name="Relentless (extended mix)" Artist="Stanny Abram" Composer="" Album="Relentless" Grouping="" Genre="House/Deep/Tech/" Kind="AIFF File" Size="64973894" TotalTime="367" DiscNumber="0" TrackNumber="1" Year="2023" AverageBpm="126.00" DateAdded="2023-12-05" BitRate="1411" SampleRate="44100" Comments="1A - 5" PlayCount="1" Rating="0" Location="file://localhost/Users/zachvp/Music/DJ/01-Stanny_Abram_-_Relentless_(extended_mix).aif" Remixer="" Tonality="1A" Label="Tokyo Sindrome" Mix="">
      <TEMPO Inizio="0.002" Bpm="126.00" Metro="4/4" Battito="3" />
      <TEMPO Inizio="0.955" Bpm="126.00" Metro="4/4" Battito="1" />
      <TEMPO Inizio="357.146" Bpm="126.00" Metro="4/4" Battito="1" />
    </TRACK>
    <TRACK TrackID="21462281" Name="Fox Fox" Artist="SVEN TASNADI" Composer="" Album="Fox Fox" Grouping="" Genre="House/Tech/Organic" Kind="AIFF File" Size="62345714" TotalTime="353" DiscNumber="0" TrackNumber="1" Year="2020" AverageBpm="122.00" DateAdded="2023-12-05" BitRate="1411" SampleRate="44100" Comments="8A - 6" PlayCount="0" Rating="0" Location="file://localhost/Users/zachvp/Music/DJ/01-Sven_Tasnadi_-_Fox_Fox.aif" Remixer="" Tonality="8A" Label="Headfire International" Mix="">
      <TEMPO Inizio="0.142" Bpm="122.00" Metro="4/4" Battito="1" />
    </TRACK>
    <TRACK TrackID="48183294" Name="Baumgartner" Artist="VAN BONN" Composer="" Album="Baumgartner" Grouping="" Genre="House/Deep/Tech/Dubby" Kind="AIFF File" Size="90104302" TotalTime="509" DiscNumber="0" TrackNumber="1" Year="2013" AverageBpm="123.00" DateAdded="2023-12-05" BitRate="1411" SampleRate="44100" Comments="5A - 4" PlayCount="0" Rating="0" Location="file://localhost/Users/zachvp/Music/DJ/01-Van_Bonn_-_Baumgartner.aif" Remixer="" Tonality="5A" Label="Telrae Germany" Mix="">
      <TEMPO Inizio="0.101" Bpm="123.00" Metro="4/4" Battito="1" />
    </TRACK>
    <TRACK TrackID="96739033" Name="Dark Forest (original mix)" Artist="Techset" Composer="" Album="Simply Deep Tech, Vol 16" Grouping="" Genre="House/Deep/Tech/" Kind="AIFF File" Size="81707858" TotalTime="462" DiscNumber="0" TrackNumber="1" Year="2023" AverageBpm="125.00" DateAdded="2023-12-05" BitRate="1411" SampleRate="44100" Comments="10A - 5" PlayCount="3" Rating="0" Location="file://localhost/Users/zachvp/Music/DJ/01-Techset_-_Dark_Forest_(original_mix).aif" Remixer="" Tonality="10A" Label="LW Recordings" Mix="">
      <TEMPO Inizio="0.401" Bpm="125.00" Metro="4/4" Battito="4" />
      <TEMPO Inizio="118.482" Bpm="125.00" Metro="4/4" Battito="2" />
      <POSITION_MARK Name="" Type="0" Start="0.885" Num="-1" />
    </TRACK>
    <TRACK TrackID="100021333" Name="Cosmic Union" Artist="Tigerbalm/Joy Tyson" Composer="" Album="Cosmic Union" Grouping="" Genre="House/Deep/Tech/Jazzy" Kind="AIFF File" Size="52264980" TotalTime="295" DiscNumber="0" TrackNumber="1" Year="2023" AverageBpm="114.00" DateAdded="2023-12-05" BitRate="1411" SampleRate="44100" Comments="6A - 4" PlayCount="2" Rating="0" Location="file://localhost/Users/zachvp/Music/DJ/01-Tigerbalm_Joy_Tyson_-_Cosmic_Union.aif" Remixer="" Tonality="6A" Label="20/20 Vision Recordings" Mix="">
      <TEMPO Inizio="0.081" Bpm="114.00" Metro="4/4" Battito="1" />
      <TEMPO Inizio="0.608" Bpm="114.00" Metro="4/4" Battito="2" />
      <TEMPO Inizio="186.398" Bpm="114.00" Metro="4/4" Battito="3" />
      <POSITION_MARK Name="" Type="0" Start="0.071" Num="-1" />
    </TRACK>
    <TRACK TrackID="210357605" Name="Party" Artist="JAY DE LYS &amp; TOMI&amp;KESH" Composer="" Album="Kick Ass Beatz" Grouping="" Genre="House/Tech/Groove" Kind="AIFF File" Size="72714244" TotalTime="411" DiscNumber="0" TrackNumber="2" Year="2020" AverageBpm="126.00" DateAdded="2023-12-05" BitRate="1411" SampleRate="44100" Comments="2A - 6" PlayCount="1" Rating="0" Location="file://localhost/Users/zachvp/Music/DJ/02-Jay_de_Lys___Tomi_Kesh_-_Party.aif" Remixer="" Tonality="2A" Label="La Pera" Mix="">
      <TEMPO Inizio="0.032" Bpm="126.00" Metro="4/4" Battito="1" />
      <TEMPO Inizio="146.223" Bpm="126.00" Metro="4/4" Battito="4" />
      <TEMPO Inizio="332.414" Bpm="126.00" Metro="4/4" Battito="3" />
    </TRACK>
    <TRACK TrackID="11124416" Name="Little Helper 407-2" Artist="Chillin Williams" Composer="" Album="Little Helpers 407" Grouping="" Genre="House/Deep/Tech/" Kind="AIFF File" Size="56785286" TotalTime="321" DiscNumber="0" TrackNumber="2" Year="2023" AverageBpm="126.02" DateAdded="2023-12-05" BitRate="1411" SampleRate="44100" Comments="9A - 5" PlayCount="3" Rating="0" Location="file://localhost/Users/zachvp/Music/DJ/02-Chillin_Williams_-_Little_Helper_407-2.aif" Remixer="" Tonality="9A" Label="Little Helpers" Mix="">
      <TEMPO Inizio="0.147" Bpm="126.02" Metro="4/4" Battito="1" />
      <TEMPO Inizio="1.100" Bpm="126.02" Metro="4/4" Battito="3" />
      <TEMPO Inizio="15.384" Bpm="126.02" Metro="4/4" Battito="1" />
      <TEMPO Inizio="29.192" Bpm="126.02" Metro="4/4" Battito="2" />
      <TEMPO Inizio="43.476" Bpm="126.02" Metro="4/4" Battito="4" />
      <TEMPO Inizio="57.760" Bpm="126.02" Metro="4/4" Battito="2" />
      <TEMPO Inizio="75.853" Bpm="126.02" Metro="4/4" Battito="4" />
      <TEMPO Inizio="90.137" Bpm="126.02" Metro="4/4" Battito="2" />
      <TEMPO Inizio="104.421" Bpm="126.02" Metro="4/4" Battito="4" />
      <TEMPO Inizio="118.705" Bpm="126.02" Metro="4/4" Battito="2" />
      <TEMPO Inizio="132.989" Bpm="126.02" Metro="4/4" Battito="4" />
      <TEMPO Inizio="147.273" Bpm="126.02" Metro="4/4" Battito="2" />
      <TEMPO Inizio="161.557" Bpm="126.02" Metro="4/4" Battito="4" />
      <TEMPO Inizio="179.650" Bpm="126.02" Metro="4/4" Battito="2" />
      <TEMPO Inizio="193.934" Bpm="126.02" Metro="4/4" Battito="4" />
      <TEMPO Inizio="208.218" Bpm="126.02" Metro="4/4" Battito="2" />
      <TEMPO Inizio="222.502" Bpm="126.02" Metro="4/4" Battito="4" />
      <TEMPO Inizio="236.786" Bpm="126.02" Metro="4/4" Battito="2" />
      <TEMPO Inizio="251.070" Bpm="126.02" Metro="4/4" Battito="4" />
      <TEMPO Inizio="265.354" Bpm="126.02" Metro="4/4" Battito="2" />
      <TEMPO Inizio="279.638" Bpm="126.02" Metro="4/4" Battito="4" />
      <TEMPO Inizio="293.922" Bpm="126.02" Metro="4/4" Battito="2" />
      <TEMPO Inizio="308.206" Bpm="126.02" Metro="4/4" Battito="4" />
    </TRACK>
    <TRACK TrackID="157504928" Name="Even If You" Artist="Jurgen Kirsch" Composer="" Album="Rock Nation/Even If You" Grouping="" Genre="House/Deep/Tech/" Kind="AIFF File" Size="67914134" TotalTime="383" DiscNumber="0" TrackNumber="2" Year="2023" AverageBpm="120.00" DateAdded="2023-12-05" BitRate="1411" SampleRate="44100" Comments="5A - 5" PlayCount="1" Rating="0" Location="file://localhost/Users/zachvp/Music/DJ/02-Jurgen_Kirsch_-_Even_If_You.aif" Remixer="" Tonality="5A" Label="Degree" Mix="">
      <TEMPO Inizio="0.001" Bpm="120.00" Metro="4/4" Battito="1" />
      <TEMPO Inizio="198.500" Bpm="120.00" Metro="4/4" Battito="2" />
    </TRACK>
    <TRACK TrackID="197349691" Name="On The Moon" Artist="Lukas Manjaro" Composer="" Album="Shadow Echoes EP" Grouping="" Genre="Lounge/Ambient" Kind="AIFF File" Size="72751814" TotalTime="411" DiscNumber="0" TrackNumber="2" Year="2023" AverageBpm="112.00" DateAdded="2023-12-05" BitRate="1411" SampleRate="44100" Comments="7A - 4" PlayCount="1" Rating="0" Location="file://localhost/Users/zachvp/Music/DJ/02-Lukas_Manjaro_-_On_The_Moon.aif" Remixer="" Tonality="7A" Label="Slick" Mix="">
      <TEMPO Inizio="0.014" Bpm="112.00" Metro="4/4" Battito="1" />
    </TRACK>
    <TRACK TrackID="133115223" Name="Little Helper 407-3" Artist="Chillin Williams" Composer="" Album="Little Helpers 407" Grouping="" Genre="House/Deep/Tech/" Kind="AIFF File" Size="66636474" TotalTime="376" DiscNumber="0" TrackNumber="3" Year="2023" AverageBpm="128.00" DateAdded="2023-12-05" BitRate="1411" SampleRate="44100" Comments="7A - 5" PlayCount="2" Rating="0" Location="file://localhost/Users/zachvp/Music/DJ/03-Chillin_Williams_-_Little_Helper_407-3.aif" Remixer="" Tonality="7A" Label="Little Helpers" Mix="">
      <TEMPO Inizio="0.099" Bpm="128.00" Metro="4/4" Battito="4" />
      <POSITION_MARK Name="" Type="0" Start="0.072" Num="-1" />
    </TRACK>
    <TRACK TrackID="258151198" Name="Night Look" Artist="S.M.A.M.B." Composer="" Album="Beat" Grouping="" Genre="House/Tech/Groove" Kind="AIFF File" Size="59215312" TotalTime="334" DiscNumber="0" TrackNumber="5" Year="2023" AverageBpm="125.00" DateAdded="2023-12-05" BitRate="1411" SampleRate="44100" Comments="2A - 6" PlayCount="2" Rating="0" Location="file://localhost/Users/zachvp/Music/DJ/05-S.M.A.M.B._-_Night_Look.aif" Remixer="" Tonality="2A" Label="No Hay Acuerdo" Mix="">
      <TEMPO Inizio="0.013" Bpm="125.00" Metro="4/4" Battito="1" />
    </TRACK>
    <TRACK TrackID="135147255" Name="Get It On (original mix)" Artist="Jansons" Composer="" Album="Nite Life" Grouping="" Genre="House/Deep/Tech/" Kind="AIFF File" Size="72283554" TotalTime="408" DiscNumber="0" TrackNumber="3" Year="2023" AverageBpm="127.00" DateAdded="2023-12-05" BitRate="1411" SampleRate="44100" Comments="3A - 6" PlayCount="0" Rating="0" Location="file://localhost/Users/zachvp/Music/DJ/03-Jansons_-_Get_It_On_(original_mix).aif" Remixer="" Tonality="3A" Label="PIV" Mix="">
      <TEMPO Inizio="0.022" Bpm="127.00" Metro="4/4" Battito="1" />
      <TEMPO Inizio="144.117" Bpm="127.00" Metro="4/4" Battito="2" />
      <TEMPO Inizio="288.212" Bpm="127.00" Metro="4/4" Battito="3" />
    </TRACK>
    <TRACK TrackID="256771534" Name="Lee More Touchy" Artist="Italoboyz &amp; Marco Donato" Composer="" Album="Neon, Part 3" Grouping="" Genre="House/Deep/Tech/" Kind="AIFF File" Size="65523504" TotalTime="370" DiscNumber="0" TrackNumber="5" Year="2023" AverageBpm="125.00" DateAdded="2023-12-05" BitRate="1411" SampleRate="44100" Comments="3A - 4" PlayCount="0" Rating="0" Location="file://localhost/Users/zachvp/Music/DJ/05-Italoboyz___Marco_Donato_-_Lee_More_Touchy.aif" Remixer="" Tonality="3A" Label="Heideton" Mix="">
      <TEMPO Inizio="0.388" Bpm="125.00" Metro="4/4" Battito="1" />
      <TEMPO Inizio="2.307" Bpm="125.00" Metro="4/4" Battito="1" />
    </TRACK>
    <TRACK TrackID="156671584" Name="Pantufa (original mix)" Artist="Djonii" Composer="" Album="Simply Deep Tech, Vol 16" Grouping="" Genre="House/Deep/Tech/" Kind="AIFF File" Size="62506138" TotalTime="353" DiscNumber="0" TrackNumber="7" Year="2023" AverageBpm="125.00" DateAdded="2023-12-05" BitRate="1411" SampleRate="44100" Comments="8A - 6" PlayCount="0" Rating="0" Location="file://localhost/Users/zachvp/Music/DJ/07-Djonii_-_Pantufa_(original_mix).aif" Remixer="" Tonality="8A" Label="LW Recordings" Mix="">
      <TEMPO Inizio="0.000" Bpm="125.00" Metro="4/4" Battito="1" />
    </TRACK>
    <TRACK TrackID="35374063" Name="For Your Love (Original Mix)" Artist="Dano, Joeski" Composer="" Album="Slow Burner" Grouping="" Genre="House/Deep/Tech/Jazzy" Kind="AIFF File" Size="88463192" TotalTime="497" DiscNumber="0" TrackNumber="1" Year="1999" AverageBpm="127.00" DateAdded="2023-12-05" BitRate="1411" SampleRate="44100" Comments="3A - 6" PlayCount="3" Rating="0" Location="file://localhost/Users/zachvp/Music/DJ/17410_For_Your_Love_(Original_Mix).aiff" Remixer="" Tonality="3A" Label="Grayhound Recordings" Mix="">
      <TEMPO Inizio="0.051" Bpm="127.00" Metro="4/4" Battito="1" />
      <TEMPO Inizio="67.609" Bpm="127.00" Metro="4/4" Battito="4" />
      <TEMPO Inizio="155.482" Bpm="127.00" Metro="4/4" Battito="2" />
      <TEMPO Inizio="243.355" Bpm="127.00" Metro="4/4" Battito="4" />
      <TEMPO Inizio="331.228" Bpm="127.00" Metro="4/4" Battito="2" />
      <TEMPO Inizio="414.849" Bpm="127.00" Metro="4/4" Battito="3" />
    </TRACK>
    <TRACK TrackID="158468399" Name="Stylistic Sense (Special mix)" Artist="Platzdasch &amp; Dix" Composer="" Album="Closer Touch EP" Grouping="" Genre="House/Deep/Tech/Jazzy" Kind="AIFF File" Size="72368710" TotalTime="409" DiscNumber="0" TrackNumber="3" Year="2021" AverageBpm="118.00" DateAdded="2023-12-05" BitRate="1411" SampleRate="44100" Comments="3A - 5" PlayCount="1" Rating="0" Location="file://localhost/Users/zachvp/Music/DJ/03-Platzdasch___Dix_-_Stylistic_Sense_(Special_mix).aif" Remixer="" Tonality="3A" Label="Delve Deeper Recordings" Mix="">
      <TEMPO Inizio="0.022" Bpm="118.00" Metro="4/4" Battito="1" />
      <TEMPO Inizio="0.531" Bpm="118.00" Metro="4/4" Battito="2" />
    </TRACK>
    <TRACK TrackID="197461047" Name="Insomnia (Ame Remix)" Artist="Rocco Rodamaal, Claudia Franco" Composer="" Album="John Digweed Live In Cordoba" Grouping="" Genre="House/Deep/Tech/Spacey" Kind="AIFF File" Size="97395290" TotalTime="551" DiscNumber="0" TrackNumber="23" Year="2012" AverageBpm="125.87" DateAdded="2023-12-05" BitRate="1411" SampleRate="44100" Comments="6A - 7" PlayCount="0" Rating="0" Location="file://localhost/Users/zachvp/Music/DJ/3446171_Insomnia_(Ame_Remix).aiff" Remixer="" Tonality="6A" Label="Bedrock Records" Mix="">
      <TEMPO Inizio="0.027" Bpm="125.87" Metro="4/4" Battito="1" />
    </TRACK>
    <TRACK TrackID="233339361" Name="Popcorn Party (original mix)" Artist="The Sound Diggers" Composer="" Album="Don't Change EP" Grouping="" Genre="House/Deep/Tech/Jazzy" Kind="AIFF File" Size="76127078" TotalTime="430" DiscNumber="0" TrackNumber="3" Year="2008" AverageBpm="125.00" DateAdded="2023-12-05" BitRate="1411" SampleRate="44100" Comments="5A - 6" PlayCount="3" Rating="0" Location="file://localhost/Users/zachvp/Music/DJ/03-The_Sound_Diggers_-_Popcorn_Party_(original_mix).aif" Remixer="" Tonality="5A" Label="Shrewd Music" Mix="">
      <TEMPO Inizio="0.251" Bpm="125.00" Metro="4/4" Battito="1" />
      <TEMPO Inizio="131.290" Bpm="125.00" Metro="4/4" Battito="2" />
    </TRACK>
    <TRACK TrackID="263151526" Name="Te Esfolei (original mix)" Artist="Nocapz." Composer="" Album="Simply Deep Tech, Vol 16" Grouping="" Genre="House/Deep/Tech/" Kind="AIFF File" Size="42723054" TotalTime="241" DiscNumber="0" TrackNumber="17" Year="2023" AverageBpm="130.00" DateAdded="2023-12-05" BitRate="1411" SampleRate="44100" Comments="8A - 6" PlayCount="0" Rating="0" Location="file://localhost/Users/zachvp/Music/DJ/17-Nocapz._-_Te_Esfolei_(original_mix).aif" Remixer="" Tonality="8A" Label="LW Recordings" Mix="">
      <TEMPO Inizio="0.332" Bpm="130.00" Metro="4/4" Battito="1" />
    </TRACK>
    <TRACK TrackID="128568082" Name="Hi-Fi (Original Mix)" Artist="Italoboyz" Composer="" Album="Hi-Fi EP" Grouping="" Genre="House/Tech/Groove" Kind="AIFF File" Size="82963092" TotalTime="470" DiscNumber="0" TrackNumber="1" Year="2013" AverageBpm="125.00" DateAdded="2023-12-05" BitRate="1411" SampleRate="44100" Comments="6A - 6" PlayCount="2" Rating="0" Location="file://localhost/Users/zachvp/Music/DJ/4161890_Hi-Fi_(Original_Mix).aiff" Remixer="" Tonality="6A" Label="Saved Records" Mix="">
      <TEMPO Inizio="0.276" Bpm="125.00" Metro="4/4" Battito="1" />
      <POSITION_MARK Name="" Type="0" Start="123.152" Num="-1" />
      <POSITION_MARK Name="" Type="0" Start="351.626" Num="-1" />
    </TRACK>
    <TRACK TrackID="247912606" Name="Ramba Zamba (extended mix)" Artist="De La Maso &amp; Dario La Mazza" Composer="" Album="Unique Underground Vol 16" Grouping="" Genre="House/Tech/Groove" Kind="AIFF File" Size="72746856" TotalTime="411" DiscNumber="0" TrackNumber="4" Year="2021" AverageBpm="126.00" DateAdded="2023-12-05" BitRate="1411" SampleRate="44100" Comments="5A - 6" PlayCount="0" Rating="0" Location="file://localhost/Users/zachvp/Music/DJ/04-De_La_Maso___Dario_La_Mazza_-_Ramba_Zamba_(extended_mix).aif" Remixer="" Tonality="5A" Label="Recovery Tech" Mix="">
      <TEMPO Inizio="0.003" Bpm="126.00" Metro="4/4" Battito="1" />
      <TEMPO Inizio="0.956" Bpm="126.00" Metro="4/4" Battito="3" />
    </TRACK>
    <TRACK TrackID="266436194" Name="Burnin' (Original Mix)" Artist="Jansons" Composer="" Album="Burnin' EP" Grouping="" Genre="House/Tech/Groove" Kind="AIFF File" Size="67447110" TotalTime="382" DiscNumber="0" TrackNumber="1" Year="2018" AverageBpm="126.00" DateAdded="2023-12-05" BitRate="1411" SampleRate="44100" Comments="5A - 6" PlayCount="3" Rating="0" Location="file://localhost/Users/zachvp/Music/DJ/11137513_Burnin__(Original_Mix).aiff" Remixer="" Tonality="5A" Label="8Bit" Mix="">
      <TEMPO Inizio="0.221" Bpm="126.00" Metro="4/4" Battito="4" />
      <TEMPO Inizio="1.174" Bpm="126.00" Metro="4/4" Battito="2" />
    </TRACK>
    <TRACK TrackID="7371334" Name="Never Can Say Goodbye (Rocket Remix)" Artist="Rob Paine" Composer="" Album="Never Can Say Goodbye" Grouping="" Genre="House/Deep/Tech/Breaks" Kind="AIFF File" Size="69999780" TotalTime="391" DiscNumber="0" TrackNumber="1" Year="1999" AverageBpm="130.13" DateAdded="2023-12-05" BitRate="1411" SampleRate="44100" Comments="5A - 7" PlayCount="1" Rating="0" Location="file://localhost/Users/zachvp/Music/DJ/17411_Never_Can_Say_Goodbye_(Rocket_Remix).aiff" Remixer="" Tonality="5A" Label="Grayhound Recordings" Mix="">
      <TEMPO Inizio="0.039" Bpm="130.13" Metro="4/4" Battito="1" />
      <TEMPO Inizio="1.884" Bpm="130.13" Metro="4/4" Battito="1" />
      <TEMPO Inizio="58.136" Bpm="130.13" Metro="4/4" Battito="3" />
      <TEMPO Inizio="126.376" Bpm="130.13" Metro="4/4" Battito="3" />
      <TEMPO Inizio="188.622" Bpm="130.13" Metro="4/4" Battito="2" />
      <TEMPO Inizio="250.868" Bpm="130.13" Metro="4/4" Battito="1" />
      <TEMPO Inizio="319.108" Bpm="130.13" Metro="4/4" Battito="1" />
      <TEMPO Inizio="381.354" Bpm="130.13" Metro="4/4" Battito="4" />
      <POSITION_MARK Name="" Type="0" Start="60.918" Num="-1" />
    </TRACK>
    <TRACK TrackID="94269602" Name="High School Art Class (Original Mix)" Artist="Pretty Lights" Composer="" Album="Spilling Over Every Side" Grouping="" Genre="Lounge/Indie" Kind="AIFF File" Size="94020922" TotalTime="532" DiscNumber="0" TrackNumber="1" Year="2010" AverageBpm="107.00" DateAdded="2023-12-05" BitRate="1411" SampleRate="44100" Comments="8A - 6" PlayCount="0" Rating="0" Location="file://localhost/Users/zachvp/Music/DJ/1871324_High_School_Art_Class_(Original_Mix).aiff" Remixer="" Tonality="8A" Label="Pretty Lights Music" Mix="">
      <TEMPO Inizio="0.002" Bpm="107.00" Metro="4/4" Battito="3" />
    </TRACK>
    <TRACK TrackID="19630403" Name="Babe (Original Mix)" Artist="Reboot" Composer="" Album="Babyback" Grouping="" Genre="House/Deep/Tech/" Kind="AIFF File" Size="85061848" TotalTime="481" DiscNumber="0" TrackNumber="5" Year="2022" AverageBpm="128.00" DateAdded="2023-12-05" BitRate="1411" SampleRate="44100" Comments="10A - 5" PlayCount="1" Rating="0" Location="file://localhost/Users/zachvp/Music/DJ/17033657_Babe_(Original_Mix).aiff" Remixer="" Tonality="10A" Label="Personality Disorder Music" Mix="">
      <TEMPO Inizio="0.437" Bpm="128.00" Metro="4/4" Battito="1" />
    </TRACK>
    <TRACK TrackID="115646170" Name="That's What I Want (Different extended mix)" Artist="Shake" Composer="" Album="Club Scam EP" Grouping="" Genre="House/Deep/Tech/Jazzy" Kind="AIFF File" Size="53835334" TotalTime="305" DiscNumber="0" TrackNumber="4" Year="2015" AverageBpm="121.01" DateAdded="2023-12-05" BitRate="1411" SampleRate="44100" Comments="7A - 6" PlayCount="2" Rating="0" Location="file://localhost/Users/zachvp/Music/DJ/04-Shake_-_That%27s_What_I_Want_(Different_extended_mix).aif" Remixer="" Tonality="7A" Label="KMS" Mix="">
      <TEMPO Inizio="0.131" Bpm="121.01" Metro="4/4" Battito="3" />
    </TRACK>
    <TRACK TrackID="240485642" Name="My Tribe (Soul Clap Westrumental)" Artist="Brandon Lucas, Soul Clap, Afriqua, Life On Planets, Cornel West" Composer="" Album="My Tribe (Soul Clap Remixes)" Grouping="" Genre="House/Deep/Tech/Jazzy" Kind="AIFF File" Size="78185422" TotalTime="443" DiscNumber="0" TrackNumber="2" Year="2023" AverageBpm="127.00" DateAdded="2023-12-05" BitRate="1411" SampleRate="44100" Comments="9A - 6" PlayCount="3" Rating="0" Location="file://localhost/Users/zachvp/Music/DJ/02-Brandon_Lucas_Soul_Clap_Afriqua_Life_On_Planets_feat_Cornel_West_-_My_Tribe_(Soul_Clap_Westrumental).aif" Remixer="" Tonality="9A" Label="Purple Love" Mix="">
      <TEMPO Inizio="0.071" Bpm="127.00" Metro="4/4" Battito="1" />
      <TEMPO Inizio="0.544" Bpm="127.00" Metro="4/4" Battito="2" />
      <TEMPO Inizio="100.702" Bpm="127.00" Metro="4/4" Battito="2" />
      <TEMPO Inizio="348.734" Bpm="127.00" Metro="4/4" Battito="3" />
      <POSITION_MARK Name="" Type="0" Start="105.919" Num="-1" />
    </TRACK>
    <TRACK TrackID="222948949" Name="Hot Like Dimes (Original Mix)" Artist="Pretty Lights" Composer="" Album="Spilling Over Every Side" Grouping="" Genre="Lounge/Indie" Kind="AIFF File" Size="78198740" TotalTime="443" DiscNumber="0" TrackNumber="2" Year="2010" AverageBpm="90.20" DateAdded="2023-12-05" BitRate="1411" SampleRate="44100" Comments="2A - 6" PlayCount="1" Rating="0" Location="file://localhost/Users/zachvp/Music/DJ/1871325_Hot_Like_Dimes_(Original_Mix).aiff" Remixer="" Tonality="2A" Label="Pretty Lights Music" Mix="">
      <TEMPO Inizio="0.003" Bpm="90.20" Metro="4/4" Battito="1" />
      <TEMPO Inizio="300.002" Bpm="90.20" Metro="4/4" Battito="4" />
    </TRACK>
    <TRACK TrackID="184504362" Name="The Need (Kevin Saunderson extended remix)" Artist="Cevin Fisher" Composer="" Album="The Best Of KMS Classics, Pt. 5" Grouping="" Genre="House/Techno/" Kind="AIFF File" Size="66346866" TotalTime="375" DiscNumber="0" TrackNumber="11" Year="2023" AverageBpm="128.00" DateAdded="2023-12-05" BitRate="1411" SampleRate="44100" Comments="9A - 6" PlayCount="0" Rating="0" Location="file://localhost/Users/zachvp/Music/DJ/11-Cevin_Fisher_-_The_Need_(Kevin_Saunderson_extended_remix).aif" Remixer="" Tonality="9A" Label="Armada Music Holland" Mix="">
      <TEMPO Inizio="0.002" Bpm="128.00" Metro="4/4" Battito="1" />
    </TRACK>
    <TRACK TrackID="46863007" Name="Let The World Hurry By (Original Mix)" Artist="Pretty Lights" Composer="" Album="Spilling Over Every Side" Grouping="" Genre="Lounge/Indie" Kind="AIFF File" Size="80160760" TotalTime="454" DiscNumber="0" TrackNumber="3" Year="2010" AverageBpm="87.00" DateAdded="2023-12-05" BitRate="1411" SampleRate="44100" Comments="7A - 6" PlayCount="0" Rating="0" Location="file://localhost/Users/zachvp/Music/DJ/1871326_Let_The_World_Hurry_By_(Original_Mix).aiff" Remixer="" Tonality="7A" Label="Pretty Lights Music" Mix="">
      <TEMPO Inizio="0.348" Bpm="87.00" Metro="4/4" Battito="1" />
    </TRACK>
    <TRACK TrackID="67253099" Name="Change (Original Mix)" Artist="Alessio Bianchi" Composer="" Album="Change" Grouping="" Genre="House/Deep/Tech/" Kind="AIFF File" Size="64883872" TotalTime="363" DiscNumber="0" TrackNumber="1" Year="2023" AverageBpm="129.00" DateAdded="2023-12-05" BitRate="1411" SampleRate="44100" Comments="10A - 6" PlayCount="1" Rating="0" Location="file://localhost/Users/zachvp/Music/DJ/17374490_Change_(Original_Mix).aiff" Remixer="" Tonality="10A" Label="La Pera Records" Mix="">
      <TEMPO Inizio="0.002" Bpm="129.00" Metro="4/4" Battito="1" />
      <TEMPO Inizio="73.956" Bpm="129.00" Metro="4/4" Battito="4" />
      <TEMPO Inizio="347.910" Bpm="129.00" Metro="4/4" Battito="1" />
    </TRACK>
    <TRACK TrackID="16383127" Name="Reveal (extended mix)" Artist="Kevin Saunderson &amp; Art Department" Composer="" Album="Origins In The Mix (unmixed Tracks)" Grouping="" Genre="House/Tech/Groove" Kind="AIFF File" Size="70656380" TotalTime="399" DiscNumber="0" TrackNumber="11" Year="2018" AverageBpm="125.00" DateAdded="2023-12-05" BitRate="1411" SampleRate="44100" Comments="5A - 6" PlayCount="3" Rating="0" Location="file://localhost/Users/zachvp/Music/DJ/11-Kevin_Saunderson___Art_Department_-_Reveal_(extended_mix).aif" Remixer="" Tonality="5A" Label="KMS" Mix="">
      <TEMPO Inizio="0.030" Bpm="125.00" Metro="4/4" Battito="1" />
      <TEMPO Inizio="1.949" Bpm="125.00" Metro="4/4" Battito="1" />
      <POSITION_MARK Name="" Type="0" Start="92.164" Num="-1" />
      <POSITION_MARK Name="" Type="0" Start="122.892" Num="-1" />
    </TRACK>
    <TRACK TrackID="178267536" Name="El-Kurru (Original Mix)" Artist="Reggie Dokes" Composer="" Album="Kerma" Grouping="" Genre="House/Deep/Tech/Jazzy" Kind="AIFF File" Size="64408024" TotalTime="351" DiscNumber="0" TrackNumber="4" Year="2023" AverageBpm="120.00" DateAdded="2023-12-05" BitRate="1411" SampleRate="44100" Comments="9A - 5" PlayCount="3" Rating="0" Location="file://localhost/Users/zachvp/Music/DJ/17465153_El-Kurru_(Original_Mix).aiff" Remixer="" Tonality="9A" Label="Symphonic Distribution" Mix="">
      <TEMPO Inizio="0.499" Bpm="120.00" Metro="4/4" Battito="2" />
      <POSITION_MARK Name="" Type="0" Start="31.999" Num="-1" />
      <POSITION_MARK Name="" Type="0" Start="223.983" Num="-1" />
    </TRACK>
    <TRACK TrackID="183012304" Name="Look Both Ways (Original Mix)" Artist="Pretty Lights" Composer="" Album="Spilling Over Every Side" Grouping="" Genre="Lounge/Indie" Kind="AIFF File" Size="73143736" TotalTime="414" DiscNumber="0" TrackNumber="4" Year="2010" AverageBpm="117.00" DateAdded="2023-12-05" BitRate="1411" SampleRate="44100" Comments="6A - 7" PlayCount="1" Rating="0" Location="file://localhost/Users/zachvp/Music/DJ/1871327_Look_Both_Ways_(Original_Mix).aiff" Remixer="" Tonality="6A" Label="Pretty Lights Music" Mix="">
      <TEMPO Inizio="0.002" Bpm="117.00" Metro="4/4" Battito="1" />
    </TRACK>
    <TRACK TrackID="232509550" Name="Just Want Another Chance" Artist="Reese &amp; Kevin Saunderson" Composer="" Album="Faces And Phases" Grouping="" Genre="House/Tech/Groove" Kind="AIFF File" Size="53722950" TotalTime="304" DiscNumber="0" TrackNumber="17" Year="2023" AverageBpm="121.26" DateAdded="2023-12-05" BitRate="1411" SampleRate="44100" Comments="3A - 6" PlayCount="2" Rating="0" Location="file://localhost/Users/zachvp/Music/DJ/17-Reese___Kevin_Saunderson_-_Just_Want_Another_Chance.aif" Remixer="" Tonality="3A" Label="KMS" Mix="">
      <TEMPO Inizio="0.007" Bpm="121.26" Metro="4/4" Battito="1" />
      <POSITION_MARK Name="" Type="0" Start="79.265" Num="-1" />
      <POSITION_MARK Name="" Type="0" Start="241.474" Num="-1" />
      <POSITION_MARK Name="" Type="0" Start="158.355" Num="-1" />
    </TRACK>
    <TRACK TrackID="232007902" Name="Forever Lost (Original Mix)" Artist="Pretty Lights" Composer="" Album="Spilling Over Every Side" Grouping="" Genre="Lounge/Indie" Kind="AIFF File" Size="54482810" TotalTime="308" DiscNumber="0" TrackNumber="5" Year="2010" AverageBpm="105.00" DateAdded="2023-12-05" BitRate="1411" SampleRate="44100" Comments="12A - 7" PlayCount="0" Rating="0" Location="file://localhost/Users/zachvp/Music/DJ/1871328_Forever_Lost_(Original_Mix).aiff" Remixer="" Tonality="12A" Label="Pretty Lights Music" Mix="">
      <TEMPO Inizio="0.002" Bpm="105.00" Metro="4/4" Battito="1" />
      <TEMPO Inizio="48.574" Bpm="105.00" Metro="4/4" Battito="2" />
      <TEMPO Inizio="193.146" Bpm="105.00" Metro="4/4" Battito="3" />
    </TRACK>
    <TRACK TrackID="243442999" Name="A Million Tomorrows (Original Mix)" Artist="Pretty Lights" Composer="" Album="Spilling Over Every Side" Grouping="" Genre="Lounge/Indie" Kind="AIFF File" Size="81249570" TotalTime="460" DiscNumber="0" TrackNumber="6" Year="2010" AverageBpm="90.20" DateAdded="2023-12-05" BitRate="1411" SampleRate="44100" Comments="2A - 7" PlayCount="1" Rating="0" Location="file://localhost/Users/zachvp/Music/DJ/1871329_A_Million_Tomorrows_(Original_Mix).aiff" Remixer="" Tonality="2A" Label="Pretty Lights Music" Mix="">
      <TEMPO Inizio="0.003" Bpm="90.20" Metro="4/4" Battito="1" />
      <TEMPO Inizio="1.334" Bpm="90.20" Metro="4/4" Battito="3" />
      <TEMPO Inizio="139.027" Bpm="90.20" Metro="4/4" Battito="2" />
      <TEMPO Inizio="276.720" Bpm="90.20" Metro="4/4" Battito="1" />
      <TEMPO Inizio="425.056" Bpm="90.20" Metro="4/4" Battito="4" />
    </TRACK>
    <TRACK TrackID="120508062" Name="Don't Talk feat. Fadila (The Glitz Remix)" Artist="Fadila, Italoboyz" Composer="" Album="The Glitz - Selected Remixes" Grouping="" Genre="House/Deep/Tech/Jazzy" Kind="AIFF File" Size="76314220" TotalTime="432" DiscNumber="0" TrackNumber="2" Year="2014" AverageBpm="125.00" DateAdded="2023-12-05" BitRate="1411" SampleRate="44100" Comments="9A - 5" PlayCount="3" Rating="0" Location="file://localhost/Users/zachvp/Music/DJ/5715920_Don_t_Talk_feat._Fadila_(The_Glitz_Remix).aiff" Remixer="" Tonality="9A" Label="Voltage Musique Records" Mix="">
      <TEMPO Inizio="0.409" Bpm="125.00" Metro="4/4" Battito="1" />
      <TEMPO Inizio="356.570" Bpm="125.00" Metro="4/4" Battito="3" />
    </TRACK>
    <TRACK TrackID="78057250" Name="Mute Navigator (Original Mix)" Artist="Nick Curly" Composer="" Album="Mute Navigator" Grouping="" Genre="House/Deep/Tech/" Kind="AIFF File" Size="71694520" TotalTime="404" DiscNumber="0" TrackNumber="1" Year="2020" AverageBpm="124.00" DateAdded="2023-12-05" BitRate="1411" SampleRate="44100" Comments="1A - 6" PlayCount="3" Rating="0" Location="file://localhost/Users/zachvp/Music/DJ/14330307_Mute_Navigator_(Original_Mix).aiff" Remixer="" Tonality="1A" Label="RADIANT." Mix="">
      <TEMPO Inizio="0.051" Bpm="124.00" Metro="4/4" Battito="1" />
    </TRACK>
    <TRACK TrackID="237824637" Name="Corcho (Kimshies Remix)" Artist="AFFKT" Composer="" Album="Corcho" Grouping="" Genre="House/Tech/Indie/Retro" Kind="AIFF File" Size="66709466" TotalTime="365" DiscNumber="0" TrackNumber="3" Year="2023" AverageBpm="120.00" DateAdded="2023-12-05" BitRate="1411" SampleRate="44100" Comments="3A - 7" PlayCount="0" Rating="0" Location="file://localhost/Users/zachvp/Music/DJ/17607098_Corcho_(Kimshies_Remix).aiff" Remixer="" Tonality="3A" Label="Dust &amp; Blood" Mix="">
      <TEMPO Inizio="0.011" Bpm="120.00" Metro="4/4" Battito="1" />
      <TEMPO Inizio="156.010" Bpm="120.00" Metro="4/4" Battito="1" />
      <TEMPO Inizio="156.511" Bpm="120.00" Metro="4/4" Battito="2" />
      <TEMPO Inizio="157.010" Bpm="120.00" Metro="4/4" Battito="3" />
      <TEMPO Inizio="157.511" Bpm="120.00" Metro="4/4" Battito="4" />
      <TEMPO Inizio="158.010" Bpm="120.00" Metro="4/4" Battito="1" />
      <TEMPO Inizio="158.511" Bpm="120.00" Metro="4/4" Battito="2" />
      <TEMPO Inizio="159.010" Bpm="120.00" Metro="4/4" Battito="3" />
      <TEMPO Inizio="159.511" Bpm="120.00" Metro="4/4" Battito="4" />
      <TEMPO Inizio="160.010" Bpm="120.00" Metro="4/4" Battito="1" />
      <TEMPO Inizio="160.511" Bpm="120.00" Metro="4/4" Battito="2" />
      <TEMPO Inizio="161.010" Bpm="120.00" Metro="4/4" Battito="3" />
      <TEMPO Inizio="161.511" Bpm="120.00" Metro="4/4" Battito="4" />
      <TEMPO Inizio="162.010" Bpm="120.00" Metro="4/4" Battito="1" />
      <TEMPO Inizio="162.511" Bpm="120.00" Metro="4/4" Battito="2" />
      <TEMPO Inizio="163.010" Bpm="120.00" Metro="4/4" Battito="3" />
      <TEMPO Inizio="163.511" Bpm="120.00" Metro="4/4" Battito="4" />
      <TEMPO Inizio="164.010" Bpm="120.00" Metro="4/4" Battito="1" />
      <TEMPO Inizio="164.511" Bpm="120.00" Metro="4/4" Battito="2" />
      <TEMPO Inizio="165.010" Bpm="120.00" Metro="4/4" Battito="3" />
      <TEMPO Inizio="165.511" Bpm="120.00" Metro="4/4" Battito="4" />
      <TEMPO Inizio="166.010" Bpm="120.00" Metro="4/4" Battito="1" />
      <TEMPO Inizio="166.511" Bpm="120.00" Metro="4/4" Battito="2" />
      <TEMPO Inizio="167.010" Bpm="120.00" Metro="4/4" Battito="3" />
    </TRACK>
    <TRACK TrackID="126860879" Name="2 Point Five (Gabriel Slick Remix)" Artist="Matt Gray (UK)" Composer="" Album="Purple Sun Spring 21" Grouping="" Genre="House/Deep/Tech/" Kind="AIFF File" Size="78030884" TotalTime="432" DiscNumber="0" TrackNumber="2" Year="2021" AverageBpm="124.00" DateAdded="2023-12-05" BitRate="1411" SampleRate="44100" Comments="2A - 5" PlayCount="3" Rating="0" Location="file://localhost/Users/zachvp/Music/DJ/15020947_2_Point_Five_(Gabriel_Slick_Remix).aiff" Remixer="" Tonality="2A" Label="Purple Sun Records" Mix="">
      <TEMPO Inizio="0.000" Bpm="124.00" Metro="4/4" Battito="1" />
    </TRACK>
    <TRACK TrackID="58536591" Name="House For All (Original Mix)" Artist="Macarti" Composer="" Album="VA III" Grouping="" Genre="House/Tech/" Kind="AIFF File" Size="72231388" TotalTime="397" DiscNumber="0" TrackNumber="18" Year="2021" AverageBpm="128.00" DateAdded="2023-12-05" BitRate="1411" SampleRate="44100" Comments="8A - 6" PlayCount="1" Rating="0" Location="file://localhost/Users/zachvp/Music/DJ/15405730_House_For_All_(Original_Mix).aiff" Remixer="" Tonality="8A" Label="HOTOVEN" Mix="">
      <TEMPO Inizio="0.033" Bpm="128.00" Metro="4/4" Battito="1" />
    </TRACK>
    <TRACK TrackID="69727169" Name="Vesela (Original Mix)" Artist="Kelly Moran" Composer="" Album="Vesela" Grouping="" Genre="Lounge/" Kind="AIFF File" Size="40667212" TotalTime="227" DiscNumber="0" TrackNumber="1" Year="2023" AverageBpm="89.11" DateAdded="2023-12-05" BitRate="1411" SampleRate="44100" Comments="6A - 2" PlayCount="1" Rating="0" Location="file://localhost/Users/zachvp/Music/DJ/18271215_Vesela_(Original_Mix).aiff" Remixer="" Tonality="6A" Label="Warp Records" Mix="">
      <TEMPO Inizio="0.243" Bpm="89.11" Metro="4/4" Battito="1" />
      <TEMPO Inizio="17.750" Bpm="89.11" Metro="4/4" Battito="3" />
      <TEMPO Inizio="53.437" Bpm="89.11" Metro="4/4" Battito="4" />
      <TEMPO Inizio="95.184" Bpm="89.11" Metro="4/4" Battito="2" />
      <TEMPO Inizio="130.871" Bpm="89.11" Metro="4/4" Battito="3" />
      <TEMPO Inizio="166.558" Bpm="89.11" Metro="4/4" Battito="4" />
      <TEMPO Inizio="208.305" Bpm="89.11" Metro="4/4" Battito="2" />
    </TRACK>
    <TRACK TrackID="243201254" Name="Color Wheel (Original Mix)" Artist="Nestor Arriaga" Composer="" Album="Selections II" Grouping="" Genre="House/Deep/Tech/" Kind="AIFF File" Size="67910612" TotalTime="379" DiscNumber="0" TrackNumber="9" Year="2021" AverageBpm="125.00" DateAdded="2023-12-05" BitRate="1411" SampleRate="44100" Comments="12A - 6" PlayCount="2" Rating="0" Location="file://localhost/Users/zachvp/Music/DJ/16044592_Color_Wheel_(Original_Mix).aiff" Remixer="" Tonality="12A" Label="Krad Selected" Mix="">
      <TEMPO Inizio="0.001" Bpm="125.00" Metro="4/4" Battito="1" />
    </TRACK>
    <TRACK TrackID="159876873" Name="Soft Focus (Original Mix)" Artist="Kelly Moran" Composer="" Album="Vesela" Grouping="" Genre="Lounge/" Kind="AIFF File" Size="47002298" TotalTime="263" DiscNumber="0" TrackNumber="2" Year="2023" AverageBpm="133.11" DateAdded="2023-12-05" BitRate="1411" SampleRate="44100" Comments="3A - 2" PlayCount="0" Rating="0" Location="file://localhost/Users/zachvp/Music/DJ/18271216_Soft_Focus_(Original_Mix).aiff" Remixer="" Tonality="3A" Label="Warp Records" Mix="">
      <TEMPO Inizio="0.164" Bpm="133.11" Metro="4/4" Battito="4" />
    </TRACK>
    <TRACK TrackID="74610021" Name="Siana &quot;Woza-Woza&quot; (Ron Trent's Remix)" Artist="Danilo Braca" Composer="" Album="Siana &quot;Woza-Woza&quot; (Ron Trent Remix)" Grouping="" Genre="House/Deep/Tech/Jazzy" Kind="AIFF File" Size="104783824" TotalTime="590" DiscNumber="0" TrackNumber="2" Year="2023" AverageBpm="120.01" DateAdded="2023-12-05" BitRate="1411" SampleRate="44100" Comments="7A - 6" PlayCount="2" Rating="0" Location="file://localhost/Users/zachvp/Music/DJ/18023390_Siana__Woza-Woza__(Ron_Trent_s_Remix).aiff" Remixer="" Tonality="7A" Label="TSoNYC - The Sound of New York City" Mix="">
      <TEMPO Inizio="0.087" Bpm="120.01" Metro="4/4" Battito="1" />
      <TEMPO Inizio="15.587" Bpm="120.01" Metro="4/4" Battito="4" />
      <TEMPO Inizio="80.584" Bpm="120.01" Metro="4/4" Battito="2" />
      <TEMPO Inizio="145.581" Bpm="120.01" Metro="4/4" Battito="4" />
      <TEMPO Inizio="168.080" Bpm="120.01" Metro="4/4" Battito="1" />
      <TEMPO Inizio="190.079" Bpm="120.01" Metro="4/4" Battito="1" />
      <TEMPO Inizio="233.077" Bpm="120.01" Metro="4/4" Battito="3" />
      <TEMPO Inizio="255.076" Bpm="120.01" Metro="4/4" Battito="3" />
      <TEMPO Inizio="298.074" Bpm="120.01" Metro="4/4" Battito="1" />
      <TEMPO Inizio="320.073" Bpm="120.01" Metro="4/4" Battito="1" />
      <TEMPO Inizio="385.070" Bpm="120.01" Metro="4/4" Battito="3" />
      <TEMPO Inizio="450.067" Bpm="120.01" Metro="4/4" Battito="1" />
      <TEMPO Inizio="515.064" Bpm="120.01" Metro="4/4" Battito="3" />
      <TEMPO Inizio="580.061" Bpm="120.01" Metro="4/4" Battito="1" />
    </TRACK>
    <TRACK TrackID="266425382" Name="The Test" Artist="Dive Craft" Composer="" Album="Aquarium Rave" Grouping="" Genre="zzz" Kind="AIFF File" Size="74150888" TotalTime="418" DiscNumber="0" TrackNumber="3" Year="2023" AverageBpm="118.00" DateAdded="2023-12-05" BitRate="1411" SampleRate="44100" Comments="5A - 4" PlayCount="0" Rating="0" Location="file://localhost/Users/zachvp/Music/DJ/Dive%20Craft%20-%20Aquarium%20Rave%20-%2003%20The%20Test.aiff" Remixer="" Tonality="5A" Label="" Mix="">
      <TEMPO Inizio="0.000" Bpm="118.00" Metro="4/4" Battito="1" />
      <TEMPO Inizio="340.170" Bpm="118.00" Metro="4/4" Battito="2" />
    </TRACK>
    <TRACK TrackID="59926343" Name="Medusa (Variations on a theme by Sakamoto) (Original Mix)" Artist="Kelly Moran" Composer="" Album="Vesela" Grouping="" Genre="Lounge/" Kind="AIFF File" Size="73811666" TotalTime="415" DiscNumber="0" TrackNumber="3" Year="2023" AverageBpm="156.10" DateAdded="2023-12-05" BitRate="1411" SampleRate="44100" Comments="8B - 2" PlayCount="0" Rating="0" Location="file://localhost/Users/zachvp/Music/DJ/18271217_Medusa_(Variations_on_a_theme_by_Sakamoto)_(Original_Mix).aiff" Remixer="" Tonality="8B" Label="Warp Records" Mix="">
      <TEMPO Inizio="0.036" Bpm="156.10" Metro="4/4" Battito="1" />
      <TEMPO Inizio="0.421" Bpm="156.10" Metro="4/4" Battito="2" />
    </TRACK>
    <TRACK TrackID="224447040" Name="Eternal Moment" Artist="Dive Craft" Composer="" Album="Aquarium Rave" Grouping="" Genre="House/Deep/Tech/Dubby" Kind="AIFF File" Size="97879896" TotalTime="553" DiscNumber="0" TrackNumber="4" Year="2023" AverageBpm="118.00" DateAdded="2023-12-05" BitRate="1411" SampleRate="44100" Comments="5A - 5" PlayCount="1" Rating="0" Location="file://localhost/Users/zachvp/Music/DJ/Dive%20Craft%20-%20Aquarium%20Rave%20-%2004%20Eternal%20Moment.aiff" Remixer="" Tonality="5A" Label="" Mix="">
      <TEMPO Inizio="0.000" Bpm="118.00" Metro="4/4" Battito="1" />
    </TRACK>
    <TRACK TrackID="248895554" Name="Aint No Other Man (JJ Edit)" Artist="Christina Aguilera" Composer="" Album="" Grouping="" Genre="House/Tech/Indie/" Kind="AIFF File" Size="65498466" TotalTime="371" DiscNumber="0" TrackNumber="0" Year="0" AverageBpm="128.00" DateAdded="2023-12-05" BitRate="1411" SampleRate="44100" Comments="4A - 6" PlayCount="3" Rating="0" Location="file://localhost/Users/zachvp/Music/DJ/Christina%20Aguilera%20-%20Aint%20No%20Other%20Man%20(JJ%20Edit).aiff" Remixer="" Tonality="4A" Label="" Mix="">
      <TEMPO Inizio="0.024" Bpm="128.00" Metro="4/4" Battito="1" />
    </TRACK>
    <TRACK TrackID="175868006" Name="I Don't Mind" Artist="Dive Craft" Composer="" Album="Aquarium Rave" Grouping="" Genre="House/Deep/Tech/" Kind="AIFF File" Size="70612636" TotalTime="398" DiscNumber="0" TrackNumber="6" Year="2023" AverageBpm="118.00" DateAdded="2023-12-05" BitRate="1411" SampleRate="44100" Comments="10A - 5" PlayCount="1" Rating="0" Location="file://localhost/Users/zachvp/Music/DJ/Dive%20Craft%20-%20Aquarium%20Rave%20-%2006%20I%20Don%27t%20Mind.aiff" Remixer="" Tonality="10A" Label="" Mix="">
      <TEMPO Inizio="0.006" Bpm="118.00" Metro="4/4" Battito="1" />
      <TEMPO Inizio="210.005" Bpm="118.00" Metro="4/4" Battito="2" />
    </TRACK>
    <TRACK TrackID="85433557" Name="Welcome 2 My House" Artist="LADYMONIX" Composer="" Album="Welcome 2 My House" Grouping="" Genre="House/Tech/Groove" Kind="AIFF File" Size="65380300" TotalTime="363" DiscNumber="0" TrackNumber="3" Year="2023" AverageBpm="127.00" DateAdded="2023-12-05" BitRate="1411" SampleRate="44100" Comments="11A - 5" PlayCount="1" Rating="0" Location="file://localhost/Users/zachvp/Music/DJ/LADYMONIX%20-%20Welcome%202%20My%20House.aiff" Remixer="" Tonality="11A" Label="" Mix="">
      <TEMPO Inizio="0.085" Bpm="127.00" Metro="4/4" Battito="1" />
    </TRACK>
    <TRACK TrackID="214580695" Name="Animatronic" Artist="Dive Craft" Composer="" Album="Aquarium Rave" Grouping="" Genre="House/Deep/Tech/Spacey" Kind="AIFF File" Size="81851376" TotalTime="462" DiscNumber="0" TrackNumber="7" Year="2023" AverageBpm="118.00" DateAdded="2023-12-05" BitRate="1411" SampleRate="44100" Comments="3A - 5" PlayCount="0" Rating="0" Location="file://localhost/Users/zachvp/Music/DJ/Dive%20Craft%20-%20Aquarium%20Rave%20-%2007%20Animatronic.aiff" Remixer="" Tonality="3A" Label="" Mix="">
      <TEMPO Inizio="0.001" Bpm="118.00" Metro="4/4" Battito="1" />
      <TEMPO Inizio="270.000" Bpm="118.00" Metro="4/4" Battito="4" />
    </TRACK>
    <TRACK TrackID="264751448" Name="Shifted Earth" Artist="Dive Craft" Composer="" Album="Aquarium Rave" Grouping="" Genre="House/Deep/Tech/Dubby" Kind="AIFF File" Size="108656332" TotalTime="614" DiscNumber="0" TrackNumber="8" Year="2023" AverageBpm="118.00" DateAdded="2023-12-05" BitRate="1411" SampleRate="44100" Comments="8A - 5" PlayCount="0" Rating="0" Location="file://localhost/Users/zachvp/Music/DJ/Dive%20Craft%20-%20Aquarium%20Rave%20-%2008%20Shifted%20Earth.aiff" Remixer="" Tonality="8A" Label="" Mix="">
      <TEMPO Inizio="0.057" Bpm="118.00" Metro="4/4" Battito="1" />
      <TEMPO Inizio="0.566" Bpm="118.00" Metro="4/4" Battito="2" />
      <TEMPO Inizio="10.736" Bpm="118.00" Metro="4/4" Battito="2" />
      <TEMPO Inizio="20.906" Bpm="118.00" Metro="4/4" Battito="2" />
      <TEMPO Inizio="31.076" Bpm="118.00" Metro="4/4" Battito="2" />
      <TEMPO Inizio="41.246" Bpm="118.00" Metro="4/4" Battito="2" />
      <TEMPO Inizio="62.094" Bpm="118.00" Metro="4/4" Battito="3" />
      <TEMPO Inizio="72.264" Bpm="118.00" Metro="4/4" Battito="3" />
      <TEMPO Inizio="82.434" Bpm="118.00" Metro="4/4" Battito="3" />
      <TEMPO Inizio="93.621" Bpm="118.00" Metro="4/4" Battito="1" />
      <TEMPO Inizio="114.469" Bpm="118.00" Metro="4/4" Battito="2" />
      <TEMPO Inizio="124.639" Bpm="118.00" Metro="4/4" Battito="2" />
      <TEMPO Inizio="134.809" Bpm="118.00" Metro="4/4" Battito="2" />
      <TEMPO Inizio="144.979" Bpm="118.00" Metro="4/4" Battito="2" />
      <TEMPO Inizio="165.827" Bpm="118.00" Metro="4/4" Battito="3" />
      <TEMPO Inizio="175.997" Bpm="118.00" Metro="4/4" Battito="3" />
      <TEMPO Inizio="186.167" Bpm="118.00" Metro="4/4" Battito="3" />
      <TEMPO Inizio="197.354" Bpm="118.00" Metro="4/4" Battito="1" />
      <TEMPO Inizio="218.202" Bpm="118.00" Metro="4/4" Battito="2" />
      <TEMPO Inizio="228.372" Bpm="118.00" Metro="4/4" Battito="2" />
      <TEMPO Inizio="238.542" Bpm="118.00" Metro="4/4" Battito="2" />
      <TEMPO Inizio="259.390" Bpm="118.00" Metro="4/4" Battito="3" />
      <TEMPO Inizio="269.560" Bpm="118.00" Metro="4/4" Battito="3" />
      <TEMPO Inizio="279.730" Bpm="118.00" Metro="4/4" Battito="3" />
      <TEMPO Inizio="289.900" Bpm="118.00" Metro="4/4" Battito="3" />
      <TEMPO Inizio="310.748" Bpm="118.00" Metro="4/4" Battito="4" />
      <TEMPO Inizio="320.918" Bpm="118.00" Metro="4/4" Battito="4" />
      <TEMPO Inizio="331.088" Bpm="118.00" Metro="4/4" Battito="4" />
      <TEMPO Inizio="341.258" Bpm="118.00" Metro="4/4" Battito="4" />
      <TEMPO Inizio="362.106" Bpm="118.00" Metro="4/4" Battito="1" />
      <TEMPO Inizio="372.276" Bpm="118.00" Metro="4/4" Battito="1" />
      <TEMPO Inizio="382.446" Bpm="118.00" Metro="4/4" Battito="1" />
      <TEMPO Inizio="392.616" Bpm="118.00" Metro="4/4" Battito="1" />
      <TEMPO Inizio="413.464" Bpm="118.00" Metro="4/4" Battito="2" />
      <TEMPO Inizio="423.634" Bpm="118.00" Metro="4/4" Battito="2" />
      <TEMPO Inizio="433.804" Bpm="118.00" Metro="4/4" Battito="2" />
      <TEMPO Inizio="444.991" Bpm="118.00" Metro="4/4" Battito="4" />
      <TEMPO Inizio="465.839" Bpm="118.00" Metro="4/4" Battito="1" />
      <TEMPO Inizio="476.009" Bpm="118.00" Metro="4/4" Battito="1" />
      <TEMPO Inizio="486.179" Bpm="118.00" Metro="4/4" Battito="1" />
      <TEMPO Inizio="507.027" Bpm="118.00" Metro="4/4" Battito="2" />
      <TEMPO Inizio="517.197" Bpm="118.00" Metro="4/4" Battito="2" />
      <TEMPO Inizio="527.367" Bpm="118.00" Metro="4/4" Battito="2" />
      <TEMPO Inizio="537.537" Bpm="118.00" Metro="4/4" Battito="2" />
      <TEMPO Inizio="558.385" Bpm="118.00" Metro="4/4" Battito="3" />
      <TEMPO Inizio="568.555" Bpm="118.00" Metro="4/4" Battito="3" />
      <TEMPO Inizio="578.725" Bpm="118.00" Metro="4/4" Battito="3" />
      <TEMPO Inizio="588.895" Bpm="118.00" Metro="4/4" Battito="3" />
      <TEMPO Inizio="609.743" Bpm="118.00" Metro="4/4" Battito="4" />
    </TRACK>
    <TRACK TrackID="134754017" Name="Phantoms In The Sky" Artist="Dive Craft" Composer="" Album="Aquarium Rave" Grouping="" Genre="House/Techno/Downtempo" Kind="AIFF File" Size="101938172" TotalTime="576" DiscNumber="0" TrackNumber="1" Year="2023" AverageBpm="118.00" DateAdded="2023-12-05" BitRate="1411" SampleRate="44100" Comments="4A - 5" PlayCount="0" Rating="0" Location="file://localhost/Users/zachvp/Music/DJ/Dive%20Craft%20-%20Aquarium%20Rave%20-%2001%20Phantoms%20In%20The%20Sky.aiff" Remixer="" Tonality="4A" Label="" Mix="">
      <TEMPO Inizio="0.000" Bpm="118.00" Metro="4/4" Battito="1" />
    </TRACK>
    <TRACK TrackID="224331116" Name="Not Everything You See" Artist="Dive Craft" Composer="" Album="Aquarium Rave" Grouping="" Genre="House/Deep/Tech/Spacey" Kind="AIFF File" Size="74773504" TotalTime="422" DiscNumber="0" TrackNumber="2" Year="2023" AverageBpm="118.00" DateAdded="2023-12-05" BitRate="1411" SampleRate="44100" Comments="5A - 5" PlayCount="0" Rating="0" Location="file://localhost/Users/zachvp/Music/DJ/Dive%20Craft%20-%20Aquarium%20Rave%20-%2002%20Not%20Everything%20You%20See.aiff" Remixer="" Tonality="5A" Label="" Mix="">
      <TEMPO Inizio="0.507" Bpm="118.00" Metro="4/4" Battito="2" />
      <TEMPO Inizio="1.016" Bpm="118.00" Metro="4/4" Battito="3" />
      <TEMPO Inizio="131.186" Bpm="118.00" Metro="4/4" Battito="3" />
      <TEMPO Inizio="231.356" Bpm="118.00" Metro="4/4" Battito="4" />
      <TEMPO Inizio="381.865" Bpm="118.00" Metro="4/4" Battito="4" />
    </TRACK>
    <TRACK TrackID="113225943" Name="Midnight Express" Artist="Dive Craft" Composer="" Album="Aquarium Rave" Grouping="" Genre="House/Deep/Tech/Dubby" Kind="AIFF File" Size="95009664" TotalTime="536" DiscNumber="0" TrackNumber="5" Year="2023" AverageBpm="118.00" DateAdded="2023-12-05" BitRate="1411" SampleRate="44100" Comments="4A - 6" PlayCount="1" Rating="0" Location="file://localhost/Users/zachvp/Music/DJ/Dive%20Craft%20-%20Aquarium%20Rave%20-%2005%20Midnight%20Express.aiff" Remixer="" Tonality="4A" Label="" Mix="">
      <TEMPO Inizio="0.002" Bpm="118.00" Metro="4/4" Battito="1" />
      <TEMPO Inizio="0.511" Bpm="118.00" Metro="4/4" Battito="2" />
      <TEMPO Inizio="51.359" Bpm="118.00" Metro="4/4" Battito="2" />
      <TEMPO Inizio="231.868" Bpm="118.00" Metro="4/4" Battito="1" />
      <TEMPO Inizio="422.038" Bpm="118.00" Metro="4/4" Battito="3" />
    </TRACK>
    <TRACK TrackID="50112762" Name="Aquarium Rave" Artist="Dive Craft" Composer="" Album="Aquarium Rave" Grouping="" Genre="House/Deep/Tech/Spacey" Kind="AIFF File" Size="80917492" TotalTime="457" DiscNumber="0" TrackNumber="9" Year="2023" AverageBpm="118.00" DateAdded="2023-12-05" BitRate="1411" SampleRate="44100" Comments="2A - 5" PlayCount="1" Rating="0" Location="file://localhost/Users/zachvp/Music/DJ/Dive%20Craft%20-%20Aquarium%20Rave%20-%2009%20Aquarium%20Rave.aiff" Remixer="" Tonality="2A" Label="" Mix="">
      <TEMPO Inizio="0.460" Bpm="118.00" Metro="4/4" Battito="2" />
      <TEMPO Inizio="0.969" Bpm="118.00" Metro="4/4" Battito="3" />
    </TRACK>
    <TRACK TrackID="101310816" Name="Don't Mind Ya Weight (Original Mix)" Artist="ANOTR, Abel Balder" Composer="" Album="Deep Tech 2 (49 Tracks)" Grouping="" Genre="House/Deep/Tech/" Kind="AIFF File" Size="76361366" TotalTime="425" DiscNumber="0" TrackNumber="1" Year="2023" AverageBpm="126.00" DateAdded="2023-12-05" BitRate="1411" SampleRate="44100" Comments="4A - 6" PlayCount="2" Rating="0" Location="file://localhost/Users/zachvp/Music/DJ/DjGaboFigueroa%20-%20ANOTR%20-%20Don%27t%20Mind%20Ya%20Weight%20(Original%20Mix).aiff" Remixer="" Tonality="4A" Label="" Mix="">
      <TEMPO Inizio="0.066" Bpm="126.00" Metro="4/4" Battito="1" />
    </TRACK>
    <TRACK TrackID="180335146" Name="Messan (Original Mix)" Artist="Jansons" Composer="" Album="Deep Tech 2 (49 Tracks)" Grouping="" Genre="House/Tech/Groove" Kind="AIFF File" Size="64951934" TotalTime="360" DiscNumber="0" TrackNumber="18" Year="2023" AverageBpm="128.00" DateAdded="2023-12-05" BitRate="1411" SampleRate="44100" Comments="8A - 5" PlayCount="1" Rating="0" Location="file://localhost/Users/zachvp/Music/DJ/DjGaboFigueroa%20-%20Jansons%20-%20Messan%20(Original%20Mix).aiff" Remixer="" Tonality="8A" Label="" Mix="">
      <TEMPO Inizio="0.050" Bpm="128.00" Metro="4/4" Battito="1" />
    </TRACK>
    <TRACK TrackID="10504578" Name="CAMINANDO (JIGGY (IT) BOOTLEG)" Artist="JIGGY (IT)" Composer="" Album="" Grouping="" Genre="House/Deep/Tech/" Kind="AIFF File" Size="70121668" TotalTime="397" DiscNumber="0" TrackNumber="0" Year="0" AverageBpm="126.00" DateAdded="2023-12-05" BitRate="1411" SampleRate="44100" Comments="8A - 6" PlayCount="1" Rating="0" Location="file://localhost/Users/zachvp/Music/DJ/JIGGY%20(IT)%20-%20CAMINANDO%20(JIGGY%20(IT)%20BOOTLEG).aiff" Remixer="" Tonality="8A" Label="" Mix="">
      <TEMPO Inizio="0.025" Bpm="126.00" Metro="4/4" Battito="1" />
      <TEMPO Inizio="116.216" Bpm="126.00" Metro="4/4" Battito="1" />
      <TEMPO Inizio="272.407" Bpm="126.00" Metro="4/4" Battito="1" />
    </TRACK>
    <TRACK TrackID="166579330" Name="Paradise" Artist="Mara Lakour" Composer="" Album="Various Vol.3" Grouping="" Genre="House/Deep/Tech/" Kind="AIFF File" Size="71214600" TotalTime="403" DiscNumber="0" TrackNumber="2" Year="2023" AverageBpm="125.00" DateAdded="2023-12-05" BitRate="1411" SampleRate="44100" Comments="6A - 6" PlayCount="2" Rating="0" Location="file://localhost/Users/zachvp/Music/DJ/Mara%20Lakour%20-%20Paradise.aiff" Remixer="" Tonality="6A" Label="" Mix="">
      <TEMPO Inizio="0.021" Bpm="125.00" Metro="4/4" Battito="1" />
      <TEMPO Inizio="371.060" Bpm="125.00" Metro="4/4" Battito="2" />
    </TRACK>
    <TRACK TrackID="3397442" Name="Wake Up" Artist="Radio Slave" Composer="" Album="Wake Up" Grouping="" Genre="House/Deep/Tech/" Kind="AIFF File" Size="66884684" TotalTime="377" DiscNumber="0" TrackNumber="1" Year="2023" AverageBpm="120.00" DateAdded="2023-12-05" BitRate="1411" SampleRate="44100" Comments="12A - 6" PlayCount="1" Rating="0" Location="file://localhost/Users/zachvp/Music/DJ/Radio%20Slave%20-%20Wake%20Up%20-%2001%20Wake%20Up.aiff" Remixer="" Tonality="12A" Label="" Mix="">
      <TEMPO Inizio="0.028" Bpm="120.00" Metro="4/4" Battito="3" />
    </TRACK>
    <TRACK TrackID="110156871" Name="Corsica Groove" Artist="RuptureLDN" Composer="" Album="Double O - Firm Meditation LP" Grouping="" Genre="House/Deep/Tech/Breaks" Kind="AIFF File" Size="54653846" TotalTime="308" DiscNumber="0" TrackNumber="4" Year="2023" AverageBpm="85.00" DateAdded="2023-12-05" BitRate="1411" SampleRate="44100" Comments="11A - 7" PlayCount="1" Rating="0" Location="file://localhost/Users/zachvp/Music/DJ/RuptureLDN%20-%20Corsica%20Groove.aiff" Remixer="" Tonality="11A" Label="" Mix="">
      <TEMPO Inizio="0.014" Bpm="85.00" Metro="4/4" Battito="1" />
    </TRACK>
    <TRACK TrackID="101190097" Name="Billie Jean (Josh Marsh`s Disco Bootleg)" Artist="Josh Marsh/Michael Jackson" Composer="Josh Marsh" Album="" Grouping="" Genre="House/Tech/Indie/" Kind="MP3 File" Size="12294433" TotalTime="307" DiscNumber="0" TrackNumber="0" Year="2019" AverageBpm="125.00" DateAdded="2023-12-05" BitRate="320" SampleRate="44100" Comments="10A - 5" PlayCount="5" Rating="0" Location="file://localhost/Users/zachvp/Music/DJ/Michael%20Jackson%20-%20Billie%20Jean%20(Josh%20Marsh%60s%20Disco%20Bootleg).mp3" Remixer="" Tonality="10A" Label="" Mix="">
      <TEMPO Inizio="0.157" Bpm="125.00" Metro="4/4" Battito="1" />
      <POSITION_MARK Name="" Type="0" Start="30.862" Num="-1" />
      <POSITION_MARK Name="" Type="0" Start="245.917" Num="-1" />
    </TRACK>
    <TRACK TrackID="81947396" Name="Wake Up (Extended)" Artist="Radio Slave" Composer="" Album="Wake Up" Grouping="" Genre="House/Deep/Tech/" Kind="AIFF File" Size="111694538" TotalTime="632" DiscNumber="0" TrackNumber="2" Year="2023" AverageBpm="120.00" DateAdded="2023-12-05" BitRate="1411" SampleRate="44100" Comments="5A - 6" PlayCount="1" Rating="0" Location="file://localhost/Users/zachvp/Music/DJ/Radio%20Slave%20-%20Wake%20Up%20-%2002%20Wake%20Up%20(Extended).aiff" Remixer="" Tonality="5A" Label="" Mix="">
      <TEMPO Inizio="0.048" Bpm="120.00" Metro="4/4" Battito="1" />
      <TEMPO Inizio="359.549" Bpm="120.00" Metro="4/4" Battito="4" />
      <TEMPO Inizio="360.048" Bpm="120.00" Metro="4/4" Battito="1" />
      <TEMPO Inizio="360.549" Bpm="120.00" Metro="4/4" Battito="2" />
      <TEMPO Inizio="361.048" Bpm="120.00" Metro="4/4" Battito="3" />
      <TEMPO Inizio="361.549" Bpm="120.00" Metro="4/4" Battito="4" />
      <TEMPO Inizio="362.048" Bpm="120.00" Metro="4/4" Battito="1" />
      <TEMPO Inizio="362.549" Bpm="120.00" Metro="4/4" Battito="2" />
      <TEMPO Inizio="363.048" Bpm="120.00" Metro="4/4" Battito="3" />
      <TEMPO Inizio="363.549" Bpm="120.00" Metro="4/4" Battito="4" />
      <TEMPO Inizio="364.048" Bpm="120.00" Metro="4/4" Battito="1" />
      <TEMPO Inizio="364.549" Bpm="120.00" Metro="4/4" Battito="2" />
      <TEMPO Inizio="365.048" Bpm="120.00" Metro="4/4" Battito="3" />
      <TEMPO Inizio="365.549" Bpm="120.00" Metro="4/4" Battito="4" />
      <TEMPO Inizio="366.048" Bpm="120.00" Metro="4/4" Battito="1" />
      <TEMPO Inizio="366.549" Bpm="120.00" Metro="4/4" Battito="2" />
      <TEMPO Inizio="367.048" Bpm="120.00" Metro="4/4" Battito="3" />
      <TEMPO Inizio="367.549" Bpm="120.00" Metro="4/4" Battito="4" />
      <TEMPO Inizio="368.048" Bpm="120.00" Metro="4/4" Battito="1" />
      <TEMPO Inizio="368.549" Bpm="120.00" Metro="4/4" Battito="2" />
      <TEMPO Inizio="369.048" Bpm="120.00" Metro="4/4" Battito="3" />
      <TEMPO Inizio="369.549" Bpm="120.00" Metro="4/4" Battito="4" />
      <TEMPO Inizio="370.048" Bpm="120.00" Metro="4/4" Battito="1" />
      <TEMPO Inizio="370.549" Bpm="120.00" Metro="4/4" Battito="2" />
      <TEMPO Inizio="371.048" Bpm="120.00" Metro="4/4" Battito="3" />
      <TEMPO Inizio="371.549" Bpm="120.00" Metro="4/4" Battito="4" />
      <TEMPO Inizio="372.048" Bpm="120.00" Metro="4/4" Battito="1" />
      <TEMPO Inizio="372.549" Bpm="120.00" Metro="4/4" Battito="2" />
      <TEMPO Inizio="373.048" Bpm="120.00" Metro="4/4" Battito="3" />
      <TEMPO Inizio="373.549" Bpm="120.00" Metro="4/4" Battito="4" />
      <TEMPO Inizio="374.048" Bpm="120.00" Metro="4/4" Battito="1" />
      <TEMPO Inizio="374.549" Bpm="120.00" Metro="4/4" Battito="2" />
      <TEMPO Inizio="375.048" Bpm="120.00" Metro="4/4" Battito="3" />
      <TEMPO Inizio="375.549" Bpm="120.00" Metro="4/4" Battito="4" />
      <TEMPO Inizio="376.048" Bpm="120.00" Metro="4/4" Battito="1" />
      <TEMPO Inizio="376.549" Bpm="120.00" Metro="4/4" Battito="2" />
      <TEMPO Inizio="377.048" Bpm="120.00" Metro="4/4" Battito="3" />
      <TEMPO Inizio="377.549" Bpm="120.00" Metro="4/4" Battito="4" />
      <TEMPO Inizio="378.048" Bpm="120.00" Metro="4/4" Battito="1" />
      <TEMPO Inizio="378.549" Bpm="120.00" Metro="4/4" Battito="2" />
      <TEMPO Inizio="379.048" Bpm="120.00" Metro="4/4" Battito="3" />
      <TEMPO Inizio="379.549" Bpm="120.00" Metro="4/4" Battito="4" />
      <TEMPO Inizio="380.048" Bpm="120.00" Metro="4/4" Battito="1" />
      <TEMPO Inizio="380.549" Bpm="120.00" Metro="4/4" Battito="2" />
      <TEMPO Inizio="381.048" Bpm="120.00" Metro="4/4" Battito="3" />
      <TEMPO Inizio="381.549" Bpm="120.00" Metro="4/4" Battito="4" />
      <TEMPO Inizio="382.048" Bpm="120.00" Metro="4/4" Battito="1" />
      <TEMPO Inizio="382.549" Bpm="120.00" Metro="4/4" Battito="2" />
      <TEMPO Inizio="383.048" Bpm="120.00" Metro="4/4" Battito="3" />
      <TEMPO Inizio="383.549" Bpm="120.00" Metro="4/4" Battito="4" />
      <TEMPO Inizio="384.048" Bpm="120.00" Metro="4/4" Battito="1" />
      <TEMPO Inizio="384.549" Bpm="120.00" Metro="4/4" Battito="2" />
      <TEMPO Inizio="385.048" Bpm="120.00" Metro="4/4" Battito="3" />
      <TEMPO Inizio="385.549" Bpm="120.00" Metro="4/4" Battito="4" />
      <TEMPO Inizio="386.048" Bpm="120.00" Metro="4/4" Battito="1" />
      <TEMPO Inizio="386.549" Bpm="120.00" Metro="4/4" Battito="2" />
      <TEMPO Inizio="387.048" Bpm="120.00" Metro="4/4" Battito="3" />
      <TEMPO Inizio="387.549" Bpm="120.00" Metro="4/4" Battito="4" />
      <TEMPO Inizio="388.048" Bpm="120.00" Metro="4/4" Battito="1" />
      <TEMPO Inizio="388.549" Bpm="120.00" Metro="4/4" Battito="2" />
    </TRACK>
    <TRACK TrackID="188052716" Name="Speechless" Artist="Lawnchair Generals" Composer="" Album="Phil Weeks Presents Crate Diggin’ Vol.2" Grouping="" Genre="House/Deep/Tech/" Kind="AIFF File" Size="71134902" TotalTime="402" DiscNumber="0" TrackNumber="6" Year="2013" AverageBpm="125.00" DateAdded="2023-12-05" BitRate="1411" SampleRate="44100" Comments="9A - 6" PlayCount="4" Rating="0" Location="file://localhost/Users/zachvp/Music/DJ/Robsoul%20Recordings%20-%20Lawnchair%20Generals%20%e2%80%93%20Speechless.aiff" Remixer="" Tonality="9A" Label="" Mix="">
      <TEMPO Inizio="0.061" Bpm="125.00" Metro="4/4" Battito="3" />
      <TEMPO Inizio="35.582" Bpm="125.00" Metro="4/4" Battito="1" />
      <TEMPO Inizio="293.343" Bpm="125.00" Metro="4/4" Battito="2" />
      <POSITION_MARK Name="" Type="0" Start="0.998" Num="-1" />
    </TRACK>
    <TRACK TrackID="186584036" Name="Fragment 021 'Shine On' (original mix)" Artist="Santos" Composer="" Album="Santos - Taste Of Desire Ep_LMUR021" Grouping="" Genre="House/Deep/Tech/Jazzy" Kind="AIFF File" Size="77709588" TotalTime="440" DiscNumber="0" TrackNumber="3" Year="2023" AverageBpm="127.00" DateAdded="2023-12-05" BitRate="1411" SampleRate="44100" Comments="1A - 6" PlayCount="2" Rating="0" Location="file://localhost/Users/zachvp/Music/DJ/Santos%20-%20Santos%20-%20Fragment%20021%20%27Shine%20On%27%20(original%20mix)_LMUR021.aiff" Remixer="" Tonality="1A" Label="" Mix="">
      <TEMPO Inizio="0.241" Bpm="127.00" Metro="4/4" Battito="1" />
      <TEMPO Inizio="0.714" Bpm="127.00" Metro="4/4" Battito="2" />
    </TRACK>
    <TRACK TrackID="65965372" Name="Hydrostatic" Artist="State Azure" Composer="" Album="Hydrostatic" Grouping="" Genre="House/Deep/Tech/Dubby" Kind="AIFF File" Size="146835834" TotalTime="832" DiscNumber="0" TrackNumber="1" Year="2022" AverageBpm="118.00" DateAdded="2023-12-05" BitRate="1411" SampleRate="44100" Comments="6A - 4" PlayCount="2" Rating="0" Location="file://localhost/Users/zachvp/Music/DJ/State%20Azure%20-%20Hydrostatic%20-%2001%20Hydrostatic.aiff" Remixer="" Tonality="6A" Label="" Mix="">
      <TEMPO Inizio="0.196" Bpm="118.00" Metro="4/4" Battito="1" />
      <TEMPO Inizio="40.366" Bpm="118.00" Metro="4/4" Battito="4" />
      <TEMPO Inizio="110.536" Bpm="118.00" Metro="4/4" Battito="2" />
      <TEMPO Inizio="191.384" Bpm="118.00" Metro="4/4" Battito="1" />
      <TEMPO Inizio="261.554" Bpm="118.00" Metro="4/4" Battito="3" />
      <TEMPO Inizio="352.063" Bpm="118.00" Metro="4/4" Battito="1" />
      <TEMPO Inizio="422.233" Bpm="118.00" Metro="4/4" Battito="3" />
      <TEMPO Inizio="503.081" Bpm="118.00" Metro="4/4" Battito="2" />
      <TEMPO Inizio="583.929" Bpm="118.00" Metro="4/4" Battito="1" />
      <TEMPO Inizio="654.099" Bpm="118.00" Metro="4/4" Battito="3" />
      <TEMPO Inizio="724.269" Bpm="118.00" Metro="4/4" Battito="1" />
      <TEMPO Inizio="805.117" Bpm="118.00" Metro="4/4" Battito="4" />
    </TRACK>
    <TRACK TrackID="164480719" Name="Strand" Artist="State Azure" Composer="" Album="Hydrostatic" Grouping="" Genre="Lounge/Ambient" Kind="AIFF File" Size="128313824" TotalTime="727" DiscNumber="0" TrackNumber="2" Year="2022" AverageBpm="149.33" DateAdded="2023-12-05" BitRate="1411" SampleRate="44100" Comments="9A - 4" PlayCount="0" Rating="0" Location="file://localhost/Users/zachvp/Music/DJ/State%20Azure%20-%20Hydrostatic%20-%2002%20Strand.aiff" Remixer="" Tonality="9A" Label="" Mix="">
      <TEMPO Inizio="0.160" Bpm="149.33" Metro="4/4" Battito="1" />
    </TRACK>
    <TRACK TrackID="239040053" Name="Another Day" Artist="Vincent G" Composer="" Album="Various Vol.3" Grouping="" Genre="House/Deep/Tech/Jazzy" Kind="AIFF File" Size="74859514" TotalTime="423" DiscNumber="0" TrackNumber="4" Year="2023" AverageBpm="128.00" DateAdded="2023-12-05" BitRate="1411" SampleRate="44100" Comments="8A - 6" PlayCount="4" Rating="0" Location="file://localhost/Users/zachvp/Music/DJ/Vincent%20G%20-%20Another%20Day.aiff" Remixer="" Tonality="8A" Label="" Mix="">
      <TEMPO Inizio="0.255" Bpm="128.00" Metro="4/4" Battito="1" />
    </TRACK>
    <TRACK TrackID="250579915" Name="Mami" Artist="Sunday Noise" Composer="" Album="103 - Sunday Noise" Grouping="" Genre="House/Tech/Groove" Kind="AIFF File" Size="62602950" TotalTime="354" DiscNumber="0" TrackNumber="1" Year="2023" AverageBpm="130.00" DateAdded="2023-12-05" BitRate="1411" SampleRate="44100" Comments="12A - 6" PlayCount="2" Rating="0" Location="file://localhost/Users/zachvp/Music/DJ/Sunday%20Noise%20-%20103%20-%20Sunday%20Noise%20-%2001%20Mami.aiff" Remixer="" Tonality="12A" Label="" Mix="">
      <TEMPO Inizio="0.000" Bpm="130.00" Metro="4/4" Battito="1" />
    </TRACK>
    <TRACK TrackID="199781132" Name="Bandidaje" Artist="Sunday Noise, Ben Finx" Composer="" Album="103 - Sunday Noise" Grouping="" Genre="House/Tech/Groove" Kind="AIFF File" Size="56961440" TotalTime="322" DiscNumber="0" TrackNumber="4" Year="2023" AverageBpm="131.00" DateAdded="2023-12-05" BitRate="1411" SampleRate="44100" Comments="11A - 6" PlayCount="1" Rating="0" Location="file://localhost/Users/zachvp/Music/DJ/Sunday%20Noise,%20Ben%20Finx%20-%20103%20-%20Sunday%20Noise%20-%2004%20Bandidaje.aiff" Remixer="" Tonality="11A" Label="" Mix="">
      <TEMPO Inizio="0.000" Bpm="131.00" Metro="4/4" Battito="1" />
      <TEMPO Inizio="90.686" Bpm="131.00" Metro="4/4" Battito="3" />
      <TEMPO Inizio="91.145" Bpm="131.00" Metro="4/4" Battito="4" />
      <TEMPO Inizio="91.602" Bpm="131.00" Metro="4/4" Battito="1" />
      <TEMPO Inizio="92.061" Bpm="131.00" Metro="4/4" Battito="2" />
      <TEMPO Inizio="123.205" Bpm="131.00" Metro="4/4" Battito="2" />
      <TEMPO Inizio="123.664" Bpm="131.00" Metro="4/4" Battito="3" />
      <TEMPO Inizio="124.121" Bpm="131.00" Metro="4/4" Battito="4" />
      <TEMPO Inizio="124.580" Bpm="131.00" Metro="4/4" Battito="1" />
      <TEMPO Inizio="154.808" Bpm="131.00" Metro="4/4" Battito="3" />
      <TEMPO Inizio="155.267" Bpm="131.00" Metro="4/4" Battito="4" />
      <TEMPO Inizio="155.724" Bpm="131.00" Metro="4/4" Battito="1" />
      <TEMPO Inizio="156.183" Bpm="131.00" Metro="4/4" Battito="2" />
      <TEMPO Inizio="187.327" Bpm="131.00" Metro="4/4" Battito="2" />
      <TEMPO Inizio="187.786" Bpm="131.00" Metro="4/4" Battito="3" />
      <TEMPO Inizio="188.243" Bpm="131.00" Metro="4/4" Battito="4" />
      <TEMPO Inizio="188.702" Bpm="131.00" Metro="4/4" Battito="1" />
      <TEMPO Inizio="219.846" Bpm="131.00" Metro="4/4" Battito="1" />
      <TEMPO Inizio="220.305" Bpm="131.00" Metro="4/4" Battito="2" />
      <TEMPO Inizio="220.762" Bpm="131.00" Metro="4/4" Battito="3" />
      <TEMPO Inizio="221.221" Bpm="131.00" Metro="4/4" Battito="4" />
      <TEMPO Inizio="251.449" Bpm="131.00" Metro="4/4" Battito="2" />
      <TEMPO Inizio="251.908" Bpm="131.00" Metro="4/4" Battito="3" />
      <TEMPO Inizio="252.365" Bpm="131.00" Metro="4/4" Battito="4" />
      <TEMPO Inizio="252.824" Bpm="131.00" Metro="4/4" Battito="1" />
      <TEMPO Inizio="283.968" Bpm="131.00" Metro="4/4" Battito="1" />
      <TEMPO Inizio="284.427" Bpm="131.00" Metro="4/4" Battito="2" />
      <TEMPO Inizio="284.884" Bpm="131.00" Metro="4/4" Battito="3" />
      <TEMPO Inizio="285.343" Bpm="131.00" Metro="4/4" Battito="4" />
      <TEMPO Inizio="316.487" Bpm="131.00" Metro="4/4" Battito="4" />
      <TEMPO Inizio="316.946" Bpm="131.00" Metro="4/4" Battito="1" />
    </TRACK>
    <TRACK TrackID="72576801" Name="Once I Had It (YokoO After Hours Dry Mix)" Artist="YokoO &amp; Zone+" Composer="" Album="" Grouping="" Genre="House/Deep/Tech/" Kind="AIFF File" Size="73018440" TotalTime="412" DiscNumber="0" TrackNumber="0" Year="2023" AverageBpm="126.00" DateAdded="2023-12-05" BitRate="1411" SampleRate="44100" Comments="6A - 5" PlayCount="5" Rating="0" Location="file://localhost/Users/zachvp/Music/DJ/YokoO%20%26%20Zone+%20-%20Once%20I%20Had%20It%20(YokoO%20After%20Hours%20Dry%20Mix).aiff" Remixer="" Tonality="6A" Label="" Mix="">
      <TEMPO Inizio="0.118" Bpm="126.00" Metro="4/4" Battito="1" />
    </TRACK>
    <TRACK TrackID="84712286" Name="Supah Star" Artist="Sunday Noise, Sebastian Diaz" Composer="" Album="103 - Sunday Noise" Grouping="" Genre="House/Tech/Groove" Kind="AIFF File" Size="62326398" TotalTime="352" DiscNumber="0" TrackNumber="3" Year="2023" AverageBpm="129.00" DateAdded="2023-12-05" BitRate="1411" SampleRate="44100" Comments="10A - 6" PlayCount="3" Rating="0" Location="file://localhost/Users/zachvp/Music/DJ/Sunday%20Noise,%20Sebastian%20Diaz%20-%20103%20-%20Sunday%20Noise%20-%2003%20Supah%20Star.aiff" Remixer="" Tonality="10A" Label="" Mix="">
      <TEMPO Inizio="0.000" Bpm="129.00" Metro="4/4" Battito="3" />
      <TEMPO Inizio="1.396" Bpm="129.00" Metro="4/4" Battito="2" />
    </TRACK>
    <TRACK TrackID="144948310" Name="Eyez On Me" Artist="Sunday Noise, Sebastian Ledher" Composer="" Album="103 - Sunday Noise" Grouping="" Genre="House/Deep/Tech/" Kind="AIFF File" Size="59392698" TotalTime="336" DiscNumber="0" TrackNumber="2" Year="2023" AverageBpm="127.00" DateAdded="2023-12-05" BitRate="1411" SampleRate="44100" Comments="4A - 6" PlayCount="4" Rating="0" Location="file://localhost/Users/zachvp/Music/DJ/Sunday%20Noise,%20Sebastian%20Ledher%20-%20103%20-%20Sunday%20Noise%20-%2002%20Eyez%20On%20Me.aiff" Remixer="" Tonality="4A" Label="" Mix="">
      <TEMPO Inizio="0.000" Bpm="127.00" Metro="4/4" Battito="1" />
      <TEMPO Inizio="100.158" Bpm="127.00" Metro="4/4" Battito="1" />
      <TEMPO Inizio="288.190" Bpm="127.00" Metro="4/4" Battito="3" />
    </TRACK>
    <TRACK TrackID="90313214" Name="Soul Searcher (Joe Clausell Remix)" Artist="Underground Evolution" Composer="" Album="Underground Evolution - Joe Clausell Mix" Grouping="" Genre="House/Deep/Tech/Jazzy" Kind="AIFF File" Size="119332950" TotalTime="675" DiscNumber="0" TrackNumber="1" Year="2021" AverageBpm="122.00" DateAdded="2023-12-05" BitRate="1411" SampleRate="44100" Comments="8A - 7" PlayCount="2" Rating="0" Location="file://localhost/Users/zachvp/Music/DJ/Ugly%20Music%20-%20Underground%20Evolution%20-%20Soul%20Searcher%20-%20Joe%20Clausell%20Remix.aiff" Remixer="" Tonality="8A" Label="" Mix="">
      <TEMPO Inizio="0.144" Bpm="122.00" Metro="4/4" Battito="1" />
    </TRACK>
    <TRACK TrackID="26356876" Name="Foolish Games Feat. Möggli (Shlomi Aber's Blackout Version)" Artist="Shlomi Aber" Composer="" Album="Shlomi Aber Live From Sankeys Ibiza" Grouping="" Genre="House/Tech/Groove" Kind="AIFF File" Size="77017748" TotalTime="435" DiscNumber="0" TrackNumber="6" Year="2013" AverageBpm="124.00" DateAdded="2022-03-22" BitRate="1411" SampleRate="44100" Comments="10A - 5" PlayCount="8" Rating="0" Location="file://localhost/Users/zachvp/Music/DJ/4488996_Foolish_Games_Feat._M%c3%b6ggli_(Shlomi_Aber%27s_Blackout_Version).aiff" Remixer="Shlomi Aber" Tonality="10A" Label="Be As One" Mix="">
      <TEMPO Inizio="0.402" Bpm="124.00" Metro="4/4" Battito="4" />
      <POSITION_MARK Name="" Type="0" Start="0.875" Num="-1" />
    </TRACK>
    <TRACK TrackID="258056728" Name="Don't Fade on Me (Alternate Take, 1994) Alternate Take, 1994" Artist="Tom Petty" Composer="" Album="An American Treasure" Grouping="" Genre="Lounge/Acoustic" Kind="MP3 File" Size="10809763" TotalTime="268" DiscNumber="1" TrackNumber="47" Year="2018" AverageBpm="100.36" DateAdded="2023-12-20" BitRate="320" SampleRate="44100" Comments="7A - 2" PlayCount="1" Rating="0" Location="file://localhost/Users/zachvp/Music/DJ/Tom%20Petty%20-%2047.%20Don%27t%20Fade%20on%20Me%20(Alternate%20Take,%201994)%20.mp3" Remixer="" Tonality="7A" Label="" Mix="">
      <TEMPO Inizio="0.370" Bpm="100.36" Metro="4/4" Battito="4" />
    </TRACK>
    <TRACK TrackID="40105205" Name="Bioshock - all samples" Artist="Bioshock" Composer="" Album="" Grouping="" Genre="Samples" Kind="AIFF File" Size="73273398" TotalTime="415" DiscNumber="0" TrackNumber="0" Year="0" AverageBpm="137.75" DateAdded="2024-02-28" BitRate="1411" SampleRate="44100" Comments="8A - 4" PlayCount="0" Rating="0" Location="file://localhost/Users/zachvp/Music/DJ/_samples/bioshock/bioshock%20samples%20all.aiff" Remixer="" Tonality="8A" Label="" Mix="">
      <TEMPO Inizio="0.320" Bpm="137.75" Metro="4/4" Battito="1" />
    </TRACK>
    <TRACK TrackID="160113868" Name="The House That Jack Built" Artist="Aretha Franklin" Composer="Bob Lance/Ronnie Shannon/Fran Robbins" Album="The Very Best" Grouping="" Genre="Lounge/" Kind="ALAC File" Size="12159787" TotalTime="142" DiscNumber="1" TrackNumber="11" Year="1994" AverageBpm="91.57" DateAdded="2024-03-29" BitRate="680" SampleRate="44100" Comments="4B - 4" PlayCount="0" Rating="0" Location="file://localhost/Users/zachvp/Music/DJ/_parental%20jams/11%20The%20House%20That%20Jack%20Built.m4a" Remixer="" Tonality="4B" Label="" Mix="">
      <TEMPO Inizio="0.247" Bpm="91.57" Metro="4/4" Battito="1" />
      <TEMPO Inizio="0.903" Bpm="91.57" Metro="4/4" Battito="2" />
      <TEMPO Inizio="56.597" Bpm="91.57" Metro="4/4" Battito="3" />
      <TEMPO Inizio="112.291" Bpm="91.57" Metro="4/4" Battito="4" />
    </TRACK>
    <TRACK TrackID="133519813" Name="Respect" Artist="Aretha Franklin" Composer="Ronnie Shannon/Al Braggs/Otis Redding" Album="The Very Best" Grouping="" Genre="Lounge/Pop" Kind="ALAC File" Size="12562448" TotalTime="145" DiscNumber="1" TrackNumber="1" Year="1967" AverageBpm="114.59" DateAdded="2024-03-29" BitRate="691" SampleRate="44100" Comments="8B - 5" PlayCount="0" Rating="0" Location="file://localhost/Users/zachvp/Music/DJ/_parental%20jams/01%20Respect.m4a" Remixer="" Tonality="8B" Label="" Mix="">
      <TEMPO Inizio="0.054" Bpm="114.59" Metro="4/4" Battito="1" />
    </TRACK>
    <TRACK TrackID="68104751" Name="Satisfied (Original)" Artist="Miguel Migs" Composer="Miguel Migs" Album="Selected NRK Works 2000-2004" Grouping="" Genre="House/Deep/Tech/Jazzy" Kind="M4A File" Size="6645469" TotalTime="410" DiscNumber="1" TrackNumber="9" Year="2004" AverageBpm="124.01" DateAdded="2024-03-29" BitRate="128" SampleRate="44100" Comments="9B - 6" PlayCount="1" Rating="0" Location="file://localhost/Users/zachvp/Music/DJ/_parental%20jams/09%20Satisfied%20(Original).m4a" Remixer="" Tonality="9B" Label="" Mix="">
      <TEMPO Inizio="0.257" Bpm="124.01" Metro="4/4" Battito="1" />
      <POSITION_MARK Name="" Type="0" Start="62.185" Num="-1" />
      <POSITION_MARK Name="" Type="0" Start="247.991" Num="-1" />
      <POSITION_MARK Name="" Type="0" Start="278.953" Num="-1" />
    </TRACK>
    <TRACK TrackID="40398929" Name="Closer To Fine" Artist="Indigo Girls" Composer="Saliers, E." Album="Indigo Girls" Grouping="" Genre="Lounge/Rock" Kind="ALAC File" Size="29633056" TotalTime="242" DiscNumber="1" TrackNumber="1" Year="1989" AverageBpm="98.14" DateAdded="2024-03-29" BitRate="978" SampleRate="44100" Comments="11B - 4" PlayCount="0" Rating="0" Location="file://localhost/Users/zachvp/Music/DJ/_parental%20jams/01%20Closer%20To%20Fine.m4a" Remixer="" Tonality="11B" Label="" Mix="">
      <TEMPO Inizio="0.447" Bpm="98.14" Metro="4/4" Battito="1" />
      <TEMPO Inizio="157.570" Bpm="98.14" Metro="4/4" Battito="2" />
    </TRACK>
    <TRACK TrackID="3404438" Name="Call Me" Artist="Aretha Franklin" Composer="Ronnie Shannon/Aretha Franklin" Album="The Very Best" Grouping="" Genre="Lounge/" Kind="ALAC File" Size="24763108" TotalTime="236" DiscNumber="1" TrackNumber="16" Year="1970" AverageBpm="118.66" DateAdded="2024-03-29" BitRate="838" SampleRate="44100" Comments="9A - 4" PlayCount="0" Rating="0" Location="file://localhost/Users/zachvp/Music/DJ/_parental%20jams/16%20Call%20Me.m4a" Remixer="" Tonality="9A" Label="" Mix="">
      <TEMPO Inizio="0.046" Bpm="118.66" Metro="4/4" Battito="4" />
    </TRACK>
    <TRACK TrackID="262749922" Name="With a Little Help From My Friends" Artist="The Beatles" Composer="" Album="Sgt. Pepper's Lonely Hearts Club Band" Grouping="" Genre="Lounge/Pop" Kind="MP3 File" Size="2627528" TotalTime="164" DiscNumber="0" TrackNumber="2" Year="0" AverageBpm="112.23" DateAdded="2024-03-29" BitRate="128" SampleRate="44100" Comments="12B - 5" PlayCount="0" Rating="0" Location="file://localhost/Users/zachvp/Music/DJ/_parental%20jams/With%20a%20Little%20Help%20From%20my%20Friends.mp3" Remixer="" Tonality="12B" Label="" Mix="">
      <TEMPO Inizio="0.217" Bpm="112.23" Metro="4/4" Battito="1" />
    </TRACK>
    <TRACK TrackID="168074482" Name="smooth criminal" Artist="Michael Jackson" Composer="Michael Jackson" Album="Bad" Grouping="" Genre="Lounge/Pop" Kind="MP3 File" Size="4128676" TotalTime="257" DiscNumber="0" TrackNumber="10" Year="1987" AverageBpm="118.22" DateAdded="2024-03-29" BitRate="128" SampleRate="44100" Comments="4A - 7" PlayCount="0" Rating="0" Location="file://localhost/Users/zachvp/Music/DJ/_parental%20jams/Smooth%20Criminal.mp3" Remixer="" Tonality="4A" Label="Sony BMG" Mix="">
      <TEMPO Inizio="0.335" Bpm="118.22" Metro="4/4" Battito="3" />
    </TRACK>
    <TRACK TrackID="55934386" Name="You Make My Dreams" Artist="Hall &amp; Oates" Composer="Daryl Hall/John Oates/Sara Allen" Album="Long Live Hot Girls" Grouping="" Genre="Lounge/Pop" Kind="MP3 File" Size="5876044" TotalTime="185" DiscNumber="0" TrackNumber="7" Year="2009" AverageBpm="167.20" DateAdded="2024-03-29" BitRate="0" SampleRate="44100" Comments="7B - 5" PlayCount="0" Rating="0" Location="file://localhost/Users/zachvp/Music/DJ/_parental%20jams/You%20Make%20my%20Dreams%20Come%20True.mp3" Remixer="" Tonality="7B" Label="20th Century" Mix="">
      <TEMPO Inizio="0.304" Bpm="167.20" Metro="4/4" Battito="1" />
    </TRACK>
    <TRACK TrackID="39983483" Name="Wishin' On A Star (Main Versio" Artist="Beyonce" Composer="" Album="Wishin' On A Star CDS" Grouping="" Genre="Lounge/" Kind="MP3 File" Size="6410336" TotalTime="267" DiscNumber="0" TrackNumber="0" Year="2003" AverageBpm="85.70" DateAdded="2024-03-29" BitRate="192" SampleRate="44100" Comments="9A - 5" PlayCount="0" Rating="0" Location="file://localhost/Users/zachvp/Music/DJ/_parental%20jams/01-beyonce_-_wishin_on_a_star_(main_version)-ign.mp3" Remixer="" Tonality="9A" Label="" Mix="">
      <TEMPO Inizio="0.482" Bpm="85.70" Metro="4/4" Battito="3" />
      <TEMPO Inizio="201.416" Bpm="85.70" Metro="4/4" Battito="2" />
    </TRACK>
    <TRACK TrackID="63722036" Name="Galileo" Artist="Indigo Girls" Composer="Saliers, Emily" Album="Rites Of Passage" Grouping="" Genre="Lounge/Rock" Kind="ALAC File" Size="31301257" TotalTime="254" DiscNumber="1" TrackNumber="2" Year="1992" AverageBpm="99.17" DateAdded="2024-03-29" BitRate="983" SampleRate="44100" Comments="7B - 4" PlayCount="1" Rating="0" Location="file://localhost/Users/zachvp/Music/DJ/_parental%20jams/02%20Galileo.m4a" Remixer="" Tonality="7B" Label="" Mix="">
      <TEMPO Inizio="0.380" Bpm="99.17" Metro="4/4" Battito="3" />
      <TEMPO Inizio="34.262" Bpm="99.17" Metro="4/4" Battito="3" />
      <TEMPO Inizio="72.379" Bpm="99.17" Metro="4/4" Battito="2" />
      <TEMPO Inizio="110.496" Bpm="99.17" Metro="4/4" Battito="1" />
      <TEMPO Inizio="148.613" Bpm="99.17" Metro="4/4" Battito="4" />
      <TEMPO Inizio="185.520" Bpm="99.17" Metro="4/4" Battito="1" />
      <TEMPO Inizio="186.124" Bpm="99.17" Metro="4/4" Battito="2" />
      <TEMPO Inizio="186.730" Bpm="99.17" Metro="4/4" Battito="3" />
      <TEMPO Inizio="223.637" Bpm="99.17" Metro="4/4" Battito="4" />
      <TEMPO Inizio="224.241" Bpm="99.17" Metro="4/4" Battito="1" />
      <TEMPO Inizio="224.847" Bpm="99.17" Metro="4/4" Battito="2" />
    </TRACK>
    <TRACK TrackID="20542817" Name="Roll With The Changes" Artist="REO Speedwagon" Composer="" Album="The Hits" Grouping="" Genre="Lounge/Rock" Kind="ALAC File" Size="43521403" TotalTime="337" DiscNumber="1" TrackNumber="3" Year="1988" AverageBpm="93.90" DateAdded="2024-03-29" BitRate="1030" SampleRate="44100" Comments="8B - 7" PlayCount="0" Rating="0" Location="file://localhost/Users/zachvp/Music/DJ/_parental%20jams/03%20Roll%20With%20The%20Changes.m4a" Remixer="" Tonality="8B" Label="" Mix="">
      <TEMPO Inizio="0.229" Bpm="93.90" Metro="4/4" Battito="1" />
      <TEMPO Inizio="221.320" Bpm="93.90" Metro="4/4" Battito="3" />
    </TRACK>
    <TRACK TrackID="217801452" Name="Fantasy Girl" Artist=".38 Special" Composer="Jeff Carlisi/Jim Peterik" Album="Wild-Eyed Southern Boys" Grouping="" Genre="Lounge/Rock" Kind="ALAC File" Size="29109053" TotalTime="247" DiscNumber="1" TrackNumber="5" Year="1981" AverageBpm="124.80" DateAdded="2024-03-29" BitRate="940" SampleRate="44100" Comments="12B - 7" PlayCount="1" Rating="0" Location="file://localhost/Users/zachvp/Music/DJ/_parental%20jams/05%20Fantasy%20Girl.m4a" Remixer="" Tonality="12B" Label="" Mix="">
      <TEMPO Inizio="0.455" Bpm="124.80" Metro="4/4" Battito="1" />
    </TRACK>
    <TRACK TrackID="115959208" Name="Working For The Weekend" Artist="Loverboy" Composer="" Album="" Grouping="" Genre="Lounge/Rock" Kind="MP3 File" Size="3515086" TotalTime="220" DiscNumber="0" TrackNumber="0" Year="1982" AverageBpm="147.03" DateAdded="2024-03-29" BitRate="128" SampleRate="44100" Comments="10A - 7" PlayCount="0" Rating="0" Location="file://localhost/Users/zachvp/Music/DJ/_parental%20jams/Loverboy%20-%20Working%20for%20the%20Weekend%20-%2029%201982.mp3" Remixer="" Tonality="10A" Label="" Mix="">
      <TEMPO Inizio="0.374" Bpm="147.03" Metro="4/4" Battito="1" />
      <TEMPO Inizio="2.823" Bpm="147.03" Metro="4/4" Battito="3" />
      <TEMPO Inizio="59.137" Bpm="147.03" Metro="4/4" Battito="1" />
      <TEMPO Inizio="115.859" Bpm="147.03" Metro="4/4" Battito="4" />
      <TEMPO Inizio="172.173" Bpm="147.03" Metro="4/4" Battito="2" />
    </TRACK>
    <TRACK TrackID="200853597" Name="Wishin' On A Star (Remix)" Artist="Beyonce" Composer="" Album="Wishin' On A Star CDS" Grouping="" Genre="zzz" Kind="MP3 File" Size="5586203" TotalTime="232" DiscNumber="0" TrackNumber="0" Year="2003" AverageBpm="86.65" DateAdded="2024-03-29" BitRate="192" SampleRate="44100" Comments="9A - 6" PlayCount="0" Rating="0" Location="file://localhost/Users/zachvp/Music/DJ/_parental%20jams/02-beyonce_-_wishin_on_a_star_(remix)-ign.mp3" Remixer="" Tonality="9A" Label="" Mix="">
      <TEMPO Inizio="0.532" Bpm="86.65" Metro="4/4" Battito="1" />
    </TRACK>
    <TRACK TrackID="230174135" Name="Star Spangled War" Artist="Whitney Houston" Composer="" Album="" Grouping="" Genre="Lounge/Pop" Kind="MP3 File" Size="2215936" TotalTime="137" DiscNumber="0" TrackNumber="0" Year="1991" AverageBpm="157.21" DateAdded="2024-03-29" BitRate="128" SampleRate="44100" Comments="4B - 4" PlayCount="0" Rating="0" Location="file://localhost/Users/zachvp/Music/DJ/_parental%20jams/Whitney%20Houston%20-%20Star%20Spangled%20War%20-%2020%201991.mp3" Remixer="" Tonality="4B" Label="" Mix="">
      <TEMPO Inizio="0.342" Bpm="157.21" Metro="4/4" Battito="3" />
    </TRACK>
    <TRACK TrackID="244627998" Name="Hold On Loosely" Artist=".38 Special" Composer="Don Barnes/Jeff Carlisi/Jim Peterik" Album="Wild-Eyed Southern Boys" Grouping="" Genre="Lounge/Rock" Kind="ALAC File" Size="32937413" TotalTime="280" DiscNumber="1" TrackNumber="1" Year="1981" AverageBpm="127.55" DateAdded="2024-03-29" BitRate="938" SampleRate="44100" Comments="12B - 7" PlayCount="0" Rating="0" Location="file://localhost/Users/zachvp/Music/DJ/_parental%20jams/01%20Hold%20On%20Loosely.m4a" Remixer="" Tonality="12B" Label="" Mix="">
      <TEMPO Inizio="0.401" Bpm="127.55" Metro="4/4" Battito="3" />
      <TEMPO Inizio="0.872" Bpm="127.55" Metro="4/4" Battito="4" />
    </TRACK>
    <TRACK TrackID="33572515" Name="She Loves You" Artist="Beatles" Composer="" Album="" Grouping="" Genre="Lounge/Rock" Kind="MP3 File" Size="2277376" TotalTime="142" DiscNumber="0" TrackNumber="4" Year="1964" AverageBpm="151.39" DateAdded="2024-03-29" BitRate="128" SampleRate="44100" Comments="9B - 7" PlayCount="1" Rating="0" Location="file://localhost/Users/zachvp/Music/DJ/_parental%20jams/BEATLES%20-%20SHE%20LOVES%20YOU%20(1964%20#1-2).MP3" Remixer="" Tonality="9B" Label="" Mix="">
      <TEMPO Inizio="0.073" Bpm="151.39" Metro="4/4" Battito="3" />
      <TEMPO Inizio="33.365" Bpm="151.39" Metro="4/4" Battito="3" />
      <TEMPO Inizio="66.657" Bpm="151.39" Metro="4/4" Battito="3" />
      <TEMPO Inizio="99.949" Bpm="151.39" Metro="4/4" Battito="3" />
    </TRACK>
    <TRACK TrackID="208903488" Name="Ridin' The Storm Out" Artist="REO Speedwagon" Composer="" Album="The Hits" Grouping="" Genre="Lounge/Rock" Kind="ALAC File" Size="43060668" TotalTime="350" DiscNumber="1" TrackNumber="14" Year="1988" AverageBpm="141.38" DateAdded="2024-03-29" BitRate="982" SampleRate="44100" Comments="8A - 7" PlayCount="1" Rating="0" Location="file://localhost/Users/zachvp/Music/DJ/_parental%20jams/14%20Ridin%27%20The%20Storm%20Out.m4a" Remixer="" Tonality="8A" Label="" Mix="">
      <TEMPO Inizio="0.186" Bpm="141.38" Metro="4/4" Battito="1" />
      <TEMPO Inizio="0.611" Bpm="141.38" Metro="4/4" Battito="2" />
    </TRACK>
    <TRACK TrackID="127841032" Name="I Wanna Dance With Somebody" Artist="Whitney Houston" Composer="" Album="" Grouping="" Genre="Lounge/Pop/Dance" Kind="MP3 File" Size="4624384" TotalTime="289" DiscNumber="0" TrackNumber="0" Year="1987" AverageBpm="118.82" DateAdded="2024-03-29" BitRate="128" SampleRate="44100" Comments="2A - 7" PlayCount="0" Rating="0" Location="file://localhost/Users/zachvp/Music/DJ/_parental%20jams/Whitney%20Houston%20-%20I%20Wanna%20Dance%20With%20Somebody%20-%201(2)%201987.mp3" Remixer="" Tonality="2A" Label="" Mix="">
      <TEMPO Inizio="0.244" Bpm="118.82" Metro="4/4" Battito="1" />
      <TEMPO Inizio="222.423" Bpm="118.82" Metro="4/4" Battito="1" />
    </TRACK>
    <TRACK TrackID="163238773" Name="Don't Stop 'Til You Get Enough" Artist="Michael Jackson" Composer="Michael Jackson/Various" Album="HIStory: Greatest Hits, Vol. 1 [Disc 1]" Grouping="" Genre="Lounge/Pop" Kind="M4A File" Size="6018915" TotalTime="365" DiscNumber="1" TrackNumber="13" Year="1979" AverageBpm="119.35" DateAdded="2024-03-29" BitRate="128" SampleRate="44100" Comments="1B - 7" PlayCount="1" Rating="0" Location="file://localhost/Users/zachvp/Music/DJ/_parental%20jams/1-13%20Don%27t%20Stop%20%27Til%20You%20Get%20Enough.m4a" Remixer="" Tonality="1B" Label="" Mix="">
      <TEMPO Inizio="0.480" Bpm="119.35" Metro="4/4" Battito="1" />
    </TRACK>
    <TRACK TrackID="97786701" Name="Safety Dance" Artist="Men Without Hats" Composer="" Album="" Grouping="" Genre="Lounge/Pop" Kind="MP3 File" Size="4353344" TotalTime="272" DiscNumber="0" TrackNumber="0" Year="1983" AverageBpm="101.51" DateAdded="2024-03-29" BitRate="128" SampleRate="44100" Comments="8B - 6" PlayCount="1" Rating="0" Location="file://localhost/Users/zachvp/Music/DJ/_parental%20jams/MEN%20WITHOUT%20HATS%20-%20SAFETY%20DANCE%20-%203%201983.MP3" Remixer="" Tonality="8B" Label="" Mix="">
      <TEMPO Inizio="0.387" Bpm="101.51" Metro="4/4" Battito="1" />
      <TEMPO Inizio="18.120" Bpm="101.51" Metro="4/4" Battito="3" />
      <TEMPO Inizio="37.035" Bpm="101.51" Metro="4/4" Battito="3" />
      <TEMPO Inizio="55.950" Bpm="101.51" Metro="4/4" Battito="3" />
      <TEMPO Inizio="74.274" Bpm="101.51" Metro="4/4" Battito="2" />
      <TEMPO Inizio="93.189" Bpm="101.51" Metro="4/4" Battito="2" />
      <TEMPO Inizio="112.104" Bpm="101.51" Metro="4/4" Battito="2" />
      <TEMPO Inizio="130.428" Bpm="101.51" Metro="4/4" Battito="1" />
      <TEMPO Inizio="149.343" Bpm="101.51" Metro="4/4" Battito="1" />
      <TEMPO Inizio="167.667" Bpm="101.51" Metro="4/4" Battito="4" />
      <TEMPO Inizio="186.582" Bpm="101.51" Metro="4/4" Battito="4" />
      <TEMPO Inizio="205.497" Bpm="101.51" Metro="4/4" Battito="4" />
      <TEMPO Inizio="217.319" Bpm="101.51" Metro="4/4" Battito="4" />
      <TEMPO Inizio="236.234" Bpm="101.51" Metro="4/4" Battito="4" />
      <TEMPO Inizio="255.149" Bpm="101.51" Metro="4/4" Battito="4" />
    </TRACK>
    <TRACK TrackID="243024784" Name="Turn Me Loose" Artist="Loverboy" Composer="" Album="" Grouping="" Genre="Lounge/Rock" Kind="MP3 File" Size="5473048" TotalTime="342" DiscNumber="0" TrackNumber="0" Year="1981" AverageBpm="119.59" DateAdded="2024-03-29" BitRate="128" SampleRate="44100" Comments="6A - 5" PlayCount="1" Rating="0" Location="file://localhost/Users/zachvp/Music/DJ/_parental%20jams/Loverboy%20-%20Turn%20Me%20Loose%20-%2035%201981.mp3" Remixer="" Tonality="6A" Label="" Mix="">
      <TEMPO Inizio="0.372" Bpm="119.59" Metro="4/4" Battito="2" />
    </TRACK>
    <TRACK TrackID="92047685" Name="Abc" Artist="Jackson Five" Composer="" Album="" Grouping="" Genre="Lounge/Pop" Kind="MP3 File" Size="2806724" TotalTime="175" DiscNumber="0" TrackNumber="0" Year="1970" AverageBpm="93.37" DateAdded="2024-03-29" BitRate="128" SampleRate="44100" Comments="4B - 6" PlayCount="1" Rating="0" Location="file://localhost/Users/zachvp/Music/DJ/_parental%20jams/Abc.mp3" Remixer="" Tonality="4B" Label="" Mix="">
      <TEMPO Inizio="0.111" Bpm="93.37" Metro="4/4" Battito="1" />
    </TRACK>
    <TRACK TrackID="100197091" Name="Don't Stop Believin'" Artist="Journey" Composer="Jonathan Cain/Neal Schon/Steve Perry" Album="Greatest Hits" Grouping="" Genre="Lounge/Rock" Kind="M4A File" Size="4015676" TotalTime="251" DiscNumber="0" TrackNumber="2" Year="1988" AverageBpm="120.45" DateAdded="2024-03-29" BitRate="128" SampleRate="44100" Comments="12B - 6" PlayCount="0" Rating="0" Location="file://localhost/Users/zachvp/Music/DJ/_parental%20jams/02%20Don%27t%20Stop%20Believin%27.m4a" Remixer="" Tonality="12B" Label="" Mix="">
      <TEMPO Inizio="0.055" Bpm="120.45" Metro="4/4" Battito="3" />
      <TEMPO Inizio="16.992" Bpm="120.45" Metro="4/4" Battito="1" />
      <TEMPO Inizio="60.330" Bpm="120.45" Metro="4/4" Battito="4" />
      <TEMPO Inizio="103.668" Bpm="120.45" Metro="4/4" Battito="3" />
      <TEMPO Inizio="154.478" Bpm="120.45" Metro="4/4" Battito="1" />
      <TEMPO Inizio="212.760" Bpm="120.45" Metro="4/4" Battito="2" />
    </TRACK>
    <TRACK TrackID="162776632" Name="Hit Me With Your Best Shot" Artist="Benatar, Pat" Composer="" Album="" Grouping="" Genre="Lounge/Rock" Kind="MP3 File" Size="2744320" TotalTime="171" DiscNumber="0" TrackNumber="0" Year="1980" AverageBpm="127.50" DateAdded="2024-03-29" BitRate="128" SampleRate="44100" Comments="12B - 7" PlayCount="0" Rating="0" Location="file://localhost/Users/zachvp/Music/DJ/_parental%20jams/Pat%20Benatar%20-%20Hit%20Me%20With%20Your%20Best%20Shot%20-%209%201980.mp3" Remixer="" Tonality="12B" Label="" Mix="">
      <TEMPO Inizio="0.089" Bpm="127.50" Metro="4/4" Battito="1" />
    </TRACK>
    <TRACK TrackID="250173498" Name="Obla-di Obli-da" Artist="Beatles" Composer="" Album="" Grouping="" Genre="Lounge/Pop" Kind="MP3 File" Size="6036938" TotalTime="188" DiscNumber="0" TrackNumber="0" Year="0" AverageBpm="113.28" DateAdded="2024-03-29" BitRate="256" SampleRate="44100" Comments="6B - 6" PlayCount="1" Rating="0" Location="file://localhost/Users/zachvp/Music/DJ/_parental%20jams/Beatles%20-%20Obla-di%20Obli-da.mp3" Remixer="" Tonality="6B" Label="" Mix="">
      <TEMPO Inizio="0.376" Bpm="113.28" Metro="4/4" Battito="1" />
    </TRACK>
    <TRACK TrackID="114985885" Name="We Belong" Artist="Benatar, Pat" Composer="" Album="" Grouping="" Genre="Lounge/Rock" Kind="MP3 File" Size="3573760" TotalTime="223" DiscNumber="0" TrackNumber="0" Year="1985" AverageBpm="135.17" DateAdded="2024-03-29" BitRate="128" SampleRate="44100" Comments="7B - 6" PlayCount="0" Rating="0" Location="file://localhost/Users/zachvp/Music/DJ/_parental%20jams/PAT%20BENATAR%20-%20WE%20BELONG%20-%205%201985.MP3" Remixer="" Tonality="7B" Label="" Mix="">
      <TEMPO Inizio="0.327" Bpm="135.17" Metro="4/4" Battito="4" />
    </TRACK>
    <TRACK TrackID="101037459" Name="Closer to Fine" Artist="Indigo Girls" Composer="Emily Saliers" Album="Indigo Girls" Grouping="" Genre="Lounge/Rock" Kind="ALAC File" Size="29468296" TotalTime="242" DiscNumber="0" TrackNumber="1" Year="1989" AverageBpm="98.15" DateAdded="2024-03-29" BitRate="971" SampleRate="44100" Comments="11B - 4" PlayCount="0" Rating="0" Location="file://localhost/Users/zachvp/Music/DJ/_parental%20jams/01%20Closer%20to%20Fine%201.m4a" Remixer="" Tonality="11B" Label="" Mix="">
      <TEMPO Inizio="0.177" Bpm="98.15" Metro="4/4" Battito="1" />
      <TEMPO Inizio="22.796" Bpm="98.15" Metro="4/4" Battito="2" />
      <TEMPO Inizio="53.362" Bpm="98.15" Metro="4/4" Battito="4" />
      <TEMPO Inizio="83.928" Bpm="98.15" Metro="4/4" Battito="2" />
      <TEMPO Inizio="122.441" Bpm="98.15" Metro="4/4" Battito="1" />
      <TEMPO Inizio="145.060" Bpm="98.15" Metro="4/4" Battito="2" />
      <TEMPO Inizio="183.573" Bpm="98.15" Metro="4/4" Battito="1" />
      <TEMPO Inizio="214.139" Bpm="98.15" Metro="4/4" Battito="3" />
    </TRACK>
    <TRACK TrackID="112562385" Name="Everybody Have Fun Tonight" Artist="Wang Chung" Composer="" Album="" Grouping="" Genre="Lounge/Rock" Kind="MP3 File" Size="4067131" TotalTime="254" DiscNumber="0" TrackNumber="0" Year="1986" AverageBpm="129.08" DateAdded="2024-03-29" BitRate="128" SampleRate="44100" Comments="9A - 7" PlayCount="1" Rating="0" Location="file://localhost/Users/zachvp/Music/DJ/_parental%20jams/Wang%20Chung%20-%20Everybody%20Have%20Fun%20Tonight%20-%202(2)%201986.mp3" Remixer="" Tonality="9A" Label="" Mix="">
      <TEMPO Inizio="0.034" Bpm="129.08" Metro="4/4" Battito="1" />
    </TRACK>
    <TRACK TrackID="113511496" Name="Single Ladies (Put a Ring On It)" Artist="Beyoncé" Composer="Terius Nash, Beyoncé Knowles, Christopher Stewart &amp; Thaddis Harrell" Album="I Am... Sasha Fierce (Deluxe Version)" Grouping="" Genre="Lounge/Pop" Kind="M4A File" Size="6836292" TotalTime="193" DiscNumber="2" TrackNumber="1" Year="2008" AverageBpm="97.00" DateAdded="2024-03-29" BitRate="256" SampleRate="44100" Comments="9A - 7" PlayCount="1" Rating="0" Location="file://localhost/Users/zachvp/Music/DJ/_parental%20jams/2-01%20Single%20Ladies%20(Put%20a%20Ring%20On%20It.m4a" Remixer="" Tonality="9A" Label="" Mix="">
      <TEMPO Inizio="0.447" Bpm="97.00" Metro="4/4" Battito="1" />
    </TRACK>
    <TRACK TrackID="71648287" Name="Chain Of Fools" Artist="Aretha Franklin" Composer="Al Braggs/Don Covay/Ronnie Shannon" Album="The Very Best" Grouping="" Genre="Lounge/Pop" Kind="ALAC File" Size="14402900" TotalTime="168" DiscNumber="1" TrackNumber="4" Year="1994" AverageBpm="116.75" DateAdded="2024-03-29" BitRate="681" SampleRate="44100" Comments="5A - 6" PlayCount="1" Rating="0" Location="file://localhost/Users/zachvp/Music/DJ/_parental%20jams/04%20Chain%20Of%20Fools.m4a" Remixer="" Tonality="5A" Label="" Mix="">
      <TEMPO Inizio="0.417" Bpm="116.75" Metro="4/4" Battito="3" />
    </TRACK>
    <TRACK TrackID="36945261" Name="Time For Me To Fly" Artist="REO Speedwagon" Composer="" Album="The Hits" Grouping="" Genre="Lounge/Rock" Kind="ALAC File" Size="26240651" TotalTime="218" DiscNumber="1" TrackNumber="11" Year="1988" AverageBpm="83.26" DateAdded="2024-03-29" BitRate="959" SampleRate="44100" Comments="10B - 6" PlayCount="0" Rating="0" Location="file://localhost/Users/zachvp/Music/DJ/_parental%20jams/11%20Time%20For%20Me%20To%20Fly.m4a" Remixer="" Tonality="10B" Label="" Mix="">
      <TEMPO Inizio="0.040" Bpm="83.26" Metro="4/4" Battito="1" />
    </TRACK>
    <TRACK TrackID="117967058" Name="Wanna Be Startin' Somethin'" Artist="Michael Jackson" Composer="Michael Jackson/Various" Album="HIStory: Greatest Hits, Vol. 1 [Disc 1]" Grouping="" Genre="Lounge/Pop" Kind="M4A File" Size="5973799" TotalTime="364" DiscNumber="1" TrackNumber="14" Year="1982" AverageBpm="122.21" DateAdded="2024-03-29" BitRate="128" SampleRate="44100" Comments="10B - 7" PlayCount="0" Rating="0" Location="file://localhost/Users/zachvp/Music/DJ/_parental%20jams/1-14%20Wanna%20Be%20Startin%27%20Somethin%27.m4a" Remixer="" Tonality="10B" Label="" Mix="">
      <TEMPO Inizio="0.246" Bpm="122.21" Metro="4/4" Battito="3" />
    </TRACK>
    <TRACK TrackID="135707511" Name="Burning Down The House" Artist="Talking Heads" Composer="" Album="" Grouping="" Genre="Lounge/" Kind="MP3 File" Size="3873358" TotalTime="242" DiscNumber="0" TrackNumber="0" Year="1983" AverageBpm="103.00" DateAdded="2024-03-29" BitRate="128" SampleRate="44100" Comments="6A - 6" PlayCount="1" Rating="0" Location="file://localhost/Users/zachvp/Music/DJ/_parental%20jams/Burning%20Down%20The%20House.MP3" Remixer="" Tonality="6A" Label="" Mix="">
      <TEMPO Inizio="0.273" Bpm="103.00" Metro="4/4" Battito="1" />
    </TRACK>
    <TRACK TrackID="8210610" Name="Hold On" Artist="Triumph" Composer="" Album="Classics" Grouping="" Genre="Lounge/Rock" Kind="ALAC File" Size="41450498" TotalTime="365" DiscNumber="1" TrackNumber="2" Year="1979" AverageBpm="120.66" DateAdded="2024-03-29" BitRate="905" SampleRate="44100" Comments="12B - 5" PlayCount="0" Rating="0" Location="file://localhost/Users/zachvp/Music/DJ/_parental%20jams/02%20Hold%20On.m4a" Remixer="" Tonality="12B" Label="" Mix="">
      <TEMPO Inizio="0.309" Bpm="120.66" Metro="4/4" Battito="4" />
      <TEMPO Inizio="29.151" Bpm="120.66" Metro="4/4" Battito="2" />
      <TEMPO Inizio="61.971" Bpm="120.66" Metro="4/4" Battito="4" />
      <TEMPO Inizio="94.791" Bpm="120.66" Metro="4/4" Battito="2" />
      <TEMPO Inizio="127.611" Bpm="120.66" Metro="4/4" Battito="4" />
      <TEMPO Inizio="160.431" Bpm="120.66" Metro="4/4" Battito="2" />
      <TEMPO Inizio="191.262" Bpm="120.66" Metro="4/4" Battito="4" />
      <TEMPO Inizio="229.552" Bpm="120.66" Metro="4/4" Battito="1" />
      <TEMPO Inizio="262.372" Bpm="120.66" Metro="4/4" Battito="3" />
      <TEMPO Inizio="295.192" Bpm="120.66" Metro="4/4" Battito="1" />
      <TEMPO Inizio="328.012" Bpm="120.66" Metro="4/4" Battito="3" />
      <TEMPO Inizio="360.832" Bpm="120.66" Metro="4/4" Battito="1" />
    </TRACK>
    <TRACK TrackID="86480923" Name="Gimme Some Water" Artist="Eddie Money" Composer="" Album="Life For The Taking" Grouping="" Genre="Lounge/Rock" Kind="M4A File" Size="7553377" TotalTime="218" DiscNumber="1" TrackNumber="4" Year="1978" AverageBpm="89.64" DateAdded="2024-03-29" BitRate="256" SampleRate="44100" Comments="10B - 6" PlayCount="1" Rating="0" Location="file://localhost/Users/zachvp/Music/DJ/_parental%20jams/04%20Gimme%20Some%20Water.m4a" Remixer="" Tonality="10B" Label="" Mix="">
      <TEMPO Inizio="0.082" Bpm="89.64" Metro="4/4" Battito="3" />
      <TEMPO Inizio="6.776" Bpm="89.64" Metro="4/4" Battito="1" />
      <TEMPO Inizio="15.478" Bpm="89.64" Metro="4/4" Battito="2" />
      <TEMPO Inizio="33.551" Bpm="89.64" Metro="4/4" Battito="1" />
      <TEMPO Inizio="49.616" Bpm="89.64" Metro="4/4" Battito="1" />
      <TEMPO Inizio="58.318" Bpm="89.64" Metro="4/4" Battito="2" />
      <TEMPO Inizio="76.391" Bpm="89.64" Metro="4/4" Battito="1" />
      <TEMPO Inizio="92.456" Bpm="89.64" Metro="4/4" Battito="1" />
      <TEMPO Inizio="101.158" Bpm="89.64" Metro="4/4" Battito="2" />
      <TEMPO Inizio="119.231" Bpm="89.64" Metro="4/4" Battito="1" />
      <TEMPO Inizio="135.296" Bpm="89.64" Metro="4/4" Battito="1" />
      <TEMPO Inizio="143.998" Bpm="89.64" Metro="4/4" Battito="2" />
      <TEMPO Inizio="162.071" Bpm="89.64" Metro="4/4" Battito="1" />
      <TEMPO Inizio="178.136" Bpm="89.64" Metro="4/4" Battito="1" />
      <TEMPO Inizio="186.838" Bpm="89.64" Metro="4/4" Battito="2" />
      <TEMPO Inizio="204.911" Bpm="89.64" Metro="4/4" Battito="1" />
    </TRACK>
    <TRACK TrackID="234497922" Name="Lady '95" Artist="Styx" Composer="DeYoung, D" Album="Greatest Hits" Grouping="" Genre="Lounge/Rock" Kind="M4A File" Size="2931100" TotalTime="185" DiscNumber="1" TrackNumber="1" Year="1995" AverageBpm="132.99" DateAdded="2024-03-29" BitRate="128" SampleRate="44100" Comments="10B - 6" PlayCount="0" Rating="0" Location="file://localhost/Users/zachvp/Music/DJ/_parental%20jams/01%20Lady%20%2795.m4a" Remixer="" Tonality="10B" Label="" Mix="">
      <TEMPO Inizio="0.019" Bpm="132.99" Metro="4/4" Battito="3" />
      <TEMPO Inizio="76.717" Bpm="132.99" Metro="4/4" Battito="1" />
    </TRACK>
    <TRACK TrackID="20032335" Name="Don't Say No" Artist="Billy Squier" Composer="" Album="Don't Say No" Grouping="" Genre="Lounge/Rock" Kind="ALAC File" Size="23254352" TotalTime="200" DiscNumber="1" TrackNumber="10" Year="1981" AverageBpm="83.36" DateAdded="2024-03-29" BitRate="925" SampleRate="44100" Comments="10B - 4" PlayCount="0" Rating="0" Location="file://localhost/Users/zachvp/Music/DJ/_parental%20jams/10%20Don%27t%20Say%20No.m4a" Remixer="" Tonality="10B" Label="" Mix="">
      <TEMPO Inizio="0.714" Bpm="83.36" Metro="4/4" Battito="1" />
    </TRACK>
    <TRACK TrackID="253676356" Name="Philadelphia Freedom" Artist="Elton John" Composer="" Album="Greatest Hits 1970-2002 (1 of 2)" Grouping="" Genre="Lounge/Rock" Kind="MP3 File" Size="6450638" TotalTime="322" DiscNumber="0" TrackNumber="14" Year="0" AverageBpm="125.82" DateAdded="2024-03-29" BitRate="160" SampleRate="44100" Comments="6B - 6" PlayCount="0" Rating="0" Location="file://localhost/Users/zachvp/Music/DJ/_parental%20jams/14%20Philadelphia%20Freedom.mp3" Remixer="" Tonality="6B" Label="" Mix="">
      <TEMPO Inizio="0.206" Bpm="125.82" Metro="4/4" Battito="1" />
    </TRACK>
    <TRACK TrackID="226380001" Name="Holiday" Artist="Madonna" Composer="Billy Steinberg, Tom Kelly/Curtis Hudson, Lisa Stevens" Album="The Immaculate Collection" Grouping="" Genre="Lounge/Pop" Kind="ALAC File" Size="30119858" TotalTime="245" DiscNumber="1" TrackNumber="1" Year="1983" AverageBpm="117.58" DateAdded="2024-03-29" BitRate="979" SampleRate="44100" Comments="10A - 6" PlayCount="1" Rating="0" Location="file://localhost/Users/zachvp/Music/DJ/_parental%20jams/01%20Holiday.m4a" Remixer="" Tonality="10A" Label="" Mix="">
      <TEMPO Inizio="0.281" Bpm="117.58" Metro="4/4" Battito="1" />
      <TEMPO Inizio="15.080" Bpm="117.58" Metro="4/4" Battito="2" />
      <TEMPO Inizio="77.336" Bpm="117.58" Metro="4/4" Battito="4" />
      <TEMPO Inizio="136.020" Bpm="117.58" Metro="4/4" Battito="3" />
      <TEMPO Inizio="194.704" Bpm="117.58" Metro="4/4" Battito="2" />
    </TRACK>
    <TRACK TrackID="57643717" Name="Come Sail Away" Artist="Styx" Composer="DeYoung, D" Album="Greatest Hits" Grouping="" Genre="Lounge/Rock" Kind="M4A File" Size="5987358" TotalTime="365" DiscNumber="1" TrackNumber="9" Year="1995" AverageBpm="146.34" DateAdded="2024-03-29" BitRate="128" SampleRate="44100" Comments="8B - 5" PlayCount="0" Rating="0" Location="file://localhost/Users/zachvp/Music/DJ/_parental%20jams/09%20Come%20Sail%20Away.m4a" Remixer="" Tonality="8B" Label="" Mix="">
      <TEMPO Inizio="0.197" Bpm="146.34" Metro="4/4" Battito="1" />
      <TEMPO Inizio="26.028" Bpm="146.34" Metro="4/4" Battito="4" />
      <TEMPO Inizio="26.847" Bpm="146.34" Metro="4/4" Battito="2" />
      <TEMPO Inizio="27.258" Bpm="146.34" Metro="4/4" Battito="3" />
      <TEMPO Inizio="55.549" Bpm="146.34" Metro="4/4" Battito="4" />
      <TEMPO Inizio="56.368" Bpm="146.34" Metro="4/4" Battito="2" />
      <TEMPO Inizio="56.779" Bpm="146.34" Metro="4/4" Battito="3" />
      <TEMPO Inizio="83.840" Bpm="146.34" Metro="4/4" Battito="1" />
      <TEMPO Inizio="84.249" Bpm="146.34" Metro="4/4" Battito="2" />
      <TEMPO Inizio="85.070" Bpm="146.34" Metro="4/4" Battito="4" />
      <TEMPO Inizio="114.181" Bpm="146.34" Metro="4/4" Battito="3" />
      <TEMPO Inizio="115.000" Bpm="146.34" Metro="4/4" Battito="1" />
      <TEMPO Inizio="115.411" Bpm="146.34" Metro="4/4" Battito="2" />
      <TEMPO Inizio="142.472" Bpm="146.34" Metro="4/4" Battito="4" />
      <TEMPO Inizio="142.881" Bpm="146.34" Metro="4/4" Battito="1" />
      <TEMPO Inizio="143.702" Bpm="146.34" Metro="4/4" Battito="3" />
      <TEMPO Inizio="171.993" Bpm="146.34" Metro="4/4" Battito="4" />
      <TEMPO Inizio="172.402" Bpm="146.34" Metro="4/4" Battito="1" />
      <TEMPO Inizio="172.813" Bpm="146.34" Metro="4/4" Battito="2" />
      <TEMPO Inizio="201.514" Bpm="146.34" Metro="4/4" Battito="4" />
      <TEMPO Inizio="201.923" Bpm="146.34" Metro="4/4" Battito="1" />
      <TEMPO Inizio="202.334" Bpm="146.34" Metro="4/4" Battito="2" />
      <TEMPO Inizio="230.625" Bpm="146.34" Metro="4/4" Battito="3" />
      <TEMPO Inizio="231.444" Bpm="146.34" Metro="4/4" Battito="1" />
      <TEMPO Inizio="231.855" Bpm="146.34" Metro="4/4" Battito="2" />
      <TEMPO Inizio="258.916" Bpm="146.34" Metro="4/4" Battito="4" />
      <TEMPO Inizio="259.325" Bpm="146.34" Metro="4/4" Battito="1" />
      <TEMPO Inizio="260.146" Bpm="146.34" Metro="4/4" Battito="3" />
      <TEMPO Inizio="288.437" Bpm="146.34" Metro="4/4" Battito="4" />
      <TEMPO Inizio="288.846" Bpm="146.34" Metro="4/4" Battito="1" />
      <TEMPO Inizio="289.257" Bpm="146.34" Metro="4/4" Battito="2" />
      <TEMPO Inizio="317.548" Bpm="146.34" Metro="4/4" Battito="3" />
      <TEMPO Inizio="318.367" Bpm="146.34" Metro="4/4" Battito="1" />
      <TEMPO Inizio="318.778" Bpm="146.34" Metro="4/4" Battito="2" />
      <TEMPO Inizio="347.069" Bpm="146.34" Metro="4/4" Battito="3" />
      <TEMPO Inizio="347.888" Bpm="146.34" Metro="4/4" Battito="1" />
      <TEMPO Inizio="348.299" Bpm="146.34" Metro="4/4" Battito="2" />
    </TRACK>
    <TRACK TrackID="57966617" Name="Take the Money and Run" Artist="Steve Miller Band" Composer="Steve Miller" Album="Greatest Hits 1974-78" Grouping="" Genre="Lounge/Rock" Kind="ALAC File" Size="18389653" TotalTime="172" DiscNumber="1" TrackNumber="3" Year="1976" AverageBpm="98.17" DateAdded="2024-03-29" BitRate="849" SampleRate="44100" Comments="8B - 5" PlayCount="0" Rating="0" Location="file://localhost/Users/zachvp/Music/DJ/_parental%20jams/03%20Take%20the%20Money%20and%20Run.m4a" Remixer="" Tonality="8B" Label="" Mix="">
      <TEMPO Inizio="0.334" Bpm="98.17" Metro="4/4" Battito="3" />
      <TEMPO Inizio="30.281" Bpm="98.17" Metro="4/4" Battito="4" />
      <TEMPO Inizio="67.562" Bpm="98.17" Metro="4/4" Battito="1" />
      <TEMPO Inizio="104.232" Bpm="98.17" Metro="4/4" Battito="1" />
      <TEMPO Inizio="134.179" Bpm="98.17" Metro="4/4" Battito="2" />
      <TEMPO Inizio="170.849" Bpm="98.17" Metro="4/4" Battito="2" />
    </TRACK>
    <TRACK TrackID="120582769" Name="Brandy (You're A Fine Girl)" Artist="Looking Glass" Composer="Elliot Lurie" Album="Looking Glass" Grouping="" Genre="Lounge/Pop" Kind="M4A File" Size="6794396" TotalTime="189" DiscNumber="1" TrackNumber="2" Year="1972" AverageBpm="125.20" DateAdded="2024-03-29" BitRate="256" SampleRate="44100" Comments="12B - 6" PlayCount="0" Rating="0" Location="file://localhost/Users/zachvp/Music/DJ/_parental%20jams/02%20Brandy%20(You%27re%20A%20Fine%20Girl).m4a" Remixer="" Tonality="12B" Label="" Mix="">
      <TEMPO Inizio="0.270" Bpm="125.20" Metro="4/4" Battito="1" />
      <TEMPO Inizio="35.253" Bpm="125.20" Metro="4/4" Battito="2" />
      <TEMPO Inizio="76.466" Bpm="125.20" Metro="4/4" Battito="4" />
      <TEMPO Inizio="109.532" Bpm="125.20" Metro="4/4" Battito="1" />
      <TEMPO Inizio="150.745" Bpm="125.20" Metro="4/4" Battito="3" />
      <TEMPO Inizio="185.728" Bpm="125.20" Metro="4/4" Battito="4" />
    </TRACK>
    <TRACK TrackID="135071350" Name="You're the One That I Want" Artist="John Travolta Olivia Newton" Composer="" Album="Grease" Grouping="" Genre="Lounge/Pop" Kind="MP3 File" Size="2679568" TotalTime="167" DiscNumber="0" TrackNumber="0" Year="1978" AverageBpm="106.96" DateAdded="2024-03-29" BitRate="128" SampleRate="44100" Comments="8B - 7" PlayCount="1" Rating="0" Location="file://localhost/Users/zachvp/Music/DJ/_parental%20jams/You%27re%20the%20One%20That%20I%20Want.mp3" Remixer="" Tonality="8B" Label="" Mix="">
      <TEMPO Inizio="0.321" Bpm="106.96" Metro="4/4" Battito="1" />
    </TRACK>
    <TRACK TrackID="16871634" Name="I Love Rock And Roll" Artist="Jett, Joan" Composer="" Album="" Grouping="" Genre="Lounge/Rock" Kind="MP3 File" Size="2797568" TotalTime="174" DiscNumber="0" TrackNumber="0" Year="1982" AverageBpm="95.03" DateAdded="2024-03-29" BitRate="128" SampleRate="44100" Comments="12B - 5" PlayCount="0" Rating="0" Location="file://localhost/Users/zachvp/Music/DJ/_parental%20jams/I%20Love%20Rock%20And%20Roll.mp3" Remixer="" Tonality="12B" Label="" Mix="">
      <TEMPO Inizio="0.111" Bpm="95.03" Metro="4/4" Battito="1" />
      <TEMPO Inizio="5.794" Bpm="95.03" Metro="4/4" Battito="2" />
      <TEMPO Inizio="16.528" Bpm="95.03" Metro="4/4" Battito="3" />
      <TEMPO Inizio="30.419" Bpm="95.03" Metro="4/4" Battito="1" />
      <TEMPO Inizio="46.204" Bpm="95.03" Metro="4/4" Battito="2" />
      <TEMPO Inizio="56.938" Bpm="95.03" Metro="4/4" Battito="3" />
      <TEMPO Inizio="72.723" Bpm="95.03" Metro="4/4" Battito="4" />
      <TEMPO Inizio="83.457" Bpm="95.03" Metro="4/4" Battito="1" />
      <TEMPO Inizio="97.348" Bpm="95.03" Metro="4/4" Battito="3" />
      <TEMPO Inizio="113.133" Bpm="95.03" Metro="4/4" Battito="4" />
      <TEMPO Inizio="123.867" Bpm="95.03" Metro="4/4" Battito="1" />
      <TEMPO Inizio="139.652" Bpm="95.03" Metro="4/4" Battito="2" />
      <TEMPO Inizio="150.386" Bpm="95.03" Metro="4/4" Battito="3" />
      <TEMPO Inizio="166.171" Bpm="95.03" Metro="4/4" Battito="4" />
    </TRACK>
    <TRACK TrackID="226892621" Name="Jack And Diane" Artist="Mellancamp, John Cougar" Composer="" Album="" Grouping="" Genre="Lounge/Rock" Kind="MP3 File" Size="4321280" TotalTime="270" DiscNumber="0" TrackNumber="0" Year="1982" AverageBpm="103.91" DateAdded="2024-03-29" BitRate="128" SampleRate="44100" Comments="11B - 5" PlayCount="0" Rating="0" Location="file://localhost/Users/zachvp/Music/DJ/_parental%20jams/Jack%20And%20Diane.mp3" Remixer="" Tonality="11B" Label="" Mix="">
      <TEMPO Inizio="0.565" Bpm="103.91" Metro="4/4" Battito="3" />
      <TEMPO Inizio="56.574" Bpm="103.91" Metro="4/4" Battito="4" />
      <TEMPO Inizio="108.541" Bpm="103.91" Metro="4/4" Battito="2" />
      <TEMPO Inizio="156.466" Bpm="103.91" Metro="4/4" Battito="1" />
      <TEMPO Inizio="212.475" Bpm="103.91" Metro="4/4" Battito="2" />
      <TEMPO Inizio="264.442" Bpm="103.91" Metro="4/4" Battito="4" />
    </TRACK>
    <TRACK TrackID="164919679" Name="Like A Prayer" Artist="Madonna" Composer="Madonna and Patrick Leonard/Billy Steinberg, Tom Kelly" Album="The Immaculate Collection" Grouping="" Genre="Lounge/Pop" Kind="ALAC File" Size="42996720" TotalTime="351" DiscNumber="1" TrackNumber="12" Year="1989" AverageBpm="111.87" DateAdded="2024-03-29" BitRate="977" SampleRate="44100" Comments="7B - 7" PlayCount="0" Rating="0" Location="file://localhost/Users/zachvp/Music/DJ/_parental%20jams/12%20Like%20A%20Prayer.m4a" Remixer="" Tonality="7B" Label="" Mix="">
      <TEMPO Inizio="0.486" Bpm="111.87" Metro="4/4" Battito="1" />
      <TEMPO Inizio="205.902" Bpm="111.87" Metro="4/4" Battito="4" />
    </TRACK>
    <TRACK TrackID="123449218" Name="Sugar, Sugar" Artist="The Archies" Composer="" Album="Sugar, Sugar" Grouping="" Genre="Lounge/Pop" Kind="MP3 File" Size="2756608" TotalTime="172" DiscNumber="0" TrackNumber="1" Year="1969" AverageBpm="122.23" DateAdded="2024-03-29" BitRate="128" SampleRate="44100" Comments="10B - 5" PlayCount="0" Rating="0" Location="file://localhost/Users/zachvp/Music/DJ/_parental%20jams/01%20Sugar,%20Sugar.MP3" Remixer="" Tonality="10B" Label="" Mix="">
      <TEMPO Inizio="0.055" Bpm="122.23" Metro="4/4" Battito="1" />
    </TRACK>
    <TRACK TrackID="148552312" Name="Rock On" Artist="David Essex" Composer="" Album="" Grouping="" Genre="Lounge/Rock" Kind="MP3 File" Size="3309568" TotalTime="206" DiscNumber="0" TrackNumber="5" Year="1974" AverageBpm="150.42" DateAdded="2024-03-29" BitRate="128" SampleRate="44100" Comments="12A - 3" PlayCount="1" Rating="0" Location="file://localhost/Users/zachvp/Music/DJ/_parental%20jams/05%20Rock%20On.mp3" Remixer="" Tonality="12A" Label="" Mix="">
      <TEMPO Inizio="0.047" Bpm="150.42" Metro="4/4" Battito="1" />
    </TRACK>
    <TRACK TrackID="212500631" Name="Material Girl" Artist="Madonna" Composer="Peter Brown, Robert Rans" Album="The Immaculate Collection" Grouping="" Genre="Lounge/Pop" Kind="ALAC File" Size="28609594" TotalTime="233" DiscNumber="1" TrackNumber="5" Year="1984" AverageBpm="134.62" DateAdded="2024-03-29" BitRate="979" SampleRate="44100" Comments="8B - 7" PlayCount="0" Rating="0" Location="file://localhost/Users/zachvp/Music/DJ/_parental%20jams/05%20Material%20Girl.m4a" Remixer="" Tonality="8B" Label="" Mix="">
      <TEMPO Inizio="0.024" Bpm="134.62" Metro="4/4" Battito="1" />
    </TRACK>
    <TRACK TrackID="141031436" Name="Things Can Only Get Better" Artist="Jones, Howard" Composer="" Album="" Grouping="" Genre="Lounge/" Kind="MP3 File" Size="3788800" TotalTime="237" DiscNumber="0" TrackNumber="0" Year="1985" AverageBpm="108.23" DateAdded="2024-03-29" BitRate="128" SampleRate="44100" Comments="8A - 7" PlayCount="1" Rating="0" Location="file://localhost/Users/zachvp/Music/DJ/_parental%20jams/Things%20Can%20Only%20Get%20Better.MP3" Remixer="" Tonality="8A" Label="" Mix="">
      <TEMPO Inizio="0.169" Bpm="108.23" Metro="4/4" Battito="1" />
      <TEMPO Inizio="11.257" Bpm="108.23" Metro="4/4" Battito="1" />
      <TEMPO Inizio="22.345" Bpm="108.23" Metro="4/4" Battito="1" />
      <TEMPO Inizio="37.868" Bpm="108.23" Metro="4/4" Battito="1" />
      <TEMPO Inizio="48.956" Bpm="108.23" Metro="4/4" Battito="1" />
      <TEMPO Inizio="64.479" Bpm="108.23" Metro="4/4" Battito="1" />
      <TEMPO Inizio="80.002" Bpm="108.23" Metro="4/4" Battito="1" />
      <TEMPO Inizio="95.525" Bpm="108.23" Metro="4/4" Battito="1" />
      <TEMPO Inizio="106.613" Bpm="108.23" Metro="4/4" Battito="1" />
      <TEMPO Inizio="122.136" Bpm="108.23" Metro="4/4" Battito="1" />
      <TEMPO Inizio="133.224" Bpm="108.23" Metro="4/4" Battito="1" />
      <TEMPO Inizio="148.747" Bpm="108.23" Metro="4/4" Battito="1" />
      <TEMPO Inizio="159.835" Bpm="108.23" Metro="4/4" Battito="1" />
      <TEMPO Inizio="175.358" Bpm="108.23" Metro="4/4" Battito="1" />
      <TEMPO Inizio="190.881" Bpm="108.23" Metro="4/4" Battito="1" />
      <TEMPO Inizio="206.404" Bpm="108.23" Metro="4/4" Battito="1" />
      <TEMPO Inizio="217.492" Bpm="108.23" Metro="4/4" Battito="1" />
      <TEMPO Inizio="233.015" Bpm="108.23" Metro="4/4" Battito="1" />
    </TRACK>
    <TRACK TrackID="121503306" Name="Just You 'N' Me" Artist="Chicago" Composer="" Album="Chicago IX: Chicago's Greatest Hits" Grouping="" Genre="Lounge/Rock" Kind="M4A File" Size="7872544" TotalTime="225" DiscNumber="1" TrackNumber="4" Year="1973" AverageBpm="106.89" DateAdded="2024-03-29" BitRate="256" SampleRate="44100" Comments="6B - 5" PlayCount="1" Rating="0" Location="file://localhost/Users/zachvp/Music/DJ/_parental%20jams/04%20Just%20You%20%27N%27%20Me.m4a" Remixer="" Tonality="6B" Label="" Mix="">
      <TEMPO Inizio="0.140" Bpm="106.89" Metro="4/4" Battito="3" />
      <TEMPO Inizio="33.820" Bpm="106.89" Metro="4/4" Battito="3" />
      <TEMPO Inizio="58.519" Bpm="106.89" Metro="4/4" Battito="3" />
      <TEMPO Inizio="92.199" Bpm="106.89" Metro="4/4" Battito="3" />
      <TEMPO Inizio="125.879" Bpm="106.89" Metro="4/4" Battito="3" />
      <TEMPO Inizio="159.559" Bpm="106.89" Metro="4/4" Battito="3" />
      <TEMPO Inizio="193.239" Bpm="106.89" Metro="4/4" Battito="3" />
    </TRACK>
    <TRACK TrackID="102797101" Name="The Stroke" Artist="Billy Squier" Composer="" Album="Don't Say No" Grouping="" Genre="Lounge/Rock" Kind="ALAC File" Size="24888253" TotalTime="218" DiscNumber="1" TrackNumber="2" Year="1981" AverageBpm="92.07" DateAdded="2024-03-29" BitRate="911" SampleRate="44100" Comments="7A - 5" PlayCount="1" Rating="0" Location="file://localhost/Users/zachvp/Music/DJ/_parental%20jams/02%20The%20Stroke.m4a" Remixer="" Tonality="7A" Label="" Mix="">
      <TEMPO Inizio="0.530" Bpm="92.07" Metro="4/4" Battito="3" />
    </TRACK>
    <TRACK TrackID="229868210" Name="Vogue" Artist="Madonna" Composer="Billy Steinberg, Tom Kelly/Madonna, Shep Pettibone" Album="The Immaculate Collection" Grouping="" Genre="Lounge/Pop" Kind="ALAC File" Size="37012781" TotalTime="318" DiscNumber="1" TrackNumber="15" Year="1990" AverageBpm="116.02" DateAdded="2024-03-29" BitRate="927" SampleRate="44100" Comments="1A - 7" PlayCount="1" Rating="0" Location="file://localhost/Users/zachvp/Music/DJ/_parental%20jams/15%20Vogue.m4a" Remixer="" Tonality="1A" Label="" Mix="">
      <TEMPO Inizio="0.008" Bpm="116.02" Metro="4/4" Battito="4" />
      <TEMPO Inizio="18.626" Bpm="116.02" Metro="4/4" Battito="4" />
      <TEMPO Inizio="132.400" Bpm="116.02" Metro="4/4" Battito="4" />
      <TEMPO Inizio="290.132" Bpm="116.02" Metro="4/4" Battito="1" />
    </TRACK>
    <TRACK TrackID="100257119" Name="Jungle Love" Artist="Steve Miller Band" Composer="David Denny/Lonnie Turner &amp; Greg Douglass" Album="Greatest Hits 1974-78" Grouping="" Genre="Lounge/Rock" Kind="ALAC File" Size="21607497" TotalTime="189" DiscNumber="1" TrackNumber="2" Year="1978" AverageBpm="144.00" DateAdded="2024-03-29" BitRate="912" SampleRate="44100" Comments="6A - 6" PlayCount="0" Rating="0" Location="file://localhost/Users/zachvp/Music/DJ/_parental%20jams/02%20Jungle%20Love.m4a" Remixer="" Tonality="6A" Label="" Mix="">
      <TEMPO Inizio="0.017" Bpm="144.00" Metro="4/4" Battito="3" />
    </TRACK>
    <TRACK TrackID="84433084" Name="Girls Talk" Artist="Dave Edmunds" Composer="Elvis Costello" Album="Repeat When Necessary" Grouping="" Genre="Lounge/Rock" Kind="M4A File" Size="7399430" TotalTime="209" DiscNumber="1" TrackNumber="1" Year="1970" AverageBpm="128.95" DateAdded="2024-03-29" BitRate="256" SampleRate="44100" Comments="3B - 7" PlayCount="0" Rating="0" Location="file://localhost/Users/zachvp/Music/DJ/_parental%20jams/01%20Girls%20Talk.m4a" Remixer="" Tonality="3B" Label="" Mix="">
      <TEMPO Inizio="0.024" Bpm="128.95" Metro="4/4" Battito="1" />
      <TEMPO Inizio="0.490" Bpm="128.95" Metro="4/4" Battito="2" />
      <TEMPO Inizio="197.311" Bpm="128.95" Metro="4/4" Battito="1" />
    </TRACK>
    <TRACK TrackID="200690547" Name="Express Yourself" Artist="Madonna" Composer="Madonna, Stephen Bray/Billy Steinberg, Tom Kelly" Album="The Immaculate Collection" Grouping="" Genre="Lounge/Pop" Kind="ALAC File" Size="31298832" TotalTime="244" DiscNumber="1" TrackNumber="13" Year="1989" AverageBpm="115.54" DateAdded="2024-03-29" BitRate="1024" SampleRate="44100" Comments="9B - 7" PlayCount="0" Rating="0" Location="file://localhost/Users/zachvp/Music/DJ/_parental%20jams/13%20Express%20Yourself.m4a" Remixer="" Tonality="9B" Label="" Mix="">
      <TEMPO Inizio="0.163" Bpm="115.54" Metro="4/4" Battito="1" />
      <TEMPO Inizio="0.683" Bpm="115.54" Metro="4/4" Battito="2" />
      <TEMPO Inizio="35.996" Bpm="115.54" Metro="4/4" Battito="2" />
      <TEMPO Inizio="97.274" Bpm="115.54" Metro="4/4" Battito="4" />
      <TEMPO Inizio="168.938" Bpm="115.54" Metro="4/4" Battito="2" />
      <TEMPO Inizio="235.409" Bpm="115.54" Metro="4/4" Battito="2" />
    </TRACK>
    <TRACK TrackID="16911003" Name="Magic Power" Artist="Triumph" Composer="" Album="Classics" Grouping="" Genre="Lounge/Rock" Kind="ALAC File" Size="33881410" TotalTime="294" DiscNumber="1" TrackNumber="4" Year="1981" AverageBpm="155.29" DateAdded="2024-03-29" BitRate="920" SampleRate="44100" Comments="10B - 6" PlayCount="0" Rating="0" Location="file://localhost/Users/zachvp/Music/DJ/_parental%20jams/04%20Magic%20Power.m4a" Remixer="" Tonality="10B" Label="" Mix="">
      <TEMPO Inizio="0.366" Bpm="155.29" Metro="4/4" Battito="3" />
    </TRACK>
    <TRACK TrackID="62743047" Name="CYMBAL" Artist="" Composer="" Album="" Grouping="" Genre="Samples" Kind="WAV File" Size="543576" TotalTime="2" DiscNumber="0" TrackNumber="0" Year="0" AverageBpm="0.00" DateAdded="2024-06-03" BitRate="2116" SampleRate="44100" Comments="" PlayCount="0" Rating="0" Location="file://localhost/Users/zachvp/Music/rekordbox/Sampler/MERGE%20FX/MergeFX%20Sample%20Sound%20104.wav" Remixer="" Tonality="" Label="" Mix="" />
    <TRACK TrackID="86022542" Name="SHORT BOOM" Artist="Loopmasters" Composer="" Album="" Grouping="" Genre="Samples" Kind="WAV File" Size="727752" TotalTime="2" DiscNumber="0" TrackNumber="0" Year="0" AverageBpm="0.00" DateAdded="2024-06-03" BitRate="2116" SampleRate="44100" Comments="" PlayCount="0" Rating="0" Location="file://localhost/Users/zachvp/Music/rekordbox/Sampler/MERGE%20FX/MergeFX%20Sample%20Sound%20304.wav" Remixer="" Tonality="" Label="" Mix="" />
    <TRACK TrackID="172643708" Name="LET'S GO" Artist="Loopmasters" Composer="" Album="" Grouping="" Genre="Samples" Kind="WAV File" Size="1002802" TotalTime="3" DiscNumber="0" TrackNumber="0" Year="0" AverageBpm="0.00" DateAdded="2024-06-03" BitRate="2116" SampleRate="44100" Comments="" PlayCount="0" Rating="0" Location="file://localhost/Users/zachvp/Music/rekordbox/Sampler/MERGE%20FX/MergeFX%20Sample%20Sound%20305.wav" Remixer="" Tonality="" Label="" Mix="" />
    <TRACK TrackID="94353107" Name="NEEDLE SCRATCH NOISE" Artist="" Composer="" Album="" Grouping="" Genre="Samples" Kind="WAV File" Size="543590" TotalTime="2" DiscNumber="0" TrackNumber="0" Year="0" AverageBpm="0.00" DateAdded="2024-06-03" BitRate="2116" SampleRate="44100" Comments="" PlayCount="0" Rating="0" Location="file://localhost/Users/zachvp/Music/rekordbox/Sampler/MERGE%20FX/MergeFX%20Sample%20Sound%20301.wav" Remixer="" Tonality="" Label="" Mix="" />
    <TRACK TrackID="82041619" Name="CLAP" Artist="" Composer="" Album="" Grouping="" Genre="Samples" Kind="WAV File" Size="203884" TotalTime="0" DiscNumber="0" TrackNumber="0" Year="0" AverageBpm="0.00" DateAdded="2024-06-03" BitRate="2116" SampleRate="44100" Comments="" PlayCount="0" Rating="0" Location="file://localhost/Users/zachvp/Music/rekordbox/Sampler/MERGE%20FX/MergeFX%20Sample%20Sound%20103.wav" Remixer="" Tonality="" Label="" Mix="" />
    <TRACK TrackID="46032801" Name="SNARE8" Artist="" Composer="" Album="" Grouping="" Genre="Samples" Kind="WAV File" Size="135948" TotalTime="0" DiscNumber="0" TrackNumber="0" Year="0" AverageBpm="0.00" DateAdded="2024-06-03" BitRate="2116" SampleRate="44100" Comments="" PlayCount="0" Rating="0" Location="file://localhost/Users/zachvp/Music/rekordbox/Sampler/MERGE%20FX/MergeFX%20Sample%20Sound%20102.wav" Remixer="" Tonality="" Label="" Mix="" />
    <TRACK TrackID="232200424" Name="HORN" Artist="" Composer="" Album="" Grouping="" Genre="Samples" Kind="WAV File" Size="1621228" TotalTime="6" DiscNumber="0" TrackNumber="0" Year="0" AverageBpm="0.00" DateAdded="2024-06-03" BitRate="2116" SampleRate="44100" Comments="" PlayCount="0" Rating="0" Location="file://localhost/Users/zachvp/Music/rekordbox/Sampler/MERGE%20FX/MergeFX%20Sample%20Sound%20302.wav" Remixer="" Tonality="" Label="" Mix="" />
    <TRACK TrackID="171990672" Name="SNARE9" Artist="" Composer="" Album="" Grouping="" Genre="Samples" Kind="WAV File" Size="186906" TotalTime="0" DiscNumber="0" TrackNumber="0" Year="0" AverageBpm="0.00" DateAdded="2024-06-03" BitRate="2116" SampleRate="44100" Comments="" PlayCount="0" Rating="0" Location="file://localhost/Users/zachvp/Music/rekordbox/Sampler/MERGE%20FX/MergeFX%20Sample%20Sound%20101.wav" Remixer="" Tonality="" Label="" Mix="" />
    <TRACK TrackID="189667249" Name="REWIND" Artist="" Composer="" Album="" Grouping="" Genre="Samples" Kind="WAV File" Size="1494288" TotalTime="5" DiscNumber="0" TrackNumber="0" Year="0" AverageBpm="0.00" DateAdded="2024-06-03" BitRate="2116" SampleRate="44100" Comments="" PlayCount="0" Rating="0" Location="file://localhost/Users/zachvp/Music/rekordbox/Sampler/MERGE%20FX/MergeFX%20Sample%20Sound%20303.wav" Remixer="" Tonality="" Label="" Mix="" />
    <TRACK TrackID="205891591" Name="BOOM DOWN LIFTER2" Artist="Loopmasters" Composer="" Album="" Grouping="" Genre="Samples" Kind="WAV File" Size="1639462" TotalTime="9" DiscNumber="0" TrackNumber="0" Year="0" AverageBpm="0.00" DateAdded="2024-06-03" BitRate="1411" SampleRate="44100" Comments="" PlayCount="0" Rating="0" Location="file://localhost/Users/zachvp/Music/rekordbox/Sampler/MERGE%20FX/MergeFX%20Sample%20Sound%20204.wav" Remixer="" Tonality="" Label="" Mix="" />
    <TRACK TrackID="38499271" Name="NOISE DOWN LIFTER1" Artist="Loopmasters" Composer="" Album="" Grouping="" Genre="Samples" Kind="WAV File" Size="1297040" TotalTime="4" DiscNumber="0" TrackNumber="0" Year="0" AverageBpm="0.00" DateAdded="2024-06-03" BitRate="2116" SampleRate="44100" Comments="" PlayCount="0" Rating="0" Location="file://localhost/Users/zachvp/Music/rekordbox/Sampler/MERGE%20FX/MergeFX%20Sample%20Sound%20205.wav" Remixer="" Tonality="" Label="" Mix="" />
    <TRACK TrackID="51509173" Name="IMPACT KICK" Artist="Loopmasters" Composer="" Album="" Grouping="" Genre="Samples" Kind="WAV File" Size="1459146" TotalTime="5" DiscNumber="0" TrackNumber="0" Year="0" AverageBpm="0.00" DateAdded="2024-06-03" BitRate="2116" SampleRate="44100" Comments="" PlayCount="0" Rating="0" Location="file://localhost/Users/zachvp/Music/rekordbox/Sampler/MERGE%20FX/MergeFX%20Sample%20Sound%20207.wav" Remixer="" Tonality="" Label="" Mix="" />
    <TRACK TrackID="44677945" Name="NOISE DOWN LIFTER2" Artist="Loopmasters" Composer="" Album="" Grouping="" Genre="Samples" Kind="WAV File" Size="1378094" TotalTime="5" DiscNumber="0" TrackNumber="0" Year="0" AverageBpm="0.00" DateAdded="2024-06-03" BitRate="2116" SampleRate="44100" Comments="" PlayCount="0" Rating="0" Location="file://localhost/Users/zachvp/Music/rekordbox/Sampler/MERGE%20FX/MergeFX%20Sample%20Sound%20206.wav" Remixer="" Tonality="" Label="" Mix="" />
    <TRACK TrackID="151941124" Name="SNARE" Artist="Loopmasters" Composer="" Album="" Grouping="" Genre="Samples" Kind="WAV File" Size="486444" TotalTime="1" DiscNumber="0" TrackNumber="0" Year="0" AverageBpm="0.00" DateAdded="2024-06-03" BitRate="2116" SampleRate="44100" Comments="" PlayCount="0" Rating="0" Location="file://localhost/Users/zachvp/Music/rekordbox/Sampler/MERGE%20FX/MergeFX%20Sample%20Sound%20202.wav" Remixer="" Tonality="" Label="" Mix="" />
    <TRACK TrackID="177016868" Name="BOOM DOWN LIFTER1" Artist="Loopmasters" Composer="" Album="" Grouping="" Genre="Samples" Kind="WAV File" Size="1297038" TotalTime="4" DiscNumber="0" TrackNumber="0" Year="0" AverageBpm="0.00" DateAdded="2024-06-03" BitRate="2116" SampleRate="44100" Comments="" PlayCount="0" Rating="0" Location="file://localhost/Users/zachvp/Music/rekordbox/Sampler/MERGE%20FX/MergeFX%20Sample%20Sound%20203.wav" Remixer="" Tonality="" Label="" Mix="" />
    <TRACK TrackID="490447" Name="CLASH CYMBAL" Artist="" Composer="" Album="" Grouping="" Genre="Samples" Kind="WAV File" Size="1155024" TotalTime="4" DiscNumber="0" TrackNumber="0" Year="0" AverageBpm="0.00" DateAdded="2024-06-03" BitRate="2116" SampleRate="44100" Comments="" PlayCount="0" Rating="0" Location="file://localhost/Users/zachvp/Music/rekordbox/Sampler/MERGE%20FX/MergeFX%20Sample%20Sound%20201.wav" Remixer="" Tonality="" Label="" Mix="" />
    <TRACK TrackID="176095842" Name="IMPACT SNARE" Artist="Loopmasters" Composer="" Album="" Grouping="" Genre="Samples" Kind="WAV File" Size="1489766" TotalTime="5" DiscNumber="0" TrackNumber="0" Year="0" AverageBpm="0.00" DateAdded="2024-06-03" BitRate="2116" SampleRate="44100" Comments="" PlayCount="0" Rating="0" Location="file://localhost/Users/zachvp/Music/rekordbox/Sampler/MERGE%20FX/MergeFX%20Sample%20Sound%20208.wav" Remixer="" Tonality="" Label="" Mix="" />
    <TRACK TrackID="175107269" Name="SHORT BOOM" Artist="Loopmasters" Composer="" Album="" Grouping="" Genre="Samples" Kind="WAV File" Size="652554" TotalTime="2" DiscNumber="0" TrackNumber="0" Year="0" AverageBpm="0.00" DateAdded="2024-06-03" BitRate="2116" SampleRate="44100" Comments="" PlayCount="0" Rating="0" Location="file://localhost/Users/zachvp/Music/rekordbox/Sampler/MERGE%20FX/MergeFX%20Sample%20Sound%20209.wav" Remixer="" Tonality="" Label="" Mix="" />
    <TRACK TrackID="264921274" Name="en este momento" Artist="MenaRD" Composer="" Album="" Grouping="" Genre="Samples" Kind="MP3 File" Size="1540178" TotalTime="38" DiscNumber="0" TrackNumber="0" Year="0" AverageBpm="0.00" DateAdded="2024-06-21" BitRate="320" SampleRate="44100" Comments="" PlayCount="1" Rating="0" Location="file://localhost/Users/zachvp/Music/DJ/_samples/misc/MenaRD%20-%20my%20journey%20-%20en%20este%20momento.mp3" Remixer="" Tonality="6A" Label="" Mix="">
      <POSITION_MARK Name="" Type="0" Start="0.857" Num="-1" />
    </TRACK>
    <TRACK TrackID="131374230" Name="Greek Light" Artist="DARKSIDE" Composer="" Album="Psychic (Expanded)" Grouping="" Genre="Lounge/Ambient" Kind="AIFF File" Size="31068428" TotalTime="174" DiscNumber="0" TrackNumber="7" Year="2023" AverageBpm="137.29" DateAdded="2024-06-29" BitRate="1411" SampleRate="44100" Comments="2A - 2" PlayCount="0" Rating="0" Location="file://localhost/Users/zachvp/Music/DJ/DARKSIDE%20-%20Psychic%20(Expanded)%20-%2007%20Greek%20Light.aiff" Remixer="" Tonality="2A" Label="" Mix="">
      <TEMPO Inizio="0.313" Bpm="137.29" Metro="4/4" Battito="1" />
    </TRACK>
    <TRACK TrackID="226341639" Name="The National Anthem" Artist="Radiohead" Composer="" Album="KID A MNESIA" Grouping="" Genre="Lounge/" Kind="AIFF File" Size="62194282" TotalTime="351" DiscNumber="0" TrackNumber="3" Year="2021" AverageBpm="91.48" DateAdded="2024-06-29" BitRate="1411" SampleRate="44100" Comments="7A - 4" PlayCount="0" Rating="0" Location="file://localhost/Users/zachvp/Music/DJ/Radiohead%20-%20KID%20A%20MNESIA%20-%2003%20The%20National%20Anthem.aiff" Remixer="" Tonality="7A" Label="" Mix="">
      <TEMPO Inizio="0.158" Bpm="91.48" Metro="4/4" Battito="1" />
    </TRACK>
    <TRACK TrackID="136366408" Name="Chase" Artist="Senzala" Composer="" Album="Get Down EP" Grouping="" Genre="House/Deep/Tech/" Kind="AIFF File" Size="71097036" TotalTime="401" DiscNumber="0" TrackNumber="3" Year="2023" AverageBpm="126.00" DateAdded="2024-06-29" BitRate="1411" SampleRate="44100" Comments="2A - 6" PlayCount="0" Rating="0" Location="file://localhost/Users/zachvp/Music/DJ/Senzala%20-%20Chase.aiff" Remixer="" Tonality="2A" Label="" Mix="">
      <TEMPO Inizio="0.025" Bpm="126.00" Metro="4/4" Battito="1" />
      <TEMPO Inizio="86.216" Bpm="126.00" Metro="4/4" Battito="2" />
      <TEMPO Inizio="202.407" Bpm="126.00" Metro="4/4" Battito="2" />
      <TEMPO Inizio="298.598" Bpm="126.00" Metro="4/4" Battito="4" />
    </TRACK>
    <TRACK TrackID="108661626" Name="Sitra" Artist="DARKSIDE" Composer="" Album="Psychic (Expanded)" Grouping="" Genre="Lounge/Ambient" Kind="AIFF File" Size="14813156" TotalTime="82" DiscNumber="0" TrackNumber="2" Year="2023" AverageBpm="179.41" DateAdded="2024-06-29" BitRate="1411" SampleRate="44100" Comments="3A - 3" PlayCount="0" Rating="0" Location="file://localhost/Users/zachvp/Music/DJ/DARKSIDE%20-%20Psychic%20(Expanded)%20-%2002%20Sitra.aiff" Remixer="" Tonality="3A" Label="" Mix="">
      <TEMPO Inizio="0.068" Bpm="179.41" Metro="4/4" Battito="1" />
      <TEMPO Inizio="0.403" Bpm="179.41" Metro="4/4" Battito="2" />
    </TRACK>
    <TRACK TrackID="28003388" Name="Pulk/Pull (True Love Waits Version)" Artist="Radiohead" Composer="" Album="KID A MNESIA" Grouping="" Genre="Lounge/" Kind="AIFF File" Size="29467236" TotalTime="166" DiscNumber="0" TrackNumber="28" Year="2021" AverageBpm="97.05" DateAdded="2024-06-29" BitRate="1411" SampleRate="44100" Comments="5A - 6" PlayCount="0" Rating="0" Location="file://localhost/Users/zachvp/Music/DJ/Radiohead%20-%20KID%20A%20MNESIA%20-%2028%20Pulk-Pull%20(True%20Love%20Waits%20Version).aiff" Remixer="" Tonality="5A" Label="" Mix="">
      <TEMPO Inizio="0.018" Bpm="97.05" Metro="4/4" Battito="3" />
      <TEMPO Inizio="1.255" Bpm="97.05" Metro="4/4" Battito="1" />
      <TEMPO Inizio="14.857" Bpm="97.05" Metro="4/4" Battito="3" />
      <TEMPO Inizio="29.077" Bpm="97.05" Metro="4/4" Battito="2" />
      <TEMPO Inizio="43.297" Bpm="97.05" Metro="4/4" Battito="1" />
      <TEMPO Inizio="56.899" Bpm="97.05" Metro="4/4" Battito="3" />
      <TEMPO Inizio="71.119" Bpm="97.05" Metro="4/4" Battito="2" />
      <TEMPO Inizio="85.339" Bpm="97.05" Metro="4/4" Battito="1" />
      <TEMPO Inizio="98.941" Bpm="97.05" Metro="4/4" Battito="3" />
      <TEMPO Inizio="113.161" Bpm="97.05" Metro="4/4" Battito="2" />
      <TEMPO Inizio="127.381" Bpm="97.05" Metro="4/4" Battito="1" />
      <TEMPO Inizio="140.983" Bpm="97.05" Metro="4/4" Battito="3" />
      <TEMPO Inizio="155.203" Bpm="97.05" Metro="4/4" Battito="2" />
    </TRACK>
    <TRACK TrackID="151704190" Name="Venezia" Artist="Staniz" Composer="" Album="" Grouping="" Genre="House/Deep/Tech/Dubby" Kind="AIFF File" Size="102541830" TotalTime="387" DiscNumber="0" TrackNumber="0" Year="2020" AverageBpm="124.00" DateAdded="2024-06-29" BitRate="2116" SampleRate="44100" Comments="7A - 5" PlayCount="2" Rating="0" Location="file://localhost/Users/zachvp/Music/DJ/Staniz%20-%20Venezia.aiff" Remixer="" Tonality="7A" Label="" Mix="">
      <TEMPO Inizio="0.002" Bpm="124.00" Metro="4/4" Battito="1" />
      <POSITION_MARK Name="" Type="0" Start="61.933" Num="-1" />
    </TRACK>
    <TRACK TrackID="258951360" Name="Treefingers" Artist="Radiohead" Composer="" Album="KID A MNESIA" Grouping="" Genre="Lounge/Ambient" Kind="AIFF File" Size="39422202" TotalTime="222" DiscNumber="0" TrackNumber="5" Year="2021" AverageBpm="145.76" DateAdded="2024-06-29" BitRate="1411" SampleRate="44100" Comments="2B - 1" PlayCount="0" Rating="0" Location="file://localhost/Users/zachvp/Music/DJ/Radiohead%20-%20KID%20A%20MNESIA%20-%2005%20Treefingers.aiff" Remixer="" Tonality="2B" Label="" Mix="">
      <TEMPO Inizio="0.081" Bpm="145.76" Metro="4/4" Battito="1" />
    </TRACK>
    <TRACK TrackID="215496525" Name="Der Strahlende Verlierer" Artist="Move D &amp; Pete Namlook" Composer="" Album="Reissued 3" Grouping="" Genre="House/Deep/Tech/Spacey" Kind="AIFF File" Size="134567686" TotalTime="508" DiscNumber="0" TrackNumber="1" Year="2023" AverageBpm="119.00" DateAdded="2024-06-29" BitRate="2116" SampleRate="44100" Comments="8A - 4" PlayCount="0" Rating="0" Location="file://localhost/Users/zachvp/Music/DJ/Move%20D%20%26%20Pete%20Namlook%20-%20Der%20Strahlende%20Verlierer.aiff" Remixer="" Tonality="8A" Label="" Mix="">
      <TEMPO Inizio="0.287" Bpm="119.00" Metro="4/4" Battito="3" />
      <TEMPO Inizio="360.286" Bpm="119.00" Metro="4/4" Battito="1" />
    </TRACK>
    <TRACK TrackID="159191961" Name="Gone Too Soon" Artist="DARKSIDE" Composer="" Album="Psychic (Expanded)" Grouping="" Genre="Lounge/" Kind="AIFF File" Size="57731826" TotalTime="326" DiscNumber="0" TrackNumber="10" Year="2023" AverageBpm="106.00" DateAdded="2024-06-29" BitRate="1411" SampleRate="44100" Comments="6A - 5" PlayCount="0" Rating="0" Location="file://localhost/Users/zachvp/Music/DJ/DARKSIDE%20-%20Psychic%20(Expanded)%20-%2010%20Gone%20Too%20Soon.aiff" Remixer="" Tonality="6A" Label="" Mix="">
      <TEMPO Inizio="0.169" Bpm="106.00" Metro="4/4" Battito="1" />
      <TEMPO Inizio="1.868" Bpm="106.00" Metro="4/4" Battito="4" />
    </TRACK>
    <TRACK TrackID="186892904" Name="World War IV" Artist="Soulcool" Composer="" Album="Rapture EP" Grouping="" Genre="House/Deep/Tech/" Kind="AIFF File" Size="93749860" TotalTime="530" DiscNumber="0" TrackNumber="6" Year="2023" AverageBpm="123.00" DateAdded="2024-06-29" BitRate="1411" SampleRate="44100" Comments="9A - 6" PlayCount="3" Rating="0" Location="file://localhost/Users/zachvp/Music/DJ/Soulcool%20-%20World%20War%20IV.aiff" Remixer="" Tonality="9A" Label="" Mix="">
      <TEMPO Inizio="0.066" Bpm="123.00" Metro="4/4" Battito="1" />
      <POSITION_MARK Name="" Type="0" Start="0.050" Num="-1" />
    </TRACK>
    <TRACK TrackID="90776001" Name="Remember When" Artist="K-HAND" Composer="" Album="Tools Vol. 1" Grouping="" Genre="House/Tech/Indie/" Kind="AIFF File" Size="110038356" TotalTime="415" DiscNumber="0" TrackNumber="1" Year="2021" AverageBpm="126.00" DateAdded="2024-06-29" BitRate="2116" SampleRate="44100" Comments="8A - 6" PlayCount="1" Rating="0" Location="file://localhost/Users/zachvp/Music/DJ/K-HAND%20-%20Remember%20When.aiff" Remixer="" Tonality="8A" Label="" Mix="">
      <TEMPO Inizio="0.157" Bpm="126.00" Metro="4/4" Battito="1" />
      <POSITION_MARK Name="" Type="0" Start="0.140" Num="-1" />
    </TRACK>
    <TRACK TrackID="55335868" Name="Andromeda (Original Mix)" Artist="Dadrux" Composer="" Album="Sagitta" Grouping="" Genre="House/Techno/Hype" Kind="AIFF File" Size="69204274" TotalTime="391" DiscNumber="0" TrackNumber="2" Year="2023" AverageBpm="138.00" DateAdded="2024-06-29" BitRate="1411" SampleRate="44100" Comments="4A - 7" PlayCount="0" Rating="0" Location="file://localhost/Users/zachvp/Music/DJ/Dadrux%20-%20Dadrux%20-%20Andromeda%20(Original%20Mix).aiff" Remixer="" Tonality="4A" Label="" Mix="">
      <TEMPO Inizio="0.016" Bpm="138.00" Metro="4/4" Battito="4" />
    </TRACK>
    <TRACK TrackID="3327605" Name="The Space" Artist="Go Freek, Lazarusman" Composer="" Album="The Space" Grouping="" Genre="House/Tech/Groove" Kind="AIFF File" Size="72979632" TotalTime="274" DiscNumber="0" TrackNumber="1" Year="2023" AverageBpm="126.00" DateAdded="2024-06-29" BitRate="2116" SampleRate="44100" Comments="6A - 6" PlayCount="2" Rating="0" Location="file://localhost/Users/zachvp/Music/DJ/Go%20Freek,%20Lazarusman%20-%20The%20Space%20-%2001%20The%20Space.aiff" Remixer="" Tonality="6A" Label="" Mix="">
      <TEMPO Inizio="0.057" Bpm="126.00" Metro="4/4" Battito="1" />
    </TRACK>
    <TRACK TrackID="37335808" Name="Motion Picture Soundtrack" Artist="Radiohead" Composer="" Album="KID A MNESIA" Grouping="" Genre="Lounge/" Kind="AIFF File" Size="35520720" TotalTime="200" DiscNumber="0" TrackNumber="10" Year="2021" AverageBpm="150.06" DateAdded="2024-06-29" BitRate="1411" SampleRate="44100" Comments="9B - 2" PlayCount="0" Rating="0" Location="file://localhost/Users/zachvp/Music/DJ/Radiohead%20-%20KID%20A%20MNESIA%20-%2010%20Motion%20Picture%20Soundtrack.aiff" Remixer="" Tonality="9B" Label="" Mix="">
      <TEMPO Inizio="0.135" Bpm="150.06" Metro="4/4" Battito="4" />
    </TRACK>
    <TRACK TrackID="188904303" Name="Take Your Body" Artist="Samuele Scelfo &amp; Joshee" Composer="" Album="Repeat" Grouping="" Genre="House/Tech/Groove" Kind="AIFF File" Size="64534624" TotalTime="365" DiscNumber="0" TrackNumber="2" Year="2023" AverageBpm="133.00" DateAdded="2024-06-29" BitRate="1411" SampleRate="44100" Comments="8A - 6" PlayCount="0" Rating="0" Location="file://localhost/Users/zachvp/Music/DJ/Samuele%20Scelfo%20%26%20Joshee%20-%20Take%20Your%20Body.aiff" Remixer="" Tonality="8A" Label="" Mix="">
      <TEMPO Inizio="0.001" Bpm="133.00" Metro="4/4" Battito="1" />
    </TRACK>
    <TRACK TrackID="217206039" Name="Along With You (Kresy Continuum Mix)" Artist="Paul Rudder &amp; Kresy" Composer="" Album="Black Jukebox 36" Grouping="" Genre="House/Tech/Indie/" Kind="AIFF File" Size="64596290" TotalTime="365" DiscNumber="0" TrackNumber="2" Year="2023" AverageBpm="131.00" DateAdded="2024-06-29" BitRate="1411" SampleRate="44100" Comments="7A - 6" PlayCount="1" Rating="0" Location="file://localhost/Users/zachvp/Music/DJ/Paul%20Rudder%20-%20Paul%20Rudder%20%26%20Kresy%20-%20Along%20With%20You%20(Kresy%20Continuum%20Mix).aiff" Remixer="" Tonality="7A" Label="" Mix="">
      <TEMPO Inizio="0.002" Bpm="131.00" Metro="4/4" Battito="1" />
      <TEMPO Inizio="6.873" Bpm="131.00" Metro="4/4" Battito="4" />
      <TEMPO Inizio="7.330" Bpm="131.00" Metro="4/4" Battito="1" />
      <TEMPO Inizio="7.789" Bpm="131.00" Metro="4/4" Battito="2" />
      <TEMPO Inizio="8.246" Bpm="131.00" Metro="4/4" Battito="3" />
      <TEMPO Inizio="8.705" Bpm="131.00" Metro="4/4" Battito="4" />
      <TEMPO Inizio="141.072" Bpm="131.00" Metro="4/4" Battito="1" />
      <TEMPO Inizio="141.529" Bpm="131.00" Metro="4/4" Battito="2" />
      <TEMPO Inizio="141.988" Bpm="131.00" Metro="4/4" Battito="3" />
      <TEMPO Inizio="275.271" Bpm="131.00" Metro="4/4" Battito="2" />
      <TEMPO Inizio="275.728" Bpm="131.00" Metro="4/4" Battito="3" />
      <TEMPO Inizio="276.187" Bpm="131.00" Metro="4/4" Battito="4" />
      <POSITION_MARK Name="" Type="0" Start="14.650" Num="-1" />
    </TRACK>
    <TRACK TrackID="138001306" Name="Move To The" Artist="Eliza Rose / Rosebud Recordings" Composer="" Album="" Grouping="" Genre="House/Tech/Groove" Kind="AIFF File" Size="72685520" TotalTime="411" DiscNumber="0" TrackNumber="0" Year="2022" AverageBpm="127.00" DateAdded="2024-06-29" BitRate="1411" SampleRate="44100" Comments="3A - 6" PlayCount="1" Rating="0" Location="file://localhost/Users/zachvp/Music/DJ/Eliza%20Rose%20-%20Rosebud%20Recordings%20-%20Move%20To%20The.aiff" Remixer="" Tonality="3A" Label="" Mix="">
      <TEMPO Inizio="0.155" Bpm="127.00" Metro="4/4" Battito="1" />
      <TEMPO Inizio="0.628" Bpm="127.00" Metro="4/4" Battito="2" />
      <TEMPO Inizio="160.786" Bpm="127.00" Metro="4/4" Battito="1" />
    </TRACK>
    <TRACK TrackID="203805962" Name="Ai Eyah" Artist="Haze City" Composer="" Album="African Rhythms EP" Grouping="" Genre="House/Deep/Tech/Jazzy" Kind="AIFF File" Size="51302892" TotalTime="290" DiscNumber="0" TrackNumber="1" Year="2023" AverageBpm="123.00" DateAdded="2024-06-29" BitRate="1411" SampleRate="44100" Comments="10A - 5" PlayCount="4" Rating="0" Location="file://localhost/Users/zachvp/Music/DJ/Haze%20City%20-%20Ai%20Eyah.aiff" Remixer="" Tonality="10A" Label="" Mix="">
      <TEMPO Inizio="0.094" Bpm="123.00" Metro="4/4" Battito="1" />
      <POSITION_MARK Name="" Type="0" Start="31.314" Num="-1" />
      <POSITION_MARK Name="" Type="0" Start="249.844" Num="-1" />
    </TRACK>
    <TRACK TrackID="173308168" Name="Untitled v2" Artist="Radiohead" Composer="" Album="KID A MNESIA" Grouping="" Genre="Lounge/Ambient" Kind="AIFF File" Size="8284176" TotalTime="46" DiscNumber="0" TrackNumber="29" Year="2021" AverageBpm="0.00" DateAdded="2024-06-29" BitRate="1411" SampleRate="44100" Comments="11A - 3" PlayCount="0" Rating="0" Location="file://localhost/Users/zachvp/Music/DJ/Radiohead%20-%20KID%20A%20MNESIA%20-%2029%20Untitled%20v2.aiff" Remixer="" Tonality="11A" Label="" Mix="" />
    <TRACK TrackID="169726461" Name="Heart" Artist="DARKSIDE" Composer="" Album="Psychic (Expanded)" Grouping="" Genre="Lounge/Indie" Kind="AIFF File" Size="52708976" TotalTime="297" DiscNumber="0" TrackNumber="3" Year="2023" AverageBpm="107.00" DateAdded="2024-06-29" BitRate="1411" SampleRate="44100" Comments="2A - 5" PlayCount="0" Rating="0" Location="file://localhost/Users/zachvp/Music/DJ/DARKSIDE%20-%20Psychic%20(Expanded)%20-%2003%20Heart.aiff" Remixer="" Tonality="2A" Label="" Mix="">
      <TEMPO Inizio="0.348" Bpm="107.00" Metro="4/4" Battito="1" />
    </TRACK>
    <TRACK TrackID="56127424" Name="I Can Only Repeat Your Love" Artist="Panoram" Composer="" Album="Keep Looking Where The Light Comes From" Grouping="" Genre="Lounge/Ambient" Kind="AIFF File" Size="42974106" TotalTime="243" DiscNumber="0" TrackNumber="2" Year="2023" AverageBpm="91.50" DateAdded="2024-06-29" BitRate="1411" SampleRate="44100" Comments="8A - 4" PlayCount="1" Rating="0" Location="file://localhost/Users/zachvp/Music/DJ/Panoram%20-%20I%20Can%20Only%20Repeat%20Your%20Love.aiff" Remixer="" Tonality="8A" Label="" Mix="">
      <TEMPO Inizio="0.225" Bpm="91.50" Metro="4/4" Battito="1" />
      <POSITION_MARK Name="" Type="0" Start="0.187" Num="-1" />
    </TRACK>
    <TRACK TrackID="187914401" Name="Metatron" Artist="DARKSIDE" Composer="" Album="Psychic (Expanded)" Grouping="" Genre="Lounge/Rock" Kind="AIFF File" Size="54403822" TotalTime="307" DiscNumber="0" TrackNumber="8" Year="2023" AverageBpm="140.00" DateAdded="2024-06-29" BitRate="1411" SampleRate="44100" Comments="2A - 4" PlayCount="0" Rating="0" Location="file://localhost/Users/zachvp/Music/DJ/DARKSIDE%20-%20Psychic%20(Expanded)%20-%2008%20Metatron.aiff" Remixer="" Tonality="2A" Label="" Mix="">
      <TEMPO Inizio="0.044" Bpm="140.00" Metro="4/4" Battito="1" />
    </TRACK>
    <TRACK TrackID="157058911" Name="Alone in the dark" Artist="Soulcool" Composer="" Album="Rapture EP" Grouping="" Genre="House/Deep/Tech/Jazzy" Kind="AIFF File" Size="79179378" TotalTime="448" DiscNumber="0" TrackNumber="1" Year="2023" AverageBpm="120.00" DateAdded="2024-06-29" BitRate="1411" SampleRate="44100" Comments="8A - 5" PlayCount="1" Rating="0" Location="file://localhost/Users/zachvp/Music/DJ/Soulcool%20-%20Alone%20in%20the%20dark.aiff" Remixer="" Tonality="8A" Label="" Mix="">
      <TEMPO Inizio="0.060" Bpm="120.00" Metro="4/4" Battito="1" />
    </TRACK>
    <TRACK TrackID="61711021" Name="Nendaz" Artist="Alejandro Mosso" Composer="" Album="SATYADGTL002 - Valais" Grouping="" Genre="House/Deep/Tech/Jazzy" Kind="AIFF File" Size="69579842" TotalTime="394" DiscNumber="0" TrackNumber="3" Year="2023" AverageBpm="123.00" DateAdded="2024-06-29" BitRate="1411" SampleRate="44100" Comments="3A - 5" PlayCount="2" Rating="0" Location="file://localhost/Users/zachvp/Music/DJ/Alejandro%20Mosso%20-%20SATYADGTL002%20-%20Valais%20-%2003%20Nendaz.aiff" Remixer="" Tonality="3A" Label="" Mix="">
      <TEMPO Inizio="0.001" Bpm="123.00" Metro="4/4" Battito="1" />
      <POSITION_MARK Name="" Type="0" Start="78.052" Num="-1" />
    </TRACK>
    <TRACK TrackID="94642584" Name="Peter Pan" Artist="CMON" Composer="" Album="Confusing Mix Of Nations" Grouping="" Genre="Lounge/Indie" Kind="AIFF File" Size="46024924" TotalTime="259" DiscNumber="0" TrackNumber="6" Year="2020" AverageBpm="98.00" DateAdded="2024-06-29" BitRate="1411" SampleRate="44100" Comments="10A - 7" PlayCount="1" Rating="0" Location="file://localhost/Users/zachvp/Music/DJ/CMON%20-%20Peter%20Pan.aiff" Remixer="" Tonality="10A" Label="" Mix="">
      <TEMPO Inizio="13.939" Bpm="98.00" Metro="4/4" Battito="1" />
      <TEMPO Inizio="75.164" Bpm="98.00" Metro="4/4" Battito="1" />
      <TEMPO Inizio="228.838" Bpm="98.00" Metro="4/4" Battito="4" />
    </TRACK>
    <TRACK TrackID="92864467" Name="Make It Undone" Artist="Cocktail Party Effect" Composer="" Album="DJ-Kicks: HAAi" Grouping="" Genre="House/Tech/Breaks" Kind="AIFF File" Size="57232442" TotalTime="323" DiscNumber="0" TrackNumber="14" Year="2023" AverageBpm="137.00" DateAdded="2024-06-29" BitRate="1411" SampleRate="44100" Comments="9A - 6" PlayCount="2" Rating="0" Location="file://localhost/Users/zachvp/Music/DJ/Cocktail%20Party%20Effect%20-%20Make%20It%20Undone.aiff" Remixer="" Tonality="9A" Label="" Mix="">
      <TEMPO Inizio="0.041" Bpm="137.00" Metro="4/4" Battito="1" />
      <TEMPO Inizio="137.560" Bpm="137.00" Metro="4/4" Battito="3" />
      <POSITION_MARK Name="" Type="0" Start="56.098" Num="-1" />
      <POSITION_MARK Name="" Type="0" Start="224.277" Num="-1" />
    </TRACK>
    <TRACK TrackID="193644906" Name="Hunting Bears" Artist="Radiohead" Composer="" Album="KID A MNESIA" Grouping="" Genre="Lounge/Ambient" Kind="AIFF File" Size="21535248" TotalTime="121" DiscNumber="0" TrackNumber="20" Year="2021" AverageBpm="152.00" DateAdded="2024-06-29" BitRate="1411" SampleRate="44100" Comments="7A - 3" PlayCount="0" Rating="0" Location="file://localhost/Users/zachvp/Music/DJ/Radiohead%20-%20KID%20A%20MNESIA%20-%2020%20Hunting%20Bears.aiff" Remixer="" Tonality="7A" Label="" Mix="">
      <TEMPO Inizio="0.095" Bpm="152.00" Metro="4/4" Battito="2" />
    </TRACK>
    <TRACK TrackID="142700492" Name="Fog (Again Again Version)" Artist="Radiohead" Composer="" Album="KID A MNESIA" Grouping="" Genre="Lounge/" Kind="AIFF File" Size="25811768" TotalTime="145" DiscNumber="0" TrackNumber="25" Year="2021" AverageBpm="132.21" DateAdded="2024-06-29" BitRate="1411" SampleRate="44100" Comments="10B - 3" PlayCount="0" Rating="0" Location="file://localhost/Users/zachvp/Music/DJ/Radiohead%20-%20KID%20A%20MNESIA%20-%2025%20Fog%20(Again%20Again%20Version).aiff" Remixer="" Tonality="10B" Label="" Mix="">
      <TEMPO Inizio="0.150" Bpm="132.21" Metro="4/4" Battito="3" />
    </TRACK>
    <TRACK TrackID="181978755" Name="Known Surroundings" Artist="OFF / GRID" Composer="" Album="Funk In The Trunk EP" Grouping="" Genre="House/Tech/Breaks" Kind="AIFF File" Size="55014946" TotalTime="311" DiscNumber="0" TrackNumber="3" Year="2023" AverageBpm="145.00" DateAdded="2024-06-29" BitRate="1411" SampleRate="44100" Comments="6A - 6" PlayCount="0" Rating="0" Location="file://localhost/Users/zachvp/Music/DJ/OFF%20-%20GRID%20-%20Known%20Surroundings.aiff" Remixer="" Tonality="6A" Label="" Mix="">
      <TEMPO Inizio="0.003" Bpm="145.00" Metro="4/4" Battito="1" />
    </TRACK>
    <TRACK TrackID="45261979" Name="People" Artist="Janeret" Composer="" Album="Various Vol.3" Grouping="" Genre="House/Tech/Groove" Kind="AIFF File" Size="81424364" TotalTime="461" DiscNumber="0" TrackNumber="1" Year="2023" AverageBpm="126.00" DateAdded="2024-06-29" BitRate="1411" SampleRate="44100" Comments="11A - 6" PlayCount="0" Rating="0" Location="file://localhost/Users/zachvp/Music/DJ/Janeret%20-%20People.aiff" Remixer="" Tonality="11A" Label="" Mix="">
      <TEMPO Inizio="0.256" Bpm="126.00" Metro="4/4" Battito="1" />
    </TRACK>
    <TRACK TrackID="232802684" Name="Shoreline Cruiser (Disco Dub Version)" Artist="KOMODO" Composer="" Album="Shoreline Cruiser EP" Grouping="" Genre="House/Deep/Tech/Spacey" Kind="AIFF File" Size="107885760" TotalTime="406" DiscNumber="0" TrackNumber="2" Year="2021" AverageBpm="124.00" DateAdded="2024-06-29" BitRate="2116" SampleRate="44100" Comments="5A - 6" PlayCount="1" Rating="0" Location="file://localhost/Users/zachvp/Music/DJ/KOMODO%20-%20Shoreline%20Cruiser%20EP%20-%2002%20Shoreline%20Cruiser%20(Disco%20Dub%20Version).aiff" Remixer="" Tonality="5A" Label="" Mix="">
      <TEMPO Inizio="0.337" Bpm="124.00" Metro="4/4" Battito="1" />
      <POSITION_MARK Name="" Type="0" Start="373.873" Num="-1" />
    </TRACK>
    <TRACK TrackID="226358991" Name="Find My Balance feat. LYMA" Artist="Alexander IV" Composer="" Album="Find My Balance feat. LYMA" Grouping="" Genre="House/Deep/Tech/Jazzy" Kind="AIFF File" Size="47370172" TotalTime="178" DiscNumber="0" TrackNumber="1" Year="2023" AverageBpm="120.00" DateAdded="2024-06-29" BitRate="2116" SampleRate="44100" Comments="7A - 7" PlayCount="3" Rating="0" Location="file://localhost/Users/zachvp/Music/DJ/Alexander%20IV%20-%20Find%20My%20Balance%20feat.%20LYMA%20-%2001%20Find%20My%20Balance%20feat.%20LYMA.aiff" Remixer="" Tonality="7A" Label="" Mix="">
      <TEMPO Inizio="0.069" Bpm="120.00" Metro="4/4" Battito="1" />
      <POSITION_MARK Name="" Type="0" Start="0.000" Num="-1" />
    </TRACK>
    <TRACK TrackID="161157345" Name="Pulk/Pull Revolving Doors" Artist="Radiohead" Composer="" Album="KID A MNESIA" Grouping="" Genre="Lounge/Indie/Trap" Kind="AIFF File" Size="43773432" TotalTime="247" DiscNumber="0" TrackNumber="14" Year="2021" AverageBpm="97.08" DateAdded="2024-06-29" BitRate="1411" SampleRate="44100" Comments="5A - 7" PlayCount="0" Rating="0" Location="file://localhost/Users/zachvp/Music/DJ/Radiohead%20-%20KID%20A%20MNESIA%20-%2014%20Pulk-Pull%20Revolving%20Doors.aiff" Remixer="" Tonality="5A" Label="" Mix="">
      <TEMPO Inizio="0.081" Bpm="97.08" Metro="4/4" Battito="1" />
      <TEMPO Inizio="29.746" Bpm="97.08" Metro="4/4" Battito="1" />
      <TEMPO Inizio="61.883" Bpm="97.08" Metro="4/4" Battito="1" />
      <TEMPO Inizio="94.638" Bpm="97.08" Metro="4/4" Battito="2" />
      <TEMPO Inizio="95.255" Bpm="97.08" Metro="4/4" Battito="3" />
      <TEMPO Inizio="95.874" Bpm="97.08" Metro="4/4" Battito="4" />
      <TEMPO Inizio="127.393" Bpm="97.08" Metro="4/4" Battito="3" />
      <TEMPO Inizio="128.010" Bpm="97.08" Metro="4/4" Battito="4" />
      <TEMPO Inizio="128.629" Bpm="97.08" Metro="4/4" Battito="1" />
      <TEMPO Inizio="160.148" Bpm="97.08" Metro="4/4" Battito="4" />
      <TEMPO Inizio="192.285" Bpm="97.08" Metro="4/4" Battito="4" />
      <TEMPO Inizio="223.804" Bpm="97.08" Metro="4/4" Battito="3" />
      <TEMPO Inizio="224.421" Bpm="97.08" Metro="4/4" Battito="4" />
      <TEMPO Inizio="225.040" Bpm="97.08" Metro="4/4" Battito="1" />
    </TRACK>
    <TRACK TrackID="26939622" Name="How to Disappear Completely" Artist="Radiohead" Composer="" Album="KID A MNESIA" Grouping="" Genre="Lounge/" Kind="AIFF File" Size="63012794" TotalTime="356" DiscNumber="0" TrackNumber="4" Year="2021" AverageBpm="101.94" DateAdded="2024-06-29" BitRate="1411" SampleRate="44100" Comments="11A - 4" PlayCount="0" Rating="0" Location="file://localhost/Users/zachvp/Music/DJ/Radiohead%20-%20KID%20A%20MNESIA%20-%2004%20How%20to%20Disappear%20Completely.aiff" Remixer="" Tonality="11A" Label="" Mix="">
      <TEMPO Inizio="0.300" Bpm="101.94" Metro="4/4" Battito="3" />
    </TRACK>
    <TRACK TrackID="152020253" Name="Laying On The Sofa (Mark Kamins Remix)" Artist="Isabelle Antena" Composer="" Album="Laying On The Sofa" Grouping="" Genre="Lounge/Indie" Kind="AIFF File" Size="105553300" TotalTime="366" DiscNumber="0" TrackNumber="1" Year="2020" AverageBpm="101.32" DateAdded="2024-06-29" BitRate="2304" SampleRate="48000" Comments="5A - 6" PlayCount="2" Rating="0" Location="file://localhost/Users/zachvp/Music/DJ/Isabelle%20Antena%20-%20Laying%20On%20The%20Sofa%20(Mark%20Kamins%20Remix).aiff" Remixer="" Tonality="5A" Label="" Mix="">
      <TEMPO Inizio="0.270" Bpm="101.32" Metro="4/4" Battito="1" />
      <TEMPO Inizio="1.455" Bpm="101.32" Metro="4/4" Battito="3" />
      <TEMPO Inizio="41.724" Bpm="101.32" Metro="4/4" Battito="3" />
      <TEMPO Inizio="81.993" Bpm="101.32" Metro="4/4" Battito="3" />
      <TEMPO Inizio="122.262" Bpm="101.32" Metro="4/4" Battito="3" />
      <TEMPO Inizio="162.531" Bpm="101.32" Metro="4/4" Battito="3" />
      <TEMPO Inizio="202.800" Bpm="101.32" Metro="4/4" Battito="3" />
      <TEMPO Inizio="243.069" Bpm="101.32" Metro="4/4" Battito="3" />
      <TEMPO Inizio="283.338" Bpm="101.32" Metro="4/4" Battito="3" />
      <TEMPO Inizio="323.607" Bpm="101.32" Metro="4/4" Battito="3" />
      <TEMPO Inizio="363.876" Bpm="101.32" Metro="4/4" Battito="3" />
    </TRACK>
    <TRACK TrackID="174650293" Name="The Only Shrine I've Seen" Artist="DARKSIDE" Composer="" Album="Psychic (Expanded)" Grouping="" Genre="House/Deep/Tech/Spacey" Kind="AIFF File" Size="84159864" TotalTime="475" DiscNumber="0" TrackNumber="5" Year="2023" AverageBpm="124.00" DateAdded="2024-06-29" BitRate="1411" SampleRate="44100" Comments="12A - 6" PlayCount="0" Rating="0" Location="file://localhost/Users/zachvp/Music/DJ/DARKSIDE%20-%20Psychic%20(Expanded)%20-%2005%20The%20Only%20Shrine%20I%27ve%20Seen.aiff" Remixer="" Tonality="12A" Label="" Mix="">
      <TEMPO Inizio="0.126" Bpm="124.00" Metro="4/4" Battito="2" />
    </TRACK>
    <TRACK TrackID="155819505" Name="Life In a Glasshouse" Artist="Radiohead" Composer="" Album="KID A MNESIA" Grouping="" Genre="Lounge/" Kind="AIFF File" Size="48964286" TotalTime="276" DiscNumber="0" TrackNumber="22" Year="2021" AverageBpm="120.62" DateAdded="2024-06-29" BitRate="1411" SampleRate="44100" Comments="8A - 4" PlayCount="0" Rating="0" Location="file://localhost/Users/zachvp/Music/DJ/Radiohead%20-%20KID%20A%20MNESIA%20-%2022%20Life%20In%20a%20Glasshouse.aiff" Remixer="" Tonality="8A" Label="" Mix="">
      <TEMPO Inizio="0.314" Bpm="120.62" Metro="4/4" Battito="4" />
      <TEMPO Inizio="96.816" Bpm="120.62" Metro="4/4" Battito="2" />
      <TEMPO Inizio="196.800" Bpm="120.62" Metro="4/4" Battito="3" />
    </TRACK>
    <TRACK TrackID="46713623" Name="Alt. Fast Track" Artist="Radiohead" Composer="" Album="KID A MNESIA" Grouping="" Genre="Lounge/Ambient" Kind="AIFF File" Size="16470540" TotalTime="92" DiscNumber="0" TrackNumber="32" Year="2021" AverageBpm="103.42" DateAdded="2024-06-29" BitRate="1411" SampleRate="44100" Comments="6A - 6" PlayCount="0" Rating="0" Location="file://localhost/Users/zachvp/Music/DJ/Radiohead%20-%20KID%20A%20MNESIA%20-%2032%20Alt.%20Fast%20Track.aiff" Remixer="" Tonality="6A" Label="" Mix="">
      <TEMPO Inizio="0.223" Bpm="103.42" Metro="4/4" Battito="3" />
      <TEMPO Inizio="44.314" Bpm="103.42" Metro="4/4" Battito="3" />
      <TEMPO Inizio="88.405" Bpm="103.42" Metro="4/4" Battito="3" />
    </TRACK>
    <TRACK TrackID="15218699" Name="Packt Like Sardines In a Crushd Tin Box" Artist="Radiohead" Composer="" Album="KID A MNESIA" Grouping="" Genre="Lounge/" Kind="AIFF File" Size="42550420" TotalTime="240" DiscNumber="0" TrackNumber="12" Year="2021" AverageBpm="124.64" DateAdded="2024-06-29" BitRate="1411" SampleRate="44100" Comments="7A - 5" PlayCount="0" Rating="0" Location="file://localhost/Users/zachvp/Music/DJ/Radiohead%20-%20KID%20A%20MNESIA%20-%2012%20Packt%20Like%20Sardines%20In%20a%20Crushd%20Tin%20Box.aiff" Remixer="" Tonality="7A" Label="" Mix="">
      <TEMPO Inizio="0.197" Bpm="124.64" Metro="4/4" Battito="2" />
      <TEMPO Inizio="13.195" Bpm="124.64" Metro="4/4" Battito="1" />
      <TEMPO Inizio="47.374" Bpm="124.64" Metro="4/4" Battito="4" />
      <TEMPO Inizio="81.553" Bpm="124.64" Metro="4/4" Battito="3" />
      <TEMPO Inizio="121.990" Bpm="124.64" Metro="4/4" Battito="3" />
      <TEMPO Inizio="162.427" Bpm="124.64" Metro="4/4" Battito="3" />
      <TEMPO Inizio="196.606" Bpm="124.64" Metro="4/4" Battito="2" />
      <TEMPO Inizio="237.043" Bpm="124.64" Metro="4/4" Battito="2" />
    </TRACK>
    <TRACK TrackID="133905590" Name="Hornet (YokoO Remix)" Artist="Alejandro Mosso" Composer="" Album="SATYADGTL002 - Valais" Grouping="" Genre="House/Tech/Breaks" Kind="AIFF File" Size="75988458" TotalTime="430" DiscNumber="0" TrackNumber="2" Year="2023" AverageBpm="126.00" DateAdded="2024-06-29" BitRate="1411" SampleRate="44100" Comments="4A - 6" PlayCount="1" Rating="0" Location="file://localhost/Users/zachvp/Music/DJ/Alejandro%20Mosso%20-%20SATYADGTL002%20-%20Valais%20-%2002%20Hornet%20(YokoO%20Remix).aiff" Remixer="" Tonality="4A" Label="" Mix="">
      <TEMPO Inizio="0.002" Bpm="126.00" Metro="4/4" Battito="1" />
      <TEMPO Inizio="0.479" Bpm="126.00" Metro="4/4" Battito="2" />
    </TRACK>
    <TRACK TrackID="2671178" Name="I Want More" Artist="A08" Composer="" Album="Waiting For Zion" Grouping="" Genre="House/Deep/Tech/Jazzy" Kind="AIFF File" Size="75577872" TotalTime="262" DiscNumber="0" TrackNumber="7" Year="2023" AverageBpm="110.00" DateAdded="2024-06-29" BitRate="2304" SampleRate="48000" Comments="12A - 6" PlayCount="2" Rating="0" Location="file://localhost/Users/zachvp/Music/DJ/A08%20-%20I%20Want%20More.aiff" Remixer="" Tonality="12A" Label="" Mix="">
      <TEMPO Inizio="0.206" Bpm="110.00" Metro="4/4" Battito="1" />
      <TEMPO Inizio="0.752" Bpm="110.00" Metro="4/4" Battito="2" />
      <TEMPO Inizio="71.660" Bpm="110.00" Metro="4/4" Battito="4" />
      <TEMPO Inizio="137.659" Bpm="110.00" Metro="4/4" Battito="1" />
      <TEMPO Inizio="209.658" Bpm="110.00" Metro="4/4" Battito="1" />
    </TRACK>
    <TRACK TrackID="27894669" Name="Hornet" Artist="Alejandro Mosso" Composer="" Album="SATYADGTL002 - Valais" Grouping="" Genre="House/Deep/Tech/Jazzy" Kind="AIFF File" Size="72231838" TotalTime="409" DiscNumber="0" TrackNumber="1" Year="2023" AverageBpm="122.00" DateAdded="2024-06-29" BitRate="1411" SampleRate="44100" Comments="4A - 5" PlayCount="0" Rating="0" Location="file://localhost/Users/zachvp/Music/DJ/Alejandro%20Mosso%20-%20SATYADGTL002%20-%20Valais%20-%2001%20Hornet.aiff" Remixer="" Tonality="4A" Label="" Mix="">
      <TEMPO Inizio="0.002" Bpm="122.00" Metro="4/4" Battito="1" />
    </TRACK>
    <TRACK TrackID="4508751" Name="Pyramid Song" Artist="Radiohead" Composer="" Album="KID A MNESIA" Grouping="" Genre="Lounge/" Kind="AIFF File" Size="51088126" TotalTime="288" DiscNumber="0" TrackNumber="13" Year="2021" AverageBpm="105.51" DateAdded="2024-06-29" BitRate="1411" SampleRate="44100" Comments="11A - 4" PlayCount="0" Rating="0" Location="file://localhost/Users/zachvp/Music/DJ/Radiohead%20-%20KID%20A%20MNESIA%20-%2013%20Pyramid%20Song.aiff" Remixer="" Tonality="11A" Label="" Mix="">
      <TEMPO Inizio="0.001" Bpm="105.51" Metro="4/4" Battito="1" />
    </TRACK>
    <TRACK TrackID="131848115" Name="I Might Be Wrong" Artist="Radiohead" Composer="" Album="KID A MNESIA" Grouping="" Genre="Lounge/Rock" Kind="AIFF File" Size="51977190" TotalTime="293" DiscNumber="0" TrackNumber="16" Year="2021" AverageBpm="102.92" DateAdded="2024-06-29" BitRate="1411" SampleRate="44100" Comments="7A - 4" PlayCount="0" Rating="0" Location="file://localhost/Users/zachvp/Music/DJ/Radiohead%20-%20KID%20A%20MNESIA%20-%2016%20I%20Might%20Be%20Wrong.aiff" Remixer="" Tonality="7A" Label="" Mix="">
      <TEMPO Inizio="0.304" Bpm="102.92" Metro="4/4" Battito="2" />
      <TEMPO Inizio="139.639" Bpm="102.92" Metro="4/4" Battito="1" />
      <TEMPO Inizio="205.517" Bpm="102.92" Metro="4/4" Battito="2" />
      <TEMPO Inizio="273.727" Bpm="102.92" Metro="4/4" Battito="3" />
    </TRACK>
    <TRACK TrackID="34444751" Name="Lekind &amp; Fatalgerian" Artist="Bunny Lava" Composer="" Album="Lekind &amp; Fatalgerian - Bunny Lava" Grouping="" Genre="House/Tech/Indie/" Kind="AIFF File" Size="96825156" TotalTime="365" DiscNumber="0" TrackNumber="1" Year="2023" AverageBpm="126.00" DateAdded="2024-06-29" BitRate="2116" SampleRate="44100" Comments="10A - 7" PlayCount="0" Rating="0" Location="file://localhost/Users/zachvp/Music/DJ/Robsoul%20Recordings%20-%20Bunny%20Lava%20-%20Lekind%20%26%20Fatalgerian.aiff" Remixer="" Tonality="10A" Label="" Mix="">
      <TEMPO Inizio="0.003" Bpm="126.00" Metro="4/4" Battito="1" />
    </TRACK>
    <TRACK TrackID="190765005" Name="Untitled v1" Artist="Radiohead" Composer="" Album="KID A MNESIA" Grouping="" Genre="Lounge/Ambient" Kind="AIFF File" Size="19296772" TotalTime="108" DiscNumber="0" TrackNumber="24" Year="2021" AverageBpm="80.69" DateAdded="2024-06-29" BitRate="1411" SampleRate="44100" Comments="5A - 2" PlayCount="1" Rating="0" Location="file://localhost/Users/zachvp/Music/DJ/Radiohead%20-%20KID%20A%20MNESIA%20-%2024%20Untitled%20v1.aiff" Remixer="" Tonality="5A" Label="" Mix="">
      <TEMPO Inizio="0.415" Bpm="80.69" Metro="4/4" Battito="1" />
    </TRACK>
    <TRACK TrackID="93282099" Name="BN" Artist="Eddington Again" Composer="" Album="Naomi9" Grouping="" Genre="Lounge/" Kind="AIFF File" Size="52879666" TotalTime="199" DiscNumber="0" TrackNumber="8" Year="2023" AverageBpm="171.00" DateAdded="2024-06-29" BitRate="2116" SampleRate="44100" Comments="6A - 5" PlayCount="1" Rating="0" Location="file://localhost/Users/zachvp/Music/DJ/Eddington%20Again%20-%20BN.aiff" Remixer="" Tonality="6A" Label="" Mix="">
      <TEMPO Inizio="0.178" Bpm="171.00" Metro="4/4" Battito="1" />
      <POSITION_MARK Name="" Type="0" Start="0.000" Num="-1" />
    </TRACK>
    <TRACK TrackID="232479749" Name="Untitled v3" Artist="Radiohead" Composer="" Album="KID A MNESIA" Grouping="" Genre="Lounge/Ambient" Kind="AIFF File" Size="13653452" TotalTime="76" DiscNumber="0" TrackNumber="33" Year="2021" AverageBpm="117.68" DateAdded="2024-06-29" BitRate="1411" SampleRate="44100" Comments="9A - 2" PlayCount="0" Rating="0" Location="file://localhost/Users/zachvp/Music/DJ/Radiohead%20-%20KID%20A%20MNESIA%20-%2033%20Untitled%20v3.aiff" Remixer="" Tonality="9A" Label="" Mix="">
      <TEMPO Inizio="0.043" Bpm="117.68" Metro="4/4" Battito="1" />
    </TRACK>
    <TRACK TrackID="164756820" Name="Sunday Morning (Original Mix)" Artist="Seb Zito" Composer="" Album="Fusic Volume 2" Grouping="" Genre="House/Deep/Tech/" Kind="AIFF File" Size="67998782" TotalTime="385" DiscNumber="0" TrackNumber="2" Year="2013" AverageBpm="123.00" DateAdded="2024-06-29" BitRate="1411" SampleRate="44100" Comments="4A - 5" PlayCount="0" Rating="0" Location="file://localhost/Users/zachvp/Music/DJ/Seb%20Zito%20-%20Sunday%20Morning%20(Original%20Mix).aiff" Remixer="" Tonality="4A" Label="" Mix="">
      <TEMPO Inizio="0.259" Bpm="123.00" Metro="4/4" Battito="3" />
    </TRACK>
    <TRACK TrackID="175197008" Name="Back When A Banger Was A Sausage" Artist="Cut Snake" Composer="" Album="Back When A Banger Was A Sausage EP" Grouping="" Genre="House/Tech/Groove" Kind="AIFF File" Size="55281446" TotalTime="312" DiscNumber="0" TrackNumber="1" Year="2023" AverageBpm="130.00" DateAdded="2024-06-29" BitRate="1411" SampleRate="44100" Comments="7A - 7" PlayCount="1" Rating="0" Location="file://localhost/Users/zachvp/Music/DJ/Cut%20Snake%20-%20Back%20When%20A%20Banger%20Was%20A%20Sausage%20EP%20-%2001%20Back%20When%20A%20Banger%20Was%20A%20Sausage.aiff" Remixer="" Tonality="7A" Label="" Mix="">
      <TEMPO Inizio="0.002" Bpm="130.00" Metro="4/4" Battito="1" />
      <POSITION_MARK Name="" Type="0" Start="59.074" Num="-1" />
      <POSITION_MARK Name="" Type="0" Start="221.539" Num="-1" />
    </TRACK>
    <TRACK TrackID="186449121" Name="You And Whose Army?" Artist="Radiohead" Composer="" Album="KID A MNESIA" Grouping="" Genre="Lounge/" Kind="AIFF File" Size="33847980" TotalTime="190" DiscNumber="0" TrackNumber="15" Year="2021" AverageBpm="141.92" DateAdded="2024-06-29" BitRate="1411" SampleRate="44100" Comments="12A - 3" PlayCount="0" Rating="0" Location="file://localhost/Users/zachvp/Music/DJ/Radiohead%20-%20KID%20A%20MNESIA%20-%2015%20You%20And%20Whose%20Army-.aiff" Remixer="" Tonality="12A" Label="" Mix="">
      <TEMPO Inizio="0.106" Bpm="141.92" Metro="4/4" Battito="1" />
    </TRACK>
    <TRACK TrackID="148897246" Name="What if earth would turn faster" Artist="Agoria, Niño de Elche" Composer="" Album="Agoria .dev (LP)" Grouping="" Genre="Lounge/Indie" Kind="AIFF File" Size="66939356" TotalTime="252" DiscNumber="0" TrackNumber="2" Year="2021" AverageBpm="99.00" DateAdded="2024-06-29" BitRate="2116" SampleRate="44100" Comments="2A - 5" PlayCount="1" Rating="0" Location="file://localhost/Users/zachvp/Music/DJ/Agoria%20-%20Agoria%20ft%20Ni%c3%b1o%20de%20Elche%20-%20What%20if%20earth%20would%20turn%20faster.aiff" Remixer="" Tonality="2A" Label="" Mix="">
      <TEMPO Inizio="0.413" Bpm="99.00" Metro="4/4" Battito="1" />
      <POSITION_MARK Name="" Type="0" Start="0.409" Num="-1" />
    </TRACK>
    <TRACK TrackID="252531532" Name="Follow Me Around" Artist="Radiohead" Composer="" Album="KID A MNESIA" Grouping="" Genre="Lounge/Rock" Kind="AIFF File" Size="56477998" TotalTime="319" DiscNumber="0" TrackNumber="27" Year="2021" AverageBpm="127.29" DateAdded="2024-06-29" BitRate="1411" SampleRate="44100" Comments="10B - 3" PlayCount="0" Rating="0" Location="file://localhost/Users/zachvp/Music/DJ/Radiohead%20-%20KID%20A%20MNESIA%20-%2027%20Follow%20Me%20Around.aiff" Remixer="" Tonality="10B" Label="" Mix="">
      <TEMPO Inizio="0.083" Bpm="127.29" Metro="4/4" Battito="1" />
      <TEMPO Inizio="271.588" Bpm="127.29" Metro="4/4" Battito="1" />
    </TRACK>
    <TRACK TrackID="207815369" Name="Gradient II" Artist="Function" Composer="" Album="Gradient EP" Grouping="" Genre="House/Deep/Tech/Spacey" Kind="AIFF File" Size="119765986" TotalTime="452" DiscNumber="0" TrackNumber="3" Year="2013" AverageBpm="127.00" DateAdded="2024-06-29" BitRate="2116" SampleRate="44100" Comments="8A - 5" PlayCount="0" Rating="0" Location="file://localhost/Users/zachvp/Music/DJ/Function%20-%20Gradient%20II.aiff" Remixer="" Tonality="8A" Label="" Mix="">
      <TEMPO Inizio="0.075" Bpm="127.00" Metro="4/4" Battito="1" />
      <TEMPO Inizio="0.548" Bpm="127.00" Metro="4/4" Battito="2" />
    </TRACK>
    <TRACK TrackID="138671228" Name="003" Artist="Kamuflars" Composer="" Album="Windows [Mhost Likely Purple]" Grouping="" Genre="Lounge/Ambient" Kind="AIFF File" Size="63536926" TotalTime="239" DiscNumber="0" TrackNumber="3" Year="2023" AverageBpm="125.10" DateAdded="2024-06-29" BitRate="2116" SampleRate="44100" Comments="3A - 3" PlayCount="0" Rating="0" Location="file://localhost/Users/zachvp/Music/DJ/Kamuflars%20-%20003.aiff" Remixer="" Tonality="3A" Label="" Mix="">
      <TEMPO Inizio="0.310" Bpm="125.10" Metro="4/4" Battito="1" />
    </TRACK>
    <TRACK TrackID="40606755" Name="Departure" Artist="Luca Tresque" Composer="" Album="Departure EP" Grouping="" Genre="House/Techno/" Kind="AIFF File" Size="58288506" TotalTime="330" DiscNumber="0" TrackNumber="1" Year="2023" AverageBpm="142.00" DateAdded="2024-06-29" BitRate="1411" SampleRate="44100" Comments="1A - 6" PlayCount="0" Rating="0" Location="file://localhost/Users/zachvp/Music/DJ/Luca%20Tresque%20-%20Departure.aiff" Remixer="" Tonality="1A" Label="" Mix="">
      <TEMPO Inizio="0.042" Bpm="142.00" Metro="4/4" Battito="4" />
    </TRACK>
    <TRACK TrackID="197643168" Name="Has It Come To This (Schematic Bootleg Remix)" Artist="The Streets" Composer="" Album="Unoriginal Pirate Material" Grouping="" Genre="House/Tech/Breaks" Kind="AIFF File" Size="41627592" TotalTime="234" DiscNumber="0" TrackNumber="2" Year="2020" AverageBpm="136.00" DateAdded="2024-06-29" BitRate="1411" SampleRate="44100" Comments="1A - 6" PlayCount="2" Rating="0" Location="file://localhost/Users/zachvp/Music/DJ/The%20Streets%20-%20Unoriginal%20Pirate%20Material%20-%2002%20Has%20It%20Come%20To%20This%20(Schematic%20Bootleg%20Remix).aiff" Remixer="" Tonality="1A" Label="" Mix="">
      <TEMPO Inizio="0.218" Bpm="136.00" Metro="4/4" Battito="1" />
      <TEMPO Inizio="0.660" Bpm="136.00" Metro="4/4" Battito="2" />
      <TEMPO Inizio="126.837" Bpm="136.00" Metro="4/4" Battito="4" />
      <POSITION_MARK Name="" Type="0" Start="28.453" Num="-1" />
      <POSITION_MARK Name="" Type="0" Start="183.747" Num="-1" />
      <POSITION_MARK Name="" Type="0" Start="197.852" Num="-1" />
      <POSITION_MARK Name="" Type="0" Start="0.206" Num="-1" />
    </TRACK>
    <TRACK TrackID="13752135" Name="Carry On" Artist="Marina Trench" Composer="" Album="Over There EP" Grouping="" Genre="House/Deep/Tech/Jazzy" Kind="AIFF File" Size="67425094" TotalTime="382" DiscNumber="0" TrackNumber="2" Year="2021" AverageBpm="126.00" DateAdded="2024-06-29" BitRate="1411" SampleRate="44100" Comments="7A - 5" PlayCount="3" Rating="0" Location="file://localhost/Users/zachvp/Music/DJ/Marina%20Trench%20-%20Carry%20On.aiff" Remixer="" Tonality="7A" Label="" Mix="">
      <TEMPO Inizio="0.126" Bpm="126.00" Metro="4/4" Battito="3" />
      <TEMPO Inizio="255.363" Bpm="126.00" Metro="4/4" Battito="3" />
      <POSITION_MARK Name="" Type="0" Start="15.442" Num="-1" />
      <POSITION_MARK Name="" Type="0" Start="91.619" Num="-1" />
      <POSITION_MARK Name="" Type="0" Start="198.285" Num="-1" />
      <POSITION_MARK Name="" Type="0" Start="213.539" Num="-1" />
      <POSITION_MARK Name="" Type="0" Start="289.725" Num="-1" />
      <POSITION_MARK Name="" Type="0" Start="0.170" Num="-1" />
    </TRACK>
    <TRACK TrackID="71209669" Name="Like Spinning Plates ('Why Us?' Version)" Artist="Radiohead" Composer="" Album="KID A MNESIA" Grouping="" Genre="Lounge/" Kind="AIFF File" Size="53892566" TotalTime="304" DiscNumber="0" TrackNumber="23" Year="2021" AverageBpm="138.26" DateAdded="2024-06-29" BitRate="1411" SampleRate="44100" Comments="12A - 2" PlayCount="0" Rating="0" Location="file://localhost/Users/zachvp/Music/DJ/Radiohead%20-%20KID%20A%20MNESIA%20-%2023%20Like%20Spinning%20Plates%20(%27Why%20Us-%27%20Version).aiff" Remixer="" Tonality="12A" Label="" Mix="">
      <TEMPO Inizio="0.027" Bpm="138.26" Metro="4/4" Battito="1" />
      <TEMPO Inizio="94.200" Bpm="138.26" Metro="4/4" Battito="2" />
      <TEMPO Inizio="128.918" Bpm="138.26" Metro="4/4" Battito="2" />
      <TEMPO Inizio="163.636" Bpm="138.26" Metro="4/4" Battito="2" />
    </TRACK>
    <TRACK TrackID="143271227" Name="Drink Beer Be Happy" Artist="Cut Snake" Composer="" Album="Back When A Banger Was A Sausage EP" Grouping="" Genre="House/Tech/Indie/" Kind="AIFF File" Size="53773716" TotalTime="303" DiscNumber="0" TrackNumber="2" Year="2023" AverageBpm="128.00" DateAdded="2024-06-29" BitRate="1411" SampleRate="44100" Comments="3A - 7" PlayCount="1" Rating="0" Location="file://localhost/Users/zachvp/Music/DJ/Cut%20Snake%20-%20Back%20When%20A%20Banger%20Was%20A%20Sausage%20EP%20-%2002%20Drink%20Beer%20Be%20Happy.aiff" Remixer="" Tonality="3A" Label="" Mix="">
      <TEMPO Inizio="0.038" Bpm="128.00" Metro="4/4" Battito="1" />
      <POSITION_MARK Name="" Type="0" Start="0.031" Num="-1" />
    </TRACK>
    <TRACK TrackID="204091958" Name="How to Disappear into Strings" Artist="Radiohead" Composer="" Album="KID A MNESIA" Grouping="" Genre="Lounge/Ambient" Kind="AIFF File" Size="58842772" TotalTime="332" DiscNumber="0" TrackNumber="34" Year="2021" AverageBpm="133.17" DateAdded="2024-06-29" BitRate="1411" SampleRate="44100" Comments="11A - 2" PlayCount="0" Rating="0" Location="file://localhost/Users/zachvp/Music/DJ/Radiohead%20-%20KID%20A%20MNESIA%20-%2034%20How%20to%20Disappear%20into%20Strings.aiff" Remixer="" Tonality="11A" Label="" Mix="">
      <TEMPO Inizio="0.157" Bpm="133.17" Metro="4/4" Battito="3" />
    </TRACK>
    <TRACK TrackID="10690141" Name="Sirena Deep feat. Nathan Haines" Artist="Chaos In The CBD" Composer="" Album="Sirena Deep EP" Grouping="" Genre="House/Deep/Tech/Jazzy" Kind="AIFF File" Size="90397124" TotalTime="341" DiscNumber="0" TrackNumber="1" Year="2023" AverageBpm="126.00" DateAdded="2024-06-29" BitRate="2116" SampleRate="44100" Comments="1A - 6" PlayCount="3" Rating="0" Location="file://localhost/Users/zachvp/Music/DJ/Chaos%20In%20The%20CBD%20-%20Sirena%20Deep%20EP%20-%2001%20Sirena%20Deep%20feat.%20Nathan%20Haines.aiff" Remixer="" Tonality="1A" Label="" Mix="">
      <TEMPO Inizio="0.006" Bpm="126.00" Metro="4/4" Battito="1" />
      <TEMPO Inizio="335.243" Bpm="126.00" Metro="4/4" Battito="1" />
    </TRACK>
    <TRACK TrackID="234325747" Name="Night Rain (Ilija Rudman's Higher Ground Mix)" Artist="Crazy P" Composer="" Album="Age of the Ego (Remixes)" Grouping="" Genre="House/Deep/Tech/Jazzy" Kind="AIFF File" Size="58166352" TotalTime="328" DiscNumber="0" TrackNumber="10" Year="2022" AverageBpm="112.06" DateAdded="2024-06-29" BitRate="1411" SampleRate="44100" Comments="9A - 6" PlayCount="1" Rating="0" Location="file://localhost/Users/zachvp/Music/DJ/Crazy%20P%20-%20Night%20Rain%20(Ilija%20Rudman%27s%20Higher%20Ground%20Mix).aiff" Remixer="" Tonality="9A" Label="" Mix="">
      <TEMPO Inizio="0.320" Bpm="112.06" Metro="4/4" Battito="3" />
      <TEMPO Inizio="32.980" Bpm="112.06" Metro="4/4" Battito="4" />
      <TEMPO Inizio="69.388" Bpm="112.06" Metro="4/4" Battito="4" />
      <TEMPO Inizio="102.048" Bpm="112.06" Metro="4/4" Battito="1" />
      <TEMPO Inizio="138.456" Bpm="112.06" Metro="4/4" Battito="1" />
      <TEMPO Inizio="171.116" Bpm="112.06" Metro="4/4" Battito="2" />
      <TEMPO Inizio="203.776" Bpm="112.06" Metro="4/4" Battito="3" />
      <TEMPO Inizio="240.184" Bpm="112.06" Metro="4/4" Battito="3" />
      <TEMPO Inizio="276.592" Bpm="112.06" Metro="4/4" Battito="3" />
      <TEMPO Inizio="313.000" Bpm="112.06" Metro="4/4" Battito="3" />
      <POSITION_MARK Name="" Type="0" Start="0.241" Num="-1" />
    </TRACK>
    <TRACK TrackID="116256322" Name="African Liberation" Artist="Mary Greer Mudiku, Oneness of Juju" Composer="" Album="Black Love Alive Again" Grouping="" Genre="Lounge/Indie" Kind="AIFF File" Size="19914866" TotalTime="112" DiscNumber="0" TrackNumber="3" Year="2023" AverageBpm="141.75" DateAdded="2024-06-29" BitRate="1411" SampleRate="44100" Comments="5A - 4" PlayCount="0" Rating="0" Location="file://localhost/Users/zachvp/Music/DJ/Mary%20Greer%20Mudiku,%20Oneness%20of%20Juju%20-%20African%20Liberation.aiff" Remixer="" Tonality="5A" Label="" Mix="">
      <TEMPO Inizio="0.260" Bpm="141.75" Metro="4/4" Battito="1" />
      <TEMPO Inizio="0.684" Bpm="141.75" Metro="4/4" Battito="2" />
      <TEMPO Inizio="101.847" Bpm="141.75" Metro="4/4" Battito="1" />
    </TRACK>
    <TRACK TrackID="193388079" Name="Visionaire" Artist="Nebula (AR)" Composer="" Album="Summer Sampler 2022" Grouping="" Genre="House/Deep/Melodic" Kind="AIFF File" Size="139278126" TotalTime="526" DiscNumber="0" TrackNumber="7" Year="2022" AverageBpm="122.00" DateAdded="2024-06-29" BitRate="2116" SampleRate="44100" Comments="8A - 6" PlayCount="0" Rating="0" Location="file://localhost/Users/zachvp/Music/DJ/Nebula%20(AR)%20-%20Visionaire.aiff" Remixer="" Tonality="8A" Label="" Mix="">
      <TEMPO Inizio="0.480" Bpm="122.00" Metro="4/4" Battito="2" />
    </TRACK>
    <TRACK TrackID="58768604" Name="Life on the Wing" Artist="I. JORDAN" Composer="" Album="DJ-Kicks: HAAi" Grouping="" Genre="House/Tech/Breaks" Kind="AIFF File" Size="91108276" TotalTime="344" DiscNumber="0" TrackNumber="9" Year="2023" AverageBpm="148.00" DateAdded="2024-06-29" BitRate="2116" SampleRate="44100" Comments="8A - 7" PlayCount="0" Rating="0" Location="file://localhost/Users/zachvp/Music/DJ/I.%20JORDAN%20-%20Life%20on%20the%20Wing.aiff" Remixer="" Tonality="8A" Label="" Mix="">
      <TEMPO Inizio="0.203" Bpm="148.00" Metro="4/4" Battito="1" />
      <TEMPO Inizio="0.609" Bpm="148.00" Metro="4/4" Battito="2" />
    </TRACK>
    <TRACK TrackID="261380739" Name="If You Say the Word" Artist="Radiohead" Composer="" Album="KID A MNESIA" Grouping="" Genre="Lounge/" Kind="AIFF File" Size="46148940" TotalTime="260" DiscNumber="0" TrackNumber="26" Year="2021" AverageBpm="109.85" DateAdded="2024-06-29" BitRate="1411" SampleRate="44100" Comments="5A - 4" PlayCount="0" Rating="0" Location="file://localhost/Users/zachvp/Music/DJ/Radiohead%20-%20KID%20A%20MNESIA%20-%2026%20If%20You%20Say%20the%20Word.aiff" Remixer="" Tonality="5A" Label="" Mix="">
      <TEMPO Inizio="0.350" Bpm="109.85" Metro="4/4" Battito="2" />
      <TEMPO Inizio="47.322" Bpm="109.85" Metro="4/4" Battito="4" />
      <TEMPO Inizio="80.639" Bpm="109.85" Metro="4/4" Battito="1" />
      <TEMPO Inizio="116.687" Bpm="109.85" Metro="4/4" Battito="3" />
      <TEMPO Inizio="150.004" Bpm="109.85" Metro="4/4" Battito="4" />
      <TEMPO Inizio="186.052" Bpm="109.85" Metro="4/4" Battito="2" />
      <TEMPO Inizio="219.369" Bpm="109.85" Metro="4/4" Battito="3" />
      <TEMPO Inizio="255.417" Bpm="109.85" Metro="4/4" Battito="1" />
    </TRACK>
    <TRACK TrackID="162101114" Name="Morning Bell/Amnesiac" Artist="Radiohead" Composer="" Album="KID A MNESIA" Grouping="" Genre="Lounge/" Kind="AIFF File" Size="34424224" TotalTime="194" DiscNumber="0" TrackNumber="18" Year="2021" AverageBpm="124.77" DateAdded="2024-06-29" BitRate="1411" SampleRate="44100" Comments="10B - 2" PlayCount="0" Rating="0" Location="file://localhost/Users/zachvp/Music/DJ/Radiohead%20-%20KID%20A%20MNESIA%20-%2018%20Morning%20Bell-Amnesiac.aiff" Remixer="" Tonality="10B" Label="" Mix="">
      <TEMPO Inizio="0.084" Bpm="124.77" Metro="4/4" Battito="3" />
    </TRACK>
    <TRACK TrackID="16118824" Name="Shoreline Cruiser (Original Mix)" Artist="KOMODO" Composer="" Album="Shoreline Cruiser EP" Grouping="" Genre="House/Tech/Indie/" Kind="AIFF File" Size="101224070" TotalTime="381" DiscNumber="0" TrackNumber="1" Year="2021" AverageBpm="124.00" DateAdded="2024-06-29" BitRate="2116" SampleRate="44100" Comments="5A - 7" PlayCount="1" Rating="0" Location="file://localhost/Users/zachvp/Music/DJ/KOMODO%20-%20Shoreline%20Cruiser%20EP%20-%2001%20Shoreline%20Cruiser%20(Original%20Mix).aiff" Remixer="" Tonality="5A" Label="" Mix="">
      <TEMPO Inizio="0.348" Bpm="124.00" Metro="4/4" Battito="1" />
    </TRACK>
    <TRACK TrackID="108873796" Name="002" Artist="Kamuflars" Composer="" Album="Windows [Mhost Likely Purple]" Grouping="" Genre="Lounge/Ambient" Kind="AIFF File" Size="96720408" TotalTime="364" DiscNumber="0" TrackNumber="2" Year="2023" AverageBpm="73.00" DateAdded="2024-06-29" BitRate="2116" SampleRate="44100" Comments="11A - 2" PlayCount="1" Rating="0" Location="file://localhost/Users/zachvp/Music/DJ/Kamuflars%20-%20002.aiff" Remixer="" Tonality="11A" Label="" Mix="">
      <TEMPO Inizio="0.320" Bpm="73.00" Metro="4/4" Battito="4" />
      <POSITION_MARK Name="" Type="0" Start="2.904" Num="-1" />
    </TRACK>
    <TRACK TrackID="121445776" Name="Like Spinning Plates" Artist="Radiohead" Composer="" Album="KID A MNESIA" Grouping="" Genre="Lounge/" Kind="AIFF File" Size="42044702" TotalTime="237" DiscNumber="0" TrackNumber="21" Year="2021" AverageBpm="138.46" DateAdded="2024-06-29" BitRate="1411" SampleRate="44100" Comments="12A - 2" PlayCount="0" Rating="0" Location="file://localhost/Users/zachvp/Music/DJ/Radiohead%20-%20KID%20A%20MNESIA%20-%2021%20Like%20Spinning%20Plates.aiff" Remixer="" Tonality="12A" Label="" Mix="">
      <TEMPO Inizio="0.427" Bpm="138.46" Metro="4/4" Battito="3" />
      <TEMPO Inizio="3.461" Bpm="138.46" Metro="4/4" Battito="2" />
      <TEMPO Inizio="29.462" Bpm="138.46" Metro="4/4" Battito="2" />
      <TEMPO Inizio="44.196" Bpm="138.46" Metro="4/4" Battito="4" />
      <TEMPO Inizio="67.597" Bpm="138.46" Metro="4/4" Battito="2" />
      <TEMPO Inizio="92.298" Bpm="138.46" Metro="4/4" Battito="3" />
      <TEMPO Inizio="116.999" Bpm="138.46" Metro="4/4" Battito="4" />
      <TEMPO Inizio="140.400" Bpm="138.46" Metro="4/4" Battito="2" />
      <TEMPO Inizio="165.101" Bpm="138.46" Metro="4/4" Battito="3" />
      <TEMPO Inizio="179.835" Bpm="138.46" Metro="4/4" Battito="1" />
      <TEMPO Inizio="205.836" Bpm="138.46" Metro="4/4" Battito="1" />
      <TEMPO Inizio="229.237" Bpm="138.46" Metro="4/4" Battito="3" />
    </TRACK>
    <TRACK TrackID="35928044" Name="Playing For Me (Squep Remix)" Artist="Reto Erni" Composer="" Album="Playing For Me" Grouping="" Genre="House/Deep/Tech/" Kind="AIFF File" Size="77583170" TotalTime="439" DiscNumber="0" TrackNumber="2" Year="2021" AverageBpm="124.00" DateAdded="2024-06-29" BitRate="1411" SampleRate="44100" Comments="6A - 5" PlayCount="0" Rating="0" Location="file://localhost/Users/zachvp/Music/DJ/Reto%20Erni%20-%20Playing%20For%20Me%20(Squep%20Remix).aiff" Remixer="" Tonality="6A" Label="" Mix="">
      <TEMPO Inizio="0.006" Bpm="124.00" Metro="4/4" Battito="4" />
    </TRACK>
    <TRACK TrackID="264792134" Name="The Morning Bell (In the Dark Version)" Artist="Radiohead" Composer="" Album="KID A MNESIA" Grouping="" Genre="Lounge/" Kind="AIFF File" Size="21342666" TotalTime="120" DiscNumber="0" TrackNumber="30" Year="2021" AverageBpm="123.24" DateAdded="2024-06-29" BitRate="1411" SampleRate="44100" Comments="12B - 2" PlayCount="0" Rating="0" Location="file://localhost/Users/zachvp/Music/DJ/Radiohead%20-%20KID%20A%20MNESIA%20-%2030%20The%20Morning%20Bell%20(In%20the%20Dark%20Version).aiff" Remixer="" Tonality="12B" Label="" Mix="">
      <TEMPO Inizio="0.004" Bpm="123.24" Metro="4/4" Battito="2" />
    </TRACK>
    <TRACK TrackID="59016106" Name="Dollars and Cents" Artist="Radiohead" Composer="" Album="KID A MNESIA" Grouping="" Genre="Lounge/" Kind="AIFF File" Size="51617336" TotalTime="291" DiscNumber="0" TrackNumber="19" Year="2021" AverageBpm="139.20" DateAdded="2024-06-29" BitRate="1411" SampleRate="44100" Comments="10A - 3" PlayCount="0" Rating="0" Location="file://localhost/Users/zachvp/Music/DJ/Radiohead%20-%20KID%20A%20MNESIA%20-%2019%20Dollars%20and%20Cents.aiff" Remixer="" Tonality="10A" Label="" Mix="">
      <TEMPO Inizio="0.304" Bpm="139.20" Metro="4/4" Battito="1" />
      <TEMPO Inizio="81.339" Bpm="139.20" Metro="4/4" Battito="1" />
      <TEMPO Inizio="174.874" Bpm="139.20" Metro="4/4" Battito="2" />
      <TEMPO Inizio="255.478" Bpm="139.20" Metro="4/4" Battito="1" />
    </TRACK>
    <TRACK TrackID="80391282" Name="Pyramid Strings" Artist="Radiohead" Composer="" Album="KID A MNESIA" Grouping="" Genre="Lounge/Ambient" Kind="AIFF File" Size="13915336" TotalTime="78" DiscNumber="0" TrackNumber="31" Year="2021" AverageBpm="108.08" DateAdded="2024-06-29" BitRate="1411" SampleRate="44100" Comments="11A - 2" PlayCount="0" Rating="0" Location="file://localhost/Users/zachvp/Music/DJ/Radiohead%20-%20KID%20A%20MNESIA%20-%2031%20Pyramid%20Strings.aiff" Remixer="" Tonality="11A" Label="" Mix="">
      <TEMPO Inizio="0.488" Bpm="108.08" Metro="4/4" Battito="1" />
      <TEMPO Inizio="1.044" Bpm="108.08" Metro="4/4" Battito="2" />
      <TEMPO Inizio="14.368" Bpm="108.08" Metro="4/4" Battito="2" />
      <TEMPO Inizio="31.578" Bpm="108.08" Metro="4/4" Battito="1" />
      <TEMPO Inizio="48.788" Bpm="108.08" Metro="4/4" Battito="4" />
      <TEMPO Inizio="62.112" Bpm="108.08" Metro="4/4" Battito="4" />
    </TRACK>
    <TRACK TrackID="224972453" Name="Everything In Its Right Place" Artist="Radiohead" Composer="" Album="KID A MNESIA" Grouping="" Genre="Lounge/Indie" Kind="AIFF File" Size="44507262" TotalTime="251" DiscNumber="0" TrackNumber="1" Year="2021" AverageBpm="123.84" DateAdded="2024-06-29" BitRate="1411" SampleRate="44100" Comments="5A - 3" PlayCount="0" Rating="0" Location="file://localhost/Users/zachvp/Music/DJ/Radiohead%20-%20KID%20A%20MNESIA%20-%2001%20Everything%20In%20Its%20Right%20Place.aiff" Remixer="" Tonality="5A" Label="" Mix="">
      <TEMPO Inizio="0.228" Bpm="123.84" Metro="4/4" Battito="1" />
      <TEMPO Inizio="250.713" Bpm="123.84" Metro="4/4" Battito="2" />
    </TRACK>
    <TRACK TrackID="97994679" Name="You+Me=We" Artist="Brett Johnson" Composer="" Album="Phil Weeks Presents Crate Diggin’ Vol.2" Grouping="" Genre="House/Deep/Tech/" Kind="AIFF File" Size="76425926" TotalTime="432" DiscNumber="0" TrackNumber="2" Year="2013" AverageBpm="125.09" DateAdded="2024-06-29" BitRate="1411" SampleRate="44100" Comments="5A - 6" PlayCount="1" Rating="0" Location="file://localhost/Users/zachvp/Music/DJ/Robsoul%20Recordings%20-%20Brett%20Johnson%20%e2%80%93%20You+Me=We.aiff" Remixer="" Tonality="5A" Label="" Mix="">
      <TEMPO Inizio="0.145" Bpm="125.09" Metro="4/4" Battito="1" />
      <POSITION_MARK Name="" Type="0" Start="0.146" Num="-1" />
      <POSITION_MARK Name="" Type="0" Start="30.840" Num="-1" />
      <POSITION_MARK Name="" Type="0" Start="61.538" Num="-1" />
      <POSITION_MARK Name="" Type="0" Start="245.729" Num="-1" />
    </TRACK>
    <TRACK TrackID="40915825" Name="In A Daze" Artist="LADYMONIX" Composer="" Album="Welcome 2 My House" Grouping="" Genre="House/Tech/Groove" Kind="AIFF File" Size="86815734" TotalTime="300" DiscNumber="0" TrackNumber="1" Year="2023" AverageBpm="125.00" DateAdded="2024-06-29" BitRate="2304" SampleRate="48000" Comments="11A - 5" PlayCount="1" Rating="0" Location="file://localhost/Users/zachvp/Music/DJ/LADYMONIX%20-%20In%20A%20Daze.aiff" Remixer="" Tonality="11A" Label="" Mix="">
      <TEMPO Inizio="0.388" Bpm="125.00" Metro="4/4" Battito="1" />
      <POSITION_MARK Name="" Type="0" Start="46.461" Num="-1" />
      <POSITION_MARK Name="" Type="0" Start="261.504" Num="-1" />
    </TRACK>
    <TRACK TrackID="147834745" Name="Untitled" Artist="Radiohead" Composer="" Album="KID A MNESIA" Grouping="" Genre="Lounge/Ambient" Kind="AIFF File" Size="9450918" TotalTime="52" DiscNumber="0" TrackNumber="11" Year="2021" AverageBpm="142.17" DateAdded="2024-06-29" BitRate="1411" SampleRate="44100" Comments="9B - 2" PlayCount="0" Rating="0" Location="file://localhost/Users/zachvp/Music/DJ/Radiohead%20-%20KID%20A%20MNESIA%20-%2011%20Untitled.aiff" Remixer="" Tonality="9B" Label="" Mix="">
      <TEMPO Inizio="0.283" Bpm="142.17" Metro="4/4" Battito="2" />
      <TEMPO Inizio="4.504" Bpm="142.17" Metro="4/4" Battito="4" />
    </TRACK>
    <TRACK TrackID="46959507" Name="Paper Trails (Live in Paris, June 5, 2023)" Artist="DARKSIDE" Composer="" Album="Psychic (Expanded)" Grouping="" Genre="Lounge/Rock" Kind="AIFF File" Size="108484344" TotalTime="613" DiscNumber="0" TrackNumber="11" Year="2023" AverageBpm="115.36" DateAdded="2024-06-29" BitRate="1411" SampleRate="44100" Comments="2A - 5" PlayCount="0" Rating="0" Location="file://localhost/Users/zachvp/Music/DJ/DARKSIDE%20-%20Psychic%20(Expanded)%20-%2011%20Paper%20Trails%20(Live%20in%20Paris,%20June%205,%202023).aiff" Remixer="" Tonality="2A" Label="" Mix="">
      <TEMPO Inizio="0.518" Bpm="115.36" Metro="4/4" Battito="2" />
      <TEMPO Inizio="26.004" Bpm="115.36" Metro="4/4" Battito="3" />
      <TEMPO Inizio="60.852" Bpm="115.36" Metro="4/4" Battito="2" />
      <TEMPO Inizio="105.062" Bpm="115.36" Metro="4/4" Battito="3" />
      <TEMPO Inizio="144.591" Bpm="115.36" Metro="4/4" Battito="3" />
      <TEMPO Inizio="179.439" Bpm="115.36" Metro="4/4" Battito="2" />
      <TEMPO Inizio="218.968" Bpm="115.36" Metro="4/4" Battito="2" />
      <TEMPO Inizio="258.497" Bpm="115.36" Metro="4/4" Battito="2" />
      <TEMPO Inizio="302.707" Bpm="115.36" Metro="4/4" Battito="3" />
      <TEMPO Inizio="337.555" Bpm="115.36" Metro="4/4" Battito="2" />
      <TEMPO Inizio="377.084" Bpm="115.36" Metro="4/4" Battito="2" />
      <TEMPO Inizio="411.932" Bpm="115.36" Metro="4/4" Battito="1" />
      <TEMPO Inizio="456.142" Bpm="115.36" Metro="4/4" Battito="2" />
      <TEMPO Inizio="495.671" Bpm="115.36" Metro="4/4" Battito="2" />
      <TEMPO Inizio="530.519" Bpm="115.36" Metro="4/4" Battito="1" />
      <TEMPO Inizio="570.048" Bpm="115.36" Metro="4/4" Battito="1" />
      <TEMPO Inizio="609.577" Bpm="115.36" Metro="4/4" Battito="1" />
    </TRACK>
    <TRACK TrackID="149909245" Name="In Limbo" Artist="Radiohead" Composer="" Album="KID A MNESIA" Grouping="" Genre="Lounge/Acoustic" Kind="AIFF File" Size="37375956" TotalTime="210" DiscNumber="0" TrackNumber="7" Year="2021" AverageBpm="88.51" DateAdded="2024-06-29" BitRate="1411" SampleRate="44100" Comments="9B - 4" PlayCount="0" Rating="0" Location="file://localhost/Users/zachvp/Music/DJ/Radiohead%20-%20KID%20A%20MNESIA%20-%2007%20In%20Limbo.aiff" Remixer="" Tonality="9B" Label="" Mix="">
      <TEMPO Inizio="0.628" Bpm="88.51" Metro="4/4" Battito="1" />
    </TRACK>
    <TRACK TrackID="233364914" Name="Freak, Go Home" Artist="DARKSIDE" Composer="" Album="Psychic (Expanded)" Grouping="" Genre="Lounge/Indie" Kind="AIFF File" Size="70080482" TotalTime="396" DiscNumber="0" TrackNumber="6" Year="2023" AverageBpm="111.00" DateAdded="2024-06-29" BitRate="1411" SampleRate="44100" Comments="5A - 4" PlayCount="2" Rating="0" Location="file://localhost/Users/zachvp/Music/DJ/DARKSIDE%20-%20Psychic%20(Expanded)%20-%2006%20Freak,%20Go%20Home.aiff" Remixer="" Tonality="5A" Label="" Mix="">
      <TEMPO Inizio="0.140" Bpm="111.00" Metro="4/4" Battito="1" />
    </TRACK>
    <TRACK TrackID="210885778" Name="What They Say" Artist="DARKSIDE" Composer="" Album="Psychic (Expanded)" Grouping="" Genre="Lounge/Indie" Kind="AIFF File" Size="60618824" TotalTime="342" DiscNumber="0" TrackNumber="9" Year="2023" AverageBpm="120.00" DateAdded="2024-06-29" BitRate="1411" SampleRate="44100" Comments="9A - 6" PlayCount="0" Rating="0" Location="file://localhost/Users/zachvp/Music/DJ/DARKSIDE%20-%20Psychic%20(Expanded)%20-%2009%20What%20They%20Say.aiff" Remixer="" Tonality="9A" Label="" Mix="">
      <TEMPO Inizio="0.066" Bpm="120.00" Metro="4/4" Battito="1" />
      <TEMPO Inizio="23.067" Bpm="120.00" Metro="4/4" Battito="3" />
      <TEMPO Inizio="23.566" Bpm="120.00" Metro="4/4" Battito="4" />
      <TEMPO Inizio="24.067" Bpm="120.00" Metro="4/4" Battito="1" />
      <TEMPO Inizio="24.566" Bpm="120.00" Metro="4/4" Battito="2" />
      <TEMPO Inizio="25.067" Bpm="120.00" Metro="4/4" Battito="3" />
      <TEMPO Inizio="25.566" Bpm="120.00" Metro="4/4" Battito="4" />
      <TEMPO Inizio="26.067" Bpm="120.00" Metro="4/4" Battito="1" />
      <TEMPO Inizio="26.566" Bpm="120.00" Metro="4/4" Battito="2" />
      <TEMPO Inizio="27.067" Bpm="120.00" Metro="4/4" Battito="3" />
      <TEMPO Inizio="27.566" Bpm="120.00" Metro="4/4" Battito="4" />
      <TEMPO Inizio="28.067" Bpm="120.00" Metro="4/4" Battito="1" />
      <TEMPO Inizio="124.068" Bpm="120.00" Metro="4/4" Battito="1" />
      <TEMPO Inizio="124.567" Bpm="120.00" Metro="4/4" Battito="2" />
      <TEMPO Inizio="125.068" Bpm="120.00" Metro="4/4" Battito="3" />
      <TEMPO Inizio="125.567" Bpm="120.00" Metro="4/4" Battito="4" />
      <TEMPO Inizio="126.068" Bpm="120.00" Metro="4/4" Battito="1" />
      <TEMPO Inizio="126.567" Bpm="120.00" Metro="4/4" Battito="2" />
      <TEMPO Inizio="127.068" Bpm="120.00" Metro="4/4" Battito="3" />
      <TEMPO Inizio="127.567" Bpm="120.00" Metro="4/4" Battito="4" />
      <TEMPO Inizio="128.068" Bpm="120.00" Metro="4/4" Battito="1" />
      <TEMPO Inizio="225.069" Bpm="120.00" Metro="4/4" Battito="3" />
      <TEMPO Inizio="225.568" Bpm="120.00" Metro="4/4" Battito="4" />
      <TEMPO Inizio="226.069" Bpm="120.00" Metro="4/4" Battito="1" />
      <TEMPO Inizio="226.568" Bpm="120.00" Metro="4/4" Battito="2" />
      <TEMPO Inizio="227.069" Bpm="120.00" Metro="4/4" Battito="3" />
      <TEMPO Inizio="227.568" Bpm="120.00" Metro="4/4" Battito="4" />
      <TEMPO Inizio="228.069" Bpm="120.00" Metro="4/4" Battito="1" />
      <TEMPO Inizio="228.568" Bpm="120.00" Metro="4/4" Battito="2" />
      <TEMPO Inizio="229.069" Bpm="120.00" Metro="4/4" Battito="3" />
      <TEMPO Inizio="326.070" Bpm="120.00" Metro="4/4" Battito="1" />
      <TEMPO Inizio="326.569" Bpm="120.00" Metro="4/4" Battito="2" />
      <TEMPO Inizio="327.070" Bpm="120.00" Metro="4/4" Battito="3" />
      <TEMPO Inizio="327.569" Bpm="120.00" Metro="4/4" Battito="4" />
      <TEMPO Inizio="328.070" Bpm="120.00" Metro="4/4" Battito="1" />
      <TEMPO Inizio="328.569" Bpm="120.00" Metro="4/4" Battito="2" />
      <TEMPO Inizio="329.070" Bpm="120.00" Metro="4/4" Battito="3" />
      <TEMPO Inizio="329.569" Bpm="120.00" Metro="4/4" Battito="4" />
      <TEMPO Inizio="330.070" Bpm="120.00" Metro="4/4" Battito="1" />
    </TRACK>
    <TRACK TrackID="244722738" Name="Outdoor Limit" Artist="Chaos In The CBD" Composer="" Album="Sirena Deep EP" Grouping="" Genre="House/Deep/Tech/" Kind="AIFF File" Size="130351688" TotalTime="492" DiscNumber="0" TrackNumber="2" Year="2023" AverageBpm="128.00" DateAdded="2024-06-29" BitRate="2116" SampleRate="44100" Comments="5A - 6" PlayCount="1" Rating="0" Location="file://localhost/Users/zachvp/Music/DJ/Chaos%20In%20The%20CBD%20-%20Sirena%20Deep%20EP%20-%2002%20Outdoor%20Limit.aiff" Remixer="" Tonality="5A" Label="" Mix="">
      <TEMPO Inizio="0.003" Bpm="128.00" Metro="4/4" Battito="1" />
      <POSITION_MARK Name="" Type="0" Start="58.116" Num="-1" />
      <POSITION_MARK Name="" Type="0" Start="358.137" Num="-1" />
    </TRACK>
    <TRACK TrackID="224686651" Name="Knives Out" Artist="Radiohead" Composer="" Album="KID A MNESIA" Grouping="" Genre="Lounge/" Kind="AIFF File" Size="45114042" TotalTime="254" DiscNumber="0" TrackNumber="17" Year="2021" AverageBpm="137.32" DateAdded="2024-06-29" BitRate="1411" SampleRate="44100" Comments="9B - 5" PlayCount="0" Rating="0" Location="file://localhost/Users/zachvp/Music/DJ/Radiohead%20-%20KID%20A%20MNESIA%20-%2017%20Knives%20Out.aiff" Remixer="" Tonality="9B" Label="" Mix="">
      <TEMPO Inizio="0.272" Bpm="137.32" Metro="4/4" Battito="1" />
      <TEMPO Inizio="147.520" Bpm="137.32" Metro="4/4" Battito="2" />
    </TRACK>
    <TRACK TrackID="24962996" Name="Back Up (Original Mix)" Artist="ROOTS" Composer="" Album="ROOTBEER // DOUBLE PARKED VOL.3" Grouping="" Genre="House/Tech/Indie/" Kind="AIFF File" Size="86149800" TotalTime="487" DiscNumber="0" TrackNumber="1" Year="2024" AverageBpm="130.00" DateAdded="2024-06-29" BitRate="1411" SampleRate="44100" Comments="5A - 6" PlayCount="1" Rating="0" Location="file://localhost/Users/zachvp/Music/DJ/ROOTS%20-%20ROOTS%20-%20Back%20Up%20(Original%20Mix).aiff" Remixer="" Tonality="5A" Label="" Mix="">
      <TEMPO Inizio="0.000" Bpm="130.00" Metro="4/4" Battito="1" />
      <POSITION_MARK Name="" Type="0" Start="81.231" Num="-1" />
      <POSITION_MARK Name="" Type="0" Start="265.836" Num="-1" />
      <POSITION_MARK Name="" Type="0" Start="280.617" Num="-1" />
      <POSITION_MARK Name="" Type="0" Start="310.127" Num="-1" />
      <POSITION_MARK Name="" Type="0" Start="295.386" Num="-1" />
      <POSITION_MARK Name="" Type="0" Start="324.920" Num="-1" />
    </TRACK>
    <TRACK TrackID="56478123" Name="Wake Up" Artist="Marina Trench" Composer="" Album="Over There EP" Grouping="" Genre="House/Deep/Tech/Jazzy" Kind="AIFF File" Size="52622884" TotalTime="298" DiscNumber="0" TrackNumber="4" Year="2021" AverageBpm="123.00" DateAdded="2024-06-29" BitRate="1411" SampleRate="44100" Comments="1A - 5" PlayCount="0" Rating="0" Location="file://localhost/Users/zachvp/Music/DJ/Marina%20Trench%20-%20Wake%20Up.aiff" Remixer="" Tonality="1A" Label="" Mix="">
      <TEMPO Inizio="0.202" Bpm="123.00" Metro="4/4" Battito="1" />
    </TRACK>
    <TRACK TrackID="57422701" Name="Morning Bell" Artist="Radiohead" Composer="" Album="KID A MNESIA" Grouping="" Genre="zzz" Kind="AIFF File" Size="48806684" TotalTime="275" DiscNumber="0" TrackNumber="9" Year="2021" AverageBpm="113.70" DateAdded="2024-06-29" BitRate="1411" SampleRate="44100" Comments="8A - 3" PlayCount="0" Rating="0" Location="file://localhost/Users/zachvp/Music/DJ/Radiohead%20-%20KID%20A%20MNESIA%20-%2009%20Morning%20Bell.aiff" Remixer="" Tonality="8A" Label="" Mix="">
      <TEMPO Inizio="0.189" Bpm="113.70" Metro="4/4" Battito="3" />
    </TRACK>
    <TRACK TrackID="39375485" Name="Disco Pool Blues (MV Edit) 320k" Artist="Fantastic Four" Composer="" Album="" Grouping="" Genre="House/Tech/Indie/Disco" Kind="MP3 File" Size="15068032" TotalTime="376" DiscNumber="0" TrackNumber="0" Year="0" AverageBpm="109.50" DateAdded="2024-06-29" BitRate="320" SampleRate="44100" Comments="1A - 7" PlayCount="2" Rating="0" Location="file://localhost/Users/zachvp/Music/DJ/Fantastic%20Four%20-%20Disco%20Pool%20Blues%20(MV%20Edit)%20320k.mp3" Remixer="" Tonality="1A" Label="" Mix="">
      <TEMPO Inizio="0.028" Bpm="109.50" Metro="4/4" Battito="1" />
      <TEMPO Inizio="345.234" Bpm="109.50" Metro="4/4" Battito="3" />
      <POSITION_MARK Name="" Type="0" Start="70.137" Num="-1" />
      <POSITION_MARK Name="" Type="0" Start="35.069" Num="-1" />
      <POSITION_MARK Name="" Type="0" Start="87.672" Num="-1" />
      <POSITION_MARK Name="" Type="0" Start="298.093" Num="-1" />
    </TRACK>
    <TRACK TrackID="44562283" Name="Kid A" Artist="Radiohead" Composer="" Album="KID A MNESIA" Grouping="" Genre="Lounge/Indie" Kind="AIFF File" Size="50342526" TotalTime="284" DiscNumber="0" TrackNumber="2" Year="2021" AverageBpm="112.95" DateAdded="2024-06-29" BitRate="1411" SampleRate="44100" Comments="7B - 3" PlayCount="0" Rating="0" Location="file://localhost/Users/zachvp/Music/DJ/Radiohead%20-%20KID%20A%20MNESIA%20-%2002%20Kid%20A.aiff" Remixer="" Tonality="7B" Label="" Mix="">
      <TEMPO Inizio="0.248" Bpm="112.95" Metro="4/4" Battito="4" />
      <TEMPO Inizio="1.311" Bpm="112.95" Metro="4/4" Battito="2" />
      <TEMPO Inizio="26.808" Bpm="112.95" Metro="4/4" Battito="2" />
      <TEMPO Inizio="57.617" Bpm="112.95" Metro="4/4" Battito="4" />
      <TEMPO Inizio="93.738" Bpm="112.95" Metro="4/4" Battito="4" />
      <TEMPO Inizio="124.547" Bpm="112.95" Metro="4/4" Battito="2" />
      <TEMPO Inizio="158.012" Bpm="112.95" Metro="4/4" Battito="1" />
      <TEMPO Inizio="188.821" Bpm="112.95" Metro="4/4" Battito="3" />
      <TEMPO Inizio="224.942" Bpm="112.95" Metro="4/4" Battito="3" />
      <TEMPO Inizio="261.063" Bpm="112.95" Metro="4/4" Battito="3" />
    </TRACK>
    <TRACK TrackID="231325768" Name="008" Artist="Kamuflars" Composer="" Album="Windows [Mhost Likely Purple]" Grouping="" Genre="Lounge/Ambient" Kind="AIFF File" Size="92455942" TotalTime="348" DiscNumber="0" TrackNumber="8" Year="2023" AverageBpm="140.17" DateAdded="2024-06-29" BitRate="2116" SampleRate="44100" Comments="7A - 2" PlayCount="2" Rating="0" Location="file://localhost/Users/zachvp/Music/DJ/Kamuflars%20-%20008.aiff" Remixer="" Tonality="7A" Label="" Mix="">
      <TEMPO Inizio="0.341" Bpm="140.17" Metro="4/4" Battito="1" />
      <TEMPO Inizio="36.726" Bpm="140.17" Metro="4/4" Battito="2" />
      <TEMPO Inizio="73.539" Bpm="140.17" Metro="4/4" Battito="4" />
      <TEMPO Inizio="109.924" Bpm="140.17" Metro="4/4" Battito="1" />
      <TEMPO Inizio="147.165" Bpm="140.17" Metro="4/4" Battito="4" />
      <TEMPO Inizio="183.550" Bpm="140.17" Metro="4/4" Battito="1" />
      <TEMPO Inizio="220.363" Bpm="140.17" Metro="4/4" Battito="3" />
      <TEMPO Inizio="257.604" Bpm="140.17" Metro="4/4" Battito="2" />
      <TEMPO Inizio="286.284" Bpm="140.17" Metro="4/4" Battito="1" />
      <TEMPO Inizio="323.525" Bpm="140.17" Metro="4/4" Battito="4" />
      <POSITION_MARK Name="" Type="0" Start="0.304" Num="-1" />
    </TRACK>
    <TRACK TrackID="255317931" Name="Blank Sheep" Artist="Panoram" Composer="" Album="Keep Looking Where The Light Comes From" Grouping="" Genre="Lounge/Ambient" Kind="AIFF File" Size="58135258" TotalTime="329" DiscNumber="0" TrackNumber="8" Year="2023" AverageBpm="159.54" DateAdded="2024-06-29" BitRate="1411" SampleRate="44100" Comments="9B - 2" PlayCount="0" Rating="0" Location="file://localhost/Users/zachvp/Music/DJ/Panoram%20-%20Blank%20Sheep.aiff" Remixer="" Tonality="9B" Label="" Mix="">
      <TEMPO Inizio="0.144" Bpm="159.54" Metro="4/4" Battito="1" />
      <TEMPO Inizio="111.463" Bpm="159.54" Metro="4/4" Battito="1" />
      <TEMPO Inizio="194.952" Bpm="159.54" Metro="4/4" Battito="3" />
      <TEMPO Inizio="282.954" Bpm="159.54" Metro="4/4" Battito="1" />
    </TRACK>
    <TRACK TrackID="211684571" Name="Optimistic" Artist="Radiohead" Composer="" Album="KID A MNESIA" Grouping="" Genre="Lounge/Rock" Kind="AIFF File" Size="55893256" TotalTime="315" DiscNumber="0" TrackNumber="6" Year="2021" AverageBpm="89.74" DateAdded="2024-06-29" BitRate="1411" SampleRate="44100" Comments="7A - 5" PlayCount="0" Rating="0" Location="file://localhost/Users/zachvp/Music/DJ/Radiohead%20-%20KID%20A%20MNESIA%20-%2006%20Optimistic.aiff" Remixer="" Tonality="7A" Label="" Mix="">
      <TEMPO Inizio="0.422" Bpm="89.74" Metro="4/4" Battito="1" />
    </TRACK>
    <TRACK TrackID="154765363" Name="Weak Become Heroes (Schematic Bootleg Remix)" Artist="The Streets" Composer="" Album="Unoriginal Pirate Material" Grouping="" Genre="Lounge/Indie" Kind="AIFF File" Size="58077478" TotalTime="328" DiscNumber="0" TrackNumber="1" Year="2020" AverageBpm="140.00" DateAdded="2024-06-29" BitRate="1411" SampleRate="44100" Comments="6A - 6" PlayCount="1" Rating="0" Location="file://localhost/Users/zachvp/Music/DJ/The%20Streets%20-%20Unoriginal%20Pirate%20Material%20-%2001%20Weak%20Become%20Heroes%20(Schematic%20Bootleg%20Remix).aiff" Remixer="" Tonality="6A" Label="" Mix="">
      <TEMPO Inizio="0.241" Bpm="140.00" Metro="4/4" Battito="1" />
      <POSITION_MARK Name="" Type="0" Start="173.377" Num="-1" />
      <POSITION_MARK Name="" Type="0" Start="3.062" Num="-1" />
    </TRACK>
    <TRACK TrackID="242597483" Name="It Dwells In Me" Artist="All That Remains" Composer="" Album="The Fall Of Ideals" Grouping="" Genre="Lounge/Rock" Kind="MP3 File" Size="8692513" TotalTime="194" DiscNumber="1" TrackNumber="3" Year="2016" AverageBpm="176.00" DateAdded="2024-06-30" BitRate="320" SampleRate="44100" Comments="7A - 7" PlayCount="0" Rating="0" Location="file://localhost/Users/zachvp/Music/DJ/All%20That%20Remains%20-%2003.%20It%20Dwells%20In%20Me.mp3" Remixer="" Tonality="7A" Label="" Mix="">
      <TEMPO Inizio="0.198" Bpm="176.00" Metro="4/4" Battito="3" />
    </TRACK>
    <TRACK TrackID="66949427" Name="Not Alone" Artist="All That Remains" Composer="" Album="The Fall Of Ideals" Grouping="" Genre="Lounge/Rock" Kind="MP3 File" Size="9316196" TotalTime="210" DiscNumber="1" TrackNumber="2" Year="2016" AverageBpm="103.00" DateAdded="2024-06-30" BitRate="320" SampleRate="44100" Comments="6A - 7" PlayCount="0" Rating="0" Location="file://localhost/Users/zachvp/Music/DJ/All%20That%20Remains%20-%2002.%20Not%20Alone.mp3" Remixer="" Tonality="6A" Label="" Mix="">
      <TEMPO Inizio="0.173" Bpm="103.00" Metro="4/4" Battito="1" />
    </TRACK>
    <TRACK TrackID="252675812" Name="Six" Artist="All That Remains" Composer="" Album="The Fall Of Ideals" Grouping="" Genre="Lounge/Rock" Kind="MP3 File" Size="9026928" TotalTime="202" DiscNumber="1" TrackNumber="7" Year="2016" AverageBpm="100.07" DateAdded="2024-06-30" BitRate="320" SampleRate="44100" Comments="7A - 7" PlayCount="0" Rating="0" Location="file://localhost/Users/zachvp/Music/DJ/All%20That%20Remains%20-%2007.%20Six.mp3" Remixer="" Tonality="7A" Label="" Mix="">
      <TEMPO Inizio="0.203" Bpm="100.07" Metro="4/4" Battito="3" />
    </TRACK>
    <TRACK TrackID="19745714" Name="Whispers (I Hear You)" Artist="All That Remains" Composer="" Album="The Fall Of Ideals" Grouping="" Genre="Lounge/Rock" Kind="MP3 File" Size="9711731" TotalTime="219" DiscNumber="1" TrackNumber="5" Year="2016" AverageBpm="103.97" DateAdded="2024-06-30" BitRate="320" SampleRate="44100" Comments="7A - 7" PlayCount="0" Rating="0" Location="file://localhost/Users/zachvp/Music/DJ/All%20That%20Remains%20-%2005.%20Whispers%20(I%20Hear%20You).mp3" Remixer="" Tonality="7A" Label="" Mix="">
      <TEMPO Inizio="0.031" Bpm="103.97" Metro="4/4" Battito="3" />
      <TEMPO Inizio="1.763" Bpm="103.97" Metro="4/4" Battito="2" />
      <TEMPO Inizio="72.744" Bpm="103.97" Metro="4/4" Battito="1" />
      <TEMPO Inizio="156.998" Bpm="103.97" Metro="4/4" Battito="3" />
    </TRACK>
    <TRACK TrackID="171408763" Name="The Air That I Breathe" Artist="All That Remains" Composer="" Album="The Fall Of Ideals" Grouping="" Genre="Lounge/Rock" Kind="MP3 File" Size="9502370" TotalTime="214" DiscNumber="1" TrackNumber="9" Year="2016" AverageBpm="159.76" DateAdded="2024-06-30" BitRate="320" SampleRate="44100" Comments="10A - 7" PlayCount="0" Rating="0" Location="file://localhost/Users/zachvp/Music/DJ/All%20That%20Remains%20-%2009.%20The%20Air%20That%20I%20Breathe.mp3" Remixer="" Tonality="10A" Label="" Mix="">
      <TEMPO Inizio="0.021" Bpm="159.76" Metro="4/4" Battito="1" />
    </TRACK>
    <TRACK TrackID="107842922" Name="The Weak Willed" Artist="All That Remains" Composer="" Album="The Fall Of Ideals" Grouping="" Genre="Lounge/Rock" Kind="MP3 File" Size="10743026" TotalTime="245" DiscNumber="1" TrackNumber="6" Year="2016" AverageBpm="105.82" DateAdded="2024-06-30" BitRate="320" SampleRate="44100" Comments="7A - 7" PlayCount="1" Rating="0" Location="file://localhost/Users/zachvp/Music/DJ/All%20That%20Remains%20-%2006.%20The%20Weak%20Willed.mp3" Remixer="" Tonality="7A" Label="" Mix="">
      <TEMPO Inizio="0.157" Bpm="105.82" Metro="4/4" Battito="1" />
      <TEMPO Inizio="61.394" Bpm="105.82" Metro="4/4" Battito="1" />
      <TEMPO Inizio="61.960" Bpm="105.82" Metro="4/4" Battito="2" />
      <TEMPO Inizio="64.229" Bpm="105.82" Metro="4/4" Battito="2" />
      <TEMPO Inizio="65.362" Bpm="105.82" Metro="4/4" Battito="4" />
      <TEMPO Inizio="67.631" Bpm="105.82" Metro="4/4" Battito="4" />
      <TEMPO Inizio="68.764" Bpm="105.82" Metro="4/4" Battito="2" />
      <TEMPO Inizio="70.466" Bpm="105.82" Metro="4/4" Battito="1" />
      <TEMPO Inizio="71.599" Bpm="105.82" Metro="4/4" Battito="3" />
      <TEMPO Inizio="73.301" Bpm="105.82" Metro="4/4" Battito="2" />
      <TEMPO Inizio="75.001" Bpm="105.82" Metro="4/4" Battito="1" />
      <TEMPO Inizio="76.136" Bpm="105.82" Metro="4/4" Battito="3" />
      <TEMPO Inizio="78.403" Bpm="105.82" Metro="4/4" Battito="3" />
      <TEMPO Inizio="78.971" Bpm="105.82" Metro="4/4" Battito="4" />
      <TEMPO Inizio="81.238" Bpm="105.82" Metro="4/4" Battito="4" />
      <TEMPO Inizio="82.373" Bpm="105.82" Metro="4/4" Battito="2" />
      <TEMPO Inizio="84.640" Bpm="105.82" Metro="4/4" Battito="2" />
      <TEMPO Inizio="85.208" Bpm="105.82" Metro="4/4" Battito="3" />
    </TRACK>
    <TRACK TrackID="86684142" Name="Become The Catalyst" Artist="All That Remains" Composer="" Album="The Fall Of Ideals" Grouping="" Genre="Lounge/Rock" Kind="MP3 File" Size="8384267" TotalTime="186" DiscNumber="1" TrackNumber="8" Year="2016" AverageBpm="104.01" DateAdded="2024-06-30" BitRate="320" SampleRate="44100" Comments="7A - 7" PlayCount="0" Rating="0" Location="file://localhost/Users/zachvp/Music/DJ/All%20That%20Remains%20-%2008.%20Become%20The%20Catalyst.mp3" Remixer="" Tonality="7A" Label="" Mix="">
      <TEMPO Inizio="0.426" Bpm="104.01" Metro="4/4" Battito="3" />
    </TRACK>
    <TRACK TrackID="211598077" Name="Empty Inside" Artist="All That Remains" Composer="" Album="The Fall Of Ideals" Grouping="" Genre="Lounge/Rock" Kind="MP3 File" Size="9016961" TotalTime="202" DiscNumber="1" TrackNumber="10" Year="2016" AverageBpm="102.76" DateAdded="2024-06-30" BitRate="320" SampleRate="44100" Comments="7A - 7" PlayCount="0" Rating="0" Location="file://localhost/Users/zachvp/Music/DJ/All%20That%20Remains%20-%2010.%20Empty%20Inside.mp3" Remixer="" Tonality="7A" Label="" Mix="">
      <TEMPO Inizio="0.443" Bpm="102.76" Metro="4/4" Battito="1" />
    </TRACK>
    <TRACK TrackID="158397232" Name="We Stand" Artist="All That Remains" Composer="" Album="The Fall Of Ideals" Grouping="" Genre="Lounge/Rock" Kind="MP3 File" Size="10007372" TotalTime="227" DiscNumber="1" TrackNumber="4" Year="2016" AverageBpm="176.00" DateAdded="2024-06-30" BitRate="320" SampleRate="44100" Comments="6A - 7" PlayCount="0" Rating="0" Location="file://localhost/Users/zachvp/Music/DJ/All%20That%20Remains%20-%2004.%20We%20Stand.mp3" Remixer="" Tonality="6A" Label="" Mix="">
      <TEMPO Inizio="0.216" Bpm="176.00" Metro="4/4" Battito="1" />
    </TRACK>
    <TRACK TrackID="161889317" Name="Indictment" Artist="All That Remains" Composer="" Album="The Fall Of Ideals" Grouping="" Genre="Lounge/Rock" Kind="MP3 File" Size="9819101" TotalTime="222" DiscNumber="1" TrackNumber="11" Year="2016" AverageBpm="100.18" DateAdded="2024-06-30" BitRate="320" SampleRate="44100" Comments="7A - 7" PlayCount="0" Rating="0" Location="file://localhost/Users/zachvp/Music/DJ/All%20That%20Remains%20-%2011.%20Indictment.mp3" Remixer="" Tonality="7A" Label="" Mix="">
      <TEMPO Inizio="0.255" Bpm="100.18" Metro="4/4" Battito="1" />
    </TRACK>
    <TRACK TrackID="261199543" Name="Sabotage Explicit" Artist="Beastie Boys" Composer="" Album="Ill Communication" Grouping="" Genre="Lounge/Rock" Kind="MP3 File" Size="7294224" TotalTime="178" DiscNumber="1" TrackNumber="6" Year="1994" AverageBpm="83.65" DateAdded="2024-06-30" BitRate="320" SampleRate="44100" Comments="1A - 4" PlayCount="1" Rating="0" Location="file://localhost/Users/zachvp/Music/DJ/Beastie%20Boys%20-%2006.%20Sabotage%20(Explicit).mp3" Remixer="" Tonality="1A" Label="" Mix="">
      <TEMPO Inizio="0.318" Bpm="83.65" Metro="4/4" Battito="1" />
      <TEMPO Inizio="1.036" Bpm="83.65" Metro="4/4" Battito="2" />
      <TEMPO Inizio="25.422" Bpm="83.65" Metro="4/4" Battito="4" />
      <TEMPO Inizio="49.808" Bpm="83.65" Metro="4/4" Battito="2" />
      <TEMPO Inizio="73.477" Bpm="83.65" Metro="4/4" Battito="3" />
      <TEMPO Inizio="92.125" Bpm="83.65" Metro="4/4" Battito="1" />
      <TEMPO Inizio="115.794" Bpm="83.65" Metro="4/4" Battito="2" />
      <TEMPO Inizio="131.573" Bpm="83.65" Metro="4/4" Battito="4" />
      <TEMPO Inizio="155.959" Bpm="83.65" Metro="4/4" Battito="2" />
    </TRACK>
    <TRACK TrackID="99235002" Name="This Calling" Artist="All That Remains" Composer="" Album="The Fall Of Ideals" Grouping="" Genre="Lounge/Rock" Kind="MP3 File" Size="9657688" TotalTime="218" DiscNumber="1" TrackNumber="1" Year="2016" AverageBpm="108.00" DateAdded="2024-06-30" BitRate="320" SampleRate="44100" Comments="7A - 7" PlayCount="0" Rating="0" Location="file://localhost/Users/zachvp/Music/DJ/All%20That%20Remains%20-%2001.%20This%20Calling.mp3" Remixer="" Tonality="7A" Label="" Mix="">
      <TEMPO Inizio="0.436" Bpm="108.00" Metro="4/4" Battito="1" />
    </TRACK>
    <TRACK TrackID="59110061" Name="Annihilation" Artist="Fit For A King" Composer="" Album="The Path" Grouping="" Genre="Lounge/Rock" Kind="MP3 File" Size="7697703" TotalTime="190" DiscNumber="1" TrackNumber="3" Year="2020" AverageBpm="91.00" DateAdded="2024-06-30" BitRate="320" SampleRate="44100" Comments="5A - 7" PlayCount="0" Rating="0" Location="file://localhost/Users/zachvp/Music/DJ/Fit%20For%20A%20King%20-%2003.%20Annihilation.mp3" Remixer="" Tonality="5A" Label="" Mix="">
      <TEMPO Inizio="0.031" Bpm="91.00" Metro="4/4" Battito="3" />
      <TEMPO Inizio="95.636" Bpm="91.00" Metro="4/4" Battito="4" />
    </TRACK>
    <TRACK TrackID="81464094" Name="NONE OF US ASKED TO BE HERE [Explicit]" Artist="The Acacia Strain" Composer="Devin Shidaker" Album="Step Into The Light [Explicit]" Grouping="" Genre="Lounge/Rock" Kind="MP3 File" Size="6422174" TotalTime="196" DiscNumber="1" TrackNumber="10" Year="2023" AverageBpm="90.82" DateAdded="2024-06-30" BitRate="256" SampleRate="44100" Comments="3A - 7" PlayCount="1" Rating="0" Location="file://localhost/Users/zachvp/Music/DJ/10%20-%20NONE%20OF%20US%20ASKED%20TO%20BE%20HERE%20%5bExplicit%5d.mp3" Remixer="" Tonality="3A" Label="" Mix="">
      <TEMPO Inizio="0.444" Bpm="90.82" Metro="4/4" Battito="3" />
    </TRACK>
    <TRACK TrackID="172692190" Name="Prophet" Artist="Fit For A King" Composer="" Album="The Path" Grouping="" Genre="Lounge/Rock" Kind="MP3 File" Size="10371592" TotalTime="257" DiscNumber="1" TrackNumber="5" Year="2020" AverageBpm="97.50" DateAdded="2024-06-30" BitRate="320" SampleRate="44100" Comments="8A - 7" PlayCount="0" Rating="0" Location="file://localhost/Users/zachvp/Music/DJ/Fit%20For%20A%20King%20-%2005.%20Prophet.mp3" Remixer="" Tonality="8A" Label="" Mix="">
      <TEMPO Inizio="0.492" Bpm="97.50" Metro="4/4" Battito="1" />
      <TEMPO Inizio="22.031" Bpm="97.50" Metro="4/4" Battito="4" />
      <TEMPO Inizio="75.570" Bpm="97.50" Metro="4/4" Battito="3" />
      <TEMPO Inizio="113.109" Bpm="97.50" Metro="4/4" Battito="4" />
      <TEMPO Inizio="158.648" Bpm="97.50" Metro="4/4" Battito="2" />
      <TEMPO Inizio="196.187" Bpm="97.50" Metro="4/4" Battito="3" />
      <TEMPO Inizio="241.726" Bpm="97.50" Metro="4/4" Battito="1" />
    </TRACK>
    <TRACK TrackID="133860745" Name="Locked (In My Head)" Artist="Fit For A King" Composer="" Album="The Path" Grouping="" Genre="Lounge/Rock" Kind="MP3 File" Size="7516943" TotalTime="186" DiscNumber="1" TrackNumber="6" Year="2020" AverageBpm="175.00" DateAdded="2024-06-30" BitRate="320" SampleRate="44100" Comments="7A - 7" PlayCount="0" Rating="0" Location="file://localhost/Users/zachvp/Music/DJ/Fit%20For%20A%20King%20-%2006.%20Locked%20(In%20My%20Head).mp3" Remixer="" Tonality="7A" Label="" Mix="">
      <TEMPO Inizio="0.034" Bpm="175.00" Metro="4/4" Battito="1" />
    </TRACK>
    <TRACK TrackID="130877053" Name="No Pain No Gain (feat. Craig Golias, Angel Vivaldi)" Artist="Austrian Death Machine" Composer="" Album="Quad Brutal" Grouping="" Genre="Lounge/Rock" Kind="MP3 File" Size="9981740" TotalTime="246" DiscNumber="1" TrackNumber="1" Year="2024" AverageBpm="102.50" DateAdded="2024-06-30" BitRate="320" SampleRate="44100" Comments="3A - 7" PlayCount="1" Rating="0" Location="file://localhost/Users/zachvp/Music/DJ/Austrian%20Death%20Machine%20-%2001.%20No%20Pain%20No%20Gain%20(feat.%20Crai.mp3" Remixer="" Tonality="3A" Label="" Mix="">
      <TEMPO Inizio="0.474" Bpm="102.50" Metro="4/4" Battito="1" />
    </TRACK>
    <TRACK TrackID="202984328" Name="Vendetta" Artist="Fit For A King" Composer="" Album="The Path" Grouping="" Genre="Lounge/Rock" Kind="MP3 File" Size="7561863" TotalTime="187" DiscNumber="1" TrackNumber="10" Year="2020" AverageBpm="84.00" DateAdded="2024-06-30" BitRate="320" SampleRate="44100" Comments="4A - 7" PlayCount="0" Rating="0" Location="file://localhost/Users/zachvp/Music/DJ/Fit%20For%20A%20King%20-%2010.%20Vendetta.mp3" Remixer="" Tonality="4A" Label="" Mix="">
      <TEMPO Inizio="0.031" Bpm="84.00" Metro="4/4" Battito="1" />
    </TRACK>
    <TRACK TrackID="152172057" Name="Breaking the Mirror Acoustic" Artist="Fit For A King" Composer="" Album="The Path" Grouping="" Genre="Lounge/Rock" Kind="MP3 File" Size="9553459" TotalTime="236" DiscNumber="1" TrackNumber="11" Year="2020" AverageBpm="158.00" DateAdded="2024-06-30" BitRate="320" SampleRate="44100" Comments="3A - 5" PlayCount="0" Rating="0" Location="file://localhost/Users/zachvp/Music/DJ/Fit%20For%20A%20King%20-%2011.%20Breaking%20the%20Mirror%20(Acoustic).mp3" Remixer="" Tonality="3A" Label="" Mix="">
      <TEMPO Inizio="0.310" Bpm="158.00" Metro="4/4" Battito="1" />
    </TRACK>
    <TRACK TrackID="69843038" Name="God of Fire" Artist="Fit For A King" Composer="" Album="The Path" Grouping="" Genre="Lounge/Rock" Kind="MP3 File" Size="8503318" TotalTime="210" DiscNumber="1" TrackNumber="7" Year="2020" AverageBpm="129.99" DateAdded="2024-06-30" BitRate="320" SampleRate="44100" Comments="4A - 7" PlayCount="0" Rating="0" Location="file://localhost/Users/zachvp/Music/DJ/Fit%20For%20A%20King%20-%2007.%20God%20of%20Fire.mp3" Remixer="" Tonality="4A" Label="" Mix="">
      <TEMPO Inizio="0.257" Bpm="129.99" Metro="4/4" Battito="1" />
    </TRACK>
    <TRACK TrackID="124353110" Name="Breaking the Mirror" Artist="Fit For A King" Composer="" Album="The Path" Grouping="" Genre="Lounge/Rock" Kind="MP3 File" Size="8644388" TotalTime="214" DiscNumber="1" TrackNumber="2" Year="2020" AverageBpm="93.17" DateAdded="2024-06-30" BitRate="320" SampleRate="44100" Comments="5A - 7" PlayCount="1" Rating="0" Location="file://localhost/Users/zachvp/Music/DJ/Fit%20For%20A%20King%20-%2002.%20Breaking%20the%20Mirror.mp3" Remixer="" Tonality="5A" Label="" Mix="">
      <TEMPO Inizio="0.246" Bpm="93.17" Metro="4/4" Battito="1" />
      <TEMPO Inizio="16.991" Bpm="93.17" Metro="4/4" Battito="3" />
      <TEMPO Inizio="80.748" Bpm="93.17" Metro="4/4" Battito="2" />
      <TEMPO Inizio="144.505" Bpm="93.17" Metro="4/4" Battito="1" />
      <TEMPO Inizio="208.262" Bpm="93.17" Metro="4/4" Battito="4" />
    </TRACK>
    <TRACK TrackID="42925267" Name="Stockholm" Artist="Fit For A King" Composer="" Album="The Path" Grouping="" Genre="Lounge/Rock" Kind="MP3 File" Size="6087512" TotalTime="150" DiscNumber="1" TrackNumber="8" Year="2020" AverageBpm="97.50" DateAdded="2024-06-30" BitRate="320" SampleRate="44100" Comments="4A - 7" PlayCount="0" Rating="0" Location="file://localhost/Users/zachvp/Music/DJ/Fit%20For%20A%20King%20-%2008.%20Stockholm.mp3" Remixer="" Tonality="4A" Label="" Mix="">
      <TEMPO Inizio="0.492" Bpm="97.50" Metro="4/4" Battito="1" />
      <TEMPO Inizio="1.108" Bpm="97.50" Metro="4/4" Battito="2" />
    </TRACK>
    <TRACK TrackID="229518741" Name="The Path" Artist="Fit For A King" Composer="" Album="The Path" Grouping="" Genre="Lounge/Rock" Kind="MP3 File" Size="9966173" TotalTime="247" DiscNumber="1" TrackNumber="4" Year="2020" AverageBpm="115.73" DateAdded="2024-06-30" BitRate="320" SampleRate="44100" Comments="5A - 7" PlayCount="0" Rating="0" Location="file://localhost/Users/zachvp/Music/DJ/Fit%20For%20A%20King%20-%2004.%20The%20Path.mp3" Remixer="" Tonality="5A" Label="" Mix="">
      <TEMPO Inizio="0.328" Bpm="115.73" Metro="4/4" Battito="3" />
      <TEMPO Inizio="0.847" Bpm="115.73" Metro="4/4" Battito="4" />
      <TEMPO Inizio="16.401" Bpm="115.73" Metro="4/4" Battito="2" />
      <TEMPO Inizio="66.691" Bpm="115.73" Metro="4/4" Battito="3" />
      <TEMPO Inizio="112.315" Bpm="115.73" Metro="4/4" Battito="3" />
      <TEMPO Inizio="167.271" Bpm="115.73" Metro="4/4" Battito="1" />
      <TEMPO Inizio="212.895" Bpm="115.73" Metro="4/4" Battito="1" />
    </TRACK>
    <TRACK TrackID="225935589" Name="The Face of Hate" Artist="Fit For A King" Composer="" Album="The Path" Grouping="" Genre="Lounge/Rock" Kind="MP3 File" Size="8923372" TotalTime="221" DiscNumber="1" TrackNumber="1" Year="2020" AverageBpm="158.00" DateAdded="2024-06-30" BitRate="320" SampleRate="44100" Comments="4A - 7" PlayCount="0" Rating="0" Location="file://localhost/Users/zachvp/Music/DJ/Fit%20For%20A%20King%20-%2001.%20The%20Face%20of%20Hate.mp3" Remixer="" Tonality="4A" Label="" Mix="">
      <TEMPO Inizio="0.221" Bpm="158.00" Metro="4/4" Battito="1" />
    </TRACK>
    <TRACK TrackID="268339781" Name="Louder Voice" Artist="Fit For A King" Composer="" Album="The Path" Grouping="" Genre="Lounge/Rock" Kind="MP3 File" Size="10942111" TotalTime="271" DiscNumber="1" TrackNumber="9" Year="2020" AverageBpm="142.87" DateAdded="2024-06-30" BitRate="320" SampleRate="44100" Comments="11A - 7" PlayCount="0" Rating="0" Location="file://localhost/Users/zachvp/Music/DJ/Fit%20For%20A%20King%20-%2009.%20Louder%20Voice.mp3" Remixer="" Tonality="11A" Label="" Mix="">
      <TEMPO Inizio="0.208" Bpm="142.87" Metro="4/4" Battito="1" />
      <TEMPO Inizio="94.701" Bpm="142.87" Metro="4/4" Battito="2" />
      <TEMPO Inizio="172.395" Bpm="142.87" Metro="4/4" Battito="3" />
    </TRACK>
    <TRACK TrackID="150460572" Name="Sucks 2 Suck Explicit" Artist="Alpha Wolf" Composer="" Album="Half Living Things" Grouping="" Genre="Lounge/Rock" Kind="MP3 File" Size="9535374" TotalTime="233" DiscNumber="1" TrackNumber="4" Year="2024" AverageBpm="100.00" DateAdded="2024-06-30" BitRate="320" SampleRate="44100" Comments="3A - 7" PlayCount="1" Rating="0" Location="file://localhost/Users/zachvp/Music/DJ/Alpha%20Wolf%20-%2004.%20Sucks%202%20Suck%20(Explicit).mp3" Remixer="" Tonality="3A" Label="" Mix="">
      <TEMPO Inizio="0.031" Bpm="100.00" Metro="4/4" Battito="1" />
      <TEMPO Inizio="22.830" Bpm="100.00" Metro="4/4" Battito="3" />
      <TEMPO Inizio="93.029" Bpm="100.00" Metro="4/4" Battito="4" />
      <TEMPO Inizio="163.228" Bpm="100.00" Metro="4/4" Battito="1" />
    </TRACK>
    <TRACK TrackID="17629219" Name="bioshock - time was..." Artist="Bioshock" Composer="" Album="" Grouping="" Genre="Samples" Kind="MP3 File" Size="194350" TotalTime="4" DiscNumber="0" TrackNumber="0" Year="0" AverageBpm="0.00" DateAdded="2024-07-17" BitRate="320" SampleRate="44100" Comments="11A - 3" PlayCount="1" Rating="0" Location="file://localhost/Users/zachvp/Music/DJ/_samples/bioshock/bioshock%20-%20time%20was....mp3" Remixer="" Tonality="11A" Label="" Mix="" />
    <TRACK TrackID="158974718" Name="bioshock - the artist has a duty" Artist="Bioshock" Composer="" Album="" Grouping="" Genre="Samples" Kind="MP3 File" Size="241370" TotalTime="6" DiscNumber="0" TrackNumber="0" Year="0" AverageBpm="0.00" DateAdded="2024-07-17" BitRate="320" SampleRate="44100" Comments="2A - 3" PlayCount="1" Rating="0" Location="file://localhost/Users/zachvp/Music/DJ/_samples/bioshock/bioshock%20-%20the%20artist%20has%20a%20duty.mp3" Remixer="" Tonality="2A" Label="" Mix="" />
    <TRACK TrackID="178540236" Name="deditated wam" Artist="" Composer="" Album="" Grouping="" Genre="Samples" Kind="MP3 File" Size="352129" TotalTime="8" DiscNumber="0" TrackNumber="0" Year="0" AverageBpm="0.00" DateAdded="2024-07-17" BitRate="320" SampleRate="44100" Comments="3A - 2" PlayCount="0" Rating="0" Location="file://localhost/Users/zachvp/Music/DJ/_samples/misc/deditated%20wam.mp3" Remixer="" Tonality="3A" Label="" Mix="" />
    <TRACK TrackID="198260124" Name="bloodborne-beasts all over the shop" Artist="" Composer="" Album="" Grouping="" Genre="Samples" Kind="MP3 File" Size="353174" TotalTime="8" DiscNumber="0" TrackNumber="0" Year="0" AverageBpm="0.00" DateAdded="2024-07-17" BitRate="320" SampleRate="44100" Comments="7A - 3" PlayCount="0" Rating="0" Location="file://localhost/Users/zachvp/Music/DJ/_samples/misc/bloodborne-beasts%20all%20over%20the%20shop.mp3" Remixer="" Tonality="7A" Label="" Mix="" />
    <TRACK TrackID="225349099" Name="Time To Dance" Artist="The Shoes" Composer="" Album="Time to Dance" Grouping="" Genre="Lounge/Indie" Kind="AIFF File" Size="34801182" TotalTime="196" DiscNumber="0" TrackNumber="2" Year="2012" AverageBpm="144.00" DateAdded="2024-07-28" BitRate="1411" SampleRate="44100" Comments="11B - 8" PlayCount="0" Rating="0" Location="file://localhost/Users/zachvp/Music/DJ/02-The_Shoes_-_Time_To_Dance.aif" Remixer="" Tonality="11B" Label="Southern Fried" Mix="">
      <TEMPO Inizio="0.050" Bpm="144.00" Metro="4/4" Battito="1" />
    </TRACK>
    <TRACK TrackID="209027686" Name="Toxic" Artist="Britney Spears" Composer="Pontus Winnberg" Album="In The Zone" Grouping="" Genre="Lounge/Pop" Kind="MP3 File" Size="6705273" TotalTime="198" DiscNumber="1" TrackNumber="6" Year="2003" AverageBpm="143.00" DateAdded="2024-07-28" BitRate="32" SampleRate="44100" Comments="5A - 7" PlayCount="4" Rating="0" Location="file://localhost/Users/zachvp/Music/DJ/06%20-%20Toxic.mp3" Remixer="" Tonality="5A" Label="" Mix="">
      <TEMPO Inizio="0.238" Bpm="143.00" Metro="4/4" Battito="1" />
      <POSITION_MARK Name="" Type="4" Start="1.933" End="3.611" Num="-1" />
      <POSITION_MARK Name="" Type="0" Start="141.234" Num="-1" />
      <POSITION_MARK Name="" Type="0" Start="0.255" Num="-1" />
    </TRACK>
    <TRACK TrackID="22875214" Name="Valerie (Version Revisited)" Artist="Mark Ronson feat. Amy Winehouse" Composer="Sean Payne" Album="Version [Explicit]" Grouping="" Genre="Lounge/" Kind="MP3 File" Size="6778863" TotalTime="219" DiscNumber="1" TrackNumber="5" Year="2007" AverageBpm="105.81" DateAdded="2024-07-28" BitRate="320" SampleRate="44100" Comments="5A - 7" PlayCount="3" Rating="0" Location="file://localhost/Users/zachvp/Music/DJ/05%20-%20Valerie%20(Version%20Revisited).mp3" Remixer="" Tonality="5A" Label="" Mix="">
      <TEMPO Inizio="0.482" Bpm="105.81" Metro="4/4" Battito="3" />
      <TEMPO Inizio="2.751" Bpm="105.81" Metro="4/4" Battito="3" />
      <TEMPO Inizio="122.965" Bpm="105.81" Metro="4/4" Battito="3" />
      <TEMPO Inizio="123.533" Bpm="105.81" Metro="4/4" Battito="4" />
      <POSITION_MARK Name="" Type="0" Start="3.295" Num="-1" />
    </TRACK>
    <TRACK TrackID="216686533" Name="Electric" Artist="Go Back To The Zoo" Composer="" Album="Benny Blisto" Grouping="" Genre="Lounge/Rock" Kind="MP3 File" Size="6433172" TotalTime="188" DiscNumber="1" TrackNumber="1" Year="2010" AverageBpm="128.00" DateAdded="2024-07-28" BitRate="32" SampleRate="44100" Comments="12A - 7" PlayCount="0" Rating="0" Location="file://localhost/Users/zachvp/Music/DJ/01%20-%20Electric.mp3" Remixer="" Tonality="12A" Label="" Mix="">
      <TEMPO Inizio="0.445" Bpm="128.00" Metro="4/4" Battito="4" />
    </TRACK>
    <TRACK TrackID="239683714" Name="Sunlight" Artist="Bag Raiders" Composer="" Album="Bag Raiders" Grouping="" Genre="House/Tech/Indie/" Kind="MP3 File" Size="9890775" TotalTime="243" DiscNumber="1" TrackNumber="2" Year="2011" AverageBpm="125.15" DateAdded="2024-07-28" BitRate="320" SampleRate="44100" Comments="10A - 8" PlayCount="2" Rating="0" Location="file://localhost/Users/zachvp/Music/DJ/Bag%20Raiders%20-%2002.%20Sunlight.mp3" Remixer="" Tonality="10A" Label="" Mix="">
      <TEMPO Inizio="0.188" Bpm="125.15" Metro="4/4" Battito="1" />
      <TEMPO Inizio="98.469" Bpm="125.15" Metro="4/4" Battito="2" />
      <TEMPO Inizio="184.285" Bpm="125.15" Metro="4/4" Battito="1" />
      <POSITION_MARK Name="" Type="0" Start="148.041" Num="-1" />
      <POSITION_MARK Name="" Type="0" Start="2.114" Num="-1" />
      <POSITION_MARK Name="" Type="0" Start="17.434" Num="-1" />
      <POSITION_MARK Name="" Type="0" Start="194.126" Num="-1" />
    </TRACK>
    <TRACK TrackID="259250983" Name="We No Speak Americano" Artist="Yolanda Be Cool, Dcup" Composer="" Album="We No Speak Americano" Grouping="" Genre="House/Tech/Indie/" Kind="MP3 File" Size="8878308" TotalTime="269" DiscNumber="1" TrackNumber="6" Year="2020" AverageBpm="125.00" DateAdded="2024-07-28" BitRate="256" SampleRate="44100" Comments="3A - 5" PlayCount="0" Rating="0" Location="file://localhost/Users/zachvp/Music/DJ/06%20-%20We%20No%20Speak%20Americano.mp3" Remixer="" Tonality="3A" Label="" Mix="">
      <TEMPO Inizio="0.094" Bpm="125.00" Metro="4/4" Battito="1" />
      <TEMPO Inizio="111.935" Bpm="125.00" Metro="4/4" Battito="2" />
    </TRACK>
    <TRACK TrackID="168343470" Name="Crazy In Love [Clean]" Artist="Beyoncé" Composer="Beyoncé" Album="Dangerously In Love" Grouping="" Genre="Lounge/Indie" Kind="MP3 File" Size="7663827" TotalTime="236" DiscNumber="1" TrackNumber="1" Year="2003" AverageBpm="99.27" DateAdded="2024-07-28" BitRate="32" SampleRate="44100" Comments="7A - 8" PlayCount="14" Rating="0" Location="file://localhost/Users/zachvp/Music/DJ/01%20-%20Crazy%20In%20Love.mp3" Remixer="" Tonality="7A" Label="" Mix="">
      <TEMPO Inizio="0.291" Bpm="99.27" Metro="4/4" Battito="4" />
      <TEMPO Inizio="3.918" Bpm="99.27" Metro="4/4" Battito="2" />
      <TEMPO Inizio="14.798" Bpm="99.27" Metro="4/4" Battito="4" />
      <TEMPO Inizio="25.678" Bpm="99.27" Metro="4/4" Battito="2" />
      <TEMPO Inizio="36.558" Bpm="99.27" Metro="4/4" Battito="4" />
      <TEMPO Inizio="50.460" Bpm="99.27" Metro="4/4" Battito="3" />
      <TEMPO Inizio="61.340" Bpm="99.27" Metro="4/4" Battito="1" />
      <TEMPO Inizio="72.220" Bpm="99.27" Metro="4/4" Battito="3" />
      <TEMPO Inizio="86.122" Bpm="99.27" Metro="4/4" Battito="2" />
      <TEMPO Inizio="97.002" Bpm="99.27" Metro="4/4" Battito="4" />
      <TEMPO Inizio="110.904" Bpm="99.27" Metro="4/4" Battito="3" />
      <TEMPO Inizio="121.784" Bpm="99.27" Metro="4/4" Battito="1" />
      <TEMPO Inizio="132.664" Bpm="99.27" Metro="4/4" Battito="3" />
      <TEMPO Inizio="143.544" Bpm="99.27" Metro="4/4" Battito="1" />
      <TEMPO Inizio="154.424" Bpm="99.27" Metro="4/4" Battito="3" />
      <TEMPO Inizio="168.326" Bpm="99.27" Metro="4/4" Battito="2" />
      <TEMPO Inizio="179.206" Bpm="99.27" Metro="4/4" Battito="4" />
      <TEMPO Inizio="193.108" Bpm="99.27" Metro="4/4" Battito="3" />
      <TEMPO Inizio="203.988" Bpm="99.27" Metro="4/4" Battito="1" />
      <TEMPO Inizio="214.868" Bpm="99.27" Metro="4/4" Battito="3" />
      <TEMPO Inizio="225.748" Bpm="99.27" Metro="4/4" Battito="1" />
      <POSITION_MARK Name="" Type="0" Start="0.885" Num="-1" />
      <POSITION_MARK Name="" Type="0" Start="121.768" Num="-1" />
    </TRACK>
    <TRACK TrackID="236709281" Name="Billie (loving arms)" Artist="Fred again.." Composer="Billie Ray Martin" Album="Billie (loving arms)" Grouping="" Genre="House/Tech/Indie/" Kind="MP3 File" Size="7616138" TotalTime="217" DiscNumber="1" TrackNumber="1" Year="2021" AverageBpm="128.00" DateAdded="2024-07-28" BitRate="320" SampleRate="44100" Comments="6A - 7" PlayCount="3" Rating="0" Location="file://localhost/Users/zachvp/Music/DJ/01%20-%20Billie%20(loving%20arms).mp3" Remixer="" Tonality="6A" Label="" Mix="">
      <TEMPO Inizio="0.265" Bpm="128.00" Metro="4/4" Battito="4" />
      <POSITION_MARK Name="" Type="0" Start="0.738" Num="-1" />
      <POSITION_MARK Name="" Type="0" Start="13.854" Num="-1" />
      <POSITION_MARK Name="" Type="0" Start="173.236" Num="-1" />
    </TRACK>
    <TRACK TrackID="64111098" Name="Broken Vibes (Isoul8edit)" Artist="Taylor Mcferrin Feat. Vincent Parker" Composer="" Album="Broken Vibes ep" Grouping="" Genre="House/Deep/Tech/Dubby" Kind="MP3 File" Size="13969490" TotalTime="514" DiscNumber="1" TrackNumber="6" Year="2008" AverageBpm="125.00" DateAdded="2024-07-28" BitRate="0" SampleRate="44100" Comments="5A - 5" PlayCount="1" Rating="0" Location="file://localhost/Users/zachvp/Music/DJ/06%20-%20Broken%20Vibes%20(Isoul8edit).mp3" Remixer="" Tonality="5A" Label="" Mix="">
      <TEMPO Inizio="0.443" Bpm="125.00" Metro="4/4" Battito="1" />
      <TEMPO Inizio="62.844" Bpm="125.00" Metro="4/4" Battito="3" />
      <POSITION_MARK Name="" Type="0" Start="0.448" Num="-1" />
      <POSITION_MARK Name="" Type="0" Start="77.248" Num="-1" />
    </TRACK>
    <TRACK TrackID="225160505" Name="Baby I'm Yours (feat. Irfane)" Artist="Breakbot feat. Irfane" Composer="Breakbot" Album="Baby I'm Yours" Grouping="" Genre="Lounge/Indie" Kind="MP3 File" Size="7493181" TotalTime="215" DiscNumber="1" TrackNumber="1" Year="2010" AverageBpm="117.98" DateAdded="2024-07-28" BitRate="192" SampleRate="44100" Comments="7A - 7" PlayCount="2" Rating="0" Location="file://localhost/Users/zachvp/Music/DJ/01%20-%20Baby%20I%27m%20Yours%20(feat.%20Irfane).mp3" Remixer="" Tonality="7A" Label="" Mix="">
      <TEMPO Inizio="0.197" Bpm="117.98" Metro="4/4" Battito="1" />
      <POSITION_MARK Name="" Type="0" Start="1.832" Num="-1" />
      <POSITION_MARK Name="" Type="0" Start="177.179" Num="-1" />
    </TRACK>
    <TRACK TrackID="234315760" Name="Shout, Pts. 1 &amp; 2" Artist="The Isley Brothers" Composer="O'Kelly Isley" Album="Shout!" Grouping="" Genre="Lounge/Pop" Kind="MP3 File" Size="9993835" TotalTime="272" DiscNumber="1" TrackNumber="11" Year="2015" AverageBpm="139.32" DateAdded="2024-07-28" BitRate="224" SampleRate="44100" Comments="7B - 6" PlayCount="3" Rating="0" Location="file://localhost/Users/zachvp/Music/DJ/11%20-%20Shout,%20Pts.%201%20%26%202.mp3" Remixer="" Tonality="7B" Label="" Mix="">
      <TEMPO Inizio="0.385" Bpm="139.32" Metro="4/4" Battito="1" />
      <POSITION_MARK Name="" Type="0" Start="0.000" Num="-1" />
    </TRACK>
    <TRACK TrackID="204561805" Name="Let's Get it Started Intro" Artist="Black Eyed Peas" Composer="" Album="" Grouping="" Genre="Samples" Kind="MP3 File" Size="414896" TotalTime="10" DiscNumber="0" TrackNumber="0" Year="0" AverageBpm="100.00" DateAdded="2024-07-29" BitRate="320" SampleRate="44100" Comments="2A - 4" PlayCount="3" Rating="0" Location="file://localhost/Users/zachvp/Music/DJ/_samples/misc/let%27s%20get%20it%20started.mp3" Remixer="" Tonality="2A" Label="" Mix="">
      <TEMPO Inizio="0.000" Bpm="100.00" Metro="4/4" Battito="1" />
      <POSITION_MARK Name="" Type="0" Start="0.095" Num="-1" />
    </TRACK>
    <TRACK TrackID="77497671" Name="Unwritten" Artist="Natasha Bedingfield" Composer="Natasha Bedingfield" Album="Unwritten" Grouping="" Genre="Lounge/Indie" Kind="MP3 File" Size="8695179" TotalTime="259" DiscNumber="1" TrackNumber="4" Year="2004" AverageBpm="100.00" DateAdded="2024-08-01" BitRate="256" SampleRate="44100" Comments="7B - 6" PlayCount="1" Rating="0" Location="file://localhost/Users/zachvp/Music/DJ/04%20-%20Unwritten.mp3" Remixer="" Tonality="7B" Label="" Mix="">
      <TEMPO Inizio="0.552" Bpm="100.00" Metro="4/4" Battito="3" />
      <TEMPO Inizio="10.753" Bpm="100.00" Metro="4/4" Battito="4" />
      <TEMPO Inizio="52.754" Bpm="100.00" Metro="4/4" Battito="2" />
      <TEMPO Inizio="95.355" Bpm="100.00" Metro="4/4" Battito="1" />
      <TEMPO Inizio="137.356" Bpm="100.00" Metro="4/4" Battito="3" />
      <TEMPO Inizio="179.957" Bpm="100.00" Metro="4/4" Battito="2" />
      <TEMPO Inizio="222.558" Bpm="100.00" Metro="4/4" Battito="1" />
    </TRACK>
    <TRACK TrackID="63531761" Name="Body Talk" Artist="Nectax" Composer="" Album="Body Talk EP" Grouping="" Genre="House/Tech/Breaks" Kind="AIFF File" Size="53589576" TotalTime="303" DiscNumber="0" TrackNumber="1" Year="2024" AverageBpm="160.00" DateAdded="2024-08-02" BitRate="1411" SampleRate="44100" Comments="7A - 6" PlayCount="2" Rating="0" Location="file://localhost/Users/zachvp/Music/DJ/Nectax%20-%20Body%20Talk.aiff" Remixer="" Tonality="7A" Label="" Mix="">
      <TEMPO Inizio="0.007" Bpm="160.00" Metro="4/4" Battito="1" />
      <POSITION_MARK Name="" Type="0" Start="12.007" Num="-1" />
      <POSITION_MARK Name="" Type="0" Start="216.000" Num="-1" />
    </TRACK>
    <TRACK TrackID="50970892" Name="Unwritten (CV's Ethereal Club Remix) (Radio Edit)" Artist="Natasha Bedingfield / Charles Vaughan" Composer="" Album="Unwritten (CV's Ethereal Club Remix)" Grouping="" Genre="Lounge/Pop" Kind="AIFF File" Size="75636770" TotalTime="262" DiscNumber="0" TrackNumber="2" Year="2022" AverageBpm="109.00" DateAdded="2024-08-02" BitRate="2304" SampleRate="48000" Comments="7B - 7" PlayCount="0" Rating="0" Location="file://localhost/Users/zachvp/Music/DJ/Natasha%20Bedingfield%20-%20Charles%20Vaughan%20-%20Unwritten%20(CV%27s%20Ethereal%20Club%20Remix)%20-%2002%20Unwritten%20(CV%27s%20Ethereal%20Club%20Remix)%20(Radio%20Edit).aiff" Remixer="" Tonality="7B" Label="" Mix="">
      <TEMPO Inizio="0.135" Bpm="109.00" Metro="4/4" Battito="4" />
    </TRACK>
    <TRACK TrackID="130145811" Name="Unwritten (CV's Ethereal Club Remix)" Artist="Natasha Bedingfield / Charles Vaughan" Composer="" Album="Unwritten (CV's Ethereal Club Remix)" Grouping="" Genre="Lounge/Indie" Kind="AIFF File" Size="153594504" TotalTime="532" DiscNumber="0" TrackNumber="1" Year="2022" AverageBpm="109.00" DateAdded="2024-08-02" BitRate="2304" SampleRate="48000" Comments="7B - 6" PlayCount="2" Rating="0" Location="file://localhost/Users/zachvp/Music/DJ/Natasha%20Bedingfield%20-%20Charles%20Vaughan%20-%20Unwritten%20(CV%27s%20Ethereal%20Club%20Remix)%20-%2001%20Unwritten%20(CV%27s%20Ethereal%20Club%20Remix).aiff" Remixer="" Tonality="7B" Label="" Mix="">
      <TEMPO Inizio="0.309" Bpm="109.00" Metro="4/4" Battito="1" />
      <TEMPO Inizio="0.860" Bpm="109.00" Metro="4/4" Battito="2" />
      <TEMPO Inizio="26.180" Bpm="109.00" Metro="4/4" Battito="4" />
      <TEMPO Inizio="50.399" Bpm="109.00" Metro="4/4" Battito="4" />
      <TEMPO Inizio="75.719" Bpm="109.00" Metro="4/4" Battito="2" />
      <TEMPO Inizio="101.039" Bpm="109.00" Metro="4/4" Battito="4" />
      <TEMPO Inizio="126.359" Bpm="109.00" Metro="4/4" Battito="2" />
      <TEMPO Inizio="151.679" Bpm="109.00" Metro="4/4" Battito="4" />
      <TEMPO Inizio="176.999" Bpm="109.00" Metro="4/4" Battito="2" />
      <TEMPO Inizio="202.319" Bpm="109.00" Metro="4/4" Battito="4" />
      <TEMPO Inizio="227.639" Bpm="109.00" Metro="4/4" Battito="2" />
      <TEMPO Inizio="252.959" Bpm="109.00" Metro="4/4" Battito="4" />
      <TEMPO Inizio="278.279" Bpm="109.00" Metro="4/4" Battito="2" />
      <TEMPO Inizio="303.599" Bpm="109.00" Metro="4/4" Battito="4" />
      <TEMPO Inizio="328.919" Bpm="109.00" Metro="4/4" Battito="2" />
      <TEMPO Inizio="354.239" Bpm="109.00" Metro="4/4" Battito="4" />
      <TEMPO Inizio="379.559" Bpm="109.00" Metro="4/4" Battito="2" />
      <TEMPO Inizio="404.879" Bpm="109.00" Metro="4/4" Battito="4" />
      <TEMPO Inizio="430.199" Bpm="109.00" Metro="4/4" Battito="2" />
      <TEMPO Inizio="455.519" Bpm="109.00" Metro="4/4" Battito="4" />
      <TEMPO Inizio="480.839" Bpm="109.00" Metro="4/4" Battito="2" />
      <TEMPO Inizio="506.159" Bpm="109.00" Metro="4/4" Battito="4" />
      <TEMPO Inizio="531.479" Bpm="109.00" Metro="4/4" Battito="2" />
      <POSITION_MARK Name="" Type="0" Start="352.579" Num="-1" />
      <POSITION_MARK Name="" Type="0" Start="211.688" Num="-1" />
      <POSITION_MARK Name="" Type="0" Start="229.291" Num="-1" />
    </TRACK>
    <TRACK TrackID="174309171" Name="Dirty" Artist="Capyac" Composer="" Album="" Grouping="" Genre="House/Tech/Indie/Disco" Kind="AIFF File" Size="41052204" TotalTime="232" DiscNumber="0" TrackNumber="0" Year="2020" AverageBpm="124.00" DateAdded="2024-08-02" BitRate="1411" SampleRate="44100" Comments="9A - 7" PlayCount="1" Rating="0" Location="file://localhost/Users/zachvp/Music/DJ/Capyac%20-%20Dirty.aiff" Remixer="" Tonality="9A" Label="" Mix="">
      <TEMPO Inizio="0.141" Bpm="124.00" Metro="4/4" Battito="1" />
      <POSITION_MARK Name="" Type="0" Start="216.911" Num="-1" />
    </TRACK>
    <TRACK TrackID="481377" Name="So Far (Original Album Version) (Original Album Version)" Artist="Miguel Migs" Composer="" Album="So Far" Grouping="" Genre="House/Tech/Indie/" Kind="AIFF File" Size="49398248" TotalTime="278" DiscNumber="0" TrackNumber="4" Year="2007" AverageBpm="120.00" DateAdded="2022-09-27" BitRate="1411" SampleRate="44100" Comments="7B - 6" PlayCount="2" Rating="0" Location="file://localhost/Users/zachvp/Music/DJ/291379_So_Far_(Original_Album_Version)_(Original_Album_Version).aiff" Remixer="" Tonality="7B" Label="Salted Music" Mix="">
      <TEMPO Inizio="0.481" Bpm="120.00" Metro="4/4" Battito="1" />
      <TEMPO Inizio="5.480" Bpm="120.00" Metro="4/4" Battito="3" />
      <TEMPO Inizio="5.981" Bpm="120.00" Metro="4/4" Battito="4" />
      <TEMPO Inizio="6.480" Bpm="120.00" Metro="4/4" Battito="1" />
      <TEMPO Inizio="6.981" Bpm="120.00" Metro="4/4" Battito="2" />
      <TEMPO Inizio="7.480" Bpm="120.00" Metro="4/4" Battito="3" />
      <TEMPO Inizio="7.981" Bpm="120.00" Metro="4/4" Battito="4" />
      <TEMPO Inizio="8.480" Bpm="120.00" Metro="4/4" Battito="1" />
      <TEMPO Inizio="8.981" Bpm="120.00" Metro="4/4" Battito="2" />
      <TEMPO Inizio="9.480" Bpm="120.00" Metro="4/4" Battito="3" />
      <TEMPO Inizio="103.979" Bpm="120.00" Metro="4/4" Battito="4" />
      <TEMPO Inizio="104.480" Bpm="120.00" Metro="4/4" Battito="1" />
      <TEMPO Inizio="104.979" Bpm="120.00" Metro="4/4" Battito="2" />
      <TEMPO Inizio="105.480" Bpm="120.00" Metro="4/4" Battito="3" />
      <TEMPO Inizio="105.979" Bpm="120.00" Metro="4/4" Battito="4" />
      <TEMPO Inizio="106.480" Bpm="120.00" Metro="4/4" Battito="1" />
      <TEMPO Inizio="106.979" Bpm="120.00" Metro="4/4" Battito="2" />
      <TEMPO Inizio="107.480" Bpm="120.00" Metro="4/4" Battito="3" />
      <TEMPO Inizio="107.979" Bpm="120.00" Metro="4/4" Battito="4" />
      <TEMPO Inizio="197.978" Bpm="120.00" Metro="4/4" Battito="4" />
      <TEMPO Inizio="198.479" Bpm="120.00" Metro="4/4" Battito="1" />
      <TEMPO Inizio="198.978" Bpm="120.00" Metro="4/4" Battito="2" />
      <TEMPO Inizio="199.479" Bpm="120.00" Metro="4/4" Battito="3" />
      <TEMPO Inizio="199.978" Bpm="120.00" Metro="4/4" Battito="4" />
      <TEMPO Inizio="200.479" Bpm="120.00" Metro="4/4" Battito="1" />
      <TEMPO Inizio="200.978" Bpm="120.00" Metro="4/4" Battito="2" />
      <TEMPO Inizio="201.479" Bpm="120.00" Metro="4/4" Battito="3" />
      <TEMPO Inizio="201.978" Bpm="120.00" Metro="4/4" Battito="4" />
      <POSITION_MARK Name="" Type="0" Start="0.490" Num="-1" />
      <POSITION_MARK Name="" Type="0" Start="48.486" Num="-1" />
      <POSITION_MARK Name="" Type="0" Start="208.479" Num="-1" />
      <POSITION_MARK Name="" Type="0" Start="184.469" Num="-1" />
      <POSITION_MARK Name="" Type="0" Start="16.469" Num="-1" />
    </TRACK>
    <TRACK TrackID="24131158" Name="Edit - Intro" Artist="Disclosure" Composer="" Album="Settle" Grouping="" Genre="Samples" Kind="AIFF File" Size="10824832" TotalTime="61" DiscNumber="0" TrackNumber="1" Year="2014" AverageBpm="138.00" DateAdded="2023-10-26" BitRate="1411" SampleRate="44100" Comments="11A - 4" PlayCount="1" Rating="0" Location="file://localhost/Users/zachvp/Music/DJ/edit_intro_When_A_Fire_Starts_To_Burn_(Original_Mix).aiff" Remixer="" Tonality="11A" Label="Island Records" Mix="">
      <TEMPO Inizio="0.025" Bpm="138.00" Metro="4/4" Battito="3" />
    </TRACK>
    <TRACK TrackID="204064913" Name="RDMN (Original Mix)" Artist="Psyk" Composer="" Album="Distane EP" Grouping="" Genre="House/Techno/Sinister" Kind="AIFF File" Size="61524096" TotalTime="348" DiscNumber="0" TrackNumber="3" Year="2012" AverageBpm="128.00" DateAdded="2022-05-15" BitRate="1411" SampleRate="44100" Comments="4A - 5" PlayCount="3" Rating="0" Location="file://localhost/Users/zachvp/Music/DJ/3746633_RDMN_(Original_Mix).aiff" Remixer="" Tonality="4A" Label="Mote Evolver" Mix="">
      <TEMPO Inizio="0.071" Bpm="128.00" Metro="4/4" Battito="1" />
    </TRACK>
    <TRACK TrackID="226499614" Name="Bradley's Barn" Artist="Harvey Mandel" Composer="" Album="Cristo Redentor" Grouping="" Genre="Lounge/Acoustic" Kind="AIFF File" Size="35162504" TotalTime="198" DiscNumber="0" TrackNumber="3" Year="2017" AverageBpm="131.81" DateAdded="2022-05-15" BitRate="1411" SampleRate="44100" Comments="7A - 4" PlayCount="0" Rating="0" Location="file://localhost/Users/zachvp/Music/DJ/Harvey%20Mandel%20-%20Cristo%20Redentor%20-%2003%20Bradley%27s%20Barn.aiff" Remixer="" Tonality="7A" Label="" Mix="">
      <TEMPO Inizio="0.087" Bpm="131.81" Metro="4/4" Battito="3" />
      <TEMPO Inizio="12.378" Bpm="131.81" Metro="4/4" Battito="2" />
      <TEMPO Inizio="26.945" Bpm="131.81" Metro="4/4" Battito="2" />
      <TEMPO Inizio="41.512" Bpm="131.81" Metro="4/4" Battito="2" />
      <TEMPO Inizio="58.355" Bpm="131.81" Metro="4/4" Battito="3" />
      <TEMPO Inizio="75.198" Bpm="131.81" Metro="4/4" Battito="4" />
      <TEMPO Inizio="89.765" Bpm="131.81" Metro="4/4" Battito="4" />
      <TEMPO Inizio="106.608" Bpm="131.81" Metro="4/4" Battito="1" />
      <TEMPO Inizio="121.175" Bpm="131.81" Metro="4/4" Battito="1" />
      <TEMPO Inizio="135.742" Bpm="131.81" Metro="4/4" Battito="1" />
      <TEMPO Inizio="150.309" Bpm="131.81" Metro="4/4" Battito="1" />
      <TEMPO Inizio="167.152" Bpm="131.81" Metro="4/4" Battito="2" />
      <TEMPO Inizio="181.719" Bpm="131.81" Metro="4/4" Battito="2" />
    </TRACK>
    <TRACK TrackID="18615586" Name="Moon Blur" Artist="Guy Gerber" Composer="" Album="fabric 64: Guy Gerber" Grouping="" Genre="House/Deep/Tech/Spacey" Kind="AIFF File" Size="77039352" TotalTime="436" DiscNumber="0" TrackNumber="13" Year="0" AverageBpm="122.00" DateAdded="2021-03-07" BitRate="1411" SampleRate="44100" Comments="6A - 6" PlayCount="1" Rating="0" Location="file://localhost/Users/zachvp/Music/DJ/13%20Moon%20Blur.aiff" Remixer="" Tonality="6A" Label="" Mix="">
      <TEMPO Inizio="0.052" Bpm="122.00" Metro="4/4" Battito="1" />
    </TRACK>
    <TRACK TrackID="165725952" Name="Dart" Artist="MoMA Ready" Composer="" Album="Faith In Us" Grouping="" Genre="House/Deep/Tech/Spacey" Kind="AIFF File" Size="48469260" TotalTime="274" DiscNumber="0" TrackNumber="6" Year="2023" AverageBpm="140.00" DateAdded="2023-04-27" BitRate="1411" SampleRate="44100" Comments="4A - 5" PlayCount="1" Rating="0" Location="file://localhost/Users/zachvp/Music/DJ/MoMA%20Ready%20-%20Faith%20In%20Us%20-%2006%20Dart.aiff" Remixer="" Tonality="4A" Label="" Mix="">
      <TEMPO Inizio="0.002" Bpm="140.00" Metro="4/4" Battito="1" />
    </TRACK>
    <TRACK TrackID="215421356" Name="Ripples (Original Mix)" Artist="Francisco Allendes, Pablo Inzunza" Composer="" Album="Super 8" Grouping="" Genre="House/Tech/Groove" Kind="AIFF File" Size="77981340" TotalTime="441" DiscNumber="0" TrackNumber="3" Year="2017" AverageBpm="124.00" DateAdded="2020-03-21" BitRate="1411" SampleRate="44100" Comments="7A - 7" PlayCount="3" Rating="0" Location="file://localhost/Users/zachvp/Music/DJ/Francisco%20Allendes,%20Pablo%20Inzunza%20-%20Ripples.aiff" Remixer="" Tonality="7A" Label="Desolat" Mix="">
      <TEMPO Inizio="0.002" Bpm="124.00" Metro="4/4" Battito="1" />
    </TRACK>
    <TRACK TrackID="262422528" Name="Shooting Stars" Artist="Bag Raiders" Composer="" Album="IndieVerse Mixtape - Indietronica 2.0" Grouping="" Genre="House/Tech/Indie/" Kind="AIFF File" Size="41741418" TotalTime="235" DiscNumber="0" TrackNumber="10" Year="2014" AverageBpm="125.00" DateAdded="2022-08-20" BitRate="1411" SampleRate="44100" Comments="1B - 7" PlayCount="1" Rating="0" Location="file://localhost/Users/zachvp/Music/DJ/IndieVerse%20-%20IndieVerse%20Mixtape%20-%20Indietronica%202.0%20-%2010%20Shooting%20Stars%20by%20Bag%20Raiders.aiff" Remixer="" Tonality="1B" Label="" Mix="">
      <TEMPO Inizio="0.377" Bpm="125.00" Metro="4/4" Battito="3" />
      <TEMPO Inizio="9.978" Bpm="125.00" Metro="4/4" Battito="3" />
      <TEMPO Inizio="122.779" Bpm="125.00" Metro="4/4" Battito="2" />
      <TEMPO Inizio="235.580" Bpm="125.00" Metro="4/4" Battito="1" />
    </TRACK>
    <TRACK TrackID="17062928" Name="Quasar (Original Mix)" Artist="Janeret" Composer="" Album="Quasar" Grouping="" Genre="House/Deep/Tech/" Kind="AIFF File" Size="80025420" TotalTime="449" DiscNumber="0" TrackNumber="1" Year="2023" AverageBpm="125.00" DateAdded="2023-04-27" BitRate="1411" SampleRate="44100" Comments="7A - 6" PlayCount="1" Rating="0" Location="file://localhost/Users/zachvp/Music/DJ/17114425_Quasar_(Original_Mix).aiff" Remixer="" Tonality="7A" Label="Fuse London" Mix="">
      <TEMPO Inizio="0.109" Bpm="125.00" Metro="4/4" Battito="1" />
    </TRACK>
    <TRACK TrackID="265298305" Name="This Old House Is All I Have" Artist="Against All Logic" Composer="" Album="2012 - 2017" Grouping="" Genre="Lounge/" Kind="AIFF File" Size="38755428" TotalTime="218" DiscNumber="0" TrackNumber="1" Year="2018" AverageBpm="87.00" DateAdded="2022-03-22" BitRate="1411" SampleRate="44100" Comments="3A - 5" PlayCount="2" Rating="0" Location="file://localhost/Users/zachvp/Music/DJ/Against%20All%20Logic%20-%20This%20Old%20House%20Is%20All%20I%20Have.aiff" Remixer="" Tonality="3A" Label="" Mix="">
      <TEMPO Inizio="0.644" Bpm="87.00" Metro="4/4" Battito="1" />
    </TRACK>
    <TRACK TrackID="180045153" Name="Destroyer (Original Mix)" Artist="Sin Cos Tan" Composer="" Album="Destroyer EP" Grouping="" Genre="House/Deep/Melodic" Kind="AIFF File" Size="48064448" TotalTime="272" DiscNumber="0" TrackNumber="1" Year="2014" AverageBpm="122.00" DateAdded="2022-03-22" BitRate="1411" SampleRate="44100" Comments="10A - 4" PlayCount="0" Rating="0" Location="file://localhost/Users/zachvp/Music/DJ/5173785_Destroyer_Original_Mix.aiff" Remixer="" Tonality="10A" Label="My Favorite Robot Records" Mix="">
      <TEMPO Inizio="0.030" Bpm="122.00" Metro="4/4" Battito="1" />
    </TRACK>
    <TRACK TrackID="166238918" Name="Your Life (Original Mix)" Artist="Charles Webster" Composer="" Album="Form + Function" Grouping="" Genre="House/Deep/Tech/" Kind="AIFF File" Size="56581960" TotalTime="320" DiscNumber="0" TrackNumber="12" Year="2001" AverageBpm="121.12" DateAdded="2022-11-02" BitRate="1411" SampleRate="44100" Comments="12A - 6" PlayCount="2" Rating="0" Location="file://localhost/Users/zachvp/Music/DJ/11106032_Your_Life_(Original_Mix).aiff" Remixer="" Tonality="12A" Label="Hooj Choons" Mix="">
      <TEMPO Inizio="0.211" Bpm="121.12" Metro="4/4" Battito="1" />
      <TEMPO Inizio="35.877" Bpm="121.12" Metro="4/4" Battito="1" />
      <TEMPO Inizio="71.543" Bpm="121.12" Metro="4/4" Battito="1" />
      <TEMPO Inizio="113.649" Bpm="121.12" Metro="4/4" Battito="2" />
      <TEMPO Inizio="145.352" Bpm="121.12" Metro="4/4" Battito="2" />
      <TEMPO Inizio="181.018" Bpm="121.12" Metro="4/4" Battito="2" />
      <TEMPO Inizio="220.647" Bpm="121.12" Metro="4/4" Battito="2" />
      <TEMPO Inizio="260.276" Bpm="121.12" Metro="4/4" Battito="2" />
      <TEMPO Inizio="295.942" Bpm="121.12" Metro="4/4" Battito="2" />
      <POSITION_MARK Name="" Type="0" Start="0.242" Num="-1" />
    </TRACK>
    <TRACK TrackID="3480863" Name="Computer Madness (Original Mix)" Artist="Steve Poindexter" Composer="" Album="Computer Madness" Grouping="" Genre="House/Deep/Tech/Spacey" Kind="AIFF File" Size="44966342" TotalTime="254" DiscNumber="0" TrackNumber="1" Year="2007" AverageBpm="127.49" DateAdded="2020-03-21" BitRate="1411" SampleRate="44100" Comments="12A - 6" PlayCount="0" Rating="0" Location="file://localhost/Users/zachvp/Music/DJ/Steve%20Poindexter%20-%20Computer%20Madness%20(Origin.aiff" Remixer="" Tonality="12A" Label="Impact Mechanics" Mix="">
      <TEMPO Inizio="0.294" Bpm="127.49" Metro="4/4" Battito="1" />
    </TRACK>
    <TRACK TrackID="94160260" Name="Neon Cheap (Lauer Remix) (Edit)" Artist="Methyl Ethel" Composer="" Album="Ye Track" Grouping="" Genre="House/Tech/Indie/" Kind="AIFF File" Size="42386008" TotalTime="240" DiscNumber="0" TrackNumber="15" Year="2023" AverageBpm="118.00" DateAdded="2023-02-26" BitRate="1411" SampleRate="44100" Comments="12A - 6" PlayCount="1" Rating="0" Location="file://localhost/Users/zachvp/Music/DJ/17416789_Neon_Cheap_(Lauer_Remix)_(Edit).aiff" Remixer="" Tonality="12A" Label="Future Classic" Mix="">
      <TEMPO Inizio="0.052" Bpm="118.00" Metro="4/4" Battito="1" />
    </TRACK>
    <TRACK TrackID="86913618" Name="Bother" Artist="Les Sins" Composer="" Album="" Grouping="" Genre="Lounge/Indie" Kind="AIFF File" Size="39690268" TotalTime="224" DiscNumber="0" TrackNumber="0" Year="0" AverageBpm="125.00" DateAdded="2021-03-07" BitRate="1411" SampleRate="44100" Comments="2A - 6" PlayCount="2" Rating="0" Location="file://localhost/Users/zachvp/Music/DJ/5902259_Bother_(Original_Mix).aiff" Remixer="" Tonality="2A" Label="" Mix="">
      <TEMPO Inizio="0.054" Bpm="125.00" Metro="4/4" Battito="1" />
      <TEMPO Inizio="6.773" Bpm="125.00" Metro="4/4" Battito="3" />
      <TEMPO Inizio="54.772" Bpm="125.00" Metro="4/4" Battito="3" />
      <TEMPO Inizio="102.291" Bpm="125.00" Metro="4/4" Battito="2" />
      <TEMPO Inizio="150.290" Bpm="125.00" Metro="4/4" Battito="2" />
      <TEMPO Inizio="198.289" Bpm="125.00" Metro="4/4" Battito="2" />
      <POSITION_MARK Name="" Type="0" Start="0.014" Num="-1" />
      <POSITION_MARK Name="" Type="0" Start="203.625" Num="-1" />
    </TRACK>
    <TRACK TrackID="156625959" Name="Lost Tribe" Artist="Julius Brockington" Composer="" Album="The United Chair" Grouping="" Genre="Lounge/" Kind="AIFF File" Size="42101046" TotalTime="237" DiscNumber="0" TrackNumber="6" Year="2023" AverageBpm="121.59" DateAdded="2023-03-28" BitRate="1411" SampleRate="44100" Comments="5A - 4" PlayCount="1" Rating="0" Location="file://localhost/Users/zachvp/Music/DJ/Julius%20Brockington%20-%20Lost%20Tribe.aiff" Remixer="" Tonality="5A" Label="" Mix="">
      <TEMPO Inizio="0.377" Bpm="121.59" Metro="4/4" Battito="3" />
      <TEMPO Inizio="0.871" Bpm="121.59" Metro="4/4" Battito="4" />
      <TEMPO Inizio="45.775" Bpm="121.59" Metro="4/4" Battito="3" />
      <TEMPO Inizio="116.339" Bpm="121.59" Metro="4/4" Battito="2" />
      <TEMPO Inizio="193.318" Bpm="121.59" Metro="4/4" Battito="2" />
    </TRACK>
    <TRACK TrackID="244743881" Name="Arrested For Driving While Blind" Artist="ZZ Top" Composer="Hill/Beard" Album="Tejas" Grouping="" Genre="Lounge/Rock" Kind="MP3 File" Size="7536180" TotalTime="188" DiscNumber="1" TrackNumber="2" Year="1976" AverageBpm="139.15" DateAdded="2023-05-27" BitRate="320" SampleRate="44100" Comments="6A - 6" PlayCount="0" Rating="0" Location="file://localhost/Users/zachvp/Music/DJ/_parental%20jams/02%20Arrested%20For%20Driving%20While%20Blind.mp3" Remixer="" Tonality="6A" Label="" Mix="">
      <TEMPO Inizio="0.077" Bpm="139.15" Metro="4/4" Battito="3" />
      <TEMPO Inizio="79.846" Bpm="139.15" Metro="4/4" Battito="4" />
      <TEMPO Inizio="143.661" Bpm="139.15" Metro="4/4" Battito="4" />
    </TRACK>
    <TRACK TrackID="86745694" Name="Track 08" Artist="" Composer="" Album="" Grouping="" Genre="Lounge/Rock" Kind="MP3 File" Size="13563044" TotalTime="339" DiscNumber="0" TrackNumber="8" Year="0" AverageBpm="107.39" DateAdded="2023-05-27" BitRate="320" SampleRate="44100" Comments="9A - 5" PlayCount="1" Rating="0" Location="file://localhost/Users/zachvp/Music/DJ/_parental%20jams/08%20Track%2008.mp3" Remixer="" Tonality="9A" Label="" Mix="">
      <TEMPO Inizio="0.047" Bpm="107.39" Metro="4/4" Battito="3" />
    </TRACK>
    <TRACK TrackID="66354406" Name="Happiness (1978)" Artist="The Pointer Sisters" Composer="" Album="" Grouping="" Genre="Lounge/" Kind="AIFF File" Size="42306154" TotalTime="239" DiscNumber="0" TrackNumber="0" Year="2022" AverageBpm="106.13" DateAdded="2022-11-02" BitRate="1411" SampleRate="44100" Comments="9A - 7" PlayCount="6" Rating="0" Location="file://localhost/Users/zachvp/Music/DJ/FUNK-SONGS%20-%20THE%20POINTER%20SISTERS%20-%20happiness%20-1978.aiff" Remixer="" Tonality="9A" Label="" Mix="">
      <TEMPO Inizio="0.030" Bpm="106.13" Metro="4/4" Battito="4" />
      <TEMPO Inizio="7.380" Bpm="106.13" Metro="4/4" Battito="1" />
      <TEMPO Inizio="29.429" Bpm="106.13" Metro="4/4" Battito="4" />
      <TEMPO Inizio="51.478" Bpm="106.13" Metro="4/4" Battito="3" />
      <TEMPO Inizio="75.223" Bpm="106.13" Metro="4/4" Battito="1" />
      <TEMPO Inizio="97.272" Bpm="106.13" Metro="4/4" Battito="4" />
      <TEMPO Inizio="121.017" Bpm="106.13" Metro="4/4" Battito="2" />
      <TEMPO Inizio="143.066" Bpm="106.13" Metro="4/4" Battito="1" />
      <TEMPO Inizio="165.115" Bpm="106.13" Metro="4/4" Battito="4" />
      <TEMPO Inizio="188.860" Bpm="106.13" Metro="4/4" Battito="2" />
      <TEMPO Inizio="210.909" Bpm="106.13" Metro="4/4" Battito="1" />
      <TEMPO Inizio="234.654" Bpm="106.13" Metro="4/4" Battito="3" />
      <POSITION_MARK Name="" Type="0" Start="34.280" Num="-1" />
    </TRACK>
    <TRACK TrackID="179304053" Name="It Don't Mean a Thing (If It Ain't Got That Swing)" Artist="Joe Castro" Composer="" Album="Passion Flower - For Doris Duke" Grouping="" Genre="Lounge/" Kind="AIFF File" Size="45386124" TotalTime="171" DiscNumber="0" TrackNumber="1" Year="2020" AverageBpm="119.76" DateAdded="2024-08-04" BitRate="2116" SampleRate="44100" Comments="6A - 3" PlayCount="1" Rating="0" Location="file://localhost/Users/zachvp/Music/DJ/Joe%20Castro%20-%20Disc%201%20-%20Joe%20Castro%20Trios%201955-1956%20-%20The%20Artist%27s%20Choice%20-%20It%20Don%27t%20Mean%20a%20Thing%20(If%20It%20Ain%27t%20Got%20That%20Swing).aiff" Remixer="" Tonality="6A" Label="" Mix="">
      <TEMPO Inizio="0.223" Bpm="119.76" Metro="4/4" Battito="3" />
      <TEMPO Inizio="17.759" Bpm="119.76" Metro="4/4" Battito="2" />
      <TEMPO Inizio="18.259" Bpm="119.76" Metro="4/4" Battito="3" />
      <TEMPO Inizio="19.262" Bpm="119.76" Metro="4/4" Battito="1" />
      <TEMPO Inizio="48.822" Bpm="119.76" Metro="4/4" Battito="4" />
      <TEMPO Inizio="49.322" Bpm="119.76" Metro="4/4" Battito="1" />
      <TEMPO Inizio="49.824" Bpm="119.76" Metro="4/4" Battito="2" />
      <TEMPO Inizio="79.384" Bpm="119.76" Metro="4/4" Battito="1" />
      <TEMPO Inizio="79.884" Bpm="119.76" Metro="4/4" Battito="2" />
      <TEMPO Inizio="80.386" Bpm="119.76" Metro="4/4" Battito="3" />
      <TEMPO Inizio="109.946" Bpm="119.76" Metro="4/4" Battito="2" />
      <TEMPO Inizio="139.506" Bpm="119.76" Metro="4/4" Battito="1" />
      <TEMPO Inizio="140.006" Bpm="119.76" Metro="4/4" Battito="2" />
      <TEMPO Inizio="140.508" Bpm="119.76" Metro="4/4" Battito="3" />
      <TEMPO Inizio="170.068" Bpm="119.76" Metro="4/4" Battito="2" />
      <TEMPO Inizio="170.568" Bpm="119.76" Metro="4/4" Battito="3" />
      <TEMPO Inizio="171.070" Bpm="119.76" Metro="4/4" Battito="4" />
      <POSITION_MARK Name="" Type="0" Start="1.220" Num="-1" />
    </TRACK>
    <TRACK TrackID="78488708" Name="Baillalo" Artist="Snowboy and the Latin Section" Composer="" Album="Communication" Grouping="" Genre="Lounge/" Kind="AIFF File" Size="63298170" TotalTime="357" DiscNumber="0" TrackNumber="3" Year="2008" AverageBpm="106.51" DateAdded="2024-08-04" BitRate="1411" SampleRate="44100" Comments="9A - 6" PlayCount="1" Rating="0" Location="file://localhost/Users/zachvp/Music/DJ/Snowboy%20and%20the%20Latin%20Section%20-%20Baillalo.aiff" Remixer="" Tonality="9A" Label="" Mix="">
      <TEMPO Inizio="0.289" Bpm="106.51" Metro="4/4" Battito="1" />
      <TEMPO Inizio="143.373" Bpm="106.51" Metro="4/4" Battito="3" />
      <TEMPO Inizio="258.854" Bpm="106.51" Metro="4/4" Battito="4" />
    </TRACK>
    <TRACK TrackID="107759125" Name="Las olas — The Waves" Artist="Mariachi Los Camperos" Composer="" Album="Sones de Mariachi" Grouping="" Genre="Lounge/" Kind="AIFF File" Size="60015488" TotalTime="208" DiscNumber="0" TrackNumber="1" Year="2024" AverageBpm="125.01" DateAdded="2024-08-04" BitRate="2304" SampleRate="48000" Comments="9B - 4" PlayCount="1" Rating="0" Location="file://localhost/Users/zachvp/Music/DJ/Mariachi%20Los%20Camperos%20-%20Las%20olas%20%e2%80%94%20The%20Waves.aiff" Remixer="" Tonality="9B" Label="" Mix="">
      <TEMPO Inizio="0.206" Bpm="125.01" Metro="4/4" Battito="1" />
      <POSITION_MARK Name="" Type="0" Start="0.517" Num="-1" />
    </TRACK>
    <TRACK TrackID="252202341" Name="Life Is What It Is" Artist="Marcos Valle" Composer="" Album="Túnel Acustico" Grouping="" Genre="Lounge/" Kind="AIFF File" Size="58579582" TotalTime="331" DiscNumber="0" TrackNumber="2" Year="2024" AverageBpm="120.13" DateAdded="2024-08-04" BitRate="1411" SampleRate="44100" Comments="10B - 5" PlayCount="1" Rating="0" Location="file://localhost/Users/zachvp/Music/DJ/Marcos%20Valle%20-%20Life%20Is%20What%20It%20Is.aiff" Remixer="" Tonality="10B" Label="" Mix="">
      <TEMPO Inizio="0.069" Bpm="120.13" Metro="4/4" Battito="1" />
      <TEMPO Inizio="19.049" Bpm="120.13" Metro="4/4" Battito="3" />
      <TEMPO Inizio="31.536" Bpm="120.13" Metro="4/4" Battito="4" />
      <TEMPO Inizio="50.516" Bpm="120.13" Metro="4/4" Battito="2" />
      <TEMPO Inizio="63.003" Bpm="120.13" Metro="4/4" Battito="3" />
      <TEMPO Inizio="75.490" Bpm="120.13" Metro="4/4" Battito="4" />
      <TEMPO Inizio="94.470" Bpm="120.13" Metro="4/4" Battito="2" />
      <TEMPO Inizio="106.957" Bpm="120.13" Metro="4/4" Battito="3" />
      <TEMPO Inizio="125.937" Bpm="120.13" Metro="4/4" Battito="1" />
      <TEMPO Inizio="138.424" Bpm="120.13" Metro="4/4" Battito="2" />
      <TEMPO Inizio="150.911" Bpm="120.13" Metro="4/4" Battito="3" />
      <TEMPO Inizio="169.891" Bpm="120.13" Metro="4/4" Battito="1" />
      <TEMPO Inizio="182.378" Bpm="120.13" Metro="4/4" Battito="2" />
      <TEMPO Inizio="201.358" Bpm="120.13" Metro="4/4" Battito="4" />
      <TEMPO Inizio="213.845" Bpm="120.13" Metro="4/4" Battito="1" />
      <TEMPO Inizio="226.332" Bpm="120.13" Metro="4/4" Battito="2" />
      <TEMPO Inizio="245.312" Bpm="120.13" Metro="4/4" Battito="4" />
      <TEMPO Inizio="257.799" Bpm="120.13" Metro="4/4" Battito="1" />
      <TEMPO Inizio="276.779" Bpm="120.13" Metro="4/4" Battito="3" />
      <TEMPO Inizio="289.266" Bpm="120.13" Metro="4/4" Battito="4" />
      <TEMPO Inizio="301.753" Bpm="120.13" Metro="4/4" Battito="1" />
      <TEMPO Inizio="320.733" Bpm="120.13" Metro="4/4" Battito="3" />
      <POSITION_MARK Name="" Type="0" Start="0.090" Num="-1" />
    </TRACK>
    <TRACK TrackID="223135469" Name="Zavkhan" Artist="Enji" Composer="" Album="Ursgal" Grouping="" Genre="Lounge/" Kind="AIFF File" Size="36939480" TotalTime="208" DiscNumber="0" TrackNumber="1" Year="2021" AverageBpm="125.92" DateAdded="2024-08-04" BitRate="1411" SampleRate="44100" Comments="10A - 2" PlayCount="1" Rating="0" Location="file://localhost/Users/zachvp/Music/DJ/Enji%20-%20Zavkhan.aiff" Remixer="" Tonality="10A" Label="" Mix="">
      <TEMPO Inizio="0.394" Bpm="125.92" Metro="4/4" Battito="3" />
      <TEMPO Inizio="31.365" Bpm="125.92" Metro="4/4" Battito="4" />
      <TEMPO Inizio="86.637" Bpm="125.92" Metro="4/4" Battito="4" />
      <TEMPO Inizio="140.956" Bpm="125.92" Metro="4/4" Battito="2" />
      <TEMPO Inizio="141.433" Bpm="125.92" Metro="4/4" Battito="3" />
      <TEMPO Inizio="170.498" Bpm="125.92" Metro="4/4" Battito="4" />
      <POSITION_MARK Name="" Type="0" Start="0.507" Num="-1" />
    </TRACK>
    <TRACK TrackID="219552031" Name="Esa Tristeza (featuring Nina Miranda &amp; Little Barrie)" Artist="Rio 18" Composer="" Album="Radio Chévere" Grouping="" Genre="Lounge/" Kind="AIFF File" Size="44290372" TotalTime="166" DiscNumber="0" TrackNumber="12" Year="2024" AverageBpm="124.71" DateAdded="2024-08-04" BitRate="2116" SampleRate="44100" Comments="4A - 4" PlayCount="1" Rating="0" Location="file://localhost/Users/zachvp/Music/DJ/Rio%2018%20-%20Esa%20Tristeza%20(featuring%20Nina%20Miranda%20%26%20Little%20Barrie).aiff" Remixer="" Tonality="4A" Label="" Mix="">
      <TEMPO Inizio="0.035" Bpm="124.71" Metro="4/4" Battito="1" />
      <TEMPO Inizio="29.382" Bpm="124.71" Metro="4/4" Battito="2" />
      <TEMPO Inizio="58.729" Bpm="124.71" Metro="4/4" Battito="3" />
      <TEMPO Inizio="92.406" Bpm="124.71" Metro="4/4" Battito="1" />
      <TEMPO Inizio="126.564" Bpm="124.71" Metro="4/4" Battito="4" />
      <TEMPO Inizio="160.722" Bpm="124.71" Metro="4/4" Battito="3" />
      <POSITION_MARK Name="" Type="0" Start="0.031" Num="-1" />
    </TRACK>
    <TRACK TrackID="167955623" Name="El toro viejo — The Old Bull" Artist="Mariachi Los Camperos" Composer="" Album="Sones de Mariachi" Grouping="" Genre="Lounge/" Kind="AIFF File" Size="64182404" TotalTime="222" DiscNumber="0" TrackNumber="3" Year="2024" AverageBpm="110.00" DateAdded="2024-08-04" BitRate="2304" SampleRate="48000" Comments="9B - 4" PlayCount="1" Rating="0" Location="file://localhost/Users/zachvp/Music/DJ/Mariachi%20Los%20Camperos%20-%20El%20toro%20viejo%20%e2%80%94%20The%20Old%20Bull.aiff" Remixer="" Tonality="9B" Label="" Mix="">
      <TEMPO Inizio="0.392" Bpm="110.00" Metro="4/4" Battito="3" />
      <TEMPO Inizio="42.938" Bpm="110.00" Metro="4/4" Battito="1" />
      <TEMPO Inizio="91.484" Bpm="110.00" Metro="4/4" Battito="2" />
      <TEMPO Inizio="134.030" Bpm="110.00" Metro="4/4" Battito="4" />
      <TEMPO Inizio="182.576" Bpm="110.00" Metro="4/4" Battito="1" />
      <POSITION_MARK Name="" Type="0" Start="0.326" Num="-1" />
    </TRACK>
    <TRACK TrackID="141981355" Name="Que Viva Para Siempre" Artist="Snowboy and the Latin Section" Composer="" Album="Communication" Grouping="" Genre="Lounge/" Kind="AIFF File" Size="49783704" TotalTime="281" DiscNumber="0" TrackNumber="2" Year="2008" AverageBpm="151.07" DateAdded="2024-08-04" BitRate="1411" SampleRate="44100" Comments="6B - 6" PlayCount="1" Rating="0" Location="file://localhost/Users/zachvp/Music/DJ/Snowboy%20and%20the%20Latin%20Section%20-%20Que%20Viva%20Para%20Siempre.aiff" Remixer="" Tonality="6B" Label="" Mix="">
      <TEMPO Inizio="0.093" Bpm="151.07" Metro="4/4" Battito="3" />
      <TEMPO Inizio="0.491" Bpm="151.07" Metro="4/4" Battito="4" />
      <TEMPO Inizio="41.001" Bpm="151.07" Metro="4/4" Battito="2" />
      <TEMPO Inizio="88.660" Bpm="151.07" Metro="4/4" Battito="2" />
      <TEMPO Inizio="136.319" Bpm="151.07" Metro="4/4" Battito="2" />
      <TEMPO Inizio="183.978" Bpm="151.07" Metro="4/4" Battito="2" />
      <TEMPO Inizio="229.254" Bpm="151.07" Metro="4/4" Battito="4" />
      <TEMPO Inizio="274.530" Bpm="151.07" Metro="4/4" Battito="2" />
      <POSITION_MARK Name="" Type="0" Start="0.577" Num="-1" />
    </TRACK>
    <TRACK TrackID="26170003" Name="Cielito Lindo Huasteco" Artist="The Young Artists Orchestra of Las Vegas, Mariachi Internacional" Composer="" Album="Mariachi Sinfónico" Grouping="" Genre="Lounge/" Kind="AIFF File" Size="91497844" TotalTime="317" DiscNumber="0" TrackNumber="1" Year="2024" AverageBpm="157.10" DateAdded="2024-08-04" BitRate="2304" SampleRate="48000" Comments="10B - 4" PlayCount="1" Rating="0" Location="file://localhost/Users/zachvp/Music/DJ/The%20Young%20Artists%20Orchestra%20of%20Las%20Vegas,%20Mariachi%20Internacional%20-%20Cielito%20Lindo%20Huasteco.aiff" Remixer="" Tonality="10B" Label="" Mix="">
      <TEMPO Inizio="0.087" Bpm="157.10" Metro="4/4" Battito="1" />
      <POSITION_MARK Name="" Type="0" Start="1.254" Num="-1" />
    </TRACK>
    <TRACK TrackID="83290824" Name="Poker Face" Artist="Lady Gaga" Composer="" Album="The Fame [Explicit]" Grouping="" Genre="Lounge/Pop/Dance" Kind="MP3 File" Size="8075415" TotalTime="237" DiscNumber="1" TrackNumber="4" Year="2008" AverageBpm="119.00" DateAdded="2024-08-04" BitRate="256" SampleRate="44100" Comments="1A - 7" PlayCount="1" Rating="0" Location="file://localhost/Users/zachvp/Music/DJ/04%20-%20Poker%20Face%20%5bExplicit%5d.mp3" Remixer="" Tonality="1A" Label="" Mix="">
      <TEMPO Inizio="0.173" Bpm="119.00" Metro="4/4" Battito="1" />
      <TEMPO Inizio="0.678" Bpm="119.00" Metro="4/4" Battito="2" />
      <POSITION_MARK Name="" Type="0" Start="0.146" Num="-1" />
    </TRACK>
    <TRACK TrackID="93371326" Name="Hey Ya! [Clean]" Artist="Outkast" Composer="André Benjamin" Album="Speakerboxxx/The Love Below [Explicit]" Grouping="" Genre="Lounge/Pop/Dance" Kind="MP3 File" Size="8541075" TotalTime="235" DiscNumber="2" TrackNumber="9" Year="2003" AverageBpm="159.01" DateAdded="2024-08-04" BitRate="32" SampleRate="44100" Comments="9B - 4" PlayCount="1" Rating="0" Location="file://localhost/Users/zachvp/Music/DJ/(Disc%202)%2009%20-%20Hey%20Ya!%20%5bExplicit%5d.mp3" Remixer="" Tonality="9B" Label="" Mix="">
      <TEMPO Inizio="0.201" Bpm="159.01" Metro="4/4" Battito="2" />
      <TEMPO Inizio="22.087" Bpm="159.01" Metro="4/4" Battito="4" />
      <TEMPO Inizio="45.105" Bpm="159.01" Metro="4/4" Battito="1" />
      <TEMPO Inizio="68.123" Bpm="159.01" Metro="4/4" Battito="2" />
      <TEMPO Inizio="91.141" Bpm="159.01" Metro="4/4" Battito="3" />
      <TEMPO Inizio="114.159" Bpm="159.01" Metro="4/4" Battito="4" />
      <TEMPO Inizio="137.177" Bpm="159.01" Metro="4/4" Battito="1" />
      <TEMPO Inizio="160.195" Bpm="159.01" Metro="4/4" Battito="2" />
      <TEMPO Inizio="183.213" Bpm="159.01" Metro="4/4" Battito="3" />
      <TEMPO Inizio="206.231" Bpm="159.01" Metro="4/4" Battito="4" />
      <TEMPO Inizio="229.249" Bpm="159.01" Metro="4/4" Battito="1" />
    </TRACK>
    <TRACK TrackID="98624305" Name="We Are Family" Artist="Sister Sledge" Composer="" Album="We Are Family (1995 Remaster)" Grouping="" Genre="Lounge/Pop" Kind="MP3 File" Size="7702100" TotalTime="216" DiscNumber="1" TrackNumber="5" Year="1979" AverageBpm="118.90" DateAdded="2024-08-10" BitRate="32" SampleRate="44100" Comments="8A - 5" PlayCount="0" Rating="0" Location="file://localhost/Users/zachvp/Music/DJ/05%20-%20We%20Are%20Family%20(1995%20Remaster).mp3" Remixer="" Tonality="8A" Label="" Mix="">
      <TEMPO Inizio="0.043" Bpm="118.90" Metro="4/4" Battito="1" />
      <POSITION_MARK Name="" Type="0" Start="0.516" Num="-1" />
    </TRACK>
    <TRACK TrackID="25069509" Name="Gimme Gimme Gimme (a man after midnight)" Artist="Syzz" Composer="" Album="Gimme Gimme Gimme (a man after midnight)" Grouping="" Genre="House/Tech/Indie/" Kind="MP3 File" Size="5585082" TotalTime="152" DiscNumber="1" TrackNumber="1" Year="2020" AverageBpm="123.00" DateAdded="2024-08-15" BitRate="320" SampleRate="44100" Comments="7A - 7" PlayCount="2" Rating="0" Location="file://localhost/Users/zachvp/Music/DJ/01%20-%20Gimme%20Gimme%20Gimme%20(a%20man%20after%20midnight).mp3" Remixer="" Tonality="7A" Label="" Mix="">
      <TEMPO Inizio="0.329" Bpm="123.00" Metro="4/4" Battito="4" />
      <POSITION_MARK Name="" Type="0" Start="0.079" Num="-1" />
    </TRACK>
    <TRACK TrackID="180068392" Name="Can't Get You out of My Head" Artist="Kylie Minogue" Composer="" Album="Fever" Grouping="" Genre="House/Tech/Indie/" Kind="MP3 File" Size="9267137" TotalTime="230" DiscNumber="1" TrackNumber="3" Year="2001" AverageBpm="125.99" DateAdded="2024-08-15" BitRate="320" SampleRate="44100" Comments="7A - 7" PlayCount="2" Rating="0" Location="file://localhost/Users/zachvp/Music/DJ/Kylie%20Minogue%20-%2003.%20Can%27t%20Get%20You%20out%20of%20My%20Head.mp3" Remixer="" Tonality="7A" Label="" Mix="">
      <TEMPO Inizio="0.109" Bpm="125.99" Metro="4/4" Battito="1" />
      <TEMPO Inizio="11.539" Bpm="125.99" Metro="4/4" Battito="1" />
      <TEMPO Inizio="29.160" Bpm="125.99" Metro="4/4" Battito="2" />
      <TEMPO Inizio="40.590" Bpm="125.99" Metro="4/4" Battito="2" />
      <TEMPO Inizio="58.211" Bpm="125.99" Metro="4/4" Battito="3" />
      <TEMPO Inizio="69.641" Bpm="125.99" Metro="4/4" Battito="3" />
      <TEMPO Inizio="87.262" Bpm="125.99" Metro="4/4" Battito="4" />
      <TEMPO Inizio="104.883" Bpm="125.99" Metro="4/4" Battito="1" />
      <TEMPO Inizio="116.313" Bpm="125.99" Metro="4/4" Battito="1" />
      <TEMPO Inizio="133.934" Bpm="125.99" Metro="4/4" Battito="2" />
      <TEMPO Inizio="145.364" Bpm="125.99" Metro="4/4" Battito="2" />
      <TEMPO Inizio="162.985" Bpm="125.99" Metro="4/4" Battito="3" />
      <TEMPO Inizio="174.415" Bpm="125.99" Metro="4/4" Battito="3" />
      <TEMPO Inizio="192.036" Bpm="125.99" Metro="4/4" Battito="4" />
      <TEMPO Inizio="203.466" Bpm="125.99" Metro="4/4" Battito="4" />
      <TEMPO Inizio="221.087" Bpm="125.99" Metro="4/4" Battito="1" />
      <POSITION_MARK Name="" Type="0" Start="0.076" Num="-1" />
    </TRACK>
    <TRACK TrackID="185805886" Name="Looks Like Another Fine Day" Artist="Nyra" Composer="" Album="Canoe017" Grouping="" Genre="House/Tech/Indie/" Kind="AIFF File" Size="74346698" TotalTime="280" DiscNumber="0" TrackNumber="1" Year="2023" AverageBpm="134.00" DateAdded="2024-08-18" BitRate="2116" SampleRate="44100" Comments="5A - 6" PlayCount="0" Rating="0" Location="file://localhost/Users/zachvp/Music/DJ/Nyra%20-%20Canoe017%20-%2001%20Looks%20Like%20Another%20Fine%20Day.aiff" Remixer="" Tonality="5A" Label="" Mix="">
      <TEMPO Inizio="0.125" Bpm="134.00" Metro="4/4" Battito="1" />
    </TRACK>
    <TRACK TrackID="203932863" Name="Our Mute Horn (Ken Lou Mix) Ken Lou Mix" Artist="Masters At Work" Composer="" Album="Defected Presents House Masters - Masters At Work" Grouping="" Genre="House/Deep/Tech/Jazzy" Kind="AIFF File" Size="59251042" TotalTime="332" DiscNumber="1" TrackNumber="30" Year="2014" AverageBpm="121.33" DateAdded="2024-08-18" BitRate="1411" SampleRate="44100" Comments="8B - 6" PlayCount="0" Rating="0" Location="file://localhost/Users/zachvp/Music/DJ/Various%20Artists%20-%2030.%20Our%20Mute%20Horn%20(Ken%20Lou%20Mix)%20(Ken%20.aiff" Remixer="" Tonality="8B" Label="" Mix="">
      <TEMPO Inizio="0.431" Bpm="121.33" Metro="4/4" Battito="1" />
    </TRACK>
    <TRACK TrackID="212235317" Name="Cool Down (Original Mix)" Artist="Maya Jane Coles" Composer="" Album="Cool Down EP- Maya Jane Coles" Grouping="" Genre="House/Deep/Tech/" Kind="AIFF File" Size="66360206" TotalTime="375" DiscNumber="0" TrackNumber="1" Year="2010" AverageBpm="125.00" DateAdded="2024-08-18" BitRate="1411" SampleRate="44100" Comments="12A - 6" PlayCount="1" Rating="0" Location="file://localhost/Users/zachvp/Music/DJ/1538789_Cool_Down_(Original_Mix).aiff" Remixer="" Tonality="12A" Label="Dogmatik Records" Mix="">
      <TEMPO Inizio="0.054" Bpm="125.00" Metro="4/4" Battito="1" />
      <TEMPO Inizio="124.853" Bpm="125.00" Metro="4/4" Battito="1" />
      <TEMPO Inizio="373.492" Bpm="125.00" Metro="4/4" Battito="3" />
      <POSITION_MARK Name="" Type="0" Start="15.422" Num="-1" />
    </TRACK>
    <TRACK TrackID="215159698" Name="Song for My Brother (Kenlou 12&quot; Mix) Kenlou 12&quot; Mix" Artist="George Benson" Composer="" Album="Defected Presents House Masters - Masters At Work" Grouping="" Genre="House/Deep/Tech/Jazzy" Kind="AIFF File" Size="114079138" TotalTime="643" DiscNumber="1" TrackNumber="17" Year="2014" AverageBpm="124.37" DateAdded="2024-08-18" BitRate="1411" SampleRate="44100" Comments="10A - 7" PlayCount="0" Rating="0" Location="file://localhost/Users/zachvp/Music/DJ/Various%20Artists%20-%2017.%20Song%20for%20My%20Brother%20(Kenlou%2012_%20M.aiff" Remixer="" Tonality="10A" Label="" Mix="">
      <TEMPO Inizio="0.252" Bpm="124.37" Metro="4/4" Battito="1" />
      <TEMPO Inizio="0.735" Bpm="124.37" Metro="4/4" Battito="2" />
      <TEMPO Inizio="24.373" Bpm="124.37" Metro="4/4" Battito="3" />
      <TEMPO Inizio="55.730" Bpm="124.37" Metro="4/4" Battito="4" />
      <TEMPO Inizio="83.710" Bpm="124.37" Metro="4/4" Battito="2" />
      <TEMPO Inizio="111.690" Bpm="124.37" Metro="4/4" Battito="4" />
      <TEMPO Inizio="143.047" Bpm="124.37" Metro="4/4" Battito="1" />
      <TEMPO Inizio="174.404" Bpm="124.37" Metro="4/4" Battito="2" />
      <TEMPO Inizio="202.384" Bpm="124.37" Metro="4/4" Battito="4" />
      <TEMPO Inizio="230.364" Bpm="124.37" Metro="4/4" Battito="2" />
      <TEMPO Inizio="265.098" Bpm="124.37" Metro="4/4" Battito="2" />
      <TEMPO Inizio="293.078" Bpm="124.37" Metro="4/4" Battito="4" />
      <TEMPO Inizio="321.058" Bpm="124.37" Metro="4/4" Battito="2" />
      <TEMPO Inizio="352.415" Bpm="124.37" Metro="4/4" Battito="3" />
      <TEMPO Inizio="383.772" Bpm="124.37" Metro="4/4" Battito="4" />
      <TEMPO Inizio="411.752" Bpm="124.37" Metro="4/4" Battito="2" />
      <TEMPO Inizio="439.732" Bpm="124.37" Metro="4/4" Battito="4" />
      <TEMPO Inizio="471.089" Bpm="124.37" Metro="4/4" Battito="1" />
      <TEMPO Inizio="502.446" Bpm="124.37" Metro="4/4" Battito="2" />
      <TEMPO Inizio="530.426" Bpm="124.37" Metro="4/4" Battito="4" />
      <TEMPO Inizio="558.406" Bpm="124.37" Metro="4/4" Battito="2" />
      <TEMPO Inizio="589.763" Bpm="124.37" Metro="4/4" Battito="3" />
      <TEMPO Inizio="621.120" Bpm="124.37" Metro="4/4" Battito="4" />
    </TRACK>
    <TRACK TrackID="194583376" Name="Do You Think About Me (Original Mix)" Artist="Salus" Composer="" Album="Under One Roof, Vol. 3" Grouping="" Genre="House/Tech/Hard" Kind="AIFF File" Size="57140356" TotalTime="322" DiscNumber="0" TrackNumber="3" Year="2024" AverageBpm="122.35" DateAdded="2024-08-18" BitRate="1411" SampleRate="44100" Comments="9A - 6" PlayCount="1" Rating="0" Location="file://localhost/Users/zachvp/Music/DJ/19013346_Do_You_Think_About_Me_(Original_Mix).aiff" Remixer="" Tonality="9A" Label="Poker Flat Recordings" Mix="">
      <TEMPO Inizio="0.001" Bpm="122.35" Metro="4/4" Battito="1" />
      <TEMPO Inizio="0.492" Bpm="122.35" Metro="4/4" Battito="2" />
      <TEMPO Inizio="37.761" Bpm="122.35" Metro="4/4" Battito="2" />
      <TEMPO Inizio="82.386" Bpm="122.35" Metro="4/4" Battito="1" />
      <TEMPO Inizio="124.559" Bpm="122.35" Metro="4/4" Battito="3" />
      <TEMPO Inizio="166.732" Bpm="122.35" Metro="4/4" Battito="1" />
      <TEMPO Inizio="208.905" Bpm="122.35" Metro="4/4" Battito="3" />
      <TEMPO Inizio="251.078" Bpm="122.35" Metro="4/4" Battito="1" />
      <TEMPO Inizio="293.251" Bpm="122.35" Metro="4/4" Battito="3" />
      <POSITION_MARK Name="" Type="0" Start="31.384" Num="-1" />
      <POSITION_MARK Name="" Type="0" Start="260.890" Num="-1" />
    </TRACK>
    <TRACK TrackID="131268495" Name="Lean On Me (feat. James Ingram) [MAW Mix] feat. James Ingram ; MAW Mix" Artist="MAW" Composer="" Album="Defected Presents House Masters - Masters At Work" Grouping="" Genre="House/Deep/Tech/Jazzy" Kind="AIFF File" Size="104389656" TotalTime="588" DiscNumber="1" TrackNumber="3" Year="2014" AverageBpm="124.99" DateAdded="2024-08-18" BitRate="1411" SampleRate="44100" Comments="8A - 6" PlayCount="0" Rating="0" Location="file://localhost/Users/zachvp/Music/DJ/Various%20Artists%20-%2003.%20Lean%20On%20Me%20(feat.%20James%20Ingram)%20%5b.aiff" Remixer="" Tonality="8A" Label="" Mix="">
      <TEMPO Inizio="0.164" Bpm="124.99" Metro="4/4" Battito="1" />
      <TEMPO Inizio="1.605" Bpm="124.99" Metro="4/4" Battito="4" />
      <TEMPO Inizio="44.807" Bpm="124.99" Metro="4/4" Battito="2" />
      <TEMPO Inizio="88.489" Bpm="124.99" Metro="4/4" Battito="1" />
      <TEMPO Inizio="131.691" Bpm="124.99" Metro="4/4" Battito="3" />
      <TEMPO Inizio="175.373" Bpm="124.99" Metro="4/4" Battito="2" />
      <TEMPO Inizio="219.055" Bpm="124.99" Metro="4/4" Battito="1" />
      <TEMPO Inizio="262.257" Bpm="124.99" Metro="4/4" Battito="3" />
      <TEMPO Inizio="305.939" Bpm="124.99" Metro="4/4" Battito="2" />
      <TEMPO Inizio="349.621" Bpm="124.99" Metro="4/4" Battito="1" />
      <TEMPO Inizio="392.823" Bpm="124.99" Metro="4/4" Battito="3" />
      <TEMPO Inizio="436.505" Bpm="124.99" Metro="4/4" Battito="2" />
      <TEMPO Inizio="479.707" Bpm="124.99" Metro="4/4" Battito="4" />
      <TEMPO Inizio="523.389" Bpm="124.99" Metro="4/4" Battito="3" />
      <TEMPO Inizio="567.071" Bpm="124.99" Metro="4/4" Battito="2" />
    </TRACK>
    <TRACK TrackID="173392348" Name="Hypnotize (M.A.W. Piano Dub) M.A.W. Piano Dub" Artist="D' Influence" Composer="" Album="Defected Presents House Masters - Masters At Work" Grouping="" Genre="House/Deep/Tech/Jazzy" Kind="AIFF File" Size="58964636" TotalTime="331" DiscNumber="1" TrackNumber="26" Year="2014" AverageBpm="124.99" DateAdded="2024-08-18" BitRate="1411" SampleRate="44100" Comments="12A - 6" PlayCount="0" Rating="0" Location="file://localhost/Users/zachvp/Music/DJ/Various%20Artists%20-%2026.%20Hypnotize%20(M.A.W.%20Piano%20Dub)%20(M.A.aiff" Remixer="" Tonality="12A" Label="" Mix="">
      <TEMPO Inizio="0.021" Bpm="124.99" Metro="4/4" Battito="4" />
      <TEMPO Inizio="2.422" Bpm="124.99" Metro="4/4" Battito="1" />
      <TEMPO Inizio="19.224" Bpm="124.99" Metro="4/4" Battito="4" />
      <TEMPO Inizio="36.506" Bpm="124.99" Metro="4/4" Battito="4" />
      <TEMPO Inizio="53.788" Bpm="124.99" Metro="4/4" Battito="4" />
      <TEMPO Inizio="71.070" Bpm="124.99" Metro="4/4" Battito="4" />
      <TEMPO Inizio="88.352" Bpm="124.99" Metro="4/4" Battito="4" />
      <TEMPO Inizio="105.154" Bpm="124.99" Metro="4/4" Battito="3" />
      <TEMPO Inizio="122.436" Bpm="124.99" Metro="4/4" Battito="3" />
      <TEMPO Inizio="139.718" Bpm="124.99" Metro="4/4" Battito="3" />
      <TEMPO Inizio="157.000" Bpm="124.99" Metro="4/4" Battito="3" />
      <TEMPO Inizio="174.762" Bpm="124.99" Metro="4/4" Battito="4" />
      <TEMPO Inizio="192.044" Bpm="124.99" Metro="4/4" Battito="4" />
      <TEMPO Inizio="209.326" Bpm="124.99" Metro="4/4" Battito="4" />
      <TEMPO Inizio="226.608" Bpm="124.99" Metro="4/4" Battito="4" />
      <TEMPO Inizio="243.410" Bpm="124.99" Metro="4/4" Battito="3" />
      <TEMPO Inizio="260.692" Bpm="124.99" Metro="4/4" Battito="3" />
      <TEMPO Inizio="277.974" Bpm="124.99" Metro="4/4" Battito="3" />
      <TEMPO Inizio="295.256" Bpm="124.99" Metro="4/4" Battito="3" />
      <TEMPO Inizio="312.538" Bpm="124.99" Metro="4/4" Battito="3" />
      <TEMPO Inizio="329.340" Bpm="124.99" Metro="4/4" Battito="2" />
    </TRACK>
    <TRACK TrackID="240678523" Name="Love &amp; Happiness (Yemaya Y Ochun) [feat. India] [Maw Original Remix Extended] feat. India ; Maw Original Remix Extended" Artist="River Ocean" Composer="" Album="Defected Presents House Masters - Masters At Work" Grouping="" Genre="House/Tech/Organic" Kind="AIFF File" Size="130460502" TotalTime="736" DiscNumber="1" TrackNumber="19" Year="2014" AverageBpm="128.01" DateAdded="2024-08-18" BitRate="1411" SampleRate="44100" Comments="6A - 8" PlayCount="0" Rating="0" Location="file://localhost/Users/zachvp/Music/DJ/Various%20Artists%20-%2019.%20Love%20%26%20Happiness%20(Yemaya%20Y%20Ochun).aiff" Remixer="" Tonality="6A" Label="" Mix="">
      <TEMPO Inizio="0.150" Bpm="128.01" Metro="4/4" Battito="3" />
    </TRACK>
    <TRACK TrackID="189654834" Name="Pienso En Ti (I Think Of You) [feat. Luis Salinas] [House Mix] feat. Luis Salinas ; House Mix" Artist="MAW" Composer="" Album="Defected Presents House Masters - Masters At Work" Grouping="" Genre="House/Deep/Tech/Jazzy" Kind="AIFF File" Size="82827916" TotalTime="466" DiscNumber="1" TrackNumber="20" Year="2014" AverageBpm="123.96" DateAdded="2024-08-18" BitRate="1411" SampleRate="44100" Comments="7A - 5" PlayCount="0" Rating="0" Location="file://localhost/Users/zachvp/Music/DJ/Various%20Artists%20-%2020.%20Pienso%20En%20Ti%20(I%20Think%20Of%20You)%20%5bfe.aiff" Remixer="" Tonality="7A" Label="" Mix="">
      <TEMPO Inizio="0.181" Bpm="123.96" Metro="4/4" Battito="1" />
      <TEMPO Inizio="55.843" Bpm="123.96" Metro="4/4" Battito="4" />
      <TEMPO Inizio="56.328" Bpm="123.96" Metro="4/4" Battito="1" />
      <TEMPO Inizio="98.921" Bpm="123.96" Metro="4/4" Battito="1" />
      <TEMPO Inizio="99.406" Bpm="123.96" Metro="4/4" Battito="2" />
      <TEMPO Inizio="227.188" Bpm="123.96" Metro="4/4" Battito="2" />
      <TEMPO Inizio="291.562" Bpm="123.96" Metro="4/4" Battito="3" />
      <TEMPO Inizio="292.047" Bpm="123.96" Metro="4/4" Battito="4" />
      <TEMPO Inizio="334.640" Bpm="123.96" Metro="4/4" Battito="4" />
      <TEMPO Inizio="335.125" Bpm="123.96" Metro="4/4" Battito="1" />
      <TEMPO Inizio="462.907" Bpm="123.96" Metro="4/4" Battito="1" />
    </TRACK>
    <TRACK TrackID="120248577" Name="Vip masters at work vocal mix" Artist="Gus Gus" Composer="" Album="Defected Presents House Masters - Masters At Work" Grouping="" Genre="House/Deep/Tech/Jazzy" Kind="AIFF File" Size="73908904" TotalTime="415" DiscNumber="1" TrackNumber="10" Year="2014" AverageBpm="124.95" DateAdded="2024-08-18" BitRate="1411" SampleRate="44100" Comments="8A - 5" PlayCount="3" Rating="0" Location="file://localhost/Users/zachvp/Music/DJ/Various%20Artists%20-%2010.%20Vip%20masters%20at%20work%20vocal%20mix.aiff" Remixer="" Tonality="8A" Label="" Mix="">
      <TEMPO Inizio="0.185" Bpm="124.95" Metro="4/4" Battito="1" />
      <TEMPO Inizio="18.913" Bpm="124.95" Metro="4/4" Battito="4" />
      <TEMPO Inizio="37.641" Bpm="124.95" Metro="4/4" Battito="3" />
      <TEMPO Inizio="56.369" Bpm="124.95" Metro="4/4" Battito="2" />
      <TEMPO Inizio="75.097" Bpm="124.95" Metro="4/4" Battito="1" />
      <TEMPO Inizio="93.825" Bpm="124.95" Metro="4/4" Battito="4" />
      <TEMPO Inizio="112.553" Bpm="124.95" Metro="4/4" Battito="3" />
      <TEMPO Inizio="133.682" Bpm="124.95" Metro="4/4" Battito="3" />
      <TEMPO Inizio="152.410" Bpm="124.95" Metro="4/4" Battito="2" />
      <TEMPO Inizio="171.138" Bpm="124.95" Metro="4/4" Battito="1" />
      <TEMPO Inizio="189.866" Bpm="124.95" Metro="4/4" Battito="4" />
      <TEMPO Inizio="208.594" Bpm="124.95" Metro="4/4" Battito="3" />
      <TEMPO Inizio="234.525" Bpm="124.95" Metro="4/4" Battito="1" />
      <TEMPO Inizio="253.253" Bpm="124.95" Metro="4/4" Battito="4" />
      <TEMPO Inizio="271.981" Bpm="124.95" Metro="4/4" Battito="3" />
      <TEMPO Inizio="290.709" Bpm="124.95" Metro="4/4" Battito="2" />
      <TEMPO Inizio="309.437" Bpm="124.95" Metro="4/4" Battito="1" />
      <TEMPO Inizio="335.368" Bpm="124.95" Metro="4/4" Battito="3" />
      <TEMPO Inizio="354.096" Bpm="124.95" Metro="4/4" Battito="2" />
      <TEMPO Inizio="372.824" Bpm="124.95" Metro="4/4" Battito="1" />
      <TEMPO Inizio="391.552" Bpm="124.95" Metro="4/4" Battito="4" />
      <TEMPO Inizio="410.280" Bpm="124.95" Metro="4/4" Battito="3" />
      <POSITION_MARK Name="" Type="0" Start="30.911" Num="-1" />
      <POSITION_MARK Name="" Type="0" Start="215.298" Num="-1" />
      <POSITION_MARK Name="" Type="0" Start="230.689" Num="-1" />
      <POSITION_MARK Name="" Type="0" Start="299.822" Num="-1" />
    </TRACK>
    <TRACK TrackID="22101744" Name="Amor (Devocion Mix)" Artist="Oliver Huntemann, Dubfire" Composer="" Album="Elements Series V: Amor" Grouping="" Genre="House/Techno/Downtempo" Kind="AIFF File" Size="72797676" TotalTime="408" DiscNumber="0" TrackNumber="1" Year="2022" AverageBpm="128.00" DateAdded="2024-08-18" BitRate="1411" SampleRate="44100" Comments="6A - 6" PlayCount="0" Rating="0" Location="file://localhost/Users/zachvp/Music/DJ/16552237_Amor_(Devocion_Mix).aiff" Remixer="" Tonality="6A" Label="Senso Sounds" Mix="">
      <TEMPO Inizio="0.009" Bpm="128.00" Metro="4/4" Battito="1" />
    </TRACK>
    <TRACK TrackID="197974945" Name="Distance (Original Mix)" Artist="Admo" Composer="" Album="Elysus" Grouping="" Genre="House/Deep/Tech/" Kind="AIFF File" Size="74196962" TotalTime="409" DiscNumber="0" TrackNumber="1" Year="2023" AverageBpm="130.00" DateAdded="2024-08-18" BitRate="1411" SampleRate="44100" Comments="10A - 6" PlayCount="0" Rating="0" Location="file://localhost/Users/zachvp/Music/DJ/18530155_Distance_(Original_Mix).aiff" Remixer="" Tonality="10A" Label="Haŵs" Mix="">
      <TEMPO Inizio="0.021" Bpm="130.00" Metro="4/4" Battito="1" />
    </TRACK>
    <TRACK TrackID="69313812" Name="On The Bridge (Larry Heards After Dark Dub Mix)" Artist="Glowing Glisses" Composer="" Album="We Like The Deep, Vol. 2" Grouping="" Genre="House/Deep/Tech/Jazzy" Kind="AIFF File" Size="84024658" TotalTime="473" DiscNumber="0" TrackNumber="10" Year="2021" AverageBpm="124.01" DateAdded="2024-08-18" BitRate="1411" SampleRate="44100" Comments="7A - 6" PlayCount="2" Rating="0" Location="file://localhost/Users/zachvp/Music/DJ/15014920_On_The_Bridge_(Larry_Heards_After_Dark_Dub_Mix).aiff" Remixer="" Tonality="7A" Label="Dessous Recordings" Mix="">
      <TEMPO Inizio="0.125" Bpm="124.01" Metro="4/4" Battito="4" />
      <POSITION_MARK Name="" Type="0" Start="10.282" Num="-1" />
    </TRACK>
    <TRACK TrackID="150086605" Name="Runaway (feat. India) [Original Flava 12&quot;] feat. India ; Original Flava 12&quot;" Artist="Nuyorican Soul" Composer="" Album="Defected Presents House Masters - Masters At Work" Grouping="" Genre="Lounge/" Kind="AIFF File" Size="106019792" TotalTime="597" DiscNumber="1" TrackNumber="8" Year="2014" AverageBpm="110.04" DateAdded="2024-08-18" BitRate="1411" SampleRate="44100" Comments="9B - 7" PlayCount="0" Rating="0" Location="file://localhost/Users/zachvp/Music/DJ/Various%20Artists%20-%2008.%20Runaway%20(feat.%20India)%20%5bOriginal%20F.aiff" Remixer="" Tonality="9B" Label="" Mix="">
      <TEMPO Inizio="0.244" Bpm="110.04" Metro="4/4" Battito="1" />
      <TEMPO Inizio="34.594" Bpm="110.04" Metro="4/4" Battito="4" />
      <TEMPO Inizio="58.039" Bpm="110.04" Metro="4/4" Battito="3" />
      <TEMPO Inizio="81.484" Bpm="110.04" Metro="4/4" Battito="2" />
      <TEMPO Inizio="104.929" Bpm="110.04" Metro="4/4" Battito="1" />
      <TEMPO Inizio="128.374" Bpm="110.04" Metro="4/4" Battito="4" />
      <TEMPO Inizio="151.819" Bpm="110.04" Metro="4/4" Battito="3" />
      <TEMPO Inizio="175.809" Bpm="110.04" Metro="4/4" Battito="3" />
      <TEMPO Inizio="199.254" Bpm="110.04" Metro="4/4" Battito="2" />
      <TEMPO Inizio="222.699" Bpm="110.04" Metro="4/4" Battito="1" />
      <TEMPO Inizio="246.144" Bpm="110.04" Metro="4/4" Battito="4" />
      <TEMPO Inizio="269.589" Bpm="110.04" Metro="4/4" Battito="3" />
      <TEMPO Inizio="293.034" Bpm="110.04" Metro="4/4" Battito="2" />
      <TEMPO Inizio="317.024" Bpm="110.04" Metro="4/4" Battito="2" />
      <TEMPO Inizio="340.469" Bpm="110.04" Metro="4/4" Battito="1" />
      <TEMPO Inizio="363.914" Bpm="110.04" Metro="4/4" Battito="4" />
      <TEMPO Inizio="387.359" Bpm="110.04" Metro="4/4" Battito="3" />
      <TEMPO Inizio="411.349" Bpm="110.04" Metro="4/4" Battito="3" />
      <TEMPO Inizio="434.794" Bpm="110.04" Metro="4/4" Battito="2" />
      <TEMPO Inizio="458.239" Bpm="110.04" Metro="4/4" Battito="1" />
      <TEMPO Inizio="481.684" Bpm="110.04" Metro="4/4" Battito="4" />
      <TEMPO Inizio="505.129" Bpm="110.04" Metro="4/4" Battito="3" />
      <TEMPO Inizio="528.574" Bpm="110.04" Metro="4/4" Battito="2" />
      <TEMPO Inizio="552.019" Bpm="110.04" Metro="4/4" Battito="1" />
      <TEMPO Inizio="576.009" Bpm="110.04" Metro="4/4" Battito="1" />
    </TRACK>
    <TRACK TrackID="84439493" Name="Shout-N-Out (feat. Donell Rush) [The DJ Dub] feat. Donell Rush ; The DJ Dub" Artist="Lood" Composer="" Album="Defected Presents House Masters - Masters At Work" Grouping="" Genre="House/Deep/Tech/Jazzy" Kind="AIFF File" Size="76583786" TotalTime="431" DiscNumber="1" TrackNumber="22" Year="2014" AverageBpm="122.93" DateAdded="2024-08-18" BitRate="1411" SampleRate="44100" Comments="5A - 6" PlayCount="0" Rating="0" Location="file://localhost/Users/zachvp/Music/DJ/Various%20Artists%20-%2022.%20Shout-N-Out%20(feat.%20Donell%20Rush)%20%5b.aiff" Remixer="" Tonality="5A" Label="" Mix="">
      <TEMPO Inizio="0.244" Bpm="122.93" Metro="4/4" Battito="2" />
      <TEMPO Inizio="2.197" Bpm="122.93" Metro="4/4" Battito="2" />
      <TEMPO Inizio="2.684" Bpm="122.93" Metro="4/4" Battito="3" />
      <TEMPO Inizio="3.173" Bpm="122.93" Metro="4/4" Battito="4" />
      <TEMPO Inizio="33.433" Bpm="122.93" Metro="4/4" Battito="2" />
      <TEMPO Inizio="64.669" Bpm="122.93" Metro="4/4" Battito="2" />
      <TEMPO Inizio="95.905" Bpm="122.93" Metro="4/4" Battito="2" />
      <TEMPO Inizio="126.653" Bpm="122.93" Metro="4/4" Battito="1" />
      <TEMPO Inizio="157.889" Bpm="122.93" Metro="4/4" Battito="1" />
      <TEMPO Inizio="188.637" Bpm="122.93" Metro="4/4" Battito="4" />
      <TEMPO Inizio="219.873" Bpm="122.93" Metro="4/4" Battito="4" />
      <TEMPO Inizio="250.621" Bpm="122.93" Metro="4/4" Battito="3" />
      <TEMPO Inizio="274.047" Bpm="122.93" Metro="4/4" Battito="3" />
      <TEMPO Inizio="274.536" Bpm="122.93" Metro="4/4" Battito="4" />
      <TEMPO Inizio="304.796" Bpm="122.93" Metro="4/4" Battito="2" />
      <TEMPO Inizio="336.032" Bpm="122.93" Metro="4/4" Battito="2" />
      <TEMPO Inizio="367.268" Bpm="122.93" Metro="4/4" Battito="2" />
      <TEMPO Inizio="398.504" Bpm="122.93" Metro="4/4" Battito="2" />
      <TEMPO Inizio="421.442" Bpm="122.93" Metro="4/4" Battito="1" />
      <TEMPO Inizio="421.931" Bpm="122.93" Metro="4/4" Battito="2" />
    </TRACK>
    <TRACK TrackID="86904216" Name="Passion (Extended Mix)" Artist="Eskuche" Composer="" Album="Passion EP" Grouping="" Genre="House/Deep/Tech/" Kind="AIFF File" Size="70694880" TotalTime="398" DiscNumber="0" TrackNumber="1" Year="2019" AverageBpm="126.00" DateAdded="2024-08-18" BitRate="1411" SampleRate="44100" Comments="1A - 5" PlayCount="1" Rating="0" Location="file://localhost/Users/zachvp/Music/DJ/12503171_Passion_(Extended_Mix).aiff" Remixer="" Tonality="1A" Label="Etiquette" Mix="">
      <TEMPO Inizio="0.251" Bpm="126.00" Metro="4/4" Battito="1" />
      <POSITION_MARK Name="" Type="0" Start="106.919" Num="-1" />
    </TRACK>
    <TRACK TrackID="147784469" Name="Time" Artist="Mihai Popoviciu" Composer="" Album="Time" Grouping="" Genre="House/Deep/Tech/" Kind="AIFF File" Size="76524302" TotalTime="432" DiscNumber="0" TrackNumber="1" Year="2014" AverageBpm="122.00" DateAdded="2024-08-18" BitRate="1411" SampleRate="44100" Comments="3A - 5" PlayCount="1" Rating="0" Location="file://localhost/Users/zachvp/Music/DJ/Mihai%20Popoviciu%20-%20Time.aiff" Remixer="" Tonality="3A" Label="" Mix="">
      <TEMPO Inizio="0.101" Bpm="122.00" Metro="4/4" Battito="1" />
    </TRACK>
    <TRACK TrackID="72904452" Name="Nights Over Egypt (Masters At Work Main Mix) Masters At Work Main Mix" Artist="Incognito" Composer="" Album="Defected Presents House Masters - Masters At Work" Grouping="" Genre="House/Deep/Tech/Jazzy" Kind="AIFF File" Size="82940192" TotalTime="467" DiscNumber="1" TrackNumber="7" Year="2014" AverageBpm="120.03" DateAdded="2024-08-18" BitRate="1411" SampleRate="44100" Comments="7A - 7" PlayCount="0" Rating="0" Location="file://localhost/Users/zachvp/Music/DJ/Various%20Artists%20-%2007.%20Nights%20Over%20Egypt%20(Masters%20At%20Wor.aiff" Remixer="" Tonality="7A" Label="" Mix="">
      <TEMPO Inizio="0.192" Bpm="120.03" Metro="4/4" Battito="1" />
    </TRACK>
    <TRACK TrackID="123598361" Name="Off the Hook (MAW Dub) Maw Dub" Artist="Jody Watley" Composer="" Album="Defected Presents House Masters - Masters At Work" Grouping="" Genre="House/Deep/Tech/Jazzy" Kind="AIFF File" Size="74080878" TotalTime="416" DiscNumber="1" TrackNumber="37" Year="2014" AverageBpm="125.04" DateAdded="2024-08-18" BitRate="1411" SampleRate="44100" Comments="10A - 6" PlayCount="1" Rating="0" Location="file://localhost/Users/zachvp/Music/DJ/Various%20Artists%20-%2037.%20Off%20the%20Hook%20(MAW%20Dub)%20(Maw%20Dub).aiff" Remixer="" Tonality="10A" Label="" Mix="">
      <TEMPO Inizio="0.289" Bpm="125.04" Metro="4/4" Battito="1" />
      <POSITION_MARK Name="" Type="0" Start="0.261" Num="-1" />
    </TRACK>
    <TRACK TrackID="2422078" Name="Voices In My Mind (MAW Mix) MAW Mix" Artist="Voices" Composer="" Album="Defected Presents House Masters - Masters At Work" Grouping="" Genre="House/Deep/Tech/Jazzy" Kind="AIFF File" Size="75376928" TotalTime="424" DiscNumber="1" TrackNumber="5" Year="2014" AverageBpm="123.66" DateAdded="2024-08-18" BitRate="1411" SampleRate="44100" Comments="10A - 6" PlayCount="0" Rating="0" Location="file://localhost/Users/zachvp/Music/DJ/Various%20Artists%20-%2005.%20Voices%20In%20My%20Mind%20(MAW%20Mix)%20(MAW%20.aiff" Remixer="" Tonality="10A" Label="" Mix="">
      <TEMPO Inizio="0.102" Bpm="123.66" Metro="4/4" Battito="4" />
      <TEMPO Inizio="29.213" Bpm="123.66" Metro="4/4" Battito="4" />
      <TEMPO Inizio="60.750" Bpm="123.66" Metro="4/4" Battito="1" />
      <TEMPO Inizio="89.861" Bpm="123.66" Metro="4/4" Battito="1" />
      <TEMPO Inizio="118.972" Bpm="123.66" Metro="4/4" Battito="1" />
      <TEMPO Inizio="150.509" Bpm="123.66" Metro="4/4" Battito="2" />
      <TEMPO Inizio="179.620" Bpm="123.66" Metro="4/4" Battito="2" />
      <TEMPO Inizio="211.157" Bpm="123.66" Metro="4/4" Battito="3" />
      <TEMPO Inizio="242.694" Bpm="123.66" Metro="4/4" Battito="4" />
      <TEMPO Inizio="271.805" Bpm="123.66" Metro="4/4" Battito="4" />
      <TEMPO Inizio="303.342" Bpm="123.66" Metro="4/4" Battito="1" />
      <TEMPO Inizio="332.453" Bpm="123.66" Metro="4/4" Battito="1" />
      <TEMPO Inizio="363.990" Bpm="123.66" Metro="4/4" Battito="2" />
      <TEMPO Inizio="393.101" Bpm="123.66" Metro="4/4" Battito="2" />
      <TEMPO Inizio="422.212" Bpm="123.66" Metro="4/4" Battito="2" />
    </TRACK>
    <TRACK TrackID="240714921" Name="Everything So (Instrumental)" Artist="Diar Storm, Lost Boy 1984, Play Paul" Composer="" Album="Everything So" Grouping="" Genre="House/Tech/Indie/Retro" Kind="AIFF File" Size="59467644" TotalTime="336" DiscNumber="0" TrackNumber="3" Year="2024" AverageBpm="120.00" DateAdded="2024-08-18" BitRate="1411" SampleRate="44100" Comments="4A - 6" PlayCount="0" Rating="0" Location="file://localhost/Users/zachvp/Music/DJ/Diar%20Storm,%20Lost%20Boy%201984,%20Play%20Paul%20-%20Everything%20So%20(Instrumental).aiff" Remixer="" Tonality="4A" Label="" Mix="">
      <TEMPO Inizio="0.002" Bpm="120.00" Metro="4/4" Battito="1" />
      <TEMPO Inizio="201.001" Bpm="120.00" Metro="4/4" Battito="3" />
      <TEMPO Inizio="201.502" Bpm="120.00" Metro="4/4" Battito="4" />
      <TEMPO Inizio="202.001" Bpm="120.00" Metro="4/4" Battito="1" />
      <TEMPO Inizio="202.502" Bpm="120.00" Metro="4/4" Battito="2" />
      <TEMPO Inizio="203.001" Bpm="120.00" Metro="4/4" Battito="3" />
      <TEMPO Inizio="203.502" Bpm="120.00" Metro="4/4" Battito="4" />
      <TEMPO Inizio="204.001" Bpm="120.00" Metro="4/4" Battito="1" />
      <TEMPO Inizio="204.502" Bpm="120.00" Metro="4/4" Battito="2" />
      <TEMPO Inizio="205.001" Bpm="120.00" Metro="4/4" Battito="3" />
      <TEMPO Inizio="205.502" Bpm="120.00" Metro="4/4" Battito="4" />
      <TEMPO Inizio="206.001" Bpm="120.00" Metro="4/4" Battito="1" />
      <TEMPO Inizio="206.502" Bpm="120.00" Metro="4/4" Battito="2" />
      <TEMPO Inizio="207.001" Bpm="120.00" Metro="4/4" Battito="3" />
      <TEMPO Inizio="207.502" Bpm="120.00" Metro="4/4" Battito="4" />
      <TEMPO Inizio="208.001" Bpm="120.00" Metro="4/4" Battito="1" />
      <TEMPO Inizio="208.502" Bpm="120.00" Metro="4/4" Battito="2" />
      <TEMPO Inizio="209.001" Bpm="120.00" Metro="4/4" Battito="3" />
      <TEMPO Inizio="209.502" Bpm="120.00" Metro="4/4" Battito="4" />
      <TEMPO Inizio="210.001" Bpm="120.00" Metro="4/4" Battito="1" />
      <TEMPO Inizio="210.502" Bpm="120.00" Metro="4/4" Battito="2" />
      <TEMPO Inizio="211.001" Bpm="120.00" Metro="4/4" Battito="3" />
      <TEMPO Inizio="211.502" Bpm="120.00" Metro="4/4" Battito="4" />
      <TEMPO Inizio="212.001" Bpm="120.00" Metro="4/4" Battito="1" />
      <TEMPO Inizio="212.502" Bpm="120.00" Metro="4/4" Battito="2" />
      <TEMPO Inizio="213.001" Bpm="120.00" Metro="4/4" Battito="3" />
      <TEMPO Inizio="213.502" Bpm="120.00" Metro="4/4" Battito="4" />
      <TEMPO Inizio="214.001" Bpm="120.00" Metro="4/4" Battito="1" />
      <TEMPO Inizio="214.502" Bpm="120.00" Metro="4/4" Battito="2" />
      <TEMPO Inizio="215.001" Bpm="120.00" Metro="4/4" Battito="3" />
      <TEMPO Inizio="215.502" Bpm="120.00" Metro="4/4" Battito="4" />
      <TEMPO Inizio="216.001" Bpm="120.00" Metro="4/4" Battito="1" />
      <TEMPO Inizio="216.502" Bpm="120.00" Metro="4/4" Battito="2" />
      <TEMPO Inizio="217.001" Bpm="120.00" Metro="4/4" Battito="3" />
      <TEMPO Inizio="217.502" Bpm="120.00" Metro="4/4" Battito="4" />
      <TEMPO Inizio="218.001" Bpm="120.00" Metro="4/4" Battito="1" />
      <TEMPO Inizio="218.502" Bpm="120.00" Metro="4/4" Battito="2" />
      <TEMPO Inizio="219.001" Bpm="120.00" Metro="4/4" Battito="3" />
      <TEMPO Inizio="219.502" Bpm="120.00" Metro="4/4" Battito="4" />
      <TEMPO Inizio="220.001" Bpm="120.00" Metro="4/4" Battito="1" />
      <TEMPO Inizio="220.502" Bpm="120.00" Metro="4/4" Battito="2" />
      <TEMPO Inizio="221.001" Bpm="120.00" Metro="4/4" Battito="3" />
      <TEMPO Inizio="221.502" Bpm="120.00" Metro="4/4" Battito="4" />
      <TEMPO Inizio="222.001" Bpm="120.00" Metro="4/4" Battito="1" />
      <TEMPO Inizio="222.502" Bpm="120.00" Metro="4/4" Battito="2" />
      <TEMPO Inizio="223.001" Bpm="120.00" Metro="4/4" Battito="3" />
      <TEMPO Inizio="223.502" Bpm="120.00" Metro="4/4" Battito="4" />
      <TEMPO Inizio="224.001" Bpm="120.00" Metro="4/4" Battito="1" />
      <TEMPO Inizio="224.502" Bpm="120.00" Metro="4/4" Battito="2" />
      <TEMPO Inizio="225.001" Bpm="120.00" Metro="4/4" Battito="3" />
      <TEMPO Inizio="225.502" Bpm="120.00" Metro="4/4" Battito="4" />
      <TEMPO Inizio="226.001" Bpm="120.00" Metro="4/4" Battito="1" />
      <TEMPO Inizio="226.502" Bpm="120.00" Metro="4/4" Battito="2" />
      <TEMPO Inizio="227.001" Bpm="120.00" Metro="4/4" Battito="3" />
      <TEMPO Inizio="227.502" Bpm="120.00" Metro="4/4" Battito="4" />
      <TEMPO Inizio="228.001" Bpm="120.00" Metro="4/4" Battito="1" />
      <TEMPO Inizio="228.502" Bpm="120.00" Metro="4/4" Battito="2" />
      <TEMPO Inizio="229.001" Bpm="120.00" Metro="4/4" Battito="3" />
      <TEMPO Inizio="229.502" Bpm="120.00" Metro="4/4" Battito="4" />
      <TEMPO Inizio="230.001" Bpm="120.00" Metro="4/4" Battito="1" />
      <TEMPO Inizio="230.502" Bpm="120.00" Metro="4/4" Battito="2" />
      <TEMPO Inizio="231.001" Bpm="120.00" Metro="4/4" Battito="3" />
      <TEMPO Inizio="231.502" Bpm="120.00" Metro="4/4" Battito="4" />
      <TEMPO Inizio="232.001" Bpm="120.00" Metro="4/4" Battito="1" />
      <TEMPO Inizio="232.502" Bpm="120.00" Metro="4/4" Battito="2" />
      <TEMPO Inizio="233.001" Bpm="120.00" Metro="4/4" Battito="3" />
      <TEMPO Inizio="233.502" Bpm="120.00" Metro="4/4" Battito="4" />
      <TEMPO Inizio="234.001" Bpm="120.00" Metro="4/4" Battito="1" />
      <TEMPO Inizio="234.502" Bpm="120.00" Metro="4/4" Battito="2" />
      <TEMPO Inizio="235.001" Bpm="120.00" Metro="4/4" Battito="3" />
      <TEMPO Inizio="235.502" Bpm="120.00" Metro="4/4" Battito="4" />
      <TEMPO Inizio="236.001" Bpm="120.00" Metro="4/4" Battito="1" />
      <TEMPO Inizio="236.502" Bpm="120.00" Metro="4/4" Battito="2" />
      <TEMPO Inizio="237.001" Bpm="120.00" Metro="4/4" Battito="3" />
      <TEMPO Inizio="237.502" Bpm="120.00" Metro="4/4" Battito="4" />
      <TEMPO Inizio="238.001" Bpm="120.00" Metro="4/4" Battito="1" />
      <TEMPO Inizio="238.502" Bpm="120.00" Metro="4/4" Battito="2" />
      <TEMPO Inizio="239.001" Bpm="120.00" Metro="4/4" Battito="3" />
      <TEMPO Inizio="239.502" Bpm="120.00" Metro="4/4" Battito="4" />
      <TEMPO Inizio="240.001" Bpm="120.00" Metro="4/4" Battito="1" />
      <TEMPO Inizio="240.502" Bpm="120.00" Metro="4/4" Battito="2" />
      <TEMPO Inizio="241.001" Bpm="120.00" Metro="4/4" Battito="3" />
      <TEMPO Inizio="241.502" Bpm="120.00" Metro="4/4" Battito="4" />
      <TEMPO Inizio="242.001" Bpm="120.00" Metro="4/4" Battito="1" />
      <TEMPO Inizio="242.502" Bpm="120.00" Metro="4/4" Battito="2" />
      <TEMPO Inizio="243.001" Bpm="120.00" Metro="4/4" Battito="3" />
      <TEMPO Inizio="243.502" Bpm="120.00" Metro="4/4" Battito="4" />
      <TEMPO Inizio="244.001" Bpm="120.00" Metro="4/4" Battito="1" />
      <TEMPO Inizio="244.502" Bpm="120.00" Metro="4/4" Battito="2" />
      <TEMPO Inizio="245.001" Bpm="120.00" Metro="4/4" Battito="3" />
      <TEMPO Inizio="245.502" Bpm="120.00" Metro="4/4" Battito="4" />
      <TEMPO Inizio="246.001" Bpm="120.00" Metro="4/4" Battito="1" />
      <TEMPO Inizio="246.502" Bpm="120.00" Metro="4/4" Battito="2" />
      <TEMPO Inizio="247.001" Bpm="120.00" Metro="4/4" Battito="3" />
      <TEMPO Inizio="247.502" Bpm="120.00" Metro="4/4" Battito="4" />
      <TEMPO Inizio="248.001" Bpm="120.00" Metro="4/4" Battito="1" />
      <TEMPO Inizio="248.502" Bpm="120.00" Metro="4/4" Battito="2" />
      <TEMPO Inizio="249.001" Bpm="120.00" Metro="4/4" Battito="3" />
      <TEMPO Inizio="249.502" Bpm="120.00" Metro="4/4" Battito="4" />
      <TEMPO Inizio="250.001" Bpm="120.00" Metro="4/4" Battito="1" />
      <TEMPO Inizio="250.502" Bpm="120.00" Metro="4/4" Battito="2" />
      <TEMPO Inizio="251.001" Bpm="120.00" Metro="4/4" Battito="3" />
      <TEMPO Inizio="251.502" Bpm="120.00" Metro="4/4" Battito="4" />
      <TEMPO Inizio="252.001" Bpm="120.00" Metro="4/4" Battito="1" />
      <TEMPO Inizio="252.502" Bpm="120.00" Metro="4/4" Battito="2" />
      <TEMPO Inizio="253.001" Bpm="120.00" Metro="4/4" Battito="3" />
      <TEMPO Inizio="253.502" Bpm="120.00" Metro="4/4" Battito="4" />
      <TEMPO Inizio="254.001" Bpm="120.00" Metro="4/4" Battito="1" />
      <TEMPO Inizio="254.502" Bpm="120.00" Metro="4/4" Battito="2" />
      <TEMPO Inizio="255.001" Bpm="120.00" Metro="4/4" Battito="3" />
      <TEMPO Inizio="255.502" Bpm="120.00" Metro="4/4" Battito="4" />
      <TEMPO Inizio="256.001" Bpm="120.00" Metro="4/4" Battito="1" />
      <TEMPO Inizio="256.502" Bpm="120.00" Metro="4/4" Battito="2" />
      <TEMPO Inizio="257.001" Bpm="120.00" Metro="4/4" Battito="3" />
      <TEMPO Inizio="257.502" Bpm="120.00" Metro="4/4" Battito="4" />
      <TEMPO Inizio="258.001" Bpm="120.00" Metro="4/4" Battito="1" />
      <TEMPO Inizio="258.502" Bpm="120.00" Metro="4/4" Battito="2" />
      <TEMPO Inizio="259.001" Bpm="120.00" Metro="4/4" Battito="3" />
      <TEMPO Inizio="259.502" Bpm="120.00" Metro="4/4" Battito="4" />
      <TEMPO Inizio="260.001" Bpm="120.00" Metro="4/4" Battito="1" />
      <TEMPO Inizio="260.502" Bpm="120.00" Metro="4/4" Battito="2" />
      <TEMPO Inizio="261.001" Bpm="120.00" Metro="4/4" Battito="3" />
      <TEMPO Inizio="261.502" Bpm="120.00" Metro="4/4" Battito="4" />
      <TEMPO Inizio="262.001" Bpm="120.00" Metro="4/4" Battito="1" />
      <TEMPO Inizio="262.502" Bpm="120.00" Metro="4/4" Battito="2" />
      <TEMPO Inizio="263.001" Bpm="120.00" Metro="4/4" Battito="3" />
      <TEMPO Inizio="263.502" Bpm="120.00" Metro="4/4" Battito="4" />
      <TEMPO Inizio="264.001" Bpm="120.00" Metro="4/4" Battito="1" />
      <TEMPO Inizio="264.502" Bpm="120.00" Metro="4/4" Battito="2" />
      <TEMPO Inizio="265.001" Bpm="120.00" Metro="4/4" Battito="3" />
      <TEMPO Inizio="265.502" Bpm="120.00" Metro="4/4" Battito="4" />
      <TEMPO Inizio="266.001" Bpm="120.00" Metro="4/4" Battito="1" />
      <TEMPO Inizio="266.502" Bpm="120.00" Metro="4/4" Battito="2" />
      <TEMPO Inizio="267.001" Bpm="120.00" Metro="4/4" Battito="3" />
      <TEMPO Inizio="267.502" Bpm="120.00" Metro="4/4" Battito="4" />
      <TEMPO Inizio="268.001" Bpm="120.00" Metro="4/4" Battito="1" />
      <TEMPO Inizio="268.502" Bpm="120.00" Metro="4/4" Battito="2" />
      <TEMPO Inizio="269.001" Bpm="120.00" Metro="4/4" Battito="3" />
      <TEMPO Inizio="269.502" Bpm="120.00" Metro="4/4" Battito="4" />
      <TEMPO Inizio="270.001" Bpm="120.00" Metro="4/4" Battito="1" />
      <TEMPO Inizio="270.502" Bpm="120.00" Metro="4/4" Battito="2" />
      <TEMPO Inizio="271.001" Bpm="120.00" Metro="4/4" Battito="3" />
      <TEMPO Inizio="271.502" Bpm="120.00" Metro="4/4" Battito="4" />
      <TEMPO Inizio="272.001" Bpm="120.00" Metro="4/4" Battito="1" />
      <TEMPO Inizio="272.502" Bpm="120.00" Metro="4/4" Battito="2" />
      <TEMPO Inizio="273.001" Bpm="120.00" Metro="4/4" Battito="3" />
      <TEMPO Inizio="273.502" Bpm="120.00" Metro="4/4" Battito="4" />
      <TEMPO Inizio="274.001" Bpm="120.00" Metro="4/4" Battito="1" />
      <TEMPO Inizio="274.502" Bpm="120.00" Metro="4/4" Battito="2" />
      <TEMPO Inizio="275.001" Bpm="120.00" Metro="4/4" Battito="3" />
      <TEMPO Inizio="275.502" Bpm="120.00" Metro="4/4" Battito="4" />
      <TEMPO Inizio="276.001" Bpm="120.00" Metro="4/4" Battito="1" />
      <TEMPO Inizio="276.502" Bpm="120.00" Metro="4/4" Battito="2" />
      <TEMPO Inizio="277.001" Bpm="120.00" Metro="4/4" Battito="3" />
      <TEMPO Inizio="277.502" Bpm="120.00" Metro="4/4" Battito="4" />
      <TEMPO Inizio="278.001" Bpm="120.00" Metro="4/4" Battito="1" />
      <TEMPO Inizio="278.502" Bpm="120.00" Metro="4/4" Battito="2" />
      <TEMPO Inizio="279.001" Bpm="120.00" Metro="4/4" Battito="3" />
      <TEMPO Inizio="279.502" Bpm="120.00" Metro="4/4" Battito="4" />
      <TEMPO Inizio="280.001" Bpm="120.00" Metro="4/4" Battito="1" />
      <TEMPO Inizio="280.502" Bpm="120.00" Metro="4/4" Battito="2" />
      <TEMPO Inizio="281.001" Bpm="120.00" Metro="4/4" Battito="3" />
      <TEMPO Inizio="281.502" Bpm="120.00" Metro="4/4" Battito="4" />
      <TEMPO Inizio="282.001" Bpm="120.00" Metro="4/4" Battito="1" />
      <TEMPO Inizio="282.502" Bpm="120.00" Metro="4/4" Battito="2" />
      <TEMPO Inizio="283.001" Bpm="120.00" Metro="4/4" Battito="3" />
      <TEMPO Inizio="283.502" Bpm="120.00" Metro="4/4" Battito="4" />
      <TEMPO Inizio="284.001" Bpm="120.00" Metro="4/4" Battito="1" />
      <TEMPO Inizio="284.502" Bpm="120.00" Metro="4/4" Battito="2" />
      <TEMPO Inizio="285.001" Bpm="120.00" Metro="4/4" Battito="3" />
      <TEMPO Inizio="285.502" Bpm="120.00" Metro="4/4" Battito="4" />
      <TEMPO Inizio="286.001" Bpm="120.00" Metro="4/4" Battito="1" />
      <TEMPO Inizio="286.502" Bpm="120.00" Metro="4/4" Battito="2" />
      <TEMPO Inizio="287.001" Bpm="120.00" Metro="4/4" Battito="3" />
      <TEMPO Inizio="287.502" Bpm="120.00" Metro="4/4" Battito="4" />
      <TEMPO Inizio="288.001" Bpm="120.00" Metro="4/4" Battito="1" />
      <TEMPO Inizio="288.502" Bpm="120.00" Metro="4/4" Battito="2" />
      <TEMPO Inizio="289.001" Bpm="120.00" Metro="4/4" Battito="3" />
      <TEMPO Inizio="289.502" Bpm="120.00" Metro="4/4" Battito="4" />
      <TEMPO Inizio="290.001" Bpm="120.00" Metro="4/4" Battito="1" />
      <TEMPO Inizio="290.502" Bpm="120.00" Metro="4/4" Battito="2" />
      <TEMPO Inizio="291.001" Bpm="120.00" Metro="4/4" Battito="3" />
      <TEMPO Inizio="291.502" Bpm="120.00" Metro="4/4" Battito="4" />
      <TEMPO Inizio="292.001" Bpm="120.00" Metro="4/4" Battito="1" />
      <TEMPO Inizio="292.502" Bpm="120.00" Metro="4/4" Battito="2" />
      <TEMPO Inizio="293.001" Bpm="120.00" Metro="4/4" Battito="3" />
      <TEMPO Inizio="293.502" Bpm="120.00" Metro="4/4" Battito="4" />
      <TEMPO Inizio="294.001" Bpm="120.00" Metro="4/4" Battito="1" />
      <TEMPO Inizio="294.502" Bpm="120.00" Metro="4/4" Battito="2" />
      <TEMPO Inizio="295.001" Bpm="120.00" Metro="4/4" Battito="3" />
      <TEMPO Inizio="295.502" Bpm="120.00" Metro="4/4" Battito="4" />
      <TEMPO Inizio="296.001" Bpm="120.00" Metro="4/4" Battito="1" />
      <TEMPO Inizio="296.502" Bpm="120.00" Metro="4/4" Battito="2" />
      <TEMPO Inizio="297.001" Bpm="120.00" Metro="4/4" Battito="3" />
      <TEMPO Inizio="297.502" Bpm="120.00" Metro="4/4" Battito="4" />
      <TEMPO Inizio="298.001" Bpm="120.00" Metro="4/4" Battito="1" />
      <TEMPO Inizio="298.502" Bpm="120.00" Metro="4/4" Battito="2" />
      <TEMPO Inizio="299.001" Bpm="120.00" Metro="4/4" Battito="3" />
      <TEMPO Inizio="299.502" Bpm="120.00" Metro="4/4" Battito="4" />
      <TEMPO Inizio="300.001" Bpm="120.00" Metro="4/4" Battito="1" />
    </TRACK>
    <TRACK TrackID="176206433" Name="My Memory (Original Mix)" Artist="Inland Knights" Composer="" Album="Stitch Up" Grouping="" Genre="House/Deep/Tech/Jazzy" Kind="AIFF File" Size="88294902" TotalTime="500" DiscNumber="0" TrackNumber="1" Year="2004" AverageBpm="124.04" DateAdded="2024-08-18" BitRate="1411" SampleRate="44100" Comments="7A - 5" PlayCount="3" Rating="0" Location="file://localhost/Users/zachvp/Music/DJ/434474_My_Memory_(Original_Mix).aiff" Remixer="" Tonality="7A" Label="Drop Music" Mix="">
      <TEMPO Inizio="0.447" Bpm="124.04" Metro="4/4" Battito="2" />
      <POSITION_MARK Name="" Type="0" Start="1.890" Num="-1" />
      <POSITION_MARK Name="" Type="0" Start="79.291" Num="-1" />
    </TRACK>
    <TRACK TrackID="104701429" Name="The Boss (Maw Mix) Maw Mix" Artist="The Braxtons" Composer="" Album="Defected Presents House Masters - Masters At Work" Grouping="" Genre="House/Deep/Tech/Jazzy" Kind="AIFF File" Size="87178098" TotalTime="491" DiscNumber="1" TrackNumber="2" Year="2014" AverageBpm="123.70" DateAdded="2024-08-18" BitRate="1411" SampleRate="44100" Comments="9B - 7" PlayCount="0" Rating="0" Location="file://localhost/Users/zachvp/Music/DJ/Various%20Artists%20-%2002.%20The%20Boss%20(Maw%20Mix)%20(Maw%20Mix).aiff" Remixer="" Tonality="9B" Label="" Mix="">
      <TEMPO Inizio="0.194" Bpm="123.70" Metro="4/4" Battito="3" />
      <TEMPO Inizio="26.872" Bpm="123.70" Metro="4/4" Battito="2" />
      <TEMPO Inizio="53.550" Bpm="123.70" Metro="4/4" Battito="1" />
      <TEMPO Inizio="80.228" Bpm="123.70" Metro="4/4" Battito="4" />
      <TEMPO Inizio="106.906" Bpm="123.70" Metro="4/4" Battito="3" />
      <TEMPO Inizio="133.584" Bpm="123.70" Metro="4/4" Battito="2" />
      <TEMPO Inizio="160.262" Bpm="123.70" Metro="4/4" Battito="1" />
      <TEMPO Inizio="186.940" Bpm="123.70" Metro="4/4" Battito="4" />
      <TEMPO Inizio="213.618" Bpm="123.70" Metro="4/4" Battito="3" />
      <TEMPO Inizio="240.296" Bpm="123.70" Metro="4/4" Battito="2" />
      <TEMPO Inizio="267.459" Bpm="123.70" Metro="4/4" Battito="2" />
      <TEMPO Inizio="294.137" Bpm="123.70" Metro="4/4" Battito="1" />
      <TEMPO Inizio="320.815" Bpm="123.70" Metro="4/4" Battito="4" />
      <TEMPO Inizio="347.493" Bpm="123.70" Metro="4/4" Battito="3" />
      <TEMPO Inizio="374.171" Bpm="123.70" Metro="4/4" Battito="2" />
      <TEMPO Inizio="400.849" Bpm="123.70" Metro="4/4" Battito="1" />
      <TEMPO Inizio="427.527" Bpm="123.70" Metro="4/4" Battito="4" />
      <TEMPO Inizio="453.720" Bpm="123.70" Metro="4/4" Battito="2" />
      <TEMPO Inizio="480.398" Bpm="123.70" Metro="4/4" Battito="1" />
    </TRACK>
    <TRACK TrackID="67594443" Name="I Want You (Extended Mix)" Artist="Nic Fanciulli, Butch" Composer="" Album="I Want You" Grouping="" Genre="House/Tech/Indie/" Kind="AIFF File" Size="90433696" TotalTime="510" DiscNumber="0" TrackNumber="1" Year="2023" AverageBpm="125.00" DateAdded="2024-08-18" BitRate="1411" SampleRate="44100" Comments="12A - 7" PlayCount="2" Rating="0" Location="file://localhost/Users/zachvp/Music/DJ/17640331_I_Want_You_(Extended_Mix).aiff" Remixer="" Tonality="12A" Label="Defected" Mix="">
      <TEMPO Inizio="0.026" Bpm="125.00" Metro="4/4" Battito="1" />
      <TEMPO Inizio="29.785" Bpm="125.00" Metro="4/4" Battito="3" />
    </TRACK>
    <TRACK TrackID="229037584" Name="War (Original Mix)" Artist="Hallow" Composer="" Album="Variations V.a" Grouping="" Genre="House/Techno/Sinister" Kind="AIFF File" Size="68757776" TotalTime="388" DiscNumber="0" TrackNumber="1" Year="2024" AverageBpm="130.00" DateAdded="2024-08-18" BitRate="1411" SampleRate="44100" Comments="5A - 7" PlayCount="0" Rating="0" Location="file://localhost/Users/zachvp/Music/DJ/19010024_War_(Original_Mix).aiff" Remixer="" Tonality="5A" Label="Psykometrik" Mix="">
      <TEMPO Inizio="0.001" Bpm="130.00" Metro="4/4" Battito="1" />
    </TRACK>
    <TRACK TrackID="177049831" Name="It's Hard To Say (Original Mix)" Artist="Eliphino" Composer="" Album="Needs 007" Grouping="" Genre="House/Tech/Breaks" Kind="AIFF File" Size="61755928" TotalTime="348" DiscNumber="0" TrackNumber="4" Year="2021" AverageBpm="133.00" DateAdded="2024-08-18" BitRate="1411" SampleRate="44100" Comments="9A - 7" PlayCount="2" Rating="0" Location="file://localhost/Users/zachvp/Music/DJ/15886146_It_s_Hard_To_Say_(Original_Mix).aiff" Remixer="" Tonality="9A" Label="Needs - Not For Profit" Mix="">
      <TEMPO Inizio="0.031" Bpm="133.00" Metro="4/4" Battito="1" />
      <POSITION_MARK Name="" Type="0" Start="72.188" Num="-1" />
      <POSITION_MARK Name="" Type="0" Start="295.962" Num="-1" />
      <POSITION_MARK Name="" Type="0" Start="0.015" Num="-1" />
    </TRACK>
    <TRACK TrackID="108302387" Name="1983 (Eric Prydz Remix)" Artist="Paolo Mojo" Composer="" Album="1983" Grouping="" Genre="House/Tech/Indie/Retro" Kind="AIFF File" Size="127162868" TotalTime="720" DiscNumber="0" TrackNumber="1" Year="2006" AverageBpm="126.00" DateAdded="2024-08-18" BitRate="1411" SampleRate="44100" Comments="7A - 7" PlayCount="0" Rating="0" Location="file://localhost/Users/zachvp/Music/DJ/159678_1983_(Eric_Prydz_Remix).aiff" Remixer="" Tonality="7A" Label="Pryda Friends" Mix="">
      <TEMPO Inizio="0.081" Bpm="126.00" Metro="4/4" Battito="4" />
    </TRACK>
    <TRACK TrackID="135967156" Name="girl$ (Extended)" Artist="Dom Dolla" Composer="" Album="girl$ (Extended)" Grouping="" Genre="House/Tech/Breaks" Kind="AIFF File" Size="58845792" TotalTime="333" DiscNumber="0" TrackNumber="1" Year="2024" AverageBpm="134.00" DateAdded="2024-08-18" BitRate="1411" SampleRate="44100" Comments="6A - 6" PlayCount="1" Rating="0" Location="file://localhost/Users/zachvp/Music/DJ/19120144_girl$_(Extended).aiff" Remixer="" Tonality="6A" Label="Three Six Zero Recordings/Columbia Records" Mix="">
      <TEMPO Inizio="0.003" Bpm="134.00" Metro="4/4" Battito="1" />
      <POSITION_MARK Name="" Type="0" Start="57.320" Num="-1" />
      <POSITION_MARK Name="" Type="0" Start="272.246" Num="-1" />
    </TRACK>
    <TRACK TrackID="250848451" Name="Lundström (Original Mix)" Artist="Freestyle Man" Composer="" Album="Love Situation" Grouping="" Genre="House/Deep/Tech/Jazzy" Kind="AIFF File" Size="79091278" TotalTime="447" DiscNumber="0" TrackNumber="2" Year="2024" AverageBpm="123.38" DateAdded="2024-08-18" BitRate="1411" SampleRate="44100" Comments="9A - 5" PlayCount="0" Rating="0" Location="file://localhost/Users/zachvp/Music/DJ/19013327_Lundstr%c3%b6m_(Original_Mix).aiff" Remixer="" Tonality="9A" Label="Moodmusic" Mix="">
      <TEMPO Inizio="0.462" Bpm="123.38" Metro="4/4" Battito="2" />
      <TEMPO Inizio="4.353" Bpm="123.38" Metro="4/4" Battito="2" />
      <TEMPO Inizio="65.626" Bpm="123.38" Metro="4/4" Battito="4" />
      <TEMPO Inizio="133.221" Bpm="123.38" Metro="4/4" Battito="3" />
      <TEMPO Inizio="200.816" Bpm="123.38" Metro="4/4" Battito="2" />
      <TEMPO Inizio="278.137" Bpm="123.38" Metro="4/4" Battito="1" />
      <TEMPO Inizio="345.732" Bpm="123.38" Metro="4/4" Battito="4" />
      <TEMPO Inizio="413.327" Bpm="123.38" Metro="4/4" Battito="3" />
    </TRACK>
    <TRACK TrackID="7677156" Name="Clsoe To You (Masters At Work Remix) Masters At Work Remix" Artist="The Brand New Heavies" Composer="" Album="Defected Presents House Masters - Masters At Work" Grouping="" Genre="House/Deep/Tech/Jazzy" Kind="AIFF File" Size="99370010" TotalTime="560" DiscNumber="1" TrackNumber="39" Year="2014" AverageBpm="124.40" DateAdded="2024-08-18" BitRate="1411" SampleRate="44100" Comments="1A - 6" PlayCount="0" Rating="0" Location="file://localhost/Users/zachvp/Music/DJ/Various%20Artists%20-%2039.%20Clsoe%20To%20You%20(Masters%20At%20Work%20Rem.aiff" Remixer="" Tonality="1A" Label="" Mix="">
      <TEMPO Inizio="0.129" Bpm="124.40" Metro="4/4" Battito="1" />
      <TEMPO Inizio="43.054" Bpm="124.40" Metro="4/4" Battito="2" />
      <TEMPO Inizio="84.532" Bpm="124.40" Metro="4/4" Battito="4" />
      <TEMPO Inizio="127.457" Bpm="124.40" Metro="4/4" Battito="1" />
      <TEMPO Inizio="168.935" Bpm="124.40" Metro="4/4" Battito="3" />
      <TEMPO Inizio="211.860" Bpm="124.40" Metro="4/4" Battito="4" />
      <TEMPO Inizio="253.338" Bpm="124.40" Metro="4/4" Battito="2" />
      <TEMPO Inizio="294.816" Bpm="124.40" Metro="4/4" Battito="4" />
      <TEMPO Inizio="337.741" Bpm="124.40" Metro="4/4" Battito="1" />
      <TEMPO Inizio="379.219" Bpm="124.40" Metro="4/4" Battito="3" />
      <TEMPO Inizio="420.697" Bpm="124.40" Metro="4/4" Battito="1" />
      <TEMPO Inizio="463.622" Bpm="124.40" Metro="4/4" Battito="2" />
      <TEMPO Inizio="505.100" Bpm="124.40" Metro="4/4" Battito="4" />
      <TEMPO Inizio="548.025" Bpm="124.40" Metro="4/4" Battito="1" />
    </TRACK>
    <TRACK TrackID="245799560" Name="Coco Kane" Artist="Nico Lahs" Composer="" Album="Makeup - The Edits (Compiled by Camille &amp; Chez Damier - Nico Lahs Edits)" Grouping="" Genre="House/Deep/Tech/Jazzy" Kind="AIFF File" Size="108537890" TotalTime="409" DiscNumber="0" TrackNumber="1" Year="2021" AverageBpm="123.00" DateAdded="2024-08-18" BitRate="2116" SampleRate="44100" Comments="1A - 6" PlayCount="4" Rating="0" Location="file://localhost/Users/zachvp/Music/DJ/Nico%20Lahs%20-%20Coco%20Kane.aiff" Remixer="" Tonality="1A" Label="" Mix="">
      <TEMPO Inizio="0.003" Bpm="123.00" Metro="4/4" Battito="1" />
      <POSITION_MARK Name="" Type="0" Start="58.557" Num="-1" />
      <POSITION_MARK Name="" Type="0" Start="292.682" Num="-1" />
      <POSITION_MARK Name="" Type="0" Start="327.792" Num="-1" />
      <POSITION_MARK Name="" Type="0" Start="359.021" Num="-1" />
      <POSITION_MARK Name="" Type="0" Start="31.239" Num="-1" />
    </TRACK>
    <TRACK TrackID="72162872" Name="Be Right There (Original Mix)" Artist="Santone" Composer="" Album="Foundations" Grouping="" Genre="House/Deep/Tech/" Kind="AIFF File" Size="96449438" TotalTime="546" DiscNumber="0" TrackNumber="7" Year="2007" AverageBpm="125.00" DateAdded="2024-08-18" BitRate="1411" SampleRate="44100" Comments="1A - 6" PlayCount="1" Rating="0" Location="file://localhost/Users/zachvp/Music/DJ/377145_Be_Right_There_(Original_Mix).aiff" Remixer="" Tonality="1A" Label="Mixx Records" Mix="">
      <TEMPO Inizio="0.005" Bpm="125.00" Metro="4/4" Battito="1" />
      <TEMPO Inizio="24.006" Bpm="125.00" Metro="4/4" Battito="3" />
      <TEMPO Inizio="129.127" Bpm="125.00" Metro="4/4" Battito="2" />
      <TEMPO Inizio="233.768" Bpm="125.00" Metro="4/4" Battito="4" />
      <TEMPO Inizio="338.409" Bpm="125.00" Metro="4/4" Battito="2" />
      <TEMPO Inizio="443.530" Bpm="125.00" Metro="4/4" Battito="1" />
      <POSITION_MARK Name="" Type="0" Start="61.446" Num="-1" />
      <POSITION_MARK Name="" Type="0" Start="284.181" Num="-1" />
      <POSITION_MARK Name="" Type="0" Start="330.253" Num="-1" />
      <POSITION_MARK Name="" Type="0" Start="299.524" Num="-1" />
      <POSITION_MARK Name="" Type="0" Start="360.978" Num="-1" />
      <POSITION_MARK Name="" Type="0" Start="424.325" Num="-1" />
    </TRACK>
    <TRACK TrackID="730032" Name="Frome (Original Mix)" Artist="Call Edan" Composer="" Album="Basement Grooves, Vol. 1" Grouping="" Genre="House/Deep/Tech/" Kind="AIFF File" Size="71735012" TotalTime="403" DiscNumber="0" TrackNumber="2" Year="2024" AverageBpm="126.00" DateAdded="2024-08-18" BitRate="1411" SampleRate="44100" Comments="5A - 6" PlayCount="2" Rating="0" Location="file://localhost/Users/zachvp/Music/DJ/18740819_Frome_(Original_Mix).aiff" Remixer="" Tonality="5A" Label="Sounds Better" Mix="">
      <TEMPO Inizio="0.002" Bpm="126.00" Metro="4/4" Battito="1" />
      <TEMPO Inizio="116.193" Bpm="126.00" Metro="4/4" Battito="1" />
      <TEMPO Inizio="312.384" Bpm="126.00" Metro="4/4" Battito="1" />
      <POSITION_MARK Name="" Type="0" Start="1.907" Num="-1" />
      <POSITION_MARK Name="" Type="0" Start="32.370" Num="-1" />
      <POSITION_MARK Name="" Type="0" Start="62.856" Num="-1" />
      <POSITION_MARK Name="" Type="0" Start="123.817" Num="-1" />
      <POSITION_MARK Name="" Type="0" Start="184.753" Num="-1" />
      <POSITION_MARK Name="" Type="0" Start="215.237" Num="-1" />
      <POSITION_MARK Name="" Type="0" Start="245.723" Num="-1" />
      <POSITION_MARK Name="" Type="0" Start="276.198" Num="-1" />
      <POSITION_MARK Name="" Type="0" Start="306.675" Num="-1" />
      <POSITION_MARK Name="" Type="0" Start="337.144" Num="-1" />
    </TRACK>
    <TRACK TrackID="146249216" Name="Montana (Original Mix)" Artist="Contakt" Composer="" Album="Groovecore United Vol. 2" Grouping="" Genre="House/Techno/" Kind="AIFF File" Size="66159480" TotalTime="357" DiscNumber="0" TrackNumber="6" Year="2023" AverageBpm="140.00" DateAdded="2024-08-18" BitRate="1411" SampleRate="44100" Comments="3A - 6" PlayCount="0" Rating="0" Location="file://localhost/Users/zachvp/Music/DJ/18180126_Montana_(Original_Mix).aiff" Remixer="" Tonality="3A" Label="Twice Infinity Records" Mix="">
      <TEMPO Inizio="0.214" Bpm="140.00" Metro="4/4" Battito="1" />
    </TRACK>
    <TRACK TrackID="44949022" Name="Crazy Love (Krazy Dub) Krazy Dub" Artist="Ce Ce Peniston" Composer="" Album="Defected Presents House Masters - Masters At Work" Grouping="" Genre="House/Deep/Tech/Jazzy" Kind="AIFF File" Size="78844476" TotalTime="443" DiscNumber="1" TrackNumber="35" Year="2014" AverageBpm="122.01" DateAdded="2024-08-18" BitRate="1411" SampleRate="44100" Comments="8A - 6" PlayCount="0" Rating="0" Location="file://localhost/Users/zachvp/Music/DJ/Various%20Artists%20-%2035.%20Crazy%20Love%20(Krazy%20Dub)%20(Krazy%20Dub.aiff" Remixer="" Tonality="8A" Label="" Mix="">
      <TEMPO Inizio="0.231" Bpm="122.01" Metro="4/4" Battito="1" />
    </TRACK>
    <TRACK TrackID="137398199" Name="Chorus 1" Artist="Cri Du Coeur" Composer="" Album="Chorus EP" Grouping="" Genre="House/Tech/Breaks" Kind="AIFF File" Size="59818282" TotalTime="338" DiscNumber="0" TrackNumber="3" Year="2024" AverageBpm="148.00" DateAdded="2024-08-18" BitRate="1411" SampleRate="44100" Comments="4A - 6" PlayCount="0" Rating="0" Location="file://localhost/Users/zachvp/Music/DJ/Cri%20Du%20Coeur%20-%20Chorus%201.aiff" Remixer="" Tonality="4A" Label="" Mix="">
      <TEMPO Inizio="0.057" Bpm="148.00" Metro="4/4" Battito="4" />
      <TEMPO Inizio="0.463" Bpm="148.00" Metro="4/4" Battito="1" />
    </TRACK>
    <TRACK TrackID="125000135" Name="Thrill Me (Masters At Work House Mix) Masters At Work House Mix" Artist="Simply Red" Composer="" Album="Defected Presents House Masters - Masters At Work" Grouping="" Genre="House/Deep/Tech/Jazzy" Kind="AIFF File" Size="64827120" TotalTime="364" DiscNumber="1" TrackNumber="15" Year="2014" AverageBpm="122.08" DateAdded="2024-08-18" BitRate="1411" SampleRate="44100" Comments="8A - 6" PlayCount="0" Rating="0" Location="file://localhost/Users/zachvp/Music/DJ/Various%20Artists%20-%2015.%20Thrill%20Me%20(Masters%20At%20Work%20House%20.aiff" Remixer="" Tonality="8A" Label="" Mix="">
      <TEMPO Inizio="0.168" Bpm="122.08" Metro="4/4" Battito="1" />
      <TEMPO Inizio="90.108" Bpm="122.08" Metro="4/4" Battito="4" />
      <TEMPO Inizio="216.909" Bpm="122.08" Metro="4/4" Battito="2" />
      <TEMPO Inizio="344.693" Bpm="122.08" Metro="4/4" Battito="2" />
    </TRACK>
    <TRACK TrackID="134165054" Name="Tech IQ (Original Mix)" Artist="Orlando Voorn" Composer="" Album="No Cellphones EP" Grouping="" Genre="House/Techno/" Kind="AIFF File" Size="69309320" TotalTime="391" DiscNumber="0" TrackNumber="3" Year="2024" AverageBpm="124.00" DateAdded="2024-08-18" BitRate="1411" SampleRate="44100" Comments="5A - 6" PlayCount="0" Rating="0" Location="file://localhost/Users/zachvp/Music/DJ/18945129_Tech_IQ_(Original_Mix).aiff" Remixer="" Tonality="5A" Label="Kompakt" Mix="">
      <TEMPO Inizio="0.054" Bpm="124.00" Metro="4/4" Battito="1" />
    </TRACK>
    <TRACK TrackID="260921215" Name="Hip Hop (Masters at Work Dub) Masters at Work Dub" Artist="Chris Cuevas" Composer="" Album="Defected Presents House Masters - Masters At Work" Grouping="" Genre="House/Deep/Tech/" Kind="AIFF File" Size="36051250" TotalTime="201" DiscNumber="1" TrackNumber="24" Year="2014" AverageBpm="119.94" DateAdded="2024-08-18" BitRate="1411" SampleRate="44100" Comments="5A - 6" PlayCount="0" Rating="0" Location="file://localhost/Users/zachvp/Music/DJ/Various%20Artists%20-%2024.%20Hip%20Hop%20(Masters%20at%20Work%20Dub)%20(Ma.aiff" Remixer="" Tonality="5A" Label="" Mix="">
      <TEMPO Inizio="0.189" Bpm="119.94" Metro="4/4" Battito="1" />
      <TEMPO Inizio="0.690" Bpm="119.94" Metro="4/4" Battito="2" />
      <TEMPO Inizio="42.710" Bpm="119.94" Metro="4/4" Battito="2" />
      <TEMPO Inizio="88.732" Bpm="119.94" Metro="4/4" Battito="2" />
      <TEMPO Inizio="130.752" Bpm="119.94" Metro="4/4" Battito="2" />
      <TEMPO Inizio="178.775" Bpm="119.94" Metro="4/4" Battito="2" />
    </TRACK>
    <TRACK TrackID="242266151" Name="Ndeko Solo (Voilaaa Remix)" Artist="Afriquoi" Composer="" Album="Time is A Gift Which We Share All The Time" Grouping="" Genre="House/Deep/Tech/Jazzy" Kind="AIFF File" Size="52209852" TotalTime="294" DiscNumber="0" TrackNumber="5" Year="2020" AverageBpm="120.00" DateAdded="2024-08-18" BitRate="1411" SampleRate="44100" Comments="8A - 7" PlayCount="5" Rating="0" Location="file://localhost/Users/zachvp/Music/DJ/13803654_Ndeko_Solo_(Voilaaa_Remix).aiff" Remixer="" Tonality="8A" Label="Mawimbi" Mix="">
      <TEMPO Inizio="0.205" Bpm="120.00" Metro="4/4" Battito="1" />
      <POSITION_MARK Name="" Type="0" Start="32.200" Num="-1" />
      <POSITION_MARK Name="" Type="0" Start="256.218" Num="-1" />
      <POSITION_MARK Name="" Type="0" Start="192.201" Num="-1" />
      <POSITION_MARK Name="" Type="0" Start="0.187" Num="-1" />
    </TRACK>
    <TRACK TrackID="139390350" Name="Zabalaza (MAW Original Mix) MAW Original Mix" Artist="B.O.P." Composer="" Album="Defected Presents House Masters - Masters At Work" Grouping="" Genre="House/Deep/Tech/Jazzy" Kind="AIFF File" Size="82571766" TotalTime="464" DiscNumber="1" TrackNumber="40" Year="2014" AverageBpm="125.03" DateAdded="2024-08-18" BitRate="1411" SampleRate="44100" Comments="1A - 5" PlayCount="0" Rating="0" Location="file://localhost/Users/zachvp/Music/DJ/Various%20Artists%20-%2040.%20Zabalaza%20(MAW%20Original%20Mix)%20(MAW%20.aiff" Remixer="" Tonality="1A" Label="" Mix="">
      <TEMPO Inizio="0.217" Bpm="125.03" Metro="4/4" Battito="1" />
    </TRACK>
    <TRACK TrackID="47097731" Name="Backfired (feat. India)" Artist="Masters At Work" Composer="" Album="Defected Presents House Masters - Masters At Work" Grouping="" Genre="House/Tech/Indie/Disco" Kind="AIFF File" Size="80096172" TotalTime="450" DiscNumber="1" TrackNumber="4" Year="2014" AverageBpm="123.03" DateAdded="2024-08-18" BitRate="1411" SampleRate="44100" Comments="8A - 7" PlayCount="1" Rating="0" Location="file://localhost/Users/zachvp/Music/DJ/Various%20Artists%20-%2004.%20Backfired%20(feat.%20India).aiff" Remixer="" Tonality="8A" Label="" Mix="">
      <TEMPO Inizio="0.208" Bpm="123.03" Metro="4/4" Battito="1" />
      <POSITION_MARK Name="" Type="0" Start="15.785" Num="-1" />
      <POSITION_MARK Name="" Type="0" Start="320.123" Num="-1" />
      <POSITION_MARK Name="" Type="0" Start="31.418" Num="-1" />
      <POSITION_MARK Name="" Type="0" Start="179.671" Num="-1" />
      <POSITION_MARK Name="" Type="0" Start="195.277" Num="-1" />
    </TRACK>
    <TRACK TrackID="188920585" Name="Ease Your Mind (Ricanstruction Edit) Ricanstruction Edit" Artist="Los Amigos Invisibles" Composer="" Album="Defected Presents House Masters - Masters At Work" Grouping="" Genre="House/Deep/Tech/Jazzy" Kind="AIFF File" Size="75913834" TotalTime="427" DiscNumber="1" TrackNumber="32" Year="2014" AverageBpm="126.03" DateAdded="2024-08-18" BitRate="1411" SampleRate="44100" Comments="8A - 5" PlayCount="0" Rating="0" Location="file://localhost/Users/zachvp/Music/DJ/Various%20Artists%20-%2032.%20Ease%20Your%20Mind%20(Ricanstruction%20Ed.aiff" Remixer="" Tonality="8A" Label="" Mix="">
      <TEMPO Inizio="0.225" Bpm="126.03" Metro="4/4" Battito="1" />
      <TEMPO Inizio="34.027" Bpm="126.03" Metro="4/4" Battito="4" />
      <TEMPO Inizio="117.341" Bpm="126.03" Metro="4/4" Battito="3" />
      <TEMPO Inizio="200.655" Bpm="126.03" Metro="4/4" Battito="2" />
      <TEMPO Inizio="283.969" Bpm="126.03" Metro="4/4" Battito="1" />
      <TEMPO Inizio="367.283" Bpm="126.03" Metro="4/4" Battito="4" />
    </TRACK>
    <TRACK TrackID="191697241" Name="Work (feat. Puppah NasT &amp; Denise) [MAW Mix] feat. Puppah NasT &amp; Denise ; MAW Mix" Artist="Masters At Work" Composer="" Album="Defected Presents House Masters - Masters At Work" Grouping="" Genre="House/Deep/Tech/Jazzy" Kind="AIFF File" Size="56494800" TotalTime="317" DiscNumber="1" TrackNumber="18" Year="2014" AverageBpm="128.04" DateAdded="2024-08-18" BitRate="1411" SampleRate="44100" Comments="1A - 7" PlayCount="0" Rating="0" Location="file://localhost/Users/zachvp/Music/DJ/Various%20Artists%20-%2018.%20Work%20(feat.%20Puppah%20NasT%20%26%20Denise).aiff" Remixer="" Tonality="1A" Label="" Mix="">
      <TEMPO Inizio="0.196" Bpm="128.04" Metro="4/4" Battito="1" />
    </TRACK>
    <TRACK TrackID="122832991" Name="Passion (Original Mix)" Artist="The Flirts" Composer="" Album="&quot;O&quot; Records The Collection" Grouping="" Genre="House/Tech/Indie/Retro" Kind="AIFF File" Size="53665762" TotalTime="303" DiscNumber="0" TrackNumber="2" Year="2015" AverageBpm="119.44" DateAdded="2024-08-18" BitRate="1411" SampleRate="44100" Comments="9A - 7" PlayCount="0" Rating="0" Location="file://localhost/Users/zachvp/Music/DJ/10898455_Passion_(Original_Mix).aiff" Remixer="" Tonality="9A" Label="High Fashion Music" Mix="">
      <TEMPO Inizio="0.475" Bpm="119.44" Metro="4/4" Battito="1" />
      <TEMPO Inizio="77.835" Bpm="119.44" Metro="4/4" Battito="3" />
      <TEMPO Inizio="200.406" Bpm="119.44" Metro="4/4" Battito="3" />
    </TRACK>
    <TRACK TrackID="160852401" Name="Loving You (Original Mix)" Artist="Vigi" Composer="" Album="Disco Selections, Vol. 2" Grouping="" Genre="House/Deep/Tech/Jazzy" Kind="AIFF File" Size="88473602" TotalTime="486" DiscNumber="0" TrackNumber="1" Year="2023" AverageBpm="120.00" DateAdded="2024-08-18" BitRate="1411" SampleRate="44100" Comments="1A - 5" PlayCount="2" Rating="0" Location="file://localhost/Users/zachvp/Music/DJ/17492681_Loving_You_(Original_Mix).aiff" Remixer="" Tonality="1A" Label="Ravanelli Disco Club" Mix="">
      <TEMPO Inizio="0.154" Bpm="120.00" Metro="4/4" Battito="1" />
      <TEMPO Inizio="477.655" Bpm="120.00" Metro="4/4" Battito="4" />
      <TEMPO Inizio="478.154" Bpm="120.00" Metro="4/4" Battito="1" />
      <TEMPO Inizio="478.655" Bpm="120.00" Metro="4/4" Battito="2" />
      <TEMPO Inizio="479.154" Bpm="120.00" Metro="4/4" Battito="3" />
      <TEMPO Inizio="479.655" Bpm="120.00" Metro="4/4" Battito="4" />
      <TEMPO Inizio="480.154" Bpm="120.00" Metro="4/4" Battito="1" />
      <TEMPO Inizio="480.655" Bpm="120.00" Metro="4/4" Battito="2" />
      <TEMPO Inizio="481.154" Bpm="120.00" Metro="4/4" Battito="3" />
      <TEMPO Inizio="481.655" Bpm="120.00" Metro="4/4" Battito="4" />
      <TEMPO Inizio="482.154" Bpm="120.00" Metro="4/4" Battito="1" />
      <TEMPO Inizio="482.655" Bpm="120.00" Metro="4/4" Battito="2" />
      <TEMPO Inizio="483.154" Bpm="120.00" Metro="4/4" Battito="3" />
      <TEMPO Inizio="483.655" Bpm="120.00" Metro="4/4" Battito="4" />
      <TEMPO Inizio="484.154" Bpm="120.00" Metro="4/4" Battito="1" />
      <TEMPO Inizio="484.655" Bpm="120.00" Metro="4/4" Battito="2" />
      <TEMPO Inizio="485.154" Bpm="120.00" Metro="4/4" Battito="3" />
      <TEMPO Inizio="485.655" Bpm="120.00" Metro="4/4" Battito="4" />
      <TEMPO Inizio="486.154" Bpm="120.00" Metro="4/4" Battito="1" />
      <TEMPO Inizio="486.655" Bpm="120.00" Metro="4/4" Battito="2" />
      <POSITION_MARK Name="" Type="0" Start="32.150" Num="-1" />
      <POSITION_MARK Name="" Type="0" Start="416.158" Num="-1" />
    </TRACK>
    <TRACK TrackID="200227629" Name="Sky Light (Original Mix)" Artist="Big Ever" Composer="" Album="Sky Light / Hollywood" Grouping="" Genre="House/Deep/Tech/" Kind="AIFF File" Size="52042354" TotalTime="289" DiscNumber="0" TrackNumber="1" Year="2023" AverageBpm="133.00" DateAdded="2024-08-18" BitRate="1411" SampleRate="44100" Comments="11A - 5" PlayCount="1" Rating="0" Location="file://localhost/Users/zachvp/Music/DJ/18086851_Sky_Light_(Original_Mix).aiff" Remixer="" Tonality="11A" Label="In A Funk With A Growing Fear" Mix="">
      <TEMPO Inizio="0.170" Bpm="133.00" Metro="4/4" Battito="1" />
      <TEMPO Inizio="0.622" Bpm="133.00" Metro="4/4" Battito="2" />
    </TRACK>
    <TRACK TrackID="69202812" Name="I Can't Get No Sleep (feat. India) [Ken Lou 12&quot; Mix] feat. India ; Ken Lou 12&quot; Mix" Artist="Masters At Work" Composer="" Album="Defected Presents House Masters - Masters At Work" Grouping="" Genre="House/Deep/Tech/Jazzy" Kind="AIFF File" Size="72007226" TotalTime="405" DiscNumber="1" TrackNumber="11" Year="2014" AverageBpm="123.33" DateAdded="2024-08-18" BitRate="1411" SampleRate="44100" Comments="1A - 6" PlayCount="0" Rating="0" Location="file://localhost/Users/zachvp/Music/DJ/Various%20Artists%20-%2011.%20I%20Can%27t%20Get%20No%20Sleep%20(feat.%20India.aiff" Remixer="" Tonality="1A" Label="" Mix="">
      <TEMPO Inizio="0.091" Bpm="123.33" Metro="4/4" Battito="1" />
      <TEMPO Inizio="40.469" Bpm="123.33" Metro="4/4" Battito="4" />
      <TEMPO Inizio="90.577" Bpm="123.33" Metro="4/4" Battito="3" />
      <TEMPO Inizio="140.685" Bpm="123.33" Metro="4/4" Battito="2" />
      <TEMPO Inizio="190.793" Bpm="123.33" Metro="4/4" Battito="1" />
      <TEMPO Inizio="240.901" Bpm="123.33" Metro="4/4" Battito="4" />
      <TEMPO Inizio="291.009" Bpm="123.33" Metro="4/4" Battito="3" />
      <TEMPO Inizio="341.117" Bpm="123.33" Metro="4/4" Battito="2" />
      <TEMPO Inizio="391.225" Bpm="123.33" Metro="4/4" Battito="1" />
    </TRACK>
    <TRACK TrackID="51147440" Name="Fly Like An Eagle (Slippin' Dub) Slippin' Dub" Artist="MAW" Composer="" Album="Defected Presents House Masters - Masters At Work" Grouping="" Genre="House/Deep/Tech/Jazzy" Kind="AIFF File" Size="65954132" TotalTime="370" DiscNumber="1" TrackNumber="27" Year="2014" AverageBpm="121.88" DateAdded="2024-08-18" BitRate="1411" SampleRate="44100" Comments="7A - 6" PlayCount="0" Rating="0" Location="file://localhost/Users/zachvp/Music/DJ/Various%20Artists%20-%2027.%20Fly%20Like%20An%20Eagle%20(Slippin%27%20Dub)%20.aiff" Remixer="" Tonality="7A" Label="" Mix="">
      <TEMPO Inizio="0.093" Bpm="121.88" Metro="4/4" Battito="4" />
      <TEMPO Inizio="2.555" Bpm="121.88" Metro="4/4" Battito="1" />
      <TEMPO Inizio="84.766" Bpm="121.88" Metro="4/4" Battito="4" />
      <TEMPO Inizio="166.977" Bpm="121.88" Metro="4/4" Battito="3" />
      <TEMPO Inizio="256.080" Bpm="121.88" Metro="4/4" Battito="4" />
      <TEMPO Inizio="341.737" Bpm="121.88" Metro="4/4" Battito="2" />
    </TRACK>
    <TRACK TrackID="129817230" Name="Funky People (feat. Cassio Ware) [Masters At Work Main Mix] Masters At Work Main Mix" Artist="Funky People" Composer="" Album="Defected Presents House Masters - Masters At Work" Grouping="" Genre="House/Deep/Tech/Jazzy" Kind="AIFF File" Size="81040142" TotalTime="456" DiscNumber="1" TrackNumber="13" Year="2014" AverageBpm="124.60" DateAdded="2024-08-18" BitRate="1411" SampleRate="44100" Comments="1A - 6" PlayCount="0" Rating="0" Location="file://localhost/Users/zachvp/Music/DJ/Various%20Artists%20-%2013.%20Funky%20People%20(feat.%20Cassio%20Ware)%20.aiff" Remixer="" Tonality="1A" Label="" Mix="">
      <TEMPO Inizio="0.369" Bpm="124.60" Metro="4/4" Battito="3" />
    </TRACK>
    <TRACK TrackID="49846218" Name="Losin' Myself (Masters at Work 12&quot; Version) Masters at Work 12&quot; Version" Artist="Debbie Gibson" Composer="" Album="Defected Presents House Masters - Masters At Work" Grouping="" Genre="Lounge/" Kind="AIFF File" Size="62374108" TotalTime="350" DiscNumber="1" TrackNumber="28" Year="2014" AverageBpm="95.01" DateAdded="2024-08-18" BitRate="1411" SampleRate="44100" Comments="7A - 6" PlayCount="0" Rating="0" Location="file://localhost/Users/zachvp/Music/DJ/Various%20Artists%20-%2028.%20Losin%27%20Myself%20(Masters%20at%20Work%2012.aiff" Remixer="" Tonality="7A" Label="" Mix="">
      <TEMPO Inizio="0.479" Bpm="95.01" Metro="4/4" Battito="4" />
    </TRACK>
    <TRACK TrackID="25898876" Name="Thank You (Maw 12&quot; Mix) Maw 12&quot; Mix" Artist="Bebe Winans" Composer="" Album="Defected Presents House Masters - Masters At Work" Grouping="" Genre="House/Deep/Tech/Jazzy" Kind="AIFF File" Size="109281172" TotalTime="616" DiscNumber="1" TrackNumber="1" Year="2014" AverageBpm="124.12" DateAdded="2024-08-18" BitRate="1411" SampleRate="44100" Comments="5A - 7" PlayCount="0" Rating="0" Location="file://localhost/Users/zachvp/Music/DJ/Various%20Artists%20-%2001.%20Thank%20You%20(Maw%2012_%20Mix)%20(Maw%2012_%20.aiff" Remixer="" Tonality="5A" Label="" Mix="">
      <TEMPO Inizio="0.339" Bpm="124.12" Metro="4/4" Battito="1" />
      <TEMPO Inizio="0.823" Bpm="124.12" Metro="4/4" Battito="2" />
      <TEMPO Inizio="31.278" Bpm="124.12" Metro="4/4" Battito="1" />
      <TEMPO Inizio="121.675" Bpm="124.12" Metro="4/4" Battito="4" />
      <TEMPO Inizio="194.186" Bpm="124.12" Metro="4/4" Battito="2" />
      <TEMPO Inizio="264.280" Bpm="124.12" Metro="4/4" Battito="3" />
      <TEMPO Inizio="336.791" Bpm="124.12" Metro="4/4" Battito="1" />
      <TEMPO Inizio="411.719" Bpm="124.12" Metro="4/4" Battito="4" />
      <TEMPO Inizio="484.230" Bpm="124.12" Metro="4/4" Battito="2" />
      <TEMPO Inizio="556.741" Bpm="124.12" Metro="4/4" Battito="4" />
    </TRACK>
    <TRACK TrackID="249651195" Name="Bluesky (Neverdogs Remix)" Artist="Manu Desrets" Composer="" Album="Bluesky" Grouping="" Genre="House/Deep/Tech/Spacey" Kind="AIFF File" Size="65168328" TotalTime="358" DiscNumber="0" TrackNumber="2" Year="2023" AverageBpm="130.00" DateAdded="2024-08-18" BitRate="1411" SampleRate="44100" Comments="7A - 6" PlayCount="2" Rating="0" Location="file://localhost/Users/zachvp/Music/DJ/17609212_Bluesky_(Neverdogs_Remix).aiff" Remixer="" Tonality="7A" Label="Family Partner" Mix="">
      <TEMPO Inizio="0.005" Bpm="130.00" Metro="4/4" Battito="1" />
      <POSITION_MARK Name="" Type="0" Start="59.071" Num="-1" />
      <POSITION_MARK Name="" Type="0" Start="239.992" Num="-1" />
      <POSITION_MARK Name="" Type="0" Start="291.695" Num="-1" />
      <POSITION_MARK Name="" Type="0" Start="306.458" Num="-1" />
    </TRACK>
    <TRACK TrackID="228694074" Name="Anywhere (Original Mix)" Artist="Madness Ba" Composer="" Album="Somewhere" Grouping="" Genre="House/Deep/Tech/" Kind="AIFF File" Size="74149694" TotalTime="419" DiscNumber="0" TrackNumber="2" Year="2017" AverageBpm="124.00" DateAdded="2024-08-18" BitRate="1411" SampleRate="44100" Comments="11A - 6" PlayCount="1" Rating="0" Location="file://localhost/Users/zachvp/Music/DJ/9955721_Anywhere_(Original_Mix).aiff" Remixer="" Tonality="11A" Label="Platform 7even" Mix="">
      <TEMPO Inizio="0.000" Bpm="124.00" Metro="4/4" Battito="1" />
    </TRACK>
    <TRACK TrackID="63041850" Name="Gorel (Piano Dub) Piano Dub" Artist="Baaba Maal" Composer="" Album="Defected Presents House Masters - Masters At Work" Grouping="" Genre="House/Deep/Tech/Jazzy" Kind="AIFF File" Size="78715572" TotalTime="443" DiscNumber="1" TrackNumber="36" Year="2014" AverageBpm="124.50" DateAdded="2024-08-18" BitRate="1411" SampleRate="44100" Comments="8A - 6" PlayCount="2" Rating="0" Location="file://localhost/Users/zachvp/Music/DJ/Various%20Artists%20-%2036.%20Gorel%20(Piano%20Dub)%20(Piano%20Dub).aiff" Remixer="" Tonality="8A" Label="" Mix="">
      <TEMPO Inizio="0.208" Bpm="124.50" Metro="4/4" Battito="1" />
      <POSITION_MARK Name="" Type="0" Start="46.465" Num="-1" />
    </TRACK>
    <TRACK TrackID="160477678" Name="You No Good to Me (Mele Remix - Edit)" Artist="Elisa Elisa" Composer="" Album="You No Good to Me (Mele Remix)" Grouping="" Genre="House/Tech/Organic" Kind="AIFF File" Size="42054022" TotalTime="230" DiscNumber="0" TrackNumber="1" Year="2024" AverageBpm="127.00" DateAdded="2024-08-18" BitRate="1411" SampleRate="44100" Comments="10A - 6" PlayCount="1" Rating="0" Location="file://localhost/Users/zachvp/Music/DJ/18967511_You_No_Good_to_Me_(Mele_Remix_-_Edit).aiff" Remixer="" Tonality="10A" Label="Heist Recordings" Mix="">
      <TEMPO Inizio="0.003" Bpm="127.00" Metro="4/4" Battito="1" />
      <TEMPO Inizio="0.476" Bpm="127.00" Metro="4/4" Battito="2" />
      <TEMPO Inizio="12.760" Bpm="127.00" Metro="4/4" Battito="4" />
      <TEMPO Inizio="52.918" Bpm="127.00" Metro="4/4" Battito="1" />
      <TEMPO Inizio="85.517" Bpm="127.00" Metro="4/4" Battito="2" />
      <TEMPO Inizio="125.675" Bpm="127.00" Metro="4/4" Battito="3" />
      <TEMPO Inizio="158.274" Bpm="127.00" Metro="4/4" Battito="4" />
      <TEMPO Inizio="198.432" Bpm="127.00" Metro="4/4" Battito="1" />
    </TRACK>
    <TRACK TrackID="187400038" Name="Dancing In Outer Space (Lunar Mix Part 1) Lunar Mix Part 1" Artist="Atmosfear" Composer="" Album="Defected Presents House Masters - Masters At Work" Grouping="" Genre="House/Deep/Tech/Jazzy" Kind="AIFF File" Size="90881842" TotalTime="512" DiscNumber="1" TrackNumber="25" Year="2014" AverageBpm="126.98" DateAdded="2024-08-18" BitRate="1411" SampleRate="44100" Comments="8A - 6" PlayCount="0" Rating="0" Location="file://localhost/Users/zachvp/Music/DJ/Various%20Artists%20-%2025.%20Dancing%20In%20Outer%20Space%20(Lunar%20Mix.aiff" Remixer="" Tonality="8A" Label="" Mix="">
      <TEMPO Inizio="0.205" Bpm="126.98" Metro="4/4" Battito="1" />
    </TRACK>
    <TRACK TrackID="7928795" Name="When You Touch Me (feat. India) [M.A.W. Remix] feat. India ; M.A.W. Remix" Artist="Masters At Work" Composer="" Album="Defected Presents House Masters - Masters At Work" Grouping="" Genre="House/Deep/Tech/Jazzy" Kind="AIFF File" Size="104764144" TotalTime="590" DiscNumber="1" TrackNumber="12" Year="2014" AverageBpm="121.85" DateAdded="2024-08-18" BitRate="1411" SampleRate="44100" Comments="6A - 8" PlayCount="0" Rating="0" Location="file://localhost/Users/zachvp/Music/DJ/Various%20Artists%20-%2012.%20When%20You%20Touch%20Me%20(feat.%20India)%20%5b.aiff" Remixer="" Tonality="6A" Label="" Mix="">
      <TEMPO Inizio="0.175" Bpm="121.85" Metro="4/4" Battito="4" />
      <TEMPO Inizio="0.668" Bpm="121.85" Metro="4/4" Battito="1" />
      <TEMPO Inizio="46.955" Bpm="121.85" Metro="4/4" Battito="3" />
      <TEMPO Inizio="84.871" Bpm="121.85" Metro="4/4" Battito="4" />
      <TEMPO Inizio="131.158" Bpm="121.85" Metro="4/4" Battito="2" />
      <TEMPO Inizio="169.074" Bpm="121.85" Metro="4/4" Battito="3" />
      <TEMPO Inizio="217.823" Bpm="121.85" Metro="4/4" Battito="2" />
      <TEMPO Inizio="253.277" Bpm="121.85" Metro="4/4" Battito="2" />
      <TEMPO Inizio="302.026" Bpm="121.85" Metro="4/4" Battito="1" />
      <TEMPO Inizio="337.480" Bpm="121.85" Metro="4/4" Battito="1" />
      <TEMPO Inizio="386.229" Bpm="121.85" Metro="4/4" Battito="4" />
      <TEMPO Inizio="424.145" Bpm="121.85" Metro="4/4" Battito="1" />
      <TEMPO Inizio="470.432" Bpm="121.85" Metro="4/4" Battito="3" />
      <TEMPO Inizio="508.348" Bpm="121.85" Metro="4/4" Battito="4" />
      <TEMPO Inizio="554.635" Bpm="121.85" Metro="4/4" Battito="2" />
    </TRACK>
    <TRACK TrackID="180848444" Name="Keep Dancing (Original Mix)" Artist="Saltywax" Composer="" Album="Keep Dancing" Grouping="" Genre="House/Deep/Tech/Jazzy" Kind="AIFF File" Size="76686926" TotalTime="431" DiscNumber="0" TrackNumber="1" Year="2023" AverageBpm="126.00" DateAdded="2024-08-18" BitRate="1411" SampleRate="44100" Comments="3A - 6" PlayCount="5" Rating="0" Location="file://localhost/Users/zachvp/Music/DJ/17425783_Keep_Dancing_(Original_Mix).aiff" Remixer="" Tonality="3A" Label="Zissou Records" Mix="">
      <TEMPO Inizio="0.012" Bpm="126.00" Metro="4/4" Battito="1" />
      <TEMPO Inizio="327.630" Bpm="126.00" Metro="4/4" Battito="1" />
      <POSITION_MARK Name="" Type="0" Start="45.719" Num="-1" />
      <POSITION_MARK Name="" Type="0" Start="0.000" Num="-1" />
      <POSITION_MARK Name="" Type="0" Start="369.523" Num="-1" />
    </TRACK>
    <TRACK TrackID="254259443" Name="Only Love Can Break Your Heart (Masters at Work Dub) Masters at Work Dub" Artist="Saint Etienne" Composer="" Album="Defected Presents House Masters - Masters At Work" Grouping="" Genre="House/Deep/Tech/Jazzy" Kind="AIFF File" Size="81891492" TotalTime="461" DiscNumber="1" TrackNumber="21" Year="2014" AverageBpm="122.95" DateAdded="2024-08-18" BitRate="1411" SampleRate="44100" Comments="12A - 6" PlayCount="0" Rating="0" Location="file://localhost/Users/zachvp/Music/DJ/Various%20Artists%20-%2021.%20Only%20Love%20Can%20Break%20Your%20Heart%20(M.aiff" Remixer="" Tonality="12A" Label="" Mix="">
      <TEMPO Inizio="0.267" Bpm="122.95" Metro="4/4" Battito="4" />
      <TEMPO Inizio="52.482" Bpm="122.95" Metro="4/4" Battito="3" />
      <TEMPO Inizio="52.971" Bpm="122.95" Metro="4/4" Battito="4" />
      <TEMPO Inizio="54.922" Bpm="122.95" Metro="4/4" Battito="4" />
      <TEMPO Inizio="55.899" Bpm="122.95" Metro="4/4" Battito="2" />
      <TEMPO Inizio="57.362" Bpm="122.95" Metro="4/4" Battito="1" />
      <TEMPO Inizio="58.827" Bpm="122.95" Metro="4/4" Battito="4" />
      <TEMPO Inizio="59.802" Bpm="122.95" Metro="4/4" Battito="2" />
      <TEMPO Inizio="196.441" Bpm="122.95" Metro="4/4" Battito="2" />
      <TEMPO Inizio="197.418" Bpm="122.95" Metro="4/4" Battito="4" />
      <TEMPO Inizio="198.881" Bpm="122.95" Metro="4/4" Battito="3" />
      <TEMPO Inizio="200.346" Bpm="122.95" Metro="4/4" Battito="2" />
      <TEMPO Inizio="201.321" Bpm="122.95" Metro="4/4" Battito="4" />
      <TEMPO Inizio="203.274" Bpm="122.95" Metro="4/4" Battito="4" />
      <TEMPO Inizio="203.761" Bpm="122.95" Metro="4/4" Battito="1" />
      <TEMPO Inizio="337.960" Bpm="122.95" Metro="4/4" Battito="4" />
      <TEMPO Inizio="338.449" Bpm="122.95" Metro="4/4" Battito="1" />
      <TEMPO Inizio="340.400" Bpm="122.95" Metro="4/4" Battito="1" />
      <TEMPO Inizio="341.377" Bpm="122.95" Metro="4/4" Battito="3" />
      <TEMPO Inizio="342.840" Bpm="122.95" Metro="4/4" Battito="2" />
      <TEMPO Inizio="344.305" Bpm="122.95" Metro="4/4" Battito="1" />
      <TEMPO Inizio="345.280" Bpm="122.95" Metro="4/4" Battito="3" />
      <TEMPO Inizio="347.233" Bpm="122.95" Metro="4/4" Battito="3" />
      <TEMPO Inizio="347.720" Bpm="122.95" Metro="4/4" Battito="4" />
    </TRACK>
    <TRACK TrackID="150963107" Name="The Waves (Original Mix)" Artist="Tuccillo" Composer="" Album="The Waves EP" Grouping="" Genre="House/Deep/Tech/Jazzy" Kind="AIFF File" Size="81666876" TotalTime="447" DiscNumber="0" TrackNumber="1" Year="2023" AverageBpm="126.00" DateAdded="2024-08-18" BitRate="1411" SampleRate="44100" Comments="2A - 5" PlayCount="4" Rating="0" Location="file://localhost/Users/zachvp/Music/DJ/17738134_The_Waves_(Original_Mix).aiff" Remixer="" Tonality="2A" Label="Kaoz Theory" Mix="">
      <TEMPO Inizio="0.040" Bpm="126.00" Metro="4/4" Battito="1" />
      <POSITION_MARK Name="" Type="0" Start="91.480" Num="-1" />
      <POSITION_MARK Name="" Type="0" Start="228.592" Num="-1" />
      <POSITION_MARK Name="" Type="0" Start="274.317" Num="-1" />
      <POSITION_MARK Name="" Type="0" Start="380.986" Num="-1" />
      <POSITION_MARK Name="" Type="0" Start="60.988" Num="-1" />
    </TRACK>
    <TRACK TrackID="51022905" Name="Release (Masters At Work Main Mix) Masters At Work Main Mix" Artist="Afro Celt Sound System" Composer="" Album="Defected Presents House Masters - Masters At Work" Grouping="" Genre="House/Deep/Tech/Jazzy" Kind="AIFF File" Size="84291594" TotalTime="474" DiscNumber="1" TrackNumber="6" Year="2014" AverageBpm="125.01" DateAdded="2024-08-18" BitRate="1411" SampleRate="44100" Comments="5A - 6" PlayCount="6" Rating="0" Location="file://localhost/Users/zachvp/Music/DJ/Various%20Artists%20-%2006.%20Release%20(Masters%20At%20Work%20Main%20Mix.aiff" Remixer="" Tonality="5A" Label="" Mix="">
      <TEMPO Inizio="0.187" Bpm="125.01" Metro="4/4" Battito="1" />
      <POSITION_MARK Name="" Type="0" Start="4.033" Num="-1" />
      <POSITION_MARK Name="" Type="0" Start="65.485" Num="-1" />
      <POSITION_MARK Name="" Type="0" Start="288.171" Num="-1" />
      <POSITION_MARK Name="" Type="0" Start="303.504" Num="-1" />
      <POSITION_MARK Name="" Type="0" Start="349.587" Num="-1" />
    </TRACK>
    <TRACK TrackID="18890469" Name="Can't Play Around (M.A.W Dub) M.A.W Dub" Artist="Kathy Brown" Composer="" Album="Defected Presents House Masters - Masters At Work" Grouping="" Genre="House/Deep/Tech/Jazzy" Kind="AIFF File" Size="60373266" TotalTime="339" DiscNumber="1" TrackNumber="34" Year="2014" AverageBpm="120.88" DateAdded="2024-08-18" BitRate="1411" SampleRate="44100" Comments="7A - 6" PlayCount="0" Rating="0" Location="file://localhost/Users/zachvp/Music/DJ/Various%20Artists%20-%2034.%20Can%27t%20Play%20Around%20(M.A.W%20Dub)%20(M..aiff" Remixer="" Tonality="7A" Label="" Mix="">
      <TEMPO Inizio="0.181" Bpm="120.88" Metro="4/4" Battito="1" />
      <TEMPO Inizio="0.678" Bpm="120.88" Metro="4/4" Battito="2" />
      <TEMPO Inizio="9.613" Bpm="120.88" Metro="4/4" Battito="4" />
      <TEMPO Inizio="29.468" Bpm="120.88" Metro="4/4" Battito="4" />
      <TEMPO Inizio="49.323" Bpm="120.88" Metro="4/4" Battito="4" />
      <TEMPO Inizio="69.178" Bpm="120.88" Metro="4/4" Battito="4" />
      <TEMPO Inizio="89.033" Bpm="120.88" Metro="4/4" Battito="4" />
      <TEMPO Inizio="108.888" Bpm="120.88" Metro="4/4" Battito="4" />
      <TEMPO Inizio="128.743" Bpm="120.88" Metro="4/4" Battito="4" />
      <TEMPO Inizio="148.598" Bpm="120.88" Metro="4/4" Battito="4" />
      <TEMPO Inizio="168.453" Bpm="120.88" Metro="4/4" Battito="4" />
      <TEMPO Inizio="188.308" Bpm="120.88" Metro="4/4" Battito="4" />
      <TEMPO Inizio="208.163" Bpm="120.88" Metro="4/4" Battito="4" />
      <TEMPO Inizio="228.018" Bpm="120.88" Metro="4/4" Battito="4" />
      <TEMPO Inizio="247.873" Bpm="120.88" Metro="4/4" Battito="4" />
      <TEMPO Inizio="267.728" Bpm="120.88" Metro="4/4" Battito="4" />
      <TEMPO Inizio="287.583" Bpm="120.88" Metro="4/4" Battito="4" />
      <TEMPO Inizio="307.438" Bpm="120.88" Metro="4/4" Battito="4" />
      <TEMPO Inizio="327.293" Bpm="120.88" Metro="4/4" Battito="4" />
    </TRACK>
    <TRACK TrackID="49516391" Name="Snake Whisperer (Radio Slave Remix)" Artist="Industrialyzer" Composer="" Album="Snake Whisperer" Grouping="" Genre="House/Techno/Downtempo" Kind="AIFF File" Size="110789258" TotalTime="625" DiscNumber="0" TrackNumber="2" Year="2022" AverageBpm="132.00" DateAdded="2024-08-18" BitRate="1411" SampleRate="44100" Comments="6A - 5" PlayCount="0" Rating="0" Location="file://localhost/Users/zachvp/Music/DJ/17132771_Snake_Whisperer_(Radio_Slave_Remix).aiff" Remixer="" Tonality="6A" Label="Rekids" Mix="">
      <TEMPO Inizio="0.021" Bpm="132.00" Metro="4/4" Battito="1" />
    </TRACK>
    <TRACK TrackID="81011345" Name="Chocolate (Original Mix)" Artist="Neverdogs" Composer="" Album="Chocolate EP" Grouping="" Genre="House/Deep/Tech/Spacey" Kind="AIFF File" Size="80750936" TotalTime="448" DiscNumber="0" TrackNumber="1" Year="2023" AverageBpm="128.00" DateAdded="2024-08-18" BitRate="1411" SampleRate="44100" Comments="6A - 6" PlayCount="0" Rating="0" Location="file://localhost/Users/zachvp/Music/DJ/18201757_Chocolate_(Original_Mix).aiff" Remixer="" Tonality="6A" Label="Moan" Mix="">
      <TEMPO Inizio="0.010" Bpm="128.00" Metro="4/4" Battito="1" />
    </TRACK>
    <TRACK TrackID="258043375" Name="Bukom Mashie (JKriv's King Mashie Edit)" Artist="Oscar Sulley &amp; The Uhuru Dance Band" Composer="" Album="RNTD024 // JKriv Edits" Grouping="" Genre="House/Tech/Indie/" Kind="AIFF File" Size="85428148" TotalTime="483" DiscNumber="0" TrackNumber="2" Year="2016" AverageBpm="124.00" DateAdded="2024-08-18" BitRate="1411" SampleRate="44100" Comments="7A - 6" PlayCount="5" Rating="0" Location="file://localhost/Users/zachvp/Music/DJ/Oscar%20Sulley%20%26%20The%20Uhuru%20Dance%20Band%20-%20Bukom%20Mashie%20(JKriv%27s%20King%20Mashie%20Edit).aiff" Remixer="" Tonality="7A" Label="" Mix="">
      <TEMPO Inizio="0.102" Bpm="124.00" Metro="4/4" Battito="1" />
      <POSITION_MARK Name="" Type="0" Start="286.549" Num="-1" />
      <POSITION_MARK Name="" Type="0" Start="422.041" Num="-1" />
      <POSITION_MARK Name="" Type="0" Start="62.028" Num="-1" />
      <POSITION_MARK Name="" Type="0" Start="0.079" Num="-1" />
    </TRACK>
    <TRACK TrackID="16466821" Name="FLASHBACK (Matt Time Remix)" Artist="Chris Drifter" Composer="" Album="Flashback EP" Grouping="" Genre="House/Deep/Tech/" Kind="AIFF File" Size="77646506" TotalTime="439" DiscNumber="0" TrackNumber="3" Year="2014" AverageBpm="123.00" DateAdded="2024-08-18" BitRate="1411" SampleRate="44100" Comments="3A - 6" PlayCount="1" Rating="0" Location="file://localhost/Users/zachvp/Music/DJ/6016331_FLASHBACK_(Matt_Time_Remix).aiff" Remixer="" Tonality="3A" Label="Patent Skillz" Mix="">
      <TEMPO Inizio="0.475" Bpm="123.00" Metro="4/4" Battito="1" />
    </TRACK>
    <TRACK TrackID="200811565" Name="That Noise (Original Mix)" Artist="Juan Ferreyro, LeoK" Composer="" Album="That Noise" Grouping="" Genre="House/Tech/Groove" Kind="AIFF File" Size="72437866" TotalTime="403" DiscNumber="0" TrackNumber="1" Year="2023" AverageBpm="125.00" DateAdded="2024-08-18" BitRate="1411" SampleRate="44100" Comments="5A - 6" PlayCount="1" Rating="0" Location="file://localhost/Users/zachvp/Music/DJ/18236120_That_Noise_(Original_Mix).aiff" Remixer="" Tonality="5A" Label="Huambo Records" Mix="">
      <TEMPO Inizio="0.000" Bpm="125.00" Metro="4/4" Battito="1" />
      <TEMPO Inizio="16.321" Bpm="125.00" Metro="4/4" Battito="3" />
      <TEMPO Inizio="364.802" Bpm="125.00" Metro="4/4" Battito="1" />
    </TRACK>
    <TRACK TrackID="42451534" Name="Landed (Original Mix)" Artist="Neverdogs" Composer="" Album="Chocolate EP" Grouping="" Genre="House/Tech/Groove" Kind="AIFF File" Size="67819736" TotalTime="374" DiscNumber="0" TrackNumber="3" Year="2023" AverageBpm="128.00" DateAdded="2024-08-18" BitRate="1411" SampleRate="44100" Comments="4A - 5" PlayCount="1" Rating="0" Location="file://localhost/Users/zachvp/Music/DJ/18201761_Landed_(Original_Mix).aiff" Remixer="" Tonality="4A" Label="Moan" Mix="">
      <TEMPO Inizio="0.011" Bpm="128.00" Metro="4/4" Battito="1" />
    </TRACK>
    <TRACK TrackID="87108158" Name="Poema De La Noche (Calabasa Remix)" Artist="Lost.Act" Composer="" Album="Poema De La Noche" Grouping="" Genre="House/Deep/Tech/Jazzy" Kind="AIFF File" Size="85268644" TotalTime="482" DiscNumber="0" TrackNumber="2" Year="2022" AverageBpm="126.00" DateAdded="2024-08-18" BitRate="1411" SampleRate="44100" Comments="7A - 5" PlayCount="0" Rating="0" Location="file://localhost/Users/zachvp/Music/DJ/16995588_Poema_De_La_Noche_(Calabasa_Remix).aiff" Remixer="" Tonality="7A" Label="Dreams On Wax" Mix="">
      <TEMPO Inizio="0.475" Bpm="126.00" Metro="4/4" Battito="1" />
      <TEMPO Inizio="0.952" Bpm="126.00" Metro="4/4" Battito="2" />
    </TRACK>
    <TRACK TrackID="2131532" Name="The Nervous Track (Ballsy Mix)" Artist="Nu Yorican Soul" Composer="" Album="Defected Presents House Masters - Masters At Work" Grouping="" Genre="House/Deep/Tech/Jazzy" Kind="AIFF File" Size="48308900" TotalTime="270" DiscNumber="1" TrackNumber="23" Year="2014" AverageBpm="122.36" DateAdded="2024-08-18" BitRate="1411" SampleRate="44100" Comments="1A - 5" PlayCount="0" Rating="0" Location="file://localhost/Users/zachvp/Music/DJ/Various%20Artists%20-%2023.%20The%20Nervous%20Track%20(Ballsy%20Mix).aiff" Remixer="" Tonality="1A" Label="" Mix="">
      <TEMPO Inizio="0.380" Bpm="122.36" Metro="4/4" Battito="1" />
      <TEMPO Inizio="51.376" Bpm="122.36" Metro="4/4" Battito="1" />
      <TEMPO Inizio="102.372" Bpm="122.36" Metro="4/4" Battito="1" />
      <TEMPO Inizio="160.233" Bpm="122.36" Metro="4/4" Battito="3" />
      <TEMPO Inizio="202.893" Bpm="122.36" Metro="4/4" Battito="2" />
      <TEMPO Inizio="260.754" Bpm="122.36" Metro="4/4" Battito="4" />
    </TRACK>
    <TRACK TrackID="19236440" Name="Sympatico feat. Dandy Jack and San Proper" Artist="Pit Spector" Composer="" Album="Mindoor" Grouping="" Genre="House/Deep/Tech/Jazzy" Kind="AIFF File" Size="100669178" TotalTime="380" DiscNumber="0" TrackNumber="2" Year="2020" AverageBpm="125.00" DateAdded="2024-08-18" BitRate="2116" SampleRate="44100" Comments="2A - 4" PlayCount="5" Rating="0" Location="file://localhost/Users/zachvp/Music/DJ/Pit%20Spector%20-%20Sympatico%20feat.%20Dandy%20Jack%20and%20San%20Proper.aiff" Remixer="" Tonality="2A" Label="" Mix="">
      <TEMPO Inizio="0.241" Bpm="125.00" Metro="4/4" Battito="1" />
      <TEMPO Inizio="148.082" Bpm="125.00" Metro="4/4" Battito="1" />
      <TEMPO Inizio="364.563" Bpm="125.00" Metro="4/4" Battito="4" />
      <POSITION_MARK Name="" Type="0" Start="0.219" Num="-1" />
      <POSITION_MARK Name="" Type="0" Start="284.411" Num="-1" />
      <POSITION_MARK Name="" Type="0" Start="69.367" Num="-1" />
      <POSITION_MARK Name="" Type="0" Start="299.769" Num="-1" />
      <POSITION_MARK Name="" Type="0" Start="146.166" Num="-1" />
      <POSITION_MARK Name="" Type="0" Start="192.247" Num="-1" />
      <POSITION_MARK Name="" Type="0" Start="322.800" Num="-1" />
    </TRACK>
    <TRACK TrackID="84374769" Name="Pachinko24h (Original Mix)" Artist="Gunjack" Composer="" Album="Detroit Tango EP" Grouping="" Genre="House/Techno/" Kind="AIFF File" Size="51165048" TotalTime="289" DiscNumber="0" TrackNumber="3" Year="2024" AverageBpm="143.00" DateAdded="2024-08-18" BitRate="1411" SampleRate="44100" Comments="11A - 6" PlayCount="0" Rating="0" Location="file://localhost/Users/zachvp/Music/DJ/18959499_Pachinko24h_(Original_Mix).aiff" Remixer="" Tonality="11A" Label="Planet Rhythm" Mix="">
      <TEMPO Inizio="0.028" Bpm="143.00" Metro="4/4" Battito="1" />
    </TRACK>
    <TRACK TrackID="112380904" Name="Wonderful Person (MAW Vocal Mix) MAW Vocal Mix" Artist="Black Masses" Composer="" Album="Defected Presents House Masters - Masters At Work" Grouping="" Genre="House/Deep/Tech/Jazzy" Kind="AIFF File" Size="93133098" TotalTime="524" DiscNumber="1" TrackNumber="16" Year="2014" AverageBpm="125.00" DateAdded="2024-08-18" BitRate="1411" SampleRate="44100" Comments="7A - 7" PlayCount="0" Rating="0" Location="file://localhost/Users/zachvp/Music/DJ/Various%20Artists%20-%2016.%20Wonderful%20Person%20(MAW%20Vocal%20Mix)%20.aiff" Remixer="" Tonality="7A" Label="" Mix="">
      <TEMPO Inizio="0.180" Bpm="125.00" Metro="4/4" Battito="1" />
      <TEMPO Inizio="60.659" Bpm="125.00" Metro="4/4" Battito="3" />
      <TEMPO Inizio="162.898" Bpm="125.00" Metro="4/4" Battito="4" />
      <TEMPO Inizio="264.657" Bpm="125.00" Metro="4/4" Battito="4" />
      <TEMPO Inizio="366.896" Bpm="125.00" Metro="4/4" Battito="1" />
      <TEMPO Inizio="469.135" Bpm="125.00" Metro="4/4" Battito="2" />
    </TRACK>
    <TRACK TrackID="122502090" Name="Through The Rain feat. Kenny Bobien (Main Mix)" Artist="Kenny Bobien, Soul Creation" Composer="" Album="Through The Rain" Grouping="" Genre="House/Deep/Tech/Jazzy" Kind="AIFF File" Size="130688210" TotalTime="739" DiscNumber="0" TrackNumber="3" Year="2018" AverageBpm="126.00" DateAdded="2024-08-18" BitRate="1411" SampleRate="44100" Comments="5A - 7" PlayCount="4" Rating="0" Location="file://localhost/Users/zachvp/Music/DJ/11092159_Through_The_Rain_feat._Kenny_Bobien_(Main_Mix).aiff" Remixer="" Tonality="5A" Label="4 To The Floor Records" Mix="">
      <TEMPO Inizio="0.039" Bpm="126.00" Metro="4/4" Battito="1" />
      <TEMPO Inizio="36.230" Bpm="126.00" Metro="4/4" Battito="1" />
      <TEMPO Inizio="82.421" Bpm="126.00" Metro="4/4" Battito="2" />
      <TEMPO Inizio="128.612" Bpm="126.00" Metro="4/4" Battito="3" />
      <TEMPO Inizio="174.803" Bpm="126.00" Metro="4/4" Battito="4" />
      <TEMPO Inizio="230.994" Bpm="126.00" Metro="4/4" Battito="2" />
      <TEMPO Inizio="277.185" Bpm="126.00" Metro="4/4" Battito="3" />
      <TEMPO Inizio="323.376" Bpm="126.00" Metro="4/4" Battito="4" />
      <TEMPO Inizio="369.567" Bpm="126.00" Metro="4/4" Battito="1" />
      <TEMPO Inizio="415.758" Bpm="126.00" Metro="4/4" Battito="2" />
      <TEMPO Inizio="461.949" Bpm="126.00" Metro="4/4" Battito="3" />
      <TEMPO Inizio="518.140" Bpm="126.00" Metro="4/4" Battito="1" />
      <TEMPO Inizio="564.331" Bpm="126.00" Metro="4/4" Battito="2" />
      <TEMPO Inizio="610.522" Bpm="126.00" Metro="4/4" Battito="3" />
      <TEMPO Inizio="656.713" Bpm="126.00" Metro="4/4" Battito="4" />
      <TEMPO Inizio="712.904" Bpm="126.00" Metro="4/4" Battito="2" />
      <POSITION_MARK Name="" Type="0" Start="0.031" Num="-1" />
      <POSITION_MARK Name="" Type="0" Start="304.804" Num="-1" />
      <POSITION_MARK Name="" Type="0" Start="30.477" Num="-1" />
      <POSITION_MARK Name="" Type="0" Start="91.457" Num="-1" />
      <POSITION_MARK Name="" Type="0" Start="426.717" Num="-1" />
    </TRACK>
    <TRACK TrackID="39035998" Name="madagascar 2 - raise your arms" Artist="" Composer="" Album="" Grouping="" Genre="Samples" Kind="WAV File" Size="446746" TotalTime="5" DiscNumber="0" TrackNumber="0" Year="0" AverageBpm="0.00" DateAdded="2024-08-21" BitRate="705" SampleRate="44100" Comments="11A - 4" PlayCount="0" Rating="0" Location="file://localhost/Users/zachvp/Music/DJ/_samples/misc/madagascar%202%20-%20raise%20your%20arms.wav" Remixer="" Tonality="" Label="" Mix="" />
    <TRACK TrackID="1860056" Name="Everybody (Backstreet's Back) Extended Version" Artist="Backstreet Boys" Composer="" Album="The Hits--Chapter One" Grouping="" Genre="Lounge/Pop" Kind="MP3 File" Size="11656895" TotalTime="286" DiscNumber="1" TrackNumber="2" Year="2007" AverageBpm="108.06" DateAdded="2024-08-28" BitRate="320" SampleRate="44100" Comments="3A - 7" PlayCount="0" Rating="0" Location="file://localhost/Users/zachvp/Music/DJ/Backstreet%20Boys%20-%2002.%20Everybody%20(Backstreet%27s%20Back)%20(Ext.mp3" Remixer="" Tonality="3A" Label="" Mix="">
      <TEMPO Inizio="0.012" Bpm="108.06" Metro="4/4" Battito="4" />
      <TEMPO Inizio="220.444" Bpm="108.06" Metro="4/4" Battito="1" />
    </TRACK>
    <TRACK TrackID="32682109" Name="Lay All Your Love On Me" Artist="MELON &amp; Dance Fruits Music" Composer="Benny Andersson" Album="Lay All Your Love On Me" Grouping="" Genre="Lounge/Pop/Dance" Kind="MP3 File" Size="7025051" TotalTime="204" DiscNumber="1" TrackNumber="1" Year="2023" AverageBpm="140.00" DateAdded="2024-08-28" BitRate="320" SampleRate="44100" Comments="7A - 7" PlayCount="0" Rating="0" Location="file://localhost/Users/zachvp/Music/DJ/01%20-%20Lay%20All%20Your%20Love%20On%20Me.mp3" Remixer="" Tonality="7A" Label="" Mix="">
      <TEMPO Inizio="0.025" Bpm="140.00" Metro="4/4" Battito="1" />
    </TRACK>
    <TRACK TrackID="23477612" Name="Proud Mary" Artist="Tina Turner" Composer="" Album="Tina!" Grouping="" Genre="Lounge/" Kind="MP3 File" Size="13171707" TotalTime="327" DiscNumber="1" TrackNumber="15" Year="2008" AverageBpm="171.04" DateAdded="2024-08-28" BitRate="320" SampleRate="44100" Comments="10B - 6" PlayCount="0" Rating="0" Location="file://localhost/Users/zachvp/Music/DJ/Tina%20Turner%20-%2015.%20Proud%20Mary.mp3" Remixer="" Tonality="10B" Label="" Mix="">
      <TEMPO Inizio="0.061" Bpm="171.04" Metro="4/4" Battito="1" />
    </TRACK>
    <TRACK TrackID="176405939" Name="Maniac" Artist="Sound Of Legend" Composer="" Album="Maniac" Grouping="" Genre="Lounge/Pop/Dance" Kind="MP3 File" Size="5279744" TotalTime="131" DiscNumber="0" TrackNumber="1" Year="2022" AverageBpm="145.00" DateAdded="2024-08-28" BitRate="320" SampleRate="44100" Comments="7A - 6" PlayCount="0" Rating="0" Location="file://localhost/Users/zachvp/Music/DJ/01-Sound_Of_Legend_-_Maniac-320kb_s_MP3.mp3" Remixer="" Tonality="7A" Label="Play Two" Mix="">
      <TEMPO Inizio="0.025" Bpm="145.00" Metro="4/4" Battito="2" />
    </TRACK>
    <TRACK TrackID="139913089" Name="I Love It (feat. Charli XCX) [Clean]" Artist="Icona Pop" Composer="" Album="THIS IS... ICONA POP [Clean]" Grouping="" Genre="Lounge/Pop" Kind="MP3 File" Size="5381847" TotalTime="155" DiscNumber="1" TrackNumber="1" Year="2013" AverageBpm="126.00" DateAdded="2024-08-28" BitRate="32" SampleRate="44100" Comments="4B - 7" PlayCount="0" Rating="0" Location="file://localhost/Users/zachvp/Music/DJ/01%20-%20I%20Love%20It%20(feat.%20Charli%20XCX)%20%5bClean%5d.mp3" Remixer="" Tonality="4B" Label="" Mix="">
      <TEMPO Inizio="0.373" Bpm="126.00" Metro="4/4" Battito="1" />
    </TRACK>
    <TRACK TrackID="84237339" Name="Hips Don't Lie (Featuring Wyclef Jean)" Artist="Shakira feat. Wyclef Jean" Composer="Omar Alfanno" Album="Oral Fixation, Vol. 2 (Expanded Edition)" Grouping="" Genre="Lounge/Pop" Kind="MP3 File" Size="6784811" TotalTime="218" DiscNumber="1" TrackNumber="3" Year="2005" AverageBpm="100.00" DateAdded="2024-08-28" BitRate="32" SampleRate="44100" Comments="3A - 6" PlayCount="0" Rating="0" Location="file://localhost/Users/zachvp/Music/DJ/03%20-%20Hips%20Don%27t%20Lie.mp3" Remixer="" Tonality="3A" Label="" Mix="">
      <TEMPO Inizio="0.229" Bpm="100.00" Metro="4/4" Battito="1" />
      <TEMPO Inizio="80.630" Bpm="100.00" Metro="4/4" Battito="3" />
    </TRACK>
    <TRACK TrackID="205776937" Name="Chipi Chipi" Artist="Fiki" Composer="" Album="Chipi Chipi" Grouping="" Genre="Lounge/Pop" Kind="MP3 File" Size="4948354" TotalTime="145" DiscNumber="1" TrackNumber="1" Year="2024" AverageBpm="85.00" DateAdded="2024-08-28" BitRate="320" SampleRate="44100" Comments="10A - 6" PlayCount="0" Rating="0" Location="file://localhost/Users/zachvp/Music/DJ/01%20-%20Chipi%20Chipi.mp3" Remixer="" Tonality="10A" Label="" Mix="">
      <TEMPO Inizio="0.027" Bpm="85.00" Metro="4/4" Battito="1" />
    </TRACK>
    <TRACK TrackID="148091811" Name="Edge of Seventeen" Artist="Wuki" Composer="" Album="Edge of Seventeen" Grouping="" Genre="Lounge/Pop/Dance" Kind="MP3 File" Size="6669597" TotalTime="164" DiscNumber="1" TrackNumber="1" Year="2022" AverageBpm="128.00" DateAdded="2024-08-28" BitRate="320" SampleRate="44100" Comments="4A - 6" PlayCount="0" Rating="0" Location="file://localhost/Users/zachvp/Music/DJ/Wuki%20-%2001.%20Edge%20of%20Seventeen.mp3" Remixer="" Tonality="4A" Label="" Mix="">
      <TEMPO Inizio="0.024" Bpm="128.00" Metro="4/4" Battito="1" />
    </TRACK>
    <TRACK TrackID="220484862" Name="Jailhouse Rock" Artist="Elvis Presley" Composer="" Album="Elvis 30 #1 Hits" Grouping="" Genre="Lounge/Pop" Kind="MP3 File" Size="6268811" TotalTime="155" DiscNumber="1" TrackNumber="8" Year="2010" AverageBpm="166.11" DateAdded="2024-08-28" BitRate="320" SampleRate="44100" Comments="2A - 5" PlayCount="0" Rating="0" Location="file://localhost/Users/zachvp/Music/DJ/Elvis%20Presley%20-%2008.%20Jailhouse%20Rock.mp3" Remixer="" Tonality="2A" Label="" Mix="">
      <TEMPO Inizio="0.287" Bpm="166.11" Metro="4/4" Battito="1" />
      <TEMPO Inizio="60.609" Bpm="166.11" Metro="4/4" Battito="4" />
      <TEMPO Inizio="133.212" Bpm="166.11" Metro="4/4" Battito="1" />
    </TRACK>
    <TRACK TrackID="161936023" Name="Rasputin (Extended Mix)" Artist="Majestic, Boney M." Composer="" Album="Rasputin (Extended Mix)" Grouping="" Genre="Lounge/Pop/Dance" Kind="AIFF File" Size="55663648" TotalTime="315" DiscNumber="0" TrackNumber="1" Year="2021" AverageBpm="128.00" DateAdded="2024-08-28" BitRate="1411" SampleRate="44100" Comments="10A - 6" PlayCount="0" Rating="0" Location="file://localhost/Users/zachvp/Music/DJ/14916083_Rasputin_(Extended_Mix).aiff" Remixer="" Tonality="10A" Label="Nitron Music" Mix="">
      <TEMPO Inizio="0.119" Bpm="128.00" Metro="4/4" Battito="1" />
    </TRACK>
    <TRACK TrackID="142854236" Name="Sen Trope" Artist="Azis" Composer="Martin Biolchev" Album="Azis 2014 [Explicit]" Grouping="" Genre="Lounge/Pop" Kind="MP3 File" Size="6669516" TotalTime="212" DiscNumber="1" TrackNumber="12" Year="2023" AverageBpm="85.00" DateAdded="2024-08-28" BitRate="32" SampleRate="44100" Comments="10A - 6" PlayCount="0" Rating="0" Location="file://localhost/Users/zachvp/Music/DJ/12%20-%20Sen%20Trope.mp3" Remixer="" Tonality="10A" Label="" Mix="">
      <TEMPO Inizio="0.248" Bpm="85.00" Metro="4/4" Battito="1" />
    </TRACK>
    <TRACK TrackID="10147880" Name="Alors on danse (Radio Edit)" Artist="Stromae" Composer="" Album="Alors On Danse" Grouping="" Genre="Lounge/Pop/Dance" Kind="MP3 File" Size="6718065" TotalTime="208" DiscNumber="1" TrackNumber="1" Year="2010" AverageBpm="120.00" DateAdded="2024-08-28" BitRate="32" SampleRate="44100" Comments="12A - 6" PlayCount="0" Rating="0" Location="file://localhost/Users/zachvp/Music/DJ/01%20-%20Alors%20on%20danse%20(Radio%20Edit)%20%5bExplicit%5d.mp3" Remixer="" Tonality="12A" Label="" Mix="">
      <TEMPO Inizio="0.423" Bpm="120.00" Metro="4/4" Battito="1" />
      <TEMPO Inizio="195.922" Bpm="120.00" Metro="4/4" Battito="4" />
      <TEMPO Inizio="196.423" Bpm="120.00" Metro="4/4" Battito="1" />
      <TEMPO Inizio="196.922" Bpm="120.00" Metro="4/4" Battito="2" />
      <TEMPO Inizio="197.423" Bpm="120.00" Metro="4/4" Battito="3" />
      <TEMPO Inizio="197.922" Bpm="120.00" Metro="4/4" Battito="4" />
      <TEMPO Inizio="198.423" Bpm="120.00" Metro="4/4" Battito="1" />
      <TEMPO Inizio="198.922" Bpm="120.00" Metro="4/4" Battito="2" />
      <TEMPO Inizio="199.423" Bpm="120.00" Metro="4/4" Battito="3" />
      <TEMPO Inizio="199.922" Bpm="120.00" Metro="4/4" Battito="4" />
      <TEMPO Inizio="200.423" Bpm="120.00" Metro="4/4" Battito="1" />
      <TEMPO Inizio="200.922" Bpm="120.00" Metro="4/4" Battito="2" />
      <TEMPO Inizio="201.423" Bpm="120.00" Metro="4/4" Battito="3" />
      <TEMPO Inizio="201.922" Bpm="120.00" Metro="4/4" Battito="4" />
      <TEMPO Inizio="202.423" Bpm="120.00" Metro="4/4" Battito="1" />
      <TEMPO Inizio="202.922" Bpm="120.00" Metro="4/4" Battito="2" />
      <TEMPO Inizio="203.423" Bpm="120.00" Metro="4/4" Battito="3" />
      <TEMPO Inizio="203.922" Bpm="120.00" Metro="4/4" Battito="4" />
      <TEMPO Inizio="204.423" Bpm="120.00" Metro="4/4" Battito="1" />
      <TEMPO Inizio="204.922" Bpm="120.00" Metro="4/4" Battito="2" />
      <TEMPO Inizio="205.423" Bpm="120.00" Metro="4/4" Battito="3" />
      <TEMPO Inizio="205.922" Bpm="120.00" Metro="4/4" Battito="4" />
      <TEMPO Inizio="206.423" Bpm="120.00" Metro="4/4" Battito="1" />
      <TEMPO Inizio="206.922" Bpm="120.00" Metro="4/4" Battito="2" />
      <TEMPO Inizio="207.423" Bpm="120.00" Metro="4/4" Battito="3" />
      <TEMPO Inizio="207.922" Bpm="120.00" Metro="4/4" Battito="4" />
    </TRACK>
    <TRACK TrackID="126154895" Name="September" Artist="Earth Wind &amp; Fire" Composer="Albert McKay" Album="The Eternal Dance" Grouping="" Genre="Lounge/Pop" Kind="MP3 File" Size="7631072" TotalTime="215" DiscNumber="3" TrackNumber="1" Year="1992" AverageBpm="126.46" DateAdded="2024-08-28" BitRate="32" SampleRate="44100" Comments="11B - 7" PlayCount="0" Rating="0" Location="file://localhost/Users/zachvp/Music/DJ/(Disc%203)%2001%20-%20September.mp3" Remixer="" Tonality="11B" Label="" Mix="">
      <TEMPO Inizio="0.375" Bpm="126.46" Metro="4/4" Battito="4" />
      <TEMPO Inizio="0.850" Bpm="126.46" Metro="4/4" Battito="1" />
      <TEMPO Inizio="29.318" Bpm="126.46" Metro="4/4" Battito="1" />
      <TEMPO Inizio="80.560" Bpm="126.46" Metro="4/4" Battito="1" />
      <TEMPO Inizio="131.802" Bpm="126.46" Metro="4/4" Battito="1" />
      <TEMPO Inizio="177.825" Bpm="126.46" Metro="4/4" Battito="2" />
    </TRACK>
    <TRACK TrackID="243028577" Name="The Rhythm of the Night (Extended Mix)" Artist="Corona, Sean Finn" Composer="" Album="The Rhythm Of The Night (Remixes)" Grouping="" Genre="Lounge/Pop/Dance" Kind="MP3 File" Size="12888410" TotalTime="316" DiscNumber="0" TrackNumber="1" Year="2019" AverageBpm="126.00" DateAdded="2024-08-28" BitRate="320" SampleRate="44100" Comments="5A - 7" PlayCount="0" Rating="0" Location="file://localhost/Users/zachvp/Music/DJ/11764656_The_Rhythm_of_the_Night_(Extended_Mix).mp3" Remixer="" Tonality="5A" Label="Nitron Music" Mix="">
      <TEMPO Inizio="0.072" Bpm="126.00" Metro="4/4" Battito="3" />
    </TRACK>
    <TRACK TrackID="153330293" Name="Call on Me (Radio Mix)" Artist="Eric Prydz" Composer="Will Jennings" Album="Call On Me (Remixes)" Grouping="" Genre="Lounge/Pop" Kind="MP3 File" Size="5647033" TotalTime="171" DiscNumber="1" TrackNumber="1" Year="2004" AverageBpm="126.31" DateAdded="2024-08-28" BitRate="32" SampleRate="44100" Comments="6B - 7" PlayCount="0" Rating="0" Location="file://localhost/Users/zachvp/Music/DJ/01%20-%20Call%20on%20Me%20(Radio%20Mix).mp3" Remixer="" Tonality="6B" Label="" Mix="">
      <TEMPO Inizio="0.147" Bpm="126.31" Metro="4/4" Battito="3" />
      <TEMPO Inizio="75.198" Bpm="126.31" Metro="4/4" Battito="1" />
      <TEMPO Inizio="77.097" Bpm="126.31" Metro="4/4" Battito="1" />
      <TEMPO Inizio="78.998" Bpm="126.31" Metro="4/4" Battito="1" />
      <TEMPO Inizio="162.599" Bpm="126.31" Metro="4/4" Battito="1" />
      <TEMPO Inizio="164.973" Bpm="126.31" Metro="4/4" Battito="2" />
      <TEMPO Inizio="166.399" Bpm="126.31" Metro="4/4" Battito="1" />
    </TRACK>
    <TRACK TrackID="229737986" Name="Dancing In the Moonlight" Artist="King Harvest" Composer="Sherman Kelly" Album="Dancing in the Moonlight" Grouping="" Genre="Lounge/Pop" Kind="MP3 File" Size="4834903" TotalTime="174" DiscNumber="1" TrackNumber="1" Year="1972" AverageBpm="136.70" DateAdded="2024-08-28" BitRate="256" SampleRate="44100" Comments="5A - 4" PlayCount="0" Rating="0" Location="file://localhost/Users/zachvp/Music/DJ/01%20-%20Dancing%20In%20the%20Moonlight.mp3" Remixer="" Tonality="5A" Label="" Mix="">
      <TEMPO Inizio="0.123" Bpm="136.70" Metro="4/4" Battito="1" />
    </TRACK>
    <TRACK TrackID="75022621" Name="sweet child of mine (hilary cover)" Artist="Guns N' Roses" Composer="" Album="" Grouping="" Genre="Lounge/" Kind="MP3 File" Size="15569310" TotalTime="389" DiscNumber="0" TrackNumber="0" Year="0" AverageBpm="122.26" DateAdded="2024-08-28" BitRate="320" SampleRate="44100" Comments="2B - 4" PlayCount="0" Rating="0" Location="file://localhost/Users/zachvp/Music/DJ/sweet%20child%20of%20mine%20(hilary%20cover).mp3" Remixer="" Tonality="2B" Label="" Mix="">
      <TEMPO Inizio="0.133" Bpm="122.26" Metro="4/4" Battito="2" />
    </TRACK>
    <TRACK TrackID="142297084" Name="Dancing in the Moonlight" Artist="Toploader" Composer="Sherman Kelly" Album="Dancing in the Moonlight" Grouping="" Genre="Lounge/Pop" Kind="MP3 File" Size="7053827" TotalTime="228" DiscNumber="1" TrackNumber="1" Year="2022" AverageBpm="119.47" DateAdded="2024-08-28" BitRate="224" SampleRate="44100" Comments="6B - 6" PlayCount="0" Rating="0" Location="file://localhost/Users/zachvp/Music/DJ/01%20-%20Toploader%20-%20Dancing%20in%20the%20Moonlight.mp3" Remixer="" Tonality="6B" Label="" Mix="">
      <TEMPO Inizio="0.033" Bpm="119.47" Metro="4/4" Battito="1" />
      <TEMPO Inizio="57.787" Bpm="119.47" Metro="4/4" Battito="4" />
      <TEMPO Inizio="108.510" Bpm="119.47" Metro="4/4" Battito="1" />
      <TEMPO Inizio="159.233" Bpm="119.47" Metro="4/4" Battito="2" />
      <TEMPO Inizio="216.987" Bpm="119.47" Metro="4/4" Battito="1" />
    </TRACK>
    <TRACK TrackID="137325353" Name="Dragostea Din Tei (Original Mix)" Artist="O-Zone" Composer="" Album="DiscO-Zone" Grouping="" Genre="Lounge/Pop/Dance" Kind="MP3 File" Size="8599607" TotalTime="213" DiscNumber="0" TrackNumber="3" Year="2006" AverageBpm="130.00" DateAdded="2024-08-28" BitRate="320" SampleRate="44100" Comments="8B - 6" PlayCount="0" Rating="0" Location="file://localhost/Users/zachvp/Music/DJ/202848_Dragostea_Din_Tei_(Original_Mix).mp3" Remixer="" Tonality="8B" Label="Ultra" Mix="">
      <TEMPO Inizio="0.055" Bpm="130.00" Metro="4/4" Battito="1" />
    </TRACK>
    <TRACK TrackID="103581545" Name="Espresso [Explicit]" Artist="Sabrina Carpenter" Composer="" Album="Espresso [Explicit]" Grouping="" Genre="Lounge/Pop" Kind="MP3 File" Size="5694877" TotalTime="175" DiscNumber="1" TrackNumber="1" Year="2024" AverageBpm="104.00" DateAdded="2024-09-02" BitRate="32" SampleRate="44100" Comments="8A - 6" PlayCount="1" Rating="0" Location="file://localhost/Users/zachvp/Music/DJ/01%20-%20Espresso%20%5bExplicit%5d.mp3" Remixer="" Tonality="8A" Label="" Mix="">
      <TEMPO Inizio="0.330" Bpm="104.00" Metro="4/4" Battito="1" />
    </TRACK>
    <TRACK TrackID="39763421" Name="Twist And Shout (Remastered 2009)" Artist="The Beatles" Composer="" Album="Please Please Me (Remastered)" Grouping="" Genre="Lounge/Pop" Kind="MP3 File" Size="5419955" TotalTime="155" DiscNumber="1" TrackNumber="14" Year="1963" AverageBpm="122.11" DateAdded="2024-09-02" BitRate="256" SampleRate="44100" Comments="11B - 5" PlayCount="0" Rating="0" Location="file://localhost/Users/zachvp/Music/DJ/14%20-%20Twist%20And%20Shout%20(Remastered%202009).mp3" Remixer="" Tonality="11B" Label="" Mix="">
      <TEMPO Inizio="0.394" Bpm="122.11" Metro="4/4" Battito="1" />
      <TEMPO Inizio="0.886" Bpm="122.11" Metro="4/4" Battito="2" />
      <TEMPO Inizio="20.541" Bpm="122.11" Metro="4/4" Battito="2" />
      <TEMPO Inizio="53.954" Bpm="122.11" Metro="4/4" Battito="2" />
      <TEMPO Inizio="87.367" Bpm="122.11" Metro="4/4" Battito="2" />
      <TEMPO Inizio="120.780" Bpm="122.11" Metro="4/4" Battito="2" />
      <TEMPO Inizio="152.719" Bpm="122.11" Metro="4/4" Battito="3" />
    </TRACK>
    <TRACK TrackID="24302130" Name="Calabria 2008" Artist="Enur feat. Natasja" Composer="Not Documented" Album="Raggatronic" Grouping="" Genre="Lounge/Pop/Dance" Kind="MP3 File" Size="7606704" TotalTime="230" DiscNumber="1" TrackNumber="2" Year="2013" AverageBpm="126.01" DateAdded="2024-09-02" BitRate="224" SampleRate="44100" Comments="2A - 6" PlayCount="0" Rating="0" Location="file://localhost/Users/zachvp/Music/DJ/02%20-%20Calabria%202008.mp3" Remixer="" Tonality="2A" Label="" Mix="">
      <TEMPO Inizio="0.151" Bpm="126.01" Metro="4/4" Battito="1" />
      <TEMPO Inizio="0.628" Bpm="126.01" Metro="4/4" Battito="2" />
      <TEMPO Inizio="17.770" Bpm="126.01" Metro="4/4" Battito="2" />
      <TEMPO Inizio="34.912" Bpm="126.01" Metro="4/4" Battito="2" />
      <TEMPO Inizio="52.054" Bpm="126.01" Metro="4/4" Battito="2" />
      <TEMPO Inizio="69.196" Bpm="126.01" Metro="4/4" Battito="2" />
      <TEMPO Inizio="86.338" Bpm="126.01" Metro="4/4" Battito="2" />
      <TEMPO Inizio="103.480" Bpm="126.01" Metro="4/4" Battito="2" />
      <TEMPO Inizio="120.622" Bpm="126.01" Metro="4/4" Battito="2" />
      <TEMPO Inizio="137.764" Bpm="126.01" Metro="4/4" Battito="2" />
      <TEMPO Inizio="154.906" Bpm="126.01" Metro="4/4" Battito="2" />
      <TEMPO Inizio="172.048" Bpm="126.01" Metro="4/4" Battito="2" />
      <TEMPO Inizio="189.190" Bpm="126.01" Metro="4/4" Battito="2" />
      <TEMPO Inizio="206.332" Bpm="126.01" Metro="4/4" Battito="2" />
      <TEMPO Inizio="223.474" Bpm="126.01" Metro="4/4" Battito="2" />
    </TRACK>
    <TRACK TrackID="229921669" Name="Pedro" Artist="Jaxomy x Agatino Romero x Raffaella Carrà" Composer="Paolo Ormi" Album="Pedro" Grouping="" Genre="Lounge/Pop/Dance" Kind="MP3 File" Size="4748606" TotalTime="144" DiscNumber="1" TrackNumber="1" Year="2024" AverageBpm="151.00" DateAdded="2024-09-02" BitRate="160" SampleRate="44100" Comments="8A - 8" PlayCount="0" Rating="0" Location="file://localhost/Users/zachvp/Music/DJ/01%20-%20Pedro.mp3" Remixer="" Tonality="8A" Label="" Mix="">
      <TEMPO Inizio="0.224" Bpm="151.00" Metro="4/4" Battito="1" />
      <TEMPO Inizio="0.622" Bpm="151.00" Metro="4/4" Battito="2" />
    </TRACK>
    <TRACK TrackID="232697151" Name="bulgarian horo 1" Artist="" Composer="" Album="" Grouping="" Genre="Lounge/Pop/Dance" Kind="MP3 File" Size="6016399" TotalTime="250" DiscNumber="0" TrackNumber="0" Year="0" AverageBpm="147.34" DateAdded="2024-09-02" BitRate="192" SampleRate="44100" Comments="5A - 7" PlayCount="0" Rating="0" Location="file://localhost/Users/zachvp/Music/DJ/horo%201.mp3" Remixer="" Tonality="5A" Label="" Mix="">
      <TEMPO Inizio="0.280" Bpm="147.34" Metro="4/4" Battito="2" />
      <TEMPO Inizio="42.630" Bpm="147.34" Metro="4/4" Battito="2" />
      <TEMPO Inizio="73.985" Bpm="147.34" Metro="4/4" Battito="3" />
      <TEMPO Inizio="112.670" Bpm="147.34" Metro="4/4" Battito="2" />
      <TEMPO Inizio="147.690" Bpm="147.34" Metro="4/4" Battito="4" />
      <TEMPO Inizio="182.710" Bpm="147.34" Metro="4/4" Battito="2" />
      <TEMPO Inizio="217.730" Bpm="147.34" Metro="4/4" Battito="4" />
    </TRACK>
    <TRACK TrackID="233029989" Name="bulgarian horo 3" Artist="" Composer="" Album="" Grouping="" Genre="Lounge/Pop/Dance" Kind="MP3 File" Size="3755031" TotalTime="156" DiscNumber="0" TrackNumber="0" Year="0" AverageBpm="149.70" DateAdded="2024-09-02" BitRate="192" SampleRate="44100" Comments="5A - 6" PlayCount="0" Rating="0" Location="file://localhost/Users/zachvp/Music/DJ/horo%203.mp3" Remixer="" Tonality="5A" Label="" Mix="">
      <TEMPO Inizio="0.140" Bpm="149.70" Metro="4/4" Battito="1" />
    </TRACK>
    <TRACK TrackID="79671747" Name="bulgarian horo 2" Artist="" Composer="" Album="" Grouping="" Genre="Lounge/Pop/Dance" Kind="MP3 File" Size="5015806" TotalTime="208" DiscNumber="0" TrackNumber="0" Year="0" AverageBpm="138.36" DateAdded="2024-09-02" BitRate="192" SampleRate="44100" Comments="1A - 6" PlayCount="0" Rating="0" Location="file://localhost/Users/zachvp/Music/DJ/horo%202.mp3" Remixer="" Tonality="1A" Label="" Mix="">
      <TEMPO Inizio="0.340" Bpm="138.36" Metro="4/4" Battito="1" />
    </TRACK>
    <TRACK TrackID="78324182" Name="Apple" Artist="Charli xcx" Composer="" Album="BRAT [Explicit]" Grouping="" Genre="Lounge/Pop" Kind="MP3 File" Size="5103314" TotalTime="151" DiscNumber="1" TrackNumber="11" Year="2024" AverageBpm="126.00" DateAdded="2024-09-02" BitRate="32" SampleRate="44100" Comments="8B - 6" PlayCount="1" Rating="0" Location="file://localhost/Users/zachvp/Music/DJ/11%20-%20Apple.mp3" Remixer="" Tonality="8B" Label="" Mix="">
      <TEMPO Inizio="0.234" Bpm="126.00" Metro="4/4" Battito="2" />
    </TRACK>
    <TRACK TrackID="118156155" Name="sweet child of mine (hilary piano cover)" Artist="Guns N' Roses" Composer="" Album="" Grouping="" Genre="Lounge/" Kind="MP3 File" Size="15540148" TotalTime="388" DiscNumber="0" TrackNumber="0" Year="0" AverageBpm="122.25" DateAdded="2024-09-02" BitRate="320" SampleRate="44100" Comments="2B - 2" PlayCount="0" Rating="0" Location="file://localhost/Users/zachvp/Music/DJ/guns%20n%27%20roses%20-%20sweet%20child%20of%20mine%20(hilary%20piano%20cover).mp3" Remixer="" Tonality="2B" Label="" Mix="">
      <TEMPO Inizio="0.353" Bpm="122.25" Metro="4/4" Battito="1" />
    </TRACK>
    <TRACK TrackID="105300113" Name="Pepas [Explicit]" Artist="Farruko" Composer="Franklin Jovani Martinez" Album="La 167 [Explicit]" Grouping="" Genre="Lounge/Pop" Kind="MP3 File" Size="9653418" TotalTime="287" DiscNumber="1" TrackNumber="3" Year="2021" AverageBpm="130.01" DateAdded="2024-09-02" BitRate="32" SampleRate="44100" Comments="8A - 7" PlayCount="0" Rating="0" Location="file://localhost/Users/zachvp/Music/DJ/03%20-%20Pepas%20%5bExplicit%5d.mp3" Remixer="" Tonality="8A" Label="" Mix="">
      <TEMPO Inizio="0.129" Bpm="130.01" Metro="4/4" Battito="3" />
    </TRACK>
    <TRACK TrackID="203540657" Name="Wobble (Radio Version)" Artist="V.I.C." Composer="" Album="Wobble" Grouping="" Genre="Lounge/Pop/Dance" Kind="MP3 File" Size="11877362" TotalTime="323" DiscNumber="1" TrackNumber="1" Year="2008" AverageBpm="95.00" DateAdded="2024-09-02" BitRate="32" SampleRate="44100" Comments="4A - 7" PlayCount="0" Rating="0" Location="file://localhost/Users/zachvp/Music/DJ/01%20-%20Wobble%20(Radio%20Version)%20%5bExplicit%5d.mp3" Remixer="" Tonality="4A" Label="" Mix="">
      <TEMPO Inizio="0.062" Bpm="95.00" Metro="4/4" Battito="2" />
    </TRACK>
    <TRACK TrackID="137349590" Name="Everytime We Touch" Artist="Cascada" Composer="Maggie Reilly, Stuart Mackillop, Peter Risavy" Album="Platinum" Grouping="" Genre="Lounge/Pop/Dance" Kind="MP3 File" Size="6147949" TotalTime="197" DiscNumber="1" TrackNumber="1" Year="2011" AverageBpm="141.99" DateAdded="2024-09-02" BitRate="0" SampleRate="44100" Comments="4A - 8" PlayCount="0" Rating="0" Location="file://localhost/Users/zachvp/Music/DJ/01%20-%20Everytime%20We%20Touch.mp3" Remixer="" Tonality="4A" Label="" Mix="">
      <TEMPO Inizio="0.334" Bpm="141.99" Metro="4/4" Battito="3" />
    </TRACK>
    <TRACK TrackID="30058158" Name="Danza Kuduro [feat. Lucenzo]" Artist="Don Omar and Lucenzo" Composer="" Album="Meet The Orphans" Grouping="" Genre="Lounge/Pop" Kind="MP3 File" Size="6530941" TotalTime="198" DiscNumber="1" TrackNumber="12" Year="2010" AverageBpm="130.00" DateAdded="2024-09-02" BitRate="256" SampleRate="44100" Comments="8A - 8" PlayCount="0" Rating="0" Location="file://localhost/Users/zachvp/Music/DJ/12%20-%20Danza%20Kuduro%20%5bfeat.%20Lucenzo%5d.mp3" Remixer="" Tonality="8A" Label="" Mix="">
      <TEMPO Inizio="0.314" Bpm="130.00" Metro="4/4" Battito="1" />
    </TRACK>
    <TRACK TrackID="170732188" Name="I Like To Move It (Album Version)" Artist="Will.I.Am" Composer="Mark H. Quashie" Album="Madagascar: Escape 2 Africa - Music From The Motion Picture" Grouping="" Genre="Lounge/Pop" Kind="MP3 File" Size="7178232" TotalTime="221" DiscNumber="1" TrackNumber="4" Year="2008" AverageBpm="127.00" DateAdded="2024-09-02" BitRate="256" SampleRate="44100" Comments="5A - 6" PlayCount="0" Rating="0" Location="file://localhost/Users/zachvp/Music/DJ/04%20-%20I%20Like%20To%20Move%20It%20(Album%20Version).mp3" Remixer="" Tonality="5A" Label="" Mix="">
      <TEMPO Inizio="0.068" Bpm="127.00" Metro="4/4" Battito="3" />
      <TEMPO Inizio="28.415" Bpm="127.00" Metro="4/4" Battito="3" />
      <TEMPO Inizio="56.762" Bpm="127.00" Metro="4/4" Battito="3" />
      <TEMPO Inizio="85.109" Bpm="127.00" Metro="4/4" Battito="3" />
      <TEMPO Inizio="113.456" Bpm="127.00" Metro="4/4" Battito="3" />
      <TEMPO Inizio="141.803" Bpm="127.00" Metro="4/4" Battito="3" />
      <TEMPO Inizio="170.150" Bpm="127.00" Metro="4/4" Battito="3" />
      <TEMPO Inizio="198.497" Bpm="127.00" Metro="4/4" Battito="3" />
    </TRACK>
    <TRACK TrackID="143484651" Name="Love On Top" Artist="Beyoncé" Composer="Beyoncé" Album="4" Grouping="" Genre="Lounge/Pop" Kind="MP3 File" Size="8913198" TotalTime="267" DiscNumber="1" TrackNumber="1" Year="2013" AverageBpm="94.00" DateAdded="2024-09-02" BitRate="32" SampleRate="44100" Comments="8A - 6" PlayCount="1" Rating="0" Location="file://localhost/Users/zachvp/Music/DJ/01%20-%20Love%20On%20Top.mp3" Remixer="" Tonality="8A" Label="" Mix="">
      <TEMPO Inizio="0.397" Bpm="94.00" Metro="4/4" Battito="1" />
    </TRACK>
    <TRACK TrackID="191118942" Name="Mr. Saxobeat (Extended Version)" Artist="Alexandra Stan" Composer="Marcel Prodan" Album="Saxobeats" Grouping="" Genre="Lounge/Pop" Kind="MP3 File" Size="8541663" TotalTime="256" DiscNumber="1" TrackNumber="12" Year="2011" AverageBpm="127.00" DateAdded="2024-09-02" BitRate="32" SampleRate="44100" Comments="10A - 7" PlayCount="0" Rating="0" Location="file://localhost/Users/zachvp/Music/DJ/12%20-%20Mr.%20Saxobeat%20(Extended%20Version).mp3" Remixer="" Tonality="10A" Label="" Mix="">
      <TEMPO Inizio="0.305" Bpm="127.00" Metro="4/4" Battito="2" />
      <TEMPO Inizio="0.778" Bpm="127.00" Metro="4/4" Battito="3" />
    </TRACK>
    <TRACK TrackID="143987089" Name="Signed, Sealed, Delivered (I'm Yours)" Artist="Stevie Wonder" Composer="" Album="At The Close Of A Century" Grouping="" Genre="Lounge/" Kind="MP3 File" Size="5355949" TotalTime="158" DiscNumber="1" TrackNumber="17" Year="1999" AverageBpm="109.18" DateAdded="2024-09-02" BitRate="320" SampleRate="44100" Comments="7B - 7" PlayCount="0" Rating="0" Location="file://localhost/Users/zachvp/Music/DJ/17%20-%20Signed,%20Sealed,%20Delivered%20(I%27m%20Yours).mp3" Remixer="" Tonality="7B" Label="" Mix="">
      <TEMPO Inizio="0.240" Bpm="109.18" Metro="4/4" Battito="2" />
    </TRACK>
    <TRACK TrackID="243744670" Name="What A Wonderful World" Artist="Louis Armstrong" Composer="" Album="What A Wonderful World" Grouping="" Genre="Lounge/Pop" Kind="MP3 File" Size="4290640" TotalTime="139" DiscNumber="1" TrackNumber="1" Year="1968" AverageBpm="143.60" DateAdded="2024-09-02" BitRate="32" SampleRate="44100" Comments="7B - 3" PlayCount="0" Rating="0" Location="file://localhost/Users/zachvp/Music/DJ/01%20-%20What%20A%20Wonderful%20World.mp3" Remixer="" Tonality="7B" Label="" Mix="">
      <TEMPO Inizio="0.235" Bpm="143.60" Metro="4/4" Battito="2" />
    </TRACK>
    <TRACK TrackID="214107100" Name="Your Song" Artist="Elton John" Composer="" Album="Elton John" Grouping="" Genre="Lounge/Pop" Kind="MP3 File" Size="7917380" TotalTime="244" DiscNumber="1" TrackNumber="1" Year="1995" AverageBpm="127.33" DateAdded="2024-09-02" BitRate="256" SampleRate="44100" Comments="5A - 3" PlayCount="0" Rating="0" Location="file://localhost/Users/zachvp/Music/DJ/01%20-%20Your%20Song.mp3" Remixer="" Tonality="5A" Label="" Mix="">
      <TEMPO Inizio="0.140" Bpm="127.33" Metro="4/4" Battito="1" />
      <TEMPO Inizio="126.425" Bpm="127.33" Metro="4/4" Battito="1" />
      <TEMPO Inizio="235.275" Bpm="127.33" Metro="4/4" Battito="4" />
    </TRACK>
    <TRACK TrackID="194567887" Name="tool-ordering" Artist="" Composer="" Album="" Grouping="" Genre="Tools" Kind="MP3 File" Size="42840" TotalTime="1" DiscNumber="0" TrackNumber="0" Year="0" AverageBpm="0.00" DateAdded="2024-09-06" BitRate="320" SampleRate="44100" Comments="All" PlayCount="0" Rating="0" Location="file://localhost/Users/zachvp/Music/DJ/tool-ordering.mp3" Remixer="" Tonality="All" Label="" Mix="" />
    <TRACK TrackID="50645734" Name="You Make Me Feel (Original Mix)" Artist="Rudi'Kastic" Composer="" Album="Last Date EP" Grouping="" Genre="House/Deep/Tech/Jazzy" Kind="AIFF File" Size="70394448" TotalTime="398" DiscNumber="0" TrackNumber="2" Year="2023" AverageBpm="121.00" DateAdded="2024-10-21" BitRate="1411" SampleRate="44100" Comments="5A - 5" PlayCount="1" Rating="0" Location="file://localhost/Users/zachvp/Music/DJ/17324222_You_Make_Me_Feel_(Original_Mix).aiff" Remixer="" Tonality="5A" Label="VELVET BASSMENT RECORDS" Mix="">
      <TEMPO Inizio="0.001" Bpm="121.00" Metro="4/4" Battito="1" />
      <POSITION_MARK Name="" Type="0" Start="31.723" Num="-1" />
      <POSITION_MARK Name="" Type="0" Start="222.149" Num="-1" />
      <POSITION_MARK Name="" Type="0" Start="230.060" Num="-1" />
      <POSITION_MARK Name="" Type="0" Start="285.621" Num="-1" />
    </TRACK>
    <TRACK TrackID="134131619" Name="Magic Room (Original Mix)" Artist="Esteban A" Composer="" Album="If You" Grouping="" Genre="House/Deep/Tech/" Kind="AIFF File" Size="69220386" TotalTime="389" DiscNumber="0" TrackNumber="2" Year="2022" AverageBpm="128.00" DateAdded="2024-10-21" BitRate="1411" SampleRate="44100" Comments="9A - 6" PlayCount="1" Rating="0" Location="file://localhost/Users/zachvp/Music/DJ/16983420_Magic_Room_(Original_Mix).aiff" Remixer="" Tonality="9A" Label="NOPRESET Limited" Mix="">
      <TEMPO Inizio="0.000" Bpm="128.00" Metro="4/4" Battito="1" />
    </TRACK>
    <TRACK TrackID="172287554" Name="My Man unreleased" Artist="" Composer="" Album="" Grouping="" Genre="House/Deep/Tech/Jazzy" Kind="AIFF File" Size="81923704" TotalTime="464" DiscNumber="0" TrackNumber="0" Year="0" AverageBpm="123.00" DateAdded="2024-10-21" BitRate="1411" SampleRate="44100" Comments="6A - 6" PlayCount="0" Rating="0" Location="file://localhost/Users/zachvp/Music/DJ/My%20Man%20unreleased.aiff" Remixer="" Tonality="6A" Label="" Mix="">
      <TEMPO Inizio="0.004" Bpm="123.00" Metro="4/4" Battito="1" />
    </TRACK>
    <TRACK TrackID="5300025" Name="Slow Dancer Feat. Xane (Original Mix)" Artist="Edmund" Composer="" Album="When It Flows (Album Edition)" Grouping="" Genre="House/Deep/Tech/Jazzy" Kind="AIFF File" Size="75041718" TotalTime="425" DiscNumber="0" TrackNumber="7" Year="2012" AverageBpm="118.00" DateAdded="2024-10-21" BitRate="1411" SampleRate="44100" Comments="4A - 6" PlayCount="2" Rating="0" Location="file://localhost/Users/zachvp/Music/DJ/3544007_Slow_Dancer_Feat._Xane_(Original_Mix).aiff" Remixer="" Tonality="4A" Label="I Records" Mix="">
      <TEMPO Inizio="0.041" Bpm="118.00" Metro="4/4" Battito="1" />
      <TEMPO Inizio="420.040" Bpm="118.00" Metro="4/4" Battito="3" />
      <POSITION_MARK Name="" Type="0" Start="162.764" Num="-1" />
      <POSITION_MARK Name="" Type="0" Start="292.907" Num="-1" />
      <POSITION_MARK Name="" Type="0" Start="97.659" Num="-1" />
    </TRACK>
    <TRACK TrackID="125116382" Name="Witness Dub (Original Mix)" Artist="James Bangura" Composer="" Album="Harrar / Witness Dub" Grouping="" Genre="House/Deep/Tech/" Kind="AIFF File" Size="63750770" TotalTime="355" DiscNumber="0" TrackNumber="2" Year="2023" AverageBpm="130.00" DateAdded="2024-12-10" BitRate="1411" SampleRate="44100" Comments="5A - 6" PlayCount="0" Rating="0" Location="file://localhost/Users/zachvp/Music/DJ/17175216_Witness_Dub_(Original_Mix).aiff" Remixer="" Tonality="5A" Label="K7 Records" Mix="">
      <TEMPO Inizio="0.210" Bpm="130.00" Metro="4/4" Battito="1" />
    </TRACK>
    <TRACK TrackID="1370818" Name="Cristina Work (Original Mix)" Artist="DJ David Colee" Composer="" Album="Organic, Vol. 3" Grouping="" Genre="House/Deep/Tech/Jazzy" Kind="AIFF File" Size="69424086" TotalTime="392" DiscNumber="0" TrackNumber="6" Year="2019" AverageBpm="122.00" DateAdded="2024-12-10" BitRate="1411" SampleRate="44100" Comments="7A - 6" PlayCount="1" Rating="0" Location="file://localhost/Users/zachvp/Music/DJ/12592242_Cristina_Work_(Original_Mix).aiff" Remixer="" Tonality="7A" Label="Cock Pitch Records" Mix="">
      <TEMPO Inizio="0.001" Bpm="122.00" Metro="4/4" Battito="1" />
      <POSITION_MARK Name="" Type="0" Start="62.953" Num="-1" />
      <POSITION_MARK Name="" Type="0" Start="334.427" Num="-1" />
    </TRACK>
    <TRACK TrackID="108545339" Name="City People" Artist="Glenn Underground" Composer="" Album="Raiding the Crates" Grouping="" Genre="House/Deep/Tech/Jazzy" Kind="MP3 File" Size="6282597" TotalTime="154" DiscNumber="1" TrackNumber="23" Year="2002" AverageBpm="124.76" DateAdded="2024-12-10" BitRate="320" SampleRate="44100" Comments="9A - 6" PlayCount="0" Rating="0" Location="file://localhost/Users/zachvp/Music/DJ/DJ%20Spinna%20_%20-%2023.%20City%20People.mp3" Remixer="" Tonality="9A" Label="" Mix="">
      <TEMPO Inizio="0.160" Bpm="124.76" Metro="4/4" Battito="4" />
    </TRACK>
    <TRACK TrackID="151231258" Name="Detroit (Original Mix)" Artist="Bionic Escasso" Composer="" Album="My Comfort Zone" Grouping="" Genre="House/Deep/Tech/" Kind="AIFF File" Size="54434258" TotalTime="305" DiscNumber="0" TrackNumber="14" Year="2023" AverageBpm="127.00" DateAdded="2024-12-10" BitRate="1411" SampleRate="44100" Comments="11A - 6" PlayCount="1" Rating="0" Location="file://localhost/Users/zachvp/Music/DJ/17924404_Detroit_(Original_Mix).aiff" Remixer="" Tonality="11A" Label="PerfectBeats Records" Mix="">
      <TEMPO Inizio="0.238" Bpm="127.00" Metro="4/4" Battito="1" />
      <TEMPO Inizio="8.270" Bpm="127.00" Metro="4/4" Battito="2" />
    </TRACK>
    <TRACK TrackID="195390313" Name="Kindness (Original Mix)" Artist="Retromigration, Nephews" Composer="" Album="LTDBLBL008" Grouping="" Genre="House/Deep/Tech/Jazzy" Kind="AIFF File" Size="69982708" TotalTime="396" DiscNumber="0" TrackNumber="2" Year="2020" AverageBpm="121.00" DateAdded="2024-12-10" BitRate="1411" SampleRate="44100" Comments="3A - 5" PlayCount="2" Rating="0" Location="file://localhost/Users/zachvp/Music/DJ/14391601_Kindness_(Original_Mix).aiff" Remixer="" Tonality="3A" Label="Ltd, W/LBL" Mix="">
      <TEMPO Inizio="0.091" Bpm="121.00" Metro="4/4" Battito="1" />
      <POSITION_MARK Name="" Type="0" Start="95.292" Num="-1" />
      <POSITION_MARK Name="" Type="0" Start="277.792" Num="-1" />
      <POSITION_MARK Name="" Type="0" Start="0.090" Num="-1" />
    </TRACK>
    <TRACK TrackID="219594904" Name="Horizon (Original Mix)" Artist="Pugilist" Composer="" Album="Horizon" Grouping="" Genre="House/Deep/Tech/Spacey" Kind="AIFF File" Size="88170640" TotalTime="499" DiscNumber="0" TrackNumber="1" Year="2020" AverageBpm="125.00" DateAdded="2024-12-10" BitRate="1411" SampleRate="44100" Comments="3A - 6" PlayCount="1" Rating="0" Location="file://localhost/Users/zachvp/Music/DJ/13162563_Horizon_(Original_Mix).aiff" Remixer="" Tonality="3A" Label="Nous'klaer Audio" Mix="">
      <TEMPO Inizio="0.003" Bpm="125.00" Metro="4/4" Battito="1" />
      <POSITION_MARK Name="" Type="0" Start="15.348" Num="-1" />
      <POSITION_MARK Name="" Type="0" Start="0.000" Num="-1" />
      <POSITION_MARK Name="" Type="0" Start="391.667" Num="-1" />
    </TRACK>
    <TRACK TrackID="100997908" Name="Hinterhof Disco Dub (Amarcord Remix)" Artist="Enzo Elia" Composer="" Album="Alles Paletti-Remixes Part 1" Grouping="" Genre="House/Tech/Indie/" Kind="AIFF File" Size="55392782" TotalTime="304" DiscNumber="0" TrackNumber="3" Year="2021" AverageBpm="116.00" DateAdded="2024-12-10" BitRate="1411" SampleRate="44100" Comments="9A - 6" PlayCount="1" Rating="0" Location="file://localhost/Users/zachvp/Music/DJ/14760144_Hinterhof_Disco_Dub_(Amarcord_Remix).aiff" Remixer="" Tonality="9A" Label="Buttress" Mix="">
      <TEMPO Inizio="0.131" Bpm="116.00" Metro="4/4" Battito="1" />
      <TEMPO Inizio="1.166" Bpm="116.00" Metro="4/4" Battito="3" />
    </TRACK>
    <TRACK TrackID="14273884" Name="When Can I Call You (Tommy Musto &amp; Franky Bones British Telecom Mix)" Artist="Lisa Lee" Composer="" Album="4 To The Floor presents Nu Groove" Grouping="" Genre="House/Tech/Groove" Kind="AIFF File" Size="59516610" TotalTime="335" DiscNumber="0" TrackNumber="22" Year="2018" AverageBpm="124.04" DateAdded="2024-12-10" BitRate="1411" SampleRate="44100" Comments="12A - 6" PlayCount="1" Rating="0" Location="file://localhost/Users/zachvp/Music/DJ/10230082_When_Can_I_Call_You_(Tommy_Musto_%26_Franky_Bones_British_Telecom_Mix).aiff" Remixer="" Tonality="12A" Label="4 To The Floor Records" Mix="">
      <TEMPO Inizio="0.039" Bpm="124.04" Metro="4/4" Battito="1" />
    </TRACK>
    <TRACK TrackID="84808669" Name="Go Back To Bed" Artist="Who is it" Composer="" Album="" Grouping="" Genre="House/Deep/Tech/" Kind="MP3 File" Size="15608022" TotalTime="389" DiscNumber="0" TrackNumber="0" Year="2013" AverageBpm="122.00" DateAdded="2024-12-10" BitRate="320" SampleRate="44100" Comments="5A - 5" PlayCount="0" Rating="255" Location="file://localhost/Users/zachvp/Music/DJ/Who%20is%20it%20-%20Go%20Back%20To%20Bed.mp3" Remixer="" Tonality="5A" Label="" Mix="">
      <TEMPO Inizio="0.025" Bpm="122.00" Metro="4/4" Battito="1" />
    </TRACK>
    <TRACK TrackID="235502456" Name="Maya-Xpression (Original Mix)" Artist="Afrilounge" Composer="" Album="Akbal Music Best of 2019" Grouping="" Genre="House/Deep/Tech/" Kind="AIFF File" Size="94562234" TotalTime="532" DiscNumber="0" TrackNumber="5" Year="2019" AverageBpm="124.00" DateAdded="2024-12-10" BitRate="1411" SampleRate="44100" Comments="5A - 6" PlayCount="1" Rating="0" Location="file://localhost/Users/zachvp/Music/DJ/19080737_Maya-Xpression_(Original_Mix).aiff" Remixer="" Tonality="5A" Label="Akbal Music" Mix="">
      <TEMPO Inizio="0.004" Bpm="124.00" Metro="4/4" Battito="1" />
    </TRACK>
    <TRACK TrackID="52496903" Name="pak wdia  www (Original Mix)" Artist="KIRIK" Composer="" Album="&quot;PAK WDIA 2022 WWW&quot;" Grouping="" Genre="House/Deep/Tech/" Kind="AIFF File" Size="88892126" TotalTime="499" DiscNumber="0" TrackNumber="4" Year="2022" AverageBpm="125.00" DateAdded="2024-12-10" BitRate="1411" SampleRate="44100" Comments="12A - 5" PlayCount="0" Rating="0" Location="file://localhost/Users/zachvp/Music/DJ/16464195_pak_wdia__www_(Original_Mix).aiff" Remixer="" Tonality="12A" Label="UZVAR" Mix="">
      <TEMPO Inizio="0.000" Bpm="125.00" Metro="4/4" Battito="1" />
    </TRACK>
    <TRACK TrackID="14091051" Name="Pushin' (Louden Remix)" Artist="THEOS, Vons" Composer="" Album="Pushin' EP" Grouping="" Genre="House/Deep/Tech/" Kind="AIFF File" Size="69460590" TotalTime="384" DiscNumber="0" TrackNumber="2" Year="2023" AverageBpm="130.00" DateAdded="2024-12-10" BitRate="1411" SampleRate="44100" Comments="7A - 6" PlayCount="1" Rating="0" Location="file://localhost/Users/zachvp/Music/DJ/18081388_Pushin__(Louden_Remix).aiff" Remixer="" Tonality="7A" Label="Moan" Mix="">
      <TEMPO Inizio="0.022" Bpm="130.00" Metro="4/4" Battito="1" />
    </TRACK>
    <TRACK TrackID="17031092" Name="Vibra (Sera de Villalta Remix)" Artist="Ferra Black" Composer="" Album="" Grouping="" Genre="House/Deep/Tech/" Kind="WAV File" Size="63377634" TotalTime="359" DiscNumber="0" TrackNumber="0" Year="0" AverageBpm="129.00" DateAdded="2024-12-10" BitRate="1411" SampleRate="44100" Comments="4A - 5" PlayCount="0" Rating="0" Location="file://localhost/Users/zachvp/Music/DJ/Ferra%20Black%20-%20Vibra%20(Sera%20de%20Villalta%20Remix).wav" Remixer="" Tonality="4A" Label="" Mix="">
      <TEMPO Inizio="0.002" Bpm="129.00" Metro="4/4" Battito="1" />
    </TRACK>
    <TRACK TrackID="251552064" Name="Curandero (Original Mix)" Artist="Silat Beksi" Composer="" Album="Curandero EP" Grouping="" Genre="House/Deep/Tech/" Kind="AIFF File" Size="85242110" TotalTime="482" DiscNumber="0" TrackNumber="4" Year="2022" AverageBpm="124.00" DateAdded="2024-12-10" BitRate="1411" SampleRate="44100" Comments="6A - 5" PlayCount="1" Rating="0" Location="file://localhost/Users/zachvp/Music/DJ/16967532_Curandero_(Original_Mix).aiff" Remixer="" Tonality="6A" Label="Rawax" Mix="">
      <TEMPO Inizio="0.295" Bpm="124.00" Metro="4/4" Battito="4" />
    </TRACK>
    <TRACK TrackID="148626456" Name="Demucha (Dam Swindle Remix)" Artist="Crackazat" Composer="" Album="The Round Up Pt. 9" Grouping="" Genre="House/Deep/Tech/Jazzy" Kind="AIFF File" Size="73266004" TotalTime="406" DiscNumber="0" TrackNumber="1" Year="2023" AverageBpm="130.00" DateAdded="2024-12-10" BitRate="1411" SampleRate="44100" Comments="5A - 6" PlayCount="1" Rating="0" Location="file://localhost/Users/zachvp/Music/DJ/17532314_Demucha_(Dam_Swindle_Remix).aiff" Remixer="" Tonality="5A" Label="Heist Recordings" Mix="">
      <TEMPO Inizio="0.101" Bpm="130.00" Metro="4/4" Battito="1" />
    </TRACK>
    <TRACK TrackID="249453269" Name="Rows Of Song (F.eht Remix)" Artist="Daniel Meister" Composer="" Album="Feelin" Grouping="" Genre="House/Deep/Tech/" Kind="AIFF File" Size="74114490" TotalTime="411" DiscNumber="0" TrackNumber="3" Year="2022" AverageBpm="126.00" DateAdded="2024-12-10" BitRate="1411" SampleRate="44100" Comments="7A - 5" PlayCount="1" Rating="0" Location="file://localhost/Users/zachvp/Music/DJ/16136825_Rows_Of_Song_(F.eht_Remix).aiff" Remixer="" Tonality="7A" Label="SOS Rec" Mix="">
      <TEMPO Inizio="0.003" Bpm="126.00" Metro="4/4" Battito="1" />
      <POSITION_MARK Name="" Type="0" Start="60.961" Num="-1" />
    </TRACK>
    <TRACK TrackID="216513955" Name="So Real (12 Inch Extended Version)" Artist="Todd Edwards" Composer="" Album="Todd Edwards Nervous Tracks" Grouping="" Genre="House/Deep/Tech/Jazzy" Kind="AIFF File" Size="59019210" TotalTime="334" DiscNumber="0" TrackNumber="1" Year="2006" AverageBpm="124.01" DateAdded="2024-12-10" BitRate="1411" SampleRate="44100" Comments="5A - 6" PlayCount="2" Rating="0" Location="file://localhost/Users/zachvp/Music/DJ/169065_So_Real_(12_Inch_Extended_Version).aiff" Remixer="" Tonality="5A" Label="Nervous Records" Mix="">
      <TEMPO Inizio="0.086" Bpm="124.01" Metro="4/4" Battito="1" />
      <POSITION_MARK Name="" Type="0" Start="0.089" Num="-1" />
      <POSITION_MARK Name="" Type="0" Start="31.057" Num="-1" />
      <POSITION_MARK Name="" Type="0" Start="263.279" Num="-1" />
    </TRACK>
    <TRACK TrackID="114604625" Name="Basen på (Original Mix)" Artist="Missa Brevis" Composer="" Album="Ben O' Clock" Grouping="" Genre="House/Deep/Tech/Jazzy" Kind="AIFF File" Size="79170986" TotalTime="446" DiscNumber="0" TrackNumber="2" Year="2020" AverageBpm="121.00" DateAdded="2024-12-10" BitRate="1411" SampleRate="44100" Comments="5A - 5" PlayCount="2" Rating="0" Location="file://localhost/Users/zachvp/Music/DJ/17130587_Basen_p%c3%a5_(Original_Mix).aiff" Remixer="" Tonality="5A" Label="Baenger" Mix="">
      <TEMPO Inizio="0.167" Bpm="121.00" Metro="4/4" Battito="1" />
      <POSITION_MARK Name="" Type="0" Start="127.120" Num="-1" />
      <POSITION_MARK Name="" Type="0" Start="321.473" Num="-1" />
      <POSITION_MARK Name="" Type="0" Start="18.022" Num="-1" />
      <POSITION_MARK Name="" Type="0" Start="0.096" Num="-1" />
    </TRACK>
    <TRACK TrackID="36656393" Name="Axiomatic (Original Mix)" Artist="DIKKA" Composer="" Album="Coincidence" Grouping="" Genre="House/Deep/Tech/" Kind="AIFF File" Size="75362870" TotalTime="419" DiscNumber="0" TrackNumber="3" Year="2021" AverageBpm="130.00" DateAdded="2024-12-10" BitRate="1411" SampleRate="44100" Comments="11A - 6" PlayCount="1" Rating="0" Location="file://localhost/Users/zachvp/Music/DJ/15965346_Axiomatic_(Original_Mix).aiff" Remixer="" Tonality="11A" Label="Dubwise Records" Mix="">
      <TEMPO Inizio="0.155" Bpm="130.00" Metro="4/4" Battito="1" />
      <POSITION_MARK Name="" Type="0" Start="90.626" Num="-1" />
      <POSITION_MARK Name="" Type="0" Start="2.000" Num="-1" />
    </TRACK>
    <TRACK TrackID="14865004" Name="194 (Original Mix)" Artist="Keppel" Composer="" Album="The Brooke EP" Grouping="" Genre="House/Deep/Tech/Spacey" Kind="AIFF File" Size="68360226" TotalTime="386" DiscNumber="0" TrackNumber="2" Year="2022" AverageBpm="100.00" DateAdded="2024-12-10" BitRate="1411" SampleRate="44100" Comments="5A - 6" PlayCount="1" Rating="0" Location="file://localhost/Users/zachvp/Music/DJ/16716222_194_(Original_Mix).aiff" Remixer="" Tonality="5A" Label="Well Street Records" Mix="">
      <TEMPO Inizio="0.014" Bpm="100.00" Metro="4/4" Battito="1" />
      <TEMPO Inizio="197.413" Bpm="100.00" Metro="4/4" Battito="2" />
    </TRACK>
    <TRACK TrackID="15049215" Name="Trust (Original Mix)" Artist="Retromigration" Composer="" Album="Hunt Zero - EP" Grouping="" Genre="House/Deep/Tech/Jazzy" Kind="AIFF File" Size="63949462" TotalTime="354" DiscNumber="0" TrackNumber="4" Year="2024" AverageBpm="130.00" DateAdded="2024-12-10" BitRate="1411" SampleRate="44100" Comments="3A - 7" PlayCount="1" Rating="0" Location="file://localhost/Users/zachvp/Music/DJ/18638736_Trust_(Original_Mix).aiff" Remixer="" Tonality="3A" Label="Handy Records" Mix="">
      <TEMPO Inizio="0.078" Bpm="130.00" Metro="4/4" Battito="1" />
    </TRACK>
    <TRACK TrackID="106738112" Name="Man Of Soul (Original Mix)" Artist="Saison" Composer="" Album="Man Of Soul" Grouping="" Genre="House/Deep/Tech/Jazzy" Kind="AIFF File" Size="66478136" TotalTime="371" DiscNumber="0" TrackNumber="1" Year="2021" AverageBpm="124.00" DateAdded="2024-12-10" BitRate="1411" SampleRate="44100" Comments="2A - 6" PlayCount="1" Rating="0" Location="file://localhost/Users/zachvp/Music/DJ/15478498_Man_Of_Soul_(Original_Mix).aiff" Remixer="" Tonality="2A" Label="No Fuss Records" Mix="">
      <TEMPO Inizio="0.002" Bpm="124.00" Metro="4/4" Battito="1" />
    </TRACK>
    <TRACK TrackID="6148602" Name="Congarama (Glenn Gonzalez Remix)" Artist="David Pinto, Anthony Selvaggio" Composer="" Album="Congarama" Grouping="" Genre="House/Deep/Tech/" Kind="AIFF File" Size="96427708" TotalTime="545" DiscNumber="0" TrackNumber="1" Year="2020" AverageBpm="128.00" DateAdded="2024-12-10" BitRate="1411" SampleRate="44100" Comments="2B - 5" PlayCount="1" Rating="0" Location="file://localhost/Users/zachvp/Music/DJ/14283393_Congarama_(Glenn_Gonzalez_Remix).aiff" Remixer="" Tonality="2B" Label="Pixbae Records" Mix="">
      <TEMPO Inizio="0.187" Bpm="128.00" Metro="4/4" Battito="1" />
    </TRACK>
    <TRACK TrackID="36970711" Name="Love Rehab (Dub Mix)" Artist="Chaim" Composer="" Album="Love Rehab" Grouping="" Genre="House/Deep/Tech/Spacey" Kind="AIFF File" Size="102744534" TotalTime="582" DiscNumber="0" TrackNumber="4" Year="2010" AverageBpm="125.00" DateAdded="2024-12-10" BitRate="1411" SampleRate="44100" Comments="12A - 5" PlayCount="1" Rating="0" Location="file://localhost/Users/zachvp/Music/DJ/1182446_Love_Rehab_(Dub_Mix).aiff" Remixer="" Tonality="12A" Label="Bpitch Control" Mix="">
      <TEMPO Inizio="0.037" Bpm="125.00" Metro="4/4" Battito="1" />
      <TEMPO Inizio="148.836" Bpm="125.00" Metro="4/4" Battito="3" />
      <TEMPO Inizio="445.475" Bpm="125.00" Metro="4/4" Battito="1" />
    </TRACK>
    <TRACK TrackID="238211404" Name="River Man (Original Mix)" Artist="Nick Drake" Composer="" Album="Late Night Tales: The Flaming Lips" Grouping="" Genre="Lounge/" Kind="AIFF File" Size="46425418" TotalTime="262" DiscNumber="0" TrackNumber="14" Year="2013" AverageBpm="163.12" DateAdded="2024-12-10" BitRate="1411" SampleRate="44100" Comments="5A - 2" PlayCount="1" Rating="0" Location="file://localhost/Users/zachvp/Music/DJ/4645061_River_Man_(Original_Mix).aiff" Remixer="" Tonality="5A" Label="Late Night Tales" Mix="">
      <TEMPO Inizio="0.091" Bpm="163.12" Metro="4/4" Battito="1" />
      <POSITION_MARK Name="" Type="0" Start="0.520" Num="-1" />
    </TRACK>
    <TRACK TrackID="85203719" Name="Libera (Original Mix)" Artist="Al Wootton" Composer="" Album="Vitus EP" Grouping="" Genre="House/Deep/Tech/" Kind="AIFF File" Size="94059528" TotalTime="516" DiscNumber="0" TrackNumber="2" Year="2023" AverageBpm="118.00" DateAdded="2024-12-10" BitRate="1411" SampleRate="44100" Comments="10A - 7" PlayCount="1" Rating="0" Location="file://localhost/Users/zachvp/Music/DJ/17535477_Libera_(Original_Mix).aiff" Remixer="" Tonality="10A" Label="Optimo Music Digital Danceforce" Mix="">
      <TEMPO Inizio="0.060" Bpm="118.00" Metro="4/4" Battito="1" />
      <TEMPO Inizio="359.042" Bpm="118.00" Metro="4/4" Battito="3" />
      <POSITION_MARK Name="" Type="0" Start="32.599" Num="-1" />
      <POSITION_MARK Name="" Type="0" Start="292.935" Num="-1" />
    </TRACK>
    <TRACK TrackID="109694112" Name="Always There (Intense Dub Mix)" Artist="CharVoni" Composer="" Album="" Grouping="" Genre="House/Deep/Tech/" Kind="AIFF File" Size="57830078" TotalTime="327" DiscNumber="0" TrackNumber="0" Year="0" AverageBpm="121.47" DateAdded="2024-12-10" BitRate="1411" SampleRate="44100" Comments="1A - 6" PlayCount="1" Rating="0" Location="file://localhost/Users/zachvp/Music/DJ/CharVoni%20%e2%80%93%20Always%20There%20(Intense%20Dub%20Mix).aiff" Remixer="" Tonality="1A" Label="" Mix="">
      <TEMPO Inizio="0.301" Bpm="121.47" Metro="4/4" Battito="1" />
      <POSITION_MARK Name="" Type="0" Start="39.802" Num="-1" />
      <POSITION_MARK Name="" Type="0" Start="266.035" Num="-1" />
      <POSITION_MARK Name="" Type="0" Start="0.272" Num="-1" />
    </TRACK>
    <TRACK TrackID="149489546" Name="L.I.T.E (Original Mix)" Artist="Manao, Tom Place" Composer="" Album="Vorticis" Grouping="" Genre="House/Deep/Tech/Breaks" Kind="AIFF File" Size="41300764" TotalTime="222" DiscNumber="0" TrackNumber="4" Year="2023" AverageBpm="140.00" DateAdded="2024-12-10" BitRate="1411" SampleRate="44100" Comments="4A - 5" PlayCount="2" Rating="0" Location="file://localhost/Users/zachvp/Music/DJ/18271506_L.I.T.E_(Original_Mix).aiff" Remixer="" Tonality="4A" Label="La Bonne Musique" Mix="">
      <TEMPO Inizio="0.000" Bpm="140.00" Metro="4/4" Battito="1" />
      <POSITION_MARK Name="" Type="0" Start="27.428" Num="-1" />
      <POSITION_MARK Name="" Type="0" Start="192.002" Num="-1" />
    </TRACK>
    <TRACK TrackID="136062054" Name="Cattle Beast (Original Mix)" Artist="L.F.T." Composer="" Album="Electric Vampire" Grouping="" Genre="House/Tech/Breaks" Kind="AIFF File" Size="62003512" TotalTime="349" DiscNumber="0" TrackNumber="2" Year="2024" AverageBpm="135.00" DateAdded="2024-12-10" BitRate="1411" SampleRate="44100" Comments="9A - 7" PlayCount="0" Rating="0" Location="file://localhost/Users/zachvp/Music/DJ/18565056_Cattle_Beast_(Original_Mix).aiff" Remixer="" Tonality="9A" Label="Pinkman" Mix="">
      <TEMPO Inizio="0.101" Bpm="135.00" Metro="4/4" Battito="1" />
      <TEMPO Inizio="0.546" Bpm="135.00" Metro="4/4" Battito="2" />
      <TEMPO Inizio="52.545" Bpm="135.00" Metro="4/4" Battito="3" />
      <TEMPO Inizio="107.655" Bpm="135.00" Metro="4/4" Battito="3" />
      <TEMPO Inizio="166.765" Bpm="135.00" Metro="4/4" Battito="4" />
      <TEMPO Inizio="225.875" Bpm="135.00" Metro="4/4" Battito="1" />
      <TEMPO Inizio="284.985" Bpm="135.00" Metro="4/4" Battito="2" />
      <TEMPO Inizio="340.095" Bpm="135.00" Metro="4/4" Battito="2" />
    </TRACK>
    <TRACK TrackID="242649100" Name="Coats My Skin (Original Mix)" Artist="Pornbugs" Composer="" Album="Coats My Skin" Grouping="" Genre="House/Deep/Tech/" Kind="AIFF File" Size="71501838" TotalTime="403" DiscNumber="0" TrackNumber="1" Year="2023" AverageBpm="125.00" DateAdded="2024-12-10" BitRate="1411" SampleRate="44100" Comments="7A - 6" PlayCount="1" Rating="0" Location="file://localhost/Users/zachvp/Music/DJ/18264954_Coats_My_Skin_(Original_Mix).aiff" Remixer="" Tonality="7A" Label="ExpMental Records" Mix="">
      <TEMPO Inizio="0.200" Bpm="125.00" Metro="4/4" Battito="1" />
      <TEMPO Inizio="282.439" Bpm="125.00" Metro="4/4" Battito="1" />
      <POSITION_MARK Name="" Type="0" Start="30.920" Num="-1" />
      <POSITION_MARK Name="" Type="0" Start="123.073" Num="-1" />
      <POSITION_MARK Name="" Type="0" Start="303.577" Num="-1" />
      <POSITION_MARK Name="" Type="0" Start="0.176" Num="-1" />
    </TRACK>
    <TRACK TrackID="268254140" Name="Love Revolution (Mood II Swing Remix 2)" Artist="Mysterious People" Composer="" Album="Love Revolution (Remixes)" Grouping="" Genre="House/Deep/Tech/Jazzy" Kind="AIFF File" Size="92609350" TotalTime="524" DiscNumber="0" TrackNumber="2" Year="1996" AverageBpm="122.98" DateAdded="2024-12-10" BitRate="1411" SampleRate="44100" Comments="2A - 6" PlayCount="0" Rating="0" Location="file://localhost/Users/zachvp/Music/DJ/9746033_Love_Revolution_(Mood_II_Swing_Remix_2).aiff" Remixer="" Tonality="2A" Label="Yoshitoshi Recordings" Mix="">
      <TEMPO Inizio="0.086" Bpm="122.98" Metro="4/4" Battito="1" />
    </TRACK>
    <TRACK TrackID="245908007" Name="Oil (Original Mix)" Artist="Marcman" Composer="" Album="Oil" Grouping="" Genre="House/Deep/Tech/" Kind="AIFF File" Size="77741672" TotalTime="440" DiscNumber="0" TrackNumber="1" Year="2012" AverageBpm="127.00" DateAdded="2024-12-10" BitRate="1411" SampleRate="44100" Comments="4A - 6" PlayCount="1" Rating="0" Location="file://localhost/Users/zachvp/Music/DJ/3989395_Oil_(Original_Mix).aiff" Remixer="" Tonality="4A" Label="Drumma Records" Mix="">
      <TEMPO Inizio="0.002" Bpm="127.00" Metro="4/4" Battito="1" />
      <TEMPO Inizio="128.034" Bpm="127.00" Metro="4/4" Battito="4" />
      <TEMPO Inizio="436.066" Bpm="127.00" Metro="4/4" Battito="4" />
    </TRACK>
    <TRACK TrackID="233441434" Name="After Midnight (Rotciv Re-Edit)" Artist="Glocal" Composer="" Album="Rebirth Classics - Disco" Grouping="" Genre="House/Deep/Tech/Jazzy" Kind="AIFF File" Size="62610540" TotalTime="354" DiscNumber="0" TrackNumber="9" Year="2012" AverageBpm="118.00" DateAdded="2024-12-10" BitRate="1411" SampleRate="44100" Comments="1A - 7" PlayCount="2" Rating="0" Location="file://localhost/Users/zachvp/Music/DJ/3284463_After_Midnight_(Rotciv_Re-Edit).aiff" Remixer="" Tonality="1A" Label="Rebirth" Mix="">
      <TEMPO Inizio="0.255" Bpm="118.00" Metro="4/4" Battito="1" />
      <TEMPO Inizio="279.915" Bpm="118.00" Metro="4/4" Battito="3" />
      <POSITION_MARK Name="" Type="0" Start="65.337" Num="-1" />
      <POSITION_MARK Name="" Type="0" Start="276.871" Num="-1" />
      <POSITION_MARK Name="" Type="0" Start="293.111" Num="-1" />
    </TRACK>
    <TRACK TrackID="102952913" Name="Ran Away Forever (Original Mix)" Artist="KIRIK" Composer="" Album="&quot;PAK WDIA 2022 WWW&quot;" Grouping="" Genre="House/Deep/Tech/Spacey" Kind="AIFF File" Size="88892196" TotalTime="499" DiscNumber="0" TrackNumber="5" Year="2022" AverageBpm="125.00" DateAdded="2024-12-10" BitRate="1411" SampleRate="44100" Comments="6A - 6" PlayCount="0" Rating="0" Location="file://localhost/Users/zachvp/Music/DJ/16464201_Ran_Away_Forever_(Original_Mix).aiff" Remixer="" Tonality="6A" Label="UZVAR" Mix="">
      <TEMPO Inizio="0.001" Bpm="125.00" Metro="4/4" Battito="1" />
    </TRACK>
    <TRACK TrackID="146387747" Name="Sze'cse'ny's Morning (Original Mix)" Artist="Kormix" Composer="" Album="Sze'cse'ny's Morning EP" Grouping="" Genre="House/Deep/Tech/Jazzy" Kind="AIFF File" Size="68283236" TotalTime="386" DiscNumber="0" TrackNumber="2" Year="2008" AverageBpm="126.00" DateAdded="2024-12-10" BitRate="1411" SampleRate="44100" Comments="4A - 7" PlayCount="2" Rating="0" Location="file://localhost/Users/zachvp/Music/DJ/602223_Sze_cse_ny_s_Morning_(Original_Mix).aiff" Remixer="" Tonality="4A" Label="Aenaria Music" Mix="">
      <TEMPO Inizio="0.008" Bpm="126.00" Metro="4/4" Battito="1" />
      <TEMPO Inizio="355.245" Bpm="126.00" Metro="4/4" Battito="3" />
      <POSITION_MARK Name="" Type="0" Start="91.419" Num="-1" />
      <POSITION_MARK Name="" Type="0" Start="30.481" Num="-1" />
      <POSITION_MARK Name="" Type="0" Start="320.020" Num="-1" />
    </TRACK>
    <TRACK TrackID="195071348" Name="Kane (Original Mix)" Artist="Sorrow" Composer="" Album="Dark Zone" Grouping="" Genre="House/Deep/Tech/Breaks" Kind="AIFF File" Size="49451694" TotalTime="279" DiscNumber="0" TrackNumber="2" Year="2023" AverageBpm="137.00" DateAdded="2024-12-10" BitRate="1411" SampleRate="44100" Comments="6A - 4" PlayCount="3" Rating="0" Location="file://localhost/Users/zachvp/Music/DJ/18238690_Kane_(Original_Mix).aiff" Remixer="" Tonality="6A" Label="White Peach Records" Mix="">
      <TEMPO Inizio="0.014" Bpm="137.00" Metro="4/4" Battito="1" />
      <POSITION_MARK Name="" Type="0" Start="28.054" Num="-1" />
      <POSITION_MARK Name="" Type="0" Start="210.228" Num="-1" />
    </TRACK>
    <TRACK TrackID="252655701" Name="Hard to Describe (Original Mix)" Artist="Guillaume &amp; The Coutu Dumonts" Composer="" Album="Impossibe Rendez-Vous" Grouping="" Genre="House/Deep/Tech/" Kind="AIFF File" Size="78711926" TotalTime="445" DiscNumber="0" TrackNumber="2" Year="2013" AverageBpm="124.00" DateAdded="2024-12-10" BitRate="1411" SampleRate="44100" Comments="2A - 5" PlayCount="1" Rating="0" Location="file://localhost/Users/zachvp/Music/DJ/4767176_Hard_to_Describe_(Original_Mix).aiff" Remixer="" Tonality="2A" Label="Meander Music" Mix="">
      <TEMPO Inizio="0.068" Bpm="124.00" Metro="4/4" Battito="4" />
      <POSITION_MARK Name="" Type="0" Start="4.426" Num="-1" />
    </TRACK>
    <TRACK TrackID="139793389" Name="Confession Feat. Ego (Jon Charnis &amp; Prab K Remix)" Artist="Moonwalk" Composer="" Album="Confession Feat. Ego" Grouping="" Genre="House/Deep/Tech/" Kind="AIFF File" Size="74326040" TotalTime="420" DiscNumber="0" TrackNumber="2" Year="2013" AverageBpm="120.00" DateAdded="2024-12-10" BitRate="1411" SampleRate="44100" Comments="12A - 5" PlayCount="1" Rating="0" Location="file://localhost/Users/zachvp/Music/DJ/4712014_Confession_Feat._Ego_(Jon_Charnis_%26_Prab_K_Remix).aiff" Remixer="" Tonality="12A" Label="Faceless Recordings" Mix="">
      <TEMPO Inizio="0.000" Bpm="120.00" Metro="4/4" Battito="1" />
    </TRACK>
    <TRACK TrackID="104407001" Name="The Dub (Original Mix)" Artist="Manoo" Composer="" Album="Kemet Deep Sessions, Vol. 1" Grouping="" Genre="House/Deep/Tech/Jazzy" Kind="AIFF File" Size="88210052" TotalTime="498" DiscNumber="0" TrackNumber="1" Year="2018" AverageBpm="124.00" DateAdded="2024-12-10" BitRate="1411" SampleRate="44100" Comments="1A - 5" PlayCount="1" Rating="0" Location="file://localhost/Users/zachvp/Music/DJ/10787530_The_Dub_(Original_Mix).aiff" Remixer="" Tonality="1A" Label="Kemet Soul Records" Mix="">
      <TEMPO Inizio="0.003" Bpm="124.00" Metro="4/4" Battito="1" />
      <POSITION_MARK Name="" Type="0" Start="0.000" Num="-1" />
    </TRACK>
    <TRACK TrackID="111849434" Name="My Burning Soul (Zuat-Zu Remix)" Artist="Replika" Composer="" Album="My Burning Souls EP" Grouping="" Genre="House/Deep/Tech/Jazzy" Kind="AIFF File" Size="66132706" TotalTime="373" DiscNumber="0" TrackNumber="2" Year="2010" AverageBpm="120.00" DateAdded="2024-12-10" BitRate="1411" SampleRate="44100" Comments="7A - 5" PlayCount="2" Rating="0" Location="file://localhost/Users/zachvp/Music/DJ/1596304_My_Burning_Soul_(Zuat-Zu_Remix).aiff" Remixer="" Tonality="7A" Label="Sophisticate Recordings" Mix="">
      <TEMPO Inizio="0.015" Bpm="120.00" Metro="4/4" Battito="1" />
      <TEMPO Inizio="61.516" Bpm="120.00" Metro="4/4" Battito="4" />
    </TRACK>
    <TRACK TrackID="59095797" Name="Keep On Lying (Nina Kraviz Remix)" Artist="Jessie Ware" Composer="" Album="" Grouping="" Genre="House/Deep/Tech/" Kind="AIFF File" Size="61288766" TotalTime="347" DiscNumber="0" TrackNumber="0" Year="0" AverageBpm="127.00" DateAdded="2024-12-10" BitRate="1411" SampleRate="44100" Comments="12A - 4" PlayCount="1" Rating="0" Location="file://localhost/Users/zachvp/Music/DJ/Jessie%20Ware%20-%20Keep%20On%20Lying%20(Nina%20Kraviz%20Remix).aiff" Remixer="" Tonality="12A" Label="" Mix="">
      <TEMPO Inizio="0.055" Bpm="127.00" Metro="4/4" Battito="3" />
      <TEMPO Inizio="0.528" Bpm="127.00" Metro="4/4" Battito="4" />
      <TEMPO Inizio="27.456" Bpm="127.00" Metro="4/4" Battito="1" />
      <TEMPO Inizio="55.329" Bpm="127.00" Metro="4/4" Battito="4" />
      <TEMPO Inizio="83.202" Bpm="127.00" Metro="4/4" Battito="3" />
      <TEMPO Inizio="111.075" Bpm="127.00" Metro="4/4" Battito="2" />
      <TEMPO Inizio="138.003" Bpm="127.00" Metro="4/4" Battito="3" />
      <TEMPO Inizio="165.876" Bpm="127.00" Metro="4/4" Battito="2" />
      <TEMPO Inizio="193.749" Bpm="127.00" Metro="4/4" Battito="1" />
      <TEMPO Inizio="221.622" Bpm="127.00" Metro="4/4" Battito="4" />
      <TEMPO Inizio="248.550" Bpm="127.00" Metro="4/4" Battito="1" />
      <TEMPO Inizio="276.423" Bpm="127.00" Metro="4/4" Battito="4" />
      <TEMPO Inizio="304.296" Bpm="127.00" Metro="4/4" Battito="3" />
      <TEMPO Inizio="332.169" Bpm="127.00" Metro="4/4" Battito="2" />
      <POSITION_MARK Name="" Type="0" Start="4.825" Num="-1" />
    </TRACK>
    <TRACK TrackID="189912248" Name="Slid - Pdfmone (Original Mix)" Artist="Fluke" Composer="" Album="Slid" Grouping="" Genre="House/Tech/Indie/" Kind="AIFF File" Size="81271264" TotalTime="460" DiscNumber="0" TrackNumber="2" Year="2008" AverageBpm="119.96" DateAdded="2024-12-10" BitRate="1411" SampleRate="44100" Comments="7A - 6" PlayCount="2" Rating="0" Location="file://localhost/Users/zachvp/Music/DJ/1706826_Slid_(Pdfmone).aiff" Remixer="" Tonality="7A" Label="Virgin Catalogue" Mix="">
      <TEMPO Inizio="0.211" Bpm="119.96" Metro="4/4" Battito="1" />
      <TEMPO Inizio="168.266" Bpm="119.96" Metro="4/4" Battito="1" />
      <TEMPO Inizio="333.320" Bpm="119.96" Metro="4/4" Battito="3" />
      <POSITION_MARK Name="" Type="0" Start="0.211" Num="-1" />
      <POSITION_MARK Name="" Type="0" Start="392.338" Num="-1" />
      <POSITION_MARK Name="" Type="0" Start="408.337" Num="-1" />
    </TRACK>
    <TRACK TrackID="172038353" Name="Winterland (Petar Dundov Edition)" Artist="Kurt Baggaley" Composer="" Album="Third Editions" Grouping="" Genre="House/Deep/Tech/Spacey" Kind="AIFF File" Size="107732054" TotalTime="609" DiscNumber="0" TrackNumber="7" Year="2016" AverageBpm="120.00" DateAdded="2024-12-10" BitRate="1411" SampleRate="44100" Comments="6A - 6" PlayCount="1" Rating="0" Location="file://localhost/Users/zachvp/Music/DJ/8653635_Winterland_(Petar_Dundov_Edition).aiff" Remixer="" Tonality="6A" Label="Chapter 24 Records" Mix="">
      <TEMPO Inizio="0.047" Bpm="120.00" Metro="4/4" Battito="1" />
      <TEMPO Inizio="242.546" Bpm="120.00" Metro="4/4" Battito="2" />
    </TRACK>
    <TRACK TrackID="200319964" Name="Enough - LIM2 Extended" Artist="Matthew Dekay" Composer="" Album="" Grouping="" Genre="House/Deep/Tech/Spacey" Kind="MP3 File" Size="24401511" TotalTime="609" DiscNumber="0" TrackNumber="0" Year="0" AverageBpm="125.00" DateAdded="2024-12-10" BitRate="320" SampleRate="44100" Comments="9A - 4" PlayCount="1" Rating="0" Location="file://localhost/Users/zachvp/Music/DJ/Matthew%20Dekay%20-%20Enough%20-%20LIM2%20Extended.mp3" Remixer="" Tonality="9A" Label="" Mix="">
      <TEMPO Inizio="0.051" Bpm="125.00" Metro="4/4" Battito="1" />
    </TRACK>
    <TRACK TrackID="28408177" Name="A.I (Original Mix)" Artist="Simas" Composer="" Album="Gib Pappo EP" Grouping="" Genre="House/Deep/Tech/" Kind="AIFF File" Size="73561818" TotalTime="405" DiscNumber="0" TrackNumber="3" Year="2023" AverageBpm="128.00" DateAdded="2024-12-10" BitRate="1411" SampleRate="44100" Comments="2A - 6" PlayCount="1" Rating="0" Location="file://localhost/Users/zachvp/Music/DJ/17839387_A.I_(Original_Mix).aiff" Remixer="" Tonality="2A" Label="Organic Pieces" Mix="">
      <TEMPO Inizio="0.086" Bpm="128.00" Metro="4/4" Battito="1" />
      <POSITION_MARK Name="" Type="0" Start="45.109" Num="-1" />
      <POSITION_MARK Name="" Type="0" Start="285.109" Num="-1" />
      <POSITION_MARK Name="" Type="0" Start="300.109" Num="-1" />
    </TRACK>
    <TRACK TrackID="103078802" Name="Ciel (Original Mix)" Artist="Youandewan" Composer="" Album="Luna Via" Grouping="" Genre="House/Deep/Tech/Spacey" Kind="AIFF File" Size="66304696" TotalTime="375" DiscNumber="0" TrackNumber="1" Year="2017" AverageBpm="126.50" DateAdded="2024-12-10" BitRate="1411" SampleRate="44100" Comments="1A - 5" PlayCount="1" Rating="0" Location="file://localhost/Users/zachvp/Music/DJ/9668674_Ciel_(Original_Mix).aiff" Remixer="" Tonality="1A" Label="Voyage Recordings" Mix="">
      <TEMPO Inizio="0.132" Bpm="126.50" Metro="4/4" Battito="1" />
      <TEMPO Inizio="0.607" Bpm="126.50" Metro="4/4" Battito="2" />
      <TEMPO Inizio="94.519" Bpm="126.50" Metro="4/4" Battito="4" />
      <TEMPO Inizio="194.597" Bpm="126.50" Metro="4/4" Battito="3" />
      <TEMPO Inizio="294.675" Bpm="126.50" Metro="4/4" Battito="2" />
      <POSITION_MARK Name="" Type="0" Start="2.023" Num="-1" />
    </TRACK>
    <TRACK TrackID="185991426" Name="Confession Feat. Ego (Original Mix)" Artist="Moonwalk" Composer="" Album="Confession Feat. Ego" Grouping="" Genre="House/Tech/Indie/" Kind="AIFF File" Size="73995424" TotalTime="419" DiscNumber="0" TrackNumber="1" Year="2013" AverageBpm="116.00" DateAdded="2024-12-10" BitRate="1411" SampleRate="44100" Comments="5A - 6" PlayCount="0" Rating="0" Location="file://localhost/Users/zachvp/Music/DJ/4712013_Confession_Feat._Ego_(Original_Mix).aiff" Remixer="" Tonality="5A" Label="Faceless Recordings" Mix="">
      <TEMPO Inizio="0.004" Bpm="116.00" Metro="4/4" Battito="1" />
      <TEMPO Inizio="1.039" Bpm="116.00" Metro="4/4" Battito="3" />
      <POSITION_MARK Name="" Type="0" Start="16.541" Num="-1" />
      <POSITION_MARK Name="" Type="0" Start="331.037" Num="-1" />
    </TRACK>
    <TRACK TrackID="57573074" Name="Our Dust" Artist="A C Marias" Composer="Conway" Album="One Of Our Girls (Has Gone Missing)" Grouping="" Genre="Lounge/" Kind="MP3 File" Size="6803841" TotalTime="209" DiscNumber="1" TrackNumber="4" Year="1989" AverageBpm="110.03" DateAdded="2024-12-10" BitRate="256" SampleRate="44100" Comments="7B - 4" PlayCount="0" Rating="0" Location="file://localhost/Users/zachvp/Music/DJ/04%20-%20Our%20Dust.mp3" Remixer="" Tonality="7B" Label="" Mix="">
      <TEMPO Inizio="0.527" Bpm="110.03" Metro="4/4" Battito="3" />
      <TEMPO Inizio="1.073" Bpm="110.03" Metro="4/4" Battito="4" />
      <TEMPO Inizio="25.067" Bpm="110.03" Metro="4/4" Battito="4" />
      <TEMPO Inizio="49.061" Bpm="110.03" Metro="4/4" Battito="4" />
      <TEMPO Inizio="73.055" Bpm="110.03" Metro="4/4" Battito="4" />
      <TEMPO Inizio="104.138" Bpm="110.03" Metro="4/4" Battito="1" />
      <TEMPO Inizio="128.132" Bpm="110.03" Metro="4/4" Battito="1" />
      <TEMPO Inizio="152.126" Bpm="110.03" Metro="4/4" Battito="1" />
      <TEMPO Inizio="176.120" Bpm="110.03" Metro="4/4" Battito="1" />
      <TEMPO Inizio="200.114" Bpm="110.03" Metro="4/4" Battito="1" />
    </TRACK>
    <TRACK TrackID="203840271" Name="Humanity (Lawler Remix)" Artist="Re.you, Floyd Lavine" Composer="" Album="Voltaire Music pres. Monologue #1" Grouping="" Genre="House/Deep/Tech/" Kind="AIFF File" Size="70030078" TotalTime="396" DiscNumber="0" TrackNumber="3" Year="2019" AverageBpm="126.00" DateAdded="2024-12-10" BitRate="1411" SampleRate="44100" Comments="5A - 6" PlayCount="0" Rating="0" Location="file://localhost/Users/zachvp/Music/DJ/11485796_Humanity_(Lawler_Remix).aiff" Remixer="" Tonality="5A" Label="Voltaire Music" Mix="">
      <TEMPO Inizio="0.147" Bpm="126.00" Metro="4/4" Battito="1" />
    </TRACK>
    <TRACK TrackID="112345625" Name="You (Erol Alkan Rework)" Artist="Josh Caffe" Composer="" Album="You" Grouping="" Genre="House/Tech/Hard" Kind="AIFF File" Size="78835504" TotalTime="434" DiscNumber="0" TrackNumber="2" Year="2023" AverageBpm="135.00" DateAdded="2024-12-10" BitRate="1411" SampleRate="44100" Comments="8A - 6" PlayCount="0" Rating="0" Location="file://localhost/Users/zachvp/Music/DJ/17740066_You_(Erol_Alkan_Rework).aiff" Remixer="" Tonality="8A" Label="Phantasy Sound" Mix="">
      <TEMPO Inizio="0.002" Bpm="135.00" Metro="4/4" Battito="1" />
      <TEMPO Inizio="60.447" Bpm="135.00" Metro="4/4" Battito="1" />
      <TEMPO Inizio="296.892" Bpm="135.00" Metro="4/4" Battito="1" />
    </TRACK>
    <TRACK TrackID="15260309" Name="Say What (Original Mix)" Artist="The Mechanical Man" Composer="" Album="House Confuse EP" Grouping="" Genre="House/Deep/Tech/Jazzy" Kind="AIFF File" Size="50519884" TotalTime="284" DiscNumber="0" TrackNumber="4" Year="2021" AverageBpm="122.00" DateAdded="2024-12-10" BitRate="1411" SampleRate="44100" Comments="2A - 5" PlayCount="3" Rating="0" Location="file://localhost/Users/zachvp/Music/DJ/15962031_Say_What_(Original_Mix).aiff" Remixer="" Tonality="2A" Label="Save The Groove" Mix="">
      <TEMPO Inizio="0.444" Bpm="122.00" Metro="4/4" Battito="4" />
      <POSITION_MARK Name="" Type="0" Start="0.936" Num="-1" />
    </TRACK>
    <TRACK TrackID="265242717" Name="Freedom! '90 (Back to Reality Mix)" Artist="George Michael" Composer="" Album="Listen Without Prejudice / MTV Unplugged" Grouping="" Genre="Lounge/" Kind="MP3 File" Size="15140891" TotalTime="376" DiscNumber="3" TrackNumber="2" Year="2017" AverageBpm="92.36" DateAdded="2024-12-29" BitRate="320" SampleRate="44100" Comments="5A - 6" PlayCount="1" Rating="0" Location="file://localhost/Users/zachvp/Music/DJ/George%20Michael%20-%20302.%20Freedom!%20%2790%20(Back%20to%20Reality%20Mix).mp3" Remixer="" Tonality="5A" Label="" Mix="">
      <TEMPO Inizio="0.153" Bpm="92.36" Metro="4/4" Battito="1" />
      <POSITION_MARK Name="" Type="0" Start="0.135" Num="-1" />
    </TRACK>
    <TRACK TrackID="90913812" Name="hesitation is defeat - english" Artist="Sekiro" Composer="" Album="Sekiro: Shadows Die Twice" Grouping="" Genre="Samples" Kind="MP3 File" Size="85756" TotalTime="2" DiscNumber="0" TrackNumber="0" Year="0" AverageBpm="0.00" DateAdded="2024-12-29" BitRate="320" SampleRate="44100" Comments="12A - 4" PlayCount="0" Rating="0" Location="file://localhost/Users/zachvp/Music/DJ/_samples/misc/hesitation%20is%20defeat%20-%20english.mp3" Remixer="" Tonality="12A" Label="" Mix="" />
    <TRACK TrackID="33859411" Name="hesitation is defeat - japanese" Artist="Sekiro" Composer="" Album="Sekiro: Shadows Die Twice" Grouping="" Genre="Samples" Kind="MP3 File" Size="122252" TotalTime="3" DiscNumber="0" TrackNumber="0" Year="0" AverageBpm="0.00" DateAdded="2024-12-29" BitRate="320" SampleRate="44100" Comments="4A - 2" PlayCount="0" Rating="0" Location="file://localhost/Users/zachvp/Music/DJ/_samples/misc/hesitation%20is%20defeat%20-%20japanese.mp3" Remixer="" Tonality="4A" Label="" Mix="" />
    <TRACK TrackID="52522253" Name="what?!" Artist="Metal Gear" Composer="" Album="Metal Gear Rising: Revengence" Grouping="" Genre="Samples" Kind="MP3 File" Size="31394" TotalTime="0" DiscNumber="0" TrackNumber="0" Year="0" AverageBpm="0.00" DateAdded="2024-12-29" BitRate="320" SampleRate="44100" Comments="All" PlayCount="0" Rating="0" Location="file://localhost/Users/zachvp/Music/DJ/_samples/metal%20gear/what?!.mp3" Remixer="" Tonality="All" Label="" Mix="" />
    <TRACK TrackID="236064795" Name="africa's just getting a bit too peaceful..." Artist="Metal Gear" Composer="" Album="Metal Gear Rising: Revengence" Grouping="" Genre="Samples" Kind="MP3 File" Size="106663" TotalTime="2" DiscNumber="0" TrackNumber="0" Year="0" AverageBpm="0.00" DateAdded="2024-12-29" BitRate="320" SampleRate="44100" Comments="3A - 4" PlayCount="0" Rating="0" Location="file://localhost/Users/zachvp/Music/DJ/_samples/metal%20gear/africa%27s%20just%20getting%20a%20bit%20too%20peaceful...mp3" Remixer="" Tonality="3A" Label="" Mix="" />
    <TRACK TrackID="43696167" Name="jobs, technology, a common purpose" Artist="Metal Gear" Composer="" Album="Metal Gear Rising: Revengence" Grouping="" Genre="Samples" Kind="MP3 File" Size="148450" TotalTime="3" DiscNumber="0" TrackNumber="0" Year="0" AverageBpm="0.00" DateAdded="2024-12-29" BitRate="320" SampleRate="44100" Comments="12A - 4" PlayCount="1" Rating="0" Location="file://localhost/Users/zachvp/Music/DJ/_samples/metal%20gear/jobs,%20technology,%20a%20common%20purpose.mp3" Remixer="" Tonality="12A" Label="" Mix="" />
    <TRACK TrackID="155168188" Name="what do you want with the prime minister?" Artist="Metal Gear" Composer="" Album="Metal Gear Rising: Revengence" Grouping="" Genre="Samples" Kind="MP3 File" Size="82629" TotalTime="2" DiscNumber="0" TrackNumber="0" Year="0" AverageBpm="0.00" DateAdded="2024-12-29" BitRate="320" SampleRate="44100" Comments="3A - 4" PlayCount="0" Rating="0" Location="file://localhost/Users/zachvp/Music/DJ/_samples/metal%20gear/what%20do%20you%20want%20with%20the%20prime%20minister?.mp3" Remixer="" Tonality="3A" Label="" Mix="" />
    <TRACK TrackID="185018692" Name="why don't we ever hear speeches about that?" Artist="Metal Gear" Composer="" Album="Metal Gear Rising: Revengence" Grouping="" Genre="Samples" Kind="MP3 File" Size="109798" TotalTime="2" DiscNumber="0" TrackNumber="0" Year="0" AverageBpm="0.00" DateAdded="2024-12-29" BitRate="320" SampleRate="44100" Comments="4A - 4" PlayCount="0" Rating="0" Location="file://localhost/Users/zachvp/Music/DJ/_samples/metal%20gear/why%20don%27t%20we%20ever%20hear%20speeches%20about%20that?.mp3" Remixer="" Tonality="4A" Label="" Mix="" />
    <TRACK TrackID="78080145" Name="like a bird strapped to a remote controlled rocket" Artist="Metal Gear" Composer="" Album="Metal Gear Rising: Revengence" Grouping="" Genre="Samples" Kind="MP3 File" Size="127568" TotalTime="3" DiscNumber="0" TrackNumber="0" Year="0" AverageBpm="0.00" DateAdded="2024-12-29" BitRate="320" SampleRate="44100" Comments="2A - 4" PlayCount="0" Rating="0" Location="file://localhost/Users/zachvp/Music/DJ/_samples/metal%20gear/like%20a%20bird%20strapped%20to%20a%20remote%20controlled%20rocket.mp3" Remixer="" Tonality="2A" Label="" Mix="" />
    <TRACK TrackID="180766783" Name="business ain't been the same since they shut down..." Artist="Metal Gear" Composer="" Album="Metal Gear Rising: Revengence" Grouping="" Genre="Samples" Kind="MP3 File" Size="134886" TotalTime="3" DiscNumber="0" TrackNumber="0" Year="0" AverageBpm="0.00" DateAdded="2024-12-29" BitRate="320" SampleRate="44100" Comments="11A - 3" PlayCount="0" Rating="0" Location="file://localhost/Users/zachvp/Music/DJ/_samples/metal%20gear/business%20ain%27t%20been%20the%20same%20since%20they%20shut%20down%20SOP.mp3" Remixer="" Tonality="11A" Label="" Mix="" />
    <TRACK TrackID="87418282" Name="but you hold it back" Artist="Metal Gear" Composer="" Album="Metal Gear Rising: Revengence" Grouping="" Genre="Samples" Kind="MP3 File" Size="92012" TotalTime="2" DiscNumber="0" TrackNumber="0" Year="0" AverageBpm="0.00" DateAdded="2024-12-29" BitRate="320" SampleRate="44100" Comments="All" PlayCount="0" Rating="0" Location="file://localhost/Users/zachvp/Music/DJ/_samples/metal%20gear/but%20you%20hold%20it%20back.mp3" Remixer="" Tonality="All" Label="" Mix="" />
    <TRACK TrackID="107470093" Name="what about all the good things war has done for us?" Artist="Metal Gear" Composer="" Album="Metal Gear Rising: Revengence" Grouping="" Genre="Samples" Kind="MP3 File" Size="156826" TotalTime="3" DiscNumber="0" TrackNumber="0" Year="0" AverageBpm="0.00" DateAdded="2024-12-29" BitRate="320" SampleRate="44100" Comments="5A - 3" PlayCount="0" Rating="0" Location="file://localhost/Users/zachvp/Music/DJ/_samples/metal%20gear/what%20about%20all%20the%20good%20things%20war%20has%20done%20for%20us?.mp3" Remixer="" Tonality="5A" Label="" Mix="" />
    <TRACK TrackID="53810479" Name="how does it feel to fly like a bird?" Artist="Metal Gear" Composer="" Album="Metal Gear Rising: Revengence" Grouping="" Genre="Samples" Kind="MP3 File" Size="140093" TotalTime="3" DiscNumber="0" TrackNumber="0" Year="0" AverageBpm="0.00" DateAdded="2024-12-29" BitRate="320" SampleRate="44100" Comments="4A - 4" PlayCount="0" Rating="0" Location="file://localhost/Users/zachvp/Music/DJ/_samples/metal%20gear/how%20does%20it%20feel%20to%20fly%20like%20a%20bird?.mp3" Remixer="" Tonality="4A" Label="" Mix="" />
    <TRACK TrackID="182313186" Name="cynical laugh" Artist="Metal Gear" Composer="" Album="Metal Gear Rising: Revengence" Grouping="" Genre="Samples" Kind="MP3 File" Size="64837" TotalTime="1" DiscNumber="0" TrackNumber="0" Year="0" AverageBpm="0.00" DateAdded="2024-12-29" BitRate="320" SampleRate="44100" Comments="All" PlayCount="0" Rating="0" Location="file://localhost/Users/zachvp/Music/DJ/_samples/metal%20gear/cynical%20laugh.mp3" Remixer="" Tonality="All" Label="" Mix="" />
    <TRACK TrackID="141545870" Name="huh, so you're Jack" Artist="Metal Gear" Composer="" Album="Metal Gear Rising: Revengence" Grouping="" Genre="Samples" Kind="MP3 File" Size="124403" TotalTime="3" DiscNumber="0" TrackNumber="0" Year="0" AverageBpm="0.00" DateAdded="2024-12-29" BitRate="320" SampleRate="44100" Comments="8A - 4" PlayCount="0" Rating="0" Location="file://localhost/Users/zachvp/Music/DJ/_samples/metal%20gear/huh,%20so%20you%27re%20jack.mp3" Remixer="" Tonality="8A" Label="" Mix="" />
    <TRACK TrackID="199394196" Name="it yearns to bathe in the blood of your enemies" Artist="Metal Gear" Composer="" Album="Metal Gear Rising: Revengence" Grouping="" Genre="Samples" Kind="MP3 File" Size="154733" TotalTime="3" DiscNumber="0" TrackNumber="0" Year="0" AverageBpm="0.00" DateAdded="2024-12-29" BitRate="320" SampleRate="44100" Comments="2A - 3" PlayCount="0" Rating="0" Location="file://localhost/Users/zachvp/Music/DJ/_samples/metal%20gear/it%20yearns%20to%20bathe%20in%20the%20blood%20of%20your%20enemies.mp3" Remixer="" Tonality="2A" Label="" Mix="" />
    <TRACK TrackID="44438630" Name="huh?" Artist="Metal Gear" Composer="" Album="Metal Gear Rising: Revengence" Grouping="" Genre="Samples" Kind="MP3 File" Size="39751" TotalTime="0" DiscNumber="0" TrackNumber="0" Year="0" AverageBpm="0.00" DateAdded="2024-12-29" BitRate="320" SampleRate="44100" Comments="All" PlayCount="0" Rating="0" Location="file://localhost/Users/zachvp/Music/DJ/_samples/metal%20gear/huh?.mp3" Remixer="" Tonality="All" Label="" Mix="" />
    <TRACK TrackID="216639923" Name="well some of us liked that economy" Artist="Metal Gear" Composer="" Album="Metal Gear Rising: Revengence" Grouping="" Genre="Samples" Kind="MP3 File" Size="85756" TotalTime="2" DiscNumber="0" TrackNumber="0" Year="0" AverageBpm="0.00" DateAdded="2024-12-29" BitRate="320" SampleRate="44100" Comments="All" PlayCount="0" Rating="0" Location="file://localhost/Users/zachvp/Music/DJ/_samples/metal%20gear/well%20some%20of%20us%20liked%20that%20economy.mp3" Remixer="" Tonality="All" Label="" Mix="" />
    <TRACK TrackID="177631854" Name="i want him...dead" Artist="Metal Gear" Composer="" Album="Metal Gear Rising: Revengence" Grouping="" Genre="Samples" Kind="MP3 File" Size="107682" TotalTime="2" DiscNumber="0" TrackNumber="0" Year="0" AverageBpm="0.00" DateAdded="2024-12-29" BitRate="320" SampleRate="44100" Comments="All" PlayCount="1" Rating="0" Location="file://localhost/Users/zachvp/Music/DJ/_samples/metal%20gear/i%20want%20him...dead.mp3" Remixer="" Tonality="All" Label="" Mix="" />
    <TRACK TrackID="157847989" Name="nothing personal, course" Artist="Metal Gear" Composer="" Album="Metal Gear Rising: Revengence" Grouping="" Genre="Samples" Kind="MP3 File" Size="75297" TotalTime="1" DiscNumber="0" TrackNumber="0" Year="0" AverageBpm="0.00" DateAdded="2024-12-29" BitRate="320" SampleRate="44100" Comments="All" PlayCount="0" Rating="0" Location="file://localhost/Users/zachvp/Music/DJ/_samples/metal%20gear/nothing%20personal,%20course.mp3" Remixer="" Tonality="All" Label="" Mix="" />
    <TRACK TrackID="59537389" Name="this is your answer?" Artist="Metal Gear" Composer="" Album="Metal Gear Rising: Revengence" Grouping="" Genre="Samples" Kind="MP3 File" Size="51261" TotalTime="1" DiscNumber="0" TrackNumber="0" Year="0" AverageBpm="0.00" DateAdded="2024-12-29" BitRate="320" SampleRate="44100" Comments="All" PlayCount="0" Rating="0" Location="file://localhost/Users/zachvp/Music/DJ/_samples/metal%20gear/this%20is%20your%20answer?.mp3" Remixer="" Tonality="All" Label="" Mix="" />
    <TRACK TrackID="235064335" Name="a clean break from the war economy" Artist="Metal Gear" Composer="" Album="Metal Gear Rising: Revengence" Grouping="" Genre="Samples" Kind="MP3 File" Size="108744" TotalTime="2" DiscNumber="0" TrackNumber="0" Year="0" AverageBpm="0.00" DateAdded="2024-12-29" BitRate="320" SampleRate="44100" Comments="11A - 4" PlayCount="0" Rating="0" Location="file://localhost/Users/zachvp/Music/DJ/_samples/metal%20gear/a%20clean%20break%20from%20the%20war%20economy.mp3" Remixer="" Tonality="11A" Label="" Mix="" />
    <TRACK TrackID="17233988" Name="Asleep in the Desert (Instrumental) Instrumental" Artist="ZZ Top" Composer="" Album="Tejas" Grouping="" Genre="Lounge/Acoustic" Kind="MP3 File" Size="8484883" TotalTime="209" DiscNumber="1" TrackNumber="10" Year="2013" AverageBpm="74.53" DateAdded="2024-12-29" BitRate="320" SampleRate="44100" Comments="1A - 2" PlayCount="2" Rating="0" Location="file://localhost/Users/zachvp/Music/DJ/ZZ%20Top%20-%2010.%20Asleep%20in%20the%20Desert%20(Instrumental)%20(Instru.mp3" Remixer="" Tonality="1A" Label="" Mix="">
      <TEMPO Inizio="0.512" Bpm="74.53" Metro="4/4" Battito="1" />
      <TEMPO Inizio="6.953" Bpm="74.53" Metro="4/4" Battito="1" />
      <TEMPO Inizio="8.562" Bpm="74.53" Metro="4/4" Battito="3" />
      <TEMPO Inizio="9.368" Bpm="74.53" Metro="4/4" Battito="4" />
      <TEMPO Inizio="51.229" Bpm="74.53" Metro="4/4" Battito="4" />
      <TEMPO Inizio="95.505" Bpm="74.53" Metro="4/4" Battito="3" />
      <TEMPO Inizio="140.586" Bpm="74.53" Metro="4/4" Battito="3" />
      <TEMPO Inizio="184.862" Bpm="74.53" Metro="4/4" Battito="2" />
      <POSITION_MARK Name="" Type="0" Start="0.262" Num="-1" />
    </TRACK>
    <TRACK TrackID="40397557" Name="now i see...you deny your weapon its purpose" Artist="Metal Gear" Composer="" Album="Metal Gear Rising: Revengence" Grouping="" Genre="Samples" Kind="MP3 File" Size="207995" TotalTime="5" DiscNumber="0" TrackNumber="0" Year="0" AverageBpm="0.00" DateAdded="2025-01-01" BitRate="320" SampleRate="44100" Comments="10A - 3" PlayCount="0" Rating="0" Location="file://localhost/Users/zachvp/Music/DJ/_samples/metal%20gear/now%20i%20see...you%20deny%20your%20weapon%20its%20purpose.mp3" Remixer="" Tonality="10A" Label="" Mix="" />
    <TRACK TrackID="46925865" Name="morphine administered" Artist="Half-Life 2" Composer="" Album="Half-Life 2" Grouping="" Genre="Samples" Kind="MP3 File" Size="80456" TotalTime="2" DiscNumber="0" TrackNumber="0" Year="0" AverageBpm="0.00" DateAdded="2025-01-01" BitRate="320" SampleRate="44100" Comments="12A - 4" PlayCount="0" Rating="0" Location="file://localhost/Users/zachvp/Music/DJ/_samples/hl2/morphine%20administered.mp3" Remixer="" Tonality="12A" Label="" Mix="" />
    <TRACK TrackID="247067772" Name="deactivated" Artist="Half-Life 2" Composer="" Album="Half-Life 2" Grouping="" Genre="Samples" Kind="MP3 File" Size="48064" TotalTime="1" DiscNumber="0" TrackNumber="0" Year="0" AverageBpm="0.00" DateAdded="2025-01-01" BitRate="320" SampleRate="44100" Comments="All" PlayCount="0" Rating="0" Location="file://localhost/Users/zachvp/Music/DJ/_samples/hl2/deactivated.mp3" Remixer="" Tonality="All" Label="" Mix="" />
    <TRACK TrackID="167340853" Name="anticitizen" Artist="Half-Life 2" Composer="" Album="Half-Life 2" Grouping="" Genre="Samples" Kind="MP3 File" Size="32391" TotalTime="0" DiscNumber="0" TrackNumber="0" Year="0" AverageBpm="0.00" DateAdded="2025-01-01" BitRate="320" SampleRate="44100" Comments="All" PlayCount="0" Rating="0" Location="file://localhost/Users/zachvp/Music/DJ/_samples/hl2/anticitizen.mp3" Remixer="" Tonality="All" Label="" Mix="" />
    <TRACK TrackID="185870722" Name="we have free parasites" Artist="Half-Life 2" Composer="" Album="Half-Life 2" Grouping="" Genre="Samples" Kind="MP3 File" Size="51199" TotalTime="1" DiscNumber="0" TrackNumber="0" Year="0" AverageBpm="0.00" DateAdded="2025-01-01" BitRate="320" SampleRate="44100" Comments="All" PlayCount="0" Rating="0" Location="file://localhost/Users/zachvp/Music/DJ/_samples/hl2/we%20have%20free%20parasites.mp3" Remixer="" Tonality="All" Label="" Mix="" />
    <TRACK TrackID="143554119" Name="blood loss detected" Artist="Half-Life 2" Composer="" Album="Half-Life 2" Grouping="" Genre="Samples" Kind="MP3 File" Size="87770" TotalTime="2" DiscNumber="0" TrackNumber="0" Year="0" AverageBpm="0.00" DateAdded="2025-01-01" BitRate="320" SampleRate="44100" Comments="5A - 4" PlayCount="0" Rating="0" Location="file://localhost/Users/zachvp/Music/DJ/_samples/hl2/blood%20loss%20detected.mp3" Remixer="" Tonality="5A" Label="" Mix="" />
    <TRACK TrackID="221289960" Name="major lacerations detected" Artist="Half-Life 2" Composer="" Album="Half-Life 2" Grouping="" Genre="Samples" Kind="MP3 File" Size="120162" TotalTime="3" DiscNumber="0" TrackNumber="0" Year="0" AverageBpm="0.00" DateAdded="2025-01-01" BitRate="320" SampleRate="44100" Comments="4A - 4" PlayCount="0" Rating="0" Location="file://localhost/Users/zachvp/Music/DJ/_samples/hl2/major%20lacerations%20detected.mp3" Remixer="" Tonality="4A" Label="" Mix="" />
    <TRACK TrackID="243344265" Name="warning" Artist="Half-Life 2" Composer="" Album="Half-Life 2" Grouping="" Genre="Samples" Kind="MP3 File" Size="30301" TotalTime="0" DiscNumber="0" TrackNumber="0" Year="0" AverageBpm="0.00" DateAdded="2025-01-01" BitRate="320" SampleRate="44100" Comments="All" PlayCount="0" Rating="0" Location="file://localhost/Users/zachvp/Music/DJ/_samples/hl2/warning.mp3" Remixer="" Tonality="All" Label="" Mix="" />
    <TRACK TrackID="51503859" Name="major fracture detected" Artist="Half-Life 2" Composer="" Album="Half-Life 2" Grouping="" Genre="Samples" Kind="MP3 File" Size="96129" TotalTime="2" DiscNumber="0" TrackNumber="0" Year="0" AverageBpm="0.00" DateAdded="2025-01-01" BitRate="320" SampleRate="44100" Comments="1A - 4" PlayCount="0" Rating="0" Location="file://localhost/Users/zachvp/Music/DJ/_samples/hl2/major%20fracture%20detected.mp3" Remixer="" Tonality="1A" Label="" Mix="" />
    <TRACK TrackID="149004004" Name="and reap we shall" Artist="Half-Life 2" Composer="" Album="Half-Life 2" Grouping="" Genre="Samples" Kind="MP3 File" Size="109713" TotalTime="2" DiscNumber="0" TrackNumber="0" Year="0" AverageBpm="0.00" DateAdded="2025-01-01" BitRate="320" SampleRate="44100" Comments="3A - 4" PlayCount="0" Rating="0" Location="file://localhost/Users/zachvp/Music/DJ/_samples/hl2/and%20reap%20we%20shall.mp3" Remixer="" Tonality="3A" Label="" Mix="" />
    <TRACK TrackID="204712688" Name="restate my assumptions--one--mathematics is the language of nature" Artist="PI" Composer="" Album="PI" Grouping="" Genre="Samples" Kind="MP3 File" Size="1863308" TotalTime="46" DiscNumber="0" TrackNumber="0" Year="0" AverageBpm="0.00" DateAdded="2025-01-01" BitRate="320" SampleRate="44100" Comments="8A - 2" PlayCount="0" Rating="0" Location="file://localhost/Users/zachvp/Music/DJ/_samples/pi/restate%20my%20assumptions--one--mathematics%20is%20the%20language%20of%20nature.mp3" Remixer="" Tonality="8A" Label="" Mix="" />
    <TRACK TrackID="106830094" Name="slowly, daylight crept in through the bandages, and i could see.." Artist="PI" Composer="" Album="PI" Grouping="" Genre="Samples" Kind="MP3 File" Size="385822" TotalTime="9" DiscNumber="0" TrackNumber="0" Year="0" AverageBpm="0.00" DateAdded="2025-01-01" BitRate="320" SampleRate="44100" Comments="4A - 2" PlayCount="0" Rating="0" Location="file://localhost/Users/zachvp/Music/DJ/_samples/pi/slowly,%20daylight%20crept%20in%20through%20the%20bandages,%20and%20i%20could%20see...mp3" Remixer="" Tonality="4A" Label="" Mix="" />
    <TRACK TrackID="135204625" Name="that day i had my first headache" Artist="PI" Composer="" Album="PI" Grouping="" Genre="Samples" Kind="MP3 File" Size="51455" TotalTime="1" DiscNumber="0" TrackNumber="0" Year="0" AverageBpm="0.00" DateAdded="2025-01-01" BitRate="320" SampleRate="44100" Comments="All" PlayCount="0" Rating="0" Location="file://localhost/Users/zachvp/Music/DJ/_samples/pi/that%20day%20i%20had%20my%20first%20headache.mp3" Remixer="" Tonality="All" Label="" Mix="" />
    <TRACK TrackID="201121205" Name="the doctors didnt know if my eyes would ever heal...i was terrified...alone in darkness" Artist="PI" Composer="" Album="PI" Grouping="" Genre="Samples" Kind="MP3 File" Size="359700" TotalTime="8" DiscNumber="0" TrackNumber="0" Year="0" AverageBpm="0.00" DateAdded="2025-01-01" BitRate="320" SampleRate="44100" Comments="6A - 2" PlayCount="0" Rating="0" Location="file://localhost/Users/zachvp/Music/DJ/_samples/pi/the%20doctors%20didnt%20know%20if%20my%20eyes%20would%20ever%20heal...i%20was%20terrified...alone%20in%20darkness.mp3" Remixer="" Tonality="6A" Label="" Mix="" />
    <TRACK TrackID="161044353" Name="results--failed treatments to date.." Artist="PI" Composer="" Album="PI" Grouping="" Genre="Samples" Kind="MP3 File" Size="1473561" TotalTime="36" DiscNumber="0" TrackNumber="0" Year="0" AverageBpm="113.91" DateAdded="2025-01-01" BitRate="320" SampleRate="44100" Comments="3A - 2" PlayCount="0" Rating="0" Location="file://localhost/Users/zachvp/Music/DJ/_samples/pi/results--failed%20treatments%20to%20date...mp3" Remixer="" Tonality="3A" Label="" Mix="">
      <TEMPO Inizio="0.228" Bpm="113.91" Metro="4/4" Battito="1" />
    </TRACK>
    <TRACK TrackID="9155272" Name="personal note--when i was a little kid, my mother told me not to stare into the sun...so once when i was six, i did" Artist="PI" Composer="" Album="PI" Grouping="" Genre="Samples" Kind="MP3 File" Size="579128" TotalTime="14" DiscNumber="0" TrackNumber="0" Year="0" AverageBpm="0.00" DateAdded="2025-01-01" BitRate="320" SampleRate="44100" Comments="6A - 2" PlayCount="0" Rating="0" Location="file://localhost/Users/zachvp/Music/DJ/_samples/pi/personal%20note--when%20i%20was%20a%20little%20kid,%20my%20mother%20told%20me%20not%20to%20stare%20into%20the%20sun...so%20once%20when%20i%20was%20six,%20i%20did.mp3" Remixer="" Tonality="6A" Label="" Mix="" />
    <TRACK TrackID="88730849" Name="This Must Be the Place (Naive Melody)" Artist="Talking Heads" Composer="" Album="Speaking in Tongues" Grouping="" Genre="Lounge/" Kind="MP3 File" Size="10612057" TotalTime="295" DiscNumber="1" TrackNumber="9" Year="1983" AverageBpm="114.57" DateAdded="2025-02-06" BitRate="32" SampleRate="44100" Comments="9B - 6" PlayCount="0" Rating="0" Location="file://localhost/Users/zachvp/Music/DJ/09%20-%20This%20Must%20Be%20the%20Place%20(Naive%20Melody).mp3" Remixer="" Tonality="9B" Label="" Mix="">
      <TEMPO Inizio="0.459" Bpm="114.57" Metro="4/4" Battito="3" />
    </TRACK>
    <TRACK TrackID="20881482" Name="huh!" Artist="Metal Gear" Composer="" Album="Metal Gear Rising: Revengence" Grouping="" Genre="Samples" Kind="MP3 File" Size="534381" TotalTime="0" DiscNumber="0" TrackNumber="0" Year="0" AverageBpm="0.00" DateAdded="2025-02-06" BitRate="320" SampleRate="44100" Comments="All" PlayCount="0" Rating="0" Location="file://localhost/Users/zachvp/Music/DJ/_samples/metal%20gear/huh!.mp3" Remixer="" Tonality="All" Label="" Mix="" />
    <TRACK TrackID="97318597" Name="Mike Prysner - anti-war speech pt 1" Artist="Mike Prysner" Composer="" Album="" Grouping="" Genre="Samples" Kind="MP3 File" Size="6049202" TotalTime="148" DiscNumber="0" TrackNumber="0" Year="2010" AverageBpm="75.84" DateAdded="2025-02-06" BitRate="320" SampleRate="44100" Comments="4A - 4" PlayCount="0" Rating="0" Location="file://localhost/Users/zachvp/Music/DJ/_samples/mike%20prysner%20anti-war%20speech/Mike%20Prysner%20-%20anti-war%20speech%20pt%201.mp3" Remixer="" Tonality="4A" Label="" Mix="">
      <TEMPO Inizio="0.302" Bpm="75.84" Metro="4/4" Battito="1" />
      <TEMPO Inizio="20.081" Bpm="75.84" Metro="4/4" Battito="2" />
      <TEMPO Inizio="39.860" Bpm="75.84" Metro="4/4" Battito="3" />
      <TEMPO Inizio="70.715" Bpm="75.84" Metro="4/4" Battito="2" />
      <TEMPO Inizio="96.032" Bpm="75.84" Metro="4/4" Battito="2" />
      <TEMPO Inizio="132.425" Bpm="75.84" Metro="4/4" Battito="4" />
    </TRACK>
    <TRACK TrackID="30263109" Name="not one more day of US imperialism" Artist="Mike Prysner" Composer="" Album="" Grouping="" Genre="Samples" Kind="MP3 File" Size="252106" TotalTime="3" DiscNumber="0" TrackNumber="0" Year="2010" AverageBpm="0.00" DateAdded="2025-02-06" BitRate="320" SampleRate="44100" Comments="8A - 4" PlayCount="0" Rating="0" Location="file://localhost/Users/zachvp/Music/DJ/_samples/mike%20prysner%20anti-war%20speech/Mike%20Prysner%20-%20not%20one%20more%20day%20of%20US%20imperialism.mp3" Remixer="" Tonality="8A" Label="" Mix="" />
    <TRACK TrackID="173015237" Name="Mike Prysner - anti-war speech pt 2" Artist="Mike Prysner" Composer="" Album="" Grouping="" Genre="Samples" Kind="MP3 File" Size="4105691" TotalTime="100" DiscNumber="0" TrackNumber="0" Year="2010" AverageBpm="133.53" DateAdded="2025-02-06" BitRate="320" SampleRate="44100" Comments="4A - 4" PlayCount="0" Rating="0" Location="file://localhost/Users/zachvp/Music/DJ/_samples/mike%20prysner%20anti-war%20speech/Mike%20Prysner%20-%20anti-war%20speech%20pt%202.mp3" Remixer="" Tonality="4A" Label="" Mix="">
      <TEMPO Inizio="0.317" Bpm="133.53" Metro="4/4" Battito="1" />
    </TRACK>
    <TRACK TrackID="30818748" Name="our enemies are not in the poorest countries on the planet..." Artist="Mike Prysner" Composer="" Album="" Grouping="" Genre="Samples" Kind="MP3 File" Size="315899" TotalTime="5" DiscNumber="0" TrackNumber="0" Year="2010" AverageBpm="0.00" DateAdded="2025-02-06" BitRate="320" SampleRate="44100" Comments="8A - 4" PlayCount="0" Rating="0" Location="file://localhost/Users/zachvp/Music/DJ/_samples/mike%20prysner%20anti-war%20speech/Mike%20Prysner%20-%20our%20enemies%20are%20not%20in%20the%20poorest%20countries%20on%20the%20planet...mp3" Remixer="" Tonality="8A" Label="" Mix="" />
    <TRACK TrackID="194669619" Name="it's crystal clear now that these wars are going to continue and expand and go into other countries" Artist="Mike Prysner" Composer="" Album="" Grouping="" Genre="Samples" Kind="MP3 File" Size="578244" TotalTime="11" DiscNumber="0" TrackNumber="0" Year="2010" AverageBpm="0.00" DateAdded="2025-02-06" BitRate="320" SampleRate="44100" Comments="11A - 4" PlayCount="0" Rating="0" Location="file://localhost/Users/zachvp/Music/DJ/_samples/mike%20prysner%20anti-war%20speech/Mike%20Prysner%20-%20it%27s%20crystal%20clear%20now%20that%20these%20wars%20are%20going%20to%20continue%20and%20expand%20and%20go%20into%20other%20countries.mp3" Remixer="" Tonality="11A" Label="" Mix="" />
    <TRACK TrackID="203100332" Name="sisters and brothers, thanks everyone for being here" Artist="Mike Prysner" Composer="" Album="" Grouping="" Genre="Samples" Kind="MP3 File" Size="209301" TotalTime="2" DiscNumber="0" TrackNumber="0" Year="2010" AverageBpm="0.00" DateAdded="2025-02-06" BitRate="320" SampleRate="44100" Comments="7A - 4" PlayCount="0" Rating="0" Location="file://localhost/Users/zachvp/Music/DJ/_samples/mike%20prysner%20anti-war%20speech/Mike%20Prysner%20-%20sisters%20and%20brothers,%20thanks%20everyone%20for%20being%20here.mp3" Remixer="" Tonality="7A" Label="" Mix="" />
    <TRACK TrackID="242044726" Name="it's not our government" Artist="Mike Prysner" Composer="" Album="" Grouping="" Genre="Samples" Kind="MP3 File" Size="228051" TotalTime="3" DiscNumber="0" TrackNumber="0" Year="2010" AverageBpm="0.00" DateAdded="2025-02-06" BitRate="320" SampleRate="44100" Comments="12A - 4" PlayCount="0" Rating="0" Location="file://localhost/Users/zachvp/Music/DJ/_samples/mike%20prysner%20anti-war%20speech/Mike%20Prysner%20-%20it%27s%20not%20our%20government.mp3" Remixer="" Tonality="12A" Label="" Mix="" />
    <TRACK TrackID="73084843" Name="it's their government" Artist="Mike Prysner" Composer="" Album="" Grouping="" Genre="Samples" Kind="MP3 File" Size="382692" TotalTime="7" DiscNumber="0" TrackNumber="0" Year="2010" AverageBpm="0.00" DateAdded="2025-02-06" BitRate="320" SampleRate="44100" Comments="1A - 4" PlayCount="0" Rating="0" Location="file://localhost/Users/zachvp/Music/DJ/_samples/mike%20prysner%20anti-war%20speech/Mike%20Prysner%20-%20it%27s%20their%20government.mp3" Remixer="" Tonality="1A" Label="" Mix="" />
    <TRACK TrackID="52964514" Name="bombing people we have no reason to bomb" Artist="Mike Prysner" Composer="" Album="" Grouping="" Genre="Samples" Kind="MP3 File" Size="218681" TotalTime="2" DiscNumber="0" TrackNumber="0" Year="2010" AverageBpm="0.00" DateAdded="2025-02-06" BitRate="320" SampleRate="44100" Comments="2A - 4" PlayCount="0" Rating="0" Location="file://localhost/Users/zachvp/Music/DJ/_samples/mike%20prysner%20anti-war%20speech/Mike%20Prysner%20-%20bombing%20people%20we%20have%20no%20reason%20to%20bomb.mp3" Remixer="" Tonality="2A" Label="" Mix="" />
    <TRACK TrackID="135688459" Name="the only language they understand" Artist="Mike Prysner" Composer="" Album="" Grouping="" Genre="Samples" Kind="MP3 File" Size="287630" TotalTime="4" DiscNumber="0" TrackNumber="0" Year="2010" AverageBpm="0.00" DateAdded="2025-02-06" BitRate="320" SampleRate="44100" Comments="4A - 4" PlayCount="0" Rating="0" Location="file://localhost/Users/zachvp/Music/DJ/_samples/mike%20prysner%20anti-war%20speech/Mike%20Prysner%20-%20the%20only%20language%20they%20understand.mp3" Remixer="" Tonality="4A" Label="" Mix="" />
    <TRACK TrackID="91198348" Name="the will of a strong people" Artist="Metal Gear" Composer="" Album="Metal Gear Rising: Revengence" Grouping="" Genre="Samples" Kind="MP3 File" Size="590852" TotalTime="2" DiscNumber="0" TrackNumber="0" Year="0" AverageBpm="0.00" DateAdded="2025-02-06" BitRate="320" SampleRate="44100" Comments="10A - 4" PlayCount="0" Rating="0" Location="file://localhost/Users/zachvp/Music/DJ/_samples/metal%20gear/the%20will%20of%20a%20strong%20people.mp3" Remixer="" Tonality="10A" Label="" Mix="">
      <POSITION_MARK Name="" Type="0" Start="0.000" Num="1" Red="40" Green="226" Blue="20" />
    </TRACK>
    <TRACK TrackID="55922049" Name="Endless Citypop" Artist="Professor Creepshow" Composer="" Album="Dreamcast" Grouping="" Genre="Lounge/Indie" Kind="AIFF File" Size="21502996" TotalTime="121" DiscNumber="0" TrackNumber="5" Year="0" AverageBpm="79.00" DateAdded="2025-02-14" BitRate="1411" SampleRate="44100" Comments="8A - 3" PlayCount="0" Rating="0" Location="file://localhost/Users/zachvp/Music/DJ/Professor%20Creepshow%20-%20Dreamcast%20-%2005%20Endless%20Citypop.aiff" Remixer="" Tonality="8A" Label="" Mix="">
      <TEMPO Inizio="0.565" Bpm="79.00" Metro="4/4" Battito="1" />
      <TEMPO Inizio="1.325" Bpm="79.00" Metro="4/4" Battito="2" />
      <TEMPO Inizio="26.389" Bpm="79.00" Metro="4/4" Battito="3" />
      <TEMPO Inizio="87.149" Bpm="79.00" Metro="4/4" Battito="3" />
    </TRACK>
    <TRACK TrackID="75223245" Name="Album Oriented" Artist="Professor Creepshow" Composer="" Album="Dreamcast" Grouping="" Genre="Lounge/Indie" Kind="AIFF File" Size="16901310" TotalTime="95" DiscNumber="0" TrackNumber="12" Year="0" AverageBpm="170.97" DateAdded="2025-02-14" BitRate="1411" SampleRate="44100" Comments="11A - 5" PlayCount="0" Rating="0" Location="file://localhost/Users/zachvp/Music/DJ/Professor%20Creepshow%20-%20Dreamcast%20-%2012%20Album%20Oriented.aiff" Remixer="" Tonality="11A" Label="" Mix="">
      <TEMPO Inizio="0.018" Bpm="170.97" Metro="4/4" Battito="1" />
    </TRACK>
    <TRACK TrackID="97016495" Name="Come On" Artist="Paper" Composer="" Album="HNR012: Come On / We Hold You Responsible" Grouping="" Genre="Lounge/Indie" Kind="AIFF File" Size="69700682" TotalTime="389" DiscNumber="0" TrackNumber="1" Year="2015" AverageBpm="138.00" DateAdded="2025-02-14" BitRate="1411" SampleRate="44100" Comments="5A - 6" PlayCount="0" Rating="0" Location="file://localhost/Users/zachvp/Music/DJ/Paper%20-%20Come%20On.aiff" Remixer="" Tonality="5A" Label="" Mix="">
      <TEMPO Inizio="0.003" Bpm="138.00" Metro="4/4" Battito="4" />
    </TRACK>
    <TRACK TrackID="255235706" Name="City Moon" Artist="Love Spirals Downwards" Composer="" Album="Flux Deluxe Edition" Grouping="" Genre="Lounge/Indie" Kind="AIFF File" Size="45102092" TotalTime="252" DiscNumber="0" TrackNumber="1" Year="2023" AverageBpm="147.10" DateAdded="2025-02-14" BitRate="1411" SampleRate="44100" Comments="2A - 5" PlayCount="0" Rating="0" Location="file://localhost/Users/zachvp/Music/DJ/Love%20Spirals%20Downwards%20-%20City%20Moon.aiff" Remixer="" Tonality="2A" Label="" Mix="">
      <TEMPO Inizio="0.309" Bpm="147.10" Metro="4/4" Battito="1" />
    </TRACK>
    <TRACK TrackID="139442460" Name="VaporBrain" Artist="Professor Creepshow" Composer="" Album="Dreamcast" Grouping="" Genre="Lounge/Indie" Kind="AIFF File" Size="21737082" TotalTime="122" DiscNumber="0" TrackNumber="6" Year="0" AverageBpm="77.51" DateAdded="2025-02-14" BitRate="1411" SampleRate="44100" Comments="1A - 6" PlayCount="0" Rating="0" Location="file://localhost/Users/zachvp/Music/DJ/Professor%20Creepshow%20-%20Dreamcast%20-%2006%20VaporBrain.aiff" Remixer="" Tonality="1A" Label="" Mix="">
      <TEMPO Inizio="0.007" Bpm="77.51" Metro="4/4" Battito="1" />
      <TEMPO Inizio="58.837" Bpm="77.51" Metro="4/4" Battito="1" />
      <TEMPO Inizio="110.700" Bpm="77.51" Metro="4/4" Battito="4" />
    </TRACK>
    <TRACK TrackID="3679843" Name="Sickness" Artist="Constrobuz" Composer="" Album="beats vol. 7" Grouping="" Genre="Lounge/Indie" Kind="AIFF File" Size="18638880" TotalTime="100" DiscNumber="0" TrackNumber="18" Year="2014" AverageBpm="79.00" DateAdded="2025-02-14" BitRate="1411" SampleRate="44100" Comments="10B - 7" PlayCount="0" Rating="0" Location="file://localhost/Users/zachvp/Music/DJ/Constrobuz%20-%20beats%20vol.%207%20-%2018%20Sickness.aiff" Remixer="" Tonality="10B" Label="" Mix="">
      <TEMPO Inizio="0.016" Bpm="79.00" Metro="4/4" Battito="1" />
    </TRACK>
    <TRACK TrackID="135745670" Name="Seek" Artist="Professor Creepshow" Composer="" Album="Dreamcast" Grouping="" Genre="Lounge/Indie" Kind="AIFF File" Size="22409580" TotalTime="126" DiscNumber="0" TrackNumber="1" Year="0" AverageBpm="72.00" DateAdded="2025-02-14" BitRate="1411" SampleRate="44100" Comments="4A - 3" PlayCount="0" Rating="0" Location="file://localhost/Users/zachvp/Music/DJ/Professor%20Creepshow%20-%20Dreamcast%20-%2001%20Seek.aiff" Remixer="" Tonality="4A" Label="" Mix="">
      <TEMPO Inizio="0.002" Bpm="72.00" Metro="4/4" Battito="1" />
    </TRACK>
    <TRACK TrackID="245402184" Name="Downer Surrealism" Artist="Professor Creepshow" Composer="" Album="Dreamcast" Grouping="" Genre="Lounge/Indie" Kind="AIFF File" Size="27991876" TotalTime="158" DiscNumber="0" TrackNumber="8" Year="0" AverageBpm="129.98" DateAdded="2025-02-14" BitRate="1411" SampleRate="44100" Comments="2A - 3" PlayCount="0" Rating="0" Location="file://localhost/Users/zachvp/Music/DJ/Professor%20Creepshow%20-%20Dreamcast%20-%2008%20Downer%20Surrealism.aiff" Remixer="" Tonality="2A" Label="" Mix="">
      <TEMPO Inizio="0.002" Bpm="129.98" Metro="4/4" Battito="1" />
    </TRACK>
    <TRACK TrackID="4469858" Name="All The Way Turnt" Artist="Constrobuz" Composer="" Album="beats vol. 7" Grouping="" Genre="Lounge/Indie" Kind="AIFF File" Size="16766102" TotalTime="89" DiscNumber="0" TrackNumber="3" Year="2014" AverageBpm="166.00" DateAdded="2025-02-14" BitRate="1411" SampleRate="44100" Comments="9B - 6" PlayCount="0" Rating="0" Location="file://localhost/Users/zachvp/Music/DJ/Constrobuz%20-%20beats%20vol.%207%20-%2003%20All%20The%20Way%20Turnt.aiff" Remixer="" Tonality="9B" Label="" Mix="">
      <TEMPO Inizio="0.015" Bpm="166.00" Metro="4/4" Battito="1" />
    </TRACK>
    <TRACK TrackID="238265240" Name="Player Patented" Artist="Professor Creepshow" Composer="" Album="Dreamcast" Grouping="" Genre="Lounge/Indie" Kind="AIFF File" Size="18627136" TotalTime="105" DiscNumber="0" TrackNumber="10" Year="0" AverageBpm="73.00" DateAdded="2025-02-14" BitRate="1411" SampleRate="44100" Comments="5A - 5" PlayCount="0" Rating="0" Location="file://localhost/Users/zachvp/Music/DJ/Professor%20Creepshow%20-%20Dreamcast%20-%2010%20Player%20Patented.aiff" Remixer="" Tonality="5A" Label="" Mix="">
      <TEMPO Inizio="0.004" Bpm="73.00" Metro="4/4" Battito="1" />
    </TRACK>
    <TRACK TrackID="196752452" Name="Maintenance Closet" Artist="Constrobuz" Composer="" Album="beats vol. 7" Grouping="" Genre="Lounge/Indie" Kind="AIFF File" Size="21518656" TotalTime="116" DiscNumber="0" TrackNumber="9" Year="2014" AverageBpm="140.00" DateAdded="2025-02-14" BitRate="1411" SampleRate="44100" Comments="12B - 2" PlayCount="0" Rating="0" Location="file://localhost/Users/zachvp/Music/DJ/Constrobuz%20-%20beats%20vol.%207%20-%2009%20Maintenance%20Closet.aiff" Remixer="" Tonality="12B" Label="" Mix="">
      <TEMPO Inizio="0.218" Bpm="140.00" Metro="4/4" Battito="1" />
    </TRACK>
    <TRACK TrackID="86872022" Name="Working In An Arcade" Artist="Constrobuz" Composer="" Album="beats vol. 7" Grouping="" Genre="Lounge/Indie" Kind="AIFF File" Size="22624290" TotalTime="122" DiscNumber="0" TrackNumber="17" Year="2014" AverageBpm="84.00" DateAdded="2025-02-14" BitRate="1411" SampleRate="44100" Comments="10A - 8" PlayCount="0" Rating="0" Location="file://localhost/Users/zachvp/Music/DJ/Constrobuz%20-%20beats%20vol.%207%20-%2017%20Working%20In%20An%20Arcade.aiff" Remixer="" Tonality="10A" Label="" Mix="">
      <TEMPO Inizio="0.002" Bpm="84.00" Metro="4/4" Battito="1" />
      <TEMPO Inizio="73.574" Bpm="84.00" Metro="4/4" Battito="4" />
    </TRACK>
    <TRACK TrackID="105649889" Name="Sonata LVII" Artist="Constrobuz" Composer="" Album="beats vol. 7" Grouping="" Genre="Lounge/Indie" Kind="AIFF File" Size="18744208" TotalTime="100" DiscNumber="0" TrackNumber="21" Year="2014" AverageBpm="81.00" DateAdded="2025-02-14" BitRate="1411" SampleRate="44100" Comments="10A - 6" PlayCount="0" Rating="0" Location="file://localhost/Users/zachvp/Music/DJ/Constrobuz%20-%20beats%20vol.%207%20-%2021%20Sonata%20LVII.aiff" Remixer="" Tonality="10A" Label="" Mix="">
      <TEMPO Inizio="0.452" Bpm="81.00" Metro="4/4" Battito="1" />
    </TRACK>
    <TRACK TrackID="16037176" Name="Space Ranger" Artist="Constrobuz" Composer="" Album="beats vol. 7" Grouping="" Genre="Lounge/Indie" Kind="AIFF File" Size="10472542" TotalTime="54" DiscNumber="0" TrackNumber="6" Year="2014" AverageBpm="80.00" DateAdded="2025-02-14" BitRate="1411" SampleRate="44100" Comments="1A - 6" PlayCount="0" Rating="0" Location="file://localhost/Users/zachvp/Music/DJ/Constrobuz%20-%20beats%20vol.%207%20-%2006%20Space%20Ranger.aiff" Remixer="" Tonality="1A" Label="" Mix="">
      <TEMPO Inizio="0.053" Bpm="80.00" Metro="4/4" Battito="1" />
    </TRACK>
    <TRACK TrackID="72449027" Name="Sang A Hook" Artist="Professor Creepshow" Composer="" Album="Dreamcast" Grouping="" Genre="Lounge/Indie" Kind="AIFF File" Size="24259602" TotalTime="137" DiscNumber="0" TrackNumber="11" Year="0" AverageBpm="140.00" DateAdded="2025-02-14" BitRate="1411" SampleRate="44100" Comments="8B - 6" PlayCount="0" Rating="0" Location="file://localhost/Users/zachvp/Music/DJ/Professor%20Creepshow%20-%20Dreamcast%20-%2011%20Sang%20A%20Hook.aiff" Remixer="" Tonality="8B" Label="" Mix="">
      <TEMPO Inizio="0.004" Bpm="140.00" Metro="4/4" Battito="1" />
    </TRACK>
    <TRACK TrackID="251952090" Name="DJ Screw in Tokyo" Artist="Professor Creepshow" Composer="" Album="Dreamcast" Grouping="" Genre="Lounge/Indie" Kind="AIFF File" Size="18624526" TotalTime="105" DiscNumber="0" TrackNumber="17" Year="0" AverageBpm="82.50" DateAdded="2025-02-14" BitRate="1411" SampleRate="44100" Comments="9A - 3" PlayCount="0" Rating="0" Location="file://localhost/Users/zachvp/Music/DJ/Professor%20Creepshow%20-%20Dreamcast%20-%2017%20DJ%20Screw%20in%20Tokyo.aiff" Remixer="" Tonality="9A" Label="" Mix="">
      <TEMPO Inizio="0.013" Bpm="82.50" Metro="4/4" Battito="1" />
      <TEMPO Inizio="0.741" Bpm="82.50" Metro="4/4" Battito="2" />
    </TRACK>
    <TRACK TrackID="151006948" Name="Alternating Snares For Mikey" Artist="Constrobuz" Composer="" Album="beats vol. 7" Grouping="" Genre="Lounge/Indie" Kind="AIFF File" Size="17888642" TotalTime="96" DiscNumber="0" TrackNumber="24" Year="2014" AverageBpm="85.00" DateAdded="2025-02-14" BitRate="1411" SampleRate="44100" Comments="7A - 5" PlayCount="0" Rating="0" Location="file://localhost/Users/zachvp/Music/DJ/Constrobuz%20-%20beats%20vol.%207%20-%2024%20Alternating%20Snares%20For%20Mikey.aiff" Remixer="" Tonality="7A" Label="" Mix="">
      <TEMPO Inizio="0.023" Bpm="85.00" Metro="4/4" Battito="1" />
    </TRACK>
    <TRACK TrackID="168413476" Name="Casting" Artist="Professor Creepshow" Composer="" Album="Dreamcast" Grouping="" Genre="Lounge/Indie" Kind="AIFF File" Size="22358658" TotalTime="126" DiscNumber="0" TrackNumber="7" Year="0" AverageBpm="80.00" DateAdded="2025-02-14" BitRate="1411" SampleRate="44100" Comments="9A - 5" PlayCount="0" Rating="0" Location="file://localhost/Users/zachvp/Music/DJ/Professor%20Creepshow%20-%20Dreamcast%20-%2007%20Casting.aiff" Remixer="" Tonality="9A" Label="" Mix="">
      <TEMPO Inizio="0.748" Bpm="80.00" Metro="4/4" Battito="2" />
    </TRACK>
    <TRACK TrackID="115811890" Name="Half Asleep (BONUS)" Artist="Professor Creepshow" Composer="" Album="Dreamcast" Grouping="" Genre="Lounge/Indie" Kind="AIFF File" Size="25866770" TotalTime="146" DiscNumber="0" TrackNumber="22" Year="0" AverageBpm="86.99" DateAdded="2025-02-14" BitRate="1411" SampleRate="44100" Comments="7A - 4" PlayCount="0" Rating="0" Location="file://localhost/Users/zachvp/Music/DJ/Professor%20Creepshow%20-%20Dreamcast%20-%2022%20Half%20Asleep%20(BONUS).aiff" Remixer="" Tonality="7A" Label="" Mix="">
      <TEMPO Inizio="0.685" Bpm="86.99" Metro="4/4" Battito="2" />
    </TRACK>
    <TRACK TrackID="86556347" Name="Import it from Malta" Artist="Professor Creepshow" Composer="" Album="Dreamcast" Grouping="" Genre="Lounge/Indie" Kind="AIFF File" Size="17865372" TotalTime="100" DiscNumber="0" TrackNumber="16" Year="0" AverageBpm="88.00" DateAdded="2025-02-14" BitRate="1411" SampleRate="44100" Comments="11A - 4" PlayCount="0" Rating="0" Location="file://localhost/Users/zachvp/Music/DJ/Professor%20Creepshow%20-%20Dreamcast%20-%2016%20Import%20it%20from%20Malta.aiff" Remixer="" Tonality="11A" Label="" Mix="">
      <TEMPO Inizio="0.509" Bpm="88.00" Metro="4/4" Battito="1" />
    </TRACK>
    <TRACK TrackID="118156606" Name="Salsabikini" Artist="Francesco Fisotti" Composer="" Album="Various Artists - Mediterraneo EP" Grouping="" Genre="zzz" Kind="AIFF File" Size="56287062" TotalTime="318" DiscNumber="0" TrackNumber="4" Year="0" AverageBpm="116.00" DateAdded="2025-02-14" BitRate="1411" SampleRate="44100" Comments="2B - 7" PlayCount="0" Rating="0" Location="file://localhost/Users/zachvp/Music/DJ/Francesco%20Fisotti%20-%20Various%20Artists%20-%20Mediterraneo%20EP%20-%2004%20Salsabikini.aiff" Remixer="" Tonality="2B" Label="" Mix="">
      <TEMPO Inizio="0.398" Bpm="116.00" Metro="4/4" Battito="2" />
      <TEMPO Inizio="313.328" Bpm="116.00" Metro="4/4" Battito="3" />
    </TRACK>
    <TRACK TrackID="109179209" Name="FEELIN SLOW OFF DAT LEAN WOO" Artist="Constrobuz" Composer="" Album="beats vol. 7" Grouping="" Genre="Lounge/Indie" Kind="AIFF File" Size="18926638" TotalTime="101" DiscNumber="0" TrackNumber="25" Year="2014" AverageBpm="85.02" DateAdded="2025-02-14" BitRate="1411" SampleRate="44100" Comments="5A - 6" PlayCount="0" Rating="0" Location="file://localhost/Users/zachvp/Music/DJ/Constrobuz%20-%20beats%20vol.%207%20-%2025%20FEELIN%20SLOW%20OFF%20DAT%20LEAN%20WOO.aiff" Remixer="" Tonality="5A" Label="" Mix="">
      <TEMPO Inizio="0.106" Bpm="85.02" Metro="4/4" Battito="1" />
    </TRACK>
    <TRACK TrackID="203827175" Name="When I Wake Next To You" Artist="YokoO" Composer="" Album="SATYA013 - You" Grouping="" Genre="House/Deep/Tech/" Kind="AIFF File" Size="89063220" TotalTime="503" DiscNumber="0" TrackNumber="1" Year="2024" AverageBpm="124.00" DateAdded="2025-02-14" BitRate="1411" SampleRate="44100" Comments="4A - 5" PlayCount="0" Rating="0" Location="file://localhost/Users/zachvp/Music/DJ/YokoO%20-%20When%20I%20Wake%20Next%20To%20You.aiff" Remixer="" Tonality="4A" Label="" Mix="">
      <TEMPO Inizio="0.002" Bpm="124.00" Metro="4/4" Battito="1" />
    </TRACK>
    <TRACK TrackID="43986340" Name="Trappin' In The Library" Artist="Constrobuz" Composer="" Album="beats vol. 7" Grouping="" Genre="Lounge/Indie" Kind="AIFF File" Size="14148314" TotalTime="74" DiscNumber="0" TrackNumber="1" Year="2014" AverageBpm="77.00" DateAdded="2025-02-14" BitRate="1411" SampleRate="44100" Comments="3A - 4" PlayCount="0" Rating="0" Location="file://localhost/Users/zachvp/Music/DJ/Constrobuz%20-%20beats%20vol.%207%20-%2001%20Trappin%27%20In%20The%20Library.aiff" Remixer="" Tonality="3A" Label="" Mix="">
      <TEMPO Inizio="0.045" Bpm="77.00" Metro="4/4" Battito="1" />
      <TEMPO Inizio="0.825" Bpm="77.00" Metro="4/4" Battito="2" />
    </TRACK>
    <TRACK TrackID="89193766" Name="Quattrocento" Artist="Constrobuz" Composer="" Album="beats vol. 7" Grouping="" Genre="Lounge/Indie" Kind="AIFF File" Size="28699668" TotalTime="157" DiscNumber="0" TrackNumber="15" Year="2014" AverageBpm="84.00" DateAdded="2025-02-14" BitRate="1411" SampleRate="44100" Comments="10A - 5" PlayCount="0" Rating="0" Location="file://localhost/Users/zachvp/Music/DJ/Constrobuz%20-%20beats%20vol.%207%20-%2015%20Quattrocento.aiff" Remixer="" Tonality="10A" Label="" Mix="">
      <TEMPO Inizio="0.687" Bpm="84.00" Metro="4/4" Battito="2" />
    </TRACK>
    <TRACK TrackID="168781825" Name="Cybernetic Pigeons" Artist="Professor Creepshow" Composer="" Album="Dreamcast" Grouping="" Genre="Lounge/Indie" Kind="AIFF File" Size="14728618" TotalTime="83" DiscNumber="0" TrackNumber="15" Year="0" AverageBpm="153.00" DateAdded="2025-02-14" BitRate="1411" SampleRate="44100" Comments="9A - 6" PlayCount="0" Rating="0" Location="file://localhost/Users/zachvp/Music/DJ/Professor%20Creepshow%20-%20Dreamcast%20-%2015%20Cybernetic%20Pigeons.aiff" Remixer="" Tonality="9A" Label="" Mix="">
      <TEMPO Inizio="0.386" Bpm="153.00" Metro="4/4" Battito="2" />
      <TEMPO Inizio="54.112" Bpm="153.00" Metro="4/4" Battito="3" />
    </TRACK>
    <TRACK TrackID="118537333" Name="Your Soul Is Mine" Artist="Constrobuz" Composer="" Album="beats vol. 7" Grouping="" Genre="Lounge/Indie" Kind="AIFF File" Size="22394574" TotalTime="121" DiscNumber="0" TrackNumber="27" Year="2014" AverageBpm="79.02" DateAdded="2025-02-14" BitRate="1411" SampleRate="44100" Comments="6A - 7" PlayCount="0" Rating="0" Location="file://localhost/Users/zachvp/Music/DJ/Constrobuz%20-%20beats%20vol.%207%20-%2027%20Your%20Soul%20Is%20Mine.aiff" Remixer="" Tonality="6A" Label="" Mix="">
      <TEMPO Inizio="0.080" Bpm="79.02" Metro="4/4" Battito="1" />
      <TEMPO Inizio="0.840" Bpm="79.02" Metro="4/4" Battito="2" />
      <TEMPO Inizio="14.508" Bpm="79.02" Metro="4/4" Battito="4" />
      <TEMPO Inizio="28.176" Bpm="79.02" Metro="4/4" Battito="2" />
      <TEMPO Inizio="41.085" Bpm="79.02" Metro="4/4" Battito="3" />
      <TEMPO Inizio="54.753" Bpm="79.02" Metro="4/4" Battito="1" />
      <TEMPO Inizio="68.421" Bpm="79.02" Metro="4/4" Battito="3" />
      <TEMPO Inizio="74.496" Bpm="79.02" Metro="4/4" Battito="3" />
      <TEMPO Inizio="88.164" Bpm="79.02" Metro="4/4" Battito="1" />
      <TEMPO Inizio="101.073" Bpm="79.02" Metro="4/4" Battito="2" />
      <TEMPO Inizio="114.741" Bpm="79.02" Metro="4/4" Battito="4" />
    </TRACK>
    <TRACK TrackID="5423429" Name="Black Hole" Artist="Constrobuz" Composer="" Album="beats vol. 7" Grouping="" Genre="Lounge/Indie" Kind="AIFF File" Size="16312686" TotalTime="87" DiscNumber="0" TrackNumber="11" Year="2014" AverageBpm="159.98" DateAdded="2025-02-14" BitRate="1411" SampleRate="44100" Comments="10A - 7" PlayCount="0" Rating="0" Location="file://localhost/Users/zachvp/Music/DJ/Constrobuz%20-%20beats%20vol.%207%20-%2011%20Black%20Hole.aiff" Remixer="" Tonality="10A" Label="" Mix="">
      <TEMPO Inizio="0.044" Bpm="159.98" Metro="4/4" Battito="1" />
      <TEMPO Inizio="1.920" Bpm="159.98" Metro="4/4" Battito="2" />
      <TEMPO Inizio="53.677" Bpm="159.98" Metro="4/4" Battito="4" />
    </TRACK>
    <TRACK TrackID="142802802" Name="Afro Cubanism" Artist="Yussef Dayes" Composer="" Album="Black Classical Music" Grouping="" Genre="Lounge/" Kind="AIFF File" Size="30217568" TotalTime="165" DiscNumber="0" TrackNumber="2" Year="2023" AverageBpm="98.55" DateAdded="2025-02-14" BitRate="1411" SampleRate="44100" Comments="7A - 4" PlayCount="0" Rating="0" Location="file://localhost/Users/zachvp/Music/DJ/Yussef%20Dayes%20-%20Afro%20Cubanism.aiff" Remixer="" Tonality="7A" Label="" Mix="">
      <TEMPO Inizio="0.584" Bpm="98.55" Metro="4/4" Battito="1" />
    </TRACK>
    <TRACK TrackID="78799599" Name="Petricore" Artist="Issam Dahmani" Composer="" Album="Various Artists - Mediterraneo EP" Grouping="" Genre="Lounge/" Kind="AIFF File" Size="44537914" TotalTime="251" DiscNumber="0" TrackNumber="3" Year="0" AverageBpm="100.00" DateAdded="2025-02-14" BitRate="1411" SampleRate="44100" Comments="5A - 6" PlayCount="0" Rating="0" Location="file://localhost/Users/zachvp/Music/DJ/Issam%20Dahmani%20-%20Various%20Artists%20-%20Mediterraneo%20EP%20-%2003%20Petricore.aiff" Remixer="" Tonality="5A" Label="" Mix="">
      <TEMPO Inizio="0.442" Bpm="100.00" Metro="4/4" Battito="1" />
    </TRACK>
    <TRACK TrackID="114937917" Name="Arcadia (Original Mix)" Artist="Pascal Pur" Composer="" Album="" Grouping="" Genre="House/Deep/Tech/" Kind="AIFF File" Size="65022748" TotalTime="367" DiscNumber="0" TrackNumber="0" Year="2021" AverageBpm="126.00" DateAdded="2025-02-14" BitRate="1411" SampleRate="44100" Comments="8A - 6" PlayCount="1" Rating="0" Location="file://localhost/Users/zachvp/Music/DJ/Pascal%20Pur%20-%20Arcadia%20(Original%20Mix).aiff" Remixer="" Tonality="8A" Label="" Mix="">
      <TEMPO Inizio="0.011" Bpm="126.00" Metro="4/4" Battito="1" />
      <TEMPO Inizio="0.964" Bpm="126.00" Metro="4/4" Battito="3" />
      <TEMPO Inizio="317.155" Bpm="126.00" Metro="4/4" Battito="3" />
    </TRACK>
    <TRACK TrackID="91997184" Name="Accident" Artist="Sympathy Nervous" Composer="" Album="Automaticism" Grouping="" Genre="House/Tech/Indie/Retro" Kind="AIFF File" Size="74808128" TotalTime="423" DiscNumber="0" TrackNumber="1" Year="0" AverageBpm="114.67" DateAdded="2025-02-14" BitRate="1411" SampleRate="44100" Comments="9A - 7" PlayCount="0" Rating="0" Location="file://localhost/Users/zachvp/Music/DJ/Sympathy%20Nervous%20-%20Accident.aiff" Remixer="" Tonality="9A" Label="" Mix="">
      <TEMPO Inizio="0.302" Bpm="114.67" Metro="4/4" Battito="1" />
      <TEMPO Inizio="1.349" Bpm="114.67" Metro="4/4" Battito="3" />
      <TEMPO Inizio="15.477" Bpm="114.67" Metro="4/4" Battito="2" />
      <TEMPO Inizio="29.605" Bpm="114.67" Metro="4/4" Battito="1" />
      <TEMPO Inizio="43.733" Bpm="114.67" Metro="4/4" Battito="4" />
      <TEMPO Inizio="57.861" Bpm="114.67" Metro="4/4" Battito="3" />
      <TEMPO Inizio="71.989" Bpm="114.67" Metro="4/4" Battito="2" />
      <TEMPO Inizio="86.117" Bpm="114.67" Metro="4/4" Battito="1" />
      <TEMPO Inizio="99.722" Bpm="114.67" Metro="4/4" Battito="3" />
      <TEMPO Inizio="113.850" Bpm="114.67" Metro="4/4" Battito="2" />
      <TEMPO Inizio="127.978" Bpm="114.67" Metro="4/4" Battito="1" />
      <TEMPO Inizio="142.106" Bpm="114.67" Metro="4/4" Battito="4" />
      <TEMPO Inizio="156.234" Bpm="114.67" Metro="4/4" Battito="3" />
      <TEMPO Inizio="170.362" Bpm="114.67" Metro="4/4" Battito="2" />
      <TEMPO Inizio="184.490" Bpm="114.67" Metro="4/4" Battito="1" />
      <TEMPO Inizio="198.618" Bpm="114.67" Metro="4/4" Battito="4" />
      <TEMPO Inizio="212.746" Bpm="114.67" Metro="4/4" Battito="3" />
      <TEMPO Inizio="226.351" Bpm="114.67" Metro="4/4" Battito="1" />
      <TEMPO Inizio="240.479" Bpm="114.67" Metro="4/4" Battito="4" />
      <TEMPO Inizio="254.607" Bpm="114.67" Metro="4/4" Battito="3" />
      <TEMPO Inizio="268.735" Bpm="114.67" Metro="4/4" Battito="2" />
      <TEMPO Inizio="282.863" Bpm="114.67" Metro="4/4" Battito="1" />
      <TEMPO Inizio="296.991" Bpm="114.67" Metro="4/4" Battito="4" />
      <TEMPO Inizio="311.119" Bpm="114.67" Metro="4/4" Battito="3" />
      <TEMPO Inizio="325.247" Bpm="114.67" Metro="4/4" Battito="2" />
      <TEMPO Inizio="339.375" Bpm="114.67" Metro="4/4" Battito="1" />
      <TEMPO Inizio="350.887" Bpm="114.67" Metro="4/4" Battito="3" />
      <TEMPO Inizio="367.108" Bpm="114.67" Metro="4/4" Battito="2" />
      <TEMPO Inizio="381.236" Bpm="114.67" Metro="4/4" Battito="1" />
      <TEMPO Inizio="395.364" Bpm="114.67" Metro="4/4" Battito="4" />
      <TEMPO Inizio="409.492" Bpm="114.67" Metro="4/4" Battito="3" />
      <POSITION_MARK Name="" Type="0" Start="238.907" Num="-1" />
      <POSITION_MARK Name="" Type="0" Start="0.305" Num="-1" />
    </TRACK>
    <TRACK TrackID="155172665" Name="Understand U" Artist="DJ Soch, Toomy Disco, DJ Psychiatre, Marc Brauner, Sischke, Craftsmanship" Composer="" Album="inex017" Grouping="" Genre="House/Deep/Tech/" Kind="AIFF File" Size="61357610" TotalTime="347" DiscNumber="0" TrackNumber="2" Year="0" AverageBpm="128.00" DateAdded="2025-02-14" BitRate="1411" SampleRate="44100" Comments="3A - 6" PlayCount="1" Rating="0" Location="file://localhost/Users/zachvp/Music/DJ/DJ%20Soch,%20Toomy%20Disco,%20DJ%20Psychiatre,%20Marc%20Brauner,%20Sischke,%20Craftsmanship%20-%20A2.%20Toomy%20Disco%20-%20Understand%20U.aiff" Remixer="" Tonality="3A" Label="" Mix="">
      <TEMPO Inizio="0.030" Bpm="128.00" Metro="4/4" Battito="1" />
    </TRACK>
    <TRACK TrackID="81998535" Name="Bum Bum" Artist="Constrobuz" Composer="" Album="beats vol. 7" Grouping="" Genre="Lounge/Indie" Kind="AIFF File" Size="17030790" TotalTime="91" DiscNumber="0" TrackNumber="5" Year="2014" AverageBpm="158.02" DateAdded="2025-02-14" BitRate="1411" SampleRate="44100" Comments="4A - 4" PlayCount="0" Rating="0" Location="file://localhost/Users/zachvp/Music/DJ/Constrobuz%20-%20beats%20vol.%207%20-%2005%20Bum%20Bum.aiff" Remixer="" Tonality="4A" Label="" Mix="">
      <TEMPO Inizio="0.368" Bpm="158.02" Metro="4/4" Battito="2" />
    </TRACK>
    <TRACK TrackID="63550132" Name="Turn Me Around" Artist="STR4TA" Composer="" Album="STR4TASFEAR" Grouping="" Genre="Lounge/Indie" Kind="AIFF File" Size="57017352" TotalTime="315" DiscNumber="0" TrackNumber="3" Year="2022" AverageBpm="125.99" DateAdded="2025-02-14" BitRate="1411" SampleRate="44100" Comments="9A - 6" PlayCount="1" Rating="0" Location="file://localhost/Users/zachvp/Music/DJ/STR4TA%20-%20Turn%20Me%20Around.aiff" Remixer="" Tonality="9A" Label="" Mix="">
      <TEMPO Inizio="0.150" Bpm="125.99" Metro="4/4" Battito="1" />
      <POSITION_MARK Name="" Type="0" Start="0.167" Num="-1" />
    </TRACK>
    <TRACK TrackID="217254935" Name="Mie" Artist="Constrobuz" Composer="" Album="beats vol. 7" Grouping="" Genre="Lounge/Indie" Kind="AIFF File" Size="20117580" TotalTime="108" DiscNumber="0" TrackNumber="14" Year="2014" AverageBpm="84.00" DateAdded="2025-02-14" BitRate="1411" SampleRate="44100" Comments="7A - 5" PlayCount="0" Rating="0" Location="file://localhost/Users/zachvp/Music/DJ/Constrobuz%20-%20beats%20vol.%207%20-%2014%20Mie.aiff" Remixer="" Tonality="7A" Label="" Mix="">
      <TEMPO Inizio="0.054" Bpm="84.00" Metro="4/4" Battito="1" />
    </TRACK>
    <TRACK TrackID="230691315" Name="Sun Creme" Artist="Pleasure Voyage" Composer="" Album="Various Artists - Mediterraneo EP" Grouping="" Genre="Lounge/" Kind="AIFF File" Size="72938626" TotalTime="412" DiscNumber="0" TrackNumber="1" Year="0" AverageBpm="104.00" DateAdded="2025-02-14" BitRate="1411" SampleRate="44100" Comments="8A - 6" PlayCount="2" Rating="0" Location="file://localhost/Users/zachvp/Music/DJ/Pleasure%20Voyage%20-%20Various%20Artists%20-%20Mediterraneo%20EP%20-%2001%20Sun%20Creme.aiff" Remixer="" Tonality="8A" Label="" Mix="">
      <TEMPO Inizio="0.436" Bpm="104.00" Metro="4/4" Battito="1" />
      <POSITION_MARK Name="" Type="0" Start="0.428" Num="-1" />
    </TRACK>
    <TRACK TrackID="225999159" Name="Things Weren't The Same" Artist="Constrobuz" Composer="" Album="beats vol. 7" Grouping="" Genre="Lounge/Indie" Kind="AIFF File" Size="26030336" TotalTime="142" DiscNumber="0" TrackNumber="23" Year="2014" AverageBpm="71.00" DateAdded="2025-02-14" BitRate="1411" SampleRate="44100" Comments="12A - 6" PlayCount="0" Rating="0" Location="file://localhost/Users/zachvp/Music/DJ/Constrobuz%20-%20beats%20vol.%207%20-%2023%20Things%20Weren%27t%20The%20Same.aiff" Remixer="" Tonality="12A" Label="" Mix="">
      <TEMPO Inizio="0.473" Bpm="71.00" Metro="4/4" Battito="2" />
    </TRACK>
    <TRACK TrackID="166424901" Name="Favarit" Artist="Constrobuz" Composer="" Album="beats vol. 7" Grouping="" Genre="Lounge/Indie" Kind="AIFF File" Size="16251510" TotalTime="86" DiscNumber="0" TrackNumber="12" Year="2014" AverageBpm="83.00" DateAdded="2025-02-14" BitRate="1411" SampleRate="44100" Comments="11A - 7" PlayCount="0" Rating="0" Location="file://localhost/Users/zachvp/Music/DJ/Constrobuz%20-%20beats%20vol.%207%20-%2012%20Favarit.aiff" Remixer="" Tonality="11A" Label="" Mix="">
      <TEMPO Inizio="0.039" Bpm="83.00" Metro="4/4" Battito="1" />
    </TRACK>
    <TRACK TrackID="91563468" Name="the morning after" Artist="Silinder" Composer="" Album="" Grouping="" Genre="House/Deep/Tech/Jazzy" Kind="AIFF File" Size="67092342" TotalTime="379" DiscNumber="0" TrackNumber="0" Year="2024" AverageBpm="114.00" DateAdded="2025-02-14" BitRate="1411" SampleRate="44100" Comments="9A - 6" PlayCount="1" Rating="0" Location="file://localhost/Users/zachvp/Music/DJ/Silinder%20-%20the%20morning%20after.aiff" Remixer="" Tonality="9A" Label="" Mix="">
      <TEMPO Inizio="0.452" Bpm="114.00" Metro="4/4" Battito="1" />
      <TEMPO Inizio="0.979" Bpm="114.00" Metro="4/4" Battito="2" />
      <TEMPO Inizio="289.399" Bpm="114.00" Metro="4/4" Battito="2" />
      <POSITION_MARK Name="" Type="0" Start="0.449" Num="-1" />
    </TRACK>
    <TRACK TrackID="116866480" Name="Automaton Lover Feat. Furór Exotica" Artist="Leitstrahl &amp; Alberto Melloni" Composer="" Album="Azimuth" Grouping="" Genre="House/Tech/Indie/Retro" Kind="AIFF File" Size="65734170" TotalTime="371" DiscNumber="0" TrackNumber="1" Year="0" AverageBpm="118.00" DateAdded="2025-02-14" BitRate="1411" SampleRate="44100" Comments="2A - 7" PlayCount="0" Rating="0" Location="file://localhost/Users/zachvp/Music/DJ/Leitstrahl%20%26%20Alberto%20Melloni%20-%20Automaton%20Lover%20Feat.%20Fur%c3%b3r%20Exotica.aiff" Remixer="" Tonality="2A" Label="" Mix="">
      <TEMPO Inizio="0.432" Bpm="118.00" Metro="4/4" Battito="1" />
      <POSITION_MARK Name="" Type="0" Start="8.549" Num="-1" />
      <POSITION_MARK Name="" Type="0" Start="0.429" Num="-1" />
      <POSITION_MARK Name="" Type="0" Start="285.166" Num="-1" />
    </TRACK>
    <TRACK TrackID="114119588" Name="Flutes Are Cool Ok" Artist="Constrobuz" Composer="" Album="beats vol. 7" Grouping="" Genre="Lounge/Indie" Kind="AIFF File" Size="17304168" TotalTime="92" DiscNumber="0" TrackNumber="19" Year="2014" AverageBpm="166.00" DateAdded="2025-02-14" BitRate="1411" SampleRate="44100" Comments="3B - 7" PlayCount="0" Rating="0" Location="file://localhost/Users/zachvp/Music/DJ/Constrobuz%20-%20beats%20vol.%207%20-%2019%20Flutes%20Are%20Cool%20Ok.aiff" Remixer="" Tonality="3B" Label="" Mix="">
      <TEMPO Inizio="0.013" Bpm="166.00" Metro="4/4" Battito="1" />
    </TRACK>
    <TRACK TrackID="149211603" Name="Les Nuits (Carboot Jazz Full Length)" Artist="Nightmares On Wax" Composer="" Album="Carboot Jazz" Grouping="" Genre="Lounge/" Kind="AIFF File" Size="91723192" TotalTime="518" DiscNumber="0" TrackNumber="4" Year="0" AverageBpm="98.46" DateAdded="2025-02-14" BitRate="1411" SampleRate="44100" Comments="5A - 4" PlayCount="1" Rating="0" Location="file://localhost/Users/zachvp/Music/DJ/Nightmares%20On%20Wax%20-%20Les%20Nuits%20(Carboot%20Jazz%20Full%20Length).aiff" Remixer="" Tonality="5A" Label="" Mix="">
      <TEMPO Inizio="0.086" Bpm="98.46" Metro="4/4" Battito="3" />
      <TEMPO Inizio="0.696" Bpm="98.46" Metro="4/4" Battito="4" />
      <TEMPO Inizio="76.868" Bpm="98.46" Metro="4/4" Battito="1" />
      <TEMPO Inizio="160.962" Bpm="98.46" Metro="4/4" Battito="3" />
      <TEMPO Inizio="252.978" Bpm="98.46" Metro="4/4" Battito="2" />
      <TEMPO Inizio="344.994" Bpm="98.46" Metro="4/4" Battito="1" />
      <TEMPO Inizio="437.010" Bpm="98.46" Metro="4/4" Battito="4" />
    </TRACK>
    <TRACK TrackID="187950726" Name="Well Tempered" Artist="Constrobuz" Composer="" Album="beats vol. 7" Grouping="" Genre="Lounge/Indie" Kind="AIFF File" Size="19578106" TotalTime="105" DiscNumber="0" TrackNumber="8" Year="2014" AverageBpm="75.00" DateAdded="2025-02-14" BitRate="1411" SampleRate="44100" Comments="10B - 3" PlayCount="0" Rating="0" Location="file://localhost/Users/zachvp/Music/DJ/Constrobuz%20-%20beats%20vol.%207%20-%2008%20Well%20Tempered.aiff" Remixer="" Tonality="10B" Label="" Mix="">
      <TEMPO Inizio="0.040" Bpm="75.00" Metro="4/4" Battito="1" />
    </TRACK>
    <TRACK TrackID="241455588" Name="Apollonia &quot;Sona&quot; (Terence :Terry: Rmx)" Artist="Terence :Terry:" Composer="" Album="Terence :Terry: (Remixes &amp; Collabs)" Grouping="" Genre="House/Deep/Tech/" Kind="AIFF File" Size="75087166" TotalTime="425" DiscNumber="0" TrackNumber="2" Year="0" AverageBpm="123.00" DateAdded="2025-02-14" BitRate="1411" SampleRate="44100" Comments="6A - 5" PlayCount="1" Rating="0" Location="file://localhost/Users/zachvp/Music/DJ/Terence%20-Terry-%20-%20Apollonia%20-Sona-%20(Terence%20-Terry-%20Rmx).aiff" Remixer="" Tonality="6A" Label="" Mix="">
      <TEMPO Inizio="0.079" Bpm="123.00" Metro="4/4" Battito="1" />
    </TRACK>
    <TRACK TrackID="216537599" Name="Last Room" Artist="Loveshadow" Composer="" Album="II" Grouping="" Genre="Lounge/Indie" Kind="AIFF File" Size="53283280" TotalTime="301" DiscNumber="0" TrackNumber="1" Year="0" AverageBpm="156.01" DateAdded="2025-02-14" BitRate="1411" SampleRate="44100" Comments="4A - 7" PlayCount="0" Rating="0" Location="file://localhost/Users/zachvp/Music/DJ/Loveshadow%20-%20Last%20Room.aiff" Remixer="" Tonality="4A" Label="" Mix="">
      <TEMPO Inizio="0.009" Bpm="156.01" Metro="4/4" Battito="1" />
    </TRACK>
    <TRACK TrackID="262615044" Name="I Think So" Artist="Constrobuz" Composer="" Album="beats vol. 7" Grouping="" Genre="Lounge/Indie" Kind="AIFF File" Size="22391838" TotalTime="121" DiscNumber="0" TrackNumber="26" Year="2014" AverageBpm="79.00" DateAdded="2025-02-14" BitRate="1411" SampleRate="44100" Comments="11A - 4" PlayCount="0" Rating="0" Location="file://localhost/Users/zachvp/Music/DJ/Constrobuz%20-%20beats%20vol.%207%20-%2026%20I%20Think%20So.aiff" Remixer="" Tonality="11A" Label="" Mix="">
      <TEMPO Inizio="0.069" Bpm="79.00" Metro="4/4" Battito="1" />
    </TRACK>
    <TRACK TrackID="124797448" Name="Sunrise, Sunset" Artist="Constrobuz" Composer="" Album="beats vol. 7" Grouping="" Genre="Lounge/Indie" Kind="AIFF File" Size="19165224" TotalTime="103" DiscNumber="0" TrackNumber="2" Year="2014" AverageBpm="86.00" DateAdded="2025-02-14" BitRate="1411" SampleRate="44100" Comments="2A - 6" PlayCount="0" Rating="0" Location="file://localhost/Users/zachvp/Music/DJ/Constrobuz%20-%20beats%20vol.%207%20-%2002%20Sunrise,%20Sunset.aiff" Remixer="" Tonality="2A" Label="" Mix="">
      <TEMPO Inizio="0.350" Bpm="86.00" Metro="4/4" Battito="1" />
    </TRACK>
    <TRACK TrackID="36325067" Name="Blazing Sand" Artist="Professor Creepshow" Composer="" Album="Dreamcast" Grouping="" Genre="Lounge/Indie" Kind="AIFF File" Size="25013716" TotalTime="141" DiscNumber="0" TrackNumber="3" Year="0" AverageBpm="112.00" DateAdded="2025-02-14" BitRate="1411" SampleRate="44100" Comments="11A - 3" PlayCount="0" Rating="0" Location="file://localhost/Users/zachvp/Music/DJ/Professor%20Creepshow%20-%20Dreamcast%20-%2003%20Blazing%20Sand.aiff" Remixer="" Tonality="11A" Label="" Mix="">
      <TEMPO Inizio="0.004" Bpm="112.00" Metro="4/4" Battito="1" />
    </TRACK>
    <TRACK TrackID="12744056" Name="#06" Artist="Terra Utopia" Composer="" Album="Terra Utopia" Grouping="" Genre="House/Deep/Tech/Breaks" Kind="AIFF File" Size="39018260" TotalTime="219" DiscNumber="0" TrackNumber="6" Year="2021" AverageBpm="150.00" DateAdded="2025-02-14" BitRate="1411" SampleRate="44100" Comments="2A - 5" PlayCount="0" Rating="0" Location="file://localhost/Users/zachvp/Music/DJ/Terra%20Utopia%20-%20#06.aiff" Remixer="" Tonality="2A" Label="" Mix="">
      <TEMPO Inizio="0.241" Bpm="150.00" Metro="4/4" Battito="1" />
    </TRACK>
    <TRACK TrackID="242969489" Name="Back To You" Artist="Constrobuz" Composer="" Album="beats vol. 7" Grouping="" Genre="Lounge/Indie" Kind="AIFF File" Size="18639658" TotalTime="100" DiscNumber="0" TrackNumber="7" Year="2014" AverageBpm="146.00" DateAdded="2025-02-14" BitRate="1411" SampleRate="44100" Comments="1A - 5" PlayCount="0" Rating="0" Location="file://localhost/Users/zachvp/Music/DJ/Constrobuz%20-%20beats%20vol.%207%20-%2007%20Back%20To%20You.aiff" Remixer="" Tonality="1A" Label="" Mix="">
      <TEMPO Inizio="0.027" Bpm="146.00" Metro="4/4" Battito="1" />
    </TRACK>
    <TRACK TrackID="210700370" Name="You Aint From Round Here" Artist="Constrobuz" Composer="" Album="beats vol. 7" Grouping="" Genre="Lounge/Indie" Kind="AIFF File" Size="18113996" TotalTime="97" DiscNumber="0" TrackNumber="16" Year="2014" AverageBpm="169.60" DateAdded="2025-02-14" BitRate="1411" SampleRate="44100" Comments="9A - 6" PlayCount="0" Rating="0" Location="file://localhost/Users/zachvp/Music/DJ/Constrobuz%20-%20beats%20vol.%207%20-%2016%20You%20Aint%20From%20Round%20Here.aiff" Remixer="" Tonality="9A" Label="" Mix="">
      <TEMPO Inizio="0.037" Bpm="169.60" Metro="4/4" Battito="1" />
    </TRACK>
    <TRACK TrackID="105208612" Name="That's A Good Deal" Artist="Constrobuz" Composer="" Album="beats vol. 7" Grouping="" Genre="Lounge/Indie" Kind="AIFF File" Size="17566868" TotalTime="94" DiscNumber="0" TrackNumber="13" Year="2014" AverageBpm="79.00" DateAdded="2025-02-14" BitRate="1411" SampleRate="44100" Comments="11A - 6" PlayCount="0" Rating="0" Location="file://localhost/Users/zachvp/Music/DJ/Constrobuz%20-%20beats%20vol.%207%20-%2013%20That%27s%20A%20Good%20Deal.aiff" Remixer="" Tonality="11A" Label="" Mix="">
      <TEMPO Inizio="0.070" Bpm="79.00" Metro="4/4" Battito="1" />
      <TEMPO Inizio="0.830" Bpm="79.00" Metro="4/4" Battito="2" />
    </TRACK>
    <TRACK TrackID="23176580" Name="Find" Artist="Professor Creepshow" Composer="" Album="Dreamcast" Grouping="" Genre="Lounge/Indie" Kind="AIFF File" Size="15818434" TotalTime="89" DiscNumber="0" TrackNumber="2" Year="0" AverageBpm="86.00" DateAdded="2025-02-14" BitRate="1411" SampleRate="44100" Comments="11A - 4" PlayCount="0" Rating="0" Location="file://localhost/Users/zachvp/Music/DJ/Professor%20Creepshow%20-%20Dreamcast%20-%2002%20Find.aiff" Remixer="" Tonality="11A" Label="" Mix="">
      <TEMPO Inizio="0.000" Bpm="86.00" Metro="4/4" Battito="1" />
    </TRACK>
    <TRACK TrackID="71148270" Name="Enjoy Your Stay Slowed" Artist="Professor Creepshow" Composer="" Album="Dreamcast" Grouping="" Genre="Lounge/Indie" Kind="AIFF File" Size="30187952" TotalTime="170" DiscNumber="0" TrackNumber="4" Year="0" AverageBpm="135.00" DateAdded="2025-02-14" BitRate="1411" SampleRate="44100" Comments="7A - 5" PlayCount="0" Rating="0" Location="file://localhost/Users/zachvp/Music/DJ/Professor%20Creepshow%20-%20Dreamcast%20-%2004%20Enjoy%20Your%20Stay%20Slowed.aiff" Remixer="" Tonality="7A" Label="" Mix="">
      <TEMPO Inizio="0.064" Bpm="135.00" Metro="4/4" Battito="1" />
      <TEMPO Inizio="107.174" Bpm="135.00" Metro="4/4" Battito="2" />
    </TRACK>
    <TRACK TrackID="204977456" Name="2006Bump" Artist="Professor Creepshow" Composer="" Album="Dreamcast" Grouping="" Genre="Lounge/Indie" Kind="AIFF File" Size="30456810" TotalTime="172" DiscNumber="0" TrackNumber="14" Year="0" AverageBpm="140.11" DateAdded="2025-02-14" BitRate="1411" SampleRate="44100" Comments="11A - 5" PlayCount="0" Rating="0" Location="file://localhost/Users/zachvp/Music/DJ/Professor%20Creepshow%20-%20Dreamcast%20-%2014%202006Bump.aiff" Remixer="" Tonality="11A" Label="" Mix="">
      <TEMPO Inizio="0.034" Bpm="140.11" Metro="4/4" Battito="2" />
      <TEMPO Inizio="42.858" Bpm="140.11" Metro="4/4" Battito="2" />
      <TEMPO Inizio="92.962" Bpm="140.11" Metro="4/4" Battito="3" />
      <TEMPO Inizio="150.346" Bpm="140.11" Metro="4/4" Battito="1" />
    </TRACK>
    <TRACK TrackID="243614679" Name="Scattershot" Artist="Dubrunner" Composer="" Album="Dansu For Mental Health Vol. 2" Grouping="" Genre="House/Deep/Tech/Breaks" Kind="AIFF File" Size="47761882" TotalTime="269" DiscNumber="0" TrackNumber="1" Year="0" AverageBpm="130.00" DateAdded="2025-02-14" BitRate="1411" SampleRate="44100" Comments="12A - 6" PlayCount="1" Rating="0" Location="file://localhost/Users/zachvp/Music/DJ/Dubrunner%20-%20Scattershot.aiff" Remixer="" Tonality="12A" Label="" Mix="">
      <TEMPO Inizio="0.002" Bpm="130.00" Metro="4/4" Battito="1" />
    </TRACK>
    <TRACK TrackID="157045339" Name="Fragrant Flowers (BONUS)" Artist="Professor Creepshow" Composer="" Album="Dreamcast" Grouping="" Genre="Lounge/Indie" Kind="AIFF File" Size="23513764" TotalTime="132" DiscNumber="0" TrackNumber="18" Year="0" AverageBpm="130.00" DateAdded="2025-02-14" BitRate="1411" SampleRate="44100" Comments="7A - 5" PlayCount="0" Rating="0" Location="file://localhost/Users/zachvp/Music/DJ/Professor%20Creepshow%20-%20Dreamcast%20-%2018%20Fragrant%20Flowers%20(BONUS).aiff" Remixer="" Tonality="7A" Label="" Mix="">
      <TEMPO Inizio="0.004" Bpm="130.00" Metro="4/4" Battito="1" />
    </TRACK>
    <TRACK TrackID="106024608" Name="To The Moon" Artist="Constrobuz" Composer="" Album="beats vol. 7" Grouping="" Genre="Lounge/Indie" Kind="AIFF File" Size="20338002" TotalTime="109" DiscNumber="0" TrackNumber="22" Year="2014" AverageBpm="165.92" DateAdded="2025-02-14" BitRate="1411" SampleRate="44100" Comments="3A - 5" PlayCount="0" Rating="0" Location="file://localhost/Users/zachvp/Music/DJ/Constrobuz%20-%20beats%20vol.%207%20-%2022%20To%20The%20Moon.aiff" Remixer="" Tonality="3A" Label="" Mix="">
      <TEMPO Inizio="0.059" Bpm="165.92" Metro="4/4" Battito="1" />
    </TRACK>
    <TRACK TrackID="232173883" Name="Still Sealed" Artist="Professor Creepshow" Composer="" Album="Dreamcast" Grouping="" Genre="Lounge/Indie" Kind="AIFF File" Size="17140970" TotalTime="96" DiscNumber="0" TrackNumber="9" Year="0" AverageBpm="132.74" DateAdded="2025-02-14" BitRate="1411" SampleRate="44100" Comments="8A - 5" PlayCount="0" Rating="0" Location="file://localhost/Users/zachvp/Music/DJ/Professor%20Creepshow%20-%20Dreamcast%20-%2009%20Still%20Sealed.aiff" Remixer="" Tonality="8A" Label="" Mix="">
      <TEMPO Inizio="0.445" Bpm="132.74" Metro="4/4" Battito="1" />
    </TRACK>
    <TRACK TrackID="239345053" Name="Stoic Stories" Artist="Professor Creepshow" Composer="" Album="Dreamcast" Grouping="" Genre="Lounge/Indie" Kind="AIFF File" Size="29963204" TotalTime="169" DiscNumber="0" TrackNumber="13" Year="0" AverageBpm="135.98" DateAdded="2025-02-14" BitRate="1411" SampleRate="44100" Comments="6A - 4" PlayCount="0" Rating="0" Location="file://localhost/Users/zachvp/Music/DJ/Professor%20Creepshow%20-%20Dreamcast%20-%2013%20Stoic%20Stories.aiff" Remixer="" Tonality="6A" Label="" Mix="">
      <TEMPO Inizio="0.016" Bpm="135.98" Metro="4/4" Battito="1" />
      <TEMPO Inizio="0.458" Bpm="135.98" Metro="4/4" Battito="2" />
      <TEMPO Inizio="14.137" Bpm="135.98" Metro="4/4" Battito="1" />
      <TEMPO Inizio="40.612" Bpm="135.98" Metro="4/4" Battito="1" />
      <TEMPO Inizio="54.291" Bpm="135.98" Metro="4/4" Battito="4" />
      <TEMPO Inizio="67.970" Bpm="135.98" Metro="4/4" Battito="3" />
      <TEMPO Inizio="94.004" Bpm="135.98" Metro="4/4" Battito="2" />
      <TEMPO Inizio="120.479" Bpm="135.98" Metro="4/4" Battito="2" />
      <TEMPO Inizio="134.158" Bpm="135.98" Metro="4/4" Battito="1" />
      <TEMPO Inizio="147.837" Bpm="135.98" Metro="4/4" Battito="4" />
      <TEMPO Inizio="168.576" Bpm="135.98" Metro="4/4" Battito="3" />
    </TRACK>
    <TRACK TrackID="44620503" Name="You Don't Deserve To Look" Artist="Constrobuz" Composer="" Album="beats vol. 7" Grouping="" Genre="Lounge/Indie" Kind="AIFF File" Size="20078810" TotalTime="108" DiscNumber="0" TrackNumber="20" Year="2014" AverageBpm="83.05" DateAdded="2025-02-14" BitRate="1411" SampleRate="44100" Comments="5A - 6" PlayCount="0" Rating="0" Location="file://localhost/Users/zachvp/Music/DJ/Constrobuz%20-%20beats%20vol.%207%20-%2020%20You%20Don%27t%20Deserve%20To%20Look.aiff" Remixer="" Tonality="5A" Label="" Mix="">
      <TEMPO Inizio="0.438" Bpm="83.05" Metro="4/4" Battito="1" />
      <TEMPO Inizio="1.161" Bpm="83.05" Metro="4/4" Battito="2" />
      <TEMPO Inizio="9.831" Bpm="83.05" Metro="4/4" Battito="2" />
      <TEMPO Inizio="18.501" Bpm="83.05" Metro="4/4" Battito="2" />
      <TEMPO Inizio="27.171" Bpm="83.05" Metro="4/4" Battito="2" />
      <TEMPO Inizio="35.841" Bpm="83.05" Metro="4/4" Battito="2" />
      <TEMPO Inizio="44.511" Bpm="83.05" Metro="4/4" Battito="2" />
      <TEMPO Inizio="53.181" Bpm="83.05" Metro="4/4" Battito="2" />
      <TEMPO Inizio="69.798" Bpm="83.05" Metro="4/4" Battito="1" />
      <TEMPO Inizio="78.468" Bpm="83.05" Metro="4/4" Battito="1" />
      <TEMPO Inizio="87.138" Bpm="83.05" Metro="4/4" Battito="1" />
      <TEMPO Inizio="95.808" Bpm="83.05" Metro="4/4" Battito="1" />
      <TEMPO Inizio="104.478" Bpm="83.05" Metro="4/4" Battito="1" />
    </TRACK>
    <TRACK TrackID="44513976" Name="Nomalizo (Flex Webster Edit)" Artist="Letta Mbulu" Composer="" Album="Discõs Universál Edits (Part II)" Grouping="" Genre="Lounge/" Kind="AIFF File" Size="47115816" TotalTime="266" DiscNumber="0" TrackNumber="5" Year="0" AverageBpm="98.26" DateAdded="2025-02-14" BitRate="1411" SampleRate="44100" Comments="7A - 7" PlayCount="0" Rating="0" Location="file://localhost/Users/zachvp/Music/DJ/Letta%20Mbulu%20-%20Nomalizo%20(Flex%20Webster%20Edit).aiff" Remixer="" Tonality="7A" Label="" Mix="">
      <TEMPO Inizio="0.499" Bpm="98.26" Metro="4/4" Battito="4" />
    </TRACK>
    <TRACK TrackID="71867545" Name="Acid Jam (BONUS)" Artist="Professor Creepshow" Composer="" Album="Dreamcast" Grouping="" Genre="Lounge/Indie" Kind="AIFF File" Size="19795984" TotalTime="111" DiscNumber="0" TrackNumber="19" Year="0" AverageBpm="93.38" DateAdded="2025-02-14" BitRate="1411" SampleRate="44100" Comments="8A - 4" PlayCount="0" Rating="0" Location="file://localhost/Users/zachvp/Music/DJ/Professor%20Creepshow%20-%20Dreamcast%20-%2019%20Acid%20Jam%20(BONUS).aiff" Remixer="" Tonality="8A" Label="" Mix="">
      <TEMPO Inizio="0.007" Bpm="93.38" Metro="4/4" Battito="1" />
    </TRACK>
    <TRACK TrackID="224412165" Name="Fragrance" Artist="Constrobuz" Composer="" Album="beats vol. 7" Grouping="" Genre="Lounge/Indie" Kind="AIFF File" Size="17586078" TotalTime="94" DiscNumber="0" TrackNumber="10" Year="2014" AverageBpm="84.00" DateAdded="2025-02-14" BitRate="1411" SampleRate="44100" Comments="5A - 6" PlayCount="0" Rating="0" Location="file://localhost/Users/zachvp/Music/DJ/Constrobuz%20-%20beats%20vol.%207%20-%2010%20Fragrance.aiff" Remixer="" Tonality="5A" Label="" Mix="">
      <TEMPO Inizio="0.065" Bpm="84.00" Metro="4/4" Battito="1" />
    </TRACK>
    <TRACK TrackID="220238436" Name="Paseo marítimo" Artist="Residentes Balearicos" Composer="" Album="Various Artists - Mediterraneo EP" Grouping="" Genre="House/Deep/Tech/Jazzy" Kind="AIFF File" Size="73415694" TotalTime="415" DiscNumber="0" TrackNumber="2" Year="0" AverageBpm="120.00" DateAdded="2025-02-14" BitRate="1411" SampleRate="44100" Comments="5A - 7" PlayCount="0" Rating="0" Location="file://localhost/Users/zachvp/Music/DJ/Residentes%20Balearicos%20-%20Various%20Artists%20-%20Mediterraneo%20EP%20-%2002%20Paseo%20mar%c3%adtimo.aiff" Remixer="" Tonality="5A" Label="" Mix="">
      <TEMPO Inizio="0.344" Bpm="120.00" Metro="4/4" Battito="1" />
      <TEMPO Inizio="225.343" Bpm="120.00" Metro="4/4" Battito="3" />
      <TEMPO Inizio="225.844" Bpm="120.00" Metro="4/4" Battito="4" />
      <TEMPO Inizio="226.343" Bpm="120.00" Metro="4/4" Battito="1" />
      <TEMPO Inizio="226.844" Bpm="120.00" Metro="4/4" Battito="2" />
      <TEMPO Inizio="227.343" Bpm="120.00" Metro="4/4" Battito="3" />
      <TEMPO Inizio="227.844" Bpm="120.00" Metro="4/4" Battito="4" />
      <TEMPO Inizio="228.343" Bpm="120.00" Metro="4/4" Battito="1" />
      <TEMPO Inizio="228.844" Bpm="120.00" Metro="4/4" Battito="2" />
      <TEMPO Inizio="229.343" Bpm="120.00" Metro="4/4" Battito="3" />
      <TEMPO Inizio="229.844" Bpm="120.00" Metro="4/4" Battito="4" />
      <TEMPO Inizio="230.343" Bpm="120.00" Metro="4/4" Battito="1" />
      <TEMPO Inizio="230.844" Bpm="120.00" Metro="4/4" Battito="2" />
      <TEMPO Inizio="231.343" Bpm="120.00" Metro="4/4" Battito="3" />
      <TEMPO Inizio="231.844" Bpm="120.00" Metro="4/4" Battito="4" />
      <TEMPO Inizio="232.343" Bpm="120.00" Metro="4/4" Battito="1" />
      <TEMPO Inizio="232.844" Bpm="120.00" Metro="4/4" Battito="2" />
      <TEMPO Inizio="233.343" Bpm="120.00" Metro="4/4" Battito="3" />
      <TEMPO Inizio="233.844" Bpm="120.00" Metro="4/4" Battito="4" />
      <TEMPO Inizio="234.343" Bpm="120.00" Metro="4/4" Battito="1" />
      <TEMPO Inizio="234.844" Bpm="120.00" Metro="4/4" Battito="2" />
      <TEMPO Inizio="235.343" Bpm="120.00" Metro="4/4" Battito="3" />
      <TEMPO Inizio="235.844" Bpm="120.00" Metro="4/4" Battito="4" />
      <TEMPO Inizio="236.343" Bpm="120.00" Metro="4/4" Battito="1" />
      <TEMPO Inizio="236.844" Bpm="120.00" Metro="4/4" Battito="2" />
      <TEMPO Inizio="237.343" Bpm="120.00" Metro="4/4" Battito="3" />
      <TEMPO Inizio="237.844" Bpm="120.00" Metro="4/4" Battito="4" />
      <TEMPO Inizio="238.343" Bpm="120.00" Metro="4/4" Battito="1" />
      <TEMPO Inizio="238.844" Bpm="120.00" Metro="4/4" Battito="2" />
      <TEMPO Inizio="239.343" Bpm="120.00" Metro="4/4" Battito="3" />
      <TEMPO Inizio="239.844" Bpm="120.00" Metro="4/4" Battito="4" />
      <TEMPO Inizio="240.343" Bpm="120.00" Metro="4/4" Battito="1" />
      <TEMPO Inizio="240.844" Bpm="120.00" Metro="4/4" Battito="2" />
      <TEMPO Inizio="241.343" Bpm="120.00" Metro="4/4" Battito="3" />
      <TEMPO Inizio="241.844" Bpm="120.00" Metro="4/4" Battito="4" />
      <TEMPO Inizio="242.343" Bpm="120.00" Metro="4/4" Battito="1" />
      <TEMPO Inizio="242.844" Bpm="120.00" Metro="4/4" Battito="2" />
      <TEMPO Inizio="243.343" Bpm="120.00" Metro="4/4" Battito="3" />
      <TEMPO Inizio="243.844" Bpm="120.00" Metro="4/4" Battito="4" />
      <TEMPO Inizio="244.343" Bpm="120.00" Metro="4/4" Battito="1" />
      <TEMPO Inizio="244.844" Bpm="120.00" Metro="4/4" Battito="2" />
      <TEMPO Inizio="245.343" Bpm="120.00" Metro="4/4" Battito="3" />
      <TEMPO Inizio="245.844" Bpm="120.00" Metro="4/4" Battito="4" />
      <TEMPO Inizio="246.343" Bpm="120.00" Metro="4/4" Battito="1" />
      <TEMPO Inizio="246.844" Bpm="120.00" Metro="4/4" Battito="2" />
      <TEMPO Inizio="247.343" Bpm="120.00" Metro="4/4" Battito="3" />
      <TEMPO Inizio="247.844" Bpm="120.00" Metro="4/4" Battito="4" />
      <TEMPO Inizio="248.343" Bpm="120.00" Metro="4/4" Battito="1" />
      <TEMPO Inizio="248.844" Bpm="120.00" Metro="4/4" Battito="2" />
      <TEMPO Inizio="249.343" Bpm="120.00" Metro="4/4" Battito="3" />
      <TEMPO Inizio="249.844" Bpm="120.00" Metro="4/4" Battito="4" />
      <TEMPO Inizio="250.343" Bpm="120.00" Metro="4/4" Battito="1" />
    </TRACK>
    <TRACK TrackID="83057206" Name="Acid Jam Continued (BONUS)" Artist="Professor Creepshow" Composer="" Album="Dreamcast" Grouping="" Genre="Lounge/Indie" Kind="AIFF File" Size="41198162" TotalTime="233" DiscNumber="0" TrackNumber="20" Year="0" AverageBpm="93.36" DateAdded="2025-02-14" BitRate="1411" SampleRate="44100" Comments="5A - 4" PlayCount="0" Rating="0" Location="file://localhost/Users/zachvp/Music/DJ/Professor%20Creepshow%20-%20Dreamcast%20-%2020%20Acid%20Jam%20Continued%20(BONUS).aiff" Remixer="" Tonality="5A" Label="" Mix="">
      <TEMPO Inizio="0.060" Bpm="93.36" Metro="4/4" Battito="1" />
    </TRACK>
    <TRACK TrackID="219306834" Name="Let Me Be" Artist="Ambrosia Gainous" Composer="" Album="" Grouping="" Genre="House/Deep/Tech/Jazzy" Kind="AIFF File" Size="81713912" TotalTime="462" DiscNumber="0" TrackNumber="0" Year="0" AverageBpm="121.00" DateAdded="2025-02-14" BitRate="1411" SampleRate="44100" Comments="2A - 6" PlayCount="0" Rating="0" Location="file://localhost/Users/zachvp/Music/DJ/Ambrosia%20Gainous%20-%20Let%20Me%20Be.aiff" Remixer="" Tonality="2A" Label="" Mix="">
      <TEMPO Inizio="0.011" Bpm="121.00" Metro="4/4" Battito="1" />
      <POSITION_MARK Name="" Type="0" Start="15.862" Num="-1" />
      <POSITION_MARK Name="" Type="0" Start="372.898" Num="-1" />
    </TRACK>
    <TRACK TrackID="232394280" Name="Just Wait (BONUS)" Artist="Professor Creepshow" Composer="" Album="Dreamcast" Grouping="" Genre="Lounge/Indie" Kind="AIFF File" Size="19821420" TotalTime="112" DiscNumber="0" TrackNumber="21" Year="0" AverageBpm="120.00" DateAdded="2025-02-14" BitRate="1411" SampleRate="44100" Comments="3A - 4" PlayCount="0" Rating="0" Location="file://localhost/Users/zachvp/Music/DJ/Professor%20Creepshow%20-%20Dreamcast%20-%2021%20Just%20Wait%20(BONUS).aiff" Remixer="" Tonality="3A" Label="" Mix="">
      <TEMPO Inizio="0.000" Bpm="120.00" Metro="4/4" Battito="1" />
    </TRACK>
    <TRACK TrackID="20370710" Name="Final Boss" Artist="Constrobuz" Composer="" Album="beats vol. 7" Grouping="" Genre="Lounge/Indie" Kind="AIFF File" Size="18672852" TotalTime="100" DiscNumber="0" TrackNumber="4" Year="2014" AverageBpm="172.00" DateAdded="2025-02-14" BitRate="1411" SampleRate="44100" Comments="5A - 4" PlayCount="0" Rating="0" Location="file://localhost/Users/zachvp/Music/DJ/Constrobuz%20-%20beats%20vol.%207%20-%2004%20Final%20Boss.aiff" Remixer="" Tonality="5A" Label="" Mix="">
      <TEMPO Inizio="0.049" Bpm="172.00" Metro="4/4" Battito="1" />
    </TRACK>
    <TRACK TrackID="134641362" Name="Dialog" Artist="Stereociti" Composer="" Album="Dialog" Grouping="" Genre="House/Deep/Tech/" Kind="AIFF File" Size="113183864" TotalTime="640" DiscNumber="0" TrackNumber="1" Year="0" AverageBpm="119.92" DateAdded="2025-02-14" BitRate="1411" SampleRate="44100" Comments="8A - 5" PlayCount="0" Rating="0" Location="file://localhost/Users/zachvp/Music/DJ/Stereociti%20-%20Dialog.aiff" Remixer="" Tonality="8A" Label="" Mix="">
      <TEMPO Inizio="0.423" Bpm="119.92" Metro="4/4" Battito="1" />
      <TEMPO Inizio="21.436" Bpm="119.92" Metro="4/4" Battito="3" />
      <TEMPO Inizio="49.954" Bpm="119.92" Metro="4/4" Battito="4" />
      <TEMPO Inizio="75.470" Bpm="119.92" Metro="4/4" Battito="3" />
      <TEMPO Inizio="100.986" Bpm="119.92" Metro="4/4" Battito="2" />
      <TEMPO Inizio="126.502" Bpm="119.92" Metro="4/4" Battito="1" />
      <TEMPO Inizio="153.519" Bpm="119.92" Metro="4/4" Battito="3" />
      <TEMPO Inizio="179.035" Bpm="119.92" Metro="4/4" Battito="2" />
      <TEMPO Inizio="204.551" Bpm="119.92" Metro="4/4" Battito="1" />
      <TEMPO Inizio="230.067" Bpm="119.92" Metro="4/4" Battito="4" />
      <TEMPO Inizio="255.583" Bpm="119.92" Metro="4/4" Battito="3" />
      <TEMPO Inizio="282.600" Bpm="119.92" Metro="4/4" Battito="1" />
      <TEMPO Inizio="309.617" Bpm="119.92" Metro="4/4" Battito="3" />
      <TEMPO Inizio="336.634" Bpm="119.92" Metro="4/4" Battito="1" />
      <TEMPO Inizio="362.150" Bpm="119.92" Metro="4/4" Battito="4" />
      <TEMPO Inizio="387.666" Bpm="119.92" Metro="4/4" Battito="3" />
      <TEMPO Inizio="413.182" Bpm="119.92" Metro="4/4" Battito="2" />
      <TEMPO Inizio="440.199" Bpm="119.92" Metro="4/4" Battito="4" />
      <TEMPO Inizio="465.715" Bpm="119.92" Metro="4/4" Battito="3" />
      <TEMPO Inizio="491.231" Bpm="119.92" Metro="4/4" Battito="2" />
      <TEMPO Inizio="516.747" Bpm="119.92" Metro="4/4" Battito="1" />
      <TEMPO Inizio="542.263" Bpm="119.92" Metro="4/4" Battito="4" />
      <TEMPO Inizio="569.280" Bpm="119.92" Metro="4/4" Battito="2" />
      <TEMPO Inizio="596.297" Bpm="119.92" Metro="4/4" Battito="4" />
      <TEMPO Inizio="623.314" Bpm="119.92" Metro="4/4" Battito="2" />
    </TRACK>
    <TRACK TrackID="9805675" Name="You're In My System (Kerri Chandler Remix)" Artist="The System" Composer="" Album="" Grouping="" Genre="House/Deep/Tech/" Kind="AIFF File" Size="68645084" TotalTime="389" DiscNumber="0" TrackNumber="0" Year="0" AverageBpm="119.56" DateAdded="2025-02-22" BitRate="1411" SampleRate="44100" Comments="2A - 6" PlayCount="0" Rating="0" Location="file://localhost/Users/zachvp/Music/DJ/The%20System%20%e2%80%8e-%20You%27re%20In%20My%20System%20(Kerri%20Chandler%20Remix).aiff" Remixer="" Tonality="2A" Label="" Mix="">
      <TEMPO Inizio="0.051" Bpm="119.56" Metro="4/4" Battito="1" />
    </TRACK>
    <TRACK TrackID="140032661" Name="how's an honest war monger supposed to make a living?" Artist="Metal Gear" Composer="" Album="Metal Gear Rising: Revengence" Grouping="" Genre="Samples" Kind="MP3 File" Size="612949" TotalTime="2" DiscNumber="0" TrackNumber="0" Year="0" AverageBpm="0.00" DateAdded="2025-02-22" BitRate="320" SampleRate="44100" Comments="" PlayCount="0" Rating="0" Location="file://localhost/Users/zachvp/Music/DJ/_samples/metal%20gear/how%27s%20an%20honest%20war%20monger%20supposed%20to%20make%20a%20living?.mp3" Remixer="" Tonality="" Label="" Mix="" />
    <TRACK TrackID="57296530" Name="Casual Man" Artist="William Jay Stein" Composer="" Album="Hotel Lounge: Chilled Downtempo Club Cuts" Grouping="" Genre="Lounge/" Kind="MP3 File" Size="4137539" TotalTime="101" DiscNumber="1" TrackNumber="14" Year="2016" AverageBpm="100.00" DateAdded="2025-03-02" BitRate="320" SampleRate="44100" Comments="7A - 5" PlayCount="0" Rating="0" Location="file://localhost/Users/zachvp/Music/DJ/Various%20Artists%20-%2014.%20Casual%20Man.mp3" Remixer="" Tonality="7A" Label="" Mix="">
      <TEMPO Inizio="0.032" Bpm="100.00" Metro="4/4" Battito="4" />
    </TRACK>
    <TRACK TrackID="200358778" Name="It's All Love (Jazzy VIP Mix)" Artist="Ricky Tuff" Composer="" Album="Jungle Cakes Vol. 13" Grouping="" Genre="House/Tech/Breaks" Kind="AIFF File" Size="54531128" TotalTime="308" DiscNumber="0" TrackNumber="3" Year="2012" AverageBpm="178.00" DateAdded="2025-03-02" BitRate="1411" SampleRate="44100" Comments="7A - 7" PlayCount="1" Rating="0" Location="file://localhost/Users/zachvp/Music/DJ/3699576_It_s_All_Love_(Jazzy_VIP_Mix).aiff" Remixer="" Tonality="7A" Label="Jungle Cakes" Mix="">
      <TEMPO Inizio="0.004" Bpm="178.00" Metro="4/4" Battito="1" />
      <TEMPO Inizio="0.342" Bpm="178.00" Metro="4/4" Battito="2" />
      <POSITION_MARK Name="" Type="0" Start="37.755" Num="-1" />
      <POSITION_MARK Name="" Type="0" Start="215.742" Num="-1" />
      <POSITION_MARK Name="" Type="0" Start="258.873" Num="-1" />
    </TRACK>
    <TRACK TrackID="194512006" Name="Sa Talaia (Original Mix)" Artist="Linkwood, Greg Foat" Composer="" Album="Linkwood &amp; Foat" Grouping="" Genre="Lounge/" Kind="AIFF File" Size="54375614" TotalTime="306" DiscNumber="0" TrackNumber="5" Year="2020" AverageBpm="90.00" DateAdded="2025-03-02" BitRate="1411" SampleRate="44100" Comments="5A - 4" PlayCount="1" Rating="0" Location="file://localhost/Users/zachvp/Music/DJ/13053243_Sa_Talaia_(Original_Mix).aiff" Remixer="" Tonality="5A" Label="Athens Of The North" Mix="">
      <TEMPO Inizio="0.050" Bpm="90.00" Metro="4/4" Battito="1" />
    </TRACK>
    <TRACK TrackID="262294995" Name="Mekub (Original Mix)" Artist="Ryan Crosson, The Ridgewood Vanguard" Composer="" Album="Boomba / Mekub" Grouping="" Genre="House/Deep/Tech/Breaks" Kind="AIFF File" Size="63713512" TotalTime="353" DiscNumber="0" TrackNumber="2" Year="2023" AverageBpm="160.00" DateAdded="2025-03-02" BitRate="1411" SampleRate="44100" Comments="8A - 5" PlayCount="0" Rating="0" Location="file://localhost/Users/zachvp/Music/DJ/18133995_Mekub_(Original_Mix).aiff" Remixer="" Tonality="8A" Label="FRNTR" Mix="">
      <TEMPO Inizio="0.130" Bpm="160.00" Metro="4/4" Battito="1" />
    </TRACK>
    <TRACK TrackID="147984650" Name="Un Exceso De Luz" Artist="Ensamble Acústico" Composer="" Album="Un Exceso de Luz" Grouping="" Genre="Lounge/Acoustic" Kind="AIFF File" Size="45094802" TotalTime="255" DiscNumber="0" TrackNumber="8" Year="2023" AverageBpm="103.20" DateAdded="2025-03-02" BitRate="1411" SampleRate="44100" Comments="11A - 4" PlayCount="1" Rating="0" Location="file://localhost/Users/zachvp/Music/DJ/Ensamble%20Ac%c3%bastico%20-%20Un%20Exceso%20De%20Luz.aiff" Remixer="" Tonality="11A" Label="" Mix="">
      <TEMPO Inizio="0.281" Bpm="103.20" Metro="4/4" Battito="1" />
      <TEMPO Inizio="0.863" Bpm="103.20" Metro="4/4" Battito="2" />
      <TEMPO Inizio="13.073" Bpm="103.20" Metro="4/4" Battito="3" />
      <TEMPO Inizio="38.655" Bpm="103.20" Metro="4/4" Battito="3" />
      <TEMPO Inizio="64.237" Bpm="103.20" Metro="4/4" Battito="3" />
      <TEMPO Inizio="86.912" Bpm="103.20" Metro="4/4" Battito="2" />
      <TEMPO Inizio="112.494" Bpm="103.20" Metro="4/4" Battito="2" />
      <TEMPO Inizio="138.076" Bpm="103.20" Metro="4/4" Battito="2" />
      <TEMPO Inizio="160.751" Bpm="103.20" Metro="4/4" Battito="1" />
      <TEMPO Inizio="189.240" Bpm="103.20" Metro="4/4" Battito="2" />
      <TEMPO Inizio="211.915" Bpm="103.20" Metro="4/4" Battito="1" />
      <TEMPO Inizio="234.590" Bpm="103.20" Metro="4/4" Battito="4" />
    </TRACK>
    <TRACK TrackID="228797563" Name="Free My People" Artist="Joni Haastrup" Composer="" Album="Wake Up Your Mind" Grouping="" Genre="Lounge/Indie" Kind="AIFF File" Size="51758626" TotalTime="292" DiscNumber="0" TrackNumber="1" Year="0" AverageBpm="119.36" DateAdded="2025-03-02" BitRate="1411" SampleRate="44100" Comments="6A - 6" PlayCount="0" Rating="0" Location="file://localhost/Users/zachvp/Music/DJ/Joni%20Haastrup%20-%20Free%20My%20People.aiff" Remixer="" Tonality="6A" Label="" Mix="">
      <TEMPO Inizio="0.341" Bpm="119.36" Metro="4/4" Battito="1" />
    </TRACK>
    <TRACK TrackID="241826847" Name="For the Record (Original Mix)" Artist="The Trip (UK)" Composer="" Album="Perfect Moderation" Grouping="" Genre="House/Deep/Tech/" Kind="AIFF File" Size="61116476" TotalTime="345" DiscNumber="0" TrackNumber="2" Year="2023" AverageBpm="130.00" DateAdded="2025-03-02" BitRate="1411" SampleRate="44100" Comments="6A - 6" PlayCount="1" Rating="0" Location="file://localhost/Users/zachvp/Music/DJ/18000305_For_the_Record_(Original_Mix).aiff" Remixer="" Tonality="6A" Label="Tessellate" Mix="">
      <TEMPO Inizio="0.318" Bpm="130.00" Metro="4/4" Battito="1" />
    </TRACK>
    <TRACK TrackID="255466014" Name="Green Line" Artist="DFRA" Composer="" Album="DFRA - Sal Marina EP (incl. Atjazz &amp; Lay-Far remixes)" Grouping="" Genre="House/Deep/Tech/Jazzy" Kind="AIFF File" Size="66869626" TotalTime="376" DiscNumber="0" TrackNumber="2" Year="2024" AverageBpm="125.00" DateAdded="2025-03-02" BitRate="1411" SampleRate="44100" Comments="3A - 6" PlayCount="1" Rating="0" Location="file://localhost/Users/zachvp/Music/DJ/DFRA%20-%20Green%20Line.aiff" Remixer="" Tonality="3A" Label="" Mix="">
      <TEMPO Inizio="0.002" Bpm="125.00" Metro="4/4" Battito="1" />
      <TEMPO Inizio="289.921" Bpm="125.00" Metro="4/4" Battito="1" />
      <POSITION_MARK Name="" Type="0" Start="30.720" Num="-1" />
      <POSITION_MARK Name="" Type="0" Start="307.198" Num="-1" />
    </TRACK>
    <TRACK TrackID="178559175" Name="Hold On (GOD Speaks Remix)" Artist="Justin Joe" Composer="" Album="Justin Joe - Hold On" Grouping="" Genre="House/Deep/Tech/Jazzy" Kind="AIFF File" Size="53820246" TotalTime="303" DiscNumber="0" TrackNumber="2" Year="2024" AverageBpm="126.00" DateAdded="2025-03-02" BitRate="1411" SampleRate="44100" Comments="3A - 6" PlayCount="1" Rating="0" Location="file://localhost/Users/zachvp/Music/DJ/Robsoul%20Recordings%20-%20Hold%20On%20(GOD%20Speaks%20Remix)%20-%20Justin%20Joe.aiff" Remixer="" Tonality="3A" Label="" Mix="">
      <TEMPO Inizio="0.034" Bpm="126.00" Metro="4/4" Battito="1" />
      <TEMPO Inizio="0.987" Bpm="126.00" Metro="4/4" Battito="3" />
      <POSITION_MARK Name="" Type="0" Start="22.891" Num="-1" />
      <POSITION_MARK Name="" Type="0" Start="190.519" Num="-1" />
    </TRACK>
    <TRACK TrackID="98561223" Name="Internet Dub" Artist="Jeff Dread" Composer="" Album="Return From Alpha One" Grouping="" Genre="House/Deep/Tech/Dubby" Kind="AIFF File" Size="57730376" TotalTime="326" DiscNumber="0" TrackNumber="3" Year="0" AverageBpm="119.99" DateAdded="2025-03-02" BitRate="1411" SampleRate="44100" Comments="8A - 4" PlayCount="0" Rating="0" Location="file://localhost/Users/zachvp/Music/DJ/Jeff%20Dread%20-%20Internet%20Dub.aiff" Remixer="" Tonality="8A" Label="" Mix="">
      <TEMPO Inizio="0.266" Bpm="119.99" Metro="4/4" Battito="3" />
      <TEMPO Inizio="1.267" Bpm="119.99" Metro="4/4" Battito="1" />
      <TEMPO Inizio="1.766" Bpm="119.99" Metro="4/4" Battito="2" />
      <TEMPO Inizio="2.267" Bpm="119.99" Metro="4/4" Battito="3" />
      <TEMPO Inizio="36.768" Bpm="119.99" Metro="4/4" Battito="4" />
      <TEMPO Inizio="37.269" Bpm="119.99" Metro="4/4" Battito="1" />
      <TEMPO Inizio="89.272" Bpm="119.99" Metro="4/4" Battito="1" />
      <TEMPO Inizio="89.771" Bpm="119.99" Metro="4/4" Battito="2" />
      <TEMPO Inizio="90.272" Bpm="119.99" Metro="4/4" Battito="3" />
      <TEMPO Inizio="124.773" Bpm="119.99" Metro="4/4" Battito="4" />
      <TEMPO Inizio="125.274" Bpm="119.99" Metro="4/4" Battito="1" />
      <TEMPO Inizio="177.277" Bpm="119.99" Metro="4/4" Battito="1" />
      <TEMPO Inizio="212.778" Bpm="119.99" Metro="4/4" Battito="4" />
      <TEMPO Inizio="213.279" Bpm="119.99" Metro="4/4" Battito="1" />
      <TEMPO Inizio="265.782" Bpm="119.99" Metro="4/4" Battito="2" />
      <TEMPO Inizio="266.281" Bpm="119.99" Metro="4/4" Battito="3" />
      <TEMPO Inizio="266.782" Bpm="119.99" Metro="4/4" Battito="4" />
      <TEMPO Inizio="301.283" Bpm="119.99" Metro="4/4" Battito="1" />
      <TEMPO Inizio="301.784" Bpm="119.99" Metro="4/4" Battito="2" />
    </TRACK>
    <TRACK TrackID="147250397" Name="Belo Dia (Chaos In The CBD Remix)" Artist="Nathan Haines" Composer="" Album="Belo Dia - Chaos In The CBD Remix" Grouping="" Genre="Lounge/Indie" Kind="AIFF File" Size="59460348" TotalTime="335" DiscNumber="0" TrackNumber="1" Year="2024" AverageBpm="110.00" DateAdded="2025-03-02" BitRate="1411" SampleRate="44100" Comments="10A - 6" PlayCount="1" Rating="0" Location="file://localhost/Users/zachvp/Music/DJ/19557396_Belo_Dia_(Chaos_In_The_CBD_Remix).aiff" Remixer="" Tonality="10A" Label="EMK" Mix="">
      <TEMPO Inizio="0.126" Bpm="110.00" Metro="4/4" Battito="1" />
      <TEMPO Inizio="228.125" Bpm="110.00" Metro="4/4" Battito="3" />
      <POSITION_MARK Name="" Type="0" Start="0.113" Num="-1" />
    </TRACK>
    <TRACK TrackID="184662169" Name="Perseverance Valley (Original Mix)" Artist="Atmann" Composer="" Album="Stainless Steel Spring" Grouping="" Genre="House/Deep/Tech/" Kind="AIFF File" Size="85725072" TotalTime="484" DiscNumber="0" TrackNumber="3" Year="2021" AverageBpm="124.00" DateAdded="2025-03-02" BitRate="1411" SampleRate="44100" Comments="5A - 5" PlayCount="0" Rating="0" Location="file://localhost/Users/zachvp/Music/DJ/15878567_Perseverance_Valley_(Original_Mix).aiff" Remixer="" Tonality="5A" Label="STAMINA" Mix="">
      <TEMPO Inizio="0.456" Bpm="124.00" Metro="4/4" Battito="1" />
    </TRACK>
    <TRACK TrackID="233166236" Name="Spirit (Original Mix)" Artist="Roger Gerressen" Composer="" Album="Joule Compilation I" Grouping="" Genre="House/Deep/Tech/Dubby" Kind="AIFF File" Size="73665838" TotalTime="407" DiscNumber="0" TrackNumber="2" Year="2019" AverageBpm="126.00" DateAdded="2025-03-02" BitRate="1411" SampleRate="44100" Comments="11A - 5" PlayCount="1" Rating="0" Location="file://localhost/Users/zachvp/Music/DJ/17183228_Spirit_(Original_Mix).aiff" Remixer="" Tonality="11A" Label="Joule" Mix="">
      <TEMPO Inizio="0.062" Bpm="126.00" Metro="4/4" Battito="1" />
      <TEMPO Inizio="158.634" Bpm="126.00" Metro="4/4" Battito="2" />
      <TEMPO Inizio="334.825" Bpm="126.00" Metro="4/4" Battito="4" />
      <POSITION_MARK Name="" Type="0" Start="76.254" Num="-1" />
      <POSITION_MARK Name="" Type="0" Start="289.582" Num="-1" />
    </TRACK>
    <TRACK TrackID="219896129" Name="Free My People (Aguava Edit)" Artist="Joni Haastrup" Composer="" Album="" Grouping="" Genre="House/Tech/Indie/" Kind="AIFF File" Size="64537744" TotalTime="364" DiscNumber="0" TrackNumber="0" Year="0" AverageBpm="121.00" DateAdded="2025-03-02" BitRate="1411" SampleRate="44100" Comments="8A - 7" PlayCount="0" Rating="0" Location="file://localhost/Users/zachvp/Music/DJ/Aguava%20-%20Joni%20Haastrup%20-%20Free%20My%20People%20(Aguava%20Edit).aiff" Remixer="" Tonality="8A" Label="" Mix="">
      <TEMPO Inizio="0.003" Bpm="121.00" Metro="4/4" Battito="1" />
      <POSITION_MARK Name="" Type="0" Start="47.607" Num="-1" />
      <POSITION_MARK Name="" Type="0" Start="208.255" Num="-1" />
      <POSITION_MARK Name="" Type="0" Start="224.123" Num="-1" />
      <POSITION_MARK Name="" Type="0" Start="279.655" Num="-1" />
    </TRACK>
    <TRACK TrackID="144503581" Name="Still Believe feat. Camara (Sascha Braemer's Find Me Edit)" Artist="Dapayk Solo, Camara" Composer="" Album="Colours (DPK1-10)" Grouping="" Genre="House/Deep/Tech/" Kind="AIFF File" Size="76976826" TotalTime="435" DiscNumber="0" TrackNumber="13" Year="2013" AverageBpm="124.00" DateAdded="2025-03-02" BitRate="1411" SampleRate="44100" Comments="11A - 6" PlayCount="1" Rating="0" Location="file://localhost/Users/zachvp/Music/DJ/13763328_Still_Believe_feat._Camara_(Sascha_Braemer_s_Find_Me_Edit).aiff" Remixer="" Tonality="11A" Label="The Ferry Archive" Mix="">
      <TEMPO Inizio="0.102" Bpm="124.00" Metro="4/4" Battito="1" />
    </TRACK>
    <TRACK TrackID="105219817" Name="Flash Of Light Feat. Roisin Murphy (Solomun Mix)" Artist="Luca C, Roisin Murphy, Brigante" Composer="" Album="Selected Remixes 2009 - 2015" Grouping="" Genre="House/Deep/Tech/Jazzy" Kind="AIFF File" Size="86702286" TotalTime="489" DiscNumber="0" TrackNumber="11" Year="2016" AverageBpm="118.00" DateAdded="2025-03-02" BitRate="1411" SampleRate="44100" Comments="4A - 4" PlayCount="1" Rating="0" Location="file://localhost/Users/zachvp/Music/DJ/8110443_Flash_Of_Light_Feat._Roisin_Murphy_(Solomun_Mix).aiff" Remixer="" Tonality="4A" Label="Diynamic" Mix="">
      <TEMPO Inizio="0.079" Bpm="118.00" Metro="4/4" Battito="1" />
      <TEMPO Inizio="79.400" Bpm="118.00" Metro="4/4" Battito="1" />
      <TEMPO Inizio="188.721" Bpm="118.00" Metro="4/4" Battito="4" />
      <TEMPO Inizio="298.042" Bpm="118.00" Metro="4/4" Battito="3" />
      <TEMPO Inizio="407.363" Bpm="118.00" Metro="4/4" Battito="2" />
    </TRACK>
    <TRACK TrackID="116205012" Name="Dream 1" Artist="Leslie Winer" Composer="" Album="When I Hit You — You'll Feel It" Grouping="" Genre="Lounge/Indie" Kind="AIFF File" Size="36745806" TotalTime="207" DiscNumber="0" TrackNumber="5" Year="0" AverageBpm="113.84" DateAdded="2025-03-02" BitRate="1411" SampleRate="44100" Comments="6A - 4" PlayCount="0" Rating="0" Location="file://localhost/Users/zachvp/Music/DJ/Leslie%20Winer%20-%20Dream%201.aiff" Remixer="" Tonality="6A" Label="" Mix="">
      <TEMPO Inizio="0.501" Bpm="113.84" Metro="4/4" Battito="1" />
      <TEMPO Inizio="39.502" Bpm="113.84" Metro="4/4" Battito="3" />
      <TEMPO Inizio="40.028" Bpm="113.84" Metro="4/4" Battito="4" />
      <TEMPO Inizio="40.556" Bpm="113.84" Metro="4/4" Battito="1" />
      <TEMPO Inizio="66.907" Bpm="113.84" Metro="4/4" Battito="3" />
      <TEMPO Inizio="67.435" Bpm="113.84" Metro="4/4" Battito="4" />
      <TEMPO Inizio="107.490" Bpm="113.84" Metro="4/4" Battito="4" />
      <TEMPO Inizio="148.599" Bpm="113.84" Metro="4/4" Battito="2" />
      <TEMPO Inizio="188.654" Bpm="113.84" Metro="4/4" Battito="2" />
    </TRACK>
    <TRACK TrackID="86376665" Name="Stay Up Here feat. Miss Bee (Dub Mix)" Artist="a/jus/ted" Composer="" Album="Stay Up Here (feat. Miss Bee)" Grouping="" Genre="House/Deep/Tech/Jazzy" Kind="AIFF File" Size="67951314" TotalTime="384" DiscNumber="0" TrackNumber="2" Year="2013" AverageBpm="112.81" DateAdded="2025-03-02" BitRate="1411" SampleRate="44100" Comments="9A - 6" PlayCount="1" Rating="0" Location="file://localhost/Users/zachvp/Music/DJ/4355629_Stay_Up_Here_feat._Miss_Bee_(Dub_Mix).aiff" Remixer="" Tonality="9A" Label="Southern Fried Records" Mix="">
      <TEMPO Inizio="0.001" Bpm="112.81" Metro="4/4" Battito="1" />
    </TRACK>
    <TRACK TrackID="264345722" Name="How You Feel (Sigory Version's)" Artist="ANOTR, Erik Bandt, Leven Kali &amp; Sigory" Composer="" Album="" Grouping="" Genre="House/Tech/Indie/" Kind="AIFF File" Size="65063890" TotalTime="363" DiscNumber="0" TrackNumber="0" Year="2024" AverageBpm="128.00" DateAdded="2025-03-02" BitRate="1411" SampleRate="44100" Comments="10A - 7" PlayCount="1" Rating="0" Location="file://localhost/Users/zachvp/Music/DJ/ANOTR,%20Erik%20Bandt,%20Leven%20Kali%20%26%20Sigory%20-%20ANOTR%20%26%20Erik%20Bandt%20feat.%20Leven%20Kali%20-%20How%20You%20Feel%20(Sigory%20Version%27s).aiff" Remixer="" Tonality="10A" Label="" Mix="">
      <TEMPO Inizio="0.004" Bpm="128.00" Metro="4/4" Battito="1" />
      <POSITION_MARK Name="" Type="0" Start="30.000" Num="-1" />
      <POSITION_MARK Name="" Type="0" Start="270.009" Num="-1" />
      <POSITION_MARK Name="" Type="0" Start="300.025" Num="-1" />
      <POSITION_MARK Name="" Type="0" Start="315.010" Num="-1" />
    </TRACK>
    <TRACK TrackID="50924192" Name="Giving (Original Mix)" Artist="Felix Leifur" Composer="" Album="The Sunday Club EP" Grouping="" Genre="House/Deep/Tech/Jazzy" Kind="AIFF File" Size="66539706" TotalTime="376" DiscNumber="0" TrackNumber="2" Year="2016" AverageBpm="118.00" DateAdded="2025-03-02" BitRate="1411" SampleRate="44100" Comments="6A - 5" PlayCount="1" Rating="0" Location="file://localhost/Users/zachvp/Music/DJ/7861187_Giving_(Original_Mix).aiff" Remixer="" Tonality="6A" Label="Dirt Crew Recordings" Mix="">
      <TEMPO Inizio="0.096" Bpm="118.00" Metro="4/4" Battito="1" />
      <TEMPO Inizio="0.605" Bpm="118.00" Metro="4/4" Battito="2" />
      <TEMPO Inizio="210.604" Bpm="118.00" Metro="4/4" Battito="3" />
      <POSITION_MARK Name="" Type="0" Start="48.914" Num="-1" />
      <POSITION_MARK Name="" Type="0" Start="292.963" Num="-1" />
    </TRACK>
    <TRACK TrackID="237945471" Name="Little Helper 341-1 (Original Mix)" Artist="Ohmme" Composer="" Album="Little Helpers 341" Grouping="" Genre="House/Deep/Tech/" Kind="AIFF File" Size="78939714" TotalTime="445" DiscNumber="0" TrackNumber="1" Year="2019" AverageBpm="123.00" DateAdded="2025-03-02" BitRate="1411" SampleRate="44100" Comments="6A - 5" PlayCount="1" Rating="0" Location="file://localhost/Users/zachvp/Music/DJ/11217858_Little_Helper_341-1_(Original_Mix).aiff" Remixer="" Tonality="6A" Label="Little Helpers" Mix="">
      <TEMPO Inizio="0.245" Bpm="123.00" Metro="4/4" Battito="1" />
    </TRACK>
    <TRACK TrackID="264115984" Name="How You Feel (Original Mix)" Artist="ANOTR, Leven Kali, Erik Bandt" Composer="" Album="How You Feel" Grouping="" Genre="House/Tech/Indie/" Kind="AIFF File" Size="65461742" TotalTime="361" DiscNumber="0" TrackNumber="1" Year="2024" AverageBpm="128.00" DateAdded="2025-03-02" BitRate="1411" SampleRate="44100" Comments="10A - 6" PlayCount="0" Rating="0" Location="file://localhost/Users/zachvp/Music/DJ/18891935_How_You_Feel_(Original_Mix).aiff" Remixer="" Tonality="10A" Label="NO ART" Mix="">
      <TEMPO Inizio="0.238" Bpm="128.00" Metro="4/4" Battito="1" />
      <POSITION_MARK Name="" Type="0" Start="45.250" Num="-1" />
      <POSITION_MARK Name="" Type="0" Start="300.238" Num="-1" />
    </TRACK>
    <TRACK TrackID="128855065" Name="Egoísta" Artist="Jessie Ware" Composer="" Album="Egoísta" Grouping="" Genre="Lounge/Indie" Kind="MP3 File" Size="7733647" TotalTime="234" DiscNumber="1" TrackNumber="1" Year="2017" AverageBpm="115.00" DateAdded="2025-03-02" BitRate="320" SampleRate="44100" Comments="9A - 6" PlayCount="0" Rating="0" Location="file://localhost/Users/zachvp/Music/DJ/01%20-%20Ego%c3%adsta.mp3" Remixer="" Tonality="9A" Label="" Mix="">
      <TEMPO Inizio="0.097" Bpm="115.00" Metro="4/4" Battito="1" />
    </TRACK>
    <TRACK TrackID="33171423" Name="Shambles" Artist="M.E. Manning" Composer="" Album="Hotel Lounge: Chilled Downtempo Club Cuts" Grouping="" Genre="Lounge/" Kind="MP3 File" Size="6027302" TotalTime="148" DiscNumber="1" TrackNumber="15" Year="2016" AverageBpm="98.00" DateAdded="2025-03-02" BitRate="320" SampleRate="44100" Comments="9A - 4" PlayCount="1" Rating="0" Location="file://localhost/Users/zachvp/Music/DJ/Various%20Artists%20-%2015.%20Shambles.mp3" Remixer="" Tonality="9A" Label="" Mix="">
      <TEMPO Inizio="0.211" Bpm="98.00" Metro="4/4" Battito="1" />
      <TEMPO Inizio="0.824" Bpm="98.00" Metro="4/4" Battito="2" />
      <POSITION_MARK Name="" Type="0" Start="0.174" Num="-1" />
    </TRACK>
    <TRACK TrackID="244487492" Name="All I Can Do" Artist="Art Feynman" Composer="" Album="Be Good The Crazy Boys" Grouping="" Genre="Lounge/Indie" Kind="AIFF File" Size="59389292" TotalTime="331" DiscNumber="0" TrackNumber="4" Year="2023" AverageBpm="136.93" DateAdded="2025-03-02" BitRate="1411" SampleRate="44100" Comments="11B - 7" PlayCount="1" Rating="0" Location="file://localhost/Users/zachvp/Music/DJ/Art%20Feynman%20-%20All%20I%20Can%20Do.aiff" Remixer="" Tonality="11B" Label="" Mix="">
      <TEMPO Inizio="0.369" Bpm="136.93" Metro="4/4" Battito="1" />
      <TEMPO Inizio="3.875" Bpm="136.93" Metro="4/4" Battito="1" />
      <TEMPO Inizio="60.839" Bpm="136.93" Metro="4/4" Battito="3" />
      <TEMPO Inizio="120.432" Bpm="136.93" Metro="4/4" Battito="3" />
      <TEMPO Inizio="177.396" Bpm="136.93" Metro="4/4" Battito="1" />
      <TEMPO Inizio="234.360" Bpm="136.93" Metro="4/4" Battito="3" />
      <TEMPO Inizio="293.953" Bpm="136.93" Metro="4/4" Battito="3" />
      <POSITION_MARK Name="" Type="0" Start="0.080" Num="-1" />
    </TRACK>
    <TRACK TrackID="144137425" Name="Umwelt (Original Mix)" Artist="Big Daddy" Composer="" Album="Bomb Culture" Grouping="" Genre="House/Deep/Tech/Dubby" Kind="AIFF File" Size="51029238" TotalTime="287" DiscNumber="0" TrackNumber="1" Year="2023" AverageBpm="120.00" DateAdded="2025-03-02" BitRate="1411" SampleRate="44100" Comments="9A - 7" PlayCount="0" Rating="0" Location="file://localhost/Users/zachvp/Music/DJ/17571063_Umwelt_(Original_Mix).aiff" Remixer="" Tonality="9A" Label="Offen Music" Mix="">
      <TEMPO Inizio="0.093" Bpm="120.00" Metro="4/4" Battito="3" />
      <TEMPO Inizio="110.594" Bpm="120.00" Metro="4/4" Battito="4" />
      <TEMPO Inizio="111.093" Bpm="120.00" Metro="4/4" Battito="1" />
      <TEMPO Inizio="111.594" Bpm="120.00" Metro="4/4" Battito="2" />
      <TEMPO Inizio="112.093" Bpm="120.00" Metro="4/4" Battito="3" />
      <TEMPO Inizio="112.594" Bpm="120.00" Metro="4/4" Battito="4" />
      <TEMPO Inizio="113.093" Bpm="120.00" Metro="4/4" Battito="1" />
      <TEMPO Inizio="113.594" Bpm="120.00" Metro="4/4" Battito="2" />
      <TEMPO Inizio="114.093" Bpm="120.00" Metro="4/4" Battito="3" />
      <TEMPO Inizio="114.594" Bpm="120.00" Metro="4/4" Battito="4" />
      <TEMPO Inizio="115.093" Bpm="120.00" Metro="4/4" Battito="1" />
      <TEMPO Inizio="115.594" Bpm="120.00" Metro="4/4" Battito="2" />
      <TEMPO Inizio="116.093" Bpm="120.00" Metro="4/4" Battito="3" />
      <TEMPO Inizio="116.594" Bpm="120.00" Metro="4/4" Battito="4" />
      <TEMPO Inizio="117.093" Bpm="120.00" Metro="4/4" Battito="1" />
      <TEMPO Inizio="117.594" Bpm="120.00" Metro="4/4" Battito="2" />
      <TEMPO Inizio="118.093" Bpm="120.00" Metro="4/4" Battito="3" />
      <TEMPO Inizio="118.594" Bpm="120.00" Metro="4/4" Battito="4" />
      <TEMPO Inizio="119.093" Bpm="120.00" Metro="4/4" Battito="1" />
      <TEMPO Inizio="119.594" Bpm="120.00" Metro="4/4" Battito="2" />
      <TEMPO Inizio="120.093" Bpm="120.00" Metro="4/4" Battito="3" />
      <TEMPO Inizio="120.594" Bpm="120.00" Metro="4/4" Battito="4" />
      <TEMPO Inizio="121.093" Bpm="120.00" Metro="4/4" Battito="1" />
      <TEMPO Inizio="121.594" Bpm="120.00" Metro="4/4" Battito="2" />
      <TEMPO Inizio="122.093" Bpm="120.00" Metro="4/4" Battito="3" />
      <TEMPO Inizio="122.594" Bpm="120.00" Metro="4/4" Battito="4" />
      <TEMPO Inizio="123.093" Bpm="120.00" Metro="4/4" Battito="1" />
      <TEMPO Inizio="123.594" Bpm="120.00" Metro="4/4" Battito="2" />
      <TEMPO Inizio="124.093" Bpm="120.00" Metro="4/4" Battito="3" />
      <TEMPO Inizio="124.594" Bpm="120.00" Metro="4/4" Battito="4" />
      <TEMPO Inizio="125.093" Bpm="120.00" Metro="4/4" Battito="1" />
      <TEMPO Inizio="125.594" Bpm="120.00" Metro="4/4" Battito="2" />
      <TEMPO Inizio="126.093" Bpm="120.00" Metro="4/4" Battito="3" />
      <TEMPO Inizio="126.594" Bpm="120.00" Metro="4/4" Battito="4" />
      <TEMPO Inizio="127.093" Bpm="120.00" Metro="4/4" Battito="1" />
      <TEMPO Inizio="127.594" Bpm="120.00" Metro="4/4" Battito="2" />
    </TRACK>
    <TRACK TrackID="35182339" Name="Inwards (Original Mix)" Artist="Runout" Composer="" Album="Sweet Terrorist EP" Grouping="" Genre="House/Deep/Tech/Breaks" Kind="AIFF File" Size="61469560" TotalTime="347" DiscNumber="0" TrackNumber="2" Year="2022" AverageBpm="166.00" DateAdded="2025-03-02" BitRate="1411" SampleRate="44100" Comments="8A - 6" PlayCount="1" Rating="0" Location="file://localhost/Users/zachvp/Music/DJ/16926557_Inwards_(Original_Mix).aiff" Remixer="" Tonality="8A" Label="Fokuz Recordings" Mix="">
      <TEMPO Inizio="0.022" Bpm="166.00" Metro="4/4" Battito="3" />
      <POSITION_MARK Name="" Type="0" Start="70.142" Num="-1" />
      <POSITION_MARK Name="" Type="0" Start="278.336" Num="-1" />
    </TRACK>
    <TRACK TrackID="35315197" Name="Triangle" Artist="Brian Gibson" Composer="" Album="Thumper" Grouping="" Genre="" Kind="AIFF File" Size="41731856" TotalTime="235" DiscNumber="0" TrackNumber="2" Year="0" AverageBpm="80.01" DateAdded="2025-03-14" BitRate="1411" SampleRate="44100" Comments="10A - 4" PlayCount="0" Rating="0" Location="file://localhost/Users/zachvp/Music/DJ/Brian%20Gibson%20-%20Thumper%20-%2002%20Triangle.aiff" Remixer="" Tonality="10A" Label="" Mix="">
      <TEMPO Inizio="0.171" Bpm="80.01" Metro="4/4" Battito="1" />
    </TRACK>
    <TRACK TrackID="225252402" Name="Horizon" Artist="Brian Gibson" Composer="" Album="Thumper" Grouping="" Genre="" Kind="AIFF File" Size="66413742" TotalTime="375" DiscNumber="0" TrackNumber="3" Year="0" AverageBpm="154.21" DateAdded="2025-03-14" BitRate="1411" SampleRate="44100" Comments="8A - 5" PlayCount="0" Rating="0" Location="file://localhost/Users/zachvp/Music/DJ/Brian%20Gibson%20-%20Thumper%20-%2003%20Horizon.aiff" Remixer="" Tonality="8A" Label="" Mix="">
      <TEMPO Inizio="0.245" Bpm="154.21" Metro="4/4" Battito="1" />
      <TEMPO Inizio="0.635" Bpm="154.21" Metro="4/4" Battito="2" />
      <TEMPO Inizio="46.936" Bpm="154.21" Metro="4/4" Battito="1" />
      <TEMPO Inizio="88.179" Bpm="154.21" Metro="4/4" Battito="3" />
      <TEMPO Inizio="134.480" Bpm="154.21" Metro="4/4" Battito="2" />
      <TEMPO Inizio="175.723" Bpm="154.21" Metro="4/4" Battito="4" />
      <TEMPO Inizio="221.635" Bpm="154.21" Metro="4/4" Battito="2" />
      <TEMPO Inizio="262.878" Bpm="154.21" Metro="4/4" Battito="4" />
      <TEMPO Inizio="309.179" Bpm="154.21" Metro="4/4" Battito="3" />
      <TEMPO Inizio="350.422" Bpm="154.21" Metro="4/4" Battito="1" />
    </TRACK>
    <TRACK TrackID="184395815" Name="Omega" Artist="Brian Gibson" Composer="" Album="Thumper" Grouping="" Genre="" Kind="AIFF File" Size="30054170" TotalTime="169" DiscNumber="0" TrackNumber="7" Year="0" AverageBpm="109.11" DateAdded="2025-03-14" BitRate="1411" SampleRate="44100" Comments="9A - 4" PlayCount="0" Rating="0" Location="file://localhost/Users/zachvp/Music/DJ/Brian%20Gibson%20-%20Thumper%20-%2007%20Omega.aiff" Remixer="" Tonality="9A" Label="" Mix="">
      <TEMPO Inizio="0.180" Bpm="109.11" Metro="4/4" Battito="1" />
    </TRACK>
    <TRACK TrackID="150025046" Name="Tunnel" Artist="Brian Gibson" Composer="" Album="Thumper" Grouping="" Genre="" Kind="AIFF File" Size="70887244" TotalTime="401" DiscNumber="0" TrackNumber="8" Year="0" AverageBpm="115.17" DateAdded="2025-03-14" BitRate="1411" SampleRate="44100" Comments="11A - 5" PlayCount="0" Rating="0" Location="file://localhost/Users/zachvp/Music/DJ/Brian%20Gibson%20-%20Thumper%20-%2008%20Tunnel.aiff" Remixer="" Tonality="11A" Label="" Mix="">
      <TEMPO Inizio="0.388" Bpm="115.17" Metro="4/4" Battito="1" />
    </TRACK>
    <TRACK TrackID="85967232" Name="Head" Artist="Brian Gibson" Composer="" Album="Thumper" Grouping="" Genre="Lounge/Ambient" Kind="AIFF File" Size="29811912" TotalTime="168" DiscNumber="0" TrackNumber="9" Year="0" AverageBpm="119.89" DateAdded="2025-03-14" BitRate="1411" SampleRate="44100" Comments="10A - 3" PlayCount="1" Rating="0" Location="file://localhost/Users/zachvp/Music/DJ/Brian%20Gibson%20-%20Thumper%20-%2009%20Head.aiff" Remixer="" Tonality="10A" Label="" Mix="">
      <TEMPO Inizio="0.200" Bpm="119.89" Metro="4/4" Battito="1" />
      <TEMPO Inizio="48.745" Bpm="119.89" Metro="4/4" Battito="2" />
      <TEMPO Inizio="127.818" Bpm="119.89" Metro="4/4" Battito="4" />
      <POSITION_MARK Name="" Type="0" Start="44.053" Num="-1" />
    </TRACK>
    <TRACK TrackID="105411102" Name="Intro" Artist="Brian Gibson" Composer="" Album="Thumper" Grouping="" Genre="" Kind="AIFF File" Size="43754570" TotalTime="247" DiscNumber="0" TrackNumber="1" Year="0" AverageBpm="139.18" DateAdded="2025-03-14" BitRate="1411" SampleRate="44100" Comments="10B - 2" PlayCount="0" Rating="0" Location="file://localhost/Users/zachvp/Music/DJ/Brian%20Gibson%20-%20Thumper%20-%2001%20Intro.aiff" Remixer="" Tonality="10B" Label="" Mix="">
      <TEMPO Inizio="0.061" Bpm="139.18" Metro="4/4" Battito="3" />
      <TEMPO Inizio="1.355" Bpm="139.18" Metro="4/4" Battito="2" />
      <TEMPO Inizio="69.036" Bpm="139.18" Metro="4/4" Battito="3" />
      <TEMPO Inizio="140.597" Bpm="139.18" Metro="4/4" Battito="1" />
      <TEMPO Inizio="198.794" Bpm="139.18" Metro="4/4" Battito="4" />
    </TRACK>
    <TRACK TrackID="42426456" Name="Select" Artist="Brian Gibson" Composer="" Album="Thumper" Grouping="" Genre="" Kind="AIFF File" Size="38577820" TotalTime="218" DiscNumber="0" TrackNumber="6" Year="0" AverageBpm="133.98" DateAdded="2025-03-14" BitRate="1411" SampleRate="44100" Comments="9A - 2" PlayCount="0" Rating="0" Location="file://localhost/Users/zachvp/Music/DJ/Brian%20Gibson%20-%20Thumper%20-%2006%20Select.aiff" Remixer="" Tonality="9A" Label="" Mix="">
      <TEMPO Inizio="0.163" Bpm="133.98" Metro="4/4" Battito="1" />
    </TRACK>
    <TRACK TrackID="18823954" Name="Beetle" Artist="Brian Gibson" Composer="" Album="Thumper" Grouping="" Genre="" Kind="AIFF File" Size="49131246" TotalTime="277" DiscNumber="0" TrackNumber="10" Year="0" AverageBpm="160.00" DateAdded="2025-03-14" BitRate="1411" SampleRate="44100" Comments="2A - 6" PlayCount="0" Rating="0" Location="file://localhost/Users/zachvp/Music/DJ/Brian%20Gibson%20-%20Thumper%20-%2010%20Beetle.aiff" Remixer="" Tonality="2A" Label="" Mix="">
      <TEMPO Inizio="0.186" Bpm="160.00" Metro="4/4" Battito="1" />
      <TEMPO Inizio="113.437" Bpm="160.00" Metro="4/4" Battito="3" />
      <TEMPO Inizio="113.811" Bpm="160.00" Metro="4/4" Battito="4" />
      <TEMPO Inizio="116.437" Bpm="160.00" Metro="4/4" Battito="3" />
      <TEMPO Inizio="116.811" Bpm="160.00" Metro="4/4" Battito="4" />
      <TEMPO Inizio="118.312" Bpm="160.00" Metro="4/4" Battito="4" />
      <TEMPO Inizio="118.686" Bpm="160.00" Metro="4/4" Battito="1" />
      <TEMPO Inizio="119.437" Bpm="160.00" Metro="4/4" Battito="3" />
      <TEMPO Inizio="119.811" Bpm="160.00" Metro="4/4" Battito="4" />
      <TEMPO Inizio="121.312" Bpm="160.00" Metro="4/4" Battito="4" />
      <TEMPO Inizio="121.686" Bpm="160.00" Metro="4/4" Battito="1" />
      <TEMPO Inizio="122.437" Bpm="160.00" Metro="4/4" Battito="3" />
      <TEMPO Inizio="122.811" Bpm="160.00" Metro="4/4" Battito="4" />
      <TEMPO Inizio="124.312" Bpm="160.00" Metro="4/4" Battito="4" />
      <TEMPO Inizio="124.686" Bpm="160.00" Metro="4/4" Battito="1" />
      <TEMPO Inizio="125.437" Bpm="160.00" Metro="4/4" Battito="3" />
      <TEMPO Inizio="125.811" Bpm="160.00" Metro="4/4" Battito="4" />
      <TEMPO Inizio="126.187" Bpm="160.00" Metro="4/4" Battito="1" />
      <TEMPO Inizio="126.561" Bpm="160.00" Metro="4/4" Battito="2" />
      <TEMPO Inizio="127.312" Bpm="160.00" Metro="4/4" Battito="4" />
      <TEMPO Inizio="127.686" Bpm="160.00" Metro="4/4" Battito="1" />
      <TEMPO Inizio="128.437" Bpm="160.00" Metro="4/4" Battito="3" />
      <TEMPO Inizio="128.811" Bpm="160.00" Metro="4/4" Battito="4" />
      <TEMPO Inizio="129.187" Bpm="160.00" Metro="4/4" Battito="1" />
      <TEMPO Inizio="129.561" Bpm="160.00" Metro="4/4" Battito="2" />
      <TEMPO Inizio="130.312" Bpm="160.00" Metro="4/4" Battito="4" />
      <TEMPO Inizio="130.686" Bpm="160.00" Metro="4/4" Battito="1" />
      <TEMPO Inizio="131.062" Bpm="160.00" Metro="4/4" Battito="2" />
      <TEMPO Inizio="131.811" Bpm="160.00" Metro="4/4" Battito="4" />
      <TEMPO Inizio="132.187" Bpm="160.00" Metro="4/4" Battito="1" />
      <TEMPO Inizio="132.561" Bpm="160.00" Metro="4/4" Battito="2" />
      <TEMPO Inizio="133.312" Bpm="160.00" Metro="4/4" Battito="4" />
      <TEMPO Inizio="133.686" Bpm="160.00" Metro="4/4" Battito="1" />
      <TEMPO Inizio="134.062" Bpm="160.00" Metro="4/4" Battito="2" />
      <TEMPO Inizio="134.811" Bpm="160.00" Metro="4/4" Battito="4" />
      <TEMPO Inizio="135.187" Bpm="160.00" Metro="4/4" Battito="1" />
      <TEMPO Inizio="135.561" Bpm="160.00" Metro="4/4" Battito="2" />
      <TEMPO Inizio="136.312" Bpm="160.00" Metro="4/4" Battito="4" />
      <TEMPO Inizio="136.686" Bpm="160.00" Metro="4/4" Battito="1" />
      <TEMPO Inizio="137.062" Bpm="160.00" Metro="4/4" Battito="2" />
      <TEMPO Inizio="137.811" Bpm="160.00" Metro="4/4" Battito="4" />
      <TEMPO Inizio="138.187" Bpm="160.00" Metro="4/4" Battito="1" />
      <TEMPO Inizio="138.561" Bpm="160.00" Metro="4/4" Battito="2" />
      <TEMPO Inizio="138.937" Bpm="160.00" Metro="4/4" Battito="3" />
      <TEMPO Inizio="139.686" Bpm="160.00" Metro="4/4" Battito="1" />
      <TEMPO Inizio="140.062" Bpm="160.00" Metro="4/4" Battito="2" />
      <TEMPO Inizio="140.811" Bpm="160.00" Metro="4/4" Battito="4" />
      <TEMPO Inizio="141.187" Bpm="160.00" Metro="4/4" Battito="1" />
      <TEMPO Inizio="141.561" Bpm="160.00" Metro="4/4" Battito="2" />
      <TEMPO Inizio="141.937" Bpm="160.00" Metro="4/4" Battito="3" />
      <TEMPO Inizio="142.686" Bpm="160.00" Metro="4/4" Battito="1" />
      <TEMPO Inizio="143.062" Bpm="160.00" Metro="4/4" Battito="2" />
      <TEMPO Inizio="144.561" Bpm="160.00" Metro="4/4" Battito="2" />
      <TEMPO Inizio="144.937" Bpm="160.00" Metro="4/4" Battito="3" />
      <TEMPO Inizio="145.686" Bpm="160.00" Metro="4/4" Battito="1" />
      <TEMPO Inizio="146.062" Bpm="160.00" Metro="4/4" Battito="2" />
      <TEMPO Inizio="147.561" Bpm="160.00" Metro="4/4" Battito="2" />
      <TEMPO Inizio="147.937" Bpm="160.00" Metro="4/4" Battito="3" />
      <TEMPO Inizio="150.561" Bpm="160.00" Metro="4/4" Battito="2" />
      <TEMPO Inizio="150.937" Bpm="160.00" Metro="4/4" Battito="3" />
      <TEMPO Inizio="153.561" Bpm="160.00" Metro="4/4" Battito="2" />
      <TEMPO Inizio="153.937" Bpm="160.00" Metro="4/4" Battito="3" />
    </TRACK>
    <TRACK TrackID="262265209" Name="Road" Artist="Brian Gibson" Composer="" Album="Thumper" Grouping="" Genre="" Kind="AIFF File" Size="37300680" TotalTime="210" DiscNumber="0" TrackNumber="4" Year="0" AverageBpm="120.31" DateAdded="2025-03-14" BitRate="1411" SampleRate="44100" Comments="8A - 5" PlayCount="0" Rating="0" Location="file://localhost/Users/zachvp/Music/DJ/Brian%20Gibson%20-%20Thumper%20-%2004%20Road.aiff" Remixer="" Tonality="8A" Label="" Mix="">
      <TEMPO Inizio="0.366" Bpm="120.31" Metro="4/4" Battito="1" />
    </TRACK>
    <TRACK TrackID="185634552" Name="Logo Revisit" Artist="Brian Gibson" Composer="" Album="Thumper" Grouping="" Genre="" Kind="AIFF File" Size="31032616" TotalTime="175" DiscNumber="0" TrackNumber="5" Year="0" AverageBpm="99.93" DateAdded="2025-03-14" BitRate="1411" SampleRate="44100" Comments="5B - 3" PlayCount="0" Rating="0" Location="file://localhost/Users/zachvp/Music/DJ/Brian%20Gibson%20-%20Thumper%20-%2005%20Logo%20Revisit.aiff" Remixer="" Tonality="5B" Label="" Mix="">
      <TEMPO Inizio="0.281" Bpm="99.93" Metro="4/4" Battito="1" />
      <TEMPO Inizio="0.882" Bpm="99.93" Metro="4/4" Battito="2" />
      <TEMPO Inizio="8.688" Bpm="99.93" Metro="4/4" Battito="3" />
      <TEMPO Inizio="24.900" Bpm="99.93" Metro="4/4" Battito="2" />
      <TEMPO Inizio="44.114" Bpm="99.93" Metro="4/4" Battito="2" />
      <TEMPO Inizio="60.326" Bpm="99.93" Metro="4/4" Battito="1" />
      <TEMPO Inizio="79.540" Bpm="99.93" Metro="4/4" Battito="1" />
      <TEMPO Inizio="91.549" Bpm="99.93" Metro="4/4" Battito="1" />
      <TEMPO Inizio="110.763" Bpm="99.93" Metro="4/4" Battito="1" />
      <TEMPO Inizio="126.975" Bpm="99.93" Metro="4/4" Battito="4" />
      <TEMPO Inizio="146.189" Bpm="99.93" Metro="4/4" Battito="4" />
      <TEMPO Inizio="158.198" Bpm="99.93" Metro="4/4" Battito="4" />
    </TRACK>
    <TRACK TrackID="95252772" Name="Shine Eye Gal (Vocal &amp; Dub - Remaster 2022)" Artist="Black Uhuru feat. Sly &amp; Robbie" Composer="" Album="Reggae Stream" Grouping="" Genre="Lounge/" Kind="MP3 File" Size="13352346" TotalTime="449" DiscNumber="1" TrackNumber="1" Year="2022" AverageBpm="135.40" DateAdded="2025-05-09" BitRate="320" SampleRate="44100" Comments="11A - 5" PlayCount="0" Rating="0" Location="file://localhost/Users/zachvp/Music/DJ/01%20-%20Shine%20Eye%20Gal%20(Vocal%20%26%20Dub%20-%20Remaster%202022).mp3" Remixer="" Tonality="11A" Label="" Mix="">
      <TEMPO Inizio="0.322" Bpm="135.40" Metro="4/4" Battito="4" />
    </TRACK>
    <TRACK TrackID="218761366" Name="Shashamane I (Ras Muffet Cut)" Artist="Sister Rasheda" Composer="" Album="" Grouping="" Genre="Lounge/" Kind="MP3 File" Size="9035231" TotalTime="225" DiscNumber="0" TrackNumber="0" Year="0" AverageBpm="132.38" DateAdded="2025-05-09" BitRate="320" SampleRate="44100" Comments="5A - 6" PlayCount="0" Rating="0" Location="file://localhost/Users/zachvp/Music/DJ/Sister%20Rasheda%20-%20Shashamane%20I%20(Ras%20Muffet%20Cut).mp3" Remixer="" Tonality="5A" Label="" Mix="">
      <TEMPO Inizio="0.294" Bpm="132.38" Metro="4/4" Battito="3" />
      <TEMPO Inizio="1.201" Bpm="132.38" Metro="4/4" Battito="1" />
      <TEMPO Inizio="35.193" Bpm="132.38" Metro="4/4" Battito="4" />
      <TEMPO Inizio="78.703" Bpm="132.38" Metro="4/4" Battito="4" />
      <TEMPO Inizio="114.508" Bpm="132.38" Metro="4/4" Battito="3" />
      <TEMPO Inizio="158.018" Bpm="132.38" Metro="4/4" Battito="3" />
      <TEMPO Inizio="193.823" Bpm="132.38" Metro="4/4" Battito="2" />
    </TRACK>
    <TRACK TrackID="106575759" Name="Head (Sol Intro Edit)" Artist="Brian Gibson" Composer="" Album="Blood &amp; Sand" Grouping="" Genre="House/Techno/Sinister" Kind="AIFF File" Size="6717946" TotalTime="38" DiscNumber="0" TrackNumber="4" Year="2016" AverageBpm="0.00" DateAdded="2025-05-09" BitRate="1411" SampleRate="44100" Comments="12B - 2" PlayCount="7" Rating="0" Location="file://localhost/Users/zachvp/Music/DJ/brian%20gibson%20-%20thumper%20-%20head%20intro.aiff" Remixer="" Tonality="12B" Label="" Mix="" />
    <TRACK TrackID="231776909" Name="Torn Apart" Artist="Brian Douglas" Composer="" Album="CW004" Grouping="" Genre="House/Deep/Tech/Breaks" Kind="AIFF File" Size="74490970" TotalTime="420" DiscNumber="0" TrackNumber="1" Year="2025" AverageBpm="133.99" DateAdded="2025-05-23" BitRate="1411" SampleRate="44100" Comments="4A - 7" PlayCount="0" Rating="0" Location="file://localhost/Users/zachvp/Music/DJ/Brian%20Douglas%20-%20Torn%20Apart.aiff" Remixer="" Tonality="4A" Label="" Mix="">
      <TEMPO Inizio="0.138" Bpm="133.99" Metro="4/4" Battito="3" />
    </TRACK>
    <TRACK TrackID="21128462" Name="Tetrose" Artist="Alejandro Mosso" Composer="" Album="mosso012" Grouping="" Genre="House/Deep/Tech/" Kind="AIFF File" Size="77398516" TotalTime="432" DiscNumber="0" TrackNumber="2" Year="2025" AverageBpm="122.00" DateAdded="2025-05-23" BitRate="1411" SampleRate="44100" Comments="5A - 5" PlayCount="0" Rating="0" Location="file://localhost/Users/zachvp/Music/DJ/Alejandro%20Mosso%20-%20mosso012%20-%2002%20Tetrose.aiff" Remixer="" Tonality="5A" Label="" Mix="">
      <TEMPO Inizio="0.003" Bpm="122.00" Metro="4/4" Battito="1" />
    </TRACK>
    <TRACK TrackID="220364290" Name="Puffer Coat" Artist="haircuts for men" Composer="" Album="Beats To Listen To While Shopping At The Gap" Grouping="" Genre="Lounge/" Kind="AIFF File" Size="30114828" TotalTime="169" DiscNumber="0" TrackNumber="11" Year="0" AverageBpm="84.98" DateAdded="2025-05-23" BitRate="1411" SampleRate="44100" Comments="5A - 3" PlayCount="0" Rating="0" Location="file://localhost/Users/zachvp/Music/DJ/haircuts%20for%20men%20-%20Beats%20To%20Listen%20To%20While%20Shopping%20At%20The%20Gap%20-%2011%20Puffer%20Coat.aiff" Remixer="" Tonality="5A" Label="" Mix="">
      <TEMPO Inizio="0.658" Bpm="84.98" Metro="4/4" Battito="3" />
      <TEMPO Inizio="162.342" Bpm="84.98" Metro="4/4" Battito="4" />
    </TRACK>
    <TRACK TrackID="1190302" Name="Trick or Treat" Artist="Toomy Disco" Composer="" Album="Toomy Disco - Addicted 2 House EP" Grouping="" Genre="House/Deep/Tech/" Kind="AIFF File" Size="61628922" TotalTime="348" DiscNumber="0" TrackNumber="4" Year="2025" AverageBpm="128.00" DateAdded="2025-05-23" BitRate="1411" SampleRate="44100" Comments="5A - 6" PlayCount="1" Rating="0" Location="file://localhost/Users/zachvp/Music/DJ/Hooj%20Choons%20-%20Toomy%20Disco%20-%20Trick%20or%20Treat.aiff" Remixer="" Tonality="5A" Label="" Mix="">
      <TEMPO Inizio="0.200" Bpm="128.00" Metro="4/4" Battito="1" />
      <POSITION_MARK Name="" Type="0" Start="30.197" Num="-1" />
      <POSITION_MARK Name="" Type="0" Start="135.192" Num="-1" />
      <POSITION_MARK Name="" Type="0" Start="165.199" Num="-1" />
      <POSITION_MARK Name="" Type="0" Start="255.209" Num="-1" />
    </TRACK>
    <TRACK TrackID="30967348" Name="Black Light" Artist="Mihai Popoviciu &amp; David Delgado" Composer="" Album="PLZ045" Grouping="" Genre="House/Deep/Tech/" Kind="AIFF File" Size="77264454" TotalTime="436" DiscNumber="0" TrackNumber="3" Year="2025" AverageBpm="124.00" DateAdded="2025-05-23" BitRate="1411" SampleRate="44100" Comments="6A - 5" PlayCount="0" Rating="0" Location="file://localhost/Users/zachvp/Music/DJ/Mihai%20Popoviciu%20%26%20David%20Delgado%20-%20PLZ045%20-%2003%20Black%20Light.aiff" Remixer="" Tonality="6A" Label="" Mix="">
      <TEMPO Inizio="0.041" Bpm="124.00" Metro="4/4" Battito="3" />
    </TRACK>
    <TRACK TrackID="70086783" Name="Mental Dub (Message Mix)" Artist="Toomy Disco" Composer="" Album="Toomy Disco - Addicted 2 House EP" Grouping="" Genre="House/Deep/Tech/" Kind="AIFF File" Size="52622268" TotalTime="297" DiscNumber="0" TrackNumber="1" Year="2025" AverageBpm="126.00" DateAdded="2025-05-23" BitRate="1411" SampleRate="44100" Comments="7A - 7" PlayCount="1" Rating="0" Location="file://localhost/Users/zachvp/Music/DJ/Hooj%20Choons%20-%20Toomy%20Disco%20-%20Mental%20Dub%20(Message%20Mix)).aiff" Remixer="" Tonality="7A" Label="" Mix="">
      <TEMPO Inizio="0.200" Bpm="126.00" Metro="4/4" Battito="1" />
      <TEMPO Inizio="0.677" Bpm="126.00" Metro="4/4" Battito="2" />
      <POSITION_MARK Name="" Type="0" Start="45.917" Num="-1" />
      <POSITION_MARK Name="" Type="0" Start="232.589" Num="-1" />
      <POSITION_MARK Name="" Type="0" Start="0.186" Num="-1" />
    </TRACK>
    <TRACK TrackID="60261278" Name="Bucket Hat" Artist="haircuts for men" Composer="" Album="Beats To Listen To While Shopping At The Gap" Grouping="" Genre="Lounge/" Kind="AIFF File" Size="32146438" TotalTime="181" DiscNumber="0" TrackNumber="12" Year="0" AverageBpm="86.00" DateAdded="2025-05-23" BitRate="1411" SampleRate="44100" Comments="5A - 4" PlayCount="0" Rating="0" Location="file://localhost/Users/zachvp/Music/DJ/haircuts%20for%20men%20-%20Beats%20To%20Listen%20To%20While%20Shopping%20At%20The%20Gap%20-%2012%20Bucket%20Hat.aiff" Remixer="" Tonality="5A" Label="" Mix="">
      <TEMPO Inizio="0.089" Bpm="86.00" Metro="4/4" Battito="1" />
    </TRACK>
    <TRACK TrackID="49221584" Name="POLYTWO" Artist="Polyfan Polyphenix" Composer="" Album="EWXD005" Grouping="" Genre="House/Deep/Tech/Breaks" Kind="AIFF File" Size="45907150" TotalTime="259" DiscNumber="0" TrackNumber="2" Year="2025" AverageBpm="133.00" DateAdded="2025-05-23" BitRate="1411" SampleRate="44100" Comments="7A - 5" PlayCount="0" Rating="0" Location="file://localhost/Users/zachvp/Music/DJ/Polyfan%20Polyphenix%20-%20POLYTWO.aiff" Remixer="" Tonality="7A" Label="" Mix="">
      <TEMPO Inizio="0.051" Bpm="133.00" Metro="4/4" Battito="1" />
      <TEMPO Inizio="1.405" Bpm="133.00" Metro="4/4" Battito="4" />
      <TEMPO Inizio="181.404" Bpm="133.00" Metro="4/4" Battito="3" />
    </TRACK>
    <TRACK TrackID="60048695" Name="Pentose" Artist="Alejandro Mosso" Composer="" Album="mosso012" Grouping="" Genre="House/Deep/Tech/" Kind="AIFF File" Size="73202960" TotalTime="409" DiscNumber="0" TrackNumber="1" Year="2025" AverageBpm="123.00" DateAdded="2025-05-23" BitRate="1411" SampleRate="44100" Comments="7A - 5" PlayCount="0" Rating="0" Location="file://localhost/Users/zachvp/Music/DJ/Alejandro%20Mosso%20-%20mosso012%20-%2001%20Pentose.aiff" Remixer="" Tonality="7A" Label="" Mix="">
      <TEMPO Inizio="0.008" Bpm="123.00" Metro="4/4" Battito="1" />
    </TRACK>
    <TRACK TrackID="55005671" Name="Days to Come (Little Big Beat Studio Live Session)" Artist="Jazzanova" Composer="" Album="Days to Come (Little Big Beat Studio Live Session)" Grouping="" Genre="House/Deep/Tech/Jazzy" Kind="AIFF File" Size="97179720" TotalTime="548" DiscNumber="0" TrackNumber="1" Year="2025" AverageBpm="130.00" DateAdded="2025-05-23" BitRate="1411" SampleRate="44100" Comments="3A - 6" PlayCount="2" Rating="0" Location="file://localhost/Users/zachvp/Music/DJ/19907911_Days_to_Come_(Little_Big_Beat_Studio_Live_Session).aiff" Remixer="" Tonality="3A" Label="Sonar Kollektiv" Mix="">
      <TEMPO Inizio="0.095" Bpm="130.00" Metro="4/4" Battito="2" />
      <POSITION_MARK Name="" Type="0" Start="496.264" Num="-1" />
    </TRACK>
    <TRACK TrackID="135829130" Name="Colorblock Polo Shirt" Artist="haircuts for men" Composer="" Album="Beats To Listen To While Shopping At The Gap" Grouping="" Genre="Lounge/" Kind="AIFF File" Size="29320222" TotalTime="165" DiscNumber="0" TrackNumber="5" Year="0" AverageBpm="90.00" DateAdded="2025-05-23" BitRate="1411" SampleRate="44100" Comments="11A - 4" PlayCount="0" Rating="0" Location="file://localhost/Users/zachvp/Music/DJ/haircuts%20for%20men%20-%20Beats%20To%20Listen%20To%20While%20Shopping%20At%20The%20Gap%20-%2005%20Colorblock%20Polo%20Shirt.aiff" Remixer="" Tonality="11A" Label="" Mix="">
      <TEMPO Inizio="0.655" Bpm="90.00" Metro="4/4" Battito="2" />
    </TRACK>
    <TRACK TrackID="78669960" Name="Call Me Winnie The Pooh, Honey (Original Mix)" Artist="Cristian Merino" Composer="" Album="Call Me Winnie The Pooh EP" Grouping="" Genre="House/Deep/Tech/" Kind="AIFF File" Size="71000012" TotalTime="387" DiscNumber="0" TrackNumber="1" Year="2025" AverageBpm="130.00" DateAdded="2025-05-23" BitRate="1411" SampleRate="44100" Comments="7A - 6" PlayCount="1" Rating="0" Location="file://localhost/Users/zachvp/Music/DJ/20336194_Call_Me_Winnie_The_Pooh,_Honey_(Original_Mix).aiff" Remixer="" Tonality="7A" Label="Reecords" Mix="">
      <TEMPO Inizio="0.003" Bpm="130.00" Metro="4/4" Battito="1" />
      <POSITION_MARK Name="" Type="0" Start="59.088" Num="-1" />
      <POSITION_MARK Name="" Type="0" Start="206.791" Num="-1" />
      <POSITION_MARK Name="" Type="0" Start="221.528" Num="-1" />
      <POSITION_MARK Name="" Type="0" Start="265.848" Num="-1" />
    </TRACK>
    <TRACK TrackID="258173799" Name="part i - altar (Original Mix)" Artist="Jon Hopkins, Ishq" Composer="" Album="RITUAL" Grouping="" Genre="Lounge/Ambient" Kind="AIFF File" Size="50979824" TotalTime="283" DiscNumber="0" TrackNumber="1" Year="2024" AverageBpm="141.55" DateAdded="2025-05-23" BitRate="1411" SampleRate="44100" Comments="11A - 2" PlayCount="0" Rating="0" Location="file://localhost/Users/zachvp/Music/DJ/19410044_part_i_-_altar_(Original_Mix).aiff" Remixer="" Tonality="11A" Label="Domino" Mix="">
      <TEMPO Inizio="0.368" Bpm="141.55" Metro="4/4" Battito="3" />
    </TRACK>
    <TRACK TrackID="99195448" Name="Overalls" Artist="haircuts for men" Composer="" Album="Beats To Listen To While Shopping At The Gap" Grouping="" Genre="Lounge/" Kind="AIFF File" Size="42083332" TotalTime="237" DiscNumber="0" TrackNumber="6" Year="0" AverageBpm="90.00" DateAdded="2025-05-23" BitRate="1411" SampleRate="44100" Comments="10A - 4" PlayCount="0" Rating="0" Location="file://localhost/Users/zachvp/Music/DJ/haircuts%20for%20men%20-%20Beats%20To%20Listen%20To%20While%20Shopping%20At%20The%20Gap%20-%2006%20Overalls.aiff" Remixer="" Tonality="10A" Label="" Mix="">
      <TEMPO Inizio="0.044" Bpm="90.00" Metro="4/4" Battito="1" />
    </TRACK>
    <TRACK TrackID="59159210" Name="Do You Feel (Original Mix)" Artist="The Trip" Composer="" Album="Spiritually Tessellate" Grouping="" Genre="House/Tech/Indie/" Kind="AIFF File" Size="64407460" TotalTime="363" DiscNumber="0" TrackNumber="2" Year="2024" AverageBpm="133.00" DateAdded="2025-05-23" BitRate="1411" SampleRate="44100" Comments="6A - 6" PlayCount="1" Rating="0" Location="file://localhost/Users/zachvp/Music/DJ/19849894_Do_You_Feel_(Original_Mix).aiff" Remixer="" Tonality="6A" Label="Tessellate" Mix="">
      <TEMPO Inizio="0.309" Bpm="133.00" Metro="4/4" Battito="1" />
      <TEMPO Inizio="5.272" Bpm="133.00" Metro="4/4" Battito="4" />
      <TEMPO Inizio="162.265" Bpm="133.00" Metro="4/4" Battito="4" />
      <TEMPO Inizio="319.258" Bpm="133.00" Metro="4/4" Battito="4" />
      <POSITION_MARK Name="" Type="0" Start="43.624" Num="-1" />
      <POSITION_MARK Name="" Type="0" Start="274.611" Num="-1" />
      <POSITION_MARK Name="" Type="0" Start="0.302" Num="-1" />
    </TRACK>
    <TRACK TrackID="122683882" Name="Insomnia (Original Mix)" Artist="Toki Fuko" Composer="" Album="Phantom Scripts" Grouping="" Genre="Lounge/Ambient" Kind="AIFF File" Size="93116650" TotalTime="527" DiscNumber="0" TrackNumber="3" Year="2025" AverageBpm="108.00" DateAdded="2025-05-23" BitRate="1411" SampleRate="44100" Comments="5A - 4" PlayCount="0" Rating="0" Location="file://localhost/Users/zachvp/Music/DJ/20074707_Insomnia_(Original_Mix).aiff" Remixer="" Tonality="5A" Label="spclnch" Mix="">
      <TEMPO Inizio="0.444" Bpm="108.00" Metro="4/4" Battito="1" />
    </TRACK>
    <TRACK TrackID="102748022" Name="Get Movin (Extended Mix)" Artist="Josh Butler &amp; Chesster" Composer="" Album="Last Day EP" Grouping="" Genre="House/Deep/Tech/" Kind="AIFF File" Size="60117054" TotalTime="333" DiscNumber="0" TrackNumber="2" Year="2025" AverageBpm="130.00" DateAdded="2025-05-23" BitRate="1411" SampleRate="44100" Comments="8A - 5" PlayCount="1" Rating="0" Location="file://localhost/Users/zachvp/Music/DJ/Josh%20Butler%20%26%20Chesster%20-%20Last%20Day%20EP%20-%2002%20Get%20Movin%20(Extended%20Mix).aiff" Remixer="" Tonality="8A" Label="" Mix="">
      <TEMPO Inizio="0.001" Bpm="130.00" Metro="4/4" Battito="1" />
      <POSITION_MARK Name="" Type="0" Start="59.064" Num="-1" />
      <POSITION_MARK Name="" Type="0" Start="199.394" Num="-1" />
      <POSITION_MARK Name="" Type="0" Start="221.536" Num="-1" />
      <POSITION_MARK Name="" Type="0" Start="228.916" Num="-1" />
    </TRACK>
    <TRACK TrackID="134135673" Name="nightcrossing (Original Mix)" Artist="sunflwr, Paluma Sound" Composer="" Album="nightcrossing" Grouping="" Genre="House/Deep/Tech/Spacey" Kind="AIFF File" Size="39841650" TotalTime="205" DiscNumber="0" TrackNumber="1" Year="2024" AverageBpm="122.00" DateAdded="2025-05-23" BitRate="1411" SampleRate="44100" Comments="11A - 5" PlayCount="0" Rating="0" Location="file://localhost/Users/zachvp/Music/DJ/19461189_nightcrossing_(Original_Mix).aiff" Remixer="" Tonality="11A" Label="Unbelievably Spectacular" Mix="">
      <TEMPO Inizio="0.001" Bpm="122.00" Metro="4/4" Battito="1" />
    </TRACK>
    <TRACK TrackID="137168044" Name="Evolution" Artist="Mihai Popoviciu &amp; David Delgado" Composer="" Album="PLZ045" Grouping="" Genre="House/Deep/Tech/" Kind="AIFF File" Size="92867474" TotalTime="525" DiscNumber="0" TrackNumber="1" Year="2025" AverageBpm="125.00" DateAdded="2025-05-23" BitRate="1411" SampleRate="44100" Comments="2A - 5" PlayCount="0" Rating="0" Location="file://localhost/Users/zachvp/Music/DJ/Mihai%20Popoviciu%20%26%20David%20Delgado%20-%20PLZ045%20-%2001%20Evolution.aiff" Remixer="" Tonality="2A" Label="" Mix="">
      <TEMPO Inizio="0.039" Bpm="125.00" Metro="4/4" Battito="3" />
      <TEMPO Inizio="349.960" Bpm="125.00" Metro="4/4" Battito="4" />
    </TRACK>
    <TRACK TrackID="259114372" Name="Shifting" Artist="Mihai Popoviciu &amp; David Delgado" Composer="" Album="PLZ045" Grouping="" Genre="House/Deep/Tech/" Kind="AIFF File" Size="82368144" TotalTime="465" DiscNumber="0" TrackNumber="2" Year="2025" AverageBpm="125.00" DateAdded="2025-05-23" BitRate="1411" SampleRate="44100" Comments="2A - 5" PlayCount="0" Rating="0" Location="file://localhost/Users/zachvp/Music/DJ/Mihai%20Popoviciu%20%26%20David%20Delgado%20-%20PLZ045%20-%2002%20Shifting.aiff" Remixer="" Tonality="2A" Label="" Mix="">
      <TEMPO Inizio="0.040" Bpm="125.00" Metro="4/4" Battito="3" />
    </TRACK>
    <TRACK TrackID="231261358" Name="MT Rugby Shirt" Artist="haircuts for men" Composer="" Album="Beats To Listen To While Shopping At The Gap" Grouping="" Genre="Lounge/" Kind="AIFF File" Size="26502158" TotalTime="149" DiscNumber="0" TrackNumber="13" Year="0" AverageBpm="90.00" DateAdded="2025-05-23" BitRate="1411" SampleRate="44100" Comments="6A - 5" PlayCount="0" Rating="0" Location="file://localhost/Users/zachvp/Music/DJ/haircuts%20for%20men%20-%20Beats%20To%20Listen%20To%20While%20Shopping%20At%20The%20Gap%20-%2013%20MT%20Rugby%20Shirt.aiff" Remixer="" Tonality="6A" Label="" Mix="">
      <TEMPO Inizio="0.275" Bpm="90.00" Metro="4/4" Battito="1" />
    </TRACK>
    <TRACK TrackID="247709432" Name="Underground Ways (Extended Mix)" Artist="Josh Butler &amp; Chesster &amp; RUZE" Composer="" Album="Last Day EP" Grouping="" Genre="House/Deep/Tech/" Kind="AIFF File" Size="60224262" TotalTime="339" DiscNumber="0" TrackNumber="3" Year="0" AverageBpm="129.00" DateAdded="2025-05-23" BitRate="1411" SampleRate="44100" Comments="6A - 6" PlayCount="0" Rating="0" Location="file://localhost/Users/zachvp/Music/DJ/Josh%20Butler%20%26%20Chesster%20%26%20RUZE%20-%20Last%20Day%20EP%20-%2003%20Underground%20Ways%20(Extended%20Mix).aiff" Remixer="" Tonality="6A" Label="" Mix="">
      <TEMPO Inizio="0.116" Bpm="129.00" Metro="4/4" Battito="1" />
      <TEMPO Inizio="1.047" Bpm="129.00" Metro="4/4" Battito="3" />
    </TRACK>
    <TRACK TrackID="126602521" Name="Anorak Hooded Pullover" Artist="haircuts for men" Composer="" Album="Beats To Listen To While Shopping At The Gap" Grouping="" Genre="Lounge/" Kind="AIFF File" Size="33727520" TotalTime="190" DiscNumber="0" TrackNumber="1" Year="0" AverageBpm="91.00" DateAdded="2025-05-23" BitRate="1411" SampleRate="44100" Comments="5A - 4" PlayCount="0" Rating="0" Location="file://localhost/Users/zachvp/Music/DJ/haircuts%20for%20men%20-%20Beats%20To%20Listen%20To%20While%20Shopping%20At%20The%20Gap%20-%2001%20Anorak%20Hooded%20Pullover.aiff" Remixer="" Tonality="5A" Label="" Mix="">
      <TEMPO Inizio="0.652" Bpm="91.00" Metro="4/4" Battito="1" />
      <TEMPO Inizio="1.312" Bpm="91.00" Metro="4/4" Battito="2" />
      <TEMPO Inizio="36.917" Bpm="91.00" Metro="4/4" Battito="4" />
      <TEMPO Inizio="105.489" Bpm="91.00" Metro="4/4" Battito="4" />
      <TEMPO Inizio="176.039" Bpm="91.00" Metro="4/4" Battito="3" />
    </TRACK>
    <TRACK TrackID="116256612" Name="Sleeveless Summer Dress" Artist="haircuts for men" Composer="" Album="Beats To Listen To While Shopping At The Gap" Grouping="" Genre="Lounge/" Kind="AIFF File" Size="36209698" TotalTime="204" DiscNumber="0" TrackNumber="3" Year="0" AverageBpm="85.00" DateAdded="2025-05-23" BitRate="1411" SampleRate="44100" Comments="8A - 4" PlayCount="0" Rating="0" Location="file://localhost/Users/zachvp/Music/DJ/haircuts%20for%20men%20-%20Beats%20To%20Listen%20To%20While%20Shopping%20At%20The%20Gap%20-%2003%20Sleeveless%20Summer%20Dress.aiff" Remixer="" Tonality="8A" Label="" Mix="">
      <TEMPO Inizio="0.002" Bpm="85.00" Metro="4/4" Battito="1" />
    </TRACK>
    <TRACK TrackID="99841926" Name="I Want Your Love" Artist="Fred P" Composer="" Album="Inner Trajectory" Grouping="" Genre="House/Deep/Tech/Spacey" Kind="AIFF File" Size="59494636" TotalTime="332" DiscNumber="0" TrackNumber="4" Year="2025" AverageBpm="127.00" DateAdded="2025-05-23" BitRate="1411" SampleRate="44100" Comments="7A - 5" PlayCount="0" Rating="0" Location="file://localhost/Users/zachvp/Music/DJ/Fred%20P%20-%20I%20Want%20Your%20Love.aiff" Remixer="" Tonality="7A" Label="" Mix="">
      <TEMPO Inizio="0.021" Bpm="127.00" Metro="4/4" Battito="1" />
      <TEMPO Inizio="0.494" Bpm="127.00" Metro="4/4" Battito="2" />
      <TEMPO Inizio="236.241" Bpm="127.00" Metro="4/4" Battito="1" />
    </TRACK>
    <TRACK TrackID="32062016" Name="Crew Neck" Artist="haircuts for men" Composer="" Album="Beats To Listen To While Shopping At The Gap" Grouping="" Genre="Lounge/" Kind="AIFF File" Size="34513928" TotalTime="194" DiscNumber="0" TrackNumber="14" Year="0" AverageBpm="90.00" DateAdded="2025-05-23" BitRate="1411" SampleRate="44100" Comments="12A - 4" PlayCount="0" Rating="0" Location="file://localhost/Users/zachvp/Music/DJ/haircuts%20for%20men%20-%20Beats%20To%20Listen%20To%20While%20Shopping%20At%20The%20Gap%20-%2014%20Crew%20Neck.aiff" Remixer="" Tonality="12A" Label="" Mix="">
      <TEMPO Inizio="0.034" Bpm="90.00" Metro="4/4" Battito="1" />
    </TRACK>
    <TRACK TrackID="88742949" Name="Love Language (Original Mix)" Artist="Nathan Haines, Chaos In The CBD" Composer="" Album="Love Language" Grouping="" Genre="House/Deep/Tech/Jazzy" Kind="AIFF File" Size="49172960" TotalTime="278" DiscNumber="0" TrackNumber="1" Year="2025" AverageBpm="122.00" DateAdded="2025-05-23" BitRate="1411" SampleRate="44100" Comments="5B - 6" PlayCount="0" Rating="0" Location="file://localhost/Users/zachvp/Music/DJ/19957553_Love_Language_(Original_Mix).aiff" Remixer="" Tonality="5B" Label="In Dust We Trust" Mix="">
      <TEMPO Inizio="0.111" Bpm="122.00" Metro="4/4" Battito="1" />
      <POSITION_MARK Name="" Type="0" Start="31.585" Num="-1" />
      <POSITION_MARK Name="" Type="0" Start="251.888" Num="-1" />
    </TRACK>
    <TRACK TrackID="127415432" Name="Changed (Pump Mix)" Artist="Fritz Schnackenpfefferhausen" Composer="" Album="WÜRST03" Grouping="" Genre="House/Tech/Groove" Kind="AIFF File" Size="63269264" TotalTime="357" DiscNumber="0" TrackNumber="2" Year="2025" AverageBpm="141.00" DateAdded="2025-05-23" BitRate="1411" SampleRate="44100" Comments="1A - 6" PlayCount="1" Rating="0" Location="file://localhost/Users/zachvp/Music/DJ/Fritz%20Schnackenpfefferhausen%20-%20Changed%20(Pump%20Mix).aiff" Remixer="" Tonality="1A" Label="" Mix="">
      <TEMPO Inizio="0.113" Bpm="141.00" Metro="4/4" Battito="1" />
      <POSITION_MARK Name="" Type="0" Start="54.589" Num="-1" />
      <POSITION_MARK Name="" Type="0" Start="177.116" Num="-1" />
      <POSITION_MARK Name="" Type="0" Start="200.965" Num="-1" />
      <POSITION_MARK Name="" Type="0" Start="299.665" Num="-1" />
    </TRACK>
    <TRACK TrackID="161606829" Name="Abotha (Mihai Popoviciu Remix)" Artist="Benno Blome" Composer="" Album="Abotha" Grouping="" Genre="House/Deep/Tech/" Kind="AIFF File" Size="73687300" TotalTime="409" DiscNumber="0" TrackNumber="2" Year="2015" AverageBpm="122.00" DateAdded="2025-05-23" BitRate="1411" SampleRate="44100" Comments="8A - 5" PlayCount="0" Rating="0" Location="file://localhost/Users/zachvp/Music/DJ/7202481_Abotha_(Mihai_Popoviciu_Remix).aiff" Remixer="" Tonality="8A" Label="Time Has Changed Records" Mix="">
      <TEMPO Inizio="0.027" Bpm="122.00" Metro="4/4" Battito="1" />
    </TRACK>
    <TRACK TrackID="246070652" Name="Flannel Shirt" Artist="haircuts for men" Composer="" Album="Beats To Listen To While Shopping At The Gap" Grouping="" Genre="Lounge/" Kind="AIFF File" Size="29549578" TotalTime="166" DiscNumber="0" TrackNumber="4" Year="0" AverageBpm="87.01" DateAdded="2025-05-23" BitRate="1411" SampleRate="44100" Comments="12A - 5" PlayCount="0" Rating="0" Location="file://localhost/Users/zachvp/Music/DJ/haircuts%20for%20men%20-%20Beats%20To%20Listen%20To%20While%20Shopping%20At%20The%20Gap%20-%2004%20Flannel%20Shirt.aiff" Remixer="" Tonality="12A" Label="" Mix="">
      <TEMPO Inizio="0.634" Bpm="87.01" Metro="4/4" Battito="2" />
    </TRACK>
    <TRACK TrackID="155196123" Name="Wool Blend Tweed Trousers" Artist="haircuts for men" Composer="" Album="Beats To Listen To While Shopping At The Gap" Grouping="" Genre="Lounge/" Kind="AIFF File" Size="41968680" TotalTime="237" DiscNumber="0" TrackNumber="10" Year="0" AverageBpm="90.00" DateAdded="2025-05-23" BitRate="1411" SampleRate="44100" Comments="4A - 6" PlayCount="0" Rating="0" Location="file://localhost/Users/zachvp/Music/DJ/haircuts%20for%20men%20-%20Beats%20To%20Listen%20To%20While%20Shopping%20At%20The%20Gap%20-%2010%20Wool%20Blend%20Tweed%20Trousers.aiff" Remixer="" Tonality="4A" Label="" Mix="">
      <TEMPO Inizio="0.133" Bpm="90.00" Metro="4/4" Battito="1" />
    </TRACK>
    <TRACK TrackID="108169861" Name="Caja Negra (Original Mix)" Artist="LondonGround" Composer="" Album="Voltaire Music Pres. Choices Vol. 18" Grouping="" Genre="House/Tech/Groove" Kind="AIFF File" Size="69825452" TotalTime="390" DiscNumber="0" TrackNumber="1" Year="2025" AverageBpm="124.00" DateAdded="2025-05-23" BitRate="1411" SampleRate="44100" Comments="6A - 6" PlayCount="0" Rating="0" Location="file://localhost/Users/zachvp/Music/DJ/20298309_Caja_Negra_(Original_Mix).aiff" Remixer="" Tonality="6A" Label="Voltaire Music" Mix="">
      <TEMPO Inizio="0.200" Bpm="124.00" Metro="4/4" Battito="1" />
    </TRACK>
    <TRACK TrackID="243625451" Name="Monike (Original Mix)" Artist="D-Formation" Composer="" Album="Disco Inferno Miami 4.0" Grouping="" Genre="House/Deep/Tech/Jazzy" Kind="AIFF File" Size="99267254" TotalTime="562" DiscNumber="0" TrackNumber="5" Year="2010" AverageBpm="127.00" DateAdded="2025-05-23" BitRate="1411" SampleRate="44100" Comments="4B - 7" PlayCount="0" Rating="0" Location="file://localhost/Users/zachvp/Music/DJ/1461932_Monike_(Original_Mix).aiff" Remixer="" Tonality="4B" Label="Le Bien Et Le Mal Recordings" Mix="">
      <TEMPO Inizio="0.131" Bpm="127.00" Metro="4/4" Battito="1" />
      <TEMPO Inizio="0.604" Bpm="127.00" Metro="4/4" Battito="2" />
      <TEMPO Inizio="344.540" Bpm="127.00" Metro="4/4" Battito="2" />
    </TRACK>
    <TRACK TrackID="82749803" Name="Frequency (Original Mix)" Artist="Jabes uc, Percy Hoef" Composer="" Album="Voltaire Music Pres. Choices Vol. 18" Grouping="" Genre="House/Deep/Tech/" Kind="AIFF File" Size="72375390" TotalTime="404" DiscNumber="0" TrackNumber="6" Year="2025" AverageBpm="128.00" DateAdded="2025-05-23" BitRate="1411" SampleRate="44100" Comments="7A - 6" PlayCount="1" Rating="0" Location="file://localhost/Users/zachvp/Music/DJ/20298314_Frequency_(Original_Mix).aiff" Remixer="" Tonality="7A" Label="Voltaire Music" Mix="">
      <TEMPO Inizio="0.001" Bpm="128.00" Metro="4/4" Battito="1" />
      <POSITION_MARK Name="" Type="0" Start="30.007" Num="-1" />
      <POSITION_MARK Name="" Type="0" Start="284.985" Num="-1" />
    </TRACK>
    <TRACK TrackID="200426940" Name="Go to Mars (Original Mix)" Artist="Nicolas Giordano" Composer="" Album="Take Back" Grouping="" Genre="House/Deep/Tech/Spacey" Kind="AIFF File" Size="71355672" TotalTime="402" DiscNumber="0" TrackNumber="4" Year="2025" AverageBpm="120.00" DateAdded="2025-05-23" BitRate="1411" SampleRate="44100" Comments="5A - 6" PlayCount="0" Rating="0" Location="file://localhost/Users/zachvp/Music/DJ/20299226_Go_to_Mars_(Original_Mix).aiff" Remixer="" Tonality="5A" Label="spclnch" Mix="">
      <TEMPO Inizio="0.001" Bpm="120.00" Metro="4/4" Battito="1" />
      <TEMPO Inizio="2.000" Bpm="120.00" Metro="4/4" Battito="1" />
    </TRACK>
    <TRACK TrackID="252584456" Name="Science (Session Victim Remix)" Artist="Session Victim, MMYYKK" Composer="" Album="10 Years of Rhythm Section International - reimagined" Grouping="" Genre="House/Deep/Tech/Breaks" Kind="AIFF File" Size="62911174" TotalTime="355" DiscNumber="0" TrackNumber="4" Year="2024" AverageBpm="170.00" DateAdded="2025-05-23" BitRate="1411" SampleRate="44100" Comments="12A - 6" PlayCount="1" Rating="0" Location="file://localhost/Users/zachvp/Music/DJ/19612287_Science_(Session_Victim_Remix).aiff" Remixer="" Tonality="12A" Label="Rhythm Section International" Mix="">
      <TEMPO Inizio="0.131" Bpm="170.00" Metro="4/4" Battito="1" />
      <TEMPO Inizio="59.426" Bpm="170.00" Metro="4/4" Battito="1" />
      <POSITION_MARK Name="" Type="0" Start="45.308" Num="-1" />
      <POSITION_MARK Name="" Type="0" Start="135.660" Num="-1" />
      <POSITION_MARK Name="" Type="0" Start="271.178" Num="-1" />
      <POSITION_MARK Name="" Type="0" Start="248.613" Num="-1" />
      <POSITION_MARK Name="" Type="0" Start="282.475" Num="-1" />
    </TRACK>
    <TRACK TrackID="41152285" Name="Athletic Track Pants" Artist="haircuts for men" Composer="" Album="Beats To Listen To While Shopping At The Gap" Grouping="" Genre="Lounge/" Kind="AIFF File" Size="37340190" TotalTime="210" DiscNumber="0" TrackNumber="16" Year="0" AverageBpm="88.00" DateAdded="2025-05-23" BitRate="1411" SampleRate="44100" Comments="5A - 5" PlayCount="0" Rating="0" Location="file://localhost/Users/zachvp/Music/DJ/haircuts%20for%20men%20-%20Beats%20To%20Listen%20To%20While%20Shopping%20At%20The%20Gap%20-%2016%20Athletic%20Track%20Pants.aiff" Remixer="" Tonality="5A" Label="" Mix="">
      <TEMPO Inizio="0.057" Bpm="88.00" Metro="4/4" Battito="1" />
    </TRACK>
    <TRACK TrackID="36903573" Name="Long Sleeve Flannel" Artist="haircuts for men" Composer="" Album="Beats To Listen To While Shopping At The Gap" Grouping="" Genre="Lounge/" Kind="AIFF File" Size="26387482" TotalTime="148" DiscNumber="0" TrackNumber="2" Year="0" AverageBpm="90.01" DateAdded="2025-05-23" BitRate="1411" SampleRate="44100" Comments="7A - 4" PlayCount="0" Rating="0" Location="file://localhost/Users/zachvp/Music/DJ/haircuts%20for%20men%20-%20Beats%20To%20Listen%20To%20While%20Shopping%20At%20The%20Gap%20-%2002%20Long%20Sleeve%20Flannel.aiff" Remixer="" Tonality="7A" Label="" Mix="">
      <TEMPO Inizio="0.267" Bpm="90.01" Metro="4/4" Battito="1" />
    </TRACK>
    <TRACK TrackID="184658442" Name="Lost and Found" Artist="DJ Alistair" Composer="" Album="Lost and Found" Grouping="" Genre="House/Deep/Tech/Jazzy" Kind="AIFF File" Size="66260898" TotalTime="373" DiscNumber="0" TrackNumber="1" Year="2025" AverageBpm="122.00" DateAdded="2025-05-23" BitRate="1411" SampleRate="44100" Comments="12A - 6" PlayCount="1" Rating="0" Location="file://localhost/Users/zachvp/Music/DJ/DJ%20Alistair%20-%20Lost%20and%20Found.aiff" Remixer="" Tonality="12A" Label="" Mix="">
      <TEMPO Inizio="0.246" Bpm="122.00" Metro="4/4" Battito="1" />
      <POSITION_MARK Name="" Type="0" Start="63.194" Num="-1" />
      <POSITION_MARK Name="" Type="0" Start="252.055" Num="-1" />
    </TRACK>
    <TRACK TrackID="90372758" Name="Mg1 (Original Mix)" Artist="Machine Girl" Composer="" Album="Wlfgrl" Grouping="" Genre="Samples" Kind="AIFF File" Size="11495064" TotalTime="46" DiscNumber="0" TrackNumber="1" Year="2014" AverageBpm="156.35" DateAdded="2025-05-23" BitRate="1411" SampleRate="44100" Comments="8A - 4" PlayCount="2" Rating="0" Location="file://localhost/Users/zachvp/Music/DJ/18041493_Mg1_(Original_Mix).aiff" Remixer="" Tonality="8A" Label="Symphonic Distribution" Mix="">
      <TEMPO Inizio="0.273" Bpm="156.35" Metro="4/4" Battito="1" />
    </TRACK>
    <TRACK TrackID="90420508" Name="Last Day (Extended Mix)" Artist="Josh Butler &amp; Chesster" Composer="" Album="Last Day EP" Grouping="" Genre="House/Tech/Groove" Kind="AIFF File" Size="76127372" TotalTime="430" DiscNumber="0" TrackNumber="1" Year="0" AverageBpm="130.00" DateAdded="2025-05-23" BitRate="1411" SampleRate="44100" Comments="9A - 6" PlayCount="1" Rating="0" Location="file://localhost/Users/zachvp/Music/DJ/Josh%20Butler%20%26%20Chesster%20-%20Last%20Day%20EP%20-%2001%20Last%20Day%20(Extended%20Mix).aiff" Remixer="" Tonality="9A" Label="" Mix="">
      <TEMPO Inizio="0.001" Bpm="130.00" Metro="4/4" Battito="1" />
      <POSITION_MARK Name="" Type="0" Start="59.088" Num="-1" />
      <POSITION_MARK Name="" Type="0" Start="310.158" Num="-1" />
    </TRACK>
    <TRACK TrackID="105355486" Name="Bajon" Artist="Al Wootton" Composer="" Album="Rhythm Archives" Grouping="" Genre="House/Deep/Tech/Breaks" Kind="AIFF File" Size="45057436" TotalTime="252" DiscNumber="0" TrackNumber="6" Year="2025" AverageBpm="136.00" DateAdded="2025-05-23" BitRate="1411" SampleRate="44100" Comments="11A - 6" PlayCount="0" Rating="0" Location="file://localhost/Users/zachvp/Music/DJ/Al%20Wootton%20-%20Bajon.aiff" Remixer="" Tonality="11A" Label="" Mix="">
      <TEMPO Inizio="0.048" Bpm="136.00" Metro="4/4" Battito="1" />
      <TEMPO Inizio="0.490" Bpm="136.00" Metro="4/4" Battito="2" />
      <TEMPO Inizio="142.989" Bpm="136.00" Metro="4/4" Battito="1" />
    </TRACK>
    <TRACK TrackID="241255602" Name="Track Pants" Artist="haircuts for men" Composer="" Album="Beats To Listen To While Shopping At The Gap" Grouping="" Genre="Lounge/" Kind="AIFF File" Size="32932876" TotalTime="185" DiscNumber="0" TrackNumber="15" Year="0" AverageBpm="90.52" DateAdded="2025-05-23" BitRate="1411" SampleRate="44100" Comments="4A - 5" PlayCount="0" Rating="0" Location="file://localhost/Users/zachvp/Music/DJ/haircuts%20for%20men%20-%20Beats%20To%20Listen%20To%20While%20Shopping%20At%20The%20Gap%20-%2015%20Track%20Pants.aiff" Remixer="" Tonality="4A" Label="" Mix="">
      <TEMPO Inizio="0.606" Bpm="90.52" Metro="4/4" Battito="2" />
    </TRACK>
    <TRACK TrackID="41058755" Name="POLYONE" Artist="Polyfan Polyphenix" Composer="" Album="EWXD005" Grouping="" Genre="House/Deep/Tech/Breaks" Kind="AIFF File" Size="76803674" TotalTime="434" DiscNumber="0" TrackNumber="1" Year="2025" AverageBpm="125.00" DateAdded="2025-05-23" BitRate="1411" SampleRate="44100" Comments="7A - 6" PlayCount="0" Rating="0" Location="file://localhost/Users/zachvp/Music/DJ/Polyfan%20Polyphenix%20-%20POLYONE.aiff" Remixer="" Tonality="7A" Label="" Mix="">
      <TEMPO Inizio="0.130" Bpm="125.00" Metro="4/4" Battito="4" />
    </TRACK>
    <TRACK TrackID="163029257" Name="Corduroy Skirt" Artist="haircuts for men" Composer="" Album="Beats To Listen To While Shopping At The Gap" Grouping="" Genre="Lounge/" Kind="AIFF File" Size="34178064" TotalTime="192" DiscNumber="0" TrackNumber="9" Year="0" AverageBpm="90.00" DateAdded="2025-05-23" BitRate="1411" SampleRate="44100" Comments="5A - 4" PlayCount="0" Rating="0" Location="file://localhost/Users/zachvp/Music/DJ/haircuts%20for%20men%20-%20Beats%20To%20Listen%20To%20While%20Shopping%20At%20The%20Gap%20-%2009%20Corduroy%20Skirt.aiff" Remixer="" Tonality="5A" Label="" Mix="">
      <TEMPO Inizio="0.626" Bpm="90.00" Metro="4/4" Battito="2" />
    </TRACK>
    <TRACK TrackID="63476760" Name="Denim Jeans" Artist="haircuts for men" Composer="" Album="Beats To Listen To While Shopping At The Gap" Grouping="" Genre="Lounge/" Kind="AIFF File" Size="41853962" TotalTime="236" DiscNumber="0" TrackNumber="8" Year="0" AverageBpm="86.00" DateAdded="2025-05-23" BitRate="1411" SampleRate="44100" Comments="8A - 4" PlayCount="0" Rating="0" Location="file://localhost/Users/zachvp/Music/DJ/haircuts%20for%20men%20-%20Beats%20To%20Listen%20To%20While%20Shopping%20At%20The%20Gap%20-%2008%20Denim%20Jeans.aiff" Remixer="" Tonality="8A" Label="" Mix="">
      <TEMPO Inizio="0.640" Bpm="86.00" Metro="4/4" Battito="2" />
    </TRACK>
    <TRACK TrackID="201926132" Name="Windbreaker Jacket" Artist="haircuts for men" Composer="" Album="Beats To Listen To While Shopping At The Gap" Grouping="" Genre="Lounge/" Kind="AIFF File" Size="38241304" TotalTime="215" DiscNumber="0" TrackNumber="7" Year="0" AverageBpm="90.00" DateAdded="2025-05-23" BitRate="1411" SampleRate="44100" Comments="10A - 4" PlayCount="0" Rating="0" Location="file://localhost/Users/zachvp/Music/DJ/haircuts%20for%20men%20-%20Beats%20To%20Listen%20To%20While%20Shopping%20At%20The%20Gap%20-%2007%20Windbreaker%20Jacket.aiff" Remixer="" Tonality="10A" Label="" Mix="">
      <TEMPO Inizio="0.655" Bpm="90.00" Metro="4/4" Battito="2" />
    </TRACK>
    <TRACK TrackID="169605299" Name="Shuffle" Artist="Al Wootton" Composer="" Album="Rhythm Archives" Grouping="" Genre="House/Deep/Tech/Breaks" Kind="AIFF File" Size="36086912" TotalTime="201" DiscNumber="0" TrackNumber="5" Year="2025" AverageBpm="154.98" DateAdded="2025-05-23" BitRate="1411" SampleRate="44100" Comments="9A - 4" PlayCount="2" Rating="0" Location="file://localhost/Users/zachvp/Music/DJ/Al%20Wootton%20-%20Shuffle.aiff" Remixer="" Tonality="9A" Label="" Mix="">
      <TEMPO Inizio="0.060" Bpm="154.98" Metro="4/4" Battito="1" />
      <TEMPO Inizio="3.932" Bpm="154.98" Metro="4/4" Battito="3" />
      <TEMPO Inizio="23.677" Bpm="154.98" Metro="4/4" Battito="2" />
      <TEMPO Inizio="43.422" Bpm="154.98" Metro="4/4" Battito="1" />
      <TEMPO Inizio="63.167" Bpm="154.98" Metro="4/4" Battito="4" />
      <TEMPO Inizio="82.912" Bpm="154.98" Metro="4/4" Battito="3" />
      <TEMPO Inizio="102.657" Bpm="154.98" Metro="4/4" Battito="2" />
      <TEMPO Inizio="122.402" Bpm="154.98" Metro="4/4" Battito="1" />
      <TEMPO Inizio="142.147" Bpm="154.98" Metro="4/4" Battito="4" />
      <TEMPO Inizio="161.892" Bpm="154.98" Metro="4/4" Battito="3" />
      <TEMPO Inizio="181.637" Bpm="154.98" Metro="4/4" Battito="2" />
      <TEMPO Inizio="201.382" Bpm="154.98" Metro="4/4" Battito="1" />
      <POSITION_MARK Name="" Type="0" Start="0.058" Num="-1" />
      <POSITION_MARK Name="" Type="0" Start="37.232" Num="-1" />
    </TRACK>
    <TRACK TrackID="72999258" Name="Matrix Bassline" Artist="Ernesto Barbaro / Alex Cavallaro" Composer="" Album="HWXD018" Grouping="" Genre="House/Deep/Tech/" Kind="AIFF File" Size="56651544" TotalTime="320" DiscNumber="0" TrackNumber="2" Year="0" AverageBpm="124.00" DateAdded="2025-05-23" BitRate="1411" SampleRate="44100" Comments="2A - 6" PlayCount="0" Rating="0" Location="file://localhost/Users/zachvp/Music/DJ/Ernesto%20Barbaro%20-%20Alex%20Cavallaro%20-%20Matrix%20Bassline.aiff" Remixer="" Tonality="2A" Label="" Mix="">
      <TEMPO Inizio="0.018" Bpm="124.00" Metro="4/4" Battito="2" />
    </TRACK>
    <TRACK TrackID="15331913" Name="Heart And Soul" Artist="Raho" Composer="" Album="Rain EP" Grouping="" Genre="House/Techno/" Kind="AIFF File" Size="63404692" TotalTime="358" DiscNumber="0" TrackNumber="1" Year="0" AverageBpm="140.00" DateAdded="2025-05-23" BitRate="1411" SampleRate="44100" Comments="8A - 7" PlayCount="0" Rating="0" Location="file://localhost/Users/zachvp/Music/DJ/Raho%20-%20Heart%20And%20Soul.aiff" Remixer="" Tonality="8A" Label="" Mix="">
      <TEMPO Inizio="0.238" Bpm="140.00" Metro="4/4" Battito="4" />
    </TRACK>
    <TRACK TrackID="93033958" Name="From Beyond" Artist="Fred P" Composer="" Album="Inner Trajectory" Grouping="" Genre="Lounge/Ambient" Kind="AIFF File" Size="40110500" TotalTime="226" DiscNumber="0" TrackNumber="2" Year="0" AverageBpm="80.91" DateAdded="2025-05-23" BitRate="1411" SampleRate="44100" Comments="5A - 1" PlayCount="0" Rating="0" Location="file://localhost/Users/zachvp/Music/DJ/Fred%20P%20-%20From%20Beyond.aiff" Remixer="" Tonality="5A" Label="" Mix="">
      <TEMPO Inizio="0.079" Bpm="80.91" Metro="4/4" Battito="1" />
    </TRACK>
    <TRACK TrackID="251734333" Name="Something Unique feat. Zoot Woman (Johannes Albert Italo Mix)" Artist="Iron Curtis &amp; Johannes Albert" Composer="" Album="The J.A. Remix Collection" Grouping="" Genre="House/Tech/Indie/Retro" Kind="AIFF File" Size="56360842" TotalTime="319" DiscNumber="0" TrackNumber="10" Year="0" AverageBpm="123.00" DateAdded="2025-05-23" BitRate="1411" SampleRate="44100" Comments="5A - 6" PlayCount="0" Rating="0" Location="file://localhost/Users/zachvp/Music/DJ/Iron%20Curtis%20%26%20Johannes%20Albert%20-%20Something%20Unique%20feat.%20Zoot%20Woman%20(Johannes%20Albert%20Italo%20Mix).aiff" Remixer="" Tonality="5A" Label="" Mix="">
      <TEMPO Inizio="0.200" Bpm="123.00" Metro="4/4" Battito="1" />
      <POSITION_MARK Name="" Type="0" Start="281.175" Num="-1" />
      <POSITION_MARK Name="" Type="0" Start="62.641" Num="-1" />
    </TRACK>
    <TRACK TrackID="194295212" Name="Anorak Hooded Pullover" Artist="haircuts for men" Composer="" Album="Beats To Listen To While Shopping At The Gap" Grouping="" Genre="Lounge/" Kind="AIFF File" Size="33743166" TotalTime="190" DiscNumber="0" TrackNumber="1" Year="0" AverageBpm="91.00" DateAdded="2025-05-23" BitRate="1411" SampleRate="44100" Comments="5A - 4" PlayCount="0" Rating="0" Location="file://localhost/Users/zachvp/Music/DJ/haircuts%20for%20men%20-%20Anorak%20Hooded%20Pullover.aiff" Remixer="" Tonality="5A" Label="" Mix="">
      <TEMPO Inizio="0.652" Bpm="91.00" Metro="4/4" Battito="1" />
      <TEMPO Inizio="1.312" Bpm="91.00" Metro="4/4" Battito="2" />
      <TEMPO Inizio="36.917" Bpm="91.00" Metro="4/4" Battito="4" />
      <TEMPO Inizio="105.489" Bpm="91.00" Metro="4/4" Battito="4" />
      <TEMPO Inizio="176.039" Bpm="91.00" Metro="4/4" Battito="3" />
    </TRACK>
    <TRACK TrackID="63128191" Name="A Night Like This (Richie Hawtin`s A Night Like That Remix)" Artist="Steve Bug" Composer="" Album="A Night Like This Remixes" Grouping="" Genre="House/Deep/Tech/" Kind="AIFF File" Size="103792530" TotalTime="587" DiscNumber="0" TrackNumber="1" Year="0" AverageBpm="124.00" DateAdded="2025-05-23" BitRate="1411" SampleRate="44100" Comments="9A - 6" PlayCount="0" Rating="0" Location="file://localhost/Users/zachvp/Music/DJ/Steve%20Bug%20-%20A%20Night%20Like%20This%20(Richie%20Hawtin%60s%20A%20Night%20Like%20That%20Remix).aiff" Remixer="" Tonality="9A" Label="" Mix="">
      <TEMPO Inizio="0.066" Bpm="124.00" Metro="4/4" Battito="2" />
    </TRACK>
    <TRACK TrackID="12532510" Name="Identification Unknown (Johannes Albert DJ Edit)" Artist="Kayroy" Composer="" Album="The J.A. Remix Collection" Grouping="" Genre="House/Tech/Indie/Retro" Kind="AIFF File" Size="66889520" TotalTime="378" DiscNumber="0" TrackNumber="9" Year="0" AverageBpm="120.00" DateAdded="2025-05-23" BitRate="1411" SampleRate="44100" Comments="5A - 6" PlayCount="0" Rating="0" Location="file://localhost/Users/zachvp/Music/DJ/Kayroy%20-%20Identification%20Unknown%20(Johannes%20Albert%20DJ%20Edit).aiff" Remixer="" Tonality="5A" Label="" Mix="">
      <TEMPO Inizio="0.102" Bpm="120.00" Metro="4/4" Battito="1" />
      <POSITION_MARK Name="" Type="0" Start="32.106" Num="-1" />
      <POSITION_MARK Name="" Type="0" Start="272.111" Num="-1" />
      <POSITION_MARK Name="" Type="0" Start="320.102" Num="-1" />
    </TRACK>
    <TRACK TrackID="136115622" Name="The Wall (Saeed &amp; Palash Remix) New Digital Master" Artist="SAEED YOUNAN" Composer="" Album="Puncher The Wall (Saeed &amp; Palash Remix) [New Digital Master]" Grouping="" Genre="House/Tech/Groove" Kind="AIFF File" Size="105753580" TotalTime="598" DiscNumber="0" TrackNumber="1" Year="0" AverageBpm="129.00" DateAdded="2025-05-23" BitRate="1411" SampleRate="44100" Comments="3A - 6" PlayCount="1" Rating="0" Location="file://localhost/Users/zachvp/Music/DJ/SAEED%20YOUNAN%20-%20The%20Wall%20(Saeed%20%26%20Palash%20Remix)%20New%20Digital%20Master.aiff" Remixer="" Tonality="3A" Label="" Mix="">
      <TEMPO Inizio="0.102" Bpm="129.00" Metro="4/4" Battito="3" />
      <TEMPO Inizio="49.870" Bpm="129.00" Metro="4/4" Battito="2" />
      <TEMPO Inizio="219.638" Bpm="129.00" Metro="4/4" Battito="3" />
      <TEMPO Inizio="381.499" Bpm="129.00" Metro="4/4" Battito="3" />
      <TEMPO Inizio="535.453" Bpm="129.00" Metro="4/4" Battito="2" />
      <POSITION_MARK Name="" Type="0" Start="60.572" Num="-1" />
      <POSITION_MARK Name="" Type="0" Start="343.351" Num="-1" />
      <POSITION_MARK Name="" Type="0" Start="402.879" Num="-1" />
      <POSITION_MARK Name="" Type="0" Start="432.650" Num="-1" />
    </TRACK>
    <TRACK TrackID="252101182" Name="WILLOW TREE PARK" Artist="MoMA Ready" Composer="" Album="MR002" Grouping="" Genre="House/Deep/Tech/Spacey" Kind="AIFF File" Size="69863824" TotalTime="395" DiscNumber="0" TrackNumber="1" Year="0" AverageBpm="136.00" DateAdded="2025-05-23" BitRate="1411" SampleRate="44100" Comments="6A - 6" PlayCount="0" Rating="0" Location="file://localhost/Users/zachvp/Music/DJ/MoMA%20Ready%20-%20WILLOW%20TREE%20PARK.aiff" Remixer="" Tonality="6A" Label="" Mix="">
      <TEMPO Inizio="0.002" Bpm="136.00" Metro="4/4" Battito="1" />
      <TEMPO Inizio="317.648" Bpm="136.00" Metro="4/4" Battito="1" />
    </TRACK>
    <TRACK TrackID="233464304" Name="Stillness" Artist="State Azure" Composer="" Album="Stillness" Grouping="" Genre="Lounge/Ambient" Kind="AIFF File" Size="1104320996" TotalTime="6259" DiscNumber="0" TrackNumber="1" Year="0" AverageBpm="149.53" DateAdded="2025-05-23" BitRate="1411" SampleRate="44100" Comments="Visit https://stateazure.bandcamp.com" PlayCount="0" Rating="0" Location="file://localhost/Users/zachvp/Music/DJ/State%20Azure%20-%20Stillness.aiff" Remixer="" Tonality="" Label="" Mix="">
      <TEMPO Inizio="0.315" Bpm="149.53" Metro="4/4" Battito="3" />
      <TEMPO Inizio="28.402" Bpm="149.53" Metro="4/4" Battito="1" />
      <TEMPO Inizio="67.724" Bpm="149.53" Metro="4/4" Battito="3" />
      <TEMPO Inizio="109.855" Bpm="149.53" Metro="4/4" Battito="4" />
      <TEMPO Inizio="137.942" Bpm="149.53" Metro="4/4" Battito="2" />
      <TEMPO Inizio="180.073" Bpm="149.53" Metro="4/4" Battito="3" />
      <TEMPO Inizio="208.160" Bpm="149.53" Metro="4/4" Battito="1" />
      <TEMPO Inizio="247.482" Bpm="149.53" Metro="4/4" Battito="3" />
      <TEMPO Inizio="289.613" Bpm="149.53" Metro="4/4" Battito="4" />
      <TEMPO Inizio="317.700" Bpm="149.53" Metro="4/4" Battito="2" />
      <TEMPO Inizio="359.831" Bpm="149.53" Metro="4/4" Battito="3" />
      <TEMPO Inizio="387.918" Bpm="149.53" Metro="4/4" Battito="1" />
      <TEMPO Inizio="428.845" Bpm="149.53" Metro="4/4" Battito="3" />
      <TEMPO Inizio="468.167" Bpm="149.53" Metro="4/4" Battito="1" />
      <TEMPO Inizio="510.298" Bpm="149.53" Metro="4/4" Battito="2" />
      <TEMPO Inizio="538.385" Bpm="149.53" Metro="4/4" Battito="4" />
      <TEMPO Inizio="580.516" Bpm="149.53" Metro="4/4" Battito="1" />
      <TEMPO Inizio="608.603" Bpm="149.53" Metro="4/4" Battito="3" />
      <TEMPO Inizio="647.925" Bpm="149.53" Metro="4/4" Battito="1" />
      <TEMPO Inizio="690.056" Bpm="149.53" Metro="4/4" Battito="2" />
      <TEMPO Inizio="718.143" Bpm="149.53" Metro="4/4" Battito="4" />
      <TEMPO Inizio="760.274" Bpm="149.53" Metro="4/4" Battito="1" />
      <TEMPO Inizio="788.361" Bpm="149.53" Metro="4/4" Battito="3" />
      <TEMPO Inizio="827.683" Bpm="149.53" Metro="4/4" Battito="1" />
      <TEMPO Inizio="869.814" Bpm="149.53" Metro="4/4" Battito="2" />
      <TEMPO Inizio="897.901" Bpm="149.53" Metro="4/4" Battito="4" />
      <TEMPO Inizio="940.032" Bpm="149.53" Metro="4/4" Battito="1" />
      <TEMPO Inizio="968.119" Bpm="149.53" Metro="4/4" Battito="3" />
      <TEMPO Inizio="1009.046" Bpm="149.53" Metro="4/4" Battito="1" />
      <TEMPO Inizio="1048.368" Bpm="149.53" Metro="4/4" Battito="3" />
      <TEMPO Inizio="1090.499" Bpm="149.53" Metro="4/4" Battito="4" />
      <TEMPO Inizio="1120.191" Bpm="149.53" Metro="4/4" Battito="2" />
      <TEMPO Inizio="1162.723" Bpm="149.53" Metro="4/4" Battito="4" />
      <TEMPO Inizio="1204.854" Bpm="149.53" Metro="4/4" Battito="1" />
      <TEMPO Inizio="1232.941" Bpm="149.53" Metro="4/4" Battito="3" />
      <TEMPO Inizio="1275.072" Bpm="149.53" Metro="4/4" Battito="4" />
      <TEMPO Inizio="1303.159" Bpm="149.53" Metro="4/4" Battito="2" />
      <TEMPO Inizio="1344.086" Bpm="149.53" Metro="4/4" Battito="4" />
      <TEMPO Inizio="1383.408" Bpm="149.53" Metro="4/4" Battito="2" />
      <TEMPO Inizio="1425.539" Bpm="149.53" Metro="4/4" Battito="3" />
      <TEMPO Inizio="1453.626" Bpm="149.53" Metro="4/4" Battito="1" />
      <TEMPO Inizio="1495.757" Bpm="149.53" Metro="4/4" Battito="2" />
      <TEMPO Inizio="1523.844" Bpm="149.53" Metro="4/4" Battito="4" />
      <TEMPO Inizio="1563.166" Bpm="149.53" Metro="4/4" Battito="2" />
      <TEMPO Inizio="1605.297" Bpm="149.53" Metro="4/4" Battito="3" />
      <TEMPO Inizio="1633.384" Bpm="149.53" Metro="4/4" Battito="1" />
      <TEMPO Inizio="1675.515" Bpm="149.53" Metro="4/4" Battito="2" />
      <TEMPO Inizio="1703.602" Bpm="149.53" Metro="4/4" Battito="4" />
      <TEMPO Inizio="1742.924" Bpm="149.53" Metro="4/4" Battito="2" />
      <TEMPO Inizio="1785.055" Bpm="149.53" Metro="4/4" Battito="3" />
      <TEMPO Inizio="1813.142" Bpm="149.53" Metro="4/4" Battito="1" />
      <TEMPO Inizio="1855.273" Bpm="149.53" Metro="4/4" Battito="2" />
      <TEMPO Inizio="1883.360" Bpm="149.53" Metro="4/4" Battito="4" />
      <TEMPO Inizio="1922.682" Bpm="149.53" Metro="4/4" Battito="2" />
      <TEMPO Inizio="1963.609" Bpm="149.53" Metro="4/4" Battito="4" />
      <TEMPO Inizio="2005.740" Bpm="149.53" Metro="4/4" Battito="1" />
      <TEMPO Inizio="2035.432" Bpm="149.53" Metro="4/4" Battito="3" />
      <TEMPO Inizio="2077.964" Bpm="149.53" Metro="4/4" Battito="1" />
      <TEMPO Inizio="2120.095" Bpm="149.53" Metro="4/4" Battito="2" />
      <TEMPO Inizio="2148.182" Bpm="149.53" Metro="4/4" Battito="4" />
      <TEMPO Inizio="2190.313" Bpm="149.53" Metro="4/4" Battito="1" />
      <TEMPO Inizio="2218.400" Bpm="149.53" Metro="4/4" Battito="3" />
      <TEMPO Inizio="2257.722" Bpm="149.53" Metro="4/4" Battito="1" />
      <TEMPO Inizio="2298.649" Bpm="149.53" Metro="4/4" Battito="3" />
      <TEMPO Inizio="2340.780" Bpm="149.53" Metro="4/4" Battito="4" />
      <TEMPO Inizio="2368.867" Bpm="149.53" Metro="4/4" Battito="2" />
      <TEMPO Inizio="2410.998" Bpm="149.53" Metro="4/4" Battito="3" />
      <TEMPO Inizio="2439.085" Bpm="149.53" Metro="4/4" Battito="1" />
      <TEMPO Inizio="2476.802" Bpm="149.53" Metro="4/4" Battito="3" />
      <TEMPO Inizio="2518.933" Bpm="149.53" Metro="4/4" Battito="4" />
      <TEMPO Inizio="2547.020" Bpm="149.53" Metro="4/4" Battito="2" />
      <TEMPO Inizio="2589.151" Bpm="149.53" Metro="4/4" Battito="3" />
      <TEMPO Inizio="2617.238" Bpm="149.53" Metro="4/4" Battito="1" />
      <TEMPO Inizio="2658.165" Bpm="149.53" Metro="4/4" Battito="3" />
      <TEMPO Inizio="2700.296" Bpm="149.53" Metro="4/4" Battito="4" />
      <TEMPO Inizio="2728.383" Bpm="149.53" Metro="4/4" Battito="2" />
      <TEMPO Inizio="2770.514" Bpm="149.53" Metro="4/4" Battito="3" />
      <TEMPO Inizio="2798.601" Bpm="149.53" Metro="4/4" Battito="1" />
      <TEMPO Inizio="2837.923" Bpm="149.53" Metro="4/4" Battito="3" />
      <TEMPO Inizio="2878.850" Bpm="149.53" Metro="4/4" Battito="1" />
      <TEMPO Inizio="2920.981" Bpm="149.53" Metro="4/4" Battito="2" />
      <TEMPO Inizio="2950.673" Bpm="149.53" Metro="4/4" Battito="4" />
      <TEMPO Inizio="2993.205" Bpm="149.53" Metro="4/4" Battito="2" />
      <TEMPO Inizio="3035.336" Bpm="149.53" Metro="4/4" Battito="3" />
      <TEMPO Inizio="3063.423" Bpm="149.53" Metro="4/4" Battito="1" />
      <TEMPO Inizio="3105.554" Bpm="149.53" Metro="4/4" Battito="2" />
      <TEMPO Inizio="3133.641" Bpm="149.53" Metro="4/4" Battito="4" />
      <TEMPO Inizio="3172.963" Bpm="149.53" Metro="4/4" Battito="2" />
      <TEMPO Inizio="3213.890" Bpm="149.53" Metro="4/4" Battito="4" />
      <TEMPO Inizio="3256.021" Bpm="149.53" Metro="4/4" Battito="1" />
      <TEMPO Inizio="3284.108" Bpm="149.53" Metro="4/4" Battito="3" />
      <TEMPO Inizio="3326.239" Bpm="149.53" Metro="4/4" Battito="4" />
      <TEMPO Inizio="3354.326" Bpm="149.53" Metro="4/4" Battito="2" />
      <TEMPO Inizio="3392.043" Bpm="149.53" Metro="4/4" Battito="4" />
      <TEMPO Inizio="3434.174" Bpm="149.53" Metro="4/4" Battito="1" />
      <TEMPO Inizio="3462.261" Bpm="149.53" Metro="4/4" Battito="3" />
      <TEMPO Inizio="3504.392" Bpm="149.53" Metro="4/4" Battito="4" />
      <TEMPO Inizio="3532.479" Bpm="149.53" Metro="4/4" Battito="2" />
      <TEMPO Inizio="3573.406" Bpm="149.53" Metro="4/4" Battito="4" />
      <TEMPO Inizio="3615.537" Bpm="149.53" Metro="4/4" Battito="1" />
      <TEMPO Inizio="3643.624" Bpm="149.53" Metro="4/4" Battito="3" />
      <TEMPO Inizio="3685.755" Bpm="149.53" Metro="4/4" Battito="4" />
      <TEMPO Inizio="3713.842" Bpm="149.53" Metro="4/4" Battito="2" />
      <TEMPO Inizio="3753.164" Bpm="149.53" Metro="4/4" Battito="4" />
      <TEMPO Inizio="3794.091" Bpm="149.53" Metro="4/4" Battito="2" />
      <TEMPO Inizio="3836.222" Bpm="149.53" Metro="4/4" Battito="3" />
      <TEMPO Inizio="3865.914" Bpm="149.53" Metro="4/4" Battito="1" />
      <TEMPO Inizio="3908.446" Bpm="149.53" Metro="4/4" Battito="3" />
      <TEMPO Inizio="3950.577" Bpm="149.53" Metro="4/4" Battito="4" />
      <TEMPO Inizio="3978.664" Bpm="149.53" Metro="4/4" Battito="2" />
      <TEMPO Inizio="4020.795" Bpm="149.53" Metro="4/4" Battito="3" />
      <TEMPO Inizio="4048.882" Bpm="149.53" Metro="4/4" Battito="1" />
      <TEMPO Inizio="4088.204" Bpm="149.53" Metro="4/4" Battito="3" />
      <TEMPO Inizio="4129.131" Bpm="149.53" Metro="4/4" Battito="1" />
      <TEMPO Inizio="4171.262" Bpm="149.53" Metro="4/4" Battito="2" />
      <TEMPO Inizio="4199.349" Bpm="149.53" Metro="4/4" Battito="4" />
      <TEMPO Inizio="4241.480" Bpm="149.53" Metro="4/4" Battito="1" />
      <TEMPO Inizio="4269.567" Bpm="149.53" Metro="4/4" Battito="3" />
      <TEMPO Inizio="4307.284" Bpm="149.53" Metro="4/4" Battito="1" />
      <TEMPO Inizio="4349.415" Bpm="149.53" Metro="4/4" Battito="2" />
      <TEMPO Inizio="4377.502" Bpm="149.53" Metro="4/4" Battito="4" />
      <TEMPO Inizio="4419.633" Bpm="149.53" Metro="4/4" Battito="1" />
      <TEMPO Inizio="4447.720" Bpm="149.53" Metro="4/4" Battito="3" />
      <TEMPO Inizio="4487.042" Bpm="149.53" Metro="4/4" Battito="1" />
      <TEMPO Inizio="4529.173" Bpm="149.53" Metro="4/4" Battito="2" />
      <TEMPO Inizio="4557.260" Bpm="149.53" Metro="4/4" Battito="4" />
      <TEMPO Inizio="4599.391" Bpm="149.53" Metro="4/4" Battito="1" />
      <TEMPO Inizio="4627.478" Bpm="149.53" Metro="4/4" Battito="3" />
      <TEMPO Inizio="4668.405" Bpm="149.53" Metro="4/4" Battito="1" />
      <TEMPO Inizio="4709.332" Bpm="149.53" Metro="4/4" Battito="3" />
      <TEMPO Inizio="4751.463" Bpm="149.53" Metro="4/4" Battito="4" />
      <TEMPO Inizio="4781.155" Bpm="149.53" Metro="4/4" Battito="2" />
      <TEMPO Inizio="4822.082" Bpm="149.53" Metro="4/4" Battito="4" />
      <TEMPO Inizio="4864.213" Bpm="149.53" Metro="4/4" Battito="1" />
      <TEMPO Inizio="4892.300" Bpm="149.53" Metro="4/4" Battito="3" />
      <TEMPO Inizio="4934.431" Bpm="149.53" Metro="4/4" Battito="4" />
      <TEMPO Inizio="4962.518" Bpm="149.53" Metro="4/4" Battito="2" />
      <TEMPO Inizio="5003.445" Bpm="149.53" Metro="4/4" Battito="4" />
      <TEMPO Inizio="5044.372" Bpm="149.53" Metro="4/4" Battito="2" />
      <TEMPO Inizio="5086.503" Bpm="149.53" Metro="4/4" Battito="3" />
      <TEMPO Inizio="5114.590" Bpm="149.53" Metro="4/4" Battito="1" />
      <TEMPO Inizio="5157.122" Bpm="149.53" Metro="4/4" Battito="3" />
      <TEMPO Inizio="5199.253" Bpm="149.53" Metro="4/4" Battito="4" />
      <TEMPO Inizio="5227.340" Bpm="149.53" Metro="4/4" Battito="2" />
      <TEMPO Inizio="5269.471" Bpm="149.53" Metro="4/4" Battito="3" />
      <TEMPO Inizio="5297.558" Bpm="149.53" Metro="4/4" Battito="1" />
      <TEMPO Inizio="5338.485" Bpm="149.53" Metro="4/4" Battito="3" />
      <TEMPO Inizio="5377.807" Bpm="149.53" Metro="4/4" Battito="1" />
      <TEMPO Inizio="5419.938" Bpm="149.53" Metro="4/4" Battito="2" />
      <TEMPO Inizio="5449.630" Bpm="149.53" Metro="4/4" Battito="4" />
      <TEMPO Inizio="5492.162" Bpm="149.53" Metro="4/4" Battito="2" />
      <TEMPO Inizio="5534.293" Bpm="149.53" Metro="4/4" Battito="3" />
      <TEMPO Inizio="5562.380" Bpm="149.53" Metro="4/4" Battito="1" />
      <TEMPO Inizio="5604.511" Bpm="149.53" Metro="4/4" Battito="2" />
      <TEMPO Inizio="5632.598" Bpm="149.53" Metro="4/4" Battito="4" />
      <TEMPO Inizio="5673.525" Bpm="149.53" Metro="4/4" Battito="2" />
      <TEMPO Inizio="5712.847" Bpm="149.53" Metro="4/4" Battito="4" />
      <TEMPO Inizio="5754.978" Bpm="149.53" Metro="4/4" Battito="1" />
      <TEMPO Inizio="5784.670" Bpm="149.53" Metro="4/4" Battito="3" />
      <TEMPO Inizio="5827.202" Bpm="149.53" Metro="4/4" Battito="1" />
      <TEMPO Inizio="5869.333" Bpm="149.53" Metro="4/4" Battito="2" />
      <TEMPO Inizio="5897.420" Bpm="149.53" Metro="4/4" Battito="4" />
      <TEMPO Inizio="5939.551" Bpm="149.53" Metro="4/4" Battito="1" />
      <TEMPO Inizio="5967.638" Bpm="149.53" Metro="4/4" Battito="3" />
      <TEMPO Inizio="6008.565" Bpm="149.53" Metro="4/4" Battito="1" />
      <TEMPO Inizio="6046.282" Bpm="149.53" Metro="4/4" Battito="3" />
      <TEMPO Inizio="6088.413" Bpm="149.53" Metro="4/4" Battito="4" />
      <TEMPO Inizio="6118.105" Bpm="149.53" Metro="4/4" Battito="2" />
      <TEMPO Inizio="6160.236" Bpm="149.53" Metro="4/4" Battito="3" />
      <TEMPO Inizio="6188.323" Bpm="149.53" Metro="4/4" Battito="1" />
      <TEMPO Inizio="6227.645" Bpm="149.53" Metro="4/4" Battito="3" />
    </TRACK>
    <TRACK TrackID="41027297" Name="Been A Long Trip (CC:DISCO! Remix)" Artist="Schiela" Composer="" Album="Who We Are" Grouping="" Genre="House/Tech/Indie/" Kind="AIFF File" Size="62813004" TotalTime="352" DiscNumber="0" TrackNumber="5" Year="2025" AverageBpm="130.00" DateAdded="2025-05-29" BitRate="1411" SampleRate="44100" Comments="3A - 6" PlayCount="1" Rating="0" Location="file://localhost/Users/zachvp/Music/DJ/20393559_Been_A_Long_Trip_(CC_DISCO!_Remix).aiff" Remixer="" Tonality="3A" Label="Correspondant" Mix="">
      <TEMPO Inizio="0.215" Bpm="130.00" Metro="4/4" Battito="2" />
      <POSITION_MARK Name="" Type="0" Start="75.446" Num="-1" />
      <POSITION_MARK Name="" Type="0" Start="248.988" Num="-1" />
      <POSITION_MARK Name="" Type="0" Start="308.058" Num="-1" />
    </TRACK>
    <TRACK TrackID="148139865" Name="100system (Original Mix)" Artist="Traumer" Composer="" Album="Elements : Traumer" Grouping="" Genre="House/Deep/Tech/" Kind="AIFF File" Size="71944790" TotalTime="400" DiscNumber="0" TrackNumber="5" Year="2023" AverageBpm="128.00" DateAdded="2025-05-29" BitRate="1411" SampleRate="44100" Comments="5A - 5" PlayCount="2" Rating="0" Location="file://localhost/Users/zachvp/Music/DJ/17435794_100system_(Original_Mix).aiff" Remixer="" Tonality="5A" Label="Berg Audio" Mix="">
      <TEMPO Inizio="0.027" Bpm="128.00" Metro="4/4" Battito="1" />
      <POSITION_MARK Name="" Type="0" Start="105.031" Num="-1" />
      <POSITION_MARK Name="" Type="0" Start="300.040" Num="-1" />
      <POSITION_MARK Name="" Type="0" Start="90.010" Num="-1" />
    </TRACK>
    <TRACK TrackID="120117264" Name="Timed Request (Original Mix)" Artist="Reflux." Composer="" Album="Nothing But... Deep &amp; Minimal Essentials, Vol. 29" Grouping="" Genre="House/Deep/Tech/" Kind="AIFF File" Size="64352914" TotalTime="356" DiscNumber="0" TrackNumber="12" Year="2025" AverageBpm="132.00" DateAdded="2025-05-29" BitRate="1411" SampleRate="44100" Comments="7A - 7" PlayCount="1" Rating="0" Location="file://localhost/Users/zachvp/Music/DJ/20474306_Timed_Request_(Original_Mix).aiff" Remixer="" Tonality="7A" Label="Nothing But" Mix="">
      <TEMPO Inizio="0.003" Bpm="132.00" Metro="4/4" Battito="1" />
      <POSITION_MARK Name="" Type="0" Start="29.100" Num="-1" />
      <POSITION_MARK Name="" Type="0" Start="232.722" Num="-1" />
      <POSITION_MARK Name="" Type="0" Start="276.384" Num="-1" />
      <POSITION_MARK Name="" Type="0" Start="290.930" Num="-1" />
    </TRACK>
    <TRACK TrackID="27350389" Name="Sunshine City (Original Mix)" Artist="Tuccillo" Composer="" Album="Sunshine City" Grouping="" Genre="House/Deep/Tech/Jazzy" Kind="AIFF File" Size="66758496" TotalTime="376" DiscNumber="0" TrackNumber="1" Year="2023" AverageBpm="123.00" DateAdded="2025-05-29" BitRate="1411" SampleRate="44100" Comments="4A - 6" PlayCount="0" Rating="0" Location="file://localhost/Users/zachvp/Music/DJ/17239280_Sunshine_City_(Original_Mix).aiff" Remixer="" Tonality="4A" Label="Nu Groove Records" Mix="">
      <TEMPO Inizio="0.024" Bpm="123.00" Metro="4/4" Battito="1" />
    </TRACK>
    <TRACK TrackID="94724437" Name="12 O.C Riddim (Original Mix)" Artist="M-High" Composer="" Album="Lost In Translation EP" Grouping="" Genre="House/Deep/Tech/Jazzy" Kind="AIFF File" Size="74376472" TotalTime="420" DiscNumber="0" TrackNumber="1" Year="2023" AverageBpm="129.00" DateAdded="2025-05-29" BitRate="1411" SampleRate="44100" Comments="11A - 6" PlayCount="1" Rating="0" Location="file://localhost/Users/zachvp/Music/DJ/17326516_12_O.C_Riddim_(Original_Mix).aiff" Remixer="" Tonality="11A" Label="Rutilance Recordings" Mix="">
      <TEMPO Inizio="0.050" Bpm="129.00" Metro="4/4" Battito="4" />
      <TEMPO Inizio="1.446" Bpm="129.00" Metro="4/4" Battito="3" />
      <POSITION_MARK Name="" Type="0" Start="59.990" Num="-1" />
      <POSITION_MARK Name="" Type="0" Start="268.409" Num="-1" />
    </TRACK>
    <TRACK TrackID="195733708" Name="The Revival" Artist="MoreSoul" Composer="" Album="Faithful God" Grouping="" Genre="House/Deep/Tech/Jazzy" Kind="AIFF File" Size="119262444" TotalTime="449" DiscNumber="0" TrackNumber="9" Year="0" AverageBpm="117.00" DateAdded="2025-05-29" BitRate="2116" SampleRate="44100" Comments="6A - 5" PlayCount="0" Rating="0" Location="file://localhost/Users/zachvp/Music/DJ/MoreSoul%20-%20The%20Revival.aiff" Remixer="" Tonality="6A" Label="" Mix="">
      <TEMPO Inizio="0.052" Bpm="117.00" Metro="4/4" Battito="1" />
      <POSITION_MARK Name="" Type="0" Start="47.242" Num="-1" />
      <POSITION_MARK Name="" Type="0" Start="293.378" Num="-1" />
      <POSITION_MARK Name="" Type="0" Start="342.617" Num="-1" />
      <POSITION_MARK Name="" Type="0" Start="375.434" Num="-1" />
    </TRACK>
    <TRACK TrackID="171257420" Name="All I Know (Original Mix)" Artist="Okain" Composer="" Album="Monochrome 2" Grouping="" Genre="House/Deep/Tech/Jazzy" Kind="AIFF File" Size="73107718" TotalTime="407" DiscNumber="0" TrackNumber="1" Year="2023" AverageBpm="127.00" DateAdded="2025-05-29" BitRate="1411" SampleRate="44100" Comments="6A - 6" PlayCount="1" Rating="0" Location="file://localhost/Users/zachvp/Music/DJ/17795576_All_I_Know_(Original_Mix).aiff" Remixer="" Tonality="6A" Label="Talman Records" Mix="">
      <TEMPO Inizio="0.001" Bpm="127.00" Metro="4/4" Battito="1" />
      <TEMPO Inizio="0.474" Bpm="127.00" Metro="4/4" Battito="2" />
      <POSITION_MARK Name="" Type="0" Start="60.452" Num="-1" />
      <POSITION_MARK Name="" Type="0" Start="260.803" Num="-1" />
      <POSITION_MARK Name="" Type="0" Start="291.012" Num="-1" />
      <POSITION_MARK Name="" Type="0" Start="321.289" Num="-1" />
    </TRACK>
    <TRACK TrackID="142686258" Name="Dew Kissed Breeze (Original Mix)" Artist="Gem Wallow" Composer="" Album="Rolling Amity" Grouping="" Genre="Lounge/Ambient" Kind="AIFF File" Size="200259660" TotalTime="1131" DiscNumber="0" TrackNumber="4" Year="2025" AverageBpm="98.00" DateAdded="2025-05-29" BitRate="1411" SampleRate="44100" Comments="" PlayCount="0" Rating="0" Location="file://localhost/Users/zachvp/Music/DJ/20485314_Dew_Kissed_Breeze_(Original_Mix).aiff" Remixer="" Tonality="Emin" Label="Disco Halal" Mix="">
      <TEMPO Inizio="0.305" Bpm="98.00" Metro="4/4" Battito="1" />
      <TEMPO Inizio="0.918" Bpm="98.00" Metro="4/4" Battito="2" />
      <TEMPO Inizio="152.143" Bpm="98.00" Metro="4/4" Battito="1" />
      <TEMPO Inizio="303.368" Bpm="98.00" Metro="4/4" Battito="4" />
      <TEMPO Inizio="454.593" Bpm="98.00" Metro="4/4" Battito="3" />
      <TEMPO Inizio="605.818" Bpm="98.00" Metro="4/4" Battito="2" />
      <TEMPO Inizio="757.043" Bpm="98.00" Metro="4/4" Battito="1" />
      <TEMPO Inizio="938.268" Bpm="98.00" Metro="4/4" Battito="1" />
      <TEMPO Inizio="1089.493" Bpm="98.00" Metro="4/4" Battito="4" />
    </TRACK>
    <TRACK TrackID="3718955" Name="LOW ON TOP (Original Mix)" Artist="SGurvin" Composer="" Album="BIPOLAR FRUITS" Grouping="" Genre="House/Deep/Tech/Breaks" Kind="AIFF File" Size="68221080" TotalTime="384" DiscNumber="0" TrackNumber="6" Year="2025" AverageBpm="141.00" DateAdded="2025-05-29" BitRate="1411" SampleRate="44100" Comments="3A - 4" PlayCount="0" Rating="0" Location="file://localhost/Users/zachvp/Music/DJ/20348369_LOW_ON_TOP_(Original_Mix).aiff" Remixer="" Tonality="3A" Label="Mhost Likely" Mix="">
      <TEMPO Inizio="0.000" Bpm="141.00" Metro="4/4" Battito="1" />
    </TRACK>
    <TRACK TrackID="174772614" Name="Im Sure (Original Mix)" Artist="Mo'Cream" Composer="" Album="Just The Game" Grouping="" Genre="House/Deep/Tech/Jazzy" Kind="AIFF File" Size="58490748" TotalTime="331" DiscNumber="0" TrackNumber="2" Year="2023" AverageBpm="124.00" DateAdded="2025-05-29" BitRate="1411" SampleRate="44100" Comments="7A - 5" PlayCount="1" Rating="0" Location="file://localhost/Users/zachvp/Music/DJ/17322526_Im_Sure_(Original_Mix).aiff" Remixer="" Tonality="7A" Label="No Fuss Records" Mix="">
      <TEMPO Inizio="0.122" Bpm="124.00" Metro="4/4" Battito="1" />
      <POSITION_MARK Name="" Type="0" Start="31.089" Num="-1" />
      <POSITION_MARK Name="" Type="0" Start="232.378" Num="-1" />
      <POSITION_MARK Name="" Type="0" Start="263.350" Num="-1" />
      <POSITION_MARK Name="" Type="0" Start="294.324" Num="-1" />
    </TRACK>
    <TRACK TrackID="42345377" Name="Wake Up (William Moore Remix)" Artist="J-Fader" Composer="" Album="Nothing But... Jackin' Beats, Vol. 05" Grouping="" Genre="House/Deep/Tech/Jazzy" Kind="AIFF File" Size="61547534" TotalTime="335" DiscNumber="0" TrackNumber="15" Year="2025" AverageBpm="125.00" DateAdded="2025-05-29" BitRate="1411" SampleRate="44100" Comments="8A - 6" PlayCount="0" Rating="0" Location="file://localhost/Users/zachvp/Music/DJ/20479718_Wake_Up_(William_Moore_Remix).aiff" Remixer="" Tonality="8A" Label="Nothing But" Mix="">
      <TEMPO Inizio="0.010" Bpm="125.00" Metro="4/4" Battito="1" />
    </TRACK>
    <TRACK TrackID="165643884" Name="Fluff Rehab (Original Mix)" Artist="Kerri Chandler" Composer="" Album="Lost &amp; Found EP, Vol. 2" Grouping="" Genre="House/Deep/Tech/" Kind="AIFF File" Size="89468666" TotalTime="505" DiscNumber="0" TrackNumber="1" Year="2023" AverageBpm="126.00" DateAdded="2025-05-29" BitRate="1411" SampleRate="44100" Comments="6A - 6" PlayCount="1" Rating="0" Location="file://localhost/Users/zachvp/Music/DJ/17357850_Fluff_Rehab_(Original_Mix).aiff" Remixer="" Tonality="6A" Label="Kaoz Theory" Mix="">
      <TEMPO Inizio="0.004" Bpm="126.00" Metro="4/4" Battito="1" />
      <POSITION_MARK Name="" Type="0" Start="76.210" Num="-1" />
    </TRACK>
    <TRACK TrackID="6522834" Name="Who We Are (James Pepper Remix)" Artist="Schiela" Composer="" Album="Who We Are" Grouping="" Genre="House/Deep/Tech/Jazzy" Kind="AIFF File" Size="67995978" TotalTime="381" DiscNumber="0" TrackNumber="3" Year="2025" AverageBpm="131.00" DateAdded="2025-05-29" BitRate="1411" SampleRate="44100" Comments="2A - 7" PlayCount="1" Rating="0" Location="file://localhost/Users/zachvp/Music/DJ/20393557_Who_We_Are_(James_Pepper_Remix).aiff" Remixer="" Tonality="2A" Label="Correspondant" Mix="">
      <TEMPO Inizio="0.202" Bpm="131.00" Metro="4/4" Battito="1" />
      <TEMPO Inizio="120.201" Bpm="131.00" Metro="4/4" Battito="3" />
      <TEMPO Inizio="120.660" Bpm="131.00" Metro="4/4" Battito="4" />
      <TEMPO Inizio="151.804" Bpm="131.00" Metro="4/4" Battito="4" />
      <TEMPO Inizio="152.263" Bpm="131.00" Metro="4/4" Battito="1" />
      <TEMPO Inizio="152.720" Bpm="131.00" Metro="4/4" Battito="2" />
      <TEMPO Inizio="153.179" Bpm="131.00" Metro="4/4" Battito="3" />
      <TEMPO Inizio="184.323" Bpm="131.00" Metro="4/4" Battito="3" />
      <TEMPO Inizio="184.782" Bpm="131.00" Metro="4/4" Battito="4" />
      <TEMPO Inizio="215.926" Bpm="131.00" Metro="4/4" Battito="4" />
      <TEMPO Inizio="216.385" Bpm="131.00" Metro="4/4" Battito="1" />
      <TEMPO Inizio="216.842" Bpm="131.00" Metro="4/4" Battito="2" />
      <TEMPO Inizio="217.301" Bpm="131.00" Metro="4/4" Battito="3" />
      <TEMPO Inizio="247.529" Bpm="131.00" Metro="4/4" Battito="1" />
      <TEMPO Inizio="247.988" Bpm="131.00" Metro="4/4" Battito="2" />
      <TEMPO Inizio="248.445" Bpm="131.00" Metro="4/4" Battito="3" />
      <TEMPO Inizio="248.904" Bpm="131.00" Metro="4/4" Battito="4" />
      <TEMPO Inizio="280.048" Bpm="131.00" Metro="4/4" Battito="4" />
      <TEMPO Inizio="280.507" Bpm="131.00" Metro="4/4" Battito="1" />
      <TEMPO Inizio="280.964" Bpm="131.00" Metro="4/4" Battito="2" />
      <TEMPO Inizio="281.423" Bpm="131.00" Metro="4/4" Battito="3" />
      <TEMPO Inizio="311.651" Bpm="131.00" Metro="4/4" Battito="1" />
      <TEMPO Inizio="312.110" Bpm="131.00" Metro="4/4" Battito="2" />
      <TEMPO Inizio="312.567" Bpm="131.00" Metro="4/4" Battito="3" />
      <TEMPO Inizio="313.026" Bpm="131.00" Metro="4/4" Battito="4" />
      <TEMPO Inizio="343.254" Bpm="131.00" Metro="4/4" Battito="2" />
      <TEMPO Inizio="343.713" Bpm="131.00" Metro="4/4" Battito="3" />
      <TEMPO Inizio="344.170" Bpm="131.00" Metro="4/4" Battito="4" />
      <TEMPO Inizio="344.629" Bpm="131.00" Metro="4/4" Battito="1" />
      <TEMPO Inizio="375.773" Bpm="131.00" Metro="4/4" Battito="1" />
      <TEMPO Inizio="376.232" Bpm="131.00" Metro="4/4" Battito="2" />
      <TEMPO Inizio="376.689" Bpm="131.00" Metro="4/4" Battito="3" />
      <TEMPO Inizio="377.148" Bpm="131.00" Metro="4/4" Battito="4" />
    </TRACK>
    <TRACK TrackID="123146472" Name="You Better Know (Original Mix)" Artist="Project89, Aron Volta" Composer="" Album="Back Again" Grouping="" Genre="House/Deep/Tech/" Kind="AIFF File" Size="68298784" TotalTime="385" DiscNumber="0" TrackNumber="3" Year="2023" AverageBpm="128.00" DateAdded="2025-05-29" BitRate="1411" SampleRate="44100" Comments="7A - 6" PlayCount="1" Rating="0" Location="file://localhost/Users/zachvp/Music/DJ/17839096_You_Better_Know_(Original_Mix).aiff" Remixer="" Tonality="7A" Label="PIV" Mix="">
      <TEMPO Inizio="0.003" Bpm="128.00" Metro="4/4" Battito="1" />
      <POSITION_MARK Name="" Type="0" Start="30.004" Num="-1" />
      <POSITION_MARK Name="" Type="0" Start="232.502" Num="-1" />
    </TRACK>
    <TRACK TrackID="51783091" Name="GROWING APART (Original Mix)" Artist="SGurvin, Dobbel" Composer="" Album="BIPOLAR FRUITS" Grouping="" Genre="House/Deep/Tech/Breaks" Kind="AIFF File" Size="49233168" TotalTime="276" DiscNumber="0" TrackNumber="4" Year="2025" AverageBpm="133.00" DateAdded="2025-05-29" BitRate="1411" SampleRate="44100" Comments="3A - 6" PlayCount="0" Rating="0" Location="file://localhost/Users/zachvp/Music/DJ/20348367_GROWING_APART_(Original_Mix).aiff" Remixer="" Tonality="3A" Label="Mhost Likely" Mix="">
      <TEMPO Inizio="0.004" Bpm="133.00" Metro="4/4" Battito="1" />
      <TEMPO Inizio="0.456" Bpm="133.00" Metro="4/4" Battito="2" />
    </TRACK>
    <TRACK TrackID="94248993" Name="Boss (Mihai Popoviciu Remix)" Artist="Juli Lee" Composer="" Album="Split" Grouping="" Genre="House/Deep/Tech/" Kind="AIFF File" Size="70722438" TotalTime="397" DiscNumber="0" TrackNumber="4" Year="2023" AverageBpm="126.00" DateAdded="2025-05-29" BitRate="1411" SampleRate="44100" Comments="7A - 5" PlayCount="1" Rating="0" Location="file://localhost/Users/zachvp/Music/DJ/17587455_Boss_(Mihai_Popoviciu_Remix).aiff" Remixer="" Tonality="7A" Label="klaus:elle" Mix="">
      <TEMPO Inizio="0.001" Bpm="126.00" Metro="4/4" Battito="1" />
      <TEMPO Inizio="0.478" Bpm="126.00" Metro="4/4" Battito="2" />
      <POSITION_MARK Name="" Type="0" Start="57.147" Num="-1" />
      <POSITION_MARK Name="" Type="0" Start="304.769" Num="-1" />
    </TRACK>
    <TRACK TrackID="166109876" Name="EASE (Original Mix)" Artist="SGurvin" Composer="" Album="BIPOLAR FRUITS" Grouping="" Genre="House/Deep/Tech/Breaks" Kind="AIFF File" Size="44778876" TotalTime="251" DiscNumber="0" TrackNumber="5" Year="2025" AverageBpm="140.00" DateAdded="2025-05-29" BitRate="1411" SampleRate="44100" Comments="7A - 5" PlayCount="0" Rating="0" Location="file://localhost/Users/zachvp/Music/DJ/20348368_EASE_(Original_Mix).aiff" Remixer="" Tonality="7A" Label="Mhost Likely" Mix="">
      <TEMPO Inizio="0.428" Bpm="140.00" Metro="4/4" Battito="2" />
    </TRACK>
    <TRACK TrackID="206073951" Name="Club Special (Original Mix)" Artist="Malin Genie, Adryiano" Composer="" Album="Club Special" Grouping="" Genre="House/Deep/Tech/Jazzy" Kind="AIFF File" Size="61926074" TotalTime="345" DiscNumber="0" TrackNumber="1" Year="2023" AverageBpm="133.00" DateAdded="2025-05-29" BitRate="1411" SampleRate="44100" Comments="6A - 6" PlayCount="0" Rating="0" Location="file://localhost/Users/zachvp/Music/DJ/17787582_Club_Special_(Original_Mix).aiff" Remixer="" Tonality="6A" Label="Cestraw" Mix="">
      <TEMPO Inizio="0.028" Bpm="133.00" Metro="4/4" Battito="1" />
      <POSITION_MARK Name="" Type="0" Start="28.902" Num="-1" />
      <POSITION_MARK Name="" Type="0" Start="187.701" Num="-1" />
      <POSITION_MARK Name="" Type="0" Start="231.019" Num="-1" />
      <POSITION_MARK Name="" Type="0" Start="274.300" Num="-1" />
    </TRACK>
    <TRACK TrackID="174098411" Name="Fall Into Groove (Original Mix)" Artist="Hipp-E, Djebali" Composer="" Album="Fall Into Groove" Grouping="" Genre="House/Deep/Tech/Jazzy" Kind="AIFF File" Size="73939432" TotalTime="415" DiscNumber="0" TrackNumber="1" Year="2023" AverageBpm="125.00" DateAdded="2025-05-29" BitRate="1411" SampleRate="44100" Comments="2A - 6" PlayCount="1" Rating="0" Location="file://localhost/Users/zachvp/Music/DJ/17499052_Fall_Into_Groove_(Original_Mix).aiff" Remixer="" Tonality="2A" Label="PIV" Mix="">
      <TEMPO Inizio="0.000" Bpm="125.00" Metro="4/4" Battito="1" />
      <TEMPO Inizio="34.561" Bpm="125.00" Metro="4/4" Battito="1" />
      <TEMPO Inizio="285.602" Bpm="125.00" Metro="4/4" Battito="4" />
      <POSITION_MARK Name="" Type="0" Start="337.915" Num="-1" />
      <POSITION_MARK Name="" Type="0" Start="61.431" Num="-1" />
    </TRACK>
    <TRACK TrackID="255161005" Name="Messing With My Soul (T.Markakis Remix Extended)" Artist="Kevin Yost" Composer="" Album="Messing With My Soul (Remix)" Grouping="" Genre="House/Deep/Tech/Jazzy" Kind="AIFF File" Size="84168180" TotalTime="474" DiscNumber="0" TrackNumber="1" Year="2023" AverageBpm="123.00" DateAdded="2025-05-29" BitRate="1411" SampleRate="44100" Comments="5A - 5" PlayCount="0" Rating="0" Location="file://localhost/Users/zachvp/Music/DJ/17331144_Messing_With_My_Soul_(T.Markakis_Remix_Extended).aiff" Remixer="" Tonality="5A" Label="I Records" Mix="">
      <TEMPO Inizio="0.000" Bpm="123.00" Metro="4/4" Battito="1" />
    </TRACK>
    <TRACK TrackID="50213531" Name="Rhodes, 3AM (Original Mix)" Artist="Hokuto Sato" Composer="" Album="Years" Grouping="" Genre="House/Deep/Tech/Jazzy" Kind="AIFF File" Size="59883332" TotalTime="339" DiscNumber="0" TrackNumber="3" Year="2014" AverageBpm="118.00" DateAdded="2025-05-29" BitRate="1411" SampleRate="44100" Comments="9A - 5" PlayCount="0" Rating="0" Location="file://localhost/Users/zachvp/Music/DJ/5196128_Rhodes,_3AM_(Original_Mix).aiff" Remixer="" Tonality="9A" Label="Neovinyl Recordings" Mix="">
      <TEMPO Inizio="0.000" Bpm="118.00" Metro="4/4" Battito="1" />
    </TRACK>
    <TRACK TrackID="216568719" Name="It's True (Mihai Popoviciu Remix)" Artist="James Dexter" Composer="" Album="It's True / Another" Grouping="" Genre="House/Deep/Tech/" Kind="AIFF File" Size="71737234" TotalTime="400" DiscNumber="0" TrackNumber="2" Year="2022" AverageBpm="125.00" DateAdded="2025-05-29" BitRate="1411" SampleRate="44100" Comments="9A - 5" PlayCount="1" Rating="0" Location="file://localhost/Users/zachvp/Music/DJ/16694807_It_s_True_(Mihai_Popoviciu_Remix).aiff" Remixer="" Tonality="9A" Label="Bondage Music" Mix="">
      <TEMPO Inizio="0.219" Bpm="125.00" Metro="4/4" Battito="1" />
      <POSITION_MARK Name="" Type="0" Start="61.647" Num="-1" />
      <POSITION_MARK Name="" Type="0" Start="322.780" Num="-1" />
    </TRACK>
    <TRACK TrackID="25314877" Name="Been A Long Trip (Kim Ann Foxman Remix)" Artist="Schiela" Composer="" Album="Who We Are" Grouping="" Genre="House/Tech/Indie/Progressive" Kind="AIFF File" Size="68610298" TotalTime="384" DiscNumber="0" TrackNumber="4" Year="2025" AverageBpm="135.00" DateAdded="2025-05-29" BitRate="1411" SampleRate="44100" Comments="1A - 6" PlayCount="0" Rating="0" Location="file://localhost/Users/zachvp/Music/DJ/20393558_Been_A_Long_Trip_(Kim_Ann_Foxman_Remix).aiff" Remixer="" Tonality="1A" Label="Correspondant" Mix="">
      <TEMPO Inizio="0.315" Bpm="135.00" Metro="4/4" Battito="1" />
    </TRACK>
    <TRACK TrackID="100514928" Name="Jazz Funk (Original Mix)" Artist="Project89, Aron Volta" Composer="" Album="Back Again" Grouping="" Genre="House/Deep/Tech/Jazzy" Kind="AIFF File" Size="65109560" TotalTime="367" DiscNumber="0" TrackNumber="2" Year="2023" AverageBpm="128.00" DateAdded="2025-05-29" BitRate="1411" SampleRate="44100" Comments="11A - 6" PlayCount="1" Rating="0" Location="file://localhost/Users/zachvp/Music/DJ/17839095_Jazz_Funk_(Original_Mix).aiff" Remixer="" Tonality="11A" Label="PIV" Mix="">
      <TEMPO Inizio="0.003" Bpm="128.00" Metro="4/4" Battito="1" />
      <POSITION_MARK Name="" Type="0" Start="30.008" Num="-1" />
      <POSITION_MARK Name="" Type="0" Start="270.000" Num="-1" />
    </TRACK>
    <TRACK TrackID="7611792" Name="Subculture (Extended Mix)" Artist="Capeesh Society" Composer="" Album="Subculture" Grouping="" Genre="House/Deep/Tech/Jazzy" Kind="AIFF File" Size="68870922" TotalTime="387" DiscNumber="0" TrackNumber="1" Year="2023" AverageBpm="126.00" DateAdded="2025-05-29" BitRate="1411" SampleRate="44100" Comments="2A - 5" PlayCount="2" Rating="0" Location="file://localhost/Users/zachvp/Music/DJ/17279375_Subculture_(Extended_Mix).aiff" Remixer="" Tonality="2A" Label="Glasgow Underground" Mix="">
      <TEMPO Inizio="0.008" Bpm="126.00" Metro="4/4" Battito="4" />
      <POSITION_MARK Name="" Type="0" Start="88.101" Num="-1" />
      <POSITION_MARK Name="" Type="0" Start="244.274" Num="-1" />
      <POSITION_MARK Name="" Type="0" Start="274.767" Num="-1" />
      <POSITION_MARK Name="" Type="0" Start="213.805" Num="-1" />
    </TRACK>
    <TRACK TrackID="202091001" Name="Angles (Hodge Remix)" Artist="Om Unit, James Bangura" Composer="" Album="Local Action Remixes: 2010?2025" Grouping="" Genre="House/Deep/Tech/Spacey" Kind="AIFF File" Size="71451980" TotalTime="402" DiscNumber="0" TrackNumber="10" Year="2025" AverageBpm="128.00" DateAdded="2025-05-29" BitRate="1411" SampleRate="44100" Comments="6A - 6" PlayCount="1" Rating="0" Location="file://localhost/Users/zachvp/Music/DJ/20503851_Angles_(Hodge_Remix).aiff" Remixer="" Tonality="6A" Label="Local Action" Mix="">
      <TEMPO Inizio="0.003" Bpm="128.00" Metro="4/4" Battito="1" />
      <POSITION_MARK Name="" Type="0" Start="45.014" Num="-1" />
    </TRACK>
    <TRACK TrackID="168423845" Name="Mathematics Parc (Original Mix)" Artist="Unspecified Enemies" Composer="" Album="Mathematics Parc" Grouping="" Genre="House/Tech/Indie/" Kind="AIFF File" Size="83797844" TotalTime="467" DiscNumber="0" TrackNumber="1" Year="2025" AverageBpm="128.50" DateAdded="2025-05-29" BitRate="1411" SampleRate="44100" Comments="6A - 8" PlayCount="1" Rating="0" Location="file://localhost/Users/zachvp/Music/DJ/20257111_Mathematics_Parc_(Original_Mix).aiff" Remixer="" Tonality="6A" Label="Numbers" Mix="">
      <TEMPO Inizio="0.000" Bpm="128.50" Metro="4/4" Battito="1" />
      <POSITION_MARK Name="" Type="0" Start="44.819" Num="-1" />
      <POSITION_MARK Name="" Type="0" Start="224.129" Num="-1" />
      <POSITION_MARK Name="" Type="0" Start="306.306" Num="-1" />
      <POSITION_MARK Name="" Type="0" Start="343.658" Num="-1" />
    </TRACK>
    <TRACK TrackID="167258766" Name="Luna Marte" Artist="Trent Voyage, Elena Moroder" Composer="" Album="Aquamarine - QRK011" Grouping="" Genre="House/Deep/Tech/" Kind="AIFF File" Size="60519202" TotalTime="342" DiscNumber="0" TrackNumber="2" Year="0" AverageBpm="125.00" DateAdded="2025-06-14" BitRate="1411" SampleRate="44100" Comments="11A - 6" PlayCount="0" Rating="0" Location="file://localhost/Users/zachvp/Music/DJ/Trent%20Voyage,%20Elena%20Moroder%20-%20Luna%20Marte.aiff" Remixer="" Tonality="11A" Label="" Mix="">
      <TEMPO Inizio="0.210" Bpm="125.00" Metro="4/4" Battito="1" />
      <TEMPO Inizio="101.489" Bpm="125.00" Metro="4/4" Battito="4" />
    </TRACK>
    <TRACK TrackID="19634900" Name="A3." Artist="Kyle Hall" Composer="" Album="90s Trip Hifi" Grouping="" Genre="House/Deep/Tech/Jazzy" Kind="AIFF File" Size="146328838" TotalTime="828" DiscNumber="0" TrackNumber="3" Year="0" AverageBpm="124.00" DateAdded="2025-06-14" BitRate="1411" SampleRate="44100" Comments="5A - 5" PlayCount="0" Rating="0" Location="file://localhost/Users/zachvp/Music/DJ/Kyle%20Hall%20-%2090s%20Trip%20Hifi%20-%2003%20A3..aiff" Remixer="" Tonality="5A" Label="" Mix="">
      <TEMPO Inizio="0.160" Bpm="124.00" Metro="4/4" Battito="3" />
    </TRACK>
    <TRACK TrackID="153919834" Name="A4." Artist="Kyle Hall" Composer="" Album="90s Trip Hifi" Grouping="" Genre="House/Deep/Tech/" Kind="AIFF File" Size="116865596" TotalTime="661" DiscNumber="0" TrackNumber="4" Year="0" AverageBpm="108.00" DateAdded="2025-06-14" BitRate="1411" SampleRate="44100" Comments="7A - 5" PlayCount="0" Rating="0" Location="file://localhost/Users/zachvp/Music/DJ/Kyle%20Hall%20-%2090s%20Trip%20Hifi%20-%2004%20A4..aiff" Remixer="" Tonality="7A" Label="" Mix="">
      <TEMPO Inizio="0.116" Bpm="108.00" Metro="4/4" Battito="1" />
    </TRACK>
    <TRACK TrackID="1657674" Name="A2." Artist="Kyle Hall" Composer="" Album="90s Trip Hifi" Grouping="" Genre="House/Deep/Tech/Jazzy" Kind="AIFF File" Size="49662094" TotalTime="281" DiscNumber="0" TrackNumber="2" Year="0" AverageBpm="124.00" DateAdded="2025-06-14" BitRate="1411" SampleRate="44100" Comments="8A - 5" PlayCount="0" Rating="0" Location="file://localhost/Users/zachvp/Music/DJ/Kyle%20Hall%20-%2090s%20Trip%20Hifi%20-%2002%20A2..aiff" Remixer="" Tonality="8A" Label="" Mix="">
      <TEMPO Inizio="0.185" Bpm="124.00" Metro="4/4" Battito="1" />
    </TRACK>
    <TRACK TrackID="23613409" Name="A1." Artist="Kyle Hall" Composer="" Album="90s Trip Hifi" Grouping="" Genre="House/Deep/Tech/Jazzy" Kind="AIFF File" Size="63304886" TotalTime="358" DiscNumber="0" TrackNumber="1" Year="0" AverageBpm="108.00" DateAdded="2025-06-14" BitRate="1411" SampleRate="44100" Comments="8A - 3" PlayCount="0" Rating="0" Location="file://localhost/Users/zachvp/Music/DJ/Kyle%20Hall%20-%2090s%20Trip%20Hifi%20-%2001%20A1..aiff" Remixer="" Tonality="8A" Label="" Mix="">
      <TEMPO Inizio="0.080" Bpm="108.00" Metro="4/4" Battito="1" />
    </TRACK>
    <TRACK TrackID="31819385" Name="Pulse of Memory w/ Viken Arman" Artist="Session Victim" Composer="" Album="Sidequests Chapter One" Grouping="" Genre="House/Deep/Tech/Jazzy" Kind="AIFF File" Size="64909032" TotalTime="366" DiscNumber="0" TrackNumber="1" Year="0" AverageBpm="125.00" DateAdded="2025-06-14" BitRate="1411" SampleRate="44100" Comments="7A - 5" PlayCount="0" Rating="0" Location="file://localhost/Users/zachvp/Music/DJ/Session%20Victim%20-%20Sidequests%20Chapter%20One%20-%2001%20Pulse%20of%20Memory%20w-%20Viken%20Arman.aiff" Remixer="" Tonality="7A" Label="" Mix="">
      <TEMPO Inizio="0.007" Bpm="125.00" Metro="4/4" Battito="1" />
      <TEMPO Inizio="355.208" Bpm="125.00" Metro="4/4" Battito="1" />
    </TRACK>
    <TRACK TrackID="82218883" Name="Just Dance [feat. Colby O'Donis]" Artist="Lady Gaga &amp; Colby O'Donis" Composer="" Album="The Fame Monster [Explicit] (Deluxe Edition)" Grouping="" Genre="Pop" Kind="MP3 File" Size="8180142" TotalTime="241" DiscNumber="2" TrackNumber="1" Year="2009" AverageBpm="119.00" DateAdded="2025-08-08" BitRate="224" SampleRate="44100" Comments="12A - 8" PlayCount="0" Rating="0" Location="file://localhost/Users/zachvp/Music/DJ/_weddings/(Disc%202)%2001%20-%20Just%20Dance%20%5bfeat.%20Colby%20O%27Donis%5d.mp3" Remixer="" Tonality="12A" Label="" Mix="">
      <TEMPO Inizio="0.042" Bpm="119.00" Metro="4/4" Battito="1" />
    </TRACK>
    <TRACK TrackID="148164727" Name="DJ Got Us Fallin' In Love" Artist="USHER [feat. Pitbull]" Composer="Armando Pérez" Album="Raymond v Raymond (Expanded Edition)" Grouping="" Genre="Pop" Kind="MP3 File" Size="7387863" TotalTime="220" DiscNumber="1" TrackNumber="16" Year="2010" AverageBpm="120.00" DateAdded="2025-08-08" BitRate="192" SampleRate="44100" Comments="6A - 7" PlayCount="0" Rating="0" Location="file://localhost/Users/zachvp/Music/DJ/_weddings/16%20-%20DJ%20Got%20Us%20Fallin%27%20In%20Love.mp3" Remixer="" Tonality="6A" Label="" Mix="">
      <TEMPO Inizio="0.273" Bpm="120.00" Metro="4/4" Battito="1" />
    </TRACK>
    <TRACK TrackID="49230777" Name="This Is What You Came For" Artist="Calvin Harris &amp; Rihanna" Composer="Calvin Harris" Album="This Is What You Came For" Grouping="" Genre="Pop" Kind="MP3 File" Size="7168801" TotalTime="221" DiscNumber="1" TrackNumber="1" Year="2016" AverageBpm="124.00" DateAdded="2025-08-08" BitRate="320" SampleRate="44100" Comments="8A - 8" PlayCount="0" Rating="0" Location="file://localhost/Users/zachvp/Music/DJ/_weddings/01%20-%20This%20Is%20What%20You%20Came%20For.mp3" Remixer="" Tonality="8A" Label="" Mix="">
      <TEMPO Inizio="0.034" Bpm="124.00" Metro="4/4" Battito="1" />
    </TRACK>
    <TRACK TrackID="223535160" Name="One Kiss" Artist="Calvin Harris &amp; Dua Lipa" Composer="Jessie Reyez" Album="One Kiss" Grouping="" Genre="Pop" Kind="MP3 File" Size="7170807" TotalTime="214" DiscNumber="1" TrackNumber="1" Year="2018" AverageBpm="124.00" DateAdded="2025-08-08" BitRate="320" SampleRate="44100" Comments="8A - 7" PlayCount="0" Rating="0" Location="file://localhost/Users/zachvp/Music/DJ/_weddings/01%20-%20One%20Kiss.mp3" Remixer="" Tonality="8A" Label="" Mix="">
      <TEMPO Inizio="0.026" Bpm="124.00" Metro="4/4" Battito="1" />
      <POSITION_MARK Name="" Type="0" Start="180.010" Num="-1" />
    </TRACK>
    <TRACK TrackID="261957379" Name="Titanium (Feat. Sia)" Artist="David Guetta" Composer="" Album="Nothing but the Beat [Explicit]" Grouping="" Genre="Pop" Kind="MP3 File" Size="8458978" TotalTime="245" DiscNumber="1" TrackNumber="13" Year="2011" AverageBpm="126.00" DateAdded="2025-08-08" BitRate="32" SampleRate="44100" Comments="5A - 7" PlayCount="0" Rating="0" Location="file://localhost/Users/zachvp/Music/DJ/_weddings/13%20-%20Titanium%20(Feat.%20Sia).mp3" Remixer="" Tonality="5A" Label="" Mix="">
      <TEMPO Inizio="0.039" Bpm="126.00" Metro="4/4" Battito="4" />
    </TRACK>
    <TRACK TrackID="255258938" Name="Mr. Brightside" Artist="The Killers" Composer="" Album="Hot Fuss" Grouping="" Genre="Pop" Kind="MP3 File" Size="6855099" TotalTime="223" DiscNumber="1" TrackNumber="2" Year="2020" AverageBpm="147.92" DateAdded="2025-08-08" BitRate="256" SampleRate="44100" Comments="3B - 7" PlayCount="0" Rating="0" Location="file://localhost/Users/zachvp/Music/DJ/_weddings/02%20-%20Mr.%20Brightside.mp3" Remixer="" Tonality="3B" Label="" Mix="">
      <TEMPO Inizio="0.055" Bpm="147.92" Metro="4/4" Battito="1" />
    </TRACK>
    <TRACK TrackID="142509155" Name="Don't Stop The Music" Artist="Rihanna" Composer="" Album="Good Girl Gone Bad: Reloaded" Grouping="" Genre="Pop" Kind="MP3 File" Size="8774161" TotalTime="267" DiscNumber="1" TrackNumber="3" Year="2016" AverageBpm="122.70" DateAdded="2025-08-08" BitRate="320" SampleRate="44100" Comments="11A - 7" PlayCount="0" Rating="0" Location="file://localhost/Users/zachvp/Music/DJ/_weddings/03%20-%20Don%27t%20Stop%20The%20Music.mp3" Remixer="" Tonality="11A" Label="" Mix="">
      <TEMPO Inizio="0.044" Bpm="122.70" Metro="4/4" Battito="3" />
    </TRACK>
    <TRACK TrackID="247148155" Name="Sk8er Boi" Artist="Avril Lavigne" Composer="Avril Lavigne" Album="Let Go" Grouping="" Genre="Pop" Kind="MP3 File" Size="7398010" TotalTime="204" DiscNumber="1" TrackNumber="3" Year="2007" AverageBpm="149.97" DateAdded="2025-08-08" BitRate="32" SampleRate="44100" Comments="8A - 7" PlayCount="0" Rating="0" Location="file://localhost/Users/zachvp/Music/DJ/_weddings/03%20-%20Sk8er%20Boi.mp3" Remixer="" Tonality="8A" Label="" Mix="">
      <TEMPO Inizio="0.284" Bpm="149.97" Metro="4/4" Battito="1" />
      <TEMPO Inizio="1.885" Bpm="149.97" Metro="4/4" Battito="1" />
      <TEMPO Inizio="37.491" Bpm="149.97" Metro="4/4" Battito="2" />
      <TEMPO Inizio="73.097" Bpm="149.97" Metro="4/4" Battito="3" />
      <TEMPO Inizio="108.703" Bpm="149.97" Metro="4/4" Battito="4" />
      <TEMPO Inizio="144.309" Bpm="149.97" Metro="4/4" Battito="1" />
      <TEMPO Inizio="174.314" Bpm="149.97" Metro="4/4" Battito="4" />
    </TRACK>
    <TRACK TrackID="219014483" Name="Bartender [Explicit]" Artist="T-Pain [feat. Akon]" Composer="Aliaune Thiam" Album="Epiphany (Expanded Edition) [Explicit]" Grouping="" Genre="Pop" Kind="MP3 File" Size="7981595" TotalTime="238" DiscNumber="1" TrackNumber="7" Year="2020" AverageBpm="105.00" DateAdded="2025-08-08" BitRate="256" SampleRate="44100" Comments="4A - 8" PlayCount="0" Rating="0" Location="file://localhost/Users/zachvp/Music/DJ/_weddings/07%20-%20Bartender%20%5bExplicit%5d.mp3" Remixer="" Tonality="4A" Label="" Mix="">
      <TEMPO Inizio="0.084" Bpm="105.00" Metro="4/4" Battito="1" />
      <TEMPO Inizio="0.656" Bpm="105.00" Metro="4/4" Battito="2" />
      <TEMPO Inizio="99.512" Bpm="105.00" Metro="4/4" Battito="3" />
      <TEMPO Inizio="223.511" Bpm="105.00" Metro="4/4" Battito="4" />
    </TRACK>
    <TRACK TrackID="11805378" Name="Tusa Explicit" Artist="Karol G, Nicki Minaj" Composer="" Album="Tusa" Grouping="" Genre="Pop" Kind="MP3 File" Size="8137037" TotalTime="200" DiscNumber="1" TrackNumber="1" Year="2019" AverageBpm="101.00" DateAdded="2025-08-08" BitRate="320" SampleRate="44100" Comments="10B - 6" PlayCount="0" Rating="0" Location="file://localhost/Users/zachvp/Music/DJ/_weddings/KAROL%20G,%20Nicki%20Minaj%20-%2001.%20Tusa%20(Explicit).mp3" Remixer="" Tonality="10B" Label="" Mix="">
      <TEMPO Inizio="0.313" Bpm="101.00" Metro="4/4" Battito="3" />
      <TEMPO Inizio="44.868" Bpm="101.00" Metro="4/4" Battito="2" />
      <TEMPO Inizio="88.829" Bpm="101.00" Metro="4/4" Battito="4" />
      <TEMPO Inizio="133.384" Bpm="101.00" Metro="4/4" Battito="3" />
      <TEMPO Inizio="177.939" Bpm="101.00" Metro="4/4" Battito="2" />
    </TRACK>
    <TRACK TrackID="191154211" Name="Yeah 3x [Explicit]" Artist="Chris Brown" Composer="Amber Streeter" Album="F.A.M.E. (Expanded Edition) [Explicit]" Grouping="" Genre="Pop" Kind="MP3 File" Size="7890919" TotalTime="241" DiscNumber="1" TrackNumber="7" Year="2011" AverageBpm="130.00" DateAdded="2025-08-08" BitRate="256" SampleRate="44100" Comments="10A - 8" PlayCount="1" Rating="0" Location="file://localhost/Users/zachvp/Music/DJ/_weddings/07%20-%20Yeah%203x%20%5bExplicit%5d.mp3" Remixer="" Tonality="10A" Label="" Mix="">
      <TEMPO Inizio="0.443" Bpm="130.00" Metro="4/4" Battito="1" />
    </TRACK>
    <TRACK TrackID="194672392" Name="Be Right There" Artist="Diplo &amp; Sleepy Tom" Composer="Cameron Thomas Tatham" Album="Be Right There" Grouping="" Genre="Pop" Kind="MP3 File" Size="8398816" TotalTime="237" DiscNumber="1" TrackNumber="1" Year="2015" AverageBpm="125.00" DateAdded="2025-08-08" BitRate="224" SampleRate="44100" Comments="9A - 7" PlayCount="0" Rating="0" Location="file://localhost/Users/zachvp/Music/DJ/_weddings/01%20-%20Be%20Right%20There.mp3" Remixer="" Tonality="9A" Label="" Mix="">
      <TEMPO Inizio="0.111" Bpm="125.00" Metro="4/4" Battito="4" />
      <TEMPO Inizio="3.952" Bpm="125.00" Metro="4/4" Battito="4" />
      <TEMPO Inizio="80.753" Bpm="125.00" Metro="4/4" Battito="4" />
      <TEMPO Inizio="158.034" Bpm="125.00" Metro="4/4" Battito="1" />
      <TEMPO Inizio="235.315" Bpm="125.00" Metro="4/4" Battito="2" />
    </TRACK>
    <TRACK TrackID="77124931" Name="Promises" Artist="Calvin Harris &amp; Sam Smith" Composer="Jessie Reyez" Album="Promises" Grouping="" Genre="Pop" Kind="MP3 File" Size="7437429" TotalTime="213" DiscNumber="1" TrackNumber="1" Year="2018" AverageBpm="123.00" DateAdded="2025-08-08" BitRate="320" SampleRate="44100" Comments="2A - 7" PlayCount="0" Rating="0" Location="file://localhost/Users/zachvp/Music/DJ/_weddings/01%20-%20Promises.mp3" Remixer="" Tonality="2A" Label="" Mix="">
      <TEMPO Inizio="0.031" Bpm="123.00" Metro="4/4" Battito="1" />
    </TRACK>
    <TRACK TrackID="13837280" Name="Cold Heart (PNAU Remix)" Artist="Elton John &amp; Dua Lipa" Composer="" Album="The Lockdown Sessions [Clean]" Grouping="" Genre="Pop" Kind="MP3 File" Size="6600586" TotalTime="202" DiscNumber="1" TrackNumber="1" Year="2021" AverageBpm="116.00" DateAdded="2025-08-08" BitRate="32" SampleRate="44100" Comments="3A - 6" PlayCount="0" Rating="0" Location="file://localhost/Users/zachvp/Music/DJ/_weddings/01%20-%20Cold%20Heart%20(PNAU%20Remix).mp3" Remixer="" Tonality="3A" Label="" Mix="">
      <TEMPO Inizio="0.230" Bpm="116.00" Metro="4/4" Battito="1" />
      <TEMPO Inizio="1.265" Bpm="116.00" Metro="4/4" Battito="3" />
      <TEMPO Inizio="122.300" Bpm="116.00" Metro="4/4" Battito="1" />
    </TRACK>
    <TRACK TrackID="56331480" Name="Don't Start Now" Artist="Dua Lipa" Composer="" Album="Don't Start Now" Grouping="" Genre="Pop" Kind="MP3 File" Size="6133612" TotalTime="183" DiscNumber="1" TrackNumber="1" Year="2019" AverageBpm="124.00" DateAdded="2025-08-08" BitRate="32" SampleRate="44100" Comments="10A - 7" PlayCount="0" Rating="0" Location="file://localhost/Users/zachvp/Music/DJ/_weddings/01%20-%20Don%27t%20Start%20Now.mp3" Remixer="" Tonality="10A" Label="" Mix="">
      <TEMPO Inizio="0.281" Bpm="124.00" Metro="4/4" Battito="1" />
    </TRACK>
    <TRACK TrackID="241881880" Name="Higher Love" Artist="Kygo &amp; Whitney Houston" Composer="Will Jennings" Album="Higher Love" Grouping="" Genre="Pop" Kind="MP3 File" Size="7613106" TotalTime="228" DiscNumber="1" TrackNumber="1" Year="2019" AverageBpm="104.00" DateAdded="2025-08-08" BitRate="32" SampleRate="44100" Comments="4B - 7" PlayCount="0" Rating="0" Location="file://localhost/Users/zachvp/Music/DJ/_weddings/01%20-%20Higher%20Love.mp3" Remixer="" Tonality="4B" Label="" Mix="">
      <TEMPO Inizio="0.514" Bpm="104.00" Metro="4/4" Battito="1" />
    </TRACK>
    <TRACK TrackID="221986289" Name="Dynamite" Artist="Taio Cruz" Composer="" Album="Rokstarr (Special Edition)" Grouping="" Genre="Pop" Kind="MP3 File" Size="6702954" TotalTime="202" DiscNumber="1" TrackNumber="1" Year="2011" AverageBpm="120.00" DateAdded="2025-08-08" BitRate="32" SampleRate="44100" Comments="12B - 8" PlayCount="0" Rating="0" Location="file://localhost/Users/zachvp/Music/DJ/_weddings/01%20-%20Dynamite.mp3" Remixer="" Tonality="12B" Label="" Mix="">
      <TEMPO Inizio="0.405" Bpm="120.00" Metro="4/4" Battito="1" />
    </TRACK>
    <TRACK TrackID="66808941" Name="Summer Love" Artist="Justin Timberlake" Composer="Danjahandz" Album="FutureSex/LoveSounds [Explicit]" Grouping="" Genre="Pop" Kind="MP3 File" Size="8847453" TotalTime="253" DiscNumber="1" TrackNumber="9" Year="2019" AverageBpm="95.86" DateAdded="2025-08-08" BitRate="256" SampleRate="44100" Comments="7A - 7" PlayCount="1" Rating="0" Location="file://localhost/Users/zachvp/Music/DJ/_weddings/09%20-%20Summer%20Love.mp3" Remixer="" Tonality="7A" Label="" Mix="">
      <TEMPO Inizio="0.171" Bpm="95.86" Metro="4/4" Battito="1" />
    </TRACK>
    <TRACK TrackID="132481780" Name="The Way I Are [feat. Keri Hilson &amp; D.O.E.]" Artist="Timbaland [feat. Keri Hilson &amp; D.O.E.]" Composer="" Album="Shock Value" Grouping="" Genre="Pop" Kind="MP3 File" Size="6390457" TotalTime="179" DiscNumber="1" TrackNumber="4" Year="2007" AverageBpm="114.71" DateAdded="2025-08-08" BitRate="320" SampleRate="44100" Comments="1A - 6" PlayCount="1" Rating="0" Location="file://localhost/Users/zachvp/Music/DJ/_weddings/04%20-%20The%20Way%20I%20Are%20%5bfeat.%20Keri%20Hilson%20%26%20D.O.E.%5d.mp3" Remixer="" Tonality="1A" Label="" Mix="">
      <TEMPO Inizio="0.407" Bpm="114.71" Metro="4/4" Battito="2" />
      <TEMPO Inizio="121.757" Bpm="114.71" Metro="4/4" Battito="2" />
    </TRACK>
    <TRACK TrackID="115546587" Name="Body" Artist="Loud Luxury [feat. Brando]" Composer="Nicholas Henriques" Album="Body" Grouping="" Genre="Pop" Kind="MP3 File" Size="5811121" TotalTime="163" DiscNumber="1" TrackNumber="1" Year="2017" AverageBpm="122.00" DateAdded="2025-08-08" BitRate="256" SampleRate="44100" Comments="4A - 7" PlayCount="0" Rating="0" Location="file://localhost/Users/zachvp/Music/DJ/_weddings/01%20-%20Body.mp3" Remixer="" Tonality="4A" Label="" Mix="">
      <TEMPO Inizio="0.047" Bpm="122.00" Metro="4/4" Battito="1" />
    </TRACK>
    <TRACK TrackID="12889350" Name="Shut Up and Dance" Artist="WALK THE MOON" Composer="Sean Waugaman" Album="TALKING IS HARD (Expanded Edition)" Grouping="" Genre="Pop" Kind="MP3 File" Size="6666366" TotalTime="199" DiscNumber="1" TrackNumber="3" Year="2019" AverageBpm="128.00" DateAdded="2025-08-08" BitRate="32" SampleRate="44100" Comments="3B - 7" PlayCount="0" Rating="0" Location="file://localhost/Users/zachvp/Music/DJ/_weddings/03%20-%20Shut%20Up%20and%20Dance.mp3" Remixer="" Tonality="3B" Label="" Mix="">
      <TEMPO Inizio="0.411" Bpm="128.00" Metro="4/4" Battito="1" />
    </TRACK>
    <TRACK TrackID="184256233" Name="LA CANCIÓN" Artist="J Balvin, Bad Bunny" Composer="" Album="OASIS" Grouping="" Genre="Pop" Kind="MP3 File" Size="9806776" TotalTime="242" DiscNumber="1" TrackNumber="5" Year="2019" AverageBpm="88.00" DateAdded="2025-08-08" BitRate="320" SampleRate="44100" Comments="9A - 5" PlayCount="0" Rating="0" Location="file://localhost/Users/zachvp/Music/DJ/_weddings/J%20Balvin,%20Bad%20Bunny%20-%2005.%20LA%20CANCI_N.mp3" Remixer="" Tonality="9A" Label="" Mix="">
      <TEMPO Inizio="0.402" Bpm="88.00" Metro="4/4" Battito="1" />
    </TRACK>
    <TRACK TrackID="61944366" Name="Fire Burning" Artist="Sean Kingston" Composer="RedOne" Album="Tomorrow" Grouping="" Genre="Pop" Kind="MP3 File" Size="8480574" TotalTime="240" DiscNumber="1" TrackNumber="3" Year="2009" AverageBpm="123.00" DateAdded="2025-08-08" BitRate="256" SampleRate="44100" Comments="3B - 7" PlayCount="0" Rating="0" Location="file://localhost/Users/zachvp/Music/DJ/_weddings/03%20-%20Fire%20Burning.mp3" Remixer="" Tonality="3B" Label="" Mix="">
      <TEMPO Inizio="0.028" Bpm="123.00" Metro="4/4" Battito="3" />
    </TRACK>
    <TRACK TrackID="87947130" Name="Indian Summer" Artist="Jai Wolf" Composer="Sajeeb Saha" Album="Indian Summer" Grouping="" Genre="Pop" Kind="MP3 File" Size="7642338" TotalTime="244" DiscNumber="1" TrackNumber="1" Year="2021" AverageBpm="85.00" DateAdded="2025-08-08" BitRate="32" SampleRate="44100" Comments="3B - 6" PlayCount="0" Rating="0" Location="file://localhost/Users/zachvp/Music/DJ/_weddings/01%20-%20Indian%20Summer.mp3" Remixer="" Tonality="3B" Label="" Mix="">
      <TEMPO Inizio="0.563" Bpm="85.00" Metro="4/4" Battito="4" />
    </TRACK>
    <TRACK TrackID="172808957" Name="My Love" Artist="Justin Timberlake feat. T.I." Composer="Timothy Mosley" Album="FutureSex/LoveSounds Deluxe Edition [Clean]" Grouping="" Genre="Pop" Kind="MP3 File" Size="9326056" TotalTime="276" DiscNumber="1" TrackNumber="4" Year="2006" AverageBpm="120.00" DateAdded="2025-08-08" BitRate="320" SampleRate="44100" Comments="9A - 7" PlayCount="0" Rating="0" Location="file://localhost/Users/zachvp/Music/DJ/_weddings/04%20-%20My%20Love.mp3" Remixer="" Tonality="9A" Label="" Mix="">
      <TEMPO Inizio="0.347" Bpm="120.00" Metro="4/4" Battito="1" />
      <TEMPO Inizio="275.846" Bpm="120.00" Metro="4/4" Battito="4" />
      <POSITION_MARK Name="" Type="0" Start="255.478" Num="-1" />
    </TRACK>
    <TRACK TrackID="216055076" Name="Walking On A Dream" Artist="Empire Of The Sun" Composer="" Album="Walking On A Dream (Special Edition)" Grouping="" Genre="Pop" Kind="MP3 File" Size="6069720" TotalTime="198" DiscNumber="1" TrackNumber="2" Year="2009" AverageBpm="126.98" DateAdded="2025-08-08" BitRate="32" SampleRate="44100" Comments="4A - 7" PlayCount="0" Rating="0" Location="file://localhost/Users/zachvp/Music/DJ/_weddings/02%20-%20Walking%20On%20A%20Dream.mp3" Remixer="" Tonality="4A" Label="" Mix="">
      <TEMPO Inizio="0.105" Bpm="126.98" Metro="4/4" Battito="1" />
    </TRACK>
    <TRACK TrackID="97871438" Name="How Deep Is Your Love (Chris Lake Remix)" Artist="Calvin Harris &amp; Disciples" Composer="Nathan Duvall" Album="How Deep Is Your Love (Remixes)" Grouping="" Genre="Pop" Kind="MP3 File" Size="10081226" TotalTime="308" DiscNumber="1" TrackNumber="3" Year="2015" AverageBpm="122.00" DateAdded="2025-08-08" BitRate="320" SampleRate="44100" Comments="9A - 7" PlayCount="0" Rating="0" Location="file://localhost/Users/zachvp/Music/DJ/_weddings/03%20-%20How%20Deep%20Is%20Your%20Love%20(Chris%20Lake%20Remix).mp3" Remixer="" Tonality="9A" Label="" Mix="">
      <TEMPO Inizio="0.033" Bpm="122.00" Metro="4/4" Battito="1" />
      <POSITION_MARK Name="" Type="0" Start="267.564" Num="-1" />
      <POSITION_MARK Name="" Type="0" Start="283.318" Num="-1" />
    </TRACK>
    <TRACK TrackID="33089462" Name="We Found Love (Album Version)" Artist="Rihanna and Calvin Harris" Composer="" Album="Talk That Talk (Deluxe Edition) [Explicit]" Grouping="" Genre="Pop" Kind="MP3 File" Size="7101746" TotalTime="215" DiscNumber="1" TrackNumber="3" Year="2011" AverageBpm="128.00" DateAdded="2025-08-08" BitRate="32" SampleRate="44100" Comments="2B - 7" PlayCount="0" Rating="0" Location="file://localhost/Users/zachvp/Music/DJ/_weddings/03%20-%20We%20Found%20Love%20(Album%20Version).mp3" Remixer="" Tonality="2B" Label="" Mix="">
      <TEMPO Inizio="0.182" Bpm="128.00" Metro="4/4" Battito="1" />
    </TRACK>
    <TRACK TrackID="267364149" Name="Light It Up (Remix)" Artist="Major Lazer [feat. Nyla &amp; Fuse ODG]" Composer="Philip R. Fender" Album="Peace Is The Mission (Extended) [Explicit]" Grouping="" Genre="Pop" Kind="MP3 File" Size="5890459" TotalTime="166" DiscNumber="1" TrackNumber="10" Year="2015" AverageBpm="108.02" DateAdded="2025-08-08" BitRate="320" SampleRate="44100" Comments="8A - 8" PlayCount="0" Rating="0" Location="file://localhost/Users/zachvp/Music/DJ/_weddings/10%20-%20Light%20It%20Up%20(Remix).mp3" Remixer="" Tonality="8A" Label="" Mix="">
      <TEMPO Inizio="0.021" Bpm="108.02" Metro="4/4" Battito="1" />
      <TEMPO Inizio="0.577" Bpm="108.02" Metro="4/4" Battito="2" />
      <TEMPO Inizio="13.353" Bpm="108.02" Metro="4/4" Battito="1" />
      <TEMPO Inizio="37.238" Bpm="108.02" Metro="4/4" Battito="4" />
      <TEMPO Inizio="55.013" Bpm="108.02" Metro="4/4" Battito="4" />
      <TEMPO Inizio="72.788" Bpm="108.02" Metro="4/4" Battito="4" />
      <TEMPO Inizio="96.673" Bpm="108.02" Metro="4/4" Battito="3" />
      <TEMPO Inizio="114.448" Bpm="108.02" Metro="4/4" Battito="3" />
      <TEMPO Inizio="138.333" Bpm="108.02" Metro="4/4" Battito="2" />
      <TEMPO Inizio="156.108" Bpm="108.02" Metro="4/4" Battito="2" />
    </TRACK>
    <TRACK TrackID="105559560" Name="This Love" Artist="Maroon 5" Composer="" Album="Songs About Jane [Explicit]" Grouping="" Genre="Pop" Kind="MP3 File" Size="7036995" TotalTime="206" DiscNumber="1" TrackNumber="2" Year="2007" AverageBpm="95.05" DateAdded="2025-08-08" BitRate="160" SampleRate="44100" Comments="5A - 7" PlayCount="0" Rating="0" Location="file://localhost/Users/zachvp/Music/DJ/_weddings/02%20-%20This%20Love.mp3" Remixer="" Tonality="5A" Label="" Mix="">
      <TEMPO Inizio="0.070" Bpm="95.05" Metro="4/4" Battito="4" />
      <TEMPO Inizio="1.333" Bpm="95.05" Metro="4/4" Battito="2" />
      <TEMPO Inizio="34.788" Bpm="95.05" Metro="4/4" Battito="3" />
      <TEMPO Inizio="65.718" Bpm="95.05" Metro="4/4" Battito="4" />
      <TEMPO Inizio="99.173" Bpm="95.05" Metro="4/4" Battito="1" />
      <TEMPO Inizio="130.103" Bpm="95.05" Metro="4/4" Battito="2" />
      <TEMPO Inizio="163.558" Bpm="95.05" Metro="4/4" Battito="3" />
      <TEMPO Inizio="194.488" Bpm="95.05" Metro="4/4" Battito="4" />
    </TRACK>
    <TRACK TrackID="78980259" Name="Make You Feel My Love" Artist="Adele" Composer="" Album="19 [Explicit]" Grouping="" Genre="Pop" Kind="MP3 File" Size="6242070" TotalTime="212" DiscNumber="1" TrackNumber="9" Year="2018" AverageBpm="77.41" DateAdded="2025-08-08" BitRate="256" SampleRate="44100" Comments="6B - 3" PlayCount="0" Rating="0" Location="file://localhost/Users/zachvp/Music/DJ/_weddings/09%20-%20Make%20You%20Feel%20My%20Love.mp3" Remixer="" Tonality="6B" Label="" Mix="">
      <TEMPO Inizio="0.385" Bpm="77.41" Metro="4/4" Battito="1" />
      <TEMPO Inizio="11.237" Bpm="77.41" Metro="4/4" Battito="3" />
      <TEMPO Inizio="23.639" Bpm="77.41" Metro="4/4" Battito="3" />
      <TEMPO Inizio="43.017" Bpm="77.41" Metro="4/4" Battito="4" />
      <TEMPO Inizio="54.644" Bpm="77.41" Metro="4/4" Battito="3" />
      <TEMPO Inizio="67.046" Bpm="77.41" Metro="4/4" Battito="3" />
      <TEMPO Inizio="78.673" Bpm="77.41" Metro="4/4" Battito="2" />
      <TEMPO Inizio="91.075" Bpm="77.41" Metro="4/4" Battito="2" />
      <TEMPO Inizio="103.477" Bpm="77.41" Metro="4/4" Battito="2" />
      <TEMPO Inizio="115.879" Bpm="77.41" Metro="4/4" Battito="2" />
      <TEMPO Inizio="128.281" Bpm="77.41" Metro="4/4" Battito="2" />
      <TEMPO Inizio="140.683" Bpm="77.41" Metro="4/4" Battito="2" />
      <TEMPO Inizio="153.085" Bpm="77.41" Metro="4/4" Battito="2" />
      <TEMPO Inizio="164.712" Bpm="77.41" Metro="4/4" Battito="1" />
      <TEMPO Inizio="177.114" Bpm="77.41" Metro="4/4" Battito="1" />
      <TEMPO Inizio="189.516" Bpm="77.41" Metro="4/4" Battito="1" />
      <TEMPO Inizio="201.918" Bpm="77.41" Metro="4/4" Battito="1" />
    </TRACK>
    <TRACK TrackID="161529352" Name="How Sweet It Is (To Be Loved By You) [2019 Remaster]" Artist="James Taylor" Composer="" Album="Gorilla (2019 Remaster)" Grouping="" Genre="Pop" Kind="MP3 File" Size="6997150" TotalTime="216" DiscNumber="1" TrackNumber="3" Year="2019" AverageBpm="108.94" DateAdded="2025-08-08" BitRate="160" SampleRate="44100" Comments="9B - 4" PlayCount="0" Rating="0" Location="file://localhost/Users/zachvp/Music/DJ/_weddings/03%20-%20How%20Sweet%20It%20Is%20(To%20Be%20Loved%20By%20You)%20%5b2019%20Remaster%5d.mp3" Remixer="" Tonality="9B" Label="" Mix="">
      <TEMPO Inizio="0.023" Bpm="108.94" Metro="4/4" Battito="4" />
    </TRACK>
    <TRACK TrackID="263681559" Name="adore u" Artist="Fred again.. &amp; Obongjayar" Composer="" Album="adore u" Grouping="" Genre="Pop" Kind="MP3 File" Size="7535679" TotalTime="220" DiscNumber="1" TrackNumber="1" Year="2023" AverageBpm="124.00" DateAdded="2025-08-08" BitRate="256" SampleRate="44100" Comments="8B - 7" PlayCount="0" Rating="0" Location="file://localhost/Users/zachvp/Music/DJ/_weddings/01%20-%20adore%20u.mp3" Remixer="" Tonality="8B" Label="" Mix="">
      <TEMPO Inizio="0.036" Bpm="124.00" Metro="4/4" Battito="1" />
    </TRACK>
    <TRACK TrackID="34159475" Name="How It's Supposed to Be" Artist="Gibbz" Composer="" Album="Above Water [Explicit]" Grouping="" Genre="Pop" Kind="MP3 File" Size="4170200" TotalTime="137" DiscNumber="1" TrackNumber="9" Year="2016" AverageBpm="150.00" DateAdded="2025-08-08" BitRate="256" SampleRate="44100" Comments="11A - 3" PlayCount="0" Rating="0" Location="file://localhost/Users/zachvp/Music/DJ/_weddings/09%20-%20How%20It%27s%20Supposed%20to%20Be.mp3" Remixer="" Tonality="11A" Label="" Mix="">
      <TEMPO Inizio="0.024" Bpm="150.00" Metro="4/4" Battito="1" />
      <TEMPO Inizio="51.625" Bpm="150.00" Metro="4/4" Battito="2" />
    </TRACK>
    <TRACK TrackID="163915803" Name="Lovely Day" Artist="Bill Withers" Composer="Skip Scarborough" Album="Menagerie" Grouping="" Genre="Pop" Kind="MP3 File" Size="8350106" TotalTime="257" DiscNumber="1" TrackNumber="1" Year="2015" AverageBpm="97.96" DateAdded="2025-08-08" BitRate="160" SampleRate="44100" Comments="12B - 6" PlayCount="0" Rating="0" Location="file://localhost/Users/zachvp/Music/DJ/_weddings/01%20-%20Lovely%20Day.mp3" Remixer="" Tonality="12B" Label="" Mix="">
      <TEMPO Inizio="0.501" Bpm="97.96" Metro="4/4" Battito="1" />
      <TEMPO Inizio="93.599" Bpm="97.96" Metro="4/4" Battito="1" />
      <TEMPO Inizio="198.947" Bpm="97.96" Metro="4/4" Battito="1" />
    </TRACK>
    <TRACK TrackID="46584822" Name="BIRDS OF A FEATHER [Explicit]" Artist="Billie Eilish" Composer="" Album="HIT ME HARD AND SOFT" Grouping="" Genre="Pop" Kind="MP3 File" Size="7219310" TotalTime="210" DiscNumber="1" TrackNumber="4" Year="2024" AverageBpm="105.00" DateAdded="2025-08-08" BitRate="32" SampleRate="44100" Comments="10B - 5" PlayCount="0" Rating="0" Location="file://localhost/Users/zachvp/Music/DJ/_weddings/04%20-%20BIRDS%20OF%20A%20FEATHER%20%5bExplicit%5d.mp3" Remixer="" Tonality="10B" Label="" Mix="">
      <TEMPO Inizio="0.415" Bpm="105.00" Metro="4/4" Battito="1" />
    </TRACK>
    <TRACK TrackID="261876442" Name="Sparks" Artist="Coldplay" Composer="" Album="Parachutes" Grouping="" Genre="Pop" Kind="MP3 File" Size="8360306" TotalTime="227" DiscNumber="1" TrackNumber="4" Year="2014" AverageBpm="91.79" DateAdded="2025-08-08" BitRate="32" SampleRate="44100" Comments="3B - 2" PlayCount="0" Rating="0" Location="file://localhost/Users/zachvp/Music/DJ/_weddings/04%20-%20Sparks.mp3" Remixer="" Tonality="3B" Label="" Mix="">
      <TEMPO Inizio="0.436" Bpm="91.79" Metro="4/4" Battito="3" />
    </TRACK>
    <TRACK TrackID="178876360" Name="Put Your Records On" Artist="Corinne Bailey Rae" Composer="" Album="Corinne Bailey Rae" Grouping="" Genre="Pop" Kind="MP3 File" Size="6615909" TotalTime="215" DiscNumber="1" TrackNumber="3" Year="2006" AverageBpm="96.00" DateAdded="2025-08-08" BitRate="32" SampleRate="44100" Comments="11A - 6" PlayCount="0" Rating="0" Location="file://localhost/Users/zachvp/Music/DJ/_weddings/03%20-%20Put%20Your%20Records%20On.mp3" Remixer="" Tonality="11A" Label="" Mix="">
      <TEMPO Inizio="0.431" Bpm="96.00" Metro="4/4" Battito="1" />
    </TRACK>
    <TRACK TrackID="4152760" Name="Baby I'm Yours" Artist="Arctic Monkeys" Composer="Van McCoy" Album="Leave Before The Lights Come On" Grouping="" Genre="Pop" Kind="MP3 File" Size="4582010" TotalTime="152" DiscNumber="1" TrackNumber="3" Year="2006" AverageBpm="113.22" DateAdded="2025-08-08" BitRate="32" SampleRate="44100" Comments="10A - 4" PlayCount="0" Rating="0" Location="file://localhost/Users/zachvp/Music/DJ/_weddings/03%20-%20Baby%20I%27m%20Yours.mp3" Remixer="" Tonality="10A" Label="" Mix="">
      <TEMPO Inizio="0.430" Bpm="113.22" Metro="4/4" Battito="1" />
    </TRACK>
    <TRACK TrackID="143449659" Name="At Last" Artist="Etta James" Composer="" Album="At Last!" Grouping="" Genre="Pop" Kind="MP3 File" Size="6349638" TotalTime="179" DiscNumber="1" TrackNumber="7" Year="1999" AverageBpm="116.41" DateAdded="2025-08-08" BitRate="32" SampleRate="44100" Comments="7B - 3" PlayCount="0" Rating="0" Location="file://localhost/Users/zachvp/Music/DJ/_weddings/07%20-%20At%20Last.mp3" Remixer="" Tonality="7B" Label="" Mix="">
      <TEMPO Inizio="0.484" Bpm="116.41" Metro="4/4" Battito="3" />
      <TEMPO Inizio="44.809" Bpm="116.41" Metro="4/4" Battito="1" />
      <TEMPO Inizio="105.112" Bpm="116.41" Metro="4/4" Battito="2" />
      <TEMPO Inizio="165.415" Bpm="116.41" Metro="4/4" Battito="3" />
    </TRACK>
    <TRACK TrackID="261653329" Name="Here Comes The Sun (Remastered 2009)" Artist="The Beatles" Composer="" Album="Abbey Road (Remastered)" Grouping="" Genre="Pop" Kind="MP3 File" Size="6585501" TotalTime="185" DiscNumber="1" TrackNumber="7" Year="2018" AverageBpm="127.94" DateAdded="2025-08-08" BitRate="256" SampleRate="44100" Comments="11B - 5" PlayCount="0" Rating="0" Location="file://localhost/Users/zachvp/Music/DJ/_weddings/07%20-%20Here%20Comes%20The%20Sun%20(Remastered%202009).mp3" Remixer="" Tonality="11B" Label="" Mix="">
      <TEMPO Inizio="0.042" Bpm="127.94" Metro="4/4" Battito="3" />
      <TEMPO Inizio="22.085" Bpm="127.94" Metro="4/4" Battito="2" />
      <TEMPO Inizio="56.321" Bpm="127.94" Metro="4/4" Battito="3" />
      <TEMPO Inizio="88.681" Bpm="127.94" Metro="4/4" Battito="4" />
      <TEMPO Inizio="122.917" Bpm="127.94" Metro="4/4" Battito="1" />
      <TEMPO Inizio="156.684" Bpm="127.94" Metro="4/4" Battito="1" />
    </TRACK>
    <TRACK TrackID="160668937" Name="I'm With You (Instrumental)" Artist="Guitar Tribute Players" Composer="" Album="Acoustic Tribute to Vance Joy (Instrumental)" Grouping="" Genre="Pop" Kind="M4A File" Size="8692968" TotalTime="250" DiscNumber="1" TrackNumber="9" Year="2018" AverageBpm="73.34" DateAdded="2025-08-08" BitRate="256" SampleRate="44100" Comments="9B - 3" PlayCount="0" Rating="0" Location="file://localhost/Users/zachvp/Music/DJ/_weddings/09%20I%27m%20With%20You%20(Instrumental).m4a" Remixer="" Tonality="" Label="" Mix="">
      <TEMPO Inizio="0.263" Bpm="73.34" Metro="4/4" Battito="1" />
      <TEMPO Inizio="10.899" Bpm="73.34" Metro="4/4" Battito="2" />
      <TEMPO Inizio="21.535" Bpm="73.34" Metro="4/4" Battito="3" />
      <TEMPO Inizio="32.171" Bpm="73.34" Metro="4/4" Battito="4" />
      <TEMPO Inizio="48.534" Bpm="73.34" Metro="4/4" Battito="4" />
      <TEMPO Inizio="65.715" Bpm="73.34" Metro="4/4" Battito="1" />
      <TEMPO Inizio="76.351" Bpm="73.34" Metro="4/4" Battito="2" />
      <TEMPO Inizio="86.987" Bpm="73.34" Metro="4/4" Battito="3" />
      <TEMPO Inizio="103.350" Bpm="73.34" Metro="4/4" Battito="3" />
      <TEMPO Inizio="119.713" Bpm="73.34" Metro="4/4" Battito="3" />
      <TEMPO Inizio="136.076" Bpm="73.34" Metro="4/4" Battito="3" />
      <TEMPO Inizio="152.439" Bpm="73.34" Metro="4/4" Battito="3" />
      <TEMPO Inizio="169.620" Bpm="73.34" Metro="4/4" Battito="4" />
      <TEMPO Inizio="180.256" Bpm="73.34" Metro="4/4" Battito="1" />
      <TEMPO Inizio="196.619" Bpm="73.34" Metro="4/4" Battito="1" />
      <TEMPO Inizio="213.800" Bpm="73.34" Metro="4/4" Battito="2" />
      <TEMPO Inizio="224.436" Bpm="73.34" Metro="4/4" Battito="3" />
      <TEMPO Inizio="235.072" Bpm="73.34" Metro="4/4" Battito="4" />
    </TRACK>
    <TRACK TrackID="230949867" Name="Tennis Court [Explicit] (Flume Remix)" Artist="Lorde &amp; Flume" Composer="" Album="Tennis Court [Explicit] (Flume Remix)" Grouping="" Genre="Pop" Kind="MP3 File" Size="12512254" TotalTime="363" DiscNumber="1" TrackNumber="1" Year="2014" AverageBpm="92.97" DateAdded="2025-08-08" BitRate="256" SampleRate="44100" Comments="8A - 6" PlayCount="1" Rating="0" Location="file://localhost/Users/zachvp/Music/DJ/_weddings/01%20-%20Tennis%20Court%20(Flume%20Remix)%20%5bExplicit%5d.mp3" Remixer="" Tonality="8A" Label="" Mix="">
      <TEMPO Inizio="0.124" Bpm="92.97" Metro="4/4" Battito="1" />
      <TEMPO Inizio="2.706" Bpm="92.97" Metro="4/4" Battito="1" />
      <TEMPO Inizio="34.975" Bpm="92.97" Metro="4/4" Battito="3" />
      <TEMPO Inizio="72.407" Bpm="92.97" Metro="4/4" Battito="1" />
      <TEMPO Inizio="104.676" Bpm="92.97" Metro="4/4" Battito="3" />
      <TEMPO Inizio="147.271" Bpm="92.97" Metro="4/4" Battito="1" />
      <TEMPO Inizio="189.866" Bpm="92.97" Metro="4/4" Battito="3" />
      <TEMPO Inizio="234.397" Bpm="92.97" Metro="4/4" Battito="4" />
      <TEMPO Inizio="266.666" Bpm="92.97" Metro="4/4" Battito="2" />
      <TEMPO Inizio="304.098" Bpm="92.97" Metro="4/4" Battito="4" />
      <TEMPO Inizio="346.693" Bpm="92.97" Metro="4/4" Battito="2" />
      <POSITION_MARK Name="" Type="0" Start="346.048" Num="-1" />
    </TRACK>
    <TRACK TrackID="181674725" Name="In the Morning" Artist="Zhu" Composer="Steven ZHU" Album="In the Morning" Grouping="" Genre="Pop" Kind="MP3 File" Size="8682411" TotalTime="246" DiscNumber="1" TrackNumber="1" Year="2016" AverageBpm="123.00" DateAdded="2025-08-08" BitRate="224" SampleRate="44100" Comments="2A - 5" PlayCount="1" Rating="0" Location="file://localhost/Users/zachvp/Music/DJ/_weddings/01%20-%20In%20the%20Morning.mp3" Remixer="" Tonality="2A" Label="" Mix="">
      <TEMPO Inizio="0.113" Bpm="123.00" Metro="4/4" Battito="1" />
      <POSITION_MARK Name="" Type="0" Start="225.587" Num="-1" />
      <POSITION_MARK Name="" Type="0" Start="14.725" Num="-1" />
    </TRACK>
    <TRACK TrackID="128100290" Name="One More Time" Artist="Daft Punk" Composer="" Album="Discovery" Grouping="" Genre="Pop" Kind="MP3 File" Size="10051512" TotalTime="320" DiscNumber="1" TrackNumber="1" Year="1900" AverageBpm="122.88" DateAdded="2025-08-08" BitRate="32" SampleRate="44100" Comments="10A - 7" PlayCount="0" Rating="0" Location="file://localhost/Users/zachvp/Music/DJ/_weddings/01%20-%20One%20More%20Time.mp3" Remixer="" Tonality="10A" Label="" Mix="">
      <TEMPO Inizio="0.092" Bpm="122.88" Metro="4/4" Battito="1" />
      <TEMPO Inizio="11.323" Bpm="122.88" Metro="4/4" Battito="4" />
      <TEMPO Inizio="41.597" Bpm="122.88" Metro="4/4" Battito="2" />
      <TEMPO Inizio="84.078" Bpm="122.88" Metro="4/4" Battito="1" />
      <TEMPO Inizio="114.352" Bpm="122.88" Metro="4/4" Battito="3" />
      <TEMPO Inizio="156.833" Bpm="122.88" Metro="4/4" Battito="2" />
      <TEMPO Inizio="187.107" Bpm="122.88" Metro="4/4" Battito="4" />
      <TEMPO Inizio="229.588" Bpm="122.88" Metro="4/4" Battito="3" />
      <TEMPO Inizio="259.862" Bpm="122.88" Metro="4/4" Battito="1" />
      <TEMPO Inizio="302.343" Bpm="122.88" Metro="4/4" Battito="4" />
    </TRACK>
    <TRACK TrackID="3683632" Name="Turn off the Lights" Artist="Chris Lake, Alexis Roberts" Composer="" Album="Turn off the Lights" Grouping="" Genre="Pop" Kind="MP3 File" Size="8495857" TotalTime="210" DiscNumber="1" TrackNumber="1" Year="2018" AverageBpm="125.00" DateAdded="2025-08-08" BitRate="320" SampleRate="44100" Comments="9A - 7" PlayCount="0" Rating="0" Location="file://localhost/Users/zachvp/Music/DJ/_weddings/Chris%20Lake,%20Alexis%20Roberts%20-%2001.%20Turn%20off%20the%20Lights.mp3" Remixer="" Tonality="9A" Label="" Mix="">
      <TEMPO Inizio="0.056" Bpm="125.00" Metro="4/4" Battito="1" />
      <TEMPO Inizio="110.455" Bpm="125.00" Metro="4/4" Battito="3" />
    </TRACK>
    <TRACK TrackID="102912125" Name="Dreaming (The Chainsmokers Remix)" Artist="Smallpools" Composer="Ryan McMahon" Album="Dreaming Remix EP" Grouping="" Genre="Pop" Kind="MP3 File" Size="10277777" TotalTime="297" DiscNumber="1" TrackNumber="1" Year="2013" AverageBpm="127.00" DateAdded="2025-08-08" BitRate="224" SampleRate="44100" Comments="5A - 8" PlayCount="0" Rating="0" Location="file://localhost/Users/zachvp/Music/DJ/_weddings/01%20-%20Dreaming%20(The%20Chainsmokers%20Remix).mp3" Remixer="" Tonality="5A" Label="" Mix="">
      <TEMPO Inizio="0.138" Bpm="127.00" Metro="4/4" Battito="2" />
      <TEMPO Inizio="0.611" Bpm="127.00" Metro="4/4" Battito="3" />
    </TRACK>
    <TRACK TrackID="36230215" Name="Sleeping With A Friend" Artist="Neon Trees" Composer="" Album="Pop Psychology" Grouping="" Genre="Pop" Kind="MP3 File" Size="7532306" TotalTime="228" DiscNumber="1" TrackNumber="3" Year="2014" AverageBpm="107.00" DateAdded="2025-08-08" BitRate="32" SampleRate="44100" Comments="10B - 7" PlayCount="0" Rating="0" Location="file://localhost/Users/zachvp/Music/DJ/_weddings/03%20-%20Sleeping%20With%20A%20Friend.mp3" Remixer="" Tonality="10B" Label="" Mix="">
      <TEMPO Inizio="0.219" Bpm="107.00" Metro="4/4" Battito="1" />
    </TRACK>
    <TRACK TrackID="98462932" Name="Runaway (U &amp; I)" Artist="Galantis" Composer="" Album="Pharmacy" Grouping="" Genre="Pop" Kind="MP3 File" Size="7101587" TotalTime="227" DiscNumber="1" TrackNumber="4" Year="2015" AverageBpm="126.00" DateAdded="2025-08-08" BitRate="32" SampleRate="44100" Comments="3A - 8" PlayCount="0" Rating="0" Location="file://localhost/Users/zachvp/Music/DJ/_weddings/04%20-%20Runaway%20(U%20%26%20I).mp3" Remixer="" Tonality="3A" Label="" Mix="">
      <TEMPO Inizio="0.155" Bpm="126.00" Metro="4/4" Battito="1" />
      <TEMPO Inizio="47.773" Bpm="126.00" Metro="4/4" Battito="1" />
      <TEMPO Inizio="90.629" Bpm="126.00" Metro="4/4" Battito="3" />
      <TEMPO Inizio="133.485" Bpm="126.00" Metro="4/4" Battito="1" />
      <TEMPO Inizio="178.722" Bpm="126.00" Metro="4/4" Battito="4" />
      <TEMPO Inizio="216.340" Bpm="126.00" Metro="4/4" Battito="3" />
    </TRACK>
    <TRACK TrackID="36806960" Name="Lean On" Artist="Major Lazer, DJ Snake feat. MØ" Composer="Steve Guess" Album="Peace Is The Mission" Grouping="" Genre="Pop" Kind="MP3 File" Size="6204462" TotalTime="176" DiscNumber="1" TrackNumber="4" Year="2015" AverageBpm="98.00" DateAdded="2025-08-08" BitRate="224" SampleRate="44100" Comments="6A - 7" PlayCount="0" Rating="0" Location="file://localhost/Users/zachvp/Music/DJ/_weddings/04%20-%20Lean%20On.mp3" Remixer="" Tonality="6A" Label="" Mix="">
      <TEMPO Inizio="0.224" Bpm="98.00" Metro="4/4" Battito="1" />
    </TRACK>
    <TRACK TrackID="35248942" Name="Cooler Than Me (Single Mix)" Artist="Mike Posner" Composer="Michael Posner" Album="31 Minutes To Takeoff" Grouping="" Genre="Pop" Kind="MP3 File" Size="6926703" TotalTime="213" DiscNumber="1" TrackNumber="4" Year="2010" AverageBpm="130.00" DateAdded="2025-08-08" BitRate="224" SampleRate="44100" Comments="6A - 7" PlayCount="1" Rating="0" Location="file://localhost/Users/zachvp/Music/DJ/_weddings/04%20-%20Cooler%20Than%20Me%20(Single%20Mix).mp3" Remixer="" Tonality="6A" Label="" Mix="">
      <TEMPO Inizio="0.317" Bpm="130.00" Metro="4/4" Battito="1" />
    </TRACK>
    <TRACK TrackID="170950078" Name="Pumpin Blood (The Chainsmokers Remix)" Artist="Nonono" Composer="" Album="Pumpin Blood (Remixes)" Grouping="" Genre="Pop" Kind="MP3 File" Size="8233029" TotalTime="243" DiscNumber="1" TrackNumber="3" Year="2014" AverageBpm="128.00" DateAdded="2025-08-08" BitRate="160" SampleRate="44100" Comments="9A - 7" PlayCount="0" Rating="0" Location="file://localhost/Users/zachvp/Music/DJ/_weddings/03%20-%20Pumpin%20Blood%20(The%20Chainsmokers%20Remix).mp3" Remixer="" Tonality="9A" Label="" Mix="">
      <TEMPO Inizio="0.046" Bpm="128.00" Metro="4/4" Battito="1" />
      <POSITION_MARK Name="" Type="0" Start="225.056" Num="-1" />
    </TRACK>
    <TRACK TrackID="99910101" Name="Clarity [feat. Foxes]" Artist="Zedd &amp; Foxes" Composer="" Album="Clarity" Grouping="" Genre="Pop" Kind="MP3 File" Size="8969673" TotalTime="271" DiscNumber="1" TrackNumber="5" Year="2012" AverageBpm="128.00" DateAdded="2025-08-08" BitRate="224" SampleRate="44100" Comments="4A - 6" PlayCount="0" Rating="0" Location="file://localhost/Users/zachvp/Music/DJ/_weddings/05%20-%20Clarity%20%5bfeat.%20Foxes%5d.mp3" Remixer="" Tonality="4A" Label="" Mix="">
      <TEMPO Inizio="0.033" Bpm="128.00" Metro="4/4" Battito="1" />
    </TRACK>
    <TRACK TrackID="222487517" Name="Rock Your Body" Artist="Justin Timberlake" Composer="Justin Timberlake" Album="Justified" Grouping="" Genre="Pop" Kind="MP3 File" Size="9035621" TotalTime="267" DiscNumber="1" TrackNumber="6" Year="2002" AverageBpm="101.00" DateAdded="2025-08-08" BitRate="224" SampleRate="44100" Comments="8A - 7" PlayCount="1" Rating="0" Location="file://localhost/Users/zachvp/Music/DJ/_weddings/06%20-%20Rock%20Your%20Body.mp3" Remixer="" Tonality="8A" Label="" Mix="">
      <TEMPO Inizio="0.309" Bpm="101.00" Metro="4/4" Battito="1" />
    </TRACK>
    <TRACK TrackID="225972494" Name="Old Friend" Artist="Elderbrook" Composer="" Album="Old Friend" Grouping="" Genre="Pop" Kind="MP3 File" Size="6887653" TotalTime="199" DiscNumber="1" TrackNumber="1" Year="2018" AverageBpm="122.00" DateAdded="2025-08-08" BitRate="224" SampleRate="44100" Comments="3A - 5" PlayCount="1" Rating="0" Location="file://localhost/Users/zachvp/Music/DJ/_weddings/01%20-%20Old%20Friend.mp3" Remixer="" Tonality="3A" Label="" Mix="">
      <TEMPO Inizio="0.115" Bpm="122.00" Metro="4/4" Battito="1" />
    </TRACK>
    <TRACK TrackID="203946329" Name="Jealous (I Ain't With It)" Artist="Chromeo" Composer="" Album="White Women" Grouping="" Genre="Pop" Kind="MP3 File" Size="7639834" TotalTime="228" DiscNumber="1" TrackNumber="1" Year="2014" AverageBpm="128.00" DateAdded="2025-08-08" BitRate="32" SampleRate="44100" Comments="4A - 7" PlayCount="0" Rating="0" Location="file://localhost/Users/zachvp/Music/DJ/_weddings/01%20-%20Jealous%20(I%20Ain%27t%20With%20It).mp3" Remixer="" Tonality="4A" Label="" Mix="">
      <TEMPO Inizio="0.107" Bpm="128.00" Metro="4/4" Battito="3" />
    </TRACK>
  </COLLECTION><PLAYLISTS>
        <NODE Type="0" Name="ROOT" Count="2">
            <NODE Name="CUE Analysis Playlist" Type="1" KeyType="0" Entries="0" />
            <NODE Name="_pruned" Type="1" KeyType="0" Entries="0" />
            <NODE Name="dynamic" Type="0" KeyType="0" Entries="1">
                <NODE Name="unplayed" Type="1" KeyType="0" Entries="1655"><TRACK Key="31835689" /><TRACK Key="57608327" /><TRACK Key="7799692" /><TRACK Key="174105776" /><TRACK Key="5418691" /><TRACK Key="95102292" /><TRACK Key="240517763" /><TRACK Key="12127756" /><TRACK Key="31571008" /><TRACK Key="248097284" /><TRACK Key="231791212" /><TRACK Key="19477715" /><TRACK Key="177266912" /><TRACK Key="248175313" /><TRACK Key="54208879" /><TRACK Key="222313924" /><TRACK Key="218107018" /><TRACK Key="130247672" /><TRACK Key="196665512" /><TRACK Key="25475093" /><TRACK Key="249052726" /><TRACK Key="151408429" /><TRACK Key="154142289" /><TRACK Key="87568382" /><TRACK Key="171118846" /><TRACK Key="257000175" /><TRACK Key="211155076" /><TRACK Key="253798130" /><TRACK Key="206228150" /><TRACK Key="160561140" /><TRACK Key="103948698" /><TRACK Key="218858956" /><TRACK Key="71004673" /><TRACK Key="98315161" /><TRACK Key="228518955" /><TRACK Key="23400019" /><TRACK Key="42751744" /><TRACK Key="13581423" /><TRACK Key="19988061" /><TRACK Key="62289533" /><TRACK Key="41611308" /><TRACK Key="212873886" /><TRACK Key="226052642" /><TRACK Key="131799414" /><TRACK Key="234874863" /><TRACK Key="87117706" /><TRACK Key="10169464" /><TRACK Key="254036346" /><TRACK Key="101166281" /><TRACK Key="218123707" /><TRACK Key="70069044" /><TRACK Key="262228554" /><TRACK Key="130310046" /><TRACK Key="14375799" /><TRACK Key="60219009" /><TRACK Key="177664758" /><TRACK Key="257649076" /><TRACK Key="137376565" /><TRACK Key="208658182" /><TRACK Key="136211189" /><TRACK Key="58356175" /><TRACK Key="183444466" /><TRACK Key="114363557" /><TRACK Key="102659945" /><TRACK Key="53279870" /><TRACK Key="183796240" /><TRACK Key="251462866" /><TRACK Key="157309416" /><TRACK Key="4623023" /><TRACK Key="58334086" /><TRACK Key="173264587" /><TRACK Key="64281386" /><TRACK Key="158630344" /><TRACK Key="240125197" /><TRACK Key="180330178" /><TRACK Key="264205102" /><TRACK Key="223693245" /><TRACK Key="98848502" /><TRACK Key="246253477" /><TRACK Key="129118362" /><TRACK Key="64073322" /><TRACK Key="60660676" /><TRACK Key="18434225" /><TRACK Key="191289519" /><TRACK Key="17733620" /><TRACK Key="96786115" /><TRACK Key="82825544" /><TRACK Key="32316519" /><TRACK Key="223924484" /><TRACK Key="51911481" /><TRACK Key="206384931" /><TRACK Key="240385795" /><TRACK Key="131861543" /><TRACK Key="195274842" /><TRACK Key="49550682" /><TRACK Key="15204803" /><TRACK Key="185317855" /><TRACK Key="171129840" /><TRACK Key="252128882" /><TRACK Key="7485561" /><TRACK Key="228662737" /><TRACK Key="38791458" /><TRACK Key="194247526" /><TRACK Key="262864930" /><TRACK Key="42915480" /><TRACK Key="18551752" /><TRACK Key="156681111" /><TRACK Key="227856281" /><TRACK Key="217531819" /><TRACK Key="159290855" /><TRACK Key="107311678" /><TRACK Key="200758742" /><TRACK Key="163835319" /><TRACK Key="100873543" /><TRACK Key="2037345" /><TRACK Key="50873106" /><TRACK Key="230783878" /><TRACK Key="5557107" /><TRACK Key="218386151" /><TRACK Key="218688522" /><TRACK Key="4039611" /><TRACK Key="245945645" /><TRACK Key="150684918" /><TRACK Key="241320807" /><TRACK Key="241007032" /><TRACK Key="24304474" /><TRACK Key="133967224" /><TRACK Key="266746893" /><TRACK Key="72244108" /><TRACK Key="219892847" /><TRACK Key="244797504" /><TRACK Key="240141697" /><TRACK Key="48940610" /><TRACK Key="153807249" /><TRACK Key="94574589" /><TRACK Key="225273317" /><TRACK Key="164407816" /><TRACK Key="197468640" /><TRACK Key="99784314" /><TRACK Key="151930707" /><TRACK Key="258391186" /><TRACK Key="153226212" /><TRACK Key="1521087" /><TRACK Key="208703608" /><TRACK Key="105834477" /><TRACK Key="124752653" /><TRACK Key="115995087" /><TRACK Key="163202369" /><TRACK Key="80931161" /><TRACK Key="111742720" /><TRACK Key="151121540" /><TRACK Key="32360530" /><TRACK Key="48989312" /><TRACK Key="234980114" /><TRACK Key="132971111" /><TRACK Key="9515832" /><TRACK Key="135527100" /><TRACK Key="115756020" /><TRACK Key="156847979" /><TRACK Key="56834076" /><TRACK Key="199760629" /><TRACK Key="246346944" /><TRACK Key="124557119" /><TRACK Key="118837175" /><TRACK Key="218751835" /><TRACK Key="130629278" /><TRACK Key="17667725" /><TRACK Key="81239419" /><TRACK Key="89508155" /><TRACK Key="116491296" /><TRACK Key="21946493" /><TRACK Key="189920605" /><TRACK Key="37505617" /><TRACK Key="134803041" /><TRACK Key="185582142" /><TRACK Key="182240137" /><TRACK Key="145457071" /><TRACK Key="143402394" /><TRACK Key="162703097" /><TRACK Key="6267782" /><TRACK Key="220415569" /><TRACK Key="18705082" /><TRACK Key="1509188" /><TRACK Key="243926826" /><TRACK Key="14569216" /><TRACK Key="176556047" /><TRACK Key="111191425" /><TRACK Key="40253398" /><TRACK Key="118044370" /><TRACK Key="250967365" /><TRACK Key="71768553" /><TRACK Key="46529919" /><TRACK Key="223127085" /><TRACK Key="104611874" /><TRACK Key="29839591" /><TRACK Key="178180481" /><TRACK Key="187545783" /><TRACK Key="145956971" /><TRACK Key="115450028" /><TRACK Key="88340495" /><TRACK Key="214372527" /><TRACK Key="210054803" /><TRACK Key="204325411" /><TRACK Key="73712833" /><TRACK Key="55924191" /><TRACK Key="139394839" /><TRACK Key="220198174" /><TRACK Key="267529376" /><TRACK Key="91201447" /><TRACK Key="112529769" /><TRACK Key="30706587" /><TRACK Key="43903011" /><TRACK Key="28542079" /><TRACK Key="116544720" /><TRACK Key="193698294" /><TRACK Key="150341867" /><TRACK Key="259193332" /><TRACK Key="166933518" /><TRACK Key="76108242" /><TRACK Key="221668292" /><TRACK Key="10873646" /><TRACK Key="96883359" /><TRACK Key="162145398" /><TRACK Key="37743976" /><TRACK Key="31802958" /><TRACK Key="128433804" /><TRACK Key="42926415" /><TRACK Key="154420753" /><TRACK Key="250827812" /><TRACK Key="106292658" /><TRACK Key="13869062" /><TRACK Key="31165224" /><TRACK Key="70479099" /><TRACK Key="215152177" /><TRACK Key="26264438" /><TRACK Key="13575989" /><TRACK Key="95800282" /><TRACK Key="232094215" /><TRACK Key="189389317" /><TRACK Key="224803439" /><TRACK Key="141024776" /><TRACK Key="45978181" /><TRACK Key="162045321" /><TRACK Key="263387800" /><TRACK Key="34903297" /><TRACK Key="141434858" /><TRACK Key="213263792" /><TRACK Key="157878035" /><TRACK Key="118815760" /><TRACK Key="267896468" /><TRACK Key="176480492" /><TRACK Key="187061190" /><TRACK Key="29064555" /><TRACK Key="163360785" /><TRACK Key="261991266" /><TRACK Key="80347189" /><TRACK Key="136390426" /><TRACK Key="114272789" /><TRACK Key="223452252" /><TRACK Key="18532674" /><TRACK Key="213293504" /><TRACK Key="77641791" /><TRACK Key="165742268" /><TRACK Key="102395926" /><TRACK Key="66615036" /><TRACK Key="191271542" /><TRACK Key="103813416" /><TRACK Key="73093802" /><TRACK Key="246633279" /><TRACK Key="14074768" /><TRACK Key="32730073" /><TRACK Key="27299875" /><TRACK Key="265687477" /><TRACK Key="207640583" /><TRACK Key="164266036" /><TRACK Key="261302107" /><TRACK Key="20797337" /><TRACK Key="66035419" /><TRACK Key="112823307" /><TRACK Key="239774431" /><TRACK Key="212471010" /><TRACK Key="69527624" /><TRACK Key="237264128" /><TRACK Key="228423892" /><TRACK Key="220359864" /><TRACK Key="21032930" /><TRACK Key="87763072" /><TRACK Key="233349527" /><TRACK Key="14643145" /><TRACK Key="104368052" /><TRACK Key="218885967" /><TRACK Key="146863941" /><TRACK Key="247132630" /><TRACK Key="256805402" /><TRACK Key="268158046" /><TRACK Key="173653004" /><TRACK Key="243899322" /><TRACK Key="210266830" /><TRACK Key="11751947" /><TRACK Key="173658561" /><TRACK Key="160769140" /><TRACK Key="257932283" /><TRACK Key="141470082" /><TRACK Key="153306704" /><TRACK Key="41519187" /><TRACK Key="42910553" /><TRACK Key="81995230" /><TRACK Key="174355831" /><TRACK Key="228500814" /><TRACK Key="175027532" /><TRACK Key="163172803" /><TRACK Key="233313461" /><TRACK Key="129318668" /><TRACK Key="156994240" /><TRACK Key="197195750" /><TRACK Key="236154418" /><TRACK Key="172167928" /><TRACK Key="155726293" /><TRACK Key="13179148" /><TRACK Key="171641980" /><TRACK Key="133131568" /><TRACK Key="63210008" /><TRACK Key="107943762" /><TRACK Key="79435794" /><TRACK Key="173984727" /><TRACK Key="41418517" /><TRACK Key="190667686" /><TRACK Key="34862646" /><TRACK Key="212526988" /><TRACK Key="60550103" /><TRACK Key="95221774" /><TRACK Key="175459310" /><TRACK Key="126942238" /><TRACK Key="203256987" /><TRACK Key="24010114" /><TRACK Key="235421829" /><TRACK Key="228216611" /><TRACK Key="223954233" /><TRACK Key="20069884" /><TRACK Key="184497846" /><TRACK Key="151724393" /><TRACK Key="157607293" /><TRACK Key="49532702" /><TRACK Key="183010242" /><TRACK Key="167696280" /><TRACK Key="98894247" /><TRACK Key="6220630" /><TRACK Key="71457256" /><TRACK Key="30144577" /><TRACK Key="67486438" /><TRACK Key="99386669" /><TRACK Key="168909150" /><TRACK Key="42494608" /><TRACK Key="135858022" /><TRACK Key="18405897" /><TRACK Key="212238773" /><TRACK Key="166448641" /><TRACK Key="55586120" /><TRACK Key="243452496" /><TRACK Key="99664658" /><TRACK Key="118090461" /><TRACK Key="122923960" /><TRACK Key="100431151" /><TRACK Key="40987" /><TRACK Key="119882169" /><TRACK Key="260123066" /><TRACK Key="93566564" /><TRACK Key="39333966" /><TRACK Key="246717825" /><TRACK Key="25608192" /><TRACK Key="10658225" /><TRACK Key="195789169" /><TRACK Key="124648283" /><TRACK Key="125009943" /><TRACK Key="245984482" /><TRACK Key="121816545" /><TRACK Key="264002754" /><TRACK Key="4561867" /><TRACK Key="242661394" /><TRACK Key="236930492" /><TRACK Key="3588718" /><TRACK Key="165653830" /><TRACK Key="51330516" /><TRACK Key="37844297" /><TRACK Key="198230885" /><TRACK Key="50761295" /><TRACK Key="57071202" /><TRACK Key="69933963" /><TRACK Key="100606440" /><TRACK Key="156876093" /><TRACK Key="188870613" /><TRACK Key="262199216" /><TRACK Key="13766984" /><TRACK Key="84840000" /><TRACK Key="233284448" /><TRACK Key="135115958" /><TRACK Key="49628133" /><TRACK Key="117012096" /><TRACK Key="62464892" /><TRACK Key="33677026" /><TRACK Key="76655350" /><TRACK Key="3012554" /><TRACK Key="252841222" /><TRACK Key="90756310" /><TRACK Key="112875794" /><TRACK Key="46940283" /><TRACK Key="55959645" /><TRACK Key="31185123" /><TRACK Key="117057762" /><TRACK Key="59039824" /><TRACK Key="259420093" /><TRACK Key="108340556" /><TRACK Key="41049848" /><TRACK Key="133453126" /><TRACK Key="21816594" /><TRACK Key="46317223" /><TRACK Key="225289881" /><TRACK Key="228647796" /><TRACK Key="14522488" /><TRACK Key="131463461" /><TRACK Key="203498999" /><TRACK Key="82365329" /><TRACK Key="232421524" /><TRACK Key="142105172" /><TRACK Key="45691955" /><TRACK Key="176340376" /><TRACK Key="39269515" /><TRACK Key="12164532" /><TRACK Key="143610014" /><TRACK Key="166565020" /><TRACK Key="122298208" /><TRACK Key="109098046" /><TRACK Key="134293612" /><TRACK Key="108115305" /><TRACK Key="24930500" /><TRACK Key="89462822" /><TRACK Key="236604920" /><TRACK Key="58774184" /><TRACK Key="64256363" /><TRACK Key="91861225" /><TRACK Key="51613161" /><TRACK Key="201671475" /><TRACK Key="217264400" /><TRACK Key="42308703" /><TRACK Key="107080320" /><TRACK Key="131918933" /><TRACK Key="75871467" /><TRACK Key="129099323" /><TRACK Key="42791574" /><TRACK Key="51426105" /><TRACK Key="44410175" /><TRACK Key="83904264" /><TRACK Key="164320857" /><TRACK Key="140605249" /><TRACK Key="49146219" /><TRACK Key="53551454" /><TRACK Key="107282429" /><TRACK Key="10221242" /><TRACK Key="127689606" /><TRACK Key="72753128" /><TRACK Key="89560486" /><TRACK Key="97477197" /><TRACK Key="50424725" /><TRACK Key="98485990" /><TRACK Key="235489012" /><TRACK Key="103754982" /><TRACK Key="247385505" /><TRACK Key="240689847" /><TRACK Key="85631736" /><TRACK Key="130399167" /><TRACK Key="108306448" /><TRACK Key="3010832" /><TRACK Key="96000518" /><TRACK Key="120710427" /><TRACK Key="181878235" /><TRACK Key="185647687" /><TRACK Key="37365804" /><TRACK Key="36704347" /><TRACK Key="254058956" /><TRACK Key="109883565" /><TRACK Key="18724841" /><TRACK Key="242680207" /><TRACK Key="169342585" /><TRACK Key="200938417" /><TRACK Key="59757640" /><TRACK Key="223758388" /><TRACK Key="243590224" /><TRACK Key="19351372" /><TRACK Key="145370647" /><TRACK Key="205534139" /><TRACK Key="13966875" /><TRACK Key="45098808" /><TRACK Key="49160502" /><TRACK Key="151859142" /><TRACK Key="214778867" /><TRACK Key="79886297" /><TRACK Key="193903962" /><TRACK Key="123649971" /><TRACK Key="198497732" /><TRACK Key="238033582" /><TRACK Key="116238091" /><TRACK Key="37312149" /><TRACK Key="266715116" /><TRACK Key="260369091" /><TRACK Key="143037456" /><TRACK Key="135481603" /><TRACK Key="120537149" /><TRACK Key="237780910" /><TRACK Key="83146368" /><TRACK Key="31272410" /><TRACK Key="243204573" /><TRACK Key="252587301" /><TRACK Key="189789525" /><TRACK Key="128376048" /><TRACK Key="51571" /><TRACK Key="198201766" /><TRACK Key="160753659" /><TRACK Key="164696248" /><TRACK Key="166324313" /><TRACK Key="50780987" /><TRACK Key="186735363" /><TRACK Key="197714436" /><TRACK Key="201139841" /><TRACK Key="161672376" /><TRACK Key="177875854" /><TRACK Key="46832492" /><TRACK Key="18440248" /><TRACK Key="22616922" /><TRACK Key="265491373" /><TRACK Key="172192042" /><TRACK Key="158322753" /><TRACK Key="209107359" /><TRACK Key="4733187" /><TRACK Key="12585652" /><TRACK Key="211631375" /><TRACK Key="106677788" /><TRACK Key="57779752" /><TRACK Key="42562922" /><TRACK Key="148924236" /><TRACK Key="48336208" /><TRACK Key="43979480" /><TRACK Key="166399340" /><TRACK Key="258786008" /><TRACK Key="218283317" /><TRACK Key="164861732" /><TRACK Key="237107054" /><TRACK Key="205332489" /><TRACK Key="52054909" /><TRACK Key="73655042" /><TRACK Key="252195946" /><TRACK Key="178454476" /><TRACK Key="43942707" /><TRACK Key="100029967" /><TRACK Key="73479773" /><TRACK Key="105941900" /><TRACK Key="7483610" /><TRACK Key="18079186" /><TRACK Key="211404434" /><TRACK Key="100279522" /><TRACK Key="256606005" /><TRACK Key="7848599" /><TRACK Key="260120539" /><TRACK Key="10020460" /><TRACK Key="7450878" /><TRACK Key="98249390" /><TRACK Key="90126775" /><TRACK Key="25856981" /><TRACK Key="166644490" /><TRACK Key="72203561" /><TRACK Key="214868749" /><TRACK Key="227814544" /><TRACK Key="246057306" /><TRACK Key="256845989" /><TRACK Key="24807849" /><TRACK Key="204009167" /><TRACK Key="105179326" /><TRACK Key="173645869" /><TRACK Key="180697194" /><TRACK Key="5706634" /><TRACK Key="157713502" /><TRACK Key="100045339" /><TRACK Key="23310049" /><TRACK Key="221517305" /><TRACK Key="147314352" /><TRACK Key="34167487" /><TRACK Key="27296268" /><TRACK Key="116597733" /><TRACK Key="208815723" /><TRACK Key="184951150" /><TRACK Key="54923186" /><TRACK Key="114788592" /><TRACK Key="239619387" /><TRACK Key="194545347" /><TRACK Key="148538761" /><TRACK Key="231593019" /><TRACK Key="120343824" /><TRACK Key="89433929" /><TRACK Key="66993693" /><TRACK Key="266403291" /><TRACK Key="251072848" /><TRACK Key="73527738" /><TRACK Key="168920317" /><TRACK Key="18576014" /><TRACK Key="160288711" /><TRACK Key="85309614" /><TRACK Key="156270429" /><TRACK Key="246327229" /><TRACK Key="232889802" /><TRACK Key="186687177" /><TRACK Key="18242882" /><TRACK Key="138112663" /><TRACK Key="21535669" /><TRACK Key="124018043" /><TRACK Key="256730308" /><TRACK Key="144767409" /><TRACK Key="126278680" /><TRACK Key="87212577" /><TRACK Key="259058185" /><TRACK Key="164500895" /><TRACK Key="231390379" /><TRACK Key="117061133" /><TRACK Key="146345541" /><TRACK Key="213238610" /><TRACK Key="33394457" /><TRACK Key="235845713" /><TRACK Key="104266574" /><TRACK Key="204986817" /><TRACK Key="164379651" /><TRACK Key="198228248" /><TRACK Key="211438334" /><TRACK Key="157501441" /><TRACK Key="172072930" /><TRACK Key="53804702" /><TRACK Key="29547355" /><TRACK Key="123160361" /><TRACK Key="260916274" /><TRACK Key="90139242" /><TRACK Key="237516755" /><TRACK Key="159524738" /><TRACK Key="57152099" /><TRACK Key="227364094" /><TRACK Key="19462339" /><TRACK Key="200786949" /><TRACK Key="31154387" /><TRACK Key="235180771" /><TRACK Key="241690941" /><TRACK Key="97740459" /><TRACK Key="94889406" /><TRACK Key="264027856" /><TRACK Key="67028977" /><TRACK Key="209840431" /><TRACK Key="239311446" /><TRACK Key="151364300" /><TRACK Key="76974584" /><TRACK Key="62790308" /><TRACK Key="268202446" /><TRACK Key="160277348" /><TRACK Key="158611465" /><TRACK Key="215429939" /><TRACK Key="190682400" /><TRACK Key="259479459" /><TRACK Key="97924106" /><TRACK Key="232115660" /><TRACK Key="55192917" /><TRACK Key="245911630" /><TRACK Key="116323903" /><TRACK Key="162341930" /><TRACK Key="129197934" /><TRACK Key="259891365" /><TRACK Key="60490533" /><TRACK Key="199878773" /><TRACK Key="129140854" /><TRACK Key="219371162" /><TRACK Key="231826931" /><TRACK Key="179787575" /><TRACK Key="50200790" /><TRACK Key="60682732" /><TRACK Key="78640577" /><TRACK Key="20534984" /><TRACK Key="158653764" /><TRACK Key="173392933" /><TRACK Key="226284202" /><TRACK Key="65119117" /><TRACK Key="181509624" /><TRACK Key="259611365" /><TRACK Key="60600885" /><TRACK Key="242553073" /><TRACK Key="39250002" /><TRACK Key="27766764" /><TRACK Key="127801521" /><TRACK Key="267607258" /><TRACK Key="91401237" /><TRACK Key="33068168" /><TRACK Key="121636706" /><TRACK Key="262607520" /><TRACK Key="240848079" /><TRACK Key="2205149" /><TRACK Key="247615800" /><TRACK Key="170435049" /><TRACK Key="25623362" /><TRACK Key="149001964" /><TRACK Key="225414465" /><TRACK Key="62282033" /><TRACK Key="97378549" /><TRACK Key="139710468" /><TRACK Key="38882318" /><TRACK Key="207148756" /><TRACK Key="264193814" /><TRACK Key="265081258" /><TRACK Key="147640159" /><TRACK Key="178728778" /><TRACK Key="240861118" /><TRACK Key="101919558" /><TRACK Key="171825002" /><TRACK Key="222224550" /><TRACK Key="72923954" /><TRACK Key="52932234" /><TRACK Key="150405086" /><TRACK Key="151742998" /><TRACK Key="32594022" /><TRACK Key="257020913" /><TRACK Key="252152622" /><TRACK Key="4966666" /><TRACK Key="215934650" /><TRACK Key="46750427" /><TRACK Key="264355218" /><TRACK Key="123450756" /><TRACK Key="158657751" /><TRACK Key="225250643" /><TRACK Key="110876913" /><TRACK Key="74731420" /><TRACK Key="232641895" /><TRACK Key="21977463" /><TRACK Key="222738218" /><TRACK Key="238873839" /><TRACK Key="161218949" /><TRACK Key="133559130" /><TRACK Key="263316888" /><TRACK Key="64652862" /><TRACK Key="63371917" /><TRACK Key="214220648" /><TRACK Key="84528477" /><TRACK Key="230462994" /><TRACK Key="55454823" /><TRACK Key="25439266" /><TRACK Key="100586761" /><TRACK Key="207265798" /><TRACK Key="136679368" /><TRACK Key="133320058" /><TRACK Key="157659948" /><TRACK Key="244732513" /><TRACK Key="215145288" /><TRACK Key="198200848" /><TRACK Key="56962316" /><TRACK Key="226210036" /><TRACK Key="23449093" /><TRACK Key="138570068" /><TRACK Key="72924460" /><TRACK Key="109058700" /><TRACK Key="210238741" /><TRACK Key="137356458" /><TRACK Key="265421339" /><TRACK Key="217131062" /><TRACK Key="210380146" /><TRACK Key="54404332" /><TRACK Key="145472685" /><TRACK Key="141555756" /><TRACK Key="228468213" /><TRACK Key="121851179" /><TRACK Key="23210349" /><TRACK Key="26710129" /><TRACK Key="74942189" /><TRACK Key="22302909" /><TRACK Key="27652301" /><TRACK Key="136459994" /><TRACK Key="247462045" /><TRACK Key="123049025" /><TRACK Key="105700146" /><TRACK Key="27711443" /><TRACK Key="225479420" /><TRACK Key="176143524" /><TRACK Key="225640920" /><TRACK Key="130267621" /><TRACK Key="2435248" /><TRACK Key="80112053" /><TRACK Key="151664508" /><TRACK Key="76682789" /><TRACK Key="162843380" /><TRACK Key="128619253" /><TRACK Key="122483973" /><TRACK Key="83644399" /><TRACK Key="249248191" /><TRACK Key="171139996" /><TRACK Key="247961953" /><TRACK Key="169553438" /><TRACK Key="82308400" /><TRACK Key="258907859" /><TRACK Key="10469539" /><TRACK Key="87103770" /><TRACK Key="15640572" /><TRACK Key="28067974" /><TRACK Key="192541774" /><TRACK Key="43774283" /><TRACK Key="249753630" /><TRACK Key="47943217" /><TRACK Key="129207059" /><TRACK Key="9856670" /><TRACK Key="42521279" /><TRACK Key="68088091" /><TRACK Key="115149027" /><TRACK Key="15657676" /><TRACK Key="146961709" /><TRACK Key="25573671" /><TRACK Key="244426580" /><TRACK Key="221826014" /><TRACK Key="167899919" /><TRACK Key="239864276" /><TRACK Key="200422437" /><TRACK Key="44294490" /><TRACK Key="15195376" /><TRACK Key="158151860" /><TRACK Key="138628874" /><TRACK Key="33102769" /><TRACK Key="138318784" /><TRACK Key="212010229" /><TRACK Key="20539078" /><TRACK Key="205638600" /><TRACK Key="9806061" /><TRACK Key="71104704" /><TRACK Key="21719473" /><TRACK Key="135521909" /><TRACK Key="1568604" /><TRACK Key="249405976" /><TRACK Key="189468955" /><TRACK Key="244235798" /><TRACK Key="63252021" /><TRACK Key="213527956" /><TRACK Key="213045728" /><TRACK Key="217049574" /><TRACK Key="253113557" /><TRACK Key="10809226" /><TRACK Key="61636796" /><TRACK Key="197859633" /><TRACK Key="71665598" /><TRACK Key="30119326" /><TRACK Key="80770672" /><TRACK Key="203714550" /><TRACK Key="75628941" /><TRACK Key="53872894" /><TRACK Key="150634820" /><TRACK Key="58678700" /><TRACK Key="86872462" /><TRACK Key="141967885" /><TRACK Key="67631950" /><TRACK Key="18132952" /><TRACK Key="210671887" /><TRACK Key="249251933" /><TRACK Key="173537188" /><TRACK Key="16155057" /><TRACK Key="174078330" /><TRACK Key="226479156" /><TRACK Key="57955319" /><TRACK Key="13683912" /><TRACK Key="220227037" /><TRACK Key="265952956" /><TRACK Key="251961212" /><TRACK Key="230237561" /><TRACK Key="42002366" /><TRACK Key="80159847" /><TRACK Key="177263729" /><TRACK Key="258451760" /><TRACK Key="186077342" /><TRACK Key="11826103" /><TRACK Key="236687429" /><TRACK Key="61676653" /><TRACK Key="18411445" /><TRACK Key="256437348" /><TRACK Key="118370083" /><TRACK Key="195094890" /><TRACK Key="196322297" /><TRACK Key="17905277" /><TRACK Key="53999504" /><TRACK Key="184853804" /><TRACK Key="238071345" /><TRACK Key="57897535" /><TRACK Key="170579158" /><TRACK Key="158853725" /><TRACK Key="232379781" /><TRACK Key="1174306" /><TRACK Key="116229114" /><TRACK Key="217534431" /><TRACK Key="193853853" /><TRACK Key="171340986" /><TRACK Key="159834485" /><TRACK Key="256241420" /><TRACK Key="124751333" /><TRACK Key="121063775" /><TRACK Key="128864940" /><TRACK Key="165361364" /><TRACK Key="135605957" /><TRACK Key="100902049" /><TRACK Key="6516224" /><TRACK Key="159601667" /><TRACK Key="142901065" /><TRACK Key="235510649" /><TRACK Key="217647925" /><TRACK Key="87266231" /><TRACK Key="96229329" /><TRACK Key="105410206" /><TRACK Key="160026307" /><TRACK Key="131016222" /><TRACK Key="235784489" /><TRACK Key="152283800" /><TRACK Key="68152146" /><TRACK Key="257754260" /><TRACK Key="187481026" /><TRACK Key="222503974" /><TRACK Key="158033338" /><TRACK Key="19018425" /><TRACK Key="174552190" /><TRACK Key="178341715" /><TRACK Key="207608025" /><TRACK Key="230171305" /><TRACK Key="185601439" /><TRACK Key="72096066" /><TRACK Key="189749873" /><TRACK Key="29549828" /><TRACK Key="86226515" /><TRACK Key="39897784" /><TRACK Key="3701926" /><TRACK Key="150665234" /><TRACK Key="190800410" /><TRACK Key="146089188" /><TRACK Key="121422691" /><TRACK Key="258390793" /><TRACK Key="28854799" /><TRACK Key="75858341" /><TRACK Key="111583617" /><TRACK Key="11990709" /><TRACK Key="159698227" /><TRACK Key="90532631" /><TRACK Key="157816460" /><TRACK Key="145343544" /><TRACK Key="150213631" /><TRACK Key="116834309" /><TRACK Key="22437635" /><TRACK Key="171821928" /><TRACK Key="149282708" /><TRACK Key="68671712" /><TRACK Key="202675775" /><TRACK Key="247229421" /><TRACK Key="209444421" /><TRACK Key="61283758" /><TRACK Key="26288430" /><TRACK Key="160287166" /><TRACK Key="144693978" /><TRACK Key="162429262" /><TRACK Key="188560307" /><TRACK Key="165546143" /><TRACK Key="91984034" /><TRACK Key="88711175" /><TRACK Key="85989222" /><TRACK Key="69257376" /><TRACK Key="9156047" /><TRACK Key="122902312" /><TRACK Key="163113815" /><TRACK Key="205915449" /><TRACK Key="21288995" /><TRACK Key="21713318" /><TRACK Key="242307821" /><TRACK Key="189316338" /><TRACK Key="58758513" /><TRACK Key="145940678" /><TRACK Key="18109150" /><TRACK Key="7050828" /><TRACK Key="31969126" /><TRACK Key="223691181" /><TRACK Key="11148970" /><TRACK Key="164144671" /><TRACK Key="177081350" /><TRACK Key="183385046" /><TRACK Key="256654019" /><TRACK Key="120780090" /><TRACK Key="264730178" /><TRACK Key="10959901" /><TRACK Key="30094263" /><TRACK Key="234039958" /><TRACK Key="166644000" /><TRACK Key="152037647" /><TRACK Key="111346778" /><TRACK Key="215463044" /><TRACK Key="249437777" /><TRACK Key="175233727" /><TRACK Key="145431932" /><TRACK Key="149142989" /><TRACK Key="109649935" /><TRACK Key="49842339" /><TRACK Key="103443629" /><TRACK Key="32613712" /><TRACK Key="175829926" /><TRACK Key="153311838" /><TRACK Key="241051730" /><TRACK Key="125373562" /><TRACK Key="219194368" /><TRACK Key="693349" /><TRACK Key="143290688" /><TRACK Key="184881384" /><TRACK Key="144854855" /><TRACK Key="131722133" /><TRACK Key="34430177" /><TRACK Key="5641720" /><TRACK Key="39109757" /><TRACK Key="10180974" /><TRACK Key="248159164" /><TRACK Key="268012378" /><TRACK Key="176637764" /><TRACK Key="5315024" /><TRACK Key="44615631" /><TRACK Key="102807766" /><TRACK Key="87005598" /><TRACK Key="160407081" /><TRACK Key="221713710" /><TRACK Key="134673693" /><TRACK Key="240552044" /><TRACK Key="16991190" /><TRACK Key="245530754" /><TRACK Key="213648668" /><TRACK Key="66623683" /><TRACK Key="241182311" /><TRACK Key="194844808" /><TRACK Key="129716087" /><TRACK Key="149742830" /><TRACK Key="117674760" /><TRACK Key="114039386" /><TRACK Key="131206383" /><TRACK Key="226771137" /><TRACK Key="24305667" /><TRACK Key="193581993" /><TRACK Key="1060126" /><TRACK Key="131603854" /><TRACK Key="116353629" /><TRACK Key="210472868" /><TRACK Key="55156676" /><TRACK Key="86903919" /><TRACK Key="159125510" /><TRACK Key="227252432" /><TRACK Key="248471148" /><TRACK Key="89445535" /><TRACK Key="122918768" /><TRACK Key="49932491" /><TRACK Key="50615478" /><TRACK Key="39670031" /><TRACK Key="20018691" /><TRACK Key="183226502" /><TRACK Key="91909387" /><TRACK Key="218622000" /><TRACK Key="259787033" /><TRACK Key="52338388" /><TRACK Key="34672153" /><TRACK Key="87314127" /><TRACK Key="128609052" /><TRACK Key="174029030" /><TRACK Key="35357325" /><TRACK Key="236515983" /><TRACK Key="196278808" /><TRACK Key="20648692" /><TRACK Key="75753562" /><TRACK Key="134623818" /><TRACK Key="171114726" /><TRACK Key="161673534" /><TRACK Key="226454934" /><TRACK Key="39717700" /><TRACK Key="112975344" /><TRACK Key="82061933" /><TRACK Key="32923846" /><TRACK Key="169519807" /><TRACK Key="134345365" /><TRACK Key="173363234" /><TRACK Key="50642981" /><TRACK Key="181855582" /><TRACK Key="130695490" /><TRACK Key="173148150" /><TRACK Key="11044842" /><TRACK Key="78241033" /><TRACK Key="222305498" /><TRACK Key="155774417" /><TRACK Key="175585571" /><TRACK Key="206434785" /><TRACK Key="240145845" /><TRACK Key="83348602" /><TRACK Key="46076899" /><TRACK Key="61643413" /><TRACK Key="254805289" /><TRACK Key="37000837" /><TRACK Key="131637159" /><TRACK Key="111746267" /><TRACK Key="49247520" /><TRACK Key="91945939" /><TRACK Key="73795798" /><TRACK Key="174641696" /><TRACK Key="224164794" /><TRACK Key="75900993" /><TRACK Key="201717456" /><TRACK Key="259974521" /><TRACK Key="139122997" /><TRACK Key="10586260" /><TRACK Key="45615714" /><TRACK Key="45872241" /><TRACK Key="114591453" /><TRACK Key="124621195" /><TRACK Key="97548902" /><TRACK Key="117415877" /><TRACK Key="90313214" /><TRACK Key="199781132" /><TRACK Key="250579915" /><TRACK Key="239040053" /><TRACK Key="164480719" /><TRACK Key="186584036" /><TRACK Key="81947396" /><TRACK Key="101190097" /><TRACK Key="110156871" /><TRACK Key="3397442" /><TRACK Key="10504578" /><TRACK Key="180335146" /><TRACK Key="50112762" /><TRACK Key="113225943" /><TRACK Key="224331116" /><TRACK Key="134754017" /><TRACK Key="264751448" /><TRACK Key="214580695" /><TRACK Key="85433557" /><TRACK Key="248895554" /><TRACK Key="224447040" /><TRACK Key="59926343" /><TRACK Key="74610021" /><TRACK Key="159876873" /><TRACK Key="58536591" /><TRACK Key="126860879" /><TRACK Key="237824637" /><TRACK Key="120508062" /><TRACK Key="232007902" /><TRACK Key="232509550" /><TRACK Key="183012304" /><TRACK Key="16383127" /><TRACK Key="67253099" /><TRACK Key="46863007" /><TRACK Key="184504362" /><TRACK Key="222948949" /><TRACK Key="19630403" /><TRACK Key="94269602" /><TRACK Key="266436194" /><TRACK Key="247912606" /><TRACK Key="263151526" /><TRACK Key="156671584" /><TRACK Key="256771534" /><TRACK Key="135147255" /><TRACK Key="258151198" /><TRACK Key="133115223" /><TRACK Key="11124416" /><TRACK Key="210357605" /><TRACK Key="100021333" /><TRACK Key="48183294" /><TRACK Key="21462281" /><TRACK Key="128106555" /><TRACK Key="161675759" /><TRACK Key="40056360" /><TRACK Key="217462040" /><TRACK Key="84261125" /><TRACK Key="264921274" /><TRACK Key="154765363" /><TRACK Key="255317931" /><TRACK Key="39375485" /><TRACK Key="56478123" /><TRACK Key="210885778" /><TRACK Key="147834745" /><TRACK Key="224972453" /><TRACK Key="35928044" /><TRACK Key="16118824" /><TRACK Key="58768604" /><TRACK Key="193388079" /><TRACK Key="116256322" /><TRACK Key="234325747" /><TRACK Key="204091958" /><TRACK Key="71209669" /><TRACK Key="40606755" /><TRACK Key="138671228" /><TRACK Key="207815369" /><TRACK Key="252531532" /><TRACK Key="148897246" /><TRACK Key="186449121" /><TRACK Key="164756820" /><TRACK Key="232479749" /><TRACK Key="93282099" /><TRACK Key="34444751" /><TRACK Key="131848115" /><TRACK Key="4508751" /><TRACK Key="27894669" /><TRACK Key="2671178" /><TRACK Key="15218699" /><TRACK Key="46713623" /><TRACK Key="155819505" /><TRACK Key="174650293" /><TRACK Key="152020253" /><TRACK Key="26939622" /><TRACK Key="161157345" /><TRACK Key="226358991" /><TRACK Key="232802684" /><TRACK Key="45261979" /><TRACK Key="181978755" /><TRACK Key="193644906" /><TRACK Key="94642584" /><TRACK Key="169726461" /><TRACK Key="173308168" /><TRACK Key="138001306" /><TRACK Key="188904303" /><TRACK Key="55335868" /><TRACK Key="90776001" /><TRACK Key="215496525" /><TRACK Key="108661626" /><TRACK Key="136366408" /><TRACK Key="226341639" /><TRACK Key="131374230" /><TRACK Key="99235002" /><TRACK Key="171408763" /><TRACK Key="19745714" /><TRACK Key="252675812" /><TRACK Key="66949427" /><TRACK Key="198260124" /><TRACK Key="178540236" /><TRACK Key="234315760" /><TRACK Key="225160505" /><TRACK Key="64111098" /><TRACK Key="239683714" /><TRACK Key="216686533" /><TRACK Key="22875214" /><TRACK Key="209027686" /><TRACK Key="225349099" /><TRACK Key="174309171" /><TRACK Key="130145811" /><TRACK Key="50970892" /><TRACK Key="77497671" /><TRACK Key="204561805" /><TRACK Key="84374769" /><TRACK Key="87108158" /><TRACK Key="81011345" /><TRACK Key="49516391" /><TRACK Key="160852401" /><TRACK Key="122832991" /><TRACK Key="188920585" /><TRACK Key="47097731" /><TRACK Key="134165054" /><TRACK Key="137398199" /><TRACK Key="146249216" /><TRACK Key="250848451" /><TRACK Key="108302387" /><TRACK Key="229037584" /><TRACK Key="240714921" /><TRACK Key="197974945" /><TRACK Key="22101744" /><TRACK Key="185805886" /><TRACK Key="180068392" /><TRACK Key="98624305" /><TRACK Key="103581545" /><TRACK Key="143987089" /><TRACK Key="143484651" /><TRACK Key="172287554" /><TRACK Key="112345625" /><TRACK Key="203840271" /><TRACK Key="57573074" /><TRACK Key="185991426" /><TRACK Key="103078802" /><TRACK Key="200319964" /><TRACK Key="172038353" /><TRACK Key="59095797" /><TRACK Key="104407001" /><TRACK Key="139793389" /><TRACK Key="252655701" /><TRACK Key="102952913" /><TRACK Key="245908007" /><TRACK Key="268254140" /><TRACK Key="136062054" /><TRACK Key="17031092" /><TRACK Key="52496903" /><TRACK Key="235502456" /><TRACK Key="84808669" /><TRACK Key="108545339" /><TRACK Key="125116382" /><TRACK Key="39035998" /><TRACK Key="175107269" /><TRACK Key="176095842" /><TRACK Key="490447" /><TRACK Key="177016868" /><TRACK Key="151941124" /><TRACK Key="44677945" /><TRACK Key="51509173" /><TRACK Key="38499271" /><TRACK Key="205891591" /><TRACK Key="189667249" /><TRACK Key="171990672" /><TRACK Key="232200424" /><TRACK Key="46032801" /><TRACK Key="82041619" /><TRACK Key="94353107" /><TRACK Key="172643708" /><TRACK Key="86022542" /><TRACK Key="62743047" /><TRACK Key="40105205" /><TRACK Key="24131158" /><TRACK Key="63050717" /><TRACK Key="18615586" /><TRACK Key="236424077" /><TRACK Key="13849387" /><TRACK Key="83358626" /><TRACK Key="46925865" /><TRACK Key="247067772" /><TRACK Key="167340853" /><TRACK Key="185870722" /><TRACK Key="143554119" /><TRACK Key="221289960" /><TRACK Key="243344265" /><TRACK Key="51503859" /><TRACK Key="149004004" /><TRACK Key="52522253" /><TRACK Key="236064795" /><TRACK Key="43696167" /><TRACK Key="155168188" /><TRACK Key="185018692" /><TRACK Key="78080145" /><TRACK Key="180766783" /><TRACK Key="87418282" /><TRACK Key="107470093" /><TRACK Key="53810479" /><TRACK Key="182313186" /><TRACK Key="141545870" /><TRACK Key="199394196" /><TRACK Key="44438630" /><TRACK Key="216639923" /><TRACK Key="177631854" /><TRACK Key="157847989" /><TRACK Key="59537389" /><TRACK Key="235064335" /><TRACK Key="40397557" /><TRACK Key="204712688" /><TRACK Key="106830094" /><TRACK Key="135204625" /><TRACK Key="201121205" /><TRACK Key="161044353" /><TRACK Key="9155272" /><TRACK Key="90913812" /><TRACK Key="33859411" /><TRACK Key="86913618" /><TRACK Key="33279251" /><TRACK Key="135554983" /><TRACK Key="71522830" /><TRACK Key="227658036" /><TRACK Key="250635503" /><TRACK Key="129685055" /><TRACK Key="59110061" /><TRACK Key="226038262" /><TRACK Key="260543397" /><TRACK Key="76748165" /><TRACK Key="11099" /><TRACK Key="239131338" /><TRACK Key="78488708" /><TRACK Key="3291433" /><TRACK Key="86684142" /><TRACK Key="26597938" /><TRACK Key="26170003" /><TRACK Key="232314306" /><TRACK Key="73656477" /><TRACK Key="226409800" /><TRACK Key="44949022" /><TRACK Key="187400038" /><TRACK Key="246747546" /><TRACK Key="180045153" /><TRACK Key="249349418" /><TRACK Key="112713465" /><TRACK Key="189562107" /><TRACK Key="4998614" /><TRACK Key="51271251" /><TRACK Key="128557275" /><TRACK Key="167955623" /><TRACK Key="219552031" /><TRACK Key="250670098" /><TRACK Key="190161243" /><TRACK Key="189031179" /><TRACK Key="169640066" /><TRACK Key="121105520" /><TRACK Key="126542209" /><TRACK Key="69843038" /><TRACK Key="228774062" /><TRACK Key="28276285" /><TRACK Key="226380001" /><TRACK Key="136779678" /><TRACK Key="187415166" /><TRACK Key="179304053" /><TRACK Key="107759125" /><TRACK Key="101491028" /><TRACK Key="36886376" /><TRACK Key="252202341" /><TRACK Key="156625959" /><TRACK Key="88964017" /><TRACK Key="58954069" /><TRACK Key="13712651" /><TRACK Key="148438972" /><TRACK Key="179955812" /><TRACK Key="52430703" /><TRACK Key="135873918" /><TRACK Key="163964006" /><TRACK Key="49371826" /><TRACK Key="115473712" /><TRACK Key="64810362" /><TRACK Key="4811865" /><TRACK Key="10340070" /><TRACK Key="173004808" /><TRACK Key="34258567" /><TRACK Key="141981355" /><TRACK Key="204064913" /><TRACK Key="88950418" /><TRACK Key="215421356" /><TRACK Key="202811863" /><TRACK Key="39633334" /><TRACK Key="100657084" /><TRACK Key="249002560" /><TRACK Key="163842506" /><TRACK Key="481377" /><TRACK Key="230174135" /><TRACK Key="227389920" /><TRACK Key="94666222" /><TRACK Key="98503163" /><TRACK Key="233012899" /><TRACK Key="87819596" /><TRACK Key="70521060" /><TRACK Key="392005" /><TRACK Key="213970971" /><TRACK Key="152124754" /><TRACK Key="225935589" /><TRACK Key="152004463" /><TRACK Key="2131532" /><TRACK Key="210271335" /><TRACK Key="265298305" /><TRACK Key="90345462" /><TRACK Key="45149251" /><TRACK Key="212228114" /><TRACK Key="25151480" /><TRACK Key="180627025" /><TRACK Key="85028755" /><TRACK Key="169972165" /><TRACK Key="263945025" /><TRACK Key="93428966" /><TRACK Key="211614356" /><TRACK Key="229868210" /><TRACK Key="204880493" /><TRACK Key="192748075" /><TRACK Key="207706444" /><TRACK Key="21269500" /><TRACK Key="69780038" /><TRACK Key="7690467" /><TRACK Key="28849204" /><TRACK Key="39983483" /><TRACK Key="124967281" /><TRACK Key="223135469" /><TRACK Key="134641362" /><TRACK Key="20370710" /><TRACK Key="232394280" /><TRACK Key="219306834" /><TRACK Key="83057206" /><TRACK Key="224412165" /><TRACK Key="71867545" /><TRACK Key="44513976" /><TRACK Key="44620503" /><TRACK Key="239345053" /><TRACK Key="232173883" /><TRACK Key="106024608" /><TRACK Key="157045339" /><TRACK Key="204977456" /><TRACK Key="71148270" /><TRACK Key="23176580" /><TRACK Key="105208612" /><TRACK Key="210700370" /><TRACK Key="242969489" /><TRACK Key="12744056" /><TRACK Key="36325067" /><TRACK Key="124797448" /><TRACK Key="262615044" /><TRACK Key="216537599" /><TRACK Key="187950726" /><TRACK Key="114119588" /><TRACK Key="116866480" /><TRACK Key="166424901" /><TRACK Key="225999159" /><TRACK Key="217254935" /><TRACK Key="81998535" /><TRACK Key="91997184" /><TRACK Key="78799599" /><TRACK Key="142802802" /><TRACK Key="5423429" /><TRACK Key="118537333" /><TRACK Key="168781825" /><TRACK Key="89193766" /><TRACK Key="43986340" /><TRACK Key="203827175" /><TRACK Key="109179209" /><TRACK Key="86556347" /><TRACK Key="115811890" /><TRACK Key="168413476" /><TRACK Key="151006948" /><TRACK Key="251952090" /><TRACK Key="72449027" /><TRACK Key="16037176" /><TRACK Key="105649889" /><TRACK Key="86872022" /><TRACK Key="196752452" /><TRACK Key="238265240" /><TRACK Key="4469858" /><TRACK Key="245402184" /><TRACK Key="135745670" /><TRACK Key="3679843" /><TRACK Key="139442460" /><TRACK Key="255235706" /><TRACK Key="97016495" /><TRACK Key="75223245" /><TRACK Key="55922049" /><TRACK Key="91198348" /><TRACK Key="135688459" /><TRACK Key="52964514" /><TRACK Key="73084843" /><TRACK Key="242044726" /><TRACK Key="203100332" /><TRACK Key="194669619" /><TRACK Key="30818748" /><TRACK Key="173015237" /><TRACK Key="30263109" /><TRACK Key="97318597" /><TRACK Key="20881482" /><TRACK Key="88730849" /><TRACK Key="9805675" /><TRACK Key="140032661" /><TRACK Key="240678523" /><TRACK Key="98322252" /><TRACK Key="45415212" /><TRACK Key="3404438" /><TRACK Key="160113868" /><TRACK Key="117998051" /><TRACK Key="35029677" /><TRACK Key="119296926" /><TRACK Key="7682029" /><TRACK Key="122114416" /><TRACK Key="166236040" /><TRACK Key="158743564" /><TRACK Key="171957555" /><TRACK Key="52417228" /><TRACK Key="219445131" /><TRACK Key="61683642" /><TRACK Key="233476577" /><TRACK Key="207928153" /><TRACK Key="134499680" /><TRACK Key="53902721" /><TRACK Key="249549990" /><TRACK Key="259693620" /><TRACK Key="111914095" /><TRACK Key="23070369" /><TRACK Key="210865128" /><TRACK Key="215914681" /><TRACK Key="21099469" /><TRACK Key="82039816" /><TRACK Key="94618988" /><TRACK Key="258650084" /><TRACK Key="42675867" /><TRACK Key="92222450" /><TRACK Key="146291843" /><TRACK Key="100197356" /><TRACK Key="235492833" /><TRACK Key="231560436" /><TRACK Key="205654213" /><TRACK Key="213168664" /><TRACK Key="23640248" /><TRACK Key="248372963" /><TRACK Key="144137425" /><TRACK Key="128855065" /><TRACK Key="264115984" /><TRACK Key="116205012" /><TRACK Key="219896129" /><TRACK Key="184662169" /><TRACK Key="98561223" /><TRACK Key="228797563" /><TRACK Key="262294995" /><TRACK Key="57296530" /><TRACK Key="106575759" /><TRACK Key="218761366" /><TRACK Key="95252772" /><TRACK Key="85967232" /><TRACK Key="201926132" /><TRACK Key="63476760" /><TRACK Key="163029257" /><TRACK Key="41058755" /><TRACK Key="241255602" /><TRACK Key="105355486" /><TRACK Key="36903573" /><TRACK Key="41152285" /><TRACK Key="200426940" /><TRACK Key="243625451" /><TRACK Key="108169861" /><TRACK Key="155196123" /><TRACK Key="246070652" /><TRACK Key="161606829" /><TRACK Key="88742949" /><TRACK Key="32062016" /><TRACK Key="99841926" /><TRACK Key="116256612" /><TRACK Key="126602521" /><TRACK Key="247709432" /><TRACK Key="231261358" /><TRACK Key="259114372" /><TRACK Key="137168044" /><TRACK Key="134135673" /><TRACK Key="122683882" /><TRACK Key="99195448" /><TRACK Key="258173799" /><TRACK Key="135829130" /><TRACK Key="60048695" /><TRACK Key="49221584" /><TRACK Key="60261278" /><TRACK Key="30967348" /><TRACK Key="220364290" /><TRACK Key="21128462" /><TRACK Key="231776909" /><TRACK Key="233464304" /><TRACK Key="252101182" /><TRACK Key="12532510" /><TRACK Key="63128191" /><TRACK Key="194295212" /><TRACK Key="251734333" /><TRACK Key="93033958" /><TRACK Key="15331913" /><TRACK Key="72999258" /><TRACK Key="25314877" /><TRACK Key="50213531" /><TRACK Key="255161005" /><TRACK Key="206073951" /><TRACK Key="166109876" /><TRACK Key="51783091" /><TRACK Key="6522834" /><TRACK Key="42345377" /><TRACK Key="3718955" /><TRACK Key="142686258" /><TRACK Key="195733708" /><TRACK Key="27350389" /><TRACK Key="31819385" /><TRACK Key="23613409" /><TRACK Key="1657674" /><TRACK Key="153919834" /><TRACK Key="19634900" /><TRACK Key="167258766" /><TRACK Key="3480863" /></NODE>
                <NODE Name="played" Type="1" KeyType="0" Entries="0" />
            </NODE>
        </NODE>
    </PLAYLISTS>
</DJ_PLAYLISTS>